## SLURM PROLOG ###############################################################
##    Job ID : 5955275
##  Job Name : etgent_N(1,3)_seed1240
##  Nodelist : node1746
##      CPUs : 8
##  Mem/Node : 2048 MB
## Directory : /oscar/home/trazzaz/AFQMC
##   Job Started : Mon Nov 11 10:04:53 PM EST 2024
###############################################################################
U = 2.0
seed = 1240
λₖ = 0.0
Warming up
128/512
256/512
384/512
512/512
Measuring
128/1024
256/1024
384/1024
512/1024
640/1024
768/1024
896/1024
1024/1024
119.449613 seconds (80.56 M allocations: 16.970 GiB, 3.06% gc time, 8.85% compilation time)
λₖ = 0.2
Warming up
128/512
256/512
384/512
512/512
Measuring
128/1024
256/1024
384/1024
512/1024
640/1024
768/1024
896/1024
1024/1024
108.917690 seconds (76.83 M allocations: 16.806 GiB, 3.12% gc time, 0.09% compilation time)
λₖ = 0.4
Warming up
128/512
256/512
384/512
512/512
Measuring
128/1024
256/1024
384/1024
512/1024
640/1024
768/1024
896/1024
1024/1024
108.224250 seconds (76.82 M allocations: 16.805 GiB, 2.90% gc time)
λₖ = 0.6
Warming up
128/512
256/512
384/512
512/512
Measuring
128/1024
256/1024
384/1024
512/1024
640/1024
768/1024
896/1024
1024/1024
114.975728 seconds (76.82 M allocations: 16.805 GiB, 2.52% gc time)
λₖ = 0.8
Warming up
128/512
256/512
384/512
512/512
Measuring
128/1024
256/1024
384/1024
512/1024
640/1024
768/1024
896/1024
1024/1024
111.267356 seconds (76.82 M allocations: 16.805 GiB, 2.57% gc time)
