## SLURM PROLOG ###############################################################
##    Job ID : 5898739
##  Job Name : etgent_2x2_seed1253
##  Nodelist : node1752
##      CPUs : 8
##  Mem/Node : 2048 MB
## Directory : /oscar/home/trazzaz/AFQMC
##   Job Started : Sun Nov 10 08:56:18 PM EST 2024
###############################################################################
U = 2.0
seed = 1253
λₖ = 0.0
Warming up
128/512
256/512
384/512
512/512
Measuring
128/1024
256/1024
384/1024
512/1024
640/1024
768/1024
896/1024
1024/1024
299.061891 seconds (210.26 M allocations: 1.099 TiB, 17.52% gc time, 2.71% compilation time)
λₖ = 0.2
Warming up
128/512
256/512
384/512
512/512
Measuring
128/1024
256/1024
384/1024
512/1024
640/1024
768/1024
896/1024
1024/1024
311.017630 seconds (208.41 M allocations: 1.099 TiB, 17.30% gc time, 0.03% compilation time)
λₖ = 0.4
Warming up
128/512
256/512
384/512
512/512
Measuring
128/1024
256/1024
384/1024
512/1024
640/1024
768/1024
896/1024
1024/1024
288.089226 seconds (208.41 M allocations: 1.099 TiB, 17.88% gc time)
λₖ = 0.6
Warming up
128/512
256/512
384/512
512/512
Measuring
128/1024
256/1024
384/1024
512/1024
640/1024
768/1024
896/1024
1024/1024
262.031850 seconds (208.41 M allocations: 1.099 TiB, 18.28% gc time)
λₖ = 0.8
Warming up
128/512
256/512
384/512
512/512
Measuring
128/1024
256/1024
384/1024
512/1024
640/1024
768/1024
896/1024
1024/1024
220.604346 seconds (208.41 M allocations: 1.099 TiB, 19.04% gc time)
