## SLURM PROLOG ###############################################################
##    Job ID : 8822264
##  Job Name : sbatch_etgent.sh
##  Nodelist : node1705
##      CPUs : 8
##  Mem/Node : 4096 MB
## Directory : /oscar/home/trazzaz/AFQMC
##   Job Started : Thu Feb 27 06:11:42 PM EST 2025
###############################################################################
seed = 1259
U = 2.0
β = 6.0
Warming up
128/1024
256/1024
384/1024
512/1024
640/1024
768/1024
896/1024
1024/1024
Measuring
128/16384
mean(sgnprob[1:i - 1]) = 0.3228346456692913
256/16384
mean(sgnprob[1:i - 1]) = 0.07450980392156863
384/16384
mean(sgnprob[1:i - 1]) = -0.018276762402088774
512/16384
mean(sgnprob[1:i - 1]) = -0.07632093933463796
640/16384
mean(sgnprob[1:i - 1]) = -0.09546165884194054
768/16384
mean(sgnprob[1:i - 1]) = -0.061277705345501955
896/16384
mean(sgnprob[1:i - 1]) = -0.030167597765363128
1024/16384
mean(sgnprob[1:i - 1]) = -0.006842619745845552
1152/16384
mean(sgnprob[1:i - 1]) = -0.028670721112076455
1280/16384
mean(sgnprob[1:i - 1]) = -0.00547302580140735
1408/16384
mean(sgnprob[1:i - 1]) = 0.02061122956645345
1536/16384
mean(sgnprob[1:i - 1]) = 0.038436482084690554
1664/16384
mean(sgnprob[1:i - 1]) = 0.057125676488274206
1792/16384
mean(sgnprob[1:i - 1]) = 0.030709101060859854
1920/16384
mean(sgnprob[1:i - 1]) = 0.009900990099009901
2048/16384
mean(sgnprob[1:i - 1]) = -0.014167073766487542
2176/16384
mean(sgnprob[1:i - 1]) = 0.005057471264367816
2304/16384
mean(sgnprob[1:i - 1]) = 0.02214502822405558
2432/16384
mean(sgnprob[1:i - 1]) = 0.03414232825997532
2560/16384
mean(sgnprob[1:i - 1]) = 0.04962876123485736
2688/16384
mean(sgnprob[1:i - 1]) = 0.06363974692966133
2816/16384
mean(sgnprob[1:i - 1]) = 0.0699822380106572
2944/16384
mean(sgnprob[1:i - 1]) = 0.0764525993883792
3072/16384
mean(sgnprob[1:i - 1]) = 0.0823835884076848
3200/16384
mean(sgnprob[1:i - 1]) = 0.08783994998437011
3328/16384
mean(sgnprob[1:i - 1]) = 0.08145476405169823
3456/16384
mean(sgnprob[1:i - 1]) = 0.0703328509406657
3584/16384
mean(sgnprob[1:i - 1]) = 0.07396036840636339
3712/16384
mean(sgnprob[1:i - 1]) = 0.07518189167340339
3840/16384
mean(sgnprob[1:i - 1]) = 0.06433967178952853
3968/16384
mean(sgnprob[1:i - 1]) = 0.06831358709352155
4096/16384
mean(sgnprob[1:i - 1]) = 0.06275946275946276
4224/16384
mean(sgnprob[1:i - 1]) = 0.050911674165285345
4352/16384
mean(sgnprob[1:i - 1]) = 0.05768788784187543
4480/16384
mean(sgnprob[1:i - 1]) = 0.048001786112971644
4608/16384
mean(sgnprob[1:i - 1]) = 0.05491643151725635
4736/16384
mean(sgnprob[1:i - 1]) = 0.0631467793030623
4864/16384
mean(sgnprob[1:i - 1]) = 0.05243676742751388
4992/16384
mean(sgnprob[1:i - 1]) = 0.05710278501302344
5120/16384
mean(sgnprob[1:i - 1]) = 0.06231685876147685
5248/16384
mean(sgnprob[1:i - 1]) = 0.05393558223746903
5376/16384
mean(sgnprob[1:i - 1]) = 0.05562790697674418
5504/16384
mean(sgnprob[1:i - 1]) = 0.061239324005088136
5632/16384
mean(sgnprob[1:i - 1]) = 0.06481974782454271
5760/16384
mean(sgnprob[1:i - 1]) = 0.057475256120854315
5888/16384
mean(sgnprob[1:i - 1]) = 0.0538474605062001
6016/16384
mean(sgnprob[1:i - 1]) = 0.056359102244389024
6144/16384
mean(sgnprob[1:i - 1]) = 0.058766075207553316
6272/16384
mean(sgnprob[1:i - 1]) = 0.060755860309360546
6400/16384
mean(sgnprob[1:i - 1]) = 0.053289576496327554
6528/16384
mean(sgnprob[1:i - 1]) = 0.052244522751647
6656/16384
mean(sgnprob[1:i - 1]) = 0.04522915101427498
6784/16384
mean(sgnprob[1:i - 1]) = 0.04820875718708536
6912/16384
mean(sgnprob[1:i - 1]) = 0.04210678628273767
7040/16384
mean(sgnprob[1:i - 1]) = 0.0362267367523796
7168/16384
mean(sgnprob[1:i - 1]) = 0.0375331379935817
7296/16384
mean(sgnprob[1:i - 1]) = 0.03961617546264565
7424/16384
mean(sgnprob[1:i - 1]) = 0.04216624006466388
7552/16384
mean(sgnprob[1:i - 1]) = 0.047278506158124754
7680/16384
mean(sgnprob[1:i - 1]) = 0.04883448365672614
7808/16384
mean(sgnprob[1:i - 1]) = 0.045472012296656844
7936/16384
mean(sgnprob[1:i - 1]) = 0.04877126654064272
8064/16384
mean(sgnprob[1:i - 1]) = 0.04477241721443631
8192/16384
mean(sgnprob[1:i - 1]) = 0.047735319252838485
8320/16384
mean(sgnprob[1:i - 1]) = 0.0429138117562207
8448/16384
mean(sgnprob[1:i - 1]) = 0.04534154137563632
8576/16384
mean(sgnprob[1:i - 1]) = 0.04256559766763848
8704/16384
mean(sgnprob[1:i - 1]) = 0.038262668045501554
8832/16384
mean(sgnprob[1:i - 1]) = 0.03499037481598913
8960/16384
mean(sgnprob[1:i - 1]) = 0.033597499720950996
9088/16384
mean(sgnprob[1:i - 1]) = 0.02828216132937163
9216/16384
mean(sgnprob[1:i - 1]) = 0.02940857297883885
9344/16384
mean(sgnprob[1:i - 1]) = 0.024724392593385422
9472/16384
mean(sgnprob[1:i - 1]) = 0.027980149931369443
9600/16384
mean(sgnprob[1:i - 1]) = 0.025106781956453796
9728/16384
mean(sgnprob[1:i - 1]) = 0.026626914773311403
9856/16384
mean(sgnprob[1:i - 1]) = 0.028310502283105023
9984/16384
mean(sgnprob[1:i - 1]) = 0.029950916558148855
10112/16384
mean(sgnprob[1:i - 1]) = 0.031549797250519235
10240/16384
mean(sgnprob[1:i - 1]) = 0.03213204414493603
10368/16384
mean(sgnprob[1:i - 1]) = 0.03617247033857432
10496/16384
mean(sgnprob[1:i - 1]) = 0.037446403049070986
10624/16384
mean(sgnprob[1:i - 1]) = 0.03906617716276005
10752/16384
mean(sgnprob[1:i - 1]) = 0.04008929401916101
10880/16384
mean(sgnprob[1:i - 1]) = 0.04274289916352606
11008/16384
mean(sgnprob[1:i - 1]) = 0.03933860270736804
11136/16384
mean(sgnprob[1:i - 1]) = 0.041400987876066456
11264/16384
mean(sgnprob[1:i - 1]) = 0.044126786824114354
11392/16384
mean(sgnprob[1:i - 1]) = 0.04573786322535335
11520/16384
mean(sgnprob[1:i - 1]) = 0.04314610643285007
11648/16384
mean(sgnprob[1:i - 1]) = 0.03923757190692882
11776/16384
mean(sgnprob[1:i - 1]) = 0.03830148619957537
11904/16384
mean(sgnprob[1:i - 1]) = 0.03503318491136688
12032/16384
mean(sgnprob[1:i - 1]) = 0.03682154434377857
12160/16384
mean(sgnprob[1:i - 1]) = 0.032979685829426765
12288/16384
mean(sgnprob[1:i - 1]) = 0.036542687393179785
12416/16384
mean(sgnprob[1:i - 1]) = 0.04035440998791784
12544/16384
mean(sgnprob[1:i - 1]) = 0.0424938212548832
12672/16384
mean(sgnprob[1:i - 1]) = 0.0406439902138742
12800/16384
mean(sgnprob[1:i - 1]) = 0.03867489647628721
12928/16384
mean(sgnprob[1:i - 1]) = 0.04014852634021815
13056/16384
mean(sgnprob[1:i - 1]) = 0.036997319034852545
13184/16384
mean(sgnprob[1:i - 1]) = 0.03845862095122506
13312/16384
mean(sgnprob[1:i - 1]) = 0.04109383216888288
13440/16384
mean(sgnprob[1:i - 1]) = 0.04308356276508669
13568/16384
mean(sgnprob[1:i - 1]) = 0.04400383282966021
13696/16384
mean(sgnprob[1:i - 1]) = 0.045198977729098214
13824/16384
mean(sgnprob[1:i - 1]) = 0.046516675106706214
13952/16384
mean(sgnprob[1:i - 1]) = 0.04781019281771916
14080/16384
mean(sgnprob[1:i - 1]) = 0.045670857305206335
14208/16384
mean(sgnprob[1:i - 1]) = 0.04272541704793412
14336/16384
mean(sgnprob[1:i - 1]) = 0.04346006278339728
14464/16384
mean(sgnprob[1:i - 1]) = 0.04611767959621102
14592/16384
mean(sgnprob[1:i - 1]) = 0.0432458364745391
14720/16384
mean(sgnprob[1:i - 1]) = 0.04436442693117739
14848/16384
mean(sgnprob[1:i - 1]) = 0.04613726678790328
14976/16384
mean(sgnprob[1:i - 1]) = 0.04320534223706177
15104/16384
mean(sgnprob[1:i - 1]) = 0.04257432298218897
15232/16384
mean(sgnprob[1:i - 1]) = 0.04392357691550128
15360/16384
mean(sgnprob[1:i - 1]) = 0.04121362067842958
15488/16384
mean(sgnprob[1:i - 1]) = 0.04384322334861497
15616/16384
mean(sgnprob[1:i - 1]) = 0.045405059237912264
15744/16384
mean(sgnprob[1:i - 1]) = 0.04668741662961316
15872/16384
mean(sgnprob[1:i - 1]) = 0.04794908953437087
16000/16384
mean(sgnprob[1:i - 1]) = 0.045690355647227954
16128/16384
mean(sgnprob[1:i - 1]) = 0.04321944565015192
16256/16384
mean(sgnprob[1:i - 1]) = 0.04091048908028299
16384/16384
mean(sgnprob[1:i - 1]) = 0.040835011902581944
732.630523 seconds (167.11 M allocations: 70.745 GiB, 1.36% gc time, 1.22% compilation time)
