## SLURM PROLOG ###############################################################
##    Job ID : 7671078
##  Job Name : sbatch_etgent.sh
##  Nodelist : node1702
##      CPUs : 8
##  Mem/Node : 4096 MB
## Directory : /oscar/home/trazzaz/AFQMC
##   Job Started : Sun Jan 19 02:01:35 AM EST 2025
###############################################################################
seed = 1245
U = 2.0
β = 6.0
Warming up
128/1024
256/1024
384/1024
512/1024
640/1024
768/1024
896/1024
1024/1024
Measuring
128/16384
mean(sgnprob[1:i - 1]) = 0.13385826771653545
256/16384
mean(sgnprob[1:i - 1]) = 0.027450980392156862
384/16384
mean(sgnprob[1:i - 1]) = 0.09660574412532637
512/16384
mean(sgnprob[1:i - 1]) = 0.08414872798434442
640/16384
mean(sgnprob[1:i - 1]) = 0.10172143974960876
768/16384
mean(sgnprob[1:i - 1]) = 0.05084745762711865
896/16384
mean(sgnprob[1:i - 1]) = 0.061452513966480445
1024/16384
mean(sgnprob[1:i - 1]) = 0.07135874877810362
1152/16384
mean(sgnprob[1:i - 1]) = 0.0842745438748914
1280/16384
mean(sgnprob[1:i - 1]) = 0.10242376856919469
1408/16384
mean(sgnprob[1:i - 1]) = 0.12153518123667377
1536/16384
mean(sgnprob[1:i - 1]) = 0.09706840390879479
1664/16384
mean(sgnprob[1:i - 1]) = 0.11124473842453397
1792/16384
mean(sgnprob[1:i - 1]) = 0.1111111111111111
1920/16384
mean(sgnprob[1:i - 1]) = 0.0891089108910891
2048/16384
mean(sgnprob[1:i - 1]) = 0.09623839765510503
2176/16384
mean(sgnprob[1:i - 1]) = 0.10160919540229885
2304/16384
mean(sgnprob[1:i - 1]) = 0.10898827616152844
2432/16384
mean(sgnprob[1:i - 1]) = 0.11312217194570136
2560/16384
mean(sgnprob[1:i - 1]) = 0.12231340367330988
2688/16384
mean(sgnprob[1:i - 1]) = 0.13286192780052103
2816/16384
mean(sgnprob[1:i - 1]) = 0.13321492007104796
2944/16384
mean(sgnprob[1:i - 1]) = 0.14509004417261298
3072/16384
mean(sgnprob[1:i - 1]) = 0.126668837512211
3200/16384
mean(sgnprob[1:i - 1]) = 0.1278524538918412
3328/16384
mean(sgnprob[1:i - 1]) = 0.1337541328524196
3456/16384
mean(sgnprob[1:i - 1]) = 0.12243125904486252
3584/16384
mean(sgnprob[1:i - 1]) = 0.12698855707507675
3712/16384
mean(sgnprob[1:i - 1]) = 0.1333872271624899
3840/16384
mean(sgnprob[1:i - 1]) = 0.13519145610836156
3968/16384
mean(sgnprob[1:i - 1]) = 0.12377111167128813
4096/16384
mean(sgnprob[1:i - 1]) = 0.1282051282051282
4224/16384
mean(sgnprob[1:i - 1]) = 0.1328439497987213
4352/16384
mean(sgnprob[1:i - 1]) = 0.11928292346586991
4480/16384
mean(sgnprob[1:i - 1]) = 0.11051574012056263
4608/16384
mean(sgnprob[1:i - 1]) = 0.10136748426307793
4736/16384
mean(sgnprob[1:i - 1]) = 0.09820485744456177
4864/16384
mean(sgnprob[1:i - 1]) = 0.09150730002056344
4992/16384
mean(sgnprob[1:i - 1]) = 0.09396914446002805
5120/16384
mean(sgnprob[1:i - 1]) = 0.09865208048446962
5248/16384
mean(sgnprob[1:i - 1]) = 0.0989136649514008
5376/16384
mean(sgnprob[1:i - 1]) = 0.10437209302325581
5504/16384
mean(sgnprob[1:i - 1]) = 0.09249500272578594
5632/16384
mean(sgnprob[1:i - 1]) = 0.09465459065885277
5760/16384
mean(sgnprob[1:i - 1]) = 0.08525785726688662
5888/16384
mean(sgnprob[1:i - 1]) = 0.07660947851197554
6016/16384
mean(sgnprob[1:i - 1]) = 0.0799667497921862
6144/16384
mean(sgnprob[1:i - 1]) = 0.0815562428780726
6272/16384
mean(sgnprob[1:i - 1]) = 0.08722691755700845
6400/16384
mean(sgnprob[1:i - 1]) = 0.09048288795124239
6528/16384
mean(sgnprob[1:i - 1]) = 0.0920790562279761
6656/16384
mean(sgnprob[1:i - 1]) = 0.08459804658151765
6784/16384
mean(sgnprob[1:i - 1]) = 0.08830900781365178
6912/16384
mean(sgnprob[1:i - 1]) = 0.09188250614961656
7040/16384
mean(sgnprob[1:i - 1]) = 0.08623384003409575
7168/16384
mean(sgnprob[1:i - 1]) = 0.09167015487651738
7296/16384
mean(sgnprob[1:i - 1]) = 0.08649760109664154
7424/16384
mean(sgnprob[1:i - 1]) = 0.0820423009564866
7552/16384
mean(sgnprob[1:i - 1]) = 0.08224076281287247
7680/16384
mean(sgnprob[1:i - 1]) = 0.0790467508790207
7808/16384
mean(sgnprob[1:i - 1]) = 0.07365185090303573
7936/16384
mean(sgnprob[1:i - 1]) = 0.0764965343415249
8064/16384
mean(sgnprob[1:i - 1]) = 0.07999503906734466
8192/16384
mean(sgnprob[1:i - 1]) = 0.08240752044927359
8320/16384
mean(sgnprob[1:i - 1]) = 0.08450534920062508
8448/16384
mean(sgnprob[1:i - 1]) = 0.07896294542441103
8576/16384
mean(sgnprob[1:i - 1]) = 0.08058309037900875
8704/16384
mean(sgnprob[1:i - 1]) = 0.08376421923474664
8832/16384
mean(sgnprob[1:i - 1]) = 0.07915298380704337
8960/16384
mean(sgnprob[1:i - 1]) = 0.07489675186962831
9088/16384
mean(sgnprob[1:i - 1]) = 0.07670298228238143
9216/16384
mean(sgnprob[1:i - 1]) = 0.07194791101465002
9344/16384
mean(sgnprob[1:i - 1]) = 0.07502943380070641
9472/16384
mean(sgnprob[1:i - 1]) = 0.0693696547355084
9600/16384
mean(sgnprob[1:i - 1]) = 0.07177831024065007
9728/16384
mean(sgnprob[1:i - 1]) = 0.07247866762619512
9856/16384
mean(sgnprob[1:i - 1]) = 0.07437848807711821
9984/16384
mean(sgnprob[1:i - 1]) = 0.07562856856656315
10112/16384
mean(sgnprob[1:i - 1]) = 0.07902284640490555
10240/16384
mean(sgnprob[1:i - 1]) = 0.07647231174919426
10368/16384
mean(sgnprob[1:i - 1]) = 0.07321307996527443
10496/16384
mean(sgnprob[1:i - 1]) = 0.07632205812291568
10624/16384
mean(sgnprob[1:i - 1]) = 0.07916784335874988
10752/16384
mean(sgnprob[1:i - 1]) = 0.07636498930332063
10880/16384
mean(sgnprob[1:i - 1]) = 0.07804026105340564
11008/16384
mean(sgnprob[1:i - 1]) = 0.07458889797401654
11136/16384
mean(sgnprob[1:i - 1]) = 0.07462954647507858
11264/16384
mean(sgnprob[1:i - 1]) = 0.07076267424309686
11392/16384
mean(sgnprob[1:i - 1]) = 0.07154771310683873
11520/16384
mean(sgnprob[1:i - 1]) = 0.0730098098793298
11648/16384
mean(sgnprob[1:i - 1]) = 0.07598523224864773
11776/16384
mean(sgnprob[1:i - 1]) = 0.07838641188959661
11904/16384
mean(sgnprob[1:i - 1]) = 0.0803998991850794
12032/16384
mean(sgnprob[1:i - 1]) = 0.08286925442606599
12160/16384
mean(sgnprob[1:i - 1]) = 0.08479315733201744
12288/16384
mean(sgnprob[1:i - 1]) = 0.08081712378937088
12416/16384
mean(sgnprob[1:i - 1]) = 0.08175594039468385
12544/16384
mean(sgnprob[1:i - 1]) = 0.08379175635812804
12672/16384
mean(sgnprob[1:i - 1]) = 0.08420803409359956
12800/16384
mean(sgnprob[1:i - 1]) = 0.08524103445581686
12928/16384
mean(sgnprob[1:i - 1]) = 0.08811015703566179
13056/16384
mean(sgnprob[1:i - 1]) = 0.09000382995021065
13184/16384
mean(sgnprob[1:i - 1]) = 0.08715770310248047
13312/16384
mean(sgnprob[1:i - 1]) = 0.08812260536398467
13440/16384
mean(sgnprob[1:i - 1]) = 0.0834139444899174
13568/16384
mean(sgnprob[1:i - 1]) = 0.08056313112699934
13696/16384
mean(sgnprob[1:i - 1]) = 0.07718145308506755
13824/16384
mean(sgnprob[1:i - 1]) = 0.0741517760254648
13952/16384
mean(sgnprob[1:i - 1]) = 0.0703175399612931
14080/16384
mean(sgnprob[1:i - 1]) = 0.06783152212515094
14208/16384
mean(sgnprob[1:i - 1]) = 0.06412331949039206
14336/16384
mean(sgnprob[1:i - 1]) = 0.0603418207185211
14464/16384
mean(sgnprob[1:i - 1]) = 0.0618820438359953
14592/16384
mean(sgnprob[1:i - 1]) = 0.05887190734014118
14720/16384
mean(sgnprob[1:i - 1]) = 0.05999048848427203
14848/16384
mean(sgnprob[1:i - 1]) = 0.061493904492490065
14976/16384
mean(sgnprob[1:i - 1]) = 0.06470784641068447
15104/16384
mean(sgnprob[1:i - 1]) = 0.06270277428325498
15232/16384
mean(sgnprob[1:i - 1]) = 0.06283238132755564
15360/16384
mean(sgnprob[1:i - 1]) = 0.06465264665668338
15488/16384
mean(sgnprob[1:i - 1]) = 0.06579712016529993
15616/16384
mean(sgnprob[1:i - 1]) = 0.06346461735510726
15744/16384
mean(sgnprob[1:i - 1]) = 0.061805246776345045
15872/16384
mean(sgnprob[1:i - 1]) = 0.06496125007876
16000/16384
mean(sgnprob[1:i - 1]) = 0.0674417151071942
16128/16384
mean(sgnprob[1:i - 1]) = 0.0650461958206734
16256/16384
mean(sgnprob[1:i - 1]) = 0.06625653645032298
16384/16384
mean(sgnprob[1:i - 1]) = 0.06744796435329305
732.622412 seconds (167.10 M allocations: 70.745 GiB, 1.53% gc time, 1.26% compilation time)
