## SLURM PROLOG ###############################################################
##    Job ID : 8834036
##  Job Name : sbatch_etgent.sh
##  Nodelist : node1733
##      CPUs : 8
##  Mem/Node : 4096 MB
## Directory : /oscar/home/trazzaz/AFQMC
##   Job Started : Fri Feb 28 05:02:40 AM EST 2025
###############################################################################
seed = 1590
U = 2.0
β = 6.0
Warming up
128/1024
256/1024
384/1024
512/1024
640/1024
768/1024
896/1024
1024/1024
Measuring
128/16384
mean(sgnprob[1:i - 1]) = -0.29133858267716534
256/16384
mean(sgnprob[1:i - 1]) = -0.396078431372549
384/16384
mean(sgnprob[1:i - 1]) = -0.3629242819843342
512/16384
mean(sgnprob[1:i - 1]) = -0.19765166340508805
640/16384
mean(sgnprob[1:i - 1]) = -0.17370892018779344
768/16384
mean(sgnprob[1:i - 1]) = -0.09517601043024772
896/16384
mean(sgnprob[1:i - 1]) = -0.04581005586592179
1024/16384
mean(sgnprob[1:i - 1]) = -0.05571847507331378
1152/16384
mean(sgnprob[1:i - 1]) = -0.006081668114682885
1280/16384
mean(sgnprob[1:i - 1]) = -0.03049257232212666
1408/16384
mean(sgnprob[1:i - 1]) = -0.05472636815920398
1536/16384
mean(sgnprob[1:i - 1]) = -0.04234527687296417
1664/16384
mean(sgnprob[1:i - 1]) = -0.013830426939266387
1792/16384
mean(sgnprob[1:i - 1]) = 0.003908431044109436
1920/16384
mean(sgnprob[1:i - 1]) = 0.02344971339239187
2048/16384
mean(sgnprob[1:i - 1]) = 0.04152418172936004
2176/16384
mean(sgnprob[1:i - 1]) = 0.05747126436781609
2304/16384
mean(sgnprob[1:i - 1]) = 0.07425097698653929
2432/16384
mean(sgnprob[1:i - 1]) = 0.07774578362813657
2560/16384
mean(sgnprob[1:i - 1]) = 0.0801094177413052
2688/16384
mean(sgnprob[1:i - 1]) = 0.09192407889839971
2816/16384
mean(sgnprob[1:i - 1]) = 0.07850799289520426
2944/16384
mean(sgnprob[1:i - 1]) = 0.0873258579680598
3072/16384
mean(sgnprob[1:i - 1]) = 0.07261478345815696
3200/16384
mean(sgnprob[1:i - 1]) = 0.0772116286339481
3328/16384
mean(sgnprob[1:i - 1]) = 0.0916741809437932
3456/16384
mean(sgnprob[1:i - 1]) = 0.10159189580318378
3584/16384
mean(sgnprob[1:i - 1]) = 0.10801004744627407
3712/16384
mean(sgnprob[1:i - 1]) = 0.09404473187819995
3840/16384
mean(sgnprob[1:i - 1]) = 0.1028913779630112
3968/16384
mean(sgnprob[1:i - 1]) = 0.10511721704058483
4096/16384
mean(sgnprob[1:i - 1]) = 0.11355311355311355
4224/16384
mean(sgnprob[1:i - 1]) = 0.11626805588444233
4352/16384
mean(sgnprob[1:i - 1]) = 0.10733164789703517
4480/16384
mean(sgnprob[1:i - 1]) = 0.11408796606385353
4608/16384
mean(sgnprob[1:i - 1]) = 0.11829824180594747
4736/16384
mean(sgnprob[1:i - 1]) = 0.10580781414994721
4864/16384
mean(sgnprob[1:i - 1]) = 0.09438618136952498
4992/16384
mean(sgnprob[1:i - 1]) = 0.08515327589661391
5120/16384
mean(sgnprob[1:i - 1]) = 0.09083805430748193
5248/16384
mean(sgnprob[1:i - 1]) = 0.09586430341147323
5376/16384
mean(sgnprob[1:i - 1]) = 0.09767441860465116
5504/16384
mean(sgnprob[1:i - 1]) = 0.10267127021624568
5632/16384
mean(sgnprob[1:i - 1]) = 0.09536494405966968
5760/16384
mean(sgnprob[1:i - 1]) = 0.09914915783990276
5888/16384
mean(sgnprob[1:i - 1]) = 0.0881603533208765
6016/16384
mean(sgnprob[1:i - 1]) = 0.09293433083956774
6144/16384
mean(sgnprob[1:i - 1]) = 0.09946280319062348
6272/16384
mean(sgnprob[1:i - 1]) = 0.09232977196619359
6400/16384
mean(sgnprob[1:i - 1]) = 0.09829660884513206
6528/16384
mean(sgnprob[1:i - 1]) = 0.08932128083346101
6656/16384
mean(sgnprob[1:i - 1]) = 0.0791885800150263
6784/16384
mean(sgnprob[1:i - 1]) = 0.08211705734925549
6912/16384
mean(sgnprob[1:i - 1]) = 0.0829113008247721
7040/16384
mean(sgnprob[1:i - 1]) = 0.08850689018326467
7168/16384
mean(sgnprob[1:i - 1]) = 0.08190316729454444
7296/16384
mean(sgnprob[1:i - 1]) = 0.07443454420836189
7424/16384
mean(sgnprob[1:i - 1]) = 0.06776236023171224
7552/16384
mean(sgnprob[1:i - 1]) = 0.07191100516487882
7680/16384
mean(sgnprob[1:i - 1]) = 0.06394061726787342
7808/16384
mean(sgnprob[1:i - 1]) = 0.056743947739208406
7936/16384
mean(sgnprob[1:i - 1]) = 0.06137366099558916
8064/16384
mean(sgnprob[1:i - 1]) = 0.06412005457025921
8192/16384
mean(sgnprob[1:i - 1]) = 0.06848980588450738
8320/16384
mean(sgnprob[1:i - 1]) = 0.07152301959370116
8448/16384
mean(sgnprob[1:i - 1]) = 0.07659524091393394
8576/16384
mean(sgnprob[1:i - 1]) = 0.08151603498542274
8704/16384
mean(sgnprob[1:i - 1]) = 0.08537285993335632
8832/16384
mean(sgnprob[1:i - 1]) = 0.07960593364284906
8960/16384
mean(sgnprob[1:i - 1]) = 0.0818171670945418
9088/16384
mean(sgnprob[1:i - 1]) = 0.08374601078463739
9216/16384
mean(sgnprob[1:i - 1]) = 0.08757460661964189
9344/16384
mean(sgnprob[1:i - 1]) = 0.09258268222198437
9472/16384
mean(sgnprob[1:i - 1]) = 0.09365431316650828
9600/16384
mean(sgnprob[1:i - 1]) = 0.08886342327325764
9728/16384
mean(sgnprob[1:i - 1]) = 0.08234810321784723
9856/16384
mean(sgnprob[1:i - 1]) = 0.08452562151192289
9984/16384
mean(sgnprob[1:i - 1]) = 0.08644695983171391
10112/16384
mean(sgnprob[1:i - 1]) = 0.08357234694886757
10240/16384
mean(sgnprob[1:i - 1]) = 0.08526223263990625
10368/16384
mean(sgnprob[1:i - 1]) = 0.08787498794250989
10496/16384
mean(sgnprob[1:i - 1]) = 0.0902334444973797
10624/16384
mean(sgnprob[1:i - 1]) = 0.09309987762402334
10752/16384
mean(sgnprob[1:i - 1]) = 0.09627011440796206
10880/16384
mean(sgnprob[1:i - 1]) = 0.0980788675429727
11008/16384
mean(sgnprob[1:i - 1]) = 0.09421277368947034
11136/16384
mean(sgnprob[1:i - 1]) = 0.0954647507858105
11264/16384
mean(sgnprob[1:i - 1]) = 0.09100594868152358
11392/16384
mean(sgnprob[1:i - 1]) = 0.08594504433324554
11520/16384
mean(sgnprob[1:i - 1]) = 0.08117024047226322
11648/16384
mean(sgnprob[1:i - 1]) = 0.08319738988580751
11776/16384
mean(sgnprob[1:i - 1]) = 0.08585987261146497
11904/16384
mean(sgnprob[1:i - 1]) = 0.08930521717214147
12032/16384
mean(sgnprob[1:i - 1]) = 0.08602776161582579
12160/16384
mean(sgnprob[1:i - 1]) = 0.08857636318776216
12288/16384
mean(sgnprob[1:i - 1]) = 0.08944412794009929
12416/16384
mean(sgnprob[1:i - 1]) = 0.09174385823600484
12544/16384
mean(sgnprob[1:i - 1]) = 0.09431555449254564
12672/16384
mean(sgnprob[1:i - 1]) = 0.09636177097308815
12800/16384
mean(sgnprob[1:i - 1]) = 0.10071099304633174
12928/16384
mean(sgnprob[1:i - 1]) = 0.10327222093293108
13056/16384
mean(sgnprob[1:i - 1]) = 0.10563002680965147
13184/16384
mean(sgnprob[1:i - 1]) = 0.1024804672684518
13312/16384
mean(sgnprob[1:i - 1]) = 0.10269701750431974
13440/16384
mean(sgnprob[1:i - 1]) = 0.10529057221519458
13568/16384
mean(sgnprob[1:i - 1]) = 0.10164369425812633
13696/16384
mean(sgnprob[1:i - 1]) = 0.10230010952902518
13824/16384
mean(sgnprob[1:i - 1]) = 0.10222093612095783
13952/16384
mean(sgnprob[1:i - 1]) = 0.09927603756003153
14080/16384
mean(sgnprob[1:i - 1]) = 0.1017827970736558
14208/16384
mean(sgnprob[1:i - 1]) = 0.10255507848243824
14336/16384
mean(sgnprob[1:i - 1]) = 0.10470875479595396
14464/16384
mean(sgnprob[1:i - 1]) = 0.1001866832607343
14592/16384
mean(sgnprob[1:i - 1]) = 0.10163799602494689
14720/16384
mean(sgnprob[1:i - 1]) = 0.0985800665806101
14848/16384
mean(sgnprob[1:i - 1]) = 0.10042432814710042
14976/16384
mean(sgnprob[1:i - 1]) = 0.09662771285475794
15104/16384
mean(sgnprob[1:i - 1]) = 0.09964907634244852
15232/16384
mean(sgnprob[1:i - 1]) = 0.10078130129341474
15360/16384
mean(sgnprob[1:i - 1]) = 0.10280617227684094
15488/16384
mean(sgnprob[1:i - 1]) = 0.09976108994640666
15616/16384
mean(sgnprob[1:i - 1]) = 0.10086455331412104
15744/16384
mean(sgnprob[1:i - 1]) = 0.10322047894302229
15872/16384
mean(sgnprob[1:i - 1]) = 0.10226198727238359
16000/16384
mean(sgnprob[1:i - 1]) = 0.10281892618288643
16128/16384
mean(sgnprob[1:i - 1]) = 0.10559930551249458
16256/16384
mean(sgnprob[1:i - 1]) = 0.10673638880344509
16384/16384
mean(sgnprob[1:i - 1]) = 0.10297259354208631
739.926228 seconds (167.11 M allocations: 70.745 GiB, 1.64% gc time, 1.24% compilation time)
