## SLURM PROLOG ###############################################################
##    Job ID : 8833901
##  Job Name : sbatch_etgent.sh
##  Nodelist : node1736
##      CPUs : 8
##  Mem/Node : 4096 MB
## Directory : /oscar/home/trazzaz/AFQMC
##   Job Started : Fri Feb 28 01:25:36 AM EST 2025
###############################################################################
seed = 1455
U = 2.0
β = 6.0
Warming up
128/1024
256/1024
384/1024
512/1024
640/1024
768/1024
896/1024
1024/1024
Measuring
128/16384
mean(sgnprob[1:i - 1]) = 0.2125984251968504
256/16384
mean(sgnprob[1:i - 1]) = 0.00392156862745098
384/16384
mean(sgnprob[1:i - 1]) = 0.09138381201044386
512/16384
mean(sgnprob[1:i - 1]) = 0.16634050880626222
640/16384
mean(sgnprob[1:i - 1]) = 0.07042253521126761
768/16384
mean(sgnprob[1:i - 1]) = 0.011734028683181226
896/16384
mean(sgnprob[1:i - 1]) = 0.03910614525139665
1024/16384
mean(sgnprob[1:i - 1]) = 0.07331378299120235
1152/16384
mean(sgnprob[1:i - 1]) = 0.10165073848827107
1280/16384
mean(sgnprob[1:i - 1]) = 0.11806098514464425
1408/16384
mean(sgnprob[1:i - 1]) = 0.13148542999289267
1536/16384
mean(sgnprob[1:i - 1]) = 0.13876221498371336
1664/16384
mean(sgnprob[1:i - 1]) = 0.10402886349969934
1792/16384
mean(sgnprob[1:i - 1]) = 0.1111111111111111
1920/16384
mean(sgnprob[1:i - 1]) = 0.11829077644606566
2048/16384
mean(sgnprob[1:i - 1]) = 0.09428431851489985
2176/16384
mean(sgnprob[1:i - 1]) = 0.10160919540229885
2304/16384
mean(sgnprob[1:i - 1]) = 0.08206686930091185
2432/16384
mean(sgnprob[1:i - 1]) = 0.06458247634718223
2560/16384
mean(sgnprob[1:i - 1]) = 0.07542008597108245
2688/16384
mean(sgnprob[1:i - 1]) = 0.08448083364346855
2816/16384
mean(sgnprob[1:i - 1]) = 0.0891651865008881
2944/16384
mean(sgnprob[1:i - 1]) = 0.09344206591913014
3072/16384
mean(sgnprob[1:i - 1]) = 0.10387495929664604
3200/16384
mean(sgnprob[1:i - 1]) = 0.11597374179431072
3328/16384
mean(sgnprob[1:i - 1]) = 0.11692215208896904
3456/16384
mean(sgnprob[1:i - 1]) = 0.123589001447178
3584/16384
mean(sgnprob[1:i - 1]) = 0.11526653642199275
3712/16384
mean(sgnprob[1:i - 1]) = 0.1231473996227432
3840/16384
mean(sgnprob[1:i - 1]) = 0.1174785100286533
3968/16384
mean(sgnprob[1:i - 1]) = 0.10209226115452483
4096/16384
mean(sgnprob[1:i - 1]) = 0.0905982905982906
4224/16384
mean(sgnprob[1:i - 1]) = 0.09211461046649301
4352/16384
mean(sgnprob[1:i - 1]) = 0.09675936566306596
4480/16384
mean(sgnprob[1:i - 1]) = 0.08327751730296941
4608/16384
mean(sgnprob[1:i - 1]) = 0.08834382461471674
4736/16384
mean(sgnprob[1:i - 1]) = 0.09313621964097149
4864/16384
mean(sgnprob[1:i - 1]) = 0.08780588114332716
4992/16384
mean(sgnprob[1:i - 1]) = 0.08274894810659186
5120/16384
mean(sgnprob[1:i - 1]) = 0.073647196718109
5248/16384
mean(sgnprob[1:i - 1]) = 0.08023632551934438
5376/16384
mean(sgnprob[1:i - 1]) = 0.08390697674418604
5504/16384
mean(sgnprob[1:i - 1]) = 0.08704343085589679
5632/16384
mean(sgnprob[1:i - 1]) = 0.08719587995027527
5760/16384
mean(sgnprob[1:i - 1]) = 0.08768883486716444
5888/16384
mean(sgnprob[1:i - 1]) = 0.0901987429930355
6016/16384
mean(sgnprob[1:i - 1]) = 0.09293433083956774
6144/16384
mean(sgnprob[1:i - 1]) = 0.09653263877584242
6272/16384
mean(sgnprob[1:i - 1]) = 0.10062191038111944
6400/16384
mean(sgnprob[1:i - 1]) = 0.10360993905297702
6528/16384
mean(sgnprob[1:i - 1]) = 0.10586793320055156
6656/16384
mean(sgnprob[1:i - 1]) = 0.09902329075882794
6784/16384
mean(sgnprob[1:i - 1]) = 0.0930266843579537
6912/16384
mean(sgnprob[1:i - 1]) = 0.088120387787585
7040/16384
mean(sgnprob[1:i - 1]) = 0.08140360846711181
7168/16384
mean(sgnprob[1:i - 1]) = 0.08636807590344635
7296/16384
mean(sgnprob[1:i - 1]) = 0.08978752570253598
7424/16384
mean(sgnprob[1:i - 1]) = 0.09255018186716961
7552/16384
mean(sgnprob[1:i - 1]) = 0.09574890742947954
7680/16384
mean(sgnprob[1:i - 1]) = 0.09936189608021878
7808/16384
mean(sgnprob[1:i - 1]) = 0.10336877161521711
7936/16384
mean(sgnprob[1:i - 1]) = 0.10069313169502206
8064/16384
mean(sgnprob[1:i - 1]) = 0.1015750961180702
8192/16384
mean(sgnprob[1:i - 1]) = 0.09339518984251007
8320/16384
mean(sgnprob[1:i - 1]) = 0.09508354369515566
8448/16384
mean(sgnprob[1:i - 1]) = 0.09553687699775068
8576/16384
mean(sgnprob[1:i - 1]) = 0.09924198250728863
8704/16384
mean(sgnprob[1:i - 1]) = 0.0931862576123176
8832/16384
mean(sgnprob[1:i - 1]) = 0.09727097723927075
8960/16384
mean(sgnprob[1:i - 1]) = 0.09186293113070655
9088/16384
mean(sgnprob[1:i - 1]) = 0.09188951249037086
9216/16384
mean(sgnprob[1:i - 1]) = 0.09603906673901248
9344/16384
mean(sgnprob[1:i - 1]) = 0.09729209033501017
9472/16384
mean(sgnprob[1:i - 1]) = 0.09998944145285608
9600/16384
mean(sgnprob[1:i - 1]) = 0.10073966038128972
9728/16384
mean(sgnprob[1:i - 1]) = 0.09612419039786162
9856/16384
mean(sgnprob[1:i - 1]) = 0.09183155758498224
9984/16384
mean(sgnprob[1:i - 1]) = 0.08764900330561955
10112/16384
mean(sgnprob[1:i - 1]) = 0.08930867372168926
10240/16384
mean(sgnprob[1:i - 1]) = 0.08780154311944526
10368/16384
mean(sgnprob[1:i - 1]) = 0.08517411015722967
10496/16384
mean(sgnprob[1:i - 1]) = 0.081467365412101
10624/16384
mean(sgnprob[1:i - 1]) = 0.08406288242492704
10752/16384
mean(sgnprob[1:i - 1]) = 0.07859733978234583
10880/16384
mean(sgnprob[1:i - 1]) = 0.07620185678830775
11008/16384
mean(sgnprob[1:i - 1]) = 0.07240846733896611
11136/16384
mean(sgnprob[1:i - 1]) = 0.07229456668163449
11264/16384
mean(sgnprob[1:i - 1]) = 0.06738879517002574
11392/16384
mean(sgnprob[1:i - 1]) = 0.07014309542621368
11520/16384
mean(sgnprob[1:i - 1]) = 0.07335706224498655
11648/16384
mean(sgnprob[1:i - 1]) = 0.07529836009272774
11776/16384
mean(sgnprob[1:i - 1]) = 0.0775371549893843
11904/16384
mean(sgnprob[1:i - 1]) = 0.07972779971435773
12032/16384
mean(sgnprob[1:i - 1]) = 0.0753885795029507
12160/16384
mean(sgnprob[1:i - 1]) = 0.07706225840940867
12288/16384
mean(sgnprob[1:i - 1]) = 0.07902661349393668
12416/16384
mean(sgnprob[1:i - 1]) = 0.08095046314941604
12544/16384
mean(sgnprob[1:i - 1]) = 0.08395120784501316
12672/16384
mean(sgnprob[1:i - 1]) = 0.08468155630968353
12800/16384
mean(sgnprob[1:i - 1]) = 0.08664739432768186
12928/16384
mean(sgnprob[1:i - 1]) = 0.0836234238415719
13056/16384
mean(sgnprob[1:i - 1]) = 0.07820758330141708
13184/16384
mean(sgnprob[1:i - 1]) = 0.0753242812713343
13312/16384
mean(sgnprob[1:i - 1]) = 0.07655322665464653
13440/16384
mean(sgnprob[1:i - 1]) = 0.07820522360294664
13568/16384
mean(sgnprob[1:i - 1]) = 0.08012088155082185
13696/16384
mean(sgnprob[1:i - 1]) = 0.08258488499452354
13824/16384
mean(sgnprob[1:i - 1]) = 0.08543731462055994
13952/16384
mean(sgnprob[1:i - 1]) = 0.08207296967959286
14080/16384
mean(sgnprob[1:i - 1]) = 0.0840258541089566
14208/16384
mean(sgnprob[1:i - 1]) = 0.08143872738790738
14336/16384
mean(sgnprob[1:i - 1]) = 0.08015347052668294
14464/16384
mean(sgnprob[1:i - 1]) = 0.07598700131369703
14592/16384
mean(sgnprob[1:i - 1]) = 0.07285312864094305
14720/16384
mean(sgnprob[1:i - 1]) = 0.07031727698892588
14848/16384
mean(sgnprob[1:i - 1]) = 0.07132754091735705
14976/16384
mean(sgnprob[1:i - 1]) = 0.07285475792988313
15104/16384
mean(sgnprob[1:i - 1]) = 0.06998609547771965
15232/16384
mean(sgnprob[1:i - 1]) = 0.06703433786356773
15360/16384
mean(sgnprob[1:i - 1]) = 0.06374112897975129
15488/16384
mean(sgnprob[1:i - 1]) = 0.061148059662943115
15616/16384
mean(sgnprob[1:i - 1]) = 0.06269612552033302
15744/16384
mean(sgnprob[1:i - 1]) = 0.06358381502890173
15872/16384
mean(sgnprob[1:i - 1]) = 0.06546531409489005
16000/16384
mean(sgnprob[1:i - 1]) = 0.06456653540846304
16128/16384
mean(sgnprob[1:i - 1]) = 0.06616233645439325
16256/16384
mean(sgnprob[1:i - 1]) = 0.06404183328206706
16384/16384
mean(sgnprob[1:i - 1]) = 0.06476225355551486
744.527171 seconds (167.11 M allocations: 70.745 GiB, 1.41% gc time, 1.19% compilation time)
