## SLURM PROLOG ###############################################################
##    Job ID : 5955274
##  Job Name : etgent_N(1,3)_seed1239
##  Nodelist : node1744
##      CPUs : 8
##  Mem/Node : 2048 MB
## Directory : /oscar/home/trazzaz/AFQMC
##   Job Started : Mon Nov 11 10:04:53 PM EST 2024
###############################################################################
U = 2.0
seed = 1239
λₖ = 0.0
Warming up
128/512
256/512
384/512
512/512
Measuring
128/1024
256/1024
384/1024
512/1024
640/1024
768/1024
896/1024
1024/1024
118.924800 seconds (80.56 M allocations: 16.970 GiB, 3.70% gc time, 8.60% compilation time)
λₖ = 0.2
Warming up
128/512
256/512
384/512
512/512
Measuring
128/1024
256/1024
384/1024
512/1024
640/1024
768/1024
896/1024
1024/1024
108.426267 seconds (76.83 M allocations: 16.806 GiB, 3.61% gc time, 0.07% compilation time)
λₖ = 0.4
Warming up
128/512
256/512
384/512
512/512
Measuring
128/1024
256/1024
384/1024
512/1024
640/1024
768/1024
896/1024
1024/1024
113.855955 seconds (76.82 M allocations: 16.805 GiB, 3.12% gc time)
λₖ = 0.6
Warming up
128/512
256/512
384/512
512/512
Measuring
128/1024
256/1024
384/1024
512/1024
640/1024
768/1024
896/1024
1024/1024
107.390926 seconds (76.82 M allocations: 16.805 GiB, 3.22% gc time)
λₖ = 0.8
Warming up
128/512
256/512
384/512
512/512
Measuring
128/1024
256/1024
384/1024
512/1024
640/1024
768/1024
896/1024
1024/1024
106.747484 seconds (76.82 M allocations: 16.805 GiB, 3.04% gc time)
