## SLURM PROLOG ###############################################################
##    Job ID : 8822321
##  Job Name : sbatch_etgent.sh
##  Nodelist : node1736
##      CPUs : 8
##  Mem/Node : 4096 MB
## Directory : /oscar/home/trazzaz/AFQMC
##   Job Started : Thu Feb 27 07:43:49 PM EST 2025
###############################################################################
seed = 1316
U = 2.0
β = 6.0
Warming up
128/1024
256/1024
384/1024
512/1024
640/1024
768/1024
896/1024
1024/1024
Measuring
128/16384
mean(sgnprob[1:i - 1]) = 0.5748031496062992
256/16384
mean(sgnprob[1:i - 1]) = 0.6
384/16384
mean(sgnprob[1:i - 1]) = 0.21148825065274152
512/16384
mean(sgnprob[1:i - 1]) = 0.2720156555772994
640/16384
mean(sgnprob[1:i - 1]) = 0.3395931142410016
768/16384
mean(sgnprob[1:i - 1]) = 0.35853976531942633
896/16384
mean(sgnprob[1:i - 1]) = 0.3877094972067039
1024/16384
mean(sgnprob[1:i - 1]) = 0.41935483870967744
1152/16384
mean(sgnprob[1:i - 1]) = 0.44048653344917466
1280/16384
mean(sgnprob[1:i - 1]) = 0.4620797498045348
1408/16384
mean(sgnprob[1:i - 1]) = 0.4584221748400853
1536/16384
mean(sgnprob[1:i - 1]) = 0.4488599348534202
1664/16384
mean(sgnprob[1:i - 1]) = 0.37221888153938665
1792/16384
mean(sgnprob[1:i - 1]) = 0.3880513679508654
1920/16384
mean(sgnprob[1:i - 1]) = 0.4038561750911933
2048/16384
mean(sgnprob[1:i - 1]) = 0.3463605276013679
2176/16384
mean(sgnprob[1:i - 1]) = 0.3581609195402299
2304/16384
mean(sgnprob[1:i - 1]) = 0.36691272253582286
2432/16384
mean(sgnprob[1:i - 1]) = 0.3788564376799671
2560/16384
mean(sgnprob[1:i - 1]) = 0.388042203985932
2688/16384
mean(sgnprob[1:i - 1]) = 0.39486416077409753
2816/16384
mean(sgnprob[1:i - 1]) = 0.35346358792184723
2944/16384
mean(sgnprob[1:i - 1]) = 0.363234794427455
3072/16384
mean(sgnprob[1:i - 1]) = 0.3253012048192771
3200/16384
mean(sgnprob[1:i - 1]) = 0.3329165364176305
3328/16384
mean(sgnprob[1:i - 1]) = 0.33694018635407275
3456/16384
mean(sgnprob[1:i - 1]) = 0.3013024602026049
3584/16384
mean(sgnprob[1:i - 1]) = 0.3123081216857382
3712/16384
mean(sgnprob[1:i - 1]) = 0.27997844246833736
3840/16384
mean(sgnprob[1:i - 1]) = 0.2940870018233915
3968/16384
mean(sgnprob[1:i - 1]) = 0.3002268716914545
4096/16384
mean(sgnprob[1:i - 1]) = 0.305982905982906
4224/16384
mean(sgnprob[1:i - 1]) = 0.31328439497987215
4352/16384
mean(sgnprob[1:i - 1]) = 0.32015628591128475
4480/16384
mean(sgnprob[1:i - 1]) = 0.32708193793257423
4608/16384
mean(sgnprob[1:i - 1]) = 0.30410245278923376
4736/16384
mean(sgnprob[1:i - 1]) = 0.31066525871172124
4864/16384
mean(sgnprob[1:i - 1]) = 0.3156487764754267
4992/16384
mean(sgnprob[1:i - 1]) = 0.29392907233019433
5120/16384
mean(sgnprob[1:i - 1]) = 0.30142605977730025
5248/16384
mean(sgnprob[1:i - 1]) = 0.30855727082142176
5376/16384
mean(sgnprob[1:i - 1]) = 0.3146046511627907
5504/16384
mean(sgnprob[1:i - 1]) = 0.3196438306378339
5632/16384
mean(sgnprob[1:i - 1]) = 0.29817083999289645
5760/16384
mean(sgnprob[1:i - 1]) = 0.2793887827747873
5888/16384
mean(sgnprob[1:i - 1]) = 0.28656361474435194
6016/16384
mean(sgnprob[1:i - 1]) = 0.2691604322527016
6144/16384
mean(sgnprob[1:i - 1]) = 0.2742959466058929
6272/16384
mean(sgnprob[1:i - 1]) = 0.28049752830489555
6400/16384
mean(sgnprob[1:i - 1]) = 0.28582591029848414
6528/16384
mean(sgnprob[1:i - 1]) = 0.2903324651447832
6656/16384
mean(sgnprob[1:i - 1]) = 0.29526671675432004
6784/16384
mean(sgnprob[1:i - 1]) = 0.3006044523072387
6912/16384
mean(sgnprob[1:i - 1]) = 0.30863840254666475
7040/16384
mean(sgnprob[1:i - 1]) = 0.2910924847279443
7168/16384
mean(sgnprob[1:i - 1]) = 0.2750104646295521
7296/16384
mean(sgnprob[1:i - 1]) = 0.2822481151473612
7424/16384
mean(sgnprob[1:i - 1]) = 0.2851946652296915
7552/16384
mean(sgnprob[1:i - 1]) = 0.2891007813534631
7680/16384
mean(sgnprob[1:i - 1]) = 0.29365802838911315
7808/16384
mean(sgnprob[1:i - 1]) = 0.29678493659536315
7936/16384
mean(sgnprob[1:i - 1]) = 0.28191556395715184
8064/16384
mean(sgnprob[1:i - 1]) = 0.28761007069329037
8192/16384
mean(sgnprob[1:i - 1]) = 0.29044072762788425
8320/16384
mean(sgnprob[1:i - 1]) = 0.29294386344512563
8448/16384
mean(sgnprob[1:i - 1]) = 0.2797442879128685
8576/16384
mean(sgnprob[1:i - 1]) = 0.2662390670553936
8704/16384
mean(sgnprob[1:i - 1]) = 0.26990692864529475
8832/16384
mean(sgnprob[1:i - 1]) = 0.27392141320348773
8960/16384
mean(sgnprob[1:i - 1]) = 0.2793838598057819
9088/16384
mean(sgnprob[1:i - 1]) = 0.2677451304060746
9216/16384
mean(sgnprob[1:i - 1]) = 0.2714053174172545
9344/16384
mean(sgnprob[1:i - 1]) = 0.2753933426094402
9472/16384
mean(sgnprob[1:i - 1]) = 0.27885123007074225
9600/16384
mean(sgnprob[1:i - 1]) = 0.2818001875195333
9728/16384
mean(sgnprob[1:i - 1]) = 0.2854939858126863
9856/16384
mean(sgnprob[1:i - 1]) = 0.28970065956367325
9984/16384
mean(sgnprob[1:i - 1]) = 0.2954021837123109
10112/16384
mean(sgnprob[1:i - 1]) = 0.29878350311541885
10240/16384
mean(sgnprob[1:i - 1]) = 0.3018849497021193
10368/16384
mean(sgnprob[1:i - 1]) = 0.30452397029034434
10496/16384
mean(sgnprob[1:i - 1]) = 0.3084325869461648
10624/16384
mean(sgnprob[1:i - 1]) = 0.2969970818036336
10752/16384
mean(sgnprob[1:i - 1]) = 0.30034415403218306
10880/16384
mean(sgnprob[1:i - 1]) = 0.3032447835278978
11008/16384
mean(sgnprob[1:i - 1]) = 0.29372217679658397
11136/16384
mean(sgnprob[1:i - 1]) = 0.29717108217332733
11264/16384
mean(sgnprob[1:i - 1]) = 0.3014294592914854
11392/16384
mean(sgnprob[1:i - 1]) = 0.3017294355192696
11520/16384
mean(sgnprob[1:i - 1]) = 0.30410625922389095
11648/16384
mean(sgnprob[1:i - 1]) = 0.2938954237142612
11776/16384
mean(sgnprob[1:i - 1]) = 0.2969851380042463
11904/16384
mean(sgnprob[1:i - 1]) = 0.29748802822817777
12032/16384
mean(sgnprob[1:i - 1]) = 0.30064001329897766
12160/16384
mean(sgnprob[1:i - 1]) = 0.30290319927625625
12288/16384
mean(sgnprob[1:i - 1]) = 0.3057703263611948
12416/16384
mean(sgnprob[1:i - 1]) = 0.3080950463149416
12544/16384
mean(sgnprob[1:i - 1]) = 0.3098939647612214
12672/16384
mean(sgnprob[1:i - 1]) = 0.3010812090600584
12800/16384
mean(sgnprob[1:i - 1]) = 0.3035393390108602
12928/16384
mean(sgnprob[1:i - 1]) = 0.3056393594801578
13056/16384
mean(sgnprob[1:i - 1]) = 0.30800459594025276
13184/16384
mean(sgnprob[1:i - 1]) = 0.3001592960631116
13312/16384
mean(sgnprob[1:i - 1]) = 0.303433250694914
13440/16384
mean(sgnprob[1:i - 1]) = 0.3057519160651834
13568/16384
mean(sgnprob[1:i - 1]) = 0.3084690793837989
13696/16384
mean(sgnprob[1:i - 1]) = 0.3014968966776196
13824/16384
mean(sgnprob[1:i - 1]) = 0.3042031396947117
13952/16384
mean(sgnprob[1:i - 1]) = 0.30614292882230665
14080/16384
mean(sgnprob[1:i - 1]) = 0.30833155763903686
14208/16384
mean(sgnprob[1:i - 1]) = 0.3073836840993876
14336/16384
mean(sgnprob[1:i - 1]) = 0.310080223229857
14464/16384
mean(sgnprob[1:i - 1]) = 0.3118993293231003
14592/16384
mean(sgnprob[1:i - 1]) = 0.3145089438695086
14720/16384
mean(sgnprob[1:i - 1]) = 0.31734492832393507
14848/16384
mean(sgnprob[1:i - 1]) = 0.3197278911564626
14976/16384
mean(sgnprob[1:i - 1]) = 0.32153589315525877
15104/16384
mean(sgnprob[1:i - 1]) = 0.32463748924054825
15232/16384
mean(sgnprob[1:i - 1]) = 0.3259799093953122
15360/16384
mean(sgnprob[1:i - 1]) = 0.31805456084380496
15488/16384
mean(sgnprob[1:i - 1]) = 0.3191709175437464
15616/16384
mean(sgnprob[1:i - 1]) = 0.32052513608709576
15744/16384
mean(sgnprob[1:i - 1]) = 0.3223654957759004
15872/16384
mean(sgnprob[1:i - 1]) = 0.3152290340873291
16000/16384
mean(sgnprob[1:i - 1]) = 0.3158322395149697
16128/16384
mean(sgnprob[1:i - 1]) = 0.31803807279717244
16256/16384
mean(sgnprob[1:i - 1]) = 0.31110427560750537
16384/16384
mean(sgnprob[1:i - 1]) = 0.31306842458646156
732.238318 seconds (167.11 M allocations: 70.745 GiB, 1.33% gc time, 1.23% compilation time)
