## SLURM PROLOG ###############################################################
##    Job ID : 8834061
##  Job Name : sbatch_etgent.sh
##  Nodelist : node1736
##      CPUs : 8
##  Mem/Node : 4096 MB
## Directory : /oscar/home/trazzaz/AFQMC
##   Job Started : Fri Feb 28 05:43:55 AM EST 2025
###############################################################################
seed = 1615
U = 2.0
β = 6.0
Warming up
128/1024
256/1024
384/1024
512/1024
640/1024
768/1024
896/1024
1024/1024
Measuring
128/16384
mean(sgnprob[1:i - 1]) = 0.6220472440944882
256/16384
mean(sgnprob[1:i - 1]) = 0.4745098039215686
384/16384
mean(sgnprob[1:i - 1]) = 0.15404699738903394
512/16384
mean(sgnprob[1:i - 1]) = 0.005870841487279843
640/16384
mean(sgnprob[1:i - 1]) = -0.12050078247261346
768/16384
mean(sgnprob[1:i - 1]) = -0.011734028683181226
896/16384
mean(sgnprob[1:i - 1]) = 0.05921787709497207
1024/16384
mean(sgnprob[1:i - 1]) = -0.020527859237536656
1152/16384
mean(sgnprob[1:i - 1]) = 0.04083405734144222
1280/16384
mean(sgnprob[1:i - 1]) = 0.08991399530883502
1408/16384
mean(sgnprob[1:i - 1]) = 0.12722103766879886
1536/16384
mean(sgnprob[1:i - 1]) = 0.06970684039087947
1664/16384
mean(sgnprob[1:i - 1]) = 0.09801563439567047
1792/16384
mean(sgnprob[1:i - 1]) = 0.048576214405360134
1920/16384
mean(sgnprob[1:i - 1]) = 0.07451797811360084
2048/16384
mean(sgnprob[1:i - 1]) = 0.10210063507572056
2176/16384
mean(sgnprob[1:i - 1]) = 0.1310344827586207
2304/16384
mean(sgnprob[1:i - 1]) = 0.15414676508901434
2432/16384
mean(sgnprob[1:i - 1]) = 0.1707116412998766
2560/16384
mean(sgnprob[1:i - 1]) = 0.1457600625244236
2688/16384
mean(sgnprob[1:i - 1]) = 0.1656122069222181
2816/16384
mean(sgnprob[1:i - 1]) = 0.1808170515097691
2944/16384
mean(sgnprob[1:i - 1]) = 0.19741760108732587
3072/16384
mean(sgnprob[1:i - 1]) = 0.21198306740475414
3200/16384
mean(sgnprob[1:i - 1]) = 0.17786808377618005
3328/16384
mean(sgnprob[1:i - 1]) = 0.1920649233543733
3456/16384
mean(sgnprob[1:i - 1]) = 0.20463096960926194
3584/16384
mean(sgnprob[1:i - 1]) = 0.2174155735417248
3712/16384
mean(sgnprob[1:i - 1]) = 0.2266235516033414
3840/16384
mean(sgnprob[1:i - 1]) = 0.23417556655379004
3968/16384
mean(sgnprob[1:i - 1]) = 0.24023191328459792
4096/16384
mean(sgnprob[1:i - 1]) = 0.2512820512820513
4224/16384
mean(sgnprob[1:i - 1]) = 0.2569263556713237
4352/16384
mean(sgnprob[1:i - 1]) = 0.26269823029188694
4480/16384
mean(sgnprob[1:i - 1]) = 0.23956240232194687
4608/16384
mean(sgnprob[1:i - 1]) = 0.2502713262426742
4736/16384
mean(sgnprob[1:i - 1]) = 0.23125659978880675
4864/16384
mean(sgnprob[1:i - 1]) = 0.23956405511001438
4992/16384
mean(sgnprob[1:i - 1]) = 0.2486475656181126
5120/16384
mean(sgnprob[1:i - 1]) = 0.2561047079507716
5248/16384
mean(sgnprob[1:i - 1]) = 0.23689727463312368
5376/16384
mean(sgnprob[1:i - 1]) = 0.24465116279069768
5504/16384
mean(sgnprob[1:i - 1]) = 0.25422496819916407
5632/16384
mean(sgnprob[1:i - 1]) = 0.24276327472917777
5760/16384
mean(sgnprob[1:i - 1]) = 0.24778607397117555
5888/16384
mean(sgnprob[1:i - 1]) = 0.25293018515372856
6016/16384
mean(sgnprob[1:i - 1]) = 0.25918536990856195
6144/16384
mean(sgnprob[1:i - 1]) = 0.26452873188995607
6272/16384
mean(sgnprob[1:i - 1]) = 0.24764790304576623
6400/16384
mean(sgnprob[1:i - 1]) = 0.25269573370839193
6528/16384
mean(sgnprob[1:i - 1]) = 0.25969051631683776
6656/16384
mean(sgnprob[1:i - 1]) = 0.2444778362133734
6784/16384
mean(sgnprob[1:i - 1]) = 0.2504791390240307
6912/16384
mean(sgnprob[1:i - 1]) = 0.23657936622775286
7040/16384
mean(sgnprob[1:i - 1]) = 0.22318511152152296
7168/16384
mean(sgnprob[1:i - 1]) = 0.22561741314357472
7296/16384
mean(sgnprob[1:i - 1]) = 0.23043180260452364
7424/16384
mean(sgnprob[1:i - 1]) = 0.21702815573218376
7552/16384
mean(sgnprob[1:i - 1]) = 0.22023573036683883
7680/16384
mean(sgnprob[1:i - 1]) = 0.22203411902591483
7808/16384
mean(sgnprob[1:i - 1]) = 0.21198924042525938
7936/16384
mean(sgnprob[1:i - 1]) = 0.2158790170132325
8064/16384
mean(sgnprob[1:i - 1]) = 0.20575468188019347
8192/16384
mean(sgnprob[1:i - 1]) = 0.2110853375656208
8320/16384
mean(sgnprob[1:i - 1]) = 0.21577112633730017
8448/16384
mean(sgnprob[1:i - 1]) = 0.22031490469989345
8576/16384
mean(sgnprob[1:i - 1]) = 0.22682215743440234
8704/16384
mean(sgnprob[1:i - 1]) = 0.23106974606457542
8832/16384
mean(sgnprob[1:i - 1]) = 0.23406182765258748
8960/16384
mean(sgnprob[1:i - 1]) = 0.2409867172675522
9088/16384
mean(sgnprob[1:i - 1]) = 0.2477165181027842
9216/16384
mean(sgnprob[1:i - 1]) = 0.2503526858383071
9344/16384
mean(sgnprob[1:i - 1]) = 0.23985871775660922
9472/16384
mean(sgnprob[1:i - 1]) = 0.24252982789568156
9600/16384
mean(sgnprob[1:i - 1]) = 0.24742160641733513
9728/16384
mean(sgnprob[1:i - 1]) = 0.25197902744936773
9856/16384
mean(sgnprob[1:i - 1]) = 0.2556062912227296
9984/16384
mean(sgnprob[1:i - 1]) = 0.2447160172292898
10112/16384
mean(sgnprob[1:i - 1]) = 0.24755217090297696
10240/16384
mean(sgnprob[1:i - 1]) = 0.2507080769606407
10368/16384
mean(sgnprob[1:i - 1]) = 0.2528214526864088
10496/16384
mean(sgnprob[1:i - 1]) = 0.2565983801810386
10624/16384
mean(sgnprob[1:i - 1]) = 0.25896639367410335
10752/16384
mean(sgnprob[1:i - 1]) = 0.26090596223607104
10880/16384
mean(sgnprob[1:i - 1]) = 0.26353525140178324
11008/16384
mean(sgnprob[1:i - 1]) = 0.26628509130553285
11136/16384
mean(sgnprob[1:i - 1]) = 0.2572968118545128
11264/16384
mean(sgnprob[1:i - 1]) = 0.24922311995027968
11392/16384
mean(sgnprob[1:i - 1]) = 0.2525678166973927
11520/16384
mean(sgnprob[1:i - 1]) = 0.2448997308794166
11648/16384
mean(sgnprob[1:i - 1]) = 0.23757190692882288
11776/16384
mean(sgnprob[1:i - 1]) = 0.24008492569002124
11904/16384
mean(sgnprob[1:i - 1]) = 0.24271192136436193
12032/16384
mean(sgnprob[1:i - 1]) = 0.2454492560884382
12160/16384
mean(sgnprob[1:i - 1]) = 0.2487869068179949
12288/16384
mean(sgnprob[1:i - 1]) = 0.24082363473589974
12416/16384
mean(sgnprob[1:i - 1]) = 0.2459122029802658
12544/16384
mean(sgnprob[1:i - 1]) = 0.25025910866618833
12672/16384
mean(sgnprob[1:i - 1]) = 0.2538868281903559
12800/16384
mean(sgnprob[1:i - 1]) = 0.2566606766153606
12928/16384
mean(sgnprob[1:i - 1]) = 0.2584513034733503
13056/16384
mean(sgnprob[1:i - 1]) = 0.26020681731137496
13184/16384
mean(sgnprob[1:i - 1]) = 0.26329363574300235
13312/16384
mean(sgnprob[1:i - 1]) = 0.2652693261212531
13440/16384
mean(sgnprob[1:i - 1]) = 0.26631445792097624
13568/16384
mean(sgnprob[1:i - 1]) = 0.2593793764280976
13696/16384
mean(sgnprob[1:i - 1]) = 0.2521358159912377
13824/16384
mean(sgnprob[1:i - 1]) = 0.24560515083556392
13952/16384
mean(sgnprob[1:i - 1]) = 0.24722242133180417
14080/16384
mean(sgnprob[1:i - 1]) = 0.24000284111087436
14208/16384
mean(sgnprob[1:i - 1]) = 0.2427676497501232
14336/16384
mean(sgnprob[1:i - 1]) = 0.23529822113707707
14464/16384
mean(sgnprob[1:i - 1]) = 0.23860886399778747
14592/16384
mean(sgnprob[1:i - 1]) = 0.24103899664176548
14720/16384
mean(sgnprob[1:i - 1]) = 0.24329098444187786
14848/16384
mean(sgnprob[1:i - 1]) = 0.24617767899238904
14976/16384
mean(sgnprob[1:i - 1]) = 0.23993322203672787
15104/16384
mean(sgnprob[1:i - 1]) = 0.24279944381910878
15232/16384
mean(sgnprob[1:i - 1]) = 0.24456700151007812
15360/16384
mean(sgnprob[1:i - 1]) = 0.24786769972003386
15488/16384
mean(sgnprob[1:i - 1]) = 0.2491767288693743
15616/16384
mean(sgnprob[1:i - 1]) = 0.2513608709574127
15744/16384
mean(sgnprob[1:i - 1]) = 0.25274725274725274
15872/16384
mean(sgnprob[1:i - 1]) = 0.246802343897675
16000/16384
mean(sgnprob[1:i - 1]) = 0.24882805175323458
16128/16384
mean(sgnprob[1:i - 1]) = 0.25094561914801267
16256/16384
mean(sgnprob[1:i - 1]) = 0.2535219932328514
16384/16384
mean(sgnprob[1:i - 1]) = 0.25508148690715987
735.962656 seconds (167.11 M allocations: 70.745 GiB, 1.31% gc time, 1.21% compilation time)
