## SLURM PROLOG ###############################################################
##    Job ID : 8833864
##  Job Name : sbatch_etgent.sh
##  Nodelist : node1327
##      CPUs : 8
##  Mem/Node : 4096 MB
## Directory : /oscar/home/trazzaz/AFQMC
##   Job Started : Fri Feb 28 12:22:55 AM EST 2025
###############################################################################
seed = 1418
U = 2.0
β = 6.0
Warming up
128/1024
256/1024
384/1024
512/1024
640/1024
768/1024
896/1024
1024/1024
Measuring
128/16384
mean(sgnprob[1:i - 1]) = -0.4015748031496063
256/16384
mean(sgnprob[1:i - 1]) = 0.058823529411764705
384/16384
mean(sgnprob[1:i - 1]) = -0.1122715404699739
512/16384
mean(sgnprob[1:i - 1]) = 0.021526418786692758
640/16384
mean(sgnprob[1:i - 1]) = 0.0892018779342723
768/16384
mean(sgnprob[1:i - 1]) = -0.01955671447196871
896/16384
mean(sgnprob[1:i - 1]) = 0.034636871508379886
1024/16384
mean(sgnprob[1:i - 1]) = 0.09481915933528837
1152/16384
mean(sgnprob[1:i - 1]) = 0.14682884448305822
1280/16384
mean(sgnprob[1:i - 1]) = 0.1853010164190774
1408/16384
mean(sgnprob[1:i - 1]) = 0.19402985074626866
1536/16384
mean(sgnprob[1:i - 1]) = 0.21172638436482086
1664/16384
mean(sgnprob[1:i - 1]) = 0.2291040288634997
1792/16384
mean(sgnprob[1:i - 1]) = 0.24734785036292575
1920/16384
mean(sgnprob[1:i - 1]) = 0.25794684731631057
2048/16384
mean(sgnprob[1:i - 1]) = 0.2164142647777235
2176/16384
mean(sgnprob[1:i - 1]) = 0.17977011494252873
2304/16384
mean(sgnprob[1:i - 1]) = 0.14285714285714285
2432/16384
mean(sgnprob[1:i - 1]) = 0.1567256273138626
2560/16384
mean(sgnprob[1:i - 1]) = 0.1254396248534584
2688/16384
mean(sgnprob[1:i - 1]) = 0.13956084852995906
2816/16384
mean(sgnprob[1:i - 1]) = 0.1147424511545293
2944/16384
mean(sgnprob[1:i - 1]) = 0.12606184165817194
3072/16384
mean(sgnprob[1:i - 1]) = 0.13643764246173884
3200/16384
mean(sgnprob[1:i - 1]) = 0.1434823382306971
3328/16384
mean(sgnprob[1:i - 1]) = 0.11992786293958521
3456/16384
mean(sgnprob[1:i - 1]) = 0.09869753979739508
3584/16384
mean(sgnprob[1:i - 1]) = 0.10689366452693273
3712/16384
mean(sgnprob[1:i - 1]) = 0.11829695499865266
3840/16384
mean(sgnprob[1:i - 1]) = 0.12998176608491796
3968/16384
mean(sgnprob[1:i - 1]) = 0.13687925384421476
4096/16384
mean(sgnprob[1:i - 1]) = 0.11843711843711843
4224/16384
mean(sgnprob[1:i - 1]) = 0.1300023679848449
4352/16384
mean(sgnprob[1:i - 1]) = 0.14226614571362906
4480/16384
mean(sgnprob[1:i - 1]) = 0.12391158740790355
4608/16384
mean(sgnprob[1:i - 1]) = 0.1326242674191448
4736/16384
mean(sgnprob[1:i - 1]) = 0.14255543822597677
4864/16384
mean(sgnprob[1:i - 1]) = 0.14908492699979436
4992/16384
mean(sgnprob[1:i - 1]) = 0.1576838308956121
5120/16384
mean(sgnprob[1:i - 1]) = 0.16702480953311194
5248/16384
mean(sgnprob[1:i - 1]) = 0.17362302267962645
5376/16384
mean(sgnprob[1:i - 1]) = 0.1572093023255814
5504/16384
mean(sgnprob[1:i - 1]) = 0.16263856078502634
5632/16384
mean(sgnprob[1:i - 1]) = 0.16604510744095188
5760/16384
mean(sgnprob[1:i - 1]) = 0.1515888175030387
5888/16384
mean(sgnprob[1:i - 1]) = 0.1598437234584678
6016/16384
mean(sgnprob[1:i - 1]) = 0.1657522859517872
6144/16384
mean(sgnprob[1:i - 1]) = 0.1515546150089533
6272/16384
mean(sgnprob[1:i - 1]) = 0.15611545208100783
6400/16384
mean(sgnprob[1:i - 1]) = 0.15986872948898265
6528/16384
mean(sgnprob[1:i - 1]) = 0.14784740309483682
6656/16384
mean(sgnprob[1:i - 1]) = 0.13658903080390683
6784/16384
mean(sgnprob[1:i - 1]) = 0.14492112634527496
6912/16384
mean(sgnprob[1:i - 1]) = 0.13008247721024455
7040/16384
mean(sgnprob[1:i - 1]) = 0.11919306719704503
7168/16384
mean(sgnprob[1:i - 1]) = 0.1243197990791126
7296/16384
mean(sgnprob[1:i - 1]) = 0.1133653187114462
7424/16384
mean(sgnprob[1:i - 1]) = 0.11787686919035431
7552/16384
mean(sgnprob[1:i - 1]) = 0.12329492782412925
7680/16384
mean(sgnprob[1:i - 1]) = 0.12749055866649303
7808/16384
mean(sgnprob[1:i - 1]) = 0.12002049442807737
7936/16384
mean(sgnprob[1:i - 1]) = 0.12715816005040959
8064/16384
mean(sgnprob[1:i - 1]) = 0.13506139154160982
8192/16384
mean(sgnprob[1:i - 1]) = 0.1375900378464168
8320/16384
mean(sgnprob[1:i - 1]) = 0.142445005409304
8448/16384
mean(sgnprob[1:i - 1]) = 0.14691606487510359
8576/16384
mean(sgnprob[1:i - 1]) = 0.1507871720116618
8704/16384
mean(sgnprob[1:i - 1]) = 0.15362518671722394
8832/16384
mean(sgnprob[1:i - 1]) = 0.158645679990941
8960/16384
mean(sgnprob[1:i - 1]) = 0.16240651858466346
9088/16384
mean(sgnprob[1:i - 1]) = 0.1528557279630241
9216/16384
mean(sgnprob[1:i - 1]) = 0.14595767769940315
9344/16384
mean(sgnprob[1:i - 1]) = 0.1508080916193942
9472/16384
mean(sgnprob[1:i - 1]) = 0.1557385703727167
9600/16384
mean(sgnprob[1:i - 1]) = 0.16095426606938223
9728/16384
mean(sgnprob[1:i - 1]) = 0.1662383057468901
9856/16384
mean(sgnprob[1:i - 1]) = 0.16854388635210554
9984/16384
mean(sgnprob[1:i - 1]) = 0.17279374937393568
10112/16384
mean(sgnprob[1:i - 1]) = 0.16506774799723073
10240/16384
mean(sgnprob[1:i - 1]) = 0.16808282058794805
10368/16384
mean(sgnprob[1:i - 1]) = 0.1598340889360471
10496/16384
mean(sgnprob[1:i - 1]) = 0.15197713196760362
10624/16384
mean(sgnprob[1:i - 1]) = 0.15654711475101196
10752/16384
mean(sgnprob[1:i - 1]) = 0.15989210306018045
10880/16384
mean(sgnprob[1:i - 1]) = 0.15120875080430188
11008/16384
mean(sgnprob[1:i - 1]) = 0.15490142636504042
11136/16384
mean(sgnprob[1:i - 1]) = 0.1592276605298608
11264/16384
mean(sgnprob[1:i - 1]) = 0.16310041729556957
11392/16384
mean(sgnprob[1:i - 1]) = 0.16442805723817047
11520/16384
mean(sgnprob[1:i - 1]) = 0.1678097057036201
11648/16384
mean(sgnprob[1:i - 1]) = 0.17111702584356486
11776/16384
mean(sgnprob[1:i - 1]) = 0.17401273885350318
11904/16384
mean(sgnprob[1:i - 1]) = 0.1671007309081744
12032/16384
mean(sgnprob[1:i - 1]) = 0.16981132075471697
12160/16384
mean(sgnprob[1:i - 1]) = 0.17098445595854922
12288/16384
mean(sgnprob[1:i - 1]) = 0.17343533816228535
12416/16384
mean(sgnprob[1:i - 1]) = 0.1751913008457511
12544/16384
mean(sgnprob[1:i - 1]) = 0.16973610778920514
12672/16384
mean(sgnprob[1:i - 1]) = 0.17291452923999684
12800/16384
mean(sgnprob[1:i - 1]) = 0.17587311508711617
12928/16384
mean(sgnprob[1:i - 1]) = 0.17026378896882494
13056/16384
mean(sgnprob[1:i - 1]) = 0.16430486403676753
13184/16384
mean(sgnprob[1:i - 1]) = 0.166805734658272
13312/16384
mean(sgnprob[1:i - 1]) = 0.16129516940875968
13440/16384
mean(sgnprob[1:i - 1]) = 0.16288414316541408
13568/16384
mean(sgnprob[1:i - 1]) = 0.16562246627846983
13696/16384
mean(sgnprob[1:i - 1]) = 0.1696239503468419
13824/16384
mean(sgnprob[1:i - 1]) = 0.1712363452217319
13952/16384
mean(sgnprob[1:i - 1]) = 0.1736793061429288
14080/16384
mean(sgnprob[1:i - 1]) = 0.17650401306911
14208/16384
mean(sgnprob[1:i - 1]) = 0.1791370451186035
14336/16384
mean(sgnprob[1:i - 1]) = 0.17363097314265782
14464/16384
mean(sgnprob[1:i - 1]) = 0.175966258729171
14592/16384
mean(sgnprob[1:i - 1]) = 0.17908299636762387
14720/16384
mean(sgnprob[1:i - 1]) = 0.18173788980229635
14848/16384
mean(sgnprob[1:i - 1]) = 0.1773422240183202
14976/16384
mean(sgnprob[1:i - 1]) = 0.1798330550918197
15104/16384
mean(sgnprob[1:i - 1]) = 0.18307621002449845
15232/16384
mean(sgnprob[1:i - 1]) = 0.18534567658065787
15360/16384
mean(sgnprob[1:i - 1]) = 0.18028517481606876
15488/16384
mean(sgnprob[1:i - 1]) = 0.18241105443275005
15616/16384
mean(sgnprob[1:i - 1]) = 0.18475824527697726
15744/16384
mean(sgnprob[1:i - 1]) = 0.17982595439242838
15872/16384
mean(sgnprob[1:i - 1]) = 0.18177808581689875
16000/16384
mean(sgnprob[1:i - 1]) = 0.17532345771610724
16128/16384
mean(sgnprob[1:i - 1]) = 0.17678427481862716
16256/16384
mean(sgnprob[1:i - 1]) = 0.17170101507228544
16384/16384
mean(sgnprob[1:i - 1]) = 0.16572056399926754
818.669329 seconds (167.11 M allocations: 70.745 GiB, 1.47% gc time, 1.16% compilation time)
