## SLURM PROLOG ###############################################################
##    Job ID : 6777785
##  Job Name : sbatch_etgent.sh
##  Nodelist : node1650
##      CPUs : 8
##  Mem/Node : 2048 MB
## Directory : /oscar/home/trazzaz/AFQMC
##   Job Started : Tue Nov 26 01:19:37 PM EST 2024
###############################################################################
seed = 1237
U = -2.0
λₖ = 0.4
Warming up
128/512
256/512
384/512
512/512
Measuring
128/1024
256/1024
384/1024
512/1024
640/1024
768/1024
896/1024
1024/1024
29621.509362 seconds (55.04 M allocations: 168.239 GiB, 0.08% gc time, 0.03% compilation time)
