## SLURM PROLOG ###############################################################
##    Job ID : 7671137
##  Job Name : sbatch_etgent.sh
##  Nodelist : node1752
##      CPUs : 8
##  Mem/Node : 4096 MB
## Directory : /oscar/home/trazzaz/AFQMC
##   Job Started : Sun Jan 19 03:20:37 AM EST 2025
###############################################################################
seed = 1247
U = 2.0
β = 6.0
Warming up
128/1024
256/1024
384/1024
512/1024
640/1024
768/1024
896/1024
1024/1024
Measuring
128/16384
mean(sgnprob[1:i - 1]) = 0.05511811023622047
256/16384
mean(sgnprob[1:i - 1]) = 0.16862745098039217
384/16384
mean(sgnprob[1:i - 1]) = 0.044386422976501305
512/16384
mean(sgnprob[1:i - 1]) = 0.07240704500978473
640/16384
mean(sgnprob[1:i - 1]) = 0.11737089201877934
768/16384
mean(sgnprob[1:i - 1]) = 0.03259452411994785
896/16384
mean(sgnprob[1:i - 1]) = -0.0033519553072625698
1024/16384
mean(sgnprob[1:i - 1]) = -0.030303030303030304
1152/16384
mean(sgnprob[1:i - 1]) = -0.013032145960034752
1280/16384
mean(sgnprob[1:i - 1]) = -0.03205629397967162
1408/16384
mean(sgnprob[1:i - 1]) = -0.013503909026297086
1536/16384
mean(sgnprob[1:i - 1]) = 0.01758957654723127
1664/16384
mean(sgnprob[1:i - 1]) = 0.03668069753457607
1792/16384
mean(sgnprob[1:i - 1]) = 0.05080960357342267
1920/16384
mean(sgnprob[1:i - 1]) = 0.05784262636789995
2048/16384
mean(sgnprob[1:i - 1]) = 0.04152418172936004
2176/16384
mean(sgnprob[1:i - 1]) = 0.031724137931034485
2304/16384
mean(sgnprob[1:i - 1]) = 0.007381676074685193
2432/16384
mean(sgnprob[1:i - 1]) = 0.020156314273961334
2560/16384
mean(sgnprob[1:i - 1]) = 0.03712387651426338
2688/16384
mean(sgnprob[1:i - 1]) = 0.04503163379233346
2816/16384
mean(sgnprob[1:i - 1]) = 0.0522202486678508
2944/16384
mean(sgnprob[1:i - 1]) = 0.060142711518858305
3072/16384
mean(sgnprob[1:i - 1]) = 0.06089221751872354
3200/16384
mean(sgnprob[1:i - 1]) = 0.04845264145045327
3328/16384
mean(sgnprob[1:i - 1]) = 0.04177938082356477
3456/16384
mean(sgnprob[1:i - 1]) = 0.04544138929088278
3584/16384
mean(sgnprob[1:i - 1]) = 0.04605079542283003
3712/16384
mean(sgnprob[1:i - 1]) = 0.038534087846941525
3840/16384
mean(sgnprob[1:i - 1]) = 0.04923157072154207
3968/16384
mean(sgnprob[1:i - 1]) = 0.040584824804638264
4096/16384
mean(sgnprob[1:i - 1]) = 0.04664224664224664
4224/16384
mean(sgnprob[1:i - 1]) = 0.040492540847738574
4352/16384
mean(sgnprob[1:i - 1]) = 0.033325672259250746
4480/16384
mean(sgnprob[1:i - 1]) = 0.025228845724492074
4608/16384
mean(sgnprob[1:i - 1]) = 0.028434990232255264
4736/16384
mean(sgnprob[1:i - 1]) = 0.02259767687434002
4864/16384
mean(sgnprob[1:i - 1]) = 0.022414147645486326
4992/16384
mean(sgnprob[1:i - 1]) = 0.01622921258264877
5120/16384
mean(sgnprob[1:i - 1]) = 0.020511818714592695
5248/16384
mean(sgnprob[1:i - 1]) = 0.02267962645321136
5376/16384
mean(sgnprob[1:i - 1]) = 0.013581395348837209
5504/16384
mean(sgnprob[1:i - 1]) = 0.018717063419952752
5632/16384
mean(sgnprob[1:i - 1]) = 0.02397442727757059
5760/16384
mean(sgnprob[1:i - 1]) = 0.015106789373155061
5888/16384
mean(sgnprob[1:i - 1]) = 0.009342619330728724
6016/16384
mean(sgnprob[1:i - 1]) = 0.014463840399002495
6144/16384
mean(sgnprob[1:i - 1]) = 0.017092625752889466
6272/16384
mean(sgnprob[1:i - 1]) = 0.02120873863817573
6400/16384
mean(sgnprob[1:i - 1]) = 0.023597437099546804
6528/16384
mean(sgnprob[1:i - 1]) = 0.029263061130687912
6656/16384
mean(sgnprob[1:i - 1]) = 0.03110443275732532
6784/16384
mean(sgnprob[1:i - 1]) = 0.024325519681556832
6912/16384
mean(sgnprob[1:i - 1]) = 0.021270438431486037
7040/16384
mean(sgnprob[1:i - 1]) = 0.02571387981247336
7168/16384
mean(sgnprob[1:i - 1]) = 0.031393888656341566
7296/16384
mean(sgnprob[1:i - 1]) = 0.03660041124057574
7424/16384
mean(sgnprob[1:i - 1]) = 0.04054964300148188
7552/16384
mean(sgnprob[1:i - 1]) = 0.041716328963051254
7680/16384
mean(sgnprob[1:i - 1]) = 0.04284412032816773
7808/16384
mean(sgnprob[1:i - 1]) = 0.03548097860894069
7936/16384
mean(sgnprob[1:i - 1]) = 0.03213610586011342
8064/16384
mean(sgnprob[1:i - 1]) = 0.034602505270990944
8192/16384
mean(sgnprob[1:i - 1]) = 0.038945183738249296
8320/16384
mean(sgnprob[1:i - 1]) = 0.03498016588532275
8448/16384
mean(sgnprob[1:i - 1]) = 0.037764886942109624
8576/16384
mean(sgnprob[1:i - 1]) = 0.040699708454810496
8704/16384
mean(sgnprob[1:i - 1]) = 0.04377800758359186
8832/16384
mean(sgnprob[1:i - 1]) = 0.04518174612161703
8960/16384
mean(sgnprob[1:i - 1]) = 0.04364326375711575
9088/16384
mean(sgnprob[1:i - 1]) = 0.045889732585011556
9216/16384
mean(sgnprob[1:i - 1]) = 0.04785675529028757
9344/16384
mean(sgnprob[1:i - 1]) = 0.04891362517392701
9472/16384
mean(sgnprob[1:i - 1]) = 0.04529616724738676
9600/16384
mean(sgnprob[1:i - 1]) = 0.04719241587665382
9728/16384
mean(sgnprob[1:i - 1]) = 0.04965559782049964
9856/16384
mean(sgnprob[1:i - 1]) = 0.051445966514459665
9984/16384
mean(sgnprob[1:i - 1]) = 0.052789742562356
10112/16384
mean(sgnprob[1:i - 1]) = 0.055484126199189
10240/16384
mean(sgnprob[1:i - 1]) = 0.05811114366637367
10368/16384
mean(sgnprob[1:i - 1]) = 0.060866210089707724
10496/16384
mean(sgnprob[1:i - 1]) = 0.06298237255836113
10624/16384
mean(sgnprob[1:i - 1]) = 0.06429445542690389
10752/16384
mean(sgnprob[1:i - 1]) = 0.06743558738721979
10880/16384
mean(sgnprob[1:i - 1]) = 0.06756135674234764
11008/16384
mean(sgnprob[1:i - 1]) = 0.06423185245752702
11136/16384
mean(sgnprob[1:i - 1]) = 0.06618769645262686
11264/16384
mean(sgnprob[1:i - 1]) = 0.06934209358075114
11392/16384
mean(sgnprob[1:i - 1]) = 0.071898867526995
11520/16384
mean(sgnprob[1:i - 1]) = 0.07405156697630003
11648/16384
mean(sgnprob[1:i - 1]) = 0.06945994676740791
11776/16384
mean(sgnprob[1:i - 1]) = 0.06496815286624204
11904/16384
mean(sgnprob[1:i - 1]) = 0.06678988490296564
12032/16384
mean(sgnprob[1:i - 1]) = 0.06873909068240379
12160/16384
mean(sgnprob[1:i - 1]) = 0.06554815363105519
12288/16384
mean(sgnprob[1:i - 1]) = 0.06242369984536502
12416/16384
mean(sgnprob[1:i - 1]) = 0.06322996375352397
12544/16384
mean(sgnprob[1:i - 1]) = 0.06577373834011002
12672/16384
mean(sgnprob[1:i - 1]) = 0.06763475653066056
12800/16384
mean(sgnprob[1:i - 1]) = 0.06492694741776701
12928/16384
mean(sgnprob[1:i - 1]) = 0.06521234625203064
13056/16384
mean(sgnprob[1:i - 1]) = 0.062428188433550365
13184/16384
mean(sgnprob[1:i - 1]) = 0.06030493817795646
13312/16384
mean(sgnprob[1:i - 1]) = 0.06242956952896101
13440/16384
mean(sgnprob[1:i - 1]) = 0.05975146960339311
13568/16384
mean(sgnprob[1:i - 1]) = 0.057566153165769886
13696/16384
mean(sgnprob[1:i - 1]) = 0.05542168674698795
13824/16384
mean(sgnprob[1:i - 1]) = 0.052882876365477824
13952/16384
mean(sgnprob[1:i - 1]) = 0.054548061070890975
14080/16384
mean(sgnprob[1:i - 1]) = 0.05277363449108601
14208/16384
mean(sgnprob[1:i - 1]) = 0.05356514394312663
14336/16384
mean(sgnprob[1:i - 1]) = 0.05420299965120335
14464/16384
mean(sgnprob[1:i - 1]) = 0.0555209845813455
14592/16384
mean(sgnprob[1:i - 1]) = 0.057638270166541015
14720/16384
mean(sgnprob[1:i - 1]) = 0.05958285209593043
14848/16384
mean(sgnprob[1:i - 1]) = 0.06055095305448912
14976/16384
mean(sgnprob[1:i - 1]) = 0.061235392320534224
15104/16384
mean(sgnprob[1:i - 1]) = 0.0637621664569953
15232/16384
mean(sgnprob[1:i - 1]) = 0.06178189219355262
15360/16384
mean(sgnprob[1:i - 1]) = 0.0628296113028192
15488/16384
mean(sgnprob[1:i - 1]) = 0.059985794537353906
15616/16384
mean(sgnprob[1:i - 1]) = 0.057572846621837974
15744/16384
mean(sgnprob[1:i - 1]) = 0.05888331321857333
15872/16384
mean(sgnprob[1:i - 1]) = 0.05954256190536198
16000/16384
mean(sgnprob[1:i - 1]) = 0.056566035377211075
16128/16384
mean(sgnprob[1:i - 1]) = 0.058597383270292056
16256/16384
mean(sgnprob[1:i - 1]) = 0.05973546601045832
16384/16384
mean(sgnprob[1:i - 1]) = 0.06097784288591833
754.080618 seconds (167.10 M allocations: 70.745 GiB, 2.26% gc time, 1.37% compilation time)
