## SLURM PROLOG ###############################################################
##    Job ID : 8834071
##  Job Name : sbatch_etgent.sh
##  Nodelist : node1735
##      CPUs : 8
##  Mem/Node : 4096 MB
## Directory : /oscar/home/trazzaz/AFQMC
##   Job Started : Fri Feb 28 06:03:39 AM EST 2025
###############################################################################
seed = 1625
U = 2.0
β = 6.0
Warming up
128/1024
256/1024
384/1024
512/1024
640/1024
768/1024
896/1024
1024/1024
Measuring
128/16384
mean(sgnprob[1:i - 1]) = 0.5275590551181102
256/16384
mean(sgnprob[1:i - 1]) = 0.5372549019607843
384/16384
mean(sgnprob[1:i - 1]) = 0.5248041775456919
512/16384
mean(sgnprob[1:i - 1]) = 0.5146771037181996
640/16384
mean(sgnprob[1:i - 1]) = 0.514866979655712
768/16384
mean(sgnprob[1:i - 1]) = 0.5202086049543677
896/16384
mean(sgnprob[1:i - 1]) = 0.5106145251396648
1024/16384
mean(sgnprob[1:i - 1]) = 0.36656891495601174
1152/16384
mean(sgnprob[1:i - 1]) = 0.26498696785403997
1280/16384
mean(sgnprob[1:i - 1]) = 0.19781078967943705
1408/16384
mean(sgnprob[1:i - 1]) = 0.13432835820895522
1536/16384
mean(sgnprob[1:i - 1]) = 0.1739413680781759
1664/16384
mean(sgnprob[1:i - 1]) = 0.12447384245339747
1792/16384
mean(sgnprob[1:i - 1]) = 0.15019542155220547
1920/16384
mean(sgnprob[1:i - 1]) = 0.17665450755601875
2048/16384
mean(sgnprob[1:i - 1]) = 0.20175867122618465
2176/16384
mean(sgnprob[1:i - 1]) = 0.1632183908045977
2304/16384
mean(sgnprob[1:i - 1]) = 0.12114633087277464
2432/16384
mean(sgnprob[1:i - 1]) = 0.14027149321266968
2560/16384
mean(sgnprob[1:i - 1]) = 0.15670183665494333
2688/16384
mean(sgnprob[1:i - 1]) = 0.126163007071083
2816/16384
mean(sgnprob[1:i - 1]) = 0.1438721136767318
2944/16384
mean(sgnprob[1:i - 1]) = 0.11247026843357119
3072/16384
mean(sgnprob[1:i - 1]) = 0.13057635949202215
3200/16384
mean(sgnprob[1:i - 1]) = 0.1453579243513598
3328/16384
mean(sgnprob[1:i - 1]) = 0.16080553050796514
3456/16384
mean(sgnprob[1:i - 1]) = 0.1698986975397974
3584/16384
mean(sgnprob[1:i - 1]) = 0.18671504325983812
3712/16384
mean(sgnprob[1:i - 1]) = 0.20021557531662626
3840/16384
mean(sgnprob[1:i - 1]) = 0.2086480854389164
3968/16384
mean(sgnprob[1:i - 1]) = 0.21502394756743132
4096/16384
mean(sgnprob[1:i - 1]) = 0.22197802197802197
4224/16384
mean(sgnprob[1:i - 1]) = 0.2285105375325598
4352/16384
mean(sgnprob[1:i - 1]) = 0.2369570213743967
4480/16384
mean(sgnprob[1:i - 1]) = 0.21723599017637865
4608/16384
mean(sgnprob[1:i - 1]) = 0.22509225092250923
4736/16384
mean(sgnprob[1:i - 1]) = 0.23421330517423442
4864/16384
mean(sgnprob[1:i - 1]) = 0.2453218178079375
4992/16384
mean(sgnprob[1:i - 1]) = 0.22540573031456623
5120/16384
mean(sgnprob[1:i - 1]) = 0.23500683727290486
5248/16384
mean(sgnprob[1:i - 1]) = 0.24109014675052412
5376/16384
mean(sgnprob[1:i - 1]) = 0.25246511627906976
5504/16384
mean(sgnprob[1:i - 1]) = 0.23350899509358533
5632/16384
mean(sgnprob[1:i - 1]) = 0.24063221452672703
5760/16384
mean(sgnprob[1:i - 1]) = 0.24882792151415176
5888/16384
mean(sgnprob[1:i - 1]) = 0.2318668252080856
6016/16384
mean(sgnprob[1:i - 1]) = 0.23524522028262676
6144/16384
mean(sgnprob[1:i - 1]) = 0.24238971186716587
6272/16384
mean(sgnprob[1:i - 1]) = 0.2489236166480625
6400/16384
mean(sgnprob[1:i - 1]) = 0.2558212220659478
6528/16384
mean(sgnprob[1:i - 1]) = 0.25969051631683776
6656/16384
mean(sgnprob[1:i - 1]) = 0.2622088655146506
6784/16384
mean(sgnprob[1:i - 1]) = 0.26758071649712517
6912/16384
mean(sgnprob[1:i - 1]) = 0.27246418752713064
7040/16384
mean(sgnprob[1:i - 1]) = 0.2771700525642847
7168/16384
mean(sgnprob[1:i - 1]) = 0.28310311148318684
7296/16384
mean(sgnprob[1:i - 1]) = 0.269910897875257
7424/16384
mean(sgnprob[1:i - 1]) = 0.2555570524046881
7552/16384
mean(sgnprob[1:i - 1]) = 0.2602304330552245
7680/16384
mean(sgnprob[1:i - 1]) = 0.24781872639666624
7808/16384
mean(sgnprob[1:i - 1]) = 0.25246573587805815
7936/16384
mean(sgnprob[1:i - 1]) = 0.2577189666036547
8064/16384
mean(sgnprob[1:i - 1]) = 0.2635495473148952
8192/16384
mean(sgnprob[1:i - 1]) = 0.2679770479794897
8320/16384
mean(sgnprob[1:i - 1]) = 0.25471811515807186
8448/16384
mean(sgnprob[1:i - 1]) = 0.2577246359654315
8576/16384
mean(sgnprob[1:i - 1]) = 0.2639067055393586
8704/16384
mean(sgnprob[1:i - 1]) = 0.26898770538894634
8832/16384
mean(sgnprob[1:i - 1]) = 0.2727890386139735
8960/16384
mean(sgnprob[1:i - 1]) = 0.2771514677977453
9088/16384
mean(sgnprob[1:i - 1]) = 0.28183118741058655
9216/16384
mean(sgnprob[1:i - 1]) = 0.2714053174172545
9344/16384
mean(sgnprob[1:i - 1]) = 0.2745370865888901
9472/16384
mean(sgnprob[1:i - 1]) = 0.2746278112131771
9600/16384
mean(sgnprob[1:i - 1]) = 0.2617981039691635
9728/16384
mean(sgnprob[1:i - 1]) = 0.2663719543538604
9856/16384
mean(sgnprob[1:i - 1]) = 0.2558092338914257
9984/16384
mean(sgnprob[1:i - 1]) = 0.259541220074126
10112/16384
mean(sgnprob[1:i - 1]) = 0.24992582336069627
10240/16384
mean(sgnprob[1:i - 1]) = 0.24094149819318292
10368/16384
mean(sgnprob[1:i - 1]) = 0.24549049869779108
10496/16384
mean(sgnprob[1:i - 1]) = 0.24840400190566936
10624/16384
mean(sgnprob[1:i - 1]) = 0.24013932034265273
10752/16384
mean(sgnprob[1:i - 1]) = 0.24323318761045484
10880/16384
mean(sgnprob[1:i - 1]) = 0.24625425130986303
11008/16384
mean(sgnprob[1:i - 1]) = 0.24847824111928773
11136/16384
mean(sgnprob[1:i - 1]) = 0.2526268522676246
11264/16384
mean(sgnprob[1:i - 1]) = 0.2554381603480423
11392/16384
mean(sgnprob[1:i - 1]) = 0.2455447282942674
11520/16384
mean(sgnprob[1:i - 1]) = 0.24993489018143936
11648/16384
mean(sgnprob[1:i - 1]) = 0.2535416845539624
11776/16384
mean(sgnprob[1:i - 1]) = 0.25690021231422505
11904/16384
mean(sgnprob[1:i - 1]) = 0.2601865076031253
12032/16384
mean(sgnprob[1:i - 1]) = 0.2637353503449422
12160/16384
mean(sgnprob[1:i - 1]) = 0.2570112673739617
12288/16384
mean(sgnprob[1:i - 1]) = 0.2592170586799056
12416/16384
mean(sgnprob[1:i - 1]) = 0.25026178010471206
12544/16384
mean(sgnprob[1:i - 1]) = 0.24244598580881765
12672/16384
mean(sgnprob[1:i - 1]) = 0.24457422460737116
12800/16384
mean(sgnprob[1:i - 1]) = 0.2385342604891007
12928/16384
mean(sgnprob[1:i - 1]) = 0.24034965575926356
13056/16384
mean(sgnprob[1:i - 1]) = 0.23309076981999233
13184/16384
mean(sgnprob[1:i - 1]) = 0.2243040279147387
13312/16384
mean(sgnprob[1:i - 1]) = 0.2280069115768913
13440/16384
mean(sgnprob[1:i - 1]) = 0.23089515588957513
13568/16384
mean(sgnprob[1:i - 1]) = 0.23446598363676568
13696/16384
mean(sgnprob[1:i - 1]) = 0.23680175246440308
13824/16384
mean(sgnprob[1:i - 1]) = 0.2393836359690371
13952/16384
mean(sgnprob[1:i - 1]) = 0.24177478316966525
14080/16384
mean(sgnprob[1:i - 1]) = 0.24497478514099014
14208/16384
mean(sgnprob[1:i - 1]) = 0.23769972548743576
14336/16384
mean(sgnprob[1:i - 1]) = 0.240320892919428
14464/16384
mean(sgnprob[1:i - 1]) = 0.2433105164903547
14592/16384
mean(sgnprob[1:i - 1]) = 0.24611061613323282
14720/16384
mean(sgnprob[1:i - 1]) = 0.23948637815068957
14848/16384
mean(sgnprob[1:i - 1]) = 0.24078938506095507
14976/16384
mean(sgnprob[1:i - 1]) = 0.24487479131886478
15104/16384
mean(sgnprob[1:i - 1]) = 0.24783155664437528
15232/16384
mean(sgnprob[1:i - 1]) = 0.24981944718009322
15360/16384
mean(sgnprob[1:i - 1]) = 0.25333680578162643
15488/16384
mean(sgnprob[1:i - 1]) = 0.2546006327887906
15616/16384
mean(sgnprob[1:i - 1]) = 0.2558437399935959
15744/16384
mean(sgnprob[1:i - 1]) = 0.2575747951470495
15872/16384
mean(sgnprob[1:i - 1]) = 0.25952996030495873
16000/16384
mean(sgnprob[1:i - 1]) = 0.2617038564910307
16128/16384
mean(sgnprob[1:i - 1]) = 0.26334718174489985
16256/16384
mean(sgnprob[1:i - 1]) = 0.26484158720393725
16384/16384
mean(sgnprob[1:i - 1]) = 0.2675334187877678
738.549978 seconds (167.11 M allocations: 70.745 GiB, 1.44% gc time, 1.21% compilation time)
