## SLURM PROLOG ###############################################################
##    Job ID : 8822244
##  Job Name : sbatch_etgent.sh
##  Nodelist : node1648
##      CPUs : 8
##  Mem/Node : 4096 MB
## Directory : /oscar/home/trazzaz/AFQMC
##   Job Started : Thu Feb 27 05:33:58 PM EST 2025
###############################################################################
seed = 1239
U = 2.0
β = 6.0
Warming up
128/1024
256/1024
384/1024
512/1024
640/1024
768/1024
896/1024
1024/1024
Measuring
128/16384
mean(sgnprob[1:i - 1]) = 0.48031496062992124
256/16384
mean(sgnprob[1:i - 1]) = 0.058823529411764705
384/16384
mean(sgnprob[1:i - 1]) = 0.16449086161879894
512/16384
mean(sgnprob[1:i - 1]) = 0.26418786692759294
640/16384
mean(sgnprob[1:i - 1]) = 0.3208137715179969
768/16384
mean(sgnprob[1:i - 1]) = 0.3428943937418514
896/16384
mean(sgnprob[1:i - 1]) = 0.3564245810055866
1024/16384
mean(sgnprob[1:i - 1]) = 0.386119257086999
1152/16384
mean(sgnprob[1:i - 1]) = 0.39009556907037357
1280/16384
mean(sgnprob[1:i - 1]) = 0.3964034401876466
1408/16384
mean(sgnprob[1:i - 1]) = 0.3319118692253021
1536/16384
mean(sgnprob[1:i - 1]) = 0.3472312703583062
1664/16384
mean(sgnprob[1:i - 1]) = 0.3577871316897174
1792/16384
mean(sgnprob[1:i - 1]) = 0.3646007816862088
1920/16384
mean(sgnprob[1:i - 1]) = 0.3600833767587285
2048/16384
mean(sgnprob[1:i - 1]) = 0.3063019052271617
2176/16384
mean(sgnprob[1:i - 1]) = 0.3167816091954023
2304/16384
mean(sgnprob[1:i - 1]) = 0.3252279635258359
2432/16384
mean(sgnprob[1:i - 1]) = 0.3344302756067462
2560/16384
mean(sgnprob[1:i - 1]) = 0.34661977334896443
2688/16384
mean(sgnprob[1:i - 1]) = 0.3583922590249349
2816/16384
mean(sgnprob[1:i - 1]) = 0.36483126110124336
2944/16384
mean(sgnprob[1:i - 1]) = 0.37138973836221545
3072/16384
mean(sgnprob[1:i - 1]) = 0.3774014978834256
3200/16384
mean(sgnprob[1:i - 1]) = 0.3835573616755236
3328/16384
mean(sgnprob[1:i - 1]) = 0.35317102494740005
3456/16384
mean(sgnprob[1:i - 1]) = 0.3261939218523878
3584/16384
mean(sgnprob[1:i - 1]) = 0.3011442924923249
3712/16384
mean(sgnprob[1:i - 1]) = 0.2718943680948531
3840/16384
mean(sgnprob[1:i - 1]) = 0.25501432664756446
3968/16384
mean(sgnprob[1:i - 1]) = 0.2609024451726746
4096/16384
mean(sgnprob[1:i - 1]) = 0.2713064713064713
4224/16384
mean(sgnprob[1:i - 1]) = 0.27587023443049963
4352/16384
mean(sgnprob[1:i - 1]) = 0.2535049413927833
4480/16384
mean(sgnprob[1:i - 1]) = 0.2632283991962492
4608/16384
mean(sgnprob[1:i - 1]) = 0.24679835033644454
4736/16384
mean(sgnprob[1:i - 1]) = 0.25448785638859556
4864/16384
mean(sgnprob[1:i - 1]) = 0.25889368702447046
4992/16384
mean(sgnprob[1:i - 1]) = 0.2646764175515929
5120/16384
mean(sgnprob[1:i - 1]) = 0.26821644852510257
5248/16384
mean(sgnprob[1:i - 1]) = 0.2502382313703068
5376/16384
mean(sgnprob[1:i - 1]) = 0.23237209302325582
5504/16384
mean(sgnprob[1:i - 1]) = 0.23641650009085954
5632/16384
mean(sgnprob[1:i - 1]) = 0.22145267270467056
5760/16384
mean(sgnprob[1:i - 1]) = 0.2064594547664525
5888/16384
mean(sgnprob[1:i - 1]) = 0.21216239171054865
6016/16384
mean(sgnprob[1:i - 1]) = 0.19933499584372402
6144/16384
mean(sgnprob[1:i - 1]) = 0.20559986977047046
6272/16384
mean(sgnprob[1:i - 1]) = 0.19311114654760006
6400/16384
mean(sgnprob[1:i - 1]) = 0.19987498046569777
6528/16384
mean(sgnprob[1:i - 1]) = 0.18676267810632757
6656/16384
mean(sgnprob[1:i - 1]) = 0.18918106686701727
6784/16384
mean(sgnprob[1:i - 1]) = 0.19504643962848298
6912/16384
mean(sgnprob[1:i - 1]) = 0.20300969468962524
7040/16384
mean(sgnprob[1:i - 1]) = 0.20642136667140218
7168/16384
mean(sgnprob[1:i - 1]) = 0.20915306264824893
7296/16384
mean(sgnprob[1:i - 1]) = 0.19753255654557916
7424/16384
mean(sgnprob[1:i - 1]) = 0.18469621446854373
7552/16384
mean(sgnprob[1:i - 1]) = 0.17203019467620181
7680/16384
mean(sgnprob[1:i - 1]) = 0.16056778226331553
7808/16384
mean(sgnprob[1:i - 1]) = 0.16408351479441527
7936/16384
mean(sgnprob[1:i - 1]) = 0.16748582230623818
8064/16384
mean(sgnprob[1:i - 1]) = 0.1725164330894208
8192/16384
mean(sgnprob[1:i - 1]) = 0.1744597729214992
8320/16384
mean(sgnprob[1:i - 1]) = 0.17850703209520374
8448/16384
mean(sgnprob[1:i - 1]) = 0.1833787143364508
8576/16384
mean(sgnprob[1:i - 1]) = 0.18670553935860057
8704/16384
mean(sgnprob[1:i - 1]) = 0.17591635068367228
8832/16384
mean(sgnprob[1:i - 1]) = 0.17925489752009965
8960/16384
mean(sgnprob[1:i - 1]) = 0.1684339770063623
9088/16384
mean(sgnprob[1:i - 1]) = 0.16980301529657754
9216/16384
mean(sgnprob[1:i - 1]) = 0.1741725447639718
9344/16384
mean(sgnprob[1:i - 1]) = 0.16429412394305898
9472/16384
mean(sgnprob[1:i - 1]) = 0.16925351071692535
9600/16384
mean(sgnprob[1:i - 1]) = 0.16262110636524638
9728/16384
mean(sgnprob[1:i - 1]) = 0.15575203043075975
9856/16384
mean(sgnprob[1:i - 1]) = 0.14784373414510402
9984/16384
mean(sgnprob[1:i - 1]) = 0.151757988580587
10112/16384
mean(sgnprob[1:i - 1]) = 0.15438631193749383
10240/16384
mean(sgnprob[1:i - 1]) = 0.1573395839437445
10368/16384
mean(sgnprob[1:i - 1]) = 0.1598340889360471
10496/16384
mean(sgnprob[1:i - 1]) = 0.16417341591233922
10624/16384
mean(sgnprob[1:i - 1]) = 0.16803162948319683
10752/16384
mean(sgnprob[1:i - 1]) = 0.16026416147335132
10880/16384
mean(sgnprob[1:i - 1]) = 0.15304715506939975
11008/16384
mean(sgnprob[1:i - 1]) = 0.15871717997637866
11136/16384
mean(sgnprob[1:i - 1]) = 0.16264032330489447
11264/16384
mean(sgnprob[1:i - 1]) = 0.16505371570629496
11392/16384
mean(sgnprob[1:i - 1]) = 0.16793960143973313
11520/16384
mean(sgnprob[1:i - 1]) = 0.1707613508117024
11648/16384
mean(sgnprob[1:i - 1]) = 0.16442002232334507
11776/16384
mean(sgnprob[1:i - 1]) = 0.16721868365180467
11904/16384
mean(sgnprob[1:i - 1]) = 0.15937158699487525
12032/16384
mean(sgnprob[1:i - 1]) = 0.16183193417006067
12160/16384
mean(sgnprob[1:i - 1]) = 0.16654330125832717
12288/16384
mean(sgnprob[1:i - 1]) = 0.16936599658175308
12416/16384
mean(sgnprob[1:i - 1]) = 0.1726137736608941
12544/16384
mean(sgnprob[1:i - 1]) = 0.17499800685641392
12672/16384
mean(sgnprob[1:i - 1]) = 0.1686528292952411
12800/16384
mean(sgnprob[1:i - 1]) = 0.17071646222361123
12928/16384
mean(sgnprob[1:i - 1]) = 0.17459580722518758
13056/16384
mean(sgnprob[1:i - 1]) = 0.17747989276139411
13184/16384
mean(sgnprob[1:i - 1]) = 0.1800045513160889
13312/16384
mean(sgnprob[1:i - 1]) = 0.18218015175418825
13440/16384
mean(sgnprob[1:i - 1]) = 0.17672445866507924
13568/16384
mean(sgnprob[1:i - 1]) = 0.178742537038402
13696/16384
mean(sgnprob[1:i - 1]) = 0.18130704636728734
13824/16384
mean(sgnprob[1:i - 1]) = 0.1838240613470303
13952/16384
mean(sgnprob[1:i - 1]) = 0.18715504264927246
14080/16384
mean(sgnprob[1:i - 1]) = 0.18943106754741104
14208/16384
mean(sgnprob[1:i - 1]) = 0.19222918279721266
14336/16384
mean(sgnprob[1:i - 1]) = 0.18590861527729333
14464/16384
mean(sgnprob[1:i - 1]) = 0.18744382216690866
14592/16384
mean(sgnprob[1:i - 1]) = 0.18045370433829072
14720/16384
mean(sgnprob[1:i - 1]) = 0.17603098036551396
14848/16384
mean(sgnprob[1:i - 1]) = 0.16979861251431266
14976/16384
mean(sgnprob[1:i - 1]) = 0.17141903171953254
15104/16384
mean(sgnprob[1:i - 1]) = 0.166523207309806
15232/16384
mean(sgnprob[1:i - 1]) = 0.16945702842886218
15360/16384
mean(sgnprob[1:i - 1]) = 0.1636174230093105
15488/16384
mean(sgnprob[1:i - 1]) = 0.1594240330599858
15616/16384
mean(sgnprob[1:i - 1]) = 0.16208773615113672
15744/16384
mean(sgnprob[1:i - 1]) = 0.16458108365622817
15872/16384
mean(sgnprob[1:i - 1]) = 0.1666561653329973
16000/16384
mean(sgnprob[1:i - 1]) = 0.16894805925370335
16128/16384
mean(sgnprob[1:i - 1]) = 0.16425869659577108
16256/16384
mean(sgnprob[1:i - 1]) = 0.16025838203629653
16384/16384
mean(sgnprob[1:i - 1]) = 0.15473356528108406
754.322196 seconds (167.11 M allocations: 70.745 GiB, 2.08% gc time, 1.26% compilation time)
