## SLURM PROLOG ###############################################################
##    Job ID : 5959495
##  Job Name : etgent_N(1,2)_seed1260
##  Nodelist : node1740
##      CPUs : 8
##  Mem/Node : 2048 MB
## Directory : /oscar/home/trazzaz/AFQMC
##   Job Started : Tue Nov 12 12:30:07 AM EST 2024
###############################################################################
U = 2.0
seed = 1260
λₖ = 0.0
Warming up
128/512
256/512
384/512
512/512
Measuring
0.7904190334726366
0.7279391658823546
0.7567431919917736
1.1189394626051372
0.6967179317626867
0.7747865497322337
0.7712713604356665
0.43344423294757606
0.7099870919408073
0.6344826678335974
0.8043014683745187
0.7815726914763479
-0.32010213227211326
0.7997794469553464
0.5469582917253301
0.7737723259958327
0.5232505550179011
0.7689134556708475
0.7574948850667614
0.5550514867259333
0.6835083923311178
0.7786131571850456
0.5930731865243106
0.8340290805581941
0.6342832738424075
0.7801818546605293
0.6562143976709018
0.8091339683760712
0.6444494351127158
0.6757019201444616
0.6103982306219297
0.7226518641838808
0.32920864824533513
0.6956770570069288
0.7941034187876275
0.6651332583791291
0.7387003670131236
1.280105179220054
0.7877107863159467
0.6567354412411406
0.5420614111832514
0.8625311808839806
0.6109391432447313
0.7601265390357608
0.32627273005780016
0.5597837947147845
0.6086690207503778
0.6626754581495934
0.6449657107741961
0.6586402245121173
0.7542527161673763
0.8076066348501167
0.7582296783069451
0.7206355737752135
0.6809740749982495
0.7743223658799816
0.730060684863354
0.6064351523185938
0.6878783733103258
0.7038954345769902
0.8008656357005925
0.6214387349035979
0.7904261649552646
1.1030067844289009
0.7217675857993622
1.0758098296765533
0.7894044237764152
0.7470800692374836
0.7138703183194146
0.7238681314948565
0.6751726814424617
0.7690918527426496
0.7718786261565513
0.7385044301856185
0.40110305648230327
0.8485223001575661
0.7774516361577692
0.6485391410153223
1.0963779473895505
0.7160913189897615
0.5192855811664285
0.837875203681937
0.6882498203309504
0.5021506034350025
0.5666037747299332
0.7812511195118037
0.7457812802229129
0.6610987213380579
0.8448344323136355
0.6879157256749482
0.6548087194432287
0.7325589129527472
0.5899466298276866
0.6436603053236688
0.7794096984847112
0.611315416629328
0.7779094283565173
0.32066031370212034
0.5734754547128125
0.7332437364855917
0.8698492846494785
0.6035971276881126
0.7054553170533668
0.6689061785515277
0.7462716847760674
0.7002037249386095
0.4817649330987061
0.642086446638193
0.7392796326796418
0.7912697717055466
1.0360697851727565
0.5964000841017317
0.5177491407979157
0.8010455684052389
-0.18249142466508983
0.6688164165627757
0.45523490152974133
0.669409589766691
0.6178650162232725
0.7978358603178561
0.7933207976474299
0.20423523226052664
0.7463528841769302
0.6599870206843833
0.878695635332783
0.6283905309371665
0.222561497948845
128/1024
0.5615492973383487
0.6228229365510304
0.4337202377986652
1.4017623885835062
0.46392358875411477
1.4958197681235788
1.2499629871237499
1.3075326043015931
1.1279651192931595
0.31695805311847997
1.3258503396766104
0.5884902919588689
0.2767716918060487
0.4456773724852855
1.1304471005788796
1.3989821830362428
1.6156550372003693
0.8496591532205259
0.2565024024055002
1.225047275625951
1.2227075161926266
1.556511123635028
0.6400595502747828
0.7979446946378751
0.8777736571762429
1.3602111056326687
0.9114944605005967
1.3456642040175504
1.0843434039419273
1.3208326811133024
0.7569967951631001
0.41836368225526366
1.100140192955606
0.6194164218182321
1.0977424951984116
0.6571119492950803
0.5862384148347518
-0.23267932296486626
1.2084965614273362
1.2481903449031289
0.5160350863950447
1.4237932588655189
0.07532101759489052
1.4231790467139303
0.9254249144943911
0.7014520897548963
0.8260832299666692
0.9613260060564033
0.40823586953315516
1.5629183788938286
0.7828023023551325
0.33038989156547266
-0.05773627859748531
0.47484960274479127
0.5805209640005875
0.21973153108675703
1.1900086363516904
0.8902553685850825
0.8071481606598971
0.620219259305782
0.519704891295539
1.4800374649444246
0.2699635890596964
0.21394966637401436
1.2984390170866544
0.5595509114283213
1.6535706491127256
1.4345443713575359
0.5241879706975421
0.1317930358936219
0.9823287989100198
0.47067748685315164
0.2849700641090439
1.2575639223477175
0.2245164674338205
1.3808806673820164
1.1359029732414434
1.2516855703340934
0.2719201445961591
1.3521886759848452
0.8827255147425715
1.0944700233088864
0.7734706792971654
1.4556906955768067
1.1131806320078657
1.7077992358422758
0.579951596600363
0.26233167093841814
1.3350452610965515
0.7687018912490318
1.1969407573775668
0.5256865736794033
0.4112069339325666
1.289593117785708
1.669161837613245
1.090061411733211
1.36091363124525
0.7469532234984934
0.8436318082509165
1.7948275632135662
1.4724739070502861
0.9762022055975156
1.3841271508998445
1.3536538301999719
1.5680158107687707
1.3764979289862176
0.620455172632687
0.1955854058995698
1.429574079087939
1.024170916642308
0.5931891754092501
1.4134820302243343
1.2883962242273752
0.5912911365163246
0.8067064214869073
1.3778667925655192
0.6179305348477634
0.8182285338745534
1.8503122850791187
-0.10211741017360981
0.3930777683248875
0.35454240375773516
0.3693079189818917
1.5064664894309627
0.6422471246412057
0.967021324916687
0.34222595532354805
0.3719764564650911
256/1024
0.6226599499018279
0.7148454502317587
1.0032775926090707
0.6784114367874017
0.6264228776846941
0.67484018472208
0.7651464870081446
0.6903591480510624
0.7860781619823098
0.6840423620487383
0.5855733947995236
0.909841774854867
0.706759996106583
0.688975553657435
0.6879775069854277
0.738215490175404
0.6901569502638177
0.6917404578676345
0.6957355477853863
0.7084265729375183
0.4737720960122345
0.7260796548056287
0.8830037494567953
0.529479822031331
0.7033711957713102
0.6519586109298525
0.712760822427427
0.7270832916672343
0.6649556798068799
0.7492744477226423
0.10705173221232822
0.8919558193095017
0.6761209551848183
0.7554030499653852
0.7274744603715535
0.5871476093813717
0.7798702692579744
0.6981113814061414
0.7097103883767807
0.5599196990647107
0.6892646349446493
0.6910370500372545
0.7294139544733098
0.7148152341684136
0.5550560896357306
0.723520806865327
0.6958869384977154
0.7123599736316102
0.6997166525244215
0.7154884672089797
0.7261562858814758
0.7325246103508609
0.6986568799249921
0.6795486123277046
0.7314837334537883
0.7095208418106398
0.6995855861922122
0.5332539707474323
0.4515168283305614
1.13697829511087
0.7289502117877014
0.7575214011885008
0.6948747014963434
0.7576932510353056
0.7006486832917718
0.7422028844122385
0.7152511046952746
0.6707263558414305
0.7859709891405329
0.8315421719981172
0.7718637911779153
0.6418131491032928
0.8367546113075832
0.7437311046373984
0.5906667557036022
0.7394012805106777
0.6872234020025447
0.7568793014924665
0.6731265585519252
0.859613321307403
0.36330870360081746
0.8354407846015369
0.7268905715298379
0.69930960604646
0.521593830325002
0.7036904270277088
0.7033941966711382
0.5590851117437583
0.48758002713889137
0.7566266399430713
0.1265348905581316
1.2011509733491483
0.18254252470187327
0.4860889364198131
0.7214922756662684
0.8312444415865002
0.7069136491341316
0.5871236684083638
1.0689790892849333
0.7136045985069501
0.6110408625274001
0.730082591828058
0.45363794833969706
0.7048663981468863
0.6037058600300025
0.4764981770448392
0.5650100976614989
0.6675072850792455
0.9856380296110531
0.7847274730789444
0.732058181072335
1.2370364775260467
0.7110981830805274
0.6537289273137102
0.5343984801626831
0.6444951756401963
1.0096520593236393
0.9222004943692603
0.7045822341107857
0.41142943019943296
0.8357004895617665
0.7245938896256123
0.5342129463008818
0.5986520115851468
0.4225776155289347
0.7179258097987222
0.8275930751635369
1.0933410337322194
384/1024
0.7016708147760629
0.6409385211181733
0.7212005306675413
0.5854601089914802
0.85622786026831
0.7205506736593256
0.5978940021265435
0.7026375949541213
0.6425522162957691
0.8810317758318672
0.5355193223553893
0.6414410264821362
0.810684691997503
0.6015397611653582
0.5709777372184033
0.5660993283603221
0.83631603280031
0.5827186933527508
0.5741932929123528
0.6970144332461375
0.5792851314933133
0.6540222256755448
0.8282059759436248
0.6289071434434004
0.9203302316145371
0.8313312454465029
0.7871914889382196
0.6776428372017844
1.0309484394084276
0.7966841625560446
0.6813269036499663
0.6721337381420855
0.6588973383935502
0.7603449918607315
0.5665224848014001
0.8095003561426061
0.8498993355642689
0.843899824476245
0.6619299517262432
0.6798046184694083
0.5886706654573608
0.6861522853080173
0.7734224648650594
0.7442371757244268
0.641484033648487
0.7514833409315297
0.6277471760344394
0.7843171031306615
0.8621042646779705
0.8009027046819162
0.9345626691943375
0.9451034264732951
0.7087770954919732
0.8762147288720123
0.7672467300545686
0.6741287820115753
0.6267215077507186
0.8528101112114262
0.6153562374959657
0.6165124121469071
0.5710522356084725
0.5581608450627109
0.5821135695440097
0.6700196815917221
0.9610955322714527
0.5786759401314618
0.8567620787603334
0.6035160002537989
0.6164402382360399
0.7403064479073154
0.6709527177151098
0.7320621232361828
0.6719338502396566
1.0271082533637137
1.1567288042857693
0.5819173992910076
0.9019146909011871
0.8797200718260375
0.6386687077037942
0.5554300964970745
0.6805493638617245
0.6144394484794592
0.768321783419714
0.5533078362570166
0.5119240117321697
0.6038473501628852
0.5999761942573821
0.5976439994641535
0.6216713804937629
0.5651378134220989
0.822780900588398
0.6930035779230663
0.6105481846197677
0.6780603621826422
0.7512727504502005
0.7268600866118221
0.7699478339953559
0.559992095979506
0.41974997917191026
0.7508095232277453
0.7319041937401836
0.5787857054173033
1.004262434649955
0.7555549209148862
0.617446803920999
0.8625073306392999
0.5700909073382983
0.5529598926872217
0.6276712523162912
0.8485258923537828
0.554009111483953
0.7075250000869062
1.0901329044645758
0.7977405198042711
0.6540811285036998
1.0437934637462987
0.5903438093105055
0.7355633191137482
0.6954756925536489
0.5749015025378224
0.8713945906331612
0.6787296725999935
0.8738476746278019
0.7006606402460925
0.7689460922506344
0.787692446598548
0.7058563455107031
0.6084575441247183
512/1024
0.6621306839670836
0.9274732940172716
0.7553124837098568
0.7272520079134351
0.8452614917318659
0.7130166635305323
0.639444683820306
0.5679223175246911
1.3376944591664264
0.5241349588812527
0.7725977479617189
0.54426739781235
0.6873045938561195
0.746741585507595
1.4012438354105106
0.7710957399443152
0.6451438919442003
0.5256317618924213
1.2882307830964708
0.6574643251674086
0.5976136298510074
0.5837636333450513
1.0862138933742194
0.5221841858189776
0.6452264880595062
0.5468969214591367
0.828677348450178
0.6078489076817657
1.0762577753278277
0.8165029809408325
0.5733538952978213
0.734649516181215
0.6719806206230203
0.7876817852091705
0.5337949977194814
0.5325574445179636
1.2171925632503249
0.5452220535326158
0.5818669795227458
0.5736562363131618
0.5397600852433374
0.7479331370912672
0.6073982490973737
0.7734119969102773
0.6927900263511275
0.7438872342940447
0.5236596286345198
0.5866135678248123
0.9317742041051544
0.6696103469609893
1.6906162727414864
0.5301130926126305
0.8960735933496882
0.7270261090675649
0.8091607903633822
0.7441041001785167
1.2624111589707652
1.0600179267846241
1.2612955173543616
0.7874952650197289
0.472259301086073
0.5566269474272911
0.7717081165382592
0.5782597472693197
0.6622875694252576
0.5553497040852038
0.7494215580168555
0.6437367641767566
0.8094004066096432
0.5375861273296701
0.7614391168117367
0.5256724859458342
0.5362435093824262
1.3981642005625032
0.7590348268749789
1.7210408643706416
0.6211419847088191
0.8694260684976185
0.9432977258093881
0.9426256921230693
0.7591701827788153
0.7281148507660637
0.890388048406797
0.7780979602385104
0.8953198111259568
0.5553423197847338
0.867257508080262
0.6358407054496994
1.093656435838982
0.6770488167996224
0.7393318164638796
0.6957815560943909
0.7493247593321537
1.0405174414079637
0.9500229117252588
0.7259181244620326
0.8563599541108905
0.7088758243120052
0.8804164342184693
0.567233528767834
0.6666426616006152
0.8059443148372604
0.5281929261508383
0.6495786200885839
0.6665865877632048
0.6715468104904512
0.6791467179432263
0.5056728303371968
0.8415789322764484
0.9490408756679716
0.7568946641314354
0.54226562321426
0.7466516765113106
0.5175186975507761
0.5981475661664558
0.7489581426992369
0.5857797144223317
0.7908559167161324
0.7748620632079564
0.574939664869207
0.5204751519292923
0.9731143162272504
0.5900556342470347
0.8373560321261592
0.611147039946875
0.5795313885484509
0.566617678068593
0.577432287914484
640/1024
1.259251760755867
1.090186373032042
1.0945025121341807
0.723803807720535
1.8605767837664886
0.6411793641604528
0.5468172187202532
1.1320287320926488
1.935114915551369
1.0191192731461145
0.5987084085847796
1.1567304077708327
0.4142471669531667
0.3390961648340577
1.8353434163813773
0.50640242508557
1.3656314409778927
0.4406976690753161
1.2204314110090262
1.3558885110428478
0.6223372468158639
0.4436802451728924
0.7386160585111915
0.18587448406605833
0.7634712396078308
1.7386014745686036
0.515952175606946
1.226011237546471
0.23405538343431975
0.11667280768883409
0.3125846288753233
1.2446806484155053
0.46603953155336186
1.1366317937291959
0.9458562085241015
1.083062924433468
1.106866505196485
1.3599026780217351
1.771467077108531
0.8709147011735441
0.3118615390822053
0.9350296952644478
0.700680137695225
0.07904999981247529
0.4043577824286567
0.4602018922624408
1.738976553252665
1.0670905707907088
1.2973859865384958
1.237856481610101
1.4253133859962668
1.1138573000347762
1.7372832196300871
1.4127587722242874
0.2238765506888324
1.1277248717945356
1.0198011244070435
1.1940172149759818
0.966149050559198
0.408761401249114
0.8345412579796511
0.5675256742909105
1.0934710578721445
0.7386199929680175
1.618178148314822
1.4722070933031386
0.9869679314144832
0.826518839014501
1.3780983480952065
0.1864070150462592
-0.10485265099787244
0.6691941099166214
0.9735865294504755
0.26119699685057535
0.4739660757034487
1.162851184000096
0.8857055988432956
0.9434181964940481
0.9288838980889584
0.3716731818726111
1.128026214396874
1.1939328593285967
1.9701850049456366
0.9604288222072632
0.3079564397881334
0.6917695679649567
0.830798194225467
1.0215690882153285
1.2822263072472702
1.7001230812469927
1.678756717118711
1.121906401522018
1.6245933335243992
0.5437442966976541
1.5946851010620668
0.2308303812679613
1.9026566557895586
0.4275036905319044
1.557765101777293
0.5752942716000509
1.1503109596668248
1.3940964243464447
0.9764843603033346
1.3470899206041058
0.6255370015390912
2.020354812280527
0.9595574250436955
0.4419754305261673
0.7859604569678453
1.5820601274159745
0.8334695809188803
0.5779329430696512
0.27237815430035517
0.7772599727006546
0.3205789599914609
0.8941720302616109
0.528696240443226
1.1092239241711015
0.7294348591033177
-0.04433386702981934
1.2207913333774925
1.2298651170176265
0.9667307667849835
1.6710428604577046
1.2653256481452744
1.647759802294921
1.6796294412909127
1.01356996784804
768/1024
1.5789733425924992
0.5534504451526467
0.5014191790546061
0.7559612040569541
0.8091636014049435
0.5153952424584587
1.719329091380398
0.6657246886303577
0.9619439203783828
1.0652079613364953
0.898554129640749
0.6864154106065022
0.7469155332933186
0.9330415941972215
0.9858515655561653
0.7477143723986681
0.644612853109748
1.186913115410427
1.0016548209762532
0.653078377591878
0.6300855430803284
0.9071374635862378
0.5683572327279429
0.5713197644467831
1.1238912632921894
1.6663239859213856
0.8788886276161674
0.6912395317801173
0.8764535920455587
0.637372436667212
0.6595950552612678
0.5680341020255276
0.9530957760270546
0.8141352210320254
1.0967207547062867
0.6488852224818776
1.5864315600849714
0.5957341644292278
0.6816956547982704
0.7374826591640951
0.7461111900788836
0.6335399178974042
0.7957069496581783
0.6672302784561449
0.9318647862912715
1.440387722101651
0.8017250318083227
0.8146317915804653
0.5964746798258013
0.7568495185959276
0.7976948537920587
1.046505957919421
0.9297526010342712
0.6653862512100422
0.580912658494437
0.5703589248833447
0.6686472194328749
0.6573025032237381
1.0869234719592797
1.1520866173023296
0.6315602298164937
1.2029656320936737
1.324755642380262
0.5826809529314309
0.7490697198442939
1.0225585018258987
0.6033789499859536
0.6110586463867802
0.5117039176880364
0.868790991499336
0.5558332436315695
2.188224078148659
0.6702254157007774
1.1284056419875874
1.7783355674852626
0.7296068323254222
0.5158391765675334
0.6051225675655009
0.6865777697558058
1.1190899951366649
0.8015409718951582
0.7702947797788703
0.7280174044088086
0.6215778825177904
0.9874823932726566
0.6907959212909351
0.6201586700436065
0.7780187249166145
0.9256719490776613
0.5474121526200353
0.8960421311786947
0.8739318870316908
0.6449263705254431
0.9105698585334442
1.729063774524779
0.7694189693471862
0.6424955847044533
0.786572901295438
0.7815978067070617
0.7864936965905484
0.762959598399525
1.0981539459037026
0.6168395669827313
0.7133375945388102
0.6242355734202908
0.6211936864083811
0.9736906674699584
1.2215076033724153
0.9902236162212927
0.6178272806195738
1.9777301405350465
0.9202462938932139
0.5222952430583808
0.5705599450615904
0.6753799369786829
0.6692025911320145
0.5940637973949547
0.5832678575873955
0.5671702290087203
1.3947899996531912
0.5998928673174037
0.566768566453423
1.4505860999072386
1.257326873325388
0.6898172582783932
1.2793752765188489
0.4931739368360742
0.7359515655725775
896/1024
0.7528325084854606
0.7565805769057643
0.6880221013023393
0.6943685501319438
0.6507593216745429
0.7553756724754355
0.7284802725038625
1.0253638685659539
0.43453920168507176
0.48440616912946544
0.8673540860571074
0.6432665180026002
0.6569180859204065
0.7543863111133945
0.7360896449876797
0.6714118295941162
0.6904942620081451
0.7461720110931255
0.7417461183006153
0.5459273811853783
0.6249410103422424
0.7270812798460812
0.6292352212583672
0.7163338985582165
0.7369916843937618
0.6829090768899716
0.7253911126761959
0.726870291030155
0.647832490368385
1.0097025192104463
0.8695375059479978
0.940517974889747
0.8700759937580003
0.7681889721840774
0.7116213777767175
0.649871819178557
0.734567128344362
0.6375679875340888
1.1503024695437527
0.6344832348019279
0.7379307506457269
0.7521032360735138
0.5809253843174432
0.6133597984857247
0.9172882726408006
0.7586883348134964
0.73201948220885
0.8111520666910808
0.7832412928181081
0.7333573914361923
0.6935335387494275
1.189276472683273
0.8700007435418032
0.8048261833706708
0.641934356251646
0.7406938590982142
0.7109054562561811
0.7582746346417762
0.608537924576869
0.7624528722567621
0.5910718921917972
0.8556511369961627
0.7319429277886544
0.8496708562588959
0.5882298095032944
0.6935723850033514
0.5590265633146765
0.741682241451905
0.6630862384409528
0.7507421957694609
0.6539573658852342
0.7395993626368187
0.781070725199288
0.7328129122074812
0.7063684200765119
0.6220538598783596
0.7502656065860634
0.7876227105080978
0.517101450538811
0.6026877929647485
0.7464436460377991
0.7741221530055042
0.4900569842715293
0.6468620650982099
0.7382287604818683
0.9070982983826621
0.7494675372003996
0.6537511232204196
0.6981689939677508
0.7397770974237392
0.6067218461039219
0.7566919730415347
0.7809852230318304
0.9714160517598791
0.7260899116577093
0.7053810201864863
0.7514553770570365
0.7255641336097269
0.7209295709245753
0.7491632930121028
0.6389318901968332
0.769054828635456
0.7195856313384599
0.654839634064285
0.6788204877851368
0.7206267883259423
0.7377003339321722
0.7290647644000257
0.7758979639057488
0.8003452852013736
0.7579544402739811
0.6783330399752749
0.6199258781294642
0.7488148149940423
0.85114691771604
0.7063045532878433
0.74720869078125
0.8075466412349396
0.7356025337241702
0.6695288705688525
0.6932805616410325
0.7364029333038838
0.6958731575312795
0.6592040914097395
0.6956770715949292
0.579580843693945
0.7024977300247717
0.7932122549606972
1024/1024
0.6840053034386073
108.432678 seconds (80.46 M allocations: 13.057 GiB, 2.35% gc time, 6.54% compilation time)
λₖ = 0.2
Warming up
128/512
256/512
384/512
512/512
Measuring
0.4908335728912352
0.8254675781127621
0.5188072970426024
0.6578807065184736
0.9766385199005082
0.5331464787008023
0.5282323919265959
1.0557061491846038
0.5149833197988548
0.7280721529344483
0.7141858071462661
0.8737541753503555
0.674121583077066
1.116275260566569
0.9965527585871117
0.6722968016809768
0.7055876742076849
0.9257616362128749
0.8151895613022118
0.9468532897353682
0.5001812258146056
0.48182322140948514
0.8303137276116831
0.8441705770606062
0.4878883207847449
0.8211040445405728
1.090031282435561
0.7261902570553305
0.9030347047529965
0.6342055348732751
1.0659602460577107
1.0022067293523411
1.0820558722906009
1.3172923050270706
0.7594400830410624
0.6292086710196468
0.783652024825178
0.9853126515436685
0.3550571198552904
0.7142653710076392
1.0603956527831577
0.6295335743319865
0.8062272230408242
0.7328738377156757
0.9221873809780622
0.7345232580249421
0.40833693061888965
0.7522759455964821
1.036486317072996
1.0019894855278861
0.8406964537483113
0.2688508139362469
0.7404219511106209
0.5400229362019295
0.42560363724370603
0.5987509366382542
0.9599740238118143
0.8948139888642587
0.7754670804986522
1.0360641781385942
0.5426643393522967
0.7101004963778431
1.0628154601675723
0.7938499451897357
0.9894653444076721
0.41295747938367267
0.5304483008947785
0.7891155984671954
0.435525156537624
0.9154238295874273
0.4541827818470551
1.0152862217936574
0.45380632226193796
0.7278580971982145
0.6677555156971156
0.9853743978967033
0.5801540514789958
0.6167826992002533
0.7946300844268035
0.7199968717510481
1.0471273651417212
0.7310730884722999
0.7382678781722943
0.5731457649405479
0.9013179450140962
0.7586511983473968
0.6341519860256276
0.6086709314373202
0.642689953833447
1.0300770858217412
0.25202520148529983
0.9854984137518725
0.9564028341032711
0.7882107242913992
0.903133786274108
0.8057321914954831
0.9704531717387367
0.30226295377241696
0.6306228779109496
1.0255984280540258
1.0060389804219083
0.5196104136150653
0.9863232055991303
0.6228738435422608
0.8760970824014416
0.981402859541852
0.9745612099937899
0.603480935585808
0.5419379996743467
0.5314877954831849
0.6592745761507225
0.4659936522113618
1.0476091347086631
0.3221610289600195
0.6184493432956811
0.727934379428876
1.0111525935342764
0.8041819366823271
0.7036950308283516
0.8024563625635557
0.9096761299515688
0.920377781835721
0.9545011229601954
0.48964936328353964
0.6866469822346841
0.8939970604916172
1.0042267961688287
128/1024
0.5196771603826431
0.27671231184907275
0.6016828933615153
0.8015770932650558
0.5205124621942618
1.0114691555268398
0.8723151025928446
0.6203190120853019
0.5916296941686182
0.38762991226382354
0.14581664553251886
-0.026538157181146826
0.3854291207713345
0.6547426083960519
0.8259894422157171
0.3387594276394175
0.3035546293163035
1.207583406671497
0.9578724598210949
0.1586596864407727
0.5123483186472751
0.6381053918022904
0.4264132952388724
0.8410050374128221
0.45222258027240786
1.3388063137127295
0.44237134786711774
0.23301029034116022
0.4576799737740458
0.6507118104513718
0.7130884229729062
0.7677002485444475
0.5716377451130197
1.542790031971435
0.8894933053415555
0.16186758045953237
0.48937402028561305
0.12738712928826124
0.46790898843171375
0.056571811294687135
0.540057857777904
0.8108090831556067
0.5451529765366769
0.46201405215816593
0.8788110638826198
0.6438843763078319
0.07981197737429069
0.3672110813721056
0.437240009176093
1.075671982037636
0.4664382714082058
1.0503180936152967
0.7591522029169584
1.0198741362908688
0.9533573424420245
0.8395609438195002
1.6446926368829653
0.5932304786694342
0.7433543705110975
0.7541157676760026
0.6130331180463597
0.7093436265388771
0.34216612459131784
0.3568187294400518
0.650948940429604
1.1460397921520504
1.0344172503351674
0.699178601495887
0.40508658056609026
0.44674422960108323
0.8016530777807789
0.20505324154001942
0.637868445648006
0.5751581044370402
0.5127074002177462
0.9018280845557757
0.38839835695406594
1.2221145616646711
0.43847032655478996
0.6176715114691798
1.5959555620829102
0.27086854130989324
0.31231878515873013
0.6093742529997325
1.1976837371946036
0.6301756617717877
1.276795586229734
-0.1060545212163948
0.5988284461003582
0.813128998594857
0.04963656495079427
1.710633867787376
0.7334228348257186
0.3849982174022191
0.28836643854935623
0.25194379320259686
0.494878039949878
0.5602859356330652
1.1735896741732073
0.797608115325331
1.3232737326500768
1.708359486064478
0.5998274883274725
1.012040755388846
1.036628196491713
0.8227358538598083
0.7835376804098878
0.6088043076816001
0.5708289213351015
1.340865214211874
1.0037361436488672
0.731985057282821
0.4109327548279797
0.6627716249075506
0.6561088880053395
0.6689323827126942
0.15137542631351147
0.3428603748691335
0.5530920943799442
1.6907909312074705
0.40695406183235044
0.45107024592700107
1.1430161400164625
0.36733093878803486
0.7701109816872237
0.7110133364363296
0.3604795920974225
0.542264084994583
256/1024
0.6020009683854952
0.5410261122217178
1.3447929112537793
0.3085739945883552
1.083955080517171
0.4509297945153059
1.0515192941913414
1.0506239481346469
0.8623067422135258
0.9164525724718577
0.47989889890541926
0.5571634469395901
1.4925861539560756
0.480809396793407
0.639965232265409
1.218861534194706
1.372973502584803
0.9006295006909262
0.47945300887235387
0.8162579440056987
0.3830408884013431
1.3711444797792045
0.9659304850095453
1.1851321180984362
1.272662976939028
1.1241649750105578
0.8669140008393164
1.0888462879645648
0.9128527632548581
1.0719695009464583
1.4027255574349151
0.8083918137063972
1.0435140355192125
0.8058876607988967
0.48850623196584253
0.6730320739661475
1.3116461017603418
0.6561609481917001
1.0283478127511452
0.908458918269422
0.9637023931190842
1.3957846463035926
1.2211688866570731
0.49063440719229456
0.548040004637507
1.4997697532466565
0.7339513806428991
1.3278660282311856
1.3965372503335522
0.8784231538002676
0.7875380037449657
1.1715315888496147
0.29335026486904586
1.0821969357752845
1.032031106141522
0.4114402558126583
0.4470040902615972
0.5891568227186704
1.7341364719338856
1.038351822909752
0.7480195986833659
0.7424239169331012
0.9741190346027517
1.3141677468334687
0.8445622101920501
1.1771993440217874
0.6586266286302866
1.111714566399337
0.30646959520971173
1.026652627544371
0.9493532412413082
1.1228131016227412
1.1085901391193067
1.3810649939212352
1.1744163706163024
0.819582995464202
0.8279789751151116
1.2960451340849493
0.7276457553699786
1.15018768493217
0.6196454217378833
0.5383507543372166
1.3408302516611283
1.0118612270906255
1.0186190658240788
1.3684470488155158
0.711153078335742
1.1330019869899473
0.3536114514358364
1.2025842515422591
0.9947530514661075
0.576880725017964
0.4334669934940166
0.7399379331514883
1.3116368409683354
1.2760649551350869
1.592847421215251
0.3948281354384017
0.6931979389092905
0.9627649997909797
0.5379334402243418
1.2387055048485502
1.1792598823356961
0.8416629973337102
0.5228750483268532
0.5861628412696318
0.8558062904927621
1.3756585255891571
1.3326455617525994
0.9857049273941688
0.9160813302962307
1.077791081420205
1.0940669441349864
0.943333927429788
0.40402548716147835
1.1203190393797569
1.341563709435537
0.776084293877993
0.630915427285927
0.7831133979255259
1.6506085437907665
0.7838029654445797
0.4622009541362536
0.3599750187033458
1.3505472339945912
0.5230681393790972
0.8459531024157395
0.5567981424525709
384/1024
1.116199020539911
0.807639164812072
0.5232514766251088
0.6421182005399987
0.7660474896038314
0.6737291349882413
0.6921836833136296
0.6342273871559645
0.9272544970408105
0.6722605608321804
0.9119906454808855
0.6466248727917486
0.7123372920194059
0.9329018852007671
0.7699545500225593
0.9303297496373921
0.62511735901987
0.6539178798981342
0.5962029277457297
0.877283044554746
0.8066922857602418
0.8136368513911838
0.5798281460910759
0.8223631562941118
0.792135683271652
0.9353223201360636
0.7094840370872723
0.75163956444157
0.882429901519366
0.8108260264981497
0.6262436599791262
1.1960657706046063
0.7001454182947434
0.5129408418647167
0.7532229029524431
0.8456928886348846
0.809551409044991
0.6316578455327542
0.7544249491367065
0.6696749399385238
0.7864109384081824
1.1211636059461774
0.7381572541840251
0.5951547941217757
0.5682101240932984
0.5895060341744222
0.811297960152689
0.768732916696611
0.32283780356283315
0.8800529638640393
0.6376436331803153
0.8210963987745019
0.8674611818587197
0.6598542371810452
0.9243842216100788
0.8057480233254016
0.6700496461283354
0.8751489490120672
0.6990320707127818
0.5886239225744668
1.150601054212737
0.5931015528434663
0.7751000390580965
0.5891314063218196
0.7802624456322371
0.79217461873739
0.8736318341450731
1.065591231418255
1.1035625623071188
0.5928101747749646
1.4497214238049552
0.5141402021000934
1.0142255668753761
0.730118616728243
0.7821957886407734
1.445506163327116
0.7955906754495127
1.1246805507692923
1.3053837830330202
0.7177985004988643
0.5810819843861761
1.3216492674949512
0.7867845512638221
0.7741120032863773
0.6677734327353836
1.0472960262001603
0.8009172039341699
0.6790062004398547
0.6410212649421159
0.820654464369624
0.7110596868502825
1.0196283401292519
0.5769942041774022
0.8075466587498547
0.6898060785846153
0.9543471873776217
0.6653585249564709
0.6207134574980562
1.1085458933568049
1.0045256715160569
0.7381495965149206
-0.006074540873397871
0.8905048234400819
0.825320123302117
0.7243663405270848
0.6114989751039649
0.7705816790780178
0.8253874762035507
0.4924613007799843
0.7455854485910062
0.6510634643658142
0.7699542767428358
0.6179320298448772
0.9961992912112668
0.5037747216375413
0.9873868629869622
0.8028422187494793
0.7610109068840677
0.8143285607539734
0.8312631279327436
0.5889859923167823
0.6309239342762224
0.8047560978925256
0.601278064024567
0.6619022036055686
1.3568832916586278
0.8053228430743015
0.5872844483792927
512/1024
0.8015055030374827
0.7943806728487834
0.5576446698333554
0.7104110055689303
0.8684286730617585
0.6734382229218359
0.629615842299855
0.9568393726289497
0.7759628100858653
0.7406800650726579
0.8890080489131904
0.6461397156735591
0.42887932008647217
0.4742742746497483
0.44451191368087717
0.5724070812624215
0.4682032200422521
0.661691215450325
0.5190510246757435
1.1207460652304833
0.7847441322531095
0.4918739091905637
0.9007298890926588
0.9542637228331463
0.5257699504396204
0.48708168097985927
0.6457686523625283
0.900459323614534
0.7651954031189531
1.26366380765049
1.189021063795681
0.7898180948549871
0.628162450500799
0.5666856421097194
0.7210251439081418
0.5701692036722867
1.002794692263928
0.5788712706733519
0.683749692299999
0.6996581391022867
0.6391667029014341
0.6996123417957862
0.7330338093205836
0.5939145352439675
0.4767216298028512
0.7285289546381648
0.644827582661839
0.9290025169297681
0.5381239315425714
0.6835377275211244
0.7161635175888211
0.9683656584214144
0.6859785734025516
0.5399514577618361
0.911571293733901
0.7897522657791174
0.5436623224831929
0.7979647845907971
1.175838799285345
0.5183265152082437
0.5347704718894343
0.5879719798303932
0.4851335479575069
0.562658053773379
0.6484740065274102
0.48881808722027
0.6948221975731013
0.8438830289376067
0.933568395166892
0.5522012982042375
1.1000915776589628
1.095679931627668
0.532725048467975
0.4793627160273768
0.5537884058521761
0.5471219196985333
0.6557137514082709
0.7405516471485147
0.8050649051311748
0.6771233723186687
0.8946735021318502
0.45802949201702264
0.5150859509327079
0.805314043520299
0.8873303010616086
0.836754220526419
0.7047529375194135
0.4982282782363631
0.4813493762897354
0.5140891677514814
0.9868826510825311
0.6424354081584126
0.6943861010641038
1.148364116024037
1.1249137505913493
0.8233672781340597
0.48576350475505226
0.7974970380886819
0.5251842427646028
0.603744815835856
0.7526961005953374
0.8082655548040977
0.6414982576881507
1.0599678880281693
0.4769368217507548
0.7977951784195467
0.5089189236945418
1.263362265913048
0.5658864004616014
0.877543855625408
0.903530318336128
0.5335070097442582
0.8079213036185136
1.061148779070145
0.7434108140808121
0.7443618343900957
0.5401799089706422
0.8150395472216571
0.5969947364103407
0.5795457196425564
0.5009725997817942
0.7383132946427917
0.705916029188258
0.7570000124715633
0.6078557996478515
0.5193231370541453
0.5748600585087137
0.7826462759618734
640/1024
0.5674799286350666
0.6461990775542155
0.6604644554773987
0.5658992788084645
0.6830696769366388
0.5606271909877562
0.6507163839983865
0.6481705634841318
0.6117261341776554
0.9185413359810116
0.761974486289237
0.6931014344787494
0.7033088603233004
0.8601861828992812
0.6487502513823685
0.5511342256028696
0.8934749734650145
0.6720732872209514
0.733837082121419
0.7061947037348122
0.6279882733818887
0.6938734956290191
0.6698357183861718
0.6862275542222755
0.6843175452668671
0.7838093289870172
0.658474122442519
-0.26049191096153324
0.33863874127744586
0.6399978850435197
0.8586420720131821
0.5421558465051356
0.5362353867438205
0.6583436699537819
0.5875313218267971
0.8784596629898077
0.7634768508996245
0.16871783441430088
0.6408404841507149
0.8825082207558224
0.7058740328243243
0.6291195576795109
0.8495192928872825
0.7034733584242777
0.6966948228548304
0.5739851993793543
0.036206822446448794
0.7207802700045431
0.5452884113032678
0.7357514603735418
0.6262457354341809
0.6558736462086999
0.5077250863568626
0.6137304866080923
0.9581682942292068
0.6231613617634605
0.6375133607914262
0.6250771153101523
0.6376965517219886
0.39817689585153904
0.61627882764032
0.6450025494622316
0.45888298635964153
0.5585162844156417
0.7404751613154205
0.6656777421111465
0.6932155374665057
0.7477389024122254
0.5544684891193696
0.9762913651110802
0.7217661918893743
0.5633007539697474
0.6607003722994531
0.6847114058440921
0.5914430462485287
0.8340172333791689
0.6789347602535842
0.7108600950581329
0.831304570950741
0.8301054544583715
0.632589106571245
0.5116205037212074
0.6817034275311462
0.6293430369612685
0.5812385320658364
0.6518565273283599
0.6291756183451617
0.6692989676524701
0.6924384904348779
0.5759671879459688
0.7274851702281108
0.5823656838911657
0.6652151974894216
0.617404077687114
0.16930633599457967
0.6200567697658539
0.6753484227671802
0.644730207083382
0.5143719404777023
0.724314096924243
0.5836430061019325
0.6635494387403889
0.5650387675469805
0.6801063666343042
0.28710884466697456
0.6634909300545064
0.9157533252396687
0.6680282464617515
0.31902264660865237
0.6820573905754996
0.6355157510292796
0.9698359245711209
0.656366189758268
0.6219362941682227
0.6357474152273881
0.6486037940977546
0.680193989464539
0.7911891887291473
0.8518307861020431
0.5223981587073407
0.7351019129652107
1.0565822002613356
0.7977601974632558
0.7289495943525908
0.6432845738451654
0.5289602273956517
0.529481354793754
0.673121446070084
768/1024
0.6766689624983224
0.8222520837883946
0.6039826690279007
0.7956101537629663
0.8562100186139227
0.45097909749065174
0.4028779924525917
0.7054690298260208
0.5385275107957902
0.7869366375575385
0.9270892289234485
0.8140570257567383
0.6866589554831136
0.3494091569185131
0.37308519298379794
0.6208634409841141
0.9611211505543127
0.8234165607469739
0.8253492953794388
1.2875607074746394
0.6526546985282722
0.3961987389723959
0.3130819805391757
0.6396166967755128
0.55167499396774
0.40420915017927206
1.1343743884090576
0.638306178831517
0.48417226012140746
0.7014334895606041
1.30761478870946
0.9709927218213394
0.33266656825664664
0.6968550056770513
0.4454918708657005
0.8908678903258536
0.473593732856617
0.5418352149239891
0.8124974558709663
0.379308833511766
1.3803829821868137
1.21782810443542
0.34740987061002976
1.438390743683601
0.46112932313506383
0.5412815106623805
0.617244634742781
0.3333908822832659
0.6162118100970398
1.0391355970974137
1.5097206843274558
0.32146177765073436
0.3800148031175564
0.40267188572478685
0.3389122081002717
0.39334564479837497
0.8393761057113657
0.8552257272279957
1.0677903263542108
0.4513750668410085
0.3945790305405371
0.44842526533747407
1.0582458859819517
0.5270259056641134
0.6323240886249648
0.9163958895534523
0.44867933477530564
1.066617777456894
1.2396011240357954
0.717099706940394
0.46290223238091555
0.4127487696449771
0.8107531445583902
0.5547475115573505
1.4394781252577824
0.3575448513542756
0.4563403986132035
0.9213733784351896
0.5258595379760864
1.025221054013524
0.3755312299207359
0.5202907409370292
0.4025152463345459
0.41400941119519385
0.6218366451327524
1.1901799701319011
0.35126882598297415
0.6430656937176109
0.7454459566591797
0.5795369702994554
0.39434242669751596
0.7800943438023054
0.543856325710026
0.4370222197982698
0.6177699392818197
0.3925122915218347
0.5043215844176354
0.7379055219165689
0.6938805313441413
0.45551388714893815
2.0174436569277634
0.8675073402475408
0.9310785528369689
0.47399286354237613
0.39664227452537054
0.7069443423399394
1.151444154199896
1.1489382510904618
0.5455341690133544
0.3658149995883385
1.5901697590753927
0.7745256531432909
0.6716376884670369
0.8823217595366839
0.938599688066069
0.33933138412838026
1.201857285113079
0.8518003042612325
0.5160551189197354
1.3041938814092553
1.1682073885200366
0.47306223939326675
0.8818148706819867
0.6185352857679286
0.9901995625715614
0.840545036828344
0.6758252432912002
0.4304226622075866
896/1024
0.7047507866989033
0.7122540627353069
0.5499459817440102
0.7725386762724814
0.7342589295535678
0.7539791629902806
0.6233134515185476
0.703218448440766
0.5013197049814386
0.6612677410915684
0.7059375792959881
0.6353621846594069
0.8290462193899675
0.7214134153391023
0.5793191534664512
1.0564776147352493
0.5500642274022464
0.6674899158518685
0.9935644521489213
0.7832399007276322
0.7492050902186143
0.8061168522094453
1.3022164610445737
1.0453655513637257
0.7831178988757924
0.6978045081373163
0.6294374012626732
0.5671941501385751
0.7394624066709041
0.7287447444491759
0.6981517602615396
0.5412871248424267
0.5696583033946085
0.8755477831484032
0.7782522663689402
0.5638736086690326
0.5957828607508064
0.5318656514116723
1.3144157637732166
0.6887064689209486
0.5844427733529697
0.6522794271748434
0.5960277885066624
0.6629266889835645
0.7551043539975237
0.6453137200630155
0.7485264796051361
0.918514451246541
1.1998605843847718
0.8021840413638383
0.7936796396360983
0.6553074275888322
0.8043084350897763
0.6840592928903055
0.9455341762717631
0.5826683604810968
0.5981892258211362
0.6305703233706139
0.7062661374546102
0.5844704560391139
0.7066732021296261
0.8222949933198767
0.7437135129956298
0.6584773455139772
0.7649028509373417
0.7698114062327641
1.0544536243931688
0.9149718054608844
0.6304928075660516
0.729585863223372
0.48916536350527756
0.5832497764809091
0.5890409888814854
1.085810873665933
1.1452992127563852
1.1566154351020428
0.6593658990416117
0.6920797689919957
1.2915239831750593
1.2152259345052712
0.4838978095257907
0.5910042185796753
0.599760931578013
0.6602196069063011
0.6371158203016533
0.8394224015682211
0.8412945968966743
0.7802814062713077
0.8523808382070426
0.554930439668672
0.6648606855187037
0.7205534921715703
0.550025080663526
0.9172205105610323
0.5816874432904853
0.8586601598681733
0.5640637783696644
0.6245625674350055
0.7653270590681135
0.7589936249729732
0.6780436813113844
0.575613251567979
0.5722351661394812
0.6652091246697777
1.0167701328145802
0.6867232562526168
0.5532984457971315
0.60865217119727
0.7627393552581615
0.5993970445752782
0.8061288945225867
0.6776189508234163
0.6674857446642568
0.5543862190739957
0.6875531717622381
0.6719892108688871
0.7166306989869597
0.7719403572905474
0.5380747222341979
0.6762750222495266
0.7068566046053714
0.6270784402315044
0.6154267452556594
0.5596159842732797
0.455182115633621
0.6627598981605469
0.7134200091797156
0.6829866226472854
1024/1024
0.5745277992614324
100.063392 seconds (76.83 M allocations: 12.896 GiB, 2.55% gc time)
λₖ = 0.4
Warming up
128/512
256/512
384/512
512/512
Measuring
0.7755297835305767
0.59349070768351
0.243570859691213
1.124343905454562
0.2504836346755689
1.387133015886347
0.44071743685627607
0.7129224056192479
1.7728884120116022
0.34223780539880944
0.9055410986394979
0.14316748705098772
0.5408902617488848
0.4166095610196633
1.499911279257802
0.8892019785373237
0.7037644544571235
0.25507276401029766
0.3063591653109498
1.217765526747182
1.1666483441691708
0.1476498123394051
0.6644456332654735
0.4771912619796485
1.883751713260079
0.33575621807888
0.23611503227005298
0.5429314616286534
0.3954300171726659
0.14153111073631974
0.8718096136580163
1.4783404076915898
0.12181990135218393
0.8249172130428503
1.0608431342761007
0.23597303900442984
0.2901633857666211
0.2173726730973065
0.2924543152234546
0.39821120704464685
1.0568135443280842
0.42261514216162455
1.336623936732406
0.2567156413916502
0.943823054538485
0.48748102692462936
0.7432539936951542
0.4152805750491904
0.966026044203532
1.3125799237817022
0.5160493367733585
0.2426992230323073
0.15580276232786522
0.19936571863385277
0.245757010903211
1.4237502630185412
0.19880494026367324
0.17290058675137343
1.7593106757432369
0.9214285157559157
0.9200060232474299
0.39292025505734796
0.9799302336953292
1.557173880802352
0.4555897965964989
1.9783216672971347
0.7787665121956866
1.1045988517079224
0.47928555508990406
1.8851305356827859
0.6422731457295334
0.21555280549601766
0.37455429239425375
0.49481788594381637
1.0900684968148187
1.3374843201207935
0.21531716727738437
0.5801109840037253
0.2113234054234049
0.22567095034109524
0.2861563455664884
0.24420804548753644
0.3859934572404527
0.5898861868570391
0.24391723213661226
0.21204280234563896
0.5975154158839777
0.996706450509485
0.1781488087579598
0.12429183626511885
1.1619485222456003
0.5712991431316561
1.1047020427558176
1.0584257980526246
0.327261085477729
0.2545931215919445
1.4266267313202443
1.2409920972565491
0.1648083207184229
0.20201315791741087
0.18100553546281578
0.5447447079115415
0.21857558770143865
0.8205773554755951
1.629056439971156
1.1312452483347335
0.38052800911800017
0.14875212291607964
0.4307466762275748
1.7398946490466427
0.6286422641490066
0.33115537033959297
0.4858501210185804
0.8583131410004391
0.3297115374294396
1.2646706949796598
0.3332233737332405
0.7911001909570783
0.6304942357531749
1.0386582776065387
0.7193614374016075
1.7341293353406666
0.26591572244570083
0.38796634522382056
0.2612392819906488
1.0210222827638014
0.1394257675558343
128/1024
0.12843658844305916
1.5359154393035706
1.6147146647475612
0.6503345761892962
0.3786834079778964
0.3504145546242009
2.147597663367029
1.3537014338974884
0.7970014915886316
0.13853372864458752
0.4766108733761999
2.0070422741072256
1.4737111606752495
0.2724673841648782
0.6758578870177865
0.42883626628822263
0.7391233310236786
0.41999083886643285
1.8514504420545
0.1992110381499951
0.7032640476925692
0.457454697962551
1.06458301278146
0.10355108415968106
0.1437023322078556
1.567544637151438
0.23924052558335598
0.47374201978498776
0.56762841952953
2.586085766512941
0.6000340097914177
0.9797901788489547
0.4174694193484876
0.1823247262141359
0.8001823464754387
0.3337564645427744
0.4014875706205109
0.4475248423963771
0.5307426415270975
0.5838296833342553
1.0179832954959267
1.0434066478946737
0.636804752394903
0.07182755348703725
0.2811100244072414
2.139631007041022
3.2154886910475704
0.22293291580775798
2.1744426018452336
1.02884523891875
0.7561336296477099
0.12569970309593292
0.21279034078903797
1.3296384819185765
0.46841759229107677
0.7052680703797423
0.5040583326181118
0.7928427012155413
0.6570579855600424
0.6085105855842616
0.5140185775671432
1.0188190527307528
1.0789844355732066
0.2986321238788527
0.27138933136297455
0.2807179533611655
2.2903366319263423
0.3435468327971954
0.31396430182047363
0.5318891559690986
0.3814093454176748
0.9873664269117388
0.436821986751936
0.8067238033509193
1.4472100327409692
0.21977110336709232
0.21874024219243365
0.7827970491017783
0.19931410535727545
0.08002840423764758
0.25310057988397067
0.6153056194031553
0.15173531848687768
0.206108381528512
1.109355309825762
0.6935292944240409
0.2934054922231137
0.2619852284435499
0.6349870125692006
0.46246906005920413
0.41134703774386416
0.6559186055914519
1.1243756105680975
0.2469160746663357
0.42226893744809146
1.3033144282420759
0.6348184795890002
0.3896832724055112
0.3571924407833379
0.5740767504430413
1.261189159960907
0.10152062768077769
1.6181385161759543
0.6612384688170234
0.6983388325900467
0.7945176291719807
0.6942551478303034
0.5286813159631389
0.1394920595173811
0.11605550832421069
0.18394334246396582
0.08997391143355316
2.97719504706682
0.3172051722163798
0.8195224485023258
0.5511669579605306
1.134113723020582
0.10998163824074188
0.4489835218902153
1.88554056946402
1.4078008082254911
0.7448779857885153
1.0672691755546342
0.4877748444886853
0.5251515903122547
1.7201100859192684
0.4507199963741195
0.8831350949373249
256/1024
0.26035888925219075
0.7012643427875591
1.4581328799215287
0.4375523522349585
0.401415487606569
0.6172427643376954
0.6951968851605942
0.6431788272082548
0.32803215645255995
0.6511059741463916
0.6452811046822877
0.7286836675617312
0.8192694600381016
0.3925488940696898
0.5013136856539371
0.39101554533962357
1.0227225899769823
0.5771631807101024
0.2721062376939665
1.0481763430769417
1.018339470296569
0.9039870515838238
0.7273264348275781
1.2260328524341413
0.8092020769686432
0.2749072466237613
0.7071652712072954
0.9437701232610549
0.5091706623566447
1.5709856711423194
0.9372291479715913
1.3736354051399262
0.8314398308800333
0.9913827456735139
0.6509310376781658
0.35357752833750183
1.374957438525949
0.8491912087907239
0.8820303015466631
0.9114662240317626
0.8595818023114946
0.6415365770427301
1.023226160685627
0.9944509547647364
0.42757903194076796
0.3380749117319618
0.5800419265761221
1.0631950805338262
0.39217927077141734
0.9756597078984034
0.3033470526973593
0.5096783641012976
0.8932673221857288
0.583992568571417
0.3037477565880202
0.7669484120100547
0.8433730221553211
0.4728599736861761
0.2834481965918312
0.31632891867530555
0.33829131422123604
1.167585431023681
1.259017146808864
0.7920569098550961
0.40314654134232786
0.2892518745396336
0.6257516095211808
0.42146425967686496
0.8136128588459272
0.3303703329636481
0.6422104069375365
0.4924516827126444
0.8407338963177406
0.5768857508860117
0.46849406876936894
0.5583821620648066
0.362077912877825
0.8895904390849378
0.4653796661656294
0.5930353311793061
1.2154728354650144
0.7577557164749409
0.4673453981568369
0.4998957681615285
0.44884190014740527
1.0788286554839712
0.47776812975481475
0.2966564458623539
0.4636517586237437
0.2857454008237257
0.9904705550775241
0.5076381750261113
0.30788887282130695
0.3895827505349094
0.3049566363470054
0.3769753302055334
1.1368467941701699
1.4875713664403485
0.5826980436016047
0.614447692232088
0.7940840854961184
0.6131583500906789
1.0239477689234227
0.61746642487485
0.7921710291276203
1.0804978329010728
0.4572326768215906
0.3831917061735248
0.3431731567447762
0.6981806796309923
0.28151451039286124
1.0785831864551223
0.9677739684643814
0.5968644632476492
0.2651328347410587
0.8331685218924837
0.6227992798616082
0.7996654718535063
0.46431213923772546
0.6054003102561599
1.474087097522372
0.34781907593470063
0.8858381906378967
0.2929308489472702
0.34923101195506395
1.1609437201025619
0.31435627628593554
0.6575829371793136
384/1024
0.5085378588809003
0.7337527174940682
0.5799882474552029
0.4927480868106695
1.0041867630873362
0.5827880913083991
0.5187440428492106
0.8651080756250704
0.6233300032256521
0.5190654432101048
1.0764510121726434
0.7530376321122916
0.33486470664313017
0.5311095268442229
0.843238675622924
0.16974518994654142
0.7071787511874703
0.5687556744000329
0.485347072100626
0.46780577671707335
0.7413606954059039
0.7879104902651692
0.9726271404653949
0.7187113266998691
0.6593999970553546
1.0731400979527963
0.965345507600234
0.5149830131699891
0.626426374050614
0.6129956292196774
0.8280638571476523
0.6582040013610744
0.6908191669941156
0.5152618571521677
0.4651067482111727
0.5610831184225307
0.5553299106918906
0.7257416726193031
0.4965058901783359
0.8656845338974177
0.7161881996825507
0.4640264748546773
0.47723473242392184
0.5217590888125861
0.46644261086900635
0.6968987859412866
0.41776523660394504
0.6633512006460474
0.8315419947026543
0.6608472636516828
0.5832934629209485
0.5969532379032525
0.7792509181178657
0.6848411747639753
0.49780242585084755
0.4983479031630269
0.603900590178208
0.47750647883237707
0.5297285507860835
0.979989618999684
0.658135832396078
0.7301407793520021
0.6155308460738138
0.4817664633616038
0.5989498633107493
0.5823607960683264
0.5178544166073502
0.8946783491331645
0.7257019904971808
0.6003434075059597
0.5881623724539868
0.5648641950654268
0.7672136482948578
0.8226389250117159
0.926409625215627
0.5043877604040488
0.7836240992236557
0.3704082599912414
0.6637689864668745
0.4803714440498163
0.5936121639590142
0.5995375860493167
0.9256246567177553
0.8014024959969814
0.7291037929658702
0.8687235096642769
0.9501119492411787
0.8082652072614793
0.8863069941964163
0.5567807791802541
0.47076129896430646
0.7330583241162596
0.7134074331215754
1.182467554017811
0.672114723036086
0.5897372191740695
1.101953839772552
0.6864009252165368
0.7350223866465112
0.45801867520333117
0.7320889220300972
0.5364910257578159
0.615504533915593
1.1230159140111546
0.5078082389425518
0.5562997101786301
0.5020857460379314
0.5358952983815568
0.6774422782904899
0.7696002871483226
0.6663179625111898
0.5383247116635702
0.5330214544578191
0.9012259623236425
0.5282777982877238
0.6302847699488363
0.8626708981510187
0.669452006807639
0.4992606002974357
0.47325518460011995
0.6723999191111748
0.5356320125735256
0.9048691177260675
0.5348742645654134
0.5917941245566851
0.5557104459938138
0.5992515634586913
0.6028003308624147
512/1024
0.47521785947985146
0.34289250023239276
0.5858642403889377
0.6764331311824437
1.0498906787436855
0.35624421544124973
0.3829561322874185
0.7285116109371583
0.6681627793810986
0.37424972467222084
0.23785824267841804
1.1391495753774297
1.8757884448148392
1.262230998135462
0.3881191055178255
0.3166100360879386
0.6132597805268155
0.5486339836756313
1.2519839201437728
0.5887514789239318
0.46697278027238387
0.8881401538297016
1.1257261465706077
0.22287808074231558
0.5108792414892332
0.5296841467474722
0.34603859435001205
0.5865186533992194
0.5901366957844698
0.5558962666807783
1.0145246878136387
0.2568154280847754
1.2417653588505744
0.3772065110336159
1.8375299182470473
0.8270424442799478
0.35237032691116515
0.2511191921162315
0.48881183187903954
1.0356817817932473
0.48295905267404
0.8185734247904761
0.8610306449481813
0.4710821400260677
0.5901918420594733
0.27567295597293046
1.1196157826982578
0.6737791363142114
0.6068832728550404
0.711809974294575
0.6536589164301109
0.4711571720471828
0.5805257571386195
1.114321769616141
0.30742119477523383
0.57669466487598
0.9661438654504464
0.32016349383665277
0.9676347715237086
0.47908374255723385
1.3048302686986353
0.6996108626315036
0.8642848492507362
0.9893966358713209
0.641558054666239
0.3808219022912879
0.7296421392232241
0.30913240978513046
0.3018581534272261
1.2543955786199623
0.5769867280981549
1.0920134796142902
0.3960803987168703
0.23065939073048364
0.49676042698257405
0.6811001119557388
0.4330321425392501
0.25660855963889123
0.8559553115085119
0.7932514751961879
0.5461226232758953
1.1740977167618958
0.23736172723762541
1.2544116051831855
0.3057919496957431
0.5424734777352627
0.8104798005045561
0.7284144327698137
0.7707564447293199
0.4794621016762688
0.2857525481478423
0.33346021681082927
0.40680945331413254
0.5985155087614603
1.0788776439619618
0.4293545434198329
0.49168547896731796
0.40862163482842934
0.44266552272257853
0.8008692406382408
0.8493523485140678
0.45629057517932053
1.0711710595854225
0.25832176975965937
0.8168598119329116
0.8292787272871207
0.9097910403084961
1.0450684321293942
0.5135166215802338
0.275878303452917
1.2086783103153673
0.5859897320959799
0.2615555838358285
0.33468344168179825
0.4847558998489291
0.4285204566406392
1.907909384760309
0.5811867777351192
1.2138399060436433
0.4514876112582408
0.4750946813225556
0.6190430447410461
0.6688561241741394
0.8180629538775878
0.4109678615600058
0.729399158028823
0.4117772344757246
0.41129973214426196
640/1024
0.2623888534795234
0.49303939760993687
0.2690558506969286
0.8373457760145604
0.5714398210634364
0.34511588984847136
0.18728665611796091
0.23114900341290204
0.2910147899360497
1.1234491675762857
0.26288977410645353
0.3632441959595054
0.4140012535923068
0.46514315798226463
0.3349189945609067
0.39384005624416296
1.137334061696156
0.5432755884543737
0.36626966918654524
0.7504266927183775
0.5518666849711379
1.1635758462117034
0.5535536314574885
0.330999392220365
1.0467141054749944
1.1946803027410255
0.25633779009433166
0.7825599751773573
0.4504986070496051
0.6289113668870023
0.44272302036915157
0.35663484417782265
0.4520683698258973
1.6337730289002923
0.28759611725597556
0.38445396018427896
1.0673980091821618
0.5963246921123758
0.40225322418462056
1.3471742520090544
0.6687166618069125
0.35979344835517557
0.38786938974914703
0.37365260893132113
0.4159794364293883
0.7968449256028838
0.8717916841002453
0.6651566181368215
0.44700660546548704
0.23227641097066304
0.43159909340278596
0.7809107654284463
0.4051017837585289
0.5015317785359754
0.42687838108510373
0.47282067492638996
0.8723786137272866
0.4864461443670756
0.5608803193691382
0.4312177550197034
0.9116658998885738
0.6591871696826792
0.9720483695582275
0.7167785002897229
-0.20257915995170184
0.8589168442974953
0.41983413164682715
0.3032773534263925
0.37838386572474814
1.006339303298527
0.7516240452224058
0.07911862873170017
0.40525543312854007
1.126143696162813
1.052437492337384
0.34076978883493764
0.7704242853613862
0.31729423911661336
0.29974416675026716
0.15146508795955005
0.5975010109699435
0.30994304187826105
0.38666351504676133
0.5681065706192303
0.3039003761703402
0.278197958685531
0.7353634401245821
0.29002856998842874
0.2785902874943908
0.8830648805200563
1.0382927666020065
0.72510964975691
0.3866091541770139
0.31614363977988635
0.6333325009458801
0.6627677239249559
0.5416478147944602
0.377120705945563
0.39581260645138877
0.3579021871667488
0.5969435419199511
0.2937829753733886
0.4741698953604196
0.6693491639857119
0.4483113832247752
1.1142716374111212
1.1744890373670145
0.5305050621922985
0.39684580911027056
0.4130520236421254
0.2482161211788896
0.35647187577368267
0.7229125884904194
0.30250595208302883
0.851773183935006
0.4936709822119891
0.8451520983557415
0.9524569884955134
0.4471449301593391
0.8752208820662788
0.32725176831947633
0.2634454325206511
0.5373235552075671
0.4986103736299064
0.876622636383312
0.7423332590023607
0.6128129497305306
0.2760932709151572
768/1024
0.5377734108108898
0.9569559841144073
0.606762758691016
1.1194638116881843
1.0069347867784098
-0.6970860041244215
0.8426084002024964
1.1769186280112933
0.394673720918069
1.0008297111771383
0.497731696871239
1.0473341811799286
1.2452189090406447
0.6831696027589855
0.9982563218528473
1.2067068556708698
0.4808228931059553
0.7351577793808839
0.7284083504426626
0.6641714405530608
0.6238863352180095
0.5040095881585439
0.7754079526347656
0.28821727810176373
0.5437747793881881
0.9704087330236886
0.9239057014442545
0.9817971291912743
1.0378886809239192
0.5912555576138613
0.8756026594461415
1.0600707270807879
0.4035281260032748
1.004587953945987
0.7299576829609118
0.644666656134154
0.488879785007721
0.38385834784369
0.480261078965989
1.1495893697939552
0.09052736884427803
0.7968855409309377
0.938858398271662
0.549505001997252
0.421317829357462
0.5260395783281793
0.6938573331534116
0.7358537664164551
0.46090349335304215
1.259572961622483
1.121337279793671
0.594997420874526
0.3289157066490562
0.756715611159309
1.023884914076665
0.6014354266759756
0.355605841189741
0.9221929596961367
0.580391949278912
0.8462355874161241
1.043988452826908
0.7058550318523709
0.5574266285978393
0.5307998579474987
0.331978644085427
0.924655246721823
0.6792998439369644
0.7142384944214046
0.6112872346759711
0.6195405767713579
0.4688655339731478
0.29461946980196285
0.4251128610336193
0.5215698827621771
0.9498612542060665
0.818386334647457
1.0907431779470576
0.4883708293450484
1.144441990016428
0.4271570036720684
1.1463434057563624
0.9676324417440367
0.34394164251922366
1.0079908424837667
0.655757870683179
0.7563164873119408
1.1429086789422847
0.3658561009720873
0.5245193347589816
0.39242116062531707
0.6169048971856254
1.135047760256886
0.06090635067905881
1.1243240167804287
0.3770196331206914
0.6162017744698256
-0.04889954607917957
0.8930981697333309
1.1781712258963806
0.799920416421779
1.1661781252630186
0.4013250140852279
1.047657232419299
0.8484039608010453
0.9876231295511672
0.5258614310111837
0.6017557630860204
0.7748409568616347
1.0462296925662504
0.9953051704655546
1.3061324928981726
0.7978937238697223
0.7658919145143255
1.066291041486499
0.4607258277658326
0.7136203877449663
1.0466401355322326
0.2563390040054456
0.4065340044301801
0.3424815469773016
1.3613997085468865
1.0737037193956325
0.48668620488423076
0.9491584310850936
0.6405587387299467
0.8776176183637939
1.1614198896259147
0.2774969671693608
896/1024
0.8962725257280507
0.891100761605585
0.695305526243198
0.6449626248294961
0.5775835850393314
0.6217495694565223
1.407442665702163
0.6340067813550875
0.6637168590410645
0.752824059483655
0.7612073623231354
0.6674905251634886
0.9407510304500013
0.6586406374168484
0.6057975985115116
0.6702114557311295
0.5615113602868471
1.142792708827611
0.5427375306793325
0.5239519570305632
0.5028231474500193
0.6963785836643562
0.535279221331601
0.46145233491748583
0.8495417293437938
0.9189862605374273
1.0009024600455614
0.9173374961391935
0.747771719154418
0.9294175246703156
0.5237889926686626
0.8705594176149668
0.661398013937012
0.45715849088146154
0.4412055699001515
1.279846161692064
0.4883846154381841
0.8864759163811765
1.1444547780120988
0.7822734465833858
1.1367624393209477
0.43796878673907247
0.42357950676815626
0.46498798532840546
0.41222890815829016
1.0348158516416888
0.5375978475081181
0.9238740499530422
0.4239282556616356
0.44652451756111167
0.5965847723651675
0.7398241659546818
0.5567172553812795
0.9917383560230764
0.9431120955729702
0.62728168992748
0.6177591846312953
0.6282811564833714
0.3889226635021089
1.0290810798414476
0.534436172114641
0.9746969852954431
0.5617201199529509
0.4630753598121843
0.6625568733037687
1.3338218536431754
0.5173794525699145
0.6329773294687981
0.9735577887833388
1.1273208803079795
1.019798341585027
0.8216553040835688
0.7379789391479658
0.6715127922940898
0.621276384898748
0.46535436850003964
0.600909185983576
0.5679264015160752
0.47876712090131673
0.6022159210600599
0.4784084346889439
0.4146183028071364
0.5029741050431429
1.0529841703202358
1.2256978228189317
0.7029881846147119
0.5038807900813488
0.5125052405583795
0.8710777307111678
0.7893570410884698
0.9676290088070195
0.6457780470933916
0.49652518916113514
0.6585216751905468
0.491708783760481
0.6007347330983732
0.6906052539679502
0.5222167516205405
1.2347487184420192
0.44720804412723386
0.5017357826057978
0.7289494997730765
0.402319736512984
0.9410212328687249
0.6662800934053219
0.5224445471230011
0.5271460305192959
0.4974459587173814
0.3940174986364592
1.0233698864689678
0.5522549256215237
0.8608116771368599
0.757584358477927
0.5471414242017248
0.3947629420442407
0.5592277564705171
0.39650871467403914
0.6859605712523195
0.5823181209697983
0.9250044704882452
0.8459641084376713
0.5035549857019092
0.5815339689875209
0.7451642472195353
0.5304552396459579
1.468793703092251
0.4710096121024867
1.255864865855156
1024/1024
0.707301126093427
110.122203 seconds (76.83 M allocations: 12.896 GiB, 2.46% gc time)
λₖ = 0.6
Warming up
128/512
256/512
384/512
512/512
Measuring
0.41781816834201524
0.5988184074724768
0.6374104654710329
0.39266719339223954
0.5464308464002091
0.7640629048955392
0.5558514868414017
0.5967312601306296
0.6309352876947358
0.7232622251151725
0.5944254209533418
0.1661151492730054
0.7724722928405505
0.5119320030852207
0.4303797540653137
0.603160337871741
0.5876857445940262
0.6094080138692564
0.8324850040265029
0.6510909756025094
0.7328266776696597
0.7512485102371305
0.6209016025519623
0.6051560371580845
0.46773449581219106
0.7172352620981115
0.6627051808330964
0.5433764663247552
0.6663225612218362
0.7929430596777097
0.6229623119990451
0.5520361641640352
0.41296338473308825
0.5402695414808487
0.744744793576748
0.6678407845853226
0.47775650643670564
0.5338021077931399
0.4620430628221345
0.5657824195135099
0.6711823968687531
0.47003068867632686
0.6387252676764114
0.4948621499078786
0.8626915823002546
0.6054659987421127
0.8101472292451746
0.05480588035993894
0.3008924037956908
0.5269943440249486
0.5871307767005549
0.2781735816242663
0.821791075949271
-0.228061635783812
0.8995168519249037
-0.1662518774744557
-0.07462390723390977
0.6189187327322658
0.6743814213733095
0.5050515495031552
1.2923869603713576
0.7669518010826568
0.43106879055696434
0.5530727927030784
0.429668969429092
0.5057398863551155
0.5342242976802616
0.4889666391464361
0.5663752559095656
0.5364721780295633
0.3273089472990042
0.7763031254195178
0.9793182547149597
0.9162577947815468
0.6089053606080297
0.7758278258201436
0.35164115642938865
0.870489898926502
0.5685886453111813
0.8249420589768954
-0.1335407278836832
0.4360569520891661
0.7438096101146253
0.5889596451004546
0.6569486542351368
0.4687981404533559
0.3630507571991763
0.4452740790421525
0.5591727682406886
0.7827678012783974
0.7735567164914401
0.8819367941516446
0.5807277993840416
0.8009630287359755
0.9242417465408126
0.5226272256776571
0.6203874553957371
0.26410124822640796
0.5328515835649947
0.5761967002399359
0.4659963246312053
0.5319083596213625
0.8897741094351307
0.6031949689986388
0.7367960738309859
0.16014109492933498
0.6091406058575404
0.6291122498294028
0.7873097918969816
0.7158861322010127
0.4835695332241068
0.5524234400961234
0.5675619710198365
0.46272742613933415
0.7316996809636906
0.32845461368430745
0.5761844244833376
0.7801538272261359
0.6855638188769645
0.7793904047873963
0.5240557937158499
0.6426375996885569
0.8259880183610523
1.1391866688616505
0.3649771782286705
0.08635837697112769
0.10520584539399369
128/1024
0.2817007749266678
0.9062346111886395
0.5852632326572423
0.758520566522433
0.6816250137978392
0.5790301326152821
0.45664414149991195
0.5877673666549819
0.27966701811061445
0.5055694969341289
0.4500120226982158
0.9423548820276033
0.9195223876380412
0.8840291893184113
0.8228971107407741
1.1435227750531785
0.20610039751991277
0.07426969890644164
0.6751699938285288
0.3156088565746859
1.0657487584778211
0.9049800712489564
0.6590719959855161
0.5932632966962944
0.3483963216609797
0.6391039877151201
0.5213782603522581
0.4208318548112512
0.877824473115568
0.9575436760018803
1.0564518161918484
0.8901644727040992
0.8794787594237858
0.40637497016743657
0.8354212187848267
0.591299266775753
0.3475165274412142
0.44347684467680815
-0.06596625636516085
-0.05255974774162331
0.5942792056824158
0.83672837561541
0.3675341497706265
-0.48463105953242125
0.8719942084403614
0.29572761264246444
0.8907639464158987
0.3985785530288754
0.7392605690119258
0.619209724181927
0.2550710887188345
0.8914942172049978
0.5263489633917255
0.701591998375599
0.2677238140898832
0.7154238192073747
0.9761171750719783
0.9189848452627298
0.7276688121769257
0.6518033651349372
0.9114375246875789
0.13037448872037727
0.5524887220158796
0.20244609871608737
0.26599309800335585
0.10479787951289238
0.4325734025628079
0.12549827452604967
0.8640598820706258
0.8152533117683771
0.08550952338442463
0.6196114552032053
0.32590638058926263
0.3247712492374904
-0.06021343456644379
0.22049428127920703
0.8559246323320602
1.0549766675441845
-0.13140185653180558
0.30036822345576736
-0.15474611940513516
0.576670036079514
0.30269916804048386
0.8795324555847155
0.056612116492307796
0.22396143295520587
0.4445205253290792
0.9084187918201092
0.7355122629843043
0.9201254416075398
0.08429927946357585
0.8071410310673501
0.2348588619268998
0.5567281057188114
1.0071561650598997
0.529216557055067
1.1230061490012688
0.7658052410663782
0.5944508574099439
0.6203218045893983
0.825770379998876
0.4059954316931519
0.4819624417482926
0.757122247193315
0.8244138218069422
0.29559052212973064
0.32122725352732695
0.28855051951308086
0.9132000545654565
0.9822114000852413
-0.13952223387506418
0.7249338779740779
0.3161457633758822
0.18220803853946588
0.006920082369903047
0.911122370062346
-0.04224309793375136
-0.04553582038241688
-0.09983970380169305
0.9286816466484369
0.9859583659705543
0.49923617011390115
0.060904925415207534
0.29085458463928043
1.020234882079059
0.6304473109022801
-0.4544619718248678
0.6309190251851606
256/1024
0.3678299090956944
0.7855949168843099
0.5282872403805521
0.6849567517430514
0.4357058837158946
0.24899541081162863
0.4179128610030516
1.0982094338319388
0.5985595893765208
0.39073049142913174
0.4766965882478827
0.9850490546407287
1.0484395673993172
0.8933587780413527
0.8228188710717614
0.5089501542867463
0.8978671649137537
0.8021630283232944
1.0345341720220103
-0.2068513306761719
0.42305296094737577
0.8281916591383005
0.4580717754655791
0.8666962049574498
0.6939698308021075
-0.07194425366553481
0.23131769993116863
0.5247151253688187
0.9465208439971787
0.30122673742226974
1.2152618979593153
0.8537564940523712
0.5021749556335957
0.46545637287313263
0.30859319279377895
1.0084685181509436
0.24220043727805157
0.18765993347415316
1.0089732323063352
0.4102420041913595
1.2398586149883113
0.7559857262744363
0.9053905486847085
1.3250037544957047
1.2280479826271693
0.6427008886019173
0.6039671581974589
0.5851558199527304
0.615587730589293
0.3864806662781093
0.4384756820077111
1.24163919077079
1.1859637730254227
0.547400752296013
0.47161294663958075
0.5352653843285577
0.7339662987557712
0.3700064217083535
0.6299431089979464
0.23003417135184379
1.1768830001791923
0.0014765481836490624
0.9286500093253653
0.2615740343054113
0.4226792726011877
1.1878080102644737
0.3877436171761636
0.7332633932888926
0.1797332362154228
0.5393168811403227
1.11908293923414
1.053340784090086
1.0797328461995879
0.4643340029833595
1.258281458829898
0.8650419860193771
0.711469156258526
0.6198753523917931
0.7232718033049634
1.1721421819655942
0.3961121312147547
0.5413470047940949
0.8959445278499529
0.7261406765725157
0.920004266459717
0.8348207782960826
0.5968736419016136
0.2862343009800845
0.8805690144283436
0.3881953508339626
1.259388750947732
0.7876767224248921
0.4229785065263155
0.528461534732581
-0.04774857807348876
1.069017539738086
0.39053350086018973
0.6376403959006912
0.7639370850759201
1.1116819073354645
0.12395342134910148
1.2342422241112168
0.937475055144091
-0.0021574484004265315
1.2963193569764204
0.67228319380832
0.9731694636839296
0.4475362991656668
1.0066421671824757
1.0371663010719911
0.5772786888011205
0.1345082909775232
1.0356226817385537
1.3968155483476536
0.36462488775526974
0.8508656623530821
0.6064393001686061
1.1445546677052867
0.707900535960627
1.0384949271941921
0.40867139747076403
1.31101120688214
0.18111841445790788
0.6744950713103728
0.42307932648702945
0.5831810979711172
0.9117955965528555
0.7148526033894351
384/1024
0.7182758891056858
0.6199012451136665
0.9973299504088484
0.6876868868321585
0.6660838279254993
0.8076303219546221
1.4102226363407089
0.6423759351245768
0.6869449345053655
0.9490035411260934
0.6748953952555898
0.7677516235856746
0.7261328140831836
0.6852660278814809
0.6189674469916596
0.6458772706745436
0.8318970518649771
0.6730692610640051
0.6359688736710088
0.8188974563114383
0.8082566129458219
0.6376790452128962
0.5969646927936421
0.5905688314846527
0.5817091689852822
0.7324281350126396
1.0225430056346099
0.5773782804765384
0.5732371666407283
0.568579923297959
0.6592568014172921
0.6644168783947962
0.7992583252278211
0.8951959720339542
0.6302924246011046
1.5511368360324593
0.7259283797229558
1.2383256358880048
0.9861728957664996
0.5891540635817905
0.6963557618524637
0.6700965387705049
0.5721271432401005
0.6709697423186155
0.8751646836289726
0.7148917631036487
0.6959838145912383
0.6223459804197589
0.6245922209183717
0.630877616431032
0.7159813726138688
0.6450073073802409
0.676816079836721
0.5807671171643541
0.6683662164437946
0.7145151459479494
0.7020631061679229
0.6374386132540304
0.8069529633961386
1.1538341367476035
0.7904816028820035
0.7161966508879143
0.7581299152028965
0.6499999537861414
0.6916714580840179
0.7589659227600676
0.6012549310778535
0.5971013108888108
0.7703562567000307
0.6989826486440144
0.8205528016393264
0.7372627377444053
0.6471429004850626
0.6322966298771483
0.7848257789358011
1.212359952142363
0.6431686683047029
0.7753733324926038
0.6856395354022544
0.6103687356787258
0.8356524959455875
0.6482615221122408
0.6350229152232238
0.6510645920479776
0.6000281142380067
0.7198547869810512
0.6978649472004776
1.4728296319512615
0.7259811932526908
0.8815892839189314
0.6150343580749906
0.5841279402326606
1.146944091625487
0.7672262832391156
1.0291757087540374
0.7982728099111525
0.561301990670359
0.7291648467788948
0.8084599268324073
0.7298582133937059
0.8302827396046156
0.7040062884668142
0.7942201197359626
0.7526497364748077
0.7375131967662671
0.7970028264722429
0.613312689554421
0.7273939548897855
0.8051930624231722
0.7088462189816929
0.6239002939621461
0.6963046338716564
0.9574150133043602
0.7670279690544192
0.7383432738619292
0.7556423079713043
0.6540387945959042
0.7518003757124476
0.7020299569439852
0.7155925799601458
0.8048039784240515
0.6031288573475452
0.6092891509191508
0.9092732835574653
1.4943689105909748
0.6937100829842323
0.675285398141998
1.5319070817846663
512/1024
0.8125608653533462
0.8297693744520982
0.6673848276109859
0.78468101686309
0.5819453667522032
0.6152600399008374
0.7208309553095736
0.5483714335360468
0.5193132525972277
0.4420224591539395
0.7872205488787449
0.9543507671552952
0.8664109658993691
0.7176187760455769
0.7272608870933337
0.7970673601453317
0.5999866233537661
0.6314907399541433
-0.027341947949624523
0.7707045955721781
0.580502308466232
0.5943818658550698
0.6512883931887138
0.7626509789350274
0.2212519301331899
0.8087468202037855
0.7769036467739946
0.7303909547583436
0.48192361525411576
0.6835028523658602
0.6858557130149666
0.7602766474190406
0.7009693769726877
0.56313116555157
0.7854160955359301
0.7908690486066001
0.6394336206617744
0.6537420436207904
0.7664153757406809
0.8093524753281769
0.6310584183717526
0.6281567311348196
0.7691874407135737
0.8073947401411798
0.5611429135815452
0.6554831163060746
0.7609318228378004
0.6845421313402824
0.8187414728164926
0.6998098857448749
0.6768393018970339
0.5387741393007555
0.6499597173742613
0.637682825853699
0.8525677825581373
0.6550433770606512
0.6833815407973474
0.6084560436920479
-0.0013214310940888874
0.5050867811796751
0.7321607362888771
0.6705288302085484
0.6711837599879724
0.7326601717900156
0.6649466424777054
0.7063007234295245
0.5940706427541365
0.6741327077814241
0.7393378808512188
0.5677321930518608
0.6462736303761829
0.8362252422776166
0.7832843352288501
0.8680940666570153
0.48028134815402546
0.5344376893898534
0.6375175099656358
0.8495317050021707
0.6314898342654205
0.8026435644064147
0.7241255617196657
0.6309638659107513
0.9896550463099747
0.7090602544291038
0.6250036340417162
0.4664435359832777
0.7751788251191749
0.6286606775154371
0.5851242547001908
0.6570382702559721
0.571370999312156
0.6943165791294004
0.8651334745124202
0.6059025590984957
0.6917065031276401
0.4424519845018761
0.550182444289848
-0.1320841789153091
0.22914257504199642
0.8434077723564728
0.8141631093603648
0.6019321704222255
0.7605491571412246
0.6003662532154582
0.6943781573235526
0.7392377038894025
0.8414601481557686
0.878170286320817
0.610797146623748
0.10375506976478921
0.8199966810879695
0.21677164182540243
0.8082517768446182
0.5774076730989091
0.7007142237475914
0.7588533113932058
0.6146782811332241
0.4919092911557325
0.4625875259781345
0.20130570571973905
0.5411872172940786
0.4547316022134091
0.9738088120550457
0.7791461333472688
0.15883938216829185
0.7605729010116185
0.602561841692898
0.7607173134236795
640/1024
0.758923981296572
0.6537745363313878
0.6234319840242017
0.6933802120363185
0.8566278190973378
0.5975626755962647
0.8778788695435038
0.6772430339730995
0.6824232071022531
0.673153622134907
0.8956009417417241
0.7670665446015954
0.4893469968790207
0.6921410666372897
0.6953892914526183
0.611564415293629
0.6767319516645636
0.32960492201870734
0.6949293298643962
1.0964851094863475
0.7222573947294442
0.6799499842954738
0.5803075112213796
0.6498806136713366
0.6637423284124401
0.6503988767186378
0.655494318936722
0.8083357756546967
0.6972925161530136
0.5983836970052534
0.8227595165260457
0.7258722650019704
0.6948168869556831
0.6861881444102158
0.6928431126730983
0.6113422857257294
0.7506790867517891
0.7000007293868531
0.6933417170465069
0.7072384013129116
0.6936972526216947
0.6601286411282861
0.7017053764772379
0.7382802026077635
0.876007933623097
0.6941312221466519
0.6810186462129214
0.6851506231167118
0.6883157587418883
0.6890706753805927
1.4514234146740865
1.0137703296241565
0.6921026162342423
0.8270573154584298
0.712436386752499
0.6708078084588464
0.7583477520681119
0.6752271378399515
0.7763211455892075
1.2760541914273857
0.6893442314100072
0.6617870019334513
0.6847637286145922
0.7029630530969899
0.8096872238873069
0.7327925970932238
0.41906655958086086
0.7235006628750278
0.6011292012839745
0.6927363339809889
0.7467589213046484
0.7593313875739165
0.7345289538953412
1.2535335042225424
0.4666815800439883
0.8454976416649435
0.6885625097028553
0.6870632214084609
0.6899747690636886
0.6658006206162358
0.724784188387583
0.7235057981966027
0.7368967078185227
0.6924235436365154
0.7251784005678663
0.7782445316158069
0.673576925777903
0.9652146974890263
0.6392281425874244
0.7121057648365061
0.6923061798405292
0.7377466816043567
0.7294387976840485
0.6625484891687188
0.7083103903227181
0.7224841041311417
0.7299415749397388
0.7548429695445525
0.5437038512108732
0.653461832912382
0.7750889702245128
0.7943955791986353
0.6654719463263988
0.6900491276720282
0.6925310682678698
0.5871324933360391
0.7107610059102216
0.7776601836119295
0.7473708424359562
0.6315863190913306
0.6936623736309534
0.3641633094579261
0.7006526611541606
0.7100298172484538
0.5289741255784044
0.7032361011440755
0.7488395733868687
0.7647663563957382
0.6916444288450012
0.7580573013138229
0.6983722656948161
0.6972254568628289
0.6963795403243164
0.690352115849868
0.7275411214730727
0.5068443053783658
0.727430441655864
0.6939621754540807
768/1024
0.6684117568040118
0.5335992447401685
1.2389732072702184
1.1380349225481416
1.2831137173770997
0.4378267484718953
0.4325197606118417
0.2346030008070486
1.2657875981143731
0.8270562783266772
0.9287409907880064
0.5019264084793612
1.1616973946184848
0.3162854904737966
0.7226111037682711
0.37359477451448164
1.139960516191274
0.8201059365558843
0.9356552594346454
1.2027766328507439
0.9506734231999802
0.7743620954334712
0.6278356874414575
0.6113243873004593
1.3288532135273923
0.42562990163105635
0.35177035782989213
0.46016391438715065
0.7768901362729703
0.38661872334225156
0.44944866228013897
0.8049664828017926
0.576177271006532
0.863588815603674
1.2253243216221965
0.2928107728069459
0.4540982596359622
0.7340891496515108
0.8424166418504497
0.7830494690157431
0.27457443091770173
0.3097535276155804
1.1406322963319322
0.73197098324792
0.4556431359479084
0.496220451606333
1.0668367440682425
0.9429203905929131
0.6502510519735207
0.6569786739267728
0.7958307920126237
1.198702226745437
0.3578371122997335
0.6561674469404034
0.31796459755349266
0.713542174804021
0.6384883511755629
0.9599603717910323
0.5396003363446935
0.5589537264779387
0.6427241375060394
0.6131683207457368
0.4428936163425452
1.2242951263925383
1.2055382441169122
1.0455163933009333
0.9467483290724648
1.0917211043921515
0.5653645021958262
0.25019320744826284
0.41282810089210514
0.547925265672493
0.45566271972321204
0.84337159043492
0.517199076266017
0.534469945731471
0.5302097776098896
1.248840675044923
0.6274460894609661
1.0341958365897994
0.5778673135630914
0.7066900629909403
0.4908096171801769
0.8561327431722714
0.7948053276607492
0.4274284592347942
0.9907574897401716
0.1628038970989719
0.6913163758621179
0.8582292309833045
0.9044976344317617
-0.035652510894241284
0.8685410314721357
1.2317988600162266
0.4697469716851036
0.6804611375460105
0.8046686942618564
1.2755888094656782
0.6737557901554252
0.9160079044242183
0.7174231514694485
0.7822441534542451
0.2966209068963956
0.8430596628163749
0.5053917715433976
0.8597340383730716
0.9373472228628985
0.9623067138479654
0.18239119644999052
0.4903625814140992
1.3378749867735624
0.8456092234963581
1.1270264519226116
0.6521412940679369
0.5331634925739903
0.7643055607118885
1.2119769489341075
0.9122091750100829
0.4063424559645523
1.0337041960473836
0.9277711296070686
1.4131113707505816
0.5840629315595651
0.9864700723756529
0.9050180771676317
0.746686292828328
1.3257519126633457
0.4684804270500163
896/1024
1.072810986347338
0.8126707637847687
0.737964562939244
0.32017480201264176
0.5293906732664194
0.43069806830387564
1.0871785501443514
1.1060706540200227
0.839533595960597
0.9298317076529838
0.3698523646290992
0.4353837679193005
0.42765113371640406
0.6124805581933648
0.8340271777859478
0.4364790896990185
0.8583887603492835
0.2457935401472091
0.47208250248024025
1.379984811836187
0.989437752772834
1.4356551043230608
0.33371655607118483
1.0501347520712345
0.7627353238869501
1.1075755386987445
0.47589758289417516
0.2514566342397016
0.48211836490654314
0.6820991810957395
0.5109904844116433
1.4607749632340374
0.688510359999141
0.429723622874591
0.3935754415359752
0.46285361254415625
0.5291867299610835
0.281221869852918
0.3556613579283145
0.8242245301501359
0.5419221816918177
0.39568784054267103
0.6775027893134311
0.5666955976415459
0.8754618507811772
0.7522634536205519
0.325896606860683
0.5770733335473998
0.29784722290308663
0.4076964135482717
0.7803025078025658
0.38812992085081943
0.4643568157325282
0.4302136826055074
0.45136744301772225
0.38565637666932556
0.6576514242821492
0.3211235988126375
0.402327328039204
0.7689838637188299
0.2766793521561124
1.0420864676589727
0.32659735790879296
0.3842379034346832
1.2885406209822126
1.1493309965194085
0.43597100485032536
0.6681940440139803
0.4854338926218026
0.4955370996702536
0.9484314549325158
0.5030492428612785
0.5954418332596416
0.30974437614080663
0.9074786733841468
0.3545096750722145
0.33832384089239054
0.32275076057488605
0.23397049929181046
0.7257190855737539
0.30403556240507745
0.28455050279009086
0.539442441860842
0.6592029526933602
0.6478764396039466
0.8472771535019764
0.44021902793852596
0.639038671148905
0.5872208252123121
0.2821814202650321
1.224642446911455
0.6554234661812046
0.3787735935529185
0.4986713902167833
0.26686518534624615
0.43542668305379106
1.0189349310212834
1.1316169920572536
1.1649402921330672
1.03377159599109
0.9439639184060873
0.5296217883511005
0.4250650458104831
0.25102564788010256
0.40852737397786354
1.182908559669334
0.34145241991877706
0.26553281581341653
1.3997905644572257
0.24536378131942124
0.4573136359480658
0.9357896625561677
0.5233143595465916
1.1737057203960914
0.4397527073074746
0.583786723091436
1.1648538550568253
0.7319682162156569
0.6971267559590991
0.8775091512176936
1.7150583087732232
0.34250970973907835
0.4703266447667366
0.37070752762232345
0.8434395516950042
0.5643265473903496
0.29332601235814015
0.8298272284136651
1024/1024
1.2153300144498407
102.809782 seconds (76.83 M allocations: 12.896 GiB, 2.59% gc time)
λₖ = 0.8
Warming up
128/512
256/512
384/512
512/512
Measuring
0.22681475795507638
0.17623244885574818
0.3872956554323318
0.2671721791348444
0.2678032120204459
0.5088527603872219
0.4841303771975438
1.2793519876763213
0.23494583381936285
0.4171218811702462
0.21901975850101818
0.4848656621790858
0.37946433730965645
0.6758862524078735
0.35531403565295294
0.5425371039469764
0.284935988367352
0.5402598287418852
0.28582807057772186
1.7143871346763078
0.5432359679070458
0.5166471905144685
0.3830698253201553
0.476061427856244
0.4206698768440018
0.5648243511754245
1.3059811874186855
1.0549061906246315
0.3241043895734821
0.41236559518575017
0.6246428141688986
1.0754179833041078
1.6262713423133424
0.3513476436120273
1.2645408902808277
0.45672633243190786
0.5860548260854734
0.4223726440047534
0.48627312321700045
1.2573890149499405
0.6574952126029402
0.6317833803175443
0.5149182584101637
0.6737162348542437
0.6975827339426781
0.6174132027757558
0.8857328414597606
0.6865809662581543
0.37334409211159547
0.24441587987263957
0.8558740853444258
0.21032523923263982
0.45206163409897376
0.3426832729599118
0.4494363987379725
0.3592155919801664
0.22678251003181382
0.561582945911635
0.3824888784789817
0.523090195269015
0.6183848245322162
0.7944410443827328
0.3440737824026733
0.9128411885538112
0.7774365551894051
0.2534380565285935
1.211257778119977
0.18311099579447948
0.8817002506204206
0.21868518518762042
0.3262311639902419
0.7824304364036527
1.8270771066479263
0.25975996116906247
0.7784578290124663
0.31590131870006044
0.5172406302907582
0.9054438883671022
1.2028465396003647
0.37978243718823085
1.112349520556364
1.0146232609958046
0.47998827599957855
0.22247676315352627
1.092711511640175
0.23973139374090702
0.4283619644783294
0.659634014623401
0.890276255466573
0.4278527211148652
0.6539125816177171
0.289666618027438
0.7827656965229028
1.2525195065917951
0.43739313843192623
0.6925102945016727
0.24657887175250226
0.5382090510029267
0.21222941562053904
0.3135793178709202
0.8943624926437268
0.21321253474921983
0.23186709311384707
0.28680403689369366
0.22626066687801016
0.6355836177765888
1.4938969023082662
0.2510044541838511
0.9505729458371612
0.8345229392966749
0.6157425249831283
0.3887814580377574
0.4466703826605085
0.47740764857023676
0.3204770882250938
0.46984394626865916
0.5945588543612621
0.9052896389129386
0.3309390989256238
0.5039393313764341
0.3850660787366167
0.8941055331659433
0.3045006094042928
0.5989554717943438
0.7349480503458655
0.3132172143637689
0.23523708472222649
128/1024
0.6578963516768104
0.7983150247535332
0.8304136209556174
0.7542559191552112
0.5119568708097249
0.5522755456220012
0.7330724127543615
0.6591894445743444
0.6477159955895774
0.7038153452036803
0.665952498415267
0.44124104460429425
0.7095996662315918
0.7030859630907612
0.749257015291704
0.8712040972680315
0.6996871527704605
0.9376931372849466
0.8212831449413949
0.6912383464034899
0.6632096134296765
0.7945689636702065
0.6697257072912879
0.7339577790056975
0.6063905728179777
0.868142615296249
0.7048112291450689
0.6657781822635868
0.7286857449273079
0.6139403568500019
0.41057148272458655
0.7327239997405143
0.34601227014557023
0.6860241300388569
0.6641008622892933
0.6558099447049117
0.5464703318218594
0.6434933209845285
0.5665827142027602
0.8280082847022471
0.6547677538275731
0.7397323936330193
0.7116177601048185
0.7352871975457649
0.6879905418847269
0.7881674731137275
0.7132568303947862
0.7880887672406619
0.6683583842239889
0.6740580185528308
0.8413300728388501
0.6939241318535586
0.6913016905652112
0.9072332522718249
0.661481885131012
0.7069838358259426
0.7384161703914159
0.7460163692278806
0.689292349019663
0.6809135728153033
0.6593729690331961
0.9848793170645411
0.6662565209808878
0.6780894467742676
0.673955163277532
0.6435521021095948
0.6495103880526428
0.7287330412497485
0.6723624313468187
0.6796974901917738
0.642943724156172
0.6490322749526863
0.6968768981791562
0.6673408247061954
0.6344616465306915
0.7441392619972114
0.704158524297378
0.6907655146569243
0.704744337903057
0.6246512954186165
0.7059204208996932
0.6463161869298397
0.6451007611735227
0.6847727700677855
0.2846044754891523
1.0392787573405462
0.9737470929721959
0.618742237793975
1.120897085498827
0.6477859900349112
0.6518764722644984
0.6522722193096372
0.7151760146640995
0.6721973745920686
0.6484754186650491
0.7196104291455718
0.7269318782353628
0.9186505904935588
0.6786620020329959
0.663311634691286
0.6422509519699112
0.719421237817341
0.7550956180204422
0.7323248795657974
0.19263888294245746
0.6747707296300114
0.6946563958216941
0.7072765748847389
0.681607849142339
0.701137993021245
0.6613101950475263
0.7140317115186596
0.7229333635598686
0.8392125279483144
0.6850990793968056
0.6985306741370458
0.6876589481728808
0.7326551356200659
0.6758909999287469
0.7982258187808493
0.6608135045523421
0.8654977271090007
0.7408648355856805
0.7240378665204982
0.6654284592267734
0.6706481094845581
0.8289407548923505
0.9948614325405667
256/1024
0.7111476453712436
0.9190463837197659
0.5081391172508806
0.5753478197718329
0.26411279186460024
0.5324016664342113
1.5197053181372824
0.5442831851549415
0.5238653094368655
0.6556070918718296
0.4513867684754279
0.9723681769753487
0.6764395968871606
0.3104166010104147
0.8602341616639575
0.35014599254272705
0.6312160490038121
1.6065763551914165
1.1443774486211213
0.5609655638278139
1.4839182193373088
1.0148933784109189
0.5150158598348881
1.004902839976434
0.515173735950972
1.5664822250604533
0.3596617547251658
0.6145653957307871
0.6144562527805941
0.4085739542512653
0.24200000601928023
0.23700364801709917
0.29645193703874007
1.5548578800143251
1.1817556853523266
0.4113651649373782
1.0128144474091798
0.44331667767064453
0.5275000711381779
0.7141461158238304
0.2744821058856265
0.5915951970784356
0.3936564341160666
0.4253155714900365
0.2754728630413472
0.7071285236726929
0.3786837283421159
0.2265216589080602
0.3271674236506804
0.5393111697471035
0.45275535391585703
0.9650839671269211
0.6899938071918724
0.7726460967561335
0.3310849888245535
0.3229099863055717
0.18992125350657219
0.32954597356664783
0.4138987441044347
0.5108531226369502
0.5864360944308279
0.8395479698323981
0.5942866480969611
1.6193608477790802
0.8307889079617935
0.6088153978309085
1.6145013667682833
0.9745789684518198
1.279879654019642
0.31493315674663774
0.9333407427474705
0.9899589119794694
0.26988010059770584
0.27104242858383765
1.1608970002987749
0.7525560026315816
1.1102575068710412
0.7428419669492303
0.4244036221614785
0.4287107167005582
0.24092661468128698
0.4201852898103241
0.9442476202247833
0.5247275546039968
0.24678257308732848
0.3190880502943839
0.3853532897729466
0.2215635610499363
0.5060976307507414
0.3714240443838307
0.3200097394226594
0.2677454905485629
1.2997995650362812
0.3316328168508015
0.9639229974198698
0.4665988928013015
0.6005920492325155
0.852342771041402
0.49106891857909973
0.7356253474325082
0.5180352309304275
0.5177126784633069
0.31424072087297483
0.510964913905275
0.9157023471171519
2.1820022134328227
0.34019953296505334
0.5152662592598973
0.7611341834745822
0.3287631080526624
0.5028859803974628
0.6548274468243502
0.6401040051799779
0.547075228291802
0.2074411528257088
0.37102833245002287
0.3089458521334317
0.5137522057558148
0.9680178455800745
0.21351126735991127
0.37984735206820386
0.9262902833855858
0.7646806820708943
0.8853542309013744
0.44879192649131555
0.41174263440486214
0.6479883719225208
0.3491886596151689
384/1024
0.5802319798988875
0.6500043392101142
0.6886595169989628
0.7850631344591044
0.6635417090915476
0.7405200868137867
0.6235219587038523
0.4204467609193844
0.5987965350863428
0.8226952811985382
0.8201095874338522
0.7469012056926142
0.5547687415943294
0.6228158474421415
0.2737858510038956
0.9098962625363028
0.639054083716058
0.6597584042212671
0.7804536370540687
0.6041679959466221
0.7037128879678811
0.5998873346213165
0.6308795330176586
1.1670783919183019
0.7045029947223342
0.6132961856590825
0.6582159010643566
0.7467972069594407
0.9799217255584222
0.9198023191171777
0.5853233470311238
0.7150351155393182
0.744498111436832
0.7643103554185514
0.7085253623726318
0.7171732249841876
1.1807131125567145
0.7389938421665024
0.617501966905792
0.6057897724090997
0.7648970184591022
0.6873724378117279
0.6332228624969565
1.3099083156882825
0.6292711754711904
0.6223340895619032
0.5952130314237919
0.807578675600052
0.8605603029558919
0.8055607398296238
0.6667441666984537
0.6868580900539035
0.39711533186210846
0.7131478138856423
0.6117311040581679
0.633669799728945
1.051857798923672
0.5664951632060604
0.7510086181924758
0.6768481499369299
0.7151918416499362
1.2102474328367852
0.699506295551385
0.6935384610837187
0.47790536681193624
0.6437202287928381
0.6400289642533514
0.772329415222486
0.5755360621745996
0.8727968288389901
1.3433190425321464
0.5932121626007998
0.7582687368078566
0.7449630755770742
0.612378355121978
0.5796718999736408
0.6164427041156013
0.5811637555280165
0.6112390979595357
0.745545479705388
0.5956012524731309
0.7168682825326835
0.7670128893231422
0.5894469220904778
0.8811530984580587
0.7745689991406868
0.6739805607458851
0.6500048719737872
0.5900521662104199
0.722675381863085
0.6552789425481007
0.5942319109316314
0.7843140412096491
0.715128988417139
0.6436111491248048
0.5748232958567729
0.5900019530412655
0.6162546985204808
0.567238608675541
0.6496192616602185
0.5575093506802785
0.6727972970853685
0.7526334649166184
0.6829736404093638
0.6110224330580089
0.6600684599907837
0.605746926190097
0.6382761150707599
0.6001834522543876
0.6416587596210281
0.7378090039219733
0.5427695346906858
0.7016185329666047
0.6398435723192625
0.6800843425989218
0.3735468476175469
0.7634458615583017
0.6468126961662833
0.8604462466770902
0.7516463338765633
0.6190817824004737
0.6028147551816243
0.8409154411943859
0.752184033431711
0.6720957268772407
0.5671872125402331
0.8182083824149565
0.30665956141822964
512/1024
0.594858350108858
0.6445602981797346
0.8238055365054314
0.588580181795564
1.562157904098274
0.8428443860814653
1.0832216783346413
0.7780374803740451
0.5981129764089304
0.416368558544089
1.3192034963084134
0.39485755558931734
0.3833993052991771
0.9731914322809573
0.783527141209482
0.5826966413653009
1.2652412283080405
0.2795919944592227
1.1417575170378915
0.6892058461857695
0.2889533494400666
1.2004050341288095
0.3293493850632583
0.668664862344382
0.5572601399121213
0.24931391419486032
0.8590310837414858
0.26948190846000875
0.3205573476966811
0.5476576510819935
0.5116974300524391
0.4733206563414313
0.9540202964140676
0.4761157020461274
0.3259699380768687
0.46424861586468474
0.36945472049211314
0.2765978077517969
0.5215789279112872
0.7592365060779933
0.4599125395427503
0.8250081907451492
0.46872289508807274
0.9094513802262659
1.3848018440678693
0.3185379116113325
1.0503226775860703
0.6423034266345915
0.638658582262857
0.9418484856128574
0.6858889613336276
1.219700665942918
1.4238592252927311
0.4712983911964005
0.7472397522836629
0.41485794013691024
0.41035006250333994
0.6283671902085246
0.539542018988838
1.0059585555625143
0.25788271669450724
0.8846643302997873
0.7984773809418878
0.5871943172898895
0.49284367238773963
0.4463786479853722
0.3707323291454093
0.9246713744748213
0.4638534553622289
0.9799026139830451
1.2225184701671816
0.3453724923182039
0.3644966579697368
0.621433065128406
0.37706705512840877
1.1238330601196642
0.7684057586635042
0.635658471330138
0.26122520678207206
0.56633884225603
0.5738327319878537
0.33646631213757194
1.414150286735483
0.7431289548323067
1.2400348632623526
0.5137796283685164
0.6439363521956966
0.4218753688344331
0.4995123089053169
0.5170702729950987
0.5339394533441754
0.7385286625039402
0.4954379945677692
0.8485689606669872
0.39111532811515837
0.5527803917486398
0.5152259691076791
1.592615448318315
0.361693944735604
0.42419162084212486
0.31898515064232663
0.5401614298414616
0.8787604199636299
0.2930935241147544
0.3415388205994262
0.29157905242211185
0.6259972229644436
0.2656389111174029
0.9496737981014163
0.34890223112033497
0.6775718117656812
0.572623618522442
1.0206556906928919
0.32385682665142473
1.154894728790257
0.5598575974237853
0.7544100336426924
0.5936729285349511
0.5021544782207839
0.5016222890959323
0.40913708373548335
0.9673256170738332
1.223673971602786
0.3759892258512936
0.5164926893943576
0.5642310499009036
0.8925389518513682
0.9689280797444766
640/1024
0.5787755556095049
0.9066375815131502
0.5302715382390596
0.6941602424360811
0.6304799777923404
0.7084113739736048
0.5428995656807503
1.06577296533303
0.73291095472518
0.7601535927307543
0.7391652561400119
0.4476622730072098
0.7217403932439553
0.6897919125447037
0.977717197413295
0.5626143665859568
0.412615211469984
0.5915328371695104
0.5558454876573926
0.5254256847926004
0.6291946305872984
0.5852186777981352
0.5939387079326939
0.6802256493994914
0.7546780112462856
0.5691171243059888
0.7425225628482715
0.6395696696364424
0.5242720492376741
0.8687321613424461
0.8175595906028943
0.6004897026669139
0.5326826043871138
0.695162638188082
1.1352962210229411
0.5325264464633879
0.6926882371818981
0.5893051837089232
0.6036815471820188
0.5366136324362635
0.7514027094721192
0.6121439119136919
0.5529509673699659
0.6684570518677746
0.9564410481997997
0.590983418853035
0.9022639491661683
0.571585294716699
0.8587909577371013
0.726918423629279
0.7243594142773225
0.6017495633121106
0.8910797052544794
0.6593303508146521
0.5580351777261441
0.7433936884106763
1.1598438940766551
1.084273021245485
0.5463108750231381
0.8150147118259324
0.5959813679246875
0.6186220765808336
0.7539085076282199
0.8590458162660756
0.7102236354851299
0.5566018730122992
0.52249233964959
0.8999624049546826
1.1089130712624222
0.5397699852862355
0.6405256841987801
0.6361408970762331
0.36980828778543257
0.5512341818549072
0.5420592864619571
0.7133771002308305
1.0434660198365613
0.6725164595251042
0.525935258549457
0.5644099229945813
0.6227855413781818
0.8383807063267533
0.7077388260264641
0.6077555502587084
0.5669895364201615
0.6325166811994745
0.5597643586410579
0.5635483853888915
0.7344898245585285
0.6765595155583621
0.3383657852709397
1.0359003492598258
0.7347551374034215
0.7165347690005672
0.6334390882209339
0.601604005438006
0.6914160719321886
0.630873409917952
0.8915155960798169
0.6646853262825501
0.733512998821189
0.6190206572186634
0.7147090689619306
0.5424420555835795
0.7135022094595571
0.8885818463300423
0.7909632129493726
0.8573748708885779
0.6444970070453624
0.5682383525644645
0.5681170883222921
0.8124624542627757
0.5545418415878558
0.8094633880473033
0.6584699460174048
0.5921432023564879
0.7370576474987723
0.6098333417675912
0.7255121594368132
0.8381832762482609
0.5790402552293019
0.7888149874101738
0.7331632171862044
0.38014692824064633
0.7853829376389133
1.0622459858745343
0.6270123097838909
0.8482729272090821
768/1024
0.5699254215434961
0.9657330975886714
0.7567346741325882
0.24083883660004526
0.3489030110143516
0.9504782684654393
1.1968866596158398
0.8617134000280282
0.5017637296446203
0.7713842199485853
1.1397858040672422
0.40505573624878594
0.3385337546679788
0.4826885342068542
0.25616963990312264
0.8417048248102732
0.2100090258559519
0.32859660545354785
1.240572730240941
0.6720600074336665
0.4567208997751667
0.8270001931818949
0.34352471148302743
1.8748777473982714
0.3480115123390989
0.2268022940352192
0.4613079573206721
0.33226297989591164
0.32589160660382266
0.35932157548601235
0.4471395675238309
1.1180056289967182
0.6592514101935139
0.5229410216459016
0.3659363345263511
0.2622737623256542
0.34429061717827036
0.32685783573434846
0.9574235654703847
0.34380257661153424
0.3215219989203245
0.669902911725841
0.40856093987855424
0.7115046949608761
0.41226560965259557
0.26176493670290896
0.25694601343175394
0.3740886993123399
0.2938294746278737
0.5953881041216798
1.2141141465338614
0.23397863970976723
0.30424001662125666
1.1674622890874133
1.1792887343366467
0.31278548360679786
0.23261011473682303
0.4529857342634108
0.3543201708153279
0.6438340076170862
0.3840604902272486
0.45545520525046
0.7899958167028904
0.9519591086780415
1.099461120804572
0.8812202741743246
1.5410760019479008
1.030136745450228
0.2220545824098898
1.118553605725747
0.34873768145395445
0.9908475186133846
0.3303708364600719
0.7128566835455642
0.32609444762230666
0.4170786171158923
0.21865422347336633
1.462522039118281
0.25894936245964756
0.4352275506199342
0.25040726513669087
0.38539230359754534
0.3740358739353184
0.38694011230795894
0.21462469133860446
0.4257582966587156
0.23527766613433015
0.8720326317780078
0.6810223155989404
0.21953104334847584
0.38888771790686383
1.1022713487074727
0.7755707552143031
0.3180686458359201
0.9101298487152983
1.24192084613467
1.0747220236959276
1.0510739899375405
0.46143239319339713
0.7149492253923059
0.7662808741373395
0.24279865553612284
0.5517539607879142
0.5125495192697814
0.8423473016695613
0.7718955452472286
0.2576202077392067
0.6820217802295361
0.26200603756908697
0.5917271922246021
0.41607343745721714
0.3005904436053549
0.8634691821101519
1.4976578060310892
0.5345531202227105
0.7920648048344316
0.41233808163560076
0.2822946508365213
0.26626830828730186
0.3718083807208692
0.2717457906694457
0.23360574902656772
0.8092554992609395
0.22662056969829097
0.2576925994544093
0.6329176617499579
0.553779156209362
0.4875902142744619
896/1024
0.22819120117517383
0.9456428169169488
0.1391000936070739
0.9175201602719366
0.36506514297476833
0.1806451915531374
0.6195483215841211
0.23191942218477946
0.10018120206616576
0.6834285098995411
0.18581417803863326
0.16869809135936598
1.1555122318580116
0.6736557240747321
0.35179805873680003
0.6610488178783408
0.4705026200464206
0.08818110255985742
0.6650474142140403
0.5078236798403787
0.23380006129388753
1.29926831417755
0.9977568222416217
1.7755300902023916
0.0848780983131028
0.11957535178037565
0.9795679928316965
1.025449803399632
0.16961823504592793
0.7562160479771601
0.14022939115526128
1.111309456460021
0.5270944931407364
1.1141152285449758
0.6171006865437692
1.163254494925601
0.17784030197043404
0.4671957934068105
0.5527210162083096
1.1927019837433215
0.318915693303658
0.5661532644843894
0.43102745944258414
0.19817574531408888
1.4794085562463
0.4121037443247988
1.3753060220849125
1.2588866466001387
0.13009242582061525
0.6048736540609199
0.10205740647524153
0.4089334434035362
0.9701504258777007
0.19162461108039242
1.189064920660026
0.2745007457088547
0.3595214111614714
0.16371331867333005
0.22384622289097442
0.5315712363233129
0.4493480540004986
0.12624108646045323
0.602838719925374
0.3908995496877252
2.1321933589536917
0.49932429165677067
0.08602884034679653
1.3019939635560533
0.366779981751942
0.33848764885253146
1.1244252764111748
0.16446144910555344
0.6123847620566469
0.45241094425894923
0.7599481710533731
0.4380388769182701
0.16297957536711447
0.8216606243155287
0.7491356055812612
0.9812692842815648
0.48742875384108586
0.29163653748004587
0.3067404951915709
0.31445903601565345
1.3159133197161514
0.27397936321636995
0.7474593983330196
0.2855553570543192
0.5803082712289096
0.4089173106204754
0.3314431778027648
0.22398923440569132
1.86594714083508
0.6294936157634519
0.5819161411265883
0.8986572392632222
0.8430411444302208
0.2946488746705612
0.11398385107742087
0.7990021637262692
0.16573768943019968
0.1977133861307498
0.09817246330510515
0.6866843634783688
0.1330622149660958
0.2651342330339337
0.26762899087650216
1.0782553207161685
1.0373837020697187
0.17364524662683833
0.3835941588340264
0.4362581454184989
0.1440742391191707
0.14418185982915138
0.20456238652142614
0.33891144081973035
0.2765282116784664
0.1656972680180991
0.3068546358183887
0.3069976221937657
0.09024696597539217
0.2562990771947021
0.18362702065335046
1.1574897240717186
0.12101032929297202
0.3411986483013101
1.3445827027130153
0.09134307127985214
1024/1024
0.671943076363248
101.619908 seconds (76.83 M allocations: 12.896 GiB, 2.75% gc time)
