## SLURM PROLOG ###############################################################
##    Job ID : 8833892
##  Job Name : sbatch_etgent.sh
##  Nodelist : node1733
##      CPUs : 8
##  Mem/Node : 4096 MB
## Directory : /oscar/home/trazzaz/AFQMC
##   Job Started : Fri Feb 28 01:12:14 AM EST 2025
###############################################################################
seed = 1446
U = 2.0
β = 6.0
Warming up
128/1024
256/1024
384/1024
512/1024
640/1024
768/1024
896/1024
1024/1024
Measuring
128/16384
mean(sgnprob[1:i - 1]) = -0.16535433070866143
256/16384
mean(sgnprob[1:i - 1]) = 0.058823529411764705
384/16384
mean(sgnprob[1:i - 1]) = -0.033942558746736295
512/16384
mean(sgnprob[1:i - 1]) = -0.03718199608610567
640/16384
mean(sgnprob[1:i - 1]) = -0.07042253521126761
768/16384
mean(sgnprob[1:i - 1]) = -0.024771838331160364
896/16384
mean(sgnprob[1:i - 1]) = -0.06368715083798883
1024/16384
mean(sgnprob[1:i - 1]) = -0.07917888563049853
1152/16384
mean(sgnprob[1:i - 1]) = -0.051259774109470024
1280/16384
mean(sgnprob[1:i - 1]) = -0.022673964034401875
1408/16384
mean(sgnprob[1:i - 1]) = -0.004975124378109453
1536/16384
mean(sgnprob[1:i - 1]) = 0.02280130293159609
1664/16384
mean(sgnprob[1:i - 1]) = 0.0006013229104028864
1792/16384
mean(sgnprob[1:i - 1]) = -0.01060859854829704
1920/16384
mean(sgnprob[1:i - 1]) = -0.027618551328817093
2048/16384
mean(sgnprob[1:i - 1]) = -0.04054714215925745
2176/16384
mean(sgnprob[1:i - 1]) = -0.0464367816091954
2304/16384
mean(sgnprob[1:i - 1]) = -0.03343465045592705
2432/16384
mean(sgnprob[1:i - 1]) = -0.054709995886466474
2560/16384
mean(sgnprob[1:i - 1]) = -0.044939429464634625
2688/16384
mean(sgnprob[1:i - 1]) = -0.03386676590993673
2816/16384
mean(sgnprob[1:i - 1]) = -0.023801065719360567
2944/16384
mean(sgnprob[1:i - 1]) = -0.012572205232755691
3072/16384
mean(sgnprob[1:i - 1]) = -0.006838163464669489
3200/16384
mean(sgnprob[1:i - 1]) = -0.0009377930603313535
3328/16384
mean(sgnprob[1:i - 1]) = 0.00510970844604749
3456/16384
mean(sgnprob[1:i - 1]) = -0.0026049204052098407
3584/16384
mean(sgnprob[1:i - 1]) = -0.00027909572983533354
3712/16384
mean(sgnprob[1:i - 1]) = 0.005119913769873349
3840/16384
mean(sgnprob[1:i - 1]) = -0.006512112529304506
3968/16384
mean(sgnprob[1:i - 1]) = -0.002268716914544996
4096/16384
mean(sgnprob[1:i - 1]) = 0.004151404151404151
4224/16384
mean(sgnprob[1:i - 1]) = 0.008287946957139474
4352/16384
mean(sgnprob[1:i - 1]) = 0.014939094461043438
4480/16384
mean(sgnprob[1:i - 1]) = 0.019870506809555703
4608/16384
mean(sgnprob[1:i - 1]) = 0.02886911222053397
4736/16384
mean(sgnprob[1:i - 1]) = 0.023442449841605068
4864/16384
mean(sgnprob[1:i - 1]) = 0.028171910343409417
4992/16384
mean(sgnprob[1:i - 1]) = 0.03586455620116209
5120/16384
mean(sgnprob[1:i - 1]) = 0.029888650126977924
5248/16384
mean(sgnprob[1:i - 1]) = 0.03449590242043072
5376/16384
mean(sgnprob[1:i - 1]) = 0.03627906976744186
5504/16384
mean(sgnprob[1:i - 1]) = 0.041613665273487185
5632/16384
mean(sgnprob[1:i - 1]) = 0.045285029302077784
5760/16384
mean(sgnprob[1:i - 1]) = 0.04879319326271922
5888/16384
mean(sgnprob[1:i - 1]) = 0.04365551214540513
6016/16384
mean(sgnprob[1:i - 1]) = 0.04039900249376559
6144/16384
mean(sgnprob[1:i - 1]) = 0.03792935048022139
6272/16384
mean(sgnprob[1:i - 1]) = 0.039706585871471856
6400/16384
mean(sgnprob[1:i - 1]) = 0.034536646350992344
6528/16384
mean(sgnprob[1:i - 1]) = 0.030795158572085184
6656/16384
mean(sgnprob[1:i - 1]) = 0.03350864012021037
6784/16384
mean(sgnprob[1:i - 1]) = 0.03965796845053811
6912/16384
mean(sgnprob[1:i - 1]) = 0.04500072348430039
7040/16384
mean(sgnprob[1:i - 1]) = 0.048728512572808635
7168/16384
mean(sgnprob[1:i - 1]) = 0.04339333054276545
7296/16384
mean(sgnprob[1:i - 1]) = 0.03824537354352296
7424/16384
mean(sgnprob[1:i - 1]) = 0.04135794153307288
7552/16384
mean(sgnprob[1:i - 1]) = 0.03562442060654218
7680/16384
mean(sgnprob[1:i - 1]) = 0.031644745409558535
7808/16384
mean(sgnprob[1:i - 1]) = 0.035224798257973616
7936/16384
mean(sgnprob[1:i - 1]) = 0.03339634530560807
8064/16384
mean(sgnprob[1:i - 1]) = 0.0323700855760883
8192/16384
mean(sgnprob[1:i - 1]) = 0.03650347942864119
8320/16384
mean(sgnprob[1:i - 1]) = 0.03137396321673278
8448/16384
mean(sgnprob[1:i - 1]) = 0.032319166568012314
8576/16384
mean(sgnprob[1:i - 1]) = 0.03626822157434402
8704/16384
mean(sgnprob[1:i - 1]) = 0.033436745949672525
8832/16384
mean(sgnprob[1:i - 1]) = 0.03204620088325218
8960/16384
mean(sgnprob[1:i - 1]) = 0.032927782118540014
9088/16384
mean(sgnprob[1:i - 1]) = 0.0348850005502366
9216/16384
mean(sgnprob[1:i - 1]) = 0.03809007053716766
9344/16384
mean(sgnprob[1:i - 1]) = 0.040137000963288025
9472/16384
mean(sgnprob[1:i - 1]) = 0.036849329532256364
9600/16384
mean(sgnprob[1:i - 1]) = 0.034691113657672676
9728/16384
mean(sgnprob[1:i - 1]) = 0.03423460470854323
9856/16384
mean(sgnprob[1:i - 1]) = 0.036428209030948754
9984/16384
mean(sgnprob[1:i - 1]) = 0.038765902033456874
10112/16384
mean(sgnprob[1:i - 1]) = 0.039659776481060234
10240/16384
mean(sgnprob[1:i - 1]) = 0.03740599667936322
10368/16384
mean(sgnprob[1:i - 1]) = 0.03424327192051702
10496/16384
mean(sgnprob[1:i - 1]) = 0.03001429252024774
10624/16384
mean(sgnprob[1:i - 1]) = 0.03304151369669585
10752/16384
mean(sgnprob[1:i - 1]) = 0.03543856385452516
10880/16384
mean(sgnprob[1:i - 1]) = 0.03759536722125195
11008/16384
mean(sgnprob[1:i - 1]) = 0.036976469519396746
11136/16384
mean(sgnprob[1:i - 1]) = 0.039964077233947015
11264/16384
mean(sgnprob[1:i - 1]) = 0.04288377874456184
11392/16384
mean(sgnprob[1:i - 1]) = 0.03976823808269687
11520/16384
mean(sgnprob[1:i - 1]) = 0.03741644239951385
11648/16384
mean(sgnprob[1:i - 1]) = 0.038550699751008846
11776/16384
mean(sgnprob[1:i - 1]) = 0.040509554140127385
11904/16384
mean(sgnprob[1:i - 1]) = 0.0392338066033773
12032/16384
mean(sgnprob[1:i - 1]) = 0.04247360984124345
12160/16384
mean(sgnprob[1:i - 1]) = 0.0410395591742742
12288/16384
mean(sgnprob[1:i - 1]) = 0.03768210303572882
12416/16384
mean(sgnprob[1:i - 1]) = 0.03842126459927507
12544/16384
mean(sgnprob[1:i - 1]) = 0.040739854899146936
12672/16384
mean(sgnprob[1:i - 1]) = 0.0428537605555994
12800/16384
mean(sgnprob[1:i - 1]) = 0.0399249941401672
12928/16384
mean(sgnprob[1:i - 1]) = 0.03860137696294577
13056/16384
mean(sgnprob[1:i - 1]) = 0.040061279203370354
13184/16384
mean(sgnprob[1:i - 1]) = 0.04103770006826974
13312/16384
mean(sgnprob[1:i - 1]) = 0.03838930208098565
13440/16384
mean(sgnprob[1:i - 1]) = 0.04010715082967483
13568/16384
mean(sgnprob[1:i - 1]) = 0.04164516842338026
13696/16384
mean(sgnprob[1:i - 1]) = 0.043738590726542535
13824/16384
mean(sgnprob[1:i - 1]) = 0.04072921941691384
13952/16384
mean(sgnprob[1:i - 1]) = 0.0386352232814852
14080/16384
mean(sgnprob[1:i - 1]) = 0.04041480218765537
14208/16384
mean(sgnprob[1:i - 1]) = 0.03681283874146547
14336/16384
mean(sgnprob[1:i - 1]) = 0.0387164283222881
14464/16384
mean(sgnprob[1:i - 1]) = 0.03989490423840144
14592/16384
mean(sgnprob[1:i - 1]) = 0.04118977451853883
14720/16384
mean(sgnprob[1:i - 1]) = 0.038657517494395
14848/16384
mean(sgnprob[1:i - 1]) = 0.04101838755304102
14976/16384
mean(sgnprob[1:i - 1]) = 0.0386644407345576
15104/16384
mean(sgnprob[1:i - 1]) = 0.037409786135204924
15232/16384
mean(sgnprob[1:i - 1]) = 0.038277197820235045
15360/16384
mean(sgnprob[1:i - 1]) = 0.040302103001497495
15488/16384
mean(sgnprob[1:i - 1]) = 0.042035255375476206
15616/16384
mean(sgnprob[1:i - 1]) = 0.04425232148575088
15744/16384
mean(sgnprob[1:i - 1]) = 0.044527726608651466
15872/16384
mean(sgnprob[1:i - 1]) = 0.046688929494045746
16000/16384
mean(sgnprob[1:i - 1]) = 0.04781548846802925
16128/16384
mean(sgnprob[1:i - 1]) = 0.049916289452471015
16256/16384
mean(sgnprob[1:i - 1]) = 0.048538911104275606
16384/16384
mean(sgnprob[1:i - 1]) = 0.05011292193127022
740.968067 seconds (167.11 M allocations: 70.745 GiB, 1.50% gc time, 1.21% compilation time)
