## SLURM PROLOG ###############################################################
##    Job ID : 7671125
##  Job Name : sbatch_etgent.sh
##  Nodelist : node1752
##      CPUs : 8
##  Mem/Node : 4096 MB
## Directory : /oscar/home/trazzaz/AFQMC
##   Job Started : Sun Jan 19 03:06:36 AM EST 2025
###############################################################################
seed = 1235
U = 2.0
β = 6.0
Warming up
128/1024
256/1024
384/1024
512/1024
640/1024
768/1024
896/1024
1024/1024
Measuring
128/16384
mean(sgnprob[1:i - 1]) = 0.08661417322834646
256/16384
mean(sgnprob[1:i - 1]) = -0.06666666666666667
384/16384
mean(sgnprob[1:i - 1]) = -0.13315926892950392
512/16384
mean(sgnprob[1:i - 1]) = -0.0410958904109589
640/16384
mean(sgnprob[1:i - 1]) = -0.001564945226917058
768/16384
mean(sgnprob[1:i - 1]) = 0.04302477183833116
896/16384
mean(sgnprob[1:i - 1]) = 0.05921787709497207
1024/16384
mean(sgnprob[1:i - 1]) = 0.07135874877810362
1152/16384
mean(sgnprob[1:i - 1]) = 0.0790616854908775
1280/16384
mean(sgnprob[1:i - 1]) = 0.04769351055512119
1408/16384
mean(sgnprob[1:i - 1]) = 0.024875621890547265
1536/16384
mean(sgnprob[1:i - 1]) = 0.0071661237785016286
1664/16384
mean(sgnprob[1:i - 1]) = 0.010222489476849068
1792/16384
mean(sgnprob[1:i - 1]) = 0.022892238972640984
1920/16384
mean(sgnprob[1:i - 1]) = 0.005732152162584679
2048/16384
mean(sgnprob[1:i - 1]) = 0.0356619443087445
2176/16384
mean(sgnprob[1:i - 1]) = 0.052873563218390804
2304/16384
mean(sgnprob[1:i - 1]) = 0.06296135475466783
2432/16384
mean(sgnprob[1:i - 1]) = 0.07280954339777869
2560/16384
mean(sgnprob[1:i - 1]) = 0.056662758890191484
2688/16384
mean(sgnprob[1:i - 1]) = 0.06140677335318199
2816/16384
mean(sgnprob[1:i - 1]) = 0.07353463587921848
2944/16384
mean(sgnprob[1:i - 1]) = 0.08324838600067958
3072/16384
mean(sgnprob[1:i - 1]) = 0.08759361771409964
3200/16384
mean(sgnprob[1:i - 1]) = 0.092841512972804
3328/16384
mean(sgnprob[1:i - 1]) = 0.09588217613465584
3456/16384
mean(sgnprob[1:i - 1]) = 0.0784370477568741
3584/16384
mean(sgnprob[1:i - 1]) = 0.08735696343845939
3712/16384
mean(sgnprob[1:i - 1]) = 0.09404473187819995
3840/16384
mean(sgnprob[1:i - 1]) = 0.09716071893722324
3968/16384
mean(sgnprob[1:i - 1]) = 0.09755482732543484
4096/16384
mean(sgnprob[1:i - 1]) = 0.09157509157509157
4224/16384
mean(sgnprob[1:i - 1]) = 0.08595784986976084
4352/16384
mean(sgnprob[1:i - 1]) = 0.09078372787864859
4480/16384
mean(sgnprob[1:i - 1]) = 0.09533377986157625
4608/16384
mean(sgnprob[1:i - 1]) = 0.09789450835684828
4736/16384
mean(sgnprob[1:i - 1]) = 0.09778247096092925
4864/16384
mean(sgnprob[1:i - 1]) = 0.10055521283158544
4992/16384
mean(sgnprob[1:i - 1]) = 0.10559006211180125
5120/16384
mean(sgnprob[1:i - 1]) = 0.11076382105880055
5248/16384
mean(sgnprob[1:i - 1]) = 0.11454164284352963
5376/16384
mean(sgnprob[1:i - 1]) = 0.11665116279069768
5504/16384
mean(sgnprob[1:i - 1]) = 0.11866254770125387
5632/16384
mean(sgnprob[1:i - 1]) = 0.11916178298703604
5760/16384
mean(sgnprob[1:i - 1]) = 0.10956763326966487
5888/16384
mean(sgnprob[1:i - 1]) = 0.11228129777475794
6016/16384
mean(sgnprob[1:i - 1]) = 0.11487946799667498
6144/16384
mean(sgnprob[1:i - 1]) = 0.11769493732703891
6272/16384
mean(sgnprob[1:i - 1]) = 0.12135225641843406
6400/16384
mean(sgnprob[1:i - 1]) = 0.12392561337709017
6528/16384
mean(sgnprob[1:i - 1]) = 0.11996322966140646
6656/16384
mean(sgnprob[1:i - 1]) = 0.1236664162283997
6784/16384
mean(sgnprob[1:i - 1]) = 0.12722983930414272
6912/16384
mean(sgnprob[1:i - 1]) = 0.12892490232961945
7040/16384
mean(sgnprob[1:i - 1]) = 0.1203295922716295
7168/16384
mean(sgnprob[1:i - 1]) = 0.11985489047021068
7296/16384
mean(sgnprob[1:i - 1]) = 0.12405757368060315
7424/16384
mean(sgnprob[1:i - 1]) = 0.12218779469217297
7552/16384
mean(sgnprob[1:i - 1]) = 0.1166732883061846
7680/16384
mean(sgnprob[1:i - 1]) = 0.11186352389634067
7808/16384
mean(sgnprob[1:i - 1]) = 0.11540924811066991
7936/16384
mean(sgnprob[1:i - 1]) = 0.11657214870825457
8064/16384
mean(sgnprob[1:i - 1]) = 0.11372938112365125
8192/16384
mean(sgnprob[1:i - 1]) = 0.1168355512147479
8320/16384
mean(sgnprob[1:i - 1]) = 0.12032696237528549
8448/16384
mean(sgnprob[1:i - 1]) = 0.11495205398366284
8576/16384
mean(sgnprob[1:i - 1]) = 0.10927113702623907
8704/16384
mean(sgnprob[1:i - 1]) = 0.11088130529702402
8832/16384
mean(sgnprob[1:i - 1]) = 0.11176537198505265
8960/16384
mean(sgnprob[1:i - 1]) = 0.11329389440785802
9088/16384
mean(sgnprob[1:i - 1]) = 0.10905689446461979
9216/16384
mean(sgnprob[1:i - 1]) = 0.1090613130765057
9344/16384
mean(sgnprob[1:i - 1]) = 0.11142031467408756
9472/16384
mean(sgnprob[1:i - 1]) = 0.10738042445359519
9600/16384
mean(sgnprob[1:i - 1]) = 0.10344827586206896
9728/16384
mean(sgnprob[1:i - 1]) = 0.10311504060861519
9856/16384
mean(sgnprob[1:i - 1]) = 0.09873160832064942
9984/16384
mean(sgnprob[1:i - 1]) = 0.1000701192026445
10112/16384
mean(sgnprob[1:i - 1]) = 0.10097913163880921
10240/16384
mean(sgnprob[1:i - 1]) = 0.10167008496923528
10368/16384
mean(sgnprob[1:i - 1]) = 0.10234397607793962
10496/16384
mean(sgnprob[1:i - 1]) = 0.09709385421629348
10624/16384
mean(sgnprob[1:i - 1]) = 0.09855972889014403
10752/16384
mean(sgnprob[1:i - 1]) = 0.09533996837503488
10880/16384
mean(sgnprob[1:i - 1]) = 0.09587278242485522
11008/16384
mean(sgnprob[1:i - 1]) = 0.09530298900699555
11136/16384
mean(sgnprob[1:i - 1]) = 0.09115401885945218
11264/16384
mean(sgnprob[1:i - 1]) = 0.08692177927727959
11392/16384
mean(sgnprob[1:i - 1]) = 0.08928101132473006
11520/16384
mean(sgnprob[1:i - 1]) = 0.0860317735914576
11648/16384
mean(sgnprob[1:i - 1]) = 0.0830256718468275
11776/16384
mean(sgnprob[1:i - 1]) = 0.08008492569002124
11904/16384
mean(sgnprob[1:i - 1]) = 0.07737545156683188
12032/16384
mean(sgnprob[1:i - 1]) = 0.07488986784140969
12160/16384
mean(sgnprob[1:i - 1]) = 0.07114071880911259
12288/16384
mean(sgnprob[1:i - 1]) = 0.06681858875233987
12416/16384
mean(sgnprob[1:i - 1]) = 0.06467982279500605
12544/16384
mean(sgnprob[1:i - 1]) = 0.060671290759786334
12672/16384
mean(sgnprob[1:i - 1]) = 0.061952489937652906
12800/16384
mean(sgnprob[1:i - 1]) = 0.060239081178217045
12928/16384
mean(sgnprob[1:i - 1]) = 0.061189757871122456
13056/16384
mean(sgnprob[1:i - 1]) = 0.06304098046725393
13184/16384
mean(sgnprob[1:i - 1]) = 0.0640977015853751
13312/16384
mean(sgnprob[1:i - 1]) = 0.06708737134700624
13440/16384
mean(sgnprob[1:i - 1]) = 0.06362080511942853
13568/16384
mean(sgnprob[1:i - 1]) = 0.06198864892754478
13696/16384
mean(sgnprob[1:i - 1]) = 0.0633077765607886
13824/16384
mean(sgnprob[1:i - 1]) = 0.06445778774506258
13952/16384
mean(sgnprob[1:i - 1]) = 0.06687692638520536
14080/16384
mean(sgnprob[1:i - 1]) = 0.06797357766886852
14208/16384
mean(sgnprob[1:i - 1]) = 0.067501935665517
14336/16384
mean(sgnprob[1:i - 1]) = 0.06606208580397628
14464/16384
mean(sgnprob[1:i - 1]) = 0.069487658162207
14592/16384
mean(sgnprob[1:i - 1]) = 0.07175656226440957
14720/16384
mean(sgnprob[1:i - 1]) = 0.06923024662001495
14848/16384
mean(sgnprob[1:i - 1]) = 0.06930693069306931
14976/16384
mean(sgnprob[1:i - 1]) = 0.07058430717863105
15104/16384
mean(sgnprob[1:i - 1]) = 0.07170760776004767
15232/16384
mean(sgnprob[1:i - 1]) = 0.07346858380933623
15360/16384
mean(sgnprob[1:i - 1]) = 0.07077283677322742
15488/16384
mean(sgnprob[1:i - 1]) = 0.07160844579324595
15616/16384
mean(sgnprob[1:i - 1]) = 0.07268651937239834
15744/16384
mean(sgnprob[1:i - 1]) = 0.07057104744966017
15872/16384
mean(sgnprob[1:i - 1]) = 0.07126205028038561
16000/16384
mean(sgnprob[1:i - 1]) = 0.06969185574098381
16128/16384
mean(sgnprob[1:i - 1]) = 0.07161902399702362
16256/16384
mean(sgnprob[1:i - 1]) = 0.07191633343586588
16384/16384
mean(sgnprob[1:i - 1]) = 0.07404016358420314
748.964992 seconds (167.10 M allocations: 70.745 GiB, 2.21% gc time, 1.44% compilation time)
