## SLURM PROLOG ###############################################################
##    Job ID : 8834067
##  Job Name : sbatch_etgent.sh
##  Nodelist : node1319
##      CPUs : 8
##  Mem/Node : 4096 MB
## Directory : /oscar/home/trazzaz/AFQMC
##   Job Started : Fri Feb 28 05:55:13 AM EST 2025
###############################################################################
seed = 1621
U = 2.0
β = 6.0
Warming up
128/1024
256/1024
384/1024
512/1024
640/1024
768/1024
896/1024
1024/1024
Measuring
128/16384
mean(sgnprob[1:i - 1]) = 0.5905511811023622
256/16384
mean(sgnprob[1:i - 1]) = 0.6078431372549019
384/16384
mean(sgnprob[1:i - 1]) = 0.5822454308093995
512/16384
mean(sgnprob[1:i - 1]) = 0.5851272015655578
640/16384
mean(sgnprob[1:i - 1]) = 0.5899843505477308
768/16384
mean(sgnprob[1:i - 1]) = 0.5853976531942634
896/16384
mean(sgnprob[1:i - 1]) = 0.4301675977653631
1024/16384
mean(sgnprob[1:i - 1]) = 0.4467253176930596
1152/16384
mean(sgnprob[1:i - 1]) = 0.4526498696785404
1280/16384
mean(sgnprob[1:i - 1]) = 0.45426114151681
1408/16384
mean(sgnprob[1:i - 1]) = 0.47405828002842926
1536/16384
mean(sgnprob[1:i - 1]) = 0.48794788273615636
1664/16384
mean(sgnprob[1:i - 1]) = 0.49488875526157544
1792/16384
mean(sgnprob[1:i - 1]) = 0.49748743718592964
1920/16384
mean(sgnprob[1:i - 1]) = 0.49973944762897343
2048/16384
mean(sgnprob[1:i - 1]) = 0.495847581827064
2176/16384
mean(sgnprob[1:i - 1]) = 0.4960919540229885
2304/16384
mean(sgnprob[1:i - 1]) = 0.49978289188015634
2432/16384
mean(sgnprob[1:i - 1]) = 0.44549568078979845
2560/16384
mean(sgnprob[1:i - 1]) = 0.4490035169988277
2688/16384
mean(sgnprob[1:i - 1]) = 0.40305173055452176
2816/16384
mean(sgnprob[1:i - 1]) = 0.4060390763765542
2944/16384
mean(sgnprob[1:i - 1]) = 0.3598369011213048
3072/16384
mean(sgnprob[1:i - 1]) = 0.36958645392380335
3200/16384
mean(sgnprob[1:i - 1]) = 0.3798061894341982
3328/16384
mean(sgnprob[1:i - 1]) = 0.3465584610760445
3456/16384
mean(sgnprob[1:i - 1]) = 0.3562952243125905
3584/16384
mean(sgnprob[1:i - 1]) = 0.3619871615964276
3712/16384
mean(sgnprob[1:i - 1]) = 0.3651306925357047
3840/16384
mean(sgnprob[1:i - 1]) = 0.3722323521750456
3968/16384
mean(sgnprob[1:i - 1]) = 0.3450970506680111
4096/16384
mean(sgnprob[1:i - 1]) = 0.3528693528693529
4224/16384
mean(sgnprob[1:i - 1]) = 0.355908122188018
4352/16384
mean(sgnprob[1:i - 1]) = 0.3279705814755229
4480/16384
mean(sgnprob[1:i - 1]) = 0.30296941281536055
4608/16384
mean(sgnprob[1:i - 1]) = 0.28196223138701976
4736/16384
mean(sgnprob[1:i - 1]) = 0.28785638859556495
4864/16384
mean(sgnprob[1:i - 1]) = 0.29796421961752007
4992/16384
mean(sgnprob[1:i - 1]) = 0.27549589260669205
5120/16384
mean(sgnprob[1:i - 1]) = 0.2838445008790779
5248/16384
mean(sgnprob[1:i - 1]) = 0.2933104631217839
5376/16384
mean(sgnprob[1:i - 1]) = 0.2963720930232558
5504/16384
mean(sgnprob[1:i - 1]) = 0.2778484463020171
5632/16384
mean(sgnprob[1:i - 1]) = 0.2836085952761499
5760/16384
mean(sgnprob[1:i - 1]) = 0.29050182323320023
5888/16384
mean(sgnprob[1:i - 1]) = 0.29267878376082895
6016/16384
mean(sgnprob[1:i - 1]) = 0.2738154613466334
6144/16384
mean(sgnprob[1:i - 1]) = 0.2769005371968094
6272/16384
mean(sgnprob[1:i - 1]) = 0.2830489555094881
6400/16384
mean(sgnprob[1:i - 1]) = 0.28988904516330677
6528/16384
mean(sgnprob[1:i - 1]) = 0.29339666002757775
6656/16384
mean(sgnprob[1:i - 1]) = 0.2994740796393689
6784/16384
mean(sgnprob[1:i - 1]) = 0.3032581453634085
6912/16384
mean(sgnprob[1:i - 1]) = 0.305744465345102
7040/16384
mean(sgnprob[1:i - 1]) = 0.3112658048018184
7168/16384
mean(sgnprob[1:i - 1]) = 0.29538161015766706
7296/16384
mean(sgnprob[1:i - 1]) = 0.2997943797121316
7424/16384
mean(sgnprob[1:i - 1]) = 0.30405496430014817
7552/16384
mean(sgnprob[1:i - 1]) = 0.30870083432657924
7680/16384
mean(sgnprob[1:i - 1]) = 0.3131918218518036
7808/16384
mean(sgnprob[1:i - 1]) = 0.3172793646727296
7936/16384
mean(sgnprob[1:i - 1]) = 0.3224952741020794
8064/16384
mean(sgnprob[1:i - 1]) = 0.32382487907726654
8192/16384
mean(sgnprob[1:i - 1]) = 0.32731046270296665
8320/16384
mean(sgnprob[1:i - 1]) = 0.32972713066474335
8448/16384
mean(sgnprob[1:i - 1]) = 0.33349118030069846
8576/16384
mean(sgnprob[1:i - 1]) = 0.31848396501457726
8704/16384
mean(sgnprob[1:i - 1]) = 0.32092381937263015
8832/16384
mean(sgnprob[1:i - 1]) = 0.323745895142113
8960/16384
mean(sgnprob[1:i - 1]) = 0.32738028797856905
9088/16384
mean(sgnprob[1:i - 1]) = 0.33113238692637836
9216/16384
mean(sgnprob[1:i - 1]) = 0.31828540423223006
9344/16384
mean(sgnprob[1:i - 1]) = 0.3227014877448357
9472/16384
mean(sgnprob[1:i - 1]) = 0.32488649561820293
9600/16384
mean(sgnprob[1:i - 1]) = 0.3293051359516616
9728/16384
mean(sgnprob[1:i - 1]) = 0.3323738048730338
9856/16384
mean(sgnprob[1:i - 1]) = 0.3345509893455099
9984/16384
mean(sgnprob[1:i - 1]) = 0.33747370529900833
10112/16384
mean(sgnprob[1:i - 1]) = 0.32706952823657404
10240/16384
mean(sgnprob[1:i - 1]) = 0.3159488231272585
10368/16384
mean(sgnprob[1:i - 1]) = 0.3188000385839684
10496/16384
mean(sgnprob[1:i - 1]) = 0.3090042877560743
10624/16384
mean(sgnprob[1:i - 1]) = 0.31243528193542314
10752/16384
mean(sgnprob[1:i - 1]) = 0.314482373732676
10880/16384
mean(sgnprob[1:i - 1]) = 0.31629745381009283
11008/16384
mean(sgnprob[1:i - 1]) = 0.3064413555010448
11136/16384
mean(sgnprob[1:i - 1]) = 0.30794791198922317
11264/16384
mean(sgnprob[1:i - 1]) = 0.310130515848353
11392/16384
mean(sgnprob[1:i - 1]) = 0.3134931085945044
11520/16384
mean(sgnprob[1:i - 1]) = 0.31469745637642155
11648/16384
mean(sgnprob[1:i - 1]) = 0.31759251309350045
11776/16384
mean(sgnprob[1:i - 1]) = 0.321104033970276
11904/16384
mean(sgnprob[1:i - 1]) = 0.3236999075863228
12032/16384
mean(sgnprob[1:i - 1]) = 0.3267392569196243
12160/16384
mean(sgnprob[1:i - 1]) = 0.3298791018998273
12288/16384
mean(sgnprob[1:i - 1]) = 0.3311630178237161
12416/16384
mean(sgnprob[1:i - 1]) = 0.321627064035441
12544/16384
mean(sgnprob[1:i - 1]) = 0.31228573706449814
12672/16384
mean(sgnprob[1:i - 1]) = 0.3149711940651882
12800/16384
mean(sgnprob[1:i - 1]) = 0.3074458942104852
12928/16384
mean(sgnprob[1:i - 1]) = 0.30997137773652045
13056/16384
mean(sgnprob[1:i - 1]) = 0.3133665262351589
13184/16384
mean(sgnprob[1:i - 1]) = 0.30562087536979443
13312/16384
mean(sgnprob[1:i - 1]) = 0.30673878746901057
13440/16384
mean(sgnprob[1:i - 1]) = 0.29860852742019495
13568/16384
mean(sgnprob[1:i - 1]) = 0.29077909633669935
13696/16384
mean(sgnprob[1:i - 1]) = 0.2914202263599854
13824/16384
mean(sgnprob[1:i - 1]) = 0.29421977862981985
13952/16384
mean(sgnprob[1:i - 1]) = 0.2862160418607985
14080/16384
mean(sgnprob[1:i - 1]) = 0.2793522267206478
14208/16384
mean(sgnprob[1:i - 1]) = 0.2821848384599141
14336/16384
mean(sgnprob[1:i - 1]) = 0.27436344611091734
14464/16384
mean(sgnprob[1:i - 1]) = 0.27677521952568623
14592/16384
mean(sgnprob[1:i - 1]) = 0.26968679322870265
14720/16384
mean(sgnprob[1:i - 1]) = 0.27114613764522044
14848/16384
mean(sgnprob[1:i - 1]) = 0.27379268539098806
14976/16384
mean(sgnprob[1:i - 1]) = 0.266110183639399
15104/16384
mean(sgnprob[1:i - 1]) = 0.2596172945772363
15232/16384
mean(sgnprob[1:i - 1]) = 0.2616374499376272
15360/16384
mean(sgnprob[1:i - 1]) = 0.2632332834168891
15488/16384
mean(sgnprob[1:i - 1]) = 0.26506101891909345
15616/16384
mean(sgnprob[1:i - 1]) = 0.2674991994876721
15744/16384
mean(sgnprob[1:i - 1]) = 0.26100489106269453
15872/16384
mean(sgnprob[1:i - 1]) = 0.2633104404259341
16000/16384
mean(sgnprob[1:i - 1]) = 0.26557909869366836
16128/16384
mean(sgnprob[1:i - 1]) = 0.25838655670614497
16256/16384
mean(sgnprob[1:i - 1]) = 0.26078129806213474
16384/16384
mean(sgnprob[1:i - 1]) = 0.2622840749557468
813.835923 seconds (167.11 M allocations: 70.745 GiB, 2.25% gc time, 1.23% compilation time)
