## SLURM PROLOG ###############################################################
##    Job ID : 5955251
##  Job Name : etgent_N(1,2)_seed1250
##  Nodelist : node1734
##      CPUs : 8
##  Mem/Node : 2048 MB
## Directory : /oscar/home/trazzaz/AFQMC
##   Job Started : Mon Nov 11 09:44:53 PM EST 2024
###############################################################################
U = 2.0
seed = 1250
λₖ = 0.0
Warming up
128/512
256/512
384/512
512/512
Measuring
128/1024
256/1024
384/1024
512/1024
640/1024
768/1024
896/1024
1024/1024
118.048393 seconds (80.56 M allocations: 16.970 GiB, 2.99% gc time, 9.53% compilation time)
λₖ = 0.2
Warming up
128/512
256/512
384/512
512/512
Measuring
128/1024
256/1024
384/1024
512/1024
640/1024
768/1024
896/1024
1024/1024
106.220480 seconds (76.83 M allocations: 16.806 GiB, 3.07% gc time, 0.08% compilation time)
λₖ = 0.4
Warming up
128/512
256/512
384/512
512/512
Measuring
128/1024
256/1024
384/1024
512/1024
640/1024
768/1024
896/1024
1024/1024
116.540552 seconds (76.82 M allocations: 16.805 GiB, 2.72% gc time)
λₖ = 0.6
Warming up
128/512
256/512
384/512
512/512
Measuring
128/1024
256/1024
384/1024
512/1024
640/1024
768/1024
896/1024
1024/1024
111.929218 seconds (76.82 M allocations: 16.805 GiB, 2.79% gc time)
λₖ = 0.8
Warming up
128/512
256/512
384/512
512/512
Measuring
128/1024
256/1024
384/1024
512/1024
640/1024
768/1024
896/1024
1024/1024
108.076899 seconds (76.82 M allocations: 16.805 GiB, 2.72% gc time)
