## SLURM PROLOG ###############################################################
##    Job ID : 7671112
##  Job Name : sbatch_etgent.sh
##  Nodelist : node1753
##      CPUs : 8
##  Mem/Node : 4096 MB
## Directory : /oscar/home/trazzaz/AFQMC
##   Job Started : Sun Jan 19 02:53:36 AM EST 2025
###############################################################################
seed = 1279
U = 2.0
β = 6.0
Warming up
128/1024
256/1024
384/1024
512/1024
640/1024
768/1024
896/1024
1024/1024
Measuring
128/16384
mean(sgnprob[1:i - 1]) = 0.2440944881889764
256/16384
mean(sgnprob[1:i - 1]) = 0.1607843137254902
384/16384
mean(sgnprob[1:i - 1]) = 0.195822454308094
512/16384
mean(sgnprob[1:i - 1]) = 0.17416829745596868
640/16384
mean(sgnprob[1:i - 1]) = 0.07981220657276995
768/16384
mean(sgnprob[1:i - 1]) = 0.05867014341590613
896/16384
mean(sgnprob[1:i - 1]) = 0.07262569832402235
1024/16384
mean(sgnprob[1:i - 1]) = 0.08895405669599218
1152/16384
mean(sgnprob[1:i - 1]) = 0.0999131190269331
1280/16384
mean(sgnprob[1:i - 1]) = 0.1164972634870993
1408/16384
mean(sgnprob[1:i - 1]) = 0.10163468372423597
1536/16384
mean(sgnprob[1:i - 1]) = 0.10358306188925082
1664/16384
mean(sgnprob[1:i - 1]) = 0.08478653036680697
1792/16384
mean(sgnprob[1:i - 1]) = 0.08989391401451703
1920/16384
mean(sgnprob[1:i - 1]) = 0.060969254820218866
2048/16384
mean(sgnprob[1:i - 1]) = 0.06985832926233512
2176/16384
mean(sgnprob[1:i - 1]) = 0.07770114942528736
2304/16384
mean(sgnprob[1:i - 1]) = 0.07859313938341293
2432/16384
mean(sgnprob[1:i - 1]) = 0.08597285067873303
2560/16384
mean(sgnprob[1:i - 1]) = 0.09730363423212192
2688/16384
mean(sgnprob[1:i - 1]) = 0.09862299962783774
2816/16384
mean(sgnprob[1:i - 1]) = 0.10692717584369449
2944/16384
mean(sgnprob[1:i - 1]) = 0.1111111111111111
3072/16384
mean(sgnprob[1:i - 1]) = 0.11690003256268316
3200/16384
mean(sgnprob[1:i - 1]) = 0.12535167239762426
3328/16384
mean(sgnprob[1:i - 1]) = 0.12714156898106402
3456/16384
mean(sgnprob[1:i - 1]) = 0.1125904486251809
3584/16384
mean(sgnprob[1:i - 1]) = 0.11526653642199275
3712/16384
mean(sgnprob[1:i - 1]) = 0.10751818916734034
3840/16384
mean(sgnprob[1:i - 1]) = 0.09559781193019015
3968/16384
mean(sgnprob[1:i - 1]) = 0.08797580035291153
4096/16384
mean(sgnprob[1:i - 1]) = 0.09010989010989011
4224/16384
mean(sgnprob[1:i - 1]) = 0.09164101349751362
4352/16384
mean(sgnprob[1:i - 1]) = 0.09721903010802115
4480/16384
mean(sgnprob[1:i - 1]) = 0.09578030810448761
4608/16384
mean(sgnprob[1:i - 1]) = 0.1000651182982418
4736/16384
mean(sgnprob[1:i - 1]) = 0.10580781414994721
4864/16384
mean(sgnprob[1:i - 1]) = 0.10836931935019535
4992/16384
mean(sgnprob[1:i - 1]) = 0.11360448807854137
5120/16384
mean(sgnprob[1:i - 1]) = 0.11818714592693885
5248/16384
mean(sgnprob[1:i - 1]) = 0.12483323804078521
5376/16384
mean(sgnprob[1:i - 1]) = 0.1144186046511628
5504/16384
mean(sgnprob[1:i - 1]) = 0.11866254770125387
5632/16384
mean(sgnprob[1:i - 1]) = 0.11241342567927544
5760/16384
mean(sgnprob[1:i - 1]) = 0.11442958847022053
5888/16384
mean(sgnprob[1:i - 1]) = 0.10718532359436045
6016/16384
mean(sgnprob[1:i - 1]) = 0.10689941812136326
6144/16384
mean(sgnprob[1:i - 1]) = 0.11053231320201856
6272/16384
mean(sgnprob[1:i - 1]) = 0.1143358316058045
6400/16384
mean(sgnprob[1:i - 1]) = 0.10923581809657759
6528/16384
mean(sgnprob[1:i - 1]) = 0.10372299678259538
6656/16384
mean(sgnprob[1:i - 1]) = 0.1005259203606311
6784/16384
mean(sgnprob[1:i - 1]) = 0.09420610349402919
6912/16384
mean(sgnprob[1:i - 1]) = 0.0904355375488352
7040/16384
mean(sgnprob[1:i - 1]) = 0.09163233413837193
7168/16384
mean(sgnprob[1:i - 1]) = 0.09613506348541928
7296/16384
mean(sgnprob[1:i - 1]) = 0.09636737491432489
7424/16384
mean(sgnprob[1:i - 1]) = 0.0901252862723966
7552/16384
mean(sgnprob[1:i - 1]) = 0.08780294000794597
7680/16384
mean(sgnprob[1:i - 1]) = 0.0902461257976299
7808/16384
mean(sgnprob[1:i - 1]) = 0.09209683617266555
7936/16384
mean(sgnprob[1:i - 1]) = 0.09313169502205419
8064/16384
mean(sgnprob[1:i - 1]) = 0.09487783703336228
8192/16384
mean(sgnprob[1:i - 1]) = 0.08924429251617629
8320/16384
mean(sgnprob[1:i - 1]) = 0.08426493568938574
8448/16384
mean(sgnprob[1:i - 1]) = 0.08701314076003315
8576/16384
mean(sgnprob[1:i - 1]) = 0.08338192419825073
8704/16384
mean(sgnprob[1:i - 1]) = 0.08560266574744341
8832/16384
mean(sgnprob[1:i - 1]) = 0.08119125806816894
8960/16384
mean(sgnprob[1:i - 1]) = 0.07735238307846858
9088/16384
mean(sgnprob[1:i - 1]) = 0.07780345548585892
9216/16384
mean(sgnprob[1:i - 1]) = 0.0706456863809007
9344/16384
mean(sgnprob[1:i - 1]) = 0.07353098576474366
9472/16384
mean(sgnprob[1:i - 1]) = 0.06873614190687362
9600/16384
mean(sgnprob[1:i - 1]) = 0.06469423898322742
9728/16384
mean(sgnprob[1:i - 1]) = 0.060758712861108254
9856/16384
mean(sgnprob[1:i - 1]) = 0.06382546930492136
9984/16384
mean(sgnprob[1:i - 1]) = 0.06621256135430231
10112/16384
mean(sgnprob[1:i - 1]) = 0.06201167045791712
10240/16384
mean(sgnprob[1:i - 1]) = 0.0631897646254517
10368/16384
mean(sgnprob[1:i - 1]) = 0.06376000771679367
10496/16384
mean(sgnprob[1:i - 1]) = 0.0637446403049071
10624/16384
mean(sgnprob[1:i - 1]) = 0.0616586651605008
10752/16384
mean(sgnprob[1:i - 1]) = 0.05962236071063157
10880/16384
mean(sgnprob[1:i - 1]) = 0.05616325029874069
11008/16384
mean(sgnprob[1:i - 1]) = 0.0585990733169801
11136/16384
mean(sgnprob[1:i - 1]) = 0.0593623709025595
11264/16384
mean(sgnprob[1:i - 1]) = 0.056201722454053096
11392/16384
mean(sgnprob[1:i - 1]) = 0.05328768325871302
11520/16384
mean(sgnprob[1:i - 1]) = 0.054431808316694155
11648/16384
mean(sgnprob[1:i - 1]) = 0.051257834635528465
11776/16384
mean(sgnprob[1:i - 1]) = 0.05205944798301486
11904/16384
mean(sgnprob[1:i - 1]) = 0.04948332353188272
12032/16384
mean(sgnprob[1:i - 1]) = 0.05194913141052281
12160/16384
mean(sgnprob[1:i - 1]) = 0.049921868574718316
12288/16384
mean(sgnprob[1:i - 1]) = 0.05200618539920241
12416/16384
mean(sgnprob[1:i - 1]) = 0.054208618606524366
12544/16384
mean(sgnprob[1:i - 1]) = 0.05174200749421989
12672/16384
mean(sgnprob[1:i - 1]) = 0.05153500118380554
12800/16384
mean(sgnprob[1:i - 1]) = 0.05445737948277209
12928/16384
mean(sgnprob[1:i - 1]) = 0.05144271679430649
13056/16384
mean(sgnprob[1:i - 1]) = 0.048793565683646116
13184/16384
mean(sgnprob[1:i - 1]) = 0.04710612152013957
13312/16384
mean(sgnprob[1:i - 1]) = 0.04995868079032379
13440/16384
mean(sgnprob[1:i - 1]) = 0.05097105439392812
13568/16384
mean(sgnprob[1:i - 1]) = 0.05447040613252745
13696/16384
mean(sgnprob[1:i - 1]) = 0.0525009127418766
13824/16384
mean(sgnprob[1:i - 1]) = 0.05461911307241554
13952/16384
mean(sgnprob[1:i - 1]) = 0.053114472080854416
14080/16384
mean(sgnprob[1:i - 1]) = 0.053625967753391575
14208/16384
mean(sgnprob[1:i - 1]) = 0.050468079115928766
14336/16384
mean(sgnprob[1:i - 1]) = 0.05294733170561563
14464/16384
mean(sgnprob[1:i - 1]) = 0.05109589988245869
14592/16384
mean(sgnprob[1:i - 1]) = 0.05393735864574053
14720/16384
mean(sgnprob[1:i - 1]) = 0.05428357904748964
14848/16384
mean(sgnprob[1:i - 1]) = 0.05529736647134101
14976/16384
mean(sgnprob[1:i - 1]) = 0.054023372287145245
15104/16384
mean(sgnprob[1:i - 1]) = 0.05184400450241674
15232/16384
mean(sgnprob[1:i - 1]) = 0.054559779397281856
15360/16384
mean(sgnprob[1:i - 1]) = 0.05540725307637216
15488/16384
mean(sgnprob[1:i - 1]) = 0.05740298314715568
15616/16384
mean(sgnprob[1:i - 1]) = 0.0542427153378162
15744/16384
mean(sgnprob[1:i - 1]) = 0.054945054945054944
15872/16384
mean(sgnprob[1:i - 1]) = 0.052737697687606326
16000/16384
mean(sgnprob[1:i - 1]) = 0.05319082442652666
16128/16384
mean(sgnprob[1:i - 1]) = 0.05016432070440876
16256/16384
mean(sgnprob[1:i - 1]) = 0.05186096585665949
16384/16384
mean(sgnprob[1:i - 1]) = 0.05365317707379601
747.301787 seconds (167.10 M allocations: 70.745 GiB, 1.41% gc time, 1.28% compilation time)
