## SLURM PROLOG ###############################################################
##    Job ID : 8833948
##  Job Name : sbatch_etgent.sh
##  Nodelist : node1327
##      CPUs : 8
##  Mem/Node : 4096 MB
## Directory : /oscar/home/trazzaz/AFQMC
##   Job Started : Fri Feb 28 02:41:36 AM EST 2025
###############################################################################
seed = 1502
U = 2.0
β = 6.0
Warming up
128/1024
256/1024
384/1024
512/1024
640/1024
768/1024
896/1024
1024/1024
Measuring
128/16384
mean(sgnprob[1:i - 1]) = -0.4015748031496063
256/16384
mean(sgnprob[1:i - 1]) = 0.043137254901960784
384/16384
mean(sgnprob[1:i - 1]) = -0.14882506527415143
512/16384
mean(sgnprob[1:i - 1]) = 0.0136986301369863
640/16384
mean(sgnprob[1:i - 1]) = -0.07668231611893583
768/16384
mean(sgnprob[1:i - 1]) = -0.1577574967405476
896/16384
mean(sgnprob[1:i - 1]) = -0.05027932960893855
1024/16384
mean(sgnprob[1:i - 1]) = 0.01466275659824047
1152/16384
mean(sgnprob[1:i - 1]) = 0.051259774109470024
1280/16384
mean(sgnprob[1:i - 1]) = 0.01641907740422205
1408/16384
mean(sgnprob[1:i - 1]) = 0.05046197583511016
1536/16384
mean(sgnprob[1:i - 1]) = 0.01498371335504886
1664/16384
mean(sgnprob[1:i - 1]) = 0.04990980156343957
1792/16384
mean(sgnprob[1:i - 1]) = 0.07984366275823562
1920/16384
mean(sgnprob[1:i - 1]) = 0.10578426263679
2048/16384
mean(sgnprob[1:i - 1]) = 0.12848070346849047
2176/16384
mean(sgnprob[1:i - 1]) = 0.14942528735632185
2304/16384
mean(sgnprob[1:i - 1]) = 0.17064698219713417
2432/16384
mean(sgnprob[1:i - 1]) = 0.18222953517071164
2560/16384
mean(sgnprob[1:i - 1]) = 0.18874560375146543
2688/16384
mean(sgnprob[1:i - 1]) = 0.19538518794194268
2816/16384
mean(sgnprob[1:i - 1]) = 0.20710479573712257
2944/16384
mean(sgnprob[1:i - 1]) = 0.18246687054026503
3072/16384
mean(sgnprob[1:i - 1]) = 0.19570172582220774
3200/16384
mean(sgnprob[1:i - 1]) = 0.2085026570803376
3328/16384
mean(sgnprob[1:i - 1]) = 0.22091974752028856
3456/16384
mean(sgnprob[1:i - 1]) = 0.19015918958031838
3584/16384
mean(sgnprob[1:i - 1]) = 0.1922969578565448
3712/16384
mean(sgnprob[1:i - 1]) = 0.20129345189975748
3840/16384
mean(sgnprob[1:i - 1]) = 0.17634800729356603
3968/16384
mean(sgnprob[1:i - 1]) = 0.1852785480211747
4096/16384
mean(sgnprob[1:i - 1]) = 0.19365079365079366
4224/16384
mean(sgnprob[1:i - 1]) = 0.19914752545583708
4352/16384
mean(sgnprob[1:i - 1]) = 0.18271661686968513
4480/16384
mean(sgnprob[1:i - 1]) = 0.18597901317258317
4608/16384
mean(sgnprob[1:i - 1]) = 0.19470371174299977
4736/16384
mean(sgnprob[1:i - 1]) = 0.20253431890179513
4864/16384
mean(sgnprob[1:i - 1]) = 0.21036397285626157
4992/16384
mean(sgnprob[1:i - 1]) = 0.19735523943097574
5120/16384
mean(sgnprob[1:i - 1]) = 0.17952725141629225
5248/16384
mean(sgnprob[1:i - 1]) = 0.1835334476843911
5376/16384
mean(sgnprob[1:i - 1]) = 0.18995348837209303
5504/16384
mean(sgnprob[1:i - 1]) = 0.19498455387970198
5632/16384
mean(sgnprob[1:i - 1]) = 0.20369383768424792
5760/16384
mean(sgnprob[1:i - 1]) = 0.20993227990970656
5888/16384
mean(sgnprob[1:i - 1]) = 0.21657890266689314
6016/16384
mean(sgnprob[1:i - 1]) = 0.2222776392352452
6144/16384
mean(sgnprob[1:i - 1]) = 0.2270877421455315
6272/16384
mean(sgnprob[1:i - 1]) = 0.2138414925849147
6400/16384
mean(sgnprob[1:i - 1]) = 0.20050007813720894
6528/16384
mean(sgnprob[1:i - 1]) = 0.20392216944997701
6656/16384
mean(sgnprob[1:i - 1]) = 0.21021788129226146
6784/16384
mean(sgnprob[1:i - 1]) = 0.21657083886186054
6912/16384
mean(sgnprob[1:i - 1]) = 0.2032990884097815
7040/16384
mean(sgnprob[1:i - 1]) = 0.20784202301463275
7168/16384
mean(sgnprob[1:i - 1]) = 0.21333891446909445
7296/16384
mean(sgnprob[1:i - 1]) = 0.21809458533241946
7424/16384
mean(sgnprob[1:i - 1]) = 0.22160851407786608
7552/16384
mean(sgnprob[1:i - 1]) = 0.2244735796583234
7680/16384
mean(sgnprob[1:i - 1]) = 0.2118765464253158
7808/16384
mean(sgnprob[1:i - 1]) = 0.2132701421800948
7936/16384
mean(sgnprob[1:i - 1]) = 0.21613106490233144
8064/16384
mean(sgnprob[1:i - 1]) = 0.21939724668237628
8192/16384
mean(sgnprob[1:i - 1]) = 0.2225613478207789
8320/16384
mean(sgnprob[1:i - 1]) = 0.21120326962375285
8448/16384
mean(sgnprob[1:i - 1]) = 0.21486918432579613
8576/16384
mean(sgnprob[1:i - 1]) = 0.2191253644314869
8704/16384
mean(sgnprob[1:i - 1]) = 0.22371596001378835
8832/16384
mean(sgnprob[1:i - 1]) = 0.2265881553617937
8960/16384
mean(sgnprob[1:i - 1]) = 0.23027123562897645
9088/16384
mean(sgnprob[1:i - 1]) = 0.23385055573896776
9216/16384
mean(sgnprob[1:i - 1]) = 0.23711340206185566
9344/16384
mean(sgnprob[1:i - 1]) = 0.2402868457668843
9472/16384
mean(sgnprob[1:i - 1]) = 0.24358568261007285
9600/16384
mean(sgnprob[1:i - 1]) = 0.24783831649130117
9728/16384
mean(sgnprob[1:i - 1]) = 0.2505397347589185
9856/16384
mean(sgnprob[1:i - 1]) = 0.25398274987316083
9984/16384
mean(sgnprob[1:i - 1]) = 0.2559350896524091
10112/16384
mean(sgnprob[1:i - 1]) = 0.2588270200771437
10240/16384
mean(sgnprob[1:i - 1]) = 0.24992675065924408
10368/16384
mean(sgnprob[1:i - 1]) = 0.25340021221182596
10496/16384
mean(sgnprob[1:i - 1]) = 0.2565983801810386
10624/16384
mean(sgnprob[1:i - 1]) = 0.2597194766073614
10752/16384
mean(sgnprob[1:i - 1]) = 0.2644405171611943
10880/16384
mean(sgnprob[1:i - 1]) = 0.2659251769464105
11008/16384
mean(sgnprob[1:i - 1]) = 0.26683019896429544
11136/16384
mean(sgnprob[1:i - 1]) = 0.2709474629546475
11264/16384
mean(sgnprob[1:i - 1]) = 0.2723075557133979
11392/16384
mean(sgnprob[1:i - 1]) = 0.2745149679571592
11520/16384
mean(sgnprob[1:i - 1]) = 0.265213994270336
11648/16384
mean(sgnprob[1:i - 1]) = 0.26762256375032195
11776/16384
mean(sgnprob[1:i - 1]) = 0.27031847133757964
11904/16384
mean(sgnprob[1:i - 1]) = 0.2615307065445686
12032/16384
mean(sgnprob[1:i - 1]) = 0.2629041642423739
12160/16384
mean(sgnprob[1:i - 1]) = 0.2650711407188091
12288/16384
mean(sgnprob[1:i - 1]) = 0.25693822739480754
12416/16384
mean(sgnprob[1:i - 1]) = 0.25879983890455094
12544/16384
mean(sgnprob[1:i - 1]) = 0.25073746312684364
12672/16384
mean(sgnprob[1:i - 1]) = 0.2538868281903559
12800/16384
mean(sgnprob[1:i - 1]) = 0.2560356277834206
12928/16384
mean(sgnprob[1:i - 1]) = 0.2578324437224414
13056/16384
mean(sgnprob[1:i - 1]) = 0.2594408272692455
13184/16384
mean(sgnprob[1:i - 1]) = 0.26132139877114463
13312/16384
mean(sgnprob[1:i - 1]) = 0.25460145744121404
13440/16384
mean(sgnprob[1:i - 1]) = 0.24756306272788153
13568/16384
mean(sgnprob[1:i - 1]) = 0.24920763617601532
13696/16384
mean(sgnprob[1:i - 1]) = 0.24220518437385907
13824/16384
mean(sgnprob[1:i - 1]) = 0.2435795413441366
13952/16384
mean(sgnprob[1:i - 1]) = 0.24578883234176763
14080/16384
mean(sgnprob[1:i - 1]) = 0.2479579515590596
14208/16384
mean(sgnprob[1:i - 1]) = 0.25008798479622724
14336/16384
mean(sgnprob[1:i - 1]) = 0.2525985350540635
14464/16384
mean(sgnprob[1:i - 1]) = 0.2456613427366383
14592/16384
mean(sgnprob[1:i - 1]) = 0.24720718250976628
14720/16384
mean(sgnprob[1:i - 1]) = 0.24804674230586318
14848/16384
mean(sgnprob[1:i - 1]) = 0.24240587324038526
14976/16384
mean(sgnprob[1:i - 1]) = 0.2376627712854758
15104/16384
mean(sgnprob[1:i - 1]) = 0.23895914718930014
15232/16384
mean(sgnprob[1:i - 1]) = 0.24010242269056528
15360/16384
mean(sgnprob[1:i - 1]) = 0.2417475096034898
15488/16384
mean(sgnprob[1:i - 1]) = 0.2434945438109382
15616/16384
mean(sgnprob[1:i - 1]) = 0.24559718219660584
15744/16384
mean(sgnprob[1:i - 1]) = 0.2402972749793559
15872/16384
mean(sgnprob[1:i - 1]) = 0.23394871148635876
16000/16384
mean(sgnprob[1:i - 1]) = 0.2363272704544034
16128/16384
mean(sgnprob[1:i - 1]) = 0.231227134618962
16256/16384
mean(sgnprob[1:i - 1]) = 0.2330975084589357
16384/16384
mean(sgnprob[1:i - 1]) = 0.2353048892144296
810.709122 seconds (167.11 M allocations: 70.745 GiB, 1.72% gc time, 1.19% compilation time)
