## SLURM PROLOG ###############################################################
##    Job ID : 8833944
##  Job Name : sbatch_etgent.sh
##  Nodelist : node1322
##      CPUs : 8
##  Mem/Node : 4096 MB
## Directory : /oscar/home/trazzaz/AFQMC
##   Job Started : Fri Feb 28 02:34:10 AM EST 2025
###############################################################################
seed = 1498
U = 2.0
β = 6.0
Warming up
128/1024
256/1024
384/1024
512/1024
640/1024
768/1024
896/1024
1024/1024
Measuring
128/16384
mean(sgnprob[1:i - 1]) = -0.5905511811023622
256/16384
mean(sgnprob[1:i - 1]) = -0.10588235294117647
384/16384
mean(sgnprob[1:i - 1]) = 0.08093994778067885
512/16384
mean(sgnprob[1:i - 1]) = 0.18590998043052837
640/16384
mean(sgnprob[1:i - 1]) = 0.27386541471048514
768/16384
mean(sgnprob[1:i - 1]) = 0.29595827900912647
896/16384
mean(sgnprob[1:i - 1]) = 0.18435754189944134
1024/16384
mean(sgnprob[1:i - 1]) = 0.21407624633431085
1152/16384
mean(sgnprob[1:i - 1]) = 0.24413553431798435
1280/16384
mean(sgnprob[1:i - 1]) = 0.27443315089913994
1408/16384
mean(sgnprob[1:i - 1]) = 0.30774697938877044
1536/16384
mean(sgnprob[1:i - 1]) = 0.3055374592833876
1664/16384
mean(sgnprob[1:i - 1]) = 0.32411304870715574
1792/16384
mean(sgnprob[1:i - 1]) = 0.34226689000558347
1920/16384
mean(sgnprob[1:i - 1]) = 0.3590411672746222
2048/16384
mean(sgnprob[1:i - 1]) = 0.3610161211529067
2176/16384
mean(sgnprob[1:i - 1]) = 0.3020689655172414
2304/16384
mean(sgnprob[1:i - 1]) = 0.3191489361702128
2432/16384
mean(sgnprob[1:i - 1]) = 0.32949403537638833
2560/16384
mean(sgnprob[1:i - 1]) = 0.34271199687377885
2688/16384
mean(sgnprob[1:i - 1]) = 0.3502046892445106
2816/16384
mean(sgnprob[1:i - 1]) = 0.3577264653641208
2944/16384
mean(sgnprob[1:i - 1]) = 0.3177030241250425
3072/16384
mean(sgnprob[1:i - 1]) = 0.27971344838814716
3200/16384
mean(sgnprob[1:i - 1]) = 0.28977805564238823
3328/16384
mean(sgnprob[1:i - 1]) = 0.2569882777276826
3456/16384
mean(sgnprob[1:i - 1]) = 0.26772793053545585
3584/16384
mean(sgnprob[1:i - 1]) = 0.2737929109684622
3712/16384
mean(sgnprob[1:i - 1]) = 0.28644570196712477
3840/16384
mean(sgnprob[1:i - 1]) = 0.2940870018233915
3968/16384
mean(sgnprob[1:i - 1]) = 0.3062767834635745
4096/16384
mean(sgnprob[1:i - 1]) = 0.28595848595848594
4224/16384
mean(sgnprob[1:i - 1]) = 0.292919725313758
4352/16384
mean(sgnprob[1:i - 1]) = 0.2682142036313491
4480/16384
mean(sgnprob[1:i - 1]) = 0.2761777182406787
4608/16384
mean(sgnprob[1:i - 1]) = 0.2580855220316909
4736/16384
mean(sgnprob[1:i - 1]) = 0.26462513199577614
4864/16384
mean(sgnprob[1:i - 1]) = 0.2716430187127288
4992/16384
mean(sgnprob[1:i - 1]) = 0.27709877780004005
5120/16384
mean(sgnprob[1:i - 1]) = 0.28540730611447546
5248/16384
mean(sgnprob[1:i - 1]) = 0.26396035829998094
5376/16384
mean(sgnprob[1:i - 1]) = 0.26995348837209304
5504/16384
mean(sgnprob[1:i - 1]) = 0.27530437942940217
5632/16384
mean(sgnprob[1:i - 1]) = 0.25874622624755816
5760/16384
mean(sgnprob[1:i - 1]) = 0.2644556346587949
5888/16384
mean(sgnprob[1:i - 1]) = 0.27025649736708
6016/16384
mean(sgnprob[1:i - 1]) = 0.25353283458021614
6144/16384
mean(sgnprob[1:i - 1]) = 0.2388083998046557
6272/16384
mean(sgnprob[1:i - 1]) = 0.24445861904002553
6400/16384
mean(sgnprob[1:i - 1]) = 0.2517580872011252
6528/16384
mean(sgnprob[1:i - 1]) = 0.25723916041060213
6656/16384
mean(sgnprob[1:i - 1]) = 0.2628099173553719
6784/16384
mean(sgnprob[1:i - 1]) = 0.26758071649712517
6912/16384
mean(sgnprob[1:i - 1]) = 0.2721747938069744
7040/16384
mean(sgnprob[1:i - 1]) = 0.2760335274897002
7168/16384
mean(sgnprob[1:i - 1]) = 0.28282405469513044
7296/16384
mean(sgnprob[1:i - 1]) = 0.2880054832076765
7424/16384
mean(sgnprob[1:i - 1]) = 0.2911221877946922
7552/16384
mean(sgnprob[1:i - 1]) = 0.29757647993643227
7680/16384
mean(sgnprob[1:i - 1]) = 0.3012110951946868
7808/16384
mean(sgnprob[1:i - 1]) = 0.30216472396567184
7936/16384
mean(sgnprob[1:i - 1]) = 0.28872085696282296
8064/16384
mean(sgnprob[1:i - 1]) = 0.29232295671586256
8192/16384
mean(sgnprob[1:i - 1]) = 0.29532413624710047
8320/16384
mean(sgnprob[1:i - 1]) = 0.3006370958047842
8448/16384
mean(sgnprob[1:i - 1]) = 0.28921510595477684
8576/16384
mean(sgnprob[1:i - 1]) = 0.29306122448979594
8704/16384
mean(sgnprob[1:i - 1]) = 0.2981730437780076
8832/16384
mean(sgnprob[1:i - 1]) = 0.3033631525308572
8960/16384
mean(sgnprob[1:i - 1]) = 0.3063958031030249
9088/16384
mean(sgnprob[1:i - 1]) = 0.3093430174975239
9216/16384
mean(sgnprob[1:i - 1]) = 0.31003798155181767
9344/16384
mean(sgnprob[1:i - 1]) = 0.31221235149309645
9472/16384
mean(sgnprob[1:i - 1]) = 0.31580614507443777
9600/16384
mean(sgnprob[1:i - 1]) = 0.3203458693613918
9728/16384
mean(sgnprob[1:i - 1]) = 0.32435488845481647
9856/16384
mean(sgnprob[1:i - 1]) = 0.32744799594114665
9984/16384
mean(sgnprob[1:i - 1]) = 0.3300611038765902
10112/16384
mean(sgnprob[1:i - 1]) = 0.3337948768667788
10240/16384
mean(sgnprob[1:i - 1]) = 0.3370446332649673
10368/16384
mean(sgnprob[1:i - 1]) = 0.32632391241439185
10496/16384
mean(sgnprob[1:i - 1]) = 0.3272987136731777
10624/16384
mean(sgnprob[1:i - 1]) = 0.32825002353384164
10752/16384
mean(sgnprob[1:i - 1]) = 0.33029485629243793
10880/16384
mean(sgnprob[1:i - 1]) = 0.33247541134295433
11008/16384
mean(sgnprob[1:i - 1]) = 0.33605887162714637
11136/16384
mean(sgnprob[1:i - 1]) = 0.3383026493039964
11264/16384
mean(sgnprob[1:i - 1]) = 0.33978513717482023
11392/16384
mean(sgnprob[1:i - 1]) = 0.34228777104731806
11520/16384
mean(sgnprob[1:i - 1]) = 0.3457765431026999
11648/16384
mean(sgnprob[1:i - 1]) = 0.3469562977590796
11776/16384
mean(sgnprob[1:i - 1]) = 0.34861995753715497
11904/16384
mean(sgnprob[1:i - 1]) = 0.3510879610182307
12032/16384
mean(sgnprob[1:i - 1]) = 0.3540021610838667
12160/16384
mean(sgnprob[1:i - 1]) = 0.35652603010115963
12288/16384
mean(sgnprob[1:i - 1]) = 0.3583462195816717
12416/16384
mean(sgnprob[1:i - 1]) = 0.34933548127265407
12544/16384
mean(sgnprob[1:i - 1]) = 0.34003029578250815
12672/16384
mean(sgnprob[1:i - 1]) = 0.34085707521111197
12800/16384
mean(sgnprob[1:i - 1]) = 0.331822798656145
12928/16384
mean(sgnprob[1:i - 1]) = 0.3328691885201516
13056/16384
mean(sgnprob[1:i - 1]) = 0.3348142474147836
13184/16384
mean(sgnprob[1:i - 1]) = 0.3254949556246681
13312/16384
mean(sgnprob[1:i - 1]) = 0.3172564044774998
13440/16384
mean(sgnprob[1:i - 1]) = 0.30917478979090707
13568/16384
mean(sgnprob[1:i - 1]) = 0.31156482641704136
13696/16384
mean(sgnprob[1:i - 1]) = 0.3144943410003651
13824/16384
mean(sgnprob[1:i - 1]) = 0.30680749475511826
13952/16384
mean(sgnprob[1:i - 1]) = 0.3081499534083578
14080/16384
mean(sgnprob[1:i - 1]) = 0.3005185027345692
14208/16384
mean(sgnprob[1:i - 1]) = 0.3035827409023721
14336/16384
mean(sgnprob[1:i - 1]) = 0.30561562608998954
14464/16384
mean(sgnprob[1:i - 1]) = 0.2987623591232801
14592/16384
mean(sgnprob[1:i - 1]) = 0.29244054554177235
14720/16384
mean(sgnprob[1:i - 1]) = 0.29424553298457773
14848/16384
mean(sgnprob[1:i - 1]) = 0.29628881255472483
14976/16384
mean(sgnprob[1:i - 1]) = 0.2896160267111853
15104/16384
mean(sgnprob[1:i - 1]) = 0.2916639078328809
15232/16384
mean(sgnprob[1:i - 1]) = 0.2943339242334712
15360/16384
mean(sgnprob[1:i - 1]) = 0.2957874861644638
15488/16384
mean(sgnprob[1:i - 1]) = 0.29863756699167043
15616/16384
mean(sgnprob[1:i - 1]) = 0.3005443483829651
15744/16384
mean(sgnprob[1:i - 1]) = 0.29416248491393
15872/16384
mean(sgnprob[1:i - 1]) = 0.29582256946632224
16000/16384
mean(sgnprob[1:i - 1]) = 0.29783111444465277
16128/16384
mean(sgnprob[1:i - 1]) = 0.29980777577974826
16256/16384
mean(sgnprob[1:i - 1]) = 0.300276837896032
16384/16384
mean(sgnprob[1:i - 1]) = 0.3015931148141366
820.563110 seconds (167.11 M allocations: 70.745 GiB, 2.32% gc time, 1.35% compilation time)
