## SLURM PROLOG ###############################################################
##    Job ID : 8833920
##  Job Name : sbatch_etgent.sh
##  Nodelist : node1322
##      CPUs : 8
##  Mem/Node : 4096 MB
## Directory : /oscar/home/trazzaz/AFQMC
##   Job Started : Fri Feb 28 01:52:06 AM EST 2025
###############################################################################
seed = 1474
U = 2.0
β = 6.0
Warming up
128/1024
256/1024
384/1024
512/1024
640/1024
768/1024
896/1024
1024/1024
Measuring
128/16384
mean(sgnprob[1:i - 1]) = 0.10236220472440945
256/16384
mean(sgnprob[1:i - 1]) = 0.20784313725490197
384/16384
mean(sgnprob[1:i - 1]) = 0.02349869451697128
512/16384
mean(sgnprob[1:i - 1]) = -0.08414872798434442
640/16384
mean(sgnprob[1:i - 1]) = -0.1298904538341158
768/16384
mean(sgnprob[1:i - 1]) = -0.0560625814863103
896/16384
mean(sgnprob[1:i - 1]) = 0.00782122905027933
1024/16384
mean(sgnprob[1:i - 1]) = 0.04007820136852395
1152/16384
mean(sgnprob[1:i - 1]) = 0.05821025195482189
1280/16384
mean(sgnprob[1:i - 1]) = 0.028928850664581705
1408/16384
mean(sgnprob[1:i - 1]) = 0.05046197583511016
1536/16384
mean(sgnprob[1:i - 1]) = 0.06840390879478828
1664/16384
mean(sgnprob[1:i - 1]) = 0.08719182200841852
1792/16384
mean(sgnprob[1:i - 1]) = 0.10106085985482971
1920/16384
mean(sgnprob[1:i - 1]) = 0.1255862428348098
2048/16384
mean(sgnprob[1:i - 1]) = 0.09623839765510503
2176/16384
mean(sgnprob[1:i - 1]) = 0.1071264367816092
2304/16384
mean(sgnprob[1:i - 1]) = 0.07772470690403821
2432/16384
mean(sgnprob[1:i - 1]) = 0.09090909090909091
2560/16384
mean(sgnprob[1:i - 1]) = 0.06994919890582259
2688/16384
mean(sgnprob[1:i - 1]) = 0.05842947525120953
2816/16384
mean(sgnprob[1:i - 1]) = 0.06856127886323268
2944/16384
mean(sgnprob[1:i - 1]) = 0.056744818212708124
3072/16384
mean(sgnprob[1:i - 1]) = 0.0615434711820254
3200/16384
mean(sgnprob[1:i - 1]) = 0.04657705532979056
3328/16384
mean(sgnprob[1:i - 1]) = 0.03216110610159303
3456/16384
mean(sgnprob[1:i - 1]) = 0.0402315484804631
3584/16384
mean(sgnprob[1:i - 1]) = 0.025955902874686018
3712/16384
mean(sgnprob[1:i - 1]) = 0.03637833468067906
3840/16384
mean(sgnprob[1:i - 1]) = 0.025787965616045846
3968/16384
mean(sgnprob[1:i - 1]) = 0.03705570960423494
4096/16384
mean(sgnprob[1:i - 1]) = 0.04713064713064713
4224/16384
mean(sgnprob[1:i - 1]) = 0.05612124082405873
4352/16384
mean(sgnprob[1:i - 1]) = 0.06412319007124799
4480/16384
mean(sgnprob[1:i - 1]) = 0.05425318151373074
4608/16384
mean(sgnprob[1:i - 1]) = 0.05925765140004341
4736/16384
mean(sgnprob[1:i - 1]) = 0.04963041182682154
4864/16384
mean(sgnprob[1:i - 1]) = 0.05243676742751388
4992/16384
mean(sgnprob[1:i - 1]) = 0.04027249048286916
5120/16384
mean(sgnprob[1:i - 1]) = 0.03535846845086931
5248/16384
mean(sgnprob[1:i - 1]) = 0.04288164665523156
5376/16384
mean(sgnprob[1:i - 1]) = 0.04818604651162791
5504/16384
mean(sgnprob[1:i - 1]) = 0.053243685262584044
5632/16384
mean(sgnprob[1:i - 1]) = 0.04883679630616231
5760/16384
mean(sgnprob[1:i - 1]) = 0.051571453377322454
5888/16384
mean(sgnprob[1:i - 1]) = 0.057584508238491594
6016/16384
mean(sgnprob[1:i - 1]) = 0.05968412302576891
6144/16384
mean(sgnprob[1:i - 1]) = 0.053231320201855774
6272/16384
mean(sgnprob[1:i - 1]) = 0.05501514909902727
6400/16384
mean(sgnprob[1:i - 1]) = 0.0473511486169714
6528/16384
mean(sgnprob[1:i - 1]) = 0.038762065267351
6656/16384
mean(sgnprob[1:i - 1]) = 0.046731780616078133
6784/16384
mean(sgnprob[1:i - 1]) = 0.0508624502432552
6912/16384
mean(sgnprob[1:i - 1]) = 0.05484010996961366
7040/16384
mean(sgnprob[1:i - 1]) = 0.05952550078136099
7168/16384
mean(sgnprob[1:i - 1]) = 0.054276545276963864
7296/16384
mean(sgnprob[1:i - 1]) = 0.04784098697738177
7424/16384
mean(sgnprob[1:i - 1]) = 0.05482958372625623
7552/16384
mean(sgnprob[1:i - 1]) = 0.05919745729042511
7680/16384
mean(sgnprob[1:i - 1]) = 0.05430394582627946
7808/16384
mean(sgnprob[1:i - 1]) = 0.05879339054694505
7936/16384
mean(sgnprob[1:i - 1]) = 0.060617517328292375
8064/16384
mean(sgnprob[1:i - 1]) = 0.06536028773409401
8192/16384
mean(sgnprob[1:i - 1]) = 0.0687339763154682
8320/16384
mean(sgnprob[1:i - 1]) = 0.07200384661617983
8448/16384
mean(sgnprob[1:i - 1]) = 0.07730555226707707
8576/16384
mean(sgnprob[1:i - 1]) = 0.07102040816326531
8704/16384
mean(sgnprob[1:i - 1]) = 0.07457198667126279
8832/16384
mean(sgnprob[1:i - 1]) = 0.0680557128298041
8960/16384
mean(sgnprob[1:i - 1]) = 0.0628418350262306
9088/16384
mean(sgnprob[1:i - 1]) = 0.06811929129525696
9216/16384
mean(sgnprob[1:i - 1]) = 0.06413456321215409
9344/16384
mean(sgnprob[1:i - 1]) = 0.0613293374719041
9472/16384
mean(sgnprob[1:i - 1]) = 0.06451272304930841
9600/16384
mean(sgnprob[1:i - 1]) = 0.06073549328055006
9728/16384
mean(sgnprob[1:i - 1]) = 0.05685206127274597
9856/16384
mean(sgnprob[1:i - 1]) = 0.060578386605783865
9984/16384
mean(sgnprob[1:i - 1]) = 0.06400881498547531
10112/16384
mean(sgnprob[1:i - 1]) = 0.05904460488576797
10240/16384
mean(sgnprob[1:i - 1]) = 0.061236448871960156
10368/16384
mean(sgnprob[1:i - 1]) = 0.0639529275585994
10496/16384
mean(sgnprob[1:i - 1]) = 0.05745593139590281
10624/16384
mean(sgnprob[1:i - 1]) = 0.05996422856067024
10752/16384
mean(sgnprob[1:i - 1]) = 0.06483117849502372
10880/16384
mean(sgnprob[1:i - 1]) = 0.06700983546281827
11008/16384
mean(sgnprob[1:i - 1]) = 0.06877441628054874
11136/16384
mean(sgnprob[1:i - 1]) = 0.07067804220925011
11264/16384
mean(sgnprob[1:i - 1]) = 0.06703365000443931
11392/16384
mean(sgnprob[1:i - 1]) = 0.06101308050215082
11520/16384
mean(sgnprob[1:i - 1]) = 0.06328674364094106
11648/16384
mean(sgnprob[1:i - 1]) = 0.06533871383188804
11776/16384
mean(sgnprob[1:i - 1]) = 0.0683651804670913
11904/16384
mean(sgnprob[1:i - 1]) = 0.06561371082920273
12032/16384
mean(sgnprob[1:i - 1]) = 0.06840661624137645
12160/16384
mean(sgnprob[1:i - 1]) = 0.07114071880911259
12288/16384
mean(sgnprob[1:i - 1]) = 0.0661674940994547
12416/16384
mean(sgnprob[1:i - 1]) = 0.06806282722513089
12544/16384
mean(sgnprob[1:i - 1]) = 0.06433867495814398
12672/16384
mean(sgnprob[1:i - 1]) = 0.06652987135979796
12800/16384
mean(sgnprob[1:i - 1]) = 0.07008360028127197
12928/16384
mean(sgnprob[1:i - 1]) = 0.07263866326293804
13056/16384
mean(sgnprob[1:i - 1]) = 0.0746840291076216
13184/16384
mean(sgnprob[1:i - 1]) = 0.07107638625502541
13312/16384
mean(sgnprob[1:i - 1]) = 0.07234617985125084
13440/16384
mean(sgnprob[1:i - 1]) = 0.0749311704739936
13568/16384
mean(sgnprob[1:i - 1]) = 0.07083364045109457
13696/16384
mean(sgnprob[1:i - 1]) = 0.07250821467688938
13824/16384
mean(sgnprob[1:i - 1]) = 0.06793026115893801
13952/16384
mean(sgnprob[1:i - 1]) = 0.07003082216328578
14080/16384
mean(sgnprob[1:i - 1]) = 0.07180907734924355
14208/16384
mean(sgnprob[1:i - 1]) = 0.06862814105722531
14336/16384
mean(sgnprob[1:i - 1]) = 0.07220090687129403
14464/16384
mean(sgnprob[1:i - 1]) = 0.07391274286109382
14592/16384
mean(sgnprob[1:i - 1]) = 0.07532040298814338
14720/16384
mean(sgnprob[1:i - 1]) = 0.0779264895713024
14848/16384
mean(sgnprob[1:i - 1]) = 0.07914056711793628
14976/16384
mean(sgnprob[1:i - 1]) = 0.07525876460767947
15104/16384
mean(sgnprob[1:i - 1]) = 0.07131033569489506
15232/16384
mean(sgnprob[1:i - 1]) = 0.06755958243056924
15360/16384
mean(sgnprob[1:i - 1]) = 0.06400156260173188
15488/16384
mean(sgnprob[1:i - 1]) = 0.06695938529088913
15616/16384
mean(sgnprob[1:i - 1]) = 0.06884406019852705
15744/16384
mean(sgnprob[1:i - 1]) = 0.06739503271295179
15872/16384
mean(sgnprob[1:i - 1]) = 0.0691197782118329
16000/16384
mean(sgnprob[1:i - 1]) = 0.0653165822863929
16128/16384
mean(sgnprob[1:i - 1]) = 0.06839461772183295
16256/16384
mean(sgnprob[1:i - 1]) = 0.07007074746231928
16384/16384
mean(sgnprob[1:i - 1]) = 0.07184276384056644
806.221125 seconds (167.11 M allocations: 70.745 GiB, 2.35% gc time, 1.38% compilation time)
