## SLURM PROLOG ###############################################################
##    Job ID : 8833904
##  Job Name : sbatch_etgent.sh
##  Nodelist : node1736
##      CPUs : 8
##  Mem/Node : 4096 MB
## Directory : /oscar/home/trazzaz/AFQMC
##   Job Started : Fri Feb 28 01:25:57 AM EST 2025
###############################################################################
seed = 1458
U = 2.0
β = 6.0
Warming up
128/1024
256/1024
384/1024
512/1024
640/1024
768/1024
896/1024
1024/1024
Measuring
128/16384
mean(sgnprob[1:i - 1]) = 0.7165354330708661
256/16384
mean(sgnprob[1:i - 1]) = 0.592156862745098
384/16384
mean(sgnprob[1:i - 1]) = 0.618798955613577
512/16384
mean(sgnprob[1:i - 1]) = 0.5968688845401174
640/16384
mean(sgnprob[1:i - 1]) = 0.5743348982785602
768/16384
mean(sgnprob[1:i - 1]) = 0.5645371577574967
896/16384
mean(sgnprob[1:i - 1]) = 0.41899441340782123
1024/16384
mean(sgnprob[1:i - 1]) = 0.2903225806451613
1152/16384
mean(sgnprob[1:i - 1]) = 0.29278887923544744
1280/16384
mean(sgnprob[1:i - 1]) = 0.308835027365129
1408/16384
mean(sgnprob[1:i - 1]) = 0.3319118692253021
1536/16384
mean(sgnprob[1:i - 1]) = 0.3485342019543974
1664/16384
mean(sgnprob[1:i - 1]) = 0.36019242333132895
1792/16384
mean(sgnprob[1:i - 1]) = 0.36795086543830263
1920/16384
mean(sgnprob[1:i - 1]) = 0.3110995310057322
2048/16384
mean(sgnprob[1:i - 1]) = 0.32193453834880315
2176/16384
mean(sgnprob[1:i - 1]) = 0.32873563218390806
2304/16384
mean(sgnprob[1:i - 1]) = 0.33651758575770735
2432/16384
mean(sgnprob[1:i - 1]) = 0.34841628959276016
2560/16384
mean(sgnprob[1:i - 1]) = 0.3583431027745213
2688/16384
mean(sgnprob[1:i - 1]) = 0.37327874953479717
2816/16384
mean(sgnprob[1:i - 1]) = 0.32717584369449376
2944/16384
mean(sgnprob[1:i - 1]) = 0.3394495412844037
3072/16384
mean(sgnprob[1:i - 1]) = 0.35135135135135137
3200/16384
mean(sgnprob[1:i - 1]) = 0.3166614567052204
3328/16384
mean(sgnprob[1:i - 1]) = 0.28584310189359785
3456/16384
mean(sgnprob[1:i - 1]) = 0.29204052098408106
3584/16384
mean(sgnprob[1:i - 1]) = 0.29946971811331285
3712/16384
mean(sgnprob[1:i - 1]) = 0.2702775532201563
3840/16384
mean(sgnprob[1:i - 1]) = 0.28054180776243814
3968/16384
mean(sgnprob[1:i - 1]) = 0.2876228888328712
4096/16384
mean(sgnprob[1:i - 1]) = 0.26202686202686204
4224/16384
mean(sgnprob[1:i - 1]) = 0.23798247691214777
4352/16384
mean(sgnprob[1:i - 1]) = 0.21581245690645828
4480/16384
mean(sgnprob[1:i - 1]) = 0.22884572449207413
4608/16384
mean(sgnprob[1:i - 1]) = 0.23377469068808335
4736/16384
mean(sgnprob[1:i - 1]) = 0.23970432946145723
4864/16384
mean(sgnprob[1:i - 1]) = 0.24491054904380014
4992/16384
mean(sgnprob[1:i - 1]) = 0.2530554998998197
5120/16384
mean(sgnprob[1:i - 1]) = 0.25766751318616915
5248/16384
mean(sgnprob[1:i - 1]) = 0.26472269868496284
5376/16384
mean(sgnprob[1:i - 1]) = 0.27330232558139533
5504/16384
mean(sgnprob[1:i - 1]) = 0.2767581319280393
5632/16384
mean(sgnprob[1:i - 1]) = 0.2836085952761499
5760/16384
mean(sgnprob[1:i - 1]) = 0.2880708456329224
5888/16384
mean(sgnprob[1:i - 1]) = 0.29233905214880246
6016/16384
mean(sgnprob[1:i - 1]) = 0.27581047381546137
6144/16384
mean(sgnprob[1:i - 1]) = 0.28145857073091324
6272/16384
mean(sgnprob[1:i - 1]) = 0.2881518099186733
6400/16384
mean(sgnprob[1:i - 1]) = 0.294264728863885
6528/16384
mean(sgnprob[1:i - 1]) = 0.29676727439865175
6656/16384
mean(sgnprob[1:i - 1]) = 0.28054094665664914
6784/16384
mean(sgnprob[1:i - 1]) = 0.286156567890314
6912/16384
mean(sgnprob[1:i - 1]) = 0.2912747793372884
7040/16384
mean(sgnprob[1:i - 1]) = 0.27802244637022305
7168/16384
mean(sgnprob[1:i - 1]) = 0.28170782754290496
7296/16384
mean(sgnprob[1:i - 1]) = 0.2849897189856066
7424/16384
mean(sgnprob[1:i - 1]) = 0.2908527549508285
7552/16384
mean(sgnprob[1:i - 1]) = 0.2943980929678188
7680/16384
mean(sgnprob[1:i - 1]) = 0.299387941138169
7808/16384
mean(sgnprob[1:i - 1]) = 0.3029332650185731
7936/16384
mean(sgnprob[1:i - 1]) = 0.3076244486452426
8064/16384
mean(sgnprob[1:i - 1]) = 0.3109264541733846
8192/16384
mean(sgnprob[1:i - 1]) = 0.31583445244780856
8320/16384
mean(sgnprob[1:i - 1]) = 0.3023199903834595
8448/16384
mean(sgnprob[1:i - 1]) = 0.3067361193323073
8576/16384
mean(sgnprob[1:i - 1]) = 0.3110204081632653
8704/16384
mean(sgnprob[1:i - 1]) = 0.2988624612202689
8832/16384
mean(sgnprob[1:i - 1]) = 0.30200430302344017
8960/16384
mean(sgnprob[1:i - 1]) = 0.3057260855006139
9088/16384
mean(sgnprob[1:i - 1]) = 0.30890282821613296
9216/16384
mean(sgnprob[1:i - 1]) = 0.31090613130765055
9344/16384
mean(sgnprob[1:i - 1]) = 0.31392486353419674
9472/16384
mean(sgnprob[1:i - 1]) = 0.3170731707317073
9600/16384
mean(sgnprob[1:i - 1]) = 0.30701114699447857
9728/16384
mean(sgnprob[1:i - 1]) = 0.3109900277577876
9856/16384
mean(sgnprob[1:i - 1]) = 0.3132420091324201
9984/16384
mean(sgnprob[1:i - 1]) = 0.31543624161073824
10112/16384
mean(sgnprob[1:i - 1]) = 0.31717930966274355
10240/16384
mean(sgnprob[1:i - 1]) = 0.3083308916886415
10368/16384
mean(sgnprob[1:i - 1]) = 0.30953988617729333
10496/16384
mean(sgnprob[1:i - 1]) = 0.3122439256788947
10624/16384
mean(sgnprob[1:i - 1]) = 0.3145062600018827
10752/16384
mean(sgnprob[1:i - 1]) = 0.31690075341828666
10880/16384
mean(sgnprob[1:i - 1]) = 0.32089346447283756
11008/16384
mean(sgnprob[1:i - 1]) = 0.32297628781684384
11136/16384
mean(sgnprob[1:i - 1]) = 0.3241131567130669
11264/16384
mean(sgnprob[1:i - 1]) = 0.3269999112137086
11392/16384
mean(sgnprob[1:i - 1]) = 0.3173558072162233
11520/16384
mean(sgnprob[1:i - 1]) = 0.31955898949561595
11648/16384
mean(sgnprob[1:i - 1]) = 0.3211985919120804
11776/16384
mean(sgnprob[1:i - 1]) = 0.3115923566878981
11904/16384
mean(sgnprob[1:i - 1]) = 0.30152062505250776
12032/16384
mean(sgnprob[1:i - 1]) = 0.30246862272462804
12160/16384
mean(sgnprob[1:i - 1]) = 0.3035611481207336
12288/16384
mean(sgnprob[1:i - 1]) = 0.30788638398307155
12416/16384
mean(sgnprob[1:i - 1]) = 0.31083366894885217
12544/16384
mean(sgnprob[1:i - 1]) = 0.3134018974726939
12672/16384
mean(sgnprob[1:i - 1]) = 0.30486938678873016
12800/16384
mean(sgnprob[1:i - 1]) = 0.3065083209625752
12928/16384
mean(sgnprob[1:i - 1]) = 0.3084242283592481
13056/16384
mean(sgnprob[1:i - 1]) = 0.30019149751053237
13184/16384
mean(sgnprob[1:i - 1]) = 0.30137298035348553
13312/16384
mean(sgnprob[1:i - 1]) = 0.30403425738111334
13440/16384
mean(sgnprob[1:i - 1]) = 0.3057519160651834
13568/16384
mean(sgnprob[1:i - 1]) = 0.30773199675683643
13696/16384
mean(sgnprob[1:i - 1]) = 0.3108433734939759
13824/16384
mean(sgnprob[1:i - 1]) = 0.3027562757722636
13952/16384
mean(sgnprob[1:i - 1]) = 0.30585621102429933
14080/16384
mean(sgnprob[1:i - 1]) = 0.3077633354641665
14208/16384
mean(sgnprob[1:i - 1]) = 0.30921376786091365
14336/16384
mean(sgnprob[1:i - 1]) = 0.30198814091384724
14464/16384
mean(sgnprob[1:i - 1]) = 0.30498513448108966
14592/16384
mean(sgnprob[1:i - 1]) = 0.29888287300390654
14720/16384
mean(sgnprob[1:i - 1]) = 0.3011753515863849
14848/16384
mean(sgnprob[1:i - 1]) = 0.30315888731730317
14976/16384
mean(sgnprob[1:i - 1]) = 0.30337228714524206
15104/16384
mean(sgnprob[1:i - 1]) = 0.30517115804806993
15232/16384
mean(sgnprob[1:i - 1]) = 0.2989298141947344
15360/16384
mean(sgnprob[1:i - 1]) = 0.29175076502376457
15488/16384
mean(sgnprob[1:i - 1]) = 0.29437592819784336
15616/16384
mean(sgnprob[1:i - 1]) = 0.28799231508165224
15744/16384
mean(sgnprob[1:i - 1]) = 0.2908594295877533
15872/16384
mean(sgnprob[1:i - 1]) = 0.29279818536954194
16000/16384
mean(sgnprob[1:i - 1]) = 0.294705919119945
16128/16384
mean(sgnprob[1:i - 1]) = 0.2963353382526198
16256/16384
mean(sgnprob[1:i - 1]) = 0.2969547831436481
16384/16384
mean(sgnprob[1:i - 1]) = 0.2984190929622169
730.743328 seconds (167.11 M allocations: 70.745 GiB, 1.31% gc time, 1.22% compilation time)
