## SLURM PROLOG ###############################################################
##    Job ID : 8834060
##  Job Name : sbatch_etgent.sh
##  Nodelist : node1327
##      CPUs : 8
##  Mem/Node : 4096 MB
## Directory : /oscar/home/trazzaz/AFQMC
##   Job Started : Fri Feb 28 05:41:33 AM EST 2025
###############################################################################
seed = 1614
U = 2.0
β = 6.0
Warming up
128/1024
256/1024
384/1024
512/1024
640/1024
768/1024
896/1024
1024/1024
Measuring
128/16384
mean(sgnprob[1:i - 1]) = 0.5118110236220472
256/16384
mean(sgnprob[1:i - 1]) = 0.06666666666666667
384/16384
mean(sgnprob[1:i - 1]) = 0.2010443864229765
512/16384
mean(sgnprob[1:i - 1]) = 0.27984344422700586
640/16384
mean(sgnprob[1:i - 1]) = 0.35837245696400627
768/16384
mean(sgnprob[1:i - 1]) = 0.39504563233376794
896/16384
mean(sgnprob[1:i - 1]) = 0.26256983240223464
1024/16384
mean(sgnprob[1:i - 1]) = 0.2844574780058651
1152/16384
mean(sgnprob[1:i - 1]) = 0.29626411815812337
1280/16384
mean(sgnprob[1:i - 1]) = 0.3229085222830336
1408/16384
mean(sgnprob[1:i - 1]) = 0.24093816631130063
1536/16384
mean(sgnprob[1:i - 1]) = 0.1752442996742671
1664/16384
mean(sgnprob[1:i - 1]) = 0.20024052916416116
1792/16384
mean(sgnprob[1:i - 1]) = 0.21496370742601897
1920/16384
mean(sgnprob[1:i - 1]) = 0.23397602918186555
2048/16384
mean(sgnprob[1:i - 1]) = 0.25158768930141673
2176/16384
mean(sgnprob[1:i - 1]) = 0.263448275862069
2304/16384
mean(sgnprob[1:i - 1]) = 0.27312201476335213
2432/16384
mean(sgnprob[1:i - 1]) = 0.2900041135335253
2560/16384
mean(sgnprob[1:i - 1]) = 0.2989449003516999
2688/16384
mean(sgnprob[1:i - 1]) = 0.255675474506885
2816/16384
mean(sgnprob[1:i - 1]) = 0.26536412078152755
2944/16384
mean(sgnprob[1:i - 1]) = 0.2762487257900102
3072/16384
mean(sgnprob[1:i - 1]) = 0.24584825789645068
3200/16384
mean(sgnprob[1:i - 1]) = 0.2153798061894342
3328/16384
mean(sgnprob[1:i - 1]) = 0.1884580703336339
3456/16384
mean(sgnprob[1:i - 1]) = 0.20463096960926194
3584/16384
mean(sgnprob[1:i - 1]) = 0.2174155735417248
3712/16384
mean(sgnprob[1:i - 1]) = 0.1926704392347076
3840/16384
mean(sgnprob[1:i - 1]) = 0.16853347225840062
3968/16384
mean(sgnprob[1:i - 1]) = 0.14746659944542476
4096/16384
mean(sgnprob[1:i - 1]) = 0.1623931623931624
4224/16384
mean(sgnprob[1:i - 1]) = 0.14184229220932987
4352/16384
mean(sgnprob[1:i - 1]) = 0.15329809239255343
4480/16384
mean(sgnprob[1:i - 1]) = 0.13150256753739675
4608/16384
mean(sgnprob[1:i - 1]) = 0.11222053397004558
4736/16384
mean(sgnprob[1:i - 1]) = 0.12185850052798311
4864/16384
mean(sgnprob[1:i - 1]) = 0.13345671396257455
4992/16384
mean(sgnprob[1:i - 1]) = 0.14165497896213183
5120/16384
mean(sgnprob[1:i - 1]) = 0.12600117210392656
5248/16384
mean(sgnprob[1:i - 1]) = 0.13398132266056795
5376/16384
mean(sgnprob[1:i - 1]) = 0.11627906976744186
5504/16384
mean(sgnprob[1:i - 1]) = 0.1273850626930765
5632/16384
mean(sgnprob[1:i - 1]) = 0.11205824897886699
5760/16384
mean(sgnprob[1:i - 1]) = 0.12415349887133183
5888/16384
mean(sgnprob[1:i - 1]) = 0.11126210293867844
6016/16384
mean(sgnprob[1:i - 1]) = 0.09825436408977556
6144/16384
mean(sgnprob[1:i - 1]) = 0.10629985349177926
6272/16384
mean(sgnprob[1:i - 1]) = 0.09424334236963802
6400/16384
mean(sgnprob[1:i - 1]) = 0.10611032973902172
6528/16384
mean(sgnprob[1:i - 1]) = 0.11414125938409683
6656/16384
mean(sgnprob[1:i - 1]) = 0.1005259203606311
6784/16384
mean(sgnprob[1:i - 1]) = 0.10835913312693499
6912/16384
mean(sgnprob[1:i - 1]) = 0.11619157864274346
7040/16384
mean(sgnprob[1:i - 1]) = 0.12459156130132121
7168/16384
mean(sgnprob[1:i - 1]) = 0.13213338914469094
7296/16384
mean(sgnprob[1:i - 1]) = 0.12159013022618231
7424/16384
mean(sgnprob[1:i - 1]) = 0.12595985450626432
7552/16384
mean(sgnprob[1:i - 1]) = 0.13044629850350947
7680/16384
mean(sgnprob[1:i - 1]) = 0.12202109649693971
7808/16384
mean(sgnprob[1:i - 1]) = 0.12668118355322147
7936/16384
mean(sgnprob[1:i - 1]) = 0.13396345305608065
8064/16384
mean(sgnprob[1:i - 1]) = 0.12241101327049485
8192/16384
mean(sgnprob[1:i - 1]) = 0.1285557319008668
8320/16384
mean(sgnprob[1:i - 1]) = 0.11575910566173819
8448/16384
mean(sgnprob[1:i - 1]) = 0.12229193796614182
8576/16384
mean(sgnprob[1:i - 1]) = 0.12816326530612246
8704/16384
mean(sgnprob[1:i - 1]) = 0.118005285533724
8832/16384
mean(sgnprob[1:i - 1]) = 0.12422149246970898
8960/16384
mean(sgnprob[1:i - 1]) = 0.12959035606652528
9088/16384
mean(sgnprob[1:i - 1]) = 0.1350280620666887
9216/16384
mean(sgnprob[1:i - 1]) = 0.13836136733586543
9344/16384
mean(sgnprob[1:i - 1]) = 0.14288772342930536
9472/16384
mean(sgnprob[1:i - 1]) = 0.1479252454862211
9600/16384
mean(sgnprob[1:i - 1]) = 0.13699343681633502
9728/16384
mean(sgnprob[1:i - 1]) = 0.1425927829752236
9856/16384
mean(sgnprob[1:i - 1]) = 0.14824961948249618
9984/16384
mean(sgnprob[1:i - 1]) = 0.15376139437042974
10112/16384
mean(sgnprob[1:i - 1]) = 0.1462763327069528
10240/16384
mean(sgnprob[1:i - 1]) = 0.15187029983396816
10368/16384
mean(sgnprob[1:i - 1]) = 0.15636153178354395
10496/16384
mean(sgnprob[1:i - 1]) = 0.16055264411624584
10624/16384
mean(sgnprob[1:i - 1]) = 0.16558410995010825
10752/16384
mean(sgnprob[1:i - 1]) = 0.1699376802157939
10880/16384
mean(sgnprob[1:i - 1]) = 0.1736372828384962
11008/16384
mean(sgnprob[1:i - 1]) = 0.1781593531389116
11136/16384
mean(sgnprob[1:i - 1]) = 0.18149977548271218
11264/16384
mean(sgnprob[1:i - 1]) = 0.17375477226316258
11392/16384
mean(sgnprob[1:i - 1]) = 0.1782986568343429
11520/16384
mean(sgnprob[1:i - 1]) = 0.18222067887837487
11648/16384
mean(sgnprob[1:i - 1]) = 0.17403623250622477
11776/16384
mean(sgnprob[1:i - 1]) = 0.17842887473460722
11904/16384
mean(sgnprob[1:i - 1]) = 0.18255901873477276
12032/16384
mean(sgnprob[1:i - 1]) = 0.1862688055855706
12160/16384
mean(sgnprob[1:i - 1]) = 0.19105189571510814
12288/16384
mean(sgnprob[1:i - 1]) = 0.19443314071783185
12416/16384
mean(sgnprob[1:i - 1]) = 0.1982279500604108
12544/16384
mean(sgnprob[1:i - 1]) = 0.190305349597385
12672/16384
mean(sgnprob[1:i - 1]) = 0.19311814379291295
12800/16384
mean(sgnprob[1:i - 1]) = 0.19712477537307602
12928/16384
mean(sgnprob[1:i - 1]) = 0.20043320182563626
13056/16384
mean(sgnprob[1:i - 1]) = 0.19264649559555727
13184/16384
mean(sgnprob[1:i - 1]) = 0.1962375786998407
13312/16384
mean(sgnprob[1:i - 1]) = 0.1996093456539704
13440/16384
mean(sgnprob[1:i - 1]) = 0.20425626906763897
13568/16384
mean(sgnprob[1:i - 1]) = 0.20734134296454632
13696/16384
mean(sgnprob[1:i - 1]) = 0.1995618838992333
13824/16384
mean(sgnprob[1:i - 1]) = 0.20104174202416264
13952/16384
mean(sgnprob[1:i - 1]) = 0.2042147516307075
14080/16384
mean(sgnprob[1:i - 1]) = 0.19809645571418424
14208/16384
mean(sgnprob[1:i - 1]) = 0.20166115295276976
14336/16384
mean(sgnprob[1:i - 1]) = 0.19511684687826997
14464/16384
mean(sgnprob[1:i - 1]) = 0.19726197884256377
14592/16384
mean(sgnprob[1:i - 1]) = 0.2007401823041601
14720/16384
mean(sgnprob[1:i - 1]) = 0.20334261838440112
14848/16384
mean(sgnprob[1:i - 1]) = 0.20590018185492018
14976/16384
mean(sgnprob[1:i - 1]) = 0.20934891485809684
15104/16384
mean(sgnprob[1:i - 1]) = 0.21154737469376944
15232/16384
mean(sgnprob[1:i - 1]) = 0.2143654389074913
15360/16384
mean(sgnprob[1:i - 1]) = 0.21778761638127483
15488/16384
mean(sgnprob[1:i - 1]) = 0.21960353845160457
15616/16384
mean(sgnprob[1:i - 1]) = 0.2128081972462376
15744/16384
mean(sgnprob[1:i - 1]) = 0.2164136441593089
15872/16384
mean(sgnprob[1:i - 1]) = 0.21832272698632726
16000/16384
mean(sgnprob[1:i - 1]) = 0.2129508094255891
16128/16384
mean(sgnprob[1:i - 1]) = 0.21485707199107087
16256/16384
mean(sgnprob[1:i - 1]) = 0.20812057828360506
16384/16384
mean(sgnprob[1:i - 1]) = 0.2030763596410914
798.092988 seconds (167.11 M allocations: 70.745 GiB, 1.59% gc time, 1.21% compilation time)
