## SLURM PROLOG ###############################################################
##    Job ID : 8834068
##  Job Name : sbatch_etgent.sh
##  Nodelist : node1322
##      CPUs : 8
##  Mem/Node : 4096 MB
## Directory : /oscar/home/trazzaz/AFQMC
##   Job Started : Fri Feb 28 05:55:13 AM EST 2025
###############################################################################
seed = 1622
U = 2.0
β = 6.0
Warming up
128/1024
256/1024
384/1024
512/1024
640/1024
768/1024
896/1024
1024/1024
Measuring
128/16384
mean(sgnprob[1:i - 1]) = 0.5905511811023622
256/16384
mean(sgnprob[1:i - 1]) = 0.4588235294117647
384/16384
mean(sgnprob[1:i - 1]) = 0.5143603133159269
512/16384
mean(sgnprob[1:i - 1]) = 0.5146771037181996
640/16384
mean(sgnprob[1:i - 1]) = 0.29890453834115804
768/16384
mean(sgnprob[1:i - 1]) = 0.16036505867014342
896/16384
mean(sgnprob[1:i - 1]) = 0.2245810055865922
1024/16384
mean(sgnprob[1:i - 1]) = 0.2649071358748778
1152/16384
mean(sgnprob[1:i - 1]) = 0.18853171155516943
1280/16384
mean(sgnprob[1:i - 1]) = 0.22126661454261143
1408/16384
mean(sgnprob[1:i - 1]) = 0.16417910447761194
1536/16384
mean(sgnprob[1:i - 1]) = 0.19348534201954398
1664/16384
mean(sgnprob[1:i - 1]) = 0.2074564040889958
1792/16384
mean(sgnprob[1:i - 1]) = 0.23618090452261306
1920/16384
mean(sgnprob[1:i - 1]) = 0.25065138092756645
2048/16384
mean(sgnprob[1:i - 1]) = 0.26624328285295557
2176/16384
mean(sgnprob[1:i - 1]) = 0.2790804597701149
2304/16384
mean(sgnprob[1:i - 1]) = 0.2930959617889709
2432/16384
mean(sgnprob[1:i - 1]) = 0.3089263677498972
2560/16384
mean(sgnprob[1:i - 1]) = 0.32004689331770225
2688/16384
mean(sgnprob[1:i - 1]) = 0.3248976553777447
2816/16384
mean(sgnprob[1:i - 1]) = 0.28596802841918295
2944/16384
mean(sgnprob[1:i - 1]) = 0.3000339789330615
3072/16384
mean(sgnprob[1:i - 1]) = 0.26082709215239336
3200/16384
mean(sgnprob[1:i - 1]) = 0.2722725851828696
3328/16384
mean(sgnprob[1:i - 1]) = 0.28584310189359785
3456/16384
mean(sgnprob[1:i - 1]) = 0.29609261939218523
3584/16384
mean(sgnprob[1:i - 1]) = 0.3072843985487022
3712/16384
mean(sgnprob[1:i - 1]) = 0.3144704931285368
3840/16384
mean(sgnprob[1:i - 1]) = 0.32013545194060955
3968/16384
mean(sgnprob[1:i - 1]) = 0.3239223594655911
4096/16384
mean(sgnprob[1:i - 1]) = 0.3308913308913309
4224/16384
mean(sgnprob[1:i - 1]) = 0.33838503433578027
4352/16384
mean(sgnprob[1:i - 1]) = 0.3454378303838198
4480/16384
mean(sgnprob[1:i - 1]) = 0.31949095780308107
4608/16384
mean(sgnprob[1:i - 1]) = 0.3266767961797265
4736/16384
mean(sgnprob[1:i - 1]) = 0.3300950369588173
4864/16384
mean(sgnprob[1:i - 1]) = 0.3345671396257454
4992/16384
mean(sgnprob[1:i - 1]) = 0.3376076938489281
5120/16384
mean(sgnprob[1:i - 1]) = 0.3158820082047275
5248/16384
mean(sgnprob[1:i - 1]) = 0.31961120640365925
5376/16384
mean(sgnprob[1:i - 1]) = 0.3253953488372093
5504/16384
mean(sgnprob[1:i - 1]) = 0.3058331819007814
5632/16384
mean(sgnprob[1:i - 1]) = 0.31131237790800925
5760/16384
mean(sgnprob[1:i - 1]) = 0.31376975169300225
5888/16384
mean(sgnprob[1:i - 1]) = 0.32019704433497537
6016/16384
mean(sgnprob[1:i - 1]) = 0.3223607647547797
6144/16384
mean(sgnprob[1:i - 1]) = 0.3257366107764936
6272/16384
mean(sgnprob[1:i - 1]) = 0.3308882155955988
6400/16384
mean(sgnprob[1:i - 1]) = 0.3108298171589311
6528/16384
mean(sgnprob[1:i - 1]) = 0.29400949900413664
6656/16384
mean(sgnprob[1:i - 1]) = 0.2991735537190083
6784/16384
mean(sgnprob[1:i - 1]) = 0.3023735810113519
6912/16384
mean(sgnprob[1:i - 1]) = 0.305744465345102
7040/16384
mean(sgnprob[1:i - 1]) = 0.2885353033101293
7168/16384
mean(sgnprob[1:i - 1]) = 0.29398632621738524
7296/16384
mean(sgnprob[1:i - 1]) = 0.2973269362577108
7424/16384
mean(sgnprob[1:i - 1]) = 0.30109120301764786
7552/16384
mean(sgnprob[1:i - 1]) = 0.3060521785194014
7680/16384
mean(sgnprob[1:i - 1]) = 0.30954551373876804
7808/16384
mean(sgnprob[1:i - 1]) = 0.3139490201101576
7936/16384
mean(sgnprob[1:i - 1]) = 0.3172022684310019
8064/16384
mean(sgnprob[1:i - 1]) = 0.32010417958576215
8192/16384
mean(sgnprob[1:i - 1]) = 0.32462458796239774
8320/16384
mean(sgnprob[1:i - 1]) = 0.30977280923187883
8448/16384
mean(sgnprob[1:i - 1]) = 0.3133656919616432
8576/16384
mean(sgnprob[1:i - 1]) = 0.31685131195335275
8704/16384
mean(sgnprob[1:i - 1]) = 0.3186257612317592
8832/16384
mean(sgnprob[1:i - 1]) = 0.32193409579889026
8960/16384
mean(sgnprob[1:i - 1]) = 0.3235852215649068
9088/16384
mean(sgnprob[1:i - 1]) = 0.3238692637834269
9216/16384
mean(sgnprob[1:i - 1]) = 0.32805208898535
9344/16384
mean(sgnprob[1:i - 1]) = 0.33169217596061223
9472/16384
mean(sgnprob[1:i - 1]) = 0.33502270087635944
9600/16384
mean(sgnprob[1:i - 1]) = 0.3376393374309824
9728/16384
mean(sgnprob[1:i - 1]) = 0.3405983345327439
9856/16384
mean(sgnprob[1:i - 1]) = 0.3432775240994419
9984/16384
mean(sgnprob[1:i - 1]) = 0.3442852849844736
10112/16384
mean(sgnprob[1:i - 1]) = 0.3349817030956384
10240/16384
mean(sgnprob[1:i - 1]) = 0.33802129114171303
10368/16384
mean(sgnprob[1:i - 1]) = 0.34021414102440434
10496/16384
mean(sgnprob[1:i - 1]) = 0.3419723677941877
10624/16384
mean(sgnprob[1:i - 1]) = 0.34481784806551824
10752/16384
mean(sgnprob[1:i - 1]) = 0.34629336805878524
10880/16384
mean(sgnprob[1:i - 1]) = 0.34718264546373745
11008/16384
mean(sgnprob[1:i - 1]) = 0.3493231579903698
11136/16384
mean(sgnprob[1:i - 1]) = 0.35231252806466096
11264/16384
mean(sgnprob[1:i - 1]) = 0.3552339518778301
11392/16384
mean(sgnprob[1:i - 1]) = 0.3436923887279431
11520/16384
mean(sgnprob[1:i - 1]) = 0.34681830019967014
11648/16384
mean(sgnprob[1:i - 1]) = 0.3490169142268395
11776/16384
mean(sgnprob[1:i - 1]) = 0.35286624203821654
11904/16384
mean(sgnprob[1:i - 1]) = 0.3552885827102411
12032/16384
mean(sgnprob[1:i - 1]) = 0.3568281938325991
12160/16384
mean(sgnprob[1:i - 1]) = 0.35981577432354633
12288/16384
mean(sgnprob[1:i - 1]) = 0.3616016928460975
12416/16384
mean(sgnprob[1:i - 1]) = 0.3639951671365284
12544/16384
mean(sgnprob[1:i - 1]) = 0.3663397911185522
12672/16384
mean(sgnprob[1:i - 1]) = 0.36958408965353956
12800/16384
mean(sgnprob[1:i - 1]) = 0.3596374716774748
12928/16384
mean(sgnprob[1:i - 1]) = 0.3515896959851474
13056/16384
mean(sgnprob[1:i - 1]) = 0.3427805438529299
13184/16384
mean(sgnprob[1:i - 1]) = 0.34339679890768415
13312/16384
mean(sgnprob[1:i - 1]) = 0.3447524603711216
13440/16384
mean(sgnprob[1:i - 1]) = 0.3475705037577201
13568/16384
mean(sgnprob[1:i - 1]) = 0.34974570649369796
13696/16384
mean(sgnprob[1:i - 1]) = 0.34180357794815625
13824/16384
mean(sgnprob[1:i - 1]) = 0.34225566085509657
13952/16384
mean(sgnprob[1:i - 1]) = 0.3435596014622608
14080/16384
mean(sgnprob[1:i - 1]) = 0.33589033312025
14208/16384
mean(sgnprob[1:i - 1]) = 0.3379320053494756
14336/16384
mean(sgnprob[1:i - 1]) = 0.34049529124520406
14464/16384
mean(sgnprob[1:i - 1]) = 0.3327801977459725
14592/16384
mean(sgnprob[1:i - 1]) = 0.33424713864711125
14720/16384
mean(sgnprob[1:i - 1]) = 0.3276717168285889
14848/16384
mean(sgnprob[1:i - 1]) = 0.3201320132013201
14976/16384
mean(sgnprob[1:i - 1]) = 0.3232721202003339
15104/16384
mean(sgnprob[1:i - 1]) = 0.3247699132622658
15232/16384
mean(sgnprob[1:i - 1]) = 0.3270303985293152
15360/16384
mean(sgnprob[1:i - 1]) = 0.32938342339996096
15488/16384
mean(sgnprob[1:i - 1]) = 0.3217537289339446
15616/16384
mean(sgnprob[1:i - 1]) = 0.3227025296189561
15744/16384
mean(sgnprob[1:i - 1]) = 0.32465222638633046
15872/16384
mean(sgnprob[1:i - 1]) = 0.31686724213975176
16000/16384
mean(sgnprob[1:i - 1]) = 0.3188324270266892
16128/16384
mean(sgnprob[1:i - 1]) = 0.320394369690581
16256/16384
mean(sgnprob[1:i - 1]) = 0.3223008305136881
16384/16384
mean(sgnprob[1:i - 1]) = 0.32307880119636206
812.250305 seconds (167.11 M allocations: 70.745 GiB, 1.94% gc time, 1.22% compilation time)
