## SLURM PROLOG ###############################################################
##    Job ID : 8822289
##  Job Name : sbatch_etgent.sh
##  Nodelist : node1736
##      CPUs : 8
##  Mem/Node : 4096 MB
## Directory : /oscar/home/trazzaz/AFQMC
##   Job Started : Thu Feb 27 06:50:52 PM EST 2025
###############################################################################
seed = 1284
U = 2.0
β = 6.0
Warming up
128/1024
256/1024
384/1024
512/1024
640/1024
768/1024
896/1024
1024/1024
Measuring
128/16384
mean(sgnprob[1:i - 1]) = 0.1968503937007874
256/16384
mean(sgnprob[1:i - 1]) = 0.21568627450980393
384/16384
mean(sgnprob[1:i - 1]) = 0.16971279373368145
512/16384
mean(sgnprob[1:i - 1]) = 0.05675146771037182
640/16384
mean(sgnprob[1:i - 1]) = 0.07355242566510173
768/16384
mean(sgnprob[1:i - 1]) = 0.01694915254237288
896/16384
mean(sgnprob[1:i - 1]) = 0.030167597765363128
1024/16384
mean(sgnprob[1:i - 1]) = -0.004887585532746823
1152/16384
mean(sgnprob[1:i - 1]) = 0.021720243266724587
1280/16384
mean(sgnprob[1:i - 1]) = -0.007036747458952306
1408/16384
mean(sgnprob[1:i - 1]) = -0.037668798862828715
1536/16384
mean(sgnprob[1:i - 1]) = -0.05667752442996743
1664/16384
mean(sgnprob[1:i - 1]) = -0.0619362597714973
1792/16384
mean(sgnprob[1:i - 1]) = -0.02959240647682859
1920/16384
mean(sgnprob[1:i - 1]) = -0.04637832204273059
2048/16384
mean(sgnprob[1:i - 1]) = -0.06497313141182218
2176/16384
mean(sgnprob[1:i - 1]) = -0.0703448275862069
2304/16384
mean(sgnprob[1:i - 1]) = -0.062092922275293096
2432/16384
mean(sgnprob[1:i - 1]) = -0.06540518305224187
2560/16384
mean(sgnprob[1:i - 1]) = -0.056662758890191484
2688/16384
mean(sgnprob[1:i - 1]) = -0.06438407145515444
2816/16384
mean(sgnprob[1:i - 1]) = -0.05079928952042629
2944/16384
mean(sgnprob[1:i - 1]) = -0.055385660890248045
3072/16384
mean(sgnprob[1:i - 1]) = -0.04395962227287528
3200/16384
mean(sgnprob[1:i - 1]) = -0.045326664582682086
3328/16384
mean(sgnprob[1:i - 1]) = -0.03576795912233243
3456/16384
mean(sgnprob[1:i - 1]) = -0.024602026049204053
3584/16384
mean(sgnprob[1:i - 1]) = -0.012559307842590009
3712/16384
mean(sgnprob[1:i - 1]) = -0.0035030988951765024
3840/16384
mean(sgnprob[1:i - 1]) = 0.006512112529304506
3968/16384
mean(sgnprob[1:i - 1]) = 0.01487269977312831
4096/16384
mean(sgnprob[1:i - 1]) = 0.010500610500610501
4224/16384
mean(sgnprob[1:i - 1]) = 0.016812692398768647
4352/16384
mean(sgnprob[1:i - 1]) = 0.021374396690415996
4480/16384
mean(sgnprob[1:i - 1]) = 0.012726054922973878
4608/16384
mean(sgnprob[1:i - 1]) = 0.008031256783156067
4736/16384
mean(sgnprob[1:i - 1]) = 0.0019007391763463568
4864/16384
mean(sgnprob[1:i - 1]) = 0.008842278428953321
4992/16384
mean(sgnprob[1:i - 1]) = 0.009016229212582648
5120/16384
mean(sgnprob[1:i - 1]) = 0.0009767532721234617
5248/16384
mean(sgnprob[1:i - 1]) = 0.007813988946064417
5376/16384
mean(sgnprob[1:i - 1]) = 0.01172093023255814
5504/16384
mean(sgnprob[1:i - 1]) = 0.005269852807559513
5632/16384
mean(sgnprob[1:i - 1]) = 0.00941218256082401
5760/16384
mean(sgnprob[1:i - 1]) = 0.01580135440180587
5888/16384
mean(sgnprob[1:i - 1]) = 0.01070154577883472
6016/16384
mean(sgnprob[1:i - 1]) = 0.005818786367414797
6144/16384
mean(sgnprob[1:i - 1]) = 0.011883444571056487
6272/16384
mean(sgnprob[1:i - 1]) = 0.006856960612342529
6400/16384
mean(sgnprob[1:i - 1]) = 0.0010939209251445538
6528/16384
mean(sgnprob[1:i - 1]) = 0.0029109851386548186
6656/16384
mean(sgnprob[1:i - 1]) = 0.006461307287753569
6784/16384
mean(sgnprob[1:i - 1]) = 0.003390830016217013
6912/16384
mean(sgnprob[1:i - 1]) = 0.004485602662422226
7040/16384
mean(sgnprob[1:i - 1]) = 0.008097741156414264
7168/16384
mean(sgnprob[1:i - 1]) = 0.011580856704339334
7296/16384
mean(sgnprob[1:i - 1]) = 0.0069910897875257024
7424/16384
mean(sgnprob[1:i - 1]) = 0.002290179172841169
7552/16384
mean(sgnprob[1:i - 1]) = 0.004900013243279036
7680/16384
mean(sgnprob[1:i - 1]) = 0.002213829925771585
7808/16384
mean(sgnprob[1:i - 1]) = 0.00627641859869348
7936/16384
mean(sgnprob[1:i - 1]) = 0.01121613106490233
8064/16384
mean(sgnprob[1:i - 1]) = 0.01525486791516805
8192/16384
mean(sgnprob[1:i - 1]) = 0.014772311073129044
8320/16384
mean(sgnprob[1:i - 1]) = 0.0186320471210482
8448/16384
mean(sgnprob[1:i - 1]) = 0.022848348526103943
8576/16384
mean(sgnprob[1:i - 1]) = 0.024373177842565596
8704/16384
mean(sgnprob[1:i - 1]) = 0.016890727335401586
8832/16384
mean(sgnprob[1:i - 1]) = 0.014607632204733326
8960/16384
mean(sgnprob[1:i - 1]) = 0.018863712467909365
9088/16384
mean(sgnprob[1:i - 1]) = 0.019698470342247167
9216/16384
mean(sgnprob[1:i - 1]) = 0.0213781877373847
9344/16384
mean(sgnprob[1:i - 1]) = 0.02600877662421064
9472/16384
mean(sgnprob[1:i - 1]) = 0.026713124274099883
9600/16384
mean(sgnprob[1:i - 1]) = 0.030524012918012294
9728/16384
mean(sgnprob[1:i - 1]) = 0.028066207463760665
9856/16384
mean(sgnprob[1:i - 1]) = 0.03115169964485033
9984/16384
mean(sgnprob[1:i - 1]) = 0.03355704697986577
10112/16384
mean(sgnprob[1:i - 1]) = 0.03431905845119177
10240/16384
mean(sgnprob[1:i - 1]) = 0.030960054692841098
10368/16384
mean(sgnprob[1:i - 1]) = 0.03424327192051702
10496/16384
mean(sgnprob[1:i - 1]) = 0.03077656026679371
10624/16384
mean(sgnprob[1:i - 1]) = 0.028146474630518687
10752/16384
mean(sgnprob[1:i - 1]) = 0.025206957492326296
10880/16384
mean(sgnprob[1:i - 1]) = 0.026932622483684162
11008/16384
mean(sgnprob[1:i - 1]) = 0.02789134187335332
11136/16384
mean(sgnprob[1:i - 1]) = 0.02397844634036821
11264/16384
mean(sgnprob[1:i - 1]) = 0.02175264139216905
11392/16384
mean(sgnprob[1:i - 1]) = 0.02414186638574313
11520/16384
mean(sgnprob[1:i - 1]) = 0.026477992881326504
11648/16384
mean(sgnprob[1:i - 1]) = 0.02893448956812913
11776/16384
mean(sgnprob[1:i - 1]) = 0.029978768577494694
11904/16384
mean(sgnprob[1:i - 1]) = 0.03200873729311938
12032/16384
mean(sgnprob[1:i - 1]) = 0.030338292743745325
12160/16384
mean(sgnprob[1:i - 1]) = 0.032979685829426765
12288/16384
mean(sgnprob[1:i - 1]) = 0.031171156506877188
12416/16384
mean(sgnprob[1:i - 1]) = 0.0297221103503826
12544/16384
mean(sgnprob[1:i - 1]) = 0.027186478513912142
12672/16384
mean(sgnprob[1:i - 1]) = 0.024544234867019177
12800/16384
mean(sgnprob[1:i - 1]) = 0.0264864442534573
12928/16384
mean(sgnprob[1:i - 1]) = 0.027616616384311905
13056/16384
mean(sgnprob[1:i - 1]) = 0.02520107238605898
13184/16384
mean(sgnprob[1:i - 1]) = 0.027232041265265874
13312/16384
mean(sgnprob[1:i - 1]) = 0.029674705131094582
13440/16384
mean(sgnprob[1:i - 1]) = 0.030880273829898056
13568/16384
mean(sgnprob[1:i - 1]) = 0.028082848087270584
13696/16384
mean(sgnprob[1:i - 1]) = 0.030010952902519168
13824/16384
mean(sgnprob[1:i - 1]) = 0.03146929031324604
13952/16384
mean(sgnprob[1:i - 1]) = 0.028170023654218335
14080/16384
mean(sgnprob[1:i - 1]) = 0.026493358903331203
14208/16384
mean(sgnprob[1:i - 1]) = 0.025410009150418807
14336/16384
mean(sgnprob[1:i - 1]) = 0.027694454133240322
14464/16384
mean(sgnprob[1:i - 1]) = 0.029938463665906107
14592/16384
mean(sgnprob[1:i - 1]) = 0.03186896031800425
14720/16384
mean(sgnprob[1:i - 1]) = 0.03390175963040967
14848/16384
mean(sgnprob[1:i - 1]) = 0.02983767764531555
14976/16384
mean(sgnprob[1:i - 1]) = 0.029849749582637728
15104/16384
mean(sgnprob[1:i - 1]) = 0.027610408528107
15232/16384
mean(sgnprob[1:i - 1]) = 0.028822795614207867
15360/16384
mean(sgnprob[1:i - 1]) = 0.03040562536623478
15488/16384
mean(sgnprob[1:i - 1]) = 0.031704009814683284
15616/16384
mean(sgnprob[1:i - 1]) = 0.03272494396413705
15744/16384
mean(sgnprob[1:i - 1]) = 0.03360223591437464
15872/16384
mean(sgnprob[1:i - 1]) = 0.03610358515531473
16000/16384
mean(sgnprob[1:i - 1]) = 0.03418963685230327
16128/16384
mean(sgnprob[1:i - 1]) = 0.03478638308426862
16256/16384
mean(sgnprob[1:i - 1]) = 0.032420793601968624
16384/16384
mean(sgnprob[1:i - 1]) = 0.034242812671671854
734.980512 seconds (167.11 M allocations: 70.745 GiB, 1.67% gc time, 1.26% compilation time)
