## SLURM PROLOG ###############################################################
##    Job ID : 8833807
##  Job Name : sbatch_etgent.sh
##  Nodelist : node1741
##      CPUs : 8
##  Mem/Node : 4096 MB
## Directory : /oscar/home/trazzaz/AFQMC
##   Job Started : Thu Feb 27 10:52:40 PM EST 2025
###############################################################################
seed = 1361
U = 2.0
β = 6.0
Warming up
128/1024
256/1024
384/1024
512/1024
640/1024
768/1024
896/1024
1024/1024
Measuring
128/16384
mean(sgnprob[1:i - 1]) = -0.16535433070866143
256/16384
mean(sgnprob[1:i - 1]) = 0.0196078431372549
384/16384
mean(sgnprob[1:i - 1]) = 0.09660574412532637
512/16384
mean(sgnprob[1:i - 1]) = 0.0019569471624266144
640/16384
mean(sgnprob[1:i - 1]) = 0.04225352112676056
768/16384
mean(sgnprob[1:i - 1]) = -0.00651890482398957
896/16384
mean(sgnprob[1:i - 1]) = -0.01005586592178771
1024/16384
mean(sgnprob[1:i - 1]) = 0.020527859237536656
1152/16384
mean(sgnprob[1:i - 1]) = 0.04778453518679409
1280/16384
mean(sgnprob[1:i - 1]) = 0.06958561376075059
1408/16384
mean(sgnprob[1:i - 1]) = 0.08884150675195451
1536/16384
mean(sgnprob[1:i - 1]) = 0.09576547231270359
1664/16384
mean(sgnprob[1:i - 1]) = 0.10282621767889356
1792/16384
mean(sgnprob[1:i - 1]) = 0.10776102735901731
1920/16384
mean(sgnprob[1:i - 1]) = 0.11203751954142782
2048/16384
mean(sgnprob[1:i - 1]) = 0.11284807034684904
2176/16384
mean(sgnprob[1:i - 1]) = 0.10988505747126437
2304/16384
mean(sgnprob[1:i - 1]) = 0.08554059921841077
2432/16384
mean(sgnprob[1:i - 1]) = 0.08515014397367339
2560/16384
mean(sgnprob[1:i - 1]) = 0.07542008597108245
2688/16384
mean(sgnprob[1:i - 1]) = 0.08001488649050986
2816/16384
mean(sgnprob[1:i - 1]) = 0.06927175843694494
2944/16384
mean(sgnprob[1:i - 1]) = 0.07509344206591913
3072/16384
mean(sgnprob[1:i - 1]) = 0.06545099316183653
3200/16384
mean(sgnprob[1:i - 1]) = 0.06908408877774304
3328/16384
mean(sgnprob[1:i - 1]) = 0.07604448452058912
3456/16384
mean(sgnprob[1:i - 1]) = 0.08191027496382056
3584/16384
mean(sgnprob[1:i - 1]) = 0.08791515489813005
3712/16384
mean(sgnprob[1:i - 1]) = 0.09404473187819995
3840/16384
mean(sgnprob[1:i - 1]) = 0.09663974993487888
3968/16384
mean(sgnprob[1:i - 1]) = 0.08646332240988153
4096/16384
mean(sgnprob[1:i - 1]) = 0.08913308913308914
4224/16384
mean(sgnprob[1:i - 1]) = 0.0954297892493488
4352/16384
mean(sgnprob[1:i - 1]) = 0.09997701677775224
4480/16384
mean(sgnprob[1:i - 1]) = 0.10203170350524671
4608/16384
mean(sgnprob[1:i - 1]) = 0.10353809420447145
4736/16384
mean(sgnprob[1:i - 1]) = 0.09736008447729673
4864/16384
mean(sgnprob[1:i - 1]) = 0.08862841867160189
4992/16384
mean(sgnprob[1:i - 1]) = 0.091164095371669
5120/16384
mean(sgnprob[1:i - 1]) = 0.093963664778277
5248/16384
mean(sgnprob[1:i - 1]) = 0.08747855917667238
5376/16384
mean(sgnprob[1:i - 1]) = 0.09097674418604651
5504/16384
mean(sgnprob[1:i - 1]) = 0.08159185898600763
5632/16384
mean(sgnprob[1:i - 1]) = 0.08151305274374002
5760/16384
mean(sgnprob[1:i - 1]) = 0.0842160097239104
5888/16384
mean(sgnprob[1:i - 1]) = 0.08748089009682351
6016/16384
mean(sgnprob[1:i - 1]) = 0.07963424771404821
6144/16384
mean(sgnprob[1:i - 1]) = 0.0815562428780726
6272/16384
mean(sgnprob[1:i - 1]) = 0.08403763355126774
6400/16384
mean(sgnprob[1:i - 1]) = 0.08798249726519769
6528/16384
mean(sgnprob[1:i - 1]) = 0.08227363260303355
6656/16384
mean(sgnprob[1:i - 1]) = 0.08159278737791134
6784/16384
mean(sgnprob[1:i - 1]) = 0.08536045997346307
6912/16384
mean(sgnprob[1:i - 1]) = 0.08175372594414701
7040/16384
mean(sgnprob[1:i - 1]) = 0.0831083960789885
7168/16384
mean(sgnprob[1:i - 1]) = 0.08162411050648807
7296/16384
mean(sgnprob[1:i - 1]) = 0.08649760109664154
7424/16384
mean(sgnprob[1:i - 1]) = 0.08312003233194126
7552/16384
mean(sgnprob[1:i - 1]) = 0.07641372003708118
7680/16384
mean(sgnprob[1:i - 1]) = 0.0730563875504623
7808/16384
mean(sgnprob[1:i - 1]) = 0.07339567055206865
7936/16384
mean(sgnprob[1:i - 1]) = 0.06918714555765595
8064/16384
mean(sgnprob[1:i - 1]) = 0.07280168671710281
8192/16384
mean(sgnprob[1:i - 1]) = 0.07483823708948846
8320/16384
mean(sgnprob[1:i - 1]) = 0.06959971150378651
8448/16384
mean(sgnprob[1:i - 1]) = 0.06309932520421452
8576/16384
mean(sgnprob[1:i - 1]) = 0.05795918367346939
8704/16384
mean(sgnprob[1:i - 1]) = 0.06009422038377571
8832/16384
mean(sgnprob[1:i - 1]) = 0.05673196693466199
8960/16384
mean(sgnprob[1:i - 1]) = 0.05993972541578301
9088/16384
mean(sgnprob[1:i - 1]) = 0.06085616815230549
9216/16384
mean(sgnprob[1:i - 1]) = 0.06326641345632121
9344/16384
mean(sgnprob[1:i - 1]) = 0.059188697420528735
9472/16384
mean(sgnprob[1:i - 1]) = 0.05733291099144758
9600/16384
mean(sgnprob[1:i - 1]) = 0.058443587873736845
9728/16384
mean(sgnprob[1:i - 1]) = 0.05952503341215174
9856/16384
mean(sgnprob[1:i - 1]) = 0.059766615930999495
9984/16384
mean(sgnprob[1:i - 1]) = 0.060202343984774115
10112/16384
mean(sgnprob[1:i - 1]) = 0.06201167045791712
10240/16384
mean(sgnprob[1:i - 1]) = 0.06377575935149916
10368/16384
mean(sgnprob[1:i - 1]) = 0.06568920613485096
10496/16384
mean(sgnprob[1:i - 1]) = 0.06774654597427346
10624/16384
mean(sgnprob[1:i - 1]) = 0.0678715993598795
10752/16384
mean(sgnprob[1:i - 1]) = 0.06929587945307414
10880/16384
mean(sgnprob[1:i - 1]) = 0.06535527162423017
11008/16384
mean(sgnprob[1:i - 1]) = 0.06168801671663487
11136/16384
mean(sgnprob[1:i - 1]) = 0.0629546475078581
11264/16384
mean(sgnprob[1:i - 1]) = 0.06259433543460889
11392/16384
mean(sgnprob[1:i - 1]) = 0.06417347028355719
11520/16384
mean(sgnprob[1:i - 1]) = 0.06276586509245594
11648/16384
mean(sgnprob[1:i - 1]) = 0.06482355971494806
11776/16384
mean(sgnprob[1:i - 1]) = 0.06700636942675159
11904/16384
mean(sgnprob[1:i - 1]) = 0.06863815844745022
12032/16384
mean(sgnprob[1:i - 1]) = 0.07156512343113623
12160/16384
mean(sgnprob[1:i - 1]) = 0.06867341064232256
12288/16384
mean(sgnprob[1:i - 1]) = 0.07039960934320827
12416/16384
mean(sgnprob[1:i - 1]) = 0.07176802255336287
12544/16384
mean(sgnprob[1:i - 1]) = 0.07326795822371043
12672/16384
mean(sgnprob[1:i - 1]) = 0.07489543051061479
12800/16384
mean(sgnprob[1:i - 1]) = 0.07133369794515196
12928/16384
mean(sgnprob[1:i - 1]) = 0.06923493463293881
13056/16384
mean(sgnprob[1:i - 1]) = 0.06962849482956722
13184/16384
mean(sgnprob[1:i - 1]) = 0.0674353333839035
13312/16384
mean(sgnprob[1:i - 1]) = 0.06438284125910901
13440/16384
mean(sgnprob[1:i - 1]) = 0.06570429347421683
13568/16384
mean(sgnprob[1:i - 1]) = 0.0650843959607872
13696/16384
mean(sgnprob[1:i - 1]) = 0.06213946695874407
13824/16384
mean(sgnprob[1:i - 1]) = 0.06141937350792158
13952/16384
mean(sgnprob[1:i - 1]) = 0.062432800516092034
14080/16384
mean(sgnprob[1:i - 1]) = 0.06300163363875275
14208/16384
mean(sgnprob[1:i - 1]) = 0.06032237629337651
14336/16384
mean(sgnprob[1:i - 1]) = 0.06048133937914196
14464/16384
mean(sgnprob[1:i - 1]) = 0.058701514208670404
14592/16384
mean(sgnprob[1:i - 1]) = 0.0569529161812076
14720/16384
mean(sgnprob[1:i - 1]) = 0.0580881853386779
14848/16384
mean(sgnprob[1:i - 1]) = 0.05920387957163063
14976/16384
mean(sgnprob[1:i - 1]) = 0.05642737896494157
15104/16384
mean(sgnprob[1:i - 1]) = 0.05436006091504999
15232/16384
mean(sgnprob[1:i - 1]) = 0.05245880112927582
15360/16384
mean(sgnprob[1:i - 1]) = 0.05176118236864379
15488/16384
mean(sgnprob[1:i - 1]) = 0.049783689546070896
15616/16384
mean(sgnprob[1:i - 1]) = 0.048222862632084536
15744/16384
mean(sgnprob[1:i - 1]) = 0.046052213682271484
15872/16384
mean(sgnprob[1:i - 1]) = 0.0473190095142083
16000/16384
mean(sgnprob[1:i - 1]) = 0.048690543158947434
16128/16384
mean(sgnprob[1:i - 1]) = 0.05016432070440876
16256/16384
mean(sgnprob[1:i - 1]) = 0.05223008305136881
16384/16384
mean(sgnprob[1:i - 1]) = 0.053531099310260635
738.479036 seconds (167.11 M allocations: 70.745 GiB, 1.36% gc time, 1.24% compilation time)
