## SLURM PROLOG ###############################################################
##    Job ID : 8822280
##  Job Name : sbatch_etgent.sh
##  Nodelist : node1733
##      CPUs : 8
##  Mem/Node : 4096 MB
## Directory : /oscar/home/trazzaz/AFQMC
##   Job Started : Thu Feb 27 06:37:00 PM EST 2025
###############################################################################
seed = 1275
U = 2.0
β = 6.0
Warming up
128/1024
256/1024
384/1024
512/1024
640/1024
768/1024
896/1024
1024/1024
Measuring
128/16384
mean(sgnprob[1:i - 1]) = -0.6062992125984252
256/16384
mean(sgnprob[1:i - 1]) = -0.043137254901960784
384/16384
mean(sgnprob[1:i - 1]) = 0.17493472584856398
512/16384
mean(sgnprob[1:i - 1]) = 0.033268101761252444
640/16384
mean(sgnprob[1:i - 1]) = -0.08294209702660407
768/16384
mean(sgnprob[1:i - 1]) = 0.027379400260756193
896/16384
mean(sgnprob[1:i - 1]) = 0.09944134078212291
1024/16384
mean(sgnprob[1:i - 1]) = 0.024437927663734114
1152/16384
mean(sgnprob[1:i - 1]) = -0.04083405734144222
1280/16384
mean(sgnprob[1:i - 1]) = -0.09304143862392494
1408/16384
mean(sgnprob[1:i - 1]) = -0.030561478322672354
1536/16384
mean(sgnprob[1:i - 1]) = 0.01498371335504886
1664/16384
mean(sgnprob[1:i - 1]) = 0.05592303066746843
1792/16384
mean(sgnprob[1:i - 1]) = 0.011725293132328308
1920/16384
mean(sgnprob[1:i - 1]) = 0.0484627410109432
2048/16384
mean(sgnprob[1:i - 1]) = 0.012212994626282364
2176/16384
mean(sgnprob[1:i - 1]) = 0.029885057471264367
2304/16384
mean(sgnprob[1:i - 1]) = 0.061224489795918366
2432/16384
mean(sgnprob[1:i - 1]) = 0.08844097079391197
2560/16384
mean(sgnprob[1:i - 1]) = 0.11137162954279015
2688/16384
mean(sgnprob[1:i - 1]) = 0.08373650911797544
2816/16384
mean(sgnprob[1:i - 1]) = 0.05079928952042629
2944/16384
mean(sgnprob[1:i - 1]) = 0.021406727828746176
3072/16384
mean(sgnprob[1:i - 1]) = -0.0009768804949527841
3200/16384
mean(sgnprob[1:i - 1]) = 0.017818068146295718
3328/16384
mean(sgnprob[1:i - 1]) = 0.03396453261196273
3456/16384
mean(sgnprob[1:i - 1]) = 0.015918958031837915
3584/16384
mean(sgnprob[1:i - 1]) = 0.039352497906782025
3712/16384
mean(sgnprob[1:i - 1]) = 0.05578011317704123
3840/16384
mean(sgnprob[1:i - 1]) = 0.07423808283407138
3968/16384
mean(sgnprob[1:i - 1]) = 0.08495084446685153
4096/16384
mean(sgnprob[1:i - 1]) = 0.09694749694749695
4224/16384
mean(sgnprob[1:i - 1]) = 0.11058489225668956
4352/16384
mean(sgnprob[1:i - 1]) = 0.122040910135601
4480/16384
mean(sgnprob[1:i - 1]) = 0.10560392944853762
4608/16384
mean(sgnprob[1:i - 1]) = 0.11960060777078359
4736/16384
mean(sgnprob[1:i - 1]) = 0.1324181626187962
4864/16384
mean(sgnprob[1:i - 1]) = 0.14044828295290973
4992/16384
mean(sgnprob[1:i - 1]) = 0.12602684832698857
5120/16384
mean(sgnprob[1:i - 1]) = 0.10763821058800548
5248/16384
mean(sgnprob[1:i - 1]) = 0.11759100438345721
5376/16384
mean(sgnprob[1:i - 1]) = 0.1278139534883721
5504/16384
mean(sgnprob[1:i - 1]) = 0.13574413956023987
5632/16384
mean(sgnprob[1:i - 1]) = 0.14224826851358552
5760/16384
mean(sgnprob[1:i - 1]) = 0.15124153498871332
5888/16384
mean(sgnprob[1:i - 1]) = 0.1588245286223883
6016/16384
mean(sgnprob[1:i - 1]) = 0.16242726517040731
6144/16384
mean(sgnprob[1:i - 1]) = 0.1697867491453687
6272/16384
mean(sgnprob[1:i - 1]) = 0.15675330888215597
6400/16384
mean(sgnprob[1:i - 1]) = 0.16518205969682762
6528/16384
mean(sgnprob[1:i - 1]) = 0.17082886471579592
6656/16384
mean(sgnprob[1:i - 1]) = 0.17926371149511644
6784/16384
mean(sgnprob[1:i - 1]) = 0.18796992481203006
6912/16384
mean(sgnprob[1:i - 1]) = 0.1949066705252496
7040/16384
mean(sgnprob[1:i - 1]) = 0.1987498224179571
7168/16384
mean(sgnprob[1:i - 1]) = 0.18710757639179573
7296/16384
mean(sgnprob[1:i - 1]) = 0.19451679232350924
7424/16384
mean(sgnprob[1:i - 1]) = 0.2019399164758184
7552/16384
mean(sgnprob[1:i - 1]) = 0.2077870480731029
7680/16384
mean(sgnprob[1:i - 1]) = 0.21291834874332596
7808/16384
mean(sgnprob[1:i - 1]) = 0.21788138849750224
7936/16384
mean(sgnprob[1:i - 1]) = 0.22394454946439823
8064/16384
mean(sgnprob[1:i - 1]) = 0.22659059903261813
8192/16384
mean(sgnprob[1:i - 1]) = 0.2293981198876816
8320/16384
mean(sgnprob[1:i - 1]) = 0.235244620747686
8448/16384
mean(sgnprob[1:i - 1]) = 0.23973008168580562
8576/16384
mean(sgnprob[1:i - 1]) = 0.24571428571428572
8704/16384
mean(sgnprob[1:i - 1]) = 0.2512926577042399
8832/16384
mean(sgnprob[1:i - 1]) = 0.24017665043596423
8960/16384
mean(sgnprob[1:i - 1]) = 0.2443353052796071
9088/16384
mean(sgnprob[1:i - 1]) = 0.23341036645757676
9216/16384
mean(sgnprob[1:i - 1]) = 0.22409115572436245
9344/16384
mean(sgnprob[1:i - 1]) = 0.22851332548431982
9472/16384
mean(sgnprob[1:i - 1]) = 0.23133776792313376
9600/16384
mean(sgnprob[1:i - 1]) = 0.23367017397645587
9728/16384
mean(sgnprob[1:i - 1]) = 0.22175388094993317
9856/16384
mean(sgnprob[1:i - 1]) = 0.21258244545915778
9984/16384
mean(sgnprob[1:i - 1]) = 0.21586697385555445
10112/16384
mean(sgnprob[1:i - 1]) = 0.21926614578182177
10240/16384
mean(sgnprob[1:i - 1]) = 0.22258033011036235
10368/16384
mean(sgnprob[1:i - 1]) = 0.2138516446416514
10496/16384
mean(sgnprob[1:i - 1]) = 0.21715102429728442
10624/16384
mean(sgnprob[1:i - 1]) = 0.21999435187800057
10752/16384
mean(sgnprob[1:i - 1]) = 0.22202585805971536
10880/16384
mean(sgnprob[1:i - 1]) = 0.22474492140821767
11008/16384
mean(sgnprob[1:i - 1]) = 0.22758244753338785
11136/16384
mean(sgnprob[1:i - 1]) = 0.22999550965424337
11264/16384
mean(sgnprob[1:i - 1]) = 0.2334191600816834
11392/16384
mean(sgnprob[1:i - 1]) = 0.22429988587481345
11520/16384
mean(sgnprob[1:i - 1]) = 0.2285788696935498
11648/16384
mean(sgnprob[1:i - 1]) = 0.23190521164248304
11776/16384
mean(sgnprob[1:i - 1]) = 0.23464968152866242
11904/16384
mean(sgnprob[1:i - 1]) = 0.23767117533394944
12032/16384
mean(sgnprob[1:i - 1]) = 0.24129332557559638
12160/16384
mean(sgnprob[1:i - 1]) = 0.23381857060613537
12288/16384
mean(sgnprob[1:i - 1]) = 0.23642874582892487
12416/16384
mean(sgnprob[1:i - 1]) = 0.24043495771244464
12544/16384
mean(sgnprob[1:i - 1]) = 0.23383560551702146
12672/16384
mean(sgnprob[1:i - 1]) = 0.2366821876726383
12800/16384
mean(sgnprob[1:i - 1]) = 0.23931557152902572
12928/16384
mean(sgnprob[1:i - 1]) = 0.23292333874835616
13056/16384
mean(sgnprob[1:i - 1]) = 0.23554193795480657
13184/16384
mean(sgnprob[1:i - 1]) = 0.2385648183266328
13312/16384
mean(sgnprob[1:i - 1]) = 0.2313124483509879
13440/16384
mean(sgnprob[1:i - 1]) = 0.22494233201875138
13568/16384
mean(sgnprob[1:i - 1]) = 0.22812707304488833
13696/16384
mean(sgnprob[1:i - 1]) = 0.23139832055494705
13824/16384
mean(sgnprob[1:i - 1]) = 0.23533241698618246
13952/16384
mean(sgnprob[1:i - 1]) = 0.23790409289656655
14080/16384
mean(sgnprob[1:i - 1]) = 0.238724341217416
14208/16384
mean(sgnprob[1:i - 1]) = 0.2323502498768213
14336/16384
mean(sgnprob[1:i - 1]) = 0.23515870247645623
14464/16384
mean(sgnprob[1:i - 1]) = 0.2370877411325451
14592/16384
mean(sgnprob[1:i - 1]) = 0.23966828867109863
14720/16384
mean(sgnprob[1:i - 1]) = 0.2422039540729669
14848/16384
mean(sgnprob[1:i - 1]) = 0.2438876540715296
14976/16384
mean(sgnprob[1:i - 1]) = 0.2459432387312187
15104/16384
mean(sgnprob[1:i - 1]) = 0.2492882208832682
15232/16384
mean(sgnprob[1:i - 1]) = 0.24456700151007812
15360/16384
mean(sgnprob[1:i - 1]) = 0.24708639885409206
15488/16384
mean(sgnprob[1:i - 1]) = 0.24982243171692387
15616/16384
mean(sgnprob[1:i - 1]) = 0.2513608709574127
15744/16384
mean(sgnprob[1:i - 1]) = 0.25312837451565773
15872/16384
mean(sgnprob[1:i - 1]) = 0.2466763278936425
16000/16384
mean(sgnprob[1:i - 1]) = 0.24895305956622288
16128/16384
mean(sgnprob[1:i - 1]) = 0.2520617597817325
16256/16384
mean(sgnprob[1:i - 1]) = 0.2542602276222701
16384/16384
mean(sgnprob[1:i - 1]) = 0.2558139534883721
740.093576 seconds (167.11 M allocations: 70.745 GiB, 1.79% gc time, 1.30% compilation time)
