## SLURM PROLOG ###############################################################
##    Job ID : 8822298
##  Job Name : sbatch_etgent.sh
##  Nodelist : node1328
##      CPUs : 8
##  Mem/Node : 4096 MB
## Directory : /oscar/home/trazzaz/AFQMC
##   Job Started : Thu Feb 27 07:04:34 PM EST 2025
###############################################################################
seed = 1293
U = 2.0
β = 6.0
Warming up
128/1024
256/1024
384/1024
512/1024
640/1024
768/1024
896/1024
1024/1024
Measuring
128/16384
mean(sgnprob[1:i - 1]) = 0.5590551181102362
256/16384
mean(sgnprob[1:i - 1]) = 0.5294117647058824
384/16384
mean(sgnprob[1:i - 1]) = 0.5404699738903395
512/16384
mean(sgnprob[1:i - 1]) = 0.49902152641878667
640/16384
mean(sgnprob[1:i - 1]) = 0.49921752738654146
768/16384
mean(sgnprob[1:i - 1]) = 0.5071707953063885
896/16384
mean(sgnprob[1:i - 1]) = 0.3743016759776536
1024/16384
mean(sgnprob[1:i - 1]) = 0.3978494623655914
1152/16384
mean(sgnprob[1:i - 1]) = 0.40399652476107734
1280/16384
mean(sgnprob[1:i - 1]) = 0.30258014073494915
1408/16384
mean(sgnprob[1:i - 1]) = 0.3248045486851457
1536/16384
mean(sgnprob[1:i - 1]) = 0.34071661237785017
1664/16384
mean(sgnprob[1:i - 1]) = 0.35898977751052313
1792/16384
mean(sgnprob[1:i - 1]) = 0.36795086543830263
1920/16384
mean(sgnprob[1:i - 1]) = 0.31422615945805105
2048/16384
mean(sgnprob[1:i - 1]) = 0.3326819736199316
2176/16384
mean(sgnprob[1:i - 1]) = 0.34620689655172415
2304/16384
mean(sgnprob[1:i - 1]) = 0.29396439426834564
2432/16384
mean(sgnprob[1:i - 1]) = 0.3039901275195393
2560/16384
mean(sgnprob[1:i - 1]) = 0.3130128956623681
2688/16384
mean(sgnprob[1:i - 1]) = 0.3286192780052103
2816/16384
mean(sgnprob[1:i - 1]) = 0.33570159857904086
2944/16384
mean(sgnprob[1:i - 1]) = 0.34692490655793407
3072/16384
mean(sgnprob[1:i - 1]) = 0.35591012699446434
3200/16384
mean(sgnprob[1:i - 1]) = 0.3185370428258831
3328/16384
mean(sgnprob[1:i - 1]) = 0.2882476705740908
3456/16384
mean(sgnprob[1:i - 1]) = 0.3007235890014472
3584/16384
mean(sgnprob[1:i - 1]) = 0.30672620708903153
3712/16384
mean(sgnprob[1:i - 1]) = 0.3150094314201024
3840/16384
mean(sgnprob[1:i - 1]) = 0.3232612659546757
3968/16384
mean(sgnprob[1:i - 1]) = 0.33047643055205445
4096/16384
mean(sgnprob[1:i - 1]) = 0.3343101343101343
4224/16384
mean(sgnprob[1:i - 1]) = 0.3355434525219039
4352/16384
mean(sgnprob[1:i - 1]) = 0.3380831992645369
4480/16384
mean(sgnprob[1:i - 1]) = 0.34583612413485154
4608/16384
mean(sgnprob[1:i - 1]) = 0.317126112437595
4736/16384
mean(sgnprob[1:i - 1]) = 0.3224920802534319
4864/16384
mean(sgnprob[1:i - 1]) = 0.2950853382685585
4992/16384
mean(sgnprob[1:i - 1]) = 0.3011420557002605
5120/16384
mean(sgnprob[1:i - 1]) = 0.30884938464543854
5248/16384
mean(sgnprob[1:i - 1]) = 0.3154183342862588
5376/16384
mean(sgnprob[1:i - 1]) = 0.3201860465116279
5504/16384
mean(sgnprob[1:i - 1]) = 0.32509540250772306
5632/16384
mean(sgnprob[1:i - 1]) = 0.33226780323210797
5760/16384
mean(sgnprob[1:i - 1]) = 0.3366903976384789
5888/16384
mean(sgnprob[1:i - 1]) = 0.3395617462204858
6016/16384
mean(sgnprob[1:i - 1]) = 0.34064837905236905
6144/16384
mean(sgnprob[1:i - 1]) = 0.3257366107764936
6272/16384
mean(sgnprob[1:i - 1]) = 0.3296125019933025
6400/16384
mean(sgnprob[1:i - 1]) = 0.3145804031879981
6528/16384
mean(sgnprob[1:i - 1]) = 0.2976865328634901
6656/16384
mean(sgnprob[1:i - 1]) = 0.30368144252441776
6784/16384
mean(sgnprob[1:i - 1]) = 0.28468229397021966
6912/16384
mean(sgnprob[1:i - 1]) = 0.2889596295760382
7040/16384
mean(sgnprob[1:i - 1]) = 0.29563858502628215
7168/16384
mean(sgnprob[1:i - 1]) = 0.2822659411190177
7296/16384
mean(sgnprob[1:i - 1]) = 0.26662097326936257
7424/16384
mean(sgnprob[1:i - 1]) = 0.2534015896537788
7552/16384
mean(sgnprob[1:i - 1]) = 0.2567871805058933
7680/16384
mean(sgnprob[1:i - 1]) = 0.24469331944263575
7808/16384
mean(sgnprob[1:i - 1]) = 0.23222748815165878
7936/16384
mean(sgnprob[1:i - 1]) = 0.23906742281033397
8064/16384
mean(sgnprob[1:i - 1]) = 0.22733473893091902
8192/16384
mean(sgnprob[1:i - 1]) = 0.23110731290440728
8320/16384
mean(sgnprob[1:i - 1]) = 0.23740834234884
8448/16384
mean(sgnprob[1:i - 1]) = 0.24091393394104416
8576/16384
mean(sgnprob[1:i - 1]) = 0.2454810495626822
8704/16384
mean(sgnprob[1:i - 1]) = 0.23497644490405606
8832/16384
mean(sgnprob[1:i - 1]) = 0.23836485109274147
8960/16384
mean(sgnprob[1:i - 1]) = 0.24344234847639246
9088/16384
mean(sgnprob[1:i - 1]) = 0.24529547705513371
9216/16384
mean(sgnprob[1:i - 1]) = 0.23624525230602278
9344/16384
mean(sgnprob[1:i - 1]) = 0.2402868457668843
9472/16384
mean(sgnprob[1:i - 1]) = 0.24274099883855982
9600/16384
mean(sgnprob[1:i - 1]) = 0.23158662360662569
9728/16384
mean(sgnprob[1:i - 1]) = 0.23491312840546932
9856/16384
mean(sgnprob[1:i - 1]) = 0.23754439370877728
9984/16384
mean(sgnprob[1:i - 1]) = 0.24151056796554143
10112/16384
mean(sgnprob[1:i - 1]) = 0.24557412718821087
10240/16384
mean(sgnprob[1:i - 1]) = 0.24855942963179997
10368/16384
mean(sgnprob[1:i - 1]) = 0.25108517411015724
10496/16384
mean(sgnprob[1:i - 1]) = 0.2535493091948547
10624/16384
mean(sgnprob[1:i - 1]) = 0.2572719570742728
10752/16384
mean(sgnprob[1:i - 1]) = 0.2588596409636313
10880/16384
mean(sgnprob[1:i - 1]) = 0.2609614854306462
11008/16384
mean(sgnprob[1:i - 1]) = 0.26428636322340326
11136/16384
mean(sgnprob[1:i - 1]) = 0.2659182757072295
11264/16384
mean(sgnprob[1:i - 1]) = 0.2694663943887064
11392/16384
mean(sgnprob[1:i - 1]) = 0.27205688701606534
11520/16384
mean(sgnprob[1:i - 1]) = 0.2756315652400382
11648/16384
mean(sgnprob[1:i - 1]) = 0.27895595432300163
11776/16384
mean(sgnprob[1:i - 1]) = 0.2805095541401274
11904/16384
mean(sgnprob[1:i - 1]) = 0.2828698647399815
12032/16384
mean(sgnprob[1:i - 1]) = 0.28650984955531544
12160/16384
mean(sgnprob[1:i - 1]) = 0.2774076815527593
12288/16384
mean(sgnprob[1:i - 1]) = 0.27923821925612435
12416/16384
mean(sgnprob[1:i - 1]) = 0.2815142972211035
12544/16384
mean(sgnprob[1:i - 1]) = 0.2829466634776369
12672/16384
mean(sgnprob[1:i - 1]) = 0.2862441796227606
12800/16384
mean(sgnprob[1:i - 1]) = 0.28853816704430035
12928/16384
mean(sgnprob[1:i - 1]) = 0.290786725458343
13056/16384
mean(sgnprob[1:i - 1]) = 0.2926847950976637
13184/16384
mean(sgnprob[1:i - 1]) = 0.2950011378290222
13312/16384
mean(sgnprob[1:i - 1]) = 0.2885583352114792
13440/16384
mean(sgnprob[1:i - 1]) = 0.2907210357913535
13568/16384
mean(sgnprob[1:i - 1]) = 0.29195842853983933
13696/16384
mean(sgnprob[1:i - 1]) = 0.29302665206279666
13824/16384
mean(sgnprob[1:i - 1]) = 0.29523258337553354
13952/16384
mean(sgnprob[1:i - 1]) = 0.29840154827610926
14080/16384
mean(sgnprob[1:i - 1]) = 0.30009233610341646
14208/16384
mean(sgnprob[1:i - 1]) = 0.3025973111846273
14336/16384
mean(sgnprob[1:i - 1]) = 0.30519707010812697
14464/16384
mean(sgnprob[1:i - 1]) = 0.3074742446242135
14592/16384
mean(sgnprob[1:i - 1]) = 0.29929408539510655
14720/16384
mean(sgnprob[1:i - 1]) = 0.3018547455669543
14848/16384
mean(sgnprob[1:i - 1]) = 0.3020812285310164
14976/16384
mean(sgnprob[1:i - 1]) = 0.30417362270450754
15104/16384
mean(sgnprob[1:i - 1]) = 0.3064953982652453
15232/16384
mean(sgnprob[1:i - 1]) = 0.3083842164007616
15360/16384
mean(sgnprob[1:i - 1]) = 0.3013868090370467
15488/16384
mean(sgnprob[1:i - 1]) = 0.2945050687673533
15616/16384
mean(sgnprob[1:i - 1]) = 0.2963176432917067
15744/16384
mean(sgnprob[1:i - 1]) = 0.2904783078193483
15872/16384
mean(sgnprob[1:i - 1]) = 0.29292420137357444
16000/16384
mean(sgnprob[1:i - 1]) = 0.28595537221076317
16128/16384
mean(sgnprob[1:i - 1]) = 0.2888944006944875
16256/16384
mean(sgnprob[1:i - 1]) = 0.2816979390956629
16384/16384
mean(sgnprob[1:i - 1]) = 0.2758347067081731
807.413058 seconds (167.11 M allocations: 70.745 GiB, 2.25% gc time, 1.27% compilation time)
