## SLURM PROLOG ###############################################################
##    Job ID : 8833907
##  Job Name : sbatch_etgent.sh
##  Nodelist : node1733
##      CPUs : 8
##  Mem/Node : 4096 MB
## Directory : /oscar/home/trazzaz/AFQMC
##   Job Started : Fri Feb 28 01:37:32 AM EST 2025
###############################################################################
seed = 1461
U = 2.0
β = 6.0
Warming up
128/1024
256/1024
384/1024
512/1024
640/1024
768/1024
896/1024
1024/1024
Measuring
128/16384
mean(sgnprob[1:i - 1]) = 0.30708661417322836
256/16384
mean(sgnprob[1:i - 1]) = 0.24705882352941178
384/16384
mean(sgnprob[1:i - 1]) = 0.2584856396866841
512/16384
mean(sgnprob[1:i - 1]) = 0.2720156555772994
640/16384
mean(sgnprob[1:i - 1]) = 0.25821596244131456
768/16384
mean(sgnprob[1:i - 1]) = 0.26727509778357234
896/16384
mean(sgnprob[1:i - 1]) = 0.264804469273743
1024/16384
mean(sgnprob[1:i - 1]) = 0.25513196480938416
1152/16384
mean(sgnprob[1:i - 1]) = 0.18853171155516943
1280/16384
mean(sgnprob[1:i - 1]) = 0.15089913995308835
1408/16384
mean(sgnprob[1:i - 1]) = 0.16844349680170576
1536/16384
mean(sgnprob[1:i - 1]) = 0.13615635179153093
1664/16384
mean(sgnprob[1:i - 1]) = 0.14251352976548406
1792/16384
mean(sgnprob[1:i - 1]) = 0.15131211613623674
1920/16384
mean(sgnprob[1:i - 1]) = 0.16102136529442418
2048/16384
mean(sgnprob[1:i - 1]) = 0.1265266243282853
2176/16384
mean(sgnprob[1:i - 1]) = 0.14022988505747128
2304/16384
mean(sgnprob[1:i - 1]) = 0.1411202778983934
2432/16384
mean(sgnprob[1:i - 1]) = 0.14356232003290828
2560/16384
mean(sgnprob[1:i - 1]) = 0.1559202813599062
2688/16384
mean(sgnprob[1:i - 1]) = 0.13211760327502792
2816/16384
mean(sgnprob[1:i - 1]) = 0.11403197158081706
2944/16384
mean(sgnprob[1:i - 1]) = 0.09683995922528033
3072/16384
mean(sgnprob[1:i - 1]) = 0.07977857375447737
3200/16384
mean(sgnprob[1:i - 1]) = 0.08783994998437011
3328/16384
mean(sgnprob[1:i - 1]) = 0.09227532311391644
3456/16384
mean(sgnprob[1:i - 1]) = 0.10159189580318378
3584/16384
mean(sgnprob[1:i - 1]) = 0.11135919620429807
3712/16384
mean(sgnprob[1:i - 1]) = 0.1129075720829965
3840/16384
mean(sgnprob[1:i - 1]) = 0.09872362594425632
3968/16384
mean(sgnprob[1:i - 1]) = 0.10360473909755483
4096/16384
mean(sgnprob[1:i - 1]) = 0.1111111111111111
4224/16384
mean(sgnprob[1:i - 1]) = 0.11816244376035993
4352/16384
mean(sgnprob[1:i - 1]) = 0.12571822569524246
4480/16384
mean(sgnprob[1:i - 1]) = 0.13016298280866265
4608/16384
mean(sgnprob[1:i - 1]) = 0.12958541350119385
4736/16384
mean(sgnprob[1:i - 1]) = 0.13621964097148892
4864/16384
mean(sgnprob[1:i - 1]) = 0.1429158955377339
4992/16384
mean(sgnprob[1:i - 1]) = 0.13163694650370666
5120/16384
mean(sgnprob[1:i - 1]) = 0.13655010744285995
5248/16384
mean(sgnprob[1:i - 1]) = 0.12445206784829427
5376/16384
mean(sgnprob[1:i - 1]) = 0.1147906976744186
5504/16384
mean(sgnprob[1:i - 1]) = 0.11757223332727604
5632/16384
mean(sgnprob[1:i - 1]) = 0.11845142958621914
5760/16384
mean(sgnprob[1:i - 1]) = 0.12276436881403022
5888/16384
mean(sgnprob[1:i - 1]) = 0.11092237132665195
6016/16384
mean(sgnprob[1:i - 1]) = 0.11554447215295095
6144/16384
mean(sgnprob[1:i - 1]) = 0.11867165879863259
6272/16384
mean(sgnprob[1:i - 1]) = 0.12071439961728592
6400/16384
mean(sgnprob[1:i - 1]) = 0.1254883575558681
6528/16384
mean(sgnprob[1:i - 1]) = 0.129768653286349
6656/16384
mean(sgnprob[1:i - 1]) = 0.13418482344102178
6784/16384
mean(sgnprob[1:i - 1]) = 0.12398643667993513
6912/16384
mean(sgnprob[1:i - 1]) = 0.12776732744899436
7040/16384
mean(sgnprob[1:i - 1]) = 0.12118198607756783
7168/16384
mean(sgnprob[1:i - 1]) = 0.1243197990791126
7296/16384
mean(sgnprob[1:i - 1]) = 0.11638108293351611
7424/16384
mean(sgnprob[1:i - 1]) = 0.11114104809376263
7552/16384
mean(sgnprob[1:i - 1]) = 0.10448947159316647
7680/16384
mean(sgnprob[1:i - 1]) = 0.09936189608021878
7808/16384
mean(sgnprob[1:i - 1]) = 0.10157550915844754
7936/16384
mean(sgnprob[1:i - 1]) = 0.10396975425330812
8064/16384
mean(sgnprob[1:i - 1]) = 0.10827235520277813
8192/16384
mean(sgnprob[1:i - 1]) = 0.10194115492613845
8320/16384
mean(sgnprob[1:i - 1]) = 0.10397884361101094
8448/16384
mean(sgnprob[1:i - 1]) = 0.09695749970403694
8576/16384
mean(sgnprob[1:i - 1]) = 0.08991253644314869
8704/16384
mean(sgnprob[1:i - 1]) = 0.08284499597839826
8832/16384
mean(sgnprob[1:i - 1]) = 0.08730608085154569
8960/16384
mean(sgnprob[1:i - 1]) = 0.08159392789373814
9088/16384
mean(sgnprob[1:i - 1]) = 0.0848464839881149
9216/16384
mean(sgnprob[1:i - 1]) = 0.0801953336950624
9344/16384
mean(sgnprob[1:i - 1]) = 0.08166541795997002
9472/16384
mean(sgnprob[1:i - 1]) = 0.08288459507971703
9600/16384
mean(sgnprob[1:i - 1]) = 0.08448796749661423
9728/16384
mean(sgnprob[1:i - 1]) = 0.07700215893903567
9856/16384
mean(sgnprob[1:i - 1]) = 0.07864028411973617
9984/16384
mean(sgnprob[1:i - 1]) = 0.07362516277672042
10112/16384
mean(sgnprob[1:i - 1]) = 0.07625358520423302
10240/16384
mean(sgnprob[1:i - 1]) = 0.07178435394081453
10368/16384
mean(sgnprob[1:i - 1]) = 0.07475643869972026
10496/16384
mean(sgnprob[1:i - 1]) = 0.07784659361600763
10624/16384
mean(sgnprob[1:i - 1]) = 0.08086227995858043
10752/16384
mean(sgnprob[1:i - 1]) = 0.08194586550088363
10880/16384
mean(sgnprob[1:i - 1]) = 0.0839231547017189
11008/16384
mean(sgnprob[1:i - 1]) = 0.07985827200872173
11136/16384
mean(sgnprob[1:i - 1]) = 0.08468792096991469
11264/16384
mean(sgnprob[1:i - 1]) = 0.08869750510521175
11392/16384
mean(sgnprob[1:i - 1]) = 0.08980774295496445
11520/16384
mean(sgnprob[1:i - 1]) = 0.09124055907630871
11648/16384
mean(sgnprob[1:i - 1]) = 0.09418734438052717
11776/16384
mean(sgnprob[1:i - 1]) = 0.09112526539278132
11904/16384
mean(sgnprob[1:i - 1]) = 0.09165756531966732
12032/16384
mean(sgnprob[1:i - 1]) = 0.08885379436455823
12160/16384
mean(sgnprob[1:i - 1]) = 0.08594456780985278
12288/16384
mean(sgnprob[1:i - 1]) = 0.08309595507446894
12416/16384
mean(sgnprob[1:i - 1]) = 0.08481675392670157
12544/16384
mean(sgnprob[1:i - 1]) = 0.08825639799091127
12672/16384
mean(sgnprob[1:i - 1]) = 0.0884697340383553
12800/16384
mean(sgnprob[1:i - 1]) = 0.08586608328775686
12928/16384
mean(sgnprob[1:i - 1]) = 0.08594414790748046
13056/16384
mean(sgnprob[1:i - 1]) = 0.08801225584067407
13184/16384
mean(sgnprob[1:i - 1]) = 0.08928165061063491
13312/16384
mean(sgnprob[1:i - 1]) = 0.08451656524678837
13440/16384
mean(sgnprob[1:i - 1]) = 0.0856462534414763
13568/16384
mean(sgnprob[1:i - 1]) = 0.0864597921426992
13696/16384
mean(sgnprob[1:i - 1]) = 0.08784227820372399
13824/16384
mean(sgnprob[1:i - 1]) = 0.08413513709035665
13952/16384
mean(sgnprob[1:i - 1]) = 0.08608701885169522
14080/16384
mean(sgnprob[1:i - 1]) = 0.08700902052702607
14208/16384
mean(sgnprob[1:i - 1]) = 0.08340958682339691
14336/16384
mean(sgnprob[1:i - 1]) = 0.08433903034530868
14464/16384
mean(sgnprob[1:i - 1]) = 0.08594344188619235
14592/16384
mean(sgnprob[1:i - 1]) = 0.08285929682681105
14720/16384
mean(sgnprob[1:i - 1]) = 0.0795570351246688
14848/16384
mean(sgnprob[1:i - 1]) = 0.08183471408365327
14976/16384
mean(sgnprob[1:i - 1]) = 0.08434056761268781
15104/16384
mean(sgnprob[1:i - 1]) = 0.08680394623584718
15232/16384
mean(sgnprob[1:i - 1]) = 0.08213511916486115
15360/16384
mean(sgnprob[1:i - 1]) = 0.08327365062829611
15488/16384
mean(sgnprob[1:i - 1]) = 0.08478078388325692
15616/16384
mean(sgnprob[1:i - 1]) = 0.08562279859109831
15744/16384
mean(sgnprob[1:i - 1]) = 0.08708632408054373
15872/16384
mean(sgnprob[1:i - 1]) = 0.08335958666750677
16000/16384
mean(sgnprob[1:i - 1]) = 0.08481780111256954
16128/16384
mean(sgnprob[1:i - 1]) = 0.0801761021888758
16256/16384
mean(sgnprob[1:i - 1]) = 0.08114426330359889
16384/16384
mean(sgnprob[1:i - 1]) = 0.08209729597753769
729.926260 seconds (167.11 M allocations: 70.745 GiB, 1.45% gc time, 1.22% compilation time)
