## SLURM PROLOG ###############################################################
##    Job ID : 8833925
##  Job Name : sbatch_etgent.sh
##  Nodelist : node1736
##      CPUs : 8
##  Mem/Node : 4096 MB
## Directory : /oscar/home/trazzaz/AFQMC
##   Job Started : Fri Feb 28 02:03:26 AM EST 2025
###############################################################################
seed = 1479
U = 2.0
β = 6.0
Warming up
128/1024
256/1024
384/1024
512/1024
640/1024
768/1024
896/1024
1024/1024
Measuring
128/16384
mean(sgnprob[1:i - 1]) = -0.4330708661417323
256/16384
mean(sgnprob[1:i - 1]) = 0.043137254901960784
384/16384
mean(sgnprob[1:i - 1]) = 0.21148825065274152
512/16384
mean(sgnprob[1:i - 1]) = 0.2602739726027397
640/16384
mean(sgnprob[1:i - 1]) = 0.3208137715179969
768/16384
mean(sgnprob[1:i - 1]) = 0.34810951760104303
896/16384
mean(sgnprob[1:i - 1]) = 0.3653631284916201
1024/16384
mean(sgnprob[1:i - 1]) = 0.39002932551319647
1152/16384
mean(sgnprob[1:i - 1]) = 0.3987836663770634
1280/16384
mean(sgnprob[1:i - 1]) = 0.40578577013291633
1408/16384
mean(sgnprob[1:i - 1]) = 0.4143567874911159
1536/16384
mean(sgnprob[1:i - 1]) = 0.33941368078175893
1664/16384
mean(sgnprob[1:i - 1]) = 0.35057125676488277
1792/16384
mean(sgnprob[1:i - 1]) = 0.28084868788386375
1920/16384
mean(sgnprob[1:i - 1]) = 0.28608650338718083
2048/16384
mean(sgnprob[1:i - 1]) = 0.3092330239374695
2176/16384
mean(sgnprob[1:i - 1]) = 0.32045977011494253
2304/16384
mean(sgnprob[1:i - 1]) = 0.3295701259227095
2432/16384
mean(sgnprob[1:i - 1]) = 0.33607568901686546
2560/16384
mean(sgnprob[1:i - 1]) = 0.2903477921062915
2688/16384
mean(sgnprob[1:i - 1]) = 0.29363602530703387
2816/16384
mean(sgnprob[1:i - 1]) = 0.3044404973357016
2944/16384
mean(sgnprob[1:i - 1]) = 0.31158681617397216
3072/16384
mean(sgnprob[1:i - 1]) = 0.32204493650276783
3200/16384
mean(sgnprob[1:i - 1]) = 0.28665207877461707
3328/16384
mean(sgnprob[1:i - 1]) = 0.2942590922753231
3456/16384
mean(sgnprob[1:i - 1]) = 0.30014471780028945
3584/16384
mean(sgnprob[1:i - 1]) = 0.3072843985487022
3712/16384
mean(sgnprob[1:i - 1]) = 0.3150094314201024
3840/16384
mean(sgnprob[1:i - 1]) = 0.32013545194060955
3968/16384
mean(sgnprob[1:i - 1]) = 0.2911520040332745
4096/16384
mean(sgnprob[1:i - 1]) = 0.26495726495726496
4224/16384
mean(sgnprob[1:i - 1]) = 0.27397584655458207
4352/16384
mean(sgnprob[1:i - 1]) = 0.28292346586991496
4480/16384
mean(sgnprob[1:i - 1]) = 0.28689439607055145
4608/16384
mean(sgnprob[1:i - 1]) = 0.2672020837855437
4736/16384
mean(sgnprob[1:i - 1]) = 0.270960929250264
4864/16384
mean(sgnprob[1:i - 1]) = 0.25025704297758583
4992/16384
mean(sgnprob[1:i - 1]) = 0.2570627128831897
5120/16384
mean(sgnprob[1:i - 1]) = 0.2647001367454581
5248/16384
mean(sgnprob[1:i - 1]) = 0.2689155708023633
5376/16384
mean(sgnprob[1:i - 1]) = 0.25172093023255815
5504/16384
mean(sgnprob[1:i - 1]) = 0.25640559694711973
5632/16384
mean(sgnprob[1:i - 1]) = 0.23850115432427632
5760/16384
mean(sgnprob[1:i - 1]) = 0.2425768362562945
5888/16384
mean(sgnprob[1:i - 1]) = 0.24749447936130456
6016/16384
mean(sgnprob[1:i - 1]) = 0.2518703241895262
6144/16384
mean(sgnprob[1:i - 1]) = 0.23522708774214554
6272/16384
mean(sgnprob[1:i - 1]) = 0.24063147823313666
6400/16384
mean(sgnprob[1:i - 1]) = 0.2417565244569464
6528/16384
mean(sgnprob[1:i - 1]) = 0.2269036310709361
6656/16384
mean(sgnprob[1:i - 1]) = 0.23065364387678436
6784/16384
mean(sgnprob[1:i - 1]) = 0.23426212590299278
6912/16384
mean(sgnprob[1:i - 1]) = 0.22210968021993924
7040/16384
mean(sgnprob[1:i - 1]) = 0.22716294928256855
7168/16384
mean(sgnprob[1:i - 1]) = 0.21305985768103808
7296/16384
mean(sgnprob[1:i - 1]) = 0.218368745716244
7424/16384
mean(sgnprob[1:i - 1]) = 0.22591943957968477
7552/16384
mean(sgnprob[1:i - 1]) = 0.21361409084889418
7680/16384
mean(sgnprob[1:i - 1]) = 0.21942961323088944
7808/16384
mean(sgnprob[1:i - 1]) = 0.22351735621877802
7936/16384
mean(sgnprob[1:i - 1]) = 0.22848141146817896
8064/16384
mean(sgnprob[1:i - 1]) = 0.23403199801562694
8192/16384
mean(sgnprob[1:i - 1]) = 0.22280551825173972
8320/16384
mean(sgnprob[1:i - 1]) = 0.22538766678687341
8448/16384
mean(sgnprob[1:i - 1]) = 0.23096957499704038
8576/16384
mean(sgnprob[1:i - 1]) = 0.23498542274052478
8704/16384
mean(sgnprob[1:i - 1]) = 0.22578421234057222
8832/16384
mean(sgnprob[1:i - 1]) = 0.21526440946665157
8960/16384
mean(sgnprob[1:i - 1]) = 0.2191092755887934
9088/16384
mean(sgnprob[1:i - 1]) = 0.20831957741828985
9216/16384
mean(sgnprob[1:i - 1]) = 0.212805208898535
9344/16384
mean(sgnprob[1:i - 1]) = 0.2165257411966178
9472/16384
mean(sgnprob[1:i - 1]) = 0.22141273360785557
9600/16384
mean(sgnprob[1:i - 1]) = 0.22554432753411813
9728/16384
mean(sgnprob[1:i - 1]) = 0.21414619101470134
9856/16384
mean(sgnprob[1:i - 1]) = 0.20446473871131404
9984/16384
mean(sgnprob[1:i - 1]) = 0.19543223479915858
10112/16384
mean(sgnprob[1:i - 1]) = 0.19889229551973098
10240/16384
mean(sgnprob[1:i - 1]) = 0.2018751831233519
10368/16384
mean(sgnprob[1:i - 1]) = 0.2047844120767821
10496/16384
mean(sgnprob[1:i - 1]) = 0.21048118151500714
10624/16384
mean(sgnprob[1:i - 1]) = 0.21472277134519438
10752/16384
mean(sgnprob[1:i - 1]) = 0.2073295507394661
10880/16384
mean(sgnprob[1:i - 1]) = 0.2120599319790422
11008/16384
mean(sgnprob[1:i - 1]) = 0.21758880712274006
11136/16384
mean(sgnprob[1:i - 1]) = 0.2211944319712618
11264/16384
mean(sgnprob[1:i - 1]) = 0.21193287756370416
11392/16384
mean(sgnprob[1:i - 1]) = 0.20516196997629707
11520/16384
mean(sgnprob[1:i - 1]) = 0.2089591110339439
11648/16384
mean(sgnprob[1:i - 1]) = 0.21284450931570362
11776/16384
mean(sgnprob[1:i - 1]) = 0.21715498938428876
11904/16384
mean(sgnprob[1:i - 1]) = 0.22019658909518608
12032/16384
mean(sgnprob[1:i - 1]) = 0.22234228243703766
12160/16384
mean(sgnprob[1:i - 1]) = 0.2251007484168106
12288/16384
mean(sgnprob[1:i - 1]) = 0.23024334662651583
12416/16384
mean(sgnprob[1:i - 1]) = 0.22239226741844542
12544/16384
mean(sgnprob[1:i - 1]) = 0.22650083712030614
12672/16384
mean(sgnprob[1:i - 1]) = 0.22800094704443216
12800/16384
mean(sgnprob[1:i - 1]) = 0.23150246112977577
12928/16384
mean(sgnprob[1:i - 1]) = 0.23539877775199194
13056/16384
mean(sgnprob[1:i - 1]) = 0.22972041363462276
13184/16384
mean(sgnprob[1:i - 1]) = 0.23431692331032392
13312/16384
mean(sgnprob[1:i - 1]) = 0.23777327022763128
13440/16384
mean(sgnprob[1:i - 1]) = 0.24086613587320485
13568/16384
mean(sgnprob[1:i - 1]) = 0.24375322473649297
13696/16384
mean(sgnprob[1:i - 1]) = 0.2457101131799927
13824/16384
mean(sgnprob[1:i - 1]) = 0.24010706793026115
13952/16384
mean(sgnprob[1:i - 1]) = 0.2348935560174898
14080/16384
mean(sgnprob[1:i - 1]) = 0.23730378578024008
14208/16384
mean(sgnprob[1:i - 1]) = 0.23952980924896178
14336/16384
mean(sgnprob[1:i - 1]) = 0.24283222881060343
14464/16384
mean(sgnprob[1:i - 1]) = 0.2456613427366383
14592/16384
mean(sgnprob[1:i - 1]) = 0.247344253306833
14720/16384
mean(sgnprob[1:i - 1]) = 0.24940553026700182
14848/16384
mean(sgnprob[1:i - 1]) = 0.24254058058867112
14976/16384
mean(sgnprob[1:i - 1]) = 0.24580968280467447
15104/16384
mean(sgnprob[1:i - 1]) = 0.24809640468781036
15232/16384
mean(sgnprob[1:i - 1]) = 0.2512638697393474
15360/16384
mean(sgnprob[1:i - 1]) = 0.24526336350022787
15488/16384
mean(sgnprob[1:i - 1]) = 0.24762704203525537
15616/16384
mean(sgnprob[1:i - 1]) = 0.2505923791226385
15744/16384
mean(sgnprob[1:i - 1]) = 0.2526202121577844
15872/16384
mean(sgnprob[1:i - 1]) = 0.246802343897675
16000/16384
mean(sgnprob[1:i - 1]) = 0.24832802050128133
16128/16384
mean(sgnprob[1:i - 1]) = 0.24251255658212933
16256/16384
mean(sgnprob[1:i - 1]) = 0.24478621962473085
16384/16384
mean(sgnprob[1:i - 1]) = 0.2475126655679668
735.245209 seconds (167.11 M allocations: 70.745 GiB, 1.42% gc time, 1.23% compilation time)
