## SLURM PROLOG ###############################################################
##    Job ID : 8822310
##  Job Name : sbatch_etgent.sh
##  Nodelist : node1328
##      CPUs : 8
##  Mem/Node : 4096 MB
## Directory : /oscar/home/trazzaz/AFQMC
##   Job Started : Thu Feb 27 07:19:17 PM EST 2025
###############################################################################
seed = 1305
U = 2.0
β = 6.0
Warming up
128/1024
256/1024
384/1024
512/1024
640/1024
768/1024
896/1024
1024/1024
Measuring
128/16384
mean(sgnprob[1:i - 1]) = 0.3858267716535433
256/16384
mean(sgnprob[1:i - 1]) = 0.4588235294117647
384/16384
mean(sgnprob[1:i - 1]) = 0.4516971279373368
512/16384
mean(sgnprob[1:i - 1]) = 0.44422700587084146
640/16384
mean(sgnprob[1:i - 1]) = 0.45539906103286387
768/16384
mean(sgnprob[1:i - 1]) = 0.4445893089960887
896/16384
mean(sgnprob[1:i - 1]) = 0.44581005586592176
1024/16384
mean(sgnprob[1:i - 1]) = 0.43304007820136853
1152/16384
mean(sgnprob[1:i - 1]) = 0.4422241529105126
1280/16384
mean(sgnprob[1:i - 1]) = 0.44175136825645034
1408/16384
mean(sgnprob[1:i - 1]) = 0.4427860696517413
1536/16384
mean(sgnprob[1:i - 1]) = 0.36156351791530944
1664/16384
mean(sgnprob[1:i - 1]) = 0.3108839446782922
1792/16384
mean(sgnprob[1:i - 1]) = 0.3065326633165829
1920/16384
mean(sgnprob[1:i - 1]) = 0.25065138092756645
2048/16384
mean(sgnprob[1:i - 1]) = 0.26917440156326333
2176/16384
mean(sgnprob[1:i - 1]) = 0.27448275862068966
2304/16384
mean(sgnprob[1:i - 1]) = 0.2835432045158489
2432/16384
mean(sgnprob[1:i - 1]) = 0.2924722336487042
2560/16384
mean(sgnprob[1:i - 1]) = 0.3028526768268855
2688/16384
mean(sgnprob[1:i - 1]) = 0.30926684034238927
2816/16384
mean(sgnprob[1:i - 1]) = 0.31509769094138546
2944/16384
mean(sgnprob[1:i - 1]) = 0.3238192320761128
3072/16384
mean(sgnprob[1:i - 1]) = 0.3226961901660697
3200/16384
mean(sgnprob[1:i - 1]) = 0.32541419193497967
3328/16384
mean(sgnprob[1:i - 1]) = 0.32792305380222425
3456/16384
mean(sgnprob[1:i - 1]) = 0.3342981186685962
3584/16384
mean(sgnprob[1:i - 1]) = 0.3374267373709182
3712/16384
mean(sgnprob[1:i - 1]) = 0.3112368633791431
3840/16384
mean(sgnprob[1:i - 1]) = 0.290440218806981
3968/16384
mean(sgnprob[1:i - 1]) = 0.29468111923367785
4096/16384
mean(sgnprob[1:i - 1]) = 0.29865689865689865
4224/16384
mean(sgnprob[1:i - 1]) = 0.2711342647407057
4352/16384
mean(sgnprob[1:i - 1]) = 0.27740749253045277
4480/16384
mean(sgnprob[1:i - 1]) = 0.2810895289127037
4608/16384
mean(sgnprob[1:i - 1]) = 0.2854352072932494
4736/16384
mean(sgnprob[1:i - 1]) = 0.26715945089757126
4864/16384
mean(sgnprob[1:i - 1]) = 0.26958667489204197
4992/16384
mean(sgnprob[1:i - 1]) = 0.274293728711681
5120/16384
mean(sgnprob[1:i - 1]) = 0.2584489158038679
5248/16384
mean(sgnprob[1:i - 1]) = 0.2662473794549266
5376/16384
mean(sgnprob[1:i - 1]) = 0.2718139534883721
5504/16384
mean(sgnprob[1:i - 1]) = 0.2556787206978012
5632/16384
mean(sgnprob[1:i - 1]) = 0.23814597762386788
5760/16384
mean(sgnprob[1:i - 1]) = 0.24153498871331827
5888/16384
mean(sgnprob[1:i - 1]) = 0.24511635807711907
6016/16384
mean(sgnprob[1:i - 1]) = 0.22926018287614297
6144/16384
mean(sgnprob[1:i - 1]) = 0.23262249715122904
6272/16384
mean(sgnprob[1:i - 1]) = 0.23584755222452558
6400/16384
mean(sgnprob[1:i - 1]) = 0.24081887794967963
6528/16384
mean(sgnprob[1:i - 1]) = 0.2452888003677034
6656/16384
mean(sgnprob[1:i - 1]) = 0.2501878287002254
6784/16384
mean(sgnprob[1:i - 1]) = 0.2572607990564647
6912/16384
mean(sgnprob[1:i - 1]) = 0.2626248010418174
7040/16384
mean(sgnprob[1:i - 1]) = 0.2652365392811479
7168/16384
mean(sgnprob[1:i - 1]) = 0.2677549881400865
7296/16384
mean(sgnprob[1:i - 1]) = 0.2542837559972584
7424/16384
mean(sgnprob[1:i - 1]) = 0.26040684359423416
7552/16384
mean(sgnprob[1:i - 1]) = 0.2485763475036419
7680/16384
mean(sgnprob[1:i - 1]) = 0.23583799973954941
7808/16384
mean(sgnprob[1:i - 1]) = 0.24042525938260537
7936/16384
mean(sgnprob[1:i - 1]) = 0.24436042848141146
8064/16384
mean(sgnprob[1:i - 1]) = 0.2479226094505767
8192/16384
mean(sgnprob[1:i - 1]) = 0.25088511781223294
8320/16384
mean(sgnprob[1:i - 1]) = 0.2527948070681572
8448/16384
mean(sgnprob[1:i - 1]) = 0.25606724280809756
8576/16384
mean(sgnprob[1:i - 1]) = 0.2471137026239067
8704/16384
mean(sgnprob[1:i - 1]) = 0.24968401700563025
8832/16384
mean(sgnprob[1:i - 1]) = 0.25331219567432905
8960/16384
mean(sgnprob[1:i - 1]) = 0.25661346132380847
9088/16384
mean(sgnprob[1:i - 1]) = 0.25740068229338614
9216/16384
mean(sgnprob[1:i - 1]) = 0.26120455778621815
9344/16384
mean(sgnprob[1:i - 1]) = 0.26447607834742587
9472/16384
mean(sgnprob[1:i - 1]) = 0.2556224263541337
9600/16384
mean(sgnprob[1:i - 1]) = 0.2578393582664861
9728/16384
mean(sgnprob[1:i - 1]) = 0.2478667626195127
9856/16384
mean(sgnprob[1:i - 1]) = 0.24992389649923896
9984/16384
mean(sgnprob[1:i - 1]) = 0.2521286186517079
10112/16384
mean(sgnprob[1:i - 1]) = 0.24359608347344477
10240/16384
mean(sgnprob[1:i - 1]) = 0.2471921086043559
10368/16384
mean(sgnprob[1:i - 1]) = 0.25050641458474004
10496/16384
mean(sgnprob[1:i - 1]) = 0.24001905669366366
10624/16384
mean(sgnprob[1:i - 1]) = 0.2420220276757978
10752/16384
mean(sgnprob[1:i - 1]) = 0.24434936284996744
10880/16384
mean(sgnprob[1:i - 1]) = 0.24809265557496094
11008/16384
mean(sgnprob[1:i - 1]) = 0.24938675388389206
11136/16384
mean(sgnprob[1:i - 1]) = 0.2502918724741805
11264/16384
mean(sgnprob[1:i - 1]) = 0.2513539909437983
11392/16384
mean(sgnprob[1:i - 1]) = 0.2536212799578615
11520/16384
mean(sgnprob[1:i - 1]) = 0.2560118065804323
11648/16384
mean(sgnprob[1:i - 1]) = 0.25817807160642225
11776/16384
mean(sgnprob[1:i - 1]) = 0.25961783439490443
11904/16384
mean(sgnprob[1:i - 1]) = 0.25329748802822816
12032/16384
mean(sgnprob[1:i - 1]) = 0.24694539107306127
12160/16384
mean(sgnprob[1:i - 1]) = 0.24862241960687556
12288/16384
mean(sgnprob[1:i - 1]) = 0.25059005452917715
12416/16384
mean(sgnprob[1:i - 1]) = 0.24204591220298027
12544/16384
mean(sgnprob[1:i - 1]) = 0.24324324324324326
12672/16384
mean(sgnprob[1:i - 1]) = 0.24536342830084445
12800/16384
mean(sgnprob[1:i - 1]) = 0.24790999296820065
12928/16384
mean(sgnprob[1:i - 1]) = 0.24978726696062506
13056/16384
mean(sgnprob[1:i - 1]) = 0.2516277288395251
13184/16384
mean(sgnprob[1:i - 1]) = 0.25297731927482364
13312/16384
mean(sgnprob[1:i - 1]) = 0.2549019607843137
13440/16384
mean(sgnprob[1:i - 1]) = 0.2567899397276583
13568/16384
mean(sgnprob[1:i - 1]) = 0.24935505270140781
13696/16384
mean(sgnprob[1:i - 1]) = 0.25009127418765975
13824/16384
mean(sgnprob[1:i - 1]) = 0.2519713520943355
13952/16384
mean(sgnprob[1:i - 1]) = 0.25396028958497596
14080/16384
mean(sgnprob[1:i - 1]) = 0.25591306200724484
14208/16384
mean(sgnprob[1:i - 1]) = 0.2585345252340396
14336/16384
mean(sgnprob[1:i - 1]) = 0.25036623648412976
14464/16384
mean(sgnprob[1:i - 1]) = 0.2516075503007675
14592/16384
mean(sgnprob[1:i - 1]) = 0.2470701117126996
14720/16384
mean(sgnprob[1:i - 1]) = 0.24926965147088798
14848/16384
mean(sgnprob[1:i - 1]) = 0.2511618508789654
14976/16384
mean(sgnprob[1:i - 1]) = 0.2452754590984975
15104/16384
mean(sgnprob[1:i - 1]) = 0.24663974044891743
15232/16384
mean(sgnprob[1:i - 1]) = 0.24745584662858644
15360/16384
mean(sgnprob[1:i - 1]) = 0.24877921739696596
15488/16384
mean(sgnprob[1:i - 1]) = 0.24956415057790404
15616/16384
mean(sgnprob[1:i - 1]) = 0.2512327889849504
15744/16384
mean(sgnprob[1:i - 1]) = 0.2449977767896843
15872/16384
mean(sgnprob[1:i - 1]) = 0.24642429588557746
16000/16384
mean(sgnprob[1:i - 1]) = 0.24032752047002937
16128/16384
mean(sgnprob[1:i - 1]) = 0.23494760339802814
16256/16384
mean(sgnprob[1:i - 1]) = 0.23580436788680406
16384/16384
mean(sgnprob[1:i - 1]) = 0.2375022889580663
803.985569 seconds (167.11 M allocations: 70.745 GiB, 2.17% gc time, 1.30% compilation time)
