## SLURM PROLOG ###############################################################
##    Job ID : 8833930
##  Job Name : sbatch_etgent.sh
##  Nodelist : node1327
##      CPUs : 8
##  Mem/Node : 4096 MB
## Directory : /oscar/home/trazzaz/AFQMC
##   Job Started : Fri Feb 28 02:13:56 AM EST 2025
###############################################################################
seed = 1484
U = 2.0
β = 6.0
Warming up
128/1024
256/1024
384/1024
512/1024
640/1024
768/1024
896/1024
1024/1024
Measuring
128/16384
mean(sgnprob[1:i - 1]) = 0.2283464566929134
256/16384
mean(sgnprob[1:i - 1]) = 0.37254901960784315
384/16384
mean(sgnprob[1:i - 1]) = 0.39425587467362927
512/16384
mean(sgnprob[1:i - 1]) = 0.3659491193737769
640/16384
mean(sgnprob[1:i - 1]) = 0.38967136150234744
768/16384
mean(sgnprob[1:i - 1]) = 0.4028683181225554
896/16384
mean(sgnprob[1:i - 1]) = 0.39217877094972065
1024/16384
mean(sgnprob[1:i - 1]) = 0.3919843597262952
1152/16384
mean(sgnprob[1:i - 1]) = 0.3848827106863597
1280/16384
mean(sgnprob[1:i - 1]) = 0.37920250195465205
1408/16384
mean(sgnprob[1:i - 1]) = 0.3148542999289268
1536/16384
mean(sgnprob[1:i - 1]) = 0.26514657980456025
1664/16384
mean(sgnprob[1:i - 1]) = 0.27119663259170174
1792/16384
mean(sgnprob[1:i - 1]) = 0.2216638749302066
1920/16384
mean(sgnprob[1:i - 1]) = 0.22980719124544033
2048/16384
mean(sgnprob[1:i - 1]) = 0.2427943331704934
2176/16384
mean(sgnprob[1:i - 1]) = 0.24873563218390804
2304/16384
mean(sgnprob[1:i - 1]) = 0.26009552757273124
2432/16384
mean(sgnprob[1:i - 1]) = 0.27025915261209377
2560/16384
mean(sgnprob[1:i - 1]) = 0.2825322391559203
2688/16384
mean(sgnprob[1:i - 1]) = 0.28470413100111647
2816/16384
mean(sgnprob[1:i - 1]) = 0.291651865008881
2944/16384
mean(sgnprob[1:i - 1]) = 0.2973156642881414
3072/16384
mean(sgnprob[1:i - 1]) = 0.2673396287854119
3200/16384
mean(sgnprob[1:i - 1]) = 0.2697718036886527
3328/16384
mean(sgnprob[1:i - 1]) = 0.24135858130447851
3456/16384
mean(sgnprob[1:i - 1]) = 0.24978292329956583
3584/16384
mean(sgnprob[1:i - 1]) = 0.2570471671783422
3712/16384
mean(sgnprob[1:i - 1]) = 0.2611156022635408
3840/16384
mean(sgnprob[1:i - 1]) = 0.24199010158895545
3968/16384
mean(sgnprob[1:i - 1]) = 0.24880262162843458
4096/16384
mean(sgnprob[1:i - 1]) = 0.22783882783882783
4224/16384
mean(sgnprob[1:i - 1]) = 0.23135211934643618
4352/16384
mean(sgnprob[1:i - 1]) = 0.2346586991496208
4480/16384
mean(sgnprob[1:i - 1]) = 0.21768251841929
4608/16384
mean(sgnprob[1:i - 1]) = 0.22161927501627957
4736/16384
mean(sgnprob[1:i - 1]) = 0.22407602956705386
4864/16384
mean(sgnprob[1:i - 1]) = 0.21118651038453629
4992/16384
mean(sgnprob[1:i - 1]) = 0.2177920256461631
5120/16384
mean(sgnprob[1:i - 1]) = 0.21976948622777887
5248/16384
mean(sgnprob[1:i - 1]) = 0.20259195730893845
5376/16384
mean(sgnprob[1:i - 1]) = 0.19106976744186047
5504/16384
mean(sgnprob[1:i - 1]) = 0.1775395238960567
5632/16384
mean(sgnprob[1:i - 1]) = 0.1823832356597407
5760/16384
mean(sgnprob[1:i - 1]) = 0.1866643514499045
5888/16384
mean(sgnprob[1:i - 1]) = 0.17377271955155427
6016/16384
mean(sgnprob[1:i - 1]) = 0.16342477140482128
6144/16384
mean(sgnprob[1:i - 1]) = 0.1681588800260459
6272/16384
mean(sgnprob[1:i - 1]) = 0.17365651411258173
6400/16384
mean(sgnprob[1:i - 1]) = 0.16018127832473825
6528/16384
mean(sgnprob[1:i - 1]) = 0.16592615290332466
6656/16384
mean(sgnprob[1:i - 1]) = 0.16754320060105185
6784/16384
mean(sgnprob[1:i - 1]) = 0.15553589856995428
6912/16384
mean(sgnprob[1:i - 1]) = 0.15989003038634061
7040/16384
mean(sgnprob[1:i - 1]) = 0.16323341383719278
7168/16384
mean(sgnprob[1:i - 1]) = 0.16952699874424446
7296/16384
mean(sgnprob[1:i - 1]) = 0.17230980123372172
7424/16384
mean(sgnprob[1:i - 1]) = 0.17607436346490637
7552/16384
mean(sgnprob[1:i - 1]) = 0.1778572374519931
7680/16384
mean(sgnprob[1:i - 1]) = 0.18114337804401615
7808/16384
mean(sgnprob[1:i - 1]) = 0.1715127449724606
7936/16384
mean(sgnprob[1:i - 1]) = 0.1763074984247007
8064/16384
mean(sgnprob[1:i - 1]) = 0.18070197197073049
8192/16384
mean(sgnprob[1:i - 1]) = 0.17983152240263703
8320/16384
mean(sgnprob[1:i - 1]) = 0.17033297271306647
8448/16384
mean(sgnprob[1:i - 1]) = 0.16254291464425238
8576/16384
mean(sgnprob[1:i - 1]) = 0.16384839650145772
8704/16384
mean(sgnprob[1:i - 1]) = 0.16557508904975296
8832/16384
mean(sgnprob[1:i - 1]) = 0.15411618163288415
8960/16384
mean(sgnprob[1:i - 1]) = 0.15749525616698293
9088/16384
mean(sgnprob[1:i - 1]) = 0.16099922966875757
9216/16384
mean(sgnprob[1:i - 1]) = 0.16353771025501898
9344/16384
mean(sgnprob[1:i - 1]) = 0.15637375575297013
9472/16384
mean(sgnprob[1:i - 1]) = 0.14813641642909936
9600/16384
mean(sgnprob[1:i - 1]) = 0.14241066777789352
9728/16384
mean(sgnprob[1:i - 1]) = 0.1349850930399918
9856/16384
mean(sgnprob[1:i - 1]) = 0.13972602739726028
9984/16384
mean(sgnprob[1:i - 1]) = 0.13332665531403387
10112/16384
mean(sgnprob[1:i - 1]) = 0.1353970922757393
10240/16384
mean(sgnprob[1:i - 1]) = 0.13702510010743238
10368/16384
mean(sgnprob[1:i - 1]) = 0.14015626507186263
10496/16384
mean(sgnprob[1:i - 1]) = 0.1317770366841353
10624/16384
mean(sgnprob[1:i - 1]) = 0.13527252188647274
10752/16384
mean(sgnprob[1:i - 1]) = 0.13663845223700122
10880/16384
mean(sgnprob[1:i - 1]) = 0.13962680393418514
11008/16384
mean(sgnprob[1:i - 1]) = 0.1330971200145362
11136/16384
mean(sgnprob[1:i - 1]) = 0.13749438706780423
11264/16384
mean(sgnprob[1:i - 1]) = 0.14019355411524462
11392/16384
mean(sgnprob[1:i - 1]) = 0.14230532876832588
11520/16384
mean(sgnprob[1:i - 1]) = 0.1461064328500738
11648/16384
mean(sgnprob[1:i - 1]) = 0.14827852665922556
11776/16384
mean(sgnprob[1:i - 1]) = 0.15142250530785561
11904/16384
mean(sgnprob[1:i - 1]) = 0.15349071662606065
12032/16384
mean(sgnprob[1:i - 1]) = 0.1548499709084864
12160/16384
mean(sgnprob[1:i - 1]) = 0.1570030430134057
12288/16384
mean(sgnprob[1:i - 1]) = 0.1602506714413608
12416/16384
mean(sgnprob[1:i - 1]) = 0.16230366492146597
12544/16384
mean(sgnprob[1:i - 1]) = 0.1641553057482261
12672/16384
mean(sgnprob[1:i - 1]) = 0.15791965906400443
12800/16384
mean(sgnprob[1:i - 1]) = 0.15180873505742637
12928/16384
mean(sgnprob[1:i - 1]) = 0.1544828653206467
13056/16384
mean(sgnprob[1:i - 1]) = 0.14913826120260437
13184/16384
mean(sgnprob[1:i - 1]) = 0.1505727072745202
13312/16384
mean(sgnprob[1:i - 1]) = 0.15243032078731875
13440/16384
mean(sgnprob[1:i - 1]) = 0.15559193392365503
13568/16384
mean(sgnprob[1:i - 1]) = 0.15721972433109752
13696/16384
mean(sgnprob[1:i - 1]) = 0.1510770354143848
13824/16384
mean(sgnprob[1:i - 1]) = 0.15242711422990668
13952/16384
mean(sgnprob[1:i - 1]) = 0.1550426492724536
14080/16384
mean(sgnprob[1:i - 1]) = 0.15633212586121173
14208/16384
mean(sgnprob[1:i - 1]) = 0.1590061237418174
14336/16384
mean(sgnprob[1:i - 1]) = 0.16135333100802232
14464/16384
mean(sgnprob[1:i - 1]) = 0.15632994537786074
14592/16384
mean(sgnprob[1:i - 1]) = 0.1597560139812213
14720/16384
mean(sgnprob[1:i - 1]) = 0.16203546436578573
14848/16384
mean(sgnprob[1:i - 1]) = 0.15740553647201455
14976/16384
mean(sgnprob[1:i - 1]) = 0.15926544240400667
15104/16384
mean(sgnprob[1:i - 1]) = 0.1625504866582798
15232/16384
mean(sgnprob[1:i - 1]) = 0.1576390256713282
15360/16384
mean(sgnprob[1:i - 1]) = 0.152939644508106
15488/16384
mean(sgnprob[1:i - 1]) = 0.15516239426615872
15616/16384
mean(sgnprob[1:i - 1]) = 0.15824527697726545
15744/16384
mean(sgnprob[1:i - 1]) = 0.15924537889855808
15872/16384
mean(sgnprob[1:i - 1]) = 0.16085942914750173
16000/16384
mean(sgnprob[1:i - 1]) = 0.1566972935808488
16128/16384
mean(sgnprob[1:i - 1]) = 0.15867799342717182
16256/16384
mean(sgnprob[1:i - 1]) = 0.16038142110119963
16384/16384
mean(sgnprob[1:i - 1]) = 0.15558810962583167
808.023411 seconds (167.11 M allocations: 70.745 GiB, 1.70% gc time, 1.23% compilation time)
