## SLURM PROLOG ###############################################################
##    Job ID : 8833790
##  Job Name : sbatch_etgent.sh
##  Nodelist : node1736
##      CPUs : 8
##  Mem/Node : 4096 MB
## Directory : /oscar/home/trazzaz/AFQMC
##   Job Started : Thu Feb 27 10:27:08 PM EST 2025
###############################################################################
seed = 1344
U = 2.0
β = 6.0
Warming up
128/1024
256/1024
384/1024
512/1024
640/1024
768/1024
896/1024
1024/1024
Measuring
128/16384
mean(sgnprob[1:i - 1]) = 0.4645669291338583
256/16384
mean(sgnprob[1:i - 1]) = 0.043137254901960784
384/16384
mean(sgnprob[1:i - 1]) = 0.16449086161879894
512/16384
mean(sgnprob[1:i - 1]) = 0.25244618395303325
640/16384
mean(sgnprob[1:i - 1]) = 0.3145539906103286
768/16384
mean(sgnprob[1:i - 1]) = 0.19165580182529335
896/16384
mean(sgnprob[1:i - 1]) = 0.24022346368715083
1024/16384
mean(sgnprob[1:i - 1]) = 0.26881720430107525
1152/16384
mean(sgnprob[1:i - 1]) = 0.1833188531711555
1280/16384
mean(sgnprob[1:i - 1]) = 0.2150117279124316
1408/16384
mean(sgnprob[1:i - 1]) = 0.24093816631130063
1536/16384
mean(sgnprob[1:i - 1]) = 0.18306188925081432
1664/16384
mean(sgnprob[1:i - 1]) = 0.2074564040889958
1792/16384
mean(sgnprob[1:i - 1]) = 0.23283082077051925
1920/16384
mean(sgnprob[1:i - 1]) = 0.2569046378322043
2048/16384
mean(sgnprob[1:i - 1]) = 0.20957498778700537
2176/16384
mean(sgnprob[1:i - 1]) = 0.22298850574712645
2304/16384
mean(sgnprob[1:i - 1]) = 0.2349109856708641
2432/16384
mean(sgnprob[1:i - 1]) = 0.25133689839572193
2560/16384
mean(sgnprob[1:i - 1]) = 0.2637749120750293
2688/16384
mean(sgnprob[1:i - 1]) = 0.2735392631187198
2816/16384
mean(sgnprob[1:i - 1]) = 0.27886323268206037
2944/16384
mean(sgnprob[1:i - 1]) = 0.2884811416921509
3072/16384
mean(sgnprob[1:i - 1]) = 0.2907847606642787
3200/16384
mean(sgnprob[1:i - 1]) = 0.2647702407002188
3328/16384
mean(sgnprob[1:i - 1]) = 0.281033964532612
3456/16384
mean(sgnprob[1:i - 1]) = 0.24804630969609262
3584/16384
mean(sgnprob[1:i - 1]) = 0.22020653084007816
3712/16384
mean(sgnprob[1:i - 1]) = 0.23201293451899757
3840/16384
mean(sgnprob[1:i - 1]) = 0.20916905444126074
3968/16384
mean(sgnprob[1:i - 1]) = 0.22056970002520795
4096/16384
mean(sgnprob[1:i - 1]) = 0.1960927960927961
4224/16384
mean(sgnprob[1:i - 1]) = 0.17452048306890836
4352/16384
mean(sgnprob[1:i - 1]) = 0.15559641461732934
4480/16384
mean(sgnprob[1:i - 1]) = 0.16275954454119224
4608/16384
mean(sgnprob[1:i - 1]) = 0.1690905144345561
4736/16384
mean(sgnprob[1:i - 1]) = 0.17592397043294614
4864/16384
mean(sgnprob[1:i - 1]) = 0.18404277195147029
4992/16384
mean(sgnprob[1:i - 1]) = 0.1945501903426167
5120/16384
mean(sgnprob[1:i - 1]) = 0.20179722602070718
5248/16384
mean(sgnprob[1:i - 1]) = 0.20945302077377548
5376/16384
mean(sgnprob[1:i - 1]) = 0.21488372093023256
5504/16384
mean(sgnprob[1:i - 1]) = 0.19752862075231692
5632/16384
mean(sgnprob[1:i - 1]) = 0.20404901438465636
5760/16384
mean(sgnprob[1:i - 1]) = 0.21166869248133358
5888/16384
mean(sgnprob[1:i - 1]) = 0.1965347375573297
6016/16384
mean(sgnprob[1:i - 1]) = 0.20432252701579384
6144/16384
mean(sgnprob[1:i - 1]) = 0.18964675240110695
6272/16384
mean(sgnprob[1:i - 1]) = 0.1947057885504704
6400/16384
mean(sgnprob[1:i - 1]) = 0.20018752930145337
6528/16384
mean(sgnprob[1:i - 1]) = 0.20637352535621264
6656/16384
mean(sgnprob[1:i - 1]) = 0.18978211870773853
6784/16384
mean(sgnprob[1:i - 1]) = 0.17912428129146396
6912/16384
mean(sgnprob[1:i - 1]) = 0.1865142526407177
7040/16384
mean(sgnprob[1:i - 1]) = 0.19193067197045036
7168/16384
mean(sgnprob[1:i - 1]) = 0.19603739360959954
7296/16384
mean(sgnprob[1:i - 1]) = 0.20164496230294723
7424/16384
mean(sgnprob[1:i - 1]) = 0.20625084197763707
7552/16384
mean(sgnprob[1:i - 1]) = 0.19401403787577803
7680/16384
mean(sgnprob[1:i - 1]) = 0.19755176455267612
7808/16384
mean(sgnprob[1:i - 1]) = 0.20481619059818112
7936/16384
mean(sgnprob[1:i - 1]) = 0.21058601134215502
8064/16384
mean(sgnprob[1:i - 1]) = 0.21518045392533797
8192/16384
mean(sgnprob[1:i - 1]) = 0.20253937248199244
8320/16384
mean(sgnprob[1:i - 1]) = 0.2083183074888809
8448/16384
mean(sgnprob[1:i - 1]) = 0.21297502071741448
8576/16384
mean(sgnprob[1:i - 1]) = 0.2156268221574344
8704/16384
mean(sgnprob[1:i - 1]) = 0.21797081466161095
8832/16384
mean(sgnprob[1:i - 1]) = 0.22160570716793115
8960/16384
mean(sgnprob[1:i - 1]) = 0.22625293001451055
9088/16384
mean(sgnprob[1:i - 1]) = 0.22922856828436228
9216/16384
mean(sgnprob[1:i - 1]) = 0.23364080303852414
9344/16384
mean(sgnprob[1:i - 1]) = 0.23621962966927113
9472/16384
mean(sgnprob[1:i - 1]) = 0.2279590328370816
9600/16384
mean(sgnprob[1:i - 1]) = 0.23242004375455777
9728/16384
mean(sgnprob[1:i - 1]) = 0.23573558137144032
9856/16384
mean(sgnprob[1:i - 1]) = 0.23876204972095383
9984/16384
mean(sgnprob[1:i - 1]) = 0.24231193028147852
10112/16384
mean(sgnprob[1:i - 1]) = 0.23390366927109088
10240/16384
mean(sgnprob[1:i - 1]) = 0.22433831428850473
10368/16384
mean(sgnprob[1:i - 1]) = 0.2275489534098582
10496/16384
mean(sgnprob[1:i - 1]) = 0.23125297760838495
10624/16384
mean(sgnprob[1:i - 1]) = 0.23430292760990304
10752/16384
mean(sgnprob[1:i - 1]) = 0.23765231141289184
10880/16384
mean(sgnprob[1:i - 1]) = 0.24092287894107914
11008/16384
mean(sgnprob[1:i - 1]) = 0.2433905696375034
11136/16384
mean(sgnprob[1:i - 1]) = 0.24723843735967668
11264/16384
mean(sgnprob[1:i - 1]) = 0.2494006925330729
11392/16384
mean(sgnprob[1:i - 1]) = 0.25309454832762707
11520/16384
mean(sgnprob[1:i - 1]) = 0.24403159996527476
11648/16384
mean(sgnprob[1:i - 1]) = 0.24873357946252253
11776/16384
mean(sgnprob[1:i - 1]) = 0.25231422505307854
11904/16384
mean(sgnprob[1:i - 1]) = 0.2558178610434344
12032/16384
mean(sgnprob[1:i - 1]) = 0.2590807081705594
12160/16384
mean(sgnprob[1:i - 1]) = 0.2627683197631384
12288/16384
mean(sgnprob[1:i - 1]) = 0.2675185155041914
12416/16384
mean(sgnprob[1:i - 1]) = 0.2686266612968184
12544/16384
mean(sgnprob[1:i - 1]) = 0.26971219006617236
12672/16384
mean(sgnprob[1:i - 1]) = 0.2613053429090048
12800/16384
mean(sgnprob[1:i - 1]) = 0.2527541214157356
12928/16384
mean(sgnprob[1:i - 1]) = 0.25597586446971454
13056/16384
mean(sgnprob[1:i - 1]) = 0.24841057066258138
13184/16384
mean(sgnprob[1:i - 1]) = 0.2510050823029659
13312/16384
mean(sgnprob[1:i - 1]) = 0.24438434377582452
13440/16384
mean(sgnprob[1:i - 1]) = 0.24726542153434036
13568/16384
mean(sgnprob[1:i - 1]) = 0.24036264465246554
13696/16384
mean(sgnprob[1:i - 1]) = 0.2435195326761592
13824/16384
mean(sgnprob[1:i - 1]) = 0.23634522173189612
13952/16384
mean(sgnprob[1:i - 1]) = 0.22915920005734355
14080/16384
mean(sgnprob[1:i - 1]) = 0.23133745294410116
14208/16384
mean(sgnprob[1:i - 1]) = 0.2334764552685296
14336/16384
mean(sgnprob[1:i - 1]) = 0.22511335891175444
14464/16384
mean(sgnprob[1:i - 1]) = 0.2186959828527968
14592/16384
mean(sgnprob[1:i - 1]) = 0.22061544787882942
14720/16384
mean(sgnprob[1:i - 1]) = 0.22481146817039202
14848/16384
mean(sgnprob[1:i - 1]) = 0.22785747962551356
14976/16384
mean(sgnprob[1:i - 1]) = 0.22991652754590985
15104/16384
mean(sgnprob[1:i - 1]) = 0.23207309805998808
15232/16384
mean(sgnprob[1:i - 1]) = 0.22539557481452302
15360/16384
mean(sgnprob[1:i - 1]) = 0.21974086854612931
15488/16384
mean(sgnprob[1:i - 1]) = 0.2223154904113127
15616/16384
mean(sgnprob[1:i - 1]) = 0.21485750880563562
15744/16384
mean(sgnprob[1:i - 1]) = 0.20929937114908212
15872/16384
mean(sgnprob[1:i - 1]) = 0.21176989477663663
16000/16384
mean(sgnprob[1:i - 1]) = 0.21320082505156573
16128/16384
mean(sgnprob[1:i - 1]) = 0.20692007192906306
16256/16384
mean(sgnprob[1:i - 1]) = 0.2091048908028299
16384/16384
mean(sgnprob[1:i - 1]) = 0.20417505951290973
742.848231 seconds (167.11 M allocations: 70.745 GiB, 1.85% gc time, 1.25% compilation time)
