## SLURM PROLOG ###############################################################
##    Job ID : 8834079
##  Job Name : sbatch_etgent.sh
##  Nodelist : node1735
##      CPUs : 8
##  Mem/Node : 4096 MB
## Directory : /oscar/home/trazzaz/AFQMC
##   Job Started : Fri Feb 28 06:16:18 AM EST 2025
###############################################################################
seed = 1633
U = 2.0
β = 6.0
Warming up
128/1024
256/1024
384/1024
512/1024
640/1024
768/1024
896/1024
1024/1024
Measuring
128/16384
mean(sgnprob[1:i - 1]) = 0.1968503937007874
256/16384
mean(sgnprob[1:i - 1]) = 0.21568627450980393
384/16384
mean(sgnprob[1:i - 1]) = 0.22193211488250653
512/16384
mean(sgnprob[1:i - 1]) = 0.2172211350293542
640/16384
mean(sgnprob[1:i - 1]) = 0.2237871674491393
768/16384
mean(sgnprob[1:i - 1]) = 0.24902216427640156
896/16384
mean(sgnprob[1:i - 1]) = 0.24916201117318434
1024/16384
mean(sgnprob[1:i - 1]) = 0.19257086999022482
1152/16384
mean(sgnprob[1:i - 1]) = 0.18158123370981755
1280/16384
mean(sgnprob[1:i - 1]) = 0.13682564503518374
1408/16384
mean(sgnprob[1:i - 1]) = 0.1513859275053305
1536/16384
mean(sgnprob[1:i - 1]) = 0.15700325732899023
1664/16384
mean(sgnprob[1:i - 1]) = 0.12447384245339747
1792/16384
mean(sgnprob[1:i - 1]) = 0.13679508654383027
1920/16384
mean(sgnprob[1:i - 1]) = 0.1453882230328296
2048/16384
mean(sgnprob[1:i - 1]) = 0.14802149487054225
2176/16384
mean(sgnprob[1:i - 1]) = 0.12183908045977011
2304/16384
mean(sgnprob[1:i - 1]) = 0.12375162831089882
2432/16384
mean(sgnprob[1:i - 1]) = 0.09749074454956808
2560/16384
mean(sgnprob[1:i - 1]) = 0.10121141070730755
2688/16384
mean(sgnprob[1:i - 1]) = 0.106810569408262
2816/16384
mean(sgnprob[1:i - 1]) = 0.08703374777975133
2944/16384
mean(sgnprob[1:i - 1]) = 0.09548080190282025
3072/16384
mean(sgnprob[1:i - 1]) = 0.10192119830674047
3200/16384
mean(sgnprob[1:i - 1]) = 0.10847139731165989
3328/16384
mean(sgnprob[1:i - 1]) = 0.109107303877367
3456/16384
mean(sgnprob[1:i - 1]) = 0.09464544138929089
3584/16384
mean(sgnprob[1:i - 1]) = 0.08400781468043539
3712/16384
mean(sgnprob[1:i - 1]) = 0.06440312584209108
3840/16384
mean(sgnprob[1:i - 1]) = 0.07163323782234957
3968/16384
mean(sgnprob[1:i - 1]) = 0.061255356692714896
4096/16384
mean(sgnprob[1:i - 1]) = 0.06617826617826618
4224/16384
mean(sgnprob[1:i - 1]) = 0.054226852948141134
4352/16384
mean(sgnprob[1:i - 1]) = 0.05814755228683061
4480/16384
mean(sgnprob[1:i - 1]) = 0.06318374637195803
4608/16384
mean(sgnprob[1:i - 1]) = 0.0653353592359453
4736/16384
mean(sgnprob[1:i - 1]) = 0.06694825765575502
4864/16384
mean(sgnprob[1:i - 1]) = 0.07505654945506889
4992/16384
mean(sgnprob[1:i - 1]) = 0.0787417351232218
5120/16384
mean(sgnprob[1:i - 1]) = 0.08185192420394609
5248/16384
mean(sgnprob[1:i - 1]) = 0.08557270821421765
5376/16384
mean(sgnprob[1:i - 1]) = 0.07869767441860465
5504/16384
mean(sgnprob[1:i - 1]) = 0.08231873523532618
5632/16384
mean(sgnprob[1:i - 1]) = 0.0754750488367963
5760/16384
mean(sgnprob[1:i - 1]) = 0.07970133703768015
5888/16384
mean(sgnprob[1:i - 1]) = 0.08510276881263802
6016/16384
mean(sgnprob[1:i - 1]) = 0.07963424771404821
6144/16384
mean(sgnprob[1:i - 1]) = 0.08025394758261435
6272/16384
mean(sgnprob[1:i - 1]) = 0.07287513953117525
6400/16384
mean(sgnprob[1:i - 1]) = 0.0757930926707298
6528/16384
mean(sgnprob[1:i - 1]) = 0.075838823349165
6656/16384
mean(sgnprob[1:i - 1]) = 0.07948910593538693
6784/16384
mean(sgnprob[1:i - 1]) = 0.08152734778121776
6912/16384
mean(sgnprob[1:i - 1]) = 0.08435826942555347
7040/16384
mean(sgnprob[1:i - 1]) = 0.08452905242221906
7168/16384
mean(sgnprob[1:i - 1]) = 0.07911259941398074
7296/16384
mean(sgnprob[1:i - 1]) = 0.07827278958190541
7424/16384
mean(sgnprob[1:i - 1]) = 0.07934797251784993
7552/16384
mean(sgnprob[1:i - 1]) = 0.07323533306846776
7680/16384
mean(sgnprob[1:i - 1]) = 0.06836827711941659
7808/16384
mean(sgnprob[1:i - 1]) = 0.07006532598949661
7936/16384
mean(sgnprob[1:i - 1]) = 0.07246376811594203
8064/16384
mean(sgnprob[1:i - 1]) = 0.06932903385836538
8192/16384
mean(sgnprob[1:i - 1]) = 0.07166402148699792
8320/16384
mean(sgnprob[1:i - 1]) = 0.07536963577353047
8448/16384
mean(sgnprob[1:i - 1]) = 0.0780158636202202
8576/16384
mean(sgnprob[1:i - 1]) = 0.07521865889212828
8704/16384
mean(sgnprob[1:i - 1]) = 0.07916810295300471
8832/16384
mean(sgnprob[1:i - 1]) = 0.08119125806816894
8960/16384
mean(sgnprob[1:i - 1]) = 0.08449603750418573
9088/16384
mean(sgnprob[1:i - 1]) = 0.08550676791020138
9216/16384
mean(sgnprob[1:i - 1]) = 0.08084644601193706
9344/16384
mean(sgnprob[1:i - 1]) = 0.0760997538263941
9472/16384
mean(sgnprob[1:i - 1]) = 0.07845000527927357
9600/16384
mean(sgnprob[1:i - 1]) = 0.08177935201583499
9728/16384
mean(sgnprob[1:i - 1]) = 0.08193687673486172
9856/16384
mean(sgnprob[1:i - 1]) = 0.07701674277016743
9984/16384
mean(sgnprob[1:i - 1]) = 0.07783231493539017
10112/16384
mean(sgnprob[1:i - 1]) = 0.07447334586094352
10240/16384
mean(sgnprob[1:i - 1]) = 0.07217501709151285
10368/16384
mean(sgnprob[1:i - 1]) = 0.07552811806694318
10496/16384
mean(sgnprob[1:i - 1]) = 0.07060505002382086
10624/16384
mean(sgnprob[1:i - 1]) = 0.0678715993598795
10752/16384
mean(sgnprob[1:i - 1]) = 0.06948190865965957
10880/16384
mean(sgnprob[1:i - 1]) = 0.07105432484603365
11008/16384
mean(sgnprob[1:i - 1]) = 0.06659398564549832
11136/16384
mean(sgnprob[1:i - 1]) = 0.06313426133812304
11264/16384
mean(sgnprob[1:i - 1]) = 0.059398028944330994
11392/16384
mean(sgnprob[1:i - 1]) = 0.055043455359494335
11520/16384
mean(sgnprob[1:i - 1]) = 0.05582081777932112
11648/16384
mean(sgnprob[1:i - 1]) = 0.05194470679144844
11776/16384
mean(sgnprob[1:i - 1]) = 0.04798301486199576
11904/16384
mean(sgnprob[1:i - 1]) = 0.04477862723683105
12032/16384
mean(sgnprob[1:i - 1]) = 0.04347103316432549
12160/16384
mean(sgnprob[1:i - 1]) = 0.044987252241138254
12288/16384
mean(sgnprob[1:i - 1]) = 0.04777407015544885
12416/16384
mean(sgnprob[1:i - 1]) = 0.045509464357631896
12544/16384
mean(sgnprob[1:i - 1]) = 0.048712429243402695
12672/16384
mean(sgnprob[1:i - 1]) = 0.04443216794254597
12800/16384
mean(sgnprob[1:i - 1]) = 0.045706695835612154
12928/16384
mean(sgnprob[1:i - 1]) = 0.047884273226580024
13056/16384
mean(sgnprob[1:i - 1]) = 0.05032554576790502
13184/16384
mean(sgnprob[1:i - 1]) = 0.051050595463854966
13312/16384
mean(sgnprob[1:i - 1]) = 0.048756667417925025
13440/16384
mean(sgnprob[1:i - 1]) = 0.046208795297269144
13568/16384
mean(sgnprob[1:i - 1]) = 0.04916341121839758
13696/16384
mean(sgnprob[1:i - 1]) = 0.05147864184008762
13824/16384
mean(sgnprob[1:i - 1]) = 0.05375099471894668
13952/16384
mean(sgnprob[1:i - 1]) = 0.05569493226292022
14080/16384
mean(sgnprob[1:i - 1]) = 0.058029689608636977
14208/16384
mean(sgnprob[1:i - 1]) = 0.05483212500879848
14336/16384
mean(sgnprob[1:i - 1]) = 0.05280781304499477
14464/16384
mean(sgnprob[1:i - 1]) = 0.04985134481089677
14592/16384
mean(sgnprob[1:i - 1]) = 0.051744225892673565
14720/16384
mean(sgnprob[1:i - 1]) = 0.05360418506692031
14848/16384
mean(sgnprob[1:i - 1]) = 0.05233380480905234
14976/16384
mean(sgnprob[1:i - 1]) = 0.05348914858096828
15104/16384
mean(sgnprob[1:i - 1]) = 0.05383036482817983
15232/16384
mean(sgnprob[1:i - 1]) = 0.05285273455452695
15360/16384
mean(sgnprob[1:i - 1]) = 0.05553746988736246
15488/16384
mean(sgnprob[1:i - 1]) = 0.05662813973009621
15616/16384
mean(sgnprob[1:i - 1]) = 0.05846942042907461
15744/16384
mean(sgnprob[1:i - 1]) = 0.06015371911325668
15872/16384
mean(sgnprob[1:i - 1]) = 0.05702224182471174
16000/16384
mean(sgnprob[1:i - 1]) = 0.05819113694605913
16128/16384
mean(sgnprob[1:i - 1]) = 0.05896943014819867
16256/16384
mean(sgnprob[1:i - 1]) = 0.05629037219317133
16384/16384
mean(sgnprob[1:i - 1]) = 0.058414209851675516
725.453641 seconds (167.11 M allocations: 70.745 GiB, 1.39% gc time, 1.24% compilation time)
