## SLURM PROLOG ###############################################################
##    Job ID : 8833917
##  Job Name : sbatch_etgent.sh
##  Nodelist : node1736
##      CPUs : 8
##  Mem/Node : 4096 MB
## Directory : /oscar/home/trazzaz/AFQMC
##   Job Started : Fri Feb 28 01:50:54 AM EST 2025
###############################################################################
seed = 1471
U = 2.0
β = 6.0
Warming up
128/1024
256/1024
384/1024
512/1024
640/1024
768/1024
896/1024
1024/1024
Measuring
128/16384
mean(sgnprob[1:i - 1]) = 0.14960629921259844
256/16384
mean(sgnprob[1:i - 1]) = 0.2
384/16384
mean(sgnprob[1:i - 1]) = 0.21148825065274152
512/16384
mean(sgnprob[1:i - 1]) = 0.09980430528375733
640/16384
mean(sgnprob[1:i - 1]) = 0.051643192488262914
768/16384
mean(sgnprob[1:i - 1]) = 0.07953063885267275
896/16384
mean(sgnprob[1:i - 1]) = 0.10391061452513967
1024/16384
mean(sgnprob[1:i - 1]) = 0.06549364613880743
1152/16384
mean(sgnprob[1:i - 1]) = 0.0894874022589053
1280/16384
mean(sgnprob[1:i - 1]) = 0.10086004691164972
1408/16384
mean(sgnprob[1:i - 1]) = 0.11869225302061123
1536/16384
mean(sgnprob[1:i - 1]) = 0.11921824104234528
1664/16384
mean(sgnprob[1:i - 1]) = 0.12687913409500903
1792/16384
mean(sgnprob[1:i - 1]) = 0.10106085985482971
1920/16384
mean(sgnprob[1:i - 1]) = 0.11203751954142782
2048/16384
mean(sgnprob[1:i - 1]) = 0.12359550561797752
2176/16384
mean(sgnprob[1:i - 1]) = 0.1328735632183908
2304/16384
mean(sgnprob[1:i - 1]) = 0.13938341293964393
2432/16384
mean(sgnprob[1:i - 1]) = 0.12134923899629782
2560/16384
mean(sgnprob[1:i - 1]) = 0.12778429073856976
2688/16384
mean(sgnprob[1:i - 1]) = 0.10829921845924823
2816/16384
mean(sgnprob[1:i - 1]) = 0.11119005328596802
2944/16384
mean(sgnprob[1:i - 1]) = 0.11926605504587157
3072/16384
mean(sgnprob[1:i - 1]) = 0.0986649299902312
3200/16384
mean(sgnprob[1:i - 1]) = 0.08658955923726164
3328/16384
mean(sgnprob[1:i - 1]) = 0.07363991584009619
3456/16384
mean(sgnprob[1:i - 1]) = 0.085383502170767
3584/16384
mean(sgnprob[1:i - 1]) = 0.07228579402735139
3712/16384
mean(sgnprob[1:i - 1]) = 0.07841552142279709
3840/16384
mean(sgnprob[1:i - 1]) = 0.08517843188330294
3968/16384
mean(sgnprob[1:i - 1]) = 0.08948827829594151
4096/16384
mean(sgnprob[1:i - 1]) = 0.09499389499389499
4224/16384
mean(sgnprob[1:i - 1]) = 0.07980108927302865
4352/16384
mean(sgnprob[1:i - 1]) = 0.08388876120432084
4480/16384
mean(sgnprob[1:i - 1]) = 0.08417057378879214
4608/16384
mean(sgnprob[1:i - 1]) = 0.07618840894291296
4736/16384
mean(sgnprob[1:i - 1]) = 0.06483632523759239
4864/16384
mean(sgnprob[1:i - 1]) = 0.07341147439851943
4992/16384
mean(sgnprob[1:i - 1]) = 0.07753957122821079
5120/16384
mean(sgnprob[1:i - 1]) = 0.06544246923227193
5248/16384
mean(sgnprob[1:i - 1]) = 0.05889079473985134
5376/16384
mean(sgnprob[1:i - 1]) = 0.05079069767441861
5504/16384
mean(sgnprob[1:i - 1]) = 0.054333999636561874
5632/16384
mean(sgnprob[1:i - 1]) = 0.047771266204936956
5760/16384
mean(sgnprob[1:i - 1]) = 0.05226601840597326
5888/16384
mean(sgnprob[1:i - 1]) = 0.045014438593511126
6016/16384
mean(sgnprob[1:i - 1]) = 0.0487115544472153
6144/16384
mean(sgnprob[1:i - 1]) = 0.042487384014325245
6272/16384
mean(sgnprob[1:i - 1]) = 0.04417158347950885
6400/16384
mean(sgnprob[1:i - 1]) = 0.05141428348179403
6528/16384
mean(sgnprob[1:i - 1]) = 0.05530871763444155
6656/16384
mean(sgnprob[1:i - 1]) = 0.06055597295266717
6784/16384
mean(sgnprob[1:i - 1]) = 0.055874981571576
6912/16384
mean(sgnprob[1:i - 1]) = 0.05281435392851975
7040/16384
mean(sgnprob[1:i - 1]) = 0.04844438130416252
7168/16384
mean(sgnprob[1:i - 1]) = 0.051206920608343795
7296/16384
mean(sgnprob[1:i - 1]) = 0.055517477724468814
7424/16384
mean(sgnprob[1:i - 1]) = 0.0575239121648929
7552/16384
mean(sgnprob[1:i - 1]) = 0.05072175870745597
7680/16384
mean(sgnprob[1:i - 1]) = 0.0472717801797109
7808/16384
mean(sgnprob[1:i - 1]) = 0.04086076597924939
7936/16384
mean(sgnprob[1:i - 1]) = 0.035664776307498425
8064/16384
mean(sgnprob[1:i - 1]) = 0.031625945677787426
8192/16384
mean(sgnprob[1:i - 1]) = 0.028934196068856062
8320/16384
mean(sgnprob[1:i - 1]) = 0.02560403894698882
8448/16384
mean(sgnprob[1:i - 1]) = 0.0294779211554398
8576/16384
mean(sgnprob[1:i - 1]) = 0.025306122448979593
8704/16384
mean(sgnprob[1:i - 1]) = 0.02746179478340802
8832/16384
mean(sgnprob[1:i - 1]) = 0.0300079266221266
8960/16384
mean(sgnprob[1:i - 1]) = 0.0324813037169327
9088/16384
mean(sgnprob[1:i - 1]) = 0.0351050951909321
9216/16384
mean(sgnprob[1:i - 1]) = 0.0385241454150841
9344/16384
mean(sgnprob[1:i - 1]) = 0.041207320988975706
9472/16384
mean(sgnprob[1:i - 1]) = 0.03727167141801288
9600/16384
mean(sgnprob[1:i - 1]) = 0.036357953953536824
9728/16384
mean(sgnprob[1:i - 1]) = 0.03320653850107947
9856/16384
mean(sgnprob[1:i - 1]) = 0.030948756976154235
9984/16384
mean(sgnprob[1:i - 1]) = 0.03455874987478714
10112/16384
mean(sgnprob[1:i - 1]) = 0.03847295025220057
10240/16384
mean(sgnprob[1:i - 1]) = 0.04150795976169548
10368/16384
mean(sgnprob[1:i - 1]) = 0.03829458859843735
10496/16384
mean(sgnprob[1:i - 1]) = 0.041829442591710335
10624/16384
mean(sgnprob[1:i - 1]) = 0.044902569895509746
10752/16384
mean(sgnprob[1:i - 1]) = 0.04250767370477165
10880/16384
mean(sgnprob[1:i - 1]) = 0.04476514385513374
11008/16384
mean(sgnprob[1:i - 1]) = 0.047151812482965384
11136/16384
mean(sgnprob[1:i - 1]) = 0.04463403682083521
11264/16384
mean(sgnprob[1:i - 1]) = 0.04608008523483974
11392/16384
mean(sgnprob[1:i - 1]) = 0.04292862786410324
11520/16384
mean(sgnprob[1:i - 1]) = 0.043666984981335186
11648/16384
mean(sgnprob[1:i - 1]) = 0.04507598523224865
11776/16384
mean(sgnprob[1:i - 1]) = 0.04679405520169851
11904/16384
mean(sgnprob[1:i - 1]) = 0.04914727379652189
12032/16384
mean(sgnprob[1:i - 1]) = 0.05161665696949547
12160/16384
mean(sgnprob[1:i - 1]) = 0.049263919730240975
12288/16384
mean(sgnprob[1:i - 1]) = 0.051192317083095955
12416/16384
mean(sgnprob[1:i - 1]) = 0.04760370519532823
12544/16384
mean(sgnprob[1:i - 1]) = 0.05062584708602408
12672/16384
mean(sgnprob[1:i - 1]) = 0.05311340857075211
12800/16384
mean(sgnprob[1:i - 1]) = 0.055707477146652085
12928/16384
mean(sgnprob[1:i - 1]) = 0.05871431886748665
13056/16384
mean(sgnprob[1:i - 1]) = 0.05997702029873612
13184/16384
mean(sgnprob[1:i - 1]) = 0.06121520139573693
13312/16384
mean(sgnprob[1:i - 1]) = 0.05897378108331455
13440/16384
mean(sgnprob[1:i - 1]) = 0.061090854974328444
13568/16384
mean(sgnprob[1:i - 1]) = 0.06228348197832977
13696/16384
mean(sgnprob[1:i - 1]) = 0.05878057685286601
13824/16384
mean(sgnprob[1:i - 1]) = 0.060117195977718293
13952/16384
mean(sgnprob[1:i - 1]) = 0.06171600602107376
14080/16384
mean(sgnprob[1:i - 1]) = 0.06314368918247035
14208/16384
mean(sgnprob[1:i - 1]) = 0.059759273597522346
14336/16384
mean(sgnprob[1:i - 1]) = 0.05699337286362051
14464/16384
mean(sgnprob[1:i - 1]) = 0.05358501002558252
14592/16384
mean(sgnprob[1:i - 1]) = 0.05242957987800699
14720/16384
mean(sgnprob[1:i - 1]) = 0.05306066988246484
14848/16384
mean(sgnprob[1:i - 1]) = 0.050447901933050446
14976/16384
mean(sgnprob[1:i - 1]) = 0.05242070116861436
15104/16384
mean(sgnprob[1:i - 1]) = 0.05369794080646229
15232/16384
mean(sgnprob[1:i - 1]) = 0.055872890814785636
15360/16384
mean(sgnprob[1:i - 1]) = 0.05319356728953708
15488/16384
mean(sgnprob[1:i - 1]) = 0.05081681410215019
15616/16384
mean(sgnprob[1:i - 1]) = 0.04860710854947166
15744/16384
mean(sgnprob[1:i - 1]) = 0.05024455313472655
15872/16384
mean(sgnprob[1:i - 1]) = 0.04719299351017579
16000/16384
mean(sgnprob[1:i - 1]) = 0.04531533220826302
16128/16384
mean(sgnprob[1:i - 1]) = 0.046443851925342595
16256/16384
mean(sgnprob[1:i - 1]) = 0.047554598585050754
16384/16384
mean(sgnprob[1:i - 1]) = 0.046328511261673685
733.984674 seconds (167.11 M allocations: 70.745 GiB, 1.41% gc time, 1.23% compilation time)
