## SLURM PROLOG ###############################################################
##    Job ID : 8822313
##  Job Name : sbatch_etgent.sh
##  Nodelist : node1736
##      CPUs : 8
##  Mem/Node : 4096 MB
## Directory : /oscar/home/trazzaz/AFQMC
##   Job Started : Thu Feb 27 07:30:37 PM EST 2025
###############################################################################
seed = 1308
U = 2.0
β = 6.0
Warming up
128/1024
256/1024
384/1024
512/1024
640/1024
768/1024
896/1024
1024/1024
Measuring
128/16384
mean(sgnprob[1:i - 1]) = -0.3543307086614173
256/16384
mean(sgnprob[1:i - 1]) = 0.09019607843137255
384/16384
mean(sgnprob[1:i - 1]) = 0.21671018276762402
512/16384
mean(sgnprob[1:i - 1]) = 0.2759295499021526
640/16384
mean(sgnprob[1:i - 1]) = 0.3208137715179969
768/16384
mean(sgnprob[1:i - 1]) = 0.3116036505867014
896/16384
mean(sgnprob[1:i - 1]) = 0.21340782122905028
1024/16384
mean(sgnprob[1:i - 1]) = 0.25317693059628543
1152/16384
mean(sgnprob[1:i - 1]) = 0.18679409209383144
1280/16384
mean(sgnprob[1:i - 1]) = 0.21188428459734168
1408/16384
mean(sgnprob[1:i - 1]) = 0.23098791755508175
1536/16384
mean(sgnprob[1:i - 1]) = 0.24299674267100976
1664/16384
mean(sgnprob[1:i - 1]) = 0.20625375826819
1792/16384
mean(sgnprob[1:i - 1]) = 0.21496370742601897
1920/16384
mean(sgnprob[1:i - 1]) = 0.22980719124544033
2048/16384
mean(sgnprob[1:i - 1]) = 0.2427943331704934
2176/16384
mean(sgnprob[1:i - 1]) = 0.19816091954022988
2304/16384
mean(sgnprob[1:i - 1]) = 0.17064698219713417
2432/16384
mean(sgnprob[1:i - 1]) = 0.18140682846565198
2560/16384
mean(sgnprob[1:i - 1]) = 0.14966783899960923
2688/16384
mean(sgnprob[1:i - 1]) = 0.15742463714179383
2816/16384
mean(sgnprob[1:i - 1]) = 0.16092362344582592
2944/16384
mean(sgnprob[1:i - 1]) = 0.16887529731566428
3072/16384
mean(sgnprob[1:i - 1]) = 0.18072289156626506
3200/16384
mean(sgnprob[1:i - 1]) = 0.18662081900593935
3328/16384
mean(sgnprob[1:i - 1]) = 0.17162608957018335
3456/16384
mean(sgnprob[1:i - 1]) = 0.1768451519536903
3584/16384
mean(sgnprob[1:i - 1]) = 0.1565727044376221
3712/16384
mean(sgnprob[1:i - 1]) = 0.13985448666127728
3840/16384
mean(sgnprob[1:i - 1]) = 0.14717374316228185
3968/16384
mean(sgnprob[1:i - 1]) = 0.15502898916057475
4096/16384
mean(sgnprob[1:i - 1]) = 0.13943833943833944
4224/16384
mean(sgnprob[1:i - 1]) = 0.12195121951219512
4352/16384
mean(sgnprob[1:i - 1]) = 0.127097219030108
4480/16384
mean(sgnprob[1:i - 1]) = 0.13373520875195355
4608/16384
mean(sgnprob[1:i - 1]) = 0.1395702192316041
4736/16384
mean(sgnprob[1:i - 1]) = 0.12481520591341078
4864/16384
mean(sgnprob[1:i - 1]) = 0.135101789019124
4992/16384
mean(sgnprob[1:i - 1]) = 0.14285714285714285
5120/16384
mean(sgnprob[1:i - 1]) = 0.14827114670834146
5248/16384
mean(sgnprob[1:i - 1]) = 0.15723270440251572
5376/16384
mean(sgnprob[1:i - 1]) = 0.16204651162790698
5504/16384
mean(sgnprob[1:i - 1]) = 0.14882791204797383
5632/16384
mean(sgnprob[1:i - 1]) = 0.13230332090214883
5760/16384
mean(sgnprob[1:i - 1]) = 0.1394339295016496
5888/16384
mean(sgnprob[1:i - 1]) = 0.1285884151520299
6016/16384
mean(sgnprob[1:i - 1]) = 0.11554447215295095
6144/16384
mean(sgnprob[1:i - 1]) = 0.12095067556568452
6272/16384
mean(sgnprob[1:i - 1]) = 0.12613618242704513
6400/16384
mean(sgnprob[1:i - 1]) = 0.1301765900922019
6528/16384
mean(sgnprob[1:i - 1]) = 0.13436494561054083
6656/16384
mean(sgnprob[1:i - 1]) = 0.1401953418482344
6784/16384
mean(sgnprob[1:i - 1]) = 0.14727996461742593
6912/16384
mean(sgnprob[1:i - 1]) = 0.15294458110259007
7040/16384
mean(sgnprob[1:i - 1]) = 0.15868731353885496
7168/16384
mean(sgnprob[1:i - 1]) = 0.16394586298311706
7296/16384
mean(sgnprob[1:i - 1]) = 0.1536668951336532
7424/16384
mean(sgnprob[1:i - 1]) = 0.15748349723831334
7552/16384
mean(sgnprob[1:i - 1]) = 0.16434909283538604
7680/16384
mean(sgnprob[1:i - 1]) = 0.15379606719624953
7808/16384
mean(sgnprob[1:i - 1]) = 0.15691046496733702
7936/16384
mean(sgnprob[1:i - 1]) = 0.1448015122873346
8064/16384
mean(sgnprob[1:i - 1]) = 0.13679771797097853
8192/16384
mean(sgnprob[1:i - 1]) = 0.14052008301794652
8320/16384
mean(sgnprob[1:i - 1]) = 0.1441278999879793
8448/16384
mean(sgnprob[1:i - 1]) = 0.13602462412690897
8576/16384
mean(sgnprob[1:i - 1]) = 0.13959183673469389
8704/16384
mean(sgnprob[1:i - 1]) = 0.14328392508330462
8832/16384
mean(sgnprob[1:i - 1]) = 0.14709545917789604
8960/16384
mean(sgnprob[1:i - 1]) = 0.15102131934367674
9088/16384
mean(sgnprob[1:i - 1]) = 0.14537251017937713
9216/16384
mean(sgnprob[1:i - 1]) = 0.14921323928377644
9344/16384
mean(sgnprob[1:i - 1]) = 0.15337685968104464
9472/16384
mean(sgnprob[1:i - 1]) = 0.15785027980149932
9600/16384
mean(sgnprob[1:i - 1]) = 0.16095426606938223
9728/16384
mean(sgnprob[1:i - 1]) = 0.15307905829135396
9856/16384
mean(sgnprob[1:i - 1]) = 0.14561136478944697
9984/16384
mean(sgnprob[1:i - 1]) = 0.13793448863067215
10112/16384
mean(sgnprob[1:i - 1]) = 0.14073781030560775
10240/16384
mean(sgnprob[1:i - 1]) = 0.1421037210665104
10368/16384
mean(sgnprob[1:i - 1]) = 0.14401466190797724
10496/16384
mean(sgnprob[1:i - 1]) = 0.14797522629823726
10624/16384
mean(sgnprob[1:i - 1]) = 0.15014590981831874
10752/16384
mean(sgnprob[1:i - 1]) = 0.15375313924286113
10880/16384
mean(sgnprob[1:i - 1]) = 0.15727548487912493
11008/16384
mean(sgnprob[1:i - 1]) = 0.15072226764786045
11136/16384
mean(sgnprob[1:i - 1]) = 0.15437808711270767
11264/16384
mean(sgnprob[1:i - 1]) = 0.15741809464618664
11392/16384
mean(sgnprob[1:i - 1]) = 0.1502063032218418
11520/16384
mean(sgnprob[1:i - 1]) = 0.14697456376421564
11648/16384
mean(sgnprob[1:i - 1]) = 0.1494805529320855
11776/16384
mean(sgnprob[1:i - 1]) = 0.1510828025477707
11904/16384
mean(sgnprob[1:i - 1]) = 0.14424934890363775
12032/16384
mean(sgnprob[1:i - 1]) = 0.14603939822126175
12160/16384
mean(sgnprob[1:i - 1]) = 0.14960111851303562
12288/16384
mean(sgnprob[1:i - 1]) = 0.15162366729063237
12416/16384
mean(sgnprob[1:i - 1]) = 0.15521546516310913
12544/16384
mean(sgnprob[1:i - 1]) = 0.1577772462728215
12672/16384
mean(sgnprob[1:i - 1]) = 0.15207955173230212
12800/16384
mean(sgnprob[1:i - 1]) = 0.14790217985780138
12928/16384
mean(sgnprob[1:i - 1]) = 0.15030556200201128
13056/16384
mean(sgnprob[1:i - 1]) = 0.1520490233626963
13184/16384
mean(sgnprob[1:i - 1]) = 0.15421376014564211
13312/16384
mean(sgnprob[1:i - 1]) = 0.14972579069942152
13440/16384
mean(sgnprob[1:i - 1]) = 0.15127613661730785
13568/16384
mean(sgnprob[1:i - 1]) = 0.1539765607724626
13696/16384
mean(sgnprob[1:i - 1]) = 0.1480102227090179
13824/16384
mean(sgnprob[1:i - 1]) = 0.1418650075960356
13952/16384
mean(sgnprob[1:i - 1]) = 0.13841301698802952
14080/16384
mean(sgnprob[1:i - 1]) = 0.14099012713971162
14208/16384
mean(sgnprob[1:i - 1]) = 0.13563736186386993
14336/16384
mean(sgnprob[1:i - 1]) = 0.13833275200558073
14464/16384
mean(sgnprob[1:i - 1]) = 0.1409804328285971
14592/16384
mean(sgnprob[1:i - 1]) = 0.14303337673908573
14720/16384
mean(sgnprob[1:i - 1]) = 0.13812079624974521
14848/16384
mean(sgnprob[1:i - 1]) = 0.14083653263285512
14976/16384
mean(sgnprob[1:i - 1]) = 0.13696160267111854
15104/16384
mean(sgnprob[1:i - 1]) = 0.13354962590213865
15232/16384
mean(sgnprob[1:i - 1]) = 0.1359726872825159
15360/16384
mean(sgnprob[1:i - 1]) = 0.13796471124422163
15488/16384
mean(sgnprob[1:i - 1]) = 0.14069865048104863
15616/16384
mean(sgnprob[1:i - 1]) = 0.14287544028178034
15744/16384
mean(sgnprob[1:i - 1]) = 0.13802960045734614
15872/16384
mean(sgnprob[1:i - 1]) = 0.1399407724781047
16000/16384
mean(sgnprob[1:i - 1]) = 0.1416963560222514
16128/16384
mean(sgnprob[1:i - 1]) = 0.13809139951633906
16256/16384
mean(sgnprob[1:i - 1]) = 0.1393417410027684
16384/16384
mean(sgnprob[1:i - 1]) = 0.14154916681926388
740.738601 seconds (167.11 M allocations: 70.745 GiB, 1.46% gc time, 1.24% compilation time)
