## SLURM PROLOG ###############################################################
##    Job ID : 8833852
##  Job Name : sbatch_etgent.sh
##  Nodelist : node1734
##      CPUs : 8
##  Mem/Node : 4096 MB
## Directory : /oscar/home/trazzaz/AFQMC
##   Job Started : Fri Feb 28 12:08:44 AM EST 2025
###############################################################################
seed = 1406
U = 2.0
β = 6.0
Warming up
128/1024
256/1024
384/1024
512/1024
640/1024
768/1024
896/1024
1024/1024
Measuring
128/16384
mean(sgnprob[1:i - 1]) = 0.4015748031496063
256/16384
mean(sgnprob[1:i - 1]) = 0.4588235294117647
384/16384
mean(sgnprob[1:i - 1]) = 0.4360313315926893
512/16384
mean(sgnprob[1:i - 1]) = 0.4324853228962818
640/16384
mean(sgnprob[1:i - 1]) = 0.4679186228482003
768/16384
mean(sgnprob[1:i - 1]) = 0.4758800521512386
896/16384
mean(sgnprob[1:i - 1]) = 0.49050279329608937
1024/16384
mean(sgnprob[1:i - 1]) = 0.4916911045943304
1152/16384
mean(sgnprob[1:i - 1]) = 0.3935708079930495
1280/16384
mean(sgnprob[1:i - 1]) = 0.40578577013291633
1408/16384
mean(sgnprob[1:i - 1]) = 0.3304904051172708
1536/16384
mean(sgnprob[1:i - 1]) = 0.33420195439739414
1664/16384
mean(sgnprob[1:i - 1]) = 0.2760072158749248
1792/16384
mean(sgnprob[1:i - 1]) = 0.2283640424343942
1920/16384
mean(sgnprob[1:i - 1]) = 0.24752475247524752
2048/16384
mean(sgnprob[1:i - 1]) = 0.2642892037127504
2176/16384
mean(sgnprob[1:i - 1]) = 0.27632183908045976
2304/16384
mean(sgnprob[1:i - 1]) = 0.23317412071211463
2432/16384
mean(sgnprob[1:i - 1]) = 0.19703825586178528
2560/16384
mean(sgnprob[1:i - 1]) = 0.205158264947245
2688/16384
mean(sgnprob[1:i - 1]) = 0.22739114253814663
2816/16384
mean(sgnprob[1:i - 1]) = 0.23552397868561278
2944/16384
mean(sgnprob[1:i - 1]) = 0.2490655793408087
3072/16384
mean(sgnprob[1:i - 1]) = 0.22370563334418755
3200/16384
mean(sgnprob[1:i - 1]) = 0.22913410440762738
3328/16384
mean(sgnprob[1:i - 1]) = 0.2359483017733694
3456/16384
mean(sgnprob[1:i - 1]) = 0.2081041968162084
3584/16384
mean(sgnprob[1:i - 1]) = 0.2174155735417248
3712/16384
mean(sgnprob[1:i - 1]) = 0.23147399622743195
3840/16384
mean(sgnprob[1:i - 1]) = 0.23834331857254493
3968/16384
mean(sgnprob[1:i - 1]) = 0.24829846231409125
4096/16384
mean(sgnprob[1:i - 1]) = 0.25225885225885225
4224/16384
mean(sgnprob[1:i - 1]) = 0.2578735496092825
4352/16384
mean(sgnprob[1:i - 1]) = 0.26545621696161803
4480/16384
mean(sgnprob[1:i - 1]) = 0.24134851529359233
4608/16384
mean(sgnprob[1:i - 1]) = 0.24679835033644454
4736/16384
mean(sgnprob[1:i - 1]) = 0.2549102428722281
4864/16384
mean(sgnprob[1:i - 1]) = 0.26012749331688256
4992/16384
mean(sgnprob[1:i - 1]) = 0.26547786014826685
5120/16384
mean(sgnprob[1:i - 1]) = 0.27095135768704826
5248/16384
mean(sgnprob[1:i - 1]) = 0.2540499332952163
5376/16384
mean(sgnprob[1:i - 1]) = 0.26065116279069767
5504/16384
mean(sgnprob[1:i - 1]) = 0.2647646738142831
5632/16384
mean(sgnprob[1:i - 1]) = 0.2669152903569526
5760/16384
mean(sgnprob[1:i - 1]) = 0.2724431324882792
5888/16384
mean(sgnprob[1:i - 1]) = 0.25768642772209954
6016/16384
mean(sgnprob[1:i - 1]) = 0.2621778886118038
6144/16384
mean(sgnprob[1:i - 1]) = 0.26941233924792446
6272/16384
mean(sgnprob[1:i - 1]) = 0.2747568170945623
6400/16384
mean(sgnprob[1:i - 1]) = 0.2614471011095484
6528/16384
mean(sgnprob[1:i - 1]) = 0.2661253255707063
6656/16384
mean(sgnprob[1:i - 1]) = 0.27062359128474833
6784/16384
mean(sgnprob[1:i - 1]) = 0.25755565384048357
6912/16384
mean(sgnprob[1:i - 1]) = 0.2597308638402547
7040/16384
mean(sgnprob[1:i - 1]) = 0.2422219065208126
7168/16384
mean(sgnprob[1:i - 1]) = 0.23036137854053299
7296/16384
mean(sgnprob[1:i - 1]) = 0.21946538725154216
7424/16384
mean(sgnprob[1:i - 1]) = 0.22565000673582108
7552/16384
mean(sgnprob[1:i - 1]) = 0.21467355317176534
7680/16384
mean(sgnprob[1:i - 1]) = 0.20250032556322436
7808/16384
mean(sgnprob[1:i - 1]) = 0.20686563340591776
7936/16384
mean(sgnprob[1:i - 1]) = 0.2123503465658475
8064/16384
mean(sgnprob[1:i - 1]) = 0.20054570259208732
8192/16384
mean(sgnprob[1:i - 1]) = 0.2037602246367965
8320/16384
mean(sgnprob[1:i - 1]) = 0.19461473734823898
8448/16384
mean(sgnprob[1:i - 1]) = 0.19995264590979045
8576/16384
mean(sgnprob[1:i - 1]) = 0.18903790087463557
8704/16384
mean(sgnprob[1:i - 1]) = 0.19315178674020453
8832/16384
mean(sgnprob[1:i - 1]) = 0.19578756652700713
8960/16384
mean(sgnprob[1:i - 1]) = 0.18763254827547718
9088/16384
mean(sgnprob[1:i - 1]) = 0.19225266864751844
9216/16384
mean(sgnprob[1:i - 1]) = 0.19717851329354313
9344/16384
mean(sgnprob[1:i - 1]) = 0.203039708872953
9472/16384
mean(sgnprob[1:i - 1]) = 0.19480519480519481
9600/16384
mean(sgnprob[1:i - 1]) = 0.18429003021148035
9728/16384
mean(sgnprob[1:i - 1]) = 0.17713580754600597
9856/16384
mean(sgnprob[1:i - 1]) = 0.17990867579908676
9984/16384
mean(sgnprob[1:i - 1]) = 0.18381248121807073
10112/16384
mean(sgnprob[1:i - 1]) = 0.18603501137375136
10240/16384
mean(sgnprob[1:i - 1]) = 0.1760914151772634
10368/16384
mean(sgnprob[1:i - 1]) = 0.18009067232564868
10496/16384
mean(sgnprob[1:i - 1]) = 0.18437351119580753
10624/16384
mean(sgnprob[1:i - 1]) = 0.17499764661583356
10752/16384
mean(sgnprob[1:i - 1]) = 0.17868105292530928
10880/16384
mean(sgnprob[1:i - 1]) = 0.1819101020314367
11008/16384
mean(sgnprob[1:i - 1]) = 0.18470064504406286
11136/16384
mean(sgnprob[1:i - 1]) = 0.17718904355635384
11264/16384
mean(sgnprob[1:i - 1]) = 0.18014738524371837
11392/16384
mean(sgnprob[1:i - 1]) = 0.18356597313668685
11520/16384
mean(sgnprob[1:i - 1]) = 0.17753277194200887
11648/16384
mean(sgnprob[1:i - 1]) = 0.18107667210440456
11776/16384
mean(sgnprob[1:i - 1]) = 0.17401273885350318
11904/16384
mean(sgnprob[1:i - 1]) = 0.17768629757204066
12032/16384
mean(sgnprob[1:i - 1]) = 0.18128168897016042
12160/16384
mean(sgnprob[1:i - 1]) = 0.1760835595032486
12288/16384
mean(sgnprob[1:i - 1]) = 0.18027183201757954
12416/16384
mean(sgnprob[1:i - 1]) = 0.17325815545710835
12544/16384
mean(sgnprob[1:i - 1]) = 0.16574982061707724
12672/16384
mean(sgnprob[1:i - 1]) = 0.16912635151132507
12800/16384
mean(sgnprob[1:i - 1]) = 0.17212282209547622
12928/16384
mean(sgnprob[1:i - 1]) = 0.1659317707124623
13056/16384
mean(sgnprob[1:i - 1]) = 0.16905400229797013
13184/16384
mean(sgnprob[1:i - 1]) = 0.17393612986421908
13312/16384
mean(sgnprob[1:i - 1]) = 0.1673052362707535
13440/16384
mean(sgnprob[1:i - 1]) = 0.17002753181040256
13568/16384
mean(sgnprob[1:i - 1]) = 0.17240362644652465
13696/16384
mean(sgnprob[1:i - 1]) = 0.1756115370573202
13824/16384
mean(sgnprob[1:i - 1]) = 0.178760037618462
13952/16384
mean(sgnprob[1:i - 1]) = 0.18070389219410796
14080/16384
mean(sgnprob[1:i - 1]) = 0.18289651253640174
14208/16384
mean(sgnprob[1:i - 1]) = 0.17674385866122333
14336/16384
mean(sgnprob[1:i - 1]) = 0.18032786885245902
14464/16384
mean(sgnprob[1:i - 1]) = 0.17430685196708842
14592/16384
mean(sgnprob[1:i - 1]) = 0.1768898636145569
14720/16384
mean(sgnprob[1:i - 1]) = 0.17969970786058836
14848/16384
mean(sgnprob[1:i - 1]) = 0.1807099077254664
14976/16384
mean(sgnprob[1:i - 1]) = 0.18330550918196994
15104/16384
mean(sgnprob[1:i - 1]) = 0.17671985698205656
15232/16384
mean(sgnprob[1:i - 1]) = 0.17142669555511786
15360/16384
mean(sgnprob[1:i - 1]) = 0.17403476788853442
15488/16384
mean(sgnprob[1:i - 1]) = 0.17672886937431395
15616/16384
mean(sgnprob[1:i - 1]) = 0.17796990073647134
15744/16384
mean(sgnprob[1:i - 1]) = 0.18147748205551673
15872/16384
mean(sgnprob[1:i - 1]) = 0.17673744565559826
16000/16384
mean(sgnprob[1:i - 1]) = 0.17882367647977998
16128/16384
mean(sgnprob[1:i - 1]) = 0.17368388416940533
16256/16384
mean(sgnprob[1:i - 1]) = 0.17613042140879728
16384/16384
mean(sgnprob[1:i - 1]) = 0.1793932735152292
778.701176 seconds (167.11 M allocations: 70.745 GiB, 1.40% gc time, 1.17% compilation time)
