## SLURM PROLOG ###############################################################
##    Job ID : 8833994
##  Job Name : sbatch_etgent.sh
##  Nodelist : node1735
##      CPUs : 8
##  Mem/Node : 4096 MB
## Directory : /oscar/home/trazzaz/AFQMC
##   Job Started : Fri Feb 28 03:57:48 AM EST 2025
###############################################################################
seed = 1548
U = 2.0
β = 6.0
Warming up
128/1024
256/1024
384/1024
512/1024
640/1024
768/1024
896/1024
1024/1024
Measuring
128/16384
mean(sgnprob[1:i - 1]) = 0.4015748031496063
256/16384
mean(sgnprob[1:i - 1]) = 0.3411764705882353
384/16384
mean(sgnprob[1:i - 1]) = 0.2845953002610966
512/16384
mean(sgnprob[1:i - 1]) = 0.30724070450097846
640/16384
mean(sgnprob[1:i - 1]) = 0.323943661971831
768/16384
mean(sgnprob[1:i - 1]) = 0.3428943937418514
896/16384
mean(sgnprob[1:i - 1]) = 0.3206703910614525
1024/16384
mean(sgnprob[1:i - 1]) = 0.2512218963831867
1152/16384
mean(sgnprob[1:i - 1]) = 0.2701998262380539
1280/16384
mean(sgnprob[1:i - 1]) = 0.26817826426896013
1408/16384
mean(sgnprob[1:i - 1]) = 0.20966595593461265
1536/16384
mean(sgnprob[1:i - 1]) = 0.16612377850162866
1664/16384
mean(sgnprob[1:i - 1]) = 0.1761876127480457
1792/16384
mean(sgnprob[1:i - 1]) = 0.14349525404801786
1920/16384
mean(sgnprob[1:i - 1]) = 0.15059927045336113
2048/16384
mean(sgnprob[1:i - 1]) = 0.15876893014167073
2176/16384
mean(sgnprob[1:i - 1]) = 0.17517241379310344
2304/16384
mean(sgnprob[1:i - 1]) = 0.14025184541901867
2432/16384
mean(sgnprob[1:i - 1]) = 0.15014397367338544
2560/16384
mean(sgnprob[1:i - 1]) = 0.1684251660805002
2688/16384
mean(sgnprob[1:i - 1]) = 0.145515444733904
2816/16384
mean(sgnprob[1:i - 1]) = 0.15097690941385436
2944/16384
mean(sgnprob[1:i - 1]) = 0.1559633027522936
3072/16384
mean(sgnprob[1:i - 1]) = 0.13318137414522957
3200/16384
mean(sgnprob[1:i - 1]) = 0.14098155673648016
3328/16384
mean(sgnprob[1:i - 1]) = 0.1427712654042681
3456/16384
mean(sgnprob[1:i - 1]) = 0.12706222865412445
3584/16384
mean(sgnprob[1:i - 1]) = 0.13033770583310075
3712/16384
mean(sgnprob[1:i - 1]) = 0.1166801401239558
3840/16384
mean(sgnprob[1:i - 1]) = 0.10237040896066683
3968/16384
mean(sgnprob[1:i - 1]) = 0.10612553566927149
4096/16384
mean(sgnprob[1:i - 1]) = 0.08913308913308914
4224/16384
mean(sgnprob[1:i - 1]) = 0.07743310442813166
4352/16384
mean(sgnprob[1:i - 1]) = 0.06320386118133763
4480/16384
mean(sgnprob[1:i - 1]) = 0.06943514177271712
4608/16384
mean(sgnprob[1:i - 1]) = 0.05925765140004341
4736/16384
mean(sgnprob[1:i - 1]) = 0.0631467793030623
4864/16384
mean(sgnprob[1:i - 1]) = 0.0725889368702447
4992/16384
mean(sgnprob[1:i - 1]) = 0.08314966940492888
5120/16384
mean(sgnprob[1:i - 1]) = 0.08966595038093378
5248/16384
mean(sgnprob[1:i - 1]) = 0.09395845244901849
5376/16384
mean(sgnprob[1:i - 1]) = 0.09990697674418604
5504/16384
mean(sgnprob[1:i - 1]) = 0.1055787752135199
5632/16384
mean(sgnprob[1:i - 1]) = 0.10992718877641627
5760/16384
mean(sgnprob[1:i - 1]) = 0.11790241361347456
5888/16384
mean(sgnprob[1:i - 1]) = 0.11092237132665195
6016/16384
mean(sgnprob[1:i - 1]) = 0.11587697423108895
6144/16384
mean(sgnprob[1:i - 1]) = 0.12095067556568452
6272/16384
mean(sgnprob[1:i - 1]) = 0.12581725402647106
6400/16384
mean(sgnprob[1:i - 1]) = 0.11954992967651196
6528/16384
mean(sgnprob[1:i - 1]) = 0.12149532710280374
6656/16384
mean(sgnprob[1:i - 1]) = 0.11134485349361382
6784/16384
mean(sgnprob[1:i - 1]) = 0.10128261831048209
6912/16384
mean(sgnprob[1:i - 1]) = 0.10490522355664882
7040/16384
mean(sgnprob[1:i - 1]) = 0.10981673533172326
7168/16384
mean(sgnprob[1:i - 1]) = 0.11483186828519604
7296/16384
mean(sgnprob[1:i - 1]) = 0.104592186429061
7424/16384
mean(sgnprob[1:i - 1]) = 0.10871615249898962
7552/16384
mean(sgnprob[1:i - 1]) = 0.11217057343398225
7680/16384
mean(sgnprob[1:i - 1]) = 0.1134262273733559
7808/16384
mean(sgnprob[1:i - 1]) = 0.11976431407711029
7936/16384
mean(sgnprob[1:i - 1]) = 0.12262129804662886
8064/16384
mean(sgnprob[1:i - 1]) = 0.11695398734962173
8192/16384
mean(sgnprob[1:i - 1]) = 0.11903308509339519
8320/16384
mean(sgnprob[1:i - 1]) = 0.12176944344272148
8448/16384
mean(sgnprob[1:i - 1]) = 0.11424174263051971
8576/16384
mean(sgnprob[1:i - 1]) = 0.11813411078717201
8704/16384
mean(sgnprob[1:i - 1]) = 0.11134091692519821
8832/16384
mean(sgnprob[1:i - 1]) = 0.10632997395538445
8960/16384
mean(sgnprob[1:i - 1]) = 0.10056925996204934
9088/16384
mean(sgnprob[1:i - 1]) = 0.10289424452514581
9216/16384
mean(sgnprob[1:i - 1]) = 0.10493760173629951
9344/16384
mean(sgnprob[1:i - 1]) = 0.11013593064326234
9472/16384
mean(sgnprob[1:i - 1]) = 0.10400168936754303
9600/16384
mean(sgnprob[1:i - 1]) = 0.10323992082508594
9728/16384
mean(sgnprob[1:i - 1]) = 0.10373188033309345
9856/16384
mean(sgnprob[1:i - 1]) = 0.10684931506849316
9984/16384
mean(sgnprob[1:i - 1]) = 0.10187318441350296
10112/16384
mean(sgnprob[1:i - 1]) = 0.10572643655424785
10240/16384
mean(sgnprob[1:i - 1]) = 0.1006934270924895
10368/16384
mean(sgnprob[1:i - 1]) = 0.10253689591974535
10496/16384
mean(sgnprob[1:i - 1]) = 0.10643163411148165
10624/16384
mean(sgnprob[1:i - 1]) = 0.10853807775581285
10752/16384
mean(sgnprob[1:i - 1]) = 0.1118965677611385
10880/16384
mean(sgnprob[1:i - 1]) = 0.11591138891442228
11008/16384
mean(sgnprob[1:i - 1]) = 0.11946942854547106
11136/16384
mean(sgnprob[1:i - 1]) = 0.11396497530309833
11264/16384
mean(sgnprob[1:i - 1]) = 0.11764183610050608
11392/16384
mean(sgnprob[1:i - 1]) = 0.11228162584496533
11520/16384
mean(sgnprob[1:i - 1]) = 0.1148537199409671
11648/16384
mean(sgnprob[1:i - 1]) = 0.11719756160384648
11776/16384
mean(sgnprob[1:i - 1]) = 0.11983014861995754
11904/16384
mean(sgnprob[1:i - 1]) = 0.12207006636982273
12032/16384
mean(sgnprob[1:i - 1]) = 0.11545174964674591
12160/16384
mean(sgnprob[1:i - 1]) = 0.11670367628916851
12288/16384
mean(sgnprob[1:i - 1]) = 0.11858061365671034
12416/16384
mean(sgnprob[1:i - 1]) = 0.12186870720902135
12544/16384
mean(sgnprob[1:i - 1]) = 0.11647931116957666
12672/16384
mean(sgnprob[1:i - 1]) = 0.11909083734511877
12800/16384
mean(sgnprob[1:i - 1]) = 0.11508711618095163
12928/16384
mean(sgnprob[1:i - 1]) = 0.11100796781929295
13056/16384
mean(sgnprob[1:i - 1]) = 0.11252393718881655
13184/16384
mean(sgnprob[1:i - 1]) = 0.11598270499886217
13312/16384
mean(sgnprob[1:i - 1]) = 0.11787243633085417
13440/16384
mean(sgnprob[1:i - 1]) = 0.12076791427933627
13568/16384
mean(sgnprob[1:i - 1]) = 0.11697501289894598
13696/16384
mean(sgnprob[1:i - 1]) = 0.11383716684921504
13824/16384
mean(sgnprob[1:i - 1]) = 0.11668957534543876
13952/16384
mean(sgnprob[1:i - 1]) = 0.11776933553150312
14080/16384
mean(sgnprob[1:i - 1]) = 0.11996590666950778
14208/16384
mean(sgnprob[1:i - 1]) = 0.12212289716337017
14336/16384
mean(sgnprob[1:i - 1]) = 0.11768399023369376
14464/16384
mean(sgnprob[1:i - 1]) = 0.12134411947728686
14592/16384
mean(sgnprob[1:i - 1]) = 0.12343225275854978
14720/16384
mean(sgnprob[1:i - 1]) = 0.11869012840546232
14848/16384
mean(sgnprob[1:i - 1]) = 0.11402977032397117
14976/16384
mean(sgnprob[1:i - 1]) = 0.11612687813021703
15104/16384
mean(sgnprob[1:i - 1]) = 0.11368602264450771
15232/16384
mean(sgnprob[1:i - 1]) = 0.1156194603112074
15360/16384
mean(sgnprob[1:i - 1]) = 0.11556741975389023
15488/16384
mean(sgnprob[1:i - 1]) = 0.11796991024730419
15616/16384
mean(sgnprob[1:i - 1]) = 0.11918027537624079
15744/16384
mean(sgnprob[1:i - 1]) = 0.12087912087912088
15872/16384
mean(sgnprob[1:i - 1]) = 0.12179446789742297
16000/16384
mean(sgnprob[1:i - 1]) = 0.1184449028064254
16128/16384
mean(sgnprob[1:i - 1]) = 0.12072921188069696
16256/16384
mean(sgnprob[1:i - 1]) = 0.12273146724084896
16384/16384
mean(sgnprob[1:i - 1]) = 0.12433620216077641
725.381693 seconds (167.11 M allocations: 70.745 GiB, 1.38% gc time, 1.23% compilation time)
