## SLURM PROLOG ###############################################################
##    Job ID : 8833896
##  Job Name : sbatch_etgent.sh
##  Nodelist : node1736
##      CPUs : 8
##  Mem/Node : 4096 MB
## Directory : /oscar/home/trazzaz/AFQMC
##   Job Started : Fri Feb 28 01:13:25 AM EST 2025
###############################################################################
seed = 1450
U = 2.0
β = 6.0
Warming up
128/1024
256/1024
384/1024
512/1024
640/1024
768/1024
896/1024
1024/1024
Measuring
128/16384
mean(sgnprob[1:i - 1]) = 0.4015748031496063
256/16384
mean(sgnprob[1:i - 1]) = -0.043137254901960784
384/16384
mean(sgnprob[1:i - 1]) = -0.1279373368146214
512/16384
mean(sgnprob[1:i - 1]) = 0.029354207436399216
640/16384
mean(sgnprob[1:i - 1]) = 0.11737089201877934
768/16384
mean(sgnprob[1:i - 1]) = 0.17861799217731422
896/16384
mean(sgnprob[1:i - 1]) = 0.22905027932960895
1024/16384
mean(sgnprob[1:i - 1]) = 0.24731182795698925
1152/16384
mean(sgnprob[1:i - 1]) = 0.28062554300608167
1280/16384
mean(sgnprob[1:i - 1]) = 0.31352619233776385
1408/16384
mean(sgnprob[1:i - 1]) = 0.3319118692253021
1536/16384
mean(sgnprob[1:i - 1]) = 0.33941368078175893
1664/16384
mean(sgnprob[1:i - 1]) = 0.34215273601924234
1792/16384
mean(sgnprob[1:i - 1]) = 0.34226689000558347
1920/16384
mean(sgnprob[1:i - 1]) = 0.29025534132360603
2048/16384
mean(sgnprob[1:i - 1]) = 0.3004396678065462
2176/16384
mean(sgnprob[1:i - 1]) = 0.30666666666666664
2304/16384
mean(sgnprob[1:i - 1]) = 0.3113330438558402
2432/16384
mean(sgnprob[1:i - 1]) = 0.316330728095434
2560/16384
mean(sgnprob[1:i - 1]) = 0.3192653380226651
2688/16384
mean(sgnprob[1:i - 1]) = 0.3278749534797172
2816/16384
mean(sgnprob[1:i - 1]) = 0.3371225577264654
2944/16384
mean(sgnprob[1:i - 1]) = 0.3421678559293238
3072/16384
mean(sgnprob[1:i - 1]) = 0.35135135135135137
3200/16384
mean(sgnprob[1:i - 1]) = 0.3535479837449203
3328/16384
mean(sgnprob[1:i - 1]) = 0.3591824466486324
3456/16384
mean(sgnprob[1:i - 1]) = 0.3609261939218524
3584/16384
mean(sgnprob[1:i - 1]) = 0.36366173597543955
3712/16384
mean(sgnprob[1:i - 1]) = 0.3651306925357047
3840/16384
mean(sgnprob[1:i - 1]) = 0.3680646001562907
3968/16384
mean(sgnprob[1:i - 1]) = 0.37232165364255104
4096/16384
mean(sgnprob[1:i - 1]) = 0.37435897435897436
4224/16384
mean(sgnprob[1:i - 1]) = 0.37437840397821454
4352/16384
mean(sgnprob[1:i - 1]) = 0.37623534819581705
4480/16384
mean(sgnprob[1:i - 1]) = 0.38423755302522883
4608/16384
mean(sgnprob[1:i - 1]) = 0.3818102886911222
4736/16384
mean(sgnprob[1:i - 1]) = 0.36135163674762405
4864/16384
mean(sgnprob[1:i - 1]) = 0.3650010281719103
4992/16384
mean(sgnprob[1:i - 1]) = 0.36605890603085556
5120/16384
mean(sgnprob[1:i - 1]) = 0.3670638796639969
5248/16384
mean(sgnprob[1:i - 1]) = 0.36916333142748237
5376/16384
mean(sgnprob[1:i - 1]) = 0.37116279069767444
5504/16384
mean(sgnprob[1:i - 1]) = 0.3712520443394512
5632/16384
mean(sgnprob[1:i - 1]) = 0.3745338305807139
5760/16384
mean(sgnprob[1:i - 1]) = 0.35718006598367774
5888/16384
mean(sgnprob[1:i - 1]) = 0.3382028197723798
6016/16384
mean(sgnprob[1:i - 1]) = 0.3250207813798836
6144/16384
mean(sgnprob[1:i - 1]) = 0.32508546312876446
6272/16384
mean(sgnprob[1:i - 1]) = 0.32801785999043215
6400/16384
mean(sgnprob[1:i - 1]) = 0.30895452414439756
6528/16384
mean(sgnprob[1:i - 1]) = 0.3114754098360656
6656/16384
mean(sgnprob[1:i - 1]) = 0.3154019534184823
6784/16384
mean(sgnprob[1:i - 1]) = 0.31711632021229547
6912/16384
mean(sgnprob[1:i - 1]) = 0.3207929387932282
7040/16384
mean(sgnprob[1:i - 1]) = 0.322631055547663
7168/16384
mean(sgnprob[1:i - 1]) = 0.30766010883214734
7296/16384
mean(sgnprob[1:i - 1]) = 0.30966415352981497
7424/16384
mean(sgnprob[1:i - 1]) = 0.3113296510844672
7552/16384
mean(sgnprob[1:i - 1]) = 0.29916567342073896
7680/16384
mean(sgnprob[1:i - 1]) = 0.2879281156400573
7808/16384
mean(sgnprob[1:i - 1]) = 0.27552196746509544
7936/16384
mean(sgnprob[1:i - 1]) = 0.27662255828607435
8064/16384
mean(sgnprob[1:i - 1]) = 0.2779362520153789
8192/16384
mean(sgnprob[1:i - 1]) = 0.28311561469905994
8320/16384
mean(sgnprob[1:i - 1]) = 0.27178747445606444
8448/16384
mean(sgnprob[1:i - 1]) = 0.2745353379898189
8576/16384
mean(sgnprob[1:i - 1]) = 0.27766763848396503
8704/16384
mean(sgnprob[1:i - 1]) = 0.26829828794668503
8832/16384
mean(sgnprob[1:i - 1]) = 0.2716566640244593
8960/16384
mean(sgnprob[1:i - 1]) = 0.27447259738810137
9088/16384
mean(sgnprob[1:i - 1]) = 0.2778694838780676
9216/16384
mean(sgnprob[1:i - 1]) = 0.2792186652197504
9344/16384
mean(sgnprob[1:i - 1]) = 0.26918548646045165
9472/16384
mean(sgnprob[1:i - 1]) = 0.27293844367015097
9600/16384
mean(sgnprob[1:i - 1]) = 0.27409105115116156
9728/16384
mean(sgnprob[1:i - 1]) = 0.2754189369795415
9856/16384
mean(sgnprob[1:i - 1]) = 0.2785388127853881
9984/16384
mean(sgnprob[1:i - 1]) = 0.26815586497044974
10112/16384
mean(sgnprob[1:i - 1]) = 0.26990406487983387
10240/16384
mean(sgnprob[1:i - 1]) = 0.27297587655044436
10368/16384
mean(sgnprob[1:i - 1]) = 0.2638178836693354
10496/16384
mean(sgnprob[1:i - 1]) = 0.26669842782277275
10624/16384
mean(sgnprob[1:i - 1]) = 0.2680033888731997
10752/16384
mean(sgnprob[1:i - 1]) = 0.259603757789973
10880/16384
mean(sgnprob[1:i - 1]) = 0.25103410239911755
11008/16384
mean(sgnprob[1:i - 1]) = 0.2539293177069138
11136/16384
mean(sgnprob[1:i - 1]) = 0.24651998203861697
11264/16384
mean(sgnprob[1:i - 1]) = 0.2494006925330729
11392/16384
mean(sgnprob[1:i - 1]) = 0.2515143534369239
11520/16384
mean(sgnprob[1:i - 1]) = 0.2532337876551784
11648/16384
mean(sgnprob[1:i - 1]) = 0.25543058298274235
11776/16384
mean(sgnprob[1:i - 1]) = 0.25774946921443737
11904/16384
mean(sgnprob[1:i - 1]) = 0.2581702091909603
12032/16384
mean(sgnprob[1:i - 1]) = 0.2502701354833347
12160/16384
mean(sgnprob[1:i - 1]) = 0.2413849823176248
12288/16384
mean(sgnprob[1:i - 1]) = 0.24342801334744038
12416/16384
mean(sgnprob[1:i - 1]) = 0.24542891663310512
12544/16384
mean(sgnprob[1:i - 1]) = 0.24850514231045204
12672/16384
mean(sgnprob[1:i - 1]) = 0.25057217267776816
12800/16384
mean(sgnprob[1:i - 1]) = 0.2527541214157356
12928/16384
mean(sgnprob[1:i - 1]) = 0.2545834300301694
13056/16384
mean(sgnprob[1:i - 1]) = 0.257296055151283
13184/16384
mean(sgnprob[1:i - 1]) = 0.2595008723355837
13312/16384
mean(sgnprob[1:i - 1]) = 0.2619637893471565
13440/16384
mean(sgnprob[1:i - 1]) = 0.2563434779373465
13568/16384
mean(sgnprob[1:i - 1]) = 0.2573155450726026
13696/16384
mean(sgnprob[1:i - 1]) = 0.25169769989047097
13824/16384
mean(sgnprob[1:i - 1]) = 0.24430297330536063
13952/16384
mean(sgnprob[1:i - 1]) = 0.24578883234176763
14080/16384
mean(sgnprob[1:i - 1]) = 0.2476738404716244
14208/16384
mean(sgnprob[1:i - 1]) = 0.24825790103470122
14336/16384
mean(sgnprob[1:i - 1]) = 0.2418555981862574
14464/16384
mean(sgnprob[1:i - 1]) = 0.24400193597455577
14592/16384
mean(sgnprob[1:i - 1]) = 0.24487697895963265
14720/16384
mean(sgnprob[1:i - 1]) = 0.23880698417012025
14848/16384
mean(sgnprob[1:i - 1]) = 0.23364989560180507
14976/16384
mean(sgnprob[1:i - 1]) = 0.23525876460767947
15104/16384
mean(sgnprob[1:i - 1]) = 0.22929219360391975
15232/16384
mean(sgnprob[1:i - 1]) = 0.2301227759175366
15360/16384
mean(sgnprob[1:i - 1]) = 0.22390780649781886
15488/16384
mean(sgnprob[1:i - 1]) = 0.22593142635759023
15616/16384
mean(sgnprob[1:i - 1]) = 0.22792186999679795
15744/16384
mean(sgnprob[1:i - 1]) = 0.22949882487454742
15872/16384
mean(sgnprob[1:i - 1]) = 0.2248755591960179
16000/16384
mean(sgnprob[1:i - 1]) = 0.21895118444902806
16128/16384
mean(sgnprob[1:i - 1]) = 0.21994171265579462
16256/16384
mean(sgnprob[1:i - 1]) = 0.2220239926176561
16384/16384
mean(sgnprob[1:i - 1]) = 0.22273087957028628
726.319954 seconds (167.11 M allocations: 70.745 GiB, 1.45% gc time, 1.26% compilation time)
