## SLURM PROLOG ###############################################################
##    Job ID : 5341798
##  Job Name : etgent_N2_U-4
##  Nodelist : node1711
##      CPUs : 8
##  Mem/Node : 2048 MB
## Directory : /oscar/home/trazzaz/AFQMC
##   Job Started : Wed Oct 23 11:24:59 AM EDT 2024
###############################################################################
U = -4.0
seed = 1234
λₖ = 0.0
Warming up
128/512
256/512
384/512
512/512
Measuring
128/1024
256/1024
384/1024
512/1024
640/1024
768/1024
896/1024
1024/1024
 37.704533 seconds (35.02 M allocations: 36.367 GiB, 7.28% gc time, 19.14% compilation time)
λₖ = 0.2
Warming up
128/512
256/512
384/512
512/512
Measuring
128/1024
256/1024
384/1024
512/1024
640/1024
768/1024
896/1024
1024/1024
 29.834178 seconds (33.17 M allocations: 36.268 GiB, 8.30% gc time, 0.23% compilation time)
λₖ = 0.4
Warming up
128/512
256/512
384/512
512/512
Measuring
128/1024
256/1024
384/1024
512/1024
640/1024
768/1024
896/1024
1024/1024
 29.227284 seconds (33.17 M allocations: 36.268 GiB, 8.16% gc time)
λₖ = 0.6
Warming up
128/512
256/512
384/512
512/512
Measuring
128/1024
256/1024
384/1024
512/1024
640/1024
768/1024
896/1024
1024/1024
 29.134491 seconds (33.17 M allocations: 36.268 GiB, 8.04% gc time)
λₖ = 0.8
Warming up
128/512
256/512
384/512
512/512
Measuring
128/1024
256/1024
384/1024
512/1024
640/1024
768/1024
896/1024
1024/1024
 28.993116 seconds (33.17 M allocations: 36.268 GiB, 7.91% gc time)
