## SLURM PROLOG ###############################################################
##    Job ID : 7671105
##  Job Name : sbatch_etgent.sh
##  Nodelist : node1753
##      CPUs : 8
##  Mem/Node : 4096 MB
## Directory : /oscar/home/trazzaz/AFQMC
##   Job Started : Sun Jan 19 02:40:34 AM EST 2025
###############################################################################
seed = 1272
U = 2.0
β = 6.0
Warming up
128/1024
256/1024
384/1024
512/1024
640/1024
768/1024
896/1024
1024/1024
Measuring
128/16384
mean(sgnprob[1:i - 1]) = -0.18110236220472442
256/16384
mean(sgnprob[1:i - 1]) = -0.0196078431372549
384/16384
mean(sgnprob[1:i - 1]) = 0.10182767624020887
512/16384
mean(sgnprob[1:i - 1]) = 0.08023483365949119
640/16384
mean(sgnprob[1:i - 1]) = 0.001564945226917058
768/16384
mean(sgnprob[1:i - 1]) = 0.04041720990873533
896/16384
mean(sgnprob[1:i - 1]) = -0.0033519553072625698
1024/16384
mean(sgnprob[1:i - 1]) = 0.022482893450635387
1152/16384
mean(sgnprob[1:i - 1]) = 0.04083405734144222
1280/16384
mean(sgnprob[1:i - 1]) = 0.0508209538702111
1408/16384
mean(sgnprob[1:i - 1]) = 0.014925373134328358
1536/16384
mean(sgnprob[1:i - 1]) = -0.0006514657980456026
1664/16384
mean(sgnprob[1:i - 1]) = 0.02345159350571257
1792/16384
mean(sgnprob[1:i - 1]) = 0.0496929089893914
1920/16384
mean(sgnprob[1:i - 1]) = 0.06201146430432517
2048/16384
mean(sgnprob[1:i - 1]) = 0.06595017098192477
2176/16384
mean(sgnprob[1:i - 1]) = 0.07954022988505748
2304/16384
mean(sgnprob[1:i - 1]) = 0.061224489795918366
2432/16384
mean(sgnprob[1:i - 1]) = 0.06787330316742081
2560/16384
mean(sgnprob[1:i - 1]) = 0.07776475185619383
2688/16384
mean(sgnprob[1:i - 1]) = 0.08150353554149609
2816/16384
mean(sgnprob[1:i - 1]) = 0.06785079928952042
2944/16384
mean(sgnprob[1:i - 1]) = 0.04926945293917771
3072/16384
mean(sgnprob[1:i - 1]) = 0.040703353956366005
3200/16384
mean(sgnprob[1:i - 1]) = 0.0490778368240075
3328/16384
mean(sgnprob[1:i - 1]) = 0.03997595431319507
3456/16384
mean(sgnprob[1:i - 1]) = 0.024023154848046308
3584/16384
mean(sgnprob[1:i - 1]) = 0.030421434552051353
3712/16384
mean(sgnprob[1:i - 1]) = 0.03799514955537591
3840/16384
mean(sgnprob[1:i - 1]) = 0.04871060171919771
3968/16384
mean(sgnprob[1:i - 1]) = 0.05117217040584825
4096/16384
mean(sgnprob[1:i - 1]) = 0.04566544566544566
4224/16384
mean(sgnprob[1:i - 1]) = 0.037177362064882785
4352/16384
mean(sgnprob[1:i - 1]) = 0.04113996782348885
4480/16384
mean(sgnprob[1:i - 1]) = 0.047555257870060284
4608/16384
mean(sgnprob[1:i - 1]) = 0.05231169958758411
4736/16384
mean(sgnprob[1:i - 1]) = 0.05765575501583949
4864/16384
mean(sgnprob[1:i - 1]) = 0.061484680238535885
4992/16384
mean(sgnprob[1:i - 1]) = 0.06311360448807854
5120/16384
mean(sgnprob[1:i - 1]) = 0.07169369017386208
5248/16384
mean(sgnprob[1:i - 1]) = 0.06194015627977892
5376/16384
mean(sgnprob[1:i - 1]) = 0.05748837209302326
5504/16384
mean(sgnprob[1:i - 1]) = 0.06196620025440669
5632/16384
mean(sgnprob[1:i - 1]) = 0.053809270111880664
5760/16384
mean(sgnprob[1:i - 1]) = 0.05539156103490189
5888/16384
mean(sgnprob[1:i - 1]) = 0.05792423985051809
6016/16384
mean(sgnprob[1:i - 1]) = 0.06633416458852869
6144/16384
mean(sgnprob[1:i - 1]) = 0.07211460198600032
6272/16384
mean(sgnprob[1:i - 1]) = 0.06777228512199011
6400/16384
mean(sgnprob[1:i - 1]) = 0.06329113924050633
6528/16384
mean(sgnprob[1:i - 1]) = 0.06695265818906082
6656/16384
mean(sgnprob[1:i - 1]) = 0.07137490608564989
6784/16384
mean(sgnprob[1:i - 1]) = 0.0629514963880289
6912/16384
mean(sgnprob[1:i - 1]) = 0.06757343365648966
7040/16384
mean(sgnprob[1:i - 1]) = 0.06520812615428329
7168/16384
mean(sgnprob[1:i - 1]) = 0.06209013534254221
7296/16384
mean(sgnprob[1:i - 1]) = 0.06401644962302948
7424/16384
mean(sgnprob[1:i - 1]) = 0.06722349454398491
7552/16384
mean(sgnprob[1:i - 1]) = 0.07164613958416104
7680/16384
mean(sgnprob[1:i - 1]) = 0.07540044276598515
7808/16384
mean(sgnprob[1:i - 1]) = 0.0782630972204432
7936/16384
mean(sgnprob[1:i - 1]) = 0.08229363579080025
8064/16384
mean(sgnprob[1:i - 1]) = 0.08694034478481955
8192/16384
mean(sgnprob[1:i - 1]) = 0.08167500915639116
8320/16384
mean(sgnprob[1:i - 1]) = 0.08570741675682174
8448/16384
mean(sgnprob[1:i - 1]) = 0.0884337634663194
8576/16384
mean(sgnprob[1:i - 1]) = 0.08384839650145773
8704/16384
mean(sgnprob[1:i - 1]) = 0.07778926806848213
8832/16384
mean(sgnprob[1:i - 1]) = 0.07960593364284906
8960/16384
mean(sgnprob[1:i - 1]) = 0.07534323027123563
9088/16384
mean(sgnprob[1:i - 1]) = 0.07142071090568945
9216/16384
mean(sgnprob[1:i - 1]) = 0.07542051003798156
9344/16384
mean(sgnprob[1:i - 1]) = 0.07567162581611903
9472/16384
mean(sgnprob[1:i - 1]) = 0.07169253510716925
9600/16384
mean(sgnprob[1:i - 1]) = 0.07302844046254818
9728/16384
mean(sgnprob[1:i - 1]) = 0.07556286624858641
9856/16384
mean(sgnprob[1:i - 1]) = 0.071740233384069
9984/16384
mean(sgnprob[1:i - 1]) = 0.06821596714414505
10112/16384
mean(sgnprob[1:i - 1]) = 0.06952823657402829
10240/16384
mean(sgnprob[1:i - 1]) = 0.06924504346127551
10368/16384
mean(sgnprob[1:i - 1]) = 0.0653033664512395
10496/16384
mean(sgnprob[1:i - 1]) = 0.06222010481181515
10624/16384
mean(sgnprob[1:i - 1]) = 0.06655370422667796
10752/16384
mean(sgnprob[1:i - 1]) = 0.06817970421356152
10880/16384
mean(sgnprob[1:i - 1]) = 0.06590679290375953
11008/16384
mean(sgnprob[1:i - 1]) = 0.06532206777505224
11136/16384
mean(sgnprob[1:i - 1]) = 0.06816344858554109
11264/16384
mean(sgnprob[1:i - 1]) = 0.06543549675930037
11392/16384
mean(sgnprob[1:i - 1]) = 0.060661926081994555
11520/16384
mean(sgnprob[1:i - 1]) = 0.05703620105911972
11648/16384
mean(sgnprob[1:i - 1]) = 0.05915686442860823
11776/16384
mean(sgnprob[1:i - 1]) = 0.055966029723991506
11904/16384
mean(sgnprob[1:i - 1]) = 0.057716542048223136
12032/16384
mean(sgnprob[1:i - 1]) = 0.05311279195411853
12160/16384
mean(sgnprob[1:i - 1]) = 0.0540340488527017
12288/16384
mean(sgnprob[1:i - 1]) = 0.04989012777732563
12416/16384
mean(sgnprob[1:i - 1]) = 0.05130890052356021
12544/16384
mean(sgnprob[1:i - 1]) = 0.049350235190943156
12672/16384
mean(sgnprob[1:i - 1]) = 0.05263988635466814
12800/16384
mean(sgnprob[1:i - 1]) = 0.05055082428314712
12928/16384
mean(sgnprob[1:i - 1]) = 0.05082385704339754
13056/16384
mean(sgnprob[1:i - 1]) = 0.05093833780160858
13184/16384
mean(sgnprob[1:i - 1]) = 0.049230069028294014
13312/16384
mean(sgnprob[1:i - 1]) = 0.0516114491773721
13440/16384
mean(sgnprob[1:i - 1]) = 0.05260808095840464
13568/16384
mean(sgnprob[1:i - 1]) = 0.05034274342153756
13696/16384
mean(sgnprob[1:i - 1]) = 0.05235487404162103
13824/16384
mean(sgnprob[1:i - 1]) = 0.049121030167112785
13952/16384
mean(sgnprob[1:i - 1]) = 0.04695003942369723
14080/16384
mean(sgnprob[1:i - 1]) = 0.04908019035442858
14208/16384
mean(sgnprob[1:i - 1]) = 0.05018652776800169
14336/16384
mean(sgnprob[1:i - 1]) = 0.05141262643878619
14464/16384
mean(sgnprob[1:i - 1]) = 0.049713060914056556
14592/16384
mean(sgnprob[1:i - 1]) = 0.05092180111027346
14720/16384
mean(sgnprob[1:i - 1]) = 0.05238127590189551
14848/16384
mean(sgnprob[1:i - 1]) = 0.05448912238162592
14976/16384
mean(sgnprob[1:i - 1]) = 0.05669449081803005
15104/16384
mean(sgnprob[1:i - 1]) = 0.05515460504535523
15232/16384
mean(sgnprob[1:i - 1]) = 0.055872890814785636
15360/16384
mean(sgnprob[1:i - 1]) = 0.052802916856566184
15488/16384
mean(sgnprob[1:i - 1]) = 0.05288306321430877
15616/16384
mean(sgnprob[1:i - 1]) = 0.05526737111751521
15744/16384
mean(sgnprob[1:i - 1]) = 0.05558025789239662
15872/16384
mean(sgnprob[1:i - 1]) = 0.05790435385293932
16000/16384
mean(sgnprob[1:i - 1]) = 0.055315957247327956
16128/16384
mean(sgnprob[1:i - 1]) = 0.056861164506727846
16256/16384
mean(sgnprob[1:i - 1]) = 0.05444478621962473
16384/16384
mean(sgnprob[1:i - 1]) = 0.05609473234450345
736.499128 seconds (167.10 M allocations: 70.745 GiB, 1.45% gc time, 1.23% compilation time)
