## SLURM PROLOG ###############################################################
##    Job ID : 8833971
##  Job Name : sbatch_etgent.sh
##  Nodelist : node1736
##      CPUs : 8
##  Mem/Node : 4096 MB
## Directory : /oscar/home/trazzaz/AFQMC
##   Job Started : Fri Feb 28 03:19:40 AM EST 2025
###############################################################################
seed = 1525
U = 2.0
β = 6.0
Warming up
128/1024
256/1024
384/1024
512/1024
640/1024
768/1024
896/1024
1024/1024
Measuring
128/16384
mean(sgnprob[1:i - 1]) = 0.4330708661417323
256/16384
mean(sgnprob[1:i - 1]) = -0.08235294117647059
384/16384
mean(sgnprob[1:i - 1]) = -0.22193211488250653
512/16384
mean(sgnprob[1:i - 1]) = -0.029354207436399216
640/16384
mean(sgnprob[1:i - 1]) = -0.13615023474178403
768/16384
mean(sgnprob[1:i - 1]) = -0.035202086049543675
896/16384
mean(sgnprob[1:i - 1]) = -0.10614525139664804
1024/16384
mean(sgnprob[1:i - 1]) = -0.03421309872922776
1152/16384
mean(sgnprob[1:i - 1]) = 0.01998262380538662
1280/16384
mean(sgnprob[1:i - 1]) = 0.0727130570758405
1408/16384
mean(sgnprob[1:i - 1]) = 0.10874200426439233
1536/16384
mean(sgnprob[1:i - 1]) = 0.07100977198697069
1664/16384
mean(sgnprob[1:i - 1]) = 0.10763680096211665
1792/16384
mean(sgnprob[1:i - 1]) = 0.060859854829704074
1920/16384
mean(sgnprob[1:i - 1]) = 0.026576341844710787
2048/16384
mean(sgnprob[1:i - 1]) = -0.003419638495359062
2176/16384
mean(sgnprob[1:i - 1]) = -0.027126436781609194
2304/16384
mean(sgnprob[1:i - 1]) = -0.05167173252279635
2432/16384
mean(sgnprob[1:i - 1]) = -0.07610037021801727
2560/16384
mean(sgnprob[1:i - 1]) = -0.05509964830011723
2688/16384
mean(sgnprob[1:i - 1]) = -0.0323781168589505
2816/16384
mean(sgnprob[1:i - 1]) = -0.010301953818827708
2944/16384
mean(sgnprob[1:i - 1]) = -0.029561671763506627
3072/16384
mean(sgnprob[1:i - 1]) = -0.006186909801367633
3200/16384
mean(sgnprob[1:i - 1]) = 0.009690528290090653
3328/16384
mean(sgnprob[1:i - 1]) = 0.029155395250976854
3456/16384
mean(sgnprob[1:i - 1]) = 0.011287988422575976
3584/16384
mean(sgnprob[1:i - 1]) = 0.028746860173039353
3712/16384
mean(sgnprob[1:i - 1]) = 0.04823497709512261
3840/16384
mean(sgnprob[1:i - 1]) = 0.06798645480593905
3968/16384
mean(sgnprob[1:i - 1]) = 0.0844466851525082
4096/16384
mean(sgnprob[1:i - 1]) = 0.09694749694749695
4224/16384
mean(sgnprob[1:i - 1]) = 0.10963769831873076
4352/16384
mean(sgnprob[1:i - 1]) = 0.0958400367731556
4480/16384
mean(sgnprob[1:i - 1]) = 0.0783657066309444
4608/16384
mean(sgnprob[1:i - 1]) = 0.06316474929455176
4736/16384
mean(sgnprob[1:i - 1]) = 0.04836325237592397
4864/16384
mean(sgnprob[1:i - 1]) = 0.059428336417849066
4992/16384
mean(sgnprob[1:i - 1]) = 0.06992586655980765
5120/16384
mean(sgnprob[1:i - 1]) = 0.07911701504200039
5248/16384
mean(sgnprob[1:i - 1]) = 0.06689536878216124
5376/16384
mean(sgnprob[1:i - 1]) = 0.07646511627906977
5504/16384
mean(sgnprob[1:i - 1]) = 0.08231873523532618
5632/16384
mean(sgnprob[1:i - 1]) = 0.09216835375599361
5760/16384
mean(sgnprob[1:i - 1]) = 0.09880187532557735
5888/16384
mean(sgnprob[1:i - 1]) = 0.10922371326651945
6016/16384
mean(sgnprob[1:i - 1]) = 0.11654197838736492
6144/16384
mean(sgnprob[1:i - 1]) = 0.12322969233273645
6272/16384
mean(sgnprob[1:i - 1]) = 0.13028225163450805
6400/16384
mean(sgnprob[1:i - 1]) = 0.13674011564306923
6528/16384
mean(sgnprob[1:i - 1]) = 0.14386394974720393
6656/16384
mean(sgnprob[1:i - 1]) = 0.13478587528174304
6784/16384
mean(sgnprob[1:i - 1]) = 0.12103788883974642
6912/16384
mean(sgnprob[1:i - 1]) = 0.12689914628852553
7040/16384
mean(sgnprob[1:i - 1]) = 0.11663588577923001
7168/16384
mean(sgnprob[1:i - 1]) = 0.12180828798660527
7296/16384
mean(sgnprob[1:i - 1]) = 0.12926662097326935
7424/16384
mean(sgnprob[1:i - 1]) = 0.13565943688535634
7552/16384
mean(sgnprob[1:i - 1]) = 0.12726791153489603
7680/16384
mean(sgnprob[1:i - 1]) = 0.1340018231540565
7808/16384
mean(sgnprob[1:i - 1]) = 0.1236070193416165
7936/16384
mean(sgnprob[1:i - 1]) = 0.12967863894139886
8064/16384
mean(sgnprob[1:i - 1]) = 0.13431725164330893
8192/16384
mean(sgnprob[1:i - 1]) = 0.14174093517275058
8320/16384
mean(sgnprob[1:i - 1]) = 0.145329967544176
8448/16384
mean(sgnprob[1:i - 1]) = 0.15070439209186692
8576/16384
mean(sgnprob[1:i - 1]) = 0.15428571428571428
8704/16384
mean(sgnprob[1:i - 1]) = 0.16051936113983684
8832/16384
mean(sgnprob[1:i - 1]) = 0.1504925829464387
8960/16384
mean(sgnprob[1:i - 1]) = 0.1552628641589463
9088/16384
mean(sgnprob[1:i - 1]) = 0.15945856718388907
9216/16384
mean(sgnprob[1:i - 1]) = 0.1518176885512751
9344/16384
mean(sgnprob[1:i - 1]) = 0.14331585143958042
9472/16384
mean(sgnprob[1:i - 1]) = 0.14813641642909936
9600/16384
mean(sgnprob[1:i - 1]) = 0.1517866444421294
9728/16384
mean(sgnprob[1:i - 1]) = 0.15780816284568727
9856/16384
mean(sgnprob[1:i - 1]) = 0.16265854895991883
9984/16384
mean(sgnprob[1:i - 1]) = 0.1659821696884704
10112/16384
mean(sgnprob[1:i - 1]) = 0.16981505291266938
10240/16384
mean(sgnprob[1:i - 1]) = 0.1731614415470261
10368/16384
mean(sgnprob[1:i - 1]) = 0.16562168419021897
10496/16384
mean(sgnprob[1:i - 1]) = 0.16836588851834206
10624/16384
mean(sgnprob[1:i - 1]) = 0.15974771721735856
10752/16384
mean(sgnprob[1:i - 1]) = 0.16417077481164544
10880/16384
mean(sgnprob[1:i - 1]) = 0.16793822961669272
11008/16384
mean(sgnprob[1:i - 1]) = 0.1701644408103934
11136/16384
mean(sgnprob[1:i - 1]) = 0.1746744499326448
11264/16384
mean(sgnprob[1:i - 1]) = 0.1773062239190269
11392/16384
mean(sgnprob[1:i - 1]) = 0.16741286980949874
11520/16384
mean(sgnprob[1:i - 1]) = 0.17162948172584425
11648/16384
mean(sgnprob[1:i - 1]) = 0.17609684897398473
11776/16384
mean(sgnprob[1:i - 1]) = 0.16772823779193205
11904/16384
mean(sgnprob[1:i - 1]) = 0.15970763673023608
12032/16384
mean(sgnprob[1:i - 1]) = 0.1531875987033497
12160/16384
mean(sgnprob[1:i - 1]) = 0.1570030430134057
12288/16384
mean(sgnprob[1:i - 1]) = 0.1495076096687556
12416/16384
mean(sgnprob[1:i - 1]) = 0.1527990334273057
12544/16384
mean(sgnprob[1:i - 1]) = 0.1549071195088894
12672/16384
mean(sgnprob[1:i - 1]) = 0.1495540999131876
12800/16384
mean(sgnprob[1:i - 1]) = 0.15352761934526135
12928/16384
mean(sgnprob[1:i - 1]) = 0.15788659395064594
13056/16384
mean(sgnprob[1:i - 1]) = 0.16216009191880507
13184/16384
mean(sgnprob[1:i - 1]) = 0.15482060229082908
13312/16384
mean(sgnprob[1:i - 1]) = 0.15889114266396215
13440/16384
mean(sgnprob[1:i - 1]) = 0.1608006548106258
13568/16384
mean(sgnprob[1:i - 1]) = 0.16341121839758238
13696/16384
mean(sgnprob[1:i - 1]) = 0.1669952537422417
13824/16384
mean(sgnprob[1:i - 1]) = 0.169644794907039
13952/16384
mean(sgnprob[1:i - 1]) = 0.17353594724392515
14080/16384
mean(sgnprob[1:i - 1]) = 0.17565167980680446
14208/16384
mean(sgnprob[1:i - 1]) = 0.1791370451186035
14336/16384
mean(sgnprob[1:i - 1]) = 0.17209626787582838
14464/16384
mean(sgnprob[1:i - 1]) = 0.16697780543455715
14592/16384
mean(sgnprob[1:i - 1]) = 0.16153793434308822
14720/16384
mean(sgnprob[1:i - 1]) = 0.16353013112303824
14848/16384
mean(sgnprob[1:i - 1]) = 0.16589209941402303
14976/16384
mean(sgnprob[1:i - 1]) = 0.16781302170283807
15104/16384
mean(sgnprob[1:i - 1]) = 0.16427199894060782
15232/16384
mean(sgnprob[1:i - 1]) = 0.16814391701135842
15360/16384
mean(sgnprob[1:i - 1]) = 0.17103978123575753
15488/16384
mean(sgnprob[1:i - 1]) = 0.16588106153548138
15616/16384
mean(sgnprob[1:i - 1]) = 0.16887608069164264
15744/16384
mean(sgnprob[1:i - 1]) = 0.16407292129835482
15872/16384
mean(sgnprob[1:i - 1]) = 0.16716022934912733
16000/16384
mean(sgnprob[1:i - 1]) = 0.16907306706669167
16128/16384
mean(sgnprob[1:i - 1]) = 0.17169963415390338
16256/16384
mean(sgnprob[1:i - 1]) = 0.1745309135650569
16384/16384
mean(sgnprob[1:i - 1]) = 0.16962705243239945
737.007285 seconds (167.11 M allocations: 70.745 GiB, 1.28% gc time, 1.26% compilation time)
