## SLURM PROLOG ###############################################################
##    Job ID : 8822336
##  Job Name : sbatch_etgent.sh
##  Nodelist : node1320
##      CPUs : 8
##  Mem/Node : 4096 MB
## Directory : /oscar/home/trazzaz/AFQMC
##   Job Started : Thu Feb 27 08:08:51 PM EST 2025
###############################################################################
seed = 1331
U = 2.0
β = 6.0
Warming up
128/1024
256/1024
384/1024
512/1024
640/1024
768/1024
896/1024
1024/1024
Measuring
128/16384
mean(sgnprob[1:i - 1]) = 0.5275590551181102
256/16384
mean(sgnprob[1:i - 1]) = -0.027450980392156862
384/16384
mean(sgnprob[1:i - 1]) = 0.13315926892950392
512/16384
mean(sgnprob[1:i - 1]) = 0.20156555772994128
640/16384
mean(sgnprob[1:i - 1]) = 0.25508607198748046
768/16384
mean(sgnprob[1:i - 1]) = 0.3011734028683181
896/16384
mean(sgnprob[1:i - 1]) = 0.33631284916201115
1024/16384
mean(sgnprob[1:i - 1]) = 0.3763440860215054
1152/16384
mean(sgnprob[1:i - 1]) = 0.40747176368375326
1280/16384
mean(sgnprob[1:i - 1]) = 0.4245504300234558
1408/16384
mean(sgnprob[1:i - 1]) = 0.4427860696517413
1536/16384
mean(sgnprob[1:i - 1]) = 0.3667752442996743
1664/16384
mean(sgnprob[1:i - 1]) = 0.3734215273601924
1792/16384
mean(sgnprob[1:i - 1]) = 0.3936348408710218
1920/16384
mean(sgnprob[1:i - 1]) = 0.4111516414799375
2048/16384
mean(sgnprob[1:i - 1]) = 0.41084513922813876
2176/16384
mean(sgnprob[1:i - 1]) = 0.3563218390804598
2304/16384
mean(sgnprob[1:i - 1]) = 0.3617021276595745
2432/16384
mean(sgnprob[1:i - 1]) = 0.3739201974496092
2560/16384
mean(sgnprob[1:i - 1]) = 0.3841344275107464
2688/16384
mean(sgnprob[1:i - 1]) = 0.38742091551916635
2816/16384
mean(sgnprob[1:i - 1]) = 0.3435168738898757
2944/16384
mean(sgnprob[1:i - 1]) = 0.35372069317023447
3072/16384
mean(sgnprob[1:i - 1]) = 0.36372517095408663
3200/16384
mean(sgnprob[1:i - 1]) = 0.37668021256642703
3328/16384
mean(sgnprob[1:i - 1]) = 0.3856327021340547
3456/16384
mean(sgnprob[1:i - 1]) = 0.3939218523878437
3584/16384
mean(sgnprob[1:i - 1]) = 0.3647781188947809
3712/16384
mean(sgnprob[1:i - 1]) = 0.37105901374292644
3840/16384
mean(sgnprob[1:i - 1]) = 0.3774420421984892
3968/16384
mean(sgnprob[1:i - 1]) = 0.3819006806150744
4096/16384
mean(sgnprob[1:i - 1]) = 0.38461538461538464
4224/16384
mean(sgnprob[1:i - 1]) = 0.3843239403267819
4352/16384
mean(sgnprob[1:i - 1]) = 0.38772695931969664
4480/16384
mean(sgnprob[1:i - 1]) = 0.3936146461263675
4608/16384
mean(sgnprob[1:i - 1]) = 0.4000434121988279
4736/16384
mean(sgnprob[1:i - 1]) = 0.40359028511087647
4864/16384
mean(sgnprob[1:i - 1]) = 0.37651655356775654
4992/16384
mean(sgnprob[1:i - 1]) = 0.3532358244840713
5120/16384
mean(sgnprob[1:i - 1]) = 0.35964055479585855
5248/16384
mean(sgnprob[1:i - 1]) = 0.36268343815513626
5376/16384
mean(sgnprob[1:i - 1]) = 0.344
5504/16384
mean(sgnprob[1:i - 1]) = 0.3461748137379611
5632/16384
mean(sgnprob[1:i - 1]) = 0.351092168353756
5760/16384
mean(sgnprob[1:i - 1]) = 0.3578746310123285
5888/16384
mean(sgnprob[1:i - 1]) = 0.36538134873449973
6016/16384
mean(sgnprob[1:i - 1]) = 0.36791354945968413
6144/16384
mean(sgnprob[1:i - 1]) = 0.37229366758912585
6272/16384
mean(sgnprob[1:i - 1]) = 0.3761760484771169
6400/16384
mean(sgnprob[1:i - 1]) = 0.3561493983434912
6528/16384
mean(sgnprob[1:i - 1]) = 0.33874674429293705
6656/16384
mean(sgnprob[1:i - 1]) = 0.34064613072877536
6784/16384
mean(sgnprob[1:i - 1]) = 0.34542237947810706
6912/16384
mean(sgnprob[1:i - 1]) = 0.32773838807697875
7040/16384
mean(sgnprob[1:i - 1]) = 0.330018468532462
7168/16384
mean(sgnprob[1:i - 1]) = 0.3137993581693875
7296/16384
mean(sgnprob[1:i - 1]) = 0.3181631254283756
7424/16384
mean(sgnprob[1:i - 1]) = 0.3037855314562845
7552/16384
mean(sgnprob[1:i - 1]) = 0.2893656469341809
7680/16384
mean(sgnprob[1:i - 1]) = 0.2749055866649303
7808/16384
mean(sgnprob[1:i - 1]) = 0.26296913026770846
7936/16384
mean(sgnprob[1:i - 1]) = 0.2675488342785129
8064/16384
mean(sgnprob[1:i - 1]) = 0.2690065732357683
8192/16384
mean(sgnprob[1:i - 1]) = 0.2731046270296667
8320/16384
mean(sgnprob[1:i - 1]) = 0.2765957446808511
8448/16384
mean(sgnprob[1:i - 1]) = 0.2802178288149639
8576/16384
mean(sgnprob[1:i - 1]) = 0.28303206997084546
8704/16384
mean(sgnprob[1:i - 1]) = 0.2853039181891302
8832/16384
mean(sgnprob[1:i - 1]) = 0.2877363831955611
8960/16384
mean(sgnprob[1:i - 1]) = 0.29166201584998325
9088/16384
mean(sgnprob[1:i - 1]) = 0.27919005172224054
9216/16384
mean(sgnprob[1:i - 1]) = 0.28269126424308194
9344/16384
mean(sgnprob[1:i - 1]) = 0.2700417424810018
9472/16384
mean(sgnprob[1:i - 1]) = 0.2723049308415162
9600/16384
mean(sgnprob[1:i - 1]) = 0.27596624648400875
9728/16384
mean(sgnprob[1:i - 1]) = 0.2809704944998458
9856/16384
mean(sgnprob[1:i - 1]) = 0.2854388635210553
9984/16384
mean(sgnprob[1:i - 1]) = 0.2897926475007513
10112/16384
mean(sgnprob[1:i - 1]) = 0.2930471763425972
10240/16384
mean(sgnprob[1:i - 1]) = 0.2958296708662955
10368/16384
mean(sgnprob[1:i - 1]) = 0.2858107456351886
10496/16384
mean(sgnprob[1:i - 1]) = 0.288804192472606
10624/16384
mean(sgnprob[1:i - 1]) = 0.291913772004142
10752/16384
mean(sgnprob[1:i - 1]) = 0.28229932099339594
10880/16384
mean(sgnprob[1:i - 1]) = 0.2730949535802923
11008/16384
mean(sgnprob[1:i - 1]) = 0.2746434087398928
11136/16384
mean(sgnprob[1:i - 1]) = 0.2635832959137854
11264/16384
mean(sgnprob[1:i - 1]) = 0.25526058776524907
11392/16384
mean(sgnprob[1:i - 1]) = 0.258361864629971
11520/16384
mean(sgnprob[1:i - 1]) = 0.2610469658824551
11648/16384
mean(sgnprob[1:i - 1]) = 0.2629861766978621
11776/16384
mean(sgnprob[1:i - 1]) = 0.2540127388535032
11904/16384
mean(sgnprob[1:i - 1]) = 0.24674451818869192
12032/16384
mean(sgnprob[1:i - 1]) = 0.248607763278198
12160/16384
mean(sgnprob[1:i - 1]) = 0.25224113825150096
12288/16384
mean(sgnprob[1:i - 1]) = 0.2540083014568243
12416/16384
mean(sgnprob[1:i - 1]) = 0.2567055980668546
12544/16384
mean(sgnprob[1:i - 1]) = 0.24914294825799252
12672/16384
mean(sgnprob[1:i - 1]) = 0.25009865046168417
12800/16384
mean(sgnprob[1:i - 1]) = 0.2424408156887257
12928/16384
mean(sgnprob[1:i - 1]) = 0.24406281426471726
13056/16384
mean(sgnprob[1:i - 1]) = 0.24580620451934124
13184/16384
mean(sgnprob[1:i - 1]) = 0.24918455586740498
13312/16384
mean(sgnprob[1:i - 1]) = 0.2524979340395162
13440/16384
mean(sgnprob[1:i - 1]) = 0.2550040925664112
13568/16384
mean(sgnprob[1:i - 1]) = 0.2468489717697354
13696/16384
mean(sgnprob[1:i - 1]) = 0.23928441036874773
13824/16384
mean(sgnprob[1:i - 1]) = 0.23185994357230702
13952/16384
mean(sgnprob[1:i - 1]) = 0.23345996702745322
14080/16384
mean(sgnprob[1:i - 1]) = 0.22593934228283258
14208/16384
mean(sgnprob[1:i - 1]) = 0.22869008235376928
14336/16384
mean(sgnprob[1:i - 1]) = 0.23167073596093476
14464/16384
mean(sgnprob[1:i - 1]) = 0.23459863098942127
14592/16384
mean(sgnprob[1:i - 1]) = 0.23637858954149818
14720/16384
mean(sgnprob[1:i - 1]) = 0.23907874176234797
14848/16384
mean(sgnprob[1:i - 1]) = 0.241732336498956
14976/16384
mean(sgnprob[1:i - 1]) = 0.24393989983305508
15104/16384
mean(sgnprob[1:i - 1]) = 0.24637489240548235
15232/16384
mean(sgnprob[1:i - 1]) = 0.2487689580460902
15360/16384
mean(sgnprob[1:i - 1]) = 0.25138355361677195
15488/16384
mean(sgnprob[1:i - 1]) = 0.25421321108026085
15616/16384
mean(sgnprob[1:i - 1]) = 0.24636567403138007
15744/16384
mean(sgnprob[1:i - 1]) = 0.24804675093692435
15872/16384
mean(sgnprob[1:i - 1]) = 0.2513389200428454
16000/16384
mean(sgnprob[1:i - 1]) = 0.2533283330208138
16128/16384
mean(sgnprob[1:i - 1]) = 0.2546660879270788
16256/16384
mean(sgnprob[1:i - 1]) = 0.25647493079052597
16384/16384
mean(sgnprob[1:i - 1]) = 0.2583775865226149
807.096335 seconds (167.11 M allocations: 70.745 GiB, 1.76% gc time, 1.31% compilation time)
