## SLURM PROLOG ###############################################################
##    Job ID : 8834008
##  Job Name : sbatch_etgent.sh
##  Nodelist : node1733
##      CPUs : 8
##  Mem/Node : 4096 MB
## Directory : /oscar/home/trazzaz/AFQMC
##   Job Started : Fri Feb 28 04:22:17 AM EST 2025
###############################################################################
seed = 1562
U = 2.0
β = 6.0
Warming up
128/1024
256/1024
384/1024
512/1024
640/1024
768/1024
896/1024
1024/1024
Measuring
128/16384
mean(sgnprob[1:i - 1]) = -0.6377952755905512
256/16384
mean(sgnprob[1:i - 1]) = 0.011764705882352941
384/16384
mean(sgnprob[1:i - 1]) = 0.206266318537859
512/16384
mean(sgnprob[1:i - 1]) = 0.2720156555772994
640/16384
mean(sgnprob[1:i - 1]) = 0.29890453834115804
768/16384
mean(sgnprob[1:i - 1]) = 0.34028683181225555
896/16384
mean(sgnprob[1:i - 1]) = 0.21564245810055865
1024/16384
mean(sgnprob[1:i - 1]) = 0.24926686217008798
1152/16384
mean(sgnprob[1:i - 1]) = 0.1676802780191138
1280/16384
mean(sgnprob[1:i - 1]) = 0.2040656763096169
1408/16384
mean(sgnprob[1:i - 1]) = 0.232409381663113
1536/16384
mean(sgnprob[1:i - 1]) = 0.250814332247557
1664/16384
mean(sgnprob[1:i - 1]) = 0.2603728202044498
1792/16384
mean(sgnprob[1:i - 1]) = 0.2786152987158012
1920/16384
mean(sgnprob[1:i - 1]) = 0.23084940072954663
2048/16384
mean(sgnprob[1:i - 1]) = 0.24474841231069858
2176/16384
mean(sgnprob[1:i - 1]) = 0.19908045977011493
2304/16384
mean(sgnprob[1:i - 1]) = 0.15675206252713852
2432/16384
mean(sgnprob[1:i - 1]) = 0.17482517482517482
2560/16384
mean(sgnprob[1:i - 1]) = 0.1949980461117624
2688/16384
mean(sgnprob[1:i - 1]) = 0.2058057312988463
2816/16384
mean(sgnprob[1:i - 1]) = 0.2163410301953819
2944/16384
mean(sgnprob[1:i - 1]) = 0.17906897723411486
3072/16384
mean(sgnprob[1:i - 1]) = 0.19439921849560404
3200/16384
mean(sgnprob[1:i - 1]) = 0.20350109409190373
3328/16384
mean(sgnprob[1:i - 1]) = 0.17643522693116923
3456/16384
mean(sgnprob[1:i - 1]) = 0.15137481910274964
3584/16384
mean(sgnprob[1:i - 1]) = 0.16438738487301144
3712/16384
mean(sgnprob[1:i - 1]) = 0.17542441390460792
3840/16384
mean(sgnprob[1:i - 1]) = 0.18833029434748633
3968/16384
mean(sgnprob[1:i - 1]) = 0.20342828333753465
4096/16384
mean(sgnprob[1:i - 1]) = 0.21318681318681318
4224/16384
mean(sgnprob[1:i - 1]) = 0.22472176178072462
4352/16384
mean(sgnprob[1:i - 1]) = 0.2319007124798897
4480/16384
mean(sgnprob[1:i - 1]) = 0.24000893056485822
4608/16384
mean(sgnprob[1:i - 1]) = 0.21858042109832862
4736/16384
mean(sgnprob[1:i - 1]) = 0.2021119324181626
4864/16384
mean(sgnprob[1:i - 1]) = 0.20954143532798683
4992/16384
mean(sgnprob[1:i - 1]) = 0.21538769785614106
5120/16384
mean(sgnprob[1:i - 1]) = 0.22289509669857394
5248/16384
mean(sgnprob[1:i - 1]) = 0.23041738136077758
5376/16384
mean(sgnprob[1:i - 1]) = 0.21376744186046512
5504/16384
mean(sgnprob[1:i - 1]) = 0.19825549700163547
5632/16384
mean(sgnprob[1:i - 1]) = 0.20760078138874088
5760/16384
mean(sgnprob[1:i - 1]) = 0.21722521271054002
5888/16384
mean(sgnprob[1:i - 1]) = 0.2016307117377272
6016/16384
mean(sgnprob[1:i - 1]) = 0.18503740648379052
6144/16384
mean(sgnprob[1:i - 1]) = 0.19127462152042976
6272/16384
mean(sgnprob[1:i - 1]) = 0.17875936852176685
6400/16384
mean(sgnprob[1:i - 1]) = 0.16424441318956087
6528/16384
mean(sgnprob[1:i - 1]) = 0.17205454266891373
6656/16384
mean(sgnprob[1:i - 1]) = 0.1777610818933133
6784/16384
mean(sgnprob[1:i - 1]) = 0.16467639687453928
6912/16384
mean(sgnprob[1:i - 1]) = 0.17233396035306034
7040/16384
mean(sgnprob[1:i - 1]) = 0.17886063361272908
7168/16384
mean(sgnprob[1:i - 1]) = 0.18794474675596484
7296/16384
mean(sgnprob[1:i - 1]) = 0.1925976696367375
7424/16384
mean(sgnprob[1:i - 1]) = 0.18011585612286138
7552/16384
mean(sgnprob[1:i - 1]) = 0.16805721096543505
7680/16384
mean(sgnprob[1:i - 1]) = 0.15692147415028
7808/16384
mean(sgnprob[1:i - 1]) = 0.14282054566414756
7936/16384
mean(sgnprob[1:i - 1]) = 0.14782608695652175
8064/16384
mean(sgnprob[1:i - 1]) = 0.1377899045020464
8192/16384
mean(sgnprob[1:i - 1]) = 0.14125259431082896
8320/16384
mean(sgnprob[1:i - 1]) = 0.145329967544176
8448/16384
mean(sgnprob[1:i - 1]) = 0.15117793299396234
8576/16384
mean(sgnprob[1:i - 1]) = 0.15521865889212827
8704/16384
mean(sgnprob[1:i - 1]) = 0.15914052625531425
8832/16384
mean(sgnprob[1:i - 1]) = 0.1638546031027064
8960/16384
mean(sgnprob[1:i - 1]) = 0.16888045540796964
9088/16384
mean(sgnprob[1:i - 1]) = 0.1737647188290965
9216/16384
mean(sgnprob[1:i - 1]) = 0.1776451437873033
9344/16384
mean(sgnprob[1:i - 1]) = 0.16707695600984696
9472/16384
mean(sgnprob[1:i - 1]) = 0.17094287825995144
9600/16384
mean(sgnprob[1:i - 1]) = 0.17658089384310865
9728/16384
mean(sgnprob[1:i - 1]) = 0.1670607587128611
9856/16384
mean(sgnprob[1:i - 1]) = 0.17016742770167428
9984/16384
mean(sgnprob[1:i - 1]) = 0.17559851747971553
10112/16384
mean(sgnprob[1:i - 1]) = 0.17911185837207003
10240/16384
mean(sgnprob[1:i - 1]) = 0.18429534134192793
10368/16384
mean(sgnprob[1:i - 1]) = 0.18742162631426643
10496/16384
mean(sgnprob[1:i - 1]) = 0.18970938542162935
10624/16384
mean(sgnprob[1:i - 1]) = 0.1942012614139132
10752/16384
mean(sgnprob[1:i - 1]) = 0.18463398753604315
10880/16384
mean(sgnprob[1:i - 1]) = 0.17602720838312344
11008/16384
mean(sgnprob[1:i - 1]) = 0.18015808122104116
11136/16384
mean(sgnprob[1:i - 1]) = 0.18329591378536148
11264/16384
mean(sgnprob[1:i - 1]) = 0.17712865133623368
11392/16384
mean(sgnprob[1:i - 1]) = 0.18005442893512422
11520/16384
mean(sgnprob[1:i - 1]) = 0.18395694070665855
11648/16384
mean(sgnprob[1:i - 1]) = 0.18588477719584443
11776/16384
mean(sgnprob[1:i - 1]) = 0.18929936305732484
11904/16384
mean(sgnprob[1:i - 1]) = 0.193144585398639
12032/16384
mean(sgnprob[1:i - 1]) = 0.19707422491895935
12160/16384
mean(sgnprob[1:i - 1]) = 0.1903939468706308
12288/16384
mean(sgnprob[1:i - 1]) = 0.19345649873850412
12416/16384
mean(sgnprob[1:i - 1]) = 0.19629480467176802
12544/16384
mean(sgnprob[1:i - 1]) = 0.19923463286295146
12672/16384
mean(sgnprob[1:i - 1]) = 0.20290426959198168
12800/16384
mean(sgnprob[1:i - 1]) = 0.20603172122822094
12928/16384
mean(sgnprob[1:i - 1]) = 0.20816894871199815
13056/16384
mean(sgnprob[1:i - 1]) = 0.21057066258138643
13184/16384
mean(sgnprob[1:i - 1]) = 0.21383600091026322
13312/16384
mean(sgnprob[1:i - 1]) = 0.21703853955375255
13440/16384
mean(sgnprob[1:i - 1]) = 0.2185430463576159
13568/16384
mean(sgnprob[1:i - 1]) = 0.22178816245301097
13696/16384
mean(sgnprob[1:i - 1]) = 0.22424242424242424
13824/16384
mean(sgnprob[1:i - 1]) = 0.22665123345149388
13952/16384
mean(sgnprob[1:i - 1]) = 0.22070102501612787
14080/16384
mean(sgnprob[1:i - 1]) = 0.21429078769798993
14208/16384
mean(sgnprob[1:i - 1]) = 0.21630182304497783
14336/16384
mean(sgnprob[1:i - 1]) = 0.21939309382629926
14464/16384
mean(sgnprob[1:i - 1]) = 0.22215308027380212
14592/16384
mean(sgnprob[1:i - 1]) = 0.22486464258789665
14720/16384
mean(sgnprob[1:i - 1]) = 0.2280725592771248
14848/16384
mean(sgnprob[1:i - 1]) = 0.23028221189465886
14976/16384
mean(sgnprob[1:i - 1]) = 0.2331218697829716
15104/16384
mean(sgnprob[1:i - 1]) = 0.2351188505594915
15232/16384
mean(sgnprob[1:i - 1]) = 0.22907228678353359
15360/16384
mean(sgnprob[1:i - 1]) = 0.2330229832671398
15488/16384
mean(sgnprob[1:i - 1]) = 0.2274811131917092
15616/16384
mean(sgnprob[1:i - 1]) = 0.2303554274735831
15744/16384
mean(sgnprob[1:i - 1]) = 0.2322937178428508
15872/16384
mean(sgnprob[1:i - 1]) = 0.22588368722827798
16000/16384
mean(sgnprob[1:i - 1]) = 0.22657666104131508
16128/16384
mean(sgnprob[1:i - 1]) = 0.22973894710733553
16256/16384
mean(sgnprob[1:i - 1]) = 0.2252230083051369
16384/16384
mean(sgnprob[1:i - 1]) = 0.2270036012940243
736.666299 seconds (167.11 M allocations: 70.745 GiB, 1.44% gc time, 1.22% compilation time)
