## SLURM PROLOG ###############################################################
##    Job ID : 8822257
##  Job Name : sbatch_etgent.sh
##  Nodelist : node1602
##      CPUs : 8
##  Mem/Node : 4096 MB
## Directory : /oscar/home/trazzaz/AFQMC
##   Job Started : Thu Feb 27 05:59:21 PM EST 2025
###############################################################################
seed = 1252
U = 2.0
β = 6.0
Warming up
128/1024
256/1024
384/1024
512/1024
640/1024
768/1024
896/1024
1024/1024
Measuring
128/16384
mean(sgnprob[1:i - 1]) = 0.41732283464566927
256/16384
mean(sgnprob[1:i - 1]) = 0.44313725490196076
384/16384
mean(sgnprob[1:i - 1]) = 0.4464751958224543
512/16384
mean(sgnprob[1:i - 1]) = 0.4755381604696673
640/16384
mean(sgnprob[1:i - 1]) = 0.2895148669796557
768/16384
mean(sgnprob[1:i - 1]) = 0.32985658409387225
896/16384
mean(sgnprob[1:i - 1]) = 0.329608938547486
1024/16384
mean(sgnprob[1:i - 1]) = 0.3509286412512219
1152/16384
mean(sgnprob[1:i - 1]) = 0.369244135534318
1280/16384
mean(sgnprob[1:i - 1]) = 0.2869429241594996
1408/16384
mean(sgnprob[1:i - 1]) = 0.21393034825870647
1536/16384
mean(sgnprob[1:i - 1]) = 0.1504885993485342
1664/16384
mean(sgnprob[1:i - 1]) = 0.1761876127480457
1792/16384
mean(sgnprob[1:i - 1]) = 0.1970965940815187
1920/16384
mean(sgnprob[1:i - 1]) = 0.2266805627931214
2048/16384
mean(sgnprob[1:i - 1]) = 0.1792867611138251
2176/16384
mean(sgnprob[1:i - 1]) = 0.13655172413793104
2304/16384
mean(sgnprob[1:i - 1]) = 0.15848892748588797
2432/16384
mean(sgnprob[1:i - 1]) = 0.17317976141505553
2560/16384
mean(sgnprob[1:i - 1]) = 0.18093005080109417
2688/16384
mean(sgnprob[1:i - 1]) = 0.1961295124674358
2816/16384
mean(sgnprob[1:i - 1]) = 0.20781527531083482
2944/16384
mean(sgnprob[1:i - 1]) = 0.22120285423037717
3072/16384
mean(sgnprob[1:i - 1]) = 0.19179420384239662
3200/16384
mean(sgnprob[1:i - 1]) = 0.20037511722413254
3328/16384
mean(sgnprob[1:i - 1]) = 0.2131048993086865
3456/16384
mean(sgnprob[1:i - 1]) = 0.19073806078147612
3584/16384
mean(sgnprob[1:i - 1]) = 0.16829472509070612
3712/16384
mean(sgnprob[1:i - 1]) = 0.17542441390460792
3840/16384
mean(sgnprob[1:i - 1]) = 0.15238343318572545
3968/16384
mean(sgnprob[1:i - 1]) = 0.1353667759011848
4096/16384
mean(sgnprob[1:i - 1]) = 0.14627594627594628
4224/16384
mean(sgnprob[1:i - 1]) = 0.15178782855789724
4352/16384
mean(sgnprob[1:i - 1]) = 0.16341071018156744
4480/16384
mean(sgnprob[1:i - 1]) = 0.1743692788568877
4608/16384
mean(sgnprob[1:i - 1]) = 0.15910570870414587
4736/16384
mean(sgnprob[1:i - 1]) = 0.1700105596620908
4864/16384
mean(sgnprob[1:i - 1]) = 0.17869627801768456
4992/16384
mean(sgnprob[1:i - 1]) = 0.18453215788419156
5120/16384
mean(sgnprob[1:i - 1]) = 0.19163899199062318
5248/16384
mean(sgnprob[1:i - 1]) = 0.20030493615399275
5376/16384
mean(sgnprob[1:i - 1]) = 0.18511627906976744
5504/16384
mean(sgnprob[1:i - 1]) = 0.1917136107577685
5632/16384
mean(sgnprob[1:i - 1]) = 0.17741076185402238
5760/16384
mean(sgnprob[1:i - 1]) = 0.16513283556172947
5888/16384
mean(sgnprob[1:i - 1]) = 0.1724137931034483
6016/16384
mean(sgnprob[1:i - 1]) = 0.16043225270157938
6144/16384
mean(sgnprob[1:i - 1]) = 0.16587986325899398
6272/16384
mean(sgnprob[1:i - 1]) = 0.15228831127411896
6400/16384
mean(sgnprob[1:i - 1]) = 0.15924363181747148
6528/16384
mean(sgnprob[1:i - 1]) = 0.16132986057913284
6656/16384
mean(sgnprob[1:i - 1]) = 0.1507137490608565
6784/16384
mean(sgnprob[1:i - 1]) = 0.13813946631284094
6912/16384
mean(sgnprob[1:i - 1]) = 0.14165822601649544
7040/16384
mean(sgnprob[1:i - 1]) = 0.12942179286830516
7168/16384
mean(sgnprob[1:i - 1]) = 0.1363192409655365
7296/16384
mean(sgnprob[1:i - 1]) = 0.14078135709389994
7424/16384
mean(sgnprob[1:i - 1]) = 0.148053347703085
7552/16384
mean(sgnprob[1:i - 1]) = 0.1373328036021719
7680/16384
mean(sgnprob[1:i - 1]) = 0.1280114598254981
7808/16384
mean(sgnprob[1:i - 1]) = 0.13231715127449725
7936/16384
mean(sgnprob[1:i - 1]) = 0.1369880277252678
8064/16384
mean(sgnprob[1:i - 1]) = 0.1420066972590847
8192/16384
mean(sgnprob[1:i - 1]) = 0.14735685508484922
8320/16384
mean(sgnprob[1:i - 1]) = 0.15278278639259527
8448/16384
mean(sgnprob[1:i - 1]) = 0.1450219012667219
8576/16384
mean(sgnprob[1:i - 1]) = 0.15125364431486882
8704/16384
mean(sgnprob[1:i - 1]) = 0.15776169137079168
8832/16384
mean(sgnprob[1:i - 1]) = 0.16226927867738647
8960/16384
mean(sgnprob[1:i - 1]) = 0.16530862819511105
9088/16384
mean(sgnprob[1:i - 1]) = 0.16936282601518654
9216/16384
mean(sgnprob[1:i - 1]) = 0.16136733586543678
9344/16384
mean(sgnprob[1:i - 1]) = 0.16600663598415927
9472/16384
mean(sgnprob[1:i - 1]) = 0.16925351071692535
9600/16384
mean(sgnprob[1:i - 1]) = 0.17324721325138034
9728/16384
mean(sgnprob[1:i - 1]) = 0.16418217333196258
9856/16384
mean(sgnprob[1:i - 1]) = 0.15575849822425164
9984/16384
mean(sgnprob[1:i - 1]) = 0.1593709305819894
10112/16384
mean(sgnprob[1:i - 1]) = 0.16289189991098804
10240/16384
mean(sgnprob[1:i - 1]) = 0.16808282058794805
10368/16384
mean(sgnprob[1:i - 1]) = 0.17121635960258513
10496/16384
mean(sgnprob[1:i - 1]) = 0.17389232968080037
10624/16384
mean(sgnprob[1:i - 1]) = 0.17706862468229315
10752/16384
mean(sgnprob[1:i - 1]) = 0.17905311133848015
10880/16384
mean(sgnprob[1:i - 1]) = 0.18099089989888775
11008/16384
mean(sgnprob[1:i - 1]) = 0.173435086762969
11136/16384
mean(sgnprob[1:i - 1]) = 0.17718904355635384
11264/16384
mean(sgnprob[1:i - 1]) = 0.1803249578265116
11392/16384
mean(sgnprob[1:i - 1]) = 0.18356597313668685
11520/16384
mean(sgnprob[1:i - 1]) = 0.18777671672888271
11648/16384
mean(sgnprob[1:i - 1]) = 0.19120803640422426
11776/16384
mean(sgnprob[1:i - 1]) = 0.1935456475583864
11904/16384
mean(sgnprob[1:i - 1]) = 0.1960010081492061
12032/16384
mean(sgnprob[1:i - 1]) = 0.19840412268306873
12160/16384
mean(sgnprob[1:i - 1]) = 0.20092112838226828
12288/16384
mean(sgnprob[1:i - 1]) = 0.20371123952144543
12416/16384
mean(sgnprob[1:i - 1]) = 0.20692710430930325
12544/16384
mean(sgnprob[1:i - 1]) = 0.20975843099736904
12672/16384
mean(sgnprob[1:i - 1]) = 0.21269039539105042
12800/16384
mean(sgnprob[1:i - 1]) = 0.2147824048753809
12928/16384
mean(sgnprob[1:i - 1]) = 0.20739537402336194
13056/16384
mean(sgnprob[1:i - 1]) = 0.2018383761011107
13184/16384
mean(sgnprob[1:i - 1]) = 0.19608586816354395
13312/16384
mean(sgnprob[1:i - 1]) = 0.1993088423108707
13440/16384
mean(sgnprob[1:i - 1]) = 0.19354118610015625
13568/16384
mean(sgnprob[1:i - 1]) = 0.18891427729048427
13696/16384
mean(sgnprob[1:i - 1]) = 0.19255202628696605
13824/16384
mean(sgnprob[1:i - 1]) = 0.19496491354988063
13952/16384
mean(sgnprob[1:i - 1]) = 0.19919719016557952
14080/16384
mean(sgnprob[1:i - 1]) = 0.20193195539455927
14208/16384
mean(sgnprob[1:i - 1]) = 0.19560779897233757
14336/16384
mean(sgnprob[1:i - 1]) = 0.19790722009068712
14464/16384
mean(sgnprob[1:i - 1]) = 0.1922837585563161
14592/16384
mean(sgnprob[1:i - 1]) = 0.1944349256390926
14720/16384
mean(sgnprob[1:i - 1]) = 0.19600516339425234
14848/16384
mean(sgnprob[1:i - 1]) = 0.19862598504748433
14976/16384
mean(sgnprob[1:i - 1]) = 0.20146911519198665
15104/16384
mean(sgnprob[1:i - 1]) = 0.1963186121962524
15232/16384
mean(sgnprob[1:i - 1]) = 0.19900203532269714
15360/16384
mean(sgnprob[1:i - 1]) = 0.20098964776352626
15488/16384
mean(sgnprob[1:i - 1]) = 0.20281526441531608
15616/16384
mean(sgnprob[1:i - 1]) = 0.20499519692603266
15744/16384
mean(sgnprob[1:i - 1]) = 0.20599631582290542
15872/16384
mean(sgnprob[1:i - 1]) = 0.2083674626677588
16000/16384
mean(sgnprob[1:i - 1]) = 0.21020063753984625
16128/16384
mean(sgnprob[1:i - 1]) = 0.2049358219135611
16256/16384
mean(sgnprob[1:i - 1]) = 0.2072593048292833
16384/16384
mean(sgnprob[1:i - 1]) = 0.20942440334493073
732.481707 seconds (167.11 M allocations: 70.745 GiB, 1.61% gc time, 1.23% compilation time)
