## SLURM PROLOG ###############################################################
##    Job ID : 6710752
##  Job Name : etgent_LA8_seed1241
##  Nodelist : node1756
##      CPUs : 8
##  Mem/Node : 2048 MB
## Directory : /oscar/home/trazzaz/AFQMC
##   Job Started : Sun Nov 24 09:14:12 PM EST 2024
###############################################################################
seed = 1241
U = 2.0
λₖ = 0.0
Warming up
128/512
256/512
384/512
512/512
Measuring
128/1024
256/1024
384/1024
512/1024
640/1024
768/1024
896/1024
1024/1024
592.794771 seconds (89.16 M allocations: 47.812 GiB, 1.36% gc time, 1.58% compilation time)
λₖ = 0.2
Warming up
128/512
256/512
384/512
512/512
Measuring
128/1024
256/1024
384/1024
512/1024
640/1024
768/1024
896/1024
1024/1024
588.016949 seconds (85.43 M allocations: 47.648 GiB, 1.25% gc time, 0.01% compilation time)
λₖ = 0.4
Warming up
128/512
256/512
384/512
512/512
Measuring
128/1024
256/1024
384/1024
512/1024
640/1024
768/1024
896/1024
1024/1024
589.231712 seconds (85.43 M allocations: 47.648 GiB, 1.13% gc time)
λₖ = 0.6
Warming up
128/512
256/512
384/512
512/512
Measuring
128/1024
256/1024
384/1024
512/1024
640/1024
768/1024
896/1024
1024/1024
586.734662 seconds (85.43 M allocations: 47.648 GiB, 1.04% gc time)
λₖ = 0.8
Warming up
128/512
256/512
384/512
512/512
Measuring
128/1024
256/1024
384/1024
512/1024
640/1024
768/1024
896/1024
1024/1024
590.892604 seconds (85.43 M allocations: 47.648 GiB, 0.95% gc time)
