## SLURM PROLOG ###############################################################
##    Job ID : 5902725
##  Job Name : etgent_N6_seed1253
##  Nodelist : node1717
##      CPUs : 8
##  Mem/Node : 2048 MB
## Directory : /oscar/home/trazzaz/AFQMC
##   Job Started : Sun Nov 10 11:42:13 PM EST 2024
###############################################################################
U = 2.0
seed = 1253
λₖ = 0.0
Warming up
128/512
256/512
384/512
512/512
Measuring
128/1024
256/1024
384/1024
512/1024
640/1024
768/1024
896/1024
1024/1024
251.207934 seconds (203.81 M allocations: 1.089 TiB, 19.75% gc time, 3.29% compilation time)
λₖ = 0.2
Warming up
128/512
256/512
384/512
512/512
Measuring
128/1024
256/1024
384/1024
512/1024
640/1024
768/1024
896/1024
1024/1024
279.085842 seconds (201.96 M allocations: 1.089 TiB, 19.84% gc time, 0.03% compilation time)
λₖ = 0.4
Warming up
128/512
256/512
384/512
512/512
Measuring
128/1024
256/1024
384/1024
512/1024
640/1024
768/1024
896/1024
1024/1024
218.729065 seconds (201.96 M allocations: 1.089 TiB, 22.30% gc time)
λₖ = 0.6
Warming up
128/512
256/512
384/512
512/512
Measuring
128/1024
256/1024
384/1024
512/1024
640/1024
768/1024
896/1024
1024/1024
208.688912 seconds (201.96 M allocations: 1.089 TiB, 21.15% gc time)
λₖ = 0.8
Warming up
128/512
256/512
384/512
512/512
Measuring
128/1024
256/1024
384/1024
512/1024
640/1024
768/1024
896/1024
1024/1024
211.961970 seconds (201.96 M allocations: 1.089 TiB, 21.41% gc time)
