## SLURM PROLOG ###############################################################
##    Job ID : 8833962
##  Job Name : sbatch_etgent.sh
##  Nodelist : node1736
##      CPUs : 8
##  Mem/Node : 4096 MB
## Directory : /oscar/home/trazzaz/AFQMC
##   Job Started : Fri Feb 28 03:06:38 AM EST 2025
###############################################################################
seed = 1516
U = 2.0
β = 6.0
Warming up
128/1024
256/1024
384/1024
512/1024
640/1024
768/1024
896/1024
1024/1024
Measuring
128/16384
mean(sgnprob[1:i - 1]) = 0.5905511811023622
256/16384
mean(sgnprob[1:i - 1]) = 0.49019607843137253
384/16384
mean(sgnprob[1:i - 1]) = 0.5143603133159269
512/16384
mean(sgnprob[1:i - 1]) = 0.50293542074364
640/16384
mean(sgnprob[1:i - 1]) = 0.5054773082942097
768/16384
mean(sgnprob[1:i - 1]) = 0.49674054758800523
896/16384
mean(sgnprob[1:i - 1]) = 0.34301675977653634
1024/16384
mean(sgnprob[1:i - 1]) = 0.3509286412512219
1152/16384
mean(sgnprob[1:i - 1]) = 0.3796698523023458
1280/16384
mean(sgnprob[1:i - 1]) = 0.2947615324472244
1408/16384
mean(sgnprob[1:i - 1]) = 0.2267235252309879
1536/16384
mean(sgnprob[1:i - 1]) = 0.2534201954397394
1664/16384
mean(sgnprob[1:i - 1]) = 0.27119663259170174
1792/16384
mean(sgnprob[1:i - 1]) = 0.28196538246789504
1920/16384
mean(sgnprob[1:i - 1]) = 0.2996352266805628
2048/16384
mean(sgnprob[1:i - 1]) = 0.31314118221787984
2176/16384
mean(sgnprob[1:i - 1]) = 0.2652873563218391
2304/16384
mean(sgnprob[1:i - 1]) = 0.2227529309596179
2432/16384
mean(sgnprob[1:i - 1]) = 0.18140682846565198
2560/16384
mean(sgnprob[1:i - 1]) = 0.1942164908167253
2688/16384
mean(sgnprob[1:i - 1]) = 0.14849274283587643
2816/16384
mean(sgnprob[1:i - 1]) = 0.11900532859680284
2944/16384
mean(sgnprob[1:i - 1]) = 0.13285762827047232
3072/16384
mean(sgnprob[1:i - 1]) = 0.14816020840117225
3200/16384
mean(sgnprob[1:i - 1]) = 0.16161300406376994
3328/16384
mean(sgnprob[1:i - 1]) = 0.1355575593627893
3456/16384
mean(sgnprob[1:i - 1]) = 0.15311143270622288
3584/16384
mean(sgnprob[1:i - 1]) = 0.16606195925202344
3712/16384
mean(sgnprob[1:i - 1]) = 0.14308811641067098
3840/16384
mean(sgnprob[1:i - 1]) = 0.12320916905444126
3968/16384
mean(sgnprob[1:i - 1]) = 0.13788757247290143
4096/16384
mean(sgnprob[1:i - 1]) = 0.14627594627594628
4224/16384
mean(sgnprob[1:i - 1]) = 0.1569973952166706
4352/16384
mean(sgnprob[1:i - 1]) = 0.16708802574120893
4480/16384
mean(sgnprob[1:i - 1]) = 0.1766019200714445
4608/16384
mean(sgnprob[1:i - 1]) = 0.18428478402431084
4736/16384
mean(sgnprob[1:i - 1]) = 0.1662090813093981
4864/16384
mean(sgnprob[1:i - 1]) = 0.14949619576393172
4992/16384
mean(sgnprob[1:i - 1]) = 0.1580845521939491
5120/16384
mean(sgnprob[1:i - 1]) = 0.1681969134596601
5248/16384
mean(sgnprob[1:i - 1]) = 0.1530398322851153
5376/16384
mean(sgnprob[1:i - 1]) = 0.1386046511627907
5504/16384
mean(sgnprob[1:i - 1]) = 0.14737415954933672
5632/16384
mean(sgnprob[1:i - 1]) = 0.13372402770378264
5760/16384
mean(sgnprob[1:i - 1]) = 0.14082305955895122
5888/16384
mean(sgnprob[1:i - 1]) = 0.14693392220146084
6016/16384
mean(sgnprob[1:i - 1]) = 0.15644222776392352
6144/16384
mean(sgnprob[1:i - 1]) = 0.16392642031580662
6272/16384
mean(sgnprob[1:i - 1]) = 0.17238080051028545
6400/16384
mean(sgnprob[1:i - 1]) = 0.15768088763869353
6528/16384
mean(sgnprob[1:i - 1]) = 0.14570246667688064
6656/16384
mean(sgnprob[1:i - 1]) = 0.15311795642374154
6784/16384
mean(sgnprob[1:i - 1]) = 0.16054842989827509
6912/16384
mean(sgnprob[1:i - 1]) = 0.16828244827087252
7040/16384
mean(sgnprob[1:i - 1]) = 0.17573518965762183
7168/16384
mean(sgnprob[1:i - 1]) = 0.18152644063066833
7296/16384
mean(sgnprob[1:i - 1]) = 0.16901987662782728
7424/16384
mean(sgnprob[1:i - 1]) = 0.17634379630877003
7552/16384
mean(sgnprob[1:i - 1]) = 0.18235995232419547
7680/16384
mean(sgnprob[1:i - 1]) = 0.18999869774710249
7808/16384
mean(sgnprob[1:i - 1]) = 0.19175099269886
7936/16384
mean(sgnprob[1:i - 1]) = 0.19672337744171392
8064/16384
mean(sgnprob[1:i - 1]) = 0.20352226218529085
8192/16384
mean(sgnprob[1:i - 1]) = 0.21132950799658162
8320/16384
mean(sgnprob[1:i - 1]) = 0.21817526144969349
8448/16384
mean(sgnprob[1:i - 1]) = 0.2241032319166568
8576/16384
mean(sgnprob[1:i - 1]) = 0.2289212827988338
8704/16384
mean(sgnprob[1:i - 1]) = 0.21705159140526256
8832/16384
mean(sgnprob[1:i - 1]) = 0.2202468576605141
8960/16384
mean(sgnprob[1:i - 1]) = 0.2242437772072776
9088/16384
mean(sgnprob[1:i - 1]) = 0.22966875756575328
9216/16384
mean(sgnprob[1:i - 1]) = 0.23407487791644058
9344/16384
mean(sgnprob[1:i - 1]) = 0.23664775767954618
9472/16384
mean(sgnprob[1:i - 1]) = 0.24041811846689895
9600/16384
mean(sgnprob[1:i - 1]) = 0.24554641108448796
9728/16384
mean(sgnprob[1:i - 1]) = 0.24807237586100545
9856/16384
mean(sgnprob[1:i - 1]) = 0.25073566717402335
9984/16384
mean(sgnprob[1:i - 1]) = 0.2537313432835821
10112/16384
mean(sgnprob[1:i - 1]) = 0.25783799821976067
10240/16384
mean(sgnprob[1:i - 1]) = 0.2602793241527493
10368/16384
mean(sgnprob[1:i - 1]) = 0.2611170058840552
10496/16384
mean(sgnprob[1:i - 1]) = 0.2651738923296808
10624/16384
mean(sgnprob[1:i - 1]) = 0.25614233267438574
10752/16384
mean(sgnprob[1:i - 1]) = 0.24769788856850525
10880/16384
mean(sgnprob[1:i - 1]) = 0.24956337898703926
11008/16384
mean(sgnprob[1:i - 1]) = 0.25065867175433815
11136/16384
mean(sgnprob[1:i - 1]) = 0.25460260440053883
11264/16384
mean(sgnprob[1:i - 1]) = 0.25756903134156084
11392/16384
mean(sgnprob[1:i - 1]) = 0.2611710999912211
11520/16384
mean(sgnprob[1:i - 1]) = 0.26347773244205225
11648/16384
mean(sgnprob[1:i - 1]) = 0.26521851120460205
11776/16384
mean(sgnprob[1:i - 1]) = 0.2677707006369427
11904/16384
mean(sgnprob[1:i - 1]) = 0.27009997479626985
12032/16384
mean(sgnprob[1:i - 1]) = 0.2732108719142216
12160/16384
mean(sgnprob[1:i - 1]) = 0.27691421991940124
12288/16384
mean(sgnprob[1:i - 1]) = 0.2798893139090095
12416/16384
mean(sgnprob[1:i - 1]) = 0.2724929520741039
12544/16384
mean(sgnprob[1:i - 1]) = 0.2751335406202663
12672/16384
mean(sgnprob[1:i - 1]) = 0.27835214268802777
12800/16384
mean(sgnprob[1:i - 1]) = 0.2811938432690054
12928/16384
mean(sgnprob[1:i - 1]) = 0.28444341301152626
13056/16384
mean(sgnprob[1:i - 1]) = 0.2761394101876676
13184/16384
mean(sgnprob[1:i - 1]) = 0.26799666236820147
13312/16384
mean(sgnprob[1:i - 1]) = 0.26031102096010816
13440/16384
mean(sgnprob[1:i - 1]) = 0.2618498400178585
13568/16384
mean(sgnprob[1:i - 1]) = 0.2640967052406575
13696/16384
mean(sgnprob[1:i - 1]) = 0.2566630156991603
13824/16384
mean(sgnprob[1:i - 1]) = 0.24907762424943933
13952/16384
mean(sgnprob[1:i - 1]) = 0.2510931116049029
14080/16384
mean(sgnprob[1:i - 1]) = 0.25335606222032814
14208/16384
mean(sgnprob[1:i - 1]) = 0.25684521714647707
14336/16384
mean(sgnprob[1:i - 1]) = 0.25943494942448553
14464/16384
mean(sgnprob[1:i - 1]) = 0.2522989697849685
14592/16384
mean(sgnprob[1:i - 1]) = 0.25392365156603386
14720/16384
mean(sgnprob[1:i - 1]) = 0.2552483184998981
14848/16384
mean(sgnprob[1:i - 1]) = 0.25749309624840033
14976/16384
mean(sgnprob[1:i - 1]) = 0.2587646076794658
15104/16384
mean(sgnprob[1:i - 1]) = 0.2606766867509766
15232/16384
mean(sgnprob[1:i - 1]) = 0.25480927056660757
15360/16384
mean(sgnprob[1:i - 1]) = 0.2558109251904421
15488/16384
mean(sgnprob[1:i - 1]) = 0.24956415057790404
15616/16384
mean(sgnprob[1:i - 1]) = 0.2512327889849504
15744/16384
mean(sgnprob[1:i - 1]) = 0.25236613097884775
15872/16384
mean(sgnprob[1:i - 1]) = 0.25549744817591835
16000/16384
mean(sgnprob[1:i - 1]) = 0.25720357522345144
16128/16384
mean(sgnprob[1:i - 1]) = 0.2508216035220438
16256/16384
mean(sgnprob[1:i - 1]) = 0.2531528760381421
16384/16384
mean(sgnprob[1:i - 1]) = 0.2561801867789782
775.955951 seconds (167.11 M allocations: 70.745 GiB, 1.27% gc time, 1.16% compilation time)
