## SLURM PROLOG ###############################################################
##    Job ID : 8833888
##  Job Name : sbatch_etgent.sh
##  Nodelist : node1736
##      CPUs : 8
##  Mem/Node : 4096 MB
## Directory : /oscar/home/trazzaz/AFQMC
##   Job Started : Fri Feb 28 01:00:43 AM EST 2025
###############################################################################
seed = 1442
U = 2.0
β = 6.0
Warming up
128/1024
256/1024
384/1024
512/1024
640/1024
768/1024
896/1024
1024/1024
Measuring
128/16384
mean(sgnprob[1:i - 1]) = -0.4330708661417323
256/16384
mean(sgnprob[1:i - 1]) = -0.058823529411764705
384/16384
mean(sgnprob[1:i - 1]) = 0.09138381201044386
512/16384
mean(sgnprob[1:i - 1]) = -0.029354207436399216
640/16384
mean(sgnprob[1:i - 1]) = -0.1298904538341158
768/16384
mean(sgnprob[1:i - 1]) = -0.048239895697522815
896/16384
mean(sgnprob[1:i - 1]) = -0.11508379888268157
1024/16384
mean(sgnprob[1:i - 1]) = -0.1573802541544477
1152/16384
mean(sgnprob[1:i - 1]) = -0.0999131190269331
1280/16384
mean(sgnprob[1:i - 1]) = -0.04925723221266615
1408/16384
mean(sgnprob[1:i - 1]) = -0.006396588486140725
1536/16384
mean(sgnprob[1:i - 1]) = 0.020195439739413682
1664/16384
mean(sgnprob[1:i - 1]) = 0.04269392663860493
1792/16384
mean(sgnprob[1:i - 1]) = 0.013958682300390842
1920/16384
mean(sgnprob[1:i - 1]) = 0.040125065138092754
2048/16384
mean(sgnprob[1:i - 1]) = 0.056179775280898875
2176/16384
mean(sgnprob[1:i - 1]) = 0.027126436781609194
2304/16384
mean(sgnprob[1:i - 1]) = 0.04385584020842379
2432/16384
mean(sgnprob[1:i - 1]) = 0.06787330316742081
2560/16384
mean(sgnprob[1:i - 1]) = 0.09105119187182494
2688/16384
mean(sgnprob[1:i - 1]) = 0.07108299218459248
2816/16384
mean(sgnprob[1:i - 1]) = 0.09342806394316164
2944/16384
mean(sgnprob[1:i - 1]) = 0.07509344206591913
3072/16384
mean(sgnprob[1:i - 1]) = 0.08759361771409964
3200/16384
mean(sgnprob[1:i - 1]) = 0.10034385745545484
3328/16384
mean(sgnprob[1:i - 1]) = 0.10970844604749024
3456/16384
mean(sgnprob[1:i - 1]) = 0.12416787264833574
3584/16384
mean(sgnprob[1:i - 1]) = 0.13480323751046608
3712/16384
mean(sgnprob[1:i - 1]) = 0.11129075720829965
3840/16384
mean(sgnprob[1:i - 1]) = 0.1148736650169315
3968/16384
mean(sgnprob[1:i - 1]) = 0.09452987143937484
4096/16384
mean(sgnprob[1:i - 1]) = 0.10525030525030525
4224/16384
mean(sgnprob[1:i - 1]) = 0.11200568316362776
4352/16384
mean(sgnprob[1:i - 1]) = 0.12112158124569064
4480/16384
mean(sgnprob[1:i - 1]) = 0.10649698593436034
4608/16384
mean(sgnprob[1:i - 1]) = 0.0926850444975038
4736/16384
mean(sgnprob[1:i - 1]) = 0.10116156282998943
4864/16384
mean(sgnprob[1:i - 1]) = 0.10836931935019535
4992/16384
mean(sgnprob[1:i - 1]) = 0.11600881586856342
5120/16384
mean(sgnprob[1:i - 1]) = 0.10060558702871654
5248/16384
mean(sgnprob[1:i - 1]) = 0.10806174957118353
5376/16384
mean(sgnprob[1:i - 1]) = 0.11293023255813954
5504/16384
mean(sgnprob[1:i - 1]) = 0.09867345084499364
5632/16384
mean(sgnprob[1:i - 1]) = 0.10566506837151483
5760/16384
mean(sgnprob[1:i - 1]) = 0.10922035075533947
5888/16384
mean(sgnprob[1:i - 1]) = 0.11805673517920842
6016/16384
mean(sgnprob[1:i - 1]) = 0.10955943474646716
6144/16384
mean(sgnprob[1:i - 1]) = 0.09718378642357155
6272/16384
mean(sgnprob[1:i - 1]) = 0.10476797958858236
6400/16384
mean(sgnprob[1:i - 1]) = 0.1111111111111111
6528/16384
mean(sgnprob[1:i - 1]) = 0.11965681017312702
6656/16384
mean(sgnprob[1:i - 1]) = 0.12637114951164538
6784/16384
mean(sgnprob[1:i - 1]) = 0.11455108359133127
6912/16384
mean(sgnprob[1:i - 1]) = 0.11850672840399364
7040/16384
mean(sgnprob[1:i - 1]) = 0.10924847279443102
7168/16384
mean(sgnprob[1:i - 1]) = 0.10032091530626483
7296/16384
mean(sgnprob[1:i - 1]) = 0.10075394105551748
7424/16384
mean(sgnprob[1:i - 1]) = 0.09066415196012394
7552/16384
mean(sgnprob[1:i - 1]) = 0.08250562839359026
7680/16384
mean(sgnprob[1:i - 1]) = 0.09128792811564006
7808/16384
mean(sgnprob[1:i - 1]) = 0.09568336108620469
7936/16384
mean(sgnprob[1:i - 1]) = 0.10245746691871456
8064/16384
mean(sgnprob[1:i - 1]) = 0.10802430857001116
8192/16384
mean(sgnprob[1:i - 1]) = 0.1124404834574533
8320/16384
mean(sgnprob[1:i - 1]) = 0.1051809111672076
8448/16384
mean(sgnprob[1:i - 1]) = 0.11069018586480407
8576/16384
mean(sgnprob[1:i - 1]) = 0.11510204081632654
8704/16384
mean(sgnprob[1:i - 1]) = 0.10743421808571757
8832/16384
mean(sgnprob[1:i - 1]) = 0.11289774657456687
8960/16384
mean(sgnprob[1:i - 1]) = 0.1168657216207166
9088/16384
mean(sgnprob[1:i - 1]) = 0.12226257290634973
9216/16384
mean(sgnprob[1:i - 1]) = 0.12664134563212154
9344/16384
mean(sgnprob[1:i - 1]) = 0.11827036283848871
9472/16384
mean(sgnprob[1:i - 1]) = 0.12089536479780383
9600/16384
mean(sgnprob[1:i - 1]) = 0.12386706948640483
9728/16384
mean(sgnprob[1:i - 1]) = 0.12573249717281793
9856/16384
mean(sgnprob[1:i - 1]) = 0.13059360730593608
9984/16384
mean(sgnprob[1:i - 1]) = 0.13492937994590803
10112/16384
mean(sgnprob[1:i - 1]) = 0.13796854910493522
10240/16384
mean(sgnprob[1:i - 1]) = 0.13136048442230686
10368/16384
mean(sgnprob[1:i - 1]) = 0.13456158965949647
10496/16384
mean(sgnprob[1:i - 1]) = 0.13939971414959504
10624/16384
mean(sgnprob[1:i - 1]) = 0.1337663560199567
10752/16384
mean(sgnprob[1:i - 1]) = 0.1383127150962701
10880/16384
mean(sgnprob[1:i - 1]) = 0.14109752734626343
11008/16384
mean(sgnprob[1:i - 1]) = 0.1429090578722631
11136/16384
mean(sgnprob[1:i - 1]) = 0.13821284238886394
11264/16384
mean(sgnprob[1:i - 1]) = 0.1409038444464175
11392/16384
mean(sgnprob[1:i - 1]) = 0.14476340970941973
11520/16384
mean(sgnprob[1:i - 1]) = 0.13794600225714038
11648/16384
mean(sgnprob[1:i - 1]) = 0.13230874903408604
11776/16384
mean(sgnprob[1:i - 1]) = 0.13426751592356687
11904/16384
mean(sgnprob[1:i - 1]) = 0.13836847853482315
12032/16384
mean(sgnprob[1:i - 1]) = 0.1413847560468789
12160/16384
mean(sgnprob[1:i - 1]) = 0.1440085533349782
12288/16384
mean(sgnprob[1:i - 1]) = 0.14560104175144462
12416/16384
mean(sgnprob[1:i - 1]) = 0.14103906564639548
12544/16384
mean(sgnprob[1:i - 1]) = 0.14342661245316113
12672/16384
mean(sgnprob[1:i - 1]) = 0.1459237629232105
12800/16384
mean(sgnprob[1:i - 1]) = 0.1491522775216814
12928/16384
mean(sgnprob[1:i - 1]) = 0.15309043088110158
13056/16384
mean(sgnprob[1:i - 1]) = 0.15557257755649176
13184/16384
mean(sgnprob[1:i - 1]) = 0.15830994462565426
13312/16384
mean(sgnprob[1:i - 1]) = 0.1617459244234092
13440/16384
mean(sgnprob[1:i - 1]) = 0.16437234913312002
13568/16384
mean(sgnprob[1:i - 1]) = 0.15943097221198496
13696/16384
mean(sgnprob[1:i - 1]) = 0.15648046732384083
13824/16384
mean(sgnprob[1:i - 1]) = 0.15720176517398537
13952/16384
mean(sgnprob[1:i - 1]) = 0.1597734929395742
14080/16384
mean(sgnprob[1:i - 1]) = 0.16101995880389233
14208/16384
mean(sgnprob[1:i - 1]) = 0.15548673189272894
14336/16384
mean(sgnprob[1:i - 1]) = 0.1574468085106383
14464/16384
mean(sgnprob[1:i - 1]) = 0.1589573394178248
14592/16384
mean(sgnprob[1:i - 1]) = 0.16194914673428826
14720/16384
mean(sgnprob[1:i - 1]) = 0.16366600991915212
14848/16384
mean(sgnprob[1:i - 1]) = 0.1652185626725938
14976/16384
mean(sgnprob[1:i - 1]) = 0.16567612687813021
15104/16384
mean(sgnprob[1:i - 1]) = 0.16877441567900417
15232/16384
mean(sgnprob[1:i - 1]) = 0.17142669555511786
15360/16384
mean(sgnprob[1:i - 1]) = 0.16609154241812618
15488/16384
mean(sgnprob[1:i - 1]) = 0.16161942274165428
15616/16384
mean(sgnprob[1:i - 1]) = 0.15619596541786743
15744/16384
mean(sgnprob[1:i - 1]) = 0.15073365940417963
15872/16384
mean(sgnprob[1:i - 1]) = 0.1522903408732909
16000/16384
mean(sgnprob[1:i - 1]) = 0.15407212950809426
16128/16384
mean(sgnprob[1:i - 1]) = 0.15706579028957648
16256/16384
mean(sgnprob[1:i - 1]) = 0.15927406951707168
16384/16384
mean(sgnprob[1:i - 1]) = 0.15314655435512423
727.624893 seconds (167.11 M allocations: 70.745 GiB, 1.49% gc time, 1.24% compilation time)
