## SLURM PROLOG ###############################################################
##    Job ID : 8833841
##  Job Name : sbatch_etgent.sh
##  Nodelist : node1741
##      CPUs : 8
##  Mem/Node : 4096 MB
## Directory : /oscar/home/trazzaz/AFQMC
##   Job Started : Thu Feb 27 11:43:51 PM EST 2025
###############################################################################
seed = 1395
U = 2.0
β = 6.0
Warming up
128/1024
256/1024
384/1024
512/1024
640/1024
768/1024
896/1024
1024/1024
Measuring
128/16384
mean(sgnprob[1:i - 1]) = -0.4330708661417323
256/16384
mean(sgnprob[1:i - 1]) = 0.043137254901960784
384/16384
mean(sgnprob[1:i - 1]) = -0.15926892950391644
512/16384
mean(sgnprob[1:i - 1]) = 0.005870841487279843
640/16384
mean(sgnprob[1:i - 1]) = -0.07981220657276995
768/16384
mean(sgnprob[1:i - 1]) = 0.02998696219035202
896/16384
mean(sgnprob[1:i - 1]) = 0.10614525139664804
1024/16384
mean(sgnprob[1:i - 1]) = 0.1652003910068426
1152/16384
mean(sgnprob[1:i - 1]) = 0.2059079061685491
1280/16384
mean(sgnprob[1:i - 1]) = 0.23221266614542613
1408/16384
mean(sgnprob[1:i - 1]) = 0.2579957356076759
1536/16384
mean(sgnprob[1:i - 1]) = 0.28599348534201957
1664/16384
mean(sgnprob[1:i - 1]) = 0.29765484064942876
1792/16384
mean(sgnprob[1:i - 1]) = 0.22948073701842547
1920/16384
mean(sgnprob[1:i - 1]) = 0.2516935904116727
2048/16384
mean(sgnprob[1:i - 1]) = 0.20957498778700537
2176/16384
mean(sgnprob[1:i - 1]) = 0.16873563218390805
2304/16384
mean(sgnprob[1:i - 1]) = 0.18801563178462874
2432/16384
mean(sgnprob[1:i - 1]) = 0.20855614973262032
2560/16384
mean(sgnprob[1:i - 1]) = 0.1684251660805002
2688/16384
mean(sgnprob[1:i - 1]) = 0.18719761816151842
2816/16384
mean(sgnprob[1:i - 1]) = 0.20071047957371227
2944/16384
mean(sgnprob[1:i - 1]) = 0.1654774040095141
3072/16384
mean(sgnprob[1:i - 1]) = 0.1774666232497558
3200/16384
mean(sgnprob[1:i - 1]) = 0.14785870584557675
3328/16384
mean(sgnprob[1:i - 1]) = 0.16501352569882777
3456/16384
mean(sgnprob[1:i - 1]) = 0.17916063675832128
3584/16384
mean(sgnprob[1:i - 1]) = 0.19006419201786212
3712/16384
mean(sgnprob[1:i - 1]) = 0.20075451360819185
3840/16384
mean(sgnprob[1:i - 1]) = 0.21333680646001563
3968/16384
mean(sgnprob[1:i - 1]) = 0.22056970002520795
4096/16384
mean(sgnprob[1:i - 1]) = 0.23174603174603176
4224/16384
mean(sgnprob[1:i - 1]) = 0.23798247691214777
4352/16384
mean(sgnprob[1:i - 1]) = 0.2475293036083659
4480/16384
mean(sgnprob[1:i - 1]) = 0.22572002679169456
4608/16384
mean(sgnprob[1:i - 1]) = 0.23116995875841112
4736/16384
mean(sgnprob[1:i - 1]) = 0.23843717001055967
4864/16384
mean(sgnprob[1:i - 1]) = 0.2157104667900473
4992/16384
mean(sgnprob[1:i - 1]) = 0.2234021238228812
5120/16384
mean(sgnprob[1:i - 1]) = 0.20414143387380349
5248/16384
mean(sgnprob[1:i - 1]) = 0.18467695826186392
5376/16384
mean(sgnprob[1:i - 1]) = 0.18958139534883722
5504/16384
mean(sgnprob[1:i - 1]) = 0.19970924950027258
5632/16384
mean(sgnprob[1:i - 1]) = 0.20298348428343102
5760/16384
mean(sgnprob[1:i - 1]) = 0.20854314985240494
5888/16384
mean(sgnprob[1:i - 1]) = 0.21555970783081366
6016/16384
mean(sgnprob[1:i - 1]) = 0.19900249376558604
6144/16384
mean(sgnprob[1:i - 1]) = 0.20494872212274134
6272/16384
mean(sgnprob[1:i - 1]) = 0.21224685058204434
6400/16384
mean(sgnprob[1:i - 1]) = 0.19487419909360837
6528/16384
mean(sgnprob[1:i - 1]) = 0.20453500842653594
6656/16384
mean(sgnprob[1:i - 1]) = 0.20991735537190082
6784/16384
mean(sgnprob[1:i - 1]) = 0.21332743623765296
6912/16384
mean(sgnprob[1:i - 1]) = 0.21863695557806395
7040/16384
mean(sgnprob[1:i - 1]) = 0.22403750532746128
7168/16384
mean(sgnprob[1:i - 1]) = 0.22980326496442027
7296/16384
mean(sgnprob[1:i - 1]) = 0.2167237834132968
7424/16384
mean(sgnprob[1:i - 1]) = 0.22295567829718443
7552/16384
mean(sgnprob[1:i - 1]) = 0.20990597271884517
7680/16384
mean(sgnprob[1:i - 1]) = 0.21552285453835135
7808/16384
mean(sgnprob[1:i - 1]) = 0.21941847060330472
7936/16384
mean(sgnprob[1:i - 1]) = 0.22444864524259608
8064/16384
mean(sgnprob[1:i - 1]) = 0.22659059903261813
8192/16384
mean(sgnprob[1:i - 1]) = 0.2318398241972897
8320/16384
mean(sgnprob[1:i - 1]) = 0.235244620747686
8448/16384
mean(sgnprob[1:i - 1]) = 0.2392565407837102
8576/16384
mean(sgnprob[1:i - 1]) = 0.24454810495626822
8704/16384
mean(sgnprob[1:i - 1]) = 0.246696541422498
8832/16384
mean(sgnprob[1:i - 1]) = 0.25172687124900917
8960/16384
mean(sgnprob[1:i - 1]) = 0.23786136845630093
9088/16384
mean(sgnprob[1:i - 1]) = 0.2424342467260922
9216/16384
mean(sgnprob[1:i - 1]) = 0.24514378730330982
9344/16384
mean(sgnprob[1:i - 1]) = 0.2332227335973456
9472/16384
mean(sgnprob[1:i - 1]) = 0.2370393833808468
9600/16384
mean(sgnprob[1:i - 1]) = 0.24158766538181062
9728/16384
mean(sgnprob[1:i - 1]) = 0.231006476817107
9856/16384
mean(sgnprob[1:i - 1]) = 0.23470319634703196
9984/16384
mean(sgnprob[1:i - 1]) = 0.22428127817289392
10112/16384
mean(sgnprob[1:i - 1]) = 0.22658490752645633
10240/16384
mean(sgnprob[1:i - 1]) = 0.21613438812384023
10368/16384
mean(sgnprob[1:i - 1]) = 0.219832159737629
10496/16384
mean(sgnprob[1:i - 1]) = 0.2120057170080991
10624/16384
mean(sgnprob[1:i - 1]) = 0.20436788101289655
10752/16384
mean(sgnprob[1:i - 1]) = 0.19393544786531486
10880/16384
mean(sgnprob[1:i - 1]) = 0.19753653828476883
11008/16384
mean(sgnprob[1:i - 1]) = 0.20268919778322886
11136/16384
mean(sgnprob[1:i - 1]) = 0.20664571171980242
11264/16384
mean(sgnprob[1:i - 1]) = 0.2103347243185652
11392/16384
mean(sgnprob[1:i - 1]) = 0.2030550434553595
11520/16384
mean(sgnprob[1:i - 1]) = 0.20583383974303324
11648/16384
mean(sgnprob[1:i - 1]) = 0.20855155834120373
11776/16384
mean(sgnprob[1:i - 1]) = 0.21171974522292994
11904/16384
mean(sgnprob[1:i - 1]) = 0.2143157187263715
12032/16384
mean(sgnprob[1:i - 1]) = 0.21752140304214113
12160/16384
mean(sgnprob[1:i - 1]) = 0.22164651698330454
12288/16384
mean(sgnprob[1:i - 1]) = 0.22584845771954098
12416/16384
mean(sgnprob[1:i - 1]) = 0.2306081353201772
12544/16384
mean(sgnprob[1:i - 1]) = 0.23319779956948097
12672/16384
mean(sgnprob[1:i - 1]) = 0.2264225396574856
12800/16384
mean(sgnprob[1:i - 1]) = 0.21978279553090085
12928/16384
mean(sgnprob[1:i - 1]) = 0.22147443335654057
13056/16384
mean(sgnprob[1:i - 1]) = 0.22481807736499426
13184/16384
mean(sgnprob[1:i - 1]) = 0.22582113327770614
13312/16384
mean(sgnprob[1:i - 1]) = 0.22950942829238977
13440/16384
mean(sgnprob[1:i - 1]) = 0.22330530545427488
13568/16384
mean(sgnprob[1:i - 1]) = 0.22680032431635586
13696/16384
mean(sgnprob[1:i - 1]) = 0.22920774005111355
13824/16384
mean(sgnprob[1:i - 1]) = 0.23200462996455185
13952/16384
mean(sgnprob[1:i - 1]) = 0.2338900437244642
14080/16384
mean(sgnprob[1:i - 1]) = 0.22664962000142055
14208/16384
mean(sgnprob[1:i - 1]) = 0.22925318504962341
14336/16384
mean(sgnprob[1:i - 1]) = 0.23153121730031392
14464/16384
mean(sgnprob[1:i - 1]) = 0.22547189379796723
14592/16384
mean(sgnprob[1:i - 1]) = 0.2189705983140292
14720/16384
mean(sgnprob[1:i - 1]) = 0.21244649772403015
14848/16384
mean(sgnprob[1:i - 1]) = 0.21465615949350036
14976/16384
mean(sgnprob[1:i - 1]) = 0.2158931552587646
15104/16384
mean(sgnprob[1:i - 1]) = 0.21763887969277626
15232/16384
mean(sgnprob[1:i - 1]) = 0.21121397150548224
15360/16384
mean(sgnprob[1:i - 1]) = 0.21375089524057556
15488/16384
mean(sgnprob[1:i - 1]) = 0.21611674307483697
15616/16384
mean(sgnprob[1:i - 1]) = 0.219084213896894
15744/16384
mean(sgnprob[1:i - 1]) = 0.21349171060153718
15872/16384
mean(sgnprob[1:i - 1]) = 0.2154243588935795
16000/16384
mean(sgnprob[1:i - 1]) = 0.21682605162822677
16128/16384
mean(sgnprob[1:i - 1]) = 0.21014447820425375
16256/16384
mean(sgnprob[1:i - 1]) = 0.20418332820670562
16384/16384
mean(sgnprob[1:i - 1]) = 0.2078373924189709
738.407154 seconds (167.11 M allocations: 70.745 GiB, 1.75% gc time, 1.21% compilation time)
