## SLURM PROLOG ###############################################################
##    Job ID : 5902724
##  Job Name : etgent_N6_seed1252
##  Nodelist : node1711
##      CPUs : 8
##  Mem/Node : 2048 MB
## Directory : /oscar/home/trazzaz/AFQMC
##   Job Started : Sun Nov 10 11:41:13 PM EST 2024
###############################################################################
U = 2.0
seed = 1252
λₖ = 0.0
Warming up
128/512
256/512
384/512
512/512
Measuring
128/1024
256/1024
384/1024
512/1024
640/1024
768/1024
896/1024
1024/1024
259.502192 seconds (203.81 M allocations: 1.089 TiB, 20.51% gc time, 3.04% compilation time)
λₖ = 0.2
Warming up
128/512
256/512
384/512
512/512
Measuring
128/1024
256/1024
384/1024
512/1024
640/1024
768/1024
896/1024
1024/1024
291.411367 seconds (201.96 M allocations: 1.089 TiB, 20.99% gc time, 0.03% compilation time)
λₖ = 0.4
Warming up
128/512
256/512
384/512
512/512
Measuring
128/1024
256/1024
384/1024
512/1024
640/1024
768/1024
896/1024
1024/1024
216.765432 seconds (201.96 M allocations: 1.089 TiB, 22.65% gc time)
λₖ = 0.6
Warming up
128/512
256/512
384/512
512/512
Measuring
128/1024
256/1024
384/1024
512/1024
640/1024
768/1024
896/1024
1024/1024
215.730665 seconds (201.96 M allocations: 1.089 TiB, 22.48% gc time)
λₖ = 0.8
Warming up
128/512
256/512
384/512
512/512
Measuring
128/1024
256/1024
384/1024
512/1024
640/1024
768/1024
896/1024
1024/1024
214.428897 seconds (201.96 M allocations: 1.089 TiB, 22.33% gc time)
