## SLURM PROLOG ###############################################################
##    Job ID : 5955294
##  Job Name : etgent_N(1,3)_seed1259
##  Nodelist : node1749
##      CPUs : 8
##  Mem/Node : 2048 MB
## Directory : /oscar/home/trazzaz/AFQMC
##   Job Started : Mon Nov 11 10:25:53 PM EST 2024
###############################################################################
U = 2.0
seed = 1259
λₖ = 0.0
Warming up
128/512
256/512
384/512
512/512
Measuring
128/1024
256/1024
384/1024
512/1024
640/1024
768/1024
896/1024
1024/1024
133.747385 seconds (80.56 M allocations: 16.970 GiB, 3.80% gc time, 11.53% compilation time)
λₖ = 0.2
Warming up
128/512
256/512
384/512
512/512
Measuring
128/1024
256/1024
384/1024
512/1024
640/1024
768/1024
896/1024
1024/1024
121.590861 seconds (76.83 M allocations: 16.806 GiB, 3.75% gc time, 0.10% compilation time)
λₖ = 0.4
Warming up
128/512
256/512
384/512
512/512
Measuring
128/1024
256/1024
384/1024
512/1024
640/1024
768/1024
896/1024
1024/1024
113.270896 seconds (76.82 M allocations: 16.805 GiB, 3.91% gc time)
λₖ = 0.6
Warming up
128/512
256/512
384/512
512/512
Measuring
128/1024
256/1024
384/1024
512/1024
640/1024
768/1024
896/1024
1024/1024
110.049425 seconds (76.82 M allocations: 16.805 GiB, 3.80% gc time)
λₖ = 0.8
Warming up
128/512
256/512
384/512
512/512
Measuring
128/1024
256/1024
384/1024
512/1024
640/1024
768/1024
896/1024
1024/1024
108.986712 seconds (76.82 M allocations: 16.805 GiB, 3.32% gc time)
