## SLURM PROLOG ###############################################################
##    Job ID : 8822293
##  Job Name : sbatch_etgent.sh
##  Nodelist : node1327
##      CPUs : 8
##  Mem/Node : 4096 MB
## Directory : /oscar/home/trazzaz/AFQMC
##   Job Started : Thu Feb 27 06:52:13 PM EST 2025
###############################################################################
seed = 1288
U = 2.0
β = 6.0
Warming up
128/1024
256/1024
384/1024
512/1024
640/1024
768/1024
896/1024
1024/1024
Measuring
128/16384
mean(sgnprob[1:i - 1]) = 0.5590551181102362
256/16384
mean(sgnprob[1:i - 1]) = 0.00392156862745098
384/16384
mean(sgnprob[1:i - 1]) = 0.195822454308094
512/16384
mean(sgnprob[1:i - 1]) = 0.29158512720156554
640/16384
mean(sgnprob[1:i - 1]) = 0.3427230046948357
768/16384
mean(sgnprob[1:i - 1]) = 0.3741851368970013
896/16384
mean(sgnprob[1:i - 1]) = 0.39217877094972065
1024/16384
mean(sgnprob[1:i - 1]) = 0.41544477028348
1152/16384
mean(sgnprob[1:i - 1]) = 0.42484795829713295
1280/16384
mean(sgnprob[1:i - 1]) = 0.3338545738858483
1408/16384
mean(sgnprob[1:i - 1]) = 0.2523098791755508
1536/16384
mean(sgnprob[1:i - 1]) = 0.2768729641693811
1664/16384
mean(sgnprob[1:i - 1]) = 0.29645219482862295
1792/16384
mean(sgnprob[1:i - 1]) = 0.3132328308207705
1920/16384
mean(sgnprob[1:i - 1]) = 0.32673267326732675
2048/16384
mean(sgnprob[1:i - 1]) = 0.33756717147044457
2176/16384
mean(sgnprob[1:i - 1]) = 0.3535632183908046
2304/16384
mean(sgnprob[1:i - 1]) = 0.29830655666521927
2432/16384
mean(sgnprob[1:i - 1]) = 0.31797614150555326
2560/16384
mean(sgnprob[1:i - 1]) = 0.330988667448222
2688/16384
mean(sgnprob[1:i - 1]) = 0.33308522515816896
2816/16384
mean(sgnprob[1:i - 1]) = 0.34209591474245116
2944/16384
mean(sgnprob[1:i - 1]) = 0.308868501529052
3072/16384
mean(sgnprob[1:i - 1]) = 0.316834907196353
3200/16384
mean(sgnprob[1:i - 1]) = 0.3285401688027509
3328/16384
mean(sgnprob[1:i - 1]) = 0.3363390441839495
3456/16384
mean(sgnprob[1:i - 1]) = 0.3429811866859624
3584/16384
mean(sgnprob[1:i - 1]) = 0.3480323751046609
3712/16384
mean(sgnprob[1:i - 1]) = 0.3527351118296955
3840/16384
mean(sgnprob[1:i - 1]) = 0.3628549101328471
3968/16384
mean(sgnprob[1:i - 1]) = 0.37080917569952104
4096/16384
mean(sgnprob[1:i - 1]) = 0.37875457875457874
4224/16384
mean(sgnprob[1:i - 1]) = 0.38195595548188493
4352/16384
mean(sgnprob[1:i - 1]) = 0.3840496437600552
4480/16384
mean(sgnprob[1:i - 1]) = 0.3864701942397857
4608/16384
mean(sgnprob[1:i - 1]) = 0.3896244844801389
4736/16384
mean(sgnprob[1:i - 1]) = 0.395987328405491
4864/16384
mean(sgnprob[1:i - 1]) = 0.39913633559531153
4992/16384
mean(sgnprob[1:i - 1]) = 0.3740733319975957
5120/16384
mean(sgnprob[1:i - 1]) = 0.37487790584098457
5248/16384
mean(sgnprob[1:i - 1]) = 0.37564322469982847
5376/16384
mean(sgnprob[1:i - 1]) = 0.37972093023255815
5504/16384
mean(sgnprob[1:i - 1]) = 0.3839723787025259
5632/16384
mean(sgnprob[1:i - 1]) = 0.36103711596519267
5760/16384
mean(sgnprob[1:i - 1]) = 0.3662094113561382
5888/16384
mean(sgnprob[1:i - 1]) = 0.34839476813317477
6016/16384
mean(sgnprob[1:i - 1]) = 0.3536159600997506
6144/16384
mean(sgnprob[1:i - 1]) = 0.33387595637310763
6272/16384
mean(sgnprob[1:i - 1]) = 0.33918035401052465
6400/16384
mean(sgnprob[1:i - 1]) = 0.34239724957024537
6528/16384
mean(sgnprob[1:i - 1]) = 0.3448751340585261
6656/16384
mean(sgnprob[1:i - 1]) = 0.3487603305785124
6784/16384
mean(sgnprob[1:i - 1]) = 0.33215391419725787
6912/16384
mean(sgnprob[1:i - 1]) = 0.3355520185211981
7040/16384
mean(sgnprob[1:i - 1]) = 0.3393948003977838
7168/16384
mean(sgnprob[1:i - 1]) = 0.34337937770336263
7296/16384
mean(sgnprob[1:i - 1]) = 0.34804660726525016
7424/16384
mean(sgnprob[1:i - 1]) = 0.35093627913242625
7552/16384
mean(sgnprob[1:i - 1]) = 0.33624685472122895
7680/16384
mean(sgnprob[1:i - 1]) = 0.33845552806354995
7808/16384
mean(sgnprob[1:i - 1]) = 0.32470859485077497
7936/16384
mean(sgnprob[1:i - 1]) = 0.3257718966603655
8064/16384
mean(sgnprob[1:i - 1]) = 0.31241473396998637
8192/16384
mean(sgnprob[1:i - 1]) = 0.3168111341716518
8320/16384
mean(sgnprob[1:i - 1]) = 0.3179468686140161
8448/16384
mean(sgnprob[1:i - 1]) = 0.32165265774831303
8576/16384
mean(sgnprob[1:i - 1]) = 0.32501457725947525
8704/16384
mean(sgnprob[1:i - 1]) = 0.31150178099505915
8832/16384
mean(sgnprob[1:i - 1]) = 0.2999660287623146
8960/16384
mean(sgnprob[1:i - 1]) = 0.30327045429177363
9088/16384
mean(sgnprob[1:i - 1]) = 0.291735446241884
9216/16384
mean(sgnprob[1:i - 1]) = 0.2928920238741183
9344/16384
mean(sgnprob[1:i - 1]) = 0.29679974312319385
9472/16384
mean(sgnprob[1:i - 1]) = 0.30039066624432476
9600/16384
mean(sgnprob[1:i - 1]) = 0.3040941764767163
9728/16384
mean(sgnprob[1:i - 1]) = 0.3074946026524108
9856/16384
mean(sgnprob[1:i - 1]) = 0.30938609842719433
9984/16384
mean(sgnprob[1:i - 1]) = 0.29840729239707503
10112/16384
mean(sgnprob[1:i - 1]) = 0.28770645831272873
10240/16384
mean(sgnprob[1:i - 1]) = 0.29055571833186833
10368/16384
mean(sgnprob[1:i - 1]) = 0.2948779782000579
10496/16384
mean(sgnprob[1:i - 1]) = 0.2830871843735112
10624/16384
mean(sgnprob[1:i - 1]) = 0.2870187329379648
10752/16384
mean(sgnprob[1:i - 1]) = 0.29067063528974046
10880/16384
mean(sgnprob[1:i - 1]) = 0.2817354536262524
11008/16384
mean(sgnprob[1:i - 1]) = 0.2850004542563823
11136/16384
mean(sgnprob[1:i - 1]) = 0.28639425235743154
11264/16384
mean(sgnprob[1:i - 1]) = 0.28988724140992633
11392/16384
mean(sgnprob[1:i - 1]) = 0.2924238433851286
11520/16384
mean(sgnprob[1:i - 1]) = 0.2955985762653008
11648/16384
mean(sgnprob[1:i - 1]) = 0.29853181076672103
11776/16384
mean(sgnprob[1:i - 1]) = 0.3012314225053079
11904/16384
mean(sgnprob[1:i - 1]) = 0.30353692346467276
12032/16384
mean(sgnprob[1:i - 1]) = 0.30612584157592887
12160/16384
mean(sgnprob[1:i - 1]) = 0.3084957644543137
12288/16384
mean(sgnprob[1:i - 1]) = 0.31000244160494833
12416/16384
mean(sgnprob[1:i - 1]) = 0.3135722915827628
12544/16384
mean(sgnprob[1:i - 1]) = 0.3161125727497409
12672/16384
mean(sgnprob[1:i - 1]) = 0.31749664588430276
12800/16384
mean(sgnprob[1:i - 1]) = 0.3180717243534651
12928/16384
mean(sgnprob[1:i - 1]) = 0.3101260926742477
13056/16384
mean(sgnprob[1:i - 1]) = 0.31183454615090006
13184/16384
mean(sgnprob[1:i - 1]) = 0.31502692862019266
13312/16384
mean(sgnprob[1:i - 1]) = 0.31650514611975056
13440/16384
mean(sgnprob[1:i - 1]) = 0.3178063844036015
13568/16384
mean(sgnprob[1:i - 1]) = 0.3193779022628437
13696/16384
mean(sgnprob[1:i - 1]) = 0.32194231471339907
13824/16384
mean(sgnprob[1:i - 1]) = 0.3233017434710265
13952/16384
mean(sgnprob[1:i - 1]) = 0.3256397390868038
14080/16384
mean(sgnprob[1:i - 1]) = 0.32864550039065277
14208/16384
mean(sgnprob[1:i - 1]) = 0.3303301189554445
14336/16384
mean(sgnprob[1:i - 1]) = 0.3227764213463551
14464/16384
mean(sgnprob[1:i - 1]) = 0.31632441402198713
14592/16384
mean(sgnprob[1:i - 1]) = 0.3172503598108423
14720/16384
mean(sgnprob[1:i - 1]) = 0.31938311026564303
14848/16384
mean(sgnprob[1:i - 1]) = 0.31137603556273996
14976/16384
mean(sgnprob[1:i - 1]) = 0.3137896494156928
15104/16384
mean(sgnprob[1:i - 1]) = 0.3074223664172681
15232/16384
mean(sgnprob[1:i - 1]) = 0.30995995010176614
15360/16384
mean(sgnprob[1:i - 1]) = 0.3108926362393385
15488/16384
mean(sgnprob[1:i - 1]) = 0.31219732679021117
15616/16384
mean(sgnprob[1:i - 1]) = 0.3138648735190522
15744/16384
mean(sgnprob[1:i - 1]) = 0.3156323445340786
15872/16384
mean(sgnprob[1:i - 1]) = 0.31762333816394683
16000/16384
mean(sgnprob[1:i - 1]) = 0.3190824426526658
16128/16384
mean(sgnprob[1:i - 1]) = 0.3206424009425188
16256/16384
mean(sgnprob[1:i - 1]) = 0.3229160258382036
16384/16384
mean(sgnprob[1:i - 1]) = 0.3251541231764634
809.044945 seconds (167.11 M allocations: 70.745 GiB, 1.75% gc time, 1.23% compilation time)
