## SLURM PROLOG ###############################################################
##    Job ID : 5899925
##  Job Name : etgent_2x2_seed1262
##  Nodelist : node1715
##      CPUs : 8
##  Mem/Node : 2048 MB
## Directory : /oscar/home/trazzaz/AFQMC
##   Job Started : Sun Nov 10 10:08:08 PM EST 2024
###############################################################################
U = 2.0
seed = 1262
λₖ = 0.0
Warming up
128/512
256/512
384/512
512/512
Measuring
128/1024
256/1024
384/1024
512/1024
640/1024
768/1024
896/1024
1024/1024
442.752706 seconds (210.26 M allocations: 1.099 TiB, 16.71% gc time, 1.88% compilation time)
λₖ = 0.2
Warming up
128/512
256/512
384/512
512/512
Measuring
128/1024
256/1024
384/1024
512/1024
640/1024
768/1024
896/1024
1024/1024
230.528267 seconds (208.41 M allocations: 1.099 TiB, 12.52% gc time, 0.03% compilation time)
λₖ = 0.4
Warming up
128/512
256/512
384/512
512/512
Measuring
128/1024
256/1024
384/1024
512/1024
640/1024
768/1024
896/1024
1024/1024
220.097846 seconds (208.41 M allocations: 1.099 TiB, 12.57% gc time)
λₖ = 0.6
Warming up
128/512
256/512
384/512
512/512
Measuring
128/1024
256/1024
384/1024
512/1024
640/1024
768/1024
896/1024
1024/1024
189.644139 seconds (208.41 M allocations: 1.099 TiB, 13.18% gc time)
λₖ = 0.8
Warming up
128/512
256/512
384/512
512/512
Measuring
128/1024
256/1024
384/1024
512/1024
640/1024
768/1024
896/1024
1024/1024
165.874572 seconds (208.41 M allocations: 1.099 TiB, 13.42% gc time)
