## SLURM PROLOG ###############################################################
##    Job ID : 8833958
##  Job Name : sbatch_etgent.sh
##  Nodelist : node1327
##      CPUs : 8
##  Mem/Node : 4096 MB
## Directory : /oscar/home/trazzaz/AFQMC
##   Job Started : Fri Feb 28 02:55:28 AM EST 2025
###############################################################################
seed = 1512
U = 2.0
β = 6.0
Warming up
128/1024
256/1024
384/1024
512/1024
640/1024
768/1024
896/1024
1024/1024
Measuring
128/16384
mean(sgnprob[1:i - 1]) = 0.3858267716535433
256/16384
mean(sgnprob[1:i - 1]) = 0.36470588235294116
384/16384
mean(sgnprob[1:i - 1]) = 0.33159268929503916
512/16384
mean(sgnprob[1:i - 1]) = 0.30724070450097846
640/16384
mean(sgnprob[1:i - 1]) = 0.323943661971831
768/16384
mean(sgnprob[1:i - 1]) = 0.3428943937418514
896/16384
mean(sgnprob[1:i - 1]) = 0.23575418994413408
1024/16384
mean(sgnprob[1:i - 1]) = 0.2512218963831867
1152/16384
mean(sgnprob[1:i - 1]) = 0.17115551694178974
1280/16384
mean(sgnprob[1:i - 1]) = 0.1853010164190774
1408/16384
mean(sgnprob[1:i - 1]) = 0.19971570717839374
1536/16384
mean(sgnprob[1:i - 1]) = 0.21693811074918568
1664/16384
mean(sgnprob[1:i - 1]) = 0.22188815393866507
1792/16384
mean(sgnprob[1:i - 1]) = 0.17811278615298715
1920/16384
mean(sgnprob[1:i - 1]) = 0.18707660239708182
2048/16384
mean(sgnprob[1:i - 1]) = 0.19491939423546653
2176/16384
mean(sgnprob[1:i - 1]) = 0.2064367816091954
2304/16384
mean(sgnprob[1:i - 1]) = 0.2105948762483717
2432/16384
mean(sgnprob[1:i - 1]) = 0.21266968325791855
2560/16384
mean(sgnprob[1:i - 1]) = 0.21453692848769051
2688/16384
mean(sgnprob[1:i - 1]) = 0.2251581689616673
2816/16384
mean(sgnprob[1:i - 1]) = 0.23197158081705152
2944/16384
mean(sgnprob[1:i - 1]) = 0.20353380903839619
3072/16384
mean(sgnprob[1:i - 1]) = 0.20351676978183003
3200/16384
mean(sgnprob[1:i - 1]) = 0.2116286339481088
3328/16384
mean(sgnprob[1:i - 1]) = 0.19747520288548243
3456/16384
mean(sgnprob[1:i - 1]) = 0.17800289435600578
3584/16384
mean(sgnprob[1:i - 1]) = 0.15936366173597544
3712/16384
mean(sgnprob[1:i - 1]) = 0.14524386957693344
3840/16384
mean(sgnprob[1:i - 1]) = 0.15394634019275852
3968/16384
mean(sgnprob[1:i - 1]) = 0.1338542979581548
4096/16384
mean(sgnprob[1:i - 1]) = 0.12136752136752137
4224/16384
mean(sgnprob[1:i - 1]) = 0.1285815770779067
4352/16384
mean(sgnprob[1:i - 1]) = 0.13123419903470468
4480/16384
mean(sgnprob[1:i - 1]) = 0.11676713552132173
4608/16384
mean(sgnprob[1:i - 1]) = 0.10744519209897982
4736/16384
mean(sgnprob[1:i - 1]) = 0.11552270327349524
4864/16384
mean(sgnprob[1:i - 1]) = 0.1202961135101789
4992/16384
mean(sgnprob[1:i - 1]) = 0.10679222600681226
5120/16384
mean(sgnprob[1:i - 1]) = 0.09747997655792147
5248/16384
mean(sgnprob[1:i - 1]) = 0.10501238803125595
5376/16384
mean(sgnprob[1:i - 1]) = 0.10883720930232559
5504/16384
mean(sgnprob[1:i - 1]) = 0.09431219334908232
5632/16384
mean(sgnprob[1:i - 1]) = 0.08790623335109217
5760/16384
mean(sgnprob[1:i - 1]) = 0.0935926376106963
5888/16384
mean(sgnprob[1:i - 1]) = 0.08204518430439953
6016/16384
mean(sgnprob[1:i - 1]) = 0.08628428927680798
6144/16384
mean(sgnprob[1:i - 1]) = 0.07960279993488524
6272/16384
mean(sgnprob[1:i - 1]) = 0.08435656195184181
6400/16384
mean(sgnprob[1:i - 1]) = 0.09173308329426473
6528/16384
mean(sgnprob[1:i - 1]) = 0.08227363260303355
6656/16384
mean(sgnprob[1:i - 1]) = 0.07498121712997746
6784/16384
mean(sgnprob[1:i - 1]) = 0.07887365472504791
6912/16384
mean(sgnprob[1:i - 1]) = 0.08349008826508465
7040/16384
mean(sgnprob[1:i - 1]) = 0.08850689018326467
7168/16384
mean(sgnprob[1:i - 1]) = 0.08162411050648807
7296/16384
mean(sgnprob[1:i - 1]) = 0.08348183687457163
7424/16384
mean(sgnprob[1:i - 1]) = 0.07719250976694059
7552/16384
mean(sgnprob[1:i - 1]) = 0.0817110316514369
7680/16384
mean(sgnprob[1:i - 1]) = 0.07253548639145722
7808/16384
mean(sgnprob[1:i - 1]) = 0.06442935826822083
7936/16384
mean(sgnprob[1:i - 1]) = 0.06767485822306238
8064/16384
mean(sgnprob[1:i - 1]) = 0.07180950018603498
8192/16384
mean(sgnprob[1:i - 1]) = 0.07434989622756684
8320/16384
mean(sgnprob[1:i - 1]) = 0.07801418439716312
8448/16384
mean(sgnprob[1:i - 1]) = 0.08204096128803125
8576/16384
mean(sgnprob[1:i - 1]) = 0.07685131195335276
8704/16384
mean(sgnprob[1:i - 1]) = 0.07204412271630473
8832/16384
mean(sgnprob[1:i - 1]) = 0.0766617597101121
8960/16384
mean(sgnprob[1:i - 1]) = 0.07065520705435875
9088/16384
mean(sgnprob[1:i - 1]) = 0.07450203587542643
9216/16384
mean(sgnprob[1:i - 1]) = 0.07780792186652198
9344/16384
mean(sgnprob[1:i - 1]) = 0.08230760997538264
9472/16384
mean(sgnprob[1:i - 1]) = 0.08605215922289093
9600/16384
mean(sgnprob[1:i - 1]) = 0.0884467131992916
9728/16384
mean(sgnprob[1:i - 1]) = 0.09139508584352832
9856/16384
mean(sgnprob[1:i - 1]) = 0.08452562151192289
9984/16384
mean(sgnprob[1:i - 1]) = 0.07803265551437444
10112/16384
mean(sgnprob[1:i - 1]) = 0.07328651963208387
10240/16384
mean(sgnprob[1:i - 1]) = 0.07666764332454341
10368/16384
mean(sgnprob[1:i - 1]) = 0.07244140059805151
10496/16384
mean(sgnprob[1:i - 1]) = 0.066412577417818
10624/16384
mean(sgnprob[1:i - 1]) = 0.06222347736044432
10752/16384
mean(sgnprob[1:i - 1]) = 0.06501720770160915
10880/16384
mean(sgnprob[1:i - 1]) = 0.06112694181450501
11008/16384
mean(sgnprob[1:i - 1]) = 0.06405014990460615
11136/16384
mean(sgnprob[1:i - 1]) = 0.06403233048944769
11264/16384
mean(sgnprob[1:i - 1]) = 0.06632335967326644
11392/16384
mean(sgnprob[1:i - 1]) = 0.06118865771222895
11520/16384
mean(sgnprob[1:i - 1]) = 0.06328674364094106
11648/16384
mean(sgnprob[1:i - 1]) = 0.05898514638962823
11776/16384
mean(sgnprob[1:i - 1]) = 0.06326963906581741
11904/16384
mean(sgnprob[1:i - 1]) = 0.058724691254305635
12032/16384
mean(sgnprob[1:i - 1]) = 0.053943978056686895
12160/16384
mean(sgnprob[1:i - 1]) = 0.05650135701949174
12288/16384
mean(sgnprob[1:i - 1]) = 0.059005452917717915
12416/16384
mean(sgnprob[1:i - 1]) = 0.055658477648006445
12544/16384
mean(sgnprob[1:i - 1]) = 0.05078529857290919
12672/16384
mean(sgnprob[1:i - 1]) = 0.046484097545576517
12800/16384
mean(sgnprob[1:i - 1]) = 0.048675677787327135
12928/16384
mean(sgnprob[1:i - 1]) = 0.04463525953430804
13056/16384
mean(sgnprob[1:i - 1]) = 0.045576407506702415
13184/16384
mean(sgnprob[1:i - 1]) = 0.047864674201623304
13312/16384
mean(sgnprob[1:i - 1]) = 0.05221245586357148
13440/16384
mean(sgnprob[1:i - 1]) = 0.04844110424882804
13568/16384
mean(sgnprob[1:i - 1]) = 0.050637576472322546
13696/16384
mean(sgnprob[1:i - 1]) = 0.05279299014238773
13824/16384
mean(sgnprob[1:i - 1]) = 0.04969977573609202
13952/16384
mean(sgnprob[1:i - 1]) = 0.0525410364848398
14080/16384
mean(sgnprob[1:i - 1]) = 0.05447830101569714
14208/16384
mean(sgnprob[1:i - 1]) = 0.05792918983599634
14336/16384
mean(sgnprob[1:i - 1]) = 0.0603418207185211
14464/16384
mean(sgnprob[1:i - 1]) = 0.05690382354974763
14592/16384
mean(sgnprob[1:i - 1]) = 0.05942019052840792
14720/16384
mean(sgnprob[1:i - 1]) = 0.05672939737753924
14848/16384
mean(sgnprob[1:i - 1]) = 0.06028153835791743
14976/16384
mean(sgnprob[1:i - 1]) = 0.0635058430717863
15104/16384
mean(sgnprob[1:i - 1]) = 0.06574852678275839
15232/16384
mean(sgnprob[1:i - 1]) = 0.06782220471407
15360/16384
mean(sgnprob[1:i - 1]) = 0.06426199622371248
15488/16384
mean(sgnprob[1:i - 1]) = 0.06747594756892877
15616/16384
mean(sgnprob[1:i - 1]) = 0.0702529618956132
15744/16384
mean(sgnprob[1:i - 1]) = 0.0732388998284952
15872/16384
mean(sgnprob[1:i - 1]) = 0.075294562409426
16000/16384
mean(sgnprob[1:i - 1]) = 0.07106694168385524
16128/16384
mean(sgnprob[1:i - 1]) = 0.0681465864698952
16256/16384
mean(sgnprob[1:i - 1]) = 0.07080898185173792
16384/16384
mean(sgnprob[1:i - 1]) = 0.06732588658975767
810.633385 seconds (167.11 M allocations: 70.745 GiB, 1.67% gc time, 1.23% compilation time)
