## SLURM PROLOG ###############################################################
##    Job ID : 8833817
##  Job Name : sbatch_etgent.sh
##  Nodelist : node1741
##      CPUs : 8
##  Mem/Node : 4096 MB
## Directory : /oscar/home/trazzaz/AFQMC
##   Job Started : Thu Feb 27 11:05:53 PM EST 2025
###############################################################################
seed = 1371
U = 2.0
β = 6.0
Warming up
128/1024
256/1024
384/1024
512/1024
640/1024
768/1024
896/1024
1024/1024
Measuring
128/16384
mean(sgnprob[1:i - 1]) = 0.4015748031496063
256/16384
mean(sgnprob[1:i - 1]) = 0.43529411764705883
384/16384
mean(sgnprob[1:i - 1]) = 0.4830287206266319
512/16384
mean(sgnprob[1:i - 1]) = 0.5068493150684932
640/16384
mean(sgnprob[1:i - 1]) = 0.514866979655712
768/16384
mean(sgnprob[1:i - 1]) = 0.530638852672751
896/16384
mean(sgnprob[1:i - 1]) = 0.36983240223463687
1024/16384
mean(sgnprob[1:i - 1]) = 0.2785923753665689
1152/16384
mean(sgnprob[1:i - 1]) = 0.3014769765421373
1280/16384
mean(sgnprob[1:i - 1]) = 0.33229085222830335
1408/16384
mean(sgnprob[1:i - 1]) = 0.26794598436389483
1536/16384
mean(sgnprob[1:i - 1]) = 0.2742671009771987
1664/16384
mean(sgnprob[1:i - 1]) = 0.285628382441371
1792/16384
mean(sgnprob[1:i - 1]) = 0.23059743160245672
1920/16384
mean(sgnprob[1:i - 1]) = 0.242313705054716
2048/16384
mean(sgnprob[1:i - 1]) = 0.25744992672203226
2176/16384
mean(sgnprob[1:i - 1]) = 0.27448275862068966
2304/16384
mean(sgnprob[1:i - 1]) = 0.22796352583586627
2432/16384
mean(sgnprob[1:i - 1]) = 0.2472233648704237
2560/16384
mean(sgnprob[1:i - 1]) = 0.25595935912465806
2688/16384
mean(sgnprob[1:i - 1]) = 0.26311871976181617
2816/16384
mean(sgnprob[1:i - 1]) = 0.2767317939609236
2944/16384
mean(sgnprob[1:i - 1]) = 0.24430852871219844
3072/16384
mean(sgnprob[1:i - 1]) = 0.24780201888635622
3200/16384
mean(sgnprob[1:i - 1]) = 0.2641450453266646
3328/16384
mean(sgnprob[1:i - 1]) = 0.2377517282837391
3456/16384
mean(sgnprob[1:i - 1]) = 0.24283646888567295
3584/16384
mean(sgnprob[1:i - 1]) = 0.2497906782026235
3712/16384
mean(sgnprob[1:i - 1]) = 0.25734303422258153
3840/16384
mean(sgnprob[1:i - 1]) = 0.2633498306850742
3968/16384
mean(sgnprob[1:i - 1]) = 0.2709856314595412
4096/16384
mean(sgnprob[1:i - 1]) = 0.27912087912087913
4224/16384
mean(sgnprob[1:i - 1]) = 0.28534217381008764
4352/16384
mean(sgnprob[1:i - 1]) = 0.2925764192139738
4480/16384
mean(sgnprob[1:i - 1]) = 0.2971645456575128
4608/16384
mean(sgnprob[1:i - 1]) = 0.3049706967657912
4736/16384
mean(sgnprob[1:i - 1]) = 0.3102428722280887
4864/16384
mean(sgnprob[1:i - 1]) = 0.28768250051408595
4992/16384
mean(sgnprob[1:i - 1]) = 0.29312762973352036
5120/16384
mean(sgnprob[1:i - 1]) = 0.29908185192420395
5248/16384
mean(sgnprob[1:i - 1]) = 0.30512673908900323
5376/16384
mean(sgnprob[1:i - 1]) = 0.31051162790697673
5504/16384
mean(sgnprob[1:i - 1]) = 0.3134653825186262
5632/16384
mean(sgnprob[1:i - 1]) = 0.2974604865920796
5760/16384
mean(sgnprob[1:i - 1]) = 0.2818197603750651
5888/16384
mean(sgnprob[1:i - 1]) = 0.26550025479870903
6016/16384
mean(sgnprob[1:i - 1]) = 0.27248545303408145
6144/16384
mean(sgnprob[1:i - 1]) = 0.2765749633729448
6272/16384
mean(sgnprob[1:i - 1]) = 0.2604050390687291
6400/16384
mean(sgnprob[1:i - 1]) = 0.24331926863572434
6528/16384
mean(sgnprob[1:i - 1]) = 0.24896583422705684
6656/16384
mean(sgnprob[1:i - 1]) = 0.23636363636363636
6784/16384
mean(sgnprob[1:i - 1]) = 0.22364735367831343
6912/16384
mean(sgnprob[1:i - 1]) = 0.22847634206337722
7040/16384
mean(sgnprob[1:i - 1]) = 0.2319931808495525
7168/16384
mean(sgnprob[1:i - 1]) = 0.22059439095856007
7296/16384
mean(sgnprob[1:i - 1]) = 0.2257710760795065
7424/16384
mean(sgnprob[1:i - 1]) = 0.2313080964569581
7552/16384
mean(sgnprob[1:i - 1]) = 0.23665739637134153
7680/16384
mean(sgnprob[1:i - 1]) = 0.24260971480661545
7808/16384
mean(sgnprob[1:i - 1]) = 0.2317151274497246
7936/16384
mean(sgnprob[1:i - 1]) = 0.2219281663516068
8064/16384
mean(sgnprob[1:i - 1]) = 0.22659059903261813
8192/16384
mean(sgnprob[1:i - 1]) = 0.2293981198876816
8320/16384
mean(sgnprob[1:i - 1]) = 0.2174540209159755
8448/16384
mean(sgnprob[1:i - 1]) = 0.22007813424884573
8576/16384
mean(sgnprob[1:i - 1]) = 0.20979591836734693
8704/16384
mean(sgnprob[1:i - 1]) = 0.21245547512352062
8832/16384
mean(sgnprob[1:i - 1]) = 0.20348771373570376
8960/16384
mean(sgnprob[1:i - 1]) = 0.20571492354057372
9088/16384
mean(sgnprob[1:i - 1]) = 0.21030042918454936
9216/16384
mean(sgnprob[1:i - 1]) = 0.21345632121540967
9344/16384
mean(sgnprob[1:i - 1]) = 0.2184523172428556
9472/16384
mean(sgnprob[1:i - 1]) = 0.22077922077922077
9600/16384
mean(sgnprob[1:i - 1]) = 0.22283571205333888
9728/16384
mean(sgnprob[1:i - 1]) = 0.2273054384702375
9856/16384
mean(sgnprob[1:i - 1]) = 0.23003551496702182
9984/16384
mean(sgnprob[1:i - 1]) = 0.23289592306921766
10112/16384
mean(sgnprob[1:i - 1]) = 0.23647512610028681
10240/16384
mean(sgnprob[1:i - 1]) = 0.24016017189178632
10368/16384
mean(sgnprob[1:i - 1]) = 0.2294781518279155
10496/16384
mean(sgnprob[1:i - 1]) = 0.23353978084802288
10624/16384
mean(sgnprob[1:i - 1]) = 0.2363739056763626
10752/16384
mean(sgnprob[1:i - 1]) = 0.24007069109850246
10880/16384
mean(sgnprob[1:i - 1]) = 0.24239360235315746
11008/16384
mean(sgnprob[1:i - 1]) = 0.24538929771963297
11136/16384
mean(sgnprob[1:i - 1]) = 0.24759766502020655
11264/16384
mean(sgnprob[1:i - 1]) = 0.24904554736748646
11392/16384
mean(sgnprob[1:i - 1]) = 0.25221666227723644
11520/16384
mean(sgnprob[1:i - 1]) = 0.24368434759961802
11648/16384
mean(sgnprob[1:i - 1]) = 0.24615780887782263
11776/16384
mean(sgnprob[1:i - 1]) = 0.2497664543524416
11904/16384
mean(sgnprob[1:i - 1]) = 0.25228933882214566
12032/16384
mean(sgnprob[1:i - 1]) = 0.25625467542182695
12160/16384
mean(sgnprob[1:i - 1]) = 0.24944485566247224
12288/16384
mean(sgnprob[1:i - 1]) = 0.25335720680393914
12416/16384
mean(sgnprob[1:i - 1]) = 0.2552557390253725
12544/16384
mean(sgnprob[1:i - 1]) = 0.25727497408913336
12672/16384
mean(sgnprob[1:i - 1]) = 0.24899376529082157
12800/16384
mean(sgnprob[1:i - 1]) = 0.24259707789671067
12928/16384
mean(sgnprob[1:i - 1]) = 0.24545524870426239
13056/16384
mean(sgnprob[1:i - 1]) = 0.24703178858674837
13184/16384
mean(sgnprob[1:i - 1]) = 0.24038534476219373
13312/16384
mean(sgnprob[1:i - 1]) = 0.2413793103448276
13440/16384
mean(sgnprob[1:i - 1]) = 0.24324726542153435
13568/16384
mean(sgnprob[1:i - 1]) = 0.24596447261738041
13696/16384
mean(sgnprob[1:i - 1]) = 0.24848484848484848
13824/16384
mean(sgnprob[1:i - 1]) = 0.2512479201331115
13952/16384
mean(sgnprob[1:i - 1]) = 0.25381693068597233
14080/16384
mean(sgnprob[1:i - 1]) = 0.25577100646352724
14208/16384
mean(sgnprob[1:i - 1]) = 0.2581121982121489
14336/16384
mean(sgnprob[1:i - 1]) = 0.26166724799441926
14464/16384
mean(sgnprob[1:i - 1]) = 0.2643296688100671
14592/16384
mean(sgnprob[1:i - 1]) = 0.25858405866630113
14720/16384
mean(sgnprob[1:i - 1]) = 0.2608193491405666
14848/16384
mean(sgnprob[1:i - 1]) = 0.2632855122246919
14976/16384
mean(sgnprob[1:i - 1]) = 0.2572954924874791
15104/16384
mean(sgnprob[1:i - 1]) = 0.2569688141428855
15232/16384
mean(sgnprob[1:i - 1]) = 0.25901122710261965
15360/16384
mean(sgnprob[1:i - 1]) = 0.26114981444104435
15488/16384
mean(sgnprob[1:i - 1]) = 0.26260734809840514
15616/16384
mean(sgnprob[1:i - 1]) = 0.2644252321485751
15744/16384
mean(sgnprob[1:i - 1]) = 0.26545131169408626
15872/16384
mean(sgnprob[1:i - 1]) = 0.2664608405267469
16000/16384
mean(sgnprob[1:i - 1]) = 0.26870429401837614
16128/16384
mean(sgnprob[1:i - 1]) = 0.2707881193030322
16256/16384
mean(sgnprob[1:i - 1]) = 0.2729621654875423
16384/16384
mean(sgnprob[1:i - 1]) = 0.27485808459989014
738.897995 seconds (167.11 M allocations: 70.745 GiB, 1.36% gc time, 1.20% compilation time)
