## SLURM PROLOG ###############################################################
##    Job ID : 5955254
##  Job Name : etgent_N(1,2)_seed1253
##  Nodelist : node1744
##      CPUs : 8
##  Mem/Node : 2048 MB
## Directory : /oscar/home/trazzaz/AFQMC
##   Job Started : Mon Nov 11 09:44:53 PM EST 2024
###############################################################################
U = 2.0
seed = 1253
λₖ = 0.0
Warming up
128/512
256/512
384/512
512/512
Measuring
128/1024
256/1024
384/1024
512/1024
640/1024
768/1024
896/1024
1024/1024
126.801942 seconds (80.56 M allocations: 16.970 GiB, 3.23% gc time, 9.95% compilation time)
λₖ = 0.2
Warming up
128/512
256/512
384/512
512/512
Measuring
128/1024
256/1024
384/1024
512/1024
640/1024
768/1024
896/1024
1024/1024
107.230722 seconds (76.83 M allocations: 16.806 GiB, 3.40% gc time, 0.11% compilation time)
λₖ = 0.4
Warming up
128/512
256/512
384/512
512/512
Measuring
128/1024
256/1024
384/1024
512/1024
640/1024
768/1024
896/1024
1024/1024
108.167070 seconds (76.82 M allocations: 16.805 GiB, 3.29% gc time)
λₖ = 0.6
Warming up
128/512
256/512
384/512
512/512
Measuring
128/1024
256/1024
384/1024
512/1024
640/1024
768/1024
896/1024
1024/1024
107.136157 seconds (76.82 M allocations: 16.805 GiB, 3.02% gc time)
λₖ = 0.8
Warming up
128/512
256/512
384/512
512/512
Measuring
128/1024
256/1024
384/1024
512/1024
640/1024
768/1024
896/1024
1024/1024
108.170407 seconds (76.82 M allocations: 16.805 GiB, 2.85% gc time)
