## SLURM PROLOG ###############################################################
##    Job ID : 8834019
##  Job Name : sbatch_etgent.sh
##  Nodelist : node1736
##      CPUs : 8
##  Mem/Node : 4096 MB
## Directory : /oscar/home/trazzaz/AFQMC
##   Job Started : Fri Feb 28 04:35:49 AM EST 2025
###############################################################################
seed = 1573
U = 2.0
β = 6.0
Warming up
128/1024
256/1024
384/1024
512/1024
640/1024
768/1024
896/1024
1024/1024
Measuring
128/16384
mean(sgnprob[1:i - 1]) = -0.5590551181102362
256/16384
mean(sgnprob[1:i - 1]) = -0.6
384/16384
mean(sgnprob[1:i - 1]) = -0.24281984334203655
512/16384
mean(sgnprob[1:i - 1]) = -0.07240704500978473
640/16384
mean(sgnprob[1:i - 1]) = 0.06729264475743349
768/16384
mean(sgnprob[1:i - 1]) = -0.04302477183833116
896/16384
mean(sgnprob[1:i - 1]) = 0.030167597765363128
1024/16384
mean(sgnprob[1:i - 1]) = 0.10850439882697947
1152/16384
mean(sgnprob[1:i - 1]) = 0.158992180712424
1280/16384
mean(sgnprob[1:i - 1]) = 0.2040656763096169
1408/16384
mean(sgnprob[1:i - 1]) = 0.13717128642501777
1536/16384
mean(sgnprob[1:i - 1]) = 0.16612377850162866
1664/16384
mean(sgnprob[1:i - 1]) = 0.1978352375225496
1792/16384
mean(sgnprob[1:i - 1]) = 0.21496370742601897
1920/16384
mean(sgnprob[1:i - 1]) = 0.2433559145388223
2048/16384
mean(sgnprob[1:i - 1]) = 0.2564728871519297
2176/16384
mean(sgnprob[1:i - 1]) = 0.20091954022988506
2304/16384
mean(sgnprob[1:i - 1]) = 0.21580547112462006
2432/16384
mean(sgnprob[1:i - 1]) = 0.23570547099958863
2560/16384
mean(sgnprob[1:i - 1]) = 0.25283313794450957
2688/16384
mean(sgnprob[1:i - 1]) = 0.2653516933382955
2816/16384
mean(sgnprob[1:i - 1]) = 0.28099467140319717
2944/16384
mean(sgnprob[1:i - 1]) = 0.29323819232076115
3072/16384
mean(sgnprob[1:i - 1]) = 0.3005535656138066
3200/16384
mean(sgnprob[1:i - 1]) = 0.31291028446389496
3328/16384
mean(sgnprob[1:i - 1]) = 0.3219116321009919
3456/16384
mean(sgnprob[1:i - 1]) = 0.3296671490593343
3584/16384
mean(sgnprob[1:i - 1]) = 0.33519397153223557
3712/16384
mean(sgnprob[1:i - 1]) = 0.3451899757477769
3840/16384
mean(sgnprob[1:i - 1]) = 0.3154467309195103
3968/16384
mean(sgnprob[1:i - 1]) = 0.32442651877993445
4096/16384
mean(sgnprob[1:i - 1]) = 0.3304029304029304
4224/16384
mean(sgnprob[1:i - 1]) = 0.33364906464598626
4352/16384
mean(sgnprob[1:i - 1]) = 0.3059066881176741
4480/16384
mean(sgnprob[1:i - 1]) = 0.3132395624023219
4608/16384
mean(sgnprob[1:i - 1]) = 0.31625786846103754
4736/16384
mean(sgnprob[1:i - 1]) = 0.325026399155227
4864/16384
mean(sgnprob[1:i - 1]) = 0.3004318322023442
4992/16384
mean(sgnprob[1:i - 1]) = 0.3071528751753156
5120/16384
mean(sgnprob[1:i - 1]) = 0.31197499511623367
5248/16384
mean(sgnprob[1:i - 1]) = 0.31808652563369544
5376/16384
mean(sgnprob[1:i - 1]) = 0.3209302325581395
5504/16384
mean(sgnprob[1:i - 1]) = 0.32836634562965655
5632/16384
mean(sgnprob[1:i - 1]) = 0.3333333333333333
5760/16384
mean(sgnprob[1:i - 1]) = 0.3377322451814551
5888/16384
mean(sgnprob[1:i - 1]) = 0.3432987939527773
6016/16384
mean(sgnprob[1:i - 1]) = 0.3250207813798836
6144/16384
mean(sgnprob[1:i - 1]) = 0.30652775516848446
6272/16384
mean(sgnprob[1:i - 1]) = 0.3107957263594323
6400/16384
mean(sgnprob[1:i - 1]) = 0.29301453352086265
6528/16384
mean(sgnprob[1:i - 1]) = 0.29891221081660796
6656/16384
mean(sgnprob[1:i - 1]) = 0.30217881292261456
6784/16384
mean(sgnprob[1:i - 1]) = 0.3062066932035972
6912/16384
mean(sgnprob[1:i - 1]) = 0.31297930834900883
7040/16384
mean(sgnprob[1:i - 1]) = 0.3180849552493252
7168/16384
mean(sgnprob[1:i - 1]) = 0.32328728896330405
7296/16384
mean(sgnprob[1:i - 1]) = 0.32638793694311174
7424/16384
mean(sgnprob[1:i - 1]) = 0.33072881584265124
7552/16384
mean(sgnprob[1:i - 1]) = 0.33492252681764006
7680/16384
mean(sgnprob[1:i - 1]) = 0.3387159786430525
7808/16384
mean(sgnprob[1:i - 1]) = 0.33956705520686564
7936/16384
mean(sgnprob[1:i - 1]) = 0.3257718966603655
8064/16384
mean(sgnprob[1:i - 1]) = 0.3114225474389185
8192/16384
mean(sgnprob[1:i - 1]) = 0.31339274813820045
8320/16384
mean(sgnprob[1:i - 1]) = 0.31698521456905876
8448/16384
mean(sgnprob[1:i - 1]) = 0.3185746418846928
8576/16384
mean(sgnprob[1:i - 1]) = 0.32198250728862976
8704/16384
mean(sgnprob[1:i - 1]) = 0.3250603240261979
8832/16384
mean(sgnprob[1:i - 1]) = 0.3305401426791983
8960/16384
mean(sgnprob[1:i - 1]) = 0.3338542248018752
9088/16384
mean(sgnprob[1:i - 1]) = 0.3210080334543854
9216/16384
mean(sgnprob[1:i - 1]) = 0.3252306022788931
9344/16384
mean(sgnprob[1:i - 1]) = 0.32933747190409934
9472/16384
mean(sgnprob[1:i - 1]) = 0.3310104529616725
9600/16384
mean(sgnprob[1:i - 1]) = 0.33368059172830505
9728/16384
mean(sgnprob[1:i - 1]) = 0.3366916829443816
9856/16384
mean(sgnprob[1:i - 1]) = 0.32460679857940133
9984/16384
mean(sgnprob[1:i - 1]) = 0.3270559951918261
10112/16384
mean(sgnprob[1:i - 1]) = 0.3302343981801998
10240/16384
mean(sgnprob[1:i - 1]) = 0.3327473386072859
10368/16384
mean(sgnprob[1:i - 1]) = 0.3359699045046783
10496/16384
mean(sgnprob[1:i - 1]) = 0.33797046212482135
10624/16384
mean(sgnprob[1:i - 1]) = 0.33973453826602656
10752/16384
mean(sgnprob[1:i - 1]) = 0.3410845502743931
10880/16384
mean(sgnprob[1:i - 1]) = 0.34405735821307104
11008/16384
mean(sgnprob[1:i - 1]) = 0.3465976196965567
11136/16384
mean(sgnprob[1:i - 1]) = 0.3359676695105523
11264/16384
mean(sgnprob[1:i - 1]) = 0.33800941134688806
11392/16384
mean(sgnprob[1:i - 1]) = 0.340883153366693
11520/16384
mean(sgnprob[1:i - 1]) = 0.3317128222936019
11648/16384
mean(sgnprob[1:i - 1]) = 0.33407744483558
11776/16384
mean(sgnprob[1:i - 1]) = 0.3251804670912951
11904/16384
mean(sgnprob[1:i - 1]) = 0.3270604049399311
12032/16384
mean(sgnprob[1:i - 1]) = 0.32873410356578836
12160/16384
mean(sgnprob[1:i - 1]) = 0.33119499958878196
12288/16384
mean(sgnprob[1:i - 1]) = 0.33246520712948646
12416/16384
mean(sgnprob[1:i - 1]) = 0.3238824003221909
12544/16384
mean(sgnprob[1:i - 1]) = 0.32647691939727336
12672/16384
mean(sgnprob[1:i - 1]) = 0.3283876568542341
12800/16384
mean(sgnprob[1:i - 1]) = 0.3194780842253301
12928/16384
mean(sgnprob[1:i - 1]) = 0.32080142337742706
13056/16384
mean(sgnprob[1:i - 1]) = 0.32271160474913824
13184/16384
mean(sgnprob[1:i - 1]) = 0.3244329818705909
13312/16384
mean(sgnprob[1:i - 1]) = 0.3270227631282398
13440/16384
mean(sgnprob[1:i - 1]) = 0.3189969491777662
13568/16384
mean(sgnprob[1:i - 1]) = 0.3214417336183386
13696/16384
mean(sgnprob[1:i - 1]) = 0.32471705001825485
13824/16384
mean(sgnprob[1:i - 1]) = 0.3269189032771468
13952/16384
mean(sgnprob[1:i - 1]) = 0.3286502759658806
14080/16384
mean(sgnprob[1:i - 1]) = 0.3293557781092407
14208/16384
mean(sgnprob[1:i - 1]) = 0.33230097839093403
14336/16384
mean(sgnprob[1:i - 1]) = 0.33421695151726544
14464/16384
mean(sgnprob[1:i - 1]) = 0.33637557906381804
14592/16384
mean(sgnprob[1:i - 1]) = 0.33794805016791174
14720/16384
mean(sgnprob[1:i - 1]) = 0.32998165636252463
14848/16384
mean(sgnprob[1:i - 1]) = 0.322017916077322
14976/16384
mean(sgnprob[1:i - 1]) = 0.31579298831385644
15104/16384
mean(sgnprob[1:i - 1]) = 0.31722174402436604
15232/16384
mean(sgnprob[1:i - 1]) = 0.31915173002429253
15360/16384
mean(sgnprob[1:i - 1]) = 0.3210495474965818
15488/16384
mean(sgnprob[1:i - 1]) = 0.3133595919158004
15616/16384
mean(sgnprob[1:i - 1]) = 0.3148895292987512
15744/16384
mean(sgnprob[1:i - 1]) = 0.31626754748142033
15872/16384
mean(sgnprob[1:i - 1]) = 0.3187574822002394
16000/16384
mean(sgnprob[1:i - 1]) = 0.3207075442215138
16128/16384
mean(sgnprob[1:i - 1]) = 0.3221305884541452
16256/16384
mean(sgnprob[1:i - 1]) = 0.3157797600738234
16384/16384
mean(sgnprob[1:i - 1]) = 0.30928401391686505
728.373876 seconds (167.11 M allocations: 70.745 GiB, 1.36% gc time, 1.22% compilation time)
