## SLURM PROLOG ###############################################################
##    Job ID : 6710751
##  Job Name : etgent_LA8_seed1240
##  Nodelist : node1755
##      CPUs : 8
##  Mem/Node : 2048 MB
## Directory : /oscar/home/trazzaz/AFQMC
##   Job Started : Sun Nov 24 09:14:12 PM EST 2024
###############################################################################
seed = 1240
U = 2.0
λₖ = 0.0
Warming up
128/512
256/512
384/512
512/512
Measuring
128/1024
256/1024
384/1024
512/1024
640/1024
768/1024
896/1024
1024/1024
578.420100 seconds (89.16 M allocations: 47.812 GiB, 0.97% gc time, 1.53% compilation time)
λₖ = 0.2
Warming up
128/512
256/512
384/512
512/512
Measuring
128/1024
256/1024
384/1024
512/1024
640/1024
768/1024
896/1024
1024/1024
580.022360 seconds (85.43 M allocations: 47.648 GiB, 0.90% gc time, 0.01% compilation time)
λₖ = 0.4
Warming up
128/512
256/512
384/512
512/512
Measuring
128/1024
256/1024
384/1024
512/1024
640/1024
768/1024
896/1024
1024/1024
575.739644 seconds (85.43 M allocations: 47.648 GiB, 0.81% gc time)
λₖ = 0.6
Warming up
128/512
256/512
384/512
512/512
Measuring
128/1024
256/1024
384/1024
512/1024
640/1024
768/1024
896/1024
1024/1024
582.945877 seconds (85.43 M allocations: 47.648 GiB, 0.75% gc time)
λₖ = 0.8
Warming up
128/512
256/512
384/512
512/512
Measuring
128/1024
256/1024
384/1024
512/1024
640/1024
768/1024
896/1024
1024/1024
575.634987 seconds (85.43 M allocations: 47.648 GiB, 0.72% gc time)
