## SLURM PROLOG ###############################################################
##    Job ID : 8833947
##  Job Name : sbatch_etgent.sh
##  Nodelist : node1736
##      CPUs : 8
##  Mem/Node : 4096 MB
## Directory : /oscar/home/trazzaz/AFQMC
##   Job Started : Fri Feb 28 02:41:16 AM EST 2025
###############################################################################
seed = 1501
U = 2.0
β = 6.0
Warming up
128/1024
256/1024
384/1024
512/1024
640/1024
768/1024
896/1024
1024/1024
Measuring
128/16384
mean(sgnprob[1:i - 1]) = 0.33858267716535434
256/16384
mean(sgnprob[1:i - 1]) = 0.2784313725490196
384/16384
mean(sgnprob[1:i - 1]) = 0.08616187989556136
512/16384
mean(sgnprob[1:i - 1]) = 0.1350293542074364
640/16384
mean(sgnprob[1:i - 1]) = 0.17370892018779344
768/16384
mean(sgnprob[1:i - 1]) = 0.19947848761408082
896/16384
mean(sgnprob[1:i - 1]) = 0.21787709497206703
1024/16384
mean(sgnprob[1:i - 1]) = 0.2179863147605083
1152/16384
mean(sgnprob[1:i - 1]) = 0.157254561251086
1280/16384
mean(sgnprob[1:i - 1]) = 0.15089913995308835
1408/16384
mean(sgnprob[1:i - 1]) = 0.15849324804548684
1536/16384
mean(sgnprob[1:i - 1]) = 0.13224755700325733
1664/16384
mean(sgnprob[1:i - 1]) = 0.1413108839446783
1792/16384
mean(sgnprob[1:i - 1]) = 0.10887772194304858
1920/16384
mean(sgnprob[1:i - 1]) = 0.12245961438249088
2048/16384
mean(sgnprob[1:i - 1]) = 0.13141182217879824
2176/16384
mean(sgnprob[1:i - 1]) = 0.1135632183908046
2304/16384
mean(sgnprob[1:i - 1]) = 0.11854103343465046
2432/16384
mean(sgnprob[1:i - 1]) = 0.1155902920608803
2560/16384
mean(sgnprob[1:i - 1]) = 0.08792497069167643
2688/16384
mean(sgnprob[1:i - 1]) = 0.0971343505768515
2816/16384
mean(sgnprob[1:i - 1]) = 0.11047957371225577
2944/16384
mean(sgnprob[1:i - 1]) = 0.09683995922528033
3072/16384
mean(sgnprob[1:i - 1]) = 0.10908498860306089
3200/16384
mean(sgnprob[1:i - 1]) = 0.12035010940919037
3328/16384
mean(sgnprob[1:i - 1]) = 0.1301472798316802
3456/16384
mean(sgnprob[1:i - 1]) = 0.13748191027496381
3584/16384
mean(sgnprob[1:i - 1]) = 0.13982696064750208
3712/16384
mean(sgnprob[1:i - 1]) = 0.14578280786849906
3840/16384
mean(sgnprob[1:i - 1]) = 0.1529044021880698
3968/16384
mean(sgnprob[1:i - 1]) = 0.1388958911015881
4096/16384
mean(sgnprob[1:i - 1]) = 0.13992673992673993
4224/16384
mean(sgnprob[1:i - 1]) = 0.14563106796116504
4352/16384
mean(sgnprob[1:i - 1]) = 0.15237876350264307
4480/16384
mean(sgnprob[1:i - 1]) = 0.1582942621120786
4608/16384
mean(sgnprob[1:i - 1]) = 0.15823746472758846
4736/16384
mean(sgnprob[1:i - 1]) = 0.16494192185850054
4864/16384
mean(sgnprob[1:i - 1]) = 0.1680032901501131
4992/16384
mean(sgnprob[1:i - 1]) = 0.17371268282909236
5120/16384
mean(sgnprob[1:i - 1]) = 0.17444813440125023
5248/16384
mean(sgnprob[1:i - 1]) = 0.16333142748237087
5376/16384
mean(sgnprob[1:i - 1]) = 0.15311627906976744
5504/16384
mean(sgnprob[1:i - 1]) = 0.1444666545520625
5632/16384
mean(sgnprob[1:i - 1]) = 0.13585508790623335
5760/16384
mean(sgnprob[1:i - 1]) = 0.14290675464490363
5888/16384
mean(sgnprob[1:i - 1]) = 0.1306268048241889
6016/16384
mean(sgnprob[1:i - 1]) = 0.1315045719035744
6144/16384
mean(sgnprob[1:i - 1]) = 0.123555266156601
6272/16384
mean(sgnprob[1:i - 1]) = 0.12613618242704513
6400/16384
mean(sgnprob[1:i - 1]) = 0.12142522269104547
6528/16384
mean(sgnprob[1:i - 1]) = 0.11475409836065574
6656/16384
mean(sgnprob[1:i - 1]) = 0.10563486100676184
6784/16384
mean(sgnprob[1:i - 1]) = 0.10953855226301047
6912/16384
mean(sgnprob[1:i - 1]) = 0.10114310519461728
7040/16384
mean(sgnprob[1:i - 1]) = 0.10527063503338542
7168/16384
mean(sgnprob[1:i - 1]) = 0.10841356215989954
7296/16384
mean(sgnprob[1:i - 1]) = 0.11144619602467444
7424/16384
mean(sgnprob[1:i - 1]) = 0.1049440926848983
7552/16384
mean(sgnprob[1:i - 1]) = 0.09521917626804396
7680/16384
mean(sgnprob[1:i - 1]) = 0.08686026826409689
7808/16384
mean(sgnprob[1:i - 1]) = 0.08722940950429102
7936/16384
mean(sgnprob[1:i - 1]) = 0.07800882167611846
8064/16384
mean(sgnprob[1:i - 1]) = 0.0710653602877341
8192/16384
mean(sgnprob[1:i - 1]) = 0.07434989622756684
8320/16384
mean(sgnprob[1:i - 1]) = 0.06815723043635052
8448/16384
mean(sgnprob[1:i - 1]) = 0.06286255475316681
8576/16384
mean(sgnprob[1:i - 1]) = 0.06612244897959184
8704/16384
mean(sgnprob[1:i - 1]) = 0.06790761806273699
8832/16384
mean(sgnprob[1:i - 1]) = 0.06262031480013588
8960/16384
mean(sgnprob[1:i - 1]) = 0.055474941399709786
9088/16384
mean(sgnprob[1:i - 1]) = 0.055133707494222514
9216/16384
mean(sgnprob[1:i - 1]) = 0.05632121540965817
9344/16384
mean(sgnprob[1:i - 1]) = 0.05084020122016483
9472/16384
mean(sgnprob[1:i - 1]) = 0.04635202196177806
9600/16384
mean(sgnprob[1:i - 1]) = 0.04240025002604438
9728/16384
mean(sgnprob[1:i - 1]) = 0.04410404030019533
9856/16384
mean(sgnprob[1:i - 1]) = 0.04880771182141045
9984/16384
mean(sgnprob[1:i - 1]) = 0.04517680056095362
10112/16384
mean(sgnprob[1:i - 1]) = 0.048363168826031054
10240/16384
mean(sgnprob[1:i - 1]) = 0.0518605332552007
10368/16384
mean(sgnprob[1:i - 1]) = 0.05430693546831292
10496/16384
mean(sgnprob[1:i - 1]) = 0.0578370652691758
10624/16384
mean(sgnprob[1:i - 1]) = 0.06147039442718629
10752/16384
mean(sgnprob[1:i - 1]) = 0.05887824388428983
10880/16384
mean(sgnprob[1:i - 1]) = 0.062046143947053954
11008/16384
mean(sgnprob[1:i - 1]) = 0.06423185245752702
11136/16384
mean(sgnprob[1:i - 1]) = 0.0593623709025595
11264/16384
mean(sgnprob[1:i - 1]) = 0.062061617686229247
11392/16384
mean(sgnprob[1:i - 1]) = 0.06522693354402599
11520/16384
mean(sgnprob[1:i - 1]) = 0.06814827676013543
11648/16384
mean(sgnprob[1:i - 1]) = 0.06482355971494806
11776/16384
mean(sgnprob[1:i - 1]) = 0.05970276008492569
11904/16384
mean(sgnprob[1:i - 1]) = 0.06359741241703772
12032/16384
mean(sgnprob[1:i - 1]) = 0.06873909068240379
12160/16384
mean(sgnprob[1:i - 1]) = 0.0642322559421005
12288/16384
mean(sgnprob[1:i - 1]) = 0.06535362578334826
12416/16384
mean(sgnprob[1:i - 1]) = 0.06774063632702376
12544/16384
mean(sgnprob[1:i - 1]) = 0.06433867495814398
12672/16384
mean(sgnprob[1:i - 1]) = 0.0663720306211033
12800/16384
mean(sgnprob[1:i - 1]) = 0.06945855144933198
12928/16384
mean(sgnprob[1:i - 1]) = 0.06567649106521235
13056/16384
mean(sgnprob[1:i - 1]) = 0.06120260436614324
13184/16384
mean(sgnprob[1:i - 1]) = 0.057270727452021546
13312/16384
mean(sgnprob[1:i - 1]) = 0.054616482608369016
13440/16384
mean(sgnprob[1:i - 1]) = 0.05692387826475184
13568/16384
mean(sgnprob[1:i - 1]) = 0.05992481757204983
13696/16384
mean(sgnprob[1:i - 1]) = 0.06301569916027748
13824/16384
mean(sgnprob[1:i - 1]) = 0.06503653331404181
13952/16384
mean(sgnprob[1:i - 1]) = 0.06687692638520536
14080/16384
mean(sgnprob[1:i - 1]) = 0.0708146885432204
14208/16384
mean(sgnprob[1:i - 1]) = 0.07158443021045963
14336/16384
mean(sgnprob[1:i - 1]) = 0.07443320544122776
14464/16384
mean(sgnprob[1:i - 1]) = 0.07087049713060914
14592/16384
mean(sgnprob[1:i - 1]) = 0.06846686313480913
14720/16384
mean(sgnprob[1:i - 1]) = 0.07004551939669815
14848/16384
mean(sgnprob[1:i - 1]) = 0.06661278372735233
14976/16384
mean(sgnprob[1:i - 1]) = 0.06844741235392321
15104/16384
mean(sgnprob[1:i - 1]) = 0.06919155134741442
15232/16384
mean(sgnprob[1:i - 1]) = 0.0707110498325783
15360/16384
mean(sgnprob[1:i - 1]) = 0.06777785012045055
15488/16384
mean(sgnprob[1:i - 1]) = 0.07057532123716666
15616/16384
mean(sgnprob[1:i - 1]) = 0.07217419148254883
15744/16384
mean(sgnprob[1:i - 1]) = 0.07450930572317856
15872/16384
mean(sgnprob[1:i - 1]) = 0.0763026904416861
16000/16384
mean(sgnprob[1:i - 1]) = 0.08031751984499032
16128/16384
mean(sgnprob[1:i - 1]) = 0.08154027407453339
16256/16384
mean(sgnprob[1:i - 1]) = 0.0831128883420486
16384/16384
mean(sgnprob[1:i - 1]) = 0.08002197399743637
736.154444 seconds (167.11 M allocations: 70.745 GiB, 1.39% gc time, 1.22% compilation time)
