## SLURM PROLOG ###############################################################
##    Job ID : 7671073
##  Job Name : sbatch_etgent.sh
##  Nodelist : node1703
##      CPUs : 8
##  Mem/Node : 4096 MB
## Directory : /oscar/home/trazzaz/AFQMC
##   Job Started : Sun Jan 19 01:48:13 AM EST 2025
###############################################################################
seed = 1240
U = 2.0
β = 6.0
Warming up
128/1024
256/1024
384/1024
512/1024
640/1024
768/1024
896/1024
1024/1024
Measuring
128/16384
mean(sgnprob[1:i - 1]) = 0.2125984251968504
256/16384
mean(sgnprob[1:i - 1]) = 0.1843137254901961
384/16384
mean(sgnprob[1:i - 1]) = 0.17493472584856398
512/16384
mean(sgnprob[1:i - 1]) = 0.16634050880626222
640/16384
mean(sgnprob[1:i - 1]) = 0.2112676056338028
768/16384
mean(sgnprob[1:i - 1]) = 0.2255541069100391
896/16384
mean(sgnprob[1:i - 1]) = 0.22681564245810057
1024/16384
mean(sgnprob[1:i - 1]) = 0.24926686217008798
1152/16384
mean(sgnprob[1:i - 1]) = 0.23892267593397046
1280/16384
mean(sgnprob[1:i - 1]) = 0.236903831118061
1408/16384
mean(sgnprob[1:i - 1]) = 0.2523098791755508
1536/16384
mean(sgnprob[1:i - 1]) = 0.24560260586319219
1664/16384
mean(sgnprob[1:i - 1]) = 0.25676488274203246
1792/16384
mean(sgnprob[1:i - 1]) = 0.2573981016192071
1920/16384
mean(sgnprob[1:i - 1]) = 0.2569046378322043
2048/16384
mean(sgnprob[1:i - 1]) = 0.265266243282853
2176/16384
mean(sgnprob[1:i - 1]) = 0.26252873563218393
2304/16384
mean(sgnprob[1:i - 1]) = 0.2627008250108554
2432/16384
mean(sgnprob[1:i - 1]) = 0.2620320855614973
2560/16384
mean(sgnprob[1:i - 1]) = 0.2606486908948808
2688/16384
mean(sgnprob[1:i - 1]) = 0.25865277260885744
2816/16384
mean(sgnprob[1:i - 1]) = 0.2483126110124334
2944/16384
mean(sgnprob[1:i - 1]) = 0.24974515800203873
3072/16384
mean(sgnprob[1:i - 1]) = 0.2484532725496581
3200/16384
mean(sgnprob[1:i - 1]) = 0.24914035636136292
3328/16384
mean(sgnprob[1:i - 1]) = 0.24436429215509467
3456/16384
mean(sgnprob[1:i - 1]) = 0.24283646888567295
3584/16384
mean(sgnprob[1:i - 1]) = 0.24253418922690484
3712/16384
mean(sgnprob[1:i - 1]) = 0.23740231743465373
3840/16384
mean(sgnprob[1:i - 1]) = 0.24042719458192238
3968/16384
mean(sgnprob[1:i - 1]) = 0.24174439122762792
4096/16384
mean(sgnprob[1:i - 1]) = 0.24297924297924298
4224/16384
mean(sgnprob[1:i - 1]) = 0.24129765569500355
4352/16384
mean(sgnprob[1:i - 1]) = 0.24017467248908297
4480/16384
mean(sgnprob[1:i - 1]) = 0.23956240232194687
4608/16384
mean(sgnprob[1:i - 1]) = 0.2368135446060343
4736/16384
mean(sgnprob[1:i - 1]) = 0.23590285110876452
4864/16384
mean(sgnprob[1:i - 1]) = 0.23339502364795395
4992/16384
mean(sgnprob[1:i - 1]) = 0.23342015628130636
5120/16384
mean(sgnprob[1:i - 1]) = 0.2295370189490135
5248/16384
mean(sgnprob[1:i - 1]) = 0.22927387078330475
5376/16384
mean(sgnprob[1:i - 1]) = 0.22865116279069767
5504/16384
mean(sgnprob[1:i - 1]) = 0.2306014900963111
5632/16384
mean(sgnprob[1:i - 1]) = 0.2310424436156988
5760/16384
mean(sgnprob[1:i - 1]) = 0.23076923076923078
5888/16384
mean(sgnprob[1:i - 1]) = 0.22914897231187362
6016/16384
mean(sgnprob[1:i - 1]) = 0.22926018287614297
6144/16384
mean(sgnprob[1:i - 1]) = 0.2270877421455315
6272/16384
mean(sgnprob[1:i - 1]) = 0.22404720140328496
6400/16384
mean(sgnprob[1:i - 1]) = 0.22456633849038912
6528/16384
mean(sgnprob[1:i - 1]) = 0.22445227516470048
6656/16384
mean(sgnprob[1:i - 1]) = 0.22554470323065365
6784/16384
mean(sgnprob[1:i - 1]) = 0.2260061919504644
6912/16384
mean(sgnprob[1:i - 1]) = 0.22529301114165823
7040/16384
mean(sgnprob[1:i - 1]) = 0.22744708055121465
7168/16384
mean(sgnprob[1:i - 1]) = 0.22617552671968746
7296/16384
mean(sgnprob[1:i - 1]) = 0.22769019876627827
7424/16384
mean(sgnprob[1:i - 1]) = 0.2288832008621851
7552/16384
mean(sgnprob[1:i - 1]) = 0.2265925043040657
7680/16384
mean(sgnprob[1:i - 1]) = 0.2277640317749707
7808/16384
mean(sgnprob[1:i - 1]) = 0.2278724221852184
7936/16384
mean(sgnprob[1:i - 1]) = 0.22747321991178324
8064/16384
mean(sgnprob[1:i - 1]) = 0.22907106536028773
8192/16384
mean(sgnprob[1:i - 1]) = 0.2291539494567208
8320/16384
mean(sgnprob[1:i - 1]) = 0.2282726289217454
8448/16384
mean(sgnprob[1:i - 1]) = 0.22528708417189536
8576/16384
mean(sgnprob[1:i - 1]) = 0.22448979591836735
8704/16384
mean(sgnprob[1:i - 1]) = 0.22509479489831094
8832/16384
mean(sgnprob[1:i - 1]) = 0.2256822556901823
8960/16384
mean(sgnprob[1:i - 1]) = 0.22625293001451055
9088/16384
mean(sgnprob[1:i - 1]) = 0.2250467701111478
9216/16384
mean(sgnprob[1:i - 1]) = 0.22495930548019533
9344/16384
mean(sgnprob[1:i - 1]) = 0.22530236540725676
9472/16384
mean(sgnprob[1:i - 1]) = 0.2275366909513251
9600/16384
mean(sgnprob[1:i - 1]) = 0.22679445775601625
9728/16384
mean(sgnprob[1:i - 1]) = 0.22853911791919398
9856/16384
mean(sgnprob[1:i - 1]) = 0.22638254693049215
9984/16384
mean(sgnprob[1:i - 1]) = 0.225082640488831
10112/16384
mean(sgnprob[1:i - 1]) = 0.22460686381169023
10240/16384
mean(sgnprob[1:i - 1]) = 0.22511964058990136
10368/16384
mean(sgnprob[1:i - 1]) = 0.22504099546638373
10496/16384
mean(sgnprob[1:i - 1]) = 0.22801333968556456
10624/16384
mean(sgnprob[1:i - 1]) = 0.2263955568106938
10752/16384
mean(sgnprob[1:i - 1]) = 0.22667658822435122
10880/16384
mean(sgnprob[1:i - 1]) = 0.22842172993841345
11008/16384
mean(sgnprob[1:i - 1]) = 0.22830925774507133
11136/16384
mean(sgnprob[1:i - 1]) = 0.22855859901212394
11264/16384
mean(sgnprob[1:i - 1]) = 0.22880227292905975
11392/16384
mean(sgnprob[1:i - 1]) = 0.22833816170661048
11520/16384
mean(sgnprob[1:i - 1]) = 0.22892612205920654
11648/16384
mean(sgnprob[1:i - 1]) = 0.22864256890186313
11776/16384
mean(sgnprob[1:i - 1]) = 0.22938428874734607
11904/16384
mean(sgnprob[1:i - 1]) = 0.22859783247920692
12032/16384
mean(sgnprob[1:i - 1]) = 0.22799434793450254
12160/16384
mean(sgnprob[1:i - 1]) = 0.22625215889464595
12288/16384
mean(sgnprob[1:i - 1]) = 0.22536013672987712
12416/16384
mean(sgnprob[1:i - 1]) = 0.22529198550140958
12544/16384
mean(sgnprob[1:i - 1]) = 0.224906322251455
12672/16384
mean(sgnprob[1:i - 1]) = 0.2256333359640123
12800/16384
mean(sgnprob[1:i - 1]) = 0.22447066177045083
12928/16384
mean(sgnprob[1:i - 1]) = 0.2248781619865398
13056/16384
mean(sgnprob[1:i - 1]) = 0.22481807736499426
13184/16384
mean(sgnprob[1:i - 1]) = 0.22688310703178335
13312/16384
mean(sgnprob[1:i - 1]) = 0.22875816993464052
13440/16384
mean(sgnprob[1:i - 1]) = 0.229109308728328
13568/16384
mean(sgnprob[1:i - 1]) = 0.22842190609567334
13696/16384
mean(sgnprob[1:i - 1]) = 0.22949981745162468
13824/16384
mean(sgnprob[1:i - 1]) = 0.22911090211965565
13952/16384
mean(sgnprob[1:i - 1]) = 0.2297326356533582
14080/16384
mean(sgnprob[1:i - 1]) = 0.22934867533205483
14208/16384
mean(sgnprob[1:i - 1]) = 0.2299570634194411
14336/16384
mean(sgnprob[1:i - 1]) = 0.23125217997907221
14464/16384
mean(sgnprob[1:i - 1]) = 0.23086496577473553
14592/16384
mean(sgnprob[1:i - 1]) = 0.23103282845589748
14720/16384
mean(sgnprob[1:i - 1]) = 0.23038249881106054
14848/16384
mean(sgnprob[1:i - 1]) = 0.23001279719808715
14976/16384
mean(sgnprob[1:i - 1]) = 0.22898163606010016
15104/16384
mean(sgnprob[1:i - 1]) = 0.22968946566907236
15232/16384
mean(sgnprob[1:i - 1]) = 0.2301227759175366
15360/16384
mean(sgnprob[1:i - 1]) = 0.23028843023634352
15488/16384
mean(sgnprob[1:i - 1]) = 0.2309679085684768
15616/16384
mean(sgnprob[1:i - 1]) = 0.2303554274735831
15744/16384
mean(sgnprob[1:i - 1]) = 0.22962586546401575
15872/16384
mean(sgnprob[1:i - 1]) = 0.2292861193371558
16000/16384
mean(sgnprob[1:i - 1]) = 0.22957684855303456
16128/16384
mean(sgnprob[1:i - 1]) = 0.22899485335152228
16256/16384
mean(sgnprob[1:i - 1]) = 0.2292832974469394
16384/16384
mean(sgnprob[1:i - 1]) = 0.22895684551059026
742.156001 seconds (167.10 M allocations: 70.745 GiB, 1.55% gc time, 1.24% compilation time)
