## SLURM PROLOG ###############################################################
##    Job ID : 7671124
##  Job Name : sbatch_etgent.sh
##  Nodelist : node1747
##      CPUs : 8
##  Mem/Node : 4096 MB
## Directory : /oscar/home/trazzaz/AFQMC
##   Job Started : Sun Jan 19 03:06:36 AM EST 2025
###############################################################################
seed = 1234
U = 2.0
β = 6.0
Warming up
128/1024
256/1024
384/1024
512/1024
640/1024
768/1024
896/1024
1024/1024
Measuring
128/16384
mean(sgnprob[1:i - 1]) = -0.3228346456692913
256/16384
mean(sgnprob[1:i - 1]) = -0.10588235294117647
384/16384
mean(sgnprob[1:i - 1]) = -0.15404699738903394
512/16384
mean(sgnprob[1:i - 1]) = -0.07632093933463796
640/16384
mean(sgnprob[1:i - 1]) = -0.03912363067292645
768/16384
mean(sgnprob[1:i - 1]) = -0.07170795306388526
896/16384
mean(sgnprob[1:i - 1]) = -0.03910614525139665
1024/16384
mean(sgnprob[1:i - 1]) = -0.010752688172043012
1152/16384
mean(sgnprob[1:i - 1]) = 0.03735881841876629
1280/16384
mean(sgnprob[1:i - 1]) = 0.05707584050039093
1408/16384
mean(sgnprob[1:i - 1]) = 0.07320540156361052
1536/16384
mean(sgnprob[1:i - 1]) = 0.08013029315960912
1664/16384
mean(sgnprob[1:i - 1]) = 0.05953096812988575
1792/16384
mean(sgnprob[1:i - 1]) = 0.051926298157453935
1920/16384
mean(sgnprob[1:i - 1]) = 0.06513809275664409
2048/16384
mean(sgnprob[1:i - 1]) = 0.07278944797264289
2176/16384
mean(sgnprob[1:i - 1]) = 0.05655172413793103
2304/16384
mean(sgnprob[1:i - 1]) = 0.07077724706904039
2432/16384
mean(sgnprob[1:i - 1]) = 0.07692307692307693
2560/16384
mean(sgnprob[1:i - 1]) = 0.08167252833137945
2688/16384
mean(sgnprob[1:i - 1]) = 0.0963900260513584
2816/16384
mean(sgnprob[1:i - 1]) = 0.10124333925399645
2944/16384
mean(sgnprob[1:i - 1]) = 0.08528712198436969
3072/16384
mean(sgnprob[1:i - 1]) = 0.0882448713774015
3200/16384
mean(sgnprob[1:i - 1]) = 0.09409190371991247
3328/16384
mean(sgnprob[1:i - 1]) = 0.09828674481514878
3456/16384
mean(sgnprob[1:i - 1]) = 0.10390738060781476
3584/16384
mean(sgnprob[1:i - 1]) = 0.09014792073681273
3712/16384
mean(sgnprob[1:i - 1]) = 0.07733764483966586
3840/16384
mean(sgnprob[1:i - 1]) = 0.07788486585048189
3968/16384
mean(sgnprob[1:i - 1]) = 0.06680110915049156
4096/16384
mean(sgnprob[1:i - 1]) = 0.05885225885225885
4224/16384
mean(sgnprob[1:i - 1]) = 0.0636987923277291
4352/16384
mean(sgnprob[1:i - 1]) = 0.06871983452079981
4480/16384
mean(sgnprob[1:i - 1]) = 0.05648582272828757
4608/16384
mean(sgnprob[1:i - 1]) = 0.04753635771651834
4736/16384
mean(sgnprob[1:i - 1]) = 0.05216473072861669
4864/16384
mean(sgnprob[1:i - 1]) = 0.05367057371992597
4992/16384
mean(sgnprob[1:i - 1]) = 0.057904227609697455
5120/16384
mean(sgnprob[1:i - 1]) = 0.06505176792342254
5248/16384
mean(sgnprob[1:i - 1]) = 0.06651419858967028
5376/16384
mean(sgnprob[1:i - 1]) = 0.072
5504/16384
mean(sgnprob[1:i - 1]) = 0.07614028711611848
5632/16384
mean(sgnprob[1:i - 1]) = 0.07973716924169774
5760/16384
mean(sgnprob[1:i - 1]) = 0.07310296926549749
5888/16384
mean(sgnprob[1:i - 1]) = 0.07287243077968406
6016/16384
mean(sgnprob[1:i - 1]) = 0.07364921030756442
6144/16384
mean(sgnprob[1:i - 1]) = 0.06592869933257366
6272/16384
mean(sgnprob[1:i - 1]) = 0.06841014192313825
6400/16384
mean(sgnprob[1:i - 1]) = 0.06172839506172839
6528/16384
mean(sgnprob[1:i - 1]) = 0.055615137122721
6656/16384
mean(sgnprob[1:i - 1]) = 0.05454545454545454
6784/16384
mean(sgnprob[1:i - 1]) = 0.058823529411764705
6912/16384
mean(sgnprob[1:i - 1]) = 0.05281435392851975
7040/16384
mean(sgnprob[1:i - 1]) = 0.05526353175166927
7168/16384
mean(sgnprob[1:i - 1]) = 0.057346169945583926
7296/16384
mean(sgnprob[1:i - 1]) = 0.0612748457847841
7424/16384
mean(sgnprob[1:i - 1]) = 0.05617674794557456
7552/16384
mean(sgnprob[1:i - 1]) = 0.06025691961329625
7680/16384
mean(sgnprob[1:i - 1]) = 0.06289881494986327
7808/16384
mean(sgnprob[1:i - 1]) = 0.06571026002305623
7936/16384
mean(sgnprob[1:i - 1]) = 0.05834908632640202
8064/16384
mean(sgnprob[1:i - 1]) = 0.05072553640084336
8192/16384
mean(sgnprob[1:i - 1]) = 0.05286289830301551
8320/16384
mean(sgnprob[1:i - 1]) = 0.05445366029570862
8448/16384
mean(sgnprob[1:i - 1]) = 0.05670652302592637
8576/16384
mean(sgnprob[1:i - 1]) = 0.05795918367346939
8704/16384
mean(sgnprob[1:i - 1]) = 0.06124324945421119
8832/16384
mean(sgnprob[1:i - 1]) = 0.06533801381497
8960/16384
mean(sgnprob[1:i - 1]) = 0.05971648621497935
9088/16384
mean(sgnprob[1:i - 1]) = 0.05645427533839551
9216/16384
mean(sgnprob[1:i - 1]) = 0.05914270211611503
9344/16384
mean(sgnprob[1:i - 1]) = 0.06111527346676656
9472/16384
mean(sgnprob[1:i - 1]) = 0.06430155210643015
9600/16384
mean(sgnprob[1:i - 1]) = 0.0678195645379727
9728/16384
mean(sgnprob[1:i - 1]) = 0.07062814845276036
9856/16384
mean(sgnprob[1:i - 1]) = 0.0656519533231862
9984/16384
mean(sgnprob[1:i - 1]) = 0.06160472803766403
10112/16384
mean(sgnprob[1:i - 1]) = 0.06497873603006626
10240/16384
mean(sgnprob[1:i - 1]) = 0.0631897646254517
10368/16384
mean(sgnprob[1:i - 1]) = 0.06723256486929681
10496/16384
mean(sgnprob[1:i - 1]) = 0.07041448308718437
10624/16384
mean(sgnprob[1:i - 1]) = 0.07201355549279864
10752/16384
mean(sgnprob[1:i - 1]) = 0.07338852199795368
10880/16384
mean(sgnprob[1:i - 1]) = 0.07491497380273922
11008/16384
mean(sgnprob[1:i - 1]) = 0.07259016989188698
11136/16384
mean(sgnprob[1:i - 1]) = 0.0694207453973956
11264/16384
mean(sgnprob[1:i - 1]) = 0.06845423066678505
11392/16384
mean(sgnprob[1:i - 1]) = 0.06996751821613555
11520/16384
mean(sgnprob[1:i - 1]) = 0.06571751020053825
11648/16384
mean(sgnprob[1:i - 1]) = 0.06877307461148793
11776/16384
mean(sgnprob[1:i - 1]) = 0.06921443736730361
11904/16384
mean(sgnprob[1:i - 1]) = 0.06494161135848106
12032/16384
mean(sgnprob[1:i - 1]) = 0.06657800681572604
12160/16384
mean(sgnprob[1:i - 1]) = 0.06439674315321983
12288/16384
mean(sgnprob[1:i - 1]) = 0.061447057866037276
12416/16384
mean(sgnprob[1:i - 1]) = 0.06290777285541684
12544/16384
mean(sgnprob[1:i - 1]) = 0.059714581838475646
12672/16384
mean(sgnprob[1:i - 1]) = 0.05958487885723305
12800/16384
mean(sgnprob[1:i - 1]) = 0.061020392218142046
12928/16384
mean(sgnprob[1:i - 1]) = 0.06412934168793998
13056/16384
mean(sgnprob[1:i - 1]) = 0.061355802374569134
13184/16384
mean(sgnprob[1:i - 1]) = 0.058787832814989
13312/16384
mean(sgnprob[1:i - 1]) = 0.059574787769513936
13440/16384
mean(sgnprob[1:i - 1]) = 0.060495572587246076
13568/16384
mean(sgnprob[1:i - 1]) = 0.05712390358959239
13696/16384
mean(sgnprob[1:i - 1]) = 0.05629791894852136
13824/16384
mean(sgnprob[1:i - 1]) = 0.052882876365477824
13952/16384
mean(sgnprob[1:i - 1]) = 0.05440470217188732
14080/16384
mean(sgnprob[1:i - 1]) = 0.056467078627743444
14208/16384
mean(sgnprob[1:i - 1]) = 0.05469134933483494
14336/16384
mean(sgnprob[1:i - 1]) = 0.05545866759679107
14464/16384
mean(sgnprob[1:i - 1]) = 0.05289359054138146
14592/16384
mean(sgnprob[1:i - 1]) = 0.05489685422520732
14720/16384
mean(sgnprob[1:i - 1]) = 0.0564576397853115
14848/16384
mean(sgnprob[1:i - 1]) = 0.05799151343705799
14976/16384
mean(sgnprob[1:i - 1]) = 0.05549248747913189
15104/16384
mean(sgnprob[1:i - 1]) = 0.05727338939283586
15232/16384
mean(sgnprob[1:i - 1]) = 0.058367802508042806
15360/16384
mean(sgnprob[1:i - 1]) = 0.05540725307637216
15488/16384
mean(sgnprob[1:i - 1]) = 0.056498999160586295
15616/16384
mean(sgnprob[1:i - 1]) = 0.05385846942042907
15744/16384
mean(sgnprob[1:i - 1]) = 0.054945054945054944
15872/16384
mean(sgnprob[1:i - 1]) = 0.05639216180454918
16000/16384
mean(sgnprob[1:i - 1]) = 0.054190886930433155
16128/16384
mean(sgnprob[1:i - 1]) = 0.05140447696409747
16256/16384
mean(sgnprob[1:i - 1]) = 0.05235312211627192
16384/16384
mean(sgnprob[1:i - 1]) = 0.05426356589147287
755.978329 seconds (167.10 M allocations: 70.745 GiB, 2.10% gc time, 1.33% compilation time)
