## SLURM PROLOG ###############################################################
##    Job ID : 8822294
##  Job Name : sbatch_etgent.sh
##  Nodelist : node1754
##      CPUs : 8
##  Mem/Node : 4096 MB
## Directory : /oscar/home/trazzaz/AFQMC
##   Job Started : Thu Feb 27 06:52:34 PM EST 2025
###############################################################################
seed = 1289
U = 2.0
β = 6.0
Warming up
128/1024
256/1024
384/1024
512/1024
640/1024
768/1024
896/1024
1024/1024
Measuring
128/16384
mean(sgnprob[1:i - 1]) = -0.2755905511811024
256/16384
mean(sgnprob[1:i - 1]) = -0.2549019607843137
384/16384
mean(sgnprob[1:i - 1]) = -0.08093994778067885
512/16384
mean(sgnprob[1:i - 1]) = -0.11545988258317025
640/16384
mean(sgnprob[1:i - 1]) = -0.11424100156494522
768/16384
mean(sgnprob[1:i - 1]) = -0.05867014341590613
896/16384
mean(sgnprob[1:i - 1]) = -0.08826815642458101
1024/16384
mean(sgnprob[1:i - 1]) = -0.04398826979472141
1152/16384
mean(sgnprob[1:i - 1]) = -0.02693310165073849
1280/16384
mean(sgnprob[1:i - 1]) = -0.05707584050039093
1408/16384
mean(sgnprob[1:i - 1]) = -0.013503909026297086
1536/16384
mean(sgnprob[1:i - 1]) = -0.03973941368078176
1664/16384
mean(sgnprob[1:i - 1]) = -0.007817197835237523
1792/16384
mean(sgnprob[1:i - 1]) = 0.01619207146845338
1920/16384
mean(sgnprob[1:i - 1]) = -0.011985409067222511
2048/16384
mean(sgnprob[1:i - 1]) = -0.004396678065461651
2176/16384
mean(sgnprob[1:i - 1]) = -0.022528735632183907
2304/16384
mean(sgnprob[1:i - 1]) = -0.03430308293530178
2432/16384
mean(sgnprob[1:i - 1]) = -0.05059646236116824
2560/16384
mean(sgnprob[1:i - 1]) = -0.03399765533411489
2688/16384
mean(sgnprob[1:i - 1]) = -0.023446222553033122
2816/16384
mean(sgnprob[1:i - 1]) = -0.03801065719360568
2944/16384
mean(sgnprob[1:i - 1]) = -0.030241250424736663
3072/16384
mean(sgnprob[1:i - 1]) = -0.01986323673070661
3200/16384
mean(sgnprob[1:i - 1]) = -0.025945608002500783
3328/16384
mean(sgnprob[1:i - 1]) = -0.011722272317403066
3456/16384
mean(sgnprob[1:i - 1]) = 0.001447178002894356
3584/16384
mean(sgnprob[1:i - 1]) = 0.01590845660061401
3712/16384
mean(sgnprob[1:i - 1]) = 0.007814605227701428
3840/16384
mean(sgnprob[1:i - 1]) = 0.01015889554571503
3968/16384
mean(sgnprob[1:i - 1]) = 0.0037811948575749935
4096/16384
mean(sgnprob[1:i - 1]) = 0.01098901098901099
4224/16384
mean(sgnprob[1:i - 1]) = 0.0007103954534690978
4352/16384
mean(sgnprob[1:i - 1]) = 0.004826476672029419
4480/16384
mean(sgnprob[1:i - 1]) = 0.01183299843715115
4608/16384
mean(sgnprob[1:i - 1]) = 0.021054916431517256
4736/16384
mean(sgnprob[1:i - 1]) = 0.02470960929250264
4864/16384
mean(sgnprob[1:i - 1]) = 0.017067653711700596
4992/16384
mean(sgnprob[1:i - 1]) = 0.025045081146062912
5120/16384
mean(sgnprob[1:i - 1]) = 0.032232857980074234
5248/16384
mean(sgnprob[1:i - 1]) = 0.024204307223175146
5376/16384
mean(sgnprob[1:i - 1]) = 0.030325581395348838
5504/16384
mean(sgnprob[1:i - 1]) = 0.038342722151553696
5632/16384
mean(sgnprob[1:i - 1]) = 0.043509145800035516
5760/16384
mean(sgnprob[1:i - 1]) = 0.04948775829137003
5888/16384
mean(sgnprob[1:i - 1]) = 0.04399524375743163
6016/16384
mean(sgnprob[1:i - 1]) = 0.03973399833748961
6144/16384
mean(sgnprob[1:i - 1]) = 0.04053394107113788
6272/16384
mean(sgnprob[1:i - 1]) = 0.04417158347950885
6400/16384
mean(sgnprob[1:i - 1]) = 0.05141428348179403
6528/16384
mean(sgnprob[1:i - 1]) = 0.055002298146162094
6656/16384
mean(sgnprob[1:i - 1]) = 0.05905334335086401
6784/16384
mean(sgnprob[1:i - 1]) = 0.059708093763821316
6912/16384
mean(sgnprob[1:i - 1]) = 0.05484010996961366
7040/16384
mean(sgnprob[1:i - 1]) = 0.057536581900838185
7168/16384
mean(sgnprob[1:i - 1]) = 0.059578624250034885
7296/16384
mean(sgnprob[1:i - 1]) = 0.05305003427004798
7424/16384
mean(sgnprob[1:i - 1]) = 0.048093762629664555
7552/16384
mean(sgnprob[1:i - 1]) = 0.05178122103032711
7680/16384
mean(sgnprob[1:i - 1]) = 0.056648001041802315
7808/16384
mean(sgnprob[1:i - 1]) = 0.05187652107083387
7936/16384
mean(sgnprob[1:i - 1]) = 0.056332703213610585
8064/16384
mean(sgnprob[1:i - 1]) = 0.05816693538385216
8192/16384
mean(sgnprob[1:i - 1]) = 0.060920522524722256
8320/16384
mean(sgnprob[1:i - 1]) = 0.05589614136314461
8448/16384
mean(sgnprob[1:i - 1]) = 0.05812714573221262
8576/16384
mean(sgnprob[1:i - 1]) = 0.05422740524781341
8704/16384
mean(sgnprob[1:i - 1]) = 0.05044237619211766
8832/16384
mean(sgnprob[1:i - 1]) = 0.05424074283773072
8960/16384
mean(sgnprob[1:i - 1]) = 0.057930572608550064
9088/16384
mean(sgnprob[1:i - 1]) = 0.06063607351160999
9216/16384
mean(sgnprob[1:i - 1]) = 0.06261530113944655
9344/16384
mean(sgnprob[1:i - 1]) = 0.05833244139997859
9472/16384
mean(sgnprob[1:i - 1]) = 0.06218984267764756
9600/16384
mean(sgnprob[1:i - 1]) = 0.0567767475778727
9728/16384
mean(sgnprob[1:i - 1]) = 0.05356224940886193
9856/16384
mean(sgnprob[1:i - 1]) = 0.05550481988838153
9984/16384
mean(sgnprob[1:i - 1]) = 0.05118701793048182
10112/16384
mean(sgnprob[1:i - 1]) = 0.054099495598852736
10240/16384
mean(sgnprob[1:i - 1]) = 0.05732981736497705
10368/16384
mean(sgnprob[1:i - 1]) = 0.06028745056429054
10496/16384
mean(sgnprob[1:i - 1]) = 0.05669366364935684
10624/16384
mean(sgnprob[1:i - 1]) = 0.052245128494775486
10752/16384
mean(sgnprob[1:i - 1]) = 0.04864663752209097
10880/16384
mean(sgnprob[1:i - 1]) = 0.05119955878297638
11008/16384
mean(sgnprob[1:i - 1]) = 0.04787862269464886
11136/16384
mean(sgnprob[1:i - 1]) = 0.048405927256398744
11264/16384
mean(sgnprob[1:i - 1]) = 0.050519399804670156
11392/16384
mean(sgnprob[1:i - 1]) = 0.04591344043543148
11520/16384
mean(sgnprob[1:i - 1]) = 0.047139508637902595
11648/16384
mean(sgnprob[1:i - 1]) = 0.050227526401648494
11776/16384
mean(sgnprob[1:i - 1]) = 0.05409766454352442
11904/16384
mean(sgnprob[1:i - 1]) = 0.05620431823909939
12032/16384
mean(sgnprob[1:i - 1]) = 0.05344526639514587
12160/16384
mean(sgnprob[1:i - 1]) = 0.04877045809688297
12288/16384
mean(sgnprob[1:i - 1]) = 0.05021567510376821
12416/16384
mean(sgnprob[1:i - 1]) = 0.0522754732178816
12544/16384
mean(sgnprob[1:i - 1]) = 0.05477158574503707
12672/16384
mean(sgnprob[1:i - 1]) = 0.056585904822034565
12800/16384
mean(sgnprob[1:i - 1]) = 0.058051410266427066
12928/16384
mean(sgnprob[1:i - 1]) = 0.061189757871122456
13056/16384
mean(sgnprob[1:i - 1]) = 0.06365377250095748
13184/16384
mean(sgnprob[1:i - 1]) = 0.05893954335128575
13312/16384
mean(sgnprob[1:i - 1]) = 0.059574787769513936
13440/16384
mean(sgnprob[1:i - 1]) = 0.06243024034526379
13568/16384
mean(sgnprob[1:i - 1]) = 0.06346281418146975
13696/16384
mean(sgnprob[1:i - 1]) = 0.06535231836436656
13824/16384
mean(sgnprob[1:i - 1]) = 0.0663387108442451
13952/16384
mean(sgnprob[1:i - 1]) = 0.06429646620313956
14080/16384
mean(sgnprob[1:i - 1]) = 0.06655302223169259
14208/16384
mean(sgnprob[1:i - 1]) = 0.06341944112057436
14336/16384
mean(sgnprob[1:i - 1]) = 0.06159748866410882
14464/16384
mean(sgnprob[1:i - 1]) = 0.06229689552651594
14592/16384
mean(sgnprob[1:i - 1]) = 0.06312110204920841
14720/16384
mean(sgnprob[1:i - 1]) = 0.06515388273659896
14848/16384
mean(sgnprob[1:i - 1]) = 0.06728632046878157
14976/16384
mean(sgnprob[1:i - 1]) = 0.06524207011686144
15104/16384
mean(sgnprob[1:i - 1]) = 0.06641064689134608
15232/16384
mean(sgnprob[1:i - 1]) = 0.06847876042282187
15360/16384
mean(sgnprob[1:i - 1]) = 0.06973110228530503
15488/16384
mean(sgnprob[1:i - 1]) = 0.0722541486407955
15616/16384
mean(sgnprob[1:i - 1]) = 0.07345501120717259
15744/16384
mean(sgnprob[1:i - 1]) = 0.07450930572317856
15872/16384
mean(sgnprob[1:i - 1]) = 0.0763026904416861
16000/16384
mean(sgnprob[1:i - 1]) = 0.07919244952809551
16128/16384
mean(sgnprob[1:i - 1]) = 0.07558752402802753
16256/16384
mean(sgnprob[1:i - 1]) = 0.0775761304214088
16384/16384
mean(sgnprob[1:i - 1]) = 0.07867911859854727
744.712449 seconds (167.11 M allocations: 70.745 GiB, 1.79% gc time, 1.37% compilation time)
