## SLURM PROLOG ###############################################################
##    Job ID : 8822335
##  Job Name : sbatch_etgent.sh
##  Nodelist : node1751
##      CPUs : 8
##  Mem/Node : 4096 MB
## Directory : /oscar/home/trazzaz/AFQMC
##   Job Started : Thu Feb 27 08:08:31 PM EST 2025
###############################################################################
seed = 1330
U = 2.0
β = 6.0
Warming up
128/1024
256/1024
384/1024
512/1024
640/1024
768/1024
896/1024
1024/1024
Measuring
128/16384
mean(sgnprob[1:i - 1]) = 0.11811023622047244
256/16384
mean(sgnprob[1:i - 1]) = 0.19215686274509805
384/16384
mean(sgnprob[1:i - 1]) = 0.06005221932114883
512/16384
mean(sgnprob[1:i - 1]) = -0.009784735812133072
640/16384
mean(sgnprob[1:i - 1]) = 0.0297339593114241
768/16384
mean(sgnprob[1:i - 1]) = 0.07431551499348109
896/16384
mean(sgnprob[1:i - 1]) = 0.10614525139664804
1024/16384
mean(sgnprob[1:i - 1]) = 0.0967741935483871
1152/16384
mean(sgnprob[1:i - 1]) = 0.1103388357949609
1280/16384
mean(sgnprob[1:i - 1]) = 0.12118842845973417
1408/16384
mean(sgnprob[1:i - 1]) = 0.12437810945273632
1536/16384
mean(sgnprob[1:i - 1]) = 0.11921824104234528
1664/16384
mean(sgnprob[1:i - 1]) = 0.11365003006614552
1792/16384
mean(sgnprob[1:i - 1]) = 0.12562814070351758
1920/16384
mean(sgnprob[1:i - 1]) = 0.12454403335070349
2048/16384
mean(sgnprob[1:i - 1]) = 0.13238886174890083
2176/16384
mean(sgnprob[1:i - 1]) = 0.10988505747126437
2304/16384
mean(sgnprob[1:i - 1]) = 0.10811984368215372
2432/16384
mean(sgnprob[1:i - 1]) = 0.11723570547099958
2560/16384
mean(sgnprob[1:i - 1]) = 0.09886674482219616
2688/16384
mean(sgnprob[1:i - 1]) = 0.09862299962783774
2816/16384
mean(sgnprob[1:i - 1]) = 0.108348134991119
2944/16384
mean(sgnprob[1:i - 1]) = 0.11722731906218145
3072/16384
mean(sgnprob[1:i - 1]) = 0.10713122761315533
3200/16384
mean(sgnprob[1:i - 1]) = 0.10409502969678025
3328/16384
mean(sgnprob[1:i - 1]) = 0.11030958821761347
3456/16384
mean(sgnprob[1:i - 1]) = 0.11085383502170768
3584/16384
mean(sgnprob[1:i - 1]) = 0.12140664247837007
3712/16384
mean(sgnprob[1:i - 1]) = 0.12153058474804634
3840/16384
mean(sgnprob[1:i - 1]) = 0.1268559520708518
3968/16384
mean(sgnprob[1:i - 1]) = 0.11721704058482481
4096/16384
mean(sgnprob[1:i - 1]) = 0.10573870573870574
4224/16384
mean(sgnprob[1:i - 1]) = 0.0982713710632252
4352/16384
mean(sgnprob[1:i - 1]) = 0.09124339232360378
4480/16384
mean(sgnprob[1:i - 1]) = 0.09176155391828533
4608/16384
mean(sgnprob[1:i - 1]) = 0.08226611677881485
4736/16384
mean(sgnprob[1:i - 1]) = 0.08891235480464625
4864/16384
mean(sgnprob[1:i - 1]) = 0.09438618136952498
4992/16384
mean(sgnprob[1:i - 1]) = 0.10078140653175716
5120/16384
mean(sgnprob[1:i - 1]) = 0.10373119749951162
5248/16384
mean(sgnprob[1:i - 1]) = 0.09510196302649133
5376/16384
mean(sgnprob[1:i - 1]) = 0.09134883720930233
5504/16384
mean(sgnprob[1:i - 1]) = 0.09540250772306015
5632/16384
mean(sgnprob[1:i - 1]) = 0.08648552654945836
5760/16384
mean(sgnprob[1:i - 1]) = 0.07935405452335476
5888/16384
mean(sgnprob[1:i - 1]) = 0.07321216239171055
6016/16384
mean(sgnprob[1:i - 1]) = 0.07531172069825437
6144/16384
mean(sgnprob[1:i - 1]) = 0.06951001139508384
6272/16384
mean(sgnprob[1:i - 1]) = 0.0668154999202679
6400/16384
mean(sgnprob[1:i - 1]) = 0.060790748554461635
6528/16384
mean(sgnprob[1:i - 1]) = 0.06480772177110464
6656/16384
mean(sgnprob[1:i - 1]) = 0.07107438016528926
6784/16384
mean(sgnprob[1:i - 1]) = 0.07061772077251953
6912/16384
mean(sgnprob[1:i - 1]) = 0.0649688901750832
7040/16384
mean(sgnprob[1:i - 1]) = 0.06804943884074442
7168/16384
mean(sgnprob[1:i - 1]) = 0.07157806613645877
7296/16384
mean(sgnprob[1:i - 1]) = 0.07717614804660726
7424/16384
mean(sgnprob[1:i - 1]) = 0.07234271857739459
7552/16384
mean(sgnprob[1:i - 1]) = 0.06661369355052311
7680/16384
mean(sgnprob[1:i - 1]) = 0.06420106784737596
7808/16384
mean(sgnprob[1:i - 1]) = 0.06775970283079288
7936/16384
mean(sgnprob[1:i - 1]) = 0.06918714555765595
8064/16384
mean(sgnprob[1:i - 1]) = 0.07404191988093761
8192/16384
mean(sgnprob[1:i - 1]) = 0.068978146746429
8320/16384
mean(sgnprob[1:i - 1]) = 0.06479144127899988
8448/16384
mean(sgnprob[1:i - 1]) = 0.06854504557831183
8576/16384
mean(sgnprob[1:i - 1]) = 0.0707871720116618
8704/16384
mean(sgnprob[1:i - 1]) = 0.0731931517867402
8832/16384
mean(sgnprob[1:i - 1]) = 0.07598233495640358
8960/16384
mean(sgnprob[1:i - 1]) = 0.07869181828329054
9088/16384
mean(sgnprob[1:i - 1]) = 0.0828656322218554
9216/16384
mean(sgnprob[1:i - 1]) = 0.08475311991318503
9344/16384
mean(sgnprob[1:i - 1]) = 0.08658889007813336
9472/16384
mean(sgnprob[1:i - 1]) = 0.0866856720515257
9600/16384
mean(sgnprob[1:i - 1]) = 0.08365454734868215
9728/16384
mean(sgnprob[1:i - 1]) = 0.08625475480620952
9856/16384
mean(sgnprob[1:i - 1]) = 0.08858447488584476
9984/16384
mean(sgnprob[1:i - 1]) = 0.08905138735850947
10112/16384
mean(sgnprob[1:i - 1]) = 0.08535258629215706
10240/16384
mean(sgnprob[1:i - 1]) = 0.08780154311944526
10368/16384
mean(sgnprob[1:i - 1]) = 0.08903250699334427
10496/16384
mean(sgnprob[1:i - 1]) = 0.09080514530728918
10624/16384
mean(sgnprob[1:i - 1]) = 0.0917819824908218
10752/16384
mean(sgnprob[1:i - 1]) = 0.09478188075527857
10880/16384
mean(sgnprob[1:i - 1]) = 0.09660814413089439
11008/16384
mean(sgnprob[1:i - 1]) = 0.0973017170891251
11136/16384
mean(sgnprob[1:i - 1]) = 0.09977548271216884
11264/16384
mean(sgnprob[1:i - 1]) = 0.09562283583414721
11392/16384
mean(sgnprob[1:i - 1]) = 0.0978842946185585
11520/16384
mean(sgnprob[1:i - 1]) = 0.0983592325722719
11648/16384
mean(sgnprob[1:i - 1]) = 0.09624796084828711
11776/16384
mean(sgnprob[1:i - 1]) = 0.09537154989384289
11904/16384
mean(sgnprob[1:i - 1]) = 0.09669831135007981
12032/16384
mean(sgnprob[1:i - 1]) = 0.09733189261075555
12160/16384
mean(sgnprob[1:i - 1]) = 0.09778764701044494
12288/16384
mean(sgnprob[1:i - 1]) = 0.09904777407015544
12416/16384
mean(sgnprob[1:i - 1]) = 0.09625453080950463
12544/16384
mean(sgnprob[1:i - 1]) = 0.09575061787451168
12672/16384
mean(sgnprob[1:i - 1]) = 0.0973088154052561
12800/16384
mean(sgnprob[1:i - 1]) = 0.09461676693491679
12928/16384
mean(sgnprob[1:i - 1]) = 0.09646476367293262
13056/16384
mean(sgnprob[1:i - 1]) = 0.09306779011872846
13184/16384
mean(sgnprob[1:i - 1]) = 0.09049533490100888
13312/16384
mean(sgnprob[1:i - 1]) = 0.08782210202088499
13440/16384
mean(sgnprob[1:i - 1]) = 0.08906912716719995
13568/16384
mean(sgnprob[1:i - 1]) = 0.09102970442986659
13696/16384
mean(sgnprob[1:i - 1]) = 0.09324571011317999
13824/16384
mean(sgnprob[1:i - 1]) = 0.0941184981552485
13952/16384
mean(sgnprob[1:i - 1]) = 0.09397175829689627
14080/16384
mean(sgnprob[1:i - 1]) = 0.09396974216918816
14208/16384
mean(sgnprob[1:i - 1]) = 0.09072992186950095
14336/16384
mean(sgnprob[1:i - 1]) = 0.09075688873386815
14464/16384
mean(sgnprob[1:i - 1]) = 0.08829426813247597
14592/16384
mean(sgnprob[1:i - 1]) = 0.09094647385374546
14720/16384
mean(sgnprob[1:i - 1]) = 0.09137849038657518
14848/16384
mean(sgnprob[1:i - 1]) = 0.09234188724994949
14976/16384
mean(sgnprob[1:i - 1]) = 0.09435726210350584
15104/16384
mean(sgnprob[1:i - 1]) = 0.09647089982122757
15232/16384
mean(sgnprob[1:i - 1]) = 0.09736721160790493
15360/16384
mean(sgnprob[1:i - 1]) = 0.09330034507454912
15488/16384
mean(sgnprob[1:i - 1]) = 0.09097953121973268
15616/16384
mean(sgnprob[1:i - 1]) = 0.08856868395773294
15744/16384
mean(sgnprob[1:i - 1]) = 0.08937305469097377
15872/16384
mean(sgnprob[1:i - 1]) = 0.0899124188771974
16000/16384
mean(sgnprob[1:i - 1]) = 0.08956809800612538
16128/16384
mean(sgnprob[1:i - 1]) = 0.09046939914429218
16256/16384
mean(sgnprob[1:i - 1]) = 0.08914180252230083
16384/16384
mean(sgnprob[1:i - 1]) = 0.0899102728438015
733.947012 seconds (167.11 M allocations: 70.745 GiB, 1.36% gc time, 1.21% compilation time)
