## SLURM PROLOG ###############################################################
##    Job ID : 8833929
##  Job Name : sbatch_etgent.sh
##  Nodelist : node1322
##      CPUs : 8
##  Mem/Node : 4096 MB
## Directory : /oscar/home/trazzaz/AFQMC
##   Job Started : Fri Feb 28 02:12:45 AM EST 2025
###############################################################################
seed = 1483
U = 2.0
β = 6.0
Warming up
128/1024
256/1024
384/1024
512/1024
640/1024
768/1024
896/1024
1024/1024
Measuring
128/16384
mean(sgnprob[1:i - 1]) = 0.30708661417322836
256/16384
mean(sgnprob[1:i - 1]) = 0.27058823529411763
384/16384
mean(sgnprob[1:i - 1]) = 0.2584856396866841
512/16384
mean(sgnprob[1:i - 1]) = 0.2759295499021526
640/16384
mean(sgnprob[1:i - 1]) = 0.1705790297339593
768/16384
mean(sgnprob[1:i - 1]) = 0.21251629726205998
896/16384
mean(sgnprob[1:i - 1]) = 0.19776536312849163
1024/16384
mean(sgnprob[1:i - 1]) = 0.2101661779081134
1152/16384
mean(sgnprob[1:i - 1]) = 0.21285838401390095
1280/16384
mean(sgnprob[1:i - 1]) = 0.22126661454261143
1408/16384
mean(sgnprob[1:i - 1]) = 0.2267235252309879
1536/16384
mean(sgnprob[1:i - 1]) = 0.1778501628664495
1664/16384
mean(sgnprob[1:i - 1]) = 0.15093205051112446
1792/16384
mean(sgnprob[1:i - 1]) = 0.12339475153545505
1920/16384
mean(sgnprob[1:i - 1]) = 0.12975508077123502
2048/16384
mean(sgnprob[1:i - 1]) = 0.13922813873961895
2176/16384
mean(sgnprob[1:i - 1]) = 0.11080459770114942
2304/16384
mean(sgnprob[1:i - 1]) = 0.0985670864090317
2432/16384
mean(sgnprob[1:i - 1]) = 0.07939119703825587
2560/16384
mean(sgnprob[1:i - 1]) = 0.06369675654552559
2688/16384
mean(sgnprob[1:i - 1]) = 0.0673613695571269
2816/16384
mean(sgnprob[1:i - 1]) = 0.08348134991119005
2944/16384
mean(sgnprob[1:i - 1]) = 0.09412164458036018
3072/16384
mean(sgnprob[1:i - 1]) = 0.08042982741777922
3200/16384
mean(sgnprob[1:i - 1]) = 0.08658955923726164
3328/16384
mean(sgnprob[1:i - 1]) = 0.10009017132551848
3456/16384
mean(sgnprob[1:i - 1]) = 0.08422575976845152
3584/16384
mean(sgnprob[1:i - 1]) = 0.09238068657549539
3712/16384
mean(sgnprob[1:i - 1]) = 0.09835623821072487
3840/16384
mean(sgnprob[1:i - 1]) = 0.08726230789268039
3968/16384
mean(sgnprob[1:i - 1]) = 0.09352155281068818
4096/16384
mean(sgnprob[1:i - 1]) = 0.08131868131868132
4224/16384
mean(sgnprob[1:i - 1]) = 0.07080274686242008
4352/16384
mean(sgnprob[1:i - 1]) = 0.07607446564008274
4480/16384
mean(sgnprob[1:i - 1]) = 0.07568653717347622
4608/16384
mean(sgnprob[1:i - 1]) = 0.0792272628608639
4736/16384
mean(sgnprob[1:i - 1]) = 0.08130939809926083
4864/16384
mean(sgnprob[1:i - 1]) = 0.0873946123791898
4992/16384
mean(sgnprob[1:i - 1]) = 0.090763374073332
5120/16384
mean(sgnprob[1:i - 1]) = 0.09201015823403008
5248/16384
mean(sgnprob[1:i - 1]) = 0.08137983609681723
5376/16384
mean(sgnprob[1:i - 1]) = 0.08613953488372093
5504/16384
mean(sgnprob[1:i - 1]) = 0.09176812647646738
5632/16384
mean(sgnprob[1:i - 1]) = 0.08364411294619073
5760/16384
mean(sgnprob[1:i - 1]) = 0.09255079006772009
5888/16384
mean(sgnprob[1:i - 1]) = 0.09597418039748598
6016/16384
mean(sgnprob[1:i - 1]) = 0.0886118038237739
6144/16384
mean(sgnprob[1:i - 1]) = 0.09132345759400944
6272/16384
mean(sgnprob[1:i - 1]) = 0.09456227077021209
6400/16384
mean(sgnprob[1:i - 1]) = 0.08391936240037506
6528/16384
mean(sgnprob[1:i - 1]) = 0.08595066646238701
6656/16384
mean(sgnprob[1:i - 1]) = 0.07618332081141999
6784/16384
mean(sgnprob[1:i - 1]) = 0.07680967123691582
6912/16384
mean(sgnprob[1:i - 1]) = 0.07046737085805238
7040/16384
mean(sgnprob[1:i - 1]) = 0.07287967040772837
7168/16384
mean(sgnprob[1:i - 1]) = 0.06878749825589507
7296/16384
mean(sgnprob[1:i - 1]) = 0.07251542152159013
7424/16384
mean(sgnprob[1:i - 1]) = 0.06722349454398491
7552/16384
mean(sgnprob[1:i - 1]) = 0.06952721493841875
7680/16384
mean(sgnprob[1:i - 1]) = 0.062377913790858185
7808/16384
mean(sgnprob[1:i - 1]) = 0.05700012809017548
7936/16384
mean(sgnprob[1:i - 1]) = 0.06086956521739131
8064/16384
mean(sgnprob[1:i - 1]) = 0.06436810120302616
8192/16384
mean(sgnprob[1:i - 1]) = 0.06702478329874252
8320/16384
mean(sgnprob[1:i - 1]) = 0.07056136554874384
8448/16384
mean(sgnprob[1:i - 1]) = 0.07185983189297976
8576/16384
mean(sgnprob[1:i - 1]) = 0.07638483965014577
8704/16384
mean(sgnprob[1:i - 1]) = 0.0731931517867402
8832/16384
mean(sgnprob[1:i - 1]) = 0.07507643528479221
8960/16384
mean(sgnprob[1:i - 1]) = 0.07601294787364661
9088/16384
mean(sgnprob[1:i - 1]) = 0.0793441179707274
9216/16384
mean(sgnprob[1:i - 1]) = 0.08214867064568639
9344/16384
mean(sgnprob[1:i - 1]) = 0.07738413785721932
9472/16384
mean(sgnprob[1:i - 1]) = 0.07781649245063879
9600/16384
mean(sgnprob[1:i - 1]) = 0.08052922179393687
9728/16384
mean(sgnprob[1:i - 1]) = 0.08049758404441246
9856/16384
mean(sgnprob[1:i - 1]) = 0.08432267884322679
9984/16384
mean(sgnprob[1:i - 1]) = 0.08845036562155664
10112/16384
mean(sgnprob[1:i - 1]) = 0.09108891306497874
10240/16384
mean(sgnprob[1:i - 1]) = 0.09248950092782499
10368/16384
mean(sgnprob[1:i - 1]) = 0.09269798398765312
10496/16384
mean(sgnprob[1:i - 1]) = 0.09537875178656503
10624/16384
mean(sgnprob[1:i - 1]) = 0.09648875082368445
10752/16384
mean(sgnprob[1:i - 1]) = 0.09813040647381639
10880/16384
mean(sgnprob[1:i - 1]) = 0.0999172718080706
11008/16384
mean(sgnprob[1:i - 1]) = 0.0967566094303625
11136/16384
mean(sgnprob[1:i - 1]) = 0.09977548271216884
11264/16384
mean(sgnprob[1:i - 1]) = 0.10219302139749623
11392/16384
mean(sgnprob[1:i - 1]) = 0.10490738302168379
11520/16384
mean(sgnprob[1:i - 1]) = 0.10078999913186909
11648/16384
mean(sgnprob[1:i - 1]) = 0.1034601184854469
11776/16384
mean(sgnprob[1:i - 1]) = 0.10420382165605095
11904/16384
mean(sgnprob[1:i - 1]) = 0.1015710325128119
12032/16384
mean(sgnprob[1:i - 1]) = 0.10364890699027512
12160/16384
mean(sgnprob[1:i - 1]) = 0.09926803191051896
12288/16384
mean(sgnprob[1:i - 1]) = 0.10034996337592578
12416/16384
mean(sgnprob[1:i - 1]) = 0.10173177607732582
12544/16384
mean(sgnprob[1:i - 1]) = 0.09734513274336283
12672/16384
mean(sgnprob[1:i - 1]) = 0.0984137005761187
12800/16384
mean(sgnprob[1:i - 1]) = 0.09946089538245176
12928/16384
mean(sgnprob[1:i - 1]) = 0.10126092674247698
13056/16384
mean(sgnprob[1:i - 1]) = 0.102106472615856
13184/16384
mean(sgnprob[1:i - 1]) = 0.10339073048623226
13312/16384
mean(sgnprob[1:i - 1]) = 0.10480054090601758
13440/16384
mean(sgnprob[1:i - 1]) = 0.10737406056998289
13568/16384
mean(sgnprob[1:i - 1]) = 0.10577135696911624
13696/16384
mean(sgnprob[1:i - 1]) = 0.10186199342825848
13824/16384
mean(sgnprob[1:i - 1]) = 0.10251030890544745
13952/16384
mean(sgnprob[1:i - 1]) = 0.10257329223711562
14080/16384
mean(sgnprob[1:i - 1]) = 0.09879963065558633
14208/16384
mean(sgnprob[1:i - 1]) = 0.09931723798127684
14336/16384
mean(sgnprob[1:i - 1]) = 0.10052319497732821
14464/16384
mean(sgnprob[1:i - 1]) = 0.09617645025236811
14592/16384
mean(sgnprob[1:i - 1]) = 0.09807415530121308
14720/16384
mean(sgnprob[1:i - 1]) = 0.0981724301922685
14848/16384
mean(sgnprob[1:i - 1]) = 0.09921196201252779
14976/16384
mean(sgnprob[1:i - 1]) = 0.1011686143572621
15104/16384
mean(sgnprob[1:i - 1]) = 0.10269482884195193
15232/16384
mean(sgnprob[1:i - 1]) = 0.10288227956142079
15360/16384
mean(sgnprob[1:i - 1]) = 0.09929031838010287
15488/16384
mean(sgnprob[1:i - 1]) = 0.10143991735003552
15616/16384
mean(sgnprob[1:i - 1]) = 0.10188920909382004
15744/16384
mean(sgnprob[1:i - 1]) = 0.09940926125897225
15872/16384
mean(sgnprob[1:i - 1]) = 0.0970953311070506
16000/16384
mean(sgnprob[1:i - 1]) = 0.09406837927370461
16128/16384
mean(sgnprob[1:i - 1]) = 0.0948099460532027
16256/16384
mean(sgnprob[1:i - 1]) = 0.09652414641648724
16384/16384
mean(sgnprob[1:i - 1]) = 0.09711286089238845
813.112441 seconds (167.11 M allocations: 70.745 GiB, 2.19% gc time, 1.34% compilation time)
