## SLURM PROLOG ###############################################################
##    Job ID : 8833995
##  Job Name : sbatch_etgent.sh
##  Nodelist : node1736
##      CPUs : 8
##  Mem/Node : 4096 MB
## Directory : /oscar/home/trazzaz/AFQMC
##   Job Started : Fri Feb 28 03:57:54 AM EST 2025
###############################################################################
seed = 1549
U = 2.0
β = 6.0
Warming up
128/1024
256/1024
384/1024
512/1024
640/1024
768/1024
896/1024
1024/1024
Measuring
128/16384
mean(sgnprob[1:i - 1]) = -0.1968503937007874
256/16384
mean(sgnprob[1:i - 1]) = -0.24705882352941178
384/16384
mean(sgnprob[1:i - 1]) = -0.1174934725848564
512/16384
mean(sgnprob[1:i - 1]) = -0.03718199608610567
640/16384
mean(sgnprob[1:i - 1]) = -0.07668231611893583
768/16384
mean(sgnprob[1:i - 1]) = -0.03259452411994785
896/16384
mean(sgnprob[1:i - 1]) = -0.04581005586592179
1024/16384
mean(sgnprob[1:i - 1]) = -0.010752688172043012
1152/16384
mean(sgnprob[1:i - 1]) = 0.016507384882710686
1280/16384
mean(sgnprob[1:i - 1]) = 0.033620015637216574
1408/16384
mean(sgnprob[1:i - 1]) = 0.006396588486140725
1536/16384
mean(sgnprob[1:i - 1]) = 0.026710097719869708
1664/16384
mean(sgnprob[1:i - 1]) = 0.007817197835237523
1792/16384
mean(sgnprob[1:i - 1]) = 0.01954215522054718
1920/16384
mean(sgnprob[1:i - 1]) = 0.03595622720166754
2048/16384
mean(sgnprob[1:i - 1]) = 0.0268685881778212
2176/16384
mean(sgnprob[1:i - 1]) = 0.03632183908045977
2304/16384
mean(sgnprob[1:i - 1]) = 0.04385584020842379
2432/16384
mean(sgnprob[1:i - 1]) = 0.04895104895104895
2560/16384
mean(sgnprob[1:i - 1]) = 0.03399765533411489
2688/16384
mean(sgnprob[1:i - 1]) = 0.018235950874581318
2816/16384
mean(sgnprob[1:i - 1]) = 0.028774422735346358
2944/16384
mean(sgnprob[1:i - 1]) = 0.03567787971457696
3072/16384
mean(sgnprob[1:i - 1]) = 0.04005210029306415
3200/16384
mean(sgnprob[1:i - 1]) = 0.0490778368240075
3328/16384
mean(sgnprob[1:i - 1]) = 0.06462278328824766
3456/16384
mean(sgnprob[1:i - 1]) = 0.06164978292329957
3584/16384
mean(sgnprob[1:i - 1]) = 0.06893664526932738
3712/16384
mean(sgnprob[1:i - 1]) = 0.05739692805173808
3840/16384
mean(sgnprob[1:i - 1]) = 0.060692888773118
3968/16384
mean(sgnprob[1:i - 1]) = 0.06680110915049156
4096/16384
mean(sgnprob[1:i - 1]) = 0.05641025641025641
4224/16384
mean(sgnprob[1:i - 1]) = 0.060383613544873316
4352/16384
mean(sgnprob[1:i - 1]) = 0.0664215122960239
4480/16384
mean(sgnprob[1:i - 1]) = 0.05737887921411029
4608/16384
mean(sgnprob[1:i - 1]) = 0.048404601693075755
4736/16384
mean(sgnprob[1:i - 1]) = 0.05174234424498416
4864/16384
mean(sgnprob[1:i - 1]) = 0.05243676742751388
4992/16384
mean(sgnprob[1:i - 1]) = 0.045882588659587255
5120/16384
mean(sgnprob[1:i - 1]) = 0.04903301426059777
5248/16384
mean(sgnprob[1:i - 1]) = 0.05355441204497808
5376/16384
mean(sgnprob[1:i - 1]) = 0.060837209302325584
5504/16384
mean(sgnprob[1:i - 1]) = 0.05178993276394694
5632/16384
mean(sgnprob[1:i - 1]) = 0.053809270111880664
5760/16384
mean(sgnprob[1:i - 1]) = 0.05434971349192568
5888/16384
mean(sgnprob[1:i - 1]) = 0.056225581790385594
6016/16384
mean(sgnprob[1:i - 1]) = 0.05569409808811305
6144/16384
mean(sgnprob[1:i - 1]) = 0.06006837050301156
6272/16384
mean(sgnprob[1:i - 1]) = 0.05182586509328656
6400/16384
mean(sgnprob[1:i - 1]) = 0.05547741834661666
6528/16384
mean(sgnprob[1:i - 1]) = 0.05837291251723609
6656/16384
mean(sgnprob[1:i - 1]) = 0.051840721262208865
6784/16384
mean(sgnprob[1:i - 1]) = 0.04614477369895326
6912/16384
mean(sgnprob[1:i - 1]) = 0.04847344812617566
7040/16384
mean(sgnprob[1:i - 1]) = 0.05043330018468532
7168/16384
mean(sgnprob[1:i - 1]) = 0.04450955769499093
7296/16384
mean(sgnprob[1:i - 1]) = 0.042631939684715556
7424/16384
mean(sgnprob[1:i - 1]) = 0.03920247878216355
7552/16384
mean(sgnprob[1:i - 1]) = 0.03377036154151768
7680/16384
mean(sgnprob[1:i - 1]) = 0.035811954681599166
7808/16384
mean(sgnprob[1:i - 1]) = 0.03881132317151274
7936/16384
mean(sgnprob[1:i - 1]) = 0.03163201008191557
8064/16384
mean(sgnprob[1:i - 1]) = 0.02691305965521518
8192/16384
mean(sgnprob[1:i - 1]) = 0.030399218654620926
8320/16384
mean(sgnprob[1:i - 1]) = 0.0330568577954081
8448/16384
mean(sgnprob[1:i - 1]) = 0.030898543861726056
8576/16384
mean(sgnprob[1:i - 1]) = 0.02857142857142857
8704/16384
mean(sgnprob[1:i - 1]) = 0.026772377341146732
8832/16384
mean(sgnprob[1:i - 1]) = 0.021854829577624277
8960/16384
mean(sgnprob[1:i - 1]) = 0.024891170889608214
9088/16384
mean(sgnprob[1:i - 1]) = 0.02079894354572466
9216/16384
mean(sgnprob[1:i - 1]) = 0.02311448724905046
9344/16384
mean(sgnprob[1:i - 1]) = 0.019372792464947018
9472/16384
mean(sgnprob[1:i - 1]) = 0.020166825044873826
9600/16384
mean(sgnprob[1:i - 1]) = 0.01781435566204813
9728/16384
mean(sgnprob[1:i - 1]) = 0.014290120283746273
9856/16384
mean(sgnprob[1:i - 1]) = 0.01836631151699645
9984/16384
mean(sgnprob[1:i - 1]) = 0.01672843834518682
10112/16384
mean(sgnprob[1:i - 1]) = 0.01354959944614776
10240/16384
mean(sgnprob[1:i - 1]) = 0.011426897157925579
10368/16384
mean(sgnprob[1:i - 1]) = 0.008006173434937784
10496/16384
mean(sgnprob[1:i - 1]) = 0.004478323010957599
10624/16384
mean(sgnprob[1:i - 1]) = 0.007436693965922997
10752/16384
mean(sgnprob[1:i - 1]) = 0.010510650172077016
10880/16384
mean(sgnprob[1:i - 1]) = 0.012041547936391213
11008/16384
mean(sgnprob[1:i - 1]) = 0.01426365040428818
11136/16384
mean(sgnprob[1:i - 1]) = 0.0162550516389762
11264/16384
mean(sgnprob[1:i - 1]) = 0.01855633490189115
11392/16384
mean(sgnprob[1:i - 1]) = 0.019928013343867967
11520/16384
mean(sgnprob[1:i - 1]) = 0.023352721590415834
11648/16384
mean(sgnprob[1:i - 1]) = 0.02137889585300936
11776/16384
mean(sgnprob[1:i - 1]) = 0.021995753715498938
11904/16384
mean(sgnprob[1:i - 1]) = 0.01923884734940771
12032/16384
mean(sgnprob[1:i - 1]) = 0.015875654559055773
12160/16384
mean(sgnprob[1:i - 1]) = 0.01488609260629986
12288/16384
mean(sgnprob[1:i - 1]) = 0.01310327988931391
12416/16384
mean(sgnprob[1:i - 1]) = 0.017156665324204592
12544/16384
mean(sgnprob[1:i - 1]) = 0.018735549709001036
12672/16384
mean(sgnprob[1:i - 1]) = 0.01570515350011838
12800/16384
mean(sgnprob[1:i - 1]) = 0.017892022814282364
12928/16384
mean(sgnprob[1:i - 1]) = 0.018643149996132126
13056/16384
mean(sgnprob[1:i - 1]) = 0.016315587897357334
13184/16384
mean(sgnprob[1:i - 1]) = 0.01357809299855875
13312/16384
mean(sgnprob[1:i - 1]) = 0.015400796333859214
13440/16384
mean(sgnprob[1:i - 1]) = 0.01778406131408587
13568/16384
mean(sgnprob[1:i - 1]) = 0.01511019385273089
13696/16384
mean(sgnprob[1:i - 1]) = 0.017743702081051478
13824/16384
mean(sgnprob[1:i - 1]) = 0.01960500614917167
13952/16384
mean(sgnprob[1:i - 1]) = 0.021575514300050176
14080/16384
mean(sgnprob[1:i - 1]) = 0.023510192485261736
14208/16384
mean(sgnprob[1:i - 1]) = 0.022453719997184488
14336/16384
mean(sgnprob[1:i - 1]) = 0.02350889431461458
14464/16384
mean(sgnprob[1:i - 1]) = 0.020950010371292262
14592/16384
mean(sgnprob[1:i - 1]) = 0.01939551778493592
14720/16384
mean(sgnprob[1:i - 1]) = 0.020993273999592364
14848/16384
mean(sgnprob[1:i - 1]) = 0.018252845692732538
14976/16384
mean(sgnprob[1:i - 1]) = 0.02010016694490818
15104/16384
mean(sgnprob[1:i - 1]) = 0.02151890352910018
15232/16384
mean(sgnprob[1:i - 1]) = 0.019368393408180685
15360/16384
mean(sgnprob[1:i - 1]) = 0.017644377889185495
15488/16384
mean(sgnprob[1:i - 1]) = 0.019177374572221864
15616/16384
mean(sgnprob[1:i - 1]) = 0.020172910662824207
15744/16384
mean(sgnprob[1:i - 1]) = 0.022168582862224482
15872/16384
mean(sgnprob[1:i - 1]) = 0.025014176800453657
16000/16384
mean(sgnprob[1:i - 1]) = 0.022063878992437027
16128/16384
mean(sgnprob[1:i - 1]) = 0.019284429838159606
16256/16384
mean(sgnprob[1:i - 1]) = 0.021101199630882805
16384/16384
mean(sgnprob[1:i - 1]) = 0.018006470121467374
749.638942 seconds (167.11 M allocations: 70.745 GiB, 1.38% gc time, 1.17% compilation time)
