## SLURM PROLOG ###############################################################
##    Job ID : 8833891
##  Job Name : sbatch_etgent.sh
##  Nodelist : node1322
##      CPUs : 8
##  Mem/Node : 4096 MB
## Directory : /oscar/home/trazzaz/AFQMC
##   Job Started : Fri Feb 28 01:10:02 AM EST 2025
###############################################################################
seed = 1445
U = 2.0
β = 6.0
Warming up
128/1024
256/1024
384/1024
512/1024
640/1024
768/1024
896/1024
1024/1024
Measuring
128/16384
mean(sgnprob[1:i - 1]) = 0.3228346456692913
256/16384
mean(sgnprob[1:i - 1]) = 0.27058823529411763
384/16384
mean(sgnprob[1:i - 1]) = 0.09138381201044386
512/16384
mean(sgnprob[1:i - 1]) = 0.16634050880626222
640/16384
mean(sgnprob[1:i - 1]) = 0.048513302034428794
768/16384
mean(sgnprob[1:i - 1]) = -0.00651890482398957
896/16384
mean(sgnprob[1:i - 1]) = 0.03240223463687151
1024/16384
mean(sgnprob[1:i - 1]) = -0.008797653958944282
1152/16384
mean(sgnprob[1:i - 1]) = 0.02519548218940052
1280/16384
mean(sgnprob[1:i - 1]) = 0.06645817044566067
1408/16384
mean(sgnprob[1:i - 1]) = 0.047619047619047616
1536/16384
mean(sgnprob[1:i - 1]) = 0.020195439739413682
1664/16384
mean(sgnprob[1:i - 1]) = -0.00661455201443175
1792/16384
mean(sgnprob[1:i - 1]) = 0.017308766052484645
1920/16384
mean(sgnprob[1:i - 1]) = 0.0286607608129234
2048/16384
mean(sgnprob[1:i - 1]) = 0.04054714215925745
2176/16384
mean(sgnprob[1:i - 1]) = 0.02528735632183908
2304/16384
mean(sgnprob[1:i - 1]) = 0.03256621797655232
2432/16384
mean(sgnprob[1:i - 1]) = 0.01192924722336487
2560/16384
mean(sgnprob[1:i - 1]) = 0.028526768268855023
2688/16384
mean(sgnprob[1:i - 1]) = 0.012281354670636397
2816/16384
mean(sgnprob[1:i - 1]) = 0.029484902309058616
2944/16384
mean(sgnprob[1:i - 1]) = 0.03363914373088685
3072/16384
mean(sgnprob[1:i - 1]) = 0.024422012373819604
3200/16384
mean(sgnprob[1:i - 1]) = 0.03407314785870585
3328/16384
mean(sgnprob[1:i - 1]) = 0.02374511571986775
3456/16384
mean(sgnprob[1:i - 1]) = 0.03328509406657019
3584/16384
mean(sgnprob[1:i - 1]) = 0.01981579681830868
3712/16384
mean(sgnprob[1:i - 1]) = 0.00889248181083266
3840/16384
mean(sgnprob[1:i - 1]) = 0.017973430580880436
3968/16384
mean(sgnprob[1:i - 1]) = 0.02898916057474162
4096/16384
mean(sgnprob[1:i - 1]) = 0.0398046398046398
4224/16384
mean(sgnprob[1:i - 1]) = 0.04617570447549136
4352/16384
mean(sgnprob[1:i - 1]) = 0.0530912433923236
4480/16384
mean(sgnprob[1:i - 1]) = 0.058718463942844384
4608/16384
mean(sgnprob[1:i - 1]) = 0.060125895376600826
4736/16384
mean(sgnprob[1:i - 1]) = 0.06906019007391763
4864/16384
mean(sgnprob[1:i - 1]) = 0.07423401192679416
4992/16384
mean(sgnprob[1:i - 1]) = 0.07954317771989582
5120/16384
mean(sgnprob[1:i - 1]) = 0.08458683336589178
5248/16384
mean(sgnprob[1:i - 1]) = 0.07566228320945302
5376/16384
mean(sgnprob[1:i - 1]) = 0.08055813953488372
5504/16384
mean(sgnprob[1:i - 1]) = 0.08413592585862258
5632/16384
mean(sgnprob[1:i - 1]) = 0.09110282365476825
5760/16384
mean(sgnprob[1:i - 1]) = 0.08178503212363257
5888/16384
mean(sgnprob[1:i - 1]) = 0.07219296755563105
6016/16384
mean(sgnprob[1:i - 1]) = 0.08029925187032419
6144/16384
mean(sgnprob[1:i - 1]) = 0.08513755494058278
6272/16384
mean(sgnprob[1:i - 1]) = 0.08084834954552703
6400/16384
mean(sgnprob[1:i - 1]) = 0.08548210657915299
6528/16384
mean(sgnprob[1:i - 1]) = 0.08901486134518155
6656/16384
mean(sgnprob[1:i - 1]) = 0.09211119459053344
6784/16384
mean(sgnprob[1:i - 1]) = 0.09685979655019902
6912/16384
mean(sgnprob[1:i - 1]) = 0.09159311242946028
7040/16384
mean(sgnprob[1:i - 1]) = 0.08396078988492683
7168/16384
mean(sgnprob[1:i - 1]) = 0.0757639179573043
7296/16384
mean(sgnprob[1:i - 1]) = 0.0708704592186429
7424/16384
mean(sgnprob[1:i - 1]) = 0.06291256904216624
7552/16384
mean(sgnprob[1:i - 1]) = 0.05681366706396504
7680/16384
mean(sgnprob[1:i - 1]) = 0.062117463211355646
7808/16384
mean(sgnprob[1:i - 1]) = 0.06417317791725374
7936/16384
mean(sgnprob[1:i - 1]) = 0.06943919344675488
8064/16384
mean(sgnprob[1:i - 1]) = 0.06263177477365744
8192/16384
mean(sgnprob[1:i - 1]) = 0.06751312416066414
8320/16384
mean(sgnprob[1:i - 1]) = 0.0710421925712225
8448/16384
mean(sgnprob[1:i - 1]) = 0.07493784775659998
8576/16384
mean(sgnprob[1:i - 1]) = 0.07731778425655976
8704/16384
mean(sgnprob[1:i - 1]) = 0.07893829713891762
8832/16384
mean(sgnprob[1:i - 1]) = 0.07530291020269506
8960/16384
mean(sgnprob[1:i - 1]) = 0.07020872865275142
9088/16384
mean(sgnprob[1:i - 1]) = 0.07252118410916694
9216/16384
mean(sgnprob[1:i - 1]) = 0.07542051003798156
9344/16384
mean(sgnprob[1:i - 1]) = 0.0720325377287809
9472/16384
mean(sgnprob[1:i - 1]) = 0.06620209059233449
9600/16384
mean(sgnprob[1:i - 1]) = 0.06906969475987082
9728/16384
mean(sgnprob[1:i - 1]) = 0.07145060141873137
9856/16384
mean(sgnprob[1:i - 1]) = 0.06686960933536276
9984/16384
mean(sgnprob[1:i - 1]) = 0.07021937293398778
10112/16384
mean(sgnprob[1:i - 1]) = 0.06537434477301948
10240/16384
mean(sgnprob[1:i - 1]) = 0.06944037503662467
10368/16384
mean(sgnprob[1:i - 1]) = 0.07263432043985724
10496/16384
mean(sgnprob[1:i - 1]) = 0.07460695569318723
10624/16384
mean(sgnprob[1:i - 1]) = 0.07709686529229032
10752/16384
mean(sgnprob[1:i - 1]) = 0.07227234675844108
10880/16384
mean(sgnprob[1:i - 1]) = 0.06866439930140637
11008/16384
mean(sgnprob[1:i - 1]) = 0.06423185245752702
11136/16384
mean(sgnprob[1:i - 1]) = 0.06241580601706331
11264/16384
mean(sgnprob[1:i - 1]) = 0.05744473053360561
11392/16384
mean(sgnprob[1:i - 1]) = 0.053814414888947414
11520/16384
mean(sgnprob[1:i - 1]) = 0.05512631304800764
11648/16384
mean(sgnprob[1:i - 1]) = 0.05142955267450846
11776/16384
mean(sgnprob[1:i - 1]) = 0.053927813163481955
11904/16384
mean(sgnprob[1:i - 1]) = 0.049315298664202305
12032/16384
mean(sgnprob[1:i - 1]) = 0.05128418252846812
12160/16384
mean(sgnprob[1:i - 1]) = 0.05485648490829838
12288/16384
mean(sgnprob[1:i - 1]) = 0.057214942622283715
12416/16384
mean(sgnprob[1:i - 1]) = 0.05807490938380991
12544/16384
mean(sgnprob[1:i - 1]) = 0.059714581838475646
12672/16384
mean(sgnprob[1:i - 1]) = 0.06179464919895825
12800/16384
mean(sgnprob[1:i - 1]) = 0.06430189858582702
12928/16384
mean(sgnprob[1:i - 1]) = 0.06737835538021196
13056/16384
mean(sgnprob[1:i - 1]) = 0.0682497127537342
13184/16384
mean(sgnprob[1:i - 1]) = 0.06591822802093605
13312/16384
mean(sgnprob[1:i - 1]) = 0.06889039140560439
13440/16384
mean(sgnprob[1:i - 1]) = 0.07165711734504056
13568/16384
mean(sgnprob[1:i - 1]) = 0.06891722562099212
13696/16384
mean(sgnprob[1:i - 1]) = 0.07031763417305587
13824/16384
mean(sgnprob[1:i - 1]) = 0.070968675396079
13952/16384
mean(sgnprob[1:i - 1]) = 0.06730700308221634
14080/16384
mean(sgnprob[1:i - 1]) = 0.06456424461964629
14208/16384
mean(sgnprob[1:i - 1]) = 0.0667980572956993
14336/16384
mean(sgnprob[1:i - 1]) = 0.06341123125217998
14464/16384
mean(sgnprob[1:i - 1]) = 0.0661688446380419
14592/16384
mean(sgnprob[1:i - 1]) = 0.06353231444040847
14720/16384
mean(sgnprob[1:i - 1]) = 0.06148515524152456
14848/16384
mean(sgnprob[1:i - 1]) = 0.05650973260591365
14976/16384
mean(sgnprob[1:i - 1]) = 0.054023372287145245
15104/16384
mean(sgnprob[1:i - 1]) = 0.05687611732768324
15232/16384
mean(sgnprob[1:i - 1]) = 0.05810518022454205
15360/16384
mean(sgnprob[1:i - 1]) = 0.05970440783905202
15488/16384
mean(sgnprob[1:i - 1]) = 0.06269774649706206
15616/16384
mean(sgnprob[1:i - 1]) = 0.06461735510726865
15744/16384
mean(sgnprob[1:i - 1]) = 0.06612462681826843
15872/16384
mean(sgnprob[1:i - 1]) = 0.06357507403440237
16000/16384
mean(sgnprob[1:i - 1]) = 0.06619163697731108
16128/16384
mean(sgnprob[1:i - 1]) = 0.06839461772183295
16256/16384
mean(sgnprob[1:i - 1]) = 0.0701937865272224
16384/16384
mean(sgnprob[1:i - 1]) = 0.0724531526582433
814.953922 seconds (167.11 M allocations: 70.745 GiB, 2.24% gc time, 1.29% compilation time)
