## SLURM PROLOG ###############################################################
##    Job ID : 8833858
##  Job Name : sbatch_etgent.sh
##  Nodelist : node1709
##      CPUs : 8
##  Mem/Node : 4096 MB
## Directory : /oscar/home/trazzaz/AFQMC
##   Job Started : Fri Feb 28 12:10:15 AM EST 2025
###############################################################################
seed = 1412
U = 2.0
β = 6.0
Warming up
128/1024
256/1024
384/1024
512/1024
640/1024
768/1024
896/1024
1024/1024
Measuring
128/16384
mean(sgnprob[1:i - 1]) = -0.10236220472440945
256/16384
mean(sgnprob[1:i - 1]) = 0.10588235294117647
384/16384
mean(sgnprob[1:i - 1]) = -0.007832898172323759
512/16384
mean(sgnprob[1:i - 1]) = 0.06457925636007827
640/16384
mean(sgnprob[1:i - 1]) = 0.0892018779342723
768/16384
mean(sgnprob[1:i - 1]) = 0.10039113428943937
896/16384
mean(sgnprob[1:i - 1]) = 0.09944134078212291
1024/16384
mean(sgnprob[1:i - 1]) = 0.05767350928641251
1152/16384
mean(sgnprob[1:i - 1]) = 0.035621198957428324
1280/16384
mean(sgnprob[1:i - 1]) = 0.06802189210320563
1408/16384
mean(sgnprob[1:i - 1]) = 0.031982942430703626
1536/16384
mean(sgnprob[1:i - 1]) = 0.05928338762214984
1664/16384
mean(sgnprob[1:i - 1]) = 0.04269392663860493
1792/16384
mean(sgnprob[1:i - 1]) = 0.04522613065326633
1920/16384
mean(sgnprob[1:i - 1]) = 0.05471599791558103
2048/16384
mean(sgnprob[1:i - 1]) = 0.06595017098192477
2176/16384
mean(sgnprob[1:i - 1]) = 0.04367816091954023
2304/16384
mean(sgnprob[1:i - 1]) = 0.05080330004342162
2432/16384
mean(sgnprob[1:i - 1]) = 0.06540518305224187
2560/16384
mean(sgnprob[1:i - 1]) = 0.07698319656115671
2688/16384
mean(sgnprob[1:i - 1]) = 0.08224786006698921
2816/16384
mean(sgnprob[1:i - 1]) = 0.0905861456483126
2944/16384
mean(sgnprob[1:i - 1]) = 0.0981991165477404
3072/16384
mean(sgnprob[1:i - 1]) = 0.10126994464343862
3200/16384
mean(sgnprob[1:i - 1]) = 0.10409502969678025
3328/16384
mean(sgnprob[1:i - 1]) = 0.08746618575293057
3456/16384
mean(sgnprob[1:i - 1]) = 0.0784370477568741
3584/16384
mean(sgnprob[1:i - 1]) = 0.06670387943064471
3712/16384
mean(sgnprob[1:i - 1]) = 0.06009161950956615
3840/16384
mean(sgnprob[1:i - 1]) = 0.06642354779890597
3968/16384
mean(sgnprob[1:i - 1]) = 0.056717922863624905
4096/16384
mean(sgnprob[1:i - 1]) = 0.054945054945054944
4224/16384
mean(sgnprob[1:i - 1]) = 0.059436419606914516
4352/16384
mean(sgnprob[1:i - 1]) = 0.06550218340611354
4480/16384
mean(sgnprob[1:i - 1]) = 0.06095110515740121
4608/16384
mean(sgnprob[1:i - 1]) = 0.06880833514217495
4736/16384
mean(sgnprob[1:i - 1]) = 0.06019007391763464
4864/16384
mean(sgnprob[1:i - 1]) = 0.06559736787990952
4992/16384
mean(sgnprob[1:i - 1]) = 0.055900621118012424
5120/16384
mean(sgnprob[1:i - 1]) = 0.05215862473139285
5248/16384
mean(sgnprob[1:i - 1]) = 0.05660377358490566
5376/16384
mean(sgnprob[1:i - 1]) = 0.045581395348837206
5504/16384
mean(sgnprob[1:i - 1]) = 0.04706523714337634
5632/16384
mean(sgnprob[1:i - 1]) = 0.053454093411472205
5760/16384
mean(sgnprob[1:i - 1]) = 0.05469699600625109
5888/16384
mean(sgnprob[1:i - 1]) = 0.04569390181756412
6016/16384
mean(sgnprob[1:i - 1]) = 0.040731504571903575
6144/16384
mean(sgnprob[1:i - 1]) = 0.041185088718867
6272/16384
mean(sgnprob[1:i - 1]) = 0.04385265507893478
6400/16384
mean(sgnprob[1:i - 1]) = 0.045788404438193465
6528/16384
mean(sgnprob[1:i - 1]) = 0.04029416270874828
6656/16384
mean(sgnprob[1:i - 1]) = 0.04583020285499624
6784/16384
mean(sgnprob[1:i - 1]) = 0.05204186937933068
6912/16384
mean(sgnprob[1:i - 1]) = 0.047894660685863115
7040/16384
mean(sgnprob[1:i - 1]) = 0.05270635033385424
7168/16384
mean(sgnprob[1:i - 1]) = 0.057067113157527556
7296/16384
mean(sgnprob[1:i - 1]) = 0.06045236463331049
7424/16384
mean(sgnprob[1:i - 1]) = 0.06345143472989358
7552/16384
mean(sgnprob[1:i - 1]) = 0.06581909680836975
7680/16384
mean(sgnprob[1:i - 1]) = 0.06810782653991405
7808/16384
mean(sgnprob[1:i - 1]) = 0.07339567055206865
7936/16384
mean(sgnprob[1:i - 1]) = 0.07170762444864524
8064/16384
mean(sgnprob[1:i - 1]) = 0.07677043284137418
8192/16384
mean(sgnprob[1:i - 1]) = 0.07215236234891954
8320/16384
mean(sgnprob[1:i - 1]) = 0.07392715470609448
8448/16384
mean(sgnprob[1:i - 1]) = 0.06759796377412099
8576/16384
mean(sgnprob[1:i - 1]) = 0.06262390670553936
8704/16384
mean(sgnprob[1:i - 1]) = 0.06583936573595311
8832/16384
mean(sgnprob[1:i - 1]) = 0.06307326463594157
8960/16384
mean(sgnprob[1:i - 1]) = 0.06016296461658667
9088/16384
mean(sgnprob[1:i - 1]) = 0.058875316386046
9216/16384
mean(sgnprob[1:i - 1]) = 0.061096039066739015
9344/16384
mean(sgnprob[1:i - 1]) = 0.063684041528417
9472/16384
mean(sgnprob[1:i - 1]) = 0.06451272304930841
9600/16384
mean(sgnprob[1:i - 1]) = 0.06594436920512553
9728/16384
mean(sgnprob[1:i - 1]) = 0.06651588362290531
9856/16384
mean(sgnprob[1:i - 1]) = 0.0682902080162354
9984/16384
mean(sgnprob[1:i - 1]) = 0.06741460482820795
10112/16384
mean(sgnprob[1:i - 1]) = 0.06814360597369201
10240/16384
mean(sgnprob[1:i - 1]) = 0.07002636976267214
10368/16384
mean(sgnprob[1:i - 1]) = 0.06684672518568535
10496/16384
mean(sgnprob[1:i - 1]) = 0.06736541210100047
10624/16384
mean(sgnprob[1:i - 1]) = 0.06994257742633908
10752/16384
mean(sgnprob[1:i - 1]) = 0.07301646358478281
10880/16384
mean(sgnprob[1:i - 1]) = 0.0736280908171707
11008/16384
mean(sgnprob[1:i - 1]) = 0.07404379031525393
11136/16384
mean(sgnprob[1:i - 1]) = 0.07462954647507858
11264/16384
mean(sgnprob[1:i - 1]) = 0.07022995649471722
11392/16384
mean(sgnprob[1:i - 1]) = 0.06715828285488544
11520/16384
mean(sgnprob[1:i - 1]) = 0.06936366003993402
11648/16384
mean(sgnprob[1:i - 1]) = 0.07134884519618787
11776/16384
mean(sgnprob[1:i - 1]) = 0.0715923566878981
11904/16384
mean(sgnprob[1:i - 1]) = 0.0684701335797698
12032/16384
mean(sgnprob[1:i - 1]) = 0.07040146288754053
12160/16384
mean(sgnprob[1:i - 1]) = 0.06686405132000987
12288/16384
mean(sgnprob[1:i - 1]) = 0.06926019370065924
12416/16384
mean(sgnprob[1:i - 1]) = 0.07273459524768425
12544/16384
mean(sgnprob[1:i - 1]) = 0.06800605915650164
12672/16384
mean(sgnprob[1:i - 1]) = 0.06952884539499644
12800/16384
mean(sgnprob[1:i - 1]) = 0.07305258223298695
12928/16384
mean(sgnprob[1:i - 1]) = 0.07511410226657383
13056/16384
mean(sgnprob[1:i - 1]) = 0.07330524703178859
13184/16384
mean(sgnprob[1:i - 1]) = 0.07517257073503755
13312/16384
mean(sgnprob[1:i - 1]) = 0.07625272331154684
13440/16384
mean(sgnprob[1:i - 1]) = 0.07820522360294664
13568/16384
mean(sgnprob[1:i - 1]) = 0.07422422053512198
13696/16384
mean(sgnprob[1:i - 1]) = 0.076013143483023
13824/16384
mean(sgnprob[1:i - 1]) = 0.0771901902626058
13952/16384
mean(sgnprob[1:i - 1]) = 0.08135617518457458
14080/16384
mean(sgnprob[1:i - 1]) = 0.08161090986575752
14208/16384
mean(sgnprob[1:i - 1]) = 0.07763778419089182
14336/16384
mean(sgnprob[1:i - 1]) = 0.07457272410184862
14464/16384
mean(sgnprob[1:i - 1]) = 0.07709327248841873
14592/16384
mean(sgnprob[1:i - 1]) = 0.07778767733534371
14720/16384
mean(sgnprob[1:i - 1]) = 0.080372307901352
14848/16384
mean(sgnprob[1:i - 1]) = 0.0772546642419344
14976/16384
mean(sgnprob[1:i - 1]) = 0.07739565943238731
15104/16384
mean(sgnprob[1:i - 1]) = 0.07303184797722306
15232/16384
mean(sgnprob[1:i - 1]) = 0.07373120609283698
15360/16384
mean(sgnprob[1:i - 1]) = 0.07506999153590728
15488/16384
mean(sgnprob[1:i - 1]) = 0.07574094401756312
15616/16384
mean(sgnprob[1:i - 1]) = 0.07704130643611912
15744/16384
mean(sgnprob[1:i - 1]) = 0.07489042749158356
15872/16384
mean(sgnprob[1:i - 1]) = 0.07151408228845063
16000/16384
mean(sgnprob[1:i - 1]) = 0.07244202762672668
16128/16384
mean(sgnprob[1:i - 1]) = 0.07372728963849445
16256/16384
mean(sgnprob[1:i - 1]) = 0.07609966164257152
16384/16384
mean(sgnprob[1:i - 1]) = 0.07819080754440579
749.833743 seconds (167.11 M allocations: 70.745 GiB, 2.26% gc time, 1.26% compilation time)
