## SLURM PROLOG ###############################################################
##    Job ID : 8822246
##  Job Name : sbatch_etgent.sh
##  Nodelist : node1621
##      CPUs : 8
##  Mem/Node : 4096 MB
## Directory : /oscar/home/trazzaz/AFQMC
##   Job Started : Thu Feb 27 05:33:58 PM EST 2025
###############################################################################
seed = 1241
U = 2.0
β = 6.0
Warming up
128/1024
256/1024
384/1024
512/1024
640/1024
768/1024
896/1024
1024/1024
Measuring
128/16384
mean(sgnprob[1:i - 1]) = -0.33858267716535434
256/16384
mean(sgnprob[1:i - 1]) = 0.011764705882352941
384/16384
mean(sgnprob[1:i - 1]) = 0.08616187989556136
512/16384
mean(sgnprob[1:i - 1]) = 0.10763209393346379
640/16384
mean(sgnprob[1:i - 1]) = 0.15179968701095461
768/16384
mean(sgnprob[1:i - 1]) = 0.08735332464146023
896/16384
mean(sgnprob[1:i - 1]) = 0.09944134078212291
1024/16384
mean(sgnprob[1:i - 1]) = 0.12023460410557185
1152/16384
mean(sgnprob[1:i - 1]) = 0.0738488271068636
1280/16384
mean(sgnprob[1:i - 1]) = 0.0508209538702111
1408/16384
mean(sgnprob[1:i - 1]) = 0.07036247334754797
1536/16384
mean(sgnprob[1:i - 1]) = 0.0996742671009772
1664/16384
mean(sgnprob[1:i - 1]) = 0.06554419723391461
1792/16384
mean(sgnprob[1:i - 1]) = 0.042992741485203795
1920/16384
mean(sgnprob[1:i - 1]) = 0.05263157894736842
2048/16384
mean(sgnprob[1:i - 1]) = 0.06985832926233512
2176/16384
mean(sgnprob[1:i - 1]) = 0.052873563218390804
2304/16384
mean(sgnprob[1:i - 1]) = 0.07077724706904039
2432/16384
mean(sgnprob[1:i - 1]) = 0.07939119703825587
2560/16384
mean(sgnprob[1:i - 1]) = 0.08792497069167643
2688/16384
mean(sgnprob[1:i - 1]) = 0.06363974692966133
2816/16384
mean(sgnprob[1:i - 1]) = 0.05435168738898757
2944/16384
mean(sgnprob[1:i - 1]) = 0.06965681277607882
3072/16384
mean(sgnprob[1:i - 1]) = 0.07912732009117551
3200/16384
mean(sgnprob[1:i - 1]) = 0.0840887777430447
3328/16384
mean(sgnprob[1:i - 1]) = 0.0898707544334235
3456/16384
mean(sgnprob[1:i - 1]) = 0.07380607814761216
3584/16384
mean(sgnprob[1:i - 1]) = 0.08233324030142339
3712/16384
mean(sgnprob[1:i - 1]) = 0.06979250875774724
3840/16384
mean(sgnprob[1:i - 1]) = 0.07475905183641574
3968/16384
mean(sgnprob[1:i - 1]) = 0.0642803125787749
4096/16384
mean(sgnprob[1:i - 1]) = 0.06373626373626373
4224/16384
mean(sgnprob[1:i - 1]) = 0.0674875680795643
4352/16384
mean(sgnprob[1:i - 1]) = 0.0558492300620547
4480/16384
mean(sgnprob[1:i - 1]) = 0.05827193569993302
4608/16384
mean(sgnprob[1:i - 1]) = 0.05231169958758411
4736/16384
mean(sgnprob[1:i - 1]) = 0.05638859556494192
4864/16384
mean(sgnprob[1:i - 1]) = 0.047501542257865514
4992/16384
mean(sgnprob[1:i - 1]) = 0.04027249048286916
5120/16384
mean(sgnprob[1:i - 1]) = 0.032232857980074234
5248/16384
mean(sgnprob[1:i - 1]) = 0.02649132837812083
5376/16384
mean(sgnprob[1:i - 1]) = 0.02102325581395349
5504/16384
mean(sgnprob[1:i - 1]) = 0.028166454661093947
5632/16384
mean(sgnprob[1:i - 1]) = 0.033209021488190375
5760/16384
mean(sgnprob[1:i - 1]) = 0.026567112345893384
5888/16384
mean(sgnprob[1:i - 1]) = 0.030405979276371665
6016/16384
mean(sgnprob[1:i - 1]) = 0.033748960931005816
6144/16384
mean(sgnprob[1:i - 1]) = 0.03662705518476315
6272/16384
mean(sgnprob[1:i - 1]) = 0.03013873385424972
6400/16384
mean(sgnprob[1:i - 1]) = 0.03359899984372558
6528/16384
mean(sgnprob[1:i - 1]) = 0.027424544201011185
6656/16384
mean(sgnprob[1:i - 1]) = 0.030803906836964687
6784/16384
mean(sgnprob[1:i - 1]) = 0.02314610054548135
6912/16384
mean(sgnprob[1:i - 1]) = 0.025611344233830127
7040/16384
mean(sgnprob[1:i - 1]) = 0.028271061230288393
7168/16384
mean(sgnprob[1:i - 1]) = 0.03334728617273615
7296/16384
mean(sgnprob[1:i - 1]) = 0.036052090472926665
7424/16384
mean(sgnprob[1:i - 1]) = 0.0305806277785262
7552/16384
mean(sgnprob[1:i - 1]) = 0.025824394119984106
7680/16384
mean(sgnprob[1:i - 1]) = 0.02982159135304076
7808/16384
mean(sgnprob[1:i - 1]) = 0.035737158959907776
7936/16384
mean(sgnprob[1:i - 1]) = 0.03868935097668557
8064/16384
mean(sgnprob[1:i - 1]) = 0.04055562445739799
8192/16384
mean(sgnprob[1:i - 1]) = 0.04578195580515199
8320/16384
mean(sgnprob[1:i - 1]) = 0.04916456304844332
8448/16384
mean(sgnprob[1:i - 1]) = 0.053154966260210726
8576/16384
mean(sgnprob[1:i - 1]) = 0.0560932944606414
8704/16384
mean(sgnprob[1:i - 1]) = 0.06170286108238538
8832/16384
mean(sgnprob[1:i - 1]) = 0.0664703884044842
8960/16384
mean(sgnprob[1:i - 1]) = 0.06931577184953677
9088/16384
mean(sgnprob[1:i - 1]) = 0.07032023770221195
9216/16384
mean(sgnprob[1:i - 1]) = 0.07455236028214868
9344/16384
mean(sgnprob[1:i - 1]) = 0.07952477790859468
9472/16384
mean(sgnprob[1:i - 1]) = 0.08372927885123008
9600/16384
mean(sgnprob[1:i - 1]) = 0.08573809771851235
9728/16384
mean(sgnprob[1:i - 1]) = 0.08769404749665878
9856/16384
mean(sgnprob[1:i - 1]) = 0.08817858954845256
9984/16384
mean(sgnprob[1:i - 1]) = 0.09085445256936793
10112/16384
mean(sgnprob[1:i - 1]) = 0.08594599940658688
10240/16384
mean(sgnprob[1:i - 1]) = 0.08780154311944526
10368/16384
mean(sgnprob[1:i - 1]) = 0.08363075142278384
10496/16384
mean(sgnprob[1:i - 1]) = 0.07898999523582659
10624/16384
mean(sgnprob[1:i - 1]) = 0.08086227995858043
10752/16384
mean(sgnprob[1:i - 1]) = 0.08287601153381081
10880/16384
mean(sgnprob[1:i - 1]) = 0.08539387811379723
11008/16384
mean(sgnprob[1:i - 1]) = 0.08803488689016081
11136/16384
mean(sgnprob[1:i - 1]) = 0.09025594970812753
11264/16384
mean(sgnprob[1:i - 1]) = 0.09153866642990323
11392/16384
mean(sgnprob[1:i - 1]) = 0.08717408480379246
11520/16384
mean(sgnprob[1:i - 1]) = 0.08880979251671152
11648/16384
mean(sgnprob[1:i - 1]) = 0.09178329183480724
11776/16384
mean(sgnprob[1:i - 1]) = 0.08772823779193206
11904/16384
mean(sgnprob[1:i - 1]) = 0.08880114256910022
12032/16384
mean(sgnprob[1:i - 1]) = 0.09068240379020863
12160/16384
mean(sgnprob[1:i - 1]) = 0.0920305946212682
12288/16384
mean(sgnprob[1:i - 1]) = 0.0946528851631806
12416/16384
mean(sgnprob[1:i - 1]) = 0.0959323399113975
12544/16384
mean(sgnprob[1:i - 1]) = 0.09240213664992426
12672/16384
mean(sgnprob[1:i - 1]) = 0.08831189329966065
12800/16384
mean(sgnprob[1:i - 1]) = 0.08539729666380186
12928/16384
mean(sgnprob[1:i - 1]) = 0.08609886284520771
13056/16384
mean(sgnprob[1:i - 1]) = 0.08356951359632325
13184/16384
mean(sgnprob[1:i - 1]) = 0.08609572934840325
13312/16384
mean(sgnprob[1:i - 1]) = 0.08256329351664038
13440/16384
mean(sgnprob[1:i - 1]) = 0.07865168539325842
13568/16384
mean(sgnprob[1:i - 1]) = 0.08071054765239183
13696/16384
mean(sgnprob[1:i - 1]) = 0.08360715589631253
13824/16384
mean(sgnprob[1:i - 1]) = 0.08529262822831513
13952/16384
mean(sgnprob[1:i - 1]) = 0.08809404343774639
14080/16384
mean(sgnprob[1:i - 1]) = 0.08459407628382698
14208/16384
mean(sgnprob[1:i - 1]) = 0.08777363271626663
14336/16384
mean(sgnprob[1:i - 1]) = 0.08517614230903384
14464/16384
mean(sgnprob[1:i - 1]) = 0.08248634446518703
14592/16384
mean(sgnprob[1:i - 1]) = 0.08491535878281133
14720/16384
mean(sgnprob[1:i - 1]) = 0.08621509613424826
14848/16384
mean(sgnprob[1:i - 1]) = 0.08857008149794571
14976/16384
mean(sgnprob[1:i - 1]) = 0.09075125208681135
15104/16384
mean(sgnprob[1:i - 1]) = 0.09342514732172416
15232/16384
mean(sgnprob[1:i - 1]) = 0.09526623333989889
15360/16384
mean(sgnprob[1:i - 1]) = 0.09733706621524839
15488/16384
mean(sgnprob[1:i - 1]) = 0.09459546716601021
15616/16384
mean(sgnprob[1:i - 1]) = 0.09561319244316363
15744/16384
mean(sgnprob[1:i - 1]) = 0.09724957123801055
15872/16384
mean(sgnprob[1:i - 1]) = 0.0940709470102703
16000/16384
mean(sgnprob[1:i - 1]) = 0.09556847302956435
16128/16384
mean(sgnprob[1:i - 1]) = 0.09766230545048676
16256/16384
mean(sgnprob[1:i - 1]) = 0.09935404490925868
16384/16384
mean(sgnprob[1:i - 1]) = 0.10101934932552036
739.082789 seconds (167.11 M allocations: 70.745 GiB, 1.48% gc time, 1.23% compilation time)
