## SLURM PROLOG ###############################################################
##    Job ID : 5902718
##  Job Name : etgent_N6_seed1246
##  Nodelist : node1646
##      CPUs : 8
##  Mem/Node : 2048 MB
## Directory : /oscar/home/trazzaz/AFQMC
##   Job Started : Sun Nov 10 11:21:14 PM EST 2024
###############################################################################
U = 2.0
seed = 1246
λₖ = 0.0
Warming up
128/512
256/512
384/512
512/512
Measuring
128/1024
256/1024
384/1024
512/1024
640/1024
768/1024
896/1024
1024/1024
269.478463 seconds (203.81 M allocations: 1.089 TiB, 21.56% gc time, 3.10% compilation time)
λₖ = 0.2
Warming up
128/512
256/512
384/512
512/512
Measuring
128/1024
256/1024
384/1024
512/1024
640/1024
768/1024
896/1024
1024/1024
290.045313 seconds (201.96 M allocations: 1.089 TiB, 20.87% gc time, 0.03% compilation time)
λₖ = 0.4
Warming up
128/512
256/512
384/512
512/512
Measuring
128/1024
256/1024
384/1024
512/1024
640/1024
768/1024
896/1024
1024/1024
221.943847 seconds (201.96 M allocations: 1.089 TiB, 22.69% gc time)
λₖ = 0.6
Warming up
128/512
256/512
384/512
512/512
Measuring
128/1024
256/1024
384/1024
512/1024
640/1024
768/1024
896/1024
1024/1024
225.838137 seconds (201.96 M allocations: 1.089 TiB, 22.93% gc time)
λₖ = 0.8
Warming up
128/512
256/512
384/512
512/512
Measuring
128/1024
256/1024
384/1024
512/1024
640/1024
768/1024
896/1024
1024/1024
222.772546 seconds (201.96 M allocations: 1.089 TiB, 22.75% gc time)
