## SLURM PROLOG ###############################################################
##    Job ID : 5894965
##  Job Name : etgent_2x2_seed1238
##  Nodelist : node1755
##      CPUs : 8
##  Mem/Node : 2048 MB
## Directory : /oscar/home/trazzaz/AFQMC
##   Job Started : Sun Nov 10 02:51:57 PM EST 2024
###############################################################################
U = 2.0
seed = 1238
λₖ = 0.0
Warming up
128/512
256/512
384/512
512/512
Measuring
128/1024
256/1024
384/1024
512/1024
640/1024
768/1024
896/1024
1024/1024
