## SLURM PROLOG ###############################################################
##    Job ID : 8833870
##  Job Name : sbatch_etgent.sh
##  Nodelist : node1322
##      CPUs : 8
##  Mem/Node : 4096 MB
## Directory : /oscar/home/trazzaz/AFQMC
##   Job Started : Fri Feb 28 12:35:09 AM EST 2025
###############################################################################
seed = 1424
U = 2.0
β = 6.0
Warming up
128/1024
256/1024
384/1024
512/1024
640/1024
768/1024
896/1024
1024/1024
Measuring
128/16384
mean(sgnprob[1:i - 1]) = 0.5590551181102362
256/16384
mean(sgnprob[1:i - 1]) = 0.4823529411764706
384/16384
mean(sgnprob[1:i - 1]) = 0.48825065274151436
512/16384
mean(sgnprob[1:i - 1]) = 0.2876712328767123
640/16384
mean(sgnprob[1:i - 1]) = 0.35524256651017216
768/16384
mean(sgnprob[1:i - 1]) = 0.3741851368970013
896/16384
mean(sgnprob[1:i - 1]) = 0.39664804469273746
1024/16384
mean(sgnprob[1:i - 1]) = 0.4056695992179863
1152/16384
mean(sgnprob[1:i - 1]) = 0.29800173761946136
1280/16384
mean(sgnprob[1:i - 1]) = 0.3166536356528538
1408/16384
mean(sgnprob[1:i - 1]) = 0.34186211798152094
1536/16384
mean(sgnprob[1:i - 1]) = 0.36156351791530944
1664/16384
mean(sgnprob[1:i - 1]) = 0.30607336139506913
1792/16384
mean(sgnprob[1:i - 1]) = 0.3232830820770519
1920/16384
mean(sgnprob[1:i - 1]) = 0.3392391870766024
2048/16384
mean(sgnprob[1:i - 1]) = 0.2877381533952125
2176/16384
mean(sgnprob[1:i - 1]) = 0.3002298850574713
2304/16384
mean(sgnprob[1:i - 1]) = 0.31220147633521494
2432/16384
mean(sgnprob[1:i - 1]) = 0.32620320855614976
2560/16384
mean(sgnprob[1:i - 1]) = 0.3395857756936303
2688/16384
mean(sgnprob[1:i - 1]) = 0.34648306661704503
2816/16384
mean(sgnprob[1:i - 1]) = 0.3520426287744227
2944/16384
mean(sgnprob[1:i - 1]) = 0.3577981651376147
3072/16384
mean(sgnprob[1:i - 1]) = 0.3598176489742755
3200/16384
mean(sgnprob[1:i - 1]) = 0.366051891216005
3328/16384
mean(sgnprob[1:i - 1]) = 0.3742110009017133
3456/16384
mean(sgnprob[1:i - 1]) = 0.3366136034732272
3584/16384
mean(sgnprob[1:i - 1]) = 0.3441250348869662
3712/16384
mean(sgnprob[1:i - 1]) = 0.34788466720560496
3840/16384
mean(sgnprob[1:i - 1]) = 0.35451940609533733
3968/16384
mean(sgnprob[1:i - 1]) = 0.35568439626922105
4096/16384
mean(sgnprob[1:i - 1]) = 0.3606837606837607
4224/16384
mean(sgnprob[1:i - 1]) = 0.36443286762964716
4352/16384
mean(sgnprob[1:i - 1]) = 0.33716387037462653
4480/16384
mean(sgnprob[1:i - 1]) = 0.34092431346282653
4608/16384
mean(sgnprob[1:i - 1]) = 0.3462122856522683
4736/16384
mean(sgnprob[1:i - 1]) = 0.32333685322069694
4864/16384
mean(sgnprob[1:i - 1]) = 0.32757557063541026
4992/16384
mean(sgnprob[1:i - 1]) = 0.33039471047886193
5120/16384
mean(sgnprob[1:i - 1]) = 0.30650517679234224
5248/16384
mean(sgnprob[1:i - 1]) = 0.31160663236134933
5376/16384
mean(sgnprob[1:i - 1]) = 0.29674418604651165
5504/16384
mean(sgnprob[1:i - 1]) = 0.2992912956569144
5632/16384
mean(sgnprob[1:i - 1]) = 0.28467412537737524
5760/16384
mean(sgnprob[1:i - 1]) = 0.2887654106615732
5888/16384
mean(sgnprob[1:i - 1]) = 0.272294887039239
6016/16384
mean(sgnprob[1:i - 1]) = 0.2774729842061513
6144/16384
mean(sgnprob[1:i - 1]) = 0.2837375874979652
6272/16384
mean(sgnprob[1:i - 1]) = 0.2875139531175251
6400/16384
mean(sgnprob[1:i - 1]) = 0.2933270823566182
6528/16384
mean(sgnprob[1:i - 1]) = 0.30013788876972575
6656/16384
mean(sgnprob[1:i - 1]) = 0.2850488354620586
6784/16384
mean(sgnprob[1:i - 1]) = 0.27288810260946483
6912/16384
mean(sgnprob[1:i - 1]) = 0.2750687310085371
7040/16384
mean(sgnprob[1:i - 1]) = 0.2805796277880381
7168/16384
mean(sgnprob[1:i - 1]) = 0.2839402818473559
7296/16384
mean(sgnprob[1:i - 1]) = 0.2893762851267992
7424/16384
mean(sgnprob[1:i - 1]) = 0.29381651623332883
7552/16384
mean(sgnprob[1:i - 1]) = 0.29916567342073896
7680/16384
mean(sgnprob[1:i - 1]) = 0.3012110951946868
7808/16384
mean(sgnprob[1:i - 1]) = 0.2890995260663507
7936/16384
mean(sgnprob[1:i - 1]) = 0.29023314429741653
8064/16384
mean(sgnprob[1:i - 1]) = 0.29058663028649384
8192/16384
mean(sgnprob[1:i - 1]) = 0.2914174093517275
8320/16384
mean(sgnprob[1:i - 1]) = 0.29462675802380095
8448/16384
mean(sgnprob[1:i - 1]) = 0.29939623534982834
8576/16384
mean(sgnprob[1:i - 1]) = 0.30239067055393587
8704/16384
mean(sgnprob[1:i - 1]) = 0.2910490635413076
8832/16384
mean(sgnprob[1:i - 1]) = 0.29453063073264635
8960/16384
mean(sgnprob[1:i - 1]) = 0.29902890947650407
9088/16384
mean(sgnprob[1:i - 1]) = 0.287773742709365
9216/16384
mean(sgnprob[1:i - 1]) = 0.27683125339121
9344/16384
mean(sgnprob[1:i - 1]) = 0.28095900674301616
9472/16384
mean(sgnprob[1:i - 1]) = 0.2849751874142118
9600/16384
mean(sgnprob[1:i - 1]) = 0.2886759037399729
9728/16384
mean(sgnprob[1:i - 1]) = 0.27644700318700527
9856/16384
mean(sgnprob[1:i - 1]) = 0.2795535261288686
9984/16384
mean(sgnprob[1:i - 1]) = 0.26855654612841834
10112/16384
mean(sgnprob[1:i - 1]) = 0.27010186925131047
10240/16384
mean(sgnprob[1:i - 1]) = 0.27278054497509524
10368/16384
mean(sgnprob[1:i - 1]) = 0.2755859940194849
10496/16384
mean(sgnprob[1:i - 1]) = 0.27927584564078134
10624/16384
mean(sgnprob[1:i - 1]) = 0.28174715240515863
10752/16384
mean(sgnprob[1:i - 1]) = 0.28453167147242114
10880/16384
mean(sgnprob[1:i - 1]) = 0.2872506664215461
11008/16384
mean(sgnprob[1:i - 1]) = 0.2770055419278641
11136/16384
mean(sgnprob[1:i - 1]) = 0.27956892680736417
11264/16384
mean(sgnprob[1:i - 1]) = 0.28278433809819764
11392/16384
mean(sgnprob[1:i - 1]) = 0.2841717145114564
11520/16384
mean(sgnprob[1:i - 1]) = 0.2884799027693376
11648/16384
mean(sgnprob[1:i - 1]) = 0.2902893448956813
11776/16384
mean(sgnprob[1:i - 1]) = 0.29409766454352443
11904/16384
mean(sgnprob[1:i - 1]) = 0.28589431235822904
12032/16384
mean(sgnprob[1:i - 1]) = 0.28634361233480177
12160/16384
mean(sgnprob[1:i - 1]) = 0.28892178633111276
12288/16384
mean(sgnprob[1:i - 1]) = 0.2911206966712786
12416/16384
mean(sgnprob[1:i - 1]) = 0.2932742650020137
12544/16384
mean(sgnprob[1:i - 1]) = 0.29474607350713544
12672/16384
mean(sgnprob[1:i - 1]) = 0.2963459868992187
12800/16384
mean(sgnprob[1:i - 1]) = 0.28728806938042034
12928/16384
mean(sgnprob[1:i - 1]) = 0.2887754312678889
13056/16384
mean(sgnprob[1:i - 1]) = 0.29084641899655306
13184/16384
mean(sgnprob[1:i - 1]) = 0.2830160054615793
13312/16384
mean(sgnprob[1:i - 1]) = 0.283900533393434
13440/16384
mean(sgnprob[1:i - 1]) = 0.28625641788823575
13568/16384
mean(sgnprob[1:i - 1]) = 0.2878307658288494
13696/16384
mean(sgnprob[1:i - 1]) = 0.2908360715589631
13824/16384
mean(sgnprob[1:i - 1]) = 0.29190479635390293
13952/16384
mean(sgnprob[1:i - 1]) = 0.2942441402050032
14080/16384
mean(sgnprob[1:i - 1]) = 0.2966830030541942
14208/16384
mean(sgnprob[1:i - 1]) = 0.2986555923136482
14336/16384
mean(sgnprob[1:i - 1]) = 0.30087199162888034
14464/16384
mean(sgnprob[1:i - 1]) = 0.3022194565442854
14592/16384
mean(sgnprob[1:i - 1]) = 0.29573024467137277
14720/16384
mean(sgnprob[1:i - 1]) = 0.296011957334058
14848/16384
mean(sgnprob[1:i - 1]) = 0.2977705933858692
14976/16384
mean(sgnprob[1:i - 1]) = 0.2914858096828047
15104/16384
mean(sgnprob[1:i - 1]) = 0.2937826921803615
15232/16384
mean(sgnprob[1:i - 1]) = 0.29590965793447577
15360/16384
mean(sgnprob[1:i - 1]) = 0.2973500878963474
15488/16384
mean(sgnprob[1:i - 1]) = 0.29889584813069026
15616/16384
mean(sgnprob[1:i - 1]) = 0.2915786103105988
15744/16384
mean(sgnprob[1:i - 1]) = 0.2920027948929683
15872/16384
mean(sgnprob[1:i - 1]) = 0.293806313401802
16000/16384
mean(sgnprob[1:i - 1]) = 0.29508094255890993
16128/16384
mean(sgnprob[1:i - 1]) = 0.2947231351150245
16256/16384
mean(sgnprob[1:i - 1]) = 0.2959704706244233
16384/16384
mean(sgnprob[1:i - 1]) = 0.2893853384605994
805.212146 seconds (167.11 M allocations: 70.745 GiB, 1.85% gc time, 1.21% compilation time)
