## SLURM PROLOG ###############################################################
##    Job ID : 7671086
##  Job Name : sbatch_etgent.sh
##  Nodelist : node1745
##      CPUs : 8
##  Mem/Node : 4096 MB
## Directory : /oscar/home/trazzaz/AFQMC
##   Job Started : Sun Jan 19 02:14:35 AM EST 2025
###############################################################################
seed = 1253
U = 2.0
β = 6.0
Warming up
128/1024
256/1024
384/1024
512/1024
640/1024
768/1024
896/1024
1024/1024
Measuring
128/16384
mean(sgnprob[1:i - 1]) = 0.30708661417322836
256/16384
mean(sgnprob[1:i - 1]) = 0.3333333333333333
384/16384
mean(sgnprob[1:i - 1]) = 0.16971279373368145
512/16384
mean(sgnprob[1:i - 1]) = 0.20939334637964774
640/16384
mean(sgnprob[1:i - 1]) = 0.24882629107981222
768/16384
mean(sgnprob[1:i - 1]) = 0.25945241199478486
896/16384
mean(sgnprob[1:i - 1]) = 0.19329608938547485
1024/16384
mean(sgnprob[1:i - 1]) = 0.15347018572825025
1152/16384
mean(sgnprob[1:i - 1]) = 0.1259774109470026
1280/16384
mean(sgnprob[1:i - 1]) = 0.1352619233776388
1408/16384
mean(sgnprob[1:i - 1]) = 0.08884150675195451
1536/16384
mean(sgnprob[1:i - 1]) = 0.11140065146579804
1664/16384
mean(sgnprob[1:i - 1]) = 0.07877330126277811
1792/16384
mean(sgnprob[1:i - 1]) = 0.09212730318257957
1920/16384
mean(sgnprob[1:i - 1]) = 0.07034914017717561
2048/16384
mean(sgnprob[1:i - 1]) = 0.063019052271617
2176/16384
mean(sgnprob[1:i - 1]) = 0.06942528735632184
2304/16384
mean(sgnprob[1:i - 1]) = 0.057750759878419454
2432/16384
mean(sgnprob[1:i - 1]) = 0.06705059646236117
2560/16384
mean(sgnprob[1:i - 1]) = 0.07073075420085971
2688/16384
mean(sgnprob[1:i - 1]) = 0.054707852623743954
2816/16384
mean(sgnprob[1:i - 1]) = 0.06074600355239787
2944/16384
mean(sgnprob[1:i - 1]) = 0.0689772341148488
3072/16384
mean(sgnprob[1:i - 1]) = 0.07391729078476067
3200/16384
mean(sgnprob[1:i - 1]) = 0.07408565176617693
3328/16384
mean(sgnprob[1:i - 1]) = 0.07664562669071236
3456/16384
mean(sgnprob[1:i - 1]) = 0.08364688856729378
3584/16384
mean(sgnprob[1:i - 1]) = 0.08791515489813005
3712/16384
mean(sgnprob[1:i - 1]) = 0.09458367016976556
3840/16384
mean(sgnprob[1:i - 1]) = 0.08101067986454806
3968/16384
mean(sgnprob[1:i - 1]) = 0.06932190572220821
4096/16384
mean(sgnprob[1:i - 1]) = 0.073992673992674
4224/16384
mean(sgnprob[1:i - 1]) = 0.0660667771726261
4352/16384
mean(sgnprob[1:i - 1]) = 0.07377614341530683
4480/16384
mean(sgnprob[1:i - 1]) = 0.07390042420183077
4608/16384
mean(sgnprob[1:i - 1]) = 0.07662253093119166
4736/16384
mean(sgnprob[1:i - 1]) = 0.08046462513199577
4864/16384
mean(sgnprob[1:i - 1]) = 0.08369319350195353
4992/16384
mean(sgnprob[1:i - 1]) = 0.0787417351232218
5120/16384
mean(sgnprob[1:i - 1]) = 0.08302402813049424
5248/16384
mean(sgnprob[1:i - 1]) = 0.07375643224699828
5376/16384
mean(sgnprob[1:i - 1]) = 0.06455813953488372
5504/16384
mean(sgnprob[1:i - 1]) = 0.06305651462838452
5632/16384
mean(sgnprob[1:i - 1]) = 0.06766116142781034
5760/16384
mean(sgnprob[1:i - 1]) = 0.05955895120680674
5888/16384
mean(sgnprob[1:i - 1]) = 0.05146933922201461
6016/16384
mean(sgnprob[1:i - 1]) = 0.0457190357439734
6144/16384
mean(sgnprob[1:i - 1]) = 0.041185088718867
6272/16384
mean(sgnprob[1:i - 1]) = 0.04417158347950885
6400/16384
mean(sgnprob[1:i - 1]) = 0.04610095327394906
6528/16384
mean(sgnprob[1:i - 1]) = 0.05101884479852919
6656/16384
mean(sgnprob[1:i - 1]) = 0.0569496619083396
6784/16384
mean(sgnprob[1:i - 1]) = 0.05233672416334955
6912/16384
mean(sgnprob[1:i - 1]) = 0.04471132976414412
7040/16384
mean(sgnprob[1:i - 1]) = 0.04929677511010087
7168/16384
mean(sgnprob[1:i - 1]) = 0.051765034184456535
7296/16384
mean(sgnprob[1:i - 1]) = 0.048937628512679916
7424/16384
mean(sgnprob[1:i - 1]) = 0.05051865822443756
7552/16384
mean(sgnprob[1:i - 1]) = 0.05416501125678718
7680/16384
mean(sgnprob[1:i - 1]) = 0.05612709988279724
7808/16384
mean(sgnprob[1:i - 1]) = 0.05853721019597797
7936/16384
mean(sgnprob[1:i - 1]) = 0.05406427221172023
8064/16384
mean(sgnprob[1:i - 1]) = 0.05940716854768697
8192/16384
mean(sgnprob[1:i - 1]) = 0.055548773043584423
8320/16384
mean(sgnprob[1:i - 1]) = 0.05084745762711865
8448/16384
mean(sgnprob[1:i - 1]) = 0.05197111400497218
8576/16384
mean(sgnprob[1:i - 1]) = 0.04699708454810496
8704/16384
mean(sgnprob[1:i - 1]) = 0.04860392967942089
8832/16384
mean(sgnprob[1:i - 1]) = 0.05378779300192504
8960/16384
mean(sgnprob[1:i - 1]) = 0.048777765375599955
9088/16384
mean(sgnprob[1:i - 1]) = 0.05337295036865852
9216/16384
mean(sgnprob[1:i - 1]) = 0.05697232772653283
9344/16384
mean(sgnprob[1:i - 1]) = 0.05726212137429091
9472/16384
mean(sgnprob[1:i - 1]) = 0.058388765705838876
9600/16384
mean(sgnprob[1:i - 1]) = 0.0567767475778727
9728/16384
mean(sgnprob[1:i - 1]) = 0.05829135396319523
9856/16384
mean(sgnprob[1:i - 1]) = 0.053678335870116695
9984/16384
mean(sgnprob[1:i - 1]) = 0.05619553240508865
10112/16384
mean(sgnprob[1:i - 1]) = 0.052714864998516464
10240/16384
mean(sgnprob[1:i - 1]) = 0.05010254907705831
10368/16384
mean(sgnprob[1:i - 1]) = 0.04659014179608373
10496/16384
mean(sgnprob[1:i - 1]) = 0.04926155312053359
10624/16384
mean(sgnprob[1:i - 1]) = 0.053751294361291536
10752/16384
mean(sgnprob[1:i - 1]) = 0.057390010231606364
10880/16384
mean(sgnprob[1:i - 1]) = 0.05892085669638754
11008/16384
mean(sgnprob[1:i - 1]) = 0.061869719269555735
11136/16384
mean(sgnprob[1:i - 1]) = 0.05756623259991019
11264/16384
mean(sgnprob[1:i - 1]) = 0.0583325934475717
11392/16384
mean(sgnprob[1:i - 1]) = 0.06031077166183829
11520/16384
mean(sgnprob[1:i - 1]) = 0.06155048181265735
11648/16384
mean(sgnprob[1:i - 1]) = 0.06379325148106808
11776/16384
mean(sgnprob[1:i - 1]) = 0.06089171974522293
11904/16384
mean(sgnprob[1:i - 1]) = 0.056876417709821055
12032/16384
mean(sgnprob[1:i - 1]) = 0.05710248524644668
12160/16384
mean(sgnprob[1:i - 1]) = 0.05880417797516243
12288/16384
mean(sgnprob[1:i - 1]) = 0.05623830064295597
12416/16384
mean(sgnprob[1:i - 1]) = 0.0585581957309706
12544/16384
mean(sgnprob[1:i - 1]) = 0.059076775890935185
12672/16384
mean(sgnprob[1:i - 1]) = 0.06021624181201168
12800/16384
mean(sgnprob[1:i - 1]) = 0.06055160559418705
12928/16384
mean(sgnprob[1:i - 1]) = 0.05855960392975942
13056/16384
mean(sgnprob[1:i - 1]) = 0.06104940635771735
13184/16384
mean(sgnprob[1:i - 1]) = 0.05802928013350527
13312/16384
mean(sgnprob[1:i - 1]) = 0.054466230936819175
13440/16384
mean(sgnprob[1:i - 1]) = 0.054691569313192946
13568/16384
mean(sgnprob[1:i - 1]) = 0.055944571386452424
13696/16384
mean(sgnprob[1:i - 1]) = 0.05600584154801022
13824/16384
mean(sgnprob[1:i - 1]) = 0.05838095927078058
13952/16384
mean(sgnprob[1:i - 1]) = 0.05612500895993119
14080/16384
mean(sgnprob[1:i - 1]) = 0.05419418992826195
14208/16384
mean(sgnprob[1:i - 1]) = 0.05609910607447033
14336/16384
mean(sgnprob[1:i - 1]) = 0.05671433554237879
14464/16384
mean(sgnprob[1:i - 1]) = 0.05801009472446934
14592/16384
mean(sgnprob[1:i - 1]) = 0.0569529161812076
14720/16384
mean(sgnprob[1:i - 1]) = 0.05523473062028671
14848/16384
mean(sgnprob[1:i - 1]) = 0.05543207381962686
14976/16384
mean(sgnprob[1:i - 1]) = 0.05722871452420701
15104/16384
mean(sgnprob[1:i - 1]) = 0.055551877110507845
15232/16384
mean(sgnprob[1:i - 1]) = 0.053115356838027705
15360/16384
mean(sgnprob[1:i - 1]) = 0.05423530177745947
15488/16384
mean(sgnprob[1:i - 1]) = 0.05572415574352683
15616/16384
mean(sgnprob[1:i - 1]) = 0.057060518731988474
15744/16384
mean(sgnprob[1:i - 1]) = 0.05799402909229499
15872/16384
mean(sgnprob[1:i - 1]) = 0.05689622582067923
16000/16384
mean(sgnprob[1:i - 1]) = 0.05756609788111757
16128/16384
mean(sgnprob[1:i - 1]) = 0.054504867613319276
16256/16384
mean(sgnprob[1:i - 1]) = 0.0521070439864657
16384/16384
mean(sgnprob[1:i - 1]) = 0.04950253311359336
759.774442 seconds (167.10 M allocations: 70.745 GiB, 2.06% gc time, 1.29% compilation time)
