## SLURM PROLOG ###############################################################
##    Job ID : 8834046
##  Job Name : sbatch_etgent.sh
##  Nodelist : node1733
##      CPUs : 8
##  Mem/Node : 4096 MB
## Directory : /oscar/home/trazzaz/AFQMC
##   Job Started : Fri Feb 28 05:25:47 AM EST 2025
###############################################################################
seed = 1600
U = 2.0
β = 6.0
Warming up
128/1024
256/1024
384/1024
512/1024
640/1024
768/1024
896/1024
1024/1024
Measuring
128/16384
mean(sgnprob[1:i - 1]) = 0.44881889763779526
256/16384
mean(sgnprob[1:i - 1]) = 0.42745098039215684
384/16384
mean(sgnprob[1:i - 1]) = 0.4830287206266319
512/16384
mean(sgnprob[1:i - 1]) = 0.46771037181996084
640/16384
mean(sgnprob[1:i - 1]) = 0.28012519561815336
768/16384
mean(sgnprob[1:i - 1]) = 0.15254237288135594
896/16384
mean(sgnprob[1:i - 1]) = 0.0659217877094972
1024/16384
mean(sgnprob[1:i - 1]) = 0.0009775171065493646
1152/16384
mean(sgnprob[1:i - 1]) = 0.05821025195482189
1280/16384
mean(sgnprob[1:i - 1]) = 0.10242376856919469
1408/16384
mean(sgnprob[1:i - 1]) = 0.04904051172707889
1536/16384
mean(sgnprob[1:i - 1]) = -0.001954397394136808
1664/16384
mean(sgnprob[1:i - 1]) = 0.03668069753457607
1792/16384
mean(sgnprob[1:i - 1]) = 0.07202680067001675
1920/16384
mean(sgnprob[1:i - 1]) = 0.10161542470036478
2048/16384
mean(sgnprob[1:i - 1]) = 0.12261846604787494
2176/16384
mean(sgnprob[1:i - 1]) = 0.15126436781609195
2304/16384
mean(sgnprob[1:i - 1]) = 0.16283108988276163
2432/16384
mean(sgnprob[1:i - 1]) = 0.18222953517071164
2560/16384
mean(sgnprob[1:i - 1]) = 0.1488862837045721
2688/16384
mean(sgnprob[1:i - 1]) = 0.16263490882024562
2816/16384
mean(sgnprob[1:i - 1]) = 0.17158081705150977
2944/16384
mean(sgnprob[1:i - 1]) = 0.14305130818892287
3072/16384
mean(sgnprob[1:i - 1]) = 0.11950504721589059
3200/16384
mean(sgnprob[1:i - 1]) = 0.13035323538605814
3328/16384
mean(sgnprob[1:i - 1]) = 0.1463781184250075
3456/16384
mean(sgnprob[1:i - 1]) = 0.12069464544138929
3584/16384
mean(sgnprob[1:i - 1]) = 0.09963717555121407
3712/16384
mean(sgnprob[1:i - 1]) = 0.08057127458905955
3840/16384
mean(sgnprob[1:i - 1]) = 0.09403490492315707
3968/16384
mean(sgnprob[1:i - 1]) = 0.10360473909755483
4096/16384
mean(sgnprob[1:i - 1]) = 0.11501831501831501
4224/16384
mean(sgnprob[1:i - 1]) = 0.12479280132607151
4352/16384
mean(sgnprob[1:i - 1]) = 0.10733164789703517
4480/16384
mean(sgnprob[1:i - 1]) = 0.0908684974324626
4608/16384
mean(sgnprob[1:i - 1]) = 0.10180160625135663
4736/16384
mean(sgnprob[1:i - 1]) = 0.11129883843717
4864/16384
mean(sgnprob[1:i - 1]) = 0.09603125642607444
4992/16384
mean(sgnprob[1:i - 1]) = 0.1035864556201162
5120/16384
mean(sgnprob[1:i - 1]) = 0.11232662629419808
5248/16384
mean(sgnprob[1:i - 1]) = 0.12750142938822184
5376/16384
mean(sgnprob[1:i - 1]) = 0.13897674418604652
5504/16384
mean(sgnprob[1:i - 1]) = 0.14555696892604034
5632/16384
mean(sgnprob[1:i - 1]) = 0.13372402770378264
5760/16384
mean(sgnprob[1:i - 1]) = 0.12519534641430805
5888/16384
mean(sgnprob[1:i - 1]) = 0.13402412094445387
6016/16384
mean(sgnprob[1:i - 1]) = 0.14280964256026601
6144/16384
mean(sgnprob[1:i - 1]) = 0.14992674588963048
6272/16384
mean(sgnprob[1:i - 1]) = 0.1573911656833041
6400/16384
mean(sgnprob[1:i - 1]) = 0.16455696202531644
6528/16384
mean(sgnprob[1:i - 1]) = 0.1527501149073081
6656/16384
mean(sgnprob[1:i - 1]) = 0.16003005259203607
6784/16384
mean(sgnprob[1:i - 1]) = 0.16615067079463364
6912/16384
mean(sgnprob[1:i - 1]) = 0.1717551729127478
7040/16384
mean(sgnprob[1:i - 1]) = 0.16096036368802386
7168/16384
mean(sgnprob[1:i - 1]) = 0.1544579321892005
7296/16384
mean(sgnprob[1:i - 1]) = 0.15723098012337217
7424/16384
mean(sgnprob[1:i - 1]) = 0.1620638555839957
7552/16384
mean(sgnprob[1:i - 1]) = 0.14766256125016555
7680/16384
mean(sgnprob[1:i - 1]) = 0.15197291313973174
7808/16384
mean(sgnprob[1:i - 1]) = 0.1571666453183041
7936/16384
mean(sgnprob[1:i - 1]) = 0.16194076874606175
8064/16384
mean(sgnprob[1:i - 1]) = 0.16780354706684858
8192/16384
mean(sgnprob[1:i - 1]) = 0.17177389818093028
8320/16384
mean(sgnprob[1:i - 1]) = 0.17490082942661378
8448/16384
mean(sgnprob[1:i - 1]) = 0.1803006984728306
8576/16384
mean(sgnprob[1:i - 1]) = 0.1850728862973761
8704/16384
mean(sgnprob[1:i - 1]) = 0.18878547627254968
8832/16384
mean(sgnprob[1:i - 1]) = 0.1928433925942702
8960/16384
mean(sgnprob[1:i - 1]) = 0.19656211630762363
9088/16384
mean(sgnprob[1:i - 1]) = 0.18520964014526245
9216/16384
mean(sgnprob[1:i - 1]) = 0.19001627780792188
9344/16384
mean(sgnprob[1:i - 1]) = 0.1946912126725891
9472/16384
mean(sgnprob[1:i - 1]) = 0.19797275894836872
9600/16384
mean(sgnprob[1:i - 1]) = 0.20137514324408792
9728/16384
mean(sgnprob[1:i - 1]) = 0.19152873445049862
9856/16384
mean(sgnprob[1:i - 1]) = 0.19492643328259768
9984/16384
mean(sgnprob[1:i - 1]) = 0.19643393769407994
10112/16384
mean(sgnprob[1:i - 1]) = 0.20067253486302047
10240/16384
mean(sgnprob[1:i - 1]) = 0.19308526223263991
10368/16384
mean(sgnprob[1:i - 1]) = 0.18626410726343204
10496/16384
mean(sgnprob[1:i - 1]) = 0.19047165316817533
10624/16384
mean(sgnprob[1:i - 1]) = 0.18290501741504284
10752/16384
mean(sgnprob[1:i - 1]) = 0.18612222118872662
10880/16384
mean(sgnprob[1:i - 1]) = 0.1890798786653185
11008/16384
mean(sgnprob[1:i - 1]) = 0.19124193694921413
11136/16384
mean(sgnprob[1:i - 1]) = 0.1935339021104625
11264/16384
mean(sgnprob[1:i - 1]) = 0.19790464352304005
11392/16384
mean(sgnprob[1:i - 1]) = 0.20024580809410938
11520/16384
mean(sgnprob[1:i - 1]) = 0.1926382498480771
11648/16384
mean(sgnprob[1:i - 1]) = 0.19618785953464413
11776/16384
mean(sgnprob[1:i - 1]) = 0.19898089171974523
11904/16384
mean(sgnprob[1:i - 1]) = 0.20204990338570109
12032/16384
mean(sgnprob[1:i - 1]) = 0.19458066661125425
12160/16384
mean(sgnprob[1:i - 1]) = 0.19713792252652357
12288/16384
mean(sgnprob[1:i - 1]) = 0.19899080328802798
12416/16384
mean(sgnprob[1:i - 1]) = 0.1909786548530004
12544/16384
mean(sgnprob[1:i - 1]) = 0.1936538308219724
12672/16384
mean(sgnprob[1:i - 1]) = 0.1962749585668061
12800/16384
mean(sgnprob[1:i - 1]) = 0.200875068364716
12928/16384
mean(sgnprob[1:i - 1]) = 0.20275392589154484
13056/16384
mean(sgnprob[1:i - 1]) = 0.20551512830333205
13184/16384
mean(sgnprob[1:i - 1]) = 0.20822271106728363
13312/16384
mean(sgnprob[1:i - 1]) = 0.20141236571256854
13440/16384
mean(sgnprob[1:i - 1]) = 0.2051491926482625
13568/16384
mean(sgnprob[1:i - 1]) = 0.2085206751676863
13696/16384
mean(sgnprob[1:i - 1]) = 0.21066082511865644
13824/16384
mean(sgnprob[1:i - 1]) = 0.2130507125804818
13952/16384
mean(sgnprob[1:i - 1]) = 0.2151100279549853
14080/16384
mean(sgnprob[1:i - 1]) = 0.21798423183464735
14208/16384
mean(sgnprob[1:i - 1]) = 0.2212289716337017
14336/16384
mean(sgnprob[1:i - 1]) = 0.22316009766306244
14464/16384
mean(sgnprob[1:i - 1]) = 0.22491875821060636
14592/16384
mean(sgnprob[1:i - 1]) = 0.22760605852923035
14720/16384
mean(sgnprob[1:i - 1]) = 0.22997486242271895
14848/16384
mean(sgnprob[1:i - 1]) = 0.23149457802923148
14976/16384
mean(sgnprob[1:i - 1]) = 0.2333889816360601
15104/16384
mean(sgnprob[1:i - 1]) = 0.23525127458120904
15232/16384
mean(sgnprob[1:i - 1]) = 0.22867835335828246
15360/16384
mean(sgnprob[1:i - 1]) = 0.2314603815352562
15488/16384
mean(sgnprob[1:i - 1]) = 0.22515658294053076
15616/16384
mean(sgnprob[1:i - 1]) = 0.2276657060518732
15744/16384
mean(sgnprob[1:i - 1]) = 0.22899066251667408
15872/16384
mean(sgnprob[1:i - 1]) = 0.22273328712746518
16000/16384
mean(sgnprob[1:i - 1]) = 0.2183261453840865
16128/16384
mean(sgnprob[1:i - 1]) = 0.21312085322750668
16256/16384
mean(sgnprob[1:i - 1]) = 0.2145186096585666
16384/16384
mean(sgnprob[1:i - 1]) = 0.21687114692058843
734.908938 seconds (167.11 M allocations: 70.745 GiB, 1.85% gc time, 1.26% compilation time)
