## SLURM PROLOG ###############################################################
##    Job ID : 5955295
##  Job Name : etgent_N(1,3)_seed1260
##  Nodelist : node1734
##      CPUs : 8
##  Mem/Node : 2048 MB
## Directory : /oscar/home/trazzaz/AFQMC
##   Job Started : Mon Nov 11 10:35:32 PM EST 2024
###############################################################################
U = 2.0
seed = 1260
λₖ = 0.0
Warming up
128/512
256/512
384/512
512/512
Measuring
128/1024
256/1024
384/1024
512/1024
640/1024
768/1024
896/1024
1024/1024
129.655749 seconds (80.56 M allocations: 16.970 GiB, 3.35% gc time, 8.52% compilation time)
λₖ = 0.2
Warming up
128/512
256/512
384/512
512/512
Measuring
128/1024
256/1024
384/1024
512/1024
640/1024
768/1024
896/1024
1024/1024
109.331365 seconds (76.83 M allocations: 16.806 GiB, 3.72% gc time, 0.10% compilation time)
λₖ = 0.4
Warming up
128/512
256/512
384/512
512/512
Measuring
128/1024
256/1024
384/1024
512/1024
640/1024
768/1024
896/1024
1024/1024
108.473762 seconds (76.82 M allocations: 16.805 GiB, 3.40% gc time)
λₖ = 0.6
Warming up
128/512
256/512
384/512
512/512
Measuring
128/1024
256/1024
384/1024
512/1024
640/1024
768/1024
896/1024
1024/1024
107.943689 seconds (76.82 M allocations: 16.805 GiB, 3.26% gc time)
λₖ = 0.8
Warming up
128/512
256/512
384/512
512/512
Measuring
128/1024
256/1024
384/1024
512/1024
640/1024
768/1024
896/1024
1024/1024
121.123135 seconds (76.82 M allocations: 16.805 GiB, 2.80% gc time)
