## SLURM PROLOG ###############################################################
##    Job ID : 5955240
##  Job Name : etgent_N(1,2)_seed1239
##  Nodelist : node1752
##      CPUs : 8
##  Mem/Node : 2048 MB
## Directory : /oscar/home/trazzaz/AFQMC
##   Job Started : Mon Nov 11 09:24:55 PM EST 2024
###############################################################################
U = 2.0
seed = 1239
λₖ = 0.0
Warming up
128/512
256/512
384/512
512/512
Measuring
128/1024
256/1024
384/1024
512/1024
640/1024
768/1024
896/1024
1024/1024
117.446761 seconds (80.56 M allocations: 13.061 GiB, 1.44% gc time, 7.52% compilation time)
λₖ = 0.2
Warming up
128/512
256/512
384/512
512/512
Measuring
128/1024
256/1024
384/1024
512/1024
640/1024
768/1024
896/1024
1024/1024
101.916034 seconds (76.83 M allocations: 12.896 GiB, 1.72% gc time, 0.07% compilation time)
λₖ = 0.4
Warming up
128/512
256/512
384/512
512/512
Measuring
128/1024
256/1024
384/1024
512/1024
640/1024
768/1024
896/1024
1024/1024
100.450885 seconds (76.82 M allocations: 12.896 GiB, 1.58% gc time)
λₖ = 0.6
Warming up
128/512
256/512
384/512
512/512
Measuring
128/1024
256/1024
384/1024
512/1024
640/1024
768/1024
896/1024
1024/1024
101.720303 seconds (76.82 M allocations: 12.896 GiB, 1.57% gc time)
λₖ = 0.8
Warming up
128/512
256/512
384/512
512/512
Measuring
128/1024
256/1024
384/1024
512/1024
640/1024
768/1024
896/1024
1024/1024
 98.075093 seconds (76.82 M allocations: 12.896 GiB, 1.62% gc time)
