## SLURM PROLOG ###############################################################
##    Job ID : 8834038
##  Job Name : sbatch_etgent.sh
##  Nodelist : node1733
##      CPUs : 8
##  Mem/Node : 4096 MB
## Directory : /oscar/home/trazzaz/AFQMC
##   Job Started : Fri Feb 28 05:12:57 AM EST 2025
###############################################################################
seed = 1592
U = 2.0
β = 6.0
Warming up
128/1024
256/1024
384/1024
512/1024
640/1024
768/1024
896/1024
1024/1024
Measuring
128/16384
mean(sgnprob[1:i - 1]) = 0.3858267716535433
256/16384
mean(sgnprob[1:i - 1]) = 0.4666666666666667
384/16384
mean(sgnprob[1:i - 1]) = 0.4046997389033943
512/16384
mean(sgnprob[1:i - 1]) = 0.4050880626223092
640/16384
mean(sgnprob[1:i - 1]) = 0.41158059467918623
768/16384
mean(sgnprob[1:i - 1]) = 0.43415906127770537
896/16384
mean(sgnprob[1:i - 1]) = 0.4346368715083799
1024/16384
mean(sgnprob[1:i - 1]) = 0.42717497556207235
1152/16384
mean(sgnprob[1:i - 1]) = 0.4161598609904431
1280/16384
mean(sgnprob[1:i - 1]) = 0.41204065676309615
1408/16384
mean(sgnprob[1:i - 1]) = 0.4186211798152097
1536/16384
mean(sgnprob[1:i - 1]) = 0.352442996742671
1664/16384
mean(sgnprob[1:i - 1]) = 0.34696331930246543
1792/16384
mean(sgnprob[1:i - 1]) = 0.294249022892239
1920/16384
mean(sgnprob[1:i - 1]) = 0.28817092235539343
2048/16384
mean(sgnprob[1:i - 1]) = 0.24670249145090375
2176/16384
mean(sgnprob[1:i - 1]) = 0.25701149425287356
2304/16384
mean(sgnprob[1:i - 1]) = 0.21841076856274425
2432/16384
mean(sgnprob[1:i - 1]) = 0.2258329905388729
2560/16384
mean(sgnprob[1:i - 1]) = 0.1949980461117624
2688/16384
mean(sgnprob[1:i - 1]) = 0.2110160029772981
2816/16384
mean(sgnprob[1:i - 1]) = 0.21492007104795738
2944/16384
mean(sgnprob[1:i - 1]) = 0.22324159021406728
3072/16384
mean(sgnprob[1:i - 1]) = 0.23086942364050797
3200/16384
mean(sgnprob[1:i - 1]) = 0.20537668021256641
3328/16384
mean(sgnprob[1:i - 1]) = 0.2113014727983168
3456/16384
mean(sgnprob[1:i - 1]) = 0.21678726483357452
3584/16384
mean(sgnprob[1:i - 1]) = 0.2274630198157968
3712/16384
mean(sgnprob[1:i - 1]) = 0.23093505793586636
3840/16384
mean(sgnprob[1:i - 1]) = 0.23938525657723367
3968/16384
mean(sgnprob[1:i - 1]) = 0.24678598437106125
4096/16384
mean(sgnprob[1:i - 1]) = 0.2468864468864469
4224/16384
mean(sgnprob[1:i - 1]) = 0.24792801326071512
4352/16384
mean(sgnprob[1:i - 1]) = 0.24844863249827626
4480/16384
mean(sgnprob[1:i - 1]) = 0.2542978343380219
4608/16384
mean(sgnprob[1:i - 1]) = 0.2615584979379206
4736/16384
mean(sgnprob[1:i - 1]) = 0.2663146779303062
4864/16384
mean(sgnprob[1:i - 1]) = 0.2728768250051409
4992/16384
mean(sgnprob[1:i - 1]) = 0.2762973352033661
5120/16384
mean(sgnprob[1:i - 1]) = 0.2592303184215667
5248/16384
mean(sgnprob[1:i - 1]) = 0.26357918810749
5376/16384
mean(sgnprob[1:i - 1]) = 0.2666046511627907
5504/16384
mean(sgnprob[1:i - 1]) = 0.27094312193349085
5632/16384
mean(sgnprob[1:i - 1]) = 0.2761498845675724
5760/16384
mean(sgnprob[1:i - 1]) = 0.27661052266018404
5888/16384
mean(sgnprob[1:i - 1]) = 0.262782401902497
6016/16384
mean(sgnprob[1:i - 1]) = 0.24987531172069827
6144/16384
mean(sgnprob[1:i - 1]) = 0.251180205111509
6272/16384
mean(sgnprob[1:i - 1]) = 0.25594004146069205
6400/16384
mean(sgnprob[1:i - 1]) = 0.25707141740897016
6528/16384
mean(sgnprob[1:i - 1]) = 0.2584648383637199
6656/16384
mean(sgnprob[1:i - 1]) = 0.26010518407212624
6784/16384
mean(sgnprob[1:i - 1]) = 0.2643373138729176
6912/16384
mean(sgnprob[1:i - 1]) = 0.26522934452322383
7040/16384
mean(sgnprob[1:i - 1]) = 0.2692143770421935
7168/16384
mean(sgnprob[1:i - 1]) = 0.25575554625366265
7296/16384
mean(sgnprob[1:i - 1]) = 0.2570253598355038
7424/16384
mean(sgnprob[1:i - 1]) = 0.26040684359423416
7552/16384
mean(sgnprob[1:i - 1]) = 0.2612898953780956
7680/16384
mean(sgnprob[1:i - 1]) = 0.26318531058731603
7808/16384
mean(sgnprob[1:i - 1]) = 0.2529780965799923
7936/16384
mean(sgnprob[1:i - 1]) = 0.2546943919344675
8064/16384
mean(sgnprob[1:i - 1]) = 0.25586010169911944
8192/16384
mean(sgnprob[1:i - 1]) = 0.2565010377243316
8320/16384
mean(sgnprob[1:i - 1]) = 0.2441399206635413
8448/16384
mean(sgnprob[1:i - 1]) = 0.24541257251095064
8576/16384
mean(sgnprob[1:i - 1]) = 0.2354518950437318
8704/16384
mean(sgnprob[1:i - 1]) = 0.23681489141675285
8832/16384
mean(sgnprob[1:i - 1]) = 0.22387045634695957
8960/16384
mean(sgnprob[1:i - 1]) = 0.21576068757673847
9088/16384
mean(sgnprob[1:i - 1]) = 0.20677891493342138
9216/16384
mean(sgnprob[1:i - 1]) = 0.20998372219207814
9344/16384
mean(sgnprob[1:i - 1]) = 0.2124585250990046
9472/16384
mean(sgnprob[1:i - 1]) = 0.21402175060711645
9600/16384
mean(sgnprob[1:i - 1]) = 0.20637566413168038
9728/16384
mean(sgnprob[1:i - 1]) = 0.20900585997738255
9856/16384
mean(sgnprob[1:i - 1]) = 0.20974124809741249
9984/16384
mean(sgnprob[1:i - 1]) = 0.2124611840128218
10112/16384
mean(sgnprob[1:i - 1]) = 0.21491444960933637
10240/16384
mean(sgnprob[1:i - 1]) = 0.20851645668522317
10368/16384
mean(sgnprob[1:i - 1]) = 0.2099932478055368
10496/16384
mean(sgnprob[1:i - 1]) = 0.21257741781800857
10624/16384
mean(sgnprob[1:i - 1]) = 0.2149110420785089
10752/16384
mean(sgnprob[1:i - 1]) = 0.20770160915263697
10880/16384
mean(sgnprob[1:i - 1]) = 0.20911848515488557
11008/16384
mean(sgnprob[1:i - 1]) = 0.21268283819387662
11136/16384
mean(sgnprob[1:i - 1]) = 0.21508756174225416
11264/16384
mean(sgnprob[1:i - 1]) = 0.21903578087543282
11392/16384
mean(sgnprob[1:i - 1]) = 0.21165832674918794
11520/16384
mean(sgnprob[1:i - 1]) = 0.20739647538848857
11648/16384
mean(sgnprob[1:i - 1]) = 0.21026873873100368
11776/16384
mean(sgnprob[1:i - 1]) = 0.21205944798301485
11904/16384
mean(sgnprob[1:i - 1]) = 0.21297151978492818
12032/16384
mean(sgnprob[1:i - 1]) = 0.21419665863186768
12160/16384
mean(sgnprob[1:i - 1]) = 0.21556049017188914
12288/16384
mean(sgnprob[1:i - 1]) = 0.21005941238707576
12416/16384
mean(sgnprob[1:i - 1]) = 0.21159887233185662
12544/16384
mean(sgnprob[1:i - 1]) = 0.21199075181376068
12672/16384
mean(sgnprob[1:i - 1]) = 0.21363743982321837
12800/16384
mean(sgnprob[1:i - 1]) = 0.21556371591530588
12928/16384
mean(sgnprob[1:i - 1]) = 0.21683298522472344
13056/16384
mean(sgnprob[1:i - 1]) = 0.21118345461509
13184/16384
mean(sgnprob[1:i - 1]) = 0.21156034286581202
13312/16384
mean(sgnprob[1:i - 1]) = 0.21253098940725715
13440/16384
mean(sgnprob[1:i - 1]) = 0.21467371084158046
13568/16384
mean(sgnprob[1:i - 1]) = 0.2166285840642736
13696/16384
mean(sgnprob[1:i - 1]) = 0.2181087988316904
13824/16384
mean(sgnprob[1:i - 1]) = 0.21247196701150256
13952/16384
mean(sgnprob[1:i - 1]) = 0.21453659235897068
14080/16384
mean(sgnprob[1:i - 1]) = 0.21727395411605938
14208/16384
mean(sgnprob[1:i - 1]) = 0.21841345815443092
14336/16384
mean(sgnprob[1:i - 1]) = 0.22009068712940355
14464/16384
mean(sgnprob[1:i - 1]) = 0.21427089815390998
14592/16384
mean(sgnprob[1:i - 1]) = 0.20869028853402782
14720/16384
mean(sgnprob[1:i - 1]) = 0.20877777022895577
14848/16384
mean(sgnprob[1:i - 1]) = 0.2029366201926315
14976/16384
mean(sgnprob[1:i - 1]) = 0.20440734557595994
15104/16384
mean(sgnprob[1:i - 1]) = 0.2073098059988082
15232/16384
mean(sgnprob[1:i - 1]) = 0.20832512638697392
15360/16384
mean(sgnprob[1:i - 1]) = 0.21010482453284718
15488/16384
mean(sgnprob[1:i - 1]) = 0.21198424485051978
15616/16384
mean(sgnprob[1:i - 1]) = 0.21268011527377523
15744/16384
mean(sgnprob[1:i - 1]) = 0.2073937623070571
15872/16384
mean(sgnprob[1:i - 1]) = 0.2093755907000189
16000/16384
mean(sgnprob[1:i - 1]) = 0.2108256766047878
16128/16384
mean(sgnprob[1:i - 1]) = 0.2120047125937868
16256/16384
mean(sgnprob[1:i - 1]) = 0.20652107043986465
16384/16384
mean(sgnprob[1:i - 1]) = 0.20710492583775866
750.635394 seconds (167.11 M allocations: 70.745 GiB, 1.63% gc time, 1.27% compilation time)
