## SLURM PROLOG ###############################################################
##    Job ID : 8833982
##  Job Name : sbatch_etgent.sh
##  Nodelist : node1322
##      CPUs : 8
##  Mem/Node : 4096 MB
## Directory : /oscar/home/trazzaz/AFQMC
##   Job Started : Fri Feb 28 03:37:00 AM EST 2025
###############################################################################
seed = 1536
U = 2.0
β = 6.0
Warming up
128/1024
256/1024
384/1024
512/1024
640/1024
768/1024
896/1024
1024/1024
Measuring
128/16384
mean(sgnprob[1:i - 1]) = 0.49606299212598426
256/16384
mean(sgnprob[1:i - 1]) = 0.5529411764705883
384/16384
mean(sgnprob[1:i - 1]) = 0.185378590078329
512/16384
mean(sgnprob[1:i - 1]) = 0.27984344422700586
640/16384
mean(sgnprob[1:i - 1]) = 0.09546165884194054
768/16384
mean(sgnprob[1:i - 1]) = 0.18383311603650587
896/16384
mean(sgnprob[1:i - 1]) = 0.23575418994413408
1024/16384
mean(sgnprob[1:i - 1]) = 0.13196480938416422
1152/16384
mean(sgnprob[1:i - 1]) = 0.16594265855777585
1280/16384
mean(sgnprob[1:i - 1]) = 0.21032056293979673
1408/16384
mean(sgnprob[1:i - 1]) = 0.24520255863539445
1536/16384
mean(sgnprob[1:i - 1]) = 0.2716612377850163
1664/16384
mean(sgnprob[1:i - 1]) = 0.2928442573662057
1792/16384
mean(sgnprob[1:i - 1]) = 0.3076493579006142
1920/16384
mean(sgnprob[1:i - 1]) = 0.3183949973944763
2048/16384
mean(sgnprob[1:i - 1]) = 0.3356130923302394
2176/16384
mean(sgnprob[1:i - 1]) = 0.29195402298850576
2304/16384
mean(sgnprob[1:i - 1]) = 0.3069908814589666
2432/16384
mean(sgnprob[1:i - 1]) = 0.3220896750308515
2560/16384
mean(sgnprob[1:i - 1]) = 0.33489644392340756
2688/16384
mean(sgnprob[1:i - 1]) = 0.294380349832527
2816/16384
mean(sgnprob[1:i - 1]) = 0.3030195381882771
2944/16384
mean(sgnprob[1:i - 1]) = 0.2640163098878695
3072/16384
mean(sgnprob[1:i - 1]) = 0.2738521654184305
3200/16384
mean(sgnprob[1:i - 1]) = 0.28165051578618316
3328/16384
mean(sgnprob[1:i - 1]) = 0.29305680793507666
3456/16384
mean(sgnprob[1:i - 1]) = 0.26599131693198264
3584/16384
mean(sgnprob[1:i - 1]) = 0.2754674853474742
3712/16384
mean(sgnprob[1:i - 1]) = 0.2859067636755592
3840/16384
mean(sgnprob[1:i - 1]) = 0.25657723365459756
3968/16384
mean(sgnprob[1:i - 1]) = 0.26493571968742125
4096/16384
mean(sgnprob[1:i - 1]) = 0.27326007326007323
4224/16384
mean(sgnprob[1:i - 1]) = 0.24887520719867393
4352/16384
mean(sgnprob[1:i - 1]) = 0.22454608136060675
4480/16384
mean(sgnprob[1:i - 1]) = 0.22884572449207413
4608/16384
mean(sgnprob[1:i - 1]) = 0.237247666594313
4736/16384
mean(sgnprob[1:i - 1]) = 0.21436114044350582
4864/16384
mean(sgnprob[1:i - 1]) = 0.22187949825210776
4992/16384
mean(sgnprob[1:i - 1]) = 0.23221799238629534
5120/16384
mean(sgnprob[1:i - 1]) = 0.2111740574330924
5248/16384
mean(sgnprob[1:i - 1]) = 0.2144082332761578
5376/16384
mean(sgnprob[1:i - 1]) = 0.21972093023255815
5504/16384
mean(sgnprob[1:i - 1]) = 0.2287842994730147
5632/16384
mean(sgnprob[1:i - 1]) = 0.21115254839282543
5760/16384
mean(sgnprob[1:i - 1]) = 0.21722521271054002
5888/16384
mean(sgnprob[1:i - 1]) = 0.22201460845931714
6016/16384
mean(sgnprob[1:i - 1]) = 0.22493765586034914
6144/16384
mean(sgnprob[1:i - 1]) = 0.23197134950349993
6272/16384
mean(sgnprob[1:i - 1]) = 0.23967469303141445
6400/16384
mean(sgnprob[1:i - 1]) = 0.2270667291764338
6528/16384
mean(sgnprob[1:i - 1]) = 0.2324191818599663
6656/16384
mean(sgnprob[1:i - 1]) = 0.21983471074380165
6784/16384
mean(sgnprob[1:i - 1]) = 0.22335249889429457
6912/16384
mean(sgnprob[1:i - 1]) = 0.22731876718275212
7040/16384
mean(sgnprob[1:i - 1]) = 0.23341383719278305
7168/16384
mean(sgnprob[1:i - 1]) = 0.2183619366541091
7296/16384
mean(sgnprob[1:i - 1]) = 0.22330363262508568
7424/16384
mean(sgnprob[1:i - 1]) = 0.22834433517445776
7552/16384
mean(sgnprob[1:i - 1]) = 0.23453847172559925
7680/16384
mean(sgnprob[1:i - 1]) = 0.23792160437556972
7808/16384
mean(sgnprob[1:i - 1]) = 0.24298706289227617
7936/16384
mean(sgnprob[1:i - 1]) = 0.25015752993068685
8064/16384
mean(sgnprob[1:i - 1]) = 0.2548679151680516
8192/16384
mean(sgnprob[1:i - 1]) = 0.2596752533268221
8320/16384
mean(sgnprob[1:i - 1]) = 0.2626517610289698
8448/16384
mean(sgnprob[1:i - 1]) = 0.26624837220314906
8576/16384
mean(sgnprob[1:i - 1]) = 0.2695043731778426
8704/16384
mean(sgnprob[1:i - 1]) = 0.2765712972538205
8832/16384
mean(sgnprob[1:i - 1]) = 0.28071566074057297
8960/16384
mean(sgnprob[1:i - 1]) = 0.2697845741712245
9088/16384
mean(sgnprob[1:i - 1]) = 0.2732474964234621
9216/16384
mean(sgnprob[1:i - 1]) = 0.2776994031470429
9344/16384
mean(sgnprob[1:i - 1]) = 0.28031681472760356
9472/16384
mean(sgnprob[1:i - 1]) = 0.2818076232710379
9600/16384
mean(sgnprob[1:i - 1]) = 0.28680070840712574
9728/16384
mean(sgnprob[1:i - 1]) = 0.29104554333299065
9856/16384
mean(sgnprob[1:i - 1]) = 0.28097412480974127
9984/16384
mean(sgnprob[1:i - 1]) = 0.2687568867074026
10112/16384
mean(sgnprob[1:i - 1]) = 0.2726733260805064
10240/16384
mean(sgnprob[1:i - 1]) = 0.2759058501806817
10368/16384
mean(sgnprob[1:i - 1]) = 0.27828687180476513
10496/16384
mean(sgnprob[1:i - 1]) = 0.2809909480705098
10624/16384
mean(sgnprob[1:i - 1]) = 0.28306504753836015
10752/16384
mean(sgnprob[1:i - 1]) = 0.2856478467119338
10880/16384
mean(sgnprob[1:i - 1]) = 0.2889052302601342
11008/16384
mean(sgnprob[1:i - 1]) = 0.29117834105569185
11136/16384
mean(sgnprob[1:i - 1]) = 0.2910642119443197
11264/16384
mean(sgnprob[1:i - 1]) = 0.28100861227026547
11392/16384
mean(sgnprob[1:i - 1]) = 0.28346940567114387
11520/16384
mean(sgnprob[1:i - 1]) = 0.2858755100269121
11648/16384
mean(sgnprob[1:i - 1]) = 0.2877135743109814
11776/16384
mean(sgnprob[1:i - 1]) = 0.2900212314225053
11904/16384
mean(sgnprob[1:i - 1]) = 0.29194320759472403
12032/16384
mean(sgnprob[1:i - 1]) = 0.28468124012966506
12160/16384
mean(sgnprob[1:i - 1]) = 0.2762562710749239
12288/16384
mean(sgnprob[1:i - 1]) = 0.26898347847318305
12416/16384
mean(sgnprob[1:i - 1]) = 0.27136528393072895
12544/16384
mean(sgnprob[1:i - 1]) = 0.27369847723830026
12672/16384
mean(sgnprob[1:i - 1]) = 0.2654092021150659
12800/16384
mean(sgnprob[1:i - 1]) = 0.25853582311118056
12928/16384
mean(sgnprob[1:i - 1]) = 0.26139088729016785
13056/16384
mean(sgnprob[1:i - 1]) = 0.2626579854461892
13184/16384
mean(sgnprob[1:i - 1]) = 0.2547978457103846
13312/16384
mean(sgnprob[1:i - 1]) = 0.2583577492299602
13440/16384
mean(sgnprob[1:i - 1]) = 0.25173003943745814
13568/16384
mean(sgnprob[1:i - 1]) = 0.25421979803936023
13696/16384
mean(sgnprob[1:i - 1]) = 0.2474625775830595
13824/16384
mean(sgnprob[1:i - 1]) = 0.2515372929176011
13952/16384
mean(sgnprob[1:i - 1]) = 0.25410364848397965
14080/16384
mean(sgnprob[1:i - 1]) = 0.25775978407557354
14208/16384
mean(sgnprob[1:i - 1]) = 0.25994228197367497
14336/16384
mean(sgnprob[1:i - 1]) = 0.2627833972793861
14464/16384
mean(sgnprob[1:i - 1]) = 0.25589435110281405
14592/16384
mean(sgnprob[1:i - 1]) = 0.2589952710575012
14720/16384
mean(sgnprob[1:i - 1]) = 0.26326516747061623
14848/16384
mean(sgnprob[1:i - 1]) = 0.2650367077524079
14976/16384
mean(sgnprob[1:i - 1]) = 0.26637729549248745
15104/16384
mean(sgnprob[1:i - 1]) = 0.2695490962060518
15232/16384
mean(sgnprob[1:i - 1]) = 0.27253627470290853
15360/16384
mean(sgnprob[1:i - 1]) = 0.2660980532586757
15488/16384
mean(sgnprob[1:i - 1]) = 0.26635242461419256
15616/16384
mean(sgnprob[1:i - 1]) = 0.26019852705731666
15744/16384
mean(sgnprob[1:i - 1]) = 0.26291049990471954
15872/16384
mean(sgnprob[1:i - 1]) = 0.25574948018398336
16000/16384
mean(sgnprob[1:i - 1]) = 0.25807862991436964
16128/16384
mean(sgnprob[1:i - 1]) = 0.26111490047746017
16256/16384
mean(sgnprob[1:i - 1]) = 0.26299600123039063
16384/16384
mean(sgnprob[1:i - 1]) = 0.2650918635170604
810.805499 seconds (167.11 M allocations: 70.745 GiB, 2.18% gc time, 1.34% compilation time)
