## SLURM PROLOG ###############################################################
##    Job ID : 5902761
##  Job Name : etgent_N2_seed1249
##  Nodelist : node1711
##      CPUs : 8
##  Mem/Node : 2048 MB
## Directory : /oscar/home/trazzaz/AFQMC
##   Job Started : Mon Nov 11 12:51:01 AM EST 2024
###############################################################################
U = 2.0
seed = 1249
λₖ = 0.0
Warming up
128/512
256/512
384/512
512/512
Measuring
128/1024
256/1024
384/1024
512/1024
640/1024
768/1024
896/1024
1024/1024
331.463030 seconds (203.81 M allocations: 1.089 TiB, 25.75% gc time, 2.86% compilation time)
λₖ = 0.2
Warming up
128/512
256/512
384/512
512/512
Measuring
128/1024
256/1024
384/1024
512/1024
640/1024
768/1024
896/1024
1024/1024
374.643508 seconds (201.96 M allocations: 1.089 TiB, 25.19% gc time, 0.02% compilation time)
λₖ = 0.4
Warming up
128/512
256/512
384/512
512/512
Measuring
128/1024
256/1024
384/1024
512/1024
640/1024
768/1024
896/1024
1024/1024
302.559476 seconds (201.96 M allocations: 1.089 TiB, 27.99% gc time)
λₖ = 0.6
Warming up
128/512
256/512
384/512
512/512
Measuring
128/1024
256/1024
384/1024
512/1024
640/1024
768/1024
896/1024
1024/1024
285.761268 seconds (201.96 M allocations: 1.089 TiB, 27.10% gc time)
λₖ = 0.8
Warming up
128/512
256/512
384/512
512/512
Measuring
128/1024
256/1024
384/1024
512/1024
640/1024
768/1024
896/1024
1024/1024
287.361440 seconds (201.96 M allocations: 1.089 TiB, 27.25% gc time)
