## SLURM PROLOG ###############################################################
##    Job ID : 8833950
##  Job Name : sbatch_etgent.sh
##  Nodelist : node1736
##      CPUs : 8
##  Mem/Node : 4096 MB
## Directory : /oscar/home/trazzaz/AFQMC
##   Job Started : Fri Feb 28 02:41:46 AM EST 2025
###############################################################################
seed = 1504
U = 2.0
β = 6.0
Warming up
128/1024
256/1024
384/1024
512/1024
640/1024
768/1024
896/1024
1024/1024
Measuring
128/16384
mean(sgnprob[1:i - 1]) = 0.2125984251968504
256/16384
mean(sgnprob[1:i - 1]) = 0.20784313725490197
384/16384
mean(sgnprob[1:i - 1]) = 0.06005221932114883
512/16384
mean(sgnprob[1:i - 1]) = 0.07632093933463796
640/16384
mean(sgnprob[1:i - 1]) = 0.09233176838810642
768/16384
mean(sgnprob[1:i - 1]) = 0.121251629726206
896/16384
mean(sgnprob[1:i - 1]) = 0.13072625698324022
1024/16384
mean(sgnprob[1:i - 1]) = 0.13391984359726294
1152/16384
mean(sgnprob[1:i - 1]) = 0.15030408340573415
1280/16384
mean(sgnprob[1:i - 1]) = 0.10398749022673964
1408/16384
mean(sgnprob[1:i - 1]) = 0.1257995735607676
1536/16384
mean(sgnprob[1:i - 1]) = 0.12964169381107493
1664/16384
mean(sgnprob[1:i - 1]) = 0.14371617558628982
1792/16384
mean(sgnprob[1:i - 1]) = 0.1490787269681742
1920/16384
mean(sgnprob[1:i - 1]) = 0.15893694632621158
2048/16384
mean(sgnprob[1:i - 1]) = 0.16658524670249145
2176/16384
mean(sgnprob[1:i - 1]) = 0.1567816091954023
2304/16384
mean(sgnprob[1:i - 1]) = 0.13938341293964393
2432/16384
mean(sgnprob[1:i - 1]) = 0.12217194570135746
2560/16384
mean(sgnprob[1:i - 1]) = 0.10355607659241892
2688/16384
mean(sgnprob[1:i - 1]) = 0.11425381466319315
2816/16384
mean(sgnprob[1:i - 1]) = 0.11900532859680284
2944/16384
mean(sgnprob[1:i - 1]) = 0.12062521236833164
3072/16384
mean(sgnprob[1:i - 1]) = 0.1208075545424943
3200/16384
mean(sgnprob[1:i - 1]) = 0.1297280400125039
3328/16384
mean(sgnprob[1:i - 1]) = 0.1145175834084761
3456/16384
mean(sgnprob[1:i - 1]) = 0.10274963820549927
3584/16384
mean(sgnprob[1:i - 1]) = 0.10745185598660341
3712/16384
mean(sgnprob[1:i - 1]) = 0.11452438695769335
3840/16384
mean(sgnprob[1:i - 1]) = 0.09976556394894504
3968/16384
mean(sgnprob[1:i - 1]) = 0.10410889841189816
4096/16384
mean(sgnprob[1:i - 1]) = 0.10964590964590964
4224/16384
mean(sgnprob[1:i - 1]) = 0.11484726497750414
4352/16384
mean(sgnprob[1:i - 1]) = 0.10319466789243852
4480/16384
mean(sgnprob[1:i - 1]) = 0.10515740120562625
4608/16384
mean(sgnprob[1:i - 1]) = 0.09876275233340569
4736/16384
mean(sgnprob[1:i - 1]) = 0.10158394931362197
4864/16384
mean(sgnprob[1:i - 1]) = 0.0919185687847008
4992/16384
mean(sgnprob[1:i - 1]) = 0.08234822680825486
5120/16384
mean(sgnprob[1:i - 1]) = 0.073647196718109
5248/16384
mean(sgnprob[1:i - 1]) = 0.0634648370497427
5376/16384
mean(sgnprob[1:i - 1]) = 0.06604651162790698
5504/16384
mean(sgnprob[1:i - 1]) = 0.07359622024350354
5632/16384
mean(sgnprob[1:i - 1]) = 0.0800923459421062
5760/16384
mean(sgnprob[1:i - 1]) = 0.0755339468657753
5888/16384
mean(sgnprob[1:i - 1]) = 0.06879565143536606
6016/16384
mean(sgnprob[1:i - 1]) = 0.07165419783873649
6144/16384
mean(sgnprob[1:i - 1]) = 0.07374247110532313
6272/16384
mean(sgnprob[1:i - 1]) = 0.06872907032371232
6400/16384
mean(sgnprob[1:i - 1]) = 0.06235349273323957
6528/16384
mean(sgnprob[1:i - 1]) = 0.06358204381798682
6656/16384
mean(sgnprob[1:i - 1]) = 0.0608564988730278
6784/16384
mean(sgnprob[1:i - 1]) = 0.0638360607400855
6912/16384
mean(sgnprob[1:i - 1]) = 0.06930979597742729
7040/16384
mean(sgnprob[1:i - 1]) = 0.0754368518255434
7168/16384
mean(sgnprob[1:i - 1]) = 0.06906655504395144
7296/16384
mean(sgnprob[1:i - 1]) = 0.06922549691569568
7424/16384
mean(sgnprob[1:i - 1]) = 0.07530647985989491
7552/16384
mean(sgnprob[1:i - 1]) = 0.07005694609985433
7680/16384
mean(sgnprob[1:i - 1]) = 0.06810782653991405
7808/16384
mean(sgnprob[1:i - 1]) = 0.06289227616241834
7936/16384
mean(sgnprob[1:i - 1]) = 0.06591052299936988
8064/16384
mean(sgnprob[1:i - 1]) = 0.05940716854768697
8192/16384
mean(sgnprob[1:i - 1]) = 0.06531559028201685
8320/16384
mean(sgnprob[1:i - 1]) = 0.05998317105421325
8448/16384
mean(sgnprob[1:i - 1]) = 0.05718006392802178
8576/16384
mean(sgnprob[1:i - 1]) = 0.05912536443148688
8704/16384
mean(sgnprob[1:i - 1]) = 0.06377111340916926
8832/16384
mean(sgnprob[1:i - 1]) = 0.06737628807609557
8960/16384
mean(sgnprob[1:i - 1]) = 0.0635115526286416
9088/16384
mean(sgnprob[1:i - 1]) = 0.06503796632551997
9216/16384
mean(sgnprob[1:i - 1]) = 0.060661964188822574
9344/16384
mean(sgnprob[1:i - 1]) = 0.06346997752327946
9472/16384
mean(sgnprob[1:i - 1]) = 0.06620209059233449
9600/16384
mean(sgnprob[1:i - 1]) = 0.061777268465465156
9728/16384
mean(sgnprob[1:i - 1]) = 0.06425413796648505
9856/16384
mean(sgnprob[1:i - 1]) = 0.06626078132927447
9984/16384
mean(sgnprob[1:i - 1]) = 0.06841630772312932
10112/16384
mean(sgnprob[1:i - 1]) = 0.06300069231530017
10240/16384
mean(sgnprob[1:i - 1]) = 0.06299443305010255
10368/16384
mean(sgnprob[1:i - 1]) = 0.05990161088067908
10496/16384
mean(sgnprob[1:i - 1]) = 0.06164840400190567
10624/16384
mean(sgnprob[1:i - 1]) = 0.0648592676268474
10752/16384
mean(sgnprob[1:i - 1]) = 0.06036647753697331
10880/16384
mean(sgnprob[1:i - 1]) = 0.06351686735913227
11008/16384
mean(sgnprob[1:i - 1]) = 0.06423185245752702
11136/16384
mean(sgnprob[1:i - 1]) = 0.06546924113156713
11264/16384
mean(sgnprob[1:i - 1]) = 0.06259433543460889
11392/16384
mean(sgnprob[1:i - 1]) = 0.06329558423316653
11520/16384
mean(sgnprob[1:i - 1]) = 0.06207136036114246
11648/16384
mean(sgnprob[1:i - 1]) = 0.06516699579290805
11776/16384
mean(sgnprob[1:i - 1]) = 0.06700636942675159
11904/16384
mean(sgnprob[1:i - 1]) = 0.06359741241703772
12032/16384
mean(sgnprob[1:i - 1]) = 0.06075970409774749
12160/16384
mean(sgnprob[1:i - 1]) = 0.05650135701949174
12288/16384
mean(sgnprob[1:i - 1]) = 0.05428501668430048
12416/16384
mean(sgnprob[1:i - 1]) = 0.05050342327829239
12544/16384
mean(sgnprob[1:i - 1]) = 0.053336522363071036
12672/16384
mean(sgnprob[1:i - 1]) = 0.05548101965117197
12800/16384
mean(sgnprob[1:i - 1]) = 0.059145245722322055
12928/16384
mean(sgnprob[1:i - 1]) = 0.061189757871122456
13056/16384
mean(sgnprob[1:i - 1]) = 0.06258138644197625
13184/16384
mean(sgnprob[1:i - 1]) = 0.06379428051278162
13312/16384
mean(sgnprob[1:i - 1]) = 0.06588535797460747
13440/16384
mean(sgnprob[1:i - 1]) = 0.0685318848128581
13568/16384
mean(sgnprob[1:i - 1]) = 0.07053880740030957
13696/16384
mean(sgnprob[1:i - 1]) = 0.06768893756845563
13824/16384
mean(sgnprob[1:i - 1]) = 0.07053461621934456
13952/16384
mean(sgnprob[1:i - 1]) = 0.06788043867823094
14080/16384
mean(sgnprob[1:i - 1]) = 0.06996235528091484
14208/16384
mean(sgnprob[1:i - 1]) = 0.06693883296966284
14336/16384
mean(sgnprob[1:i - 1]) = 0.067317753749564
14464/16384
mean(sgnprob[1:i - 1]) = 0.06423287008227892
14592/16384
mean(sgnprob[1:i - 1]) = 0.06517716400520869
14720/16384
mean(sgnprob[1:i - 1]) = 0.06678442828996535
14848/16384
mean(sgnprob[1:i - 1]) = 0.0643227588064929
14976/16384
mean(sgnprob[1:i - 1]) = 0.06617696160267111
15104/16384
mean(sgnprob[1:i - 1]) = 0.06601337482619347
15232/16384
mean(sgnprob[1:i - 1]) = 0.06375155931980829
15360/16384
mean(sgnprob[1:i - 1]) = 0.06504329708965427
15488/16384
mean(sgnprob[1:i - 1]) = 0.06618454187382966
15616/16384
mean(sgnprob[1:i - 1]) = 0.06845981428113992
15744/16384
mean(sgnprob[1:i - 1]) = 0.06955472273391348
15872/16384
mean(sgnprob[1:i - 1]) = 0.06672547413521518
16000/16384
mean(sgnprob[1:i - 1]) = 0.06731670729420589
16128/16384
mean(sgnprob[1:i - 1]) = 0.06988280523345941
16256/16384
mean(sgnprob[1:i - 1]) = 0.06760996616425716
16384/16384
mean(sgnprob[1:i - 1]) = 0.06903497527925288
734.725714 seconds (167.11 M allocations: 70.745 GiB, 1.42% gc time, 1.22% compilation time)
