## SLURM PROLOG ###############################################################
##    Job ID : 8822240
##  Job Name : sbatch_etgent.sh
##  Nodelist : node1708
##      CPUs : 8
##  Mem/Node : 4096 MB
## Directory : /oscar/home/trazzaz/AFQMC
##   Job Started : Thu Feb 27 05:33:58 PM EST 2025
###############################################################################
seed = 1235
U = 2.0
β = 6.0
Warming up
128/1024
256/1024
384/1024
512/1024
640/1024
768/1024
896/1024
1024/1024
Measuring
128/16384
mean(sgnprob[1:i - 1]) = 0.3543307086614173
256/16384
mean(sgnprob[1:i - 1]) = 0.5058823529411764
384/16384
mean(sgnprob[1:i - 1]) = 0.5091383812010444
512/16384
mean(sgnprob[1:i - 1]) = 0.5420743639921722
640/16384
mean(sgnprob[1:i - 1]) = 0.3395931142410016
768/16384
mean(sgnprob[1:i - 1]) = 0.19947848761408082
896/16384
mean(sgnprob[1:i - 1]) = 0.24692737430167597
1024/16384
mean(sgnprob[1:i - 1]) = 0.14565004887585534
1152/16384
mean(sgnprob[1:i - 1]) = 0.0790616854908775
1280/16384
mean(sgnprob[1:i - 1]) = 0.127443315089914
1408/16384
mean(sgnprob[1:i - 1]) = 0.16417910447761194
1536/16384
mean(sgnprob[1:i - 1]) = 0.1986970684039088
1664/16384
mean(sgnprob[1:i - 1]) = 0.22669873722188816
1792/16384
mean(sgnprob[1:i - 1]) = 0.17699609156895588
1920/16384
mean(sgnprob[1:i - 1]) = 0.19645648775403857
2048/16384
mean(sgnprob[1:i - 1]) = 0.1431362970200293
2176/16384
mean(sgnprob[1:i - 1]) = 0.1632183908045977
2304/16384
mean(sgnprob[1:i - 1]) = 0.12722535822839776
2432/16384
mean(sgnprob[1:i - 1]) = 0.14191690662278897
2560/16384
mean(sgnprob[1:i - 1]) = 0.16686205549042596
2688/16384
mean(sgnprob[1:i - 1]) = 0.13583922590249348
2816/16384
mean(sgnprob[1:i - 1]) = 0.15168738898756662
2944/16384
mean(sgnprob[1:i - 1]) = 0.16139993204213388
3072/16384
mean(sgnprob[1:i - 1]) = 0.17616411592315206
3200/16384
mean(sgnprob[1:i - 1]) = 0.18974679587371054
3328/16384
mean(sgnprob[1:i - 1]) = 0.15779981965734896
3456/16384
mean(sgnprob[1:i - 1]) = 0.16816208393632417
3584/16384
mean(sgnprob[1:i - 1]) = 0.17666759698576612
3712/16384
mean(sgnprob[1:i - 1]) = 0.15278900565885206
3840/16384
mean(sgnprob[1:i - 1]) = 0.1664495962490232
3968/16384
mean(sgnprob[1:i - 1]) = 0.17721199899168136
4096/16384
mean(sgnprob[1:i - 1]) = 0.15213675213675212
4224/16384
mean(sgnprob[1:i - 1]) = 0.1650485436893204
4352/16384
mean(sgnprob[1:i - 1]) = 0.17398299241553666
4480/16384
mean(sgnprob[1:i - 1]) = 0.18597901317258317
4608/16384
mean(sgnprob[1:i - 1]) = 0.19296722378988496
4736/16384
mean(sgnprob[1:i - 1]) = 0.19704329461457235
4864/16384
mean(sgnprob[1:i - 1]) = 0.1782850092535472
4992/16384
mean(sgnprob[1:i - 1]) = 0.1833299939891805
5120/16384
mean(sgnprob[1:i - 1]) = 0.19046688806407502
5248/16384
mean(sgnprob[1:i - 1]) = 0.19687440442157422
5376/16384
mean(sgnprob[1:i - 1]) = 0.20409302325581397
5504/16384
mean(sgnprob[1:i - 1]) = 0.21206614573868798
5632/16384
mean(sgnprob[1:i - 1]) = 0.19410406677321967
5760/16384
mean(sgnprob[1:i - 1]) = 0.20125021705157145
5888/16384
mean(sgnprob[1:i - 1]) = 0.18566332597248175
6016/16384
mean(sgnprob[1:i - 1]) = 0.19235245220282626
6144/16384
mean(sgnprob[1:i - 1]) = 0.20039068858863748
6272/16384
mean(sgnprob[1:i - 1]) = 0.20586828257056292
6400/16384
mean(sgnprob[1:i - 1]) = 0.19331145491483046
6528/16384
mean(sgnprob[1:i - 1]) = 0.19871303814922628
6656/16384
mean(sgnprob[1:i - 1]) = 0.20330578512396694
6784/16384
mean(sgnprob[1:i - 1]) = 0.21155830753353974
6912/16384
mean(sgnprob[1:i - 1]) = 0.2001157574880625
7040/16384
mean(sgnprob[1:i - 1]) = 0.20443244779087938
7168/16384
mean(sgnprob[1:i - 1]) = 0.1929677689409795
7296/16384
mean(sgnprob[1:i - 1]) = 0.1983550376970528
7424/16384
mean(sgnprob[1:i - 1]) = 0.20544254344604607
7552/16384
mean(sgnprob[1:i - 1]) = 0.21017083829956298
7680/16384
mean(sgnprob[1:i - 1]) = 0.21343924990233104
7808/16384
mean(sgnprob[1:i - 1]) = 0.2168566670936339
7936/16384
mean(sgnprob[1:i - 1]) = 0.2060491493383743
8064/16384
mean(sgnprob[1:i - 1]) = 0.21096366116829965
8192/16384
mean(sgnprob[1:i - 1]) = 0.1991209864485411
8320/16384
mean(sgnprob[1:i - 1]) = 0.20351003726409425
8448/16384
mean(sgnprob[1:i - 1]) = 0.20823961169646027
8576/16384
mean(sgnprob[1:i - 1]) = 0.21306122448979592
8704/16384
mean(sgnprob[1:i - 1]) = 0.21911984373204643
8832/16384
mean(sgnprob[1:i - 1]) = 0.22364398142905673
8960/16384
mean(sgnprob[1:i - 1]) = 0.22893180042415448
9088/16384
mean(sgnprob[1:i - 1]) = 0.21778364696819633
9216/16384
mean(sgnprob[1:i - 1]) = 0.21996744438415627
9344/16384
mean(sgnprob[1:i - 1]) = 0.22444610938670662
9472/16384
mean(sgnprob[1:i - 1]) = 0.22711434906556857
9600/16384
mean(sgnprob[1:i - 1]) = 0.21658506094384833
9728/16384
mean(sgnprob[1:i - 1]) = 0.21887529556903465
9856/16384
mean(sgnprob[1:i - 1]) = 0.22171486555048198
9984/16384
mean(sgnprob[1:i - 1]) = 0.22408093759390965
10112/16384
mean(sgnprob[1:i - 1]) = 0.22658490752645633
10240/16384
mean(sgnprob[1:i - 1]) = 0.23156558257642348
10368/16384
mean(sgnprob[1:i - 1]) = 0.22176135815568632
10496/16384
mean(sgnprob[1:i - 1]) = 0.22553596950929014
10624/16384
mean(sgnprob[1:i - 1]) = 0.21566412501176693
10752/16384
mean(sgnprob[1:i - 1]) = 0.2194214491675193
10880/16384
mean(sgnprob[1:i - 1]) = 0.22272267671660997
11008/16384
mean(sgnprob[1:i - 1]) = 0.21268283819387662
11136/16384
mean(sgnprob[1:i - 1]) = 0.21454872025145935
11264/16384
mean(sgnprob[1:i - 1]) = 0.21708248246470746
11392/16384
mean(sgnprob[1:i - 1]) = 0.22078834167325082
11520/16384
mean(sgnprob[1:i - 1]) = 0.22354371039152704
11648/16384
mean(sgnprob[1:i - 1]) = 0.22778397870696315
11776/16384
mean(sgnprob[1:i - 1]) = 0.23125265392781316
11904/16384
mean(sgnprob[1:i - 1]) = 0.23414265311266066
12032/16384
mean(sgnprob[1:i - 1]) = 0.23647244618069985
12160/16384
mean(sgnprob[1:i - 1]) = 0.23957562299531213
12288/16384
mean(sgnprob[1:i - 1]) = 0.24342801334744038
12416/16384
mean(sgnprob[1:i - 1]) = 0.24559001208215867
12544/16384
mean(sgnprob[1:i - 1]) = 0.24866459379733716
12672/16384
mean(sgnprob[1:i - 1]) = 0.2518348985873254
12800/16384
mean(sgnprob[1:i - 1]) = 0.24384717556059068
12928/16384
mean(sgnprob[1:i - 1]) = 0.23508934787653749
13056/16384
mean(sgnprob[1:i - 1]) = 0.23783990808119496
13184/16384
mean(sgnprob[1:i - 1]) = 0.24068876583478724
13312/16384
mean(sgnprob[1:i - 1]) = 0.24243107204567652
13440/16384
mean(sgnprob[1:i - 1]) = 0.2442890095989285
13568/16384
mean(sgnprob[1:i - 1]) = 0.2369720645684381
13696/16384
mean(sgnprob[1:i - 1]) = 0.23008397225264696
13824/16384
mean(sgnprob[1:i - 1]) = 0.23258337553353106
13952/16384
mean(sgnprob[1:i - 1]) = 0.2361837861085227
14080/16384
mean(sgnprob[1:i - 1]) = 0.23957667447972156
14208/16384
mean(sgnprob[1:i - 1]) = 0.2424860984021961
14336/16384
mean(sgnprob[1:i - 1]) = 0.245204046041158
14464/16384
mean(sgnprob[1:i - 1]) = 0.2478738850860817
14592/16384
mean(sgnprob[1:i - 1]) = 0.2503598108423
14720/16384
mean(sgnprob[1:i - 1]) = 0.25185134859705144
14848/16384
mean(sgnprob[1:i - 1]) = 0.24510002020610225
14976/16384
mean(sgnprob[1:i - 1]) = 0.2466110183639399
15104/16384
mean(sgnprob[1:i - 1]) = 0.2488909488181156
15232/16384
mean(sgnprob[1:i - 1]) = 0.2429912678090736
15360/16384
mean(sgnprob[1:i - 1]) = 0.24513314668923758
15488/16384
mean(sgnprob[1:i - 1]) = 0.23819978046103182
15616/16384
mean(sgnprob[1:i - 1]) = 0.23227665706051873
15744/16384
mean(sgnprob[1:i - 1]) = 0.2363590167058375
15872/16384
mean(sgnprob[1:i - 1]) = 0.22966416734925335
16000/16384
mean(sgnprob[1:i - 1]) = 0.23145196574785923
16128/16384
mean(sgnprob[1:i - 1]) = 0.23283933775655732
16256/16384
mean(sgnprob[1:i - 1]) = 0.23543525069209473
16384/16384
mean(sgnprob[1:i - 1]) = 0.23823475553927853
755.133310 seconds (167.11 M allocations: 70.745 GiB, 2.01% gc time, 1.32% compilation time)
