## SLURM PROLOG ###############################################################
##    Job ID : 8834044
##  Job Name : sbatch_etgent.sh
##  Nodelist : node1733
##      CPUs : 8
##  Mem/Node : 4096 MB
## Directory : /oscar/home/trazzaz/AFQMC
##   Job Started : Fri Feb 28 05:15:19 AM EST 2025
###############################################################################
seed = 1598
U = 2.0
β = 6.0
Warming up
128/1024
256/1024
384/1024
512/1024
640/1024
768/1024
896/1024
1024/1024
Measuring
128/16384
mean(sgnprob[1:i - 1]) = -0.3700787401574803
256/16384
mean(sgnprob[1:i - 1]) = -0.30980392156862746
384/16384
mean(sgnprob[1:i - 1]) = -0.09138381201044386
512/16384
mean(sgnprob[1:i - 1]) = 0.025440313111545987
640/16384
mean(sgnprob[1:i - 1]) = -0.00782472613458529
768/16384
mean(sgnprob[1:i - 1]) = 0.05345501955671447
896/16384
mean(sgnprob[1:i - 1]) = 0.09720670391061452
1024/16384
mean(sgnprob[1:i - 1]) = 0.13978494623655913
1152/16384
mean(sgnprob[1:i - 1]) = 0.08253692441355343
1280/16384
mean(sgnprob[1:i - 1]) = 0.11024237685691947
1408/16384
mean(sgnprob[1:i - 1]) = 0.14001421464108033
1536/16384
mean(sgnprob[1:i - 1]) = 0.1504885993485342
1664/16384
mean(sgnprob[1:i - 1]) = 0.16055321707757064
1792/16384
mean(sgnprob[1:i - 1]) = 0.12451144611948632
1920/16384
mean(sgnprob[1:i - 1]) = 0.10057321521625846
2048/16384
mean(sgnprob[1:i - 1]) = 0.10698583292623351
2176/16384
mean(sgnprob[1:i - 1]) = 0.11540229885057471
2304/16384
mean(sgnprob[1:i - 1]) = 0.12809379070777246
2432/16384
mean(sgnprob[1:i - 1]) = 0.1065405183052242
2560/16384
mean(sgnprob[1:i - 1]) = 0.123094958968347
2688/16384
mean(sgnprob[1:i - 1]) = 0.12765165612206922
2816/16384
mean(sgnprob[1:i - 1]) = 0.13321492007104796
2944/16384
mean(sgnprob[1:i - 1]) = 0.13761467889908258
3072/16384
mean(sgnprob[1:i - 1]) = 0.12145880820579616
3200/16384
mean(sgnprob[1:i - 1]) = 0.10722100656455143
3328/16384
mean(sgnprob[1:i - 1]) = 0.11391644123835287
3456/16384
mean(sgnprob[1:i - 1]) = 0.10159189580318378
3584/16384
mean(sgnprob[1:i - 1]) = 0.10856823890594473
3712/16384
mean(sgnprob[1:i - 1]) = 0.09943411479385611
3840/16384
mean(sgnprob[1:i - 1]) = 0.1081010679864548
3968/16384
mean(sgnprob[1:i - 1]) = 0.09452987143937484
4096/16384
mean(sgnprob[1:i - 1]) = 0.09938949938949938
4224/16384
mean(sgnprob[1:i - 1]) = 0.10726971347383377
4352/16384
mean(sgnprob[1:i - 1]) = 0.09262238565846932
4480/16384
mean(sgnprob[1:i - 1]) = 0.08149140433132396
4608/16384
mean(sgnprob[1:i - 1]) = 0.06880833514217495
4736/16384
mean(sgnprob[1:i - 1]) = 0.05976768743400211
4864/16384
mean(sgnprob[1:i - 1]) = 0.0647748303516348
4992/16384
mean(sgnprob[1:i - 1]) = 0.07192947305149269
5120/16384
mean(sgnprob[1:i - 1]) = 0.07911701504200039
5248/16384
mean(sgnprob[1:i - 1]) = 0.06956356012959787
5376/16384
mean(sgnprob[1:i - 1]) = 0.07497674418604651
5504/16384
mean(sgnprob[1:i - 1]) = 0.08013810648737052
5632/16384
mean(sgnprob[1:i - 1]) = 0.07298881193393714
5760/16384
mean(sgnprob[1:i - 1]) = 0.07692307692307693
5888/16384
mean(sgnprob[1:i - 1]) = 0.06913538304739256
6016/16384
mean(sgnprob[1:i - 1]) = 0.06034912718204489
6144/16384
mean(sgnprob[1:i - 1]) = 0.0656031255087091
6272/16384
mean(sgnprob[1:i - 1]) = 0.05788550470419391
6400/16384
mean(sgnprob[1:i - 1]) = 0.0664166275980622
6528/16384
mean(sgnprob[1:i - 1]) = 0.06787191665389919
6656/16384
mean(sgnprob[1:i - 1]) = 0.07077385424492863
6784/16384
mean(sgnprob[1:i - 1]) = 0.07563025210084033
6912/16384
mean(sgnprob[1:i - 1]) = 0.07075676457820865
7040/16384
mean(sgnprob[1:i - 1]) = 0.07401619548231284
7168/16384
mean(sgnprob[1:i - 1]) = 0.07994976977814985
7296/16384
mean(sgnprob[1:i - 1]) = 0.08512679917751885
7424/16384
mean(sgnprob[1:i - 1]) = 0.09120301764785127
7552/16384
mean(sgnprob[1:i - 1]) = 0.08250562839359026
7680/16384
mean(sgnprob[1:i - 1]) = 0.08659981768459435
7808/16384
mean(sgnprob[1:i - 1]) = 0.09235301652363263
7936/16384
mean(sgnprob[1:i - 1]) = 0.08405797101449275
8064/16384
mean(sgnprob[1:i - 1]) = 0.07627433957584026
8192/16384
mean(sgnprob[1:i - 1]) = 0.08338420217311683
8320/16384
mean(sgnprob[1:i - 1]) = 0.0770525303522058
8448/16384
mean(sgnprob[1:i - 1]) = 0.07967325677755416
8576/16384
mean(sgnprob[1:i - 1]) = 0.08454810495626822
8704/16384
mean(sgnprob[1:i - 1]) = 0.08721130644605309
8832/16384
mean(sgnprob[1:i - 1]) = 0.08141773298607179
8960/16384
mean(sgnprob[1:i - 1]) = 0.07645942627525393
9088/16384
mean(sgnprob[1:i - 1]) = 0.07186090018708044
9216/16384
mean(sgnprob[1:i - 1]) = 0.0769397721106891
9344/16384
mean(sgnprob[1:i - 1]) = 0.07866852188804453
9472/16384
mean(sgnprob[1:i - 1]) = 0.0841516207369866
9600/16384
mean(sgnprob[1:i - 1]) = 0.07948744660902177
9728/16384
mean(sgnprob[1:i - 1]) = 0.08358178266680374
9856/16384
mean(sgnprob[1:i - 1]) = 0.08655504819888382
9984/16384
mean(sgnprob[1:i - 1]) = 0.08163878593609135
10112/16384
mean(sgnprob[1:i - 1]) = 0.08377015132034418
10240/16384
mean(sgnprob[1:i - 1]) = 0.08506690106455708
10368/16384
mean(sgnprob[1:i - 1]) = 0.07938651490305777
10496/16384
mean(sgnprob[1:i - 1]) = 0.08108623153882802
10624/16384
mean(sgnprob[1:i - 1]) = 0.08330979949166901
10752/16384
mean(sgnprob[1:i - 1]) = 0.08696865407869035
10880/16384
mean(sgnprob[1:i - 1]) = 0.09054141005607133
11008/16384
mean(sgnprob[1:i - 1]) = 0.09112383028981558
11136/16384
mean(sgnprob[1:i - 1]) = 0.09205208801077683
11264/16384
mean(sgnprob[1:i - 1]) = 0.09509011808576756
11392/16384
mean(sgnprob[1:i - 1]) = 0.09261697831621456
11520/16384
mean(sgnprob[1:i - 1]) = 0.09453945655004775
11648/16384
mean(sgnprob[1:i - 1]) = 0.09058126556194729
11776/16384
mean(sgnprob[1:i - 1]) = 0.09401273885350318
11904/16384
mean(sgnprob[1:i - 1]) = 0.09602621187935814
12032/16384
mean(sgnprob[1:i - 1]) = 0.09982545091846064
12160/16384
mean(sgnprob[1:i - 1]) = 0.10157085286618965
12288/16384
mean(sgnprob[1:i - 1]) = 0.10295434198746643
12416/16384
mean(sgnprob[1:i - 1]) = 0.10672573499798631
12544/16384
mean(sgnprob[1:i - 1]) = 0.1105796061548274
12672/16384
mean(sgnprob[1:i - 1]) = 0.11325073001341646
12800/16384
mean(sgnprob[1:i - 1]) = 0.11461832955699663
12928/16384
mean(sgnprob[1:i - 1]) = 0.11719656532838245
13056/16384
mean(sgnprob[1:i - 1]) = 0.11374952125622367
13184/16384
mean(sgnprob[1:i - 1]) = 0.1167412576803459
13312/16384
mean(sgnprob[1:i - 1]) = 0.11742168131620465
13440/16384
mean(sgnprob[1:i - 1]) = 0.12032145248902448
13568/16384
mean(sgnprob[1:i - 1]) = 0.12213459128768335
13696/16384
mean(sgnprob[1:i - 1]) = 0.12435195326761592
13824/16384
mean(sgnprob[1:i - 1]) = 0.12739636837155466
13952/16384
mean(sgnprob[1:i - 1]) = 0.1288079707547846
14080/16384
mean(sgnprob[1:i - 1]) = 0.1306200724483273
14208/16384
mean(sgnprob[1:i - 1]) = 0.132258745688745
14336/16384
mean(sgnprob[1:i - 1]) = 0.13372863620509243
14464/16384
mean(sgnprob[1:i - 1]) = 0.1353107930581484
14592/16384
mean(sgnprob[1:i - 1]) = 0.13755054485641835
14720/16384
mean(sgnprob[1:i - 1]) = 0.13757728106528977
14848/16384
mean(sgnprob[1:i - 1]) = 0.13410116521856266
14976/16384
mean(sgnprob[1:i - 1]) = 0.1298831385642738
15104/16384
mean(sgnprob[1:i - 1]) = 0.12560418459908626
15232/16384
mean(sgnprob[1:i - 1]) = 0.12271026196572779
15360/16384
mean(sgnprob[1:i - 1]) = 0.12364086203528876
15488/16384
mean(sgnprob[1:i - 1]) = 0.12171498676309163
15616/16384
mean(sgnprob[1:i - 1]) = 0.11802753762407941
15744/16384
mean(sgnprob[1:i - 1]) = 0.11859239026869085
15872/16384
mean(sgnprob[1:i - 1]) = 0.11536765169176486
16000/16384
mean(sgnprob[1:i - 1]) = 0.11744484030251891
16128/16384
mean(sgnprob[1:i - 1]) = 0.11899299311713275
16256/16384
mean(sgnprob[1:i - 1]) = 0.12051676407259306
16384/16384
mean(sgnprob[1:i - 1]) = 0.11798815845693707
732.954569 seconds (167.11 M allocations: 70.745 GiB, 1.62% gc time, 1.22% compilation time)
