## SLURM PROLOG ###############################################################
##    Job ID : 5902771
##  Job Name : etgent_N2_seed1259
##  Nodelist : node1735
##      CPUs : 8
##  Mem/Node : 2048 MB
## Directory : /oscar/home/trazzaz/AFQMC
##   Job Started : Mon Nov 11 01:20:18 AM EST 2024
###############################################################################
U = 2.0
seed = 1259
λₖ = 0.0
Warming up
128/512
256/512
384/512
512/512
Measuring
128/1024
256/1024
384/1024
512/1024
640/1024
768/1024
896/1024
1024/1024
248.210068 seconds (203.81 M allocations: 1.089 TiB, 19.01% gc time, 3.01% compilation time)
λₖ = 0.2
Warming up
128/512
256/512
384/512
512/512
Measuring
128/1024
256/1024
384/1024
512/1024
640/1024
768/1024
896/1024
1024/1024
259.943284 seconds (201.96 M allocations: 1.089 TiB, 18.62% gc time, 0.03% compilation time)
λₖ = 0.4
Warming up
128/512
256/512
384/512
512/512
Measuring
128/1024
256/1024
384/1024
512/1024
640/1024
768/1024
896/1024
1024/1024
206.230951 seconds (201.96 M allocations: 1.089 TiB, 20.44% gc time)
λₖ = 0.6
Warming up
128/512
256/512
384/512
512/512
Measuring
128/1024
256/1024
384/1024
512/1024
640/1024
768/1024
896/1024
1024/1024
206.334560 seconds (201.96 M allocations: 1.089 TiB, 20.35% gc time)
λₖ = 0.8
Warming up
128/512
256/512
384/512
512/512
Measuring
128/1024
256/1024
384/1024
512/1024
640/1024
768/1024
896/1024
1024/1024
207.497395 seconds (201.96 M allocations: 1.089 TiB, 20.66% gc time)
