## SLURM PROLOG ###############################################################
##    Job ID : 8833900
##  Job Name : sbatch_etgent.sh
##  Nodelist : node1733
##      CPUs : 8
##  Mem/Node : 4096 MB
## Directory : /oscar/home/trazzaz/AFQMC
##   Job Started : Fri Feb 28 01:24:56 AM EST 2025
###############################################################################
seed = 1454
U = 2.0
β = 6.0
Warming up
128/1024
256/1024
384/1024
512/1024
640/1024
768/1024
896/1024
1024/1024
Measuring
128/16384
mean(sgnprob[1:i - 1]) = 0.5748031496062992
256/16384
mean(sgnprob[1:i - 1]) = 0.5764705882352941
384/16384
mean(sgnprob[1:i - 1]) = 0.597911227154047
512/16384
mean(sgnprob[1:i - 1]) = 0.5851272015655578
640/16384
mean(sgnprob[1:i - 1]) = 0.6150234741784038
768/16384
mean(sgnprob[1:i - 1]) = 0.4315514993481095
896/16384
mean(sgnprob[1:i - 1]) = 0.4301675977653631
1024/16384
mean(sgnprob[1:i - 1]) = 0.30009775171065495
1152/16384
mean(sgnprob[1:i - 1]) = 0.32927888792354476
1280/16384
mean(sgnprob[1:i - 1]) = 0.35887412040656763
1408/16384
mean(sgnprob[1:i - 1]) = 0.3759772565742715
1536/16384
mean(sgnprob[1:i - 1]) = 0.38371335504885995
1664/16384
mean(sgnprob[1:i - 1]) = 0.3938665063138906
1792/16384
mean(sgnprob[1:i - 1]) = 0.39586823003908433
1920/16384
mean(sgnprob[1:i - 1]) = 0.3381969775924961
2048/16384
mean(sgnprob[1:i - 1]) = 0.3424523693209575
2176/16384
mean(sgnprob[1:i - 1]) = 0.2947126436781609
2304/16384
mean(sgnprob[1:i - 1]) = 0.24793747286148501
2432/16384
mean(sgnprob[1:i - 1]) = 0.26450020567667626
2560/16384
mean(sgnprob[1:i - 1]) = 0.27471668620554907
2688/16384
mean(sgnprob[1:i - 1]) = 0.28693710457759586
2816/16384
mean(sgnprob[1:i - 1]) = 0.2959147424511545
2944/16384
mean(sgnprob[1:i - 1]) = 0.3041114509004417
3072/16384
mean(sgnprob[1:i - 1]) = 0.26994464343861935
3200/16384
mean(sgnprob[1:i - 1]) = 0.2778993435448578
3328/16384
mean(sgnprob[1:i - 1]) = 0.281033964532612
3456/16384
mean(sgnprob[1:i - 1]) = 0.29088277858176553
3584/16384
mean(sgnprob[1:i - 1]) = 0.26262908177504884
3712/16384
mean(sgnprob[1:i - 1]) = 0.27081649151172194
3840/16384
mean(sgnprob[1:i - 1]) = 0.28002083876009376
3968/16384
mean(sgnprob[1:i - 1]) = 0.2896395260902445
4096/16384
mean(sgnprob[1:i - 1]) = 0.29572649572649573
4224/16384
mean(sgnprob[1:i - 1]) = 0.2711342647407057
4352/16384
mean(sgnprob[1:i - 1]) = 0.2732705125258561
4480/16384
mean(sgnprob[1:i - 1]) = 0.27796383121232415
4608/16384
mean(sgnprob[1:i - 1]) = 0.2832645973518559
4736/16384
mean(sgnprob[1:i - 1]) = 0.28743400211193243
4864/16384
mean(sgnprob[1:i - 1]) = 0.29261772568373434
4992/16384
mean(sgnprob[1:i - 1]) = 0.29873772791023845
5120/16384
mean(sgnprob[1:i - 1]) = 0.30337956632154717
5248/16384
mean(sgnprob[1:i - 1]) = 0.30779493043643985
5376/16384
mean(sgnprob[1:i - 1]) = 0.2907906976744186
5504/16384
mean(sgnprob[1:i - 1]) = 0.2963837906596402
5632/16384
mean(sgnprob[1:i - 1]) = 0.30562955070147396
5760/16384
mean(sgnprob[1:i - 1]) = 0.287723563118597
5888/16384
mean(sgnprob[1:i - 1]) = 0.29301851537285545
6016/16384
mean(sgnprob[1:i - 1]) = 0.29875311720698255
6144/16384
mean(sgnprob[1:i - 1]) = 0.3022952954582452
6272/16384
mean(sgnprob[1:i - 1]) = 0.2840057407112103
6400/16384
mean(sgnprob[1:i - 1]) = 0.26676043131739335
6528/16384
mean(sgnprob[1:i - 1]) = 0.2728665543128543
6656/16384
mean(sgnprob[1:i - 1]) = 0.27693463561232157
6784/16384
mean(sgnprob[1:i - 1]) = 0.2811440365619932
6912/16384
mean(sgnprob[1:i - 1]) = 0.2857762986543192
7040/16384
mean(sgnprob[1:i - 1]) = 0.28910356584742153
7168/16384
mean(sgnprob[1:i - 1]) = 0.29398632621738524
7296/16384
mean(sgnprob[1:i - 1]) = 0.29842357779300893
7424/16384
mean(sgnprob[1:i - 1]) = 0.30351609861242085
7552/16384
mean(sgnprob[1:i - 1]) = 0.3084359687458615
7680/16384
mean(sgnprob[1:i - 1]) = 0.31032686547727567
7808/16384
mean(sgnprob[1:i - 1]) = 0.31292429870628924
7936/16384
mean(sgnprob[1:i - 1]) = 0.3149338374291115
8064/16384
mean(sgnprob[1:i - 1]) = 0.3178717598908595
8192/16384
mean(sgnprob[1:i - 1]) = 0.32022952020510315
8320/16384
mean(sgnprob[1:i - 1]) = 0.32515927395119604
8448/16384
mean(sgnprob[1:i - 1]) = 0.3270983781224103
8576/16384
mean(sgnprob[1:i - 1]) = 0.3292128279883382
8704/16384
mean(sgnprob[1:i - 1]) = 0.31770653797541076
8832/16384
mean(sgnprob[1:i - 1]) = 0.32125467104518174
8960/16384
mean(sgnprob[1:i - 1]) = 0.3235852215649068
9088/16384
mean(sgnprob[1:i - 1]) = 0.32761087267525035
9216/16384
mean(sgnprob[1:i - 1]) = 0.3313076505697233
9344/16384
mean(sgnprob[1:i - 1]) = 0.33254843198116235
9472/16384
mean(sgnprob[1:i - 1]) = 0.336289726533629
9600/16384
mean(sgnprob[1:i - 1]) = 0.3395145327638296
9728/16384
mean(sgnprob[1:i - 1]) = 0.34162640074020767
9856/16384
mean(sgnprob[1:i - 1]) = 0.3436834094368341
9984/16384
mean(sgnprob[1:i - 1]) = 0.3458880096163478
10112/16384
mean(sgnprob[1:i - 1]) = 0.34645435664128177
10240/16384
mean(sgnprob[1:i - 1]) = 0.3497411856626624
10368/16384
mean(sgnprob[1:i - 1]) = 0.35178933153274816
10496/16384
mean(sgnprob[1:i - 1]) = 0.3545497856121963
10624/16384
mean(sgnprob[1:i - 1]) = 0.3561140920643886
10752/16384
mean(sgnprob[1:i - 1]) = 0.35745512045391126
10880/16384
mean(sgnprob[1:i - 1]) = 0.3466311241842081
11008/16384
mean(sgnprob[1:i - 1]) = 0.34841464522576543
11136/16384
mean(sgnprob[1:i - 1]) = 0.35159407274360127
11264/16384
mean(sgnprob[1:i - 1]) = 0.35292550830151825
11392/16384
mean(sgnprob[1:i - 1]) = 0.3535247124923185
11520/16384
mean(sgnprob[1:i - 1]) = 0.3431721503602743
11648/16384
mean(sgnprob[1:i - 1]) = 0.3466128616811196
11776/16384
mean(sgnprob[1:i - 1]) = 0.34794055201698515
11904/16384
mean(sgnprob[1:i - 1]) = 0.33932622028060155
12032/16384
mean(sgnprob[1:i - 1]) = 0.3420330812068822
12160/16384
mean(sgnprob[1:i - 1]) = 0.33251089727773664
12288/16384
mean(sgnprob[1:i - 1]) = 0.3334418491088142
12416/16384
mean(sgnprob[1:i - 1]) = 0.3364478453483689
12544/16384
mean(sgnprob[1:i - 1]) = 0.3373196205054612
12672/16384
mean(sgnprob[1:i - 1]) = 0.32886117907031803
12800/16384
mean(sgnprob[1:i - 1]) = 0.32947886553637
12928/16384
mean(sgnprob[1:i - 1]) = 0.33225032876924265
13056/16384
mean(sgnprob[1:i - 1]) = 0.3354270394484872
13184/16384
mean(sgnprob[1:i - 1]) = 0.32625350830615185
13312/16384
mean(sgnprob[1:i - 1]) = 0.32942678987303736
13440/16384
mean(sgnprob[1:i - 1]) = 0.3310514175161842
13568/16384
mean(sgnprob[1:i - 1]) = 0.3336773052259158
13696/16384
mean(sgnprob[1:i - 1]) = 0.33552391383716684
13824/16384
mean(sgnprob[1:i - 1]) = 0.3364682051653042
13952/16384
mean(sgnprob[1:i - 1]) = 0.33710845100709624
14080/16384
mean(sgnprob[1:i - 1]) = 0.32864550039065277
14208/16384
mean(sgnprob[1:i - 1]) = 0.3297670162595903
14336/16384
mean(sgnprob[1:i - 1]) = 0.3319846529473317
14464/16384
mean(sgnprob[1:i - 1]) = 0.3333333333333333
14592/16384
mean(sgnprob[1:i - 1]) = 0.3264341032143102
14720/16384
mean(sgnprob[1:i - 1]) = 0.32835111080915824
14848/16384
mean(sgnprob[1:i - 1]) = 0.3298309422779013
14976/16384
mean(sgnprob[1:i - 1]) = 0.332220367278798
15104/16384
mean(sgnprob[1:i - 1]) = 0.3348341389127988
15232/16384
mean(sgnprob[1:i - 1]) = 0.33714135644409426
15360/16384
mean(sgnprob[1:i - 1]) = 0.32977407383293184
15488/16384
mean(sgnprob[1:i - 1]) = 0.33143927164718795
15616/16384
mean(sgnprob[1:i - 1]) = 0.3319244316362472
15744/16384
mean(sgnprob[1:i - 1]) = 0.3335450676491139
15872/16384
mean(sgnprob[1:i - 1]) = 0.334887530716401
16000/16384
mean(sgnprob[1:i - 1]) = 0.3285830364397775
16128/16384
mean(sgnprob[1:i - 1]) = 0.32969554163824644
16256/16384
mean(sgnprob[1:i - 1]) = 0.33091356505690556
16384/16384
mean(sgnprob[1:i - 1]) = 0.3328450222791918
730.737841 seconds (167.11 M allocations: 70.745 GiB, 1.46% gc time, 1.21% compilation time)
