## SLURM PROLOG ###############################################################
##    Job ID : 5896901
##  Job Name : etgent_2x2_seed1242
##  Nodelist : node1649
##      CPUs : 8
##  Mem/Node : 2048 MB
## Directory : /oscar/home/trazzaz/AFQMC
##   Job Started : Sun Nov 10 05:33:41 PM EST 2024
###############################################################################
U = 2.0
seed = 1242
λₖ = 0.0
Warming up
128/512
256/512
384/512
512/512
Measuring
128/1024
256/1024
384/1024
512/1024
640/1024
768/1024
896/1024
1024/1024
330.739120 seconds (210.26 M allocations: 1.099 TiB, 18.15% gc time, 2.24% compilation time)
λₖ = 0.2
Warming up
128/512
256/512
384/512
512/512
Measuring
128/1024
256/1024
384/1024
512/1024
640/1024
768/1024
896/1024
1024/1024
318.530729 seconds (208.41 M allocations: 1.099 TiB, 18.07% gc time, 0.03% compilation time)
λₖ = 0.4
Warming up
128/512
256/512
384/512
512/512
Measuring
128/1024
256/1024
384/1024
512/1024
640/1024
768/1024
896/1024
1024/1024
285.885834 seconds (208.41 M allocations: 1.099 TiB, 18.09% gc time)
λₖ = 0.6
Warming up
128/512
256/512
384/512
512/512
Measuring
128/1024
256/1024
384/1024
512/1024
640/1024
768/1024
896/1024
1024/1024
256.144621 seconds (208.41 M allocations: 1.099 TiB, 18.32% gc time)
λₖ = 0.8
Warming up
128/512
256/512
384/512
512/512
Measuring
128/1024
256/1024
384/1024
512/1024
640/1024
768/1024
896/1024
1024/1024
207.329457 seconds (208.41 M allocations: 1.099 TiB, 17.87% gc time)
