## SLURM PROLOG ###############################################################
##    Job ID : 8834053
##  Job Name : sbatch_etgent.sh
##  Nodelist : node1736
##      CPUs : 8
##  Mem/Node : 4096 MB
## Directory : /oscar/home/trazzaz/AFQMC
##   Job Started : Fri Feb 28 05:31:25 AM EST 2025
###############################################################################
seed = 1607
U = 2.0
β = 6.0
Warming up
128/1024
256/1024
384/1024
512/1024
640/1024
768/1024
896/1024
1024/1024
Measuring
128/16384
mean(sgnprob[1:i - 1]) = 0.3858267716535433
256/16384
mean(sgnprob[1:i - 1]) = 0.3568627450980392
384/16384
mean(sgnprob[1:i - 1]) = 0.31070496083550914
512/16384
mean(sgnprob[1:i - 1]) = 0.33072407045009783
640/16384
mean(sgnprob[1:i - 1]) = 0.3395931142410016
768/16384
mean(sgnprob[1:i - 1]) = 0.3559322033898305
896/16384
mean(sgnprob[1:i - 1]) = 0.24022346368715083
1024/16384
mean(sgnprob[1:i - 1]) = 0.15542521994134897
1152/16384
mean(sgnprob[1:i - 1]) = 0.17810599478714162
1280/16384
mean(sgnprob[1:i - 1]) = 0.19468334636434714
1408/16384
mean(sgnprob[1:i - 1]) = 0.14285714285714285
1536/16384
mean(sgnprob[1:i - 1]) = 0.16351791530944626
1664/16384
mean(sgnprob[1:i - 1]) = 0.18821407095610343
1792/16384
mean(sgnprob[1:i - 1]) = 0.2037967615857063
1920/16384
mean(sgnprob[1:i - 1]) = 0.22146951537258988
2048/16384
mean(sgnprob[1:i - 1]) = 0.23693209574987786
2176/16384
mean(sgnprob[1:i - 1]) = 0.2524137931034483
2304/16384
mean(sgnprob[1:i - 1]) = 0.25227963525835867
2432/16384
mean(sgnprob[1:i - 1]) = 0.2612093788564377
2560/16384
mean(sgnprob[1:i - 1]) = 0.26221180148495504
2688/16384
mean(sgnprob[1:i - 1]) = 0.2660960178637886
2816/16384
mean(sgnprob[1:i - 1]) = 0.26678507992895206
2944/16384
mean(sgnprob[1:i - 1]) = 0.27149167516139994
3072/16384
mean(sgnprob[1:i - 1]) = 0.24128948225333768
3200/16384
mean(sgnprob[1:i - 1]) = 0.25164113785557984
3328/16384
mean(sgnprob[1:i - 1]) = 0.2233243162007815
3456/16384
mean(sgnprob[1:i - 1]) = 0.23357452966714906
3584/16384
mean(sgnprob[1:i - 1]) = 0.24085961484789284
3712/16384
mean(sgnprob[1:i - 1]) = 0.21692266235516033
3840/16384
mean(sgnprob[1:i - 1]) = 0.20083355040375098
3968/16384
mean(sgnprob[1:i - 1]) = 0.206957398537938
4096/16384
mean(sgnprob[1:i - 1]) = 0.21318681318681318
4224/16384
mean(sgnprob[1:i - 1]) = 0.21619701633909544
4352/16384
mean(sgnprob[1:i - 1]) = 0.2208687658009653
4480/16384
mean(sgnprob[1:i - 1]) = 0.2252734985487832
4608/16384
mean(sgnprob[1:i - 1]) = 0.2098979813327545
4736/16384
mean(sgnprob[1:i - 1]) = 0.21309398099260823
4864/16384
mean(sgnprob[1:i - 1]) = 0.2177668106107341
4992/16384
mean(sgnprob[1:i - 1]) = 0.2234021238228812
5120/16384
mean(sgnprob[1:i - 1]) = 0.2295370189490135
5248/16384
mean(sgnprob[1:i - 1]) = 0.23346674290070515
5376/16384
mean(sgnprob[1:i - 1]) = 0.2186046511627907
5504/16384
mean(sgnprob[1:i - 1]) = 0.20516082137016173
5632/16384
mean(sgnprob[1:i - 1]) = 0.19126265316995206
5760/16384
mean(sgnprob[1:i - 1]) = 0.19187358916478556
5888/16384
mean(sgnprob[1:i - 1]) = 0.1938168846611177
6016/16384
mean(sgnprob[1:i - 1]) = 0.19667497921862012
6144/16384
mean(sgnprob[1:i - 1]) = 0.18476314504313854
6272/16384
mean(sgnprob[1:i - 1]) = 0.18928400574071122
6400/16384
mean(sgnprob[1:i - 1]) = 0.19487419909360837
6528/16384
mean(sgnprob[1:i - 1]) = 0.18400490271181247
6656/16384
mean(sgnprob[1:i - 1]) = 0.1864763335837716
6784/16384
mean(sgnprob[1:i - 1]) = 0.18973905351614329
6912/16384
mean(sgnprob[1:i - 1]) = 0.1928809144841557
7040/16384
mean(sgnprob[1:i - 1]) = 0.19619264100014205
7168/16384
mean(sgnprob[1:i - 1]) = 0.19659550718571228
7296/16384
mean(sgnprob[1:i - 1]) = 0.1986291980808773
7424/16384
mean(sgnprob[1:i - 1]) = 0.20409537922672774
7552/16384
mean(sgnprob[1:i - 1]) = 0.20699245133094954
7680/16384
mean(sgnprob[1:i - 1]) = 0.19677041281416852
7808/16384
mean(sgnprob[1:i - 1]) = 0.1984116818240041
7936/16384
mean(sgnprob[1:i - 1]) = 0.20050409577819786
8064/16384
mean(sgnprob[1:i - 1]) = 0.19161602381247675
8192/16384
mean(sgnprob[1:i - 1]) = 0.1944817482602857
8320/16384
mean(sgnprob[1:i - 1]) = 0.1955763913931963
8448/16384
mean(sgnprob[1:i - 1]) = 0.1982952527524565
8576/16384
mean(sgnprob[1:i - 1]) = 0.2016326530612245
8704/16384
mean(sgnprob[1:i - 1]) = 0.19338159255429163
8832/16384
mean(sgnprob[1:i - 1]) = 0.1955610916091043
8960/16384
mean(sgnprob[1:i - 1]) = 0.19767831231164193
9088/16384
mean(sgnprob[1:i - 1]) = 0.1995157917904699
9216/16384
mean(sgnprob[1:i - 1]) = 0.19262072707542052
9344/16384
mean(sgnprob[1:i - 1]) = 0.19319276463662635
9472/16384
mean(sgnprob[1:i - 1]) = 0.18382430577552528
9600/16384
mean(sgnprob[1:i - 1]) = 0.18554016043337848
9728/16384
mean(sgnprob[1:i - 1]) = 0.19008944176004935
9856/16384
mean(sgnprob[1:i - 1]) = 0.18214104515474377
9984/16384
mean(sgnprob[1:i - 1]) = 0.17519783632174696
10112/16384
mean(sgnprob[1:i - 1]) = 0.1765404015428741
10240/16384
mean(sgnprob[1:i - 1]) = 0.1704267994921379
10368/16384
mean(sgnprob[1:i - 1]) = 0.17218095881161377
10496/16384
mean(sgnprob[1:i - 1]) = 0.17446403049070985
10624/16384
mean(sgnprob[1:i - 1]) = 0.17782170761555116
10752/16384
mean(sgnprob[1:i - 1]) = 0.17942516975165101
10880/16384
mean(sgnprob[1:i - 1]) = 0.18172626160492691
11008/16384
mean(sgnprob[1:i - 1]) = 0.18488234759698374
11136/16384
mean(sgnprob[1:i - 1]) = 0.187067804220925
11264/16384
mean(sgnprob[1:i - 1]) = 0.18920358696617243
11392/16384
mean(sgnprob[1:i - 1]) = 0.1832148187165306
11520/16384
mean(sgnprob[1:i - 1]) = 0.1761437624793819
11648/16384
mean(sgnprob[1:i - 1]) = 0.17798574740276465
11776/16384
mean(sgnprob[1:i - 1]) = 0.1721443736730361
11904/16384
mean(sgnprob[1:i - 1]) = 0.17566999915987566
12032/16384
mean(sgnprob[1:i - 1]) = 0.17080874407779903
12160/16384
mean(sgnprob[1:i - 1]) = 0.17295830249198124
12288/16384
mean(sgnprob[1:i - 1]) = 0.17522584845771955
12416/16384
mean(sgnprob[1:i - 1]) = 0.17760773258155457
12544/16384
mean(sgnprob[1:i - 1]) = 0.1716495256318265
12672/16384
mean(sgnprob[1:i - 1]) = 0.17370373293347013
12800/16384
mean(sgnprob[1:i - 1]) = 0.17587311508711617
12928/16384
mean(sgnprob[1:i - 1]) = 0.17815425079291405
13056/16384
mean(sgnprob[1:i - 1]) = 0.17242435848333973
13184/16384
mean(sgnprob[1:i - 1]) = 0.16665402412197527
13312/16384
mean(sgnprob[1:i - 1]) = 0.16835699797160245
13440/16384
mean(sgnprob[1:i - 1]) = 0.17092045539102613
13568/16384
mean(sgnprob[1:i - 1]) = 0.1654750497530773
13696/16384
mean(sgnprob[1:i - 1]) = 0.15940124132895217
13824/16384
mean(sgnprob[1:i - 1]) = 0.16183172972581927
13952/16384
mean(sgnprob[1:i - 1]) = 0.1563328793634865
14080/16384
mean(sgnprob[1:i - 1]) = 0.1571844591235173
14208/16384
mean(sgnprob[1:i - 1]) = 0.15928767508974448
14336/16384
mean(sgnprob[1:i - 1]) = 0.16135333100802232
14464/16384
mean(sgnprob[1:i - 1]) = 0.16379727580723225
14592/16384
mean(sgnprob[1:i - 1]) = 0.1586594476046878
14720/16384
mean(sgnprob[1:i - 1]) = 0.15415449419118146
14848/16384
mean(sgnprob[1:i - 1]) = 0.15525021889944096
14976/16384
mean(sgnprob[1:i - 1]) = 0.1573956594323873
15104/16384
mean(sgnprob[1:i - 1]) = 0.15897503807190624
15232/16384
mean(sgnprob[1:i - 1]) = 0.16157835992383954
15360/16384
mean(sgnprob[1:i - 1]) = 0.15736701608177617
15488/16384
mean(sgnprob[1:i - 1]) = 0.1514173177503713
15616/16384
mean(sgnprob[1:i - 1]) = 0.1515850144092219
15744/16384
mean(sgnprob[1:i - 1]) = 0.153528552372483
15872/16384
mean(sgnprob[1:i - 1]) = 0.15493667695797367
16000/16384
mean(sgnprob[1:i - 1]) = 0.15682230139383713
16128/16384
mean(sgnprob[1:i - 1]) = 0.1588020090531407
16256/16384
mean(sgnprob[1:i - 1]) = 0.1614887726853276
16384/16384
mean(sgnprob[1:i - 1]) = 0.16388939754623696
725.772379 seconds (167.11 M allocations: 70.745 GiB, 1.45% gc time, 1.23% compilation time)
