## SLURM PROLOG ###############################################################
##    Job ID : 8833848
##  Job Name : sbatch_etgent.sh
##  Nodelist : node1741
##      CPUs : 8
##  Mem/Node : 4096 MB
## Directory : /oscar/home/trazzaz/AFQMC
##   Job Started : Thu Feb 27 11:56:33 PM EST 2025
###############################################################################
seed = 1402
U = 2.0
β = 6.0
Warming up
128/1024
256/1024
384/1024
512/1024
640/1024
768/1024
896/1024
1024/1024
Measuring
128/16384
mean(sgnprob[1:i - 1]) = 0.2755905511811024
256/16384
mean(sgnprob[1:i - 1]) = -0.00392156862745098
384/16384
mean(sgnprob[1:i - 1]) = 0.08093994778067885
512/16384
mean(sgnprob[1:i - 1]) = 0.1898238747553816
640/16384
mean(sgnprob[1:i - 1]) = 0.08294209702660407
768/16384
mean(sgnprob[1:i - 1]) = 0.15254237288135594
896/16384
mean(sgnprob[1:i - 1]) = 0.07039106145251396
1024/16384
mean(sgnprob[1:i - 1]) = 0.0967741935483871
1152/16384
mean(sgnprob[1:i - 1]) = 0.10860121633362294
1280/16384
mean(sgnprob[1:i - 1]) = 0.12118842845973417
1408/16384
mean(sgnprob[1:i - 1]) = 0.13290689410092396
1536/16384
mean(sgnprob[1:i - 1]) = 0.08403908794788274
1664/16384
mean(sgnprob[1:i - 1]) = 0.05592303066746843
1792/16384
mean(sgnprob[1:i - 1]) = 0.02959240647682859
1920/16384
mean(sgnprob[1:i - 1]) = 0.01928087545596665
2048/16384
mean(sgnprob[1:i - 1]) = 0.0014655593551538837
2176/16384
mean(sgnprob[1:i - 1]) = 0.01793103448275862
2304/16384
mean(sgnprob[1:i - 1]) = 0.026487190620929222
2432/16384
mean(sgnprob[1:i - 1]) = 0.04236939531057178
2560/16384
mean(sgnprob[1:i - 1]) = 0.025400547088706527
2688/16384
mean(sgnprob[1:i - 1]) = 0.014514328247115743
2816/16384
mean(sgnprob[1:i - 1]) = -0.002486678507992895
2944/16384
mean(sgnprob[1:i - 1]) = 0.009174311926605505
3072/16384
mean(sgnprob[1:i - 1]) = 0.02311950504721589
3200/16384
mean(sgnprob[1:i - 1]) = 0.002813379180994061
3328/16384
mean(sgnprob[1:i - 1]) = 0.012924556657649534
3456/16384
mean(sgnprob[1:i - 1]) = -0.001447178002894356
3584/16384
mean(sgnprob[1:i - 1]) = -0.008093776165224673
3712/16384
mean(sgnprob[1:i - 1]) = 0.0008084074373484236
3840/16384
mean(sgnprob[1:i - 1]) = -0.006512112529304506
3968/16384
mean(sgnprob[1:i - 1]) = -0.0007562389715149988
4096/16384
mean(sgnprob[1:i - 1]) = -0.014407814407814409
4224/16384
mean(sgnprob[1:i - 1]) = -0.00639355908122188
4352/16384
mean(sgnprob[1:i - 1]) = 0.000689496667432774
4480/16384
mean(sgnprob[1:i - 1]) = 0.013619111408796606
4608/16384
mean(sgnprob[1:i - 1]) = 0.024527892337746906
4736/16384
mean(sgnprob[1:i - 1]) = 0.015417106652587118
4864/16384
mean(sgnprob[1:i - 1]) = 0.019123997532387416
4992/16384
mean(sgnprob[1:i - 1]) = 0.013824884792626729
5120/16384
mean(sgnprob[1:i - 1]) = 0.01933971478804454
5248/16384
mean(sgnprob[1:i - 1]) = 0.010863350485991996
5376/16384
mean(sgnprob[1:i - 1]) = 0.00613953488372093
5504/16384
mean(sgnprob[1:i - 1]) = 0.013628929674722878
5632/16384
mean(sgnprob[1:i - 1]) = 0.02290889717634523
5760/16384
mean(sgnprob[1:i - 1]) = 0.026567112345893384
5888/16384
mean(sgnprob[1:i - 1]) = 0.03550195345676915
6016/16384
mean(sgnprob[1:i - 1]) = 0.02743142144638404
6144/16384
mean(sgnprob[1:i - 1]) = 0.020999511639264203
6272/16384
mean(sgnprob[1:i - 1]) = 0.027587306649657153
6400/16384
mean(sgnprob[1:i - 1]) = 0.033286451007969994
6528/16384
mean(sgnprob[1:i - 1]) = 0.04029416270874828
6656/16384
mean(sgnprob[1:i - 1]) = 0.032607062359128476
6784/16384
mean(sgnprob[1:i - 1]) = 0.026094648385670056
6912/16384
mean(sgnprob[1:i - 1]) = 0.020981044711329763
7040/16384
mean(sgnprob[1:i - 1]) = 0.015769285409859356
7168/16384
mean(sgnprob[1:i - 1]) = 0.021068787498255893
7296/16384
mean(sgnprob[1:i - 1]) = 0.02618231665524332
7424/16384
mean(sgnprob[1:i - 1]) = 0.02034217971170686
7552/16384
mean(sgnprob[1:i - 1]) = 0.027413587604290822
7680/16384
mean(sgnprob[1:i - 1]) = 0.03190519598906107
7808/16384
mean(sgnprob[1:i - 1]) = 0.03317535545023697
7936/16384
mean(sgnprob[1:i - 1]) = 0.03692501575299307
8064/16384
mean(sgnprob[1:i - 1]) = 0.03881929802802927
8192/16384
mean(sgnprob[1:i - 1]) = 0.031131729947503357
8320/16384
mean(sgnprob[1:i - 1]) = 0.02512321192451016
8448/16384
mean(sgnprob[1:i - 1]) = 0.021901266721913105
8576/16384
mean(sgnprob[1:i - 1]) = 0.026705539358600584
8704/16384
mean(sgnprob[1:i - 1]) = 0.03159829943697576
8832/16384
mean(sgnprob[1:i - 1]) = 0.027516702525195336
8960/16384
mean(sgnprob[1:i - 1]) = 0.030472150909699743
9088/16384
mean(sgnprob[1:i - 1]) = 0.0340046219874546
9216/16384
mean(sgnprob[1:i - 1]) = 0.03678784590341834
9344/16384
mean(sgnprob[1:i - 1]) = 0.041207320988975706
9472/16384
mean(sgnprob[1:i - 1]) = 0.03621581670362158
9600/16384
mean(sgnprob[1:i - 1]) = 0.029898947807063234
9728/16384
mean(sgnprob[1:i - 1]) = 0.025187622082862137
9856/16384
mean(sgnprob[1:i - 1]) = 0.0289193302891933
9984/16384
mean(sgnprob[1:i - 1]) = 0.03375738755885004
10112/16384
mean(sgnprob[1:i - 1]) = 0.03807734150924735
10240/16384
mean(sgnprob[1:i - 1]) = 0.033108702021681806
10368/16384
mean(sgnprob[1:i - 1]) = 0.03713706954760297
10496/16384
mean(sgnprob[1:i - 1]) = 0.030967127203430204
10624/16384
mean(sgnprob[1:i - 1]) = 0.034171138096582884
10752/16384
mean(sgnprob[1:i - 1]) = 0.0372988559203795
10880/16384
mean(sgnprob[1:i - 1]) = 0.033734718264546375
11008/16384
mean(sgnprob[1:i - 1]) = 0.034977741437267194
11136/16384
mean(sgnprob[1:i - 1]) = 0.03762909744050292
11264/16384
mean(sgnprob[1:i - 1]) = 0.04022019000266359
11392/16384
mean(sgnprob[1:i - 1]) = 0.043630936704415764
11520/16384
mean(sgnprob[1:i - 1]) = 0.040194461324767776
11648/16384
mean(sgnprob[1:i - 1]) = 0.04301536876448871
11776/16384
mean(sgnprob[1:i - 1]) = 0.04543524416135881
11904/16384
mean(sgnprob[1:i - 1]) = 0.04864319919348063
12032/16384
mean(sgnprob[1:i - 1]) = 0.05128418252846812
12160/16384
mean(sgnprob[1:i - 1]) = 0.04942840694136031
12288/16384
mean(sgnprob[1:i - 1]) = 0.04435582322780174
12416/16384
mean(sgnprob[1:i - 1]) = 0.04534836890857833
12544/16384
mean(sgnprob[1:i - 1]) = 0.041696563820457624
12672/16384
mean(sgnprob[1:i - 1]) = 0.04427432720385131
12800/16384
mean(sgnprob[1:i - 1]) = 0.046331744667552154
12928/16384
mean(sgnprob[1:i - 1]) = 0.04834841803976174
13056/16384
mean(sgnprob[1:i - 1]) = 0.04450402144772118
13184/16384
mean(sgnprob[1:i - 1]) = 0.04225138435864371
13312/16384
mean(sgnprob[1:i - 1]) = 0.04635264067312749
13440/16384
mean(sgnprob[1:i - 1]) = 0.047845821861745665
13568/16384
mean(sgnprob[1:i - 1]) = 0.05019532689614506
13696/16384
mean(sgnprob[1:i - 1]) = 0.05410733844468784
13824/16384
mean(sgnprob[1:i - 1]) = 0.05678940895608768
13952/16384
mean(sgnprob[1:i - 1]) = 0.0589921869400043
14080/16384
mean(sgnprob[1:i - 1]) = 0.061581078201576815
14208/16384
mean(sgnprob[1:i - 1]) = 0.058210741183923415
14336/16384
mean(sgnprob[1:i - 1]) = 0.05573770491803279
14464/16384
mean(sgnprob[1:i - 1]) = 0.05261702274770103
14592/16384
mean(sgnprob[1:i - 1]) = 0.04941402234253992
14720/16384
mean(sgnprob[1:i - 1]) = 0.051294245532984575
14848/16384
mean(sgnprob[1:i - 1]) = 0.05395029298848252
14976/16384
mean(sgnprob[1:i - 1]) = 0.052554257095158596
15104/16384
mean(sgnprob[1:i - 1]) = 0.05488975700192015
15232/16384
mean(sgnprob[1:i - 1]) = 0.051670934278773555
15360/16384
mean(sgnprob[1:i - 1]) = 0.05410508496646917
15488/16384
mean(sgnprob[1:i - 1]) = 0.05598243688254665
15616/16384
mean(sgnprob[1:i - 1]) = 0.05770092859430035
15744/16384
mean(sgnprob[1:i - 1]) = 0.06040780029219336
15872/16384
mean(sgnprob[1:i - 1]) = 0.06244092999810976
16000/16384
mean(sgnprob[1:i - 1]) = 0.0631914494655916
16128/16384
mean(sgnprob[1:i - 1]) = 0.06045761765982514
16256/16384
mean(sgnprob[1:i - 1]) = 0.06342663795755152
16384/16384
mean(sgnprob[1:i - 1]) = 0.0654947201367271
740.314038 seconds (167.11 M allocations: 70.745 GiB, 1.86% gc time, 1.28% compilation time)
