## SLURM PROLOG ###############################################################
##    Job ID : 8822325
##  Job Name : sbatch_etgent.sh
##  Nodelist : node1720
##      CPUs : 8
##  Mem/Node : 4096 MB
## Directory : /oscar/home/trazzaz/AFQMC
##   Job Started : Thu Feb 27 07:47:12 PM EST 2025
###############################################################################
seed = 1320
U = 2.0
β = 6.0
Warming up
128/1024
256/1024
384/1024
512/1024
640/1024
768/1024
896/1024
1024/1024
Measuring
128/16384
mean(sgnprob[1:i - 1]) = 0.29133858267716534
256/16384
mean(sgnprob[1:i - 1]) = -0.058823529411764705
384/16384
mean(sgnprob[1:i - 1]) = 0.09660574412532637
512/16384
mean(sgnprob[1:i - 1]) = 0.0136986301369863
640/16384
mean(sgnprob[1:i - 1]) = -0.07981220657276995
768/16384
mean(sgnprob[1:i - 1]) = -0.1395045632333768
896/16384
mean(sgnprob[1:i - 1]) = -0.0659217877094972
1024/16384
mean(sgnprob[1:i - 1]) = -0.006842619745845552
1152/16384
mean(sgnprob[1:i - 1]) = 0.035621198957428324
1280/16384
mean(sgnprob[1:i - 1]) = 0.06645817044566067
1408/16384
mean(sgnprob[1:i - 1]) = 0.08031272210376687
1536/16384
mean(sgnprob[1:i - 1]) = 0.04495114006514658
1664/16384
mean(sgnprob[1:i - 1]) = 0.06313890559230306
1792/16384
mean(sgnprob[1:i - 1]) = 0.0977107761027359
1920/16384
mean(sgnprob[1:i - 1]) = 0.11829077644606566
2048/16384
mean(sgnprob[1:i - 1]) = 0.13238886174890083
2176/16384
mean(sgnprob[1:i - 1]) = 0.13655172413793104
2304/16384
mean(sgnprob[1:i - 1]) = 0.14806773773339124
2432/16384
mean(sgnprob[1:i - 1]) = 0.1600164541341012
2560/16384
mean(sgnprob[1:i - 1]) = 0.17076983196561157
2688/16384
mean(sgnprob[1:i - 1]) = 0.17305545217714924
2816/16384
mean(sgnprob[1:i - 1]) = 0.1808170515097691
2944/16384
mean(sgnprob[1:i - 1]) = 0.18314644920149506
3072/16384
mean(sgnprob[1:i - 1]) = 0.18528166720937805
3200/16384
mean(sgnprob[1:i - 1]) = 0.16223819943732418
3328/16384
mean(sgnprob[1:i - 1]) = 0.16922152088969042
3456/16384
mean(sgnprob[1:i - 1]) = 0.17742402315484804
3584/16384
mean(sgnprob[1:i - 1]) = 0.18169132012280212
3712/16384
mean(sgnprob[1:i - 1]) = 0.15656157369981138
3840/16384
mean(sgnprob[1:i - 1]) = 0.1659286272466788
3968/16384
mean(sgnprob[1:i - 1]) = 0.1726745651625914
4096/16384
mean(sgnprob[1:i - 1]) = 0.17851037851037851
4224/16384
mean(sgnprob[1:i - 1]) = 0.1678901255031968
4352/16384
mean(sgnprob[1:i - 1]) = 0.17398299241553666
4480/16384
mean(sgnprob[1:i - 1]) = 0.1792810895289127
4608/16384
mean(sgnprob[1:i - 1]) = 0.16952463642283483
4736/16384
mean(sgnprob[1:i - 1]) = 0.15691657866948258
4864/16384
mean(sgnprob[1:i - 1]) = 0.16471314003701418
4992/16384
mean(sgnprob[1:i - 1]) = 0.14926868363053497
5120/16384
mean(sgnprob[1:i - 1]) = 0.15100605587028718
5248/16384
mean(sgnprob[1:i - 1]) = 0.1507528111301696
5376/16384
mean(sgnprob[1:i - 1]) = 0.13897674418604652
5504/16384
mean(sgnprob[1:i - 1]) = 0.13029256769035072
5632/16384
mean(sgnprob[1:i - 1]) = 0.11951695968744451
5760/16384
mean(sgnprob[1:i - 1]) = 0.11095676332696648
5888/16384
mean(sgnprob[1:i - 1]) = 0.10140988618990997
6016/16384
mean(sgnprob[1:i - 1]) = 0.09193682460515379
6144/16384
mean(sgnprob[1:i - 1]) = 0.09490476965651962
6272/16384
mean(sgnprob[1:i - 1]) = 0.08435656195184181
6400/16384
mean(sgnprob[1:i - 1]) = 0.08892014377246445
6528/16384
mean(sgnprob[1:i - 1]) = 0.09361115366937338
6656/16384
mean(sgnprob[1:i - 1]) = 0.09932381667918858
6784/16384
mean(sgnprob[1:i - 1]) = 0.10452602093468967
6912/16384
mean(sgnprob[1:i - 1]) = 0.110403704239618
7040/16384
mean(sgnprob[1:i - 1]) = 0.11464696689870721
7168/16384
mean(sgnprob[1:i - 1]) = 0.11818054974187248
7296/16384
mean(sgnprob[1:i - 1]) = 0.11967100753941055
7424/16384
mean(sgnprob[1:i - 1]) = 0.12299609322376398
7552/16384
mean(sgnprob[1:i - 1]) = 0.12647331479274268
7680/16384
mean(sgnprob[1:i - 1]) = 0.1272301080869905
7808/16384
mean(sgnprob[1:i - 1]) = 0.13231715127449725
7936/16384
mean(sgnprob[1:i - 1]) = 0.12514177693761816
8064/16384
mean(sgnprob[1:i - 1]) = 0.12761999255860101
8192/16384
mean(sgnprob[1:i - 1]) = 0.1305090953485533
8320/16384
mean(sgnprob[1:i - 1]) = 0.13451135953840607
8448/16384
mean(sgnprob[1:i - 1]) = 0.13768201728424292
8576/16384
mean(sgnprob[1:i - 1]) = 0.1377259475218659
8704/16384
mean(sgnprob[1:i - 1]) = 0.14098586694243365
8832/16384
mean(sgnprob[1:i - 1]) = 0.1430189106556449
8960/16384
mean(sgnprob[1:i - 1]) = 0.14477062172117425
9088/16384
mean(sgnprob[1:i - 1]) = 0.13832948167712117
9216/16384
mean(sgnprob[1:i - 1]) = 0.14053174172544763
9344/16384
mean(sgnprob[1:i - 1]) = 0.13389703521352886
9472/16384
mean(sgnprob[1:i - 1]) = 0.1373666983423081
9600/16384
mean(sgnprob[1:i - 1]) = 0.13907698718616524
9728/16384
mean(sgnprob[1:i - 1]) = 0.1335458003495425
9856/16384
mean(sgnprob[1:i - 1]) = 0.1271435819381025
9984/16384
mean(sgnprob[1:i - 1]) = 0.1291195031553641
10112/16384
mean(sgnprob[1:i - 1]) = 0.129462961131441
10240/16384
mean(sgnprob[1:i - 1]) = 0.12374255298368982
10368/16384
mean(sgnprob[1:i - 1]) = 0.12761647535449022
10496/16384
mean(sgnprob[1:i - 1]) = 0.12987136731777035
10624/16384
mean(sgnprob[1:i - 1]) = 0.13338981455332768
10752/16384
mean(sgnprob[1:i - 1]) = 0.13477816017114688
10880/16384
mean(sgnprob[1:i - 1]) = 0.13723687838955786
11008/16384
mean(sgnprob[1:i - 1]) = 0.13182520214409013
11136/16384
mean(sgnprob[1:i - 1]) = 0.13515940727436013
11264/16384
mean(sgnprob[1:i - 1]) = 0.12776347331971943
11392/16384
mean(sgnprob[1:i - 1]) = 0.12931261522254411
11520/16384
mean(sgnprob[1:i - 1]) = 0.1308273287611772
11648/16384
mean(sgnprob[1:i - 1]) = 0.12423800120202627
11776/16384
mean(sgnprob[1:i - 1]) = 0.12747346072186835
11904/16384
mean(sgnprob[1:i - 1]) = 0.12156599176678148
12032/16384
mean(sgnprob[1:i - 1]) = 0.12442855955448424
12160/16384
mean(sgnprob[1:i - 1]) = 0.12657290895632864
12288/16384
mean(sgnprob[1:i - 1]) = 0.12916090176609424
12416/16384
mean(sgnprob[1:i - 1]) = 0.12364075714861056
12544/16384
mean(sgnprob[1:i - 1]) = 0.1263653033564538
12672/16384
mean(sgnprob[1:i - 1]) = 0.12177412990292795
12800/16384
mean(sgnprob[1:i - 1]) = 0.12368153762012657
12928/16384
mean(sgnprob[1:i - 1]) = 0.1255511719656533
13056/16384
mean(sgnprob[1:i - 1]) = 0.12845653006510915
13184/16384
mean(sgnprob[1:i - 1]) = 0.13024349541075628
13312/16384
mean(sgnprob[1:i - 1]) = 0.1328976034858388
13440/16384
mean(sgnprob[1:i - 1]) = 0.13416176798868965
13568/16384
mean(sgnprob[1:i - 1]) = 0.13097958281123315
13696/16384
mean(sgnprob[1:i - 1]) = 0.12639649507119385
13824/16384
mean(sgnprob[1:i - 1]) = 0.12913260507849236
13952/16384
mean(sgnprob[1:i - 1]) = 0.1295247652498029
14080/16384
mean(sgnprob[1:i - 1]) = 0.1328929611478088
14208/16384
mean(sgnprob[1:i - 1]) = 0.13422960512423454
14336/16384
mean(sgnprob[1:i - 1]) = 0.13651900941750958
14464/16384
mean(sgnprob[1:i - 1]) = 0.1387678904791537
14592/16384
mean(sgnprob[1:i - 1]) = 0.13905832362415188
14720/16384
mean(sgnprob[1:i - 1]) = 0.13513146273524015
14848/16384
mean(sgnprob[1:i - 1]) = 0.1361217754428504
14976/16384
mean(sgnprob[1:i - 1]) = 0.1378964941569282
15104/16384
mean(sgnprob[1:i - 1]) = 0.1393762828577104
15232/16384
mean(sgnprob[1:i - 1]) = 0.14148775523603177
15360/16384
mean(sgnprob[1:i - 1]) = 0.13757406081125073
15488/16384
mean(sgnprob[1:i - 1]) = 0.13863240136889005
15616/16384
mean(sgnprob[1:i - 1]) = 0.1404418828049952
15744/16384
mean(sgnprob[1:i - 1]) = 0.1404433716572445
15872/16384
mean(sgnprob[1:i - 1]) = 0.14220906055068994
16000/16384
mean(sgnprob[1:i - 1]) = 0.143946496656041
16128/16384
mean(sgnprob[1:i - 1]) = 0.13908352452409004
16256/16384
mean(sgnprob[1:i - 1]) = 0.14094124884650877
16384/16384
mean(sgnprob[1:i - 1]) = 0.14154916681926388
753.202107 seconds (167.11 M allocations: 70.745 GiB, 1.70% gc time, 1.23% compilation time)
