## SLURM PROLOG ###############################################################
##    Job ID : 8833902
##  Job Name : sbatch_etgent.sh
##  Nodelist : node1734
##      CPUs : 8
##  Mem/Node : 4096 MB
## Directory : /oscar/home/trazzaz/AFQMC
##   Job Started : Fri Feb 28 01:25:46 AM EST 2025
###############################################################################
seed = 1456
U = 2.0
β = 6.0
Warming up
128/1024
256/1024
384/1024
512/1024
640/1024
768/1024
896/1024
1024/1024
Measuring
128/16384
mean(sgnprob[1:i - 1]) = 0.48031496062992124
256/16384
mean(sgnprob[1:i - 1]) = 0.011764705882352941
384/16384
mean(sgnprob[1:i - 1]) = -0.13315926892950392
512/16384
mean(sgnprob[1:i - 1]) = 0.033268101761252444
640/16384
mean(sgnprob[1:i - 1]) = 0.13302034428794993
768/16384
mean(sgnprob[1:i - 1]) = 0.01694915254237288
896/16384
mean(sgnprob[1:i - 1]) = 0.07262569832402235
1024/16384
mean(sgnprob[1:i - 1]) = -0.0009775171065493646
1152/16384
mean(sgnprob[1:i - 1]) = -0.044309296264118156
1280/16384
mean(sgnprob[1:i - 1]) = 0.0023455824863174357
1408/16384
mean(sgnprob[1:i - 1]) = 0.05472636815920398
1536/16384
mean(sgnprob[1:i - 1]) = 0.08925081433224756
1664/16384
mean(sgnprob[1:i - 1]) = 0.12206855081178593
1792/16384
mean(sgnprob[1:i - 1]) = 0.15466219988833055
1920/16384
mean(sgnprob[1:i - 1]) = 0.17873892652423137
2048/16384
mean(sgnprob[1:i - 1]) = 0.19394235466536394
2176/16384
mean(sgnprob[1:i - 1]) = 0.21655172413793103
2304/16384
mean(sgnprob[1:i - 1]) = 0.23317412071211463
2432/16384
mean(sgnprob[1:i - 1]) = 0.2472233648704237
2560/16384
mean(sgnprob[1:i - 1]) = 0.2567409144196952
2688/16384
mean(sgnprob[1:i - 1]) = 0.2742835876442129
2816/16384
mean(sgnprob[1:i - 1]) = 0.24547069271758437
2944/16384
mean(sgnprob[1:i - 1]) = 0.25722052327556916
3072/16384
mean(sgnprob[1:i - 1]) = 0.2673396287854119
3200/16384
mean(sgnprob[1:i - 1]) = 0.2397624257580494
3328/16384
mean(sgnprob[1:i - 1]) = 0.24135858130447851
3456/16384
mean(sgnprob[1:i - 1]) = 0.2532561505065123
3584/16384
mean(sgnprob[1:i - 1]) = 0.22523025397711416
3712/16384
mean(sgnprob[1:i - 1]) = 0.2368633791430881
3840/16384
mean(sgnprob[1:i - 1]) = 0.2466788226100547
3968/16384
mean(sgnprob[1:i - 1]) = 0.25283589614318125
4096/16384
mean(sgnprob[1:i - 1]) = 0.2595848595848596
4224/16384
mean(sgnprob[1:i - 1]) = 0.2654511011129529
4352/16384
mean(sgnprob[1:i - 1]) = 0.2764881636405424
4480/16384
mean(sgnprob[1:i - 1]) = 0.2824291136414378
4608/16384
mean(sgnprob[1:i - 1]) = 0.29021054916431516
4736/16384
mean(sgnprob[1:i - 1]) = 0.2688489968321014
4864/16384
mean(sgnprob[1:i - 1]) = 0.2712317499485914
4992/16384
mean(sgnprob[1:i - 1]) = 0.273893007413344
5120/16384
mean(sgnprob[1:i - 1]) = 0.27798398124633716
5248/16384
mean(sgnprob[1:i - 1]) = 0.28835525061940154
5376/16384
mean(sgnprob[1:i - 1]) = 0.27032558139534885
5504/16384
mean(sgnprob[1:i - 1]) = 0.2760312556787207
5632/16384
mean(sgnprob[1:i - 1]) = 0.2821878884745161
5760/16384
mean(sgnprob[1:i - 1]) = 0.28633443306129536
5888/16384
mean(sgnprob[1:i - 1]) = 0.29064039408866993
6016/16384
mean(sgnprob[1:i - 1]) = 0.2738154613466334
6144/16384
mean(sgnprob[1:i - 1]) = 0.2769005371968094
6272/16384
mean(sgnprob[1:i - 1]) = 0.26072396746930315
6400/16384
mean(sgnprob[1:i - 1]) = 0.265510235974371
6528/16384
mean(sgnprob[1:i - 1]) = 0.2682702619886625
6656/16384
mean(sgnprob[1:i - 1]) = 0.2724267468069121
6784/16384
mean(sgnprob[1:i - 1]) = 0.27406752174554033
6912/16384
mean(sgnprob[1:i - 1]) = 0.2791202430907249
7040/16384
mean(sgnprob[1:i - 1]) = 0.282852677937207
7168/16384
mean(sgnprob[1:i - 1]) = 0.2864517929398633
7296/16384
mean(sgnprob[1:i - 1]) = 0.2712816997943797
7424/16384
mean(sgnprob[1:i - 1]) = 0.2752256500067358
7552/16384
mean(sgnprob[1:i - 1]) = 0.26234935770096673
7680/16384
mean(sgnprob[1:i - 1]) = 0.2652689152233364
7808/16384
mean(sgnprob[1:i - 1]) = 0.2673241962341488
7936/16384
mean(sgnprob[1:i - 1]) = 0.2730938878386894
8064/16384
mean(sgnprob[1:i - 1]) = 0.2761999255860102
8192/16384
mean(sgnprob[1:i - 1]) = 0.26455866194603833
8320/16384
mean(sgnprob[1:i - 1]) = 0.26625796369755983
8448/16384
mean(sgnprob[1:i - 1]) = 0.25322599739552504
8576/16384
mean(sgnprob[1:i - 1]) = 0.25667638483965016
8704/16384
mean(sgnprob[1:i - 1]) = 0.26094450189589796
8832/16384
mean(sgnprob[1:i - 1]) = 0.2496885969878836
8960/16384
mean(sgnprob[1:i - 1]) = 0.25371135171336084
9088/16384
mean(sgnprob[1:i - 1]) = 0.25608011444921314
9216/16384
mean(sgnprob[1:i - 1]) = 0.2594682582745524
9344/16384
mean(sgnprob[1:i - 1]) = 0.26190731028577546
9472/16384
mean(sgnprob[1:i - 1]) = 0.26364692218350755
9600/16384
mean(sgnprob[1:i - 1]) = 0.26617355974580686
9728/16384
mean(sgnprob[1:i - 1]) = 0.27048421918371546
9856/16384
mean(sgnprob[1:i - 1]) = 0.2730593607305936
9984/16384
mean(sgnprob[1:i - 1]) = 0.26214564760092157
10112/16384
mean(sgnprob[1:i - 1]) = 0.264761151221442
10240/16384
mean(sgnprob[1:i - 1]) = 0.26692059771462057
10368/16384
mean(sgnprob[1:i - 1]) = 0.25841612809877496
10496/16384
mean(sgnprob[1:i - 1]) = 0.2596474511672225
10624/16384
mean(sgnprob[1:i - 1]) = 0.26216699614044997
10752/16384
mean(sgnprob[1:i - 1]) = 0.2659287508138778
10880/16384
mean(sgnprob[1:i - 1]) = 0.2574685173269602
11008/16384
mean(sgnprob[1:i - 1]) = 0.26047060961206503
11136/16384
mean(sgnprob[1:i - 1]) = 0.26340368208352044
11264/16384
mean(sgnprob[1:i - 1]) = 0.2662700878984285
11392/16384
mean(sgnprob[1:i - 1]) = 0.26836976560442455
11520/16384
mean(sgnprob[1:i - 1]) = 0.27024915357235874
11648/16384
mean(sgnprob[1:i - 1]) = 0.2731175409976818
11776/16384
mean(sgnprob[1:i - 1]) = 0.27422505307855627
11904/16384
mean(sgnprob[1:i - 1]) = 0.2766529446358061
12032/16384
mean(sgnprob[1:i - 1]) = 0.26822375529881143
12160/16384
mean(sgnprob[1:i - 1]) = 0.2698412698412698
12288/16384
mean(sgnprob[1:i - 1]) = 0.27223895173760887
12416/16384
mean(sgnprob[1:i - 1]) = 0.26476037051953283
12544/16384
mean(sgnprob[1:i - 1]) = 0.2670015147891254
12672/16384
mean(sgnprob[1:i - 1]) = 0.2598847762607529
12800/16384
mean(sgnprob[1:i - 1]) = 0.2538479568716306
12928/16384
mean(sgnprob[1:i - 1]) = 0.25752301384698695
13056/16384
mean(sgnprob[1:i - 1]) = 0.26051321332822674
13184/16384
mean(sgnprob[1:i - 1]) = 0.2622316619889251
13312/16384
mean(sgnprob[1:i - 1]) = 0.2639170610773045
13440/16384
mean(sgnprob[1:i - 1]) = 0.2573852221147407
13568/16384
mean(sgnprob[1:i - 1]) = 0.2593793764280976
13696/16384
mean(sgnprob[1:i - 1]) = 0.26075209930631615
13824/16384
mean(sgnprob[1:i - 1]) = 0.26412500904289954
13952/16384
mean(sgnprob[1:i - 1]) = 0.2660024371012831
14080/16384
mean(sgnprob[1:i - 1]) = 0.26912422757298105
14208/16384
mean(sgnprob[1:i - 1]) = 0.26219469275709156
14336/16384
mean(sgnprob[1:i - 1]) = 0.25608650156958496
14464/16384
mean(sgnprob[1:i - 1]) = 0.2586600290396183
14592/16384
mean(sgnprob[1:i - 1]) = 0.2595435542457679
14720/16384
mean(sgnprob[1:i - 1]) = 0.2616346219172498
14848/16384
mean(sgnprob[1:i - 1]) = 0.2550683639792551
14976/16384
mean(sgnprob[1:i - 1]) = 0.2567612687813022
15104/16384
mean(sgnprob[1:i - 1]) = 0.25008276501357346
15232/16384
mean(sgnprob[1:i - 1]) = 0.25218304773160005
15360/16384
mean(sgnprob[1:i - 1]) = 0.24656553161013087
15488/16384
mean(sgnprob[1:i - 1]) = 0.24840188545231484
15616/16384
mean(sgnprob[1:i - 1]) = 0.24213896894012168
15744/16384
mean(sgnprob[1:i - 1]) = 0.24347328971606427
15872/16384
mean(sgnprob[1:i - 1]) = 0.2447860878331548
16000/16384
mean(sgnprob[1:i - 1]) = 0.24595287205450342
16128/16384
mean(sgnprob[1:i - 1]) = 0.24772121287282198
16256/16384
mean(sgnprob[1:i - 1]) = 0.2489695478314365
16384/16384
mean(sgnprob[1:i - 1]) = 0.2444607214795825
728.770244 seconds (167.11 M allocations: 70.745 GiB, 1.34% gc time, 1.22% compilation time)
