## SLURM PROLOG ###############################################################
##    Job ID : 5899922
##  Job Name : etgent_2x2_seed1259
##  Nodelist : node1646
##      CPUs : 8
##  Mem/Node : 2048 MB
## Directory : /oscar/home/trazzaz/AFQMC
##   Job Started : Sun Nov 10 09:47:08 PM EST 2024
###############################################################################
U = 2.0
seed = 1259
λₖ = 0.0
Warming up
128/512
256/512
384/512
512/512
Measuring
128/1024
256/1024
384/1024
512/1024
640/1024
768/1024
896/1024
1024/1024
348.974973 seconds (210.26 M allocations: 1.099 TiB, 21.59% gc time, 2.68% compilation time)
λₖ = 0.2
Warming up
128/512
256/512
384/512
512/512
Measuring
128/1024
256/1024
384/1024
512/1024
640/1024
768/1024
896/1024
1024/1024
367.208130 seconds (208.41 M allocations: 1.099 TiB, 21.08% gc time, 0.02% compilation time)
λₖ = 0.4
Warming up
128/512
256/512
384/512
512/512
Measuring
128/1024
256/1024
384/1024
512/1024
640/1024
768/1024
896/1024
1024/1024
343.494467 seconds (208.41 M allocations: 1.099 TiB, 21.38% gc time)
λₖ = 0.6
Warming up
128/512
256/512
384/512
512/512
Measuring
128/1024
256/1024
384/1024
512/1024
640/1024
768/1024
896/1024
1024/1024
275.055416 seconds (208.41 M allocations: 1.099 TiB, 19.34% gc time)
λₖ = 0.8
Warming up
128/512
256/512
384/512
512/512
Measuring
128/1024
256/1024
384/1024
512/1024
640/1024
768/1024
896/1024
1024/1024
239.922790 seconds (208.41 M allocations: 1.099 TiB, 20.87% gc time)
