## SLURM PROLOG ###############################################################
##    Job ID : 8833814
##  Job Name : sbatch_etgent.sh
##  Nodelist : node1736
##      CPUs : 8
##  Mem/Node : 4096 MB
## Directory : /oscar/home/trazzaz/AFQMC
##   Job Started : Thu Feb 27 11:05:23 PM EST 2025
###############################################################################
seed = 1368
U = 2.0
β = 6.0
Warming up
128/1024
256/1024
384/1024
512/1024
640/1024
768/1024
896/1024
1024/1024
Measuring
128/16384
mean(sgnprob[1:i - 1]) = -0.18110236220472442
256/16384
mean(sgnprob[1:i - 1]) = 0.06666666666666667
384/16384
mean(sgnprob[1:i - 1]) = 0.185378590078329
512/16384
mean(sgnprob[1:i - 1]) = 0.2054794520547945
640/16384
mean(sgnprob[1:i - 1]) = 0.107981220657277
768/16384
mean(sgnprob[1:i - 1]) = 0.10560625814863103
896/16384
mean(sgnprob[1:i - 1]) = 0.1418994413407821
1024/16384
mean(sgnprob[1:i - 1]) = 0.15542521994134897
1152/16384
mean(sgnprob[1:i - 1]) = 0.0842745438748914
1280/16384
mean(sgnprob[1:i - 1]) = 0.1055512118842846
1408/16384
mean(sgnprob[1:i - 1]) = 0.12295664534470505
1536/16384
mean(sgnprob[1:i - 1]) = 0.13094462540716612
1664/16384
mean(sgnprob[1:i - 1]) = 0.14371617558628982
1792/16384
mean(sgnprob[1:i - 1]) = 0.1568955890563931
1920/16384
mean(sgnprob[1:i - 1]) = 0.15372589890568003
2048/16384
mean(sgnprob[1:i - 1]) = 0.1167562286272594
2176/16384
mean(sgnprob[1:i - 1]) = 0.13379310344827586
2304/16384
mean(sgnprob[1:i - 1]) = 0.14285714285714285
2432/16384
mean(sgnprob[1:i - 1]) = 0.11641299876593994
2560/16384
mean(sgnprob[1:i - 1]) = 0.0933958577569363
2688/16384
mean(sgnprob[1:i - 1]) = 0.10308894678079643
2816/16384
mean(sgnprob[1:i - 1]) = 0.08419182948490231
2944/16384
mean(sgnprob[1:i - 1]) = 0.06693849813115868
3072/16384
mean(sgnprob[1:i - 1]) = 0.07977857375447737
3200/16384
mean(sgnprob[1:i - 1]) = 0.08158799624882776
3328/16384
mean(sgnprob[1:i - 1]) = 0.09227532311391644
3456/16384
mean(sgnprob[1:i - 1]) = 0.07670043415340087
3584/16384
mean(sgnprob[1:i - 1]) = 0.08233324030142339
3712/16384
mean(sgnprob[1:i - 1]) = 0.09835623821072487
3840/16384
mean(sgnprob[1:i - 1]) = 0.10914300599114353
3968/16384
mean(sgnprob[1:i - 1]) = 0.11973783715654147
4096/16384
mean(sgnprob[1:i - 1]) = 0.1277167277167277
4224/16384
mean(sgnprob[1:i - 1]) = 0.1318967558607625
4352/16384
mean(sgnprob[1:i - 1]) = 0.13766950126407723
4480/16384
mean(sgnprob[1:i - 1]) = 0.12659075686537175
4608/16384
mean(sgnprob[1:i - 1]) = 0.1326242674191448
4736/16384
mean(sgnprob[1:i - 1]) = 0.12101372756071806
4864/16384
mean(sgnprob[1:i - 1]) = 0.12317499485914045
4992/16384
mean(sgnprob[1:i - 1]) = 0.12803045481867362
5120/16384
mean(sgnprob[1:i - 1]) = 0.11740574330924008
5248/16384
mean(sgnprob[1:i - 1]) = 0.12330855727082142
5376/16384
mean(sgnprob[1:i - 1]) = 0.11330232558139534
5504/16384
mean(sgnprob[1:i - 1]) = 0.12011630019989097
5632/16384
mean(sgnprob[1:i - 1]) = 0.12662049369561357
5760/16384
mean(sgnprob[1:i - 1]) = 0.1310991491578399
5888/16384
mean(sgnprob[1:i - 1]) = 0.12179378291149992
6016/16384
mean(sgnprob[1:i - 1]) = 0.11288445552784705
6144/16384
mean(sgnprob[1:i - 1]) = 0.11769493732703891
6272/16384
mean(sgnprob[1:i - 1]) = 0.12167118481900813
6400/16384
mean(sgnprob[1:i - 1]) = 0.12486325988435693
6528/16384
mean(sgnprob[1:i - 1]) = 0.11720545426689137
6656/16384
mean(sgnprob[1:i - 1]) = 0.12096168294515403
6784/16384
mean(sgnprob[1:i - 1]) = 0.1142562288073124
6912/16384
mean(sgnprob[1:i - 1]) = 0.11850672840399364
7040/16384
mean(sgnprob[1:i - 1]) = 0.1106691291376616
7168/16384
mean(sgnprob[1:i - 1]) = 0.11566903864936515
7296/16384
mean(sgnprob[1:i - 1]) = 0.12159013022618231
7424/16384
mean(sgnprob[1:i - 1]) = 0.11437424222012664
7552/16384
mean(sgnprob[1:i - 1]) = 0.11958680969408025
7680/16384
mean(sgnprob[1:i - 1]) = 0.12358379997395494
7808/16384
mean(sgnprob[1:i - 1]) = 0.12668118355322147
7936/16384
mean(sgnprob[1:i - 1]) = 0.1306868304977946
8064/16384
mean(sgnprob[1:i - 1]) = 0.13233287858117326
8192/16384
mean(sgnprob[1:i - 1]) = 0.12513734586741546
8320/16384
mean(sgnprob[1:i - 1]) = 0.1280201947349441
8448/16384
mean(sgnprob[1:i - 1]) = 0.11968746300461702
8576/16384
mean(sgnprob[1:i - 1]) = 0.12279883381924198
8704/16384
mean(sgnprob[1:i - 1]) = 0.12604848902677238
8832/16384
mean(sgnprob[1:i - 1]) = 0.12988336541728004
8960/16384
mean(sgnprob[1:i - 1]) = 0.12244670164080812
9088/16384
mean(sgnprob[1:i - 1]) = 0.11632001760757125
9216/16384
mean(sgnprob[1:i - 1]) = 0.1090613130765057
9344/16384
mean(sgnprob[1:i - 1]) = 0.10435620250454886
9472/16384
mean(sgnprob[1:i - 1]) = 0.09872241579558652
9600/16384
mean(sgnprob[1:i - 1]) = 0.10136472549223878
9728/16384
mean(sgnprob[1:i - 1]) = 0.10249820088413694
9856/16384
mean(sgnprob[1:i - 1]) = 0.09487569761542364
9984/16384
mean(sgnprob[1:i - 1]) = 0.09045377141139938
10112/16384
mean(sgnprob[1:i - 1]) = 0.0861438037780635
10240/16384
mean(sgnprob[1:i - 1]) = 0.08799687469479442
10368/16384
mean(sgnprob[1:i - 1]) = 0.08980418636056718
10496/16384
mean(sgnprob[1:i - 1]) = 0.09232968080038113
10624/16384
mean(sgnprob[1:i - 1]) = 0.09554739715711193
10752/16384
mean(sgnprob[1:i - 1]) = 0.0905032090038136
10880/16384
mean(sgnprob[1:i - 1]) = 0.09293133560069859
11008/16384
mean(sgnprob[1:i - 1]) = 0.08894339965476515
11136/16384
mean(sgnprob[1:i - 1]) = 0.09043556353839245
11264/16384
mean(sgnprob[1:i - 1]) = 0.08550119861493385
11392/16384
mean(sgnprob[1:i - 1]) = 0.0873496620138706
11520/16384
mean(sgnprob[1:i - 1]) = 0.08898341869953989
11648/16384
mean(sgnprob[1:i - 1]) = 0.09161157379582725
11776/16384
mean(sgnprob[1:i - 1]) = 0.08772823779193206
11904/16384
mean(sgnprob[1:i - 1]) = 0.09031336637822397
12032/16384
mean(sgnprob[1:i - 1]) = 0.08685894771839414
12160/16384
mean(sgnprob[1:i - 1]) = 0.09120815856567152
12288/16384
mean(sgnprob[1:i - 1]) = 0.08651420200211606
12416/16384
mean(sgnprob[1:i - 1]) = 0.08707209021345147
12544/16384
mean(sgnprob[1:i - 1]) = 0.09001036434664753
12672/16384
mean(sgnprob[1:i - 1]) = 0.08673348591271407
12800/16384
mean(sgnprob[1:i - 1]) = 0.08930385186342683
12928/16384
mean(sgnprob[1:i - 1]) = 0.09135917072793379
13056/16384
mean(sgnprob[1:i - 1]) = 0.08939103791650709
13184/16384
mean(sgnprob[1:i - 1]) = 0.09110217704619586
13312/16384
mean(sgnprob[1:i - 1]) = 0.09383216888287882
13440/16384
mean(sgnprob[1:i - 1]) = 0.096361336408959
13568/16384
mean(sgnprob[1:i - 1]) = 0.09781086459792143
13696/16384
mean(sgnprob[1:i - 1]) = 0.10069368382621395
13824/16384
mean(sgnprob[1:i - 1]) = 0.10207624972871301
13952/16384
mean(sgnprob[1:i - 1]) = 0.09827252526700594
14080/16384
mean(sgnprob[1:i - 1]) = 0.0952482420626465
14208/16384
mean(sgnprob[1:i - 1]) = 0.09762792989371437
14336/16384
mean(sgnprob[1:i - 1]) = 0.09382629926752703
14464/16384
mean(sgnprob[1:i - 1]) = 0.09520846297448662
14592/16384
mean(sgnprob[1:i - 1]) = 0.09053526146254541
14720/16384
mean(sgnprob[1:i - 1]) = 0.09273727834771384
14848/16384
mean(sgnprob[1:i - 1]) = 0.09476661951909476
14976/16384
mean(sgnprob[1:i - 1]) = 0.09088480801335559
15104/16384
mean(sgnprob[1:i - 1]) = 0.09236575514798384
15232/16384
mean(sgnprob[1:i - 1]) = 0.0893572319611319
15360/16384
mean(sgnprob[1:i - 1]) = 0.09043557523276255
15488/16384
mean(sgnprob[1:i - 1]) = 0.08749273584296506
15616/16384
mean(sgnprob[1:i - 1]) = 0.08844060198527057
15744/16384
mean(sgnprob[1:i - 1]) = 0.08543479641745538
15872/16384
mean(sgnprob[1:i - 1]) = 0.08688803478041711
16000/16384
mean(sgnprob[1:i - 1]) = 0.08969310581911369
16128/16384
mean(sgnprob[1:i - 1]) = 0.09232963353382526
16256/16384
mean(sgnprob[1:i - 1]) = 0.08938788065210704
16384/16384
mean(sgnprob[1:i - 1]) = 0.09100897271561985
746.753508 seconds (167.11 M allocations: 70.745 GiB, 1.81% gc time, 1.24% compilation time)
