## SLURM PROLOG ###############################################################
##    Job ID : 5341803
##  Job Name : etgent_N2_U1
##  Nodelist : node1704
##      CPUs : 8
##  Mem/Node : 2048 MB
## Directory : /oscar/home/trazzaz/AFQMC
##   Job Started : Wed Oct 23 11:27:46 AM EDT 2024
###############################################################################
U = 1.0
seed = 1234
λₖ = 0.0
Warming up
128/512
256/512
384/512
512/512
Measuring
128/1024
256/1024
384/1024
512/1024
640/1024
768/1024
896/1024
1024/1024
 35.985103 seconds (35.02 M allocations: 36.367 GiB, 6.62% gc time, 19.43% compilation time)
λₖ = 0.2
Warming up
128/512
256/512
384/512
512/512
Measuring
128/1024
256/1024
384/1024
512/1024
640/1024
768/1024
896/1024
1024/1024
 27.609399 seconds (33.17 M allocations: 36.268 GiB, 7.69% gc time, 0.25% compilation time)
λₖ = 0.4
Warming up
128/512
256/512
384/512
512/512
Measuring
128/1024
256/1024
384/1024
512/1024
640/1024
768/1024
896/1024
1024/1024
 26.677705 seconds (33.17 M allocations: 36.268 GiB, 7.39% gc time)
λₖ = 0.6
Warming up
128/512
256/512
384/512
512/512
Measuring
128/1024
256/1024
384/1024
512/1024
640/1024
768/1024
896/1024
1024/1024
 26.650264 seconds (33.17 M allocations: 36.268 GiB, 7.49% gc time)
λₖ = 0.8
Warming up
128/512
256/512
384/512
512/512
Measuring
128/1024
256/1024
384/1024
512/1024
640/1024
768/1024
896/1024
1024/1024
 26.613117 seconds (33.17 M allocations: 36.268 GiB, 7.37% gc time)
