## SLURM PROLOG ###############################################################
##    Job ID : 8834026
##  Job Name : sbatch_etgent.sh
##  Nodelist : node1734
##      CPUs : 8
##  Mem/Node : 4096 MB
## Directory : /oscar/home/trazzaz/AFQMC
##   Job Started : Fri Feb 28 04:48:19 AM EST 2025
###############################################################################
seed = 1580
U = 2.0
β = 6.0
Warming up
128/1024
256/1024
384/1024
512/1024
640/1024
768/1024
896/1024
1024/1024
Measuring
128/16384
mean(sgnprob[1:i - 1]) = 0.3543307086614173
256/16384
mean(sgnprob[1:i - 1]) = -0.00392156862745098
384/16384
mean(sgnprob[1:i - 1]) = 0.09660574412532637
512/16384
mean(sgnprob[1:i - 1]) = 0.17416829745596868
640/16384
mean(sgnprob[1:i - 1]) = 0.19561815336463223
768/16384
mean(sgnprob[1:i - 1]) = 0.23859191655801826
896/16384
mean(sgnprob[1:i - 1]) = 0.2670391061452514
1024/16384
mean(sgnprob[1:i - 1]) = 0.28641251221896386
1152/16384
mean(sgnprob[1:i - 1]) = 0.2858384013900956
1280/16384
mean(sgnprob[1:i - 1]) = 0.22439405785770133
1408/16384
mean(sgnprob[1:i - 1]) = 0.24235963041933192
1536/16384
mean(sgnprob[1:i - 1]) = 0.24820846905537458
1664/16384
mean(sgnprob[1:i - 1]) = 0.2507516536380036
1792/16384
mean(sgnprob[1:i - 1]) = 0.19374651032942491
1920/16384
mean(sgnprob[1:i - 1]) = 0.1662324127149557
2048/16384
mean(sgnprob[1:i - 1]) = 0.1880801172447484
2176/16384
mean(sgnprob[1:i - 1]) = 0.19724137931034483
2304/16384
mean(sgnprob[1:i - 1]) = 0.21233174120712114
2432/16384
mean(sgnprob[1:i - 1]) = 0.1781160016454134
2560/16384
mean(sgnprob[1:i - 1]) = 0.18405627198124266
2688/16384
mean(sgnprob[1:i - 1]) = 0.19240788983997023
2816/16384
mean(sgnprob[1:i - 1]) = 0.20071047957371227
2944/16384
mean(sgnprob[1:i - 1]) = 0.17227319062181448
3072/16384
mean(sgnprob[1:i - 1]) = 0.17486160859654837
3200/16384
mean(sgnprob[1:i - 1]) = 0.17911847452328852
3328/16384
mean(sgnprob[1:i - 1]) = 0.16140667267808836
3456/16384
mean(sgnprob[1:i - 1]) = 0.1426917510853835
3584/16384
mean(sgnprob[1:i - 1]) = 0.1498744069215741
3712/16384
mean(sgnprob[1:i - 1]) = 0.15548369711668014
3840/16384
mean(sgnprob[1:i - 1]) = 0.13831727012242773
3968/16384
mean(sgnprob[1:i - 1]) = 0.14292916561633476
4096/16384
mean(sgnprob[1:i - 1]) = 0.13113553113553114
4224/16384
mean(sgnprob[1:i - 1]) = 0.13994790433341225
4352/16384
mean(sgnprob[1:i - 1]) = 0.12433923236037693
4480/16384
mean(sgnprob[1:i - 1]) = 0.10872962714891717
4608/16384
mean(sgnprob[1:i - 1]) = 0.11308877794660299
4736/16384
mean(sgnprob[1:i - 1]) = 0.120168954593453
4864/16384
mean(sgnprob[1:i - 1]) = 0.1281102200287888
4992/16384
mean(sgnprob[1:i - 1]) = 0.12843117611701063
5120/16384
mean(sgnprob[1:i - 1]) = 0.13615940613401054
5248/16384
mean(sgnprob[1:i - 1]) = 0.14160472651038689
5376/16384
mean(sgnprob[1:i - 1]) = 0.12595348837209303
5504/16384
mean(sgnprob[1:i - 1]) = 0.13101944393966927
5632/16384
mean(sgnprob[1:i - 1]) = 0.11667554608417688
5760/16384
mean(sgnprob[1:i - 1]) = 0.10505296058343462
5888/16384
mean(sgnprob[1:i - 1]) = 0.11092237132665195
6016/16384
mean(sgnprob[1:i - 1]) = 0.09891936824605153
6144/16384
mean(sgnprob[1:i - 1]) = 0.10499755819632102
6272/16384
mean(sgnprob[1:i - 1]) = 0.10891404879604528
6400/16384
mean(sgnprob[1:i - 1]) = 0.10235974370995468
6528/16384
mean(sgnprob[1:i - 1]) = 0.09330473418109392
6656/16384
mean(sgnprob[1:i - 1]) = 0.09782118707738542
6784/16384
mean(sgnprob[1:i - 1]) = 0.09066784608580274
6912/16384
mean(sgnprob[1:i - 1]) = 0.0956446245116481
7040/16384
mean(sgnprob[1:i - 1]) = 0.0987356158545248
7168/16384
mean(sgnprob[1:i - 1]) = 0.10255336961071577
7296/16384
mean(sgnprob[1:i - 1]) = 0.10870459218642906
7424/16384
mean(sgnprob[1:i - 1]) = 0.11275764515694463
7552/16384
mean(sgnprob[1:i - 1]) = 0.11640842272546682
7680/16384
mean(sgnprob[1:i - 1]) = 0.11993749186091938
7808/16384
mean(sgnprob[1:i - 1]) = 0.12411938004355066
7936/16384
mean(sgnprob[1:i - 1]) = 0.12892249527410207
8064/16384
mean(sgnprob[1:i - 1]) = 0.12141882673942701
8192/16384
mean(sgnprob[1:i - 1]) = 0.12318398241972897
8320/16384
mean(sgnprob[1:i - 1]) = 0.1265777136675081
8448/16384
mean(sgnprob[1:i - 1]) = 0.11613590623890138
8576/16384
mean(sgnprob[1:i - 1]) = 0.11766763848396501
8704/16384
mean(sgnprob[1:i - 1]) = 0.11961392623233368
8832/16384
mean(sgnprob[1:i - 1]) = 0.1221832182085834
8960/16384
mean(sgnprob[1:i - 1]) = 0.12579528965286305
9088/16384
mean(sgnprob[1:i - 1]) = 0.11896115329591725
9216/16384
mean(sgnprob[1:i - 1]) = 0.12186652197504069
9344/16384
mean(sgnprob[1:i - 1]) = 0.12447821898747725
9472/16384
mean(sgnprob[1:i - 1]) = 0.12765283496990815
9600/16384
mean(sgnprob[1:i - 1]) = 0.13178456089175955
9728/16384
mean(sgnprob[1:i - 1]) = 0.12511565744833966
9856/16384
mean(sgnprob[1:i - 1]) = 0.1206494165398275
9984/16384
mean(sgnprob[1:i - 1]) = 0.12391064810177302
10112/16384
mean(sgnprob[1:i - 1]) = 0.12649589555929186
10240/16384
mean(sgnprob[1:i - 1]) = 0.12784451606602207
10368/16384
mean(sgnprob[1:i - 1]) = 0.1224076396257355
10496/16384
mean(sgnprob[1:i - 1]) = 0.1172939494997618
10624/16384
mean(sgnprob[1:i - 1]) = 0.12096394615457028
10752/16384
mean(sgnprob[1:i - 1]) = 0.11394288903357827
10880/16384
mean(sgnprob[1:i - 1]) = 0.11646291019395165
11008/16384
mean(sgnprob[1:i - 1]) = 0.11892432088670846
11136/16384
mean(sgnprob[1:i - 1]) = 0.12204759766502021
11264/16384
mean(sgnprob[1:i - 1]) = 0.11710911835212644
11392/16384
mean(sgnprob[1:i - 1]) = 0.12000702308840312
11520/16384
mean(sgnprob[1:i - 1]) = 0.12318777671672888
11648/16384
mean(sgnprob[1:i - 1]) = 0.12509659139692625
11776/16384
mean(sgnprob[1:i - 1]) = 0.12696390658174098
11904/16384
mean(sgnprob[1:i - 1]) = 0.12005376795765774
12032/16384
mean(sgnprob[1:i - 1]) = 0.12309866179037486
12160/16384
mean(sgnprob[1:i - 1]) = 0.1259149601118513
12288/16384
mean(sgnprob[1:i - 1]) = 0.12883535443965166
12416/16384
mean(sgnprob[1:i - 1]) = 0.12380185259766412
12544/16384
mean(sgnprob[1:i - 1]) = 0.11871163198596826
12672/16384
mean(sgnprob[1:i - 1]) = 0.1138820929681951
12800/16384
mean(sgnprob[1:i - 1]) = 0.11633721384483163
12928/16384
mean(sgnprob[1:i - 1]) = 0.11735128026610969
13056/16384
mean(sgnprob[1:i - 1]) = 0.12110302566066641
13184/16384
mean(sgnprob[1:i - 1]) = 0.1164378366077524
13312/16384
mean(sgnprob[1:i - 1]) = 0.11291413116970926
13440/16384
mean(sgnprob[1:i - 1]) = 0.10901108713445941
13568/16384
mean(sgnprob[1:i - 1]) = 0.10473944129136877
13696/16384
mean(sgnprob[1:i - 1]) = 0.10142387732749178
13824/16384
mean(sgnprob[1:i - 1]) = 0.10352311365116111
13952/16384
mean(sgnprob[1:i - 1]) = 0.09941939645903519
14080/16384
mean(sgnprob[1:i - 1]) = 0.10249307479224377
14208/16384
mean(sgnprob[1:i - 1]) = 0.10438516224396424
14336/16384
mean(sgnprob[1:i - 1]) = 0.10694105336588769
14464/16384
mean(sgnprob[1:i - 1]) = 0.10336721288805918
14592/16384
mean(sgnprob[1:i - 1]) = 0.10095264203961346
14720/16384
mean(sgnprob[1:i - 1]) = 0.10211291527957063
14848/16384
mean(sgnprob[1:i - 1]) = 0.10419613389910419
14976/16384
mean(sgnprob[1:i - 1]) = 0.10076794657762939
15104/16384
mean(sgnprob[1:i - 1]) = 0.10282725286366946
15232/16384
mean(sgnprob[1:i - 1]) = 0.0986803230254087
15360/16384
mean(sgnprob[1:i - 1]) = 0.10111335373396706
15488/16384
mean(sgnprob[1:i - 1]) = 0.1023439013366049
15616/16384
mean(sgnprob[1:i - 1]) = 0.10521934037784182
15744/16384
mean(sgnprob[1:i - 1]) = 0.1010607889220606
15872/16384
mean(sgnprob[1:i - 1]) = 0.09759939512318064
16000/16384
mean(sgnprob[1:i - 1]) = 0.09344334020876305
16128/16384
mean(sgnprob[1:i - 1]) = 0.08997333664041669
16256/16384
mean(sgnprob[1:i - 1]) = 0.08606582589972316
16384/16384
mean(sgnprob[1:i - 1]) = 0.0829518403222853
731.332459 seconds (167.11 M allocations: 70.745 GiB, 1.34% gc time, 1.23% compilation time)
