## SLURM PROLOG ###############################################################
##    Job ID : 5341802
##  Job Name : etgent_N2_U0
##  Nodelist : node1701
##      CPUs : 8
##  Mem/Node : 2048 MB
## Directory : /oscar/home/trazzaz/AFQMC
##   Job Started : Wed Oct 23 11:27:41 AM EDT 2024
###############################################################################
U = 0.0
seed = 1234
λₖ = 0.0
Warming up
128/512
256/512
384/512
512/512
Measuring
128/1024
256/1024
384/1024
512/1024
640/1024
768/1024
896/1024
1024/1024
 36.133418 seconds (35.02 M allocations: 36.367 GiB, 6.30% gc time, 19.22% compilation time)
λₖ = 0.2
Warming up
128/512
256/512
384/512
512/512
Measuring
128/1024
256/1024
384/1024
512/1024
640/1024
768/1024
896/1024
1024/1024
 26.894955 seconds (33.17 M allocations: 36.268 GiB, 7.15% gc time, 0.25% compilation time)
λₖ = 0.4
Warming up
128/512
256/512
384/512
512/512
Measuring
128/1024
256/1024
384/1024
512/1024
640/1024
768/1024
896/1024
1024/1024
 26.117993 seconds (33.17 M allocations: 36.268 GiB, 6.98% gc time)
λₖ = 0.6
Warming up
128/512
256/512
384/512
512/512
Measuring
128/1024
256/1024
384/1024
512/1024
640/1024
768/1024
896/1024
1024/1024
 26.132224 seconds (33.17 M allocations: 36.268 GiB, 6.98% gc time)
λₖ = 0.8
Warming up
128/512
256/512
384/512
512/512
Measuring
128/1024
256/1024
384/1024
512/1024
640/1024
768/1024
896/1024
1024/1024
 26.158942 seconds (33.17 M allocations: 36.268 GiB, 7.04% gc time)
