## SLURM PROLOG ###############################################################
##    Job ID : 8834039
##  Job Name : sbatch_etgent.sh
##  Nodelist : node1322
##      CPUs : 8
##  Mem/Node : 4096 MB
## Directory : /oscar/home/trazzaz/AFQMC
##   Job Started : Fri Feb 28 05:13:18 AM EST 2025
###############################################################################
seed = 1593
U = 2.0
β = 6.0
Warming up
128/1024
256/1024
384/1024
512/1024
640/1024
768/1024
896/1024
1024/1024
Measuring
128/16384
mean(sgnprob[1:i - 1]) = -0.30708661417322836
256/16384
mean(sgnprob[1:i - 1]) = -0.2627450980392157
384/16384
mean(sgnprob[1:i - 1]) = -0.09660574412532637
512/16384
mean(sgnprob[1:i - 1]) = -0.15851272015655576
640/16384
mean(sgnprob[1:i - 1]) = -0.1643192488262911
768/16384
mean(sgnprob[1:i - 1]) = -0.07431551499348109
896/16384
mean(sgnprob[1:i - 1]) = -0.01675977653631285
1024/16384
mean(sgnprob[1:i - 1]) = -0.042033235581622676
1152/16384
mean(sgnprob[1:i - 1]) = -0.007819287576020852
1280/16384
mean(sgnprob[1:i - 1]) = 0.017982799061767005
1408/16384
mean(sgnprob[1:i - 1]) = -0.02061122956645345
1536/16384
mean(sgnprob[1:i - 1]) = 0.0071661237785016286
1664/16384
mean(sgnprob[1:i - 1]) = -0.027059530968129887
1792/16384
mean(sgnprob[1:i - 1]) = -0.038525963149078725
1920/16384
mean(sgnprob[1:i - 1]) = -0.05680041688379364
2048/16384
mean(sgnprob[1:i - 1]) = -0.032730825598436736
2176/16384
mean(sgnprob[1:i - 1]) = -0.013333333333333334
2304/16384
mean(sgnprob[1:i - 1]) = -0.0021710811984368217
2432/16384
mean(sgnprob[1:i - 1]) = -0.017688194158782394
2560/16384
mean(sgnprob[1:i - 1]) = -0.03477921062915201
2688/16384
mean(sgnprob[1:i - 1]) = -0.040565686639374765
2816/16384
mean(sgnprob[1:i - 1]) = -0.028063943161634103
2944/16384
mean(sgnprob[1:i - 1]) = -0.04247366632687734
3072/16384
mean(sgnprob[1:i - 1]) = -0.05568218821230869
3200/16384
mean(sgnprob[1:i - 1]) = -0.0665833072835261
3328/16384
mean(sgnprob[1:i - 1]) = -0.07724676886083559
3456/16384
mean(sgnprob[1:i - 1]) = -0.08364688856729378
3584/16384
mean(sgnprob[1:i - 1]) = -0.08903153781747139
3712/16384
mean(sgnprob[1:i - 1]) = -0.07679870654810024
3840/16384
mean(sgnprob[1:i - 1]) = -0.08882521489971347
3968/16384
mean(sgnprob[1:i - 1]) = -0.07486765817998488
4096/16384
mean(sgnprob[1:i - 1]) = -0.08571428571428572
4224/16384
mean(sgnprob[1:i - 1]) = -0.07222353776935828
4352/16384
mean(sgnprob[1:i - 1]) = -0.060445874511606525
4480/16384
mean(sgnprob[1:i - 1]) = -0.06586291582942622
4608/16384
mean(sgnprob[1:i - 1]) = -0.07054482309528978
4736/16384
mean(sgnprob[1:i - 1]) = -0.06187961985216473
4864/16384
mean(sgnprob[1:i - 1]) = -0.05202549866337652
4992/16384
mean(sgnprob[1:i - 1]) = -0.05870567020637147
5120/16384
mean(sgnprob[1:i - 1]) = -0.05137722211369408
5248/16384
mean(sgnprob[1:i - 1]) = -0.05584143319992377
5376/16384
mean(sgnprob[1:i - 1]) = -0.045953488372093024
5504/16384
mean(sgnprob[1:i - 1]) = -0.03906959840087225
5632/16384
mean(sgnprob[1:i - 1]) = -0.029657254484105843
5760/16384
mean(sgnprob[1:i - 1]) = -0.023788852231290153
5888/16384
mean(sgnprob[1:i - 1]) = -0.016137251571258705
6016/16384
mean(sgnprob[1:i - 1]) = -0.00914380714879468
6144/16384
mean(sgnprob[1:i - 1]) = 0.0008139345596614033
6272/16384
mean(sgnprob[1:i - 1]) = 0.009408387816935098
6400/16384
mean(sgnprob[1:i - 1]) = 0.0142209720268792
6528/16384
mean(sgnprob[1:i - 1]) = 0.008732955415964456
6656/16384
mean(sgnprob[1:i - 1]) = 0.01487603305785124
6784/16384
mean(sgnprob[1:i - 1]) = 0.005454813504349108
6912/16384
mean(sgnprob[1:i - 1]) = 0.010273477065547678
7040/16384
mean(sgnprob[1:i - 1]) = 0.0166216792157977
7168/16384
mean(sgnprob[1:i - 1]) = 0.018836333193804938
7296/16384
mean(sgnprob[1:i - 1]) = 0.02481151473612063
7424/16384
mean(sgnprob[1:i - 1]) = 0.031119493466253537
7552/16384
mean(sgnprob[1:i - 1]) = 0.027413587604290822
7680/16384
mean(sgnprob[1:i - 1]) = 0.022789425706472195
7808/16384
mean(sgnprob[1:i - 1]) = 0.015242730882541309
7936/16384
mean(sgnprob[1:i - 1]) = 0.0205419029615627
8064/16384
mean(sgnprob[1:i - 1]) = 0.02666501302244822
8192/16384
mean(sgnprob[1:i - 1]) = 0.02185325357099255
8320/16384
mean(sgnprob[1:i - 1]) = 0.02560403894698882
8448/16384
mean(sgnprob[1:i - 1]) = 0.029004380253344383
8576/16384
mean(sgnprob[1:i - 1]) = 0.03183673469387755
8704/16384
mean(sgnprob[1:i - 1]) = 0.03757325060324026
8832/16384
mean(sgnprob[1:i - 1]) = 0.03317857547276639
8960/16384
mean(sgnprob[1:i - 1]) = 0.03672284853220226
9088/16384
mean(sgnprob[1:i - 1]) = 0.04038736656762408
9216/16384
mean(sgnprob[1:i - 1]) = 0.04329896907216495
9344/16384
mean(sgnprob[1:i - 1]) = 0.04655892111741411
9472/16384
mean(sgnprob[1:i - 1]) = 0.05205363741949108
9600/16384
mean(sgnprob[1:i - 1]) = 0.05510990728200854
9728/16384
mean(sgnprob[1:i - 1]) = 0.05849696720468798
9856/16384
mean(sgnprob[1:i - 1]) = 0.061390157280568236
9984/16384
mean(sgnprob[1:i - 1]) = 0.06521085845938095
10112/16384
mean(sgnprob[1:i - 1]) = 0.0677479972307388
10240/16384
mean(sgnprob[1:i - 1]) = 0.06299443305010255
10368/16384
mean(sgnprob[1:i - 1]) = 0.06453168708401659
10496/16384
mean(sgnprob[1:i - 1]) = 0.06584087660790852
10624/16384
mean(sgnprob[1:i - 1]) = 0.06071731149392827
10752/16384
mean(sgnprob[1:i - 1]) = 0.056831922611850064
10880/16384
mean(sgnprob[1:i - 1]) = 0.057817814137328796
11008/16384
mean(sgnprob[1:i - 1]) = 0.05950758608158445
11136/16384
mean(sgnprob[1:i - 1]) = 0.05990121239335429
11264/16384
mean(sgnprob[1:i - 1]) = 0.05602414987125988
11392/16384
mean(sgnprob[1:i - 1]) = 0.05328768325871302
11520/16384
mean(sgnprob[1:i - 1]) = 0.05668894869346298
11648/16384
mean(sgnprob[1:i - 1]) = 0.05932858246758822
11776/16384
mean(sgnprob[1:i - 1]) = 0.05613588110403397
11904/16384
mean(sgnprob[1:i - 1]) = 0.052843820885491055
12032/16384
mean(sgnprob[1:i - 1]) = 0.048624387000249354
12160/16384
mean(sgnprob[1:i - 1]) = 0.05107327905255366
12288/16384
mean(sgnprob[1:i - 1]) = 0.05444779034752177
12416/16384
mean(sgnprob[1:i - 1]) = 0.055014095851792184
12544/16384
mean(sgnprob[1:i - 1]) = 0.05222036195487523
12672/16384
mean(sgnprob[1:i - 1]) = 0.05437613448030937
12800/16384
mean(sgnprob[1:i - 1]) = 0.05117587311508712
12928/16384
mean(sgnprob[1:i - 1]) = 0.047420128413398314
13056/16384
mean(sgnprob[1:i - 1]) = 0.049712753734201455
13184/16384
mean(sgnprob[1:i - 1]) = 0.05165743760904195
13312/16384
mean(sgnprob[1:i - 1]) = 0.05341446923597025
13440/16384
mean(sgnprob[1:i - 1]) = 0.055584492893816506
13568/16384
mean(sgnprob[1:i - 1]) = 0.05815581926733987
13696/16384
mean(sgnprob[1:i - 1]) = 0.05410733844468784
13824/16384
mean(sgnprob[1:i - 1]) = 0.055487231425884395
13952/16384
mean(sgnprob[1:i - 1]) = 0.058562110242993334
14080/16384
mean(sgnprob[1:i - 1]) = 0.054762412103132325
14208/16384
mean(sgnprob[1:i - 1]) = 0.05497290068276202
14336/16384
mean(sgnprob[1:i - 1]) = 0.057970003487966514
14464/16384
mean(sgnprob[1:i - 1]) = 0.05953121758971168
14592/16384
mean(sgnprob[1:i - 1]) = 0.06257281886094168
14720/16384
mean(sgnprob[1:i - 1]) = 0.06148515524152456
14848/16384
mean(sgnprob[1:i - 1]) = 0.0632451000202061
14976/16384
mean(sgnprob[1:i - 1]) = 0.0601669449081803
15104/16384
mean(sgnprob[1:i - 1]) = 0.0637621664569953
15232/16384
mean(sgnprob[1:i - 1]) = 0.06585253758781433
15360/16384
mean(sgnprob[1:i - 1]) = 0.06061592551598411
15488/16384
mean(sgnprob[1:i - 1]) = 0.061277200232453026
15616/16384
mean(sgnprob[1:i - 1]) = 0.06295228946525777
15744/16384
mean(sgnprob[1:i - 1]) = 0.059899637934320016
15872/16384
mean(sgnprob[1:i - 1]) = 0.05689622582067923
16000/16384
mean(sgnprob[1:i - 1]) = 0.057816113507094195
16128/16384
mean(sgnprob[1:i - 1]) = 0.053264711353630555
16256/16384
mean(sgnprob[1:i - 1]) = 0.05161488772685328
16384/16384
mean(sgnprob[1:i - 1]) = 0.0527986327290484
830.261992 seconds (167.11 M allocations: 70.745 GiB, 1.61% gc time, 1.19% compilation time)
