## SLURM PROLOG ###############################################################
##    Job ID : 7671089
##  Job Name : sbatch_etgent.sh
##  Nodelist : node1752
##      CPUs : 8
##  Mem/Node : 4096 MB
## Directory : /oscar/home/trazzaz/AFQMC
##   Job Started : Sun Jan 19 02:14:35 AM EST 2025
###############################################################################
seed = 1256
U = 2.0
β = 6.0
Warming up
128/1024
256/1024
384/1024
512/1024
640/1024
768/1024
896/1024
1024/1024
Measuring
128/16384
mean(sgnprob[1:i - 1]) = 0.13385826771653545
256/16384
mean(sgnprob[1:i - 1]) = 0.21568627450980393
384/16384
mean(sgnprob[1:i - 1]) = 0.206266318537859
512/16384
mean(sgnprob[1:i - 1]) = 0.22504892367906065
640/16384
mean(sgnprob[1:i - 1]) = 0.26134585289514867
768/16384
mean(sgnprob[1:i - 1]) = 0.25684485006518903
896/16384
mean(sgnprob[1:i - 1]) = 0.2424581005586592
1024/16384
mean(sgnprob[1:i - 1]) = 0.25317693059628543
1152/16384
mean(sgnprob[1:i - 1]) = 0.24239791485664638
1280/16384
mean(sgnprob[1:i - 1]) = 0.20093823299452698
1408/16384
mean(sgnprob[1:i - 1]) = 0.1968727789623312
1536/16384
mean(sgnprob[1:i - 1]) = 0.19348534201954398
1664/16384
mean(sgnprob[1:i - 1]) = 0.19542994588093807
1792/16384
mean(sgnprob[1:i - 1]) = 0.19597989949748743
1920/16384
mean(sgnprob[1:i - 1]) = 0.19437206878582594
2048/16384
mean(sgnprob[1:i - 1]) = 0.1988275525158769
2176/16384
mean(sgnprob[1:i - 1]) = 0.19816091954022988
2304/16384
mean(sgnprob[1:i - 1]) = 0.20277898393399912
2432/16384
mean(sgnprob[1:i - 1]) = 0.20032908268202385
2560/16384
mean(sgnprob[1:i - 1]) = 0.20046893317702227
2688/16384
mean(sgnprob[1:i - 1]) = 0.18049869743208038
2816/16384
mean(sgnprob[1:i - 1]) = 0.15879218472468917
2944/16384
mean(sgnprob[1:i - 1]) = 0.15664288141352362
3072/16384
mean(sgnprob[1:i - 1]) = 0.16313904265711496
3200/16384
mean(sgnprob[1:i - 1]) = 0.16348859018443263
3328/16384
mean(sgnprob[1:i - 1]) = 0.15058611361587015
3456/16384
mean(sgnprob[1:i - 1]) = 0.15311143270622288
3584/16384
mean(sgnprob[1:i - 1]) = 0.1599218531956461
3712/16384
mean(sgnprob[1:i - 1]) = 0.16141201832390192
3840/16384
mean(sgnprob[1:i - 1]) = 0.15029955717634802
3968/16384
mean(sgnprob[1:i - 1]) = 0.15149987396017142
4096/16384
mean(sgnprob[1:i - 1]) = 0.15262515262515264
4224/16384
mean(sgnprob[1:i - 1]) = 0.15652379824769122
4352/16384
mean(sgnprob[1:i - 1]) = 0.1620317168467019
4480/16384
mean(sgnprob[1:i - 1]) = 0.16499218575574906
4608/16384
mean(sgnprob[1:i - 1]) = 0.15129151291512916
4736/16384
mean(sgnprob[1:i - 1]) = 0.14128827877507918
4864/16384
mean(sgnprob[1:i - 1]) = 0.1453835081225581
4992/16384
mean(sgnprob[1:i - 1]) = 0.14646363454217592
5120/16384
mean(sgnprob[1:i - 1]) = 0.1502246532525884
5248/16384
mean(sgnprob[1:i - 1]) = 0.15113398132266057
5376/16384
mean(sgnprob[1:i - 1]) = 0.15572093023255815
5504/16384
mean(sgnprob[1:i - 1]) = 0.1553697982918408
5632/16384
mean(sgnprob[1:i - 1]) = 0.16000710353400818
5760/16384
mean(sgnprob[1:i - 1]) = 0.1491578399027609
5888/16384
mean(sgnprob[1:i - 1]) = 0.14931204348564633
6016/16384
mean(sgnprob[1:i - 1]) = 0.14679966749792187
6144/16384
mean(sgnprob[1:i - 1]) = 0.14699658147484942
6272/16384
mean(sgnprob[1:i - 1]) = 0.15101259767182268
6400/16384
mean(sgnprob[1:i - 1]) = 0.14142834817940303
6528/16384
mean(sgnprob[1:i - 1]) = 0.14294469128236556
6656/16384
mean(sgnprob[1:i - 1]) = 0.14440270473328323
6784/16384
mean(sgnprob[1:i - 1]) = 0.14816452896948254
6912/16384
mean(sgnprob[1:i - 1]) = 0.15062943134133988
7040/16384
mean(sgnprob[1:i - 1]) = 0.14959511294217928
7168/16384
mean(sgnprob[1:i - 1]) = 0.1499930235802986
7296/16384
mean(sgnprob[1:i - 1]) = 0.15476353666895135
7424/16384
mean(sgnprob[1:i - 1]) = 0.14751448201535766
7552/16384
mean(sgnprob[1:i - 1]) = 0.1503112170573434
7680/16384
mean(sgnprob[1:i - 1]) = 0.1511915614012241
7808/16384
mean(sgnprob[1:i - 1]) = 0.1517868579479954
7936/16384
mean(sgnprob[1:i - 1]) = 0.15563957151858854
8064/16384
mean(sgnprob[1:i - 1]) = 0.15614535532680143
8192/16384
mean(sgnprob[1:i - 1]) = 0.15565864973751678
8320/16384
mean(sgnprob[1:i - 1]) = 0.1515807188363986
8448/16384
mean(sgnprob[1:i - 1]) = 0.14691606487510359
8576/16384
mean(sgnprob[1:i - 1]) = 0.14915451895043733
8704/16384
mean(sgnprob[1:i - 1]) = 0.144203148339653
8832/16384
mean(sgnprob[1:i - 1]) = 0.1366776129543653
8960/16384
mean(sgnprob[1:i - 1]) = 0.1318227480745619
9088/16384
mean(sgnprob[1:i - 1]) = 0.12688456036095522
9216/16384
mean(sgnprob[1:i - 1]) = 0.12316874660879001
9344/16384
mean(sgnprob[1:i - 1]) = 0.12447821898747725
9472/16384
mean(sgnprob[1:i - 1]) = 0.1204730229120473
9600/16384
mean(sgnprob[1:i - 1]) = 0.11511615793311804
9728/16384
mean(sgnprob[1:i - 1]) = 0.11668551454713684
9856/16384
mean(sgnprob[1:i - 1]) = 0.11374936580416033
9984/16384
mean(sgnprob[1:i - 1]) = 0.10928578583592106
10112/16384
mean(sgnprob[1:i - 1]) = 0.1090891108693502
10240/16384
mean(sgnprob[1:i - 1]) = 0.11006934270924895
10368/16384
mean(sgnprob[1:i - 1]) = 0.1133404070608662
10496/16384
mean(sgnprob[1:i - 1]) = 0.11557884707003335
10624/16384
mean(sgnprob[1:i - 1]) = 0.11042078508895792
10752/16384
mean(sgnprob[1:i - 1]) = 0.10445539949772115
10880/16384
mean(sgnprob[1:i - 1]) = 0.1067193675889328
11008/16384
mean(sgnprob[1:i - 1]) = 0.1105660034523485
11136/16384
mean(sgnprob[1:i - 1]) = 0.11324651998203862
11264/16384
mean(sgnprob[1:i - 1]) = 0.11089407795436385
11392/16384
mean(sgnprob[1:i - 1]) = 0.11228162584496533
11520/16384
mean(sgnprob[1:i - 1]) = 0.11381196284399688
11648/16384
mean(sgnprob[1:i - 1]) = 0.11616725336996651
11776/16384
mean(sgnprob[1:i - 1]) = 0.11201698513800425
11904/16384
mean(sgnprob[1:i - 1]) = 0.10711585314626565
12032/16384
mean(sgnprob[1:i - 1]) = 0.10797107472363061
12160/16384
mean(sgnprob[1:i - 1]) = 0.10913726457767908
12288/16384
mean(sgnprob[1:i - 1]) = 0.11141857247497355
12416/16384
mean(sgnprob[1:i - 1]) = 0.1076923076923077
12544/16384
mean(sgnprob[1:i - 1]) = 0.10292593478434187
12672/16384
mean(sgnprob[1:i - 1]) = 0.09904506353089733
12800/16384
mean(sgnprob[1:i - 1]) = 0.10164856629424174
12928/16384
mean(sgnprob[1:i - 1]) = 0.10311750599520383
13056/16384
mean(sgnprob[1:i - 1]) = 0.10486403676752203
13184/16384
mean(sgnprob[1:i - 1]) = 0.1058180990669802
13312/16384
mean(sgnprob[1:i - 1]) = 0.10735481932236496
13440/16384
mean(sgnprob[1:i - 1]) = 0.10856462534414762
13568/16384
mean(sgnprob[1:i - 1]) = 0.10930935357853615
13696/16384
mean(sgnprob[1:i - 1]) = 0.10755750273822563
13824/16384
mean(sgnprob[1:i - 1]) = 0.1080083918107502
13952/16384
mean(sgnprob[1:i - 1]) = 0.10830764819726184
14080/16384
mean(sgnprob[1:i - 1]) = 0.10860146317210029
14208/16384
mean(sgnprob[1:i - 1]) = 0.10593369465756318
14336/16384
mean(sgnprob[1:i - 1]) = 0.10247645622602022
14464/16384
mean(sgnprob[1:i - 1]) = 0.09991011546705386
14592/16384
mean(sgnprob[1:i - 1]) = 0.10067850044548009
14720/16384
mean(sgnprob[1:i - 1]) = 0.0977647938039269
14848/16384
mean(sgnprob[1:i - 1]) = 0.09921196201252779
14976/16384
mean(sgnprob[1:i - 1]) = 0.10076794657762939
15104/16384
mean(sgnprob[1:i - 1]) = 0.09872210819042575
15232/16384
mean(sgnprob[1:i - 1]) = 0.09618541133215153
15360/16384
mean(sgnprob[1:i - 1]) = 0.09225861058662674
15488/16384
mean(sgnprob[1:i - 1]) = 0.09382062374895073
15616/16384
mean(sgnprob[1:i - 1]) = 0.094716618635927
15744/16384
mean(sgnprob[1:i - 1]) = 0.09534396239598551
15872/16384
mean(sgnprob[1:i - 1]) = 0.09570915506269297
16000/16384
mean(sgnprob[1:i - 1]) = 0.09669354334645916
16128/16384
mean(sgnprob[1:i - 1]) = 0.09567805543498481
16256/16384
mean(sgnprob[1:i - 1]) = 0.09677022454629344
16384/16384
mean(sgnprob[1:i - 1]) = 0.09454922785814564
737.595803 seconds (167.10 M allocations: 70.745 GiB, 1.56% gc time, 1.27% compilation time)
