## SLURM PROLOG ###############################################################
##    Job ID : 5960417
##  Job Name : etgent_N(1,2)_seed1243
##  Nodelist : node1748
##      CPUs : 8
##  Mem/Node : 2048 MB
## Directory : /oscar/home/trazzaz/AFQMC
##   Job Started : Tue Nov 12 12:52:13 AM EST 2024
###############################################################################
U = 2.0
seed = 1243
λₖ = 0.0
Warming up
128/512
256/512
384/512
512/512
Measuring
128/1024
256/1024
384/1024
512/1024
640/1024
768/1024
896/1024
1024/1024
116.835254 seconds (80.56 M allocations: 13.061 GiB, 2.97% gc time, 8.59% compilation time)
λₖ = 0.2
Warming up
128/512
256/512
384/512
512/512
Measuring
128/1024
256/1024
384/1024
512/1024
640/1024
768/1024
896/1024
1024/1024
103.856034 seconds (76.83 M allocations: 12.896 GiB, 3.22% gc time, 0.10% compilation time)
λₖ = 0.4
Warming up
128/512
256/512
384/512
512/512
Measuring
128/1024
256/1024
384/1024
512/1024
640/1024
768/1024
896/1024
1024/1024
107.156759 seconds (76.82 M allocations: 12.896 GiB, 3.11% gc time)
λₖ = 0.6
Warming up
128/512
256/512
384/512
512/512
Measuring
128/1024
256/1024
384/1024
512/1024
640/1024
768/1024
896/1024
1024/1024
107.288098 seconds (76.82 M allocations: 12.896 GiB, 3.08% gc time)
λₖ = 0.8
Warming up
128/512
256/512
384/512
512/512
Measuring
128/1024
256/1024
384/1024
512/1024
640/1024
768/1024
896/1024
1024/1024
102.702011 seconds (76.82 M allocations: 12.896 GiB, 3.19% gc time)
