## SLURM PROLOG ###############################################################
##    Job ID : 8833915
##  Job Name : sbatch_etgent.sh
##  Nodelist : node1733
##      CPUs : 8
##  Mem/Node : 4096 MB
## Directory : /oscar/home/trazzaz/AFQMC
##   Job Started : Fri Feb 28 01:50:04 AM EST 2025
###############################################################################
seed = 1469
U = 2.0
β = 6.0
Warming up
128/1024
256/1024
384/1024
512/1024
640/1024
768/1024
896/1024
1024/1024
Measuring
128/16384
mean(sgnprob[1:i - 1]) = 0.25984251968503935
256/16384
mean(sgnprob[1:i - 1]) = 0.0196078431372549
384/16384
mean(sgnprob[1:i - 1]) = 0.09660574412532637
512/16384
mean(sgnprob[1:i - 1]) = 0.021526418786692758
640/16384
mean(sgnprob[1:i - 1]) = -0.017214397496087636
768/16384
mean(sgnprob[1:i - 1]) = -0.04041720990873533
896/16384
mean(sgnprob[1:i - 1]) = -0.07709497206703911
1024/16384
mean(sgnprob[1:i - 1]) = -0.09286412512218964
1152/16384
mean(sgnprob[1:i - 1]) = -0.0686359687228497
1280/16384
mean(sgnprob[1:i - 1]) = -0.04925723221266615
1408/16384
mean(sgnprob[1:i - 1]) = -0.04193319118692253
1536/16384
mean(sgnprob[1:i - 1]) = -0.029315960912052116
1664/16384
mean(sgnprob[1:i - 1]) = -0.007817197835237523
1792/16384
mean(sgnprob[1:i - 1]) = -0.018425460636515914
1920/16384
mean(sgnprob[1:i - 1]) = -0.009900990099009901
2048/16384
mean(sgnprob[1:i - 1]) = 0.008304836345872008
2176/16384
mean(sgnprob[1:i - 1]) = 0.020689655172413793
2304/16384
mean(sgnprob[1:i - 1]) = 0.03343465045592705
2432/16384
mean(sgnprob[1:i - 1]) = 0.0481283422459893
2560/16384
mean(sgnprob[1:i - 1]) = 0.05431809300508011
2688/16384
mean(sgnprob[1:i - 1]) = 0.056196501674730184
2816/16384
mean(sgnprob[1:i - 1]) = 0.06216696269982238
2944/16384
mean(sgnprob[1:i - 1]) = 0.06829765545361875
3072/16384
mean(sgnprob[1:i - 1]) = 0.07456854444806252
3200/16384
mean(sgnprob[1:i - 1]) = 0.08158799624882776
3328/16384
mean(sgnprob[1:i - 1]) = 0.06943192064923355
3456/16384
mean(sgnprob[1:i - 1]) = 0.07901591895803184
3584/16384
mean(sgnprob[1:i - 1]) = 0.08177504884175273
3712/16384
mean(sgnprob[1:i - 1]) = 0.08326596604688763
3840/16384
mean(sgnprob[1:i - 1]) = 0.08726230789268039
3968/16384
mean(sgnprob[1:i - 1]) = 0.08999243761028485
4096/16384
mean(sgnprob[1:i - 1]) = 0.09548229548229548
4224/16384
mean(sgnprob[1:i - 1]) = 0.0996921619701634
4352/16384
mean(sgnprob[1:i - 1]) = 0.10181567455757297
4480/16384
mean(sgnprob[1:i - 1]) = 0.10158517526233535
4608/16384
mean(sgnprob[1:i - 1]) = 0.10484046016930758
4736/16384
mean(sgnprob[1:i - 1]) = 0.10623020063357973
4864/16384
mean(sgnprob[1:i - 1]) = 0.10919185687847008
4992/16384
mean(sgnprob[1:i - 1]) = 0.11360448807854137
5120/16384
mean(sgnprob[1:i - 1]) = 0.11545223676499317
5248/16384
mean(sgnprob[1:i - 1]) = 0.10425004764627406
5376/16384
mean(sgnprob[1:i - 1]) = 0.10809302325581395
5504/16384
mean(sgnprob[1:i - 1]) = 0.11066690895874977
5632/16384
mean(sgnprob[1:i - 1]) = 0.11276860237968389
5760/16384
mean(sgnprob[1:i - 1]) = 0.11547143601319673
5888/16384
mean(sgnprob[1:i - 1]) = 0.11567861389502293
6016/16384
mean(sgnprob[1:i - 1]) = 0.11853699085619285
6144/16384
mean(sgnprob[1:i - 1]) = 0.11802051115090346
6272/16384
mean(sgnprob[1:i - 1]) = 0.12103332801785999
6400/16384
mean(sgnprob[1:i - 1]) = 0.12173777152680106
6528/16384
mean(sgnprob[1:i - 1]) = 0.11168990347786119
6656/16384
mean(sgnprob[1:i - 1]) = 0.10443275732531931
6784/16384
mean(sgnprob[1:i - 1]) = 0.09921863482235
6912/16384
mean(sgnprob[1:i - 1]) = 0.1028794675155549
7040/16384
mean(sgnprob[1:i - 1]) = 0.1027134536155704
7168/16384
mean(sgnprob[1:i - 1]) = 0.0978094042137575
7296/16384
mean(sgnprob[1:i - 1]) = 0.09417409184372857
7424/16384
mean(sgnprob[1:i - 1]) = 0.09524451030580627
7552/16384
mean(sgnprob[1:i - 1]) = 0.09786783207522183
7680/16384
mean(sgnprob[1:i - 1]) = 0.10326865477275687
7808/16384
mean(sgnprob[1:i - 1]) = 0.09798898424490841
7936/16384
mean(sgnprob[1:i - 1]) = 0.09187145557655954
8064/16384
mean(sgnprob[1:i - 1]) = 0.08718839141758651
8192/16384
mean(sgnprob[1:i - 1]) = 0.08753509949945061
8320/16384
mean(sgnprob[1:i - 1]) = 0.0816203870657531
8448/16384
mean(sgnprob[1:i - 1]) = 0.07754232271812478
8576/16384
mean(sgnprob[1:i - 1]) = 0.08104956268221575
8704/16384
mean(sgnprob[1:i - 1]) = 0.08422383086292083
8832/16384
mean(sgnprob[1:i - 1]) = 0.07937945872494621
8960/16384
mean(sgnprob[1:i - 1]) = 0.08025449268891617
9088/16384
mean(sgnprob[1:i - 1]) = 0.08374601078463739
9216/16384
mean(sgnprob[1:i - 1]) = 0.08301682040151927
9344/16384
mean(sgnprob[1:i - 1]) = 0.0790966498983196
9472/16384
mean(sgnprob[1:i - 1]) = 0.08098405659381269
9600/16384
mean(sgnprob[1:i - 1]) = 0.08407125742264819
9728/16384
mean(sgnprob[1:i - 1]) = 0.07803022514649943
9856/16384
mean(sgnprob[1:i - 1]) = 0.07640791476407915
9984/16384
mean(sgnprob[1:i - 1]) = 0.07182209756586197
10112/16384
mean(sgnprob[1:i - 1]) = 0.07605578083275641
10240/16384
mean(sgnprob[1:i - 1]) = 0.07959761695478074
10368/16384
mean(sgnprob[1:i - 1]) = 0.08035111411208642
10496/16384
mean(sgnprob[1:i - 1]) = 0.07460695569318723
10624/16384
mean(sgnprob[1:i - 1]) = 0.07596724089240328
10752/16384
mean(sgnprob[1:i - 1]) = 0.07971351502185843
10880/16384
mean(sgnprob[1:i - 1]) = 0.08153322915709164
11008/16384
mean(sgnprob[1:i - 1]) = 0.08222040519669302
11136/16384
mean(sgnprob[1:i - 1]) = 0.0859452177817692
11264/16384
mean(sgnprob[1:i - 1]) = 0.08905265027079819
11392/16384
mean(sgnprob[1:i - 1]) = 0.08418927223246422
11520/16384
mean(sgnprob[1:i - 1]) = 0.08551089504297248
11648/16384
mean(sgnprob[1:i - 1]) = 0.08783377693826737
11776/16384
mean(sgnprob[1:i - 1]) = 0.08450106157112526
11904/16384
mean(sgnprob[1:i - 1]) = 0.0854406452154919
12032/16384
mean(sgnprob[1:i - 1]) = 0.08685894771839414
12160/16384
mean(sgnprob[1:i - 1]) = 0.0897277736655975
12288/16384
mean(sgnprob[1:i - 1]) = 0.09042076991942703
12416/16384
mean(sgnprob[1:i - 1]) = 0.09319371727748692
12544/16384
mean(sgnprob[1:i - 1]) = 0.09495336044008611
12672/16384
mean(sgnprob[1:i - 1]) = 0.09604608949569884
12800/16384
mean(sgnprob[1:i - 1]) = 0.0921165716071568
12928/16384
mean(sgnprob[1:i - 1]) = 0.09321574998066064
13056/16384
mean(sgnprob[1:i - 1]) = 0.0956721562619686
13184/16384
mean(sgnprob[1:i - 1]) = 0.09231586133656983
13312/16384
mean(sgnprob[1:i - 1]) = 0.08872361205018406
13440/16384
mean(sgnprob[1:i - 1]) = 0.08490215045762334
13568/16384
mean(sgnprob[1:i - 1]) = 0.08513304341416673
13696/16384
mean(sgnprob[1:i - 1]) = 0.08667396860167945
13824/16384
mean(sgnprob[1:i - 1]) = 0.08399045069811184
13952/16384
mean(sgnprob[1:i - 1]) = 0.08092609848756362
14080/16384
mean(sgnprob[1:i - 1]) = 0.08260529867178067
14208/16384
mean(sgnprob[1:i - 1]) = 0.08411346519321461
14336/16384
mean(sgnprob[1:i - 1]) = 0.08768747820020928
14464/16384
mean(sgnprob[1:i - 1]) = 0.08469888681463043
14592/16384
mean(sgnprob[1:i - 1]) = 0.08217394284147762
14720/16384
mean(sgnprob[1:i - 1]) = 0.08431279298865411
14848/16384
mean(sgnprob[1:i - 1]) = 0.083855324307941
14976/16384
mean(sgnprob[1:i - 1]) = 0.08634390651085141
15104/16384
mean(sgnprob[1:i - 1]) = 0.08693637025756472
15232/16384
mean(sgnprob[1:i - 1]) = 0.08673100912612434
15360/16384
mean(sgnprob[1:i - 1]) = 0.08379451787225731
15488/16384
mean(sgnprob[1:i - 1]) = 0.08168141021501905
15616/16384
mean(sgnprob[1:i - 1]) = 0.08216458533461415
15744/16384
mean(sgnprob[1:i - 1]) = 0.08289398462808867
15872/16384
mean(sgnprob[1:i - 1]) = 0.08449373070379938
16000/16384
mean(sgnprob[1:i - 1]) = 0.08619288705544097
16128/16384
mean(sgnprob[1:i - 1]) = 0.08352452409003534
16256/16384
mean(sgnprob[1:i - 1]) = 0.08175945862811443
16384/16384
mean(sgnprob[1:i - 1]) = 0.08026612952450711
735.313112 seconds (167.11 M allocations: 70.745 GiB, 1.87% gc time, 1.29% compilation time)
