## SLURM PROLOG ###############################################################
##    Job ID : 5899919
##  Job Name : etgent_2x2_seed1256
##  Nodelist : node1711
##      CPUs : 8
##  Mem/Node : 2048 MB
## Directory : /oscar/home/trazzaz/AFQMC
##   Job Started : Sun Nov 10 09:47:08 PM EST 2024
###############################################################################
U = 2.0
seed = 1256
λₖ = 0.0
Warming up
128/512
256/512
384/512
512/512
Measuring
128/1024
256/1024
384/1024
512/1024
640/1024
768/1024
896/1024
1024/1024
346.306600 seconds (210.26 M allocations: 1.099 TiB, 16.09% gc time, 2.06% compilation time)
λₖ = 0.2
Warming up
128/512
256/512
384/512
512/512
Measuring
128/1024
256/1024
384/1024
512/1024
640/1024
768/1024
896/1024
1024/1024
316.585165 seconds (208.41 M allocations: 1.099 TiB, 18.37% gc time, 0.02% compilation time)
λₖ = 0.4
Warming up
128/512
256/512
384/512
512/512
Measuring
128/1024
256/1024
384/1024
512/1024
640/1024
768/1024
896/1024
1024/1024
289.087812 seconds (208.41 M allocations: 1.099 TiB, 18.83% gc time)
λₖ = 0.6
Warming up
128/512
256/512
384/512
512/512
Measuring
128/1024
256/1024
384/1024
512/1024
640/1024
768/1024
896/1024
1024/1024
257.805147 seconds (208.41 M allocations: 1.099 TiB, 18.90% gc time)
λₖ = 0.8
Warming up
128/512
256/512
384/512
512/512
Measuring
128/1024
256/1024
384/1024
512/1024
640/1024
768/1024
896/1024
1024/1024
207.615825 seconds (208.41 M allocations: 1.099 TiB, 18.43% gc time)
