## SLURM PROLOG ###############################################################
##    Job ID : 5902758
##  Job Name : etgent_N2_seed1246
##  Nodelist : node1749
##      CPUs : 8
##  Mem/Node : 2048 MB
## Directory : /oscar/home/trazzaz/AFQMC
##   Job Started : Mon Nov 11 12:43:16 AM EST 2024
###############################################################################
U = 2.0
seed = 1246
λₖ = 0.0
Warming up
128/512
256/512
384/512
512/512
Measuring
128/1024
256/1024
384/1024
512/1024
640/1024
768/1024
896/1024
1024/1024
397.021782 seconds (203.81 M allocations: 1.089 TiB, 22.53% gc time, 2.32% compilation time)
λₖ = 0.2
Warming up
128/512
256/512
384/512
512/512
Measuring
128/1024
256/1024
384/1024
512/1024
640/1024
768/1024
896/1024
1024/1024
341.877012 seconds (201.96 M allocations: 1.089 TiB, 24.00% gc time, 0.03% compilation time)
λₖ = 0.4
Warming up
128/512
256/512
384/512
512/512
Measuring
128/1024
256/1024
384/1024
512/1024
640/1024
768/1024
896/1024
1024/1024
277.693490 seconds (201.96 M allocations: 1.089 TiB, 26.52% gc time)
λₖ = 0.6
Warming up
128/512
256/512
384/512
512/512
Measuring
128/1024
256/1024
384/1024
512/1024
640/1024
768/1024
896/1024
1024/1024
277.188542 seconds (201.96 M allocations: 1.089 TiB, 26.38% gc time)
λₖ = 0.8
Warming up
128/512
256/512
384/512
512/512
Measuring
128/1024
256/1024
384/1024
512/1024
640/1024
768/1024
896/1024
1024/1024
284.978490 seconds (201.96 M allocations: 1.089 TiB, 26.96% gc time)
