## SLURM PROLOG ###############################################################
##    Job ID : 7671132
##  Job Name : sbatch_etgent.sh
##  Nodelist : node1747
##      CPUs : 8
##  Mem/Node : 4096 MB
## Directory : /oscar/home/trazzaz/AFQMC
##   Job Started : Sun Jan 19 03:19:37 AM EST 2025
###############################################################################
seed = 1242
U = 2.0
β = 6.0
Warming up
128/1024
256/1024
384/1024
512/1024
640/1024
768/1024
896/1024
1024/1024
Measuring
128/16384
mean(sgnprob[1:i - 1]) = 0.3543307086614173
256/16384
mean(sgnprob[1:i - 1]) = 0.2627450980392157
384/16384
mean(sgnprob[1:i - 1]) = 0.24804177545691905
512/16384
mean(sgnprob[1:i - 1]) = 0.22113502935420742
640/16384
mean(sgnprob[1:i - 1]) = 0.15492957746478872
768/16384
mean(sgnprob[1:i - 1]) = 0.19165580182529335
896/16384
mean(sgnprob[1:i - 1]) = 0.11955307262569832
1024/16384
mean(sgnprob[1:i - 1]) = 0.13587487781036167
1152/16384
mean(sgnprob[1:i - 1]) = 0.10338835794960903
1280/16384
mean(sgnprob[1:i - 1]) = 0.11180609851446442
1408/16384
mean(sgnprob[1:i - 1]) = 0.10732054015636106
1536/16384
mean(sgnprob[1:i - 1]) = 0.11270358306188925
1664/16384
mean(sgnprob[1:i - 1]) = 0.09921828021647625
1792/16384
mean(sgnprob[1:i - 1]) = 0.10776102735901731
1920/16384
mean(sgnprob[1:i - 1]) = 0.10995310057321521
2048/16384
mean(sgnprob[1:i - 1]) = 0.11089399120664387
2176/16384
mean(sgnprob[1:i - 1]) = 0.09241379310344827
2304/16384
mean(sgnprob[1:i - 1]) = 0.07772470690403821
2432/16384
mean(sgnprob[1:i - 1]) = 0.059646236116824354
2560/16384
mean(sgnprob[1:i - 1]) = 0.053536537710042985
2688/16384
mean(sgnprob[1:i - 1]) = 0.03982136211388165
2816/16384
mean(sgnprob[1:i - 1]) = 0.0522202486678508
2944/16384
mean(sgnprob[1:i - 1]) = 0.056744818212708124
3072/16384
mean(sgnprob[1:i - 1]) = 0.0615434711820254
3200/16384
mean(sgnprob[1:i - 1]) = 0.06408252578930916
3328/16384
mean(sgnprob[1:i - 1]) = 0.05019537120529005
3456/16384
mean(sgnprob[1:i - 1]) = 0.042547033285094064
3584/16384
mean(sgnprob[1:i - 1]) = 0.047167178342171365
3712/16384
mean(sgnprob[1:i - 1]) = 0.027755322015629212
3840/16384
mean(sgnprob[1:i - 1]) = 0.03099765563948945
3968/16384
mean(sgnprob[1:i - 1]) = 0.03856818754726494
4096/16384
mean(sgnprob[1:i - 1]) = 0.02857142857142857
4224/16384
mean(sgnprob[1:i - 1]) = 0.022022259057542033
4352/16384
mean(sgnprob[1:i - 1]) = 0.013100436681222707
4480/16384
mean(sgnprob[1:i - 1]) = 0.005581603036392052
4608/16384
mean(sgnprob[1:i - 1]) = 0.010635988712828304
4736/16384
mean(sgnprob[1:i - 1]) = 0.013727560718057022
4864/16384
mean(sgnprob[1:i - 1]) = 0.017067653711700596
4992/16384
mean(sgnprob[1:i - 1]) = 0.009817671809256662
5120/16384
mean(sgnprob[1:i - 1]) = 0.01699550693494823
5248/16384
mean(sgnprob[1:i - 1]) = 0.012769201448446732
5376/16384
mean(sgnprob[1:i - 1]) = 0.02027906976744186
5504/16384
mean(sgnprob[1:i - 1]) = 0.012902053425404325
5632/16384
mean(sgnprob[1:i - 1]) = 0.017581246670218435
5760/16384
mean(sgnprob[1:i - 1]) = 0.020316027088036117
5888/16384
mean(sgnprob[1:i - 1]) = 0.013759130287073212
6016/16384
mean(sgnprob[1:i - 1]) = 0.016126350789692434
6144/16384
mean(sgnprob[1:i - 1]) = 0.010255575451733681
6272/16384
mean(sgnprob[1:i - 1]) = 0.01801945463243502
6400/16384
mean(sgnprob[1:i - 1]) = 0.020784497577746523
6528/16384
mean(sgnprob[1:i - 1]) = 0.024973188294775548
6656/16384
mean(sgnprob[1:i - 1]) = 0.02839969947407964
6784/16384
mean(sgnprob[1:i - 1]) = 0.0316968892820286
6912/16384
mean(sgnprob[1:i - 1]) = 0.027926493995080306
7040/16384
mean(sgnprob[1:i - 1]) = 0.029691717573518964
7168/16384
mean(sgnprob[1:i - 1]) = 0.02525463931910144
7296/16384
mean(sgnprob[1:i - 1]) = 0.02152159013022618
7424/16384
mean(sgnprob[1:i - 1]) = 0.026808567964434864
7552/16384
mean(sgnprob[1:i - 1]) = 0.02953251225003311
7680/16384
mean(sgnprob[1:i - 1]) = 0.03346789946607631
7808/16384
mean(sgnprob[1:i - 1]) = 0.03753042141667734
7936/16384
mean(sgnprob[1:i - 1]) = 0.04272211720226843
8064/16384
mean(sgnprob[1:i - 1]) = 0.044028277316135435
8192/16384
mean(sgnprob[1:i - 1]) = 0.047735319252838485
8320/16384
mean(sgnprob[1:i - 1]) = 0.04459670633489602
8448/16384
mean(sgnprob[1:i - 1]) = 0.04534154137563632
8576/16384
mean(sgnprob[1:i - 1]) = 0.046297376093294464
8704/16384
mean(sgnprob[1:i - 1]) = 0.04216936688498219
8832/16384
mean(sgnprob[1:i - 1]) = 0.04699354546483977
8960/16384
mean(sgnprob[1:i - 1]) = 0.05011720058042192
9088/16384
mean(sgnprob[1:i - 1]) = 0.05293276108726753
9216/16384
mean(sgnprob[1:i - 1]) = 0.05610417797069995
9344/16384
mean(sgnprob[1:i - 1]) = 0.05255271326126512
9472/16384
mean(sgnprob[1:i - 1]) = 0.056699398162812796
9600/16384
mean(sgnprob[1:i - 1]) = 0.056360037503906654
9728/16384
mean(sgnprob[1:i - 1]) = 0.057263287755731467
9856/16384
mean(sgnprob[1:i - 1]) = 0.0532724505327245
9984/16384
mean(sgnprob[1:i - 1]) = 0.0557948512471201
10112/16384
mean(sgnprob[1:i - 1]) = 0.054495104341805954
10240/16384
mean(sgnprob[1:i - 1]) = 0.05166520167985155
10368/16384
mean(sgnprob[1:i - 1]) = 0.054499855310118646
10496/16384
mean(sgnprob[1:i - 1]) = 0.052501191043353976
10624/16384
mean(sgnprob[1:i - 1]) = 0.04904452602842888
10752/16384
mean(sgnprob[1:i - 1]) = 0.04920472514184727
10880/16384
mean(sgnprob[1:i - 1]) = 0.04678738854674143
11008/16384
mean(sgnprob[1:i - 1]) = 0.0487871354592532
11136/16384
mean(sgnprob[1:i - 1]) = 0.052896273013022
11264/16384
mean(sgnprob[1:i - 1]) = 0.05478114179170736
11392/16384
mean(sgnprob[1:i - 1]) = 0.05609691861996313
11520/16384
mean(sgnprob[1:i - 1]) = 0.05825158433891831
11648/16384
mean(sgnprob[1:i - 1]) = 0.05469219541512836
11776/16384
mean(sgnprob[1:i - 1]) = 0.05460721868365181
11904/16384
mean(sgnprob[1:i - 1]) = 0.05670839284214064
12032/16384
mean(sgnprob[1:i - 1]) = 0.054110215277200564
12160/16384
mean(sgnprob[1:i - 1]) = 0.05551443375277572
12288/16384
mean(sgnprob[1:i - 1]) = 0.05461056401074306
12416/16384
mean(sgnprob[1:i - 1]) = 0.055336286749899315
12544/16384
mean(sgnprob[1:i - 1]) = 0.05142310452044965
12672/16384
mean(sgnprob[1:i - 1]) = 0.05263988635466814
12800/16384
mean(sgnprob[1:i - 1]) = 0.048831939995312136
12928/16384
mean(sgnprob[1:i - 1]) = 0.051597431732033724
13056/16384
mean(sgnprob[1:i - 1]) = 0.05262351589429337
13184/16384
mean(sgnprob[1:i - 1]) = 0.04862322688310703
13312/16384
mean(sgnprob[1:i - 1]) = 0.05116069416272256
13440/16384
mean(sgnprob[1:i - 1]) = 0.04978048961976338
13568/16384
mean(sgnprob[1:i - 1]) = 0.052406574777032505
13696/16384
mean(sgnprob[1:i - 1]) = 0.05425337714494341
13824/16384
mean(sgnprob[1:i - 1]) = 0.051580698835274545
13952/16384
mean(sgnprob[1:i - 1]) = 0.04981721740377034
14080/16384
mean(sgnprob[1:i - 1]) = 0.052205412316215644
14208/16384
mean(sgnprob[1:i - 1]) = 0.05469134933483494
14336/16384
mean(sgnprob[1:i - 1]) = 0.056853854202999654
14464/16384
mean(sgnprob[1:i - 1]) = 0.05828666251814976
14592/16384
mean(sgnprob[1:i - 1]) = 0.0559934206017408
14720/16384
mean(sgnprob[1:i - 1]) = 0.05306066988246484
14848/16384
mean(sgnprob[1:i - 1]) = 0.05475853707819762
14976/16384
mean(sgnprob[1:i - 1]) = 0.05669449081803005
15104/16384
mean(sgnprob[1:i - 1]) = 0.05568430113222539
15232/16384
mean(sgnprob[1:i - 1]) = 0.055872890814785636
15360/16384
mean(sgnprob[1:i - 1]) = 0.057100071619246046
15488/16384
mean(sgnprob[1:i - 1]) = 0.05908181055078453
15616/16384
mean(sgnprob[1:i - 1]) = 0.05565161703490234
15744/16384
mean(sgnprob[1:i - 1]) = 0.053039446103029915
15872/16384
mean(sgnprob[1:i - 1]) = 0.0534937937118014
16000/16384
mean(sgnprob[1:i - 1]) = 0.05544096506031627
16128/16384
mean(sgnprob[1:i - 1]) = 0.05413282073541266
16256/16384
mean(sgnprob[1:i - 1]) = 0.05604429406336512
16384/16384
mean(sgnprob[1:i - 1]) = 0.0580479765610694
743.139906 seconds (167.10 M allocations: 70.745 GiB, 2.17% gc time, 1.33% compilation time)
