## SLURM PROLOG ###############################################################
##    Job ID : 5959489
##  Job Name : etgent_N(1,2)_seed1254
##  Nodelist : node1749
##      CPUs : 8
##  Mem/Node : 2048 MB
## Directory : /oscar/home/trazzaz/AFQMC
##   Job Started : Tue Nov 12 12:20:04 AM EST 2024
###############################################################################
U = 2.0
seed = 1254
λₖ = 0.0
Warming up
128/512
256/512
384/512
512/512
Measuring
0.804284394624948
0.6513934515467472
0.7590483032332784
0.6061375163522635
0.7177211738439896
0.7631508120648374
0.8255707704620969
0.8611824807975366
1.2179572986886869
0.6108663952734248
1.107146998737285
0.8432026405088549
0.7811432786740824
0.9530988213336383
0.797300836603337
0.656506196007837
0.6764526071302194
0.620141420603088
0.6489822920758455
0.6287964292130915
0.6077870764945054
0.6094836475020029
0.6413355995899601
0.6860029273742445
0.6246311366855467
0.8084423091074414
0.5692512661727946
0.6076794144345455
1.084278868572449
0.6869491338355376
0.6807332595191924
0.7627133307211691
0.6105676983052654
0.6442942075929351
0.8991983919917251
0.6627102251094004
1.1496767564215813
0.7083191617488459
0.46799233608056934
0.7463905408513121
0.8469530298323948
0.6466645313136046
0.6709746138647112
0.6681780807116904
1.175472884224327
0.780696336597722
0.6022563619389881
0.6309477012835937
0.7542258866347384
0.8491468486202253
0.6105522408694384
0.595701622056243
0.5996868405572338
0.9219451246663517
0.730412800620982
0.8585359119593309
0.4960713424136158
0.621152662323699
0.5892136168722428
0.7036804906041039
0.7341580566815399
0.6492569828696952
0.6889823524677933
0.7664736244386704
0.5881607442642707
0.6611011155525942
0.810205643694201
0.8509974641787061
0.9545855397637841
0.6018102234237699
0.8573451153960221
0.6526425039299578
0.5915192114766081
0.5984553721603584
0.6124880484870919
0.7568848481244093
0.810622597453824
0.7161228347426792
1.0750260683761588
0.4666950269751181
0.5618799039498855
0.687012534428924
0.6289540847445613
0.6134836654138254
0.6985725302343935
0.8654838892607183
0.6908528837246172
0.7559114424557273
0.7076818937235029
0.5780594583992176
0.96209281334715
0.7116095653020111
0.5905664461494465
0.6953202777105526
0.6191047113382387
0.7206456605422575
0.6883252250776629
0.5401096630726513
0.5766539232976122
0.9915611014009055
0.768233657957339
0.7210957936713314
0.6533448070076585
0.7180947444017924
0.6151936924590042
0.6003566182441575
0.6537346481055395
0.6003262357449309
0.8963807344243071
0.6178688026617087
0.5514118420234071
0.7385123445747622
0.6497775922069376
0.9199162297436247
0.7867682174963928
1.388241920908621
0.8051221081270137
0.8203676421523063
0.6072507181068014
1.031879377376482
0.586236467869576
0.8354703865901434
0.584065435952571
1.1364036943378237
0.9164217483242705
0.6790991143239722
0.6082451873472211
128/1024
0.5865186575657859
1.1625476395846182
0.6290569213575534
1.128454445156224
0.9440739386498501
0.8000923636025745
0.5964211078227541
0.604720882808859
0.8395189828467053
0.4425410928715435
0.45703496004894933
0.8318130004941963
0.698486188802973
0.3826606767292396
0.4107988321223599
0.43977963561677275
0.38015454075742905
0.7020280542477639
0.4221092864891499
0.9959433134307476
0.7913178164718927
0.37338667801842684
0.5386822433347995
0.6988085432700208
0.9015155223957649
0.5690985372954745
0.7805570155867981
0.5997743418832795
0.9298053305870979
0.3778203159717506
0.4429398036403722
0.761600709292682
1.2626680140480218
0.8095606168401099
1.034855853835223
0.7156732742039478
0.887504243110951
1.1430955528470852
0.688882459252431
0.4807362120831912
0.49300912723812984
0.37784758782919237
1.0177913579753906
0.5184841138607907
0.3383025703407746
0.36437029530365095
0.5128114380707919
0.8669729339793086
0.9633874060331832
0.45189118402562956
0.4272905378240675
1.321725523545294
0.6607350661510037
0.5918154185575615
0.3886562101628156
0.34376432910095767
0.48883987269783324
0.6172758114428423
1.0752196758290624
1.2050134970038546
0.5671878704712998
0.4306128060619581
0.6788964583772861
0.5736185075579443
0.33317133586487446
0.7912153405511811
0.4120905776889692
0.9721386413668973
0.6298157185362709
0.8194906799597569
0.7095910842493796
0.5916136850559055
0.5495768357105683
0.6483352351152805
0.34465912553308997
1.4817938036061817
0.5203627867564646
0.4268826837660323
0.33298277608773075
0.3137481555576204
0.5055110088530655
0.4275382300569126
0.48377098229588367
0.9941275956772878
0.5359811719123304
0.8794648971091124
0.40285966950384455
0.7466164182770259
1.2156995215170445
1.0679289497340516
0.5877219994940068
1.2685830628282455
0.8079134503814875
0.41150985048590294
0.40727109974841125
0.7545122288447479
0.7630346072056141
0.385781536942151
0.35677012231999405
0.5852083159037604
0.9518833032087619
0.4852060437940272
0.31199513950973057
0.7697035741340812
0.9645234533469309
0.6193528916419474
0.5999055108018857
0.31118437352602313
0.5786233090994419
0.5642410893590568
0.35238594363283393
0.6251220599117132
0.999629881927506
0.3235386724673026
1.0024348462512003
0.3089460243205763
0.48198519647241744
0.7190186517184747
0.6040485463363385
0.6510983146683685
0.6421313088311599
0.8647598501821085
0.324373501676718
0.6517515178704844
0.8341717556070825
0.4458207309217286
0.9884331296069337
1.004243514040127
256/1024
1.3553005728908247
1.7730124859407517
0.49746689960211116
1.2569583069046786
2.3031750307567243
2.153555671288008
1.8038712581030003
0.8815582999172088
1.5759070887234603
1.7301190437961116
2.089725054310783
2.287591569646543
1.220841779672528
0.6900508504945069
1.3425185477374353
0.13602463254799058
0.5098019727633298
1.5267992371854264
0.8579597431559254
0.8075034693568072
1.131687445952681
1.413760909608649
1.4867161935046878
1.2000024697310838
0.22838095804900366
0.9484228020399422
0.4283582346102693
0.8736378402979408
1.2202019903245565
0.21813703103937507
1.2617957102344661
0.9353345558089236
0.2908260632305297
0.622789933901491
1.585731516209103
1.3705776430657575
0.8483991042425274
0.9447419014269374
1.1985513272047397
0.2099717032693859
0.6087837151242366
0.5826884023956101
1.742697771597065
0.21618439675924042
1.0565469982023867
1.1299279651907064
1.9658354988254207
1.7471189688323587
0.355418696961435
0.3368812483597792
0.2350973951694865
0.6124186481107726
1.5680164557356737
1.446338365987271
1.140188627614282
1.2573155887300314
1.4458411519597107
0.9662535393866649
1.452264076564683
0.9138243869908627
1.1685249897473766
0.6467564264631349
0.831294955296427
0.9027490682403874
1.6233670256250399
0.6836418569145729
0.7134184791911783
2.106424726164548
0.4920386574166939
0.7657475374048606
1.5978096424491295
1.3613932323591493
0.12953927642965357
0.5953450787018217
1.9305175314564251
1.57067373492088
0.23991044616715182
1.3082933767250797
0.3179782581994668
1.4039389000421272
1.4246397222200486
0.8015910578705894
0.1434437200305785
0.9114076074047692
0.4554846630288216
1.1613494735170962
0.15838954799910354
0.5780912095155715
0.7022727531395911
0.26225699288175086
1.6146390167367501
0.98244823509778
1.2485123563571072
0.734661617305868
1.3675587490301735
1.3707907062499247
0.3633240293736131
0.10838296602046288
1.1401770229991532
1.1608858040633092
1.8244926090883096
1.885579725928362
0.4273767151825436
0.338996344985926
1.8280079276159242
0.844494005659933
0.3367723662654483
0.21469934145479735
1.314190164488295
1.4518327423718436
1.3033577289991611
1.0090876247406597
0.3974661336916461
0.9451252458640891
0.6886628855732502
2.1086110171163868
0.6281489508360916
1.741654065238561
0.4208467993522829
0.7943138221233466
0.5666917066779656
0.7753014723314805
0.8951980727234249
1.2632196651087253
1.3035665382578365
1.1081464073668028
1.1197515197666568
0.5565684994210097
384/1024
2.0629065374541335
2.147840399166936
1.0238177040972034
0.3240868261803399
0.6955812981273313
0.22680214953600702
2.077255438954301
2.2739543239462203
0.4995998211081742
0.40106555962492807
0.3138748246998359
0.7213996177768875
0.8956981012282745
1.1052923540561066
0.19957900303870207
0.3120571843248035
0.2858802467849417
0.3732672015285455
0.4113443524750781
1.826629987775917
1.3643590891003157
0.13132278300964917
1.2564884894227684
0.21156477627711018
0.5972296937826246
0.5549509505906424
1.1835409749647203
0.22772421704077034
0.6790234820873338
0.1805228329626968
1.3227324157496985
0.11830445848072012
0.9110865072329636
0.29786140771361
1.8630702735403113
2.0364440715600214
0.8605655857516235
0.1218374391641851
0.43587352869031964
0.2046744128556311
1.3548015987441855
2.1645963379389603
1.1382263732684126
0.5630598623765946
1.9349616034779014
0.9583303376236094
1.3240673867199952
1.5564593173343044
0.9091632906698751
1.4987511866355625
0.783757893280397
0.1358686412176181
0.6982371751144066
0.47769000124551286
1.650001356063797
0.7344328557501323
0.36243129149502873
0.5805293825375999
0.2747268943892954
1.236377971920579
0.15531742214957261
0.3194288297228331
0.3151461058722669
2.121695450890108
0.2509232459984312
0.9461723612435122
0.1357196832385933
1.052218187983001
0.1871114770166584
1.8710875953352455
2.392622746211232
0.4750557358467234
0.3222464926419645
1.4596937373308492
0.24968955560494102
0.1861767972780533
1.0105104589972065
0.3696380073883736
0.30811110831505467
0.4014907090780669
0.4488322924213781
0.544094875183756
0.4236115341575384
1.3061570561648632
0.18457862623898202
0.4779632819786289
1.7307547596432649
0.9471355624312859
1.1885261795988462
0.15144329547877347
0.9027150058562277
1.5336702660275012
0.4704754709143803
1.0759437090266613
0.1894811188943486
1.8150594646714295
0.598777819647055
0.37302374592755383
0.7003159738968414
0.2802433527991379
0.5745521811285217
0.587273509611953
0.964542775155472
0.4758383531633751
1.5328248357766063
0.21090857957924805
0.4934514576038923
0.32840297085425807
1.4561995733186972
0.2585151805657028
0.24880594313867022
0.1583639239829385
0.6649741060800987
1.0701494353582444
1.171117034240623
0.3586931379736178
1.5385040739162985
0.47288255284000236
0.12981763595756957
0.9929143246042145
1.5120543565750229
1.227292588423267
1.3495321961000022
0.21660045409115408
0.8680218022368111
1.3059066591187571
0.8246198333597621
1.3755646174812524
512/1024
2.173761818779277
1.4980533307734496
0.18817524915108544
1.8422330388356225
0.6210134012630215
0.6503556076970777
0.6338344525845502
1.0633383206297964
1.8691614129983078
0.24773393492858933
2.0868318728907687
1.3719380878423233
1.4933421775163258
0.5777540852681926
1.0237095887260217
0.9674209238320602
2.154682572011095
0.5298240599257518
2.32115306630863
1.232373246804335
1.9639524315536963
0.676078888820589
1.1766515452069828
1.7899188108917863
0.762720256825534
1.2433037116552161
1.5677357348983043
0.12013169206415558
0.8886565018923102
0.9191672351578579
0.9244227969600578
0.3047701033908795
1.7791317283436645
1.3540520151337256
1.5840917927188536
0.9913849665726973
2.138962045757689
2.2595933720825037
1.4437588751777461
0.2172905469521342
2.1972200714139163
1.2971968289054716
1.2991183687130587
0.4150316396364261
0.7602388185735989
0.6146866484272608
0.58149186590365
0.1949492885327584
1.7393371405983016
1.4599550441683924
0.960301370363319
1.7974382302858578
1.493178542104949
0.4524349498520892
0.3212998847266798
0.3103677937339843
1.6757228092203509
0.20339282123321303
0.444988353270613
1.703391962868186
1.2047796317721007
2.1610403243286718
0.9959970475309362
1.8403839269081197
1.2811596583706555
0.34204236620989714
1.2499805335243848
0.8686329949502369
0.7686562953699628
0.30317566758255726
1.1207784235386797
0.18446150280524332
0.9223972728890548
1.3850713414138887
1.3682201616127
1.008451818773403
0.48194510926338563
0.9387533829568524
1.602308309080003
0.31932515741442363
1.332442740129451
0.2611953129628515
1.3818546498780095
2.175441472289514
1.451630563987405
1.1574293397292457
1.5862580926553553
1.5224461410408399
0.2426534565834887
0.7853975026273059
2.322753165328185
0.1495553725032018
1.7181087105212183
1.9603582931133179
0.4260337938791751
1.2177704822381437
0.5718629546982223
0.6184031084640765
1.008863633198196
1.1173429728878381
0.7953441798566463
0.12931224057166896
1.555988189438488
1.0026256736968713
1.3430367169343542
1.43513794104327
1.5898940584304735
1.7045259583072898
0.4253831702037626
1.0163351781910723
1.7137650307431092
0.7239817925413506
1.907277813670017
0.3583501429303767
0.9214855109528194
2.2543484347258382
2.1471122643672396
1.2447627787216753
0.32710733643399187
0.6859872406362126
0.9556213383322119
1.9169186667057219
0.31889972342141093
1.9749390340040858
0.8983658951217068
1.347385561805265
1.3477941913574034
1.0052517424669247
640/1024
0.2387016662384227
0.5112459369685218
0.7487360524926672
0.6106418867771691
-0.23103624830609215
0.02856946686135786
0.7141839165596877
0.5509389653135645
0.02693985708457375
0.8664477563985385
1.2818815895524442
1.0072099014097862
0.6183802884527225
0.9913797399833169
1.114407810029512
-0.18710020487896983
1.587161438801127
0.2728550120975846
0.41799950538000286
1.6685090924947406
0.24457731348085915
1.3879918388423902
0.3376651542192237
-0.003930882710750816
0.8759252154226903
1.2300292046838242
0.2976723244908294
0.5198299885090498
1.5136303813330942
1.5829059356866022
0.287872376644827
0.47369933386879626
-0.19396393994325845
0.397289696246687
-0.027260650974895717
0.7568040669137097
0.4068965917998256
1.4110726452403308
0.248269238783366
-0.36250783541924114
0.8655548667858091
-0.11695119025387091
0.48670292468219206
0.9878612129052903
0.42072808528898975
0.4521387224382769
0.3110468408245724
1.6894522867781567
0.42998557816945376
0.9824216655621891
1.7736559614274618
0.8564492553233444
0.4410696059872268
0.4284073209214107
0.35349423897031507
-0.17269816853181352
0.7313387631213818
0.5360407065174683
0.6932745546552632
0.3206461143188155
-0.33142024695638495
0.381282765960301
-0.3465172189185638
0.5851439651317709
0.5173845431626457
0.34329279809295415
1.2896561880840782
0.41493810297527767
0.31784340717771464
0.19263257323536742
0.743361916675535
0.49928170449835274
0.9134966923471605
0.2773645332652791
1.0822910491109228
0.9863297256870841
0.5775886423430437
0.5868156837490077
0.5449095132436208
0.6709323247705395
0.20466510660809542
0.6057899454441127
1.300739775952585
0.07701028065160415
0.46596821247038694
-0.40775614095527846
-0.5073104245020492
0.6223330912410732
1.6688407502855174
1.0525169581722003
0.3105551955022355
0.5878666617064556
1.0258011169790902
0.3386809511855232
0.1835527691970696
0.3185959888657334
0.4271425273885595
0.30838797248422206
0.8937380274022945
0.38544495706945014
-0.2290435723737363
0.6882695320078126
0.9423750631570695
0.72976027438799
0.5543363646843111
0.374196882063419
1.0231314586498732
0.8298636427553368
0.6539891546721223
0.631154023838417
0.9383348158253925
0.6942388987874524
1.5313047461084386
-0.2804499422482888
0.15201848180700717
1.6810957154531527
0.332412038195384
0.1609203744044992
0.6265874965810116
0.2896353945389036
0.41183332676326984
0.43361589613716767
0.6172502170154323
0.340126562402728
0.5553642452078634
0.27955706900768496
-0.03030924348768871
0.323382348845008
768/1024
0.944086064499686
0.651977759608683
0.7444064765354267
0.4678187225003623
0.7218537825257012
0.8956921896364067
0.8227373041569923
0.48222811066399884
1.5147904944463972
0.5939003450708604
0.6094437653491402
1.4017543973090962
0.7795307447704578
0.5797712081092421
1.1712998278964895
0.7528393228277183
0.7690523168458128
0.5502553218438073
0.4688701187994525
0.509892812703559
0.5608510259659446
0.5008774257138774
0.5248142650800451
0.6992742029158404
1.0698549431920341
0.7197442246483341
0.8907401242724382
1.5045856670313356
0.4704732605808867
1.1244430857193795
0.48414123338426096
0.8492129072538697
0.7936349657470836
0.5977174833910741
0.8075374645700613
0.8914144054030002
0.6656295236690641
0.7588566877225731
0.8873197006631893
0.867640159739478
0.5850181619036553
0.517719709998696
0.6087820269595701
0.8584339752466081
0.5646171222425457
0.8454521374737312
0.7097086806453031
1.1730271817707103
0.7665480394814206
0.548759330405253
0.5385413717071266
0.665078772502182
0.5848378998496471
0.8387008600698884
0.6166569167449277
0.7003282955217025
0.6948820515580304
0.6997388587329479
0.5098310799230066
0.554586660293287
0.6581847883163006
1.2864797477102452
1.3168296914203368
0.9804141745390327
1.0416273901972872
0.7729711491887719
0.5296100967284911
0.9609495549265846
0.5468221538276008
0.6898822906103357
0.5135381971407925
0.731327337009166
0.5308621596174028
1.0585995708553044
1.1223131451892832
1.1542665379697048
0.5509265362309056
0.60649921400288
1.0134582830177887
0.902869402747656
0.5881414629936015
0.5614161274741616
0.6966229900917495
0.6578239490898703
0.8940320920086506
0.908958933866123
0.47385159238920704
1.1693945687490666
0.7429485587797213
0.5181832735103185
0.7931070313493607
0.6323431314701256
0.809896206843404
0.5246224879896133
0.78379138230886
0.5133271905098327
0.5481283475546411
0.5785541621433865
0.9577650265810534
0.5862436605482375
0.6059433900507026
0.6204960591193553
0.6980048412398561
0.8443372872763071
0.7153980886364764
0.6001418886584633
0.625467599720858
0.7176346873153425
0.6310183553917381
0.6684941376859175
0.5402838298941244
0.7334927210533955
0.5197375457467575
0.9885352036966237
0.6473921639420406
0.6739274034764704
0.5768577298853543
0.5386287639865661
0.8423712436403186
0.6377210669225282
0.66320543575625
0.8273221102057818
0.8737212404885065
0.8235326869364251
0.5061366735170207
0.6048190865912759
0.5519719041978914
0.7975481065492334
896/1024
0.734022605638609
0.6527535366458467
0.7649141044421635
0.43262601949967927
0.6446378734208943
0.19600521732672715
0.6607791034958346
0.7740636666646775
0.706006862776287
0.6657324375653629
0.6843528165720811
0.5987612969191338
0.691292102887022
0.8711139748428568
0.5205672315462051
0.5817796506577657
0.8162635480053013
0.674600558703208
0.6330118775289573
0.5889068420590762
0.8927059684168366
0.6547709546964564
0.657113931657039
0.4935122544710654
0.7593618442843131
0.671957468379218
0.52416382998941
1.0698981357323114
0.71345593314847
0.6079919757493626
0.6109574936412425
0.48247859744476757
0.45428237152284495
0.5624080086527264
0.5859911345416415
1.0624523989614372
0.8818057474548511
0.6474116303718521
0.2742117029251175
0.7653024034921343
0.5491533771834808
0.6014663337478494
0.5170360419337574
0.7730576212403161
0.7077735111597527
0.5129606231144603
0.7795881157456236
-0.07705031689024044
0.6584556194187842
0.7660903818947508
0.6605283528775951
-0.3088784190091549
0.6336030817986893
0.6583380338864135
0.6436434691266576
0.6668380611826253
0.5479156966891221
0.6525075405503797
0.7756848006340503
0.7076389107183425
0.6581619279068023
0.6859775850596685
0.6780273958781571
0.6589619282713148
0.6567886437956031
0.6535713400488248
0.588577211629852
0.6764634660050114
0.35042202420520596
0.6034079259840164
0.3721188326535553
0.6440915479621425
0.658498822382503
0.2933503598139023
0.6619874373732377
0.21730064544069883
0.7203859611297103
0.6460177867812135
0.29384375101990057
0.6726926529612539
0.7082856413881529
0.5498501223008386
0.738300769088809
0.4383805528114877
0.7167501119449885
0.17011141332309226
0.7445275410878862
0.5518504588779558
0.2511826254283881
0.73244945195967
0.7039693167354324
0.7291408065828757
0.635087369510059
0.7317524382037845
0.6788771772276557
0.7015470606669167
0.6419655641967348
0.6955337582514858
0.7103583189462236
0.6887199975204819
0.6652747803677057
0.7163251829356104
0.6829842504435156
0.6881172205918195
0.9685406779676617
0.5677675950661786
0.6489067417874903
0.6853308203250821
0.5977406362256878
0.6559029182266145
0.6149368701213839
0.6013402297121153
0.668310862225499
0.4656317151145421
0.6881611171139929
0.45401561695485027
0.6479066888857672
0.504666380533651
0.6130384972622805
0.9203011138905802
0.6351736603041269
0.9202283057505501
0.6438520750814356
0.9805231340710799
0.5103958972696896
0.34024547760195634
0.7985132317398225
0.7291703472370132
1024/1024
0.6704295749085742
123.406400 seconds (80.46 M allocations: 13.057 GiB, 2.71% gc time, 6.63% compilation time)
λₖ = 0.2
Warming up
128/512
256/512
384/512
512/512
Measuring
0.9478700072092656
0.819772076956351
0.9444238432544156
0.7047942507762661
0.9819145020054652
0.7076275067699671
0.7161035292035605
0.7665009461214085
0.7554590659721673
0.8095015950845124
0.47357529771165463
0.8614869650457737
0.5664916116731817
1.070492791240798
0.7002729371777241
0.825780301497504
0.7434412591064739
1.0024352752820875
0.7538906147401898
0.657128120526313
0.845712915809042
1.2883543502742274
0.7018227861792121
0.579551464524232
0.7997056453048881
0.6853742609496455
0.6583025489147678
0.6266021636191712
0.7651089752940998
0.7721616024546095
0.5380697622778412
0.6448168026597181
0.7366908587568144
0.7548168824371566
0.7107487842124184
0.7182761459034773
1.2704005705725125
0.756321183027235
0.660387457071125
0.6743225742598139
0.7665511990226506
0.6043616187989922
0.793825412025217
0.7660706289468917
0.7808753804625119
0.670950978322212
0.8131794156163659
0.6782256988984372
0.6218842339809455
0.6792842998489098
1.0211949943412666
0.7404427708350905
0.7805489927595303
0.8820172999117324
0.8010949247646657
0.5783151385537355
0.6738228074660227
0.8928084670263399
0.7502955894219618
1.0343604469835288
0.6573527293229793
0.7907856450176064
0.7276421910890958
0.661124078648896
0.6979017658533956
1.214243974980763
0.38671900935480863
0.7025385263727797
0.9341425536441919
0.6246223388804267
0.6010853210814469
0.6224277439349192
0.775189517038526
0.8503147902046961
0.7665514273841132
0.7671355054431311
0.6521645094269098
0.6733054819155029
1.0839991202990302
0.7386090900607454
0.7886973095896698
0.7218291041083069
0.6988944498802669
0.8193152724290493
0.6829012594172738
0.7188294705491962
0.6769522304075791
0.7081565279485851
0.7777262484250312
1.0049948153583372
0.5401979199990508
0.733625916492752
0.7510237809815529
0.8668090014082872
0.7910883883700571
0.8535985332075187
0.5811914594684885
0.7970431573876409
0.6441094133728608
0.6905175323318594
0.8352144881804409
0.7683407067141337
0.6505352739264446
1.1413894045667248
0.8032805160829412
0.8865124227431145
0.8152103084208061
0.7053287789402845
0.8007551535914522
0.621512634330118
0.7310795255101472
0.5570770879244267
0.7571588040132974
0.6645849727414248
0.879587132836874
0.5964460510448435
0.7571008508106309
0.7263285234853469
0.6290335372950921
0.5666081389853992
0.6943680025807704
0.765639526641387
0.7233144303441382
1.056870329825242
1.1626835537849673
0.9011005154660048
0.5781786500362247
128/1024
0.6449926303482503
1.1753926897143887
1.0631839407294341
0.9781763083433449
0.6163418266605356
1.2373861437703204
1.0033909945019228
0.5879388630738079
0.6791363114208817
0.7224732564611774
0.6852009949434203
0.7681198635871866
0.6933402258071983
0.7355024430987652
0.6151424369565563
0.7451166054635078
0.7037899922415449
0.6916584900407082
0.5859227419580075
0.7612883383892668
0.7090336628757288
0.6911182936275979
0.7408461562888393
0.6836334625311087
0.7482686471399491
0.6542918306669734
0.7949421130515938
0.7031020269093803
0.7024568228400946
0.7098877017151121
1.1814808451925933
0.6803671806402767
0.8806363977947875
0.9132476936810675
0.7399163237833205
0.6831108335130582
0.7137018606227239
0.8942351073097553
1.230314484341666
0.7920663834050188
0.7184118320498923
1.4397992842822438
0.6876107664067819
1.1353402813507025
0.6480131515196974
0.7394782643927269
0.621793730282787
1.1278483512235846
1.0036026918831418
0.7496210198648814
0.6954617080063265
0.9791500831822506
0.6927486561994433
0.9090049621647724
0.5216946196719113
0.740673568855807
1.5485848692121125
0.7193320602550138
0.8942023832268885
0.762494669271959
0.7136777318157594
0.6989234099820792
0.709587281992849
0.7068382535583635
0.48038034196944684
1.271662606211459
0.7939039289293734
1.2367993206712726
0.7059542611676519
0.6710011981007229
0.845421176856676
0.7049230440245579
0.658171418451741
0.7140939503746131
0.42871756955969564
0.6485227288244646
0.8237666988813237
0.6077565963784651
0.5812172990530413
0.7205861066244901
0.6244953722764282
0.6963673185417393
0.7119984607974831
0.7673490082396472
0.703510952095464
0.6827626022744987
0.7056588308937679
0.7147081333672399
0.14896405227517973
0.7072449514737911
0.7839994003416035
0.7000210269359763
0.7452153084192751
0.783310904170214
0.2705089780870472
0.6922369340006845
0.704790222633424
1.6390603458549862
0.9677646567492526
0.704724080672161
0.6451009999759109
0.6022837239747691
0.6454039173238519
0.7420542008299629
0.7516697287806031
0.6275203456849282
0.7194091666237894
0.9112565233136376
0.7194176065139681
0.7022502405229973
0.7316375105324021
0.8240170591274959
0.7046836547669535
0.6816355301013364
0.6527315607422648
0.7331736268850686
0.7625575164713212
0.7045861409381845
0.7326460443067335
0.6209678059526713
0.6357159232070879
0.6658854836980677
0.7192856849821146
0.7304376194223499
1.229862134734625
0.7079145608529205
0.7039066825400937
0.7018040782080268
256/1024
1.5588060075204173
0.505970781929451
1.358362565288958
0.9307398337353938
0.20793501323345145
0.34504265694227
1.8831654591933258
0.8073307106822785
2.9650900202490087
0.5760954845602738
1.6421224008093773
0.1128238350496942
2.0412960948117655
1.2898017748233033
0.5339185937155478
0.7459443744457187
1.3700612676892185
1.3442516776096858
0.7169547195174447
0.873102938936027
2.514696651094503
1.0300427739197948
1.2255839189066684
0.5724220814484926
1.0379763106185012
0.9528715197862393
0.7924075038784407
1.112303099465865
0.9576999461135227
2.5691059458028342
0.25890107659289363
0.9174978228277343
0.5024489290236502
0.22901356403290166
1.3814513844961365
0.30436245882228047
2.1871056235532667
0.22993277349264288
1.0978961772377525
1.5629843550152938
1.0134454465731486
0.5348938671540377
2.025485280667234
0.5101683200585767
1.2226693186219886
1.8059370520122784
0.6909420454451621
0.45410192638128644
1.2679720322215748
0.4889064650827639
0.6644958721308214
0.6097275974834757
2.767113913864772
0.7626935017421508
1.1566133066638242
1.4155396785283614
0.3984089260457273
1.33567735572839
2.7662025593818624
1.182119861372595
0.5179496750287496
1.9436617446015316
0.975710058823568
0.49881256181288236
2.021384418072721
0.7946589626532544
0.9561755601687808
1.0777179566347426
1.4978440603852627
0.9592889498659737
1.438295533324787
1.370239020474375
0.23951354154748505
0.6135635865713448
2.8035218607762893
0.10636515421959163
2.431829046696679
0.40412037105021004
1.2321001552753175
0.7653698551643852
0.8950800335449381
1.1572879062973656
2.401818613403652
1.4250487474061655
1.004705848597635
1.3880596967009629
0.9155413138433298
1.0666741142329672
0.5767111250071237
1.2461537903847488
0.13051330115071064
1.163921092601722
0.1469203130957698
2.238752379347384
0.9061316018694288
1.335530905769803
0.13715881942974387
1.2661343766163198
0.6469633981612859
0.2294668897372736
0.3255124175229039
0.7775896071133215
1.32250444493672
2.0486237004147383
0.420663641404635
2.2912200282593824
2.3808530622319966
0.9861109104836981
1.0425244457948435
1.502779034625214
0.6256202805179801
0.5864234103140986
1.5915331742981111
2.4636757341479307
0.3094008241681684
0.2986650884249723
0.11351161965485074
0.8272028808627923
1.362405425424753
1.5190703538414658
1.2992072005938633
1.002093765006909
1.627918279937737
0.10199625507402531
0.624451509923089
0.9360161025019991
0.7372629652541838
0.3660153889885706
384/1024
0.3884768386570113
0.33909899744302807
1.1270661594691327
0.04281653745711028
-0.09154786900843792
0.7832745411616173
-0.36556475404912736
0.1900348124834915
1.1073232820930852
0.17684890730805986
0.7674779345464845
2.1969989122781555
0.6629245488645993
1.7203231620103983
0.008641938608508037
1.2951113287371352
0.7019065489011309
0.8258752714901516
0.3170622111527653
0.4396090984825186
0.6698971479745425
0.49425934804328314
0.8745374284045113
1.1119852838724908
1.8472104073980553
0.2785754720533502
0.8305970220483256
0.38328426277004046
1.6183427494708817
0.34551137392743947
0.6769429025903952
1.2127258070319917
1.349307692376923
0.5492435846691629
1.0932555758537088
0.7117481029547816
-0.30098093283487726
0.16128570416536872
0.1799297004489163
0.7451371193844942
0.21040544879217432
0.37441189657785945
1.4282901267225694
-0.14640343965476693
0.7347383900356886
0.5000485472301498
0.7976910591002413
0.15797800956069935
0.770760990309953
0.16578326927024273
0.9159999374428074
1.2682974545791716
0.37997881847047993
-0.019398899251496293
1.7441731250407293
1.163060908160394
0.2936194773413991
-0.17935003674390493
0.2868649791967667
0.17969194030116367
0.2964629738926073
0.4306744648724666
0.6486947532266016
0.5860506971301832
1.9613611614394695
0.3084535332954146
1.7661630236942405
0.3506626918874587
0.11697309840416487
0.02984074154367966
0.3092401730052994
0.39561371092647013
0.7408792326260482
0.33678189600926667
1.0192805539194498
0.16880540738285676
1.206109486554437
0.5040273481131444
0.8135616175394806
0.46224281776766907
0.36135900058629117
0.40558084336644884
0.3756735578960592
-0.051262195782111386
1.799844940398073
0.9832668538939994
1.6245908562819351
1.2342814297145963
0.34494771084751963
0.3936185030295947
0.858970239067678
-0.21730687213870198
1.7868428753270167
0.39994176197086995
0.3710775419116842
1.1168291470245635
0.3187705608324966
1.172960246277959
0.09847743271443382
0.4409575508523354
1.3414250134936816
0.27605971342786384
0.3263470872092685
1.4358679115773725
1.0130806712232259
0.6618022332705867
1.5791047446280189
1.6089515523432727
0.43067643872749023
0.7466747004304346
0.5769426801334382
0.5453327896385983
0.25810267139391885
0.3619634784638203
0.7926192954145954
0.6132343530069175
1.2943420979733538
1.1701663995480567
0.26494841963979915
0.4098842692070516
0.16037595717909797
0.3299192963368771
1.934337054475011
0.5600001129995323
0.5508697925115782
0.12003147270838085
-0.17791940348349478
0.8009241758204872
512/1024
0.35961768373756337
0.6337881357269591
1.2567695344734253
1.028883379201085
1.1783552418685894
0.9640927902527499
0.4698791979126097
1.1774911677288304
0.7600242894849663
0.38319165257932825
1.0596437699493384
0.44726935969198073
0.35717037530730933
0.5898653235665476
0.4860070769025985
0.7422770617195369
0.7023444230305891
0.831499463279871
0.963436975829653
0.45451777416065514
1.09336632561179
1.00460574992532
1.162374136614111
0.6082869316240757
0.402574750303727
1.0692485654132775
0.5422938748135215
0.82634704025203
0.41370576186427294
0.37083792178203506
0.3493623912147926
0.2770730512745583
0.3557794941910227
0.4306454056952731
0.6149475413170133
1.1339838996905622
0.3424832484169229
0.3588304961320452
1.3224783247236478
1.1414422043362495
0.8253969622887048
0.8977800287282761
0.6395702794670053
0.6960762232381968
0.834436625071485
1.0544439672915102
0.40712884756297846
0.8131485717896305
1.224113062412608
0.3182024195149331
1.0194454773993187
0.42961810333466344
1.2304877493570352
1.0269659720710975
1.3174095910622219
1.1546177008241596
1.0066186525920666
-0.16132304246906315
0.9935784657703497
1.1682126479989416
1.0924780992261676
0.7280419865508367
0.2667479837151323
0.9717290305142654
1.192047485055813
0.3479057916664928
1.0445238173119036
0.1708245070673995
0.5771741024571279
0.43918156768351896
0.8652108202150948
1.188456551327687
1.0182636873465014
0.8341706796952267
0.4021030889446398
0.9216918361908855
0.5420274569249783
0.548799222472046
0.7754457034561487
0.7620166243542432
0.5728393163034669
0.5861458654669816
0.8364792706045743
1.0783403652430077
0.4004772221559607
0.5129671732012457
0.35214026556310263
0.6231306008626709
0.23368266298995355
0.8495510784428558
0.40273447031415655
0.675429997190109
0.9794582118089921
1.0358943377526213
1.0417950476822855
0.8811256681269892
0.5946064088265652
1.2580824909524284
0.49360243709628404
0.41038037923957627
0.6943717853257567
0.48236350215694596
0.5571858498525242
0.4428193779582782
1.267339387597668
0.4201086881475896
1.149329153609675
0.9192852450251282
1.067269922463901
0.922597551013079
0.3220968681199211
0.5543628486673182
0.8681896436772032
0.565661711900979
1.1081817160668306
0.4443558659001776
0.6910342488915745
0.9809272609757549
0.5180493037923861
0.7746267507864013
0.8094331165382964
0.8415150204189729
0.9096019284183852
0.7515049126275613
0.6962102431291801
1.1029679944213133
0.5854778652487442
0.8370999050499218
640/1024
0.672067270371138
0.6779785449981428
0.6355164907729135
0.5444295573865194
0.154709985275843
0.658160002542096
0.8152449833923099
0.3493847793068674
0.6818689663692117
0.5351126178795456
0.7369385689830421
0.5602934912944323
1.011919474224765
0.40123641447874064
0.4749577017850849
0.6443271322876528
0.8073728182229489
0.5578277489578582
1.1036332480493387
1.6143105341839072
0.525221339892985
0.6988211908158316
1.1603197973050507
0.7222281572410947
0.6993469151644371
0.6255127189260681
0.6052127824673054
0.7886577445563738
0.6355272546994426
0.5695162567730789
0.5942417957070601
1.0977431717294774
0.5601327376810135
0.5997552308527041
0.7392299566928654
0.8205605200097967
0.5833983973893277
0.5464695678637204
0.6982418129431937
0.5335423623905412
0.6132600142553728
0.8245090748300139
0.8054301043766188
0.6462081267129862
0.5836754160040021
0.8553204575143181
0.7878125956850959
0.6598562906585189
0.540449394214638
1.1591127645658328
0.9888482825091294
0.5584444118321369
0.5453096907903536
0.6325410747000679
0.6628081924392109
0.7813923823840918
0.625808562067985
1.293567522665462
1.449287184546276
0.5642056944503913
0.6251286292805124
0.5561233083135286
0.4338934668848618
0.8402113288785986
0.6539707385045812
0.4650559799184115
0.38621682684987735
0.680920410006429
0.778066584515621
0.5674745526939999
0.5459887131403565
0.6005059546174251
0.8462380389003703
0.6174468770387979
0.5681934319940096
0.8759301305166772
0.6309150826864113
0.5973159517906141
0.556812881718078
0.5886780142500921
1.0895802096525489
0.6593786889091633
1.0128471590374668
1.0386932908161381
1.45740635905773
0.6518298891679855
0.7015585854080508
0.5864010115665388
0.6007680540810163
0.6299061942095795
0.6109378112522537
0.5374684146885771
0.5542234436139918
0.5944550334497833
0.6665755312638764
0.7257374303407377
0.9353554176391785
0.575939910615938
0.5275297692025162
0.5703661440073686
0.59808267717812
0.6740966666436006
0.535360975910559
0.5352358286835872
0.7137457462099309
0.5720826503453914
0.4617811241632938
0.7510703264908452
0.4950454682597693
0.583574948876777
0.5393432218634634
1.1944263596001958
0.7409431963115521
0.76124076373148
0.18918016425734452
0.5552760311841984
0.7564997430554216
0.6474637888519874
0.7657050689696497
0.6995264276273269
0.6498346140494224
0.722478433034178
0.564216675834732
0.5627623622977423
0.5372339186155464
0.8635159335631806
0.521677272736877
0.7243952419634258
768/1024
1.065985931858623
0.6174280937472147
0.5863830720154796
1.0114985135067738
0.14595890277760326
0.5424961890270324
0.2878314866793744
0.3000658031852161
1.1614774362690607
0.4698881283927834
0.7288499724660268
1.0411171661056404
1.3076222383752185
1.176490628841228
1.0295701761008393
0.46780799834736725
0.8882126630953034
1.095496056824524
1.0895551782565163
0.6201938673477903
1.1844853318265764
0.9786613535835017
0.9246735598721091
0.986209069318362
0.38951055237818355
0.8336241549107424
1.045338385900967
0.1411669493164654
0.6559448467800206
0.6043282505494071
0.8466301206705786
1.1610905386297707
1.0453950822748614
1.416872498129814
0.4619418147142612
0.6345052651310378
1.3031209222142153
0.524544750603038
1.0080717356078168
0.2865478638020487
0.9907500828004517
1.3990663192670856
0.9070191019401574
0.5840234549726849
0.8846738723985537
1.071530194111436
1.366008290232657
1.433445672984737
0.6000474711224576
0.35544962966078725
0.26524827260733086
1.0218225588534335
0.7821072210560266
0.6589258595757314
0.33620534984099376
1.4024708639119448
0.8357339196921697
0.31958053472568465
0.7057578922556403
0.9649998231163053
1.075146700057202
1.0494087709951971
1.3313665975817939
0.7082914787888073
1.1926761412480218
0.7119465847062985
0.8077993509715259
0.9037926053746184
1.4028820337878698
1.0109766031323077
0.5543115420643021
1.3111217648358449
1.2213963319449952
0.35946956015061243
1.148034602293336
0.07584484640381017
0.05246249597674413
1.1614659343982587
1.0086545313740438
1.221261511370423
0.6324720218527413
0.12668456454400456
0.6673998703922315
0.8410659016805672
0.32528974335489946
1.0182000774828528
1.2101176875487358
1.047883051039821
1.121811962883669
1.0511287583866828
1.2334168292211165
0.7269734783781974
0.837734137015107
0.8623456540138034
0.4125247400803864
1.2451613487695903
0.3171823002947697
0.30075721537154737
0.815283774855266
0.4084512776312725
0.5293642696987239
0.2027963440928533
0.8171400139586806
1.0416114743120033
1.4336866827682926
0.6937732798244818
1.2916901253476696
0.6261758098791793
1.1115194862732185
0.8653249102364922
0.5359294505940942
0.8518010987172289
0.6433732896628586
0.25893061938422024
0.6765193268014758
1.0268331699301159
1.204997768173631
0.8320539043166234
0.8779456572701252
0.5515595558163799
0.9452641198945824
0.3148344094394106
0.8723266227269992
1.0580791415861897
0.6584037627169846
0.8348424051638409
1.4565722818793478
0.6391406823037298
896/1024
1.047918452393267
0.7180858735661084
0.5994195536683766
0.3388029406716552
0.612735800138468
0.59131492285456
0.5212027694752288
0.4438278335530778
0.9070852434614229
1.161455416345965
0.9896584624343404
0.547936369174501
0.8058707752196732
0.6339531101928031
0.5011241985700454
0.4908745380839522
0.6066071120339347
1.1543807493536706
1.1481825346490049
0.808035422842206
0.8485943273457313
0.5218138404057326
0.5194501348773208
0.4737495155538616
0.8630398631072536
0.612858909632013
0.6145658904992807
0.198894200152748
0.49417512363090654
0.6311048800407713
0.44594165623235127
0.5531598425300475
0.48982212265213754
0.9329283277683725
0.5028151144799589
0.6605594350222929
0.5137356217559659
0.605556853221018
0.5051244462778055
0.8957797474630659
0.4407642633850103
0.6540562394555979
1.188825308662506
0.8863544262582859
0.5038425824946335
0.712369739181415
0.47092663935607093
0.7082051290773415
1.3204104858341585
0.8154454159152289
0.601691626315159
0.528413624989779
0.5749604820917493
0.8852033116726108
0.4679813266731722
0.8080908939252057
0.9219871849138397
0.5063865407051887
0.46160802444456894
1.0588420737824025
0.6093559212196165
0.560176919666793
0.4266627306688511
1.1001582339034506
0.4484888752802121
0.810941819381802
0.8210491083288121
0.6034392255063263
0.9497022412809515
0.6470377298484794
0.8250026117577436
0.4900822365090344
0.8124145709826838
0.6215083173435586
0.7076068272248648
0.9946157642784275
0.468402897911644
0.47427648718814286
0.49369714159419475
1.0567211664793923
0.5989449369090614
0.5223611053556758
1.122444010774501
0.7282697894892981
0.3639090751331896
1.0066361615276196
0.5176469982259051
0.4469021354772128
0.5095917013772907
0.614136395595157
0.7555802260745471
0.466325781762437
0.6288109132060805
0.6165369199547225
1.4886198794738417
0.5582249078084156
0.5830582881998515
0.6137281215070608
0.46845829377026627
0.6022871593719656
0.47053827983114016
0.9571941884804124
0.698577832594888
0.5266171662380167
0.9544950668920567
0.6874803953760558
0.8499993803372934
0.6736887242507527
0.5099439709942478
0.4555299275586402
1.1468047322514192
0.6975532679233581
0.7015118903171428
0.47648113746140064
0.6954953225783337
0.5790354059899643
0.574880591642341
0.7106279521102111
0.5537533071245223
0.44366219659950906
0.8472560007819715
0.7816977315420272
0.7765734167213318
0.614736214832755
0.4622752520328761
0.5711177076528504
0.47453450598601776
1.0662140115804595
1024/1024
0.7213195634080121
116.167028 seconds (76.83 M allocations: 12.896 GiB, 2.73% gc time)
λₖ = 0.4
Warming up
128/512
256/512
384/512
512/512
Measuring
0.6206964330010473
0.7104283109974106
1.1943053241240904
0.9761955172907227
1.1576997354541434
0.5247108038289489
0.8138412906443644
0.9806042793512451
0.7534707687265033
0.4701447698068562
0.4505823389796684
0.6330709792776689
0.7081713366649525
0.9079547258467257
0.9615120691424563
0.7769219181144221
0.7187434520020927
0.7004618374283639
1.004977628421059
0.47689651308092385
0.6093413984710485
1.0361949807506154
1.1437268720322358
0.5864678895352348
0.4803588444735058
0.9798340147286214
2.392024117961316
0.4444795981477749
1.4636990030511057
0.8337582227794397
1.6336678764160384
0.8770457628673651
0.5161200263919258
0.6148805525148837
0.46497497873029214
0.6031686423251171
0.4741890446609246
0.9063055847264082
0.45213676685959325
1.1003030432804064
0.429347945947014
0.9457087778583267
0.46041408028811925
0.7860355368588797
0.5189789713651481
0.4393864249263484
0.8096181992916929
0.7742539837299691
0.5117091350960349
0.5043996181638469
1.010404548607956
0.9652487581847041
0.5052762842235672
0.5867037264194985
0.7236404543131424
0.7697430299892419
0.39598467125231185
0.9463500260033527
0.6112101700354797
0.5943375130810891
0.82899248879369
0.5408080171960608
0.8054004229742181
0.9886550596662087
0.46404196266304787
0.9621228637316244
0.5621803053514594
0.6282347964426767
0.6219801701890426
0.8335212000510784
0.7298326952089517
0.44485044833633036
1.1497659770670263
0.9009599570048108
0.8410077428765953
0.46810951817157775
0.5119809745315189
0.509725785673215
0.8259833207367715
0.6430670963558975
0.5783612549377158
0.4966027905186472
0.7483942813417265
0.5204566014522047
0.8297287880068671
0.8669638712975178
1.0324834592777323
1.1304179386053337
0.4402656443527714
0.6107482732678827
0.6794270075537994
0.918275924213814
0.7787940837350625
0.4451770962648348
0.5268039740037044
0.6545470718719226
0.48577824855443064
0.7257361098828634
0.8869099494902187
0.5159778589277305
0.5328440418389221
0.9405035922194649
0.5304847285341348
0.6132428904851495
0.44280227328352106
0.45910102868280356
0.4714629829095441
0.406251929379343
0.4147187527529902
0.9499894723397417
0.5456228781256308
0.44336271563195345
0.6883098875180166
0.5863795365426985
0.8224795184259325
0.7041301477540598
0.4380531136445925
0.6697867640965427
1.2742396833973453
0.5371464329787184
1.0021768029436902
0.5436589388964641
0.7381564607284109
0.45632555707950706
0.45579385538178263
0.7767643172670816
0.592848866289769
128/1024
1.3423595629499339
1.6757908892962425
0.8360331680810313
1.0354049669858945
0.922601957101433
0.7615985171140965
0.6996395622633951
0.7260845403534502
0.6215426320876081
1.1658622029626893
0.8715457540075585
0.3449865230666105
0.5740049170008686
0.8093585059053995
0.5400858885059865
0.964213704193329
0.4415399849296142
1.1791545274461206
1.1556168189769997
1.2073182876979685
0.8610935568554955
1.7547545270922063
0.5445327190234712
0.40634483641450403
0.8149928790420182
0.8295800579401377
1.7465464609308192
0.9339402968405243
0.8211068170187851
0.6465104128114508
0.8919508034685933
1.2205386141297754
0.6582655420999683
0.30333197534629036
1.0702446049474108
1.1675978582715278
0.8723107314110985
0.9412301595915336
0.4541944655078277
1.1980086511236612
0.9250248511846416
0.6236561728285694
0.5449555307319678
0.7085131202990311
0.9973251428296354
1.1616041229407612
1.1486470828350699
0.8593890748376974
0.6973591273422806
1.2279351517678747
1.1042355145055338
0.8920735008614189
0.9262587464349734
0.4986474181131716
1.0302539928770953
0.9954170223760568
0.5413151035799137
0.759512901623516
0.8704073087634959
0.7104695688558799
0.9478154950726654
0.861895275003485
0.9746260897880537
1.2753263159176087
0.4714969901036242
0.9774926118391428
1.0021270632049142
0.7259611532405021
0.837723065944824
0.797836586850427
1.2047531589124854
0.5894584316951741
1.1182003101504991
0.7514359544670827
1.078922798485369
0.9293606379636183
0.8993508784883258
1.2037564157144536
0.667733811914019
0.3890663898561595
0.6829173365027428
0.8504418177702396
0.8364708845127479
1.1697395154300134
1.0269887342687312
0.7562786401640672
1.2567450302016927
1.1613719767720088
0.7311593542162583
0.7241521515066903
0.39404598173591354
1.075029114959079
0.1938225489572762
0.9679983635131373
1.1803427292501907
0.8922075437936565
1.0520711207355495
1.1406472860539192
0.7073376671445581
0.48932624096229593
0.46833806180349
1.1426072209251443
0.470385973962045
0.9425119434630318
0.4404736433274115
0.5164483797776751
0.5428484613008063
1.2921701354956676
0.31331269733197914
1.4942536941862232
1.1424835464001404
0.7948843038175293
1.0329199233836368
0.7029278009478362
0.41107825639599416
0.5033247702629936
0.6331215891317008
1.152430866419854
0.5251504182598079
1.0421051094995863
1.017860538917496
0.5232654620120377
1.3373585780769701
1.1618443128659908
0.7071097935856943
0.44462205657057147
0.7260053114474218
1.0421514854786724
256/1024
0.5074472480774037
0.6097315851425704
0.8507156584028548
0.17763110176317137
0.013668751346641694
0.42244853129309956
0.6496115549724113
0.5885049654313043
0.682074591834492
0.3563648888864904
0.5134911851885962
0.9660045558594901
-0.3285857925139174
0.6539360591059522
0.6933358768506724
0.8664788988257541
0.31344516131132505
0.5281389482254404
0.44398805412712733
0.5162217305146425
0.34856185331982803
0.14694115556800835
0.802533508039849
0.2218301827505214
0.6168085740569577
0.6122047930563939
0.733716626960377
-0.20025181172704498
0.286384385887213
0.5389462291126191
0.8633896444883125
0.8649532277487897
0.6776097623095705
0.9217595623360676
0.910072803577683
-0.14791202667494208
0.828432304519932
0.4245413943758335
1.022390220598389
0.7903568929917584
0.2428117505700252
0.41135944445050765
0.584155163482565
0.7220930824801748
0.4158050816117491
0.8847156261260143
0.6470580421794001
0.8875635402692232
0.80765727348442
0.9264417869431111
0.522113779805758
1.0018390168884936
0.8346460373759648
0.3538867936973139
0.7442179009865197
0.9408189650547956
0.1958459899019268
0.441893369635165
0.5610518983044894
0.6210656281789275
0.8857196839676599
0.6973698614660703
0.735752224233593
0.7328694817622107
0.6150194147887026
0.29430518671356104
1.0559082168775633
0.5683436446076091
0.555195822160867
0.01524808882794193
0.5681567097186033
0.6979026174161542
0.9133903857121224
-0.4256508335446051
0.9300108810480465
0.723335550067858
0.5202471166742775
0.8379794108436172
1.000616934956088
0.9756864904295771
0.684570332408713
0.486869678257179
0.5726405660301394
0.4608113323447686
0.8134505951159923
0.7019303606689821
0.8768213866353464
0.6796179741247546
0.9124032114955722
1.0686731404529586
0.7568796763386882
1.029667180933536
0.8634519300063483
0.5734432429997058
0.10135272350344637
0.914458136761607
0.6679534263718105
0.4028099427373432
0.9357637254980667
0.8997241024985958
0.8106393126532223
0.6794391007976321
0.3543298709890378
0.9254319846610811
0.8905310727819536
0.9153199680616912
0.7860622901074746
0.5962497216244238
0.6348496689276604
0.47882630219989575
0.715563029794734
0.8437458680395401
0.43280227166091906
0.8090783598977276
0.4558770805113286
0.7587630661562141
0.6741616399668394
0.7709419047425168
0.6211566319004127
0.5330581851950811
0.5110152605059449
1.0194535160717857
0.8136570611069904
0.7730534154454269
0.7143864451593884
0.8732479349010454
0.7830943172234701
0.9937512241664512
384/1024
-0.21080072439439446
0.19778222457668032
0.5932200537330587
0.5414761385974033
0.3475716588854393
0.3479442684052726
-0.4399750329242025
0.2686411568358448
-0.029332064469918484
1.4268339584225787
0.5862774850412791
0.6923984986396947
0.11950950811787842
0.0015756757615851824
0.21262126356260208
0.6009382520354752
0.7968554291637887
0.8283750183171221
0.9798838948909203
0.46427093740794395
0.9485979411373844
0.5862685366707984
1.1157283460494465
-0.24192342666160355
0.26154199897361263
-0.41343349957009173
0.4414137163803644
0.9927702939496896
0.6608680179489201
0.04448882559482514
0.8413833886343419
0.30292284716375856
-0.21738239836960405
0.8779441762828318
0.893520688416976
0.2509229219549572
-0.6572242522135932
-0.32968888554103803
0.6428374086685995
-0.3209155975201927
-0.023612967214759584
-0.11170889506794526
0.17520828838083558
0.5678720053132547
1.453103426889692
0.6094653907270379
0.937515507680623
0.5895440756922892
0.9278702711285143
0.5960371145943426
0.8506263225895673
0.3563648863228214
0.11501311652141166
0.966723442475381
0.03601427901413423
-0.011924720721722348
0.22291243925348136
0.3809559264019319
0.15043522302729742
-0.0743378585757306
-0.4769063125699856
0.5290088015497658
0.4837079233477818
0.050663229170401225
1.0780385655762477
0.3757000913330328
0.17185103329020485
-0.8814864105810666
0.6843559462065589
0.6606668895812368
0.010416932190660616
0.06872427795055808
0.40102117503282675
0.7648287536446182
1.2613900781194436
0.4794846630019909
1.030160381378042
0.11328738385665738
0.47057436646898765
0.5482450734592901
0.41716791091312166
0.3491086701507512
-0.328605558682153
0.42142035769039193
-0.12054031106295493
0.7204774901068847
0.5229934498149337
0.5911495275768913
-0.2772195358712326
0.6027091156341603
1.328689112060218
0.29778484736476474
0.7493378400412953
1.0804186769406348
1.139507494544285
0.10559274960440107
0.7771055161310988
1.455450161788475
1.1847416365509298
0.6507707093467148
0.4116497047902665
0.5267665862420985
0.47547374034199835
0.04735948008038793
1.5433956579542378
-0.3741221751286644
1.4106242693250026
0.9757018096730428
-0.6116857612377417
0.016725071628661048
0.4179009693323009
0.47270462396665086
0.2698542685969028
1.213149951926562
0.08389778061133993
0.6451556433290979
0.3261199394865546
0.14193107486861578
0.777116681534958
0.6792163197778147
0.807500773146959
0.5431224845239737
0.7831631248853856
0.9575090063884983
0.6038548199544459
0.142098494714975
0.41394423587679025
0.5376162855181527
512/1024
0.9936028323461704
0.43815461058326344
0.43838842919535903
1.0835498818165121
0.35214430270438685
0.27912645563820226
1.154162293873226
0.4179850270121961
0.48926721377840265
0.41275515517668016
0.5052371704466763
0.6463900436509236
0.4798795858052779
0.7456671479587547
0.3687836763238632
0.2962745136029252
1.2436409582015187
0.39903400095827307
0.6279378936075388
0.7624922345648514
1.092791752532492
0.24425782897291787
0.6233705254394817
0.5688064327512872
0.591494118566896
1.2050385915817614
0.6763244640722441
0.8742270449837553
1.1914164648327195
0.5000603850164764
0.7592268811209766
1.226180155254724
1.0427710381792976
0.42298749580280626
0.573386596610707
0.31802813780635913
0.5401031429918635
0.4994355424451561
0.3050011998363559
0.3208343259246752
0.34222114008581667
0.44421300201039826
0.5135763087289908
0.4031907685685799
0.7754056629151129
0.3037844586652593
1.4390934589482587
1.2123161432389096
1.0506499374189588
1.0162480494956663
0.38681642331160504
0.7506802812322728
0.481605430249614
0.30496127026362085
0.24790800534032953
0.3827358663983579
0.3100745775605501
0.8496278597665381
0.37660640986363203
1.0417169233084826
0.31370243826682365
0.34813766282045067
0.6793801892085286
0.532049207318561
0.7004036255984616
0.3569485365235765
0.7699339890443581
0.32100109209330896
0.4544185070285167
0.5143748447326904
1.3934662287274526
0.4903261432692296
0.9185850897224527
0.6925800324685396
0.35458370849185783
0.6019119125124904
0.5409156831380013
0.8386837707201311
1.0413829637474579
0.39372786225635925
0.2978845330995733
0.8496110693356699
0.6067264467874267
0.4481236332179518
0.3248750222224411
0.8125734297368852
0.6355979048208902
0.31541804399530604
1.4735621532649514
0.7872715814361778
0.905587050026918
1.0752732546712307
0.4546117357080868
0.4423515078823534
0.7093759579133215
1.327778439655856
1.0256864982725615
0.36406267809369114
1.1084194667924594
1.1582528113718324
0.253581112136588
0.3452914970878781
0.48633035346926123
0.3902547184288079
0.5491038817198078
1.4687941438631889
0.4419359479402285
0.34466605655047083
0.2978731747783838
0.46311317783907535
1.1194847732483892
0.38746152614082924
0.3607520535001963
0.48458614474512807
0.29810703886684375
0.8751991444277595
0.35385122223986964
0.9178079693504478
0.6113650811262803
0.5228648783832348
0.40126105688066194
0.8113347486524808
0.9595450102749742
0.4340437131509478
0.4662920664888414
1.6830584744082244
0.6580035743065631
0.41188010751752085
640/1024
0.48951156471616364
0.8884125804592545
1.0856396353224045
1.010632615122708
0.7974069773310087
0.6645410585313354
0.9236702063926732
0.44752522749012275
0.4334794811169273
0.4830322357266055
0.5053931483307464
0.44753749390543196
0.7549409678784968
0.9437281366884123
0.4352380278327631
0.7397389759461749
0.41559741447466403
0.5530598949585467
1.1300912548865598
0.49516868229324185
0.44703526094378476
0.31768089090097734
0.5635886492671645
1.1341988939795637
0.47877866229045896
0.49169120816863565
1.302864211255485
0.5617560634052349
0.45338269496042205
1.056836064174927
0.7459877950028488
0.4200307862042867
0.9711292608394173
0.593581888682645
0.4496804635435621
0.7488187920642229
0.8708117799678945
0.8527796947133068
0.47039967980462544
1.0930672142191111
0.6246602862154922
0.7470293485570844
0.5113026597095929
0.4764362966171519
0.4606584182596935
0.7136200393361378
0.46270584841016815
0.6960435050958083
0.6036000955324435
0.47875962947233963
0.5213970017229138
0.6557422871092328
0.8121230741733634
0.3431799987840141
0.8896357427994382
0.41195915843018543
0.8699261509031989
0.814281790797496
0.45725838679216263
0.7600811720063635
0.5083911715472578
0.758691396814273
0.7384915634634341
0.7998104602619025
0.6308270564879361
0.72400352297602
0.8386594544555576
0.42193832609354276
0.9028703134457183
0.45551007272519806
1.0566716775845544
0.6213536956315477
0.5180548482563131
0.7242296252019609
0.4070241097482544
0.8922945837174785
0.8805808233720043
0.2629260097566916
0.4293983856218169
0.46943240316917395
0.6284771936106601
0.44986885573359614
0.5115420499212084
0.6705558252612821
0.8825022264559199
0.4895415097786856
0.5048379868642571
0.6221521571077654
0.7993072978229249
0.6341621048575105
0.6106866178506051
0.6149743238229668
0.6547157138657447
0.9466278060103512
0.9695196249520631
0.8755544072648922
1.0481073186528964
1.3095585966535779
0.7254776137290762
0.4837453143377009
0.6315633275797208
0.5160770848497758
0.543819345936861
0.533690033344718
0.43704679798035345
0.639730467503721
0.5261341574690077
0.44943139114939157
0.4605434459508443
1.2387356733747132
0.4253608287215826
0.5839558453323441
0.49646120045559206
0.9416574292493557
0.5647201177895368
0.9549636212720642
0.6348157450269891
0.4321425733032633
0.6125325509721928
0.48733701088878406
1.062750004593783
0.476057649810664
0.7740040346888142
0.45344241024235454
0.5375055656277931
0.2928302238747485
1.511366453101001
0.5438475204287321
768/1024
0.472135907991615
0.73994170972365
0.7100812728181056
0.64121824681541
0.29850525907404235
0.2780613516174104
0.30016260755456775
0.5941675811078888
1.0861569861656726
0.4208865595555631
1.4513570629587327
0.3367674641422348
1.1525332651933193
0.9239247878132837
0.2788721991498927
0.9594258190802895
0.3287790800505379
0.25864777657589927
0.4393211063022171
0.277628222754512
0.35786610770588695
1.3219133630448785
0.47583785974004583
0.7507499876438499
0.33145269288556134
1.4102308831681094
0.2520381531657624
1.7834808705392984
0.4334760378322331
0.44589991255216044
0.46248941145475897
0.8399158945974561
1.189647075088922
0.5921789867445997
0.8657628349631059
0.7095082184718918
0.8093034422712178
0.28027402889756614
0.7890912745210825
0.9717104056407027
1.0437619239005818
0.5593927484104099
0.569931168759817
0.5238456178466988
0.8496113618276437
1.697872987539097
1.0346915084119972
1.4010063556079184
1.2438938620283428
0.8687998444817251
1.2139445440387402
0.3470211937726375
0.26816517577323423
0.6525435988845778
0.9545277235078882
1.268831338851492
0.6521464450210253
1.3107266038511416
1.9341290780206448
0.8783978445216165
0.7732067998941856
0.459825251300195
1.4893201506764715
0.41248713985426066
0.3220641956639557
0.5139676786400436
1.005371969266052
0.7759633057140385
0.3434308286861071
0.7132335670038399
0.6816535404046811
0.5694595079927722
0.2468447903982609
0.29675256363436764
0.7101580759596982
0.33259638125861424
1.000902045982371
1.4844438657765668
1.4012444924606802
0.405580228485917
0.308776798900662
0.9387631890450807
0.9118518621079968
1.5199839184642765
1.168153592438402
0.7860546922195253
1.5373711388165967
0.6649713238230608
0.5363621963295078
0.5039732576273614
0.43485488739891875
0.348096243880211
0.6176678304485442
0.8104019339620225
0.7211084027436064
1.1319544206700554
0.5983118114492001
1.127219890087254
0.7066264167691387
0.3598100575247801
1.9352730630599393
0.49793470266218803
0.7956460585421795
0.6628457831533319
0.5966729294214639
1.358784166397883
1.5895108090449472
1.8922234256678965
0.8714717738079115
0.9261495972191678
0.38136197548987294
1.4790496567220919
0.27953548044399273
1.261170011291568
0.7166072629620416
0.4045959668568966
0.3056565010701677
1.2898474240316926
0.7601137433449021
1.2844971399022722
0.3757562099505939
0.8192528347956277
0.8933259155752862
1.1949734580372129
0.6320743911192106
0.3108979592501654
0.3420780361380303
0.5644031188603519
896/1024
1.0875821340523568
0.9780034868270027
0.7376164735282705
0.9469669052148828
0.6126359626622612
1.0269400473905803
0.8803654287843209
0.6667405044125084
0.9066605671105307
0.41465269338491706
0.8072009872407793
1.018260841181195
0.5304088761818028
1.1054443899316981
0.45883537679207975
0.779591967792584
0.8789550874964773
1.110880371636133
0.9774074254549876
0.8870026509978487
0.7503448841136452
1.021376523870825
0.5985612487108838
1.0046302005969232
0.43020749927460833
0.6628850869036056
0.6033650784514883
0.4207306463782338
0.9565010799360705
0.830166081275843
0.9274667084450889
1.1768935292074685
0.9910353898847223
0.4388420835833651
0.8691899035170239
0.5719646058797467
0.7341941285841067
1.0727626674162045
0.4305806104649547
0.9371967980470205
1.258633454356371
0.48740205249181323
0.7200568506515395
0.5237863854983875
0.695390684065605
0.793998725364102
0.4504199249914912
0.5808939995682445
1.0662175261443991
0.7482459676011669
1.6131719843388224
0.8616286289110692
0.7052282655484243
0.5553636194935971
0.6629293626241203
1.1394296071471146
0.7406695016481672
0.8198767573644864
0.6214772935859806
1.1791889565264633
1.020013791612126
0.7568725806909089
0.7159502092122665
0.4556512461120065
0.7243871148217977
0.7088148293678243
0.6799582506765176
1.0029541977140954
0.69064647351168
0.4936496564628915
1.0942010712609358
0.5015463190111542
0.5777601987996287
0.4422304021599458
0.8837083192398214
0.989410891038549
0.9084640509574505
0.7187019046168326
1.1122696683506579
0.6168096714692729
1.0522819696106318
0.8664162751273016
1.1991474023077846
1.1066065329205967
0.2507534483094026
0.7281210664134654
0.8196406465808033
0.7296961846672718
0.7600092824998655
1.0412103178152683
1.4152550974037386
0.834487365643759
0.9374211715798768
1.068042505312025
0.5852178622603782
0.9122537220736723
0.4714918790744368
0.8263541266653748
0.4913454230908283
0.5182461800874599
0.84953405040895
0.4542520258157781
0.910385337876345
0.7118648052113065
0.7470112685490577
0.3535663452295509
0.4847290854638482
1.0832862281300435
0.7322479407983661
1.0170192682102137
1.1090409054857535
0.8282686252784937
1.1196303615589904
0.7878031794374218
0.9943999961816414
0.651971902257702
0.5900963655151893
1.0552274519479212
0.9750327742903699
0.8564522851613907
0.8873931291592556
0.8704074467767373
0.6052292818677489
1.411068440972368
0.5257842143271528
0.9468389832235322
0.7010082356898657
0.5785066642477443
1024/1024
0.4937620293238651
103.640747 seconds (76.83 M allocations: 12.896 GiB, 3.01% gc time)
λₖ = 0.6
Warming up
128/512
256/512
384/512
512/512
Measuring
1.0253575826208243
1.073261486304292
0.2532714062211474
1.4431132482765214
1.5663367232601708
1.6366541697578452
1.1363484827432684
1.5979544698575516
1.436308793087242
1.0437365592989516
0.5881272359298543
1.4178535306776465
0.6336955056877498
1.6409076017312358
0.5754925919809802
0.39322399017798026
1.0646715731649268
1.4522555769783931
1.2613546171063106
0.740117817076678
1.0398568672897481
1.1704577449318565
0.8042480782961401
0.8793803364296894
1.6753739168181858
1.075220646425788
1.4404729564242706
1.6490961799090114
1.2700934773741774
0.6464173656992436
0.5554994592840103
0.6477759871684492
0.8159985169800776
0.48553221749156217
1.2990542608307716
1.558159589756858
0.6298644440034393
0.7521361792841876
0.7615102685373772
0.36564696540781005
0.378616249397811
0.3972854160303705
0.7526437017986196
0.7147959477396649
0.817177117004428
1.6551806156352482
0.9162833669149245
0.21180462873025174
1.5759342377888363
0.925097259082834
1.5036165110952247
1.2622945270028703
1.5681693615640793
1.1644963263369668
0.8325924677127943
0.25913274188981805
0.8560999327260693
1.9332658230761521
1.359105925071374
1.0617543438829327
0.4659219998908694
0.4111931545495312
1.168995416766633
0.25566877842984276
0.4399803788306193
1.0065320203069965
0.6746074956110767
0.8739890428352466
1.7038274904155066
0.7599316761413218
0.812781684086446
1.7434643318112695
0.552247018449474
0.6246446631181158
1.0728992500981993
1.6720091066063951
0.46440375190082106
1.2664086102574792
0.4423935563267771
0.7952059900581286
1.3388079998635294
1.4867858118632897
0.6478635812418043
1.1427125523068162
1.5146898941627491
1.246699856738466
0.30825746666368753
0.665390857455238
1.047974254367009
0.6775850503778398
0.5622210184661743
1.750060935962476
0.5103017762864966
1.9503855057529242
0.4242871440694719
0.6007134490978184
1.5067687692420333
0.941811318747868
1.448905257983595
0.3645897629412204
0.5849659615062366
0.8435240193521485
0.5393025250113694
1.517665620821757
1.151428478297761
0.7164139164446902
0.24790589841505162
1.0476262856887468
1.339064239605641
0.3320476435377323
0.3030117361375104
1.5027806034448712
1.3996377710004635
1.1073695494367433
1.1387951225039152
1.5348537386165633
0.6547284926552622
0.7000255848842288
0.8861801608662621
1.0823526013558542
0.8715528785951325
1.6395594687315123
0.7882228504712621
0.678137277399715
1.7199561845502658
0.34837342141437033
0.8083782691579842
128/1024
1.1833543024883293
0.16335465992510606
0.31914007959863366
0.35957006017967275
0.8465555445690346
0.32369972604540087
0.4925307606225783
0.481464416943736
0.7895357104304137
0.44713092161812784
0.6406047393044749
0.6603645200803132
0.2708888642910858
0.5622853823600458
0.4454305521510102
0.3283610901668875
0.4467831275008139
0.826293193118027
1.1265810469542874
0.3618455006849909
0.9494775900181005
0.5758070659706584
0.7255281412235396
0.5390691494429454
0.5638891767170016
1.1683231582229867
0.7791957421501542
0.5208494871190134
0.6636216711995276
0.5164455673716857
0.7636493007146593
0.399304229921806
0.3426645354994954
0.35358772672509725
0.9220792785505816
0.49835190197472756
0.4819679436654698
0.48068796071971587
1.0273134889022393
0.4095154186202136
0.5080511421829735
0.8362650388124633
0.5681182066744459
0.4519029970905696
0.5228047137218876
0.5562238715924978
0.8245815359622705
0.560023354273476
0.43744616196506914
0.8985536633001259
1.2205538989023292
0.44054854498814433
0.6484465733462788
0.40788493660211705
0.4293293801701343
0.6152307337882781
0.8162037028652698
0.6669386596211837
0.5186850280160701
0.37081026319709387
0.6518812170461057
1.2285891635285062
0.6687313242703383
0.5632445994109592
0.5076840176076004
0.9705845205062151
1.1094465471518198
0.6654507681393017
0.5154750227872792
0.4666009820845225
0.7606544826396829
0.543695008127405
0.8453077327970153
0.5386838486164414
0.411087500433822
1.3507493060591684
1.014301784747808
0.3498593688595717
0.3912995095807982
0.9966193787403088
0.5647914577456546
0.5659345131304052
0.4485359424150598
0.5840300354161359
0.7787472891433662
0.589522263815756
0.8350150565443012
0.8474461635655025
0.38498486089539347
0.33289909315309196
0.3699192186524822
1.1497229716585706
0.3736991338978912
1.2807011296255233
0.4131159661784757
0.6783342591259628
0.4228255601467746
0.447646999449435
0.6183329328316947
0.50679641216671
0.4335009957749672
0.6881607462057642
0.35499656505912325
0.36839744589294177
0.629371235300751
0.38550122843143536
0.897931419602755
0.32335338600439695
0.49514005857648064
0.6598368919965121
0.38031999413906065
0.7919430076782694
0.4782822230853417
0.4982114427726534
0.6613536002624065
0.3885661971118289
0.3344503977797909
1.0312264296230276
1.0639971875172503
0.33525054635163354
0.9201446010745392
0.5525971049228017
0.38529071099329215
0.47375065295506663
0.410104909455563
0.814063193556845
0.4992875516356844
1.0316265886608535
256/1024
0.32948150408214205
0.2380120632188426
0.7748068891600968
0.08241532308459107
0.6875501175402332
0.31607092375988455
0.8488403805971023
0.5828382900299165
0.27715184592664555
0.2227676716438964
1.0518862929020398
0.34095984151549863
0.5188311881183437
0.07108369754436554
1.4838860253906843
0.16776820125633396
0.6468433526892314
0.2545862421450221
0.3834515250588283
0.9975916777969909
0.5088480809370484
0.07167262410674631
0.44909240922245736
0.8301263197751476
0.7321352380825774
0.45655418550355914
0.7420919250992661
0.20829991506192458
0.13823275825840076
0.21577424371622694
0.895838142454231
0.0981540284985819
1.0366931171683273
0.4491065607498814
0.8387275756625268
0.2624224898119032
0.23796799420662126
0.8565176629322667
0.17413567486450823
0.08973972640635497
1.922438021457994
0.40211298531295314
0.2560730167810161
0.22363736348032662
0.23694525254283966
0.14552457290525928
1.5164767987907055
1.0357986737121336
0.2702404953832136
1.547324005890181
1.1154841193110236
0.3179058949783916
0.9561315040134084
1.0072754041901113
0.43553208663020715
0.1588879744172596
0.35329227862926754
0.5262895532191011
0.39163112440906145
0.3432667345327097
0.31217331579661184
0.3476705428293322
0.4553876966417486
0.20193094496788488
0.45970161166218715
1.1936331267894216
0.957369590637043
1.048528558861776
0.865205173187701
1.019832725130585
0.14434318238445715
0.42223639846328787
0.1558092220602749
0.5948266610528216
0.6680783104049581
0.951720101544114
2.285092652036136
0.6465440659012532
0.3009746542569598
0.5740984777996908
0.14184166819624763
0.19155889324800862
0.1730301356606589
0.42632690534081025
1.5286867144791607
0.49791819225510914
0.6173875865355323
1.9375573605968954
0.3148642229355815
0.28927042414943965
0.40659779411780084
1.2529458696094664
1.536385004647528
0.822012099495078
0.2669685090635465
2.0339324497174447
0.6841202866518412
0.34629763036930417
1.379945268549233
0.325256349239344
0.8054863315891684
0.47817424634237116
0.8853696323205387
0.5768108865685144
0.2672524030787211
0.8358006240559321
0.20196366440515545
0.18572818359523846
1.7352774004502036
1.3707071070913996
1.124167204957062
0.10193478638409267
0.10728933851372965
0.2709442666281601
0.1765081377066445
0.7499338681488523
0.20800930926371763
0.3380353294311509
0.5761812563758055
0.18516763904279437
0.9777083288012287
1.6864958802761936
0.7322464317979233
0.3554774979786799
1.5781449079398362
0.47824172467889037
0.3792038042947202
0.5523084570340764
384/1024
0.5073899632919935
0.6261044333633503
0.5165856688012606
0.6804041435338843
0.6282961011010895
1.9795477427077917
1.254852524224518
0.8006446581218838
0.766978542054806
0.6884367365460832
0.7195901865596637
0.828927237229452
0.662334418123746
0.9332803250634196
0.5689922060745509
0.8840090500716197
0.6318832569805655
0.5709346624960979
0.8540077700862903
0.6024224460082566
0.6192842338770831
0.8180880841634357
0.930214655385696
0.7281208817735566
0.5426139318520606
0.8123558195333729
0.7140902886437779
0.6990676831886673
0.6716081079369493
0.5485516721968452
0.6920592325965231
0.8057695439306063
0.5448391405379192
0.531380201293277
0.5607229913286657
0.6829420316464171
0.6203577726282288
0.8032639325034583
0.5283988019251542
0.9816191227296865
1.0179051881937058
0.6217734260505474
0.9340203808813148
0.5932586033500262
0.6372057073421484
0.9134157613408423
0.6972612646913605
0.6579335954961169
0.6678268521024517
0.8250567072464023
0.680464474267217
0.7060369156158305
0.9278433475409417
0.5922914876282963
0.6704802091605253
0.9197204663925546
0.5140444731851399
0.6932253461872768
0.599850407331059
0.6345462217167209
0.7846302518014729
1.2072115528402327
0.6018473572805123
0.8636553517517876
0.8015031420790917
0.7462666276579033
0.8542611003034621
0.6927234748700447
0.5195316625189965
0.7225663523381993
0.5296338887343726
0.8379443575077213
0.6233394367788161
0.7996791515941389
0.6932939349975235
0.5189760273305275
0.5798919756401146
0.6789150382409205
0.8360437102751658
0.5930179844494086
0.8113352370699954
0.5836671997654701
0.5460574672008935
0.7599234015789524
0.5969133428792865
0.5438348391885006
0.7866019565330864
0.8801113553685931
0.7213693419736169
0.5656937835142527
0.543689867169575
0.7909632929271526
0.6534433771872173
0.5902833015735343
0.6704484433569173
0.5679296107719187
0.725915000636004
0.7385052689219291
0.5575888900177127
0.6893985022849127
0.648365035457966
0.8395972702633512
0.6449155764370217
0.6345878183748248
0.5509746262084613
0.5255509774853825
0.5969645386822381
0.5294892461029247
0.6556628206026829
0.6803145277947693
0.7289021572166744
1.024841644462898
0.6593086544037584
0.6929164247846946
0.6402799839028742
0.5968596390805633
0.7434941132578651
0.5510278406256904
0.6671591318895272
0.5235643250818804
0.8044770000093728
0.536602057740776
0.6890904662741368
0.7825558390431224
0.6071801402187316
1.319207231722768
0.5294127777045892
0.5176016655518236
512/1024
0.5715186664253915
1.7135716221099508
1.2222952985418916
0.8866077548551334
0.1649073344969194
0.17761966341377744
0.5541699134773824
0.769819165944557
0.4806803967111294
0.5063382289396738
0.47049882875743476
0.4061150924296237
0.3892060400027399
0.16100940614061118
0.9601003105549517
0.3727512800017436
0.5728163127111472
0.3826919322073513
0.4241236606005878
1.0574940016344454
0.16736415425546097
0.5853074420862069
0.27798658738282633
0.7119059446688619
1.55592576678833
0.38586520226200594
0.15805054747532385
0.5602428594739284
0.4699717752992698
0.6760325457214671
0.7654523841329239
0.3468303760409722
0.6245655067122864
0.4798483591016831
0.7292288025609446
0.23241249473798115
0.28109406949038085
1.184582552433755
0.3325383150797034
1.6248194534233364
0.18111190308593983
1.0475012253402476
0.15082977857947238
1.2306146846141934
0.4724987070387002
0.17862641990038822
1.0182782280343714
0.571280328097248
0.38459488947676707
1.0038165015632166
0.34088428991163666
0.22600380670501896
0.7659718567652802
0.48399921333984836
0.2289089248875178
0.893082545033248
0.4736235838437546
0.3863042632056207
0.3336437645729171
1.1156348856854947
1.258254099628594
0.30357780203225093
1.1294540367467891
0.9139171738214376
1.6378823055313274
0.9491386282414596
0.38005968094944337
1.3748201362044807
0.27171848555747347
0.46384156622017564
0.41067851245535
1.4728268461271712
1.2898975627733353
0.8987989265842957
0.3853669548751281
1.313129403838209
0.5639440462700134
0.8011145877103196
0.6103769693914678
0.337349523542574
0.5999615052954408
0.2752665946225267
0.2640134727033319
0.3732681820581999
0.8161913227822393
0.4673833257453479
0.9438274176058388
0.8673401252579731
0.23428120178395645
0.5719549376211046
1.3324566226970584
0.42485277490011575
1.0719127840375784
0.8475936219012563
0.8615374667596707
0.18295700741810791
0.8998122092200338
0.18302490946222508
1.7436800328451099
1.2108726854489251
1.0834628269536446
0.5908048261662886
0.5402988822454748
0.5365630571096158
0.33877404484984774
2.523937667334577
1.6359692935505683
0.607544543689413
0.17663579280662486
0.7934314824393551
0.4688924115216631
1.045401486122486
0.9741894549703196
0.22931017598629533
0.6642823431601104
0.556344225833591
0.6270719917585408
0.46443943211585104
0.30967987083669724
0.7163715012302259
0.9034407484772571
0.6646877438243382
0.19553584443482533
0.7295193580217108
0.26863948245463587
0.34525196398217994
0.16323548079840203
1.809250268218619
640/1024
1.1785098174267312
0.5040987047267356
0.8913992060102094
1.1214064078187296
0.8147820658046371
0.8385972210307312
0.8023219650141499
1.0603445607519972
0.8045692786171166
0.7090517190526993
0.46223225323213596
0.6455351493957853
0.6311660704609733
0.7238810595092683
0.4835373933582213
0.933743761691702
0.435692100019256
0.206174285738984
0.1707416860739639
0.3220838327660172
0.9595349869738993
0.9069200191773878
0.3878849601127283
0.8006252492146774
0.7787590689122788
1.0045599162222059
1.1884647156694133
0.6601886838990714
1.07739395451263
0.26162225132848593
0.8010337086954086
0.666835776057023
0.769292973917178
0.7297280421234383
0.4973079010082384
0.8478035647605012
1.1023366848654208
0.48741582663855304
0.6046283856843039
0.4776626938243335
0.7965530202340904
0.7910336645744903
0.39819583174169976
0.8448536427036315
0.9869985401925923
0.6923102581447893
0.6510315575896701
0.7113917310515903
1.1098022389660223
0.6809875805667239
0.6049140041464692
0.6845427053581935
1.1343753613788445
0.815536477082678
0.21932149892730435
0.7901121529116575
0.3888274869520654
0.8964601271667046
0.40145863947085214
0.7437956788157654
0.3604065173272679
0.8726635476922525
0.4720234954711049
0.7232801342012432
0.6453216126073273
1.042321151951628
0.6312135251732169
0.6337881624697242
0.6671324819596371
1.2876519081356028
1.0550193976349833
1.1459459141634158
0.5346083414166521
0.3766862334658462
1.0888672014779384
0.8701634538474048
0.844789336828035
0.8920660501385318
1.1117182091681193
0.6059369895285621
0.40580239021822495
0.7060376569466089
0.4209239339464585
0.6187283744343062
1.0912086389551365
0.5181226546115167
0.5049741034100779
0.1736502895777805
0.7351720095430652
1.0547699604080831
0.9598702446237033
0.8474648930679555
0.692925469412541
0.7028235103275617
0.3932489026537189
0.7648310955490288
0.5211530830445068
0.678268205154987
0.8210419169103758
0.6391649272952769
0.720828618143488
1.0407601171184577
0.5967489842583042
0.718272402403842
0.9997355192230362
0.5254897982089256
0.9977333473831992
0.7598820255574362
0.4227825539803198
1.1071095330897445
0.26855317646638105
1.4704146439342525
0.3627390044149484
0.48853355519879077
1.0084112773135276
0.26675840764816283
0.8701350141698241
0.3180748397872556
0.8968506600730282
1.0743587269067163
0.6425998016395725
0.35984626656439905
0.7907151372941751
0.41990463829058133
0.560574203121302
0.5453805277095406
1.1008699465604153
0.905874122939402
768/1024
1.099845234920708
0.7809484964898881
0.51627877592952
0.7903555998455765
0.5804810055358702
0.2506720560771638
0.2330238979899425
1.4791067204398585
0.5542558103622683
0.740763971681765
1.0089078546586006
0.29148683737736275
0.730655478889105
0.1841885082069072
0.2886351519012546
0.42175894083701104
0.20456707961137868
1.080846011449976
1.3309289904100965
0.32789798615715926
0.4123845424233158
0.8296883683325273
0.5645729321424124
1.3179607295904234
0.9923974740709447
0.7240066090308247
1.848769601371307
1.1695245998659916
1.5109016858536242
0.5147349041853445
0.7286480848593072
0.2931614671248677
-0.0380060883858819
1.5885233336917388
0.47658543686728
0.472920014236799
1.0925716271179564
0.4600740695283887
-0.32031728388819575
0.7134963016173428
-0.20829197432696786
1.101587728443621
1.3649824121110845
0.5493356079398511
0.4719864667566728
0.2178488742754237
0.26828139252010036
1.8139523051158648
1.5376106386811474
1.561032434328201
0.8972924248650486
0.6562924377570623
0.40830899580970287
0.460924287776887
1.253741189080418
0.412097820431311
0.8453666676591081
0.3909818560146867
0.7270254822314878
1.0942944436448094
0.5326761621540058
0.9128636695388506
0.4516012173991477
0.8144247911602952
0.961397510310129
1.5032678991833037
0.48619252320384426
1.732551127448955
1.4106510562155667
0.8960588275344404
0.6276346364691886
0.5831143743406196
0.22449506827084773
0.6452241351284506
0.8621676871378156
1.3078563085860013
0.24329524702536817
0.43453875902433553
0.3957845752221528
0.7245743635885814
1.0165533771850974
1.4818453721728762
0.9451062978143302
1.1631480285392344
0.6302161507301876
0.43054395125918654
0.7291162377087215
1.4244021581519903
0.4937485775239698
1.582007653898604
1.323853998363524
0.11170992204482212
0.6231566651850351
0.4189890566140657
0.12941970282118825
0.8463579227135696
-0.13143867876561122
0.4346505074787328
0.31084136404889273
0.39136443951249883
0.3075502113629024
1.2152875193656212
0.21357663945390037
0.14468811498351392
1.0112694639307975
0.1860426523326742
0.3546208240204678
0.5709411474501396
0.5197939202290724
0.6980184006374972
0.6772404828647343
0.6114719572308274
0.18101572019993714
1.2970994301931174
0.7545977251872684
0.9181501614352481
0.5469831005867328
0.24741561865110598
1.4982089638511389
1.5996947290156691
0.24635553029399143
0.26713704339800765
0.09034053142629789
0.7702873581775951
1.569895362817458
0.35820043496809423
1.3408164135316634
0.28833300102115994
896/1024
0.7783179948597203
0.5609921688512657
0.6507163972535278
0.8069539520205911
0.5577407089753214
0.6716658900902455
0.48447749351104363
0.7007780105290948
0.6377670572150563
0.7134804940962514
0.7649969632916744
0.6924384396899665
0.6767022144926083
0.6930118723950387
0.6426827052101152
0.8746638924008798
0.7169093245441671
0.7415533940435988
0.6703047912148384
0.489404126781998
0.7407746152161171
0.8378770708333576
0.6967753023537734
0.6678899442560888
0.703505806600472
0.6926598888700597
0.6019640609834025
0.3135527449088879
0.7892563482228592
0.670406184105765
0.636126075186607
0.6615273836798772
0.6980449741553187
0.7133181741907528
0.6005354287033272
0.565646217464233
0.6022856564383701
0.6737382044422704
0.6991786141238923
0.7791422497731828
0.8396410850174818
0.6705555153295368
0.7040542667731068
0.6251383888837179
0.6874529115516272
0.6688397825548099
0.7357651093305523
0.686936507040236
0.6595725725987713
0.7024773181309679
0.7757334558376721
0.6565473760377815
0.2275827618343268
0.6618701233516097
0.7127162515010168
0.8221841286603911
0.6845297629432219
0.7052578944627591
0.5081570547707144
0.7466189759313112
0.6338087792161176
0.6659282613718638
0.5716185586798582
0.6858798662552581
0.6658417628338384
0.7003391719725275
0.8208731465067332
0.6042940701623856
0.6491044696110411
0.7291881611282514
0.8383613875285538
0.654714791233994
0.8324651965726659
0.4413945414927497
0.5833068154341772
0.7074554594150756
1.0118203693629988
0.7247690683278125
0.6932790144536025
0.7617508247991152
0.6610882928277914
0.5919831213439024
0.705006477184756
0.6665127132788198
0.7927553296812595
0.7038292227661537
0.685107552886902
0.6984069912978403
0.8840214022961559
0.6935539920152425
0.7176485528180602
0.6700947779507
0.6336450693271057
0.7523086242956414
0.60131740304388
0.3118302878217483
0.698732933030777
0.6218436709913174
0.7023264497245552
0.642006808756653
0.7059014792307393
0.7859126469633728
0.6798589126001358
0.6940246291485656
0.683969488103085
0.7130329049192141
0.6859659183286431
0.6977558772572926
0.691352667846759
0.8546340872160401
0.6746506624686113
0.717978739004067
0.8120429744874872
0.6920835059391932
0.6784356390194766
0.6722588800712533
0.6907695875804966
0.6207965214416312
0.7105515959773032
0.82557411493656
0.7218243977682676
0.6961072994034719
0.7048068006111632
0.7507903395323869
0.7052809233213487
0.698681832578966
0.696840229197244
0.6953886996290504
1024/1024
0.6870841394804689
113.045977 seconds (76.83 M allocations: 12.896 GiB, 2.89% gc time)
λₖ = 0.8
Warming up
128/512
256/512
384/512
512/512
Measuring
0.49753823103741873
0.5159039060104423
1.295055427804222
0.3223884570818344
0.39391782053658253
0.26072018736322355
0.29910574917177124
0.305856597933711
1.013493171793856
0.558468252526632
1.166014337180525
0.9618096908477289
0.424559563360017
1.6444111761092337
0.5534020536707223
0.7423409694808235
1.0880741912751666
0.28142700081620686
1.515920553344036
0.3885822343019758
1.0240725474855967
0.7161901126567484
0.3871555447211811
0.8700770278150861
0.761082075143269
0.4769103197597028
0.26909591833344737
0.4646376955927135
0.3523414701541407
0.3057365751444028
0.6548983400068228
0.4947509953312754
1.5188639189928101
0.8052559194011986
1.4638071383807536
0.5182370969288231
0.35122863815170136
0.9189984717477846
0.40094846231153614
0.9916904136906385
0.4488384233342663
0.31156818027929994
0.7689933186041517
0.5277645310474404
0.5673858985109116
1.0491635617442387
1.0011655158132289
0.5783492412715406
0.4241057388748548
0.6828050813811796
1.096596069559466
0.3546244256271418
0.9774484471109274
0.8750165365943343
0.6628345745908605
1.5037585234987962
0.5308763457650061
1.1719572569039716
0.5060703626751765
0.7532182791237587
1.1113129025668398
0.5099278416951315
0.4719031154537334
0.6232668830899473
0.27356978795771614
1.0041598016808144
0.9951790447337399
0.32569189936767995
0.6400843289245202
0.4241629131506167
0.34729041337877425
0.6373492350164577
0.32236448941800244
1.3648917333800927
0.3022506846710168
1.1673880236615632
0.5813373318123589
0.8700947695627996
0.4103435242171179
0.2804509296378723
0.7011056167874627
0.5243471003974991
0.4920939296053738
0.6526376602805427
0.7403537010325072
0.7559107119577694
0.9716144794403179
0.4838498225200138
0.8427594101362605
1.2200259422257083
0.7558788808124981
1.0826350505883207
0.5972876660043176
0.3776425379722371
0.6955812535955709
0.7137152908116973
0.3878871422188412
0.47609028875575454
0.26489200474352104
0.9371867965239731
0.8137564574308587
0.25392385356301334
0.6796121115317062
0.7426758841664072
0.3755671154196909
0.5866525059784592
0.24497166214485558
0.5234800910932077
0.903418168285523
0.5509934186913402
0.3068954199554529
0.4015620130861222
0.33061357359636656
1.1214610631176116
0.5444519662778946
0.6600292032202242
0.553735293285949
0.6578911609104199
0.4695187291220735
0.6595005930942124
0.2693075807083408
0.5435850001097706
0.96604988530151
0.3111027194570118
1.0203594611959181
0.34169065809842525
0.834718456955326
128/1024
0.30358146044151224
0.2937139873947258
0.5581259598260453
0.6400210868320622
0.8611928381820766
0.9004273913382689
0.2798807381464371
0.28228316036637857
0.37911756470715685
1.006912392740412
1.123709828185329
0.4590581091987981
0.34164770610031325
0.5054531587945357
0.850659451717025
0.7313524251028009
0.6745315529841998
0.213614530636431
0.8261953179720134
0.1671462574684453
0.5988824563429009
0.6451287841819591
0.812255824406926
0.41178287292697147
0.9938409650886252
0.6470266787102807
0.2956861289696017
0.81384724505842
0.26703367000905864
0.4989865551020093
0.6363060498161275
1.4102031873993348
1.0398261266642335
0.5618835070025159
0.3377551071872309
0.3091782509743962
0.47986233047174487
0.26885742015901726
0.2052719323043273
0.20097293587285375
0.47028251073675675
0.3638329151981608
0.39598886677842793
0.6815880876770328
1.3239261318933302
1.2331596854296754
0.488300970329143
0.3408170889054101
0.6510316545371903
0.2572972288950207
0.7804826585662802
0.7242298738700897
0.578796087456237
0.8246350136718044
1.245244827785848
0.22765220399433653
0.9077601272760123
0.35448603952160096
0.7038596964753988
0.8461582373488548
0.35179079447535244
0.9049371998122043
1.0706214574154422
0.21251528688072363
0.2933965842985018
0.49687372953995856
0.22218447774685957
1.0582320537619776
1.0636887983723158
0.702738942015621
0.6853799388117953
0.34864371921716975
0.34743594126041616
0.4170132526832382
0.4706937613480314
0.6431537137981924
0.930769365446745
0.8542011579542654
0.2540750202688542
0.1834401731027466
0.9588875445783265
0.5329925240961493
1.7325537273222855
0.2859965029105713
0.19703783947212833
0.4418246142193649
0.8458231993503693
0.6936366573388004
1.4385224537273116
0.7363752069387779
1.0816256656144025
0.2241509160597313
0.30599844903554496
0.45298732064775415
0.36886193499680175
0.4605105870077455
0.8683233760324904
0.15006614839046256
1.3252191421049533
1.0500583752524695
0.5505690197886757
0.9378163140536455
0.5345611072685069
0.9160570141768238
0.2202735942570409
0.2447943413092104
0.1519769668783854
0.27029185502317415
0.6165929276441267
1.1414344818121889
0.2303776043834492
0.40056536968907186
1.1682927369163818
1.7132727359094624
1.6108451015717278
1.3571229247973062
0.7581211612770093
0.3813821915906901
0.7658276238101378
0.18111848714394624
0.19588618286497306
0.7968875400953542
1.0992411848313304
0.4481098918125972
0.6574495398545402
0.25699388180957017
0.641866243389478
0.29843104744004273
256/1024
0.7499404900182856
-0.5663914085539775
0.5201296460752717
0.6978516752267786
0.3148229271282102
0.4182195906492142
0.21565610951381511
0.8226101541881661
0.6942344843682106
0.29442517587053957
0.2669468020064139
0.7678627637834315
0.5209149371520895
0.6335675447701614
0.5416893847124662
0.7452908340799833
0.8216593547089655
0.7859388343102358
0.6742297661347227
0.424350259530697
0.6743905195952612
0.6364591760421414
0.8426505913787139
0.7217530277917117
0.8204730882652489
0.7427769364859141
0.6356435950410432
0.6490834369300457
0.44923381111987526
0.623555931251764
0.6130771892117972
0.6514449446019251
0.7062288257549505
0.5259125501526207
1.2862345823238928
0.33637749856541044
0.6391938730495468
1.376166685924113
0.3844201496686245
0.5811730277239812
0.3462942576623899
0.574329511161592
0.7082140805020101
0.3483516032723165
0.5973102148564793
0.7715909113683644
0.5987119212476896
0.7924473543982848
0.5280146055973128
0.4637054044982054
0.7513048307819575
0.6334937363531663
0.7209053577284497
0.7509260299119889
0.3790015607297596
0.8834471617955619
0.6126274814523861
0.637300682798096
0.7200939725794393
0.5684864888068946
0.45478142580260134
0.5794870356119093
0.8252063145944235
0.6186063889771519
0.44672914537171693
0.6069650962277018
0.65073417533449
0.04724020796839168
0.7399832207454506
0.22260277026548791
0.6057556383600702
0.4496132464562662
-0.13587400110617276
0.5225949015019375
0.5057625323587249
0.7266946012605195
0.6781902242060458
0.8748416280490345
0.09165073274283042
1.032526102691918
0.8257591010762555
0.6028973428894333
0.5602649467033691
1.048049163357706
0.6743894678442596
0.18673727459751743
0.2535950621975531
0.778116117673377
0.6393810638778419
0.6074183100148869
0.8647945235422743
0.49960261098750386
0.12136755434562035
0.34782769289457494
0.8173324319519164
0.47214326690941694
0.1625205508275248
0.8152493091077149
0.3247511748190229
0.7530192147752397
0.774755222988947
0.5765447999808639
0.8779975693553805
0.7618721577435307
0.48975319357061387
0.6847531444150956
0.7535850142893976
0.046116821544028186
0.6788308696810191
0.7600013481938908
0.7814289506001644
0.5146103729533836
0.6498884734830189
0.65256994124219
-0.14068248802715022
0.5305933797592299
-0.010558843821037
-0.3342370047389229
0.6682867045082689
0.5164391130272441
0.11767699171625717
0.810230654099315
0.711869731312581
0.5814712729740321
0.30047436714418596
0.8952658096903087
0.49191007278458526
0.6253694676753432
384/1024
0.667591847158112
0.8640242387977678
0.45955407073720245
0.6482885685237214
0.8517581655559305
0.6693316976802637
0.563774908243434
0.6027766651180122
0.8823768815645914
0.16021475376631722
0.8582587149263885
0.7849913718814734
0.8668507803525759
0.5849673841237786
0.4718052172171441
0.5919558902551112
0.543584471790803
0.9252535650579212
0.7381139251966431
0.9058443497733859
0.7691050244355617
0.8047311538447854
0.43317968625389147
0.7209278448398586
0.48779356446222844
0.7018468318516407
0.6953412114578242
0.8815818797778537
-0.07802200791703306
0.1155743947431982
1.003924980601114
0.6640968463460188
0.3015624330373308
0.9696322329595336
1.4033849907790437
0.889770455708117
0.38920572531473524
0.6694901476129068
0.7746013813660255
1.028714775094993
0.7001427242589635
0.44311315680020236
0.7861917084582777
0.8802217658346052
0.672224214753891
0.6169069272660824
0.6380304179502109
0.768767285832784
0.3124897435595109
0.6216227694894296
0.7133746877475656
-0.17213326092975356
0.9337256875708586
0.7341216537728702
0.8370179538506091
0.415498941183863
0.8469472537844109
0.627233685327606
0.7990634970262622
0.523246815401139
0.8115973290989622
-0.07464344229566566
0.5825260417961627
0.8208586922083614
0.6895349758910561
0.5568063352702891
0.7964415864728409
0.3209938562995679
0.6689885539073143
0.6182948821391878
0.4656380083301157
0.5943819735907573
0.8827920335042554
0.1885184270403707
0.4784689915327423
0.46519801164831
0.6528436641443803
0.3424058710707253
0.9151827300941366
0.1949648844962535
0.6211214311506862
0.76909310551399
0.6951631902499628
0.5396488655903965
0.6485292535817314
0.6747260039134259
0.5815800093909165
0.836793241541608
0.19653807359524905
0.8582712556791936
1.2546573151542677
0.8288618288358356
0.8296546998419435
0.5157125723491397
0.5122329415543198
0.426592527887635
0.510092079152936
0.5652249452770151
0.10258837290464318
0.392662213124192
0.10494790905088014
0.6804321003111091
0.5907773153959421
-0.06485284383492995
0.7583274800036514
0.3499997562872753
0.5792505643565483
0.5987086004173847
0.7492788233003655
0.6205300017938077
0.3157255661212325
0.8619629699828072
0.6824128845192363
0.6559237223377011
0.3740238524904687
0.8397972415658961
0.4603922036740517
0.5123042905632335
0.8795600762054352
0.1561204541788972
0.8623812662933906
0.5940728580504038
0.6758943689757839
0.4930082296614259
0.707928034518658
0.8987099059006747
-0.15995600591845738
0.7569918958829064
512/1024
0.013778663687711745
-0.9746053247633008
-0.2535246694596894
0.8107440586548595
0.44026346299657393
0.544760890856878
-0.008556855471319125
0.7664278831964516
0.5538651491402533
1.0657776662207428
-0.8791277696334218
0.20828079128099297
0.8133865751181835
1.098148689134379
0.14153973139666123
0.19833685722029876
-0.4712490927441786
0.8530308290098173
-1.142065366481671
-0.04112451356422697
-0.83590026573442
-0.5987498296409203
-0.10751424941519708
0.01207754556063742
0.6551482266829318
-0.2544357057019456
0.5114662577146221
0.9441366087818704
-0.21796285517649172
1.071119683555179
-0.057343178574586484
0.32315927758699553
-0.10913110020158157
0.6091614111542178
0.6086764722859023
-0.39076111970203
0.2830209105132626
0.4981754393117688
0.25246445963857145
1.1810590435629635
0.21934800900805929
-0.0033170888502212503
0.8263029610492943
0.7792788888440878
1.0507984506575854
0.5009482052921018
0.31112989365960725
0.2662301894043534
-1.284471054941444
-0.4380019768953839
0.6329152753129116
0.25594952493512313
-0.2523249443289619
0.14192220912270104
0.3728333279542494
-0.20942333277327313
-0.5377058273031865
1.4123850181175595
0.5222854234360623
0.9328708956733246
-0.2770062724313329
-0.27847621739963424
-0.4727121209465463
0.4603243226611948
0.20547317896195094
-0.7787939943293846
1.0875869094104165
1.0506834524595368
0.29813859890277955
0.818090406421753
-0.0524984398149097
-0.7349289316675682
0.11518127554134563
-0.02102216566337889
0.8265891163943855
0.3553014499693487
0.8438215992207638
0.05944911400617908
0.3958633844948563
0.4799613288043096
-1.0812848625615246
0.5078179751561328
-0.3985396997920646
0.5915052605397152
0.3781959538056288
0.04125724155376831
0.2631320522900377
0.6009822312121439
-0.009292688616314937
-0.6845567380904283
1.1657701459372878
-0.2503077686790046
0.10802209998174866
0.26196124576820373
0.3746399338069577
1.3606271541778925
0.2881129408558858
0.9582386317782002
-0.32974866711911
0.7504061397025437
0.9286299517713612
-0.6815903076279551
0.5169554467120729
0.2556119922333314
0.02365857111721753
0.7917979780560201
-0.3731554687873596
0.3356848186808563
-1.102116738564357
-1.2572818629910127
0.7179206351106969
-0.26452686224482047
0.30334037463815594
0.9757741478933404
0.6639414314462818
-0.13592051315546605
0.524547306468497
0.11921684665324167
1.3733859784479008
0.2566723533079188
0.26704886504546854
0.5403311642119706
0.5362477602529474
0.772053830596545
0.6404650959989868
-0.30696930232324243
0.3694947695887837
0.8543480289280865
640/1024
0.10703980556837922
0.4073904036971006
0.7001791600349941
1.1055609880172346
1.0218881922749858
0.5996646317228296
0.3738543107579502
0.6326868641687082
0.6375885584709381
0.7629250678428697
1.1930562072137691
0.9033289340428208
0.7813429141726056
0.3005901962636122
0.4270578405089727
0.7523473556339315
0.5051378854213572
1.0699649475485433
0.5953529575753443
0.5225819047033696
0.48900797909042965
0.991098121134583
0.6601556571008369
0.5659332015764375
0.7890387818772138
0.9169261029073184
0.48635383855222186
0.5434493554290712
0.7090580412159692
0.6274599920472008
0.8867832789891356
0.8099821215719003
0.35540541221641714
0.6877613796729107
0.9153059422412451
0.9899480823445057
0.8153654145263254
0.8116184174699371
0.4309669220265394
0.9677848862421963
0.7120031404935374
0.716508802253762
0.5744564297626382
0.6036788540468427
0.7821734330469334
0.4407903322200731
0.9582530964081709
0.5245812106876409
0.6157574318961622
1.0723798950775112
0.5074451352874658
0.4847106018260151
0.5756694448852949
0.7660723561635816
0.925726851479987
0.3443221632608834
0.6718070586818976
1.08380303422966
0.16505075678879255
1.0195481558602113
0.7181134387827948
0.5333052391234988
0.8940313930665337
0.423582469845386
0.5400118488201464
0.703258234575232
0.44754481863885226
0.9336659673356755
1.1120400210950678
1.1804204133603613
0.8172340944378298
0.628104773702846
0.5727048114135133
0.8245612936089171
0.13626801803946076
0.43754037060620643
0.86378049273348
1.009296710077222
0.9731532556435107
0.5460528196468708
0.81090430829552
0.5755879668585107
1.0280264548904423
0.6122037859458727
0.736132994116826
0.4661420792022795
0.627427935059129
0.9677285488088486
0.6116083678191775
0.29135889835609735
0.42566039511077913
0.4600441889870336
0.48074291650504597
0.9968222627260821
1.084168200211265
0.7508130151010862
1.055966517324299
0.5205414019597145
0.7357615357608281
1.1450426107525198
0.9339822853305777
0.5777663536274801
1.1239873397785127
0.7158025219918869
0.874530751916389
0.4492423135165559
1.0866144684387886
0.33380565051081085
0.8534114109614952
0.6549795038758766
1.0069419793829264
0.8934308715646067
0.4224724157445348
0.8461302024156583
1.012428936925108
0.4864257501891977
0.8722272614222089
0.4995078005856519
0.58907469565512
0.5541555363811618
0.687660485945999
0.4717401370485247
0.45783578606944614
0.6490275519508213
0.4758072838404602
1.0135247722809726
0.8457598600061945
0.45599956708523337
768/1024
0.7185196009832451
0.6539404733173422
0.677688296317855
0.6464959672749458
0.7672218477397911
0.6637759021784666
0.751325076007433
0.7449295990662453
0.7273248447976652
0.928245462999044
0.7538879674681115
0.6740527850504394
0.652239064783498
0.6750148279171763
0.6532421163519112
0.652824873249827
0.7318598990631067
0.6252973966711273
0.6862813155307647
0.7319948338241813
0.6713525289202593
0.7593845819968714
0.8697162782816104
0.6987706211319893
0.6393994397735094
0.6767504968886056
0.7054365126030357
1.0568738084546767
0.6481494531277987
0.6814900402953724
0.8873338309299937
0.731576628855573
0.6834159663449366
0.6665393216009099
0.9427771071701245
0.7963461631614028
0.7378952953064611
0.6324583507784531
0.797370528191599
1.0973216088804645
0.6808461645331247
0.6400007514684704
0.6574319587087561
0.7108444448059725
0.7019783088158694
0.6877390108201468
0.7237374268607777
0.8055085474895374
0.6833976556243128
0.798237904601847
0.7387334572760226
1.0191962794299927
0.7096401784135284
0.7524419451650304
0.6414730581032085
0.6913168569771059
0.7904512428448591
0.6799574616231914
0.6871198648232631
0.6423640479205092
0.6634561133325072
0.6511245485979749
0.7170412035263447
0.7781849390438451
1.1264438679839475
0.8008985415482291
0.6599743524279326
0.6672415054431531
0.7939944149232798
0.7951494442119402
0.696394794548787
0.6600064844102305
0.8737118524207397
0.6707893008980976
0.6876501254266185
0.721745359258748
0.6775856343981649
0.6686948989833609
0.57605114880905
0.7920344653350483
0.685945487037054
0.6279437048365931
0.8803886626627725
0.6418098346047479
0.693021066203088
0.705082247919978
0.7068333017436924
0.6834774615423828
0.6619821720428115
0.8057252407751776
0.5693222123540288
1.0003406152956915
0.6712658214074487
0.716385610572197
0.6947000747014667
0.6657857073726737
0.6721419715350925
0.9142856366214681
0.6843911048080757
0.7412199296900243
1.1868941744251784
0.7136770801544305
0.6577410785719214
0.713385505860732
0.7481898068983733
0.7167499140012547
0.8398093588053093
0.6473032057042423
1.240775063078678
0.7152890750659431
0.6916152381876484
1.2179714048172396
0.7369192960257476
0.6931600030977535
0.6837675487695593
0.6530927910308226
0.723753077365728
0.7485700427210416
0.7034192379779983
0.7238427001812074
0.6422921788986938
0.9037277463871771
0.6761156691039879
0.9005992943039287
0.6702502983031325
0.6495942742164555
0.6698930651859166
0.6986363942481002
896/1024
0.6908118015573925
0.5297618983817558
0.6687981049182526
0.9429003974230077
1.049542695225683
0.5414053761841905
0.9669499290590761
0.8180410684690314
0.7829077650992551
0.8325231403637129
0.9391978900859683
0.8368054596819006
0.5987989081606118
0.7455072003627377
1.132420927973869
0.6770870126945003
0.6998707668236056
0.9630775142894126
0.9351969710819574
0.6589096666732133
0.6276078829766549
0.8249496307759543
0.7984492386737514
0.6318559169662107
0.6535395352887733
0.7730998924138346
0.9706592080432477
0.8267536732222742
0.9284923640794707
0.8258555347579488
0.8636512271885332
0.9264947300380769
0.5920124974960401
0.35858843157335996
0.7704012734556454
0.8533957306521153
1.026326549688667
0.7145221842914876
0.5958375573525845
0.5928985442139862
0.868957812432242
0.6571898636931339
0.9346985407591213
0.8618749459833527
0.7896415400521832
1.372636036869005
0.994858786227197
0.5367027119936002
0.9426375835322127
0.5661504520549426
0.46776800712681404
1.0720420527615515
0.6902251531504567
0.641608717459732
0.513530863158062
0.7681362640194687
0.6329197907671866
0.7814029939125677
0.5782626713627627
0.8617275511199135
0.8185160848090549
0.5495268001179611
0.6127291062562013
0.977839091390794
0.7299724479536304
0.9794650790172635
0.6418340116063513
0.7746120678961508
0.5960223075183092
0.5108787448216884
0.7144124694503926
0.6290914336514554
0.9214837217666774
0.7973793863167375
0.8062802895413423
0.829744184541175
0.8188651499379638
0.5509215555977102
0.5992677966775092
0.6937909764216332
0.6436953074693721
0.8093602230919359
0.4211601491653798
0.8058675861998831
0.5059314076174434
1.0198992051390028
0.6727731966970018
0.5361097158164944
0.9635356032483973
0.760786957522724
0.6686627993923289
0.692764088478219
0.7515424525991318
0.7192854619172838
1.093809649835152
0.49181888163388665
0.7404867217276703
0.661703112426679
0.7348425201663574
0.5969576619983143
0.8502953480635828
0.915007675662032
0.6908865962150915
0.5624140343853322
0.9431833050087876
0.8660450975914183
0.5991902686322319
0.5208774193026142
0.9131669337852023
0.870784687099233
0.9632030486804253
0.7037428628990943
0.4301451037322576
0.4905786060409324
0.9009751080090943
0.7598895415271074
1.073257454185788
0.7353253448106299
0.45622241144084813
0.6566102295520906
1.100276953688632
0.6249522648305307
0.9348964408858677
0.8830717330123866
0.8421799723653434
0.9121070099561132
0.5615430442619931
0.7230021799171228
1024/1024
0.5672598092491596
104.424294 seconds (76.83 M allocations: 12.896 GiB, 3.35% gc time)
