## SLURM PROLOG ###############################################################
##    Job ID : 8834034
##  Job Name : sbatch_etgent.sh
##  Nodelist : node1734
##      CPUs : 8
##  Mem/Node : 4096 MB
## Directory : /oscar/home/trazzaz/AFQMC
##   Job Started : Fri Feb 28 05:00:48 AM EST 2025
###############################################################################
seed = 1588
U = 2.0
β = 6.0
Warming up
128/1024
256/1024
384/1024
512/1024
640/1024
768/1024
896/1024
1024/1024
Measuring
128/16384
mean(sgnprob[1:i - 1]) = -0.1968503937007874
256/16384
mean(sgnprob[1:i - 1]) = -0.011764705882352941
384/16384
mean(sgnprob[1:i - 1]) = -0.1227154046997389
512/16384
mean(sgnprob[1:i - 1]) = -0.1232876712328767
640/16384
mean(sgnprob[1:i - 1]) = -0.13928012519561817
768/16384
mean(sgnprob[1:i - 1]) = -0.07170795306388526
896/16384
mean(sgnprob[1:i - 1]) = -0.01675977653631285
1024/16384
mean(sgnprob[1:i - 1]) = 0.020527859237536656
1152/16384
mean(sgnprob[1:i - 1]) = 0.05647263249348393
1280/16384
mean(sgnprob[1:i - 1]) = 0.011727912431587178
1408/16384
mean(sgnprob[1:i - 1]) = 0.03624733475479744
1536/16384
mean(sgnprob[1:i - 1]) = 0.06188925081433225
1664/16384
mean(sgnprob[1:i - 1]) = 0.09561034275405893
1792/16384
mean(sgnprob[1:i - 1]) = 0.06867671691792294
1920/16384
mean(sgnprob[1:i - 1]) = 0.05158936946326212
2048/16384
mean(sgnprob[1:i - 1]) = 0.07669760625305325
2176/16384
mean(sgnprob[1:i - 1]) = 0.09057471264367815
2304/16384
mean(sgnprob[1:i - 1]) = 0.10638297872340426
2432/16384
mean(sgnprob[1:i - 1]) = 0.08432743726861373
2560/16384
mean(sgnprob[1:i - 1]) = 0.10121141070730755
2688/16384
mean(sgnprob[1:i - 1]) = 0.11276516561220692
2816/16384
mean(sgnprob[1:i - 1]) = 0.12326820603907637
2944/16384
mean(sgnprob[1:i - 1]) = 0.10431532449881074
3072/16384
mean(sgnprob[1:i - 1]) = 0.11299251058287203
3200/16384
mean(sgnprob[1:i - 1]) = 0.0947170990934667
3328/16384
mean(sgnprob[1:i - 1]) = 0.10009017132551848
3456/16384
mean(sgnprob[1:i - 1]) = 0.11085383502170768
3584/16384
mean(sgnprob[1:i - 1]) = 0.11861568518001675
3712/16384
mean(sgnprob[1:i - 1]) = 0.12476421449744005
3840/16384
mean(sgnprob[1:i - 1]) = 0.12893982808022922
3968/16384
mean(sgnprob[1:i - 1]) = 0.11620872195613814
4096/16384
mean(sgnprob[1:i - 1]) = 0.12332112332112333
4224/16384
mean(sgnprob[1:i - 1]) = 0.1309495619228037
4352/16384
mean(sgnprob[1:i - 1]) = 0.13950815904389796
4480/16384
mean(sgnprob[1:i - 1]) = 0.14534494306764903
4608/16384
mean(sgnprob[1:i - 1]) = 0.14955502496201434
4736/16384
mean(sgnprob[1:i - 1]) = 0.15818373812038014
4864/16384
mean(sgnprob[1:i - 1]) = 0.1610117211597779
4992/16384
mean(sgnprob[1:i - 1]) = 0.16649969945902623
5120/16384
mean(sgnprob[1:i - 1]) = 0.1728853291658527
5248/16384
mean(sgnprob[1:i - 1]) = 0.16142557651991615
5376/16384
mean(sgnprob[1:i - 1]) = 0.16093023255813954
5504/16384
mean(sgnprob[1:i - 1]) = 0.16809013265491551
5632/16384
mean(sgnprob[1:i - 1]) = 0.17172793464748712
5760/16384
mean(sgnprob[1:i - 1]) = 0.17416218093418998
5888/16384
mean(sgnprob[1:i - 1]) = 0.18192627824019025
6016/16384
mean(sgnprob[1:i - 1]) = 0.17040731504571904
6144/16384
mean(sgnprob[1:i - 1]) = 0.16132182972489012
6272/16384
mean(sgnprob[1:i - 1]) = 0.16695901770052624
6400/16384
mean(sgnprob[1:i - 1]) = 0.16674480387560556
6528/16384
mean(sgnprob[1:i - 1]) = 0.16990960625095755
6656/16384
mean(sgnprob[1:i - 1]) = 0.16063110443275733
6784/16384
mean(sgnprob[1:i - 1]) = 0.15111307680967123
6912/16384
mean(sgnprob[1:i - 1]) = 0.14281580089712054
7040/16384
mean(sgnprob[1:i - 1]) = 0.14703793152436426
7168/16384
mean(sgnprob[1:i - 1]) = 0.15334170503697503
7296/16384
mean(sgnprob[1:i - 1]) = 0.15750514050719672
7424/16384
mean(sgnprob[1:i - 1]) = 0.14832278054694867
7552/16384
mean(sgnprob[1:i - 1]) = 0.1410409217322209
7680/16384
mean(sgnprob[1:i - 1]) = 0.13374137257455398
7808/16384
mean(sgnprob[1:i - 1]) = 0.12386319969258358
7936/16384
mean(sgnprob[1:i - 1]) = 0.12589792060491492
8064/16384
mean(sgnprob[1:i - 1]) = 0.12886022572243583
8192/16384
mean(sgnprob[1:i - 1]) = 0.1214747894030033
8320/16384
mean(sgnprob[1:i - 1]) = 0.1256160596225508
8448/16384
mean(sgnprob[1:i - 1]) = 0.11731975849413993
8576/16384
mean(sgnprob[1:i - 1]) = 0.1202332361516035
8704/16384
mean(sgnprob[1:i - 1]) = 0.1244398483281627
8832/16384
mean(sgnprob[1:i - 1]) = 0.12693919148454308
8960/16384
mean(sgnprob[1:i - 1]) = 0.12869739926331064
9088/16384
mean(sgnprob[1:i - 1]) = 0.12336304610982722
9216/16384
mean(sgnprob[1:i - 1]) = 0.12468800868149756
9344/16384
mean(sgnprob[1:i - 1]) = 0.11934068286417639
9472/16384
mean(sgnprob[1:i - 1]) = 0.12300707422658642
9600/16384
mean(sgnprob[1:i - 1]) = 0.12615897489321803
9728/16384
mean(sgnprob[1:i - 1]) = 0.1181248072375861
9856/16384
mean(sgnprob[1:i - 1]) = 0.11070522577371893
9984/16384
mean(sgnprob[1:i - 1]) = 0.10708203946709406
10112/16384
mean(sgnprob[1:i - 1]) = 0.10374839283948176
10240/16384
mean(sgnprob[1:i - 1]) = 0.10557671647621839
10368/16384
mean(sgnprob[1:i - 1]) = 0.10851741101572297
10496/16384
mean(sgnprob[1:i - 1]) = 0.11043353978084802
10624/16384
mean(sgnprob[1:i - 1]) = 0.11192695095547397
10752/16384
mean(sgnprob[1:i - 1]) = 0.11208259696772394
10880/16384
mean(sgnprob[1:i - 1]) = 0.11352146336979502
11008/16384
mean(sgnprob[1:i - 1]) = 0.10874897792313983
11136/16384
mean(sgnprob[1:i - 1]) = 0.10875617422541535
11264/16384
mean(sgnprob[1:i - 1]) = 0.11195951345112315
11392/16384
mean(sgnprob[1:i - 1]) = 0.1154420156263717
11520/16384
mean(sgnprob[1:i - 1]) = 0.10790867262783228
11648/16384
mean(sgnprob[1:i - 1]) = 0.1099854039666867
11776/16384
mean(sgnprob[1:i - 1]) = 0.10726114649681529
11904/16384
mean(sgnprob[1:i - 1]) = 0.10173905738049231
12032/16384
mean(sgnprob[1:i - 1]) = 0.1056437536364392
12160/16384
mean(sgnprob[1:i - 1]) = 0.10995970063327576
12288/16384
mean(sgnprob[1:i - 1]) = 0.10604704158867095
12416/16384
mean(sgnprob[1:i - 1]) = 0.10205396697543294
12544/16384
mean(sgnprob[1:i - 1]) = 0.0990990990990991
12672/16384
mean(sgnprob[1:i - 1]) = 0.10093915239523321
12800/16384
mean(sgnprob[1:i - 1]) = 0.10242987733416674
12928/16384
mean(sgnprob[1:i - 1]) = 0.09940434748975013
13056/16384
mean(sgnprob[1:i - 1]) = 0.10057449253159709
13184/16384
mean(sgnprob[1:i - 1]) = 0.10323901994993552
13312/16384
mean(sgnprob[1:i - 1]) = 0.10570205093531665
13440/16384
mean(sgnprob[1:i - 1]) = 0.10767170176352407
13568/16384
mean(sgnprob[1:i - 1]) = 0.10414977518979877
13696/16384
mean(sgnprob[1:i - 1]) = 0.10711938663745893
13824/16384
mean(sgnprob[1:i - 1]) = 0.10164219055197858
13952/16384
mean(sgnprob[1:i - 1]) = 0.09855924306501326
14080/16384
mean(sgnprob[1:i - 1]) = 0.09496413097521131
14208/16384
mean(sgnprob[1:i - 1]) = 0.09101147321742803
14336/16384
mean(sgnprob[1:i - 1]) = 0.0872689222183467
14464/16384
mean(sgnprob[1:i - 1]) = 0.08386918343358916
14592/16384
mean(sgnprob[1:i - 1]) = 0.08491535878281133
14720/16384
mean(sgnprob[1:i - 1]) = 0.08308988382362932
14848/16384
mean(sgnprob[1:i - 1]) = 0.07927527446622214
14976/16384
mean(sgnprob[1:i - 1]) = 0.08193656093489149
15104/16384
mean(sgnprob[1:i - 1]) = 0.07925577699794743
15232/16384
mean(sgnprob[1:i - 1]) = 0.08134725231435887
15360/16384
mean(sgnprob[1:i - 1]) = 0.08327365062829611
15488/16384
mean(sgnprob[1:i - 1]) = 0.08594304900884613
15616/16384
mean(sgnprob[1:i - 1]) = 0.08242074927953891
15744/16384
mean(sgnprob[1:i - 1]) = 0.08378326875436702
15872/16384
mean(sgnprob[1:i - 1]) = 0.08613193875622203
16000/16384
mean(sgnprob[1:i - 1]) = 0.08844302768923058
16128/16384
mean(sgnprob[1:i - 1]) = 0.08426861784584858
16256/16384
mean(sgnprob[1:i - 1]) = 0.08545063057520763
16384/16384
mean(sgnprob[1:i - 1]) = 0.08710248428248794
732.124250 seconds (167.11 M allocations: 70.745 GiB, 1.30% gc time, 1.22% compilation time)
