## SLURM PROLOG ###############################################################
##    Job ID : 8833989
##  Job Name : sbatch_etgent.sh
##  Nodelist : node1736
##      CPUs : 8
##  Mem/Node : 4096 MB
## Directory : /oscar/home/trazzaz/AFQMC
##   Job Started : Fri Feb 28 03:47:19 AM EST 2025
###############################################################################
seed = 1543
U = 2.0
β = 6.0
Warming up
128/1024
256/1024
384/1024
512/1024
640/1024
768/1024
896/1024
1024/1024
Measuring
128/16384
mean(sgnprob[1:i - 1]) = 0.29133858267716534
256/16384
mean(sgnprob[1:i - 1]) = 0.050980392156862744
384/16384
mean(sgnprob[1:i - 1]) = -0.018276762402088774
512/16384
mean(sgnprob[1:i - 1]) = 0.060665362035225046
640/16384
mean(sgnprob[1:i - 1]) = 0.1111111111111111
768/16384
mean(sgnprob[1:i - 1]) = 0.13428943937418514
896/16384
mean(sgnprob[1:i - 1]) = 0.08379888268156424
1024/16384
mean(sgnprob[1:i - 1]) = 0.03616813294232649
1152/16384
mean(sgnprob[1:i - 1]) = 0.04952215464813206
1280/16384
mean(sgnprob[1:i - 1]) = 0.06489444878811572
1408/16384
mean(sgnprob[1:i - 1]) = 0.023454157782515993
1536/16384
mean(sgnprob[1:i - 1]) = 0.04495114006514658
1664/16384
mean(sgnprob[1:i - 1]) = 0.0619362597714973
1792/16384
mean(sgnprob[1:i - 1]) = 0.03294249022892239
1920/16384
mean(sgnprob[1:i - 1]) = 0.04950495049504951
2048/16384
mean(sgnprob[1:i - 1]) = 0.030776746458231558
2176/16384
mean(sgnprob[1:i - 1]) = 0.04459770114942529
2304/16384
mean(sgnprob[1:i - 1]) = 0.0316977854971776
2432/16384
mean(sgnprob[1:i - 1]) = 0.05141916906622789
2560/16384
mean(sgnprob[1:i - 1]) = 0.06604142243063697
2688/16384
mean(sgnprob[1:i - 1]) = 0.07257164123557872
2816/16384
mean(sgnprob[1:i - 1]) = 0.0763765541740675
2944/16384
mean(sgnprob[1:i - 1]) = 0.05878355419639823
3072/16384
mean(sgnprob[1:i - 1]) = 0.0719635297948551
3200/16384
mean(sgnprob[1:i - 1]) = 0.05470459518599562
3328/16384
mean(sgnprob[1:i - 1]) = 0.047790802524797116
3456/16384
mean(sgnprob[1:i - 1]) = 0.0512301013024602
3584/16384
mean(sgnprob[1:i - 1]) = 0.039910689366452694
3712/16384
mean(sgnprob[1:i - 1]) = 0.04068984101320399
3840/16384
mean(sgnprob[1:i - 1]) = 0.03047668663714509
3968/16384
mean(sgnprob[1:i - 1]) = 0.03755986891857827
4096/16384
mean(sgnprob[1:i - 1]) = 0.04810744810744811
4224/16384
mean(sgnprob[1:i - 1]) = 0.05470044991712053
4352/16384
mean(sgnprob[1:i - 1]) = 0.04757527005286141
4480/16384
mean(sgnprob[1:i - 1]) = 0.04085733422638982
4608/16384
mean(sgnprob[1:i - 1]) = 0.0310397221619275
4736/16384
mean(sgnprob[1:i - 1]) = 0.023020063357972544
4864/16384
mean(sgnprob[1:i - 1]) = 0.02734937281513469
4992/16384
mean(sgnprob[1:i - 1]) = 0.018633540372670808
5120/16384
mean(sgnprob[1:i - 1]) = 0.026763039656182847
5248/16384
mean(sgnprob[1:i - 1]) = 0.03411473222793977
5376/16384
mean(sgnprob[1:i - 1]) = 0.04186046511627907
5504/16384
mean(sgnprob[1:i - 1]) = 0.05033618026530983
5632/16384
mean(sgnprob[1:i - 1]) = 0.05594033031433138
5760/16384
mean(sgnprob[1:i - 1]) = 0.057475256120854315
5888/16384
mean(sgnprob[1:i - 1]) = 0.06234075080686258
6016/16384
mean(sgnprob[1:i - 1]) = 0.06799667497921862
6144/16384
mean(sgnprob[1:i - 1]) = 0.06202181344619893
6272/16384
mean(sgnprob[1:i - 1]) = 0.054377292297879125
6400/16384
mean(sgnprob[1:i - 1]) = 0.05860290670417253
6528/16384
mean(sgnprob[1:i - 1]) = 0.06021142944691282
6656/16384
mean(sgnprob[1:i - 1]) = 0.06626596543951915
6784/16384
mean(sgnprob[1:i - 1]) = 0.062066932035972286
6912/16384
mean(sgnprob[1:i - 1]) = 0.05715525973086384
7040/16384
mean(sgnprob[1:i - 1]) = 0.05014916891603921
7168/16384
mean(sgnprob[1:i - 1]) = 0.04534672805916004
7296/16384
mean(sgnprob[1:i - 1]) = 0.03824537354352296
7424/16384
mean(sgnprob[1:i - 1]) = 0.04405226997170955
7552/16384
mean(sgnprob[1:i - 1]) = 0.0483379684809959
7680/16384
mean(sgnprob[1:i - 1]) = 0.04206276858966011
7808/16384
mean(sgnprob[1:i - 1]) = 0.04624055334955809
7936/16384
mean(sgnprob[1:i - 1]) = 0.050283553875236295
8064/16384
mean(sgnprob[1:i - 1]) = 0.056430608954483444
8192/16384
mean(sgnprob[1:i - 1]) = 0.051886216579172265
8320/16384
mean(sgnprob[1:i - 1]) = 0.05373241976199063
8448/16384
mean(sgnprob[1:i - 1]) = 0.055996211672783236
8576/16384
mean(sgnprob[1:i - 1]) = 0.05819241982507289
8704/16384
mean(sgnprob[1:i - 1]) = 0.06331150178099505
8832/16384
mean(sgnprob[1:i - 1]) = 0.06850866266560979
8960/16384
mean(sgnprob[1:i - 1]) = 0.07110168545596607
9088/16384
mean(sgnprob[1:i - 1]) = 0.06569825024760648
9216/16384
mean(sgnprob[1:i - 1]) = 0.06912642430819316
9344/16384
mean(sgnprob[1:i - 1]) = 0.0737450497698812
9472/16384
mean(sgnprob[1:i - 1]) = 0.07021433850702144
9600/16384
mean(sgnprob[1:i - 1]) = 0.07344515053651422
9728/16384
mean(sgnprob[1:i - 1]) = 0.07617970597306467
9856/16384
mean(sgnprob[1:i - 1]) = 0.07904616945712836
9984/16384
mean(sgnprob[1:i - 1]) = 0.07422618451367324
10112/16384
mean(sgnprob[1:i - 1]) = 0.0758579764612798
10240/16384
mean(sgnprob[1:i - 1]) = 0.07842562750268581
10368/16384
mean(sgnprob[1:i - 1]) = 0.07244140059805151
10496/16384
mean(sgnprob[1:i - 1]) = 0.07098618389709385
10624/16384
mean(sgnprob[1:i - 1]) = 0.06693024569330698
10752/16384
mean(sgnprob[1:i - 1]) = 0.06948190865965957
10880/16384
mean(sgnprob[1:i - 1]) = 0.07234120783160217
11008/16384
mean(sgnprob[1:i - 1]) = 0.07495230307985827
11136/16384
mean(sgnprob[1:i - 1]) = 0.07157611136057476
11264/16384
mean(sgnprob[1:i - 1]) = 0.07413655331616799
11392/16384
mean(sgnprob[1:i - 1]) = 0.07892195593012027
11520/16384
mean(sgnprob[1:i - 1]) = 0.07491969789044188
11648/16384
mean(sgnprob[1:i - 1]) = 0.07770241263844767
11776/16384
mean(sgnprob[1:i - 1]) = 0.07957537154989384
11904/16384
mean(sgnprob[1:i - 1]) = 0.08224817272956397
12032/16384
mean(sgnprob[1:i - 1]) = 0.07655224004654643
12160/16384
mean(sgnprob[1:i - 1]) = 0.07804918167612468
12288/16384
mean(sgnprob[1:i - 1]) = 0.07935216082037927
12416/16384
mean(sgnprob[1:i - 1]) = 0.0806282722513089
12544/16384
mean(sgnprob[1:i - 1]) = 0.08315395041058758
12672/16384
mean(sgnprob[1:i - 1]) = 0.08152474153579038
12800/16384
mean(sgnprob[1:i - 1]) = 0.08305336354402687
12928/16384
mean(sgnprob[1:i - 1]) = 0.0786725458343003
13056/16384
mean(sgnprob[1:i - 1]) = 0.07590961317502873
13184/16384
mean(sgnprob[1:i - 1]) = 0.07926875521504968
13312/16384
mean(sgnprob[1:i - 1]) = 0.08076027345804222
13440/16384
mean(sgnprob[1:i - 1]) = 0.07775876181263487
13568/16384
mean(sgnprob[1:i - 1]) = 0.07997346502542935
13696/16384
mean(sgnprob[1:i - 1]) = 0.08185469149324572
13824/16384
mean(sgnprob[1:i - 1]) = 0.08268827316790855
13952/16384
mean(sgnprob[1:i - 1]) = 0.08020930399254533
14080/16384
mean(sgnprob[1:i - 1]) = 0.07820157681653526
14208/16384
mean(sgnprob[1:i - 1]) = 0.07538537340747518
14336/16384
mean(sgnprob[1:i - 1]) = 0.07708405999302406
14464/16384
mean(sgnprob[1:i - 1]) = 0.07543386572633617
14592/16384
mean(sgnprob[1:i - 1]) = 0.07641696936467686
14720/16384
mean(sgnprob[1:i - 1]) = 0.07887764114409947
14848/16384
mean(sgnprob[1:i - 1]) = 0.08156529938708157
14976/16384
mean(sgnprob[1:i - 1]) = 0.0836727879799666
15104/16384
mean(sgnprob[1:i - 1]) = 0.0841554658014964
15232/16384
mean(sgnprob[1:i - 1]) = 0.08069069660560699
15360/16384
mean(sgnprob[1:i - 1]) = 0.08223191614037373
15488/16384
mean(sgnprob[1:i - 1]) = 0.0833602376186479
15616/16384
mean(sgnprob[1:i - 1]) = 0.08024335574767852
15744/16384
mean(sgnprob[1:i - 1]) = 0.08238582227021533
15872/16384
mean(sgnprob[1:i - 1]) = 0.08335958666750677
16000/16384
mean(sgnprob[1:i - 1]) = 0.08469279329958122
16128/16384
mean(sgnprob[1:i - 1]) = 0.08575680535747504
16256/16384
mean(sgnprob[1:i - 1]) = 0.08631190402952937
16384/16384
mean(sgnprob[1:i - 1]) = 0.08356222913996215
733.405925 seconds (167.11 M allocations: 70.745 GiB, 1.45% gc time, 1.21% compilation time)
