## SLURM PROLOG ###############################################################
##    Job ID : 8833843
##  Job Name : sbatch_etgent.sh
##  Nodelist : node1328
##      CPUs : 8
##  Mem/Node : 4096 MB
## Directory : /oscar/home/trazzaz/AFQMC
##   Job Started : Thu Feb 27 11:46:54 PM EST 2025
###############################################################################
seed = 1397
U = 2.0
β = 6.0
Warming up
128/1024
256/1024
384/1024
512/1024
640/1024
768/1024
896/1024
1024/1024
Measuring
128/16384
mean(sgnprob[1:i - 1]) = -0.11811023622047244
256/16384
mean(sgnprob[1:i - 1]) = 0.08235294117647059
384/16384
mean(sgnprob[1:i - 1]) = -0.033942558746736295
512/16384
mean(sgnprob[1:i - 1]) = 0.005870841487279843
640/16384
mean(sgnprob[1:i - 1]) = 0.07042253521126761
768/16384
mean(sgnprob[1:i - 1]) = 0.09256844850065189
896/16384
mean(sgnprob[1:i - 1]) = 0.05698324022346369
1024/16384
mean(sgnprob[1:i - 1]) = 0.08895405669599218
1152/16384
mean(sgnprob[1:i - 1]) = 0.08774978279756733
1280/16384
mean(sgnprob[1:i - 1]) = 0.04300234558248632
1408/16384
mean(sgnprob[1:i - 1]) = 0.053304904051172705
1536/16384
mean(sgnprob[1:i - 1]) = 0.07882736156351791
1664/16384
mean(sgnprob[1:i - 1]) = 0.08959711365003006
1792/16384
mean(sgnprob[1:i - 1]) = 0.10106085985482971
1920/16384
mean(sgnprob[1:i - 1]) = 0.10786868160500261
2048/16384
mean(sgnprob[1:i - 1]) = 0.11773326819736199
2176/16384
mean(sgnprob[1:i - 1]) = 0.12643678160919541
2304/16384
mean(sgnprob[1:i - 1]) = 0.13590968302214504
2432/16384
mean(sgnprob[1:i - 1]) = 0.11723570547099958
2560/16384
mean(sgnprob[1:i - 1]) = 0.11918718249316139
2688/16384
mean(sgnprob[1:i - 1]) = 0.11946408634164496
2816/16384
mean(sgnprob[1:i - 1]) = 0.09626998223801066
2944/16384
mean(sgnprob[1:i - 1]) = 0.09616038056405028
3072/16384
mean(sgnprob[1:i - 1]) = 0.08042982741777922
3200/16384
mean(sgnprob[1:i - 1]) = 0.08033760550171928
3328/16384
mean(sgnprob[1:i - 1]) = 0.08205590622182146
3456/16384
mean(sgnprob[1:i - 1]) = 0.07264833574529667
3584/16384
mean(sgnprob[1:i - 1]) = 0.07842590008372873
3712/16384
mean(sgnprob[1:i - 1]) = 0.07140932363244408
3840/16384
mean(sgnprob[1:i - 1]) = 0.057046105756707474
3968/16384
mean(sgnprob[1:i - 1]) = 0.04865137383413159
4096/16384
mean(sgnprob[1:i - 1]) = 0.041758241758241756
4224/16384
mean(sgnprob[1:i - 1]) = 0.04475491356855316
4352/16384
mean(sgnprob[1:i - 1]) = 0.04895426338772696
4480/16384
mean(sgnprob[1:i - 1]) = 0.058718463942844384
4608/16384
mean(sgnprob[1:i - 1]) = 0.06273062730627306
4736/16384
mean(sgnprob[1:i - 1]) = 0.06737064413938754
4864/16384
mean(sgnprob[1:i - 1]) = 0.061484680238535885
4992/16384
mean(sgnprob[1:i - 1]) = 0.051893408134642355
5120/16384
mean(sgnprob[1:i - 1]) = 0.05567493651103731
5248/16384
mean(sgnprob[1:i - 1]) = 0.05927196493234229
5376/16384
mean(sgnprob[1:i - 1]) = 0.062325581395348835
5504/16384
mean(sgnprob[1:i - 1]) = 0.06632745775031801
5632/16384
mean(sgnprob[1:i - 1]) = 0.06020245071923282
5760/16384
mean(sgnprob[1:i - 1]) = 0.05504427852057649
5888/16384
mean(sgnprob[1:i - 1]) = 0.057584508238491594
6016/16384
mean(sgnprob[1:i - 1]) = 0.0626766417290108
6144/16384
mean(sgnprob[1:i - 1]) = 0.06625427315643823
6272/16384
mean(sgnprob[1:i - 1]) = 0.05820443310476798
6400/16384
mean(sgnprob[1:i - 1]) = 0.054539771839349896
6528/16384
mean(sgnprob[1:i - 1]) = 0.04672897196261682
6656/16384
mean(sgnprob[1:i - 1]) = 0.05033809166040571
6784/16384
mean(sgnprob[1:i - 1]) = 0.044965354562877785
6912/16384
mean(sgnprob[1:i - 1]) = 0.04297496744320648
7040/16384
mean(sgnprob[1:i - 1]) = 0.046739593692285836
7168/16384
mean(sgnprob[1:i - 1]) = 0.051206920608343795
7296/16384
mean(sgnprob[1:i - 1]) = 0.048115147361206305
7424/16384
mean(sgnprob[1:i - 1]) = 0.051596389599892226
7552/16384
mean(sgnprob[1:i - 1]) = 0.04568931267381804
7680/16384
mean(sgnprob[1:i - 1]) = 0.04284412032816773
7808/16384
mean(sgnprob[1:i - 1]) = 0.04675291405149225
7936/16384
mean(sgnprob[1:i - 1]) = 0.05103969754253308
8064/16384
mean(sgnprob[1:i - 1]) = 0.05395014262681384
8192/16384
mean(sgnprob[1:i - 1]) = 0.05872298864607496
8320/16384
mean(sgnprob[1:i - 1]) = 0.05445366029570862
8448/16384
mean(sgnprob[1:i - 1]) = 0.05126080265182905
8576/16384
mean(sgnprob[1:i - 1]) = 0.04932944606413994
8704/16384
mean(sgnprob[1:i - 1]) = 0.051591405262553146
8832/16384
mean(sgnprob[1:i - 1]) = 0.05514664250934209
8960/16384
mean(sgnprob[1:i - 1]) = 0.05748409420694274
9088/16384
mean(sgnprob[1:i - 1]) = 0.058655221745350504
9216/16384
mean(sgnprob[1:i - 1]) = 0.060227889310906134
9344/16384
mean(sgnprob[1:i - 1]) = 0.05554960933319062
9472/16384
mean(sgnprob[1:i - 1]) = 0.05733291099144758
9600/16384
mean(sgnprob[1:i - 1]) = 0.06094384831753308
9728/16384
mean(sgnprob[1:i - 1]) = 0.06363729824200678
9856/16384
mean(sgnprob[1:i - 1]) = 0.06666666666666667
9984/16384
mean(sgnprob[1:i - 1]) = 0.06741460482820795
10112/16384
mean(sgnprob[1:i - 1]) = 0.06596775788744931
10240/16384
mean(sgnprob[1:i - 1]) = 0.06768239085848228
10368/16384
mean(sgnprob[1:i - 1]) = 0.06896884344554838
10496/16384
mean(sgnprob[1:i - 1]) = 0.06927108146736541
10624/16384
mean(sgnprob[1:i - 1]) = 0.06617716276004895
10752/16384
mean(sgnprob[1:i - 1]) = 0.06724955818063436
10880/16384
mean(sgnprob[1:i - 1]) = 0.06351686735913227
11008/16384
mean(sgnprob[1:i - 1]) = 0.06041609884618879
11136/16384
mean(sgnprob[1:i - 1]) = 0.062236192186798385
11264/16384
mean(sgnprob[1:i - 1]) = 0.06596821450768002
11392/16384
mean(sgnprob[1:i - 1]) = 0.06768501448511983
11520/16384
mean(sgnprob[1:i - 1]) = 0.06432850073791127
11648/16384
mean(sgnprob[1:i - 1]) = 0.06585386794882803
11776/16384
mean(sgnprob[1:i - 1]) = 0.06717622080679406
11904/16384
mean(sgnprob[1:i - 1]) = 0.06695790977064606
12032/16384
mean(sgnprob[1:i - 1]) = 0.06724295569778073
12160/16384
mean(sgnprob[1:i - 1]) = 0.06340981988650382
12288/16384
mean(sgnprob[1:i - 1]) = 0.060307642223488236
12416/16384
mean(sgnprob[1:i - 1]) = 0.06129681836488119
12544/16384
mean(sgnprob[1:i - 1]) = 0.06114964522044168
12672/16384
mean(sgnprob[1:i - 1]) = 0.05753294925420251
12800/16384
mean(sgnprob[1:i - 1]) = 0.05961403234627705
12928/16384
mean(sgnprob[1:i - 1]) = 0.06103504293339522
13056/16384
mean(sgnprob[1:i - 1]) = 0.06258138644197625
13184/16384
mean(sgnprob[1:i - 1]) = 0.06091178032314344
13312/16384
mean(sgnprob[1:i - 1]) = 0.05852302606866502
13440/16384
mean(sgnprob[1:i - 1]) = 0.059602649006622516
13568/16384
mean(sgnprob[1:i - 1]) = 0.06139898282597479
13696/16384
mean(sgnprob[1:i - 1]) = 0.05775830595107703
13824/16384
mean(sgnprob[1:i - 1]) = 0.058670332055270204
13952/16384
mean(sgnprob[1:i - 1]) = 0.06056913482904451
14080/16384
mean(sgnprob[1:i - 1]) = 0.057603522977484195
14208/16384
mean(sgnprob[1:i - 1]) = 0.055536003378616174
14336/16384
mean(sgnprob[1:i - 1]) = 0.053086850366236484
14464/16384
mean(sgnprob[1:i - 1]) = 0.05496784899398465
14592/16384
mean(sgnprob[1:i - 1]) = 0.056678774587074224
14720/16384
mean(sgnprob[1:i - 1]) = 0.057001154969766966
14848/16384
mean(sgnprob[1:i - 1]) = 0.0574526840439146
14976/16384
mean(sgnprob[1:i - 1]) = 0.058564273789649415
15104/16384
mean(sgnprob[1:i - 1]) = 0.055551877110507845
15232/16384
mean(sgnprob[1:i - 1]) = 0.057973869082791674
15360/16384
mean(sgnprob[1:i - 1]) = 0.05970440783905202
15488/16384
mean(sgnprob[1:i - 1]) = 0.061148059662943115
15616/16384
mean(sgnprob[1:i - 1]) = 0.05936599423631124
15744/16384
mean(sgnprob[1:i - 1]) = 0.05710474496601664
15872/16384
mean(sgnprob[1:i - 1]) = 0.057400289836809275
16000/16384
mean(sgnprob[1:i - 1]) = 0.05556597287330458
16128/16384
mean(sgnprob[1:i - 1]) = 0.05760525826254108
16256/16384
mean(sgnprob[1:i - 1]) = 0.05924330975084589
16384/16384
mean(sgnprob[1:i - 1]) = 0.06085576512238296
794.452258 seconds (167.11 M allocations: 70.745 GiB, 1.78% gc time, 1.23% compilation time)
