## SLURM PROLOG ###############################################################
##    Job ID : 5955255
##  Job Name : etgent_N(1,2)_seed1254
##  Nodelist : node1746
##      CPUs : 8
##  Mem/Node : 2048 MB
## Directory : /oscar/home/trazzaz/AFQMC
##   Job Started : Mon Nov 11 09:44:53 PM EST 2024
###############################################################################
U = 2.0
seed = 1254
λₖ = 0.0
Warming up
128/512
256/512
384/512
512/512
Measuring
128/1024
256/1024
384/1024
512/1024
640/1024
768/1024
896/1024
1024/1024
118.721257 seconds (80.56 M allocations: 16.970 GiB, 3.05% gc time, 9.66% compilation time)
λₖ = 0.2
Warming up
128/512
256/512
384/512
512/512
Measuring
128/1024
256/1024
384/1024
512/1024
640/1024
768/1024
896/1024
1024/1024
114.104547 seconds (76.83 M allocations: 16.806 GiB, 2.97% gc time, 0.10% compilation time)
λₖ = 0.4
Warming up
128/512
256/512
384/512
512/512
Measuring
128/1024
256/1024
384/1024
512/1024
640/1024
768/1024
896/1024
1024/1024
113.175673 seconds (76.82 M allocations: 16.805 GiB, 2.72% gc time)
λₖ = 0.6
Warming up
128/512
256/512
384/512
512/512
Measuring
128/1024
256/1024
384/1024
512/1024
640/1024
768/1024
896/1024
1024/1024
111.919791 seconds (76.82 M allocations: 16.805 GiB, 2.65% gc time)
λₖ = 0.8
Warming up
128/512
256/512
384/512
512/512
Measuring
128/1024
256/1024
384/1024
512/1024
640/1024
768/1024
896/1024
1024/1024
109.823206 seconds (76.82 M allocations: 16.805 GiB, 2.54% gc time)
