## SLURM PROLOG ###############################################################
##    Job ID : 8822291
##  Job Name : sbatch_etgent.sh
##  Nodelist : node1323
##      CPUs : 8
##  Mem/Node : 4096 MB
## Directory : /oscar/home/trazzaz/AFQMC
##   Job Started : Thu Feb 27 06:51:23 PM EST 2025
###############################################################################
seed = 1286
U = 2.0
β = 6.0
Warming up
128/1024
256/1024
384/1024
512/1024
640/1024
768/1024
896/1024
1024/1024
Measuring
128/16384
mean(sgnprob[1:i - 1]) = -0.29133858267716534
256/16384
mean(sgnprob[1:i - 1]) = -0.3803921568627451
384/16384
mean(sgnprob[1:i - 1]) = -0.08616187989556136
512/16384
mean(sgnprob[1:i - 1]) = 0.08806262230919765
640/16384
mean(sgnprob[1:i - 1]) = 0.15492957746478872
768/16384
mean(sgnprob[1:i - 1]) = 0.2255541069100391
896/16384
mean(sgnprob[1:i - 1]) = 0.2759776536312849
1024/16384
mean(sgnprob[1:i - 1]) = 0.29227761485826004
1152/16384
mean(sgnprob[1:i - 1]) = 0.32406602953953084
1280/16384
mean(sgnprob[1:i - 1]) = 0.34636434714620795
1408/16384
mean(sgnprob[1:i - 1]) = 0.279317697228145
1536/16384
mean(sgnprob[1:i - 1]) = 0.29120521172638436
1664/16384
mean(sgnprob[1:i - 1]) = 0.3000601322910403
1792/16384
mean(sgnprob[1:i - 1]) = 0.31881630374092684
1920/16384
mean(sgnprob[1:i - 1]) = 0.2589890568004169
2048/16384
mean(sgnprob[1:i - 1]) = 0.2711284807034685
2176/16384
mean(sgnprob[1:i - 1]) = 0.28735632183908044
2304/16384
mean(sgnprob[1:i - 1]) = 0.3017802865827182
2432/16384
mean(sgnprob[1:i - 1]) = 0.3146853146853147
2560/16384
mean(sgnprob[1:i - 1]) = 0.3216100039077765
2688/16384
mean(sgnprob[1:i - 1]) = 0.3338295496836621
2816/16384
mean(sgnprob[1:i - 1]) = 0.29236234458259325
2944/16384
mean(sgnprob[1:i - 1]) = 0.3007135575942915
3072/16384
mean(sgnprob[1:i - 1]) = 0.3057635949202214
3200/16384
mean(sgnprob[1:i - 1]) = 0.27539856205064084
3328/16384
mean(sgnprob[1:i - 1]) = 0.28584310189359785
3456/16384
mean(sgnprob[1:i - 1]) = 0.2602026049204052
3584/16384
mean(sgnprob[1:i - 1]) = 0.2648618476137315
3712/16384
mean(sgnprob[1:i - 1]) = 0.27351118296954996
3840/16384
mean(sgnprob[1:i - 1]) = 0.28314665277415996
3968/16384
mean(sgnprob[1:i - 1]) = 0.2911520040332745
4096/16384
mean(sgnprob[1:i - 1]) = 0.3006105006105006
4224/16384
mean(sgnprob[1:i - 1]) = 0.30475964953824297
4352/16384
mean(sgnprob[1:i - 1]) = 0.31142266145713626
4480/16384
mean(sgnprob[1:i - 1]) = 0.3163652601027015
4608/16384
mean(sgnprob[1:i - 1]) = 0.2910787931408726
4736/16384
mean(sgnprob[1:i - 1]) = 0.29545934530095036
4864/16384
mean(sgnprob[1:i - 1]) = 0.275344437589965
4992/16384
mean(sgnprob[1:i - 1]) = 0.2787016629933881
5120/16384
mean(sgnprob[1:i - 1]) = 0.25805821449501853
5248/16384
mean(sgnprob[1:i - 1]) = 0.26548503906994475
5376/16384
mean(sgnprob[1:i - 1]) = 0.24651162790697675
5504/16384
mean(sgnprob[1:i - 1]) = 0.2549518444484826
5632/16384
mean(sgnprob[1:i - 1]) = 0.260166933049192
5760/16384
mean(sgnprob[1:i - 1]) = 0.26723389477339815
5888/16384
mean(sgnprob[1:i - 1]) = 0.25259045354170206
6016/16384
mean(sgnprob[1:i - 1]) = 0.2339152119700748
6144/16384
mean(sgnprob[1:i - 1]) = 0.23913397362852026
6272/16384
mean(sgnprob[1:i - 1]) = 0.24413969063945146
6400/16384
mean(sgnprob[1:i - 1]) = 0.2298796686982341
6528/16384
mean(sgnprob[1:i - 1]) = 0.21464685153975793
6656/16384
mean(sgnprob[1:i - 1]) = 0.2021036814425244
6784/16384
mean(sgnprob[1:i - 1]) = 0.19032876308418104
6912/16384
mean(sgnprob[1:i - 1]) = 0.17985819707712342
7040/16384
mean(sgnprob[1:i - 1]) = 0.1694843017474073
7168/16384
mean(sgnprob[1:i - 1]) = 0.1536207618250314
7296/16384
mean(sgnprob[1:i - 1]) = 0.15942426319396846
7424/16384
mean(sgnprob[1:i - 1]) = 0.16664421392967801
7552/16384
mean(sgnprob[1:i - 1]) = 0.1707058667726129
7680/16384
mean(sgnprob[1:i - 1]) = 0.17645526761297045
7808/16384
mean(sgnprob[1:i - 1]) = 0.18304086076597925
7936/16384
mean(sgnprob[1:i - 1]) = 0.18991808443604286
8064/16384
mean(sgnprob[1:i - 1]) = 0.17970978543966265
8192/16384
mean(sgnprob[1:i - 1]) = 0.1861799536076181
8320/16384
mean(sgnprob[1:i - 1]) = 0.19245101574708498
8448/16384
mean(sgnprob[1:i - 1]) = 0.19687463004617023
8576/16384
mean(sgnprob[1:i - 1]) = 0.2006997084548105
8704/16384
mean(sgnprob[1:i - 1]) = 0.20510168907273355
8832/16384
mean(sgnprob[1:i - 1]) = 0.20914958668327482
8960/16384
mean(sgnprob[1:i - 1]) = 0.21285857796629087
9088/16384
mean(sgnprob[1:i - 1]) = 0.21734345768680532
9216/16384
mean(sgnprob[1:i - 1]) = 0.2214867064568638
9344/16384
mean(sgnprob[1:i - 1]) = 0.211816333083592
9472/16384
mean(sgnprob[1:i - 1]) = 0.21634463097877732
9600/16384
mean(sgnprob[1:i - 1]) = 0.21825190123971247
9728/16384
mean(sgnprob[1:i - 1]) = 0.22278194715739694
9856/16384
mean(sgnprob[1:i - 1]) = 0.22638254693049215
9984/16384
mean(sgnprob[1:i - 1]) = 0.22928979264750074
10112/16384
mean(sgnprob[1:i - 1]) = 0.2317278211848482
10240/16384
mean(sgnprob[1:i - 1]) = 0.23527688250805742
10368/16384
mean(sgnprob[1:i - 1]) = 0.24028166296903636
10496/16384
mean(sgnprob[1:i - 1]) = 0.24249642686993805
10624/16384
mean(sgnprob[1:i - 1]) = 0.23449119834321755
10752/16384
mean(sgnprob[1:i - 1]) = 0.238582457445819
10880/16384
mean(sgnprob[1:i - 1]) = 0.22989245335049177
11008/16384
mean(sgnprob[1:i - 1]) = 0.23285182156809303
11136/16384
mean(sgnprob[1:i - 1]) = 0.23574315222272116
11264/16384
mean(sgnprob[1:i - 1]) = 0.23732575690313415
11392/16384
mean(sgnprob[1:i - 1]) = 0.22974277938723553
11520/16384
mean(sgnprob[1:i - 1]) = 0.22059206528344474
11648/16384
mean(sgnprob[1:i - 1]) = 0.22417789988838327
11776/16384
mean(sgnprob[1:i - 1]) = 0.22666666666666666
11904/16384
mean(sgnprob[1:i - 1]) = 0.21767621607997983
12032/16384
mean(sgnprob[1:i - 1]) = 0.20937577923697115
12160/16384
mean(sgnprob[1:i - 1]) = 0.21276420758286044
12288/16384
mean(sgnprob[1:i - 1]) = 0.2147798486204932
12416/16384
mean(sgnprob[1:i - 1]) = 0.20837696335078534
12544/16384
mean(sgnprob[1:i - 1]) = 0.20226421111376863
12672/16384
mean(sgnprob[1:i - 1]) = 0.20369347328545498
12800/16384
mean(sgnprob[1:i - 1]) = 0.20603172122822094
12928/16384
mean(sgnprob[1:i - 1]) = 0.2087878084629071
13056/16384
mean(sgnprob[1:i - 1]) = 0.2015319800842589
13184/16384
mean(sgnprob[1:i - 1]) = 0.20442994765986497
13312/16384
mean(sgnprob[1:i - 1]) = 0.20667117421681316
13440/16384
mean(sgnprob[1:i - 1]) = 0.20872088697075675
13568/16384
mean(sgnprob[1:i - 1]) = 0.21058450652318125
13696/16384
mean(sgnprob[1:i - 1]) = 0.2140197152245345
13824/16384
mean(sgnprob[1:i - 1]) = 0.21536569485639875
13952/16384
mean(sgnprob[1:i - 1]) = 0.21840728263206938
14080/16384
mean(sgnprob[1:i - 1]) = 0.21130762127992045
14208/16384
mean(sgnprob[1:i - 1]) = 0.21531639332723304
14336/16384
mean(sgnprob[1:i - 1]) = 0.21883501918381584
14464/16384
mean(sgnprob[1:i - 1]) = 0.22104680909908042
14592/16384
mean(sgnprob[1:i - 1]) = 0.22321979302309644
14720/16384
mean(sgnprob[1:i - 1]) = 0.22494734696650587
14848/16384
mean(sgnprob[1:i - 1]) = 0.2285310163669428
14976/16384
mean(sgnprob[1:i - 1]) = 0.23151919866444073
15104/16384
mean(sgnprob[1:i - 1]) = 0.2337946103423161
15232/16384
mean(sgnprob[1:i - 1]) = 0.2365570218633051
15360/16384
mean(sgnprob[1:i - 1]) = 0.23028843023634352
15488/16384
mean(sgnprob[1:i - 1]) = 0.23238845483308582
15616/16384
mean(sgnprob[1:i - 1]) = 0.22625680435478707
15744/16384
mean(sgnprob[1:i - 1]) = 0.22873658133773742
15872/16384
mean(sgnprob[1:i - 1]) = 0.23092432738957847
16000/16384
mean(sgnprob[1:i - 1]) = 0.23257703606475405
16128/16384
mean(sgnprob[1:i - 1]) = 0.23457555652012155
16256/16384
mean(sgnprob[1:i - 1]) = 0.2364195632113196
16384/16384
mean(sgnprob[1:i - 1]) = 0.23847891106634928
793.304801 seconds (167.11 M allocations: 70.745 GiB, 1.60% gc time, 1.20% compilation time)
