## SLURM PROLOG ###############################################################
##    Job ID : 7671129
##  Job Name : sbatch_etgent.sh
##  Nodelist : node1752
##      CPUs : 8
##  Mem/Node : 4096 MB
## Directory : /oscar/home/trazzaz/AFQMC
##   Job Started : Sun Jan 19 03:07:15 AM EST 2025
###############################################################################
seed = 1239
U = 2.0
β = 6.0
Warming up
128/1024
256/1024
384/1024
512/1024
640/1024
768/1024
896/1024
1024/1024
Measuring
128/16384
mean(sgnprob[1:i - 1]) = -0.25984251968503935
256/16384
mean(sgnprob[1:i - 1]) = -0.011764705882352941
384/16384
mean(sgnprob[1:i - 1]) = 0.05483028720626632
512/16384
mean(sgnprob[1:i - 1]) = -0.0136986301369863
640/16384
mean(sgnprob[1:i - 1]) = 0.004694835680751174
768/16384
mean(sgnprob[1:i - 1]) = 0.05867014341590613
896/16384
mean(sgnprob[1:i - 1]) = 0.021229050279329607
1024/16384
mean(sgnprob[1:i - 1]) = 0.002932551319648094
1152/16384
mean(sgnprob[1:i - 1]) = -0.014769765421372719
1280/16384
mean(sgnprob[1:i - 1]) = 0.0023455824863174357
1408/16384
mean(sgnprob[1:i - 1]) = -0.019189765458422176
1536/16384
mean(sgnprob[1:i - 1]) = -0.04104234527687296
1664/16384
mean(sgnprob[1:i - 1]) = -0.05592303066746843
1792/16384
mean(sgnprob[1:i - 1]) = -0.03294249022892239
1920/16384
mean(sgnprob[1:i - 1]) = -0.05263157894736842
2048/16384
mean(sgnprob[1:i - 1]) = -0.06399609184171959
2176/16384
mean(sgnprob[1:i - 1]) = -0.050114942528735634
2304/16384
mean(sgnprob[1:i - 1]) = -0.060356057316543636
2432/16384
mean(sgnprob[1:i - 1]) = -0.07034142328259975
2560/16384
mean(sgnprob[1:i - 1]) = -0.07620164126611957
2688/16384
mean(sgnprob[1:i - 1]) = -0.05842947525120953
2816/16384
mean(sgnprob[1:i - 1]) = -0.04369449378330373
2944/16384
mean(sgnprob[1:i - 1]) = -0.028882093102276588
3072/16384
mean(sgnprob[1:i - 1]) = -0.01986323673070661
3200/16384
mean(sgnprob[1:i - 1]) = -0.005939356048765239
3328/16384
mean(sgnprob[1:i - 1]) = -0.017733694018635407
3456/16384
mean(sgnprob[1:i - 1]) = -0.017655571635311142
3584/16384
mean(sgnprob[1:i - 1]) = -0.011442924923248674
3712/16384
mean(sgnprob[1:i - 1]) = -0.004042037186742118
3840/16384
mean(sgnprob[1:i - 1]) = -0.013284709559781192
3968/16384
mean(sgnprob[1:i - 1]) = -0.004285354171918326
4096/16384
mean(sgnprob[1:i - 1]) = 0.006105006105006105
4224/16384
mean(sgnprob[1:i - 1]) = -0.0030783802983660904
4352/16384
mean(sgnprob[1:i - 1]) = 0.005286141116984601
4480/16384
mean(sgnprob[1:i - 1]) = 0.011386470194239785
4608/16384
mean(sgnprob[1:i - 1]) = 0.006728890818319948
4736/16384
mean(sgnprob[1:i - 1]) = -0.00021119324181626187
4864/16384
mean(sgnprob[1:i - 1]) = -0.008431009664815957
4992/16384
mean(sgnprob[1:i - 1]) = -0.0022039671408535366
5120/16384
mean(sgnprob[1:i - 1]) = -0.010744285993358077
5248/16384
mean(sgnprob[1:i - 1]) = -0.018105584143319992
5376/16384
mean(sgnprob[1:i - 1]) = -0.010232558139534883
5504/16384
mean(sgnprob[1:i - 1]) = -0.004179538433581683
5632/16384
mean(sgnprob[1:i - 1]) = 0.004439708755105665
5760/16384
mean(sgnprob[1:i - 1]) = 0.00746657405799618
5888/16384
mean(sgnprob[1:i - 1]) = 0.011041277390861219
6016/16384
mean(sgnprob[1:i - 1]) = 0.01512884455527847
6144/16384
mean(sgnprob[1:i - 1]) = 0.01806934722448315
6272/16384
mean(sgnprob[1:i - 1]) = 0.022484452240472012
6400/16384
mean(sgnprob[1:i - 1]) = 0.017346460384435068
6528/16384
mean(sgnprob[1:i - 1]) = 0.01761912057606864
6656/16384
mean(sgnprob[1:i - 1]) = 0.022689706987227647
6784/16384
mean(sgnprob[1:i - 1]) = 0.01842842400117942
6912/16384
mean(sgnprob[1:i - 1]) = 0.023006800752423673
7040/16384
mean(sgnprob[1:i - 1]) = 0.025998011081119477
7168/16384
mean(sgnprob[1:i - 1]) = 0.02441746895493233
7296/16384
mean(sgnprob[1:i - 1]) = 0.029746401644962304
7424/16384
mean(sgnprob[1:i - 1]) = 0.025730836588980198
7552/16384
mean(sgnprob[1:i - 1]) = 0.02185141040921732
7680/16384
mean(sgnprob[1:i - 1]) = 0.02565438208100013
7808/16384
mean(sgnprob[1:i - 1]) = 0.023184321762520815
7936/16384
mean(sgnprob[1:i - 1]) = 0.02659105229993699
8064/16384
mean(sgnprob[1:i - 1]) = 0.030137665881185664
8192/16384
mean(sgnprob[1:i - 1]) = 0.024783298742522282
8320/16384
mean(sgnprob[1:i - 1]) = 0.0284890010818608
8448/16384
mean(sgnprob[1:i - 1]) = 0.030188232508582928
8576/16384
mean(sgnprob[1:i - 1]) = 0.0239067055393586
8704/16384
mean(sgnprob[1:i - 1]) = 0.02562334827071125
8832/16384
mean(sgnprob[1:i - 1]) = 0.03091382629373797
8960/16384
mean(sgnprob[1:i - 1]) = 0.03315102131934368
9088/16384
mean(sgnprob[1:i - 1]) = 0.03048310773632662
9216/16384
mean(sgnprob[1:i - 1]) = 0.03440043407487792
9344/16384
mean(sgnprob[1:i - 1]) = 0.035641656855399766
9472/16384
mean(sgnprob[1:i - 1]) = 0.03727167141801288
9600/16384
mean(sgnprob[1:i - 1]) = 0.036566308990519845
9728/16384
mean(sgnprob[1:i - 1]) = 0.032384085535108464
9856/16384
mean(sgnprob[1:i - 1]) = 0.029528158295281583
9984/16384
mean(sgnprob[1:i - 1]) = 0.032956025242912954
10112/16384
mean(sgnprob[1:i - 1]) = 0.02937394916427653
10240/16384
mean(sgnprob[1:i - 1]) = 0.026467428459810528
10368/16384
mean(sgnprob[1:i - 1]) = 0.02903443619176232
10496/16384
mean(sgnprob[1:i - 1]) = 0.03211052882324917
10624/16384
mean(sgnprob[1:i - 1]) = 0.028523016097147698
10752/16384
mean(sgnprob[1:i - 1]) = 0.023718723839642825
10880/16384
mean(sgnprob[1:i - 1]) = 0.02766798418972332
11008/16384
mean(sgnprob[1:i - 1]) = 0.023712183156173343
11136/16384
mean(sgnprob[1:i - 1]) = 0.026672653794342166
11264/16384
mean(sgnprob[1:i - 1]) = 0.028500399538311284
11392/16384
mean(sgnprob[1:i - 1]) = 0.030287068738477745
11520/16384
mean(sgnprob[1:i - 1]) = 0.032902161645976216
11648/16384
mean(sgnprob[1:i - 1]) = 0.029277925646089123
11776/16384
mean(sgnprob[1:i - 1]) = 0.02556263269639066
11904/16384
mean(sgnprob[1:i - 1]) = 0.021759220364613963
12032/16384
mean(sgnprob[1:i - 1]) = 0.023190092261657386
12160/16384
mean(sgnprob[1:i - 1]) = 0.022123529895550623
12288/16384
mean(sgnprob[1:i - 1]) = 0.025148530967689427
12416/16384
mean(sgnprob[1:i - 1]) = 0.02698348771647201
12544/16384
mean(sgnprob[1:i - 1]) = 0.028621541895878178
12672/16384
mean(sgnprob[1:i - 1]) = 0.02485991634440849
12800/16384
mean(sgnprob[1:i - 1]) = 0.027736541917337293
12928/16384
mean(sgnprob[1:i - 1]) = 0.029782625512493232
13056/16384
mean(sgnprob[1:i - 1]) = 0.027652240520873228
13184/16384
mean(sgnprob[1:i - 1]) = 0.029962830918607297
13312/16384
mean(sgnprob[1:i - 1]) = 0.028172188415596124
13440/16384
mean(sgnprob[1:i - 1]) = 0.029689709055733312
13568/16384
mean(sgnprob[1:i - 1]) = 0.03265276037443798
13696/16384
mean(sgnprob[1:i - 1]) = 0.034100036509675066
13824/16384
mean(sgnprob[1:i - 1]) = 0.03407364537365261
13952/16384
mean(sgnprob[1:i - 1]) = 0.03591140420041574
14080/16384
mean(sgnprob[1:i - 1]) = 0.03714752468215072
14208/16384
mean(sgnprob[1:i - 1]) = 0.03920602519884564
14336/16384
mean(sgnprob[1:i - 1]) = 0.03564701778862923
14464/16384
mean(sgnprob[1:i - 1]) = 0.03671437461107654
14592/16384
mean(sgnprob[1:i - 1]) = 0.03433623466520458
14720/16384
mean(sgnprob[1:i - 1]) = 0.031999456484815544
14848/16384
mean(sgnprob[1:i - 1]) = 0.033744190745605175
14976/16384
mean(sgnprob[1:i - 1]) = 0.035459098497495824
15104/16384
mean(sgnprob[1:i - 1]) = 0.037409786135204924
15232/16384
mean(sgnprob[1:i - 1]) = 0.03919637581248769
15360/16384
mean(sgnprob[1:i - 1]) = 0.03847906764763331
15488/16384
mean(sgnprob[1:i - 1]) = 0.03686963259507974
15616/16384
mean(sgnprob[1:i - 1]) = 0.03387768171629843
15744/16384
mean(sgnprob[1:i - 1]) = 0.03601600711427301
15872/16384
mean(sgnprob[1:i - 1]) = 0.037867809211769896
16000/16384
mean(sgnprob[1:i - 1]) = 0.038939933745859114
16128/16384
mean(sgnprob[1:i - 1]) = 0.03689464872573944
16256/16384
mean(sgnprob[1:i - 1]) = 0.03832666871731775
16384/16384
mean(sgnprob[1:i - 1]) = 0.040224623084905084
768.999893 seconds (167.10 M allocations: 70.745 GiB, 2.21% gc time, 1.30% compilation time)
