## SLURM PROLOG ###############################################################
##    Job ID : 8833865
##  Job Name : sbatch_etgent.sh
##  Nodelist : node1736
##      CPUs : 8
##  Mem/Node : 4096 MB
## Directory : /oscar/home/trazzaz/AFQMC
##   Job Started : Fri Feb 28 12:22:55 AM EST 2025
###############################################################################
seed = 1419
U = 2.0
β = 6.0
Warming up
128/1024
256/1024
384/1024
512/1024
640/1024
768/1024
896/1024
1024/1024
Measuring
128/16384
mean(sgnprob[1:i - 1]) = 0.44881889763779526
256/16384
mean(sgnprob[1:i - 1]) = 0.4196078431372549
384/16384
mean(sgnprob[1:i - 1]) = 0.4255874673629243
512/16384
mean(sgnprob[1:i - 1]) = 0.4246575342465753
640/16384
mean(sgnprob[1:i - 1]) = 0.41784037558685444
768/16384
mean(sgnprob[1:i - 1]) = 0.40547588005215124
896/16384
mean(sgnprob[1:i - 1]) = 0.4033519553072626
1024/16384
mean(sgnprob[1:i - 1]) = 0.3196480938416422
1152/16384
mean(sgnprob[1:i - 1]) = 0.31364031277150306
1280/16384
mean(sgnprob[1:i - 1]) = 0.31196247068021893
1408/16384
mean(sgnprob[1:i - 1]) = 0.25515280739161333
1536/16384
mean(sgnprob[1:i - 1]) = 0.26123778501628664
1664/16384
mean(sgnprob[1:i - 1]) = 0.26157546602525555
1792/16384
mean(sgnprob[1:i - 1]) = 0.2250139586823004
1920/16384
mean(sgnprob[1:i - 1]) = 0.22980719124544033
2048/16384
mean(sgnprob[1:i - 1]) = 0.23986321446018563
2176/16384
mean(sgnprob[1:i - 1]) = 0.24689655172413794
2304/16384
mean(sgnprob[1:i - 1]) = 0.2505427702996092
2432/16384
mean(sgnprob[1:i - 1]) = 0.2579185520361991
2560/16384
mean(sgnprob[1:i - 1]) = 0.2598671355998437
2688/16384
mean(sgnprob[1:i - 1]) = 0.2653516933382955
2816/16384
mean(sgnprob[1:i - 1]) = 0.27104795737122556
2944/16384
mean(sgnprob[1:i - 1]) = 0.24566768603465852
3072/16384
mean(sgnprob[1:i - 1]) = 0.24454575056984695
3200/16384
mean(sgnprob[1:i - 1]) = 0.2241325414191935
3328/16384
mean(sgnprob[1:i - 1]) = 0.20529005109708445
3456/16384
mean(sgnprob[1:i - 1]) = 0.19073806078147612
3584/16384
mean(sgnprob[1:i - 1]) = 0.1671783421713648
3712/16384
mean(sgnprob[1:i - 1]) = 0.15117219078415522
3840/16384
mean(sgnprob[1:i - 1]) = 0.15655118520448033
3968/16384
mean(sgnprob[1:i - 1]) = 0.15502898916057475
4096/16384
mean(sgnprob[1:i - 1]) = 0.13943833943833944
4224/16384
mean(sgnprob[1:i - 1]) = 0.14421027705422684
4352/16384
mean(sgnprob[1:i - 1]) = 0.1298552056998391
4480/16384
mean(sgnprob[1:i - 1]) = 0.13373520875195355
4608/16384
mean(sgnprob[1:i - 1]) = 0.13913609724332537
4736/16384
mean(sgnprob[1:i - 1]) = 0.1446673706441394
4864/16384
mean(sgnprob[1:i - 1]) = 0.14908492699979436
4992/16384
mean(sgnprob[1:i - 1]) = 0.15487878180725306
5120/16384
mean(sgnprob[1:i - 1]) = 0.1603828872826724
5248/16384
mean(sgnprob[1:i - 1]) = 0.16790546979226226
5376/16384
mean(sgnprob[1:i - 1]) = 0.15423255813953488
5504/16384
mean(sgnprob[1:i - 1]) = 0.14119571143012902
5632/16384
mean(sgnprob[1:i - 1]) = 0.14473450541644467
5760/16384
mean(sgnprob[1:i - 1]) = 0.15193610001736413
5888/16384
mean(sgnprob[1:i - 1]) = 0.15916426023441482
6016/16384
mean(sgnprob[1:i - 1]) = 0.14945968412302577
6144/16384
mean(sgnprob[1:i - 1]) = 0.13918280970209995
6272/16384
mean(sgnprob[1:i - 1]) = 0.14112581725402648
6400/16384
mean(sgnprob[1:i - 1]) = 0.14580403187998126
6528/16384
mean(sgnprob[1:i - 1]) = 0.13497778458709975
6656/16384
mean(sgnprob[1:i - 1]) = 0.126671675432006
6784/16384
mean(sgnprob[1:i - 1]) = 0.13401149933657674
6912/16384
mean(sgnprob[1:i - 1]) = 0.1251627839675879
7040/16384
mean(sgnprob[1:i - 1]) = 0.13112658048018183
7168/16384
mean(sgnprob[1:i - 1]) = 0.13380772987302916
7296/16384
mean(sgnprob[1:i - 1]) = 0.13858807402330364
7424/16384
mean(sgnprob[1:i - 1]) = 0.14104809376262967
7552/16384
mean(sgnprob[1:i - 1]) = 0.1431598463779632
7680/16384
mean(sgnprob[1:i - 1]) = 0.1431175934366454
7808/16384
mean(sgnprob[1:i - 1]) = 0.14691943127962084
7936/16384
mean(sgnprob[1:i - 1]) = 0.1508506616257089
8064/16384
mean(sgnprob[1:i - 1]) = 0.15366488899913183
8192/16384
mean(sgnprob[1:i - 1]) = 0.15712367232328164
8320/16384
mean(sgnprob[1:i - 1]) = 0.16023560524101454
8448/16384
mean(sgnprob[1:i - 1]) = 0.1630164555463478
8576/16384
mean(sgnprob[1:i - 1]) = 0.15451895043731778
8704/16384
mean(sgnprob[1:i - 1]) = 0.14833965299322072
8832/16384
mean(sgnprob[1:i - 1]) = 0.1421130109840335
8960/16384
mean(sgnprob[1:i - 1]) = 0.13383190088179484
9088/16384
mean(sgnprob[1:i - 1]) = 0.12666446572025972
9216/16384
mean(sgnprob[1:i - 1]) = 0.13011394465545306
9344/16384
mean(sgnprob[1:i - 1]) = 0.1306860751364658
9472/16384
mean(sgnprob[1:i - 1]) = 0.1352549889135255
9600/16384
mean(sgnprob[1:i - 1]) = 0.13845192207521617
9728/16384
mean(sgnprob[1:i - 1]) = 0.1296391487611802
9856/16384
mean(sgnprob[1:i - 1]) = 0.1328259766615931
9984/16384
mean(sgnprob[1:i - 1]) = 0.12811780026044275
10112/16384
mean(sgnprob[1:i - 1]) = 0.13084759173177726
10240/16384
mean(sgnprob[1:i - 1]) = 0.13507178435394082
10368/16384
mean(sgnprob[1:i - 1]) = 0.139191665862834
10496/16384
mean(sgnprob[1:i - 1]) = 0.13349213911386373
10624/16384
mean(sgnprob[1:i - 1]) = 0.13470770968652923
10752/16384
mean(sgnprob[1:i - 1]) = 0.13775462747651382
10880/16384
mean(sgnprob[1:i - 1]) = 0.14036216564022427
11008/16384
mean(sgnprob[1:i - 1]) = 0.14363586808394657
11136/16384
mean(sgnprob[1:i - 1]) = 0.14611585092052087
11264/16384
mean(sgnprob[1:i - 1]) = 0.14250199769155641
11392/16384
mean(sgnprob[1:i - 1]) = 0.1380914757264507
11520/16384
mean(sgnprob[1:i - 1]) = 0.13360534768643112
11648/16384
mean(sgnprob[1:i - 1]) = 0.13505623765776595
11776/16384
mean(sgnprob[1:i - 1]) = 0.12934182590233545
11904/16384
mean(sgnprob[1:i - 1]) = 0.13399983197513232
12032/16384
mean(sgnprob[1:i - 1]) = 0.13756129997506442
12160/16384
mean(sgnprob[1:i - 1]) = 0.1389094497902788
12288/16384
mean(sgnprob[1:i - 1]) = 0.14136892650769106
12416/16384
mean(sgnprob[1:i - 1]) = 0.1428111155859847
12544/16384
mean(sgnprob[1:i - 1]) = 0.1378458104121821
12672/16384
mean(sgnprob[1:i - 1]) = 0.13945229263672954
12800/16384
mean(sgnprob[1:i - 1]) = 0.14149542933041645
12928/16384
mean(sgnprob[1:i - 1]) = 0.14272453005337665
13056/16384
mean(sgnprob[1:i - 1]) = 0.13749521256223668
13184/16384
mean(sgnprob[1:i - 1]) = 0.14116665402412198
13312/16384
mean(sgnprob[1:i - 1]) = 0.14386597550897753
13440/16384
mean(sgnprob[1:i - 1]) = 0.1457697745367959
13568/16384
mean(sgnprob[1:i - 1]) = 0.14807989975676272
13696/16384
mean(sgnprob[1:i - 1]) = 0.14231471339905075
13824/16384
mean(sgnprob[1:i - 1]) = 0.13795847500542574
13952/16384
mean(sgnprob[1:i - 1]) = 0.1326786610278833
14080/16384
mean(sgnprob[1:i - 1]) = 0.1351658498472903
14208/16384
mean(sgnprob[1:i - 1]) = 0.1366227915816147
14336/16384
mean(sgnprob[1:i - 1]) = 0.1387513079874433
14464/16384
mean(sgnprob[1:i - 1]) = 0.13378967019290602
14592/16384
mean(sgnprob[1:i - 1]) = 0.13028579261188403
14720/16384
mean(sgnprob[1:i - 1]) = 0.12711461376452204
14848/16384
mean(sgnprob[1:i - 1]) = 0.123998114097124
14976/16384
mean(sgnprob[1:i - 1]) = 0.12013355592654425
15104/16384
mean(sgnprob[1:i - 1]) = 0.12229358405614779
15232/16384
mean(sgnprob[1:i - 1]) = 0.12362943995798044
15360/16384
mean(sgnprob[1:i - 1]) = 0.12051565857152158
15488/16384
mean(sgnprob[1:i - 1]) = 0.12300639245819074
15616/16384
mean(sgnprob[1:i - 1]) = 0.11956452129362792
15744/16384
mean(sgnprob[1:i - 1]) = 0.12100616146858921
15872/16384
mean(sgnprob[1:i - 1]) = 0.12217251590952051
16000/16384
mean(sgnprob[1:i - 1]) = 0.1184449028064254
16128/16384
mean(sgnprob[1:i - 1]) = 0.11428039933031561
16256/16384
mean(sgnprob[1:i - 1]) = 0.11645647493079053
16384/16384
mean(sgnprob[1:i - 1]) = 0.11896478056522004
737.897970 seconds (167.11 M allocations: 70.745 GiB, 1.35% gc time, 1.24% compilation time)
