## SLURM PROLOG ###############################################################
##    Job ID : 8833893
##  Job Name : sbatch_etgent.sh
##  Nodelist : node1734
##      CPUs : 8
##  Mem/Node : 4096 MB
## Directory : /oscar/home/trazzaz/AFQMC
##   Job Started : Fri Feb 28 01:13:15 AM EST 2025
###############################################################################
seed = 1447
U = 2.0
β = 6.0
Warming up
128/1024
256/1024
384/1024
512/1024
640/1024
768/1024
896/1024
1024/1024
Measuring
128/16384
mean(sgnprob[1:i - 1]) = 0.44881889763779526
256/16384
mean(sgnprob[1:i - 1]) = 0.4980392156862745
384/16384
mean(sgnprob[1:i - 1]) = 0.5248041775456919
512/16384
mean(sgnprob[1:i - 1]) = 0.25244618395303325
640/16384
mean(sgnprob[1:i - 1]) = 0.29264475743348983
768/16384
mean(sgnprob[1:i - 1]) = 0.1421121251629726
896/16384
mean(sgnprob[1:i - 1]) = 0.18659217877094972
1024/16384
mean(sgnprob[1:i - 1]) = 0.23362658846529813
1152/16384
mean(sgnprob[1:i - 1]) = 0.1364031277150304
1280/16384
mean(sgnprob[1:i - 1]) = 0.1712275215011728
1408/16384
mean(sgnprob[1:i - 1]) = 0.20113717128642503
1536/16384
mean(sgnprob[1:i - 1]) = 0.23778501628664495
1664/16384
mean(sgnprob[1:i - 1]) = 0.2639807576668671
1792/16384
mean(sgnprob[1:i - 1]) = 0.2864321608040201
1920/16384
mean(sgnprob[1:i - 1]) = 0.2985930171964565
2048/16384
mean(sgnprob[1:i - 1]) = 0.3082559843673669
2176/16384
mean(sgnprob[1:i - 1]) = 0.31862068965517243
2304/16384
mean(sgnprob[1:i - 1]) = 0.3295701259227095
2432/16384
mean(sgnprob[1:i - 1]) = 0.34183463595228303
2560/16384
mean(sgnprob[1:i - 1]) = 0.2911293474013286
2688/16384
mean(sgnprob[1:i - 1]) = 0.3048008931894306
2816/16384
mean(sgnprob[1:i - 1]) = 0.3122557726465364
2944/16384
mean(sgnprob[1:i - 1]) = 0.3163438668025824
3072/16384
mean(sgnprob[1:i - 1]) = 0.3253012048192771
3200/16384
mean(sgnprob[1:i - 1]) = 0.3366677086589559
3328/16384
mean(sgnprob[1:i - 1]) = 0.345356176735798
3456/16384
mean(sgnprob[1:i - 1]) = 0.31808972503617944
3584/16384
mean(sgnprob[1:i - 1]) = 0.32347195087915154
3712/16384
mean(sgnprob[1:i - 1]) = 0.3311775801670709
3840/16384
mean(sgnprob[1:i - 1]) = 0.3378483980203178
3968/16384
mean(sgnprob[1:i - 1]) = 0.3450970506680111
4096/16384
mean(sgnprob[1:i - 1]) = 0.34847374847374846
4224/16384
mean(sgnprob[1:i - 1]) = 0.3506985555292446
4352/16384
mean(sgnprob[1:i - 1]) = 0.3587680992875201
4480/16384
mean(sgnprob[1:i - 1]) = 0.36280419736548336
4608/16384
mean(sgnprob[1:i - 1]) = 0.3366616019101367
4736/16384
mean(sgnprob[1:i - 1]) = 0.3406546990496304
4864/16384
mean(sgnprob[1:i - 1]) = 0.34649393378572896
4992/16384
mean(sgnprob[1:i - 1]) = 0.32398316970546986
5120/16384
mean(sgnprob[1:i - 1]) = 0.3307286579410041
5248/16384
mean(sgnprob[1:i - 1]) = 0.33752620545073375
5376/16384
mean(sgnprob[1:i - 1]) = 0.3413953488372093
5504/16384
mean(sgnprob[1:i - 1]) = 0.3465382518626204
5632/16384
mean(sgnprob[1:i - 1]) = 0.3290712129284319
5760/16384
mean(sgnprob[1:i - 1]) = 0.3363431151241535
5888/16384
mean(sgnprob[1:i - 1]) = 0.3151010701545779
6016/16384
mean(sgnprob[1:i - 1]) = 0.3193682460515378
6144/16384
mean(sgnprob[1:i - 1]) = 0.32182972489011885
6272/16384
mean(sgnprob[1:i - 1]) = 0.32674214638813587
6400/16384
mean(sgnprob[1:i - 1]) = 0.33114549148304423
6528/16384
mean(sgnprob[1:i - 1]) = 0.3133139267657423
6656/16384
mean(sgnprob[1:i - 1]) = 0.29737039819684447
6784/16384
mean(sgnprob[1:i - 1]) = 0.2843874391862008
6912/16384
mean(sgnprob[1:i - 1]) = 0.2886702358558819
7040/16384
mean(sgnprob[1:i - 1]) = 0.2925131410711749
7168/16384
mean(sgnprob[1:i - 1]) = 0.29677689409794894
7296/16384
mean(sgnprob[1:i - 1]) = 0.29787525702535983
7424/16384
mean(sgnprob[1:i - 1]) = 0.3024383672369662
7552/16384
mean(sgnprob[1:i - 1]) = 0.3060521785194014
7680/16384
mean(sgnprob[1:i - 1]) = 0.3077223596822503
7808/16384
mean(sgnprob[1:i - 1]) = 0.312155757653388
7936/16384
mean(sgnprob[1:i - 1]) = 0.3144297416509137
8064/16384
mean(sgnprob[1:i - 1]) = 0.31613543346149076
8192/16384
mean(sgnprob[1:i - 1]) = 0.32071786106702477
8320/16384
mean(sgnprob[1:i - 1]) = 0.3210722442601274
8448/16384
mean(sgnprob[1:i - 1]) = 0.32520421451402864
8576/16384
mean(sgnprob[1:i - 1]) = 0.3282798833819242
8704/16384
mean(sgnprob[1:i - 1]) = 0.33149488682063655
8832/16384
mean(sgnprob[1:i - 1]) = 0.33461669120144943
8960/16384
mean(sgnprob[1:i - 1]) = 0.33764929121553744
9088/16384
mean(sgnprob[1:i - 1]) = 0.3410366457576758
9216/16384
mean(sgnprob[1:i - 1]) = 0.32913727618014105
9344/16384
mean(sgnprob[1:i - 1]) = 0.33169217596061223
9472/16384
mean(sgnprob[1:i - 1]) = 0.3335445042762116
9600/16384
mean(sgnprob[1:i - 1]) = 0.322012709657256
9728/16384
mean(sgnprob[1:i - 1]) = 0.32373804873033823
9856/16384
mean(sgnprob[1:i - 1]) = 0.32623033992897005
9984/16384
mean(sgnprob[1:i - 1]) = 0.3162376039266753
10112/16384
mean(sgnprob[1:i - 1]) = 0.31915735337750967
10240/16384
mean(sgnprob[1:i - 1]) = 0.3083308916886415
10368/16384
mean(sgnprob[1:i - 1]) = 0.29931513456158965
10496/16384
mean(sgnprob[1:i - 1]) = 0.289185326345879
10624/16384
mean(sgnprob[1:i - 1]) = 0.29210204273745644
10752/16384
mean(sgnprob[1:i - 1]) = 0.2813691749604688
10880/16384
mean(sgnprob[1:i - 1]) = 0.2839415387443699
11008/16384
mean(sgnprob[1:i - 1]) = 0.2877259925501953
11136/16384
mean(sgnprob[1:i - 1]) = 0.28998652896273014
11264/16384
mean(sgnprob[1:i - 1]) = 0.2921956849862381
11392/16384
mean(sgnprob[1:i - 1]) = 0.28452286893161266
11520/16384
mean(sgnprob[1:i - 1]) = 0.28709089330671067
11648/16384
mean(sgnprob[1:i - 1]) = 0.2901176268567013
11776/16384
mean(sgnprob[1:i - 1]) = 0.29358811040339705
11904/16384
mean(sgnprob[1:i - 1]) = 0.2968159287574561
12032/16384
mean(sgnprob[1:i - 1]) = 0.300473776078464
12160/16384
mean(sgnprob[1:i - 1]) = 0.3030676864873756
12288/16384
mean(sgnprob[1:i - 1]) = 0.29584113290469605
12416/16384
mean(sgnprob[1:i - 1]) = 0.29891260571888845
12544/16384
mean(sgnprob[1:i - 1]) = 0.3016024874431954
12672/16384
mean(sgnprob[1:i - 1]) = 0.2933470128640202
12800/16384
mean(sgnprob[1:i - 1]) = 0.29556996640362526
12928/16384
mean(sgnprob[1:i - 1]) = 0.2968206080297053
13056/16384
mean(sgnprob[1:i - 1]) = 0.2998851014936806
13184/16384
mean(sgnprob[1:i - 1]) = 0.30304179625274974
13312/16384
mean(sgnprob[1:i - 1]) = 0.30568702576816165
13440/16384
mean(sgnprob[1:i - 1]) = 0.3078354044199717
13568/16384
mean(sgnprob[1:i - 1]) = 0.3105329107392939
13696/16384
mean(sgnprob[1:i - 1]) = 0.3140562248995984
13824/16384
mean(sgnprob[1:i - 1]) = 0.31548867828980687
13952/16384
mean(sgnprob[1:i - 1]) = 0.31775499964160275
14080/16384
mean(sgnprob[1:i - 1]) = 0.3188436678741388
14208/16384
mean(sgnprob[1:i - 1]) = 0.31076230027451257
14336/16384
mean(sgnprob[1:i - 1]) = 0.31217300313916985
14464/16384
mean(sgnprob[1:i - 1]) = 0.31521814284726546
14592/16384
mean(sgnprob[1:i - 1]) = 0.31738743060790897
14720/16384
mean(sgnprob[1:i - 1]) = 0.31992662545009853
14848/16384
mean(sgnprob[1:i - 1]) = 0.3209402572910352
14976/16384
mean(sgnprob[1:i - 1]) = 0.3231385642737897
15104/16384
mean(sgnprob[1:i - 1]) = 0.32543203337085347
15232/16384
mean(sgnprob[1:i - 1]) = 0.3266364651040641
15360/16384
mean(sgnprob[1:i - 1]) = 0.32899277296699003
15488/16384
mean(sgnprob[1:i - 1]) = 0.3311809905081681
15616/16384
mean(sgnprob[1:i - 1]) = 0.3334614153057957
15744/16384
mean(sgnprob[1:i - 1]) = 0.33570475767007557
15872/16384
mean(sgnprob[1:i - 1]) = 0.3391720748535064
16000/16384
mean(sgnprob[1:i - 1]) = 0.3414588411775736
16128/16384
mean(sgnprob[1:i - 1]) = 0.34296521361691573
16256/16384
mean(sgnprob[1:i - 1]) = 0.3366964011073516
16384/16384
mean(sgnprob[1:i - 1]) = 0.33748397729353596
732.605213 seconds (167.11 M allocations: 70.745 GiB, 1.31% gc time, 1.22% compilation time)
