## SLURM PROLOG ###############################################################
##    Job ID : 8833879
##  Job Name : sbatch_etgent.sh
##  Nodelist : node1736
##      CPUs : 8
##  Mem/Node : 4096 MB
## Directory : /oscar/home/trazzaz/AFQMC
##   Job Started : Fri Feb 28 12:48:11 AM EST 2025
###############################################################################
seed = 1433
U = 2.0
β = 6.0
Warming up
128/1024
256/1024
384/1024
512/1024
640/1024
768/1024
896/1024
1024/1024
Measuring
128/16384
mean(sgnprob[1:i - 1]) = -0.5748031496062992
256/16384
mean(sgnprob[1:i - 1]) = -0.5686274509803921
384/16384
mean(sgnprob[1:i - 1]) = -0.5352480417754569
512/16384
mean(sgnprob[1:i - 1]) = -0.26810176125244617
640/16384
mean(sgnprob[1:i - 1]) = -0.11737089201877934
768/16384
mean(sgnprob[1:i - 1]) = -0.011734028683181226
896/16384
mean(sgnprob[1:i - 1]) = 0.061452513966480445
1024/16384
mean(sgnprob[1:i - 1]) = 0.12023460410557185
1152/16384
mean(sgnprob[1:i - 1]) = 0.03909643788010426
1280/16384
mean(sgnprob[1:i - 1]) = 0.08835027365129007
1408/16384
mean(sgnprob[1:i - 1]) = 0.13432835820895522
1536/16384
mean(sgnprob[1:i - 1]) = 0.16482084690553747
1664/16384
mean(sgnprob[1:i - 1]) = 0.11124473842453397
1792/16384
mean(sgnprob[1:i - 1]) = 0.13456169737576773
1920/16384
mean(sgnprob[1:i - 1]) = 0.1651902032308494
2048/16384
mean(sgnprob[1:i - 1]) = 0.19394235466536394
2176/16384
mean(sgnprob[1:i - 1]) = 0.1567816091954023
2304/16384
mean(sgnprob[1:i - 1]) = 0.17672600955275727
2432/16384
mean(sgnprob[1:i - 1]) = 0.19621554915672562
2560/16384
mean(sgnprob[1:i - 1]) = 0.21219226260257915
2688/16384
mean(sgnprob[1:i - 1]) = 0.22739114253814663
2816/16384
mean(sgnprob[1:i - 1]) = 0.23978685612788633
2944/16384
mean(sgnprob[1:i - 1]) = 0.24974515800203873
3072/16384
mean(sgnprob[1:i - 1]) = 0.2660371214588082
3200/16384
mean(sgnprob[1:i - 1]) = 0.23413566739606126
3328/16384
mean(sgnprob[1:i - 1]) = 0.24496543432521792
3456/16384
mean(sgnprob[1:i - 1]) = 0.2549927641099855
3584/16384
mean(sgnprob[1:i - 1]) = 0.2670946134524142
3712/16384
mean(sgnprob[1:i - 1]) = 0.27351118296954996
3840/16384
mean(sgnprob[1:i - 1]) = 0.27897890075540505
3968/16384
mean(sgnprob[1:i - 1]) = 0.25434837408621125
4096/16384
mean(sgnprob[1:i - 1]) = 0.22979242979242978
4224/16384
mean(sgnprob[1:i - 1]) = 0.23940326781908597
4352/16384
mean(sgnprob[1:i - 1]) = 0.24844863249827626
4480/16384
mean(sgnprob[1:i - 1]) = 0.25206519312346504
4608/16384
mean(sgnprob[1:i - 1]) = 0.23594530062947688
4736/16384
mean(sgnprob[1:i - 1]) = 0.24139387539598733
4864/16384
mean(sgnprob[1:i - 1]) = 0.21982315443142095
4992/16384
mean(sgnprob[1:i - 1]) = 0.22861150070126227
5120/16384
mean(sgnprob[1:i - 1]) = 0.21234616135964055
5248/16384
mean(sgnprob[1:i - 1]) = 0.1957308938441014
5376/16384
mean(sgnprob[1:i - 1]) = 0.2029767441860465
5504/16384
mean(sgnprob[1:i - 1]) = 0.20988551699073232
5632/16384
mean(sgnprob[1:i - 1]) = 0.21719055229976914
5760/16384
mean(sgnprob[1:i - 1]) = 0.22069803785379405
5888/16384
mean(sgnprob[1:i - 1]) = 0.22507219296755562
6016/16384
mean(sgnprob[1:i - 1]) = 0.2315876974231089
6144/16384
mean(sgnprob[1:i - 1]) = 0.23848282598079115
6272/16384
mean(sgnprob[1:i - 1]) = 0.2447775474405996
6400/16384
mean(sgnprob[1:i - 1]) = 0.2508204406938584
6528/16384
mean(sgnprob[1:i - 1]) = 0.2523364485981308
6656/16384
mean(sgnprob[1:i - 1]) = 0.2589030803906837
6784/16384
mean(sgnprob[1:i - 1]) = 0.2655167330089931
6912/16384
mean(sgnprob[1:i - 1]) = 0.27043843148603675
7040/16384
mean(sgnprob[1:i - 1]) = 0.27461287114646965
7168/16384
mean(sgnprob[1:i - 1]) = 0.27724291893400305
7296/16384
mean(sgnprob[1:i - 1]) = 0.27978067169294035
7424/16384
mean(sgnprob[1:i - 1]) = 0.27845884413309985
7552/16384
mean(sgnprob[1:i - 1]) = 0.2816845450933651
7680/16384
mean(sgnprob[1:i - 1]) = 0.2686547727568694
7808/16384
mean(sgnprob[1:i - 1]) = 0.27142308184962216
7936/16384
mean(sgnprob[1:i - 1]) = 0.27334593572778826
8064/16384
mean(sgnprob[1:i - 1]) = 0.2766960188515441
8192/16384
mean(sgnprob[1:i - 1]) = 0.2640703210841167
8320/16384
mean(sgnprob[1:i - 1]) = 0.2532756340906359
8448/16384
mean(sgnprob[1:i - 1]) = 0.2574878655143838
8576/16384
mean(sgnprob[1:i - 1]) = 0.2452478134110787
8704/16384
mean(sgnprob[1:i - 1]) = 0.24968401700563025
8832/16384
mean(sgnprob[1:i - 1]) = 0.25263277092062053
8960/16384
mean(sgnprob[1:i - 1]) = 0.2570599397254158
9088/16384
mean(sgnprob[1:i - 1]) = 0.26114229118520965
9216/16384
mean(sgnprob[1:i - 1]) = 0.26446011937059144
9344/16384
mean(sgnprob[1:i - 1]) = 0.2693995504655892
9472/16384
mean(sgnprob[1:i - 1]) = 0.2723049308415162
9600/16384
mean(sgnprob[1:i - 1]) = 0.27700802166892385
9728/16384
mean(sgnprob[1:i - 1]) = 0.28055926801686026
9856/16384
mean(sgnprob[1:i - 1]) = 0.2821917808219178
9984/16384
mean(sgnprob[1:i - 1]) = 0.2871882199739557
10112/16384
mean(sgnprob[1:i - 1]) = 0.2894866976560182
10240/16384
mean(sgnprob[1:i - 1]) = 0.2807891395644106
10368/16384
mean(sgnprob[1:i - 1]) = 0.28426738690074277
10496/16384
mean(sgnprob[1:i - 1]) = 0.28518342067651264
10624/16384
mean(sgnprob[1:i - 1]) = 0.2759107596724089
10752/16384
mean(sgnprob[1:i - 1]) = 0.27820667844851643
10880/16384
mean(sgnprob[1:i - 1]) = 0.2699696663296259
11008/16384
mean(sgnprob[1:i - 1]) = 0.2722812755519215
11136/16384
mean(sgnprob[1:i - 1]) = 0.2750785810507409
11264/16384
mean(sgnprob[1:i - 1]) = 0.26591494273284205
11392/16384
mean(sgnprob[1:i - 1]) = 0.2697743832850496
11520/16384
mean(sgnprob[1:i - 1]) = 0.27181178921781407
11648/16384
mean(sgnprob[1:i - 1]) = 0.27500643942646175
11776/16384
mean(sgnprob[1:i - 1]) = 0.2783014861995754
11904/16384
mean(sgnprob[1:i - 1]) = 0.2806855414601361
12032/16384
mean(sgnprob[1:i - 1]) = 0.2720472113706259
12160/16384
mean(sgnprob[1:i - 1]) = 0.2744469117526112
12288/16384
mean(sgnprob[1:i - 1]) = 0.27695938797102626
12416/16384
mean(sgnprob[1:i - 1]) = 0.28038662907772854
12544/16384
mean(sgnprob[1:i - 1]) = 0.27226341385633424
12672/16384
mean(sgnprob[1:i - 1]) = 0.27409044274327204
12800/16384
mean(sgnprob[1:i - 1]) = 0.2777560746933354
12928/16384
mean(sgnprob[1:i - 1]) = 0.27763595575152783
13056/16384
mean(sgnprob[1:i - 1]) = 0.2690923018000766
13184/16384
mean(sgnprob[1:i - 1]) = 0.2708791625578396
13312/16384
mean(sgnprob[1:i - 1]) = 0.27233115468409586
13440/16384
mean(sgnprob[1:i - 1]) = 0.26467743135649974
13568/16384
mean(sgnprob[1:i - 1]) = 0.2667502026977224
13696/16384
mean(sgnprob[1:i - 1]) = 0.2592917123037605
13824/16384
mean(sgnprob[1:i - 1]) = 0.26209939955147216
13952/16384
mean(sgnprob[1:i - 1]) = 0.2642821303132392
14080/16384
mean(sgnprob[1:i - 1]) = 0.2651466723488884
14208/16384
mean(sgnprob[1:i - 1]) = 0.2676849440416696
14336/16384
mean(sgnprob[1:i - 1]) = 0.2689222183467039
14464/16384
mean(sgnprob[1:i - 1]) = 0.27165871534259833
14592/16384
mean(sgnprob[1:i - 1]) = 0.2653005277225687
14720/16384
mean(sgnprob[1:i - 1]) = 0.25864528840274476
14848/16384
mean(sgnprob[1:i - 1]) = 0.260456657910689
14976/16384
mean(sgnprob[1:i - 1]) = 0.2614357262103506
15104/16384
mean(sgnprob[1:i - 1]) = 0.2629278951201748
15232/16384
mean(sgnprob[1:i - 1]) = 0.26531416190663776
15360/16384
mean(sgnprob[1:i - 1]) = 0.2666189205026369
15488/16384
mean(sgnprob[1:i - 1]) = 0.2688060954348809
15616/16384
mean(sgnprob[1:i - 1]) = 0.27146974063400575
15744/16384
mean(sgnprob[1:i - 1]) = 0.2738359905989964
15872/16384
mean(sgnprob[1:i - 1]) = 0.2686031125952996
16000/16384
mean(sgnprob[1:i - 1]) = 0.27057941121320084
16128/16384
mean(sgnprob[1:i - 1]) = 0.27252433806659637
16256/16384
mean(sgnprob[1:i - 1]) = 0.2748077514610889
16384/16384
mean(sgnprob[1:i - 1]) = 0.27607886223524386
728.317844 seconds (167.11 M allocations: 70.745 GiB, 1.47% gc time, 1.25% compilation time)
