## SLURM PROLOG ###############################################################
##    Job ID : 8833847
##  Job Name : sbatch_etgent.sh
##  Nodelist : node1736
##      CPUs : 8
##  Mem/Node : 4096 MB
## Directory : /oscar/home/trazzaz/AFQMC
##   Job Started : Thu Feb 27 11:56:33 PM EST 2025
###############################################################################
seed = 1401
U = 2.0
β = 6.0
Warming up
128/1024
256/1024
384/1024
512/1024
640/1024
768/1024
896/1024
1024/1024
Measuring
128/16384
mean(sgnprob[1:i - 1]) = -0.48031496062992124
256/16384
mean(sgnprob[1:i - 1]) = 0.043137254901960784
384/16384
mean(sgnprob[1:i - 1]) = -0.1174934725848564
512/16384
mean(sgnprob[1:i - 1]) = 0.033268101761252444
640/16384
mean(sgnprob[1:i - 1]) = 0.12363067292644757
768/16384
mean(sgnprob[1:i - 1]) = 0.19947848761408082
896/16384
mean(sgnprob[1:i - 1]) = 0.2446927374301676
1024/16384
mean(sgnprob[1:i - 1]) = 0.14565004887585534
1152/16384
mean(sgnprob[1:i - 1]) = 0.19548218940052128
1280/16384
mean(sgnprob[1:i - 1]) = 0.1415168100078186
1408/16384
mean(sgnprob[1:i - 1]) = 0.17697228144989338
1536/16384
mean(sgnprob[1:i - 1]) = 0.11530944625407166
1664/16384
mean(sgnprob[1:i - 1]) = 0.15213469633193025
1792/16384
mean(sgnprob[1:i - 1]) = 0.18257956448911222
1920/16384
mean(sgnprob[1:i - 1]) = 0.21104742053152684
2048/16384
mean(sgnprob[1:i - 1]) = 0.15974596971177332
2176/16384
mean(sgnprob[1:i - 1]) = 0.17885057471264368
2304/16384
mean(sgnprob[1:i - 1]) = 0.14025184541901867
2432/16384
mean(sgnprob[1:i - 1]) = 0.1657754010695187
2560/16384
mean(sgnprob[1:i - 1]) = 0.13872606486908948
2688/16384
mean(sgnprob[1:i - 1]) = 0.15816896166728694
2816/16384
mean(sgnprob[1:i - 1]) = 0.1708703374777975
2944/16384
mean(sgnprob[1:i - 1]) = 0.14101257220523275
3072/16384
mean(sgnprob[1:i - 1]) = 0.16183653533051123
3200/16384
mean(sgnprob[1:i - 1]) = 0.180368865270397
3328/16384
mean(sgnprob[1:i - 1]) = 0.1920649233543733
3456/16384
mean(sgnprob[1:i - 1]) = 0.20636758321273516
3584/16384
mean(sgnprob[1:i - 1]) = 0.21462461624337148
3712/16384
mean(sgnprob[1:i - 1]) = 0.2293182430611695
3840/16384
mean(sgnprob[1:i - 1]) = 0.2362594425631675
3968/16384
mean(sgnprob[1:i - 1]) = 0.24729014368540458
4096/16384
mean(sgnprob[1:i - 1]) = 0.2537240537240537
4224/16384
mean(sgnprob[1:i - 1]) = 0.2261425526876628
4352/16384
mean(sgnprob[1:i - 1]) = 0.23557802803953115
4480/16384
mean(sgnprob[1:i - 1]) = 0.24224157177941505
4608/16384
mean(sgnprob[1:i - 1]) = 0.22075103103972216
4736/16384
mean(sgnprob[1:i - 1]) = 0.2299894403379092
4864/16384
mean(sgnprob[1:i - 1]) = 0.23956405511001438
4992/16384
mean(sgnprob[1:i - 1]) = 0.2478461230214386
5120/16384
mean(sgnprob[1:i - 1]) = 0.2295370189490135
5248/16384
mean(sgnprob[1:i - 1]) = 0.2086906803887936
5376/16384
mean(sgnprob[1:i - 1]) = 0.2156279069767442
5504/16384
mean(sgnprob[1:i - 1]) = 0.22696710884971832
5632/16384
mean(sgnprob[1:i - 1]) = 0.23175279701651572
5760/16384
mean(sgnprob[1:i - 1]) = 0.2147942351102622
5888/16384
mean(sgnprob[1:i - 1]) = 0.22371326651944964
6016/16384
mean(sgnprob[1:i - 1]) = 0.2113050706566916
6144/16384
mean(sgnprob[1:i - 1]) = 0.2186228227250529
6272/16384
mean(sgnprob[1:i - 1]) = 0.22213363099984054
6400/16384
mean(sgnprob[1:i - 1]) = 0.22831692451945618
6528/16384
mean(sgnprob[1:i - 1]) = 0.2324191818599663
6656/16384
mean(sgnprob[1:i - 1]) = 0.23786626596543953
6784/16384
mean(sgnprob[1:i - 1]) = 0.2410437859354268
6912/16384
mean(sgnprob[1:i - 1]) = 0.22934452322384605
7040/16384
mean(sgnprob[1:i - 1]) = 0.21807074868589288
7168/16384
mean(sgnprob[1:i - 1]) = 0.2203153341705037
7296/16384
mean(sgnprob[1:i - 1]) = 0.22686771761480465
7424/16384
mean(sgnprob[1:i - 1]) = 0.23103866361309444
7552/16384
mean(sgnprob[1:i - 1]) = 0.2205005959475566
7680/16384
mean(sgnprob[1:i - 1]) = 0.2246386248209402
7808/16384
mean(sgnprob[1:i - 1]) = 0.22992186499295503
7936/16384
mean(sgnprob[1:i - 1]) = 0.23427851291745433
8064/16384
mean(sgnprob[1:i - 1]) = 0.2404812104675679
8192/16384
mean(sgnprob[1:i - 1]) = 0.2455133683310951
8320/16384
mean(sgnprob[1:i - 1]) = 0.2342829667027287
8448/16384
mean(sgnprob[1:i - 1]) = 0.24067716348999646
8576/16384
mean(sgnprob[1:i - 1]) = 0.24408163265306124
8704/16384
mean(sgnprob[1:i - 1]) = 0.246696541422498
8832/16384
mean(sgnprob[1:i - 1]) = 0.251953346166912
8960/16384
mean(sgnprob[1:i - 1]) = 0.2568367005246121
9088/16384
mean(sgnprob[1:i - 1]) = 0.26026191262242765
9216/16384
mean(sgnprob[1:i - 1]) = 0.2642430819316332
9344/16384
mean(sgnprob[1:i - 1]) = 0.26768703842448893
9472/16384
mean(sgnprob[1:i - 1]) = 0.25625593918276846
9600/16384
mean(sgnprob[1:i - 1]) = 0.24575476612147099
9728/16384
mean(sgnprob[1:i - 1]) = 0.24766114937801995
9856/16384
mean(sgnprob[1:i - 1]) = 0.25053272450532726
9984/16384
mean(sgnprob[1:i - 1]) = 0.25353100270459783
10112/16384
mean(sgnprob[1:i - 1]) = 0.25684897636237763
10240/16384
mean(sgnprob[1:i - 1]) = 0.26184197675554255
10368/16384
mean(sgnprob[1:i - 1]) = 0.2649754027201698
10496/16384
mean(sgnprob[1:i - 1]) = 0.26936636493568367
10624/16384
mean(sgnprob[1:i - 1]) = 0.2721453450061188
10752/16384
mean(sgnprob[1:i - 1]) = 0.26351037112826714
10880/16384
mean(sgnprob[1:i - 1]) = 0.2661090173729203
11008/16384
mean(sgnprob[1:i - 1]) = 0.2675570091759789
11136/16384
mean(sgnprob[1:i - 1]) = 0.2700493938033229
11264/16384
mean(sgnprob[1:i - 1]) = 0.27355056379295034
11392/16384
mean(sgnprob[1:i - 1]) = 0.2764463172680186
11520/16384
mean(sgnprob[1:i - 1]) = 0.2686865179269034
11648/16384
mean(sgnprob[1:i - 1]) = 0.26161243238602216
11776/16384
mean(sgnprob[1:i - 1]) = 0.2645435244161359
11904/16384
mean(sgnprob[1:i - 1]) = 0.2664034277073007
12032/16384
mean(sgnprob[1:i - 1]) = 0.2683899925193251
12160/16384
mean(sgnprob[1:i - 1]) = 0.2604654988074677
12288/16384
mean(sgnprob[1:i - 1]) = 0.26361194758688045
12416/16384
mean(sgnprob[1:i - 1]) = 0.2658880386629078
12544/16384
mean(sgnprob[1:i - 1]) = 0.25615881368093757
12672/16384
mean(sgnprob[1:i - 1]) = 0.2581485281351117
12800/16384
mean(sgnprob[1:i - 1]) = 0.26041096960700055
12928/16384
mean(sgnprob[1:i - 1]) = 0.26262860679198574
13056/16384
mean(sgnprob[1:i - 1]) = 0.265721945614707
13184/16384
mean(sgnprob[1:i - 1]) = 0.26890692558598195
13312/16384
mean(sgnprob[1:i - 1]) = 0.26947637292464877
13440/16384
mean(sgnprob[1:i - 1]) = 0.2618498400178585
13568/16384
mean(sgnprob[1:i - 1]) = 0.2638018721898725
13696/16384
mean(sgnprob[1:i - 1]) = 0.2660094925155166
13824/16384
mean(sgnprob[1:i - 1]) = 0.2693337191637126
13952/16384
mean(sgnprob[1:i - 1]) = 0.2723102286574439
14080/16384
mean(sgnprob[1:i - 1]) = 0.2740961716030968
14208/16384
mean(sgnprob[1:i - 1]) = 0.27613148447948194
14336/16384
mean(sgnprob[1:i - 1]) = 0.2792465992326474
14464/16384
mean(sgnprob[1:i - 1]) = 0.27304155431100047
14592/16384
mean(sgnprob[1:i - 1]) = 0.2762661914879035
14720/16384
mean(sgnprob[1:i - 1]) = 0.26883619811128473
14848/16384
mean(sgnprob[1:i - 1]) = 0.2628813901798343
14976/16384
mean(sgnprob[1:i - 1]) = 0.256093489148581
15104/16384
mean(sgnprob[1:i - 1]) = 0.2580282063166258
15232/16384
mean(sgnprob[1:i - 1]) = 0.26084958308712497
15360/16384
mean(sgnprob[1:i - 1]) = 0.25502962432450027
15488/16384
mean(sgnprob[1:i - 1]) = 0.2573125847484987
15616/16384
mean(sgnprob[1:i - 1]) = 0.2589177073326929
15744/16384
mean(sgnprob[1:i - 1]) = 0.2616400940100362
15872/16384
mean(sgnprob[1:i - 1]) = 0.26394052044609667
16000/16384
mean(sgnprob[1:i - 1]) = 0.26682917682355145
16128/16384
mean(sgnprob[1:i - 1]) = 0.2694239474173746
16256/16384
mean(sgnprob[1:i - 1]) = 0.26336511842509996
16384/16384
mean(sgnprob[1:i - 1]) = 0.2644814746993835
777.771283 seconds (167.11 M allocations: 70.745 GiB, 1.92% gc time, 1.20% compilation time)
