## SLURM PROLOG ###############################################################
##    Job ID : 5902731
##  Job Name : etgent_N6_seed1259
##  Nodelist : node1752
##      CPUs : 8
##  Mem/Node : 2048 MB
## Directory : /oscar/home/trazzaz/AFQMC
##   Job Started : Mon Nov 11 12:00:16 AM EST 2024
###############################################################################
U = 2.0
seed = 1259
λₖ = 0.0
Warming up
128/512
256/512
384/512
512/512
Measuring
128/1024
256/1024
384/1024
512/1024
640/1024
768/1024
896/1024
1024/1024
244.605555 seconds (203.81 M allocations: 1.089 TiB, 18.63% gc time, 3.15% compilation time)
λₖ = 0.2
Warming up
128/512
256/512
384/512
512/512
Measuring
128/1024
256/1024
384/1024
512/1024
640/1024
768/1024
896/1024
1024/1024
273.229929 seconds (201.96 M allocations: 1.089 TiB, 18.69% gc time, 0.03% compilation time)
λₖ = 0.4
Warming up
128/512
256/512
384/512
512/512
Measuring
128/1024
256/1024
384/1024
512/1024
640/1024
768/1024
896/1024
1024/1024
201.657672 seconds (201.96 M allocations: 1.089 TiB, 20.19% gc time)
λₖ = 0.6
Warming up
128/512
256/512
384/512
512/512
Measuring
128/1024
256/1024
384/1024
512/1024
640/1024
768/1024
896/1024
1024/1024
201.865690 seconds (201.96 M allocations: 1.089 TiB, 20.12% gc time)
λₖ = 0.8
Warming up
128/512
256/512
384/512
512/512
Measuring
128/1024
256/1024
384/1024
512/1024
640/1024
768/1024
896/1024
1024/1024
202.617481 seconds (201.96 M allocations: 1.089 TiB, 20.39% gc time)
