## SLURM PROLOG ###############################################################
##    Job ID : 8833839
##  Job Name : sbatch_etgent.sh
##  Nodelist : node1327
##      CPUs : 8
##  Mem/Node : 4096 MB
## Directory : /oscar/home/trazzaz/AFQMC
##   Job Started : Thu Feb 27 11:43:51 PM EST 2025
###############################################################################
seed = 1393
U = 2.0
β = 6.0
Warming up
128/1024
256/1024
384/1024
512/1024
640/1024
768/1024
896/1024
1024/1024
Measuring
128/16384
mean(sgnprob[1:i - 1]) = -0.44881889763779526
256/16384
mean(sgnprob[1:i - 1]) = 0.0196078431372549
384/16384
mean(sgnprob[1:i - 1]) = 0.17493472584856398
512/16384
mean(sgnprob[1:i - 1]) = 0.26810176125244617
640/16384
mean(sgnprob[1:i - 1]) = 0.3333333333333333
768/16384
mean(sgnprob[1:i - 1]) = 0.17861799217731422
896/16384
mean(sgnprob[1:i - 1]) = 0.2223463687150838
1024/16384
mean(sgnprob[1:i - 1]) = 0.2727272727272727
1152/16384
mean(sgnprob[1:i - 1]) = 0.29105125977410945
1280/16384
mean(sgnprob[1:i - 1]) = 0.32134480062548865
1408/16384
mean(sgnprob[1:i - 1]) = 0.3404406538734897
1536/16384
mean(sgnprob[1:i - 1]) = 0.3628664495114006
1664/16384
mean(sgnprob[1:i - 1]) = 0.3782321106434155
1792/16384
mean(sgnprob[1:i - 1]) = 0.3880513679508654
1920/16384
mean(sgnprob[1:i - 1]) = 0.4007295466388744
2048/16384
mean(sgnprob[1:i - 1]) = 0.3463605276013679
2176/16384
mean(sgnprob[1:i - 1]) = 0.29379310344827586
2304/16384
mean(sgnprob[1:i - 1]) = 0.30612244897959184
2432/16384
mean(sgnprob[1:i - 1]) = 0.260386672151378
2560/16384
mean(sgnprob[1:i - 1]) = 0.2731535756154748
2688/16384
mean(sgnprob[1:i - 1]) = 0.28247115742463713
2816/16384
mean(sgnprob[1:i - 1]) = 0.2952042628774423
2944/16384
mean(sgnprob[1:i - 1]) = 0.3054706082229018
3072/16384
mean(sgnprob[1:i - 1]) = 0.3181374145229567
3200/16384
mean(sgnprob[1:i - 1]) = 0.32541419193497967
3328/16384
mean(sgnprob[1:i - 1]) = 0.2942590922753231
3456/16384
mean(sgnprob[1:i - 1]) = 0.26483357452966716
3584/16384
mean(sgnprob[1:i - 1]) = 0.2737929109684622
3712/16384
mean(sgnprob[1:i - 1]) = 0.2842899488008623
3840/16384
mean(sgnprob[1:i - 1]) = 0.29200312581401405
3968/16384
mean(sgnprob[1:i - 1]) = 0.2987143937484245
4096/16384
mean(sgnprob[1:i - 1]) = 0.30842490842490844
4224/16384
mean(sgnprob[1:i - 1]) = 0.3156523798247691
4352/16384
mean(sgnprob[1:i - 1]) = 0.3219949436911055
4480/16384
mean(sgnprob[1:i - 1]) = 0.3284215226613083
4608/16384
mean(sgnprob[1:i - 1]) = 0.33362274799218583
4736/16384
mean(sgnprob[1:i - 1]) = 0.3385427666314678
4864/16384
mean(sgnprob[1:i - 1]) = 0.31276989512646514
4992/16384
mean(sgnprob[1:i - 1]) = 0.31717090763374073
5120/16384
mean(sgnprob[1:i - 1]) = 0.2975190466888064
5248/16384
mean(sgnprob[1:i - 1]) = 0.2811130169620736
5376/16384
mean(sgnprob[1:i - 1]) = 0.2874418604651163
5504/16384
mean(sgnprob[1:i - 1]) = 0.2920225331637289
5632/16384
mean(sgnprob[1:i - 1]) = 0.2988811933937134
5760/16384
mean(sgnprob[1:i - 1]) = 0.30335127626324015
5888/16384
mean(sgnprob[1:i - 1]) = 0.3059283166298624
6016/16384
mean(sgnprob[1:i - 1]) = 0.3103906899418121
6144/16384
mean(sgnprob[1:i - 1]) = 0.31336480546964024
6272/16384
mean(sgnprob[1:i - 1]) = 0.3174932227714878
6400/16384
mean(sgnprob[1:i - 1]) = 0.31801844038130955
6528/16384
mean(sgnprob[1:i - 1]) = 0.3032020836525203
6656/16384
mean(sgnprob[1:i - 1]) = 0.28715251690458304
6784/16384
mean(sgnprob[1:i - 1]) = 0.2899896800825593
6912/16384
mean(sgnprob[1:i - 1]) = 0.29445811025900737
7040/16384
mean(sgnprob[1:i - 1]) = 0.28200028413126865
7168/16384
mean(sgnprob[1:i - 1]) = 0.2867308497279196
7296/16384
mean(sgnprob[1:i - 1]) = 0.2729266620973269
7424/16384
mean(sgnprob[1:i - 1]) = 0.2763033813821905
7552/16384
mean(sgnprob[1:i - 1]) = 0.2827440074162363
7680/16384
mean(sgnprob[1:i - 1]) = 0.26995702565438207
7808/16384
mean(sgnprob[1:i - 1]) = 0.25605226079159726
7936/16384
mean(sgnprob[1:i - 1]) = 0.25973534971644613
8064/16384
mean(sgnprob[1:i - 1]) = 0.26305345404936126
8192/16384
mean(sgnprob[1:i - 1]) = 0.25112928824319375
8320/16384
mean(sgnprob[1:i - 1]) = 0.25592018271426853
8448/16384
mean(sgnprob[1:i - 1]) = 0.24399194980466438
8576/16384
mean(sgnprob[1:i - 1]) = 0.2482798833819242
8704/16384
mean(sgnprob[1:i - 1]) = 0.2510628518901528
8832/16384
mean(sgnprob[1:i - 1]) = 0.24040312535386707
8960/16384
mean(sgnprob[1:i - 1]) = 0.23027123562897645
9088/16384
mean(sgnprob[1:i - 1]) = 0.23297017717618576
9216/16384
mean(sgnprob[1:i - 1]) = 0.23863266413456322
9344/16384
mean(sgnprob[1:i - 1]) = 0.24114310178743445
9472/16384
mean(sgnprob[1:i - 1]) = 0.2296484003801077
9600/16384
mean(sgnprob[1:i - 1]) = 0.2317949786436087
9728/16384
mean(sgnprob[1:i - 1]) = 0.23614680785442582
9856/16384
mean(sgnprob[1:i - 1]) = 0.22577371892440384
9984/16384
mean(sgnprob[1:i - 1]) = 0.22788740859461085
10112/16384
mean(sgnprob[1:i - 1]) = 0.21709029769557908
10240/16384
mean(sgnprob[1:i - 1]) = 0.22199433538431487
10368/16384
mean(sgnprob[1:i - 1]) = 0.22388347641554934
10496/16384
mean(sgnprob[1:i - 1]) = 0.22744163887565508
10624/16384
mean(sgnprob[1:i - 1]) = 0.23166713734349995
10752/16384
mean(sgnprob[1:i - 1]) = 0.23616407776020834
10880/16384
mean(sgnprob[1:i - 1]) = 0.2400036768085302
11008/16384
mean(sgnprob[1:i - 1]) = 0.24266375942581994
11136/16384
mean(sgnprob[1:i - 1]) = 0.24651998203861697
11264/16384
mean(sgnprob[1:i - 1]) = 0.2483352570363136
11392/16384
mean(sgnprob[1:i - 1]) = 0.251689930647002
11520/16384
mean(sgnprob[1:i - 1]) = 0.24420522614810314
11648/16384
mean(sgnprob[1:i - 1]) = 0.2367133167339229
11776/16384
mean(sgnprob[1:i - 1]) = 0.22819532908704884
11904/16384
mean(sgnprob[1:i - 1]) = 0.2203646139628665
12032/16384
mean(sgnprob[1:i - 1]) = 0.22367218020114704
12160/16384
mean(sgnprob[1:i - 1]) = 0.22674562052800395
12288/16384
mean(sgnprob[1:i - 1]) = 0.22942947831040938
12416/16384
mean(sgnprob[1:i - 1]) = 0.23189689891260573
12544/16384
mean(sgnprob[1:i - 1]) = 0.23367615403013633
12672/16384
mean(sgnprob[1:i - 1]) = 0.23573514324047037
12800/16384
mean(sgnprob[1:i - 1]) = 0.22900226580201577
12928/16384
mean(sgnprob[1:i - 1]) = 0.23044789974472035
13056/16384
mean(sgnprob[1:i - 1]) = 0.23278437380314057
13184/16384
mean(sgnprob[1:i - 1]) = 0.23431692331032392
13312/16384
mean(sgnprob[1:i - 1]) = 0.23612050184058297
13440/16384
mean(sgnprob[1:i - 1]) = 0.2377409033410224
13568/16384
mean(sgnprob[1:i - 1]) = 0.24021522812707305
13696/16384
mean(sgnprob[1:i - 1]) = 0.2435195326761592
13824/16384
mean(sgnprob[1:i - 1]) = 0.23721334008536496
13952/16384
mean(sgnprob[1:i - 1]) = 0.23933768188660312
14080/16384
mean(sgnprob[1:i - 1]) = 0.24184956317920306
14208/16384
mean(sgnprob[1:i - 1]) = 0.24487928485957627
14336/16384
mean(sgnprob[1:i - 1]) = 0.23739100104638997
14464/16384
mean(sgnprob[1:i - 1]) = 0.23860886399778747
14592/16384
mean(sgnprob[1:i - 1]) = 0.2406277842505654
14720/16384
mean(sgnprob[1:i - 1]) = 0.24315510564576398
14848/16384
mean(sgnprob[1:i - 1]) = 0.2449653128578164
14976/16384
mean(sgnprob[1:i - 1]) = 0.24808013355592654
15104/16384
mean(sgnprob[1:i - 1]) = 0.241872475667086
15232/16384
mean(sgnprob[1:i - 1]) = 0.24404175694307662
15360/16384
mean(sgnprob[1:i - 1]) = 0.24565401393319877
15488/16384
mean(sgnprob[1:i - 1]) = 0.23845806160005165
15616/16384
mean(sgnprob[1:i - 1]) = 0.23227665706051873
15744/16384
mean(sgnprob[1:i - 1]) = 0.23432636727434417
15872/16384
mean(sgnprob[1:i - 1]) = 0.2372251275912041
16000/16384
mean(sgnprob[1:i - 1]) = 0.23045190324395276
16128/16384
mean(sgnprob[1:i - 1]) = 0.23147516587089972
16256/16384
mean(sgnprob[1:i - 1]) = 0.23531221162719163
16384/16384
mean(sgnprob[1:i - 1]) = 0.229201001037661
789.404676 seconds (167.11 M allocations: 70.745 GiB, 1.58% gc time, 1.19% compilation time)
