## SLURM PROLOG ###############################################################
##    Job ID : 5898730
##  Job Name : etgent_2x2_seed1246
##  Nodelist : node1743
##      CPUs : 8
##  Mem/Node : 2048 MB
## Directory : /oscar/home/trazzaz/AFQMC
##   Job Started : Sun Nov 10 08:32:06 PM EST 2024
###############################################################################
U = 2.0
seed = 1246
λₖ = 0.0
Warming up
128/512
256/512
384/512
512/512
Measuring
128/1024
256/1024
384/1024
512/1024
640/1024
768/1024
896/1024
1024/1024
366.981209 seconds (210.26 M allocations: 1.099 TiB, 20.97% gc time, 2.51% compilation time)
λₖ = 0.2
Warming up
128/512
256/512
384/512
512/512
Measuring
128/1024
256/1024
384/1024
512/1024
640/1024
768/1024
896/1024
1024/1024
368.394197 seconds (208.41 M allocations: 1.099 TiB, 21.00% gc time, 0.02% compilation time)
λₖ = 0.4
Warming up
128/512
256/512
384/512
512/512
Measuring
128/1024
256/1024
384/1024
512/1024
640/1024
768/1024
896/1024
1024/1024
345.863848 seconds (208.41 M allocations: 1.099 TiB, 21.83% gc time)
λₖ = 0.6
Warming up
128/512
256/512
384/512
512/512
Measuring
128/1024
256/1024
384/1024
512/1024
640/1024
768/1024
896/1024
1024/1024
317.737924 seconds (208.41 M allocations: 1.099 TiB, 22.43% gc time)
λₖ = 0.8
Warming up
128/512
256/512
384/512
512/512
Measuring
128/1024
256/1024
384/1024
512/1024
640/1024
768/1024
896/1024
1024/1024
281.781419 seconds (208.41 M allocations: 1.099 TiB, 23.98% gc time)
