## SLURM PROLOG ###############################################################
##    Job ID : 5959490
##  Job Name : etgent_N(1,2)_seed1255
##  Nodelist : node1752
##      CPUs : 8
##  Mem/Node : 2048 MB
## Directory : /oscar/home/trazzaz/AFQMC
##   Job Started : Tue Nov 12 12:20:04 AM EST 2024
###############################################################################
U = 2.0
seed = 1255
λₖ = 0.0
Warming up
128/512
256/512
384/512
512/512
Measuring
1.0348454885292933
0.7230760851595898
0.6255036492294483
0.44347458727513056
0.7827438721458656
0.5723162699498825
0.913856775439732
0.6196421682163991
1.168337384707631
0.6584614691331125
0.7251051179515187
1.0095496636007493
0.3719271453477299
1.1449375832725535
1.1559467630509364
0.3215343545002351
0.5196252139774225
1.1176218696729825
0.9409263022083695
0.5815138747637023
0.6671793809459932
1.0926944976887563
1.2005534352043727
0.43575771097861005
1.0019597127012705
1.1073957126529153
0.8124861919778411
1.1455415157353097
0.3934173694944859
0.5393160467325476
0.8079699843863744
1.1598069698513187
0.7416780476777576
1.2881937167601487
1.081531264262424
0.7769616051288125
0.9889861012978296
0.9189345138661061
0.9641490956817775
0.7418391947736827
1.111272325006856
1.0959725941523482
0.4001909191188846
0.8926685430721546
0.45315422043397746
0.6811171200188875
0.7749687485830218
0.6533254812054424
0.8646614342605502
0.5093001371206116
0.969118372882999
1.3047145667674787
1.1651098677075833
0.7896277169323425
0.8700361978568121
0.8843156413814524
0.5443794210160842
1.0381697603753037
1.1680138332838401
1.1292514114403878
1.0451747529119502
0.40483693215194394
1.095615040264143
0.7783703592091267
0.836871651872451
0.705125931104659
0.8716772131778964
0.9201330187142573
0.6285260108906754
0.4895620191283212
0.8010171039367712
0.418648430425029
0.4003550729025668
1.3937616914768434
1.0414018497805029
0.8130980683271412
1.0918431068109915
0.1765619196247804
0.6978369046445788
1.1208618209665095
1.0605287774023193
1.133865386257097
0.3714798318347406
0.656765201308516
0.6479089940039141
0.9707468544548102
0.07741609049394627
0.9172734284098282
0.6921425569642302
0.4834440499771491
0.9583677866532601
1.0533504847145665
1.002683418265511
1.1608235167810734
0.7666713693681971
0.8457919653656116
0.6157532271934527
0.8644186743016395
0.9776166443472396
0.8355111535451911
1.0791695118890747
0.9739194953982555
0.9837492718634859
0.9711072152430347
0.48694187517476145
0.31538132221256954
1.036076813777425
0.9328028255373801
1.0168672595628723
0.5368504328422059
0.9809111204531735
0.8287138082559208
0.569931595925919
0.8524781231060073
0.8236878746565659
1.0025425628986981
0.35766106762520306
0.36686623298118626
0.6700355827963679
0.7143513559721388
1.0964998610897807
0.7191591551073646
0.3297137851925117
0.2529657831878089
0.7915771990098168
1.0135874414984611
0.6233560766792339
128/1024
0.6042847381818821
0.5724799656715295
0.7096136604084369
0.7054731584743261
0.7223519025719058
0.802385784290743
0.8703926449654859
0.6663580236528959
0.672133666316049
0.7777497698818181
0.6416252785718934
0.6318419295696979
0.6990881312092998
1.1406403199196753
0.6823922935281863
0.7550737927753525
1.1860559509992257
0.7378225342233468
0.6367868397612725
0.8270025137957376
0.8121614080393836
0.6483343706482033
0.6759297700976212
0.7103029873971343
0.6441431367070827
0.8547112493243043
0.758865697292417
0.6952992250126638
0.6253835967166969
0.7781678431454266
0.6995919963961303
0.68055593573049
0.9945047612565543
0.7065920119397243
0.654517750083765
0.7604281092039703
1.5146755289646567
0.8136871718879534
0.848676673851553
0.7888442981928878
0.687543306859023
0.6319925170873923
0.6406247236143163
0.6186226045255865
1.1814441344898785
0.6457455740707699
0.7386921708437081
0.8610288016946994
0.6407701198130135
0.5464095098654539
0.822319777691177
0.9071530167464243
0.5458018456016447
1.1917809637936563
0.46270963249522545
1.2505940334307577
0.6484390680163543
0.6474652026308296
0.7778480111371535
0.7847691473298467
0.6774326011979297
0.6737385454561367
0.6661740572721114
0.7231204983874683
0.7724260753391008
0.759485204343856
0.7075536521884549
0.7244360466675368
0.5182877940459986
0.9560301194773493
0.717393180246813
0.6844997370958674
1.2858545696884407
0.8190497711918548
0.7677233841601268
0.6525166483515225
0.8814463084035331
0.7957593588482821
1.3568673886246987
0.7729031304886131
0.7117659816687857
0.6253816965265615
0.809604275457766
0.6000400450643495
0.716275790839507
0.7312093039941667
0.7595578018027038
0.6817953235967684
0.689571163881791
0.7522919605607831
0.8055602610882864
0.6403165628161083
0.5713914753062879
0.6514652671539284
0.7045738274966258
0.7624642911460401
0.6903033101414261
0.7126863982302781
0.9110604764958292
0.6681430030549443
0.6990990351324133
0.6750932058755984
0.897020436493401
0.8558047801947212
0.6385698760945477
0.6698644512647043
0.6451158023990644
0.6258239457566808
0.6491268728941524
0.6623909613916884
0.6699210037938372
0.6726982722133031
0.5918160721941889
0.6711153934443554
0.5560006149970076
1.3205175233921085
0.6637450693736132
0.8224495177791376
0.8065347615517302
0.6562754222278294
0.7393655666909387
0.6642111470480822
0.6254470283447329
0.6449222241803907
0.5021552154418383
0.7328421545911774
0.7004348423856402
0.6452294347962355
256/1024
0.633623538166853
1.3457207205667725
1.8909427233175853
0.7271232360725904
0.17711474109328113
1.3040319082511656
0.15145121180672008
1.6335429120735323
1.4515569108617905
1.4356097686343654
2.045739759649907
0.20722801937121155
0.28967210267139354
0.8020870982943312
0.23903050534808448
0.2807017103853558
0.15701423202949094
0.39087996831515087
0.519143689975345
2.200265998039339
1.0790667700154681
0.43039653036018566
0.46861902258997107
0.40310614169977277
0.0961303899850707
2.3759894460160935
1.3172583200499837
0.7329996979201716
0.8619200679433853
0.3289388488499176
2.752100512078285
0.18651778031203525
0.6530475182588577
0.16374494410917767
0.13908102826404434
0.25031097084474896
0.6964707223429172
0.963315758613315
0.41658161202963284
0.3371246955514316
0.15168135996795268
0.41457227714404987
1.0024069990683075
1.098317928523661
0.17553435012038676
0.8198576282944449
1.3895156957887556
0.17526658349543928
0.7098244105176899
0.5145493751803849
0.8469194211712225
0.4557056347805813
1.6874463211366901
0.2788862917045336
0.6752762725294242
0.9304619414068753
1.3290112949432054
0.640936512043131
1.0071680290386336
1.8965888716973947
0.5610889737644781
0.7488451089712364
0.6083117697210008
0.2173440754861759
0.2943867198773448
1.4708194605813945
1.0101340735446915
1.3011302507428995
0.819075509392087
2.1034954539734345
0.13871206300550248
0.13675458338152213
0.9050806677008043
0.21583251922328506
0.4246811715658345
1.317269459539114
1.2204962130837114
1.124908346027696
1.4749665052849796
0.9248595199779747
1.4898502182868718
0.29736741318124904
2.1726902085834703
1.0155870820358428
0.591092571482511
1.0224012131400793
0.9314515252053104
0.2298426347236551
0.7002631450381425
2.0168147241522556
0.31124508740550094
0.33357406945097856
1.1818716495519088
2.465014686954268
0.13074372905164974
0.6627264624756886
0.32011047859883335
0.9396516646730316
1.0302385960776794
0.9606515913140101
0.21147158426041623
0.24912721307833657
2.336120763200349
2.027223354770806
0.47220275077186824
2.182398856174076
0.647965240541138
0.28965138066022694
2.4056173604622657
1.1295150799516849
1.1196358283637564
2.122144490243394
0.11737049871107849
0.37374857829390995
0.32688654698971364
2.227784802508353
1.2732076188065324
0.8504098092174772
0.2520065914804683
1.1514781647883099
0.253968979524799
0.1646914956730287
0.473908863333126
1.7059647858607931
0.17605696469524712
1.2284337159294663
0.2805590274258146
2.036137736435043
384/1024
0.9500032917742021
0.6541763611337539
0.7158318587877008
0.5532356639463462
0.639056257333801
0.6628553675019199
0.8471172119066295
0.79705566263643
0.8171947001295107
0.5964239242954104
0.6112485992699711
0.6213830281708138
0.48980091469617326
0.6734856387993048
0.8609555945476397
0.9458028173153565
0.6024502527562458
0.5180648856536821
0.619197672078241
0.4642635743214337
0.9191962341549326
0.9337804477176913
0.723187002630781
0.7879167947843375
0.9416377235148083
0.8758494562508203
0.665209137824897
0.7167262832948794
0.6339663301777784
0.9064779312105311
0.6819365040612748
0.9003086297716497
0.7508939169270439
0.9074712311772519
0.7799472659104701
0.9412230543770093
0.8282183693944786
0.48502441437248156
0.4934684077980411
0.4896279680949864
0.8947681837513761
0.8275282556631318
0.7880598224650853
0.7661828168051564
0.8953182646140934
0.8990879299613145
0.7320132000225559
0.8382537370589879
0.6885621417791841
0.6426993419891931
0.7228504011278711
0.7292772155957005
0.5180527732781787
0.5875865594738313
0.8928748231413022
0.8396524219325445
0.9302847045768392
0.5488277739785394
0.9086569145118122
0.7769260093296063
0.13307397724346276
0.7336886311804418
0.24047795286417067
0.88696631273611
0.6415685956415452
0.622040584426218
0.7472723720146646
0.5962152940712035
0.7461663314203717
0.9030120037427465
0.9257637788366773
0.6866937180683101
0.8751948067653641
0.6559898139492433
0.8392802277562302
0.5970782127154513
0.7111557431601734
0.5308216819633794
0.63307562877144
0.5262404854693354
0.718960578433841
0.4696721393099943
0.008779638207193075
0.5432248636189152
0.42611642304648784
0.952217507514058
0.9255308198054477
0.6890650064311211
0.702374164001786
0.5277553442862468
0.9431646366356252
0.7683062840075024
1.0007400943040956
0.6938524995891321
0.8137123581738307
0.8531324042252876
0.9345639766399599
0.2338884821183818
0.9108360089041674
0.6409536179498353
0.25150270542343406
0.7243947084292044
0.58226966936951
0.7076909658105924
0.34238891889621126
0.40309726089180575
0.48801677921604075
0.634145710812659
0.5584738223683007
0.35387818573519914
0.5764265806443079
0.7338467352244917
0.7537442151516806
0.7659959672669949
0.6011408379233043
0.9477842841942722
0.7699265121751422
0.536789106957581
0.4697216013440447
0.643112544012496
0.9939604001564313
0.8400712381705654
0.8831909525748032
0.7486690132046036
0.7681495325224895
0.18060635108077489
0.9069949827469099
0.5458887662387711
512/1024
0.7717264250924283
0.37448291244739057
0.4895655821954316
0.4923850974286351
0.6004489741971026
0.4715929969024679
0.5892174873974922
1.0745838636751994
1.4334068536296398
0.6454490869058274
0.9922967448659041
0.7915341436625862
1.1357391388382647
1.2580554970895703
0.8235749453134668
0.5784931610760097
0.933933238110925
0.625403434103094
0.4266869226429286
0.4622096296027027
0.8721328623413189
0.6509397987554129
0.5471780962274477
0.38729991009212517
0.4799696790672143
0.4775846966630073
0.40089964687827223
0.7130895002828472
0.4514469339026845
0.5281177229809785
0.3813179912536012
0.4525451274763749
0.5703617321325261
0.4508853906972917
1.4412294330167457
0.5375181224143408
0.3988839356324839
0.6152436608997023
0.7755164137665529
0.7535425472819393
0.6798209332867158
0.41795971161898504
0.4842320129950638
0.3776017071795277
1.0020185539062827
0.4348052150947263
0.5147633485261893
1.2868719557355641
0.6584769644866167
0.6017332358581786
0.7779992091829877
0.7816100792944649
0.9512069643995538
0.7679981694008352
0.4558654731868732
0.6296248687584104
0.49551850076407883
0.41631720863336286
0.6075614136808034
0.6593284278048993
0.402493612281763
1.1528099256269901
0.8571998804352051
0.6384733701927284
0.7248859019667723
0.5860519498232073
0.7611028020785223
0.8781045223154365
0.2795320320820647
0.7683329692651693
0.5243234968606542
0.6268198486158678
0.40603034359311685
0.44614813171520074
0.83788769694794
0.8162848141524917
0.8906506425953689
0.40539213240695127
0.9761453732408538
0.8935203045421872
0.7153480445201001
0.8859156050704977
0.5646468259586439
0.4512848331044381
0.45656339758212094
0.5373138630235957
0.9254606300881383
1.447626427590579
0.7687403059767726
0.5461350580289092
0.9345466508686737
0.5398887201052601
0.8003397633964997
0.6281102431836777
1.0044257476085696
0.8844141495386464
0.41698826822857227
0.8051778739469098
0.45162950874265206
0.7554710908464219
0.6209297686178454
1.4250748099370192
0.8799867279472939
0.8326688116373694
0.5769197775614767
0.6103228040128207
0.39636336339876943
0.608145413581022
0.9307064424710301
0.6380718487639012
0.3955192004402824
0.9214638554560599
0.9680397412498924
0.6196298885034401
0.489893831206742
0.7602554057684394
0.6457059636889284
0.48957317222685626
0.569816682419682
0.5151049547561208
0.36430000312101696
0.6845157176709941
0.7260417050373689
0.5763377506912237
0.47098083131930524
0.9246341690170417
0.5045731882916387
0.6045918954654234
640/1024
0.48718156892711634
0.3797403747871887
0.31501599652521683
1.1410682988677774
0.39937109720544367
0.3954287514262771
0.45198045925978314
0.4751113391874685
0.8489248822207774
0.343642804317068
0.3284408608424963
0.3872075285436093
0.3867893104414196
0.34620016828791234
0.6328730189302
1.0081193782976061
0.41318264000687877
0.6938858924278941
0.3995388773171893
0.6074050967108424
0.3883266004763155
0.7983451230224018
0.615055674457587
0.7450595673865129
0.43616082905610265
0.7696217091153456
0.5452586285279377
0.768300854907416
0.8704381519621205
1.0167874761856721
0.5684197609081042
0.6116786239029938
1.54707712646483
0.3468903506209674
1.3480422565471388
0.2899352998631183
0.7653077198509459
0.7824334433836762
0.7582859549027574
1.2263196493845063
0.8721931088944023
1.0561283321561428
1.0190382940736826
0.7251423787481794
0.3084122084446583
0.9900183872657462
0.7911144182789405
0.7169948366747556
0.5539546658741621
0.5743033977409586
0.38048812891422584
0.7704381731284349
0.7291521643663833
0.6963715305013226
0.6725570022905559
1.5159108086877353
0.29807069320278884
0.5100855494392208
0.9034836586283257
0.4854993878124901
1.0453198481148227
0.6075968799262139
0.7570474333535426
0.4354449105607274
0.33587975512648993
0.6270043372296805
1.218552780133712
0.5979849735996383
0.30407119905169755
1.0777176282845873
0.5793050623043948
0.7901133872787203
1.146300094211416
0.5663703780732698
0.3738297765205868
0.41511983006245645
1.6646525491769402
1.4314924789820795
0.3224827065542673
1.4114646156875
0.6949884644021156
1.3948688151682023
1.0622137604350956
1.2932883436669325
0.7013147056106025
1.0998703300175658
0.8335136080619945
0.393339287257506
0.360038370395122
1.4072095809983953
0.35729938136391654
0.5258434643479684
0.5830084382599193
0.8666219387520533
1.135824657094442
0.600074237084957
0.4824258298442346
0.777285039404636
0.979462191399323
1.2356718295236622
0.4501096729463386
0.7760775868585016
0.39658488431136363
1.4701860238503404
1.1592941543668016
0.9775994661660277
0.4711514184318699
0.7980711961967935
1.4514406475969313
0.31921776937397656
0.4574447360192321
0.33257106576710815
0.5608241044952522
0.37939851781943523
1.120843068951229
0.9196440728756333
1.0299002286402261
0.47601118298188305
0.6448755624268463
1.4875021330422964
0.5874302398681297
0.45830366983382254
1.2314754923156075
0.33538086241900256
0.9942345277910059
0.6774627982388538
0.3673458586281316
0.3676901354725678
768/1024
0.39232229142897385
0.30752227210510813
0.6222668528066917
0.43645438874339404
0.493640016082739
0.32063833867801983
0.8345134528141855
1.2570051388811438
0.49966297970234774
0.30574631615684744
0.7672901091441009
0.39030724582561405
0.5124393915853767
0.9280230061911727
0.9621034605736032
0.59753988256977
0.7633709966831089
0.40959551227884555
0.69533669809347
0.7936399767266243
0.8448303125762031
0.7097722728985628
1.552661878440458
0.28941048860075985
0.7776367548493799
1.3489437222604426
0.34289150997561146
1.5294514891820525
1.1077191499655168
0.8420379803726916
0.7097162767618601
0.3522988974031623
1.4617829913377922
0.5954616178584535
0.4008523363104705
1.0995730268886823
1.1302634263045348
0.40048731729228537
1.3879032119965617
1.057235579043039
0.38896673198985765
0.3744618829787943
0.2590158012085001
0.5623283485615183
0.39380051922676085
1.5407377857032443
0.8042533534827448
0.2491021189973842
0.6485308935115655
0.7718630573258254
0.5483594919359411
1.4807690759917531
1.1012267479095015
0.3094076984631141
0.8166338847505135
1.6555001304710317
0.8889817086280912
1.4615948032965826
0.7197751894989481
0.23270518470613416
1.2669743423724131
0.5769586835173967
0.9037549673221106
0.29228411289263684
1.1535975696330623
1.6264094566965834
1.212594677823296
0.7829428806381429
1.0499690625037337
0.7327431797758872
0.45308955182433186
0.7721818594608589
0.2795331932947608
0.47660644045307565
1.2684879200689299
1.288722996408642
1.2070868081906816
0.7767609365544554
0.5963531271965239
0.48045874816850564
0.4797764404586514
0.8305273252639847
1.1999282622768708
1.347792186004636
1.5057937837494548
0.9136039757395381
0.268568133043693
0.29196498700191864
1.0504894837060739
0.7910723461094404
0.777430407387288
0.5425642618144488
1.474055128712173
0.41921931989882466
0.8801408660530399
0.37852728640538436
1.5315001331424216
0.7193134338781761
0.963032918163006
0.9614009858313094
1.3588074280752076
0.9324183034756688
0.9982847712273044
0.3512340337212375
0.450387719213873
0.3098638450678047
0.46041955660758854
0.3186693093825925
0.33989485130803554
0.38555211955597335
0.49415318265295327
1.3428465373371217
0.9729017192229403
0.9370980775929221
0.3660536588926362
0.3118994590275648
1.0419832807590246
0.9249763286962471
1.6669808109999227
0.8202283752264898
1.5039357623678726
0.5326418694640156
0.8729235793577904
0.3745107288326541
0.932169007454026
0.37579184305917435
0.7139281675645818
0.5051382789008053
896/1024
0.5665634427600337
0.5483702295072408
0.551244207122238
0.8097714925293817
0.748430360521283
0.7406469574067296
0.7289471190857206
0.9678840713529638
0.8863513907971303
0.5313339707206068
0.5411551433711462
0.6830645377413882
0.5288096407188807
0.676929653904544
0.6235681898354698
0.5446694637299625
0.7211345836700446
0.7601050339374182
0.977904361302484
0.8766293466681672
0.5641565874559142
0.6352109118746716
0.8014799244335978
0.5916959447793478
0.6119713599670266
0.5089653094917664
0.7974805900341138
0.784686796869531
0.6617398855645439
0.6558340066418953
0.6921487466593885
0.7331036905984183
0.909653604681357
0.8664727806148157
0.8577033895193181
0.5244245123176705
0.5605204930713907
0.8718510900557853
0.585334566415288
0.8466446673344126
0.7028179045837415
0.8096032972388421
0.6556479306171993
0.7061894947028104
0.8258950575673201
0.8099904732424418
0.5263622868006197
0.6306444666168427
0.8496759053074652
0.6972695407010188
0.7195503451928469
0.7864176326030667
0.5888744079488878
0.7228752611269774
0.7708769420783511
0.6062113463643596
0.6609155044025559
0.6610977944137671
0.6718188434658354
1.0159088081805896
0.7520744169952455
0.90002195906586
0.6492563292285563
0.650371830858438
0.5991193847301007
0.5704552306171071
0.6367181115368612
0.5019002543020313
0.5580292994659815
0.7646697531152825
0.6724497857925158
0.6275626074237716
0.60153621294108
0.6745641528339535
0.8663934844198307
1.178324883183722
0.7832452936218007
0.5574890625434916
0.7382871794123864
0.6361087577231723
0.7163254197426938
0.8106793035800637
0.6390257705263878
0.7324450297169307
0.757181625000322
0.7131767038341941
0.6198023302640078
0.5437882565371047
0.7610344921959775
0.6890525865589505
1.067499999308079
0.8549500773287244
0.5720721042421631
0.6951563038464192
0.8448870653411797
0.8257562400139646
0.5600390814976398
0.5832739343098192
0.8249405412860968
0.6084614924301404
0.917200895144553
0.6844017428041158
0.3878464284615833
0.5754833948094489
0.6526871511363169
0.9448433921623138
0.6982993408836496
0.7832449721020285
0.7736420909534629
0.847394863466582
0.5358469118607767
0.641171685815431
0.6419819324552669
0.5213884182506946
0.6195190733069016
1.0083549500029472
0.9481436995155453
0.5184114891496183
0.559366194705534
0.8044178060285
0.5680134334018273
0.6578266401066397
0.5969500647153787
0.5459244502681497
0.7236078223177486
0.6748825709385364
0.5932531369314911
1.1558004826765222
1024/1024
0.552452179418224
102.024224 seconds (80.46 M allocations: 13.057 GiB, 1.64% gc time, 6.66% compilation time)
λₖ = 0.2
Warming up
128/512
256/512
384/512
512/512
Measuring
1.0464222012078974
0.5434872528867575
0.7146733214941032
0.5346786344046485
0.9364832762395003
1.0690157155282591
0.861826949025722
1.0272073893685543
0.4968717854885719
0.9469953032913331
0.583632845583113
0.9682870437860867
1.432780852031853
0.524241635916989
0.9456011125324087
0.9710719511941418
1.1319387364276488
0.8710258056453164
1.0580535085019909
1.331734683606343
1.3456954992832841
0.9651099346301237
1.018534859990352
1.1105845719225946
1.0616245844298
0.851063979602422
1.0600885711745267
0.6954081055204665
1.121736098408371
0.7599793223759331
0.9508626429029615
0.8735672251266815
0.843155250233021
1.2310963066212315
0.9737551014540646
1.0677108355231353
1.1794293676893892
1.0365599020549423
1.0880352608634176
1.2799248405721835
1.103670331873102
0.8105129355141432
1.0068076553628804
1.0269368495394007
1.0276277491280885
0.7439800261229461
1.0533193100720595
0.6419420217537282
0.7647687273845356
1.1682869624465506
1.0066969145355562
1.3516160217371547
0.6357269672086879
0.5461490491863138
0.7380279653356102
0.9649032546618536
0.9431388403983518
1.2599256432365595
0.443292718115873
1.0370726023494818
0.9310963567568394
1.0467206116964909
1.3267592932994572
1.4787190173727423
0.5580253026472519
0.7946262385427341
0.5380126630642251
0.45390864607839915
0.7606473668047212
1.9714368508044493
0.58889182702868
0.8984580510847833
0.9628115200918647
1.2446054812364131
0.46322336206068615
1.4898141565474325
0.5224674428798808
1.4167169418939054
0.82895993503046
0.6746484311034227
0.5122229636841219
1.222767064426698
0.8497056706510647
1.1015894192866817
2.0856507610870336
0.48718209438933613
0.6814721897042646
0.8221027338330771
0.7896514901966409
0.5121458366418373
0.8208440649965932
0.5521654904928014
0.4258785603048834
1.7435428983902315
0.7361677955609562
0.4550454194708581
0.4795964687738944
1.3133925426611566
1.1146062641181378
0.9468680948743373
0.7538805024389047
0.8562232315016827
1.280647725700055
0.6958694270127387
1.2390824101461928
1.164723918753963
1.1282276682111352
0.8799783070689344
0.8209791271832858
1.0573054759916132
1.0898731161034871
1.008893886533929
0.8387494112494306
1.729829860012747
0.8186707483256983
1.006249288952978
0.7577227644240607
0.49120329632584414
0.5314320247111426
1.6131404240264482
0.9903438037610618
0.8449632143940967
1.1189796588299024
0.5641944207476071
0.7694648870749774
1.4078136711647886
0.378655097421577
128/1024
0.46142549092746404
1.8833737130609218
0.5542310576622181
1.3931782509901902
0.8893582189889697
0.4579874168301069
1.8282091608701772
1.615922275503556
1.566313635808449
0.7139740391843504
1.4087632432165775
1.558669112041754
0.699292083549808
1.5535872226510241
0.5366689212131236
1.832871531557028
0.4272708403371365
0.6787768277023065
1.1145401670372852
0.22859094574620384
0.5073073745410006
1.7540423887197805
1.37432873322755
1.2885832030940363
0.6476219881392017
0.6090106784472988
0.5949896415227025
0.7629290357055355
1.5703607221625107
1.3025630642841457
0.34817739538106035
1.2698247762756507
0.6123999031078283
1.3958462402712057
1.2901384142863783
1.4925377017796781
1.4313568448474603
1.4190611289065522
0.7872659195141372
0.8626897412826942
1.7790493817839887
1.466049335837623
1.085373807610478
0.4464126673648117
1.2428942204794402
1.5153473295232158
0.5972449681099523
2.1745099421543577
0.43109696753741106
1.0767694984131504
1.617909994283319
1.22472083188836
1.3218087684576676
0.8355652755640508
0.7335316792324992
1.4992968431963265
0.47723643724868803
1.107968292890239
0.962479795929325
0.936960069703036
0.7505070237970012
0.6199323383808802
1.1764352713588637
1.9614816570686568
0.8145930065227285
0.26441558755855377
1.7297302026141748
0.678121305302006
0.4328935047055675
1.4962624965951168
1.2989663252419328
0.258189747096792
1.9369783155897713
0.2622507488837373
1.0540885426359405
1.2601240866899817
1.6418160145640097
0.9433191842661439
0.8935450601782056
1.128920369320754
0.37676907030120677
1.4814073422602738
2.1318733431506955
1.717308196126416
1.0013592924737216
1.4390562020124313
1.6538418644679893
0.5823591257758782
1.9677364700861493
1.6919060430694446
0.3850769277465083
1.4106875176126328
1.2483084452610733
0.5952319970138555
1.0057330808393257
0.9477146169881341
0.31260763513768575
0.9352686129338257
0.911399058974336
0.36050467257584845
1.6743083221206359
0.7446389597305606
1.2094347148299514
0.11266047432730492
0.8907005793292708
0.8526706715415051
1.3873152610762378
1.1968577310546844
1.9394567963694838
0.5490741887445276
1.8837156942885156
1.9258843705700057
1.4566040930045745
1.7543412567555476
1.4840704280796837
1.1021063487793623
1.337358325200569
1.61779468901151
1.0961403206499865
1.0736118539046642
0.5347932457931306
1.1481854056923302
0.9221119693612305
0.7112333181920929
0.38583259546616006
1.7811425120251334
0.5577815557178332
1.131504471781958
256/1024
0.989803279271403
0.8449181418529919
0.7138199302653362
0.8198158776110105
0.6829286300871046
0.7356888730643233
0.714082264539567
0.6123552173750199
0.5559569769073269
0.6752404607680061
0.8657249423024316
0.8915932516947846
0.8202298652605927
0.6318483758524099
0.6582261830676859
0.6383890012681701
0.7934503673852872
0.8122338689238745
0.5760814912374227
0.8909434104244589
0.5760502405770637
0.5910025794924765
0.5998069886928707
0.7054562579881731
0.6608004751895669
0.6890693513105202
0.5946153587189966
0.6676537407965168
0.561731681440496
0.6659011910956227
0.6834087769968635
1.0574476485545041
0.581063176435089
0.5338040360826098
0.729944608850349
0.7709069851147085
0.7495297277203697
0.5895730310464523
0.8865336230934341
0.624310690148261
0.6084868125287011
0.8445771725165361
0.6283153264507149
0.6494368944871329
0.6846098835116516
0.7617803005574121
0.6083904529064251
0.8392689443000271
0.6544697429641484
0.6103279464192922
0.7607995513333436
0.548563045591453
1.198262185976977
0.7680184452857368
0.8383234887380326
0.7370976280365305
1.2227478429071679
0.6454524416568398
0.598968033999796
0.6839009304138557
0.5715657552245318
0.5765008489018862
0.5767057011645529
0.5752819640734813
0.8755169361919803
0.599533754950369
0.8741154047271693
0.8647009625214379
0.7921683197554696
0.590306087586154
0.4336817913148524
0.5966456386437533
0.695403318898892
0.7615871064379043
0.7528900062431934
0.8058528717847043
0.9913993364569904
0.6060146373630763
0.6941827326999862
0.6306642102072223
0.8759519479171747
0.6656898443016593
0.6264924151777966
0.5371814250433934
0.8219675958912267
0.5798528494245019
0.6200533109279526
0.7863487198825307
0.8137712806975221
0.707151651156706
0.8567140884294773
0.9129341733000396
0.5948538307657204
0.7167308188989157
0.9902654303738055
0.6222186161085651
0.7029955806223156
0.8955458729097217
0.9353976917087837
0.5858823368292254
0.7180631587053214
0.7858924272543928
0.7310325510015636
0.6444731770705985
0.8035423886370484
0.6958421512523523
0.5850417836878221
0.6099335507147797
0.6171335416887097
0.5870923215830053
0.582236673104823
0.621698631536938
0.6956078967477334
0.6199934213091012
0.6612468100531682
0.8887407814819882
0.6243714972124523
0.6849501652487878
0.8944697422266392
0.8456019264467203
0.8268880940054302
0.743528672404699
0.6438887638526354
0.9210205443227593
0.8031022789704944
0.6801542462102526
0.5709482513885518
0.6412260877041938
384/1024
1.001759973716089
0.8819069838255601
0.7518792000427947
0.6667506678736872
1.0921923155758337
0.9471696583562266
1.0099927758176979
1.4673445419617663
0.6456082729258288
0.9515014721401545
0.9247038728719383
1.1565006536524522
1.0436428391715786
0.799196616302289
1.242459860572578
0.8305212174780603
0.4004231038936391
1.1131204978952747
0.8839061990818498
0.5239217689446412
1.2309818916679676
1.348084191033441
0.5302027268190567
1.1432543654342027
1.2548072964853931
1.148744343796034
0.8841290811847916
0.7775860045200471
0.6391051769131729
0.9272467541379761
1.1576366309369779
0.5872556104202218
0.44665036879568243
0.977500819935273
0.672995003307161
1.4487663980044179
1.6218423619927251
0.9722362198344203
0.5149633282862597
0.8651388403418995
0.35504317517500855
1.2233662729848747
1.0382175682119958
0.9994993953887427
1.2198112233035072
0.8070275296500251
0.7324087391569294
0.4217144099705875
1.0513860853818406
0.7747795336527662
1.0873109144954833
0.813877084229014
1.3042498733897605
1.0497848029742447
0.8172050449579231
0.49629720403933814
0.7724422510509021
0.6488275106309307
1.0319675774811792
0.6981431581156787
0.9395130228377813
0.6383347691075977
0.982916008803125
0.3477692080521535
1.0911089764189967
0.8569365219624838
0.9115877190011836
1.388729276861707
0.3595419592483522
1.0674350324421111
0.8489281248648823
1.5682284316642345
0.827112520085025
0.45967265935291113
1.6890657160703024
0.5423021780993114
1.2238427414691138
0.5316770857939881
0.6347788969190038
0.6779234312999177
0.4984475493196438
0.4991422102724673
0.9419971242787244
0.8221660433701876
0.43597699787273303
0.9529784752921379
1.2676999932453108
1.1999367349034589
1.2714269617092258
0.71065164179692
0.3683144957563629
0.3813829181042229
0.6345028769891714
0.44752804625428116
0.7448682599037968
1.1535631284130778
0.3642187866384359
1.0972782161208479
0.6691032191924156
1.2461931971895033
0.3384085014065507
0.5872742369980168
0.38088680626633803
0.931520550580724
0.401116038181417
0.4647876876873771
0.5553341482172267
0.8039165125305435
0.516971886432868
1.0555267752479067
0.621255584638653
1.2670980927459776
1.0723319582438426
0.9857075393551169
1.0399901307003936
0.5477115431890508
1.1522808415777082
0.43372497842955426
0.5788122825423683
0.7977987602019029
1.287436495670054
0.7040619276242597
1.0536133742020541
0.8185759013700378
0.8244430235854796
1.0550071519420803
0.850232893040386
0.41974792991074317
512/1024
1.1354076889514746
0.9620518874799879
0.3239111705462415
0.3849623028247819
0.3496572727326167
0.6871584033941299
0.6607664515234264
0.5824338443395598
0.3555943590395749
0.69717238615492
0.4603688479403377
0.8323674363780914
1.1629330671730285
0.3328491282727474
0.6261465491699046
0.9134177516207624
0.3652218552219939
0.34548113848556733
0.5331072563003395
1.0769516053659502
0.49248781094006133
1.0034907471192764
0.559535814847301
0.4060686753919753
0.5960739198837761
0.6700240037587676
0.41706716367121877
0.4049639237220019
1.188447048414657
0.5245212445765037
0.43340254081132
1.2529029230153133
0.5463774043616596
0.4667443325143975
0.39750275772669885
0.7888428403470519
0.7552212935916836
0.6285134857747684
0.9651011917369767
0.7711707003785435
0.37479731378760456
0.37145284032545073
0.9721940102050826
0.3629085848645768
0.5357298214921061
0.3671832168502053
0.6661760533965122
1.000763088411477
0.40131338522797294
1.19601183006642
0.4753486196073891
0.4638865053662906
0.8001070481285499
0.5278492922137591
1.0259442417032743
0.38722598917879714
0.7567707969641952
0.4117578558701015
0.7920217384438948
0.6106365000291919
0.5053613299815716
0.42152772518507303
0.9374598516954579
0.438584268250939
0.7732232168676274
0.4203609944963683
0.3128782368596675
0.8818900476411583
1.4024702084201854
0.4083986008520144
1.4341971134729419
0.4784511809498093
0.32411894624203774
0.5580081619562703
1.461610378755024
0.3276313413957847
0.9237979585839358
0.6212503195682718
0.5918552965472236
0.35699978407036453
0.785368305587818
0.35196174892634324
1.1490779259134223
0.312410141548599
0.3372723823435425
0.48824652082664377
0.5778933001658134
0.41589442476791616
0.5975855467073938
0.4388294356710365
0.74518504339685
0.4384454888326908
0.3864203496707539
0.6359309257797849
0.3328170996723038
0.9520521275526646
0.9743476369170746
1.2723622019254968
0.732501770178367
0.8290367581717901
1.1600674454870146
1.6518426802702308
0.5357018103751687
0.3863105204527073
0.6122599895420449
0.5580084020953466
0.5480067942722826
1.1707805488243546
0.8161250907096294
0.8367847781989475
0.43554867001396924
1.119523825567368
0.6217768054473871
0.4742676044943691
0.8241667163341366
0.6443645871313283
1.241647465369605
0.5247913946736731
1.064219216748263
0.5433552962514481
1.0805508863705993
0.9626041420308125
1.0730745102925168
0.9459746419826814
0.9229755574820397
0.6629100754953888
1.113533192823977
0.3107060649450062
640/1024
1.7834358369090535
0.548997063973338
1.700819590541112
1.1659376483263153
1.7739015379338587
1.3897512486371486
0.9958134106526118
2.0639281323881793
0.2782261196833831
1.574065651012315
0.5475097819969506
1.1014974897265324
0.8971913478978336
0.7164732466830707
1.1744968707425392
0.8575696812038249
2.0175424859185043
1.3147376801215234
0.7210069311546641
1.676576386510121
1.145116180670892
1.0256436602688623
1.0214042784215465
1.8163955590894583
0.9228180654523926
2.1683074336606083
1.7975890040269387
0.7287774484531039
1.423747854512866
2.585826932440485
0.5425383747537645
0.6423767121633345
1.2472048831467242
1.4075395998571798
1.3231929628320271
1.9125451524624528
0.7350172788977269
1.0655302275139906
2.7380344308290674
2.4929004827496364
0.5174930407120515
0.2840627201218508
0.19016739732172017
1.9422187315919492
1.0720428016847985
0.41373333929990636
1.3178312462503126
1.3583909274031691
0.8086385205381259
2.4022236261964567
0.07988690582784697
1.5463045120966044
1.2406389270866174
0.6742829327101801
0.08851663952758154
1.9559748246646784
0.4758760491109467
1.31402085205103
2.177274370019069
1.896523929521631
0.38931150611336707
0.7486043446924986
1.5762272789290415
2.3681406515943735
0.3241011845336714
2.124457634112828
1.4865489130947727
2.004531127523658
1.2575920319604226
1.7176020449009703
1.5665967339354836
1.0106060784087112
0.3386228462106949
1.581756602722649
0.07480673497267235
1.0633902220021554
1.3834930320602952
0.3119822550524209
0.30890093196932833
1.0158170443857741
1.8916241617965555
0.35481530521344606
0.9988995082034655
0.8397633153358772
0.43669970522943447
0.9925381672506688
0.6059747789115364
0.9028499318873302
0.7207109764168715
1.8625645025129483
0.25453046807801366
0.3431730780042285
0.24966007663697048
0.8678174964240459
1.1611235484427045
2.4919070941512294
1.1979514187959397
2.2396098339362966
0.5211922690350683
1.8764168309210811
0.5660316778805788
1.058099503507233
1.6292470730332047
2.6785782412672243
2.0271115082745434
1.4272777813214068
0.6205891990768378
1.4610010587775166
0.7748483240504079
0.5547811864562675
0.13432571038692728
1.8573481955832793
0.7274845023080048
0.22976671189334724
0.30115727990902147
0.733172170402961
0.9016605196588303
0.6057633401052399
1.2156842971376205
0.21149949521643435
0.7983203935839465
0.2741011684730769
0.27739348734848224
0.47648256101038156
1.8309346284442385
0.2596335849063304
1.790023782207876
1.9596069116354906
768/1024
0.8762580032889222
0.35340880048917944
0.6199760837290264
0.4701091351052451
0.4528256086192324
0.6131617560626825
0.2781936274854011
0.6670218970134735
0.9655842087016846
0.8864770309175823
0.7503262652719669
0.16560798792475617
0.2724604392420066
0.7013451214383536
0.4106330370940139
0.5100572456115527
0.22138236425916635
0.6814047742968354
0.5879418679091704
0.7626326733633865
0.7556021053576103
0.7113458430340053
0.736984689205529
0.462090349638808
0.7044890719225216
0.6128187660197777
0.5107484668355078
0.8003857607322816
0.7279550161059878
0.48141300239315094
-0.22419871798459912
0.6582557630239716
0.3805424665082071
0.710828140169608
0.7860709328501132
0.30756302123156604
-0.3861297572446274
0.6651629962151976
0.6163963554711823
0.39505858904913776
0.5396962058278285
0.4130004500272726
0.7155500789000175
-0.15990627365096022
0.6982964070965612
0.11010308426709814
0.16385873924908922
0.7363523033297724
0.6061941197049681
0.4326730846732164
0.6527215959339135
0.7632300015439708
0.33601922187817573
0.5767701905803889
0.5089878849610185
0.8221887154204175
0.8118314809318471
0.7814573670164694
0.46499969911931227
0.6652433566018022
0.4670632629049979
0.40057262445139263
0.4328713981157578
0.67041117575452
0.32666801990316097
0.47163248843149164
0.5444276012065326
0.38194210198175893
-0.14938625830626584
0.4723504194066028
0.4821637032921515
0.45634040585465696
0.7803887102228672
0.7551090610518272
0.8240212771211455
0.5266226031889476
0.73819381897784
0.4458214706253505
0.5292873300381874
0.7972912204222038
0.708485823498989
0.697721202288816
-0.4471063275271522
0.8157383334359578
-0.06700630558521459
0.5432544794737253
0.7587990776604525
0.7814849609101215
0.634406072315192
-0.555570570675625
-0.03166022620412412
0.3912117794659196
0.34685783456140107
0.49158418976468377
0.47062444159944405
0.8215986450292833
0.50614210641776
0.09552814598098502
0.6064051795262592
0.7526115951970325
0.6931227635818967
0.6250904571751325
0.48016955217768525
0.7647009777910986
0.6941908880175134
0.6277966048643808
0.4248665319536189
-0.4818166225679492
0.4671056982442807
0.7255184418472755
0.6084361371319221
0.5797514806146946
0.6787684525997881
0.8163932255089847
0.8734017709217025
0.32052636931892914
0.7640870341779362
-0.06072931454820296
0.7270508391825965
0.7270482235848696
0.5011478441849884
0.47697747802204665
0.5006184474443636
0.5985824885531111
0.65490155152597
0.7177460562488841
0.9583787967169015
0.5489616772215298
896/1024
0.6111908590340835
0.48826644490070215
0.18697536359857048
0.19960795127442654
0.4680500800243518
0.11847789889157595
0.583767348656815
0.5822581290121103
-0.5573862174971371
0.7875672539155579
0.581062786738066
0.25017258609614684
0.7739956625821675
-0.13418813448968125
-0.18713629725290815
0.6883319306532553
0.23460960681050524
-0.7086572461552292
-1.4741866148167033
0.9983335930928633
0.15550067676707585
-0.12090068667211895
0.21526731930954685
0.17382591600744296
-1.4886874886146346
-0.036581402327364954
0.44515866736294596
-0.6081695678997103
0.6758939996966922
0.2697825230562444
-1.2401346839847525
0.3535333401837396
-0.2541335836674155
0.30259238737367355
-0.18121091143081758
0.3414803793333434
0.4354430222840577
0.08910186123509845
0.521246488771022
1.0617097392416635
-0.34620054352667684
-0.0526991404441266
0.4827601814033589
-0.19592958258637824
-0.1185323942214977
0.8230476645116143
0.14073801899362043
-0.07756939597280768
0.21789329397923585
0.7789011009502288
-0.8731996510143946
-0.03555755247857241
0.5222107998684071
0.9077968728194954
-0.40624685914605224
-0.27595286218312925
0.8075925281069465
0.045041616466483525
0.9121611716099808
0.5016904438791633
0.5374639660493781
0.5551536923013547
-0.408120718616774
0.4555013371342598
-0.07906888242256799
0.12659973332651014
0.09259892717950902
0.15791702368228344
0.22622656849903255
0.26437488004428844
0.9650149906622861
0.5177363920364734
0.05511618660134787
0.4932677046688149
-0.015186277506208268
0.40737970180532923
0.7844193089970235
0.3798874084928964
-0.4504016341283881
0.47357147589279514
0.6198516550695466
0.20628660941350524
0.680631726665524
0.9964141077668517
0.6457168975173819
-0.12569525502542606
-0.35628129892023724
0.696463639796466
-0.08866587541745133
0.6312850342270413
-0.19987089371561073
0.12235887397499245
0.5684343871292767
-0.0045194413100766995
-0.9169322174389529
0.49179879011484084
0.755278449763902
0.8847930311094003
0.5574665982020893
1.1469534364190592
-0.23159985299522862
-0.4671580495663343
0.5605337106547192
0.07978696781924455
0.22863303741476437
0.3388368324156329
0.5376696486857434
0.3895192358044509
-0.15676820710141742
-0.00048171363611493323
0.3589183407043457
0.5236511444171985
0.6842084517235185
0.22575473935070878
0.4132302666627059
0.6112985443650782
-0.66554384221626
-0.23815189736099907
0.7021878560993371
0.365157375838901
-0.4678541814490016
0.6365289586921173
0.487001586850523
-0.07796064950523737
-0.5124577933806644
-0.3605227122633694
0.37434965999610703
-0.2787920499366
1024/1024
-0.016541050924526873
 97.505722 seconds (76.83 M allocations: 12.896 GiB, 1.60% gc time)
λₖ = 0.4
Warming up
128/512
256/512
384/512
512/512
Measuring
0.8597466243705285
0.43603078808022944
0.9868908432252164
1.090822787633745
0.5824565360031254
0.6172130439405343
1.003908326569588
0.9342321005243497
0.8773773760135684
0.8687495605765414
0.5618492099054244
0.5065450978552405
0.8463938169961069
0.92527753664412
0.8796740878637141
0.5628181587356891
0.7250917927394867
0.3861776483846535
0.28895355261283245
0.47814409619752685
0.5002682503282355
0.4641938647440826
1.0889897007680804
1.0389851268154207
0.9317963673254978
0.027691357084108303
0.34904307418336766
0.5613979248316104
0.7932027370020073
1.0531768523763374
0.9979575310656932
0.7122419424272899
0.6017044982977948
0.6671297967027001
0.8515974951801948
0.600852174897944
0.7475886035637808
1.0356601878946927
0.44443687972819024
0.8724514111896378
0.45386870917349886
0.9634315362097243
0.49022287728980285
0.9945724627327172
0.8761220887091714
0.5079180738147342
0.5753068041974175
-0.10362328175175517
0.8043586463561965
0.9695960725987058
0.5053319144769026
0.8142095658897901
0.42832164235667547
0.5689835255238631
0.875524714883207
0.5460611861833833
0.4579780768689671
0.8163419388621633
0.7020749371109819
0.6424128997283911
0.6709417973508364
1.0879848783573007
0.12067172706438611
0.48874312486021676
0.5035228000022001
0.9155345538240998
1.0248121636750285
0.9478881135540687
1.0070102321296759
0.5696452936505516
0.5676482216677081
1.0679370220279405
0.614701212555299
0.05348832618227861
0.7658633039701788
0.6743340978683401
0.6973364762525437
0.8912824077826562
0.7738414358229406
0.07785042228568828
0.8530700371434198
0.688943162157436
0.4199680953390006
1.1168160863714927
0.3039647673163234
0.5549471578066599
0.9271375109751814
0.5630472590168406
0.8169016536943139
0.6071548952479853
0.4559106381730004
0.8904485598159081
0.6779073234347497
0.5753648481909875
1.0195152487736143
0.6666002368289783
0.4780500142998796
0.5763931963332113
0.30711049014530356
0.6451343666094105
0.5753853147459992
0.9585838928444388
0.7852493186363865
0.6440438691119741
0.5721118735486664
0.5932758447875421
0.3541066528707234
0.6078610160872158
0.7616168253558093
0.6552782744448087
0.9194721874475675
0.550427904903056
0.6459595400161839
1.08733126751788
0.8202438511306391
0.9366632477096651
0.7502358409907528
0.7833839292822083
0.3559405319084781
0.9118720883010476
0.9298582345493498
0.2957964851980635
-0.03317106744376219
0.7641141195961522
0.8815648966421958
0.5899320406323331
0.656360855426003
128/1024
0.9521186599176078
0.23882592205644754
1.0930121124302365
1.050539681517242
0.7143886257657555
1.215333818183138
0.703786324311396
1.283807454762712
0.9426137245889942
1.1204403918178718
1.0523664978458298
1.5764532722358904
0.5705966357933461
1.5992269371271726
0.3800532870089717
0.34812583936401875
1.338546564452963
0.45770266132131243
0.6261990933625429
0.5953752901438374
1.5150071146367774
1.3015878474994995
0.2949526813650777
0.8427682676447139
1.2645395534740422
0.5085189359509729
1.7128266909390022
0.2746435194267822
1.6068383247938023
1.3145426770764197
0.5340947444670009
0.26458153445290267
1.4967144508771486
0.43406908533177013
0.931505878391809
0.9940107899775402
0.5274116975652502
1.4460554122823817
0.2054492868596415
1.190358348974505
0.6909155306683495
1.8441579090788462
1.2470029949678971
0.6780738078958226
1.1659911099555138
1.2117400181637283
1.1292372416195529
0.6903907599859594
1.123897842270372
0.584326832120744
0.26425826904172584
0.2905805002981314
0.2510784719878545
0.4901363656827358
1.376960710989184
0.18489601503893704
0.2748258473890747
0.7418028385755355
0.8029536410553191
1.309002351646239
0.8339106114941324
1.2110989140713841
0.35121512472062477
1.535582477063125
1.0169085560072817
1.5131485158798021
0.323318647990482
0.5119332482904893
0.4736366584074842
1.102953770236703
1.283844339806129
0.7794772864355278
1.1234974992215152
1.389186981126365
0.9795285500089301
0.6659839196283752
0.18148378331171416
0.7399217650115127
0.19503717873926715
1.4482765447308965
0.8606234257617236
1.7875221210768393
1.3575925264971251
1.9378091298234703
0.8705002173183952
0.3129772451622899
1.7221107331683916
0.6973012609764371
0.2301019924621731
0.39187714552366887
1.2133349726222598
0.3189001849755067
0.9408110469773223
0.5715414507764658
1.2255593942230205
0.23228654763452627
0.8764875048502769
0.9671780062222683
0.9734044289851573
1.6913996106377687
1.12847403461097
1.706386867967273
0.21464475339848405
0.34438349595079537
0.7318360648960758
0.1937231244417119
0.44921381470479294
0.5872473179226414
0.7642610581017797
0.9737115270873085
1.4222745898735978
0.5036696030251685
0.43244189212821843
0.38041146808293513
0.7039546428531607
0.26549837168702484
1.6739116977921706
0.2776931443661428
0.44727906941454776
0.3188756738213888
0.985244093240413
0.43133122694937825
0.7812545677475946
1.0474154904801114
0.4184308829046424
0.6834802767315531
0.9668759979035775
1.0087433112224515
256/1024
0.5986136027242226
0.6365556152167966
0.8025905616795385
0.5939940467591981
0.5013020007211857
0.6409061899167905
0.7588763057463962
0.6679543422461436
0.7164222031888294
0.8381985259664491
0.8322818164357126
0.7784971756384619
1.2359692073877606
0.6953904257450898
0.7606393918497715
0.6989933521049928
0.6986306182647019
0.8981793549496297
0.8797244883607418
0.7532940818468091
0.989251097753421
0.5890486677666115
0.6673795072673419
0.4617519235711261
0.5831127565012888
0.7536992856459284
0.693982400464511
0.770668197209456
0.34620734148932775
0.754100609610023
0.5200921500682497
0.7580973026656844
0.7118827492516197
0.6611468296014306
0.40052318022500033
1.128133360743008
0.8695943737312011
0.6456044988007157
0.6799718368127999
0.6483445009321138
0.7333577748041387
0.6931277278782013
0.7018743671339078
0.5864191383376732
0.6337924933097374
0.6708338182528015
0.6719806628142734
0.7267273653290609
0.5697561289333635
0.410061276414444
0.6396489366998548
0.7877350766856921
0.6361376807778427
0.7226613321499507
0.7192057045082823
0.722596387599153
0.7643328662731255
0.732607364699062
0.678296461097502
0.5146742666069595
0.6191827948055765
0.8432648976229138
0.7391067965028951
0.782639395635238
0.6694219957022766
0.6435125629033426
0.6386901096226903
0.6739984591063886
0.707378328363591
0.35941617613016863
0.8832893042028975
0.6062663423008325
0.9964603733368611
1.0281001891607535
0.5607270288049526
0.7495254673473556
1.117597497299308
0.6896766096223305
0.7958178214086662
0.32483985227742046
0.7568508499909488
0.9653168209291552
0.62444744837819
0.7807069346834532
0.7121288393111205
0.6857944199072051
0.7423356187179189
0.7701153984258973
0.8021429566335501
0.688186957107064
0.7929371667529093
0.87542029789061
0.8854010150309053
0.7323000860989534
0.7325409772335693
0.7393634032284604
0.7693476881906048
0.5806286516156806
0.7529322920133815
0.8192802060385622
0.7509088029939045
0.7346487707107392
0.710778831949912
0.738603613204776
0.678664837048266
0.7491775468704549
0.63014082840289
0.750568608021561
0.5825416999742042
0.6057906289694475
0.7465961669517522
0.7187154288971149
0.6680097574794206
0.7635355541004346
0.7620083934635158
0.5155840408999514
0.5318843873502049
0.6046069782004692
0.6491140970879323
0.7508886113889754
1.0665235322092026
0.6813070589837238
0.6853708904688787
0.6839637943294965
1.416060822153451
0.27109871510972006
0.7046003744538827
0.6186296081490326
384/1024
0.7972671137436718
0.5325124705225014
0.7015159746998219
0.5928388569835132
0.5915105747088856
0.3627603271966507
0.6200361644018308
0.7216048417780432
1.1630820844195537
0.5322071395975854
0.7875316395416176
0.5643352351666873
0.856497664515665
0.47122037816479845
0.33579010990814323
0.5817960739914451
0.7250984893087234
0.6616265833157003
0.6138813534366012
0.5715549489679203
0.7109192374425237
0.38929706632176303
0.5469290098146562
0.7627474202792212
1.0309689130522137
0.6250921304485407
0.5966375911236939
0.6166310482011792
0.7332625956955773
0.6542218818283048
0.35507813135413724
0.534530098120057
0.4589945881274107
0.7810606345430104
0.792783817678812
0.5326691110400817
0.2064787409132224
0.8321486322374136
0.36347948450375817
0.261824010438649
0.3030168721519869
0.6439758358156482
0.715154091331032
0.524045155499376
0.8436344719353912
0.6203242139526259
0.5853272287852448
0.6230581765718306
0.6372661078412645
0.9045566573280659
0.7183227670402492
0.5770791864832562
0.6109343935953166
0.49513561733108674
0.6647760972004118
0.6871144239622997
0.596653369328959
0.7129001852454582
0.6847879588567702
0.6112993557893304
0.5976249383074852
0.46224870965832165
-0.4018843343435071
0.7166935687682787
0.6413725338090897
0.5696968588144973
0.8144449813795579
0.6897423765678784
0.671100925695385
0.30607229698999816
0.5478591363273723
0.6276298570410331
0.6331894983077749
0.728449693233358
0.9145448920935657
0.6956924364725684
0.6585612945098128
0.6617219546794454
0.6842958333789971
0.542596846602425
1.032808587467337
0.4715207231454931
0.3256598470186409
0.7487855645517784
0.5858477808220804
0.9972253603084187
0.5541706968701369
0.604295414435368
0.7000646203624725
0.671867709067302
0.3277196467210255
0.7818757590973238
0.7128753766014417
0.5981698962655786
0.6649153777731069
0.7516522935174159
0.6080782386720543
0.6451954107539619
0.6894633475347203
0.7239035628908846
0.6869185490037545
0.6274683799052794
0.8167127785310203
0.5172009620407392
0.7271722700365398
0.5640532858900128
0.15494988999707265
0.7133274217676043
1.0815385223977503
0.6627587348955588
0.7578850324379554
0.6283461269381452
0.3733315169315698
0.6192163974302748
0.5411051949816459
0.7137570353089422
0.6364178029381502
0.48058351262168597
0.6557767103867851
0.7909137775961961
0.5401312964309168
0.5821338633182903
0.8650952995540483
0.6371017626783662
0.9554920182889413
0.6227282301630481
0.5913660946892706
0.8029121044990544
512/1024
0.7036891166639985
0.8405435729512035
0.6906509773194359
0.8633838620173827
0.6229604202567793
0.47663721129026093
0.7023400610392168
0.8951010161035291
0.664216500080403
1.0042032076753193
0.6582583851055374
1.2095348566440198
0.4987228677484222
1.043202539037174
0.3713779006340551
0.37166006004465724
0.33043857711771607
0.8826418226412049
0.3867303685169212
0.40117502736513716
0.8719140624200207
0.7261376832306397
1.1028972644751396
0.7351442059782438
0.7888612371903985
0.3824254855186968
0.7340978279762882
0.7729192048355052
0.9588621565826718
1.0881260124888867
0.7983564474869416
1.355393458704063
1.1699344023241345
0.4001984968159955
0.5523175185272075
0.7358165149117356
0.6000967752274287
1.159407614974005
1.125092605936629
0.419387320940789
0.6832452537732818
0.4634991972429756
0.35539335041122294
1.0198871421593925
0.4100249246516814
0.45904284884025476
1.6399873603721304
0.6894803552523636
0.6179393296948298
1.0995336304762302
1.2186090749782563
0.37540945326831676
0.6085664232082948
0.9927509550648561
1.261122442472834
0.5598573257162974
0.5112923423385444
1.6347671192078939
1.209635283520991
0.4956367130423843
0.9726238109691369
1.1976318284314573
0.4158623964004249
0.6320646556871363
0.5499535397445
0.6326140852826889
1.0384342518986958
0.702959734681339
0.6660260661500522
0.49699109844237344
0.8216109343348412
0.8015798218959816
1.6379039787418412
0.4632982594427675
0.5251606407487119
0.3812811864049137
0.4140525277144283
0.37842244573400297
0.658122510316576
1.3666474254859022
1.0537035645792667
0.8381019739335518
1.0139759667174477
0.637444684647698
0.36307256438258617
0.43431725280032074
0.42546641757488285
0.44595326237066557
0.8884643028620989
0.38305937289351744
0.865234770129734
0.6347870616533895
0.844198704854495
0.9557914133816089
0.732029937887757
1.053306624139897
0.74012181179873
0.4079551277864312
1.1591656791918852
0.9102322122471056
0.39939043475294733
0.5828286541612555
0.9018837113799415
0.6050085831184923
0.4247784336279571
0.42242954976921454
0.6459587805650732
0.7092428296471815
1.2923484679927886
0.7381849785405966
1.1909496797688162
0.833287969795727
0.9628195859402422
0.7151339084627583
0.6345205279873808
1.0037195960271195
0.46345519653001666
0.6206212031736582
0.6863010556983761
0.6553979703892198
0.34355311557372864
0.970215234429416
0.5109716252110987
0.36358149739857804
0.6218030395569164
0.8871870435768191
0.7359058776111365
0.7102208112753872
640/1024
0.6266537993289825
0.5808890200426164
0.890628883359523
0.6413834485912899
0.7498486843068588
0.6944819189996927
0.8933050249909052
0.6299442470157119
0.8386662811223669
0.6100131788430194
0.6764672327908305
0.7820166140656992
0.8332558724491065
0.8026440793368766
0.45573035804636347
0.6416383944769155
0.7178600181648379
0.795293175573287
0.8031454218785449
0.7217490693351951
0.8882923292789728
0.6531742301492796
0.7797895170534727
0.5950256748102323
0.8229371845217044
0.7817012111262875
0.793272753092287
0.6058748867484567
0.6209665409097578
0.6375609078796945
0.6440853700003156
0.5732316149607986
0.5779891910980904
0.7079212845487103
0.8019228424351179
0.7393605083912483
0.7099402392601912
0.29592529994153144
0.601367469383832
0.5683835928266112
0.9851197002491269
0.5442958974916836
0.5811712104414775
0.6062591245900354
0.6860688631602119
0.6617344994904616
0.6400968263831408
0.7489450324032907
0.7425754455277658
0.6124979811472602
0.5750560839593577
0.5931235184618544
0.6272119331927042
0.5676628084563703
0.8741769206843621
0.606047656756794
0.7908863931128858
0.5224712607979896
0.6280245287513789
0.6107615014042748
0.6517608800668937
0.6032774394440769
0.660609496451507
1.1674147540183237
0.8323792585570879
0.5824265775505049
0.6907468163843725
0.6186393757342257
0.5816938188046537
0.5987814642834891
0.7527155128459176
0.6208833420941522
0.6172690052235026
0.3660556865859824
0.6939765414529095
0.6040928490697195
0.6106348766287423
0.6433890817521487
0.8264547188462208
0.7118276097159846
0.636607955865918
0.6012744606675259
0.6384147451790549
0.6943459410616842
0.5689836555576347
0.8190889434089548
0.47504434619263736
0.7044362760755196
0.6785952646112696
0.7986800012059527
0.6677225261953856
0.6240681967673269
0.6457412980456307
0.6535856112640764
0.8081402555781755
0.6448045525784538
0.5927645315301184
1.1016526589629818
0.8031140632345752
0.9549976186674992
0.9255829180103509
0.6979235650250581
0.6038344926331521
0.8726418016723779
0.681313064594899
0.6358345509204113
0.5820697262727468
0.6859182759401149
0.9882208903958428
0.6183136356609656
0.6176035511157415
0.6190518338779695
0.7771717879320326
0.7415342164222338
0.5716703772173972
0.5250604072515959
0.6793273742584239
1.0500911157924184
0.5673140497583942
0.837167006909048
0.8530284012746977
0.7476621659265875
0.5722164583681275
0.6508413759640607
0.7280892271668457
0.6370051966490817
0.8294034044274128
0.8417516378515828
768/1024
0.9923680540604437
0.3220994035990988
0.7863468385678029
0.4850605470332723
0.8514429816262998
0.9577885089134033
1.2811699894825495
0.4353924139198028
0.6756187773319744
0.8609144125405366
0.41879325777041115
1.4240480083419398
0.44132656186320374
1.3345703424479887
0.38060286387123565
1.6821164031992464
1.150315621580591
1.2565027339474408
0.5131710608266744
1.582272676827884
0.4708697476724636
0.4338055743839714
1.0255077494670184
0.55049510928156
1.2465890595820304
0.3199792871890173
1.200052708620156
0.5199518165649862
1.1405323815609618
0.315361315513491
1.013089686714841
0.8349021987161978
0.5798548561775074
0.41378513429112124
1.3218180323849396
0.911312765743348
0.46571577697882227
0.8325650254134553
0.2931720854867878
0.3735149175330208
1.0691653502438239
0.37845464216676494
0.6949603379052725
1.2584580604830569
0.5270195925793869
0.7839664108749691
0.9593491133492666
1.5095112139115048
1.29131009653015
0.2972662855309639
0.6566936344934811
1.4132392683143835
1.0776331024300736
1.2839585298656233
0.36580161266748124
1.3742809750636547
0.841814792340172
1.3677059716752007
1.0247598339028279
1.0683885867027665
1.175463791589181
0.2874967110844737
0.6875244755538321
0.9404658758226938
0.7073430785920047
0.7991870590284763
0.8630630988370562
0.8608454524563023
1.1444569398745874
1.144109219639896
1.179061571744315
1.0606046513815022
0.587019484258493
0.30831059068959804
1.4613807604643363
1.082203464667968
0.4029979300690907
0.43276689601727825
1.35560106083162
0.30018151510709495
0.7971672311235382
0.2530334625279998
0.7185783782781316
0.46142841909827126
1.1412143767921183
0.7703342806504012
1.3145155902173662
1.5935817675017407
1.1931137900828432
1.042859026104082
1.1776013380576738
0.4216293004372232
0.6232151808927807
1.307645006626101
0.6859178283348503
0.25563769699868205
0.387191335421164
1.048049754821386
1.5612778497811348
0.34166014083046164
1.0125049580660197
0.6276639129831032
0.9345210827582338
1.0295741272415109
0.28767819116144155
0.551069038481092
0.29276169434882526
1.117804241392629
1.3289518980645159
0.965300493353832
0.8405389790004723
0.7928426389250002
0.3436725335182825
1.0067935010632312
0.526460015599895
0.8001187705376217
0.3553621925203959
0.29912524053316736
0.8559442707028762
1.281862404638582
1.0342375865677467
1.3147420443885767
1.2167191340696164
1.186421754991268
0.6406321993158072
0.5577978281571757
0.6928899893614859
0.2769968716733687
896/1024
0.9986408256685546
0.572833179513709
0.8009959053763616
0.6755830757114561
0.6233336143471884
1.2391079735450108
0.30411842262391864
0.6007500750460706
0.6768091499016766
0.728481028490125
0.5356637404018396
0.6692173391326378
0.5436531065766115
0.9717683186648879
0.6033806533687295
0.6052955023833282
0.5436509109098798
0.4635934655456242
0.708090929689854
0.7046873528438453
0.44231784399847435
0.8654084035775889
0.7591074690421571
0.6970465998478539
0.48544674713307306
0.6861401391474586
0.5454837040559695
0.6493759495248302
0.6380700477713481
0.5682966296556635
0.4504004545847102
0.6452549304330898
0.5762318474023338
0.546845629682134
0.7296548427106873
0.6722233668818556
0.3292290726009292
1.0185696738106396
0.5839872728545644
0.4992443342532974
0.5911758424386497
0.6591619047033466
0.7275081167610108
0.7882747995189553
0.5684977800643185
0.748289689256568
0.6017215040456034
0.5593732047335419
0.4392720604122158
0.6152345190423352
0.5753552864230451
0.6794342046018756
0.5700414659713962
0.7887473757783189
0.21531883894557646
0.655746404435945
0.6330262839850246
0.6684223081323857
0.6374696549607366
0.638744391891183
0.9717925783857886
1.2639641974935496
0.6460968946099223
0.9927054948087665
0.3729511731604903
0.7090007287179636
1.0539220784465548
0.508066204313607
0.6239494966153591
0.5948626591646762
0.5830016314474066
0.6319437484351931
0.7639190204859222
0.6890330277518504
0.7005382014289047
0.5476090369924114
0.7923494422617707
0.43781614869251073
0.6418534603894586
0.29814913449786185
0.46657851340251116
0.6164817237489298
0.4474599663527359
0.6106875673019425
0.6481073456337889
0.5729781108933785
0.6099481349766596
0.6932670332225102
0.44016440272884266
0.846360851004776
0.7032080408214941
0.542071026562861
0.5660294846780587
1.1788639277723079
0.37725881615972373
0.759802013225092
0.9026429798330198
0.5524899240983524
0.6194740915994497
1.1425949274876728
0.4004259001741132
0.4931497522203486
0.5849158547100822
0.7593707207338979
0.7021683453325994
0.7932235925433794
0.8846511311967316
0.7041300397140593
0.7130795205532051
0.8874774775376846
0.5840226859767879
0.6854362040821235
0.6424944426072622
0.31765842953601087
0.5626344406221296
0.6788504198761451
0.7120731844567867
0.43427075213030686
0.7542216720867285
0.5877223621367524
0.5944882446729162
0.8928460993863181
0.5914399260480138
0.9433015266833104
0.7740919458081666
0.5896697395018823
0.9524100057882906
0.6253222430657234
1024/1024
0.7356811873357614
 96.659074 seconds (76.83 M allocations: 12.896 GiB, 1.60% gc time)
λₖ = 0.6
Warming up
128/512
256/512
384/512
512/512
Measuring
1.7228977337134224
0.3715386751095048
0.77021773105918
0.6725370907895186
0.29691527412753693
0.6780499677381545
0.5432020770736994
0.49520855052024726
0.4278332685986527
0.41388881411669654
0.3291696801793864
0.37127894608048395
0.6813399973692268
0.9530826668352195
0.48634510789485513
1.4358186953177676
0.4449506127065673
0.5572553290212041
0.31491722823210744
0.9159148411065945
0.6488624286596928
0.47923607139797825
0.4211089157131104
0.4549824198804023
0.7385629350726188
0.35841079398813025
0.39450726615210246
0.5324575202924483
0.690239438963006
0.4739244673221175
0.5236127515807685
0.6632924405413038
0.9364659056988125
0.45939654330977
0.5309757301110019
0.4523403676795589
0.34032584226018076
0.6469708832320972
0.5921590521178693
0.6951635040667665
0.3285226284079952
0.7010532883026528
0.6104932635561853
0.931634556683437
0.30553548507263084
1.4135120864453785
1.3656875991654898
0.7765560138584273
1.1339690536479723
1.0813813731390107
0.40206921402140994
0.766604389177475
0.578777347336244
1.3173150344777
1.1074171539920843
0.4542647732947872
0.5652495149427288
1.3259012701736608
0.5349394056357273
0.8475869513016507
0.3725868491834038
0.7535851972417141
0.47439459156653785
0.5587787162830522
1.1282368125334674
1.3376869189185068
0.4748321461043338
0.90689367554853
1.0840904503123623
0.5163430512149569
0.3270397210542412
0.5527342211970148
0.5968469761528619
0.4807982408230677
0.7193780174455802
0.7882819749462701
0.3251784240170079
0.8359694833657867
1.4306966116978979
0.4294745322453699
1.0177553571717852
0.41796244708329783
0.9678812771056085
0.31051769119738565
0.5384404041196477
0.27901874758739637
0.9432857699587749
0.4225210298191121
0.5792821163345055
1.024039393802799
0.3558487773961047
0.5972729049938827
0.5535573600635436
0.5685834853867824
0.6434632504218806
0.329623091446727
0.47875384025393364
0.5272603251419408
1.3304686271619
0.3333843408443148
0.2870890438788468
1.4886893952943554
0.7655931541036913
0.37846427589559006
1.3427988414025989
0.329252890491121
0.2712304168701889
0.49195948753272034
0.9078969326578183
0.35450581668958514
0.7021814972483139
0.34079492029481956
0.42044901581280125
0.683444041625801
0.3613034381445075
0.3698238579315865
0.39660887976094206
0.5073552426437995
0.9633933048877248
0.6705270580468019
0.5207850568982473
0.894305821228937
1.0837234657129626
0.5782363763670791
0.4071209066831839
0.5075290383153468
0.36129886976629805
128/1024
0.5927580704828532
0.9967891792926054
1.1185269930503277
0.6178966027636331
0.5898073885409518
0.5967320259404996
0.8348893616017068
0.6238654349353877
0.6046504584033319
0.5878903927713799
0.5188803840079429
0.8415986290905759
0.7615397513438901
0.5953028760005361
0.7993612849711504
0.7561310603362791
1.2558907318800785
0.7055197786455856
0.8217188427151123
0.7592044493905705
0.6721038637318728
0.6813679377436905
0.5600172815764372
0.7472905803644012
0.9209692429262866
0.5911320283880975
0.7122309858291989
0.5526652356612016
0.6698939027488725
0.8143845032581162
0.6148338805897741
0.6485993670624801
0.8299628655411222
0.6754170002345699
0.5964968281692399
1.0666374915667238
0.6744494068238984
0.6848446092269935
0.5889913446430088
0.6415769437267586
0.7183423548241322
0.6705137774993772
0.9964935399926937
0.5297398040522774
0.564930727778486
0.5812121967179817
0.6598277954798586
0.6434346343003572
0.7153980752489054
0.5917354063033513
0.6202826630182333
0.8518770958550563
0.78947537754763
0.7289062757266589
0.7169958733880613
0.7394630645605994
0.8902046387753367
0.8785528734717751
0.6484593944612517
1.2370167404153571
0.7013427996100646
0.6086820896421303
0.6192396930779284
0.47782543395541544
0.7486248938835176
0.6363531489627114
0.8258688985784488
0.7590879955957434
0.7706140375778017
0.8044210647703852
0.6871941527155487
0.557548943834798
0.7304406237810745
0.9220647272834174
0.5603185974759257
0.7760000292397242
0.8761319127785723
0.5979140255755536
0.7015130244447194
0.7626820114688229
0.6577895099275008
0.5732322897763148
0.566699793143623
0.9289565961625239
0.7003719466334666
0.6018477843360415
0.8328323136603545
0.7670680477713505
0.6383355804037892
0.7313372063151516
0.694762930403561
0.6063727776109079
0.973745781485547
0.5612247695547695
0.7973245327012721
0.6232295756997731
1.3270675832617418
0.6266781501693636
0.5945190736461434
0.603968035180932
0.7084744811646317
0.7161798774164705
0.6258777545308041
0.7895520232709169
1.3762279979840262
0.7296088848138216
0.710330387414119
0.7434846342976338
0.6758698224418082
0.6413687736238203
0.7020735938007
0.5997366200624865
0.563017704896636
0.8170077156643044
0.8928170301206885
0.7045073557330245
0.7466266475853791
0.6604974048634731
0.9286704431187307
0.8619417614101774
0.5806161764395068
0.5832570983818819
0.5971688911828602
0.6205824083413468
0.6866761975302512
0.6095220031416526
0.751149231844112
0.732106828119895
256/1024
0.7228163129238108
0.659817879634318
0.6276428594509427
0.7318472185082363
0.617321956164202
0.6759828803526522
0.5973103483882752
0.6857549029265689
0.6257076569544936
0.6186143720660973
0.7295482746764808
0.6484856186826331
0.6057017055766234
0.8518933933796794
0.6440256691526116
0.6651024237060923
0.6360465249605426
0.8240452127487072
0.8982141823886739
0.6439161319634883
0.9163641348739792
0.4284656542919885
0.984603507944539
0.8399531554420417
0.431093704977201
0.8354151703513516
0.7587224673819133
0.6107631305825814
0.6047948940455781
0.6364831898038588
0.6783493052941579
0.6682505817552273
0.6731216300610259
0.9690224875149025
0.9937508891654673
0.8170885070909342
0.6726419040177412
0.7332099229818574
0.6802964963722311
0.6394204631920495
0.6347213319799629
0.689767140574995
0.6551970573483321
0.6744649553252977
0.6554235258561635
0.6126052211503012
0.5766153676345581
0.6852993411906962
0.8691656260198862
0.7132016446233305
0.7367489475758078
0.6331104072420353
0.6458074474531565
0.7816395515823858
0.618525960192669
0.7615098466321192
0.6515437944585725
0.6656645266987213
0.6178651057223034
0.7251067348472253
0.6814109908346249
0.7078774184382945
0.6295046234941925
0.4682849528469476
0.7710512712097181
0.6357089470870926
0.7961251045971496
0.8152626805957033
0.6862891205624552
0.7510047439988528
0.6854483795716675
0.5582276403471506
0.6328270967083921
0.5828512286793394
0.5994721356257797
0.7315934864341501
0.6815694086947799
0.630222526488416
0.7740293265267226
0.5761848080326344
0.8720244682305324
0.7461562334424111
0.8340875112253051
0.6874553160372927
0.6940389476301478
0.6371042335871367
1.0992626167343207
0.6604976134030197
0.6734963955025843
0.8173865400186833
0.7019311996075073
0.6640755811563579
0.6964345434695003
0.7716260720393018
0.6199212763115782
0.617841709264543
0.6123018921027468
0.9535619739938044
0.6455372189155291
0.6718233635901918
0.6012037197147593
0.777400294340691
0.6030107095815088
0.6795331535621548
0.6445672891711669
0.8565377843193489
0.6820912470115263
0.5721756830794996
0.6841960664421864
0.7680802778276989
0.6123664753595324
0.7460157833068569
0.6511313183611602
0.628138406194733
0.6168367803099764
0.6763747084619873
0.643600547439494
0.6466329020999779
1.199755714672719
0.8105209565392762
0.7037355038947519
0.6139559974241339
0.6788652530787967
0.6134325215055367
0.8188165459989509
0.6166949850727808
0.7667594493756966
0.6367431749346117
384/1024
0.8714989102142101
1.022492663380293
1.1698949692658855
0.9548242726711109
0.8612832621604984
0.4477843742325764
0.7003654379473763
1.0737438775310604
0.5018595834366301
0.4883388457489635
0.7895277001872335
0.8945447968615551
0.5207347929328469
0.9430719267919406
1.0262185869123932
0.7189340454003773
1.003021479334729
0.9781838135315435
0.8841880602546371
0.8395264965429755
0.6058439239208099
0.8834534124063234
0.44308671345599715
0.8665176881545701
0.9545211834937947
0.7173338943275341
0.7992044505744248
0.4772784666188479
0.7489106620677844
1.3119864617046564
0.9972528095194891
0.6380203964829539
1.035169235528801
1.4662260217798464
0.5943864644562719
0.5196358524808271
0.9599614577557966
1.0560131149166132
0.6037940255792765
1.0442958525061843
0.9561196702442397
0.6826923178060575
0.5187555132609499
0.5917889241866575
0.6763329320663639
0.807702973772197
0.8710032504024977
0.5033039825270867
0.5056218080484771
0.7425096666822768
0.8382397476661234
1.2751865397542874
1.3902127813372889
0.8828579928323672
0.8740475551867681
0.5014268172245657
0.5698807218528124
1.0031223358291181
0.641654607246654
0.792847773057392
0.6806307163440146
0.591491116863049
1.084089579278505
0.8866696645325831
0.7815475678413222
0.834018946903182
0.9340132175075513
0.8776773235629789
0.5532927499582175
0.9758331868690628
0.945147024176652
0.7796630584079943
0.6048904651476421
0.8905427943562749
1.1291303034793125
0.9359292542836827
0.9745070761901424
0.845405850107503
0.7320650432220204
0.9257837301902284
0.5929818258861133
0.9627410687110465
0.9736054696327703
0.6831459405156675
0.9220938972848777
0.8608338050383855
0.6289668497367518
0.8493223559388208
1.096751021791254
0.9752717247491619
0.6528046439623842
0.5846938556504575
1.154701409156728
1.2315696252519126
0.6373664500873111
0.8151604097843619
0.8487485340960144
0.7400108257729318
0.7489814459294666
1.1966150422016666
0.7871018437661782
0.6170908699529758
0.9539433759865283
1.0350297441164373
0.766353662708769
0.47507641158769215
0.73110582814506
0.8801896985746533
0.7099181810716519
1.1607780918816237
0.9428731923078286
0.8823945373186679
0.515349536950162
0.8373661120649174
0.9686234458259213
0.8175514324636654
0.6940432788808855
0.9621688270487613
1.067484400405153
0.8421710914388781
0.9505573311234725
0.6896037799553698
1.0094550317454947
0.820097113669866
0.8059268755768233
0.6779304968296987
0.9901784071393656
0.8985827071883857
512/1024
0.6166363978430522
1.0437708741833185
0.5178974396542095
0.6507775946593332
0.4613878852012096
0.4755530701460893
1.0911804935492486
0.6266582132079274
0.5615980702362067
1.0328705237122155
0.7098182994117542
0.35649840611276257
1.000135248393692
0.7289901982180877
1.1453439721062169
0.4273774587121326
0.41210854161903104
0.22504925791510527
0.5154046316842618
0.7192148254165578
0.6115419537857555
0.9703344798265066
1.2185200539180387
0.6902176513676125
0.49953138642346173
0.22075008444495647
0.9768185976814967
1.1333669789866698
1.157228673971614
0.8055813613707339
0.2773168969877759
0.8438699974770473
0.4491418005392688
0.03006281107373976
0.9526062548950276
0.8165116150478415
1.0799261603214159
0.9910338970830708
0.518183054908942
0.8412199223335772
0.48925771757683756
0.8891282976901336
0.734292150429577
0.7630286122956015
0.415596414562389
0.9036517084227293
0.7312578261348361
0.3581050347130196
0.7080418890803969
0.9364366210332238
0.41054103067128184
0.4851796585306897
0.511816749957128
0.6938974414169321
0.540849679921741
0.3716648571380516
0.9518323206592336
0.24579320908575325
0.9705082050229894
0.608764149332433
1.2876332990571133
0.42518484785462174
0.7262257963832032
0.3877176899346686
0.32719006292421043
1.1945083135337737
0.7763708909205363
1.1323771598735877
0.5724355715928899
0.3356124151783354
0.6722998137076492
0.5256447756639777
0.5755629274886747
0.236846128617011
0.22991597524532548
1.009056386503848
0.784058174764809
0.8553472669958927
0.4476601366509796
1.0222154536403751
1.2528508570626848
0.21152846421402105
1.194530531641857
1.050033592451011
1.2316758241598764
0.4076704228559537
0.2294552063871123
0.8115323546487563
0.756543938234157
0.7913022254809083
1.046064067070069
1.1424119689164691
0.48446822200775935
0.8667272374720382
0.6110593271241382
0.44112342772140606
0.9237900640598476
1.2134736512797957
1.112914685117403
1.0576524996435686
0.40838017547199845
1.2209579917983957
0.7050895896646473
0.5437442926390385
0.47784920660787966
0.7637780447383877
0.252170198524002
0.5535057355481976
0.21801572247766351
0.7437638296002578
0.7915800852532235
0.3199510003069237
0.43449029115393956
0.7219657147292048
0.6177232617338795
0.8508171185866888
1.104929239503123
0.6730859188895817
0.8451319653332809
0.7116553502269023
0.6450015712470691
0.5309398780728589
0.26443784606974025
0.4538379793270443
0.3644186038736861
0.4743404995532417
0.9580382549644522
0.0567472568592593
640/1024
0.7498692055719682
0.6466638578956905
0.662498530954319
0.708045364351818
0.7162933196663794
0.6909396804964596
0.7689818351230421
1.5010657067978908
0.5896733378449281
0.7091696648991008
0.6923312529514527
0.5885177671533504
0.7921353987477096
0.5743724962841013
1.414172457963352
0.6055989255536661
0.9098984951811271
0.7639696118440127
0.5593992143242303
0.7627736667727832
0.576151459335384
0.7984265256285676
0.6912142861092796
0.800661175645158
0.6233957966335707
0.7112861972000275
0.9124608981013446
0.7588117029732543
0.5735555250970927
0.5761367812395211
0.6279829580787096
0.6849162395269234
0.5946529048722771
0.5979302635755158
0.6537112322524484
0.6218013746605942
0.5831565308010086
0.7117380006049802
0.7256627018450024
0.5489438020539483
0.6245341869196404
0.7168991336325632
0.8251134167125294
0.5932303229383861
0.631939226048208
0.6027565426718922
0.6775598585200153
0.7826189135343301
0.5729262607435338
0.705097418791486
0.8248455463335181
0.6535549762588375
0.8247576766400551
0.8739913864496134
0.9490769455191967
0.6806867713214735
0.7353130161130684
0.5681900588877421
0.6000738791710507
0.6554582308769492
0.6507640199571827
0.9315214989311607
0.6835160149470274
0.5864826284946179
0.686649749774183
0.71608413856311
0.7250552945105364
0.5890225830020334
0.6533777508112069
0.6044413969986583
0.5951706833323122
0.6742773178280963
0.743769975980566
0.8426419076504242
0.5731568866040183
0.7285052345702129
0.5836016846745031
0.6835870589474387
0.7718555789638311
1.0189323106910804
0.8334506016685125
0.5310895754531169
0.6552616282048097
0.7670656394813569
0.7469758073450812
0.7601484377080646
1.485905606818092
0.5714755827012354
0.7578079130725117
0.767641659900802
1.150461187427598
0.7764380702816878
0.6331500502126262
0.6981387698140273
0.6687055780516444
0.6521582552792949
1.0944668917955103
0.6071563079207051
0.6437958689169976
0.9698070812581376
0.7905783507172772
0.7062164864815044
0.6518205084240423
0.7327839000488742
0.9711621501086161
0.9119489298886192
0.5666085643427472
0.6397374358125459
0.9388172506766793
0.7675472148909364
0.5201513934726012
0.8113885122402711
0.7882057075479113
0.6954043888446289
0.8464268929875535
0.7513075294232542
0.7652901564263858
0.6737840994160963
1.2401195268805552
0.6907859136329332
0.8635250659965937
0.6839154193775692
0.6209839967650839
0.7788406469240089
0.850003494494229
0.7114832646463125
0.5928295737979454
0.6677557252186772
768/1024
0.8682269724964915
0.7734677011188514
0.8468265796534864
0.6039679301991797
0.7351776178360494
0.3704000086416902
0.7279883065036691
0.7452533171456192
0.7285588554829693
0.6917135927859196
0.8470330401839543
0.8798980180563115
0.7012592486074967
0.8126412205629661
1.027826451616005
0.8171181024802862
0.705099035706051
0.6855909778145317
0.7569700368862965
0.7630336790946992
0.7216847577824145
0.6010284723247599
0.37264260696253276
0.8177213461734703
0.663405647236567
0.6695516021868338
1.0698378911103361
0.8226078505185148
0.8192161876640982
0.7894860447016292
0.6784631096335474
0.8293602988224473
0.8297201198789348
0.7168882568979599
0.8410005486115196
0.6014193285326623
0.7285500832549804
0.7490425592876784
0.49137296488485427
0.6440099592098056
0.47772789342595173
0.8394912620849275
0.7780371165530304
0.738188528853797
0.7278250892857842
0.7706034217929975
0.58206062527146
0.6693613307378794
0.6363520666780137
0.670477803789299
0.6305523260991936
0.642258886278521
0.6671532989746438
0.5988820979741427
0.6833546466312791
0.6440979135080711
0.6722133103982756
0.8310268915472908
0.6614273016588824
0.796173786245217
1.0142248769131887
0.6884591649040315
0.7555438761606428
0.7661842266115999
0.5859772586163912
0.7319011567475813
0.664522568455686
0.7085794506978732
0.7534608157686772
0.7879487019421706
0.5105707409837731
0.7723106899603105
0.7897665051009982
0.7886568787657837
0.7182464588422279
0.7738182048575644
0.6279628288888355
0.7033950416709919
0.46998359985196725
0.6975776471369599
0.7758430747499316
0.7245598978872037
0.8795047767601041
0.6818612633937059
0.7819154516327239
0.9021025785489223
0.6094298885501443
0.5686423971232877
0.8229182978110163
0.7525718894983741
0.6519917623836352
0.7183063766414785
0.8111826662533501
0.7096676660275665
0.8366392619330205
0.7115397510705319
0.7625965004854236
0.8474628566020534
0.759108375067888
0.5779456641251259
0.8534599810192212
0.7084502090512435
0.62015671173574
0.5283289319823075
0.7045792299264793
0.6868830889382903
0.7766688937763058
0.7093705980349944
0.6419992230532781
0.6564507611178267
0.7629563741359286
0.7794548502411608
0.5178158380199254
0.724962632242716
0.7638124258298399
0.7427037500965781
0.7542087834977975
0.6927896108883447
0.6493478941568314
0.7728195167377381
0.5688484574710218
0.4960302524656318
0.5999616361834441
0.7142936457859281
0.6307298272049666
0.5803867330866365
0.4461821672375941
0.7119788521759776
896/1024
0.7754718618478242
0.231261317719608
0.30187452429012773
1.4717838390480336
0.24180688247993698
0.36433876482781036
0.791415379598856
0.5417424341762221
1.23063839476811
0.3948875942639909
0.2800500488210087
0.8020665310461441
0.21376053878896945
1.253912007812237
0.4981380542445234
0.26581819839917153
0.46755249442403707
0.3578746066207812
0.2300721298889262
0.48395193434190453
0.44626288240665724
1.1996571552256712
1.1198085622153013
0.40654993867721356
0.8087377139121513
0.24036466760047642
0.38918457570432957
0.23574128431006267
0.22605856011970304
0.6152446366578517
0.7408787968240342
0.6208588259497871
0.6912883978720743
0.540229152735232
0.40180461616704977
0.22582514570672801
0.20894077922174709
1.5514139454270222
1.037363040010128
0.8215423515829401
0.8266091388695318
1.4626740475638047
0.42733390942455013
0.3366216109853599
1.1950122697980843
0.21245990004424173
0.29908733554866523
0.5700553370928786
0.4052637975594714
0.22225791222973754
0.21074059744925916
0.7378760156927449
0.29477214763329085
0.776031096531107
0.26070722574586036
1.2147976185197418
0.322112676761987
0.19791058192181696
0.3792617546014979
1.2609674917614155
0.46676031939706475
0.44880965986383037
0.6311709600886857
1.1100328144151919
1.3096678731372957
0.7958547132380412
0.987168469020038
0.21262077403714502
0.3838177890818291
0.38378456984599874
0.3241749517243051
1.520600281523866
0.19413804252147154
1.1523462490418
0.18888035593492986
0.2946177122896773
0.3718857905294493
0.2760379799891248
0.22711540406386566
0.6082670430425506
0.8138988995679357
0.24967884518104916
0.2004391090202834
1.1157796535463151
0.3018533066017462
0.6179997367876003
0.23982642990901584
1.2782006868729723
0.31719402357235127
0.20538017383737428
0.3575012299332623
1.29966084243768
0.3137660203672553
0.49771493085173113
1.3778176724526752
0.4357018603527661
0.363796768584785
1.024419394351298
0.6697510383089876
0.2007147418539303
0.6116031522210218
0.5595348305629574
0.42257448858119584
0.6190478114924811
0.7938026137500894
0.4128051203302331
0.43973439063173614
0.5665115156534267
0.46449377855294194
0.7168023945687121
1.4856596199828154
0.24535890009021954
0.3910659084389593
0.27040847394823053
0.18596784120208842
0.2805415738888712
0.36897697865998536
0.5662501946538543
0.8954589834615111
0.2269076322675644
0.21423362217141362
0.9344372543847634
0.3381323619783292
0.24934515634768817
0.34119315851297616
0.22461092590610093
0.2843254041850931
0.9752558176701959
1024/1024
0.5682311335879888
 97.305420 seconds (76.83 M allocations: 12.896 GiB, 1.60% gc time)
λₖ = 0.8
Warming up
128/512
256/512
384/512
512/512
Measuring
0.7343531882818645
0.7391796533815469
0.9067354033228651
0.6816706383877844
0.7792455766511661
0.6219929943625124
0.6314917983130368
0.6526332149205543
0.4523371679995274
0.6929421292685407
0.8037634872915596
0.36930535183922436
0.6826699358958873
0.5557069109954539
0.578945517355177
1.200654102277423
0.5224949272820867
0.6928734178904238
0.8259788527746286
0.7138066620610043
0.837087918205211
0.6305927847253407
0.6418413663580451
0.8865909305378646
0.6638023662564907
0.7429945301050132
0.6937080359726537
0.6192750760130615
0.4860499535587247
0.6951942053853923
0.47866773771678106
0.8116421738481288
0.7481681414304714
0.8710298246892564
0.13629089272953127
0.778853270667875
0.7200615851439193
0.7980934836380302
0.6911189292468803
0.38217538837308657
0.7116587997670374
0.6743767326249841
0.10319375642145512
0.6484680151226312
0.6653277471388188
0.6811797725898104
0.4646725735528384
0.7295552268509496
0.7634891503668442
0.7068116165343215
0.7316589151183621
0.6785669769266367
0.6567747757544387
0.7006374139046581
0.8695886741668151
0.8770290481236553
0.4947467761706651
0.6227594141022966
0.7817724269062405
0.6862110903642984
0.6318667054401896
-0.2814060721585962
0.6685492673528975
0.6634513021792465
0.5919165711588404
0.7028533750488024
0.6483154312736372
0.9336512899614153
0.6737971496851081
1.022563542977361
0.5451616672786483
0.777509987767128
0.6901347584226797
0.4945332503515972
0.6941382988006053
0.8465698434632161
0.5640008436876967
0.20657656002405422
0.6954042346300484
0.0584981579517245
0.6782142001856873
0.3399629281598753
0.6694613174434173
0.48089193585845225
0.6395776715909489
0.6734081637766586
0.5320748464998143
0.6953416419473323
0.38939397371620155
0.6222384450542792
0.6675999920785293
0.018939433880687584
0.7084013374754285
0.6010713900456822
0.6991221753124285
0.6934282433566321
0.6902638981077345
0.7159963857539818
0.6936151601112079
0.6862541328010123
0.7385799420476749
0.6514377351034186
0.6989865946482108
0.682296123981598
0.6956323061839186
0.6535389498320388
0.7281308477163873
0.6816085432025496
0.6792847618611382
0.681437870120847
0.7063574567081689
0.7566537654560748
0.18547264185549092
0.686720066535958
0.683854298266116
0.6738205426830484
0.670464843573831
0.7079183332971799
0.7810452387186695
0.6762421037250739
0.729204904878863
0.655749219319435
0.6238385318951751
0.5373667909530242
0.7093565956429609
0.39418819976006075
0.9511435451312656
128/1024
0.42286875681523584
0.6886911447631919
0.7425757726751004
0.7144548496278998
-0.06891633028026861
0.23133128770306258
0.7971902157021802
0.3777251946354545
0.5770726192441162
0.17906047960905888
0.37319236606792405
0.51039490007099
0.5332593668407468
0.3675432604058046
0.8398191026651405
0.6418595794839274
0.8019787561483134
0.7017882661307495
-0.05632079649191313
0.47127532803822036
0.023719491983395735
0.2774137210616984
0.5975898527498315
0.48117485958704975
0.5598116249148269
0.7700161539625546
0.5218517640579037
0.813142170827641
0.7015190040893731
0.6531478390500083
0.5585127299751584
0.8190692399633732
0.8219642783902037
0.8568583137374504
0.7135345240704911
0.2314706501626152
0.6668763548384522
0.4813701536318102
0.763633844620207
0.2840363401850935
0.5363250601354987
0.7392179262605865
0.5420291997425899
0.8377955821668348
0.49914135668161685
0.8359445152317411
0.838661990376087
0.8245935656566081
0.5689216454677133
0.7922403323887175
0.7719597030548172
0.6712736789760931
0.8285655955862665
0.8284626441291172
0.6820484027905678
0.7710804232558652
0.39981419702164794
0.45541288742035096
0.6063418036112735
0.2854681379389113
0.6121376624714047
0.7826257591206756
0.5305956619256996
0.665430611171163
0.7779683958188122
0.5814188403683638
0.6105249380640507
0.9142643387877585
0.7377395221403935
-0.08185653404690996
0.6528133793201154
0.0691402615679359
0.270168049964879
0.7966615767521494
0.6976541776408764
0.61354953334083
0.7461030073446459
0.7434417235658772
0.7483573467151142
0.08656854722664908
0.5930590299543864
0.5757553210632399
0.5891153587633837
0.608457565434201
0.8373297638388439
0.2322840808143047
0.5283105965000217
0.7273852521892569
0.18719397127791004
0.7297417845431431
0.637950605361411
0.6896955598615284
0.14279543954693502
-0.3074603005318162
0.3221693497434278
0.6457059865318211
0.1970629475292665
0.6128083982189287
0.6865666013901109
0.6783347165663611
0.5977676716795801
0.6772970990425322
0.4233335726348549
0.08696135566220864
0.5921026753049576
0.7300046931348286
0.7778474873792052
0.8036898126991379
0.5193007918982794
0.19174991954941467
0.7581098956095169
0.6051971235475291
0.8286462355368994
0.6402302602223557
0.743516138896859
0.6542055022163619
0.6428075878799583
0.5441677140189991
0.1568993491965357
0.8149701842196044
0.15734634739390257
0.7777150086344689
0.8086253912026352
0.8080521738951001
0.7801378463364379
0.4856420413645385
0.10948045671295986
0.26422524140379255
256/1024
0.7917493042423853
0.33085033440448425
0.5486679171233345
0.3190285477134732
1.0146580246653665
0.4036935259427643
1.6020326376016925
0.6715845392812322
0.9095059270864306
0.38106727938027984
1.0021453074490208
0.23593418288587706
1.1516757891193685
0.7268594867517368
0.49773981030358516
0.24537861078156428
0.2608523938849563
0.8551258852076195
1.4064397462239286
0.5845728621318143
0.602689231293907
1.2857703691687297
0.6403244705277236
0.8377121354590165
0.2847798358686686
1.2423377032408147
0.42058491389323954
0.8598915865374728
0.4269410660713427
0.851407307033169
0.38270752999830415
0.6029681544639681
0.7686847810727155
1.2102912236242158
1.0898369495669589
0.8688437542244515
0.7377846603588751
0.4865332386452499
0.8322256944412102
0.47987438339763977
0.45790480285295104
0.25267115291188963
0.2844586766827042
0.4290771766729733
0.697470082605357
0.9766060885569188
0.5564705576917794
0.909249024074258
0.4462710517824998
0.5440251054974672
0.33140957981524743
0.5799694103685844
0.5107463045407984
0.4514706120842375
0.6253710555720217
0.48765851845399666
1.4606217795913747
0.6005483079897145
0.4226153845948748
0.32341722395346856
0.3504898283022971
1.003165425419759
1.1359575160983089
0.9217914902602866
0.6951813752188925
0.23540654746654005
0.31735808565002144
0.3638840332307521
0.2925380521501502
0.3150475855414656
0.43708816631395137
0.7251098055557998
0.5309314246703092
0.9479119352652112
1.200563273298831
0.5950987724478995
1.211449829463457
1.2358484730410775
0.287054619195347
1.1470366932004052
0.3410009262385864
0.7422466338618937
0.6515576897576926
0.5299296264704336
0.801491908084461
1.0849174079950887
0.5070703496189255
0.36155406167578763
0.3030787611013689
0.31333555433906857
0.8428626460480021
0.7794799254115619
0.7749005590311999
0.5923723161498831
0.7019746205752844
0.7008863671073364
0.4313334469457689
0.4431717812626352
0.26335111272878414
0.27011085357427694
0.5408354154801649
0.2866338775772555
1.2362480035765788
0.7770626322733329
0.3566848595608897
0.4042118795977555
0.3396709536624619
0.273482311714281
0.3552133741032104
0.7212055672569543
0.7880006557654688
0.724807247002003
0.28212679059896756
0.3337179773153721
0.5662735185754274
0.927847366589711
0.5407893640394796
0.31587568918541964
0.37219092388100705
0.8672780803761391
0.5986564476743386
0.38804315689696894
0.4441746834617205
0.4184683910505691
0.22972475942494183
0.5506580358405593
0.3294742969234112
0.3872495296393833
384/1024
1.0562639509261877
-0.14943155470627845
0.3157281249711508
0.6920997756778852
-0.034031379739057066
1.0500866615990148
0.590579026077041
1.2184328413315655
0.14593971421595683
0.39069759917969915
0.264191793758073
0.8482967305248295
0.5541232179073005
0.6303611669967509
0.10101271360227976
0.514273213941468
0.34807402027505063
0.43311329110159813
0.39617663927527286
0.6912004704947872
1.0053397225576948
-0.000615604103666012
0.3352938153743316
0.9560717803153387
1.1054990909580837
0.5958571655714077
0.6560976326226016
0.4165464227155449
0.26752650010470425
0.5681738280817197
1.2813787570026127
0.2680336279909962
0.8922446907746442
0.3565603020502072
0.24846355018511995
0.4087605933529725
0.40908104397141076
0.345485547712893
0.8326242204049132
0.6364439297438254
0.23291013893366408
0.6146616547038625
1.174619346390972
0.10761474068904271
0.4029842681546373
0.56820136567799
0.7144121307486784
0.6419162769309578
0.7301770178974263
0.38273738528106666
0.42963939298930104
0.21612192418010678
0.7240927249007018
0.7473913319512431
-0.2166560932769067
0.7019771588908057
0.38154026152301135
0.28045256538506785
0.3743830365974556
0.7989738382816122
0.5453079784493979
1.1854784769249256
0.8643350967834373
0.6872413941264139
1.2542703984238823
0.6058575005038548
1.1790969380556264
-0.1760653027767599
0.9295526581869207
0.7214408147327728
0.8083850856442741
0.34042196789725365
0.5490332974068466
0.8702144452493311
0.6819342049741249
0.4520796666375391
0.46060538396992967
0.43904037343995705
0.8746392609552832
0.7253630271002411
0.4643622225141655
1.0787775008165483
0.9282035421776114
0.7389405396768403
0.35045692279898344
1.1986950131555711
1.0972746635921728
0.8626396917065398
1.028624241087268
0.6073111825791192
0.26409031902540614
0.4961825407437614
0.13107787214015035
0.8425984266552377
0.8180811100708889
0.39159330471420173
0.13138202634915266
0.3736816057581619
0.598665071592114
0.5235770977366687
0.7672977701707848
0.21169554960437836
0.8706067610552664
0.6445980000747971
0.8387775630762893
0.24807705526145363
0.7239729248175122
0.4019992540250849
0.9006110528123602
1.1351961066608087
0.5595812458618065
0.7154320829435108
0.5521072378789499
0.8968622952520042
0.36566452836734786
1.2061436499534643
0.7863959438435284
0.6670700173690334
0.42932352792771267
1.092162311497697
0.5866432677373079
0.5408774269707733
-0.5276236253638381
0.6845332703127058
1.1541485741581656
0.5488505044798226
0.8612647642668789
0.5325275335782882
512/1024
0.35282523652462433
-0.013354025113519907
0.7517816029692015
0.7865971441580191
0.5839065860636481
0.743674129189681
0.3959239174444607
0.7105073803955934
0.6920533561943701
0.8724809154361659
0.599498359463407
0.8001217700850947
0.6763634824547687
-0.13196024128461364
0.5650179548859531
0.7444974382445004
0.8312533048815683
0.4884272776637619
-0.7111482206263784
0.6353197373041091
0.8716615331377241
0.42632869664677436
0.7253278704861446
0.6941635108956405
0.3630690648294136
0.7111973911765781
0.827225428320452
0.8900885707866657
0.8691429738460246
0.8514042585892883
0.6067748904564173
0.5605561121967124
0.768159821415206
0.7192554611556876
0.6093823032097706
0.6728428676701411
0.7995901957529573
0.8821120117058796
0.6077969958042387
0.5394829700067837
0.46121622130187956
0.6081555261113938
0.7048356972854826
0.7179358132867234
0.4912851575517303
0.8128269543812872
0.7561294762193284
0.8273662315220681
0.24875313671732804
0.7029313583475301
0.7832717096405262
0.6131301865803471
0.8660874561371393
0.6672364114507632
0.7945808096368534
0.05619383650185933
0.5022940527606767
0.8085379950727831
0.6252054022133127
0.6361074824715662
0.8124920350062905
0.60070146845461
0.3932949649495986
0.5070857647807269
0.7040588894004017
0.8041826851059273
0.6679347094559367
0.20925452042326392
0.5709554016646883
0.690707441869661
0.650631120576884
0.3494407731163552
0.8443606561516246
0.6812441775191563
0.5526094048202285
0.5861976329323741
0.4116291637592606
0.5917511290153268
0.6854410582410764
0.37967005530348097
0.6730808182458962
0.5650694692031035
0.7367490196641446
0.5273864435457328
0.8409244364253495
0.7596973588295557
-0.06296561099846232
0.3499369794988267
-0.003544954903267228
0.4966032301441895
0.7770875842678198
-0.03568886430234419
0.7375121286442525
0.8143349462812074
0.7047262301735998
0.6507040927440395
0.7372631974367265
0.6620712090007441
0.5542996515439744
0.8791759092669464
0.6254078974160223
0.728172994643891
0.7175903304312304
0.283855587541781
0.7970030610308912
0.5492457007132142
0.7513154642686044
0.35886621450609346
0.7330838784175676
0.7444891798670388
0.7465960340416655
0.6668294599911087
0.7609980957486566
0.27957110671314195
0.7804273135215459
0.6973271082101287
0.764664437595918
0.008115990743116641
0.8710412322170491
0.6479220770364104
0.8122363353260991
0.6512787311841286
0.6746047145392842
0.31010583405719055
-0.02530001430084411
0.7453377725404653
0.8642416279237708
0.7818086035765835
640/1024
0.682713418168341
0.37266761423699113
0.6365901833941104
-0.3318034016335818
0.4348911430854709
0.2710542864656088
0.5096546631548184
0.7480649009908282
0.6425299438105365
0.3328846142217919
0.6094950973454192
0.8150971436007518
0.5320606096798921
0.7449472032654023
0.5840955757861033
0.5957529987282374
0.33943922487533607
0.5240058843698795
0.514796403021721
0.7299482060956564
0.5977236053878544
0.7990915609258683
0.4822576836530639
0.7860067064928997
0.724749038852672
0.4281099085031754
0.7955647461849105
0.5668229570853783
0.6421977447481816
0.8866423935793425
0.8178844401194838
0.9853025831374264
0.386708415400306
-0.44404765852228534
0.1152115954081313
0.7696679429491973
0.2677036893658802
0.2615254418058189
0.7259640518882109
0.7334256274749276
0.7386413717307547
0.6370301097515901
0.6519402068358401
0.728558143233702
0.6804159182756215
0.727925637608696
0.6230473600801203
0.7012171748810934
0.6581096101158238
0.734890131377704
0.6553781572498151
0.818104121855604
0.751891450436579
0.7579554524460822
0.6511641623567956
0.7906780730020408
0.4107854279539676
0.6181696054957018
0.7238772522804675
0.830150192923834
0.5668702028111086
0.5497240311203067
0.8533247589838497
0.5392991435406277
0.620278135597201
0.798240465409855
0.7675078755936457
0.49914005338619327
0.8256860183875825
0.7066816510752645
0.3064587785907665
0.5883519234428979
0.20886421225697427
0.7318504144854645
0.756697381026465
0.8385784814308979
0.7209524492606301
0.9880957075001685
0.5715666497636838
0.7874622751815786
0.167781635509254
0.6886511306768006
0.5044859220258735
-0.11728922258943486
0.6103585846040321
0.3557520963428367
0.18971219674519285
0.6498940588384834
0.2900636488028079
-0.14883297544783414
0.7641917495460036
0.3951919242233226
0.5894686249684913
0.10726714063623427
-0.038487697784575836
0.7024505516611674
0.3171018503201668
-0.07056409553896081
0.27777443880837954
0.4386425060369141
0.7986720060592711
0.7843879189927375
0.29506483277551404
0.7105905942575121
0.7087314597369185
0.8137230817175025
0.3868419027298645
0.13174879707098464
0.7154838378593658
0.7413484849709284
0.775348449682911
0.71580286195609
0.3283815128229087
0.6078192573397614
0.4572595377482169
0.6693757205748159
-0.3817592574822405
0.702288123930548
0.7018660980374607
0.7547978089648069
0.6513492139793153
0.6129371180684569
0.2527918735621616
0.5237198094483454
0.6485560325897508
0.5246320059687751
0.7958372600610746
0.6327514230250997
768/1024
0.43826568600506366
-0.3206811578762282
0.3547950181392474
0.5384508898753023
0.3212866619580379
0.30728839371956695
0.5093541227853263
0.3420456451651218
0.09926608559798239
0.4278819286096854
1.0796848200357774
0.44374541155034325
0.5378115773726537
0.5630069515811158
-0.026857463167516582
1.0688373297749245
0.21024876286818295
0.7503774480828357
0.4452981617651675
1.0169605486234987
0.8427516757977951
0.5614506911613455
0.44761027506883366
0.9183611867550764
0.2882716770001539
0.9353728715893161
1.2255515500473646
0.6422586094142699
0.1245103187997417
0.21178991313670392
0.287393444382783
1.036279125209111
-0.05314721165756403
1.3031023291769503
0.2328508851493461
0.7398726227528938
1.1620128321382412
-0.024572744040951888
0.09463851292716202
0.0009327958993495256
0.7576412502458097
1.6861447453460734
1.5415023213417431
0.2366099367442074
0.11203136220016463
0.1830227742677139
0.13340099696096216
0.2789399637349318
0.1754372550379314
0.787090563940128
0.7063528261284906
-0.03630752815756255
0.19956545657917107
0.5377374350252797
-0.1406711002613794
0.4316513880405306
0.1392288191499645
0.16181186936340847
0.0754795853006216
1.4104615374377698
0.29866980617438166
0.2987055850363201
0.6871851915121747
0.5202021257753923
0.17082477485314207
1.2143786753064052
0.31657037929003073
0.35534509385535296
0.9660229762280655
0.1686920266689559
0.25785340682581503
0.1488762571552337
0.40570589734243817
0.10395149852554875
0.7921957174673924
0.44187345855751936
0.4333325629879251
0.1537576227369067
0.520669797123498
0.3575665333061299
0.8163311479063633
0.07610210174529915
0.4169425812270676
0.6406422510608685
0.5246645589690715
0.433924393977889
0.37389431525471284
0.38014589166035284
0.3502427839580113
0.18652789268561598
0.16122557348060715
-0.20557865213257043
0.07496478038430511
1.8982150422811754
1.7246281887227763
0.19210786961073423
0.20674858640111654
0.12287665691557789
0.77551918156776
0.6879334468030412
0.4116794156827091
0.43135221178341865
0.7589404137434463
0.2012805643152679
0.38867912554461886
0.6323782915309525
0.9443132802118908
1.3050700890659679
0.35300634597292535
1.1150212660755279
0.5235532199787071
-0.046335581008166093
0.7704152872538175
0.24455096082635658
0.7730530253762513
0.3751909672510991
0.8244164449341733
0.37791821527254355
1.2464861381160464
0.0002458308177565316
0.7262672003813735
0.6494008905083082
1.7323683347109817
0.3661503722436898
0.6273673514689847
0.4869654522714573
0.9521586609955245
0.22156869618956457
896/1024
0.46603176584344297
0.4757812878763308
0.19547304539278665
0.6793549255175781
0.48060419816051525
0.24051015305875942
1.3170510580141686
0.7746904866745857
0.7827857164791796
0.03073140571686815
0.24184860649265977
-0.29299282967984713
1.2882291344371914
0.06737236984543432
0.2376658533501148
1.383645015367494
0.6514779866502782
1.0454252768547942
0.8545293814132846
1.1899134060627778
0.350439120823979
1.1901400697627702
0.08371394404769383
0.6856908470554643
0.1609536069242311
0.0528995379243877
1.1636821944919244
0.1553131434797711
1.5129707700446557
0.42087530276071206
0.1767034176444016
1.0196004935446517
0.4770129500786551
0.19309407909245396
0.941834599709551
0.7001266218552468
0.3485462161538825
2.5128300235935663
0.6001982684388788
1.0861949630095336
0.3422327448629996
1.2139620115562955
0.6964743004240448
0.4542661852319002
0.6091241557898637
0.2624741400070336
0.029172897414188298
0.26332297756014567
1.8135270345996715
1.289363771933669
1.53042189909186
0.0622058055568839
1.4835880242654602
0.45877262716286304
0.7296297709820643
0.2127342554646414
0.1593422810676191
0.25684287523048943
0.312299069275119
1.3373208262807075
0.13902145757122378
-0.1106805053563863
1.258481767085609
0.3421103445974334
0.40329869882241903
0.9554861879432022
0.7277244371578564
1.0290171434676998
0.8038417908084299
0.3578470376668412
-0.008254023227502849
1.4871141932534693
0.18267122881778458
0.15747891755587495
0.478949155559846
0.26353520008018494
0.9125881653810807
0.9935950255442407
0.19986666942472398
0.9252152443648837
0.14123765250051812
1.3034851381404704
0.06978212817928564
0.7164674537784961
1.0884336134946424
0.23280469867360779
0.9360357066486599
0.2969918388016197
-0.2093725021479818
0.36126761870526314
0.17958268644333994
0.26950833848132427
2.0487736676493764
0.3187710780369953
1.8721512033550802
1.2280203133201986
0.38981044833746753
0.4287577155224024
0.9243688016466853
0.2537391175622684
0.35155112775348346
1.5757156069609972
0.6996658771603745
0.3346374243363507
0.19888589822227531
0.17126780443761558
0.7584941603928035
1.1271291014454135
0.14150564593881843
0.37550125351172253
0.282055449359049
0.2992238928164943
1.02154037838366
0.704588323136608
0.10150958215326804
0.2790900081257074
1.0432571306446878
0.3333078366028671
0.5775036414186254
0.7344625875180602
0.8313891555073649
1.2364947373391901
1.1326839359872205
0.2825088635531805
1.8637998708096726
0.09415055092553457
0.170441396078095
0.29133856418085174
1024/1024
0.7819765096329567
 96.412542 seconds (76.83 M allocations: 12.896 GiB, 1.62% gc time)
