## SLURM PROLOG ###############################################################
##    Job ID : 8834006
##  Job Name : sbatch_etgent.sh
##  Nodelist : node1322
##      CPUs : 8
##  Mem/Node : 4096 MB
## Directory : /oscar/home/trazzaz/AFQMC
##   Job Started : Fri Feb 28 04:18:24 AM EST 2025
###############################################################################
seed = 1560
U = 2.0
β = 6.0
Warming up
128/1024
256/1024
384/1024
512/1024
640/1024
768/1024
896/1024
1024/1024
Measuring
128/16384
mean(sgnprob[1:i - 1]) = 0.29133858267716534
256/16384
mean(sgnprob[1:i - 1]) = 0.34901960784313724
384/16384
mean(sgnprob[1:i - 1]) = 0.3681462140992167
512/16384
mean(sgnprob[1:i - 1]) = 0.350293542074364
640/16384
mean(sgnprob[1:i - 1]) = 0.35524256651017216
768/16384
mean(sgnprob[1:i - 1]) = 0.34810951760104303
896/16384
mean(sgnprob[1:i - 1]) = 0.3474860335195531
1024/16384
mean(sgnprob[1:i - 1]) = 0.3509286412512219
1152/16384
mean(sgnprob[1:i - 1]) = 0.36055603822762816
1280/16384
mean(sgnprob[1:i - 1]) = 0.3557466770914777
1408/16384
mean(sgnprob[1:i - 1]) = 0.3617626154939588
1536/16384
mean(sgnprob[1:i - 1]) = 0.30293159609120524
1664/16384
mean(sgnprob[1:i - 1]) = 0.2555622369212267
1792/16384
mean(sgnprob[1:i - 1]) = 0.26744835287548857
1920/16384
mean(sgnprob[1:i - 1]) = 0.22146951537258988
2048/16384
mean(sgnprob[1:i - 1]) = 0.18124084025403028
2176/16384
mean(sgnprob[1:i - 1]) = 0.18988505747126436
2304/16384
mean(sgnprob[1:i - 1]) = 0.16369952236213633
2432/16384
mean(sgnprob[1:i - 1]) = 0.17647058823529413
2560/16384
mean(sgnprob[1:i - 1]) = 0.19030871434153968
2688/16384
mean(sgnprob[1:i - 1]) = 0.19836248604391515
2816/16384
mean(sgnprob[1:i - 1]) = 0.20781527531083482
2944/16384
mean(sgnprob[1:i - 1]) = 0.217804960924227
3072/16384
mean(sgnprob[1:i - 1]) = 0.1904916965157929
3200/16384
mean(sgnprob[1:i - 1]) = 0.19662394498280714
3328/16384
mean(sgnprob[1:i - 1]) = 0.20649233543733092
3456/16384
mean(sgnprob[1:i - 1]) = 0.2191027496382055
3584/16384
mean(sgnprob[1:i - 1]) = 0.19955344683226348
3712/16384
mean(sgnprob[1:i - 1]) = 0.2056049582322824
3840/16384
mean(sgnprob[1:i - 1]) = 0.2112529304506382
3968/16384
mean(sgnprob[1:i - 1]) = 0.18779934459289135
4096/16384
mean(sgnprob[1:i - 1]) = 0.19316239316239317
4224/16384
mean(sgnprob[1:i - 1]) = 0.1939379587970637
4352/16384
mean(sgnprob[1:i - 1]) = 0.20110319466789245
4480/16384
mean(sgnprob[1:i - 1]) = 0.20875195356106274
4608/16384
mean(sgnprob[1:i - 1]) = 0.21293683525070545
4736/16384
mean(sgnprob[1:i - 1]) = 0.2198521647307286
4864/16384
mean(sgnprob[1:i - 1]) = 0.202961135101789
4992/16384
mean(sgnprob[1:i - 1]) = 0.20777399318773793
5120/16384
mean(sgnprob[1:i - 1]) = 0.1935924985348701
5248/16384
mean(sgnprob[1:i - 1]) = 0.1999237659615018
5376/16384
mean(sgnprob[1:i - 1]) = 0.20669767441860465
5504/16384
mean(sgnprob[1:i - 1]) = 0.19135017263310922
5632/16384
mean(sgnprob[1:i - 1]) = 0.1788314686556562
5760/16384
mean(sgnprob[1:i - 1]) = 0.18527522139260288
5888/16384
mean(sgnprob[1:i - 1]) = 0.17479191438763378
6016/16384
mean(sgnprob[1:i - 1]) = 0.18104738154613467
6144/16384
mean(sgnprob[1:i - 1]) = 0.1717401920885561
6272/16384
mean(sgnprob[1:i - 1]) = 0.1781215117206187
6400/16384
mean(sgnprob[1:i - 1]) = 0.16643225503984999
6528/16384
mean(sgnprob[1:i - 1]) = 0.17205454266891373
6656/16384
mean(sgnprob[1:i - 1]) = 0.17445529676934635
6784/16384
mean(sgnprob[1:i - 1]) = 0.16202270381836945
6912/16384
mean(sgnprob[1:i - 1]) = 0.16625669222977862
7040/16384
mean(sgnprob[1:i - 1]) = 0.16920017047876118
7168/16384
mean(sgnprob[1:i - 1]) = 0.17399190735314637
7296/16384
mean(sgnprob[1:i - 1]) = 0.17751884852638794
7424/16384
mean(sgnprob[1:i - 1]) = 0.18119358749831604
7552/16384
mean(sgnprob[1:i - 1]) = 0.1707058667726129
7680/16384
mean(sgnprob[1:i - 1]) = 0.15978643052480793
7808/16384
mean(sgnprob[1:i - 1]) = 0.16433969514538235
7936/16384
mean(sgnprob[1:i - 1]) = 0.15488342785129175
8064/16384
mean(sgnprob[1:i - 1]) = 0.14671958328165696
8192/16384
mean(sgnprob[1:i - 1]) = 0.13612501526065193
8320/16384
mean(sgnprob[1:i - 1]) = 0.12681812717874744
8448/16384
mean(sgnprob[1:i - 1]) = 0.13057890375281164
8576/16384
mean(sgnprob[1:i - 1]) = 0.1358600583090379
8704/16384
mean(sgnprob[1:i - 1]) = 0.13937722624382398
8832/16384
mean(sgnprob[1:i - 1]) = 0.13146868984259993
8960/16384
mean(sgnprob[1:i - 1]) = 0.13561781448822413
9088/16384
mean(sgnprob[1:i - 1]) = 0.1293056014086057
9216/16384
mean(sgnprob[1:i - 1]) = 0.1229517091698318
9344/16384
mean(sgnprob[1:i - 1]) = 0.12661885903885262
9472/16384
mean(sgnprob[1:i - 1]) = 0.12976454439869073
9600/16384
mean(sgnprob[1:i - 1]) = 0.12115845400562558
9728/16384
mean(sgnprob[1:i - 1]) = 0.11277886295877454
9856/16384
mean(sgnprob[1:i - 1]) = 0.1147640791476408
9984/16384
mean(sgnprob[1:i - 1]) = 0.11910247420615046
10112/16384
mean(sgnprob[1:i - 1]) = 0.12273761250123627
10240/16384
mean(sgnprob[1:i - 1]) = 0.12803984764137122
10368/16384
mean(sgnprob[1:i - 1]) = 0.1308961126651876
10496/16384
mean(sgnprob[1:i - 1]) = 0.1348261076703192
10624/16384
mean(sgnprob[1:i - 1]) = 0.13583733408641627
10752/16384
mean(sgnprob[1:i - 1]) = 0.12882522556041298
10880/16384
mean(sgnprob[1:i - 1]) = 0.12050739957716702
11008/16384
mean(sgnprob[1:i - 1]) = 0.1163804851458163
11136/16384
mean(sgnprob[1:i - 1]) = 0.11791647956892681
11264/16384
mean(sgnprob[1:i - 1]) = 0.11089407795436385
11392/16384
mean(sgnprob[1:i - 1]) = 0.11561759283644983
11520/16384
mean(sgnprob[1:i - 1]) = 0.11207570101571317
11648/16384
mean(sgnprob[1:i - 1]) = 0.10552073495320684
11776/16384
mean(sgnprob[1:i - 1]) = 0.1081104033970276
11904/16384
mean(sgnprob[1:i - 1]) = 0.10341930605729648
12032/16384
mean(sgnprob[1:i - 1]) = 0.10497880475438451
12160/16384
mean(sgnprob[1:i - 1]) = 0.10749239246648573
12288/16384
mean(sgnprob[1:i - 1]) = 0.11125579881175225
12416/16384
mean(sgnprob[1:i - 1]) = 0.10608135320177205
12544/16384
mean(sgnprob[1:i - 1]) = 0.10834728533843578
12672/16384
mean(sgnprob[1:i - 1]) = 0.1116723226264699
12800/16384
mean(sgnprob[1:i - 1]) = 0.10852410344558168
12928/16384
mean(sgnprob[1:i - 1]) = 0.11023439313065676
13056/16384
mean(sgnprob[1:i - 1]) = 0.11252393718881655
13184/16384
mean(sgnprob[1:i - 1]) = 0.11537586285367518
13312/16384
mean(sgnprob[1:i - 1]) = 0.1175719329877545
13440/16384
mean(sgnprob[1:i - 1]) = 0.11913088771485973
13568/16384
mean(sgnprob[1:i - 1]) = 0.12154492518611336
13696/16384
mean(sgnprob[1:i - 1]) = 0.12362175976633807
13824/16384
mean(sgnprob[1:i - 1]) = 0.12609419084135137
13952/16384
mean(sgnprob[1:i - 1]) = 0.12264353809762742
14080/16384
mean(sgnprob[1:i - 1]) = 0.12394346189360039
14208/16384
mean(sgnprob[1:i - 1]) = 0.12634616738227633
14336/16384
mean(sgnprob[1:i - 1]) = 0.12828740844087896
14464/16384
mean(sgnprob[1:i - 1]) = 0.13033257277190072
14592/16384
mean(sgnprob[1:i - 1]) = 0.12589952710575011
14720/16384
mean(sgnprob[1:i - 1]) = 0.12765812894897752
14848/16384
mean(sgnprob[1:i - 1]) = 0.1289822859837004
14976/16384
mean(sgnprob[1:i - 1]) = 0.12547579298831385
15104/16384
mean(sgnprob[1:i - 1]) = 0.12679600079454412
15232/16384
mean(sgnprob[1:i - 1]) = 0.12139715054822402
15360/16384
mean(sgnprob[1:i - 1]) = 0.11621850380884172
15488/16384
mean(sgnprob[1:i - 1]) = 0.11822819138632401
15616/16384
mean(sgnprob[1:i - 1]) = 0.11444124239513288
15744/16384
mean(sgnprob[1:i - 1]) = 0.11033475195324906
15872/16384
mean(sgnprob[1:i - 1]) = 0.11297334761514713
16000/16384
mean(sgnprob[1:i - 1]) = 0.11456966060378773
16128/16384
mean(sgnprob[1:i - 1]) = 0.11080796180318721
16256/16384
mean(sgnprob[1:i - 1]) = 0.11215010765918179
16384/16384
mean(sgnprob[1:i - 1]) = 0.11408167002380516
790.859412 seconds (167.11 M allocations: 70.745 GiB, 1.67% gc time, 1.20% compilation time)
