## SLURM PROLOG ###############################################################
##    Job ID : 7671084
##  Job Name : sbatch_etgent.sh
##  Nodelist : node1742
##      CPUs : 8
##  Mem/Node : 4096 MB
## Directory : /oscar/home/trazzaz/AFQMC
##   Job Started : Sun Jan 19 02:14:35 AM EST 2025
###############################################################################
seed = 1251
U = 2.0
β = 6.0
Warming up
128/1024
256/1024
384/1024
512/1024
640/1024
768/1024
896/1024
1024/1024
Measuring
128/16384
mean(sgnprob[1:i - 1]) = 0.10236220472440945
256/16384
mean(sgnprob[1:i - 1]) = 0.12941176470588237
384/16384
mean(sgnprob[1:i - 1]) = 0.195822454308094
512/16384
mean(sgnprob[1:i - 1]) = 0.08023483365949119
640/16384
mean(sgnprob[1:i - 1]) = 0.054773082942097026
768/16384
mean(sgnprob[1:i - 1]) = 0.07431551499348109
896/16384
mean(sgnprob[1:i - 1]) = 0.03910614525139665
1024/16384
mean(sgnprob[1:i - 1]) = 0.022482893450635387
1152/16384
mean(sgnprob[1:i - 1]) = 0.004344048653344918
1280/16384
mean(sgnprob[1:i - 1]) = 0.024237685691946835
1408/16384
mean(sgnprob[1:i - 1]) = 0.04193319118692253
1536/16384
mean(sgnprob[1:i - 1]) = 0.05928338762214984
1664/16384
mean(sgnprob[1:i - 1]) = 0.06915213469633193
1792/16384
mean(sgnprob[1:i - 1]) = 0.07984366275823562
1920/16384
mean(sgnprob[1:i - 1]) = 0.10578426263679
2048/16384
mean(sgnprob[1:i - 1]) = 0.11089399120664387
2176/16384
mean(sgnprob[1:i - 1]) = 0.11080459770114942
2304/16384
mean(sgnprob[1:i - 1]) = 0.11506730351715154
2432/16384
mean(sgnprob[1:i - 1]) = 0.12134923899629782
2560/16384
mean(sgnprob[1:i - 1]) = 0.09808518952715904
2688/16384
mean(sgnprob[1:i - 1]) = 0.09787867510234462
2816/16384
mean(sgnprob[1:i - 1]) = 0.10976909413854352
2944/16384
mean(sgnprob[1:i - 1]) = 0.0981991165477404
3072/16384
mean(sgnprob[1:i - 1]) = 0.09801367632692934
3200/16384
mean(sgnprob[1:i - 1]) = 0.10096905282900906
3328/16384
mean(sgnprob[1:i - 1]) = 0.1055004508566276
3456/16384
mean(sgnprob[1:i - 1]) = 0.10795947901591896
3584/16384
mean(sgnprob[1:i - 1]) = 0.10131174993022607
3712/16384
mean(sgnprob[1:i - 1]) = 0.09027216383724064
3840/16384
mean(sgnprob[1:i - 1]) = 0.07996874185985933
3968/16384
mean(sgnprob[1:i - 1]) = 0.0799092513234182
4096/16384
mean(sgnprob[1:i - 1]) = 0.06813186813186813
4224/16384
mean(sgnprob[1:i - 1]) = 0.07364432867629647
4352/16384
mean(sgnprob[1:i - 1]) = 0.07929211675476902
4480/16384
mean(sgnprob[1:i - 1]) = 0.08417057378879214
4608/16384
mean(sgnprob[1:i - 1]) = 0.08704145864988061
4736/16384
mean(sgnprob[1:i - 1]) = 0.08004223864836325
4864/16384
mean(sgnprob[1:i - 1]) = 0.08410446226609089
4992/16384
mean(sgnprob[1:i - 1]) = 0.08595471849328792
5120/16384
mean(sgnprob[1:i - 1]) = 0.08732174252783746
5248/16384
mean(sgnprob[1:i - 1]) = 0.07985515532685344
5376/16384
mean(sgnprob[1:i - 1]) = 0.06865116279069768
5504/16384
mean(sgnprob[1:i - 1]) = 0.07323278211884426
5632/16384
mean(sgnprob[1:i - 1]) = 0.0754750488367963
5760/16384
mean(sgnprob[1:i - 1]) = 0.07796492446605313
5888/16384
mean(sgnprob[1:i - 1]) = 0.08170545269237303
6016/16384
mean(sgnprob[1:i - 1]) = 0.0769742310889443
6144/16384
mean(sgnprob[1:i - 1]) = 0.08123066905420805
6272/16384
mean(sgnprob[1:i - 1]) = 0.0833997767501196
6400/16384
mean(sgnprob[1:i - 1]) = 0.07641819034224097
6528/16384
mean(sgnprob[1:i - 1]) = 0.0785965987436801
6656/16384
mean(sgnprob[1:i - 1]) = 0.08189331329827197
6784/16384
mean(sgnprob[1:i - 1]) = 0.07356626861270824
6912/16384
mean(sgnprob[1:i - 1]) = 0.07017797713789611
7040/16384
mean(sgnprob[1:i - 1]) = 0.0774257707060662
7168/16384
mean(sgnprob[1:i - 1]) = 0.07325240686479699
7296/16384
mean(sgnprob[1:i - 1]) = 0.06374228923920494
7424/16384
mean(sgnprob[1:i - 1]) = 0.06533746463693925
7552/16384
mean(sgnprob[1:i - 1]) = 0.06979208051913653
7680/16384
mean(sgnprob[1:i - 1]) = 0.07227503581195469
7808/16384
mean(sgnprob[1:i - 1]) = 0.07570129371077239
7936/16384
mean(sgnprob[1:i - 1]) = 0.06717076244486453
8064/16384
mean(sgnprob[1:i - 1]) = 0.07056926702220018
8192/16384
mean(sgnprob[1:i - 1]) = 0.07190819191795873
8320/16384
mean(sgnprob[1:i - 1]) = 0.06695516288015387
8448/16384
mean(sgnprob[1:i - 1]) = 0.06759796377412099
8576/16384
mean(sgnprob[1:i - 1]) = 0.061224489795918366
8704/16384
mean(sgnprob[1:i - 1]) = 0.05687693898655636
8832/16384
mean(sgnprob[1:i - 1]) = 0.058317291359981885
8960/16384
mean(sgnprob[1:i - 1]) = 0.054358745395691487
9088/16384
mean(sgnprob[1:i - 1]) = 0.04853086827335754
9216/16384
mean(sgnprob[1:i - 1]) = 0.049158979924036894
9344/16384
mean(sgnprob[1:i - 1]) = 0.05383709729209034
9472/16384
mean(sgnprob[1:i - 1]) = 0.05627705627705628
9600/16384
mean(sgnprob[1:i - 1]) = 0.05219293676424627
9728/16384
mean(sgnprob[1:i - 1]) = 0.048010691888557624
9856/16384
mean(sgnprob[1:i - 1]) = 0.05185185185185185
9984/16384
mean(sgnprob[1:i - 1]) = 0.0565962135630572
10112/16384
mean(sgnprob[1:i - 1]) = 0.052517060627039855
10240/16384
mean(sgnprob[1:i - 1]) = 0.05518117003613634
10368/16384
mean(sgnprob[1:i - 1]) = 0.05276357673386708
10496/16384
mean(sgnprob[1:i - 1]) = 0.054978561219628394
10624/16384
mean(sgnprob[1:i - 1]) = 0.05676362609432364
10752/16384
mean(sgnprob[1:i - 1]) = 0.0581341270579481
10880/16384
mean(sgnprob[1:i - 1]) = 0.06057542053497564
11008/16384
mean(sgnprob[1:i - 1]) = 0.06368674479876442
11136/16384
mean(sgnprob[1:i - 1]) = 0.06618769645262686
11264/16384
mean(sgnprob[1:i - 1]) = 0.06845423066678505
11392/16384
mean(sgnprob[1:i - 1]) = 0.06505135633394786
11520/16384
mean(sgnprob[1:i - 1]) = 0.06693289348033683
11648/16384
mean(sgnprob[1:i - 1]) = 0.06516699579290805
11776/16384
mean(sgnprob[1:i - 1]) = 0.0664968152866242
11904/16384
mean(sgnprob[1:i - 1]) = 0.06880618331513064
12032/16384
mean(sgnprob[1:i - 1]) = 0.06458316016956196
12160/16384
mean(sgnprob[1:i - 1]) = 0.06505469199769717
12288/16384
mean(sgnprob[1:i - 1]) = 0.06681858875233987
12416/16384
mean(sgnprob[1:i - 1]) = 0.06838501812323802
12544/16384
mean(sgnprob[1:i - 1]) = 0.06529538387945467
12672/16384
mean(sgnprob[1:i - 1]) = 0.06211033067634757
12800/16384
mean(sgnprob[1:i - 1]) = 0.06008281897023205
12928/16384
mean(sgnprob[1:i - 1]) = 0.061963332559758645
13056/16384
mean(sgnprob[1:i - 1]) = 0.06365377250095748
13184/16384
mean(sgnprob[1:i - 1]) = 0.0663733596298263
13312/16384
mean(sgnprob[1:i - 1]) = 0.06288032454361055
13440/16384
mean(sgnprob[1:i - 1]) = 0.06525783168390505
13568/16384
mean(sgnprob[1:i - 1]) = 0.06714822731628216
13696/16384
mean(sgnprob[1:i - 1]) = 0.06506024096385542
13824/16384
mean(sgnprob[1:i - 1]) = 0.06474716052955219
13952/16384
mean(sgnprob[1:i - 1]) = 0.06702028528420902
14080/16384
mean(sgnprob[1:i - 1]) = 0.06939413310604446
14208/16384
mean(sgnprob[1:i - 1]) = 0.07031744914478778
14336/16384
mean(sgnprob[1:i - 1]) = 0.06759679107080573
14464/16384
mean(sgnprob[1:i - 1]) = 0.06921109036852659
14592/16384
mean(sgnprob[1:i - 1]) = 0.0669590843670756
14720/16384
mean(sgnprob[1:i - 1]) = 0.06528976153271282
14848/16384
mean(sgnprob[1:i - 1]) = 0.0627062706270627
14976/16384
mean(sgnprob[1:i - 1]) = 0.060434056761268784
15104/16384
mean(sgnprob[1:i - 1]) = 0.06270277428325498
15232/16384
mean(sgnprob[1:i - 1]) = 0.06506467073731206
15360/16384
mean(sgnprob[1:i - 1]) = 0.06517351390064458
15488/16384
mean(sgnprob[1:i - 1]) = 0.06282688706657197
15616/16384
mean(sgnprob[1:i - 1]) = 0.06026256804354787
15744/16384
mean(sgnprob[1:i - 1]) = 0.061805246776345045
15872/16384
mean(sgnprob[1:i - 1]) = 0.06420515405456494
16000/16384
mean(sgnprob[1:i - 1]) = 0.0653165822863929
16128/16384
mean(sgnprob[1:i - 1]) = 0.06231785204935822
16256/16384
mean(sgnprob[1:i - 1]) = 0.06244232543832667
16384/16384
mean(sgnprob[1:i - 1]) = 0.06366355368369651
743.961304 seconds (167.10 M allocations: 70.745 GiB, 1.98% gc time, 1.27% compilation time)
