## SLURM PROLOG ###############################################################
##    Job ID : 8822254
##  Job Name : sbatch_etgent.sh
##  Nodelist : node1720
##      CPUs : 8
##  Mem/Node : 4096 MB
## Directory : /oscar/home/trazzaz/AFQMC
##   Job Started : Thu Feb 27 05:47:11 PM EST 2025
###############################################################################
seed = 1249
U = 2.0
β = 6.0
Warming up
128/1024
256/1024
384/1024
512/1024
640/1024
768/1024
896/1024
1024/1024
Measuring
128/16384
mean(sgnprob[1:i - 1]) = 0.4645669291338583
256/16384
mean(sgnprob[1:i - 1]) = 0.44313725490196076
384/16384
mean(sgnprob[1:i - 1]) = 0.4308093994778068
512/16384
mean(sgnprob[1:i - 1]) = 0.4050880626223092
640/16384
mean(sgnprob[1:i - 1]) = 0.41784037558685444
768/16384
mean(sgnprob[1:i - 1]) = 0.44198174706649285
896/16384
mean(sgnprob[1:i - 1]) = 0.32737430167597764
1024/16384
mean(sgnprob[1:i - 1]) = 0.32942326490713586
1152/16384
mean(sgnprob[1:i - 1]) = 0.24413553431798435
1280/16384
mean(sgnprob[1:i - 1]) = 0.25566849100860045
1408/16384
mean(sgnprob[1:i - 1]) = 0.2736318407960199
1536/16384
mean(sgnprob[1:i - 1]) = 0.28859934853420194
1664/16384
mean(sgnprob[1:i - 1]) = 0.22549609140108237
1792/16384
mean(sgnprob[1:i - 1]) = 0.18927973199329984
1920/16384
mean(sgnprob[1:i - 1]) = 0.2058363731109953
2048/16384
mean(sgnprob[1:i - 1]) = 0.15779189057156814
2176/16384
mean(sgnprob[1:i - 1]) = 0.12735632183908047
2304/16384
mean(sgnprob[1:i - 1]) = 0.1471993052540165
2432/16384
mean(sgnprob[1:i - 1]) = 0.16083916083916083
2560/16384
mean(sgnprob[1:i - 1]) = 0.1715513872606487
2688/16384
mean(sgnprob[1:i - 1]) = 0.14030517305545218
2816/16384
mean(sgnprob[1:i - 1]) = 0.15950266429840143
2944/16384
mean(sgnprob[1:i - 1]) = 0.1709140332993544
3072/16384
mean(sgnprob[1:i - 1]) = 0.1787691305763595
3200/16384
mean(sgnprob[1:i - 1]) = 0.19037199124726478
3328/16384
mean(sgnprob[1:i - 1]) = 0.20529005109708445
3456/16384
mean(sgnprob[1:i - 1]) = 0.2138929088277858
3584/16384
mean(sgnprob[1:i - 1]) = 0.22188110521909016
3712/16384
mean(sgnprob[1:i - 1]) = 0.1985987604419294
3840/16384
mean(sgnprob[1:i - 1]) = 0.20395936441781715
3968/16384
mean(sgnprob[1:i - 1]) = 0.21502394756743132
4096/16384
mean(sgnprob[1:i - 1]) = 0.22148962148962148
4224/16384
mean(sgnprob[1:i - 1]) = 0.22756334359460098
4352/16384
mean(sgnprob[1:i - 1]) = 0.2314410480349345
4480/16384
mean(sgnprob[1:i - 1]) = 0.21098459477561957
4608/16384
mean(sgnprob[1:i - 1]) = 0.21380507922726286
4736/16384
mean(sgnprob[1:i - 1]) = 0.22280887011615627
4864/16384
mean(sgnprob[1:i - 1]) = 0.2313386798272671
4992/16384
mean(sgnprob[1:i - 1]) = 0.23742736926467642
5120/16384
mean(sgnprob[1:i - 1]) = 0.24164875952334441
5248/16384
mean(sgnprob[1:i - 1]) = 0.22622450924337717
5376/16384
mean(sgnprob[1:i - 1]) = 0.232
5504/16384
mean(sgnprob[1:i - 1]) = 0.23932400508813376
5632/16384
mean(sgnprob[1:i - 1]) = 0.2235837329071213
5760/16384
mean(sgnprob[1:i - 1]) = 0.23146379579788157
5888/16384
mean(sgnprob[1:i - 1]) = 0.21454051299473417
6016/16384
mean(sgnprob[1:i - 1]) = 0.2199501246882793
6144/16384
mean(sgnprob[1:i - 1]) = 0.20559986977047046
6272/16384
mean(sgnprob[1:i - 1]) = 0.21065220857917397
6400/16384
mean(sgnprob[1:i - 1]) = 0.1964369432723863
6528/16384
mean(sgnprob[1:i - 1]) = 0.18339206373525357
6656/16384
mean(sgnprob[1:i - 1]) = 0.188580015026296
6784/16384
mean(sgnprob[1:i - 1]) = 0.1959310039805396
6912/16384
mean(sgnprob[1:i - 1]) = 0.1833309217189987
7040/16384
mean(sgnprob[1:i - 1]) = 0.17260974570251456
7168/16384
mean(sgnprob[1:i - 1]) = 0.17957304311427374
7296/16384
mean(sgnprob[1:i - 1]) = 0.18437285812200138
7424/16384
mean(sgnprob[1:i - 1]) = 0.17311060218240604
7552/16384
mean(sgnprob[1:i - 1]) = 0.17838696861342868
7680/16384
mean(sgnprob[1:i - 1]) = 0.183487433259539
7808/16384
mean(sgnprob[1:i - 1]) = 0.1876521070833867
7936/16384
mean(sgnprob[1:i - 1]) = 0.19017013232514177
8064/16384
mean(sgnprob[1:i - 1]) = 0.19459258340568028
8192/16384
mean(sgnprob[1:i - 1]) = 0.18251739714320594
8320/16384
mean(sgnprob[1:i - 1]) = 0.18668109147734102
8448/16384
mean(sgnprob[1:i - 1]) = 0.19237599147626377
8576/16384
mean(sgnprob[1:i - 1]) = 0.19696793002915453
8704/16384
mean(sgnprob[1:i - 1]) = 0.19981615534873032
8832/16384
mean(sgnprob[1:i - 1]) = 0.18989921866153323
8960/16384
mean(sgnprob[1:i - 1]) = 0.19589239870521263
9088/16384
mean(sgnprob[1:i - 1]) = 0.2010564542753384
9216/16384
mean(sgnprob[1:i - 1]) = 0.19413998914812805
9344/16384
mean(sgnprob[1:i - 1]) = 0.19725998073423953
9472/16384
mean(sgnprob[1:i - 1]) = 0.1874142118044557
9600/16384
mean(sgnprob[1:i - 1]) = 0.17970621939785394
9728/16384
mean(sgnprob[1:i - 1]) = 0.17220108975017992
9856/16384
mean(sgnprob[1:i - 1]) = 0.16387620497209537
9984/16384
mean(sgnprob[1:i - 1]) = 0.1667835320044075
10112/16384
mean(sgnprob[1:i - 1]) = 0.1702106616556226
10240/16384
mean(sgnprob[1:i - 1]) = 0.17238011524562946
10368/16384
mean(sgnprob[1:i - 1]) = 0.1658146040320247
10496/16384
mean(sgnprob[1:i - 1]) = 0.15750357313006194
10624/16384
mean(sgnprob[1:i - 1]) = 0.14976936835168972
10752/16384
mean(sgnprob[1:i - 1]) = 0.15263696400334853
10880/16384
mean(sgnprob[1:i - 1]) = 0.15672396359959556
11008/16384
mean(sgnprob[1:i - 1]) = 0.16126101571727083
11136/16384
mean(sgnprob[1:i - 1]) = 0.16299955096542434
11264/16384
mean(sgnprob[1:i - 1]) = 0.16487614312350174
11392/16384
mean(sgnprob[1:i - 1]) = 0.16864191028004566
11520/16384
mean(sgnprob[1:i - 1]) = 0.17058772462887403
11648/16384
mean(sgnprob[1:i - 1]) = 0.16459174036232507
11776/16384
mean(sgnprob[1:i - 1]) = 0.16823779193205946
11904/16384
mean(sgnprob[1:i - 1]) = 0.17012517852642192
12032/16384
mean(sgnprob[1:i - 1]) = 0.17330230238550412
12160/16384
mean(sgnprob[1:i - 1]) = 0.17657702113660662
12288/16384
mean(sgnprob[1:i - 1]) = 0.18010905835435825
12416/16384
mean(sgnprob[1:i - 1]) = 0.18324607329842932
12544/16384
mean(sgnprob[1:i - 1]) = 0.1767519732121502
12672/16384
mean(sgnprob[1:i - 1]) = 0.16944203298871438
12800/16384
mean(sgnprob[1:i - 1]) = 0.1722790843034612
12928/16384
mean(sgnprob[1:i - 1]) = 0.17366751759882418
13056/16384
mean(sgnprob[1:i - 1]) = 0.1759479126771352
13184/16384
mean(sgnprob[1:i - 1]) = 0.17621178790867026
13312/16384
mean(sgnprob[1:i - 1]) = 0.1790248666516415
13440/16384
mean(sgnprob[1:i - 1]) = 0.18074261477788525
13568/16384
mean(sgnprob[1:i - 1]) = 0.1836072823763544
13696/16384
mean(sgnprob[1:i - 1]) = 0.18744067177802118
13824/16384
mean(sgnprob[1:i - 1]) = 0.1912030673515156
13952/16384
mean(sgnprob[1:i - 1]) = 0.19432298759945524
14080/16384
mean(sgnprob[1:i - 1]) = 0.19667590027700832
14208/16384
mean(sgnprob[1:i - 1]) = 0.19814176110368129
14336/16384
mean(sgnprob[1:i - 1]) = 0.20055807464248343
14464/16384
mean(sgnprob[1:i - 1]) = 0.19504943649312037
14592/16384
mean(sgnprob[1:i - 1]) = 0.19758755397162633
14720/16384
mean(sgnprob[1:i - 1]) = 0.19749983015150485
14848/16384
mean(sgnprob[1:i - 1]) = 0.1990301070923419
14976/16384
mean(sgnprob[1:i - 1]) = 0.2006677796327212
15104/16384
mean(sgnprob[1:i - 1]) = 0.194994371979077
15232/16384
mean(sgnprob[1:i - 1]) = 0.19558794563718732
15360/16384
mean(sgnprob[1:i - 1]) = 0.1989061787876815
15488/16384
mean(sgnprob[1:i - 1]) = 0.19467940853619164
15616/16384
mean(sgnprob[1:i - 1]) = 0.19807877041306435
15744/16384
mean(sgnprob[1:i - 1]) = 0.20066061106523533
15872/16384
mean(sgnprob[1:i - 1]) = 0.20294877449436077
16000/16384
mean(sgnprob[1:i - 1]) = 0.2064504031501969
16128/16384
mean(sgnprob[1:i - 1]) = 0.20915235319650277
16256/16384
mean(sgnprob[1:i - 1]) = 0.21033528145186098
16384/16384
mean(sgnprob[1:i - 1]) = 0.20454129280351585
725.669834 seconds (167.11 M allocations: 70.745 GiB, 1.36% gc time, 1.23% compilation time)
