## SLURM PROLOG ###############################################################
##    Job ID : 5902706
##  Job Name : etgent_N6_seed1234
##  Nodelist : node1711
##      CPUs : 8
##  Mem/Node : 2048 MB
## Directory : /oscar/home/trazzaz/AFQMC
##   Job Started : Sun Nov 10 10:54:11 PM EST 2024
###############################################################################
U = 2.0
seed = 1234
λₖ = 0.0
Warming up
128/512
256/512
384/512
512/512
Measuring
128/1024
256/1024
384/1024
512/1024
640/1024
768/1024
896/1024
1024/1024
296.023672 seconds (210.26 M allocations: 1.107 TiB, 19.32% gc time, 2.55% compilation time)
λₖ = 0.2
Warming up
128/512
256/512
384/512
512/512
Measuring
128/1024
256/1024
384/1024
512/1024
640/1024
768/1024
896/1024
1024/1024
339.196055 seconds (208.41 M allocations: 1.107 TiB, 19.44% gc time, 0.02% compilation time)
λₖ = 0.4
Warming up
128/512
256/512
384/512
512/512
Measuring
128/1024
256/1024
384/1024
512/1024
640/1024
768/1024
896/1024
1024/1024
288.170246 seconds (208.41 M allocations: 1.107 TiB, 19.94% gc time)
λₖ = 0.6
Warming up
128/512
256/512
384/512
512/512
Measuring
128/1024
256/1024
384/1024
512/1024
640/1024
768/1024
896/1024
1024/1024
279.231680 seconds (208.41 M allocations: 1.107 TiB, 20.28% gc time)
λₖ = 0.8
Warming up
128/512
256/512
384/512
512/512
Measuring
128/1024
256/1024
384/1024
512/1024
640/1024
768/1024
896/1024
1024/1024
285.460574 seconds (208.41 M allocations: 1.107 TiB, 20.18% gc time)
