## SLURM PROLOG ###############################################################
##    Job ID : 8822316
##  Job Name : sbatch_etgent.sh
##  Nodelist : node1720
##      CPUs : 8
##  Mem/Node : 4096 MB
## Directory : /oscar/home/trazzaz/AFQMC
##   Job Started : Thu Feb 27 07:32:28 PM EST 2025
###############################################################################
seed = 1311
U = 2.0
β = 6.0
Warming up
128/1024
256/1024
384/1024
512/1024
640/1024
768/1024
896/1024
1024/1024
Measuring
128/16384
mean(sgnprob[1:i - 1]) = 0.41732283464566927
256/16384
mean(sgnprob[1:i - 1]) = 0.44313725490196076
384/16384
mean(sgnprob[1:i - 1]) = 0.40992167101827676
512/16384
mean(sgnprob[1:i - 1]) = 0.4050880626223092
640/16384
mean(sgnprob[1:i - 1]) = 0.25821596244131456
768/16384
mean(sgnprob[1:i - 1]) = 0.1316818774445893
896/16384
mean(sgnprob[1:i - 1]) = 0.1553072625698324
1024/16384
mean(sgnprob[1:i - 1]) = 0.07917888563049853
1152/16384
mean(sgnprob[1:i - 1]) = 0.11728931364031277
1280/16384
mean(sgnprob[1:i - 1]) = 0.06958561376075059
1408/16384
mean(sgnprob[1:i - 1]) = 0.10589907604832978
1536/16384
mean(sgnprob[1:i - 1]) = 0.12833876221498372
1664/16384
mean(sgnprob[1:i - 1]) = 0.14732411304870716
1792/16384
mean(sgnprob[1:i - 1]) = 0.17141261864879956
1920/16384
mean(sgnprob[1:i - 1]) = 0.1829077644606566
2048/16384
mean(sgnprob[1:i - 1]) = 0.14802149487054225
2176/16384
mean(sgnprob[1:i - 1]) = 0.17057471264367816
2304/16384
mean(sgnprob[1:i - 1]) = 0.1471993052540165
2432/16384
mean(sgnprob[1:i - 1]) = 0.1657754010695187
2560/16384
mean(sgnprob[1:i - 1]) = 0.18952715904650255
2688/16384
mean(sgnprob[1:i - 1]) = 0.20431708224786008
2816/16384
mean(sgnprob[1:i - 1]) = 0.21207815275310835
2944/16384
mean(sgnprob[1:i - 1]) = 0.2252803261977574
3072/16384
mean(sgnprob[1:i - 1]) = 0.23542819928362096
3200/16384
mean(sgnprob[1:i - 1]) = 0.20912785245389184
3328/16384
mean(sgnprob[1:i - 1]) = 0.21370604147880973
3456/16384
mean(sgnprob[1:i - 1]) = 0.21736613603473226
3584/16384
mean(sgnprob[1:i - 1]) = 0.22355567959810216
3712/16384
mean(sgnprob[1:i - 1]) = 0.2325518728105632
3840/16384
mean(sgnprob[1:i - 1]) = 0.23521750455847876
3968/16384
mean(sgnprob[1:i - 1]) = 0.24325686917065792
4096/16384
mean(sgnprob[1:i - 1]) = 0.25225885225885225
4224/16384
mean(sgnprob[1:i - 1]) = 0.23419370116031257
4352/16384
mean(sgnprob[1:i - 1]) = 0.21627212135141347
4480/16384
mean(sgnprob[1:i - 1]) = 0.21857557490511276
4608/16384
mean(sgnprob[1:i - 1]) = 0.22682873887562405
4736/16384
mean(sgnprob[1:i - 1]) = 0.208870116156283
4864/16384
mean(sgnprob[1:i - 1]) = 0.1918568784700802
4992/16384
mean(sgnprob[1:i - 1]) = 0.1985574033259868
5120/16384
mean(sgnprob[1:i - 1]) = 0.20218792732955657
5248/16384
mean(sgnprob[1:i - 1]) = 0.21021536115875739
5376/16384
mean(sgnprob[1:i - 1]) = 0.1973953488372093
5504/16384
mean(sgnprob[1:i - 1]) = 0.1822642195166273
5632/16384
mean(sgnprob[1:i - 1]) = 0.1870005327650506
5760/16384
mean(sgnprob[1:i - 1]) = 0.19256815419343637
5888/16384
mean(sgnprob[1:i - 1]) = 0.17717003567181927
6016/16384
mean(sgnprob[1:i - 1]) = 0.18403990024937655
6144/16384
mean(sgnprob[1:i - 1]) = 0.18801888328178415
6272/16384
mean(sgnprob[1:i - 1]) = 0.19087864774358157
6400/16384
mean(sgnprob[1:i - 1]) = 0.1776840131270511
6528/16384
mean(sgnprob[1:i - 1]) = 0.16470047495020684
6656/16384
mean(sgnprob[1:i - 1]) = 0.169045830202855
6784/16384
mean(sgnprob[1:i - 1]) = 0.15701017249004864
6912/16384
mean(sgnprob[1:i - 1]) = 0.15931124294602808
7040/16384
mean(sgnprob[1:i - 1]) = 0.1635175451058389
7168/16384
mean(sgnprob[1:i - 1]) = 0.16924794195618809
7296/16384
mean(sgnprob[1:i - 1]) = 0.15915010281014394
7424/16384
mean(sgnprob[1:i - 1]) = 0.16341101980331402
7552/16384
mean(sgnprob[1:i - 1]) = 0.1540193351873924
7680/16384
mean(sgnprob[1:i - 1]) = 0.1452011980726657
7808/16384
mean(sgnprob[1:i - 1]) = 0.15101831689509415
7936/16384
mean(sgnprob[1:i - 1]) = 0.15337114051669817
8064/16384
mean(sgnprob[1:i - 1]) = 0.14498325685228822
8192/16384
mean(sgnprob[1:i - 1]) = 0.1493102185325357
8320/16384
mean(sgnprob[1:i - 1]) = 0.14196417838682535
8448/16384
mean(sgnprob[1:i - 1]) = 0.1440748194625311
8576/16384
mean(sgnprob[1:i - 1]) = 0.1505539358600583
8704/16384
mean(sgnprob[1:i - 1]) = 0.1554636332299207
8832/16384
mean(sgnprob[1:i - 1]) = 0.14777488393160457
8960/16384
mean(sgnprob[1:i - 1]) = 0.15057484094206944
9088/16384
mean(sgnprob[1:i - 1]) = 0.1537361065258061
9216/16384
mean(sgnprob[1:i - 1]) = 0.15680954964731417
9344/16384
mean(sgnprob[1:i - 1]) = 0.14759713154233114
9472/16384
mean(sgnprob[1:i - 1]) = 0.1384225530566994
9600/16384
mean(sgnprob[1:i - 1]) = 0.14053547244504636
9728/16384
mean(sgnprob[1:i - 1]) = 0.14382646242418012
9856/16384
mean(sgnprob[1:i - 1]) = 0.14622019279553525
9984/16384
mean(sgnprob[1:i - 1]) = 0.13953721326254634
10112/16384
mean(sgnprob[1:i - 1]) = 0.14311146276332706
10240/16384
mean(sgnprob[1:i - 1]) = 0.14542435784744603
10368/16384
mean(sgnprob[1:i - 1]) = 0.13841998649561107
10496/16384
mean(sgnprob[1:i - 1]) = 0.14244878513577894
10624/16384
mean(sgnprob[1:i - 1]) = 0.1456274122187706
10752/16384
mean(sgnprob[1:i - 1]) = 0.14017300716212444
10880/16384
mean(sgnprob[1:i - 1]) = 0.1420167294788124
11008/16384
mean(sgnprob[1:i - 1]) = 0.1452711910602344
11136/16384
mean(sgnprob[1:i - 1]) = 0.13857207004939381
11264/16384
mean(sgnprob[1:i - 1]) = 0.1423244251087632
11392/16384
mean(sgnprob[1:i - 1]) = 0.14669475902027918
11520/16384
mean(sgnprob[1:i - 1]) = 0.14888445177532772
11648/16384
mean(sgnprob[1:i - 1]) = 0.15239975959474542
11776/16384
mean(sgnprob[1:i - 1]) = 0.14564755838641189
11904/16384
mean(sgnprob[1:i - 1]) = 0.13937662774090565
12032/16384
mean(sgnprob[1:i - 1]) = 0.1413847560468789
12160/16384
mean(sgnprob[1:i - 1]) = 0.1440085533349782
12288/16384
mean(sgnprob[1:i - 1]) = 0.1475543257101001
12416/16384
mean(sgnprob[1:i - 1]) = 0.1495771244462344
12544/16384
mean(sgnprob[1:i - 1]) = 0.15283425017938293
12672/16384
mean(sgnprob[1:i - 1]) = 0.1465551258779891
12800/16384
mean(sgnprob[1:i - 1]) = 0.14133916712243144
12928/16384
mean(sgnprob[1:i - 1]) = 0.14427167943064903
13056/16384
mean(sgnprob[1:i - 1]) = 0.14760628111834545
13184/16384
mean(sgnprob[1:i - 1]) = 0.14996586512933324
13312/16384
mean(sgnprob[1:i - 1]) = 0.1437157238374277
13440/16384
mean(sgnprob[1:i - 1]) = 0.13892402708534862
13568/16384
mean(sgnprob[1:i - 1]) = 0.13348566374290557
13696/16384
mean(sgnprob[1:i - 1]) = 0.13603504928806134
13824/16384
mean(sgnprob[1:i - 1]) = 0.13086884178543007
13952/16384
mean(sgnprob[1:i - 1]) = 0.13353881442190524
14080/16384
mean(sgnprob[1:i - 1]) = 0.13587612756587825
14208/16384
mean(sgnprob[1:i - 1]) = 0.1391567537129584
14336/16384
mean(sgnprob[1:i - 1]) = 0.14042553191489363
14464/16384
mean(sgnprob[1:i - 1]) = 0.14250155569383946
14592/16384
mean(sgnprob[1:i - 1]) = 0.13823589884175178
14720/16384
mean(sgnprob[1:i - 1]) = 0.13934370541477004
14848/16384
mean(sgnprob[1:i - 1]) = 0.14164477672257023
14976/16384
mean(sgnprob[1:i - 1]) = 0.14430717863105175
15104/16384
mean(sgnprob[1:i - 1]) = 0.14745414818248032
15232/16384
mean(sgnprob[1:i - 1]) = 0.1430634889370363
15360/16384
mean(sgnprob[1:i - 1]) = 0.14499641903769778
15488/16384
mean(sgnprob[1:i - 1]) = 0.1471556789565442
15616/16384
mean(sgnprob[1:i - 1]) = 0.15081652257444764
15744/16384
mean(sgnprob[1:i - 1]) = 0.15327447119354634
15872/16384
mean(sgnprob[1:i - 1]) = 0.1554407409741037
16000/16384
mean(sgnprob[1:i - 1]) = 0.15719732483280205
16128/16384
mean(sgnprob[1:i - 1]) = 0.15979413406089168
16256/16384
mean(sgnprob[1:i - 1]) = 0.1614887726853276
16384/16384
mean(sgnprob[1:i - 1]) = 0.1632790087285601
752.539527 seconds (167.11 M allocations: 70.745 GiB, 1.68% gc time, 1.22% compilation time)
