## SLURM PROLOG ###############################################################
##    Job ID : 8834009
##  Job Name : sbatch_etgent.sh
##  Nodelist : node1734
##      CPUs : 8
##  Mem/Node : 4096 MB
## Directory : /oscar/home/trazzaz/AFQMC
##   Job Started : Fri Feb 28 04:22:17 AM EST 2025
###############################################################################
seed = 1563
U = 2.0
β = 6.0
Warming up
128/1024
256/1024
384/1024
512/1024
640/1024
768/1024
896/1024
1024/1024
Measuring
128/16384
mean(sgnprob[1:i - 1]) = 0.11811023622047244
256/16384
mean(sgnprob[1:i - 1]) = -0.08235294117647059
384/16384
mean(sgnprob[1:i - 1]) = -0.13838120104438642
512/16384
mean(sgnprob[1:i - 1]) = -0.06457925636007827
640/16384
mean(sgnprob[1:i - 1]) = -0.03286384976525822
768/16384
mean(sgnprob[1:i - 1]) = 0.00651890482398957
896/16384
mean(sgnprob[1:i - 1]) = 0.03240223463687151
1024/16384
mean(sgnprob[1:i - 1]) = 0.07917888563049853
1152/16384
mean(sgnprob[1:i - 1]) = 0.08774978279756733
1280/16384
mean(sgnprob[1:i - 1]) = 0.10398749022673964
1408/16384
mean(sgnprob[1:i - 1]) = 0.06609808102345416
1536/16384
mean(sgnprob[1:i - 1]) = 0.06449511400651466
1664/16384
mean(sgnprob[1:i - 1]) = 0.07155742633794347
1792/16384
mean(sgnprob[1:i - 1]) = 0.07649357900614182
1920/16384
mean(sgnprob[1:i - 1]) = 0.09431995831162064
2048/16384
mean(sgnprob[1:i - 1]) = 0.08158280410356619
2176/16384
mean(sgnprob[1:i - 1]) = 0.09701149425287356
2304/16384
mean(sgnprob[1:i - 1]) = 0.08033000434216239
2432/16384
mean(sgnprob[1:i - 1]) = 0.0711641299876594
2560/16384
mean(sgnprob[1:i - 1]) = 0.07854630715123095
2688/16384
mean(sgnprob[1:i - 1]) = 0.08894678079642725
2816/16384
mean(sgnprob[1:i - 1]) = 0.07353463587921848
2944/16384
mean(sgnprob[1:i - 1]) = 0.06557934080869861
3072/16384
mean(sgnprob[1:i - 1]) = 0.07391729078476067
3200/16384
mean(sgnprob[1:i - 1]) = 0.07658643326039387
3328/16384
mean(sgnprob[1:i - 1]) = 0.062218214607754736
3456/16384
mean(sgnprob[1:i - 1]) = 0.06164978292329957
3584/16384
mean(sgnprob[1:i - 1]) = 0.06782026234998605
3712/16384
mean(sgnprob[1:i - 1]) = 0.07140932363244408
3840/16384
mean(sgnprob[1:i - 1]) = 0.06381870278718416
3968/16384
mean(sgnprob[1:i - 1]) = 0.054197126291908246
4096/16384
mean(sgnprob[1:i - 1]) = 0.05982905982905983
4224/16384
mean(sgnprob[1:i - 1]) = 0.05043807719630594
4352/16384
mean(sgnprob[1:i - 1]) = 0.0452769478280855
4480/16384
mean(sgnprob[1:i - 1]) = 0.03148024112525117
4608/16384
mean(sgnprob[1:i - 1]) = 0.037551551986108093
4736/16384
mean(sgnprob[1:i - 1]) = 0.031890179514255546
4864/16384
mean(sgnprob[1:i - 1]) = 0.04092124203166769
4992/16384
mean(sgnprob[1:i - 1]) = 0.04708475255459828
5120/16384
mean(sgnprob[1:i - 1]) = 0.0509865208048447
5248/16384
mean(sgnprob[1:i - 1]) = 0.057366113969887556
5376/16384
mean(sgnprob[1:i - 1]) = 0.06306976744186046
5504/16384
mean(sgnprob[1:i - 1]) = 0.06814464837361439
5632/16384
mean(sgnprob[1:i - 1]) = 0.06979222163026105
5760/16384
mean(sgnprob[1:i - 1]) = 0.07240840423684668
5888/16384
mean(sgnprob[1:i - 1]) = 0.07525055206386955
6016/16384
mean(sgnprob[1:i - 1]) = 0.06766417290108064
6144/16384
mean(sgnprob[1:i - 1]) = 0.06690542080416735
6272/16384
mean(sgnprob[1:i - 1]) = 0.059799075107638336
6400/16384
mean(sgnprob[1:i - 1]) = 0.06360368807626192
6528/16384
mean(sgnprob[1:i - 1]) = 0.06756549716561973
6656/16384
mean(sgnprob[1:i - 1]) = 0.07017280240420737
6784/16384
mean(sgnprob[1:i - 1]) = 0.06442577030812324
6912/16384
mean(sgnprob[1:i - 1]) = 0.06786282737664592
7040/16384
mean(sgnprob[1:i - 1]) = 0.060093763318653216
7168/16384
mean(sgnprob[1:i - 1]) = 0.055113715641132974
7296/16384
mean(sgnprob[1:i - 1]) = 0.05771076079506511
7424/16384
mean(sgnprob[1:i - 1]) = 0.058871076384211234
7552/16384
mean(sgnprob[1:i - 1]) = 0.06449476890478083
7680/16384
mean(sgnprob[1:i - 1]) = 0.0670660242219039
7808/16384
mean(sgnprob[1:i - 1]) = 0.06852824388369412
7936/16384
mean(sgnprob[1:i - 1]) = 0.07069943289224953
8064/16384
mean(sgnprob[1:i - 1]) = 0.0648641944685601
8192/16384
mean(sgnprob[1:i - 1]) = 0.06336222683433036
8320/16384
mean(sgnprob[1:i - 1]) = 0.06623392234643587
8448/16384
mean(sgnprob[1:i - 1]) = 0.06238901385107139
8576/16384
mean(sgnprob[1:i - 1]) = 0.06379008746355685
8704/16384
mean(sgnprob[1:i - 1]) = 0.060324026197862805
8832/16384
mean(sgnprob[1:i - 1]) = 0.06148794021062167
8960/16384
mean(sgnprob[1:i - 1]) = 0.056367898202924434
9088/16384
mean(sgnprob[1:i - 1]) = 0.05337295036865852
9216/16384
mean(sgnprob[1:i - 1]) = 0.05567010309278351
9344/16384
mean(sgnprob[1:i - 1]) = 0.0589746334153912
9472/16384
mean(sgnprob[1:i - 1]) = 0.06282335550628233
9600/16384
mean(sgnprob[1:i - 1]) = 0.06281904365038025
9728/16384
mean(sgnprob[1:i - 1]) = 0.0597306466536445
9856/16384
mean(sgnprob[1:i - 1]) = 0.060578386605783865
9984/16384
mean(sgnprob[1:i - 1]) = 0.06400881498547531
10112/16384
mean(sgnprob[1:i - 1]) = 0.06517654040154287
10240/16384
mean(sgnprob[1:i - 1]) = 0.05967379626916691
10368/16384
mean(sgnprob[1:i - 1]) = 0.05855117198803897
10496/16384
mean(sgnprob[1:i - 1]) = 0.05459742734635541
10624/16384
mean(sgnprob[1:i - 1]) = 0.05243339922809
10752/16384
mean(sgnprob[1:i - 1]) = 0.05590177657892289
10880/16384
mean(sgnprob[1:i - 1]) = 0.05708245243128964
11008/16384
mean(sgnprob[1:i - 1]) = 0.060597801399109655
11136/16384
mean(sgnprob[1:i - 1]) = 0.06331387516838796
11264/16384
mean(sgnprob[1:i - 1]) = 0.06010831927550386
11392/16384
mean(sgnprob[1:i - 1]) = 0.06224212097269775
11520/16384
mean(sgnprob[1:i - 1]) = 0.05894608907023179
11648/16384
mean(sgnprob[1:i - 1]) = 0.06053060874044818
11776/16384
mean(sgnprob[1:i - 1]) = 0.06292993630573249
11904/16384
mean(sgnprob[1:i - 1]) = 0.06057296479879022
12032/16384
mean(sgnprob[1:i - 1]) = 0.05610506192336464
12160/16384
mean(sgnprob[1:i - 1]) = 0.05304712558598569
12288/16384
mean(sgnprob[1:i - 1]) = 0.05379669569463661
12416/16384
mean(sgnprob[1:i - 1]) = 0.05517519130084575
12544/16384
mean(sgnprob[1:i - 1]) = 0.057322809535198915
12672/16384
mean(sgnprob[1:i - 1]) = 0.05863783442506511
12800/16384
mean(sgnprob[1:i - 1]) = 0.055707477146652085
12928/16384
mean(sgnprob[1:i - 1]) = 0.05809545911657771
13056/16384
mean(sgnprob[1:i - 1]) = 0.06074301034086557
13184/16384
mean(sgnprob[1:i - 1]) = 0.06121520139573693
13312/16384
mean(sgnprob[1:i - 1]) = 0.06257982120051085
13440/16384
mean(sgnprob[1:i - 1]) = 0.06451372870005209
13568/16384
mean(sgnprob[1:i - 1]) = 0.06641114468931968
13696/16384
mean(sgnprob[1:i - 1]) = 0.06403797006206645
13824/16384
mean(sgnprob[1:i - 1]) = 0.06677277002097953
13952/16384
mean(sgnprob[1:i - 1]) = 0.06945738656727116
14080/16384
mean(sgnprob[1:i - 1]) = 0.07124085517437317
14208/16384
mean(sgnprob[1:i - 1]) = 0.07271063560216795
14336/16384
mean(sgnprob[1:i - 1]) = 0.07359609347750262
14464/16384
mean(sgnprob[1:i - 1]) = 0.07598700131369703
14592/16384
mean(sgnprob[1:i - 1]) = 0.072441916249743
14720/16384
mean(sgnprob[1:i - 1]) = 0.07086079217338134
14848/16384
mean(sgnprob[1:i - 1]) = 0.06769044251363912
14976/16384
mean(sgnprob[1:i - 1]) = 0.06537562604340567
15104/16384
mean(sgnprob[1:i - 1]) = 0.06323247037012514
15232/16384
mean(sgnprob[1:i - 1]) = 0.06243844790230451
15360/16384
mean(sgnprob[1:i - 1]) = 0.06413177941272218
15488/16384
mean(sgnprob[1:i - 1]) = 0.0665719635823594
15616/16384
mean(sgnprob[1:i - 1]) = 0.06448927313480628
15744/16384
mean(sgnprob[1:i - 1]) = 0.06650574858667344
15872/16384
mean(sgnprob[1:i - 1]) = 0.0669775061432802
16000/16384
mean(sgnprob[1:i - 1]) = 0.0695668479279955
16128/16384
mean(sgnprob[1:i - 1]) = 0.07149500837105476
16256/16384
mean(sgnprob[1:i - 1]) = 0.07080898185173792
16384/16384
mean(sgnprob[1:i - 1]) = 0.07220899713117256
779.705193 seconds (167.11 M allocations: 70.745 GiB, 1.24% gc time, 1.14% compilation time)
