## SLURM PROLOG ###############################################################
##    Job ID : 8833968
##  Job Name : sbatch_etgent.sh
##  Nodelist : node1322
##      CPUs : 8
##  Mem/Node : 4096 MB
## Directory : /oscar/home/trazzaz/AFQMC
##   Job Started : Fri Feb 28 03:16:17 AM EST 2025
###############################################################################
seed = 1522
U = 2.0
β = 6.0
Warming up
128/1024
256/1024
384/1024
512/1024
640/1024
768/1024
896/1024
1024/1024
Measuring
128/16384
mean(sgnprob[1:i - 1]) = 0.3228346456692913
256/16384
mean(sgnprob[1:i - 1]) = 0.011764705882352941
384/16384
mean(sgnprob[1:i - 1]) = 0.1227154046997389
512/16384
mean(sgnprob[1:i - 1]) = 0.0019569471624266144
640/16384
mean(sgnprob[1:i - 1]) = 0.054773082942097026
768/16384
mean(sgnprob[1:i - 1]) = 0.00651890482398957
896/16384
mean(sgnprob[1:i - 1]) = -0.01899441340782123
1024/16384
mean(sgnprob[1:i - 1]) = 0.020527859237536656
1152/16384
mean(sgnprob[1:i - 1]) = 0.04778453518679409
1280/16384
mean(sgnprob[1:i - 1]) = 0.010164190774042221
1408/16384
mean(sgnprob[1:i - 1]) = -0.017768301350390904
1536/16384
mean(sgnprob[1:i - 1]) = 0.008469055374592834
1664/16384
mean(sgnprob[1:i - 1]) = -0.02345159350571257
1792/16384
mean(sgnprob[1:i - 1]) = -0.0027917364600781687
1920/16384
mean(sgnprob[1:i - 1]) = 0.014069828035435123
2048/16384
mean(sgnprob[1:i - 1]) = 0.02882266731802638
2176/16384
mean(sgnprob[1:i - 1]) = 0.017011494252873564
2304/16384
mean(sgnprob[1:i - 1]) = -0.0004342162396873643
2432/16384
mean(sgnprob[1:i - 1]) = 0.00781571369806664
2560/16384
mean(sgnprob[1:i - 1]) = -0.016021883548261038
2688/16384
mean(sgnprob[1:i - 1]) = 0.0026051358392259025
2816/16384
mean(sgnprob[1:i - 1]) = 0.023090586145648313
2944/16384
mean(sgnprob[1:i - 1]) = 0.00781515460414543
3072/16384
mean(sgnprob[1:i - 1]) = -0.004233148811462064
3200/16384
mean(sgnprob[1:i - 1]) = 0.005939356048765239
3328/16384
mean(sgnprob[1:i - 1]) = -0.008115419296663661
3456/16384
mean(sgnprob[1:i - 1]) = -0.012445730824891461
3584/16384
mean(sgnprob[1:i - 1]) = -0.0019536701088473346
3712/16384
mean(sgnprob[1:i - 1]) = -0.011048234977095122
3840/16384
mean(sgnprob[1:i - 1]) = -0.024225058609012765
3968/16384
mean(sgnprob[1:i - 1]) = -0.03302243508948828
4096/16384
mean(sgnprob[1:i - 1]) = -0.023687423687423687
4224/16384
mean(sgnprob[1:i - 1]) = -0.015391901491830453
4352/16384
mean(sgnprob[1:i - 1]) = -0.002528154447253505
4480/16384
mean(sgnprob[1:i - 1]) = -0.007814244250948872
4608/16384
mean(sgnprob[1:i - 1]) = 0.001519426958975472
4736/16384
mean(sgnprob[1:i - 1]) = 0.012038014783526927
4864/16384
mean(sgnprob[1:i - 1]) = 0.018301460004112688
4992/16384
mean(sgnprob[1:i - 1]) = 0.022240032057703866
5120/16384
mean(sgnprob[1:i - 1]) = 0.03379566321547177
5248/16384
mean(sgnprob[1:i - 1]) = 0.03945111492281304
5376/16384
mean(sgnprob[1:i - 1]) = 0.03293023255813954
5504/16384
mean(sgnprob[1:i - 1]) = 0.025258949663819735
5632/16384
mean(sgnprob[1:i - 1]) = 0.03285384478778192
5760/16384
mean(sgnprob[1:i - 1]) = 0.021010592116686926
5888/16384
mean(sgnprob[1:i - 1]) = 0.017156446407338204
6016/16384
mean(sgnprob[1:i - 1]) = 0.02310889443059019
6144/16384
mean(sgnprob[1:i - 1]) = 0.029464431059742797
6272/16384
mean(sgnprob[1:i - 1]) = 0.023441237442194226
6400/16384
mean(sgnprob[1:i - 1]) = 0.02984841381465854
6528/16384
mean(sgnprob[1:i - 1]) = 0.024666768806496094
6656/16384
mean(sgnprob[1:i - 1]) = 0.032006010518407214
6784/16384
mean(sgnprob[1:i - 1]) = 0.037299130178387145
6912/16384
mean(sgnprob[1:i - 1]) = 0.029952250036174216
7040/16384
mean(sgnprob[1:i - 1]) = 0.02429322346924279
7168/16384
mean(sgnprob[1:i - 1]) = 0.02971954792800335
7296/16384
mean(sgnprob[1:i - 1]) = 0.03522960932145305
7424/16384
mean(sgnprob[1:i - 1]) = 0.027886299339889533
7552/16384
mean(sgnprob[1:i - 1]) = 0.022116275989935107
7680/16384
mean(sgnprob[1:i - 1]) = 0.028519338455528065
7808/16384
mean(sgnprob[1:i - 1]) = 0.03086973229153324
7936/16384
mean(sgnprob[1:i - 1]) = 0.035916824196597356
8064/16384
mean(sgnprob[1:i - 1]) = 0.03956343792633015
8192/16384
mean(sgnprob[1:i - 1]) = 0.03503845684287633
8320/16384
mean(sgnprob[1:i - 1]) = 0.028729414593100133
8448/16384
mean(sgnprob[1:i - 1]) = 0.03326624837220315
8576/16384
mean(sgnprob[1:i - 1]) = 0.037900874635568516
8704/16384
mean(sgnprob[1:i - 1]) = 0.04262897851315638
8832/16384
mean(sgnprob[1:i - 1]) = 0.045861170875325555
8960/16384
mean(sgnprob[1:i - 1]) = 0.04989396137961826
9088/16384
mean(sgnprob[1:i - 1]) = 0.04478925938153406
9216/16384
mean(sgnprob[1:i - 1]) = 0.04655453065653825
9344/16384
mean(sgnprob[1:i - 1]) = 0.05041207320988976
9472/16384
mean(sgnprob[1:i - 1]) = 0.0461408510188998
9600/16384
mean(sgnprob[1:i - 1]) = 0.04240025002604438
9728/16384
mean(sgnprob[1:i - 1]) = 0.04533771974915184
9856/16384
mean(sgnprob[1:i - 1]) = 0.04819888381532217
9984/16384
mean(sgnprob[1:i - 1]) = 0.05098667735149755
10112/16384
mean(sgnprob[1:i - 1]) = 0.04658292948274157
10240/16384
mean(sgnprob[1:i - 1]) = 0.04971188592635999
10368/16384
mean(sgnprob[1:i - 1]) = 0.053149416417478536
10496/16384
mean(sgnprob[1:i - 1]) = 0.05669366364935684
10624/16384
mean(sgnprob[1:i - 1]) = 0.05845806269415419
10752/16384
mean(sgnprob[1:i - 1]) = 0.06222676960282764
10880/16384
mean(sgnprob[1:i - 1]) = 0.06609063333026932
11008/16384
mean(sgnprob[1:i - 1]) = 0.062414826928318345
11136/16384
mean(sgnprob[1:i - 1]) = 0.06600808262236192
11264/16384
mean(sgnprob[1:i - 1]) = 0.06987481132913079
11392/16384
mean(sgnprob[1:i - 1]) = 0.06557808796418226
11520/16384
mean(sgnprob[1:i - 1]) = 0.06693289348033683
11648/16384
mean(sgnprob[1:i - 1]) = 0.0699751008843479
11776/16384
mean(sgnprob[1:i - 1]) = 0.0710828025477707
11904/16384
mean(sgnprob[1:i - 1]) = 0.07367890447786273
12032/16384
mean(sgnprob[1:i - 1]) = 0.06824037902086277
12160/16384
mean(sgnprob[1:i - 1]) = 0.0698248211201579
12288/16384
mean(sgnprob[1:i - 1]) = 0.06567917310979084
12416/16384
mean(sgnprob[1:i - 1]) = 0.06838501812323802
12544/16384
mean(sgnprob[1:i - 1]) = 0.06960057402535279
12672/16384
mean(sgnprob[1:i - 1]) = 0.06558282692763003
12800/16384
mean(sgnprob[1:i - 1]) = 0.06805219157746699
12928/16384
mean(sgnprob[1:i - 1]) = 0.06459348650112168
13056/16384
mean(sgnprob[1:i - 1]) = 0.06641133665262351
13184/16384
mean(sgnprob[1:i - 1]) = 0.0700144125009482
13312/16384
mean(sgnprob[1:i - 1]) = 0.07264668319435054
13440/16384
mean(sgnprob[1:i - 1]) = 0.0750799910707642
13568/16384
mean(sgnprob[1:i - 1]) = 0.0780570501953269
13696/16384
mean(sgnprob[1:i - 1]) = 0.07966411098941219
13824/16384
mean(sgnprob[1:i - 1]) = 0.08080735006872604
13952/16384
mean(sgnprob[1:i - 1]) = 0.07662533151745395
14080/16384
mean(sgnprob[1:i - 1]) = 0.07777541018538249
14208/16384
mean(sgnprob[1:i - 1]) = 0.07932709227845429
14336/16384
mean(sgnprob[1:i - 1]) = 0.07652598535054063
14464/16384
mean(sgnprob[1:i - 1]) = 0.07944409873470235
14592/16384
mean(sgnprob[1:i - 1]) = 0.07627989856761017
14720/16384
mean(sgnprob[1:i - 1]) = 0.078334125959644
14848/16384
mean(sgnprob[1:i - 1]) = 0.07456051727621742
14976/16384
mean(sgnprob[1:i - 1]) = 0.07592654424040067
15104/16384
mean(sgnprob[1:i - 1]) = 0.07832880884592465
15232/16384
mean(sgnprob[1:i - 1]) = 0.08042807432210623
15360/16384
mean(sgnprob[1:i - 1]) = 0.07780454456670356
15488/16384
mean(sgnprob[1:i - 1]) = 0.0789694582553109
15616/16384
mean(sgnprob[1:i - 1]) = 0.07652897854626961
15744/16384
mean(sgnprob[1:i - 1]) = 0.07806644222829194
15872/16384
mean(sgnprob[1:i - 1]) = 0.08020918656669397
16000/16384
mean(sgnprob[1:i - 1]) = 0.08206762922682667
16128/16384
mean(sgnprob[1:i - 1]) = 0.08364853971600422
16256/16384
mean(sgnprob[1:i - 1]) = 0.08692709935404491
16384/16384
mean(sgnprob[1:i - 1]) = 0.08331807361289141
814.577416 seconds (167.11 M allocations: 70.745 GiB, 2.41% gc time, 1.34% compilation time)
