## SLURM PROLOG ###############################################################
##    Job ID : 8833983
##  Job Name : sbatch_etgent.sh
##  Nodelist : node1327
##      CPUs : 8
##  Mem/Node : 4096 MB
## Directory : /oscar/home/trazzaz/AFQMC
##   Job Started : Fri Feb 28 03:37:10 AM EST 2025
###############################################################################
seed = 1537
U = 2.0
β = 6.0
Warming up
128/1024
256/1024
384/1024
512/1024
640/1024
768/1024
896/1024
1024/1024
Measuring
128/16384
mean(sgnprob[1:i - 1]) = 0.5275590551181102
256/16384
mean(sgnprob[1:i - 1]) = 0.03529411764705882
384/16384
mean(sgnprob[1:i - 1]) = 0.16971279373368145
512/16384
mean(sgnprob[1:i - 1]) = 0.2563600782778865
640/16384
mean(sgnprob[1:i - 1]) = 0.29890453834115804
768/16384
mean(sgnprob[1:i - 1]) = 0.3220338983050847
896/16384
mean(sgnprob[1:i - 1]) = 0.3407821229050279
1024/16384
mean(sgnprob[1:i - 1]) = 0.37438905180840665
1152/16384
mean(sgnprob[1:i - 1]) = 0.2719374456993918
1280/16384
mean(sgnprob[1:i - 1]) = 0.19937451133698203
1408/16384
mean(sgnprob[1:i - 1]) = 0.22388059701492538
1536/16384
mean(sgnprob[1:i - 1]) = 0.24820846905537458
1664/16384
mean(sgnprob[1:i - 1]) = 0.27119663259170174
1792/16384
mean(sgnprob[1:i - 1]) = 0.2897822445561139
1920/16384
mean(sgnprob[1:i - 1]) = 0.29546638874413755
2048/16384
mean(sgnprob[1:i - 1]) = 0.31216414264777725
2176/16384
mean(sgnprob[1:i - 1]) = 0.3296551724137931
2304/16384
mean(sgnprob[1:i - 1]) = 0.340859748154581
2432/16384
mean(sgnprob[1:i - 1]) = 0.34759358288770054
2560/16384
mean(sgnprob[1:i - 1]) = 0.3552168815943728
2688/16384
mean(sgnprob[1:i - 1]) = 0.3650911797543729
2816/16384
mean(sgnprob[1:i - 1]) = 0.3733570159857904
2944/16384
mean(sgnprob[1:i - 1]) = 0.37750594631328577
3072/16384
mean(sgnprob[1:i - 1]) = 0.38000651253663303
3200/16384
mean(sgnprob[1:i - 1]) = 0.37918099406064393
3328/16384
mean(sgnprob[1:i - 1]) = 0.38623384430417795
3456/16384
mean(sgnprob[1:i - 1]) = 0.388712011577424
3584/16384
mean(sgnprob[1:i - 1]) = 0.3608707786770862
3712/16384
mean(sgnprob[1:i - 1]) = 0.36836432228509836
3840/16384
mean(sgnprob[1:i - 1]) = 0.36858556915863505
3968/16384
mean(sgnprob[1:i - 1]) = 0.3763549281572977
4096/16384
mean(sgnprob[1:i - 1]) = 0.3474969474969475
4224/16384
mean(sgnprob[1:i - 1]) = 0.3516457494672034
4352/16384
mean(sgnprob[1:i - 1]) = 0.35784877039760976
4480/16384
mean(sgnprob[1:i - 1]) = 0.36191114087966064
4608/16384
mean(sgnprob[1:i - 1]) = 0.3666160191013675
4736/16384
mean(sgnprob[1:i - 1]) = 0.33938753959873286
4864/16384
mean(sgnprob[1:i - 1]) = 0.3415587086160806
4992/16384
mean(sgnprob[1:i - 1]) = 0.31917451412542575
5120/16384
mean(sgnprob[1:i - 1]) = 0.3209611252197695
5248/16384
mean(sgnprob[1:i - 1]) = 0.29979035639413
5376/16384
mean(sgnprob[1:i - 1]) = 0.30009302325581394
5504/16384
mean(sgnprob[1:i - 1]) = 0.30837724877339634
5632/16384
mean(sgnprob[1:i - 1]) = 0.31202273130882613
5760/16384
mean(sgnprob[1:i - 1]) = 0.29501649591943047
5888/16384
mean(sgnprob[1:i - 1]) = 0.2998131476133854
6016/16384
mean(sgnprob[1:i - 1]) = 0.3034081463009144
6144/16384
mean(sgnprob[1:i - 1]) = 0.30913234575940096
6272/16384
mean(sgnprob[1:i - 1]) = 0.2935735927284325
6400/16384
mean(sgnprob[1:i - 1]) = 0.2986404125644632
6528/16384
mean(sgnprob[1:i - 1]) = 0.3032020836525203
6656/16384
mean(sgnprob[1:i - 1]) = 0.3051840721262209
6784/16384
mean(sgnprob[1:i - 1]) = 0.3073861123396727
6912/16384
mean(sgnprob[1:i - 1]) = 0.3100853711474461
7040/16384
mean(sgnprob[1:i - 1]) = 0.31495951129421795
7168/16384
mean(sgnprob[1:i - 1]) = 0.3193804939305149
7296/16384
mean(sgnprob[1:i - 1]) = 0.3233721727210418
7424/16384
mean(sgnprob[1:i - 1]) = 0.30755759127037585
7552/16384
mean(sgnprob[1:i - 1]) = 0.29386836180638326
7680/16384
mean(sgnprob[1:i - 1]) = 0.27959369709597603
7808/16384
mean(sgnprob[1:i - 1]) = 0.2834635583450749
7936/16384
mean(sgnprob[1:i - 1]) = 0.2877126654064272
8064/16384
mean(sgnprob[1:i - 1]) = 0.29232295671586256
8192/16384
mean(sgnprob[1:i - 1]) = 0.2955683066780613
8320/16384
mean(sgnprob[1:i - 1]) = 0.3003966822935449
8448/16384
mean(sgnprob[1:i - 1]) = 0.2903989582100154
8576/16384
mean(sgnprob[1:i - 1]) = 0.2932944606413994
8704/16384
mean(sgnprob[1:i - 1]) = 0.2818568309778237
8832/16384
mean(sgnprob[1:i - 1]) = 0.2859245838523384
8960/16384
mean(sgnprob[1:i - 1]) = 0.288536667038732
9088/16384
mean(sgnprob[1:i - 1]) = 0.2910751623197975
9216/16384
mean(sgnprob[1:i - 1]) = 0.2944112859468258
9344/16384
mean(sgnprob[1:i - 1]) = 0.29722787113346893
9472/16384
mean(sgnprob[1:i - 1]) = 0.29975715341569
9600/16384
mean(sgnprob[1:i - 1]) = 0.28909261381393897
9728/16384
mean(sgnprob[1:i - 1]) = 0.2793255885679038
9856/16384
mean(sgnprob[1:i - 1]) = 0.2823947234906139
9984/16384
mean(sgnprob[1:i - 1]) = 0.285184814184113
10112/16384
mean(sgnprob[1:i - 1]) = 0.2873108495697755
10240/16384
mean(sgnprob[1:i - 1]) = 0.2911417130579158
10368/16384
mean(sgnprob[1:i - 1]) = 0.28098774959004535
10496/16384
mean(sgnprob[1:i - 1]) = 0.2836588851834207
10624/16384
mean(sgnprob[1:i - 1]) = 0.2864539207380213
10752/16384
mean(sgnprob[1:i - 1]) = 0.2886243140173007
10880/16384
mean(sgnprob[1:i - 1]) = 0.27916168765511534
11008/16384
mean(sgnprob[1:i - 1]) = 0.28245661851549014
11136/16384
mean(sgnprob[1:i - 1]) = 0.285136955545577
11264/16384
mean(sgnprob[1:i - 1]) = 0.28882180591316703
11392/16384
mean(sgnprob[1:i - 1]) = 0.2925994205952067
11520/16384
mean(sgnprob[1:i - 1]) = 0.293341435888532
11648/16384
mean(sgnprob[1:i - 1]) = 0.29526916802610115
11776/16384
mean(sgnprob[1:i - 1]) = 0.2981740976645435
11904/16384
mean(sgnprob[1:i - 1]) = 0.3006805007141057
12032/16384
mean(sgnprob[1:i - 1]) = 0.29216191505278033
12160/16384
mean(sgnprob[1:i - 1]) = 0.2844806316308907
12288/16384
mean(sgnprob[1:i - 1]) = 0.28656303410108247
12416/16384
mean(sgnprob[1:i - 1]) = 0.2882803060813532
12544/16384
mean(sgnprob[1:i - 1]) = 0.2906003348481225
12672/16384
mean(sgnprob[1:i - 1]) = 0.2816667982006156
12800/16384
mean(sgnprob[1:i - 1]) = 0.27431830611766544
12928/16384
mean(sgnprob[1:i - 1]) = 0.275160516747892
13056/16384
mean(sgnprob[1:i - 1]) = 0.27797778628877823
13184/16384
mean(sgnprob[1:i - 1]) = 0.28089205795342487
13312/16384
mean(sgnprob[1:i - 1]) = 0.28314927503568477
13440/16384
mean(sgnprob[1:i - 1]) = 0.2865540590817769
13568/16384
mean(sgnprob[1:i - 1]) = 0.28915751455738187
13696/16384
mean(sgnprob[1:i - 1]) = 0.29127418765972984
13824/16384
mean(sgnprob[1:i - 1]) = 0.2936410330608406
13952/16384
mean(sgnprob[1:i - 1]) = 0.28635940075980215
14080/16384
mean(sgnprob[1:i - 1]) = 0.288017614887421
14208/16384
mean(sgnprob[1:i - 1]) = 0.2903498275497994
14336/16384
mean(sgnprob[1:i - 1]) = 0.2927799093128706
14464/16384
mean(sgnprob[1:i - 1]) = 0.2937841388370324
14592/16384
mean(sgnprob[1:i - 1]) = 0.2943595367007059
14720/16384
mean(sgnprob[1:i - 1]) = 0.29628371492628575
14848/16384
mean(sgnprob[1:i - 1]) = 0.2985788374755843
14976/16384
mean(sgnprob[1:i - 1]) = 0.30070116861435725
15104/16384
mean(sgnprob[1:i - 1]) = 0.3026551016354367
15232/16384
mean(sgnprob[1:i - 1]) = 0.2961722802179765
15360/16384
mean(sgnprob[1:i - 1]) = 0.29708965427436684
15488/16384
mean(sgnprob[1:i - 1]) = 0.2902434299735262
15616/16384
mean(sgnprob[1:i - 1]) = 0.292347102145373
15744/16384
mean(sgnprob[1:i - 1]) = 0.2947976878612717
15872/16384
mean(sgnprob[1:i - 1]) = 0.2872534811921114
16000/16384
mean(sgnprob[1:i - 1]) = 0.2883305206575411
16128/16384
mean(sgnprob[1:i - 1]) = 0.282569603770075
16256/16384
mean(sgnprob[1:i - 1]) = 0.285266071977853
16384/16384
mean(sgnprob[1:i - 1]) = 0.28035158395898185
816.549303 seconds (167.11 M allocations: 70.745 GiB, 1.65% gc time, 1.22% compilation time)
