## SLURM PROLOG ###############################################################
##    Job ID : 8822253
##  Job Name : sbatch_etgent.sh
##  Nodelist : node1648
##      CPUs : 8
##  Mem/Node : 4096 MB
## Directory : /oscar/home/trazzaz/AFQMC
##   Job Started : Thu Feb 27 05:47:00 PM EST 2025
###############################################################################
seed = 1248
U = 2.0
β = 6.0
Warming up
128/1024
256/1024
384/1024
512/1024
640/1024
768/1024
896/1024
1024/1024
Measuring
128/16384
mean(sgnprob[1:i - 1]) = 0.4330708661417323
256/16384
mean(sgnprob[1:i - 1]) = -0.027450980392156862
384/16384
mean(sgnprob[1:i - 1]) = 0.15926892950391644
512/16384
mean(sgnprob[1:i - 1]) = -0.005870841487279843
640/16384
mean(sgnprob[1:i - 1]) = -0.107981220657277
768/16384
mean(sgnprob[1:i - 1]) = -0.03259452411994785
896/16384
mean(sgnprob[1:i - 1]) = -0.11955307262569832
1024/16384
mean(sgnprob[1:i - 1]) = -0.15933528836754643
1152/16384
mean(sgnprob[1:i - 1]) = -0.20243266724587317
1280/16384
mean(sgnprob[1:i - 1]) = -0.12900703674745895
1408/16384
mean(sgnprob[1:i - 1]) = -0.06609808102345416
1536/16384
mean(sgnprob[1:i - 1]) = -0.011074918566775244
1664/16384
mean(sgnprob[1:i - 1]) = 0.035478051713770296
1792/16384
mean(sgnprob[1:i - 1]) = 0.06756002233389168
1920/16384
mean(sgnprob[1:i - 1]) = 0.10161542470036478
2048/16384
mean(sgnprob[1:i - 1]) = 0.12750366389838788
2176/16384
mean(sgnprob[1:i - 1]) = 0.15862068965517243
2304/16384
mean(sgnprob[1:i - 1]) = 0.1228831958315241
2432/16384
mean(sgnprob[1:i - 1]) = 0.1443850267379679
2560/16384
mean(sgnprob[1:i - 1]) = 0.11059007424775302
2688/16384
mean(sgnprob[1:i - 1]) = 0.07927056196501675
2816/16384
mean(sgnprob[1:i - 1]) = 0.0941385435168739
2944/16384
mean(sgnprob[1:i - 1]) = 0.11179068977234115
3072/16384
mean(sgnprob[1:i - 1]) = 0.13187886681862585
3200/16384
mean(sgnprob[1:i - 1]) = 0.15286026883401063
3328/16384
mean(sgnprob[1:i - 1]) = 0.16801923654944395
3456/16384
mean(sgnprob[1:i - 1]) = 0.1768451519536903
3584/16384
mean(sgnprob[1:i - 1]) = 0.1889478090985208
3712/16384
mean(sgnprob[1:i - 1]) = 0.19913769873349502
3840/16384
mean(sgnprob[1:i - 1]) = 0.20604324042719457
3968/16384
mean(sgnprob[1:i - 1]) = 0.18578270733551802
4096/16384
mean(sgnprob[1:i - 1]) = 0.19267399267399268
4224/16384
mean(sgnprob[1:i - 1]) = 0.20056831636277528
4352/16384
mean(sgnprob[1:i - 1]) = 0.20937715467708573
4480/16384
mean(sgnprob[1:i - 1]) = 0.21723599017637865
4608/16384
mean(sgnprob[1:i - 1]) = 0.2233557629693944
4736/16384
mean(sgnprob[1:i - 1]) = 0.23167898627243927
4864/16384
mean(sgnprob[1:i - 1]) = 0.23956405511001438
4992/16384
mean(sgnprob[1:i - 1]) = 0.2181927469445001
5120/16384
mean(sgnprob[1:i - 1]) = 0.2010158234030084
5248/16384
mean(sgnprob[1:i - 1]) = 0.2086906803887936
5376/16384
mean(sgnprob[1:i - 1]) = 0.21525581395348836
5504/16384
mean(sgnprob[1:i - 1]) = 0.22006178448119207
5632/16384
mean(sgnprob[1:i - 1]) = 0.22571479310957202
5760/16384
mean(sgnprob[1:i - 1]) = 0.23007466574057997
5888/16384
mean(sgnprob[1:i - 1]) = 0.21216239171054865
6016/16384
mean(sgnprob[1:i - 1]) = 0.21762261014131337
6144/16384
mean(sgnprob[1:i - 1]) = 0.19973954094090834
6272/16384
mean(sgnprob[1:i - 1]) = 0.2081007813745814
6400/16384
mean(sgnprob[1:i - 1]) = 0.21487732458196593
6528/16384
mean(sgnprob[1:i - 1]) = 0.22108166079362648
6656/16384
mean(sgnprob[1:i - 1]) = 0.20841472577009768
6784/16384
mean(sgnprob[1:i - 1]) = 0.21480171015774732
6912/16384
mean(sgnprob[1:i - 1]) = 0.22153089277962668
7040/16384
mean(sgnprob[1:i - 1]) = 0.22545816167069185
7168/16384
mean(sgnprob[1:i - 1]) = 0.22729175387191294
7296/16384
mean(sgnprob[1:i - 1]) = 0.2315284441398218
7424/16384
mean(sgnprob[1:i - 1]) = 0.23561902195877676
7552/16384
mean(sgnprob[1:i - 1]) = 0.22579790756191234
7680/16384
mean(sgnprob[1:i - 1]) = 0.22828493293397578
7808/16384
mean(sgnprob[1:i - 1]) = 0.23350838990649417
7936/16384
mean(sgnprob[1:i - 1]) = 0.23831127914303718
8064/16384
mean(sgnprob[1:i - 1]) = 0.24469800322460622
8192/16384
mean(sgnprob[1:i - 1]) = 0.2503967769503113
8320/16384
mean(sgnprob[1:i - 1]) = 0.25303522057939654
8448/16384
mean(sgnprob[1:i - 1]) = 0.24044039303894874
8576/16384
mean(sgnprob[1:i - 1]) = 0.24268221574344023
8704/16384
mean(sgnprob[1:i - 1]) = 0.2464667356084109
8832/16384
mean(sgnprob[1:i - 1]) = 0.2492356471520779
8960/16384
mean(sgnprob[1:i - 1]) = 0.25438106931577187
9088/16384
mean(sgnprob[1:i - 1]) = 0.25828106085616814
9216/16384
mean(sgnprob[1:i - 1]) = 0.24666304937601735
9344/16384
mean(sgnprob[1:i - 1]) = 0.2497056619929359
9472/16384
mean(sgnprob[1:i - 1]) = 0.2541442297539859
9600/16384
mean(sgnprob[1:i - 1]) = 0.2588811334514012
9728/16384
mean(sgnprob[1:i - 1]) = 0.2486892155854837
9856/16384
mean(sgnprob[1:i - 1]) = 0.2395738203957382
9984/16384
mean(sgnprob[1:i - 1]) = 0.24351397375538417
10112/16384
mean(sgnprob[1:i - 1]) = 0.24557412718821087
10240/16384
mean(sgnprob[1:i - 1]) = 0.24816876648110167
10368/16384
mean(sgnprob[1:i - 1]) = 0.2514710137937687
10496/16384
mean(sgnprob[1:i - 1]) = 0.25488327775131014
10624/16384
mean(sgnprob[1:i - 1]) = 0.2602842888073049
10752/16384
mean(sgnprob[1:i - 1]) = 0.25104641428704305
10880/16384
mean(sgnprob[1:i - 1]) = 0.24257744277966725
11008/16384
mean(sgnprob[1:i - 1]) = 0.24702462069592077
11136/16384
mean(sgnprob[1:i - 1]) = 0.25011225864391556
11264/16384
mean(sgnprob[1:i - 1]) = 0.25295214418893724
11392/16384
mean(sgnprob[1:i - 1]) = 0.2576595557896585
11520/16384
mean(sgnprob[1:i - 1]) = 0.24941401163295426
11648/16384
mean(sgnprob[1:i - 1]) = 0.25268309435906244
11776/16384
mean(sgnprob[1:i - 1]) = 0.2443312101910828
11904/16384
mean(sgnprob[1:i - 1]) = 0.2465764933210115
12032/16384
mean(sgnprob[1:i - 1]) = 0.24894023771922533
12160/16384
mean(sgnprob[1:i - 1]) = 0.24122049510650548
12288/16384
mean(sgnprob[1:i - 1]) = 0.24440465532676814
12416/16384
mean(sgnprob[1:i - 1]) = 0.23672976238421264
12544/16384
mean(sgnprob[1:i - 1]) = 0.23798134417603445
12672/16384
mean(sgnprob[1:i - 1]) = 0.23068423960224133
12800/16384
mean(sgnprob[1:i - 1]) = 0.23322134541761075
12928/16384
mean(sgnprob[1:i - 1]) = 0.22580645161290322
13056/16384
mean(sgnprob[1:i - 1]) = 0.22987361164304865
13184/16384
mean(sgnprob[1:i - 1]) = 0.2329515284836532
13312/16384
mean(sgnprob[1:i - 1]) = 0.2260536398467433
13440/16384
mean(sgnprob[1:i - 1]) = 0.21943596993823944
13568/16384
mean(sgnprob[1:i - 1]) = 0.22223041202918847
13696/16384
mean(sgnprob[1:i - 1]) = 0.22541073384446877
13824/16384
mean(sgnprob[1:i - 1]) = 0.2283874701584316
13952/16384
mean(sgnprob[1:i - 1]) = 0.23116622464339473
14080/16384
mean(sgnprob[1:i - 1]) = 0.22508700902052703
14208/16384
mean(sgnprob[1:i - 1]) = 0.2272823256141339
14336/16384
mean(sgnprob[1:i - 1]) = 0.22971747471224277
14464/16384
mean(sgnprob[1:i - 1]) = 0.22339763534536403
14592/16384
mean(sgnprob[1:i - 1]) = 0.21828524432869578
14720/16384
mean(sgnprob[1:i - 1]) = 0.2119029825395747
14848/16384
mean(sgnprob[1:i - 1]) = 0.2145214521452145
14976/16384
mean(sgnprob[1:i - 1]) = 0.20774624373956593
15104/16384
mean(sgnprob[1:i - 1]) = 0.20982586241144144
15232/16384
mean(sgnprob[1:i - 1]) = 0.21305232748998754
15360/16384
mean(sgnprob[1:i - 1]) = 0.21583436421642033
15488/16384
mean(sgnprob[1:i - 1]) = 0.21805385161748564
15616/16384
mean(sgnprob[1:i - 1]) = 0.2195965417867435
15744/16384
mean(sgnprob[1:i - 1]) = 0.22200343009591564
15872/16384
mean(sgnprob[1:i - 1]) = 0.22449751118392036
16000/16384
mean(sgnprob[1:i - 1]) = 0.22607662978936183
16128/16384
mean(sgnprob[1:i - 1]) = 0.2284987908476468
16256/16384
mean(sgnprob[1:i - 1]) = 0.23075976622577668
16384/16384
mean(sgnprob[1:i - 1]) = 0.2331074894707929
738.376512 seconds (167.11 M allocations: 70.745 GiB, 1.56% gc time, 1.26% compilation time)
