## SLURM PROLOG ###############################################################
##    Job ID : 5898732
##  Job Name : etgent_2x2_seed1248
##  Nodelist : node1747
##      CPUs : 8
##  Mem/Node : 2048 MB
## Directory : /oscar/home/trazzaz/AFQMC
##   Job Started : Sun Nov 10 08:32:14 PM EST 2024
###############################################################################
U = 2.0
seed = 1248
λₖ = 0.0
Warming up
128/512
256/512
384/512
512/512
Measuring
128/1024
256/1024
384/1024
512/1024
640/1024
768/1024
896/1024
1024/1024
330.282534 seconds (210.26 M allocations: 1.099 TiB, 20.73% gc time, 2.69% compilation time)
λₖ = 0.2
Warming up
128/512
256/512
384/512
512/512
Measuring
128/1024
256/1024
384/1024
512/1024
640/1024
768/1024
896/1024
1024/1024
342.563306 seconds (208.41 M allocations: 1.099 TiB, 20.68% gc time, 0.03% compilation time)
λₖ = 0.4
Warming up
128/512
256/512
384/512
512/512
Measuring
128/1024
256/1024
384/1024
512/1024
640/1024
768/1024
896/1024
1024/1024
321.840724 seconds (208.41 M allocations: 1.099 TiB, 21.21% gc time)
λₖ = 0.6
Warming up
128/512
256/512
384/512
512/512
Measuring
128/1024
256/1024
384/1024
512/1024
640/1024
768/1024
896/1024
1024/1024
294.296227 seconds (208.41 M allocations: 1.099 TiB, 21.76% gc time)
λₖ = 0.8
Warming up
128/512
256/512
384/512
512/512
Measuring
128/1024
256/1024
384/1024
512/1024
640/1024
768/1024
896/1024
1024/1024
254.701587 seconds (208.41 M allocations: 1.099 TiB, 23.23% gc time)
