## SLURM PROLOG ###############################################################
##    Job ID : 6742842
##  Job Name : sbatch_etgent.sh
##  Nodelist : node1738
##      CPUs : 8
##  Mem/Node : 2048 MB
## Directory : /oscar/home/trazzaz/AFQMC
##   Job Started : Tue Nov 26 12:35:37 AM EST 2024
###############################################################################
seed = 1238
U = -2.0
λₖ = 0.6
Warming up
128/512
256/512
384/512
512/512
Measuring
128/1024
256/1024
384/1024
512/1024
640/1024
768/1024
896/1024
1024/1024
32830.366570 seconds (55.36 M allocations: 343.303 GiB, 0.14% gc time, 0.03% compilation time)
