## SLURM PROLOG ###############################################################
##    Job ID : 8822245
##  Job Name : sbatch_etgent.sh
##  Nodelist : node1621
##      CPUs : 8
##  Mem/Node : 4096 MB
## Directory : /oscar/home/trazzaz/AFQMC
##   Job Started : Thu Feb 27 05:33:58 PM EST 2025
###############################################################################
seed = 1240
U = 2.0
β = 6.0
Warming up
128/1024
256/1024
384/1024
512/1024
640/1024
768/1024
896/1024
1024/1024
Measuring
128/16384
mean(sgnprob[1:i - 1]) = -0.3858267716535433
256/16384
mean(sgnprob[1:i - 1]) = 0.08235294117647059
384/16384
mean(sgnprob[1:i - 1]) = 0.23237597911227154
512/16384
mean(sgnprob[1:i - 1]) = 0.05283757338551859
640/16384
mean(sgnprob[1:i - 1]) = -0.0297339593114241
768/16384
mean(sgnprob[1:i - 1]) = 0.04302477183833116
896/16384
mean(sgnprob[1:i - 1]) = 0.09497206703910614
1024/16384
mean(sgnprob[1:i - 1]) = 0.13978494623655913
1152/16384
mean(sgnprob[1:i - 1]) = 0.19374456993918332
1280/16384
mean(sgnprob[1:i - 1]) = 0.23221266614542613
1408/16384
mean(sgnprob[1:i - 1]) = 0.2594171997157072
1536/16384
mean(sgnprob[1:i - 1]) = 0.1973941368078176
1664/16384
mean(sgnprob[1:i - 1]) = 0.21707757065544198
1792/16384
mean(sgnprob[1:i - 1]) = 0.23618090452261306
1920/16384
mean(sgnprob[1:i - 1]) = 0.2443981240229286
2048/16384
mean(sgnprob[1:i - 1]) = 0.25744992672203226
2176/16384
mean(sgnprob[1:i - 1]) = 0.26804597701149424
2304/16384
mean(sgnprob[1:i - 1]) = 0.21493703864524533
2432/16384
mean(sgnprob[1:i - 1]) = 0.1740024681201152
2560/16384
mean(sgnprob[1:i - 1]) = 0.1856193825713169
2688/16384
mean(sgnprob[1:i - 1]) = 0.2050614067733532
2816/16384
mean(sgnprob[1:i - 1]) = 0.22486678507992897
2944/16384
mean(sgnprob[1:i - 1]) = 0.23955147808358818
3072/16384
mean(sgnprob[1:i - 1]) = 0.20807554542494303
3200/16384
mean(sgnprob[1:i - 1]) = 0.2191309784307596
3328/16384
mean(sgnprob[1:i - 1]) = 0.23113916441238352
3456/16384
mean(sgnprob[1:i - 1]) = 0.2451519536903039
3584/16384
mean(sgnprob[1:i - 1]) = 0.21629919062238348
3712/16384
mean(sgnprob[1:i - 1]) = 0.2223120452708165
3840/16384
mean(sgnprob[1:i - 1]) = 0.23261265954675697
3968/16384
mean(sgnprob[1:i - 1]) = 0.24224855054197125
4096/16384
mean(sgnprob[1:i - 1]) = 0.24884004884004884
4224/16384
mean(sgnprob[1:i - 1]) = 0.2545583708264267
4352/16384
mean(sgnprob[1:i - 1]) = 0.2649965525166628
4480/16384
mean(sgnprob[1:i - 1]) = 0.2726054922973878
4608/16384
mean(sgnprob[1:i - 1]) = 0.28022574343390494
4736/16384
mean(sgnprob[1:i - 1]) = 0.28574445617740235
4864/16384
mean(sgnprob[1:i - 1]) = 0.26259510590170676
4992/16384
mean(sgnprob[1:i - 1]) = 0.26788218793828894
5120/16384
mean(sgnprob[1:i - 1]) = 0.27563977339324086
5248/16384
mean(sgnprob[1:i - 1]) = 0.28149418715456453
5376/16384
mean(sgnprob[1:i - 1]) = 0.2878139534883721
5504/16384
mean(sgnprob[1:i - 1]) = 0.29129565691441034
5632/16384
mean(sgnprob[1:i - 1]) = 0.2722429408630794
5760/16384
mean(sgnprob[1:i - 1]) = 0.2762632401458587
5888/16384
mean(sgnprob[1:i - 1]) = 0.28078817733990147
6016/16384
mean(sgnprob[1:i - 1]) = 0.2625103906899418
6144/16384
mean(sgnprob[1:i - 1]) = 0.26680774865700796
6272/16384
mean(sgnprob[1:i - 1]) = 0.2709296762876734
6400/16384
mean(sgnprob[1:i - 1]) = 0.27676199406157215
6528/16384
mean(sgnprob[1:i - 1]) = 0.2808334610081201
6656/16384
mean(sgnprob[1:i - 1]) = 0.28625093914350114
6784/16384
mean(sgnprob[1:i - 1]) = 0.2705292643373139
6912/16384
mean(sgnprob[1:i - 1]) = 0.2559687454782231
7040/16384
mean(sgnprob[1:i - 1]) = 0.26267935786333285
7168/16384
mean(sgnprob[1:i - 1]) = 0.26803404492814287
7296/16384
mean(sgnprob[1:i - 1]) = 0.27374914324880056
7424/16384
mean(sgnprob[1:i - 1]) = 0.2776505456015088
7552/16384
mean(sgnprob[1:i - 1]) = 0.28062508277049397
7680/16384
mean(sgnprob[1:i - 1]) = 0.28584451100403696
7808/16384
mean(sgnprob[1:i - 1]) = 0.29166132957602153
7936/16384
mean(sgnprob[1:i - 1]) = 0.29678638941398866
8064/16384
mean(sgnprob[1:i - 1]) = 0.2982760759022696
8192/16384
mean(sgnprob[1:i - 1]) = 0.3011842265901599
8320/16384
mean(sgnprob[1:i - 1]) = 0.30472412549585287
8448/16384
mean(sgnprob[1:i - 1]) = 0.3088670533917367
8576/16384
mean(sgnprob[1:i - 1]) = 0.3121865889212828
8704/16384
mean(sgnprob[1:i - 1]) = 0.31425945076410433
8832/16384
mean(sgnprob[1:i - 1]) = 0.31808402219454196
8960/16384
mean(sgnprob[1:i - 1]) = 0.3217993079584775
9088/16384
mean(sgnprob[1:i - 1]) = 0.32496973698690435
9216/16384
mean(sgnprob[1:i - 1]) = 0.31481280520889854
9344/16384
mean(sgnprob[1:i - 1]) = 0.31692175960612223
9472/16384
mean(sgnprob[1:i - 1]) = 0.3198183929891247
9600/16384
mean(sgnprob[1:i - 1]) = 0.3236795499531201
9728/16384
mean(sgnprob[1:i - 1]) = 0.326411020869744
9856/16384
mean(sgnprob[1:i - 1]) = 0.3284627092846271
9984/16384
mean(sgnprob[1:i - 1]) = 0.33186416908744865
10112/16384
mean(sgnprob[1:i - 1]) = 0.32212441894965876
10240/16384
mean(sgnprob[1:i - 1]) = 0.31008887586678385
10368/16384
mean(sgnprob[1:i - 1]) = 0.3008584932960355
10496/16384
mean(sgnprob[1:i - 1]) = 0.3036684135302525
10624/16384
mean(sgnprob[1:i - 1]) = 0.3056575355361009
10752/16384
mean(sgnprob[1:i - 1]) = 0.3090875267416984
10880/16384
mean(sgnprob[1:i - 1]) = 0.3118852835738579
11008/16384
mean(sgnprob[1:i - 1]) = 0.31370945761787955
11136/16384
mean(sgnprob[1:i - 1]) = 0.3039964077233947
11264/16384
mean(sgnprob[1:i - 1]) = 0.3053360561129362
11392/16384
mean(sgnprob[1:i - 1]) = 0.30699675182161357
11520/16384
mean(sgnprob[1:i - 1]) = 0.3084469137946002
11648/16384
mean(sgnprob[1:i - 1]) = 0.31158238172920066
11776/16384
mean(sgnprob[1:i - 1]) = 0.3132908704883227
11904/16384
mean(sgnprob[1:i - 1]) = 0.3032008737293119
12032/16384
mean(sgnprob[1:i - 1]) = 0.30479594381181946
12160/16384
mean(sgnprob[1:i - 1]) = 0.2956657619870055
12288/16384
mean(sgnprob[1:i - 1]) = 0.28688858142752505
12416/16384
mean(sgnprob[1:i - 1]) = 0.2897301651228353
12544/16384
mean(sgnprob[1:i - 1]) = 0.29235430120385875
12672/16384
mean(sgnprob[1:i - 1]) = 0.2963459868992187
12800/16384
mean(sgnprob[1:i - 1]) = 0.2874443315884053
12928/16384
mean(sgnprob[1:i - 1]) = 0.2799566798174364
13056/16384
mean(sgnprob[1:i - 1]) = 0.28272692454998083
13184/16384
mean(sgnprob[1:i - 1]) = 0.2863536372601077
13312/16384
mean(sgnprob[1:i - 1]) = 0.27849147321763956
13440/16384
mean(sgnprob[1:i - 1]) = 0.27926184984001784
13568/16384
mean(sgnprob[1:i - 1]) = 0.2722046141372448
13696/16384
mean(sgnprob[1:i - 1]) = 0.2750638919313618
13824/16384
mean(sgnprob[1:i - 1]) = 0.2784489618751356
13952/16384
mean(sgnprob[1:i - 1]) = 0.2810551214966669
14080/16384
mean(sgnprob[1:i - 1]) = 0.28432417075076355
14208/16384
mean(sgnprob[1:i - 1]) = 0.28654888435278386
14336/16384
mean(sgnprob[1:i - 1]) = 0.2788280432507848
14464/16384
mean(sgnprob[1:i - 1]) = 0.2709672958583973
14592/16384
mean(sgnprob[1:i - 1]) = 0.2731135631553697
14720/16384
mean(sgnprob[1:i - 1]) = 0.2657109858006658
14848/16384
mean(sgnprob[1:i - 1]) = 0.2678655620664107
14976/16384
mean(sgnprob[1:i - 1]) = 0.26984974958263774
15104/16384
mean(sgnprob[1:i - 1]) = 0.2727272727272727
15232/16384
mean(sgnprob[1:i - 1]) = 0.2756877421049176
15360/16384
mean(sgnprob[1:i - 1]) = 0.2780779998697832
15488/16384
mean(sgnprob[1:i - 1]) = 0.28120359010783236
15616/16384
mean(sgnprob[1:i - 1]) = 0.2741594620557157
15744/16384
mean(sgnprob[1:i - 1]) = 0.2767579241567681
15872/16384
mean(sgnprob[1:i - 1]) = 0.2798185369541932
16000/16384
mean(sgnprob[1:i - 1]) = 0.2817051065691606
16128/16384
mean(sgnprob[1:i - 1]) = 0.28380976002976377
16256/16384
mean(sgnprob[1:i - 1]) = 0.2855121501076592
16384/16384
mean(sgnprob[1:i - 1]) = 0.28694378318989194
734.805179 seconds (167.11 M allocations: 70.745 GiB, 1.37% gc time, 1.24% compilation time)
