## SLURM PROLOG ###############################################################
##    Job ID : 8833782
##  Job Name : sbatch_etgent.sh
##  Nodelist : node1648
##      CPUs : 8
##  Mem/Node : 4096 MB
## Directory : /oscar/home/trazzaz/AFQMC
##   Job Started : Thu Feb 27 10:14:36 PM EST 2025
###############################################################################
seed = 1336
U = 2.0
β = 6.0
Warming up
128/1024
256/1024
384/1024
512/1024
640/1024
768/1024
896/1024
1024/1024
Measuring
128/16384
mean(sgnprob[1:i - 1]) = 0.5905511811023622
256/16384
mean(sgnprob[1:i - 1]) = 0.5686274509803921
384/16384
mean(sgnprob[1:i - 1]) = 0.5509138381201044
512/16384
mean(sgnprob[1:i - 1]) = 0.5068493150684932
640/16384
mean(sgnprob[1:i - 1]) = 0.49295774647887325
768/16384
mean(sgnprob[1:i - 1]) = 0.5097783572359843
896/16384
mean(sgnprob[1:i - 1]) = 0.5195530726256983
1024/16384
mean(sgnprob[1:i - 1]) = 0.5268817204301075
1152/16384
mean(sgnprob[1:i - 1]) = 0.5360556038227628
1280/16384
mean(sgnprob[1:i - 1]) = 0.5340109460516028
1408/16384
mean(sgnprob[1:i - 1]) = 0.5337597725657427
1536/16384
mean(sgnprob[1:i - 1]) = 0.529641693811075
1664/16384
mean(sgnprob[1:i - 1]) = 0.534576067348166
1792/16384
mean(sgnprob[1:i - 1]) = 0.5321049692908989
1920/16384
mean(sgnprob[1:i - 1]) = 0.5455966649296509
2048/16384
mean(sgnprob[1:i - 1]) = 0.5398143624816805
2176/16384
mean(sgnprob[1:i - 1]) = 0.5503448275862068
2304/16384
mean(sgnprob[1:i - 1]) = 0.5501519756838906
2432/16384
mean(sgnprob[1:i - 1]) = 0.5549156725627313
2560/16384
mean(sgnprob[1:i - 1]) = 0.5513872606486909
2688/16384
mean(sgnprob[1:i - 1]) = 0.5489393375511723
2816/16384
mean(sgnprob[1:i - 1]) = 0.544582593250444
2944/16384
mean(sgnprob[1:i - 1]) = 0.4977913693510024
3072/16384
mean(sgnprob[1:i - 1]) = 0.49788342559426896
3200/16384
mean(sgnprob[1:i - 1]) = 0.45795561112847766
3328/16384
mean(sgnprob[1:i - 1]) = 0.4235046588518184
3456/16384
mean(sgnprob[1:i - 1]) = 0.388712011577424
3584/16384
mean(sgnprob[1:i - 1]) = 0.3541724811610382
3712/16384
mean(sgnprob[1:i - 1]) = 0.35489086499595796
3840/16384
mean(sgnprob[1:i - 1]) = 0.3654597551445689
3968/16384
mean(sgnprob[1:i - 1]) = 0.3743382908999244
4096/16384
mean(sgnprob[1:i - 1]) = 0.34896214896214894
4224/16384
mean(sgnprob[1:i - 1]) = 0.353540137343121
4352/16384
mean(sgnprob[1:i - 1]) = 0.3592277637324753
4480/16384
mean(sgnprob[1:i - 1]) = 0.3364590310337129
4608/16384
mean(sgnprob[1:i - 1]) = 0.3423051877577599
4736/16384
mean(sgnprob[1:i - 1]) = 0.34487856388595567
4864/16384
mean(sgnprob[1:i - 1]) = 0.3518404277195147
4992/16384
mean(sgnprob[1:i - 1]) = 0.35604087357243036
5120/16384
mean(sgnprob[1:i - 1]) = 0.33424496972064854
5248/16384
mean(sgnprob[1:i - 1]) = 0.3379073756432247
5376/16384
mean(sgnprob[1:i - 1]) = 0.34213953488372095
5504/16384
mean(sgnprob[1:i - 1]) = 0.3479920043612575
5632/16384
mean(sgnprob[1:i - 1]) = 0.351092168353756
5760/16384
mean(sgnprob[1:i - 1]) = 0.33252300746657404
5888/16384
mean(sgnprob[1:i - 1]) = 0.3354849668761678
6016/16384
mean(sgnprob[1:i - 1]) = 0.341645885286783
6144/16384
mean(sgnprob[1:i - 1]) = 0.34722448315155463
6272/16384
mean(sgnprob[1:i - 1]) = 0.35098070483176524
6400/16384
mean(sgnprob[1:i - 1]) = 0.35458665416471324
6528/16384
mean(sgnprob[1:i - 1]) = 0.35682549410142483
6656/16384
mean(sgnprob[1:i - 1]) = 0.3400450788880541
6784/16384
mean(sgnprob[1:i - 1]) = 0.3421789768538995
6912/16384
mean(sgnprob[1:i - 1]) = 0.3262914194761974
7040/16384
mean(sgnprob[1:i - 1]) = 0.33087086233840035
7168/16384
mean(sgnprob[1:i - 1]) = 0.33417050369750245
7296/16384
mean(sgnprob[1:i - 1]) = 0.3400959561343386
7424/16384
mean(sgnprob[1:i - 1]) = 0.3436615923481072
7552/16384
mean(sgnprob[1:i - 1]) = 0.3476360746920938
7680/16384
mean(sgnprob[1:i - 1]) = 0.3512176064591744
7808/16384
mean(sgnprob[1:i - 1]) = 0.35365697451005507
7936/16384
mean(sgnprob[1:i - 1]) = 0.355765595463138
8064/16384
mean(sgnprob[1:i - 1]) = 0.35904750093017485
8192/16384
mean(sgnprob[1:i - 1]) = 0.3610059821755585
8320/16384
mean(sgnprob[1:i - 1]) = 0.3633850222382498
8448/16384
mean(sgnprob[1:i - 1]) = 0.3654551911921392
8576/16384
mean(sgnprob[1:i - 1]) = 0.35300291545189505
8704/16384
mean(sgnprob[1:i - 1]) = 0.3556244972997817
8832/16384
mean(sgnprob[1:i - 1]) = 0.35930245725285925
8960/16384
mean(sgnprob[1:i - 1]) = 0.36131264650072553
9088/16384
mean(sgnprob[1:i - 1]) = 0.3639264883900077
9216/16384
mean(sgnprob[1:i - 1]) = 0.36668475311991316
9344/16384
mean(sgnprob[1:i - 1]) = 0.368725248849406
9472/16384
mean(sgnprob[1:i - 1]) = 0.3709217611656636
9600/16384
mean(sgnprob[1:i - 1]) = 0.37451817897697676
9728/16384
mean(sgnprob[1:i - 1]) = 0.3640382440629176
9856/16384
mean(sgnprob[1:i - 1]) = 0.35180111618467785
9984/16384
mean(sgnprob[1:i - 1]) = 0.35390163277571873
10112/16384
mean(sgnprob[1:i - 1]) = 0.3575314014439719
10240/16384
mean(sgnprob[1:i - 1]) = 0.34759253833382164
10368/16384
mean(sgnprob[1:i - 1]) = 0.3494742934310794
10496/16384
mean(sgnprob[1:i - 1]) = 0.3537875178656503
10624/16384
mean(sgnprob[1:i - 1]) = 0.34218205779911515
10752/16384
mean(sgnprob[1:i - 1]) = 0.34499116361268717
10880/16384
mean(sgnprob[1:i - 1]) = 0.3348653368875816
11008/16384
mean(sgnprob[1:i - 1]) = 0.3364222767329881
11136/16384
mean(sgnprob[1:i - 1]) = 0.3397395599461159
11264/16384
mean(sgnprob[1:i - 1]) = 0.34102814525437275
11392/16384
mean(sgnprob[1:i - 1]) = 0.3429900798876306
11520/16384
mean(sgnprob[1:i - 1]) = 0.34542929073704315
11648/16384
mean(sgnprob[1:i - 1]) = 0.3471280157980596
11776/16384
mean(sgnprob[1:i - 1]) = 0.34878980891719746
11904/16384
mean(sgnprob[1:i - 1]) = 0.3500798118121482
12032/16384
mean(sgnprob[1:i - 1]) = 0.3530047377607846
12160/16384
mean(sgnprob[1:i - 1]) = 0.3543876963566083
12288/16384
mean(sgnprob[1:i - 1]) = 0.3575323512655652
12416/16384
mean(sgnprob[1:i - 1]) = 0.36061216270640356
12544/16384
mean(sgnprob[1:i - 1]) = 0.3507135454038109
12672/16384
mean(sgnprob[1:i - 1]) = 0.35206376765843267
12800/16384
mean(sgnprob[1:i - 1]) = 0.35448081881396987
12928/16384
mean(sgnprob[1:i - 1]) = 0.3556122843660555
13056/16384
mean(sgnprob[1:i - 1]) = 0.35733435465338953
13184/16384
mean(sgnprob[1:i - 1]) = 0.3570507471743913
13312/16384
mean(sgnprob[1:i - 1]) = 0.3602283825407558
13440/16384
mean(sgnprob[1:i - 1]) = 0.3514398392737555
13568/16384
mean(sgnprob[1:i - 1]) = 0.35254662047615537
13696/16384
mean(sgnprob[1:i - 1]) = 0.35494706097115736
13824/16384
mean(sgnprob[1:i - 1]) = 0.35701367286406716
13952/16384
mean(sgnprob[1:i - 1]) = 0.3586122858576446
14080/16384
mean(sgnprob[1:i - 1]) = 0.3608921088145465
14208/16384
mean(sgnprob[1:i - 1]) = 0.3631308509889491
14336/16384
mean(sgnprob[1:i - 1]) = 0.3639344262295082
14464/16384
mean(sgnprob[1:i - 1]) = 0.36583004909078337
14592/16384
mean(sgnprob[1:i - 1]) = 0.36618463436364884
14720/16384
mean(sgnprob[1:i - 1]) = 0.35987499150757524
14848/16384
mean(sgnprob[1:i - 1]) = 0.35205765474506634
14976/16384
mean(sgnprob[1:i - 1]) = 0.3447746243739566
15104/16384
mean(sgnprob[1:i - 1]) = 0.34635502880222474
15232/16384
mean(sgnprob[1:i - 1]) = 0.3475149366423741
15360/16384
mean(sgnprob[1:i - 1]) = 0.33993098509017516
15488/16384
mean(sgnprob[1:i - 1]) = 0.3408665332214115
15616/16384
mean(sgnprob[1:i - 1]) = 0.333205251360871
15744/16384
mean(sgnprob[1:i - 1]) = 0.32592263228101376
15872/16384
mean(sgnprob[1:i - 1]) = 0.32720055447041774
16000/16384
mean(sgnprob[1:i - 1]) = 0.3203325207825489
16128/16384
mean(sgnprob[1:i - 1]) = 0.31394555714019967
16256/16384
mean(sgnprob[1:i - 1]) = 0.3059366348815749
16384/16384
mean(sgnprob[1:i - 1]) = 0.30745284746383444
749.136121 seconds (167.11 M allocations: 70.745 GiB, 1.67% gc time, 1.32% compilation time)
