## SLURM PROLOG ###############################################################
##    Job ID : 5955235
##  Job Name : etgent_N(1,2)_seed1234
##  Nodelist : node1738
##      CPUs : 8
##  Mem/Node : 2048 MB
## Directory : /oscar/home/trazzaz/AFQMC
##   Job Started : Mon Nov 11 09:24:55 PM EST 2024
###############################################################################
U = 2.0
seed = 1234
λₖ = 0.0
Warming up
128/512
256/512
384/512
512/512
Measuring
128/1024
256/1024
384/1024
512/1024
640/1024
768/1024
896/1024
1024/1024
116.407818 seconds (80.56 M allocations: 13.061 GiB, 3.18% gc time, 8.84% compilation time)
λₖ = 0.2
Warming up
128/512
256/512
384/512
512/512
Measuring
128/1024
256/1024
384/1024
512/1024
640/1024
768/1024
896/1024
1024/1024
103.176208 seconds (76.83 M allocations: 12.896 GiB, 3.32% gc time, 0.10% compilation time)
λₖ = 0.4
Warming up
128/512
256/512
384/512
512/512
Measuring
128/1024
256/1024
384/1024
512/1024
640/1024
768/1024
896/1024
1024/1024
109.896462 seconds (76.82 M allocations: 12.896 GiB, 3.17% gc time)
λₖ = 0.6
Warming up
128/512
256/512
384/512
512/512
Measuring
128/1024
256/1024
384/1024
512/1024
640/1024
768/1024
896/1024
1024/1024
102.664238 seconds (76.82 M allocations: 12.896 GiB, 3.36% gc time)
λₖ = 0.8
Warming up
128/512
256/512
384/512
512/512
Measuring
128/1024
256/1024
384/1024
512/1024
640/1024
768/1024
896/1024
1024/1024
102.552140 seconds (76.82 M allocations: 12.896 GiB, 3.36% gc time)
