## SLURM PROLOG ###############################################################
##    Job ID : 5902734
##  Job Name : etgent_N6_seed1262
##  Nodelist : node1717
##      CPUs : 8
##  Mem/Node : 2048 MB
## Directory : /oscar/home/trazzaz/AFQMC
##   Job Started : Mon Nov 11 12:02:16 AM EST 2024
###############################################################################
U = 2.0
seed = 1262
λₖ = 0.0
Warming up
128/512
256/512
384/512
512/512
Measuring
128/1024
256/1024
384/1024
512/1024
640/1024
768/1024
896/1024
1024/1024
264.055742 seconds (203.81 M allocations: 1.089 TiB, 19.34% gc time, 2.93% compilation time)
λₖ = 0.2
Warming up
128/512
256/512
384/512
512/512
Measuring
128/1024
256/1024
384/1024
512/1024
640/1024
768/1024
896/1024
1024/1024
286.418153 seconds (201.96 M allocations: 1.089 TiB, 19.81% gc time, 0.03% compilation time)
λₖ = 0.4
Warming up
128/512
256/512
384/512
512/512
Measuring
128/1024
256/1024
384/1024
512/1024
640/1024
768/1024
896/1024
1024/1024
222.312473 seconds (201.96 M allocations: 1.089 TiB, 22.76% gc time)
λₖ = 0.6
Warming up
128/512
256/512
384/512
512/512
Measuring
128/1024
256/1024
384/1024
512/1024
640/1024
768/1024
896/1024
1024/1024
213.834237 seconds (201.96 M allocations: 1.089 TiB, 21.64% gc time)
λₖ = 0.8
Warming up
128/512
256/512
384/512
512/512
Measuring
128/1024
256/1024
384/1024
512/1024
640/1024
768/1024
896/1024
1024/1024
223.416139 seconds (201.96 M allocations: 1.089 TiB, 22.72% gc time)
