## SLURM PROLOG ###############################################################
##    Job ID : 5902728
##  Job Name : etgent_N6_seed1256
##  Nodelist : node1648
##      CPUs : 8
##  Mem/Node : 2048 MB
## Directory : /oscar/home/trazzaz/AFQMC
##   Job Started : Sun Nov 10 11:44:13 PM EST 2024
###############################################################################
U = 2.0
seed = 1256
λₖ = 0.0
Warming up
128/512
256/512
384/512
512/512
Measuring
128/1024
256/1024
384/1024
512/1024
640/1024
768/1024
896/1024
1024/1024
279.011244 seconds (203.81 M allocations: 1.089 TiB, 21.61% gc time, 3.08% compilation time)
λₖ = 0.2
Warming up
128/512
256/512
384/512
512/512
Measuring
128/1024
256/1024
384/1024
512/1024
640/1024
768/1024
896/1024
1024/1024
299.639193 seconds (201.96 M allocations: 1.089 TiB, 21.42% gc time, 0.03% compilation time)
λₖ = 0.4
Warming up
128/512
256/512
384/512
512/512
Measuring
128/1024
256/1024
384/1024
512/1024
640/1024
768/1024
896/1024
1024/1024
225.152642 seconds (201.96 M allocations: 1.089 TiB, 22.62% gc time)
λₖ = 0.6
Warming up
128/512
256/512
384/512
512/512
Measuring
128/1024
256/1024
384/1024
512/1024
640/1024
768/1024
896/1024
1024/1024
232.367651 seconds (201.96 M allocations: 1.089 TiB, 23.55% gc time)
λₖ = 0.8
Warming up
128/512
256/512
384/512
512/512
Measuring
128/1024
256/1024
384/1024
512/1024
640/1024
768/1024
896/1024
1024/1024
232.915637 seconds (201.96 M allocations: 1.089 TiB, 23.33% gc time)
