## SLURM PROLOG ###############################################################
##    Job ID : 8833819
##  Job Name : sbatch_etgent.sh
##  Nodelist : node1741
##      CPUs : 8
##  Mem/Node : 4096 MB
## Directory : /oscar/home/trazzaz/AFQMC
##   Job Started : Thu Feb 27 11:06:34 PM EST 2025
###############################################################################
seed = 1373
U = 2.0
β = 6.0
Warming up
128/1024
256/1024
384/1024
512/1024
640/1024
768/1024
896/1024
1024/1024
Measuring
128/16384
mean(sgnprob[1:i - 1]) = -0.48031496062992124
256/16384
mean(sgnprob[1:i - 1]) = -0.00392156862745098
384/16384
mean(sgnprob[1:i - 1]) = 0.206266318537859
512/16384
mean(sgnprob[1:i - 1]) = 0.27984344422700586
640/16384
mean(sgnprob[1:i - 1]) = 0.3427230046948357
768/16384
mean(sgnprob[1:i - 1]) = 0.20730117340286833
896/16384
mean(sgnprob[1:i - 1]) = 0.24916201117318434
1024/16384
mean(sgnprob[1:i - 1]) = 0.2825024437927664
1152/16384
mean(sgnprob[1:i - 1]) = 0.17810599478714162
1280/16384
mean(sgnprob[1:i - 1]) = 0.21970289288506645
1408/16384
mean(sgnprob[1:i - 1]) = 0.24520255863539445
1536/16384
mean(sgnprob[1:i - 1]) = 0.25993485342019546
1664/16384
mean(sgnprob[1:i - 1]) = 0.27961515333734216
1792/16384
mean(sgnprob[1:i - 1]) = 0.29201563372417644
1920/16384
mean(sgnprob[1:i - 1]) = 0.3069306930693069
2048/16384
mean(sgnprob[1:i - 1]) = 0.3180263800683928
2176/16384
mean(sgnprob[1:i - 1]) = 0.3232183908045977
2304/16384
mean(sgnprob[1:i - 1]) = 0.3330438558402084
2432/16384
mean(sgnprob[1:i - 1]) = 0.2858905800082271
2560/16384
mean(sgnprob[1:i - 1]) = 0.29347401328644
2688/16384
mean(sgnprob[1:i - 1]) = 0.3048008931894306
2816/16384
mean(sgnprob[1:i - 1]) = 0.2674955595026643
2944/16384
mean(sgnprob[1:i - 1]) = 0.2803261977573904
3072/16384
mean(sgnprob[1:i - 1]) = 0.28883099967437315
3200/16384
mean(sgnprob[1:i - 1]) = 0.2972804001250391
3328/16384
mean(sgnprob[1:i - 1]) = 0.30928764652840396
3456/16384
mean(sgnprob[1:i - 1]) = 0.31693198263386396
3584/16384
mean(sgnprob[1:i - 1]) = 0.32012280212112754
3712/16384
mean(sgnprob[1:i - 1]) = 0.3241713823767179
3840/16384
mean(sgnprob[1:i - 1]) = 0.32899192498046365
3968/16384
mean(sgnprob[1:i - 1]) = 0.3047643055205445
4096/16384
mean(sgnprob[1:i - 1]) = 0.2766788766788767
4224/16384
mean(sgnprob[1:i - 1]) = 0.25171678901255035
4352/16384
mean(sgnprob[1:i - 1]) = 0.23006205470006896
4480/16384
mean(sgnprob[1:i - 1]) = 0.23956240232194687
4608/16384
mean(sgnprob[1:i - 1]) = 0.244627740395051
4736/16384
mean(sgnprob[1:i - 1]) = 0.22534318901795142
4864/16384
mean(sgnprob[1:i - 1]) = 0.2041949413942011
4992/16384
mean(sgnprob[1:i - 1]) = 0.1833299939891805
5120/16384
mean(sgnprob[1:i - 1]) = 0.1885133815198281
5248/16384
mean(sgnprob[1:i - 1]) = 0.19344387268915572
5376/16384
mean(sgnprob[1:i - 1]) = 0.17767441860465116
5504/16384
mean(sgnprob[1:i - 1]) = 0.16372887515900417
5632/16384
mean(sgnprob[1:i - 1]) = 0.1735038181495294
5760/16384
mean(sgnprob[1:i - 1]) = 0.1585344677895468
5888/16384
mean(sgnprob[1:i - 1]) = 0.1659588924749448
6016/16384
mean(sgnprob[1:i - 1]) = 0.15112219451371572
6144/16384
mean(sgnprob[1:i - 1]) = 0.1580660914862445
6272/16384
mean(sgnprob[1:i - 1]) = 0.16345080529421144
6400/16384
mean(sgnprob[1:i - 1]) = 0.1517424597593374
6528/16384
mean(sgnprob[1:i - 1]) = 0.15918492416117666
6656/16384
mean(sgnprob[1:i - 1]) = 0.16664162283996994
6784/16384
mean(sgnprob[1:i - 1]) = 0.17381689517912427
6912/16384
mean(sgnprob[1:i - 1]) = 0.18130516567790478
7040/16384
mean(sgnprob[1:i - 1]) = 0.16920017047876118
7168/16384
mean(sgnprob[1:i - 1]) = 0.1765034184456537
7296/16384
mean(sgnprob[1:i - 1]) = 0.16655243317340646
7424/16384
mean(sgnprob[1:i - 1]) = 0.15640576586285868
7552/16384
mean(sgnprob[1:i - 1]) = 0.14686796450801218
7680/16384
mean(sgnprob[1:i - 1]) = 0.15067066024221903
7808/16384
mean(sgnprob[1:i - 1]) = 0.13846547969770717
7936/16384
mean(sgnprob[1:i - 1]) = 0.14530560806553244
8064/16384
mean(sgnprob[1:i - 1]) = 0.15118442267146223
8192/16384
mean(sgnprob[1:i - 1]) = 0.1561469905994384
8320/16384
mean(sgnprob[1:i - 1]) = 0.16239932684216854
8448/16384
mean(sgnprob[1:i - 1]) = 0.1679886350183497
8576/16384
mean(sgnprob[1:i - 1]) = 0.17364431486880466
8704/16384
mean(sgnprob[1:i - 1]) = 0.17936343789497874
8832/16384
mean(sgnprob[1:i - 1]) = 0.18604914505718492
8960/16384
mean(sgnprob[1:i - 1]) = 0.17624734903449046
9088/16384
mean(sgnprob[1:i - 1]) = 0.1803675580499615
9216/16384
mean(sgnprob[1:i - 1]) = 0.18589256646771568
9344/16384
mean(sgnprob[1:i - 1]) = 0.17521138820507332
9472/16384
mean(sgnprob[1:i - 1]) = 0.17938971597508183
9600/16384
mean(sgnprob[1:i - 1]) = 0.18303989998958226
9728/16384
mean(sgnprob[1:i - 1]) = 0.18762208286213633
9856/16384
mean(sgnprob[1:i - 1]) = 0.1780821917808219
9984/16384
mean(sgnprob[1:i - 1]) = 0.18381248121807073
10112/16384
mean(sgnprob[1:i - 1]) = 0.18603501137375136
10240/16384
mean(sgnprob[1:i - 1]) = 0.19074128332845006
10368/16384
mean(sgnprob[1:i - 1]) = 0.19417382077746695
10496/16384
mean(sgnprob[1:i - 1]) = 0.19885659838018105
10624/16384
mean(sgnprob[1:i - 1]) = 0.20342652734632402
10752/16384
mean(sgnprob[1:i - 1]) = 0.20751557994605152
10880/16384
mean(sgnprob[1:i - 1]) = 0.21077304899347366
11008/16384
mean(sgnprob[1:i - 1]) = 0.2017806850186245
11136/16384
mean(sgnprob[1:i - 1]) = 0.2064660978895375
11264/16384
mean(sgnprob[1:i - 1]) = 0.19968036935097222
11392/16384
mean(sgnprob[1:i - 1]) = 0.1919936792204372
11520/16384
mean(sgnprob[1:i - 1]) = 0.1943745116763608
11648/16384
mean(sgnprob[1:i - 1]) = 0.19704644972954408
11776/16384
mean(sgnprob[1:i - 1]) = 0.19014861995753715
11904/16384
mean(sgnprob[1:i - 1]) = 0.193144585398639
12032/16384
mean(sgnprob[1:i - 1]) = 0.196243038816391
12160/16384
mean(sgnprob[1:i - 1]) = 0.20042766674891027
12288/16384
mean(sgnprob[1:i - 1]) = 0.19345649873850412
12416/16384
mean(sgnprob[1:i - 1]) = 0.19613370922271445
12544/16384
mean(sgnprob[1:i - 1]) = 0.20003189029737703
12672/16384
mean(sgnprob[1:i - 1]) = 0.20195722515981374
12800/16384
mean(sgnprob[1:i - 1]) = 0.20571919681225095
12928/16384
mean(sgnprob[1:i - 1]) = 0.21110853252881565
13056/16384
mean(sgnprob[1:i - 1]) = 0.20413634622749904
13184/16384
mean(sgnprob[1:i - 1]) = 0.2077675794583934
13312/16384
mean(sgnprob[1:i - 1]) = 0.2110284726917587
13440/16384
mean(sgnprob[1:i - 1]) = 0.20455391026118014
13568/16384
mean(sgnprob[1:i - 1]) = 0.20675167686297635
13696/16384
mean(sgnprob[1:i - 1]) = 0.20978459291712304
13824/16384
mean(sgnprob[1:i - 1]) = 0.21276133979599218
13952/16384
mean(sgnprob[1:i - 1]) = 0.21525338685398895
14080/16384
mean(sgnprob[1:i - 1]) = 0.21812628737836495
14208/16384
mean(sgnprob[1:i - 1]) = 0.21137467445625396
14336/16384
mean(sgnprob[1:i - 1]) = 0.21283571677711893
14464/16384
mean(sgnprob[1:i - 1]) = 0.21579202101915232
14592/16384
mean(sgnprob[1:i - 1]) = 0.21759989034336236
14720/16384
mean(sgnprob[1:i - 1]) = 0.2211427406753176
14848/16384
mean(sgnprob[1:i - 1]) = 0.22395096652522395
14976/16384
mean(sgnprob[1:i - 1]) = 0.22751252086811352
15104/16384
mean(sgnprob[1:i - 1]) = 0.22227372045289015
15232/16384
mean(sgnprob[1:i - 1]) = 0.22526426367277264
15360/16384
mean(sgnprob[1:i - 1]) = 0.21974086854612931
15488/16384
mean(sgnprob[1:i - 1]) = 0.2221863498418028
15616/16384
mean(sgnprob[1:i - 1]) = 0.2244636567403138
15744/16384
mean(sgnprob[1:i - 1]) = 0.21908149653814393
15872/16384
mean(sgnprob[1:i - 1]) = 0.21315607082099428
16000/16384
mean(sgnprob[1:i - 1]) = 0.21545096568535532
16128/16384
mean(sgnprob[1:i - 1]) = 0.21857754077013702
16256/16384
mean(sgnprob[1:i - 1]) = 0.2203014457090126
16384/16384
mean(sgnprob[1:i - 1]) = 0.21467374717695173
735.224563 seconds (167.11 M allocations: 70.745 GiB, 1.39% gc time, 1.21% compilation time)
