## SLURM PROLOG ###############################################################
##    Job ID : 8834059
##  Job Name : sbatch_etgent.sh
##  Nodelist : node1322
##      CPUs : 8
##  Mem/Node : 4096 MB
## Directory : /oscar/home/trazzaz/AFQMC
##   Job Started : Fri Feb 28 05:41:23 AM EST 2025
###############################################################################
seed = 1613
U = 2.0
β = 6.0
Warming up
128/1024
256/1024
384/1024
512/1024
640/1024
768/1024
896/1024
1024/1024
Measuring
128/16384
mean(sgnprob[1:i - 1]) = -0.3700787401574803
256/16384
mean(sgnprob[1:i - 1]) = 0.10588235294117647
384/16384
mean(sgnprob[1:i - 1]) = 0.2010443864229765
512/16384
mean(sgnprob[1:i - 1]) = 0.06457925636007827
640/16384
mean(sgnprob[1:i - 1]) = 0.13302034428794993
768/16384
mean(sgnprob[1:i - 1]) = 0.20208604954367665
896/16384
mean(sgnprob[1:i - 1]) = 0.1217877094972067
1024/16384
mean(sgnprob[1:i - 1]) = 0.07917888563049853
1152/16384
mean(sgnprob[1:i - 1]) = 0.11728931364031277
1280/16384
mean(sgnprob[1:i - 1]) = 0.0508209538702111
1408/16384
mean(sgnprob[1:i - 1]) = 0.08742004264392324
1536/16384
mean(sgnprob[1:i - 1]) = 0.12052117263843648
1664/16384
mean(sgnprob[1:i - 1]) = 0.153337342152736
1792/16384
mean(sgnprob[1:i - 1]) = 0.16024567280848687
1920/16384
mean(sgnprob[1:i - 1]) = 0.17144346013548722
2048/16384
mean(sgnprob[1:i - 1]) = 0.12457254518808011
2176/16384
mean(sgnprob[1:i - 1]) = 0.1393103448275862
2304/16384
mean(sgnprob[1:i - 1]) = 0.1498046026921407
2432/16384
mean(sgnprob[1:i - 1]) = 0.17235705470999588
2560/16384
mean(sgnprob[1:i - 1]) = 0.18952715904650255
2688/16384
mean(sgnprob[1:i - 1]) = 0.2013397841458876
2816/16384
mean(sgnprob[1:i - 1]) = 0.20852575488454708
2944/16384
mean(sgnprob[1:i - 1]) = 0.22460074753652734
3072/16384
mean(sgnprob[1:i - 1]) = 0.23868446760013026
3200/16384
mean(sgnprob[1:i - 1]) = 0.24914035636136292
3328/16384
mean(sgnprob[1:i - 1]) = 0.2575894198978058
3456/16384
mean(sgnprob[1:i - 1]) = 0.2602026049204052
3584/16384
mean(sgnprob[1:i - 1]) = 0.23304493441250348
3712/16384
mean(sgnprob[1:i - 1]) = 0.2363244408515225
3840/16384
mean(sgnprob[1:i - 1]) = 0.24199010158895545
3968/16384
mean(sgnprob[1:i - 1]) = 0.2240988152256113
4096/16384
mean(sgnprob[1:i - 1]) = 0.2341880341880342
4224/16384
mean(sgnprob[1:i - 1]) = 0.24129765569500355
4352/16384
mean(sgnprob[1:i - 1]) = 0.24798896805332107
4480/16384
mean(sgnprob[1:i - 1]) = 0.2511721366376423
4608/16384
mean(sgnprob[1:i - 1]) = 0.25417842413718256
4736/16384
mean(sgnprob[1:i - 1]) = 0.26166842661034845
4864/16384
mean(sgnprob[1:i - 1]) = 0.2667077935430804
4992/16384
mean(sgnprob[1:i - 1]) = 0.24984972951312362
5120/16384
mean(sgnprob[1:i - 1]) = 0.23266262941980856
5248/16384
mean(sgnprob[1:i - 1]) = 0.23499142367066894
5376/16384
mean(sgnprob[1:i - 1]) = 0.24093023255813953
5504/16384
mean(sgnprob[1:i - 1]) = 0.24622932945666
5632/16384
mean(sgnprob[1:i - 1]) = 0.24951163203693838
5760/16384
mean(sgnprob[1:i - 1]) = 0.2540371592290328
5888/16384
mean(sgnprob[1:i - 1]) = 0.259385085782232
6016/16384
mean(sgnprob[1:i - 1]) = 0.2625103906899418
6144/16384
mean(sgnprob[1:i - 1]) = 0.269737913071789
6272/16384
mean(sgnprob[1:i - 1]) = 0.2562589698612662
6400/16384
mean(sgnprob[1:i - 1]) = 0.2605094546022816
6528/16384
mean(sgnprob[1:i - 1]) = 0.2652060671058679
6656/16384
mean(sgnprob[1:i - 1]) = 0.267618332081142
6784/16384
mean(sgnprob[1:i - 1]) = 0.2711189739053516
6912/16384
mean(sgnprob[1:i - 1]) = 0.25886268267978585
7040/16384
mean(sgnprob[1:i - 1]) = 0.24705213808779655
7168/16384
mean(sgnprob[1:i - 1]) = 0.23315194642109668
7296/16384
mean(sgnprob[1:i - 1]) = 0.22111034955448938
7424/16384
mean(sgnprob[1:i - 1]) = 0.22376397682877544
7552/16384
mean(sgnprob[1:i - 1]) = 0.2263276387233479
7680/16384
mean(sgnprob[1:i - 1]) = 0.23141033988800624
7808/16384
mean(sgnprob[1:i - 1]) = 0.21941847060330472
7936/16384
mean(sgnprob[1:i - 1]) = 0.22318840579710145
8064/16384
mean(sgnprob[1:i - 1]) = 0.22708669229815207
8192/16384
mean(sgnprob[1:i - 1]) = 0.21670125747771946
8320/16384
mean(sgnprob[1:i - 1]) = 0.20591417237648757
8448/16384
mean(sgnprob[1:i - 1]) = 0.19474369598674085
8576/16384
mean(sgnprob[1:i - 1]) = 0.19580174927113703
8704/16384
mean(sgnprob[1:i - 1]) = 0.2005055727909916
8832/16384
mean(sgnprob[1:i - 1]) = 0.20326123881780092
8960/16384
mean(sgnprob[1:i - 1]) = 0.20683111954459202
9088/16384
mean(sgnprob[1:i - 1]) = 0.19621437218003743
9216/16384
mean(sgnprob[1:i - 1]) = 0.18784590341833968
9344/16384
mean(sgnprob[1:i - 1]) = 0.18013486032323664
9472/16384
mean(sgnprob[1:i - 1]) = 0.17178756203146447
9600/16384
mean(sgnprob[1:i - 1]) = 0.1638712365871445
9728/16384
mean(sgnprob[1:i - 1]) = 0.16603269250539734
9856/16384
mean(sgnprob[1:i - 1]) = 0.1573820395738204
9984/16384
mean(sgnprob[1:i - 1]) = 0.14915356105379143
10112/16384
mean(sgnprob[1:i - 1]) = 0.14271585402037384
10240/16384
mean(sgnprob[1:i - 1]) = 0.14718234202558844
10368/16384
mean(sgnprob[1:i - 1]) = 0.1515385357384007
10496/16384
mean(sgnprob[1:i - 1]) = 0.15616960457360649
10624/16384
mean(sgnprob[1:i - 1]) = 0.15974771721735856
10752/16384
mean(sgnprob[1:i - 1]) = 0.16119430750627847
10880/16384
mean(sgnprob[1:i - 1]) = 0.15562092104053682
11008/16384
mean(sgnprob[1:i - 1]) = 0.14708821658944307
11136/16384
mean(sgnprob[1:i - 1]) = 0.14934889986528962
11264/16384
mean(sgnprob[1:i - 1]) = 0.14267957027434963
11392/16384
mean(sgnprob[1:i - 1]) = 0.13616012641559125
11520/16384
mean(sgnprob[1:i - 1]) = 0.14055039499956593
11648/16384
mean(sgnprob[1:i - 1]) = 0.14501588391860565
11776/16384
mean(sgnprob[1:i - 1]) = 0.14751592356687898
11904/16384
mean(sgnprob[1:i - 1]) = 0.1410568764177098
12032/16384
mean(sgnprob[1:i - 1]) = 0.13490150444684565
12160/16384
mean(sgnprob[1:i - 1]) = 0.1379225265235628
12288/16384
mean(sgnprob[1:i - 1]) = 0.13274192235696264
12416/16384
mean(sgnprob[1:i - 1]) = 0.1342730567861458
12544/16384
mean(sgnprob[1:i - 1]) = 0.13736745595152675
12672/16384
mean(sgnprob[1:i - 1]) = 0.1410307000236761
12800/16384
mean(sgnprob[1:i - 1]) = 0.14368310024220643
12928/16384
mean(sgnprob[1:i - 1]) = 0.14643768855883035
13056/16384
mean(sgnprob[1:i - 1]) = 0.14117196476445806
13184/16384
mean(sgnprob[1:i - 1]) = 0.13707046954410984
13312/16384
mean(sgnprob[1:i - 1]) = 0.13995943204868155
13440/16384
mean(sgnprob[1:i - 1]) = 0.13550115335962498
13568/16384
mean(sgnprob[1:i - 1]) = 0.13790815950468047
13696/16384
mean(sgnprob[1:i - 1]) = 0.14056224899598393
13824/16384
mean(sgnprob[1:i - 1]) = 0.14287781234174926
13952/16384
mean(sgnprob[1:i - 1]) = 0.1447208085441904
14080/16384
mean(sgnprob[1:i - 1]) = 0.13814901626535975
14208/16384
mean(sgnprob[1:i - 1]) = 0.13324417540648975
14336/16384
mean(sgnprob[1:i - 1]) = 0.13568189745378445
14464/16384
mean(sgnprob[1:i - 1]) = 0.13199197953398326
14592/16384
mean(sgnprob[1:i - 1]) = 0.13494619971215133
14720/16384
mean(sgnprob[1:i - 1]) = 0.13757728106528977
14848/16384
mean(sgnprob[1:i - 1]) = 0.14083653263285512
14976/16384
mean(sgnprob[1:i - 1]) = 0.13696160267111854
15104/16384
mean(sgnprob[1:i - 1]) = 0.13924385883599286
15232/16384
mean(sgnprob[1:i - 1]) = 0.13413433129801064
15360/16384
mean(sgnprob[1:i - 1]) = 0.13705319356728954
15488/16384
mean(sgnprob[1:i - 1]) = 0.1326919351714341
15616/16384
mean(sgnprob[1:i - 1]) = 0.1276336855587576
15744/16384
mean(sgnprob[1:i - 1]) = 0.12977196214190434
15872/16384
mean(sgnprob[1:i - 1]) = 0.13187574822002393
16000/16384
mean(sgnprob[1:i - 1]) = 0.13382086380398775
16128/16384
mean(sgnprob[1:i - 1]) = 0.13685124325665035
16256/16384
mean(sgnprob[1:i - 1]) = 0.13909566287296216
16384/16384
mean(sgnprob[1:i - 1]) = 0.14215955563694074
807.012037 seconds (167.11 M allocations: 70.745 GiB, 1.85% gc time, 1.23% compilation time)
