## SLURM PROLOG ###############################################################
##    Job ID : 8822303
##  Job Name : sbatch_etgent.sh
##  Nodelist : node1322
##      CPUs : 8
##  Mem/Node : 4096 MB
## Directory : /oscar/home/trazzaz/AFQMC
##   Job Started : Thu Feb 27 07:16:04 PM EST 2025
###############################################################################
seed = 1298
U = 2.0
β = 6.0
Warming up
128/1024
256/1024
384/1024
512/1024
640/1024
768/1024
896/1024
1024/1024
Measuring
128/16384
mean(sgnprob[1:i - 1]) = 0.1968503937007874
256/16384
mean(sgnprob[1:i - 1]) = 0.1843137254901961
384/16384
mean(sgnprob[1:i - 1]) = 0.206266318537859
512/16384
mean(sgnprob[1:i - 1]) = 0.07240704500978473
640/16384
mean(sgnprob[1:i - 1]) = 0.03599374021909233
768/16384
mean(sgnprob[1:i - 1]) = 0.05867014341590613
896/16384
mean(sgnprob[1:i - 1]) = 0.07932960893854749
1024/16384
mean(sgnprob[1:i - 1]) = 0.03225806451612903
1152/16384
mean(sgnprob[1:i - 1]) = 0.05473501303214596
1280/16384
mean(sgnprob[1:i - 1]) = 0.08991399530883502
1408/16384
mean(sgnprob[1:i - 1]) = 0.10305614783226724
1536/16384
mean(sgnprob[1:i - 1]) = 0.1022801302931596
1664/16384
mean(sgnprob[1:i - 1]) = 0.07997594708358388
1792/16384
mean(sgnprob[1:i - 1]) = 0.07091010608598548
1920/16384
mean(sgnprob[1:i - 1]) = 0.053673788431474724
2048/16384
mean(sgnprob[1:i - 1]) = 0.06106497313141182
2176/16384
mean(sgnprob[1:i - 1]) = 0.04459770114942529
2304/16384
mean(sgnprob[1:i - 1]) = 0.0316977854971776
2432/16384
mean(sgnprob[1:i - 1]) = 0.0481283422459893
2560/16384
mean(sgnprob[1:i - 1]) = 0.05275498241500586
2688/16384
mean(sgnprob[1:i - 1]) = 0.05991812430219576
2816/16384
mean(sgnprob[1:i - 1]) = 0.0586145648312611
2944/16384
mean(sgnprob[1:i - 1]) = 0.07169554875976894
3072/16384
mean(sgnprob[1:i - 1]) = 0.07521979811136438
3200/16384
mean(sgnprob[1:i - 1]) = 0.08158799624882776
3328/16384
mean(sgnprob[1:i - 1]) = 0.0826570483919447
3456/16384
mean(sgnprob[1:i - 1]) = 0.08654124457308249
3584/16384
mean(sgnprob[1:i - 1]) = 0.09238068657549539
3712/16384
mean(sgnprob[1:i - 1]) = 0.09673942333602803
3840/16384
mean(sgnprob[1:i - 1]) = 0.10237040896066683
3968/16384
mean(sgnprob[1:i - 1]) = 0.10612553566927149
4096/16384
mean(sgnprob[1:i - 1]) = 0.11013431013431013
4224/16384
mean(sgnprob[1:i - 1]) = 0.11153208619464836
4352/16384
mean(sgnprob[1:i - 1]) = 0.11560560790622845
4480/16384
mean(sgnprob[1:i - 1]) = 0.11810672025005582
4608/16384
mean(sgnprob[1:i - 1]) = 0.10744519209897982
4736/16384
mean(sgnprob[1:i - 1]) = 0.1091869060190074
4864/16384
mean(sgnprob[1:i - 1]) = 0.1112482006991569
4992/16384
mean(sgnprob[1:i - 1]) = 0.1148066519735524
5120/16384
mean(sgnprob[1:i - 1]) = 0.11076382105880055
5248/16384
mean(sgnprob[1:i - 1]) = 0.11644749380598438
5376/16384
mean(sgnprob[1:i - 1]) = 0.10883720930232559
5504/16384
mean(sgnprob[1:i - 1]) = 0.11030347083409049
5632/16384
mean(sgnprob[1:i - 1]) = 0.10530989167110638
5760/16384
mean(sgnprob[1:i - 1]) = 0.10956763326966487
5888/16384
mean(sgnprob[1:i - 1]) = 0.10107015457788347
6016/16384
mean(sgnprob[1:i - 1]) = 0.09326683291770574
6144/16384
mean(sgnprob[1:i - 1]) = 0.09718378642357155
6272/16384
mean(sgnprob[1:i - 1]) = 0.09934619677882316
6400/16384
mean(sgnprob[1:i - 1]) = 0.10079699953117674
6528/16384
mean(sgnprob[1:i - 1]) = 0.1021908993411981
6656/16384
mean(sgnprob[1:i - 1]) = 0.0966190833959429
6784/16384
mean(sgnprob[1:i - 1]) = 0.09774436090225563
6912/16384
mean(sgnprob[1:i - 1]) = 0.10056431775430473
7040/16384
mean(sgnprob[1:i - 1]) = 0.09276885921295638
7168/16384
mean(sgnprob[1:i - 1]) = 0.09725129063764476
7296/16384
mean(sgnprob[1:i - 1]) = 0.09910897875257026
7424/16384
mean(sgnprob[1:i - 1]) = 0.10198033140239796
7552/16384
mean(sgnprob[1:i - 1]) = 0.10316514368957753
7680/16384
mean(sgnprob[1:i - 1]) = 0.1048313582497721
7808/16384
mean(sgnprob[1:i - 1]) = 0.10464967337005252
7936/16384
mean(sgnprob[1:i - 1]) = 0.1054820415879017
8064/16384
mean(sgnprob[1:i - 1]) = 0.09810244325933276
8192/16384
mean(sgnprob[1:i - 1]) = 0.09315101941154925
8320/16384
mean(sgnprob[1:i - 1]) = 0.09364106262771968
8448/16384
mean(sgnprob[1:i - 1]) = 0.09695749970403694
8576/16384
mean(sgnprob[1:i - 1]) = 0.09947521865889213
8704/16384
mean(sgnprob[1:i - 1]) = 0.10031023784901758
8832/16384
mean(sgnprob[1:i - 1]) = 0.09976220133620202
8960/16384
mean(sgnprob[1:i - 1]) = 0.100792499162853
9088/16384
mean(sgnprob[1:i - 1]) = 0.09717178386706284
9216/16384
mean(sgnprob[1:i - 1]) = 0.09343461747151384
9344/16384
mean(sgnprob[1:i - 1]) = 0.0975061543401477
9472/16384
mean(sgnprob[1:i - 1]) = 0.09787773202407349
9600/16384
mean(sgnprob[1:i - 1]) = 0.0994895301593916
9728/16384
mean(sgnprob[1:i - 1]) = 0.09797470957129639
9856/16384
mean(sgnprob[1:i - 1]) = 0.10076103500761036
9984/16384
mean(sgnprob[1:i - 1]) = 0.10167284383451868
10112/16384
mean(sgnprob[1:i - 1]) = 0.09979230540994956
10240/16384
mean(sgnprob[1:i - 1]) = 0.10225607969528275
10368/16384
mean(sgnprob[1:i - 1]) = 0.10272981576155107
10496/16384
mean(sgnprob[1:i - 1]) = 0.10433539780848022
10624/16384
mean(sgnprob[1:i - 1]) = 0.10100724842323261
10752/16384
mean(sgnprob[1:i - 1]) = 0.09701423123430379
10880/16384
mean(sgnprob[1:i - 1]) = 0.09421821858626712
11008/16384
mean(sgnprob[1:i - 1]) = 0.09403107113654947
11136/16384
mean(sgnprob[1:i - 1]) = 0.09564436461607544
11264/16384
mean(sgnprob[1:i - 1]) = 0.09704341649649294
11392/16384
mean(sgnprob[1:i - 1]) = 0.09489948204723027
11520/16384
mean(sgnprob[1:i - 1]) = 0.09141418525913708
11648/16384
mean(sgnprob[1:i - 1]) = 0.09229844595174723
11776/16384
mean(sgnprob[1:i - 1]) = 0.08908704883227177
11904/16384
mean(sgnprob[1:i - 1]) = 0.08409644627404855
12032/16384
mean(sgnprob[1:i - 1]) = 0.08104064500041559
12160/16384
mean(sgnprob[1:i - 1]) = 0.07854264330948268
12288/16384
mean(sgnprob[1:i - 1]) = 0.0787010661674941
12416/16384
mean(sgnprob[1:i - 1]) = 0.07805074506645188
12544/16384
mean(sgnprob[1:i - 1]) = 0.07900821175157459
12672/16384
mean(sgnprob[1:i - 1]) = 0.0796306526714545
12800/16384
mean(sgnprob[1:i - 1]) = 0.07633408860067192
12928/16384
mean(sgnprob[1:i - 1]) = 0.07774425620793687
13056/16384
mean(sgnprob[1:i - 1]) = 0.07728839525086174
13184/16384
mean(sgnprob[1:i - 1]) = 0.07805507092467572
13312/16384
mean(sgnprob[1:i - 1]) = 0.07369844489519946
13440/16384
mean(sgnprob[1:i - 1]) = 0.07374060569982886
13568/16384
mean(sgnprob[1:i - 1]) = 0.07496130316208446
13696/16384
mean(sgnprob[1:i - 1]) = 0.07659729828404527
13824/16384
mean(sgnprob[1:i - 1]) = 0.0786370541850539
13952/16384
mean(sgnprob[1:i - 1]) = 0.07863235610350512
14080/16384
mean(sgnprob[1:i - 1]) = 0.07976418779742879
14208/16384
mean(sgnprob[1:i - 1]) = 0.08017174632223552
14336/16384
mean(sgnprob[1:i - 1]) = 0.07694454133240321
14464/16384
mean(sgnprob[1:i - 1]) = 0.07709327248841873
14592/16384
mean(sgnprob[1:i - 1]) = 0.07943252690014392
14720/16384
mean(sgnprob[1:i - 1]) = 0.0771112167946192
14848/16384
mean(sgnprob[1:i - 1]) = 0.07442580992793157
14976/16384
mean(sgnprob[1:i - 1]) = 0.07245409015025042
15104/16384
mean(sgnprob[1:i - 1]) = 0.07025094352115474
15232/16384
mean(sgnprob[1:i - 1]) = 0.07163022782483093
15360/16384
mean(sgnprob[1:i - 1]) = 0.07064261996223713
15488/16384
mean(sgnprob[1:i - 1]) = 0.06915477497255763
15616/16384
mean(sgnprob[1:i - 1]) = 0.06653858469420429
15744/16384
mean(sgnprob[1:i - 1]) = 0.0689195197865718
15872/16384
mean(sgnprob[1:i - 1]) = 0.06559133009892257
16000/16384
mean(sgnprob[1:i - 1]) = 0.06631664479029939
16128/16384
mean(sgnprob[1:i - 1]) = 0.06442611769082904
16256/16384
mean(sgnprob[1:i - 1]) = 0.0649031067363888
16384/16384
mean(sgnprob[1:i - 1]) = 0.0663492644814747
810.031371 seconds (167.11 M allocations: 70.745 GiB, 2.20% gc time, 1.26% compilation time)
