## SLURM PROLOG ###############################################################
##    Job ID : 8833985
##  Job Name : sbatch_etgent.sh
##  Nodelist : node1733
##      CPUs : 8
##  Mem/Node : 4096 MB
## Directory : /oscar/home/trazzaz/AFQMC
##   Job Started : Fri Feb 28 03:44:16 AM EST 2025
###############################################################################
seed = 1539
U = 2.0
β = 6.0
Warming up
128/1024
256/1024
384/1024
512/1024
640/1024
768/1024
896/1024
1024/1024
Measuring
128/16384
mean(sgnprob[1:i - 1]) = 0.2440944881889764
256/16384
mean(sgnprob[1:i - 1]) = 0.30196078431372547
384/16384
mean(sgnprob[1:i - 1]) = 0.30548302872062666
512/16384
mean(sgnprob[1:i - 1]) = 0.17025440313111545
640/16384
mean(sgnprob[1:i - 1]) = 0.07355242566510173
768/16384
mean(sgnprob[1:i - 1]) = 0.10560625814863103
896/16384
mean(sgnprob[1:i - 1]) = 0.1329608938547486
1024/16384
mean(sgnprob[1:i - 1]) = 0.14173998044965788
1152/16384
mean(sgnprob[1:i - 1]) = 0.158992180712424
1280/16384
mean(sgnprob[1:i - 1]) = 0.1743549648162627
1408/16384
mean(sgnprob[1:i - 1]) = 0.17981520966595593
1536/16384
mean(sgnprob[1:i - 1]) = 0.19348534201954398
1664/16384
mean(sgnprob[1:i - 1]) = 0.15935057125676488
1792/16384
mean(sgnprob[1:i - 1]) = 0.17252931323283083
1920/16384
mean(sgnprob[1:i - 1]) = 0.18082334549244397
2048/16384
mean(sgnprob[1:i - 1]) = 0.18124084025403028
2176/16384
mean(sgnprob[1:i - 1]) = 0.14574712643678162
2304/16384
mean(sgnprob[1:i - 1]) = 0.15414676508901434
2432/16384
mean(sgnprob[1:i - 1]) = 0.16495269436445906
2560/16384
mean(sgnprob[1:i - 1]) = 0.14419695193434937
2688/16384
mean(sgnprob[1:i - 1]) = 0.12467435802009676
2816/16384
mean(sgnprob[1:i - 1]) = 0.12824156305506218
2944/16384
mean(sgnprob[1:i - 1]) = 0.10839279646619096
3072/16384
mean(sgnprob[1:i - 1]) = 0.1208075545424943
3200/16384
mean(sgnprob[1:i - 1]) = 0.10221944357611754
3328/16384
mean(sgnprob[1:i - 1]) = 0.08385933273219116
3456/16384
mean(sgnprob[1:i - 1]) = 0.0934876989869754
3584/16384
mean(sgnprob[1:i - 1]) = 0.09405526095450739
3712/16384
mean(sgnprob[1:i - 1]) = 0.10105092966855295
3840/16384
mean(sgnprob[1:i - 1]) = 0.08517843188330294
3968/16384
mean(sgnprob[1:i - 1]) = 0.07184270229392488
4096/16384
mean(sgnprob[1:i - 1]) = 0.08180708180708181
4224/16384
mean(sgnprob[1:i - 1]) = 0.09306180440445182
4352/16384
mean(sgnprob[1:i - 1]) = 0.10549299011721443
4480/16384
mean(sgnprob[1:i - 1]) = 0.11185532484929672
4608/16384
mean(sgnprob[1:i - 1]) = 0.09615802040373345
4736/16384
mean(sgnprob[1:i - 1]) = 0.09989440337909188
4864/16384
mean(sgnprob[1:i - 1]) = 0.1022002878881349
4992/16384
mean(sgnprob[1:i - 1]) = 0.09156481667000602
5120/16384
mean(sgnprob[1:i - 1]) = 0.09708927524907209
5248/16384
mean(sgnprob[1:i - 1]) = 0.08633504859919955
5376/16384
mean(sgnprob[1:i - 1]) = 0.08948837209302325
5504/16384
mean(sgnprob[1:i - 1]) = 0.09358531709976377
5632/16384
mean(sgnprob[1:i - 1]) = 0.09714082756171195
5760/16384
mean(sgnprob[1:i - 1]) = 0.10019100538287898
5888/16384
mean(sgnprob[1:i - 1]) = 0.10548666553422796
6016/16384
mean(sgnprob[1:i - 1]) = 0.09825436408977556
6144/16384
mean(sgnprob[1:i - 1]) = 0.10304411525313364
6272/16384
mean(sgnprob[1:i - 1]) = 0.1054058363897305
6400/16384
mean(sgnprob[1:i - 1]) = 0.11017346460384435
6528/16384
mean(sgnprob[1:i - 1]) = 0.09820744599356519
6656/16384
mean(sgnprob[1:i - 1]) = 0.10353117956423742
6784/16384
mean(sgnprob[1:i - 1]) = 0.10541058528674628
6912/16384
mean(sgnprob[1:i - 1]) = 0.09853856171321082
7040/16384
mean(sgnprob[1:i - 1]) = 0.10413410995880097
7168/16384
mean(sgnprob[1:i - 1]) = 0.10757639179573043
7296/16384
mean(sgnprob[1:i - 1]) = 0.1098012337217272
7424/16384
mean(sgnprob[1:i - 1]) = 0.11356594368853563
7552/16384
mean(sgnprob[1:i - 1]) = 0.11932194411336247
7680/16384
mean(sgnprob[1:i - 1]) = 0.12176064591743717
7808/16384
mean(sgnprob[1:i - 1]) = 0.11387216600486742
7936/16384
mean(sgnprob[1:i - 1]) = 0.10649023314429741
8064/16384
mean(sgnprob[1:i - 1]) = 0.1015750961180702
8192/16384
mean(sgnprob[1:i - 1]) = 0.10633622268343304
8320/16384
mean(sgnprob[1:i - 1]) = 0.11215290299314822
8448/16384
mean(sgnprob[1:i - 1]) = 0.11542559488575825
8576/16384
mean(sgnprob[1:i - 1]) = 0.10833819241982508
8704/16384
mean(sgnprob[1:i - 1]) = 0.11042169366884982
8832/16384
mean(sgnprob[1:i - 1]) = 0.11403012116408108
8960/16384
mean(sgnprob[1:i - 1]) = 0.10681995758455184
9088/16384
mean(sgnprob[1:i - 1]) = 0.10949708374601079
9216/16384
mean(sgnprob[1:i - 1]) = 0.11209983722192078
9344/16384
mean(sgnprob[1:i - 1]) = 0.11441721074601306
9472/16384
mean(sgnprob[1:i - 1]) = 0.11667194594023862
9600/16384
mean(sgnprob[1:i - 1]) = 0.12053338889467653
9728/16384
mean(sgnprob[1:i - 1]) = 0.11442376889071657
9856/16384
mean(sgnprob[1:i - 1]) = 0.10725520040588533
9984/16384
mean(sgnprob[1:i - 1]) = 0.1120905539417009
10112/16384
mean(sgnprob[1:i - 1]) = 0.1152210463851251
10240/16384
mean(sgnprob[1:i - 1]) = 0.11885926359996093
10368/16384
mean(sgnprob[1:i - 1]) = 0.12047844120767821
10496/16384
mean(sgnprob[1:i - 1]) = 0.12320152453549309
10624/16384
mean(sgnprob[1:i - 1]) = 0.1245410900875459
10752/16384
mean(sgnprob[1:i - 1]) = 0.1271509627011441
10880/16384
mean(sgnprob[1:i - 1]) = 0.13080246346171523
11008/16384
mean(sgnprob[1:i - 1]) = 0.1336422276732988
11136/16384
mean(sgnprob[1:i - 1]) = 0.12887292321508756
11264/16384
mean(sgnprob[1:i - 1]) = 0.12456716682944154
11392/16384
mean(sgnprob[1:i - 1]) = 0.12738126591168467
11520/16384
mean(sgnprob[1:i - 1]) = 0.12301415053390051
11648/16384
mean(sgnprob[1:i - 1]) = 0.11874302395466643
11776/16384
mean(sgnprob[1:i - 1]) = 0.12016985138004246
11904/16384
mean(sgnprob[1:i - 1]) = 0.12223809123750315
12032/16384
mean(sgnprob[1:i - 1]) = 0.117945307954451
12160/16384
mean(sgnprob[1:i - 1]) = 0.11900649724483921
12288/16384
mean(sgnprob[1:i - 1]) = 0.12020835028892325
12416/16384
mean(sgnprob[1:i - 1]) = 0.12267418445428917
12544/16384
mean(sgnprob[1:i - 1]) = 0.11887108347285338
12672/16384
mean(sgnprob[1:i - 1]) = 0.11561834109383631
12800/16384
mean(sgnprob[1:i - 1]) = 0.11743104930072662
12928/16384
mean(sgnprob[1:i - 1]) = 0.11843428483020035
13056/16384
mean(sgnprob[1:i - 1]) = 0.12079662964381463
13184/16384
mean(sgnprob[1:i - 1]) = 0.12280967913221573
13312/16384
mean(sgnprob[1:i - 1]) = 0.12613627826609572
13440/16384
mean(sgnprob[1:i - 1]) = 0.12895304710171887
13568/16384
mean(sgnprob[1:i - 1]) = 0.13230633153976562
13696/16384
mean(sgnprob[1:i - 1]) = 0.1353048557867835
13824/16384
mean(sgnprob[1:i - 1]) = 0.1298560370397164
13952/16384
mean(sgnprob[1:i - 1]) = 0.1326786610278833
14080/16384
mean(sgnprob[1:i - 1]) = 0.12763690603025782
14208/16384
mean(sgnprob[1:i - 1]) = 0.12817625114380235
14336/16384
mean(sgnprob[1:i - 1]) = 0.12968259504708754
14464/16384
mean(sgnprob[1:i - 1]) = 0.1322685473276637
14592/16384
mean(sgnprob[1:i - 1]) = 0.13330135014735112
14720/16384
mean(sgnprob[1:i - 1]) = 0.1292886745023439
14848/16384
mean(sgnprob[1:i - 1]) = 0.1250757728834108
14976/16384
mean(sgnprob[1:i - 1]) = 0.12601001669449083
15104/16384
mean(sgnprob[1:i - 1]) = 0.12057207177381978
15232/16384
mean(sgnprob[1:i - 1]) = 0.12179108397347516
15360/16384
mean(sgnprob[1:i - 1]) = 0.11726023829676412
15488/16384
mean(sgnprob[1:i - 1]) = 0.11848647252534383
15616/16384
mean(sgnprob[1:i - 1]) = 0.11418507845020813
15744/16384
mean(sgnprob[1:i - 1]) = 0.11655974083719749
15872/16384
mean(sgnprob[1:i - 1]) = 0.11814000378048012
16000/16384
mean(sgnprob[1:i - 1]) = 0.1216951059441215
16128/16384
mean(sgnprob[1:i - 1]) = 0.1228374775221678
16256/16384
mean(sgnprob[1:i - 1]) = 0.12519224853891112
16384/16384
mean(sgnprob[1:i - 1]) = 0.12128425807239211
730.802128 seconds (167.11 M allocations: 70.745 GiB, 1.54% gc time, 1.25% compilation time)
