## SLURM PROLOG ###############################################################
##    Job ID : 5902710
##  Job Name : etgent_N6_seed1238
##  Nodelist : node1649
##      CPUs : 8
##  Mem/Node : 2048 MB
## Directory : /oscar/home/trazzaz/AFQMC
##   Job Started : Sun Nov 10 10:54:11 PM EST 2024
###############################################################################
U = 2.0
seed = 1238
λₖ = 0.0
Warming up
128/512
256/512
384/512
512/512
Measuring
128/1024
256/1024
384/1024
512/1024
640/1024
768/1024
896/1024
1024/1024
291.364461 seconds (210.26 M allocations: 1.107 TiB, 18.96% gc time, 2.56% compilation time)
λₖ = 0.2
Warming up
128/512
256/512
384/512
512/512
Measuring
128/1024
256/1024
384/1024
512/1024
640/1024
768/1024
896/1024
1024/1024
346.074623 seconds (208.41 M allocations: 1.107 TiB, 18.58% gc time, 0.02% compilation time)
λₖ = 0.4
Warming up
128/512
256/512
384/512
512/512
Measuring
128/1024
256/1024
384/1024
512/1024
640/1024
768/1024
896/1024
1024/1024
291.214414 seconds (208.41 M allocations: 1.107 TiB, 19.17% gc time)
λₖ = 0.6
Warming up
128/512
256/512
384/512
512/512
Measuring
128/1024
256/1024
384/1024
512/1024
640/1024
768/1024
896/1024
1024/1024
280.441679 seconds (208.41 M allocations: 1.107 TiB, 19.32% gc time)
λₖ = 0.8
Warming up
128/512
256/512
384/512
512/512
Measuring
128/1024
256/1024
384/1024
512/1024
640/1024
768/1024
896/1024
1024/1024
291.853116 seconds (208.41 M allocations: 1.107 TiB, 19.51% gc time)
