## SLURM PROLOG ###############################################################
##    Job ID : 7671074
##  Job Name : sbatch_etgent.sh
##  Nodelist : node1703
##      CPUs : 8
##  Mem/Node : 4096 MB
## Directory : /oscar/home/trazzaz/AFQMC
##   Job Started : Sun Jan 19 01:48:13 AM EST 2025
###############################################################################
seed = 1241
U = 2.0
β = 6.0
Warming up
128/1024
256/1024
384/1024
512/1024
640/1024
768/1024
896/1024
1024/1024
Measuring
128/16384
mean(sgnprob[1:i - 1]) = 0.1968503937007874
256/16384
mean(sgnprob[1:i - 1]) = 0.2549019607843137
384/16384
mean(sgnprob[1:i - 1]) = 0.30548302872062666
512/16384
mean(sgnprob[1:i - 1]) = 0.29549902152641877
640/16384
mean(sgnprob[1:i - 1]) = 0.2644757433489828
768/16384
mean(sgnprob[1:i - 1]) = 0.2516297262059974
896/16384
mean(sgnprob[1:i - 1]) = 0.2245810055865922
1024/16384
mean(sgnprob[1:i - 1]) = 0.2375366568914956
1152/16384
mean(sgnprob[1:i - 1]) = 0.23023457862728064
1280/16384
mean(sgnprob[1:i - 1]) = 0.2400312744331509
1408/16384
mean(sgnprob[1:i - 1]) = 0.232409381663113
1536/16384
mean(sgnprob[1:i - 1]) = 0.23778501628664495
1664/16384
mean(sgnprob[1:i - 1]) = 0.23992784125075164
1792/16384
mean(sgnprob[1:i - 1]) = 0.24511446119486321
1920/16384
mean(sgnprob[1:i - 1]) = 0.24752475247524752
2048/16384
mean(sgnprob[1:i - 1]) = 0.243771372740596
2176/16384
mean(sgnprob[1:i - 1]) = 0.2432183908045977
2304/16384
mean(sgnprob[1:i - 1]) = 0.24793747286148501
2432/16384
mean(sgnprob[1:i - 1]) = 0.24804607157548333
2560/16384
mean(sgnprob[1:i - 1]) = 0.24892536146932395
2688/16384
mean(sgnprob[1:i - 1]) = 0.24376628209899517
2816/16384
mean(sgnprob[1:i - 1]) = 0.2433392539964476
2944/16384
mean(sgnprob[1:i - 1]) = 0.2341148487937479
3072/16384
mean(sgnprob[1:i - 1]) = 0.23282318463041354
3200/16384
mean(sgnprob[1:i - 1]) = 0.2366364488902782
3328/16384
mean(sgnprob[1:i - 1]) = 0.24015629696423205
3456/16384
mean(sgnprob[1:i - 1]) = 0.2410998552821997
3584/16384
mean(sgnprob[1:i - 1]) = 0.24365057214624616
3712/16384
mean(sgnprob[1:i - 1]) = 0.2395580706009162
3840/16384
mean(sgnprob[1:i - 1]) = 0.24355300859598855
3968/16384
mean(sgnprob[1:i - 1]) = 0.24275270985631459
4096/16384
mean(sgnprob[1:i - 1]) = 0.2503052503052503
4224/16384
mean(sgnprob[1:i - 1]) = 0.25029599810561215
4352/16384
mean(sgnprob[1:i - 1]) = 0.25166628361296256
4480/16384
mean(sgnprob[1:i - 1]) = 0.2467068542085287
4608/16384
mean(sgnprob[1:i - 1]) = 0.24810071630128067
4736/16384
mean(sgnprob[1:i - 1]) = 0.24688489968321015
4864/16384
mean(sgnprob[1:i - 1]) = 0.2428542052231133
4992/16384
mean(sgnprob[1:i - 1]) = 0.24343818873973153
5120/16384
mean(sgnprob[1:i - 1]) = 0.24008595428794685
5248/16384
mean(sgnprob[1:i - 1]) = 0.23956546598056033
5376/16384
mean(sgnprob[1:i - 1]) = 0.23572093023255813
5504/16384
mean(sgnprob[1:i - 1]) = 0.2385971288388152
5632/16384
mean(sgnprob[1:i - 1]) = 0.23850115432427632
5760/16384
mean(sgnprob[1:i - 1]) = 0.2408404236846675
5888/16384
mean(sgnprob[1:i - 1]) = 0.2373025310005096
6016/16384
mean(sgnprob[1:i - 1]) = 0.23491271820448878
6144/16384
mean(sgnprob[1:i - 1]) = 0.23327364479895815
6272/16384
mean(sgnprob[1:i - 1]) = 0.2336150534205071
6400/16384
mean(sgnprob[1:i - 1]) = 0.23050476636974526
6528/16384
mean(sgnprob[1:i - 1]) = 0.23487053776620193
6656/16384
mean(sgnprob[1:i - 1]) = 0.23606311044327574
6784/16384
mean(sgnprob[1:i - 1]) = 0.23573639982308714
6912/16384
mean(sgnprob[1:i - 1]) = 0.23455361018665896
7040/16384
mean(sgnprob[1:i - 1]) = 0.2319931808495525
7168/16384
mean(sgnprob[1:i - 1]) = 0.23343100320915305
7296/16384
mean(sgnprob[1:i - 1]) = 0.2337217272104181
7424/16384
mean(sgnprob[1:i - 1]) = 0.23481072342718579
7552/16384
mean(sgnprob[1:i - 1]) = 0.23453847172559925
7680/16384
mean(sgnprob[1:i - 1]) = 0.23297304336502148
7808/16384
mean(sgnprob[1:i - 1]) = 0.23222748815165878
7936/16384
mean(sgnprob[1:i - 1]) = 0.22999369880277254
8064/16384
mean(sgnprob[1:i - 1]) = 0.2305593451568895
8192/16384
mean(sgnprob[1:i - 1]) = 0.23257233549017214
8320/16384
mean(sgnprob[1:i - 1]) = 0.23115759105661737
8448/16384
mean(sgnprob[1:i - 1]) = 0.22954895229075412
8576/16384
mean(sgnprob[1:i - 1]) = 0.2291545189504373
8704/16384
mean(sgnprob[1:i - 1]) = 0.2278524646673561
8832/16384
mean(sgnprob[1:i - 1]) = 0.22794700486921074
8960/16384
mean(sgnprob[1:i - 1]) = 0.22915503962495815
9088/16384
mean(sgnprob[1:i - 1]) = 0.22790800044018927
9216/16384
mean(sgnprob[1:i - 1]) = 0.22712967986977753
9344/16384
mean(sgnprob[1:i - 1]) = 0.2278711334689072
9472/16384
mean(sgnprob[1:i - 1]) = 0.22838137472283815
9600/16384
mean(sgnprob[1:i - 1]) = 0.22908636316282946
9728/16384
mean(sgnprob[1:i - 1]) = 0.22956718412665775
9856/16384
mean(sgnprob[1:i - 1]) = 0.2302384576357179
9984/16384
mean(sgnprob[1:i - 1]) = 0.2296904738054693
10112/16384
mean(sgnprob[1:i - 1]) = 0.22915636435565226
10240/16384
mean(sgnprob[1:i - 1]) = 0.22863560894618615
10368/16384
mean(sgnprob[1:i - 1]) = 0.2300569113533327
10496/16384
mean(sgnprob[1:i - 1]) = 0.22934730824202001
10624/16384
mean(sgnprob[1:i - 1]) = 0.23185540807681446
10752/16384
mean(sgnprob[1:i - 1]) = 0.2309552599758162
10880/16384
mean(sgnprob[1:i - 1]) = 0.22989245335049177
11008/16384
mean(sgnprob[1:i - 1]) = 0.23085309348596347
11136/16384
mean(sgnprob[1:i - 1]) = 0.23143242029636282
11264/16384
mean(sgnprob[1:i - 1]) = 0.23057799875699192
11392/16384
mean(sgnprob[1:i - 1]) = 0.23097181985778245
11520/16384
mean(sgnprob[1:i - 1]) = 0.23048875770466187
11648/16384
mean(sgnprob[1:i - 1]) = 0.23018803125268308
11776/16384
mean(sgnprob[1:i - 1]) = 0.2292144373673036
11904/16384
mean(sgnprob[1:i - 1]) = 0.229437956817609
12032/16384
mean(sgnprob[1:i - 1]) = 0.231319092344776
12160/16384
mean(sgnprob[1:i - 1]) = 0.231680236861584
12288/16384
mean(sgnprob[1:i - 1]) = 0.2305688939529584
12416/16384
mean(sgnprob[1:i - 1]) = 0.23044703987112364
12544/16384
mean(sgnprob[1:i - 1]) = 0.23048712429243404
12672/16384
mean(sgnprob[1:i - 1]) = 0.22879015073790546
12800/16384
mean(sgnprob[1:i - 1]) = 0.22900226580201577
12928/16384
mean(sgnprob[1:i - 1]) = 0.22890075036744797
13056/16384
mean(sgnprob[1:i - 1]) = 0.2286480275756415
13184/16384
mean(sgnprob[1:i - 1]) = 0.22870363346734432
13312/16384
mean(sgnprob[1:i - 1]) = 0.22785665990534146
13440/16384
mean(sgnprob[1:i - 1]) = 0.22791874395416326
13568/16384
mean(sgnprob[1:i - 1]) = 0.22915898872263582
13696/16384
mean(sgnprob[1:i - 1]) = 0.2297918948521358
13824/16384
mean(sgnprob[1:i - 1]) = 0.2299790204731245
13952/16384
mean(sgnprob[1:i - 1]) = 0.23016271235036914
14080/16384
mean(sgnprob[1:i - 1]) = 0.23034306413807798
14208/16384
mean(sgnprob[1:i - 1]) = 0.2306609417892588
14336/16384
mean(sgnprob[1:i - 1]) = 0.23069410533658877
14464/16384
mean(sgnprob[1:i - 1]) = 0.23197123694945723
14592/16384
mean(sgnprob[1:i - 1]) = 0.232540607223631
14720/16384
mean(sgnprob[1:i - 1]) = 0.23364358991779333
14848/16384
mean(sgnprob[1:i - 1]) = 0.23243752946723245
14976/16384
mean(sgnprob[1:i - 1]) = 0.23151919866444073
15104/16384
mean(sgnprob[1:i - 1]) = 0.23061643382109515
15232/16384
mean(sgnprob[1:i - 1]) = 0.23130457619329
15360/16384
mean(sgnprob[1:i - 1]) = 0.2326323328341689
15488/16384
mean(sgnprob[1:i - 1]) = 0.23290501711112546
15616/16384
mean(sgnprob[1:i - 1]) = 0.2335574767851425
15744/16384
mean(sgnprob[1:i - 1]) = 0.23280188020072412
15872/16384
mean(sgnprob[1:i - 1]) = 0.23294058345409868
16000/16384
mean(sgnprob[1:i - 1]) = 0.2330770673167073
16128/16384
mean(sgnprob[1:i - 1]) = 0.23445154089415265
16256/16384
mean(sgnprob[1:i - 1]) = 0.23445093817286988
16384/16384
mean(sgnprob[1:i - 1]) = 0.2349386559238235
732.421746 seconds (167.10 M allocations: 70.745 GiB, 1.50% gc time, 1.25% compilation time)
