## SLURM PROLOG ###############################################################
##    Job ID : 5875854
##  Job Name : etgent_1x10_LA7
##  Nodelist : node1714
##      CPUs : 8
##  Mem/Node : 2048 MB
## Directory : /oscar/home/trazzaz/AFQMC
##   Job Started : Sat Nov  9 07:11:12 PM EST 2024
###############################################################################
U = 2.0
seed = 1234
λₖ = 0.0
Warming up
128/512
256/512
384/512
512/512
Measuring
128/1024
256/1024
384/1024
512/1024
640/1024
768/1024
896/1024
1024/1024
512.307329 seconds (132.20 M allocations: 728.078 GiB, 9.68% gc time, 1.75% compilation time)
λₖ = 0.2
Warming up
128/512
256/512
384/512
512/512
Measuring
128/1024
256/1024
384/1024
512/1024
640/1024
768/1024
896/1024
1024/1024
547.830048 seconds (130.35 M allocations: 727.978 GiB, 10.08% gc time, 0.02% compilation time)
λₖ = 0.4
Warming up
128/512
256/512
384/512
512/512
Measuring
128/1024
256/1024
384/1024
512/1024
640/1024
768/1024
896/1024
1024/1024
475.864901 seconds (130.35 M allocations: 727.978 GiB, 10.71% gc time)
λₖ = 0.6
Warming up
128/512
256/512
384/512
512/512
Measuring
128/1024
256/1024
384/1024
512/1024
640/1024
768/1024
896/1024
1024/1024
476.966096 seconds (130.35 M allocations: 727.978 GiB, 10.70% gc time)
λₖ = 0.8
Warming up
128/512
256/512
384/512
512/512
Measuring
128/1024
256/1024
384/1024
512/1024
640/1024
768/1024
896/1024
1024/1024
458.127071 seconds (130.35 M allocations: 727.978 GiB, 10.12% gc time)
