## SLURM PROLOG ###############################################################
##    Job ID : 8822271
##  Job Name : sbatch_etgent.sh
##  Nodelist : node1323
##      CPUs : 8
##  Mem/Node : 4096 MB
## Directory : /oscar/home/trazzaz/AFQMC
##   Job Started : Thu Feb 27 06:24:14 PM EST 2025
###############################################################################
seed = 1266
U = 2.0
β = 6.0
Warming up
128/1024
256/1024
384/1024
512/1024
640/1024
768/1024
896/1024
1024/1024
Measuring
128/16384
mean(sgnprob[1:i - 1]) = 0.5905511811023622
256/16384
mean(sgnprob[1:i - 1]) = 0.5686274509803921
384/16384
mean(sgnprob[1:i - 1]) = 0.5039164490861618
512/16384
mean(sgnprob[1:i - 1]) = 0.47162426614481406
640/16384
mean(sgnprob[1:i - 1]) = 0.4522691705790297
768/16384
mean(sgnprob[1:i - 1]) = 0.4706649282920469
896/16384
mean(sgnprob[1:i - 1]) = 0.48379888268156424
1024/16384
mean(sgnprob[1:i - 1]) = 0.4838709677419355
1152/16384
mean(sgnprob[1:i - 1]) = 0.3779322328410078
1280/16384
mean(sgnprob[1:i - 1]) = 0.2838154808444097
1408/16384
mean(sgnprob[1:i - 1]) = 0.31058990760483296
1536/16384
mean(sgnprob[1:i - 1]) = 0.24169381107491858
1664/16384
mean(sgnprob[1:i - 1]) = 0.19061936259771498
1792/16384
mean(sgnprob[1:i - 1]) = 0.2138470128419877
1920/16384
mean(sgnprob[1:i - 1]) = 0.22876498176133403
2048/16384
mean(sgnprob[1:i - 1]) = 0.25158768930141673
2176/16384
mean(sgnprob[1:i - 1]) = 0.27080459770114945
2304/16384
mean(sgnprob[1:i - 1]) = 0.2826747720364742
2432/16384
mean(sgnprob[1:i - 1]) = 0.29329494035376386
2560/16384
mean(sgnprob[1:i - 1]) = 0.30676045330207113
2688/16384
mean(sgnprob[1:i - 1]) = 0.31596576107182733
2816/16384
mean(sgnprob[1:i - 1]) = 0.322202486678508
2944/16384
mean(sgnprob[1:i - 1]) = 0.3326537546721033
3072/16384
mean(sgnprob[1:i - 1]) = 0.3448388147183328
3200/16384
mean(sgnprob[1:i - 1]) = 0.3572991559862457
3328/16384
mean(sgnprob[1:i - 1]) = 0.3609858731590021
3456/16384
mean(sgnprob[1:i - 1]) = 0.32677279305354556
3584/16384
mean(sgnprob[1:i - 1]) = 0.2955623778956182
3712/16384
mean(sgnprob[1:i - 1]) = 0.2654271085960658
3840/16384
mean(sgnprob[1:i - 1]) = 0.23990622557957803
3968/16384
mean(sgnprob[1:i - 1]) = 0.24981094025712125
4096/16384
mean(sgnprob[1:i - 1]) = 0.25665445665445663
4224/16384
mean(sgnprob[1:i - 1]) = 0.26450390717499406
4352/16384
mean(sgnprob[1:i - 1]) = 0.27556883475063204
4480/16384
mean(sgnprob[1:i - 1]) = 0.28198258539852644
4608/16384
mean(sgnprob[1:i - 1]) = 0.28760581723464296
4736/16384
mean(sgnprob[1:i - 1]) = 0.28996832101372755
4864/16384
mean(sgnprob[1:i - 1]) = 0.2983754883816574
4992/16384
mean(sgnprob[1:i - 1]) = 0.3027449408936085
5120/16384
mean(sgnprob[1:i - 1]) = 0.2842352021879273
5248/16384
mean(sgnprob[1:i - 1]) = 0.28721174004192873
5376/16384
mean(sgnprob[1:i - 1]) = 0.2926511627906977
5504/16384
mean(sgnprob[1:i - 1]) = 0.30183536252952936
5632/16384
mean(sgnprob[1:i - 1]) = 0.30882614100515005
5760/16384
mean(sgnprob[1:i - 1]) = 0.31376975169300225
5888/16384
mean(sgnprob[1:i - 1]) = 0.31679972821471036
6016/16384
mean(sgnprob[1:i - 1]) = 0.3230257689110557
6144/16384
mean(sgnprob[1:i - 1]) = 0.32443431548103535
6272/16384
mean(sgnprob[1:i - 1]) = 0.3286557167915803
6400/16384
mean(sgnprob[1:i - 1]) = 0.33083294264728863
6528/16384
mean(sgnprob[1:i - 1]) = 0.3335376129921863
6656/16384
mean(sgnprob[1:i - 1]) = 0.33944402704733284
6784/16384
mean(sgnprob[1:i - 1]) = 0.3421789768538995
6912/16384
mean(sgnprob[1:i - 1]) = 0.34625958616698016
7040/16384
mean(sgnprob[1:i - 1]) = 0.32746128711464695
7168/16384
mean(sgnprob[1:i - 1]) = 0.3316589926049951
7296/16384
mean(sgnprob[1:i - 1]) = 0.33598355037697053
7424/16384
mean(sgnprob[1:i - 1]) = 0.34042839822174326
7552/16384
mean(sgnprob[1:i - 1]) = 0.34604688120778704
7680/16384
mean(sgnprob[1:i - 1]) = 0.3493944524026566
7808/16384
mean(sgnprob[1:i - 1]) = 0.3367490713462277
7936/16384
mean(sgnprob[1:i - 1]) = 0.3403906742281033
8064/16384
mean(sgnprob[1:i - 1]) = 0.32655339203770306
8192/16384
mean(sgnprob[1:i - 1]) = 0.31290440727627883
8320/16384
mean(sgnprob[1:i - 1]) = 0.3148214929679048
8448/16384
mean(sgnprob[1:i - 1]) = 0.3005800876050669
8576/16384
mean(sgnprob[1:i - 1]) = 0.30309037900874636
8704/16384
mean(sgnprob[1:i - 1]) = 0.3043778007583592
8832/16384
mean(sgnprob[1:i - 1]) = 0.3060808515456913
8960/16384
mean(sgnprob[1:i - 1]) = 0.3104141087174908
9088/16384
mean(sgnprob[1:i - 1]) = 0.3150654781556069
9216/16384
mean(sgnprob[1:i - 1]) = 0.31720021703743895
9344/16384
mean(sgnprob[1:i - 1]) = 0.3190623996574976
9472/16384
mean(sgnprob[1:i - 1]) = 0.32087424770351597
9600/16384
mean(sgnprob[1:i - 1]) = 0.3234711949161371
9728/16384
mean(sgnprob[1:i - 1]) = 0.32661663411123676
9856/16384
mean(sgnprob[1:i - 1]) = 0.328259766615931
9984/16384
mean(sgnprob[1:i - 1]) = 0.3314634879294801
10112/16384
mean(sgnprob[1:i - 1]) = 0.3339926812382554
10240/16384
mean(sgnprob[1:i - 1]) = 0.33645863853891983
10368/16384
mean(sgnprob[1:i - 1]) = 0.32632391241439185
10496/16384
mean(sgnprob[1:i - 1]) = 0.3272987136731777
10624/16384
mean(sgnprob[1:i - 1]) = 0.3293796479337287
10752/16384
mean(sgnprob[1:i - 1]) = 0.3314110315319505
10880/16384
mean(sgnprob[1:i - 1]) = 0.3330269326224837
11008/16384
mean(sgnprob[1:i - 1]) = 0.33605887162714637
11136/16384
mean(sgnprob[1:i - 1]) = 0.3273462056578357
11264/16384
mean(sgnprob[1:i - 1]) = 0.3172334191600817
11392/16384
mean(sgnprob[1:i - 1]) = 0.320867351417786
11520/16384
mean(sgnprob[1:i - 1]) = 0.3119194374511676
11648/16384
mean(sgnprob[1:i - 1]) = 0.3150167425088006
11776/16384
mean(sgnprob[1:i - 1]) = 0.31651804670912953
11904/16384
mean(sgnprob[1:i - 1]) = 0.31832311182054945
12032/16384
mean(sgnprob[1:i - 1]) = 0.3205884797606184
12160/16384
mean(sgnprob[1:i - 1]) = 0.3206678180771445
12288/16384
mean(sgnprob[1:i - 1]) = 0.3218849190201025
12416/16384
mean(sgnprob[1:i - 1]) = 0.32452678211840513
12544/16384
mean(sgnprob[1:i - 1]) = 0.32711472534481384
12672/16384
mean(sgnprob[1:i - 1]) = 0.3179701681003867
12800/16384
mean(sgnprob[1:i - 1]) = 0.3196343464333151
12928/16384
mean(sgnprob[1:i - 1]) = 0.32157499806606327
13056/16384
mean(sgnprob[1:i - 1]) = 0.3236307927996936
13184/16384
mean(sgnprob[1:i - 1]) = 0.3254949556246681
13312/16384
mean(sgnprob[1:i - 1]) = 0.32717301479978966
13440/16384
mean(sgnprob[1:i - 1]) = 0.3188481285809956
13568/16384
mean(sgnprob[1:i - 1]) = 0.32070465099137613
13696/16384
mean(sgnprob[1:i - 1]) = 0.3226725082146769
13824/16384
mean(sgnprob[1:i - 1]) = 0.3241698618244954
13952/16384
mean(sgnprob[1:i - 1]) = 0.3260698157838148
14080/16384
mean(sgnprob[1:i - 1]) = 0.32779316712834716
14208/16384
mean(sgnprob[1:i - 1]) = 0.3199127190821426
14336/16384
mean(sgnprob[1:i - 1]) = 0.313010115102895
14464/16384
mean(sgnprob[1:i - 1]) = 0.31521814284726546
14592/16384
mean(sgnprob[1:i - 1]) = 0.3182098553903091
14720/16384
mean(sgnprob[1:i - 1]) = 0.3106868673143556
14848/16384
mean(sgnprob[1:i - 1]) = 0.3127231090455984
14976/16384
mean(sgnprob[1:i - 1]) = 0.3140567612687813
15104/16384
mean(sgnprob[1:i - 1]) = 0.3078196384824207
15232/16384
mean(sgnprob[1:i - 1]) = 0.30995995010176614
15360/16384
mean(sgnprob[1:i - 1]) = 0.3112832866723094
15488/16384
mean(sgnprob[1:i - 1]) = 0.31284302963776073
15616/16384
mean(sgnprob[1:i - 1]) = 0.31668267691322444
15744/16384
mean(sgnprob[1:i - 1]) = 0.30953439623959855
15872/16384
mean(sgnprob[1:i - 1]) = 0.3030054816961754
16000/16384
mean(sgnprob[1:i - 1]) = 0.3029564347771736
16128/16384
mean(sgnprob[1:i - 1]) = 0.3057605258262541
16256/16384
mean(sgnprob[1:i - 1]) = 0.3081513380498308
16384/16384
mean(sgnprob[1:i - 1]) = 0.3094060916804004
787.813148 seconds (167.11 M allocations: 70.745 GiB, 1.52% gc time, 1.22% compilation time)
