## SLURM PROLOG ###############################################################
##    Job ID : 8833993
##  Job Name : sbatch_etgent.sh
##  Nodelist : node1734
##      CPUs : 8
##  Mem/Node : 4096 MB
## Directory : /oscar/home/trazzaz/AFQMC
##   Job Started : Fri Feb 28 03:57:17 AM EST 2025
###############################################################################
seed = 1547
U = 2.0
β = 6.0
Warming up
128/1024
256/1024
384/1024
512/1024
640/1024
768/1024
896/1024
1024/1024
Measuring
128/16384
mean(sgnprob[1:i - 1]) = 0.4645669291338583
256/16384
mean(sgnprob[1:i - 1]) = -0.07450980392156863
384/16384
mean(sgnprob[1:i - 1]) = -0.21148825065274152
512/16384
mean(sgnprob[1:i - 1]) = -0.0136986301369863
640/16384
mean(sgnprob[1:i - 1]) = 0.07981220657276995
768/16384
mean(sgnprob[1:i - 1]) = 0.12646675358539766
896/16384
mean(sgnprob[1:i - 1]) = 0.03910614525139665
1024/16384
mean(sgnprob[1:i - 1]) = -0.03421309872922776
1152/16384
mean(sgnprob[1:i - 1]) = 0.02693310165073849
1280/16384
mean(sgnprob[1:i - 1]) = -0.0398749022673964
1408/16384
mean(sgnprob[1:i - 1]) = -0.06325515280739161
1536/16384
mean(sgnprob[1:i - 1]) = -0.009771986970684038
1664/16384
mean(sgnprob[1:i - 1]) = 0.025856885147324114
1792/16384
mean(sgnprob[1:i - 1]) = -0.008375209380234505
1920/16384
mean(sgnprob[1:i - 1]) = -0.040125065138092754
2048/16384
mean(sgnprob[1:i - 1]) = -0.0014655593551538837
2176/16384
mean(sgnprob[1:i - 1]) = 0.02528735632183908
2304/16384
mean(sgnprob[1:i - 1]) = -0.007381676074685193
2432/16384
mean(sgnprob[1:i - 1]) = 0.015220074043603456
2560/16384
mean(sgnprob[1:i - 1]) = 0.04259476357952325
2688/16384
mean(sgnprob[1:i - 1]) = 0.010792705619650168
2816/16384
mean(sgnprob[1:i - 1]) = 0.037300177619893425
2944/16384
mean(sgnprob[1:i - 1]) = 0.06218144750254842
3072/16384
mean(sgnprob[1:i - 1]) = 0.08042982741777922
3200/16384
mean(sgnprob[1:i - 1]) = 0.09909346670834636
3328/16384
mean(sgnprob[1:i - 1]) = 0.11692215208896904
3456/16384
mean(sgnprob[1:i - 1]) = 0.13285094066570188
3584/16384
mean(sgnprob[1:i - 1]) = 0.11191738766396875
3712/16384
mean(sgnprob[1:i - 1]) = 0.12745890595526813
3840/16384
mean(sgnprob[1:i - 1]) = 0.13779630112008334
3968/16384
mean(sgnprob[1:i - 1]) = 0.14998739601714142
4096/16384
mean(sgnprob[1:i - 1]) = 0.13113553113553114
4224/16384
mean(sgnprob[1:i - 1]) = 0.14184229220932987
4352/16384
mean(sgnprob[1:i - 1]) = 0.12387956791542175
4480/16384
mean(sgnprob[1:i - 1]) = 0.10292475999106944
4608/16384
mean(sgnprob[1:i - 1]) = 0.08747558063815933
4736/16384
mean(sgnprob[1:i - 1]) = 0.09736008447729673
4864/16384
mean(sgnprob[1:i - 1]) = 0.10836931935019535
4992/16384
mean(sgnprob[1:i - 1]) = 0.11681025846523743
5120/16384
mean(sgnprob[1:i - 1]) = 0.1271732760304747
5248/16384
mean(sgnprob[1:i - 1]) = 0.13969887554793214
5376/16384
mean(sgnprob[1:i - 1]) = 0.14493023255813953
5504/16384
mean(sgnprob[1:i - 1]) = 0.15100854079592949
5632/16384
mean(sgnprob[1:i - 1]) = 0.13692061800745872
5760/16384
mean(sgnprob[1:i - 1]) = 0.14568501475950685
5888/16384
mean(sgnprob[1:i - 1]) = 0.15474774927807033
6016/16384
mean(sgnprob[1:i - 1]) = 0.14280964256026601
6144/16384
mean(sgnprob[1:i - 1]) = 0.1538336317760052
6272/16384
mean(sgnprob[1:i - 1]) = 0.13921224685058203
6400/16384
mean(sgnprob[1:i - 1]) = 0.12861384591342398
6528/16384
mean(sgnprob[1:i - 1]) = 0.13620346254021756
6656/16384
mean(sgnprob[1:i - 1]) = 0.12486851990984223
6784/16384
mean(sgnprob[1:i - 1]) = 0.13253722541648238
6912/16384
mean(sgnprob[1:i - 1]) = 0.11937490956446245
7040/16384
mean(sgnprob[1:i - 1]) = 0.1086802102571388
7168/16384
mean(sgnprob[1:i - 1]) = 0.1142737547090833
7296/16384
mean(sgnprob[1:i - 1]) = 0.11994516792323509
7424/16384
mean(sgnprob[1:i - 1]) = 0.10683012259194395
7552/16384
mean(sgnprob[1:i - 1]) = 0.11270030459541783
7680/16384
mean(sgnprob[1:i - 1]) = 0.10405000651126449
7808/16384
mean(sgnprob[1:i - 1]) = 0.10951710003842706
7936/16384
mean(sgnprob[1:i - 1]) = 0.11505986137366099
8064/16384
mean(sgnprob[1:i - 1]) = 0.12191492000496093
8192/16384
mean(sgnprob[1:i - 1]) = 0.1285557319008668
8320/16384
mean(sgnprob[1:i - 1]) = 0.11984613535280683
8448/16384
mean(sgnprob[1:i - 1]) = 0.12536995382976204
8576/16384
mean(sgnprob[1:i - 1]) = 0.13189504373177843
8704/16384
mean(sgnprob[1:i - 1]) = 0.12283120762955303
8832/16384
mean(sgnprob[1:i - 1]) = 0.12739214132034876
8960/16384
mean(sgnprob[1:i - 1]) = 0.11842839602634223
9088/16384
mean(sgnprob[1:i - 1]) = 0.10795642126114229
9216/16384
mean(sgnprob[1:i - 1]) = 0.099511665762344
9344/16384
mean(sgnprob[1:i - 1]) = 0.10585465054051162
9472/16384
mean(sgnprob[1:i - 1]) = 0.09745539013831697
9600/16384
mean(sgnprob[1:i - 1]) = 0.1026148557141369
9728/16384
mean(sgnprob[1:i - 1]) = 0.10640485247249923
9856/16384
mean(sgnprob[1:i - 1]) = 0.09812278031456113
9984/16384
mean(sgnprob[1:i - 1]) = 0.1030752278874086
10112/16384
mean(sgnprob[1:i - 1]) = 0.10849569775492038
10240/16384
mean(sgnprob[1:i - 1]) = 0.11143666373669303
10368/16384
mean(sgnprob[1:i - 1]) = 0.1042731744959969
10496/16384
mean(sgnprob[1:i - 1]) = 0.11024297284421153
10624/16384
mean(sgnprob[1:i - 1]) = 0.11644544855502212
10752/16384
mean(sgnprob[1:i - 1]) = 0.1223142033299228
10880/16384
mean(sgnprob[1:i - 1]) = 0.12730949535802924
11008/16384
mean(sgnprob[1:i - 1]) = 0.11910602343962932
11136/16384
mean(sgnprob[1:i - 1]) = 0.12258643915581499
11264/16384
mean(sgnprob[1:i - 1]) = 0.12723075557133978
11392/16384
mean(sgnprob[1:i - 1]) = 0.1314195417434817
11520/16384
mean(sgnprob[1:i - 1]) = 0.13586248806319992
11648/16384
mean(sgnprob[1:i - 1]) = 0.1405512149051258
11776/16384
mean(sgnprob[1:i - 1]) = 0.14496815286624204
11904/16384
mean(sgnprob[1:i - 1]) = 0.14828194572796774
12032/16384
mean(sgnprob[1:i - 1]) = 0.15352007314437702
12160/16384
mean(sgnprob[1:i - 1]) = 0.15716753022452504
12288/16384
mean(sgnprob[1:i - 1]) = 0.16090176609424595
12416/16384
mean(sgnprob[1:i - 1]) = 0.164881192106323
12544/16384
mean(sgnprob[1:i - 1]) = 0.1684604958941242
12672/16384
mean(sgnprob[1:i - 1]) = 0.17165180333043958
12800/16384
mean(sgnprob[1:i - 1]) = 0.17634190171107117
12928/16384
mean(sgnprob[1:i - 1]) = 0.17970140017018643
13056/16384
mean(sgnprob[1:i - 1]) = 0.17181156644963616
13184/16384
mean(sgnprob[1:i - 1]) = 0.17590836683607677
13312/16384
mean(sgnprob[1:i - 1]) = 0.17767260160769288
13440/16384
mean(sgnprob[1:i - 1]) = 0.18044497358434408
13568/16384
mean(sgnprob[1:i - 1]) = 0.1831650328001769
13696/16384
mean(sgnprob[1:i - 1]) = 0.1769258853596203
13824/16384
mean(sgnprob[1:i - 1]) = 0.17890472401070678
13952/16384
mean(sgnprob[1:i - 1]) = 0.18156404558812989
14080/16384
mean(sgnprob[1:i - 1]) = 0.1743731799133461
14208/16384
mean(sgnprob[1:i - 1]) = 0.16660801013584853
14336/16384
mean(sgnprob[1:i - 1]) = 0.16930589466341123
14464/16384
mean(sgnprob[1:i - 1]) = 0.1727857291018461
14592/16384
mean(sgnprob[1:i - 1]) = 0.17510794325269002
14720/16384
mean(sgnprob[1:i - 1]) = 0.17806916230722195
14848/16384
mean(sgnprob[1:i - 1]) = 0.18138344446689567
14976/16384
mean(sgnprob[1:i - 1]) = 0.18437395659432387
15104/16384
mean(sgnprob[1:i - 1]) = 0.18744620274117724
15232/16384
mean(sgnprob[1:i - 1]) = 0.19020418882542184
15360/16384
mean(sgnprob[1:i - 1]) = 0.19278598867113744
15488/16384
mean(sgnprob[1:i - 1]) = 0.19622909537031058
15616/16384
mean(sgnprob[1:i - 1]) = 0.1909061799551713
15744/16384
mean(sgnprob[1:i - 1]) = 0.18554278091850346
15872/16384
mean(sgnprob[1:i - 1]) = 0.1885829500346544
16000/16384
mean(sgnprob[1:i - 1]) = 0.1916994812175761
16128/16384
mean(sgnprob[1:i - 1]) = 0.1947665405841136
16256/16384
mean(sgnprob[1:i - 1]) = 0.1980313749615503
16384/16384
mean(sgnprob[1:i - 1]) = 0.20100103766099006
728.231241 seconds (167.11 M allocations: 70.745 GiB, 1.34% gc time, 1.23% compilation time)
