## SLURM PROLOG ###############################################################
##    Job ID : 8834024
##  Job Name : sbatch_etgent.sh
##  Nodelist : node1733
##      CPUs : 8
##  Mem/Node : 4096 MB
## Directory : /oscar/home/trazzaz/AFQMC
##   Job Started : Fri Feb 28 04:47:38 AM EST 2025
###############################################################################
seed = 1578
U = 2.0
β = 6.0
Warming up
128/1024
256/1024
384/1024
512/1024
640/1024
768/1024
896/1024
1024/1024
Measuring
128/16384
mean(sgnprob[1:i - 1]) = 0.33858267716535434
256/16384
mean(sgnprob[1:i - 1]) = -0.06666666666666667
384/16384
mean(sgnprob[1:i - 1]) = 0.09660574412532637
512/16384
mean(sgnprob[1:i - 1]) = 0.17025440313111545
640/16384
mean(sgnprob[1:i - 1]) = 0.051643192488262914
768/16384
mean(sgnprob[1:i - 1]) = 0.07692307692307693
896/16384
mean(sgnprob[1:i - 1]) = 0.11731843575418995
1024/16384
mean(sgnprob[1:i - 1]) = 0.15933528836754643
1152/16384
mean(sgnprob[1:i - 1]) = 0.18679409209383144
1280/16384
mean(sgnprob[1:i - 1]) = 0.21032056293979673
1408/16384
mean(sgnprob[1:i - 1]) = 0.15565031982942432
1536/16384
mean(sgnprob[1:i - 1]) = 0.1700325732899023
1664/16384
mean(sgnprob[1:i - 1]) = 0.17859290438965725
1792/16384
mean(sgnprob[1:i - 1]) = 0.19821328866554996
1920/16384
mean(sgnprob[1:i - 1]) = 0.15789473684210525
2048/16384
mean(sgnprob[1:i - 1]) = 0.16463116756228627
2176/16384
mean(sgnprob[1:i - 1]) = 0.12643678160919541
2304/16384
mean(sgnprob[1:i - 1]) = 0.0985670864090317
2432/16384
mean(sgnprob[1:i - 1]) = 0.07692307692307693
2560/16384
mean(sgnprob[1:i - 1]) = 0.09964830011723329
2688/16384
mean(sgnprob[1:i - 1]) = 0.11127651656122069
2816/16384
mean(sgnprob[1:i - 1]) = 0.08490230905861457
2944/16384
mean(sgnprob[1:i - 1]) = 0.10023785253143051
3072/16384
mean(sgnprob[1:i - 1]) = 0.07717355910126994
3200/16384
mean(sgnprob[1:i - 1]) = 0.05845576742732104
3328/16384
mean(sgnprob[1:i - 1]) = 0.042981665163811245
3456/16384
mean(sgnprob[1:i - 1]) = 0.053545586107091175
3584/16384
mean(sgnprob[1:i - 1]) = 0.06949483672899805
3712/16384
mean(sgnprob[1:i - 1]) = 0.08488278092158448
3840/16384
mean(sgnprob[1:i - 1]) = 0.092471997916124
3968/16384
mean(sgnprob[1:i - 1]) = 0.10209226115452483
4096/16384
mean(sgnprob[1:i - 1]) = 0.09108669108669108
4224/16384
mean(sgnprob[1:i - 1]) = 0.10111295287710159
4352/16384
mean(sgnprob[1:i - 1]) = 0.11008963456676626
4480/16384
mean(sgnprob[1:i - 1]) = 0.11676713552132173
4608/16384
mean(sgnprob[1:i - 1]) = 0.12394182765357065
4736/16384
mean(sgnprob[1:i - 1]) = 0.13157338965153115
4864/16384
mean(sgnprob[1:i - 1]) = 0.13921447666049763
4992/16384
mean(sgnprob[1:i - 1]) = 0.14365858545381688
5120/16384
mean(sgnprob[1:i - 1]) = 0.1502246532525884
5248/16384
mean(sgnprob[1:i - 1]) = 0.15647036401753384
5376/16384
mean(sgnprob[1:i - 1]) = 0.16241860465116278
5504/16384
mean(sgnprob[1:i - 1]) = 0.1731782664001454
5632/16384
mean(sgnprob[1:i - 1]) = 0.18202805895933227
5760/16384
mean(sgnprob[1:i - 1]) = 0.16930022573363432
5888/16384
mean(sgnprob[1:i - 1]) = 0.17445218277560728
6016/16384
mean(sgnprob[1:i - 1]) = 0.18038237738985868
6144/16384
mean(sgnprob[1:i - 1]) = 0.16848445384991045
6272/16384
mean(sgnprob[1:i - 1]) = 0.15802902248445225
6400/16384
mean(sgnprob[1:i - 1]) = 0.1492420690732927
6528/16384
mean(sgnprob[1:i - 1]) = 0.1527501149073081
6656/16384
mean(sgnprob[1:i - 1]) = 0.15762584522915102
6784/16384
mean(sgnprob[1:i - 1]) = 0.149343948105558
6912/16384
mean(sgnprob[1:i - 1]) = 0.1535233685429026
7040/16384
mean(sgnprob[1:i - 1]) = 0.15868731353885496
7168/16384
mean(sgnprob[1:i - 1]) = 0.16031812473838425
7296/16384
mean(sgnprob[1:i - 1]) = 0.15065113091158328
7424/16384
mean(sgnprob[1:i - 1]) = 0.15667519870672236
7552/16384
mean(sgnprob[1:i - 1]) = 0.16249503377036154
7680/16384
mean(sgnprob[1:i - 1]) = 0.15327516603724442
7808/16384
mean(sgnprob[1:i - 1]) = 0.14307672601511465
7936/16384
mean(sgnprob[1:i - 1]) = 0.14580970384373032
8064/16384
mean(sgnprob[1:i - 1]) = 0.14944809624209351
8192/16384
mean(sgnprob[1:i - 1]) = 0.15199609327310462
8320/16384
mean(sgnprob[1:i - 1]) = 0.144608727010458
8448/16384
mean(sgnprob[1:i - 1]) = 0.13602462412690897
8576/16384
mean(sgnprob[1:i - 1]) = 0.14005830903790087
8704/16384
mean(sgnprob[1:i - 1]) = 0.14144547857060782
8832/16384
mean(sgnprob[1:i - 1]) = 0.13577171328275395
8960/16384
mean(sgnprob[1:i - 1]) = 0.13829668489786806
9088/16384
mean(sgnprob[1:i - 1]) = 0.1308462638934742
9216/16384
mean(sgnprob[1:i - 1]) = 0.13423765599565926
9344/16384
mean(sgnprob[1:i - 1]) = 0.1383923793214171
9472/16384
mean(sgnprob[1:i - 1]) = 0.13082039911308205
9600/16384
mean(sgnprob[1:i - 1]) = 0.1355349515574539
9728/16384
mean(sgnprob[1:i - 1]) = 0.1417703300092526
9856/16384
mean(sgnprob[1:i - 1]) = 0.14581430745814308
9984/16384
mean(sgnprob[1:i - 1]) = 0.14835219873785435
10112/16384
mean(sgnprob[1:i - 1]) = 0.15300168133715755
10240/16384
mean(sgnprob[1:i - 1]) = 0.1469870104502393
10368/16384
mean(sgnprob[1:i - 1]) = 0.14092794443908557
10496/16384
mean(sgnprob[1:i - 1]) = 0.1434016198189614
10624/16384
mean(sgnprob[1:i - 1]) = 0.14675703661865763
10752/16384
mean(sgnprob[1:i - 1]) = 0.1496604966979816
10880/16384
mean(sgnprob[1:i - 1]) = 0.15139259123081167
11008/16384
mean(sgnprob[1:i - 1]) = 0.14363586808394657
11136/16384
mean(sgnprob[1:i - 1]) = 0.138033228558599
11264/16384
mean(sgnprob[1:i - 1]) = 0.1409038444464175
11392/16384
mean(sgnprob[1:i - 1]) = 0.13510666315512246
11520/16384
mean(sgnprob[1:i - 1]) = 0.137772376074312
11648/16384
mean(sgnprob[1:i - 1]) = 0.13797544432042586
11776/16384
mean(sgnprob[1:i - 1]) = 0.1332484076433121
11904/16384
mean(sgnprob[1:i - 1]) = 0.1277829118709569
12032/16384
mean(sgnprob[1:i - 1]) = 0.1302468622724628
12160/16384
mean(sgnprob[1:i - 1]) = 0.12558598568961263
12288/16384
mean(sgnprob[1:i - 1]) = 0.11972002929925939
12416/16384
mean(sgnprob[1:i - 1]) = 0.1225130890052356
12544/16384
mean(sgnprob[1:i - 1]) = 0.12556804592202822
12672/16384
mean(sgnprob[1:i - 1]) = 0.12682503354115698
12800/16384
mean(sgnprob[1:i - 1]) = 0.12961950152355653
12928/16384
mean(sgnprob[1:i - 1]) = 0.12384930765065368
13056/16384
mean(sgnprob[1:i - 1]) = 0.12554576790501723
13184/16384
mean(sgnprob[1:i - 1]) = 0.12114086323295153
13312/16384
mean(sgnprob[1:i - 1]) = 0.12388250319284802
13440/16384
mean(sgnprob[1:i - 1]) = 0.12686955874693057
13568/16384
mean(sgnprob[1:i - 1]) = 0.12139750866072087
13696/16384
mean(sgnprob[1:i - 1]) = 0.1217232566630157
13824/16384
mean(sgnprob[1:i - 1]) = 0.1158214569919699
13952/16384
mean(sgnprob[1:i - 1]) = 0.11948964231954698
14080/16384
mean(sgnprob[1:i - 1]) = 0.12209673982527168
14208/16384
mean(sgnprob[1:i - 1]) = 0.1247976349686774
14336/16384
mean(sgnprob[1:i - 1]) = 0.12842692710149983
14464/16384
mean(sgnprob[1:i - 1]) = 0.131162276152942
14592/16384
mean(sgnprob[1:i - 1]) = 0.13384963333561783
14720/16384
mean(sgnprob[1:i - 1]) = 0.1366261294924927
14848/16384
mean(sgnprob[1:i - 1]) = 0.1385465077119957
14976/16384
mean(sgnprob[1:i - 1]) = 0.13308848080133556
15104/16384
mean(sgnprob[1:i - 1]) = 0.13580083427133682
15232/16384
mean(sgnprob[1:i - 1]) = 0.13820497669227233
15360/16384
mean(sgnprob[1:i - 1]) = 0.13431864053649326
15488/16384
mean(sgnprob[1:i - 1]) = 0.13721185510428102
15616/16384
mean(sgnprob[1:i - 1]) = 0.13954530899775858
15744/16384
mean(sgnprob[1:i - 1]) = 0.13625103220478943
15872/16384
mean(sgnprob[1:i - 1]) = 0.1325058282401865
16000/16384
mean(sgnprob[1:i - 1]) = 0.13582098881180074
16128/16384
mean(sgnprob[1:i - 1]) = 0.13784336826440133
16256/16384
mean(sgnprob[1:i - 1]) = 0.13355890495232237
16384/16384
mean(sgnprob[1:i - 1]) = 0.12897515717512056
731.935376 seconds (167.11 M allocations: 70.745 GiB, 1.57% gc time, 1.26% compilation time)
