## SLURM PROLOG ###############################################################
##    Job ID : 5902712
##  Job Name : etgent_N6_seed1240
##  Nodelist : node1651
##      CPUs : 8
##  Mem/Node : 2048 MB
## Directory : /oscar/home/trazzaz/AFQMC
##   Job Started : Sun Nov 10 10:54:11 PM EST 2024
###############################################################################
U = 2.0
seed = 1240
λₖ = 0.0
Warming up
128/512
256/512
384/512
512/512
Measuring
128/1024
256/1024
384/1024
512/1024
640/1024
768/1024
896/1024
1024/1024
301.309720 seconds (210.26 M allocations: 1.107 TiB, 20.86% gc time, 2.84% compilation time)
λₖ = 0.2
Warming up
128/512
256/512
384/512
512/512
Measuring
128/1024
256/1024
384/1024
512/1024
640/1024
768/1024
896/1024
1024/1024
351.419837 seconds (208.41 M allocations: 1.107 TiB, 20.08% gc time, 0.03% compilation time)
λₖ = 0.4
Warming up
128/512
256/512
384/512
512/512
Measuring
128/1024
256/1024
384/1024
512/1024
640/1024
768/1024
896/1024
1024/1024
302.660753 seconds (208.41 M allocations: 1.107 TiB, 21.23% gc time)
λₖ = 0.6
Warming up
128/512
256/512
384/512
512/512
Measuring
128/1024
256/1024
384/1024
512/1024
640/1024
768/1024
896/1024
1024/1024
305.033041 seconds (208.41 M allocations: 1.107 TiB, 21.06% gc time)
λₖ = 0.8
Warming up
128/512
256/512
384/512
512/512
Measuring
128/1024
256/1024
384/1024
512/1024
640/1024
768/1024
896/1024
1024/1024
300.805954 seconds (208.41 M allocations: 1.107 TiB, 21.27% gc time)
