## SLURM PROLOG ###############################################################
##    Job ID : 5955270
##  Job Name : etgent_N(1,3)_seed1235
##  Nodelist : node1749
##      CPUs : 8
##  Mem/Node : 2048 MB
## Directory : /oscar/home/trazzaz/AFQMC
##   Job Started : Mon Nov 11 09:55:21 PM EST 2024
###############################################################################
U = 2.0
seed = 1235
λₖ = 0.0
Warming up
128/512
256/512
384/512
512/512
Measuring
128/1024
256/1024
384/1024
512/1024
640/1024
768/1024
896/1024
1024/1024
126.948995 seconds (80.56 M allocations: 16.970 GiB, 3.83% gc time, 10.69% compilation time)
λₖ = 0.2
Warming up
128/512
256/512
384/512
512/512
Measuring
128/1024
256/1024
384/1024
512/1024
640/1024
768/1024
896/1024
1024/1024
111.660970 seconds (76.83 M allocations: 16.806 GiB, 3.93% gc time, 0.11% compilation time)
λₖ = 0.4
Warming up
128/512
256/512
384/512
512/512
Measuring
128/1024
256/1024
384/1024
512/1024
640/1024
768/1024
896/1024
1024/1024
111.247240 seconds (76.82 M allocations: 16.805 GiB, 3.69% gc time)
λₖ = 0.6
Warming up
128/512
256/512
384/512
512/512
Measuring
128/1024
256/1024
384/1024
512/1024
640/1024
768/1024
896/1024
1024/1024
110.748458 seconds (76.82 M allocations: 16.805 GiB, 3.48% gc time)
λₖ = 0.8
Warming up
128/512
256/512
384/512
512/512
Measuring
128/1024
256/1024
384/1024
512/1024
640/1024
768/1024
896/1024
1024/1024
110.474796 seconds (76.82 M allocations: 16.805 GiB, 3.35% gc time)
