## SLURM PROLOG ###############################################################
##    Job ID : 8833963
##  Job Name : sbatch_etgent.sh
##  Nodelist : node1734
##      CPUs : 8
##  Mem/Node : 4096 MB
## Directory : /oscar/home/trazzaz/AFQMC
##   Job Started : Fri Feb 28 03:06:49 AM EST 2025
###############################################################################
seed = 1517
U = 2.0
β = 6.0
Warming up
128/1024
256/1024
384/1024
512/1024
640/1024
768/1024
896/1024
1024/1024
Measuring
128/16384
mean(sgnprob[1:i - 1]) = -0.41732283464566927
256/16384
mean(sgnprob[1:i - 1]) = 0.058823529411764705
384/16384
mean(sgnprob[1:i - 1]) = -0.1279373368146214
512/16384
mean(sgnprob[1:i - 1]) = -0.22504892367906065
640/16384
mean(sgnprob[1:i - 1]) = -0.07668231611893583
768/16384
mean(sgnprob[1:i - 1]) = -0.1577574967405476
896/16384
mean(sgnprob[1:i - 1]) = -0.054748603351955305
1024/16384
mean(sgnprob[1:i - 1]) = 0.01270772238514174
1152/16384
mean(sgnprob[1:i - 1]) = 0.07732406602953953
1280/16384
mean(sgnprob[1:i - 1]) = 0.127443315089914
1408/16384
mean(sgnprob[1:i - 1]) = 0.15280739161336176
1536/16384
mean(sgnprob[1:i - 1]) = 0.1791530944625407
1664/16384
mean(sgnprob[1:i - 1]) = 0.2158749248346362
1792/16384
mean(sgnprob[1:i - 1]) = 0.23171412618648798
1920/16384
mean(sgnprob[1:i - 1]) = 0.24022928608650337
2048/16384
mean(sgnprob[1:i - 1]) = 0.24670249145090375
2176/16384
mean(sgnprob[1:i - 1]) = 0.2616091954022989
2304/16384
mean(sgnprob[1:i - 1]) = 0.26791141988710376
2432/16384
mean(sgnprob[1:i - 1]) = 0.28259975318798847
2560/16384
mean(sgnprob[1:i - 1]) = 0.24189136381398985
2688/16384
mean(sgnprob[1:i - 1]) = 0.20282843319687383
2816/16384
mean(sgnprob[1:i - 1]) = 0.2113676731793961
2944/16384
mean(sgnprob[1:i - 1]) = 0.17703024125042474
3072/16384
mean(sgnprob[1:i - 1]) = 0.1813741452295669
3200/16384
mean(sgnprob[1:i - 1]) = 0.1959987496092529
3328/16384
mean(sgnprob[1:i - 1]) = 0.20529005109708445
3456/16384
mean(sgnprob[1:i - 1]) = 0.21447178002894357
3584/16384
mean(sgnprob[1:i - 1]) = 0.2274630198157968
3712/16384
mean(sgnprob[1:i - 1]) = 0.2357855025599569
3840/16384
mean(sgnprob[1:i - 1]) = 0.2466788226100547
3968/16384
mean(sgnprob[1:i - 1]) = 0.2563650113435846
4096/16384
mean(sgnprob[1:i - 1]) = 0.2634920634920635
4224/16384
mean(sgnprob[1:i - 1]) = 0.2711342647407057
4352/16384
mean(sgnprob[1:i - 1]) = 0.27556883475063204
4480/16384
mean(sgnprob[1:i - 1]) = 0.28466175485599465
4608/16384
mean(sgnprob[1:i - 1]) = 0.28847406121120034
4736/16384
mean(sgnprob[1:i - 1]) = 0.29714889123548044
4864/16384
mean(sgnprob[1:i - 1]) = 0.3024881760230311
4992/16384
mean(sgnprob[1:i - 1]) = 0.3075535964736526
5120/16384
mean(sgnprob[1:i - 1]) = 0.2881422152764212
5248/16384
mean(sgnprob[1:i - 1]) = 0.29445397369925674
5376/16384
mean(sgnprob[1:i - 1]) = 0.2937674418604651
5504/16384
mean(sgnprob[1:i - 1]) = 0.27239687443212796
5632/16384
mean(sgnprob[1:i - 1]) = 0.2551944592434736
5760/16384
mean(sgnprob[1:i - 1]) = 0.26098280951554087
5888/16384
mean(sgnprob[1:i - 1]) = 0.2665194496347885
6016/16384
mean(sgnprob[1:i - 1]) = 0.2711554447215295
6144/16384
mean(sgnprob[1:i - 1]) = 0.27722611102067396
6272/16384
mean(sgnprob[1:i - 1]) = 0.26199968107159943
6400/16384
mean(sgnprob[1:i - 1]) = 0.2467573058290358
6528/16384
mean(sgnprob[1:i - 1]) = 0.22935498697717174
6656/16384
mean(sgnprob[1:i - 1]) = 0.23546205860255448
6784/16384
mean(sgnprob[1:i - 1]) = 0.24074893115140794
6912/16384
mean(sgnprob[1:i - 1]) = 0.2455505715525973
7040/16384
mean(sgnprob[1:i - 1]) = 0.2498934507742577
7168/16384
mean(sgnprob[1:i - 1]) = 0.25268592158504255
7296/16384
mean(sgnprob[1:i - 1]) = 0.25839616175462643
7424/16384
mean(sgnprob[1:i - 1]) = 0.26579550047150746
7552/16384
mean(sgnprob[1:i - 1]) = 0.2721493841875248
7680/16384
mean(sgnprob[1:i - 1]) = 0.27620783956244305
7808/16384
mean(sgnprob[1:i - 1]) = 0.2814141155373383
7936/16384
mean(sgnprob[1:i - 1]) = 0.284940138626339
8064/16384
mean(sgnprob[1:i - 1]) = 0.2866178841622225
8192/16384
mean(sgnprob[1:i - 1]) = 0.29019655719692344
8320/16384
mean(sgnprob[1:i - 1]) = 0.2905397283327323
8448/16384
mean(sgnprob[1:i - 1]) = 0.29181958091630167
8576/16384
mean(sgnprob[1:i - 1]) = 0.29422740524781343
8704/16384
mean(sgnprob[1:i - 1]) = 0.29771343214983337
8832/16384
mean(sgnprob[1:i - 1]) = 0.29973955384441175
8960/16384
mean(sgnprob[1:i - 1]) = 0.2887599062395357
9088/16384
mean(sgnprob[1:i - 1]) = 0.291735446241884
9216/16384
mean(sgnprob[1:i - 1]) = 0.2959305480195334
9344/16384
mean(sgnprob[1:i - 1]) = 0.29787006314888154
9472/16384
mean(sgnprob[1:i - 1]) = 0.3010241790729596
9600/16384
mean(sgnprob[1:i - 1]) = 0.3030524012918012
9728/16384
mean(sgnprob[1:i - 1]) = 0.3046160172715123
9856/16384
mean(sgnprob[1:i - 1]) = 0.2945712836123795
9984/16384
mean(sgnprob[1:i - 1]) = 0.28258038665731744
10112/16384
mean(sgnprob[1:i - 1]) = 0.2833547621402433
10240/16384
mean(sgnprob[1:i - 1]) = 0.27258521339974606
10368/16384
mean(sgnprob[1:i - 1]) = 0.27597183370309636
10496/16384
mean(sgnprob[1:i - 1]) = 0.27870414483087186
10624/16384
mean(sgnprob[1:i - 1]) = 0.28231196460510216
10752/16384
mean(sgnprob[1:i - 1]) = 0.2841596130592503
10880/16384
mean(sgnprob[1:i - 1]) = 0.27346263443331187
11008/16384
mean(sgnprob[1:i - 1]) = 0.27537021895157626
11136/16384
mean(sgnprob[1:i - 1]) = 0.277413560844185
11264/16384
mean(sgnprob[1:i - 1]) = 0.2802983219390926
11392/16384
mean(sgnprob[1:i - 1]) = 0.2824159424106751
11520/16384
mean(sgnprob[1:i - 1]) = 0.2839656220158
11648/16384
mean(sgnprob[1:i - 1]) = 0.2870267021550614
11776/16384
mean(sgnprob[1:i - 1]) = 0.2908704883227176
11904/16384
mean(sgnprob[1:i - 1]) = 0.29412753087456944
12032/16384
mean(sgnprob[1:i - 1]) = 0.2964840827861358
12160/16384
mean(sgnprob[1:i - 1]) = 0.29813307015379553
12288/16384
mean(sgnprob[1:i - 1]) = 0.30023602181167086
12416/16384
mean(sgnprob[1:i - 1]) = 0.301651228352799
12544/16384
mean(sgnprob[1:i - 1]) = 0.30383480825958703
12672/16384
mean(sgnprob[1:i - 1]) = 0.30565859048220345
12800/16384
mean(sgnprob[1:i - 1]) = 0.3077584186264552
12928/16384
mean(sgnprob[1:i - 1]) = 0.29914133209561383
13056/16384
mean(sgnprob[1:i - 1]) = 0.3015702795863654
13184/16384
mean(sgnprob[1:i - 1]) = 0.3044071910794205
13312/16384
mean(sgnprob[1:i - 1]) = 0.30568702576816165
13440/16384
mean(sgnprob[1:i - 1]) = 0.30634719845226577
13568/16384
mean(sgnprob[1:i - 1]) = 0.30861649590919144
13696/16384
mean(sgnprob[1:i - 1]) = 0.2997444322745528
13824/16384
mean(sgnprob[1:i - 1]) = 0.3014540982420603
13952/16384
mean(sgnprob[1:i - 1]) = 0.3031323919432299
14080/16384
mean(sgnprob[1:i - 1]) = 0.3053483912209674
14208/16384
mean(sgnprob[1:i - 1]) = 0.3065390300556064
14336/16384
mean(sgnprob[1:i - 1]) = 0.3089640739448901
14464/16384
mean(sgnprob[1:i - 1]) = 0.3105164903546982
14592/16384
mean(sgnprob[1:i - 1]) = 0.3110821739428415
14720/16384
mean(sgnprob[1:i - 1]) = 0.31326856444051904
14848/16384
mean(sgnprob[1:i - 1]) = 0.31501313396645786
14976/16384
mean(sgnprob[1:i - 1]) = 0.3169949916527546
15104/16384
mean(sgnprob[1:i - 1]) = 0.3170893200026485
15232/16384
mean(sgnprob[1:i - 1]) = 0.31035388352701726
15360/16384
mean(sgnprob[1:i - 1]) = 0.3114135034832997
15488/16384
mean(sgnprob[1:i - 1]) = 0.30586943888422546
15616/16384
mean(sgnprob[1:i - 1]) = 0.30720461095100865
15744/16384
mean(sgnprob[1:i - 1]) = 0.3078828685765102
15872/16384
mean(sgnprob[1:i - 1]) = 0.30867620187763845
16000/16384
mean(sgnprob[1:i - 1]) = 0.31020688793049567
16128/16384
mean(sgnprob[1:i - 1]) = 0.3124573696285732
16256/16384
mean(sgnprob[1:i - 1]) = 0.31368809597047065
16384/16384
mean(sgnprob[1:i - 1]) = 0.31538790209363365
736.720446 seconds (167.11 M allocations: 70.745 GiB, 1.33% gc time, 1.21% compilation time)
