## SLURM PROLOG ###############################################################
##    Job ID : 8822287
##  Job Name : sbatch_etgent.sh
##  Nodelist : node1733
##      CPUs : 8
##  Mem/Node : 4096 MB
## Directory : /oscar/home/trazzaz/AFQMC
##   Job Started : Thu Feb 27 06:49:41 PM EST 2025
###############################################################################
seed = 1282
U = 2.0
β = 6.0
Warming up
128/1024
256/1024
384/1024
512/1024
640/1024
768/1024
896/1024
1024/1024
Measuring
128/16384
mean(sgnprob[1:i - 1]) = -0.4330708661417323
256/16384
mean(sgnprob[1:i - 1]) = -0.09803921568627451
384/16384
mean(sgnprob[1:i - 1]) = 0.04960835509138381
512/16384
mean(sgnprob[1:i - 1]) = -0.06457925636007827
640/16384
mean(sgnprob[1:i - 1]) = 0.023474178403755867
768/16384
mean(sgnprob[1:i - 1]) = -0.05084745762711865
896/16384
mean(sgnprob[1:i - 1]) = 0.012290502793296089
1024/16384
mean(sgnprob[1:i - 1]) = -0.05180840664711633
1152/16384
mean(sgnprob[1:i - 1]) = -0.023457862728062554
1280/16384
mean(sgnprob[1:i - 1]) = 0.011727912431587178
1408/16384
mean(sgnprob[1:i - 1]) = 0.04193319118692253
1536/16384
mean(sgnprob[1:i - 1]) = 0.07752442996742671
1664/16384
mean(sgnprob[1:i - 1]) = 0.10402886349969934
1792/16384
mean(sgnprob[1:i - 1]) = 0.12786152987158012
1920/16384
mean(sgnprob[1:i - 1]) = 0.09119332985930172
2048/16384
mean(sgnprob[1:i - 1]) = 0.10698583292623351
2176/16384
mean(sgnprob[1:i - 1]) = 0.12367816091954023
2304/16384
mean(sgnprob[1:i - 1]) = 0.09422492401215805
2432/16384
mean(sgnprob[1:i - 1]) = 0.1048951048951049
2560/16384
mean(sgnprob[1:i - 1]) = 0.11762407190308714
2688/16384
mean(sgnprob[1:i - 1]) = 0.12988462969854855
2816/16384
mean(sgnprob[1:i - 1]) = 0.10408525754884547
2944/16384
mean(sgnprob[1:i - 1]) = 0.11247026843357119
3072/16384
mean(sgnprob[1:i - 1]) = 0.09150113969391079
3200/16384
mean(sgnprob[1:i - 1]) = 0.10472022507033447
3328/16384
mean(sgnprob[1:i - 1]) = 0.11752329425909228
3456/16384
mean(sgnprob[1:i - 1]) = 0.1276410998552822
3584/16384
mean(sgnprob[1:i - 1]) = 0.13201228021211275
3712/16384
mean(sgnprob[1:i - 1]) = 0.13877661007814604
3840/16384
mean(sgnprob[1:i - 1]) = 0.1466527741599375
3968/16384
mean(sgnprob[1:i - 1]) = 0.12578774892866146
4096/16384
mean(sgnprob[1:i - 1]) = 0.1365079365079365
4224/16384
mean(sgnprob[1:i - 1]) = 0.14468387402320626
4352/16384
mean(sgnprob[1:i - 1]) = 0.1537577568375086
4480/16384
mean(sgnprob[1:i - 1]) = 0.13507479348068765
4608/16384
mean(sgnprob[1:i - 1]) = 0.12220533970045583
4736/16384
mean(sgnprob[1:i - 1]) = 0.12481520591341078
4864/16384
mean(sgnprob[1:i - 1]) = 0.11207073822743163
4992/16384
mean(sgnprob[1:i - 1]) = 0.11961530755359648
5120/16384
mean(sgnprob[1:i - 1]) = 0.10763821058800548
5248/16384
mean(sgnprob[1:i - 1]) = 0.11949685534591195
5376/16384
mean(sgnprob[1:i - 1]) = 0.12483720930232559
5504/16384
mean(sgnprob[1:i - 1]) = 0.1132109758313647
5632/16384
mean(sgnprob[1:i - 1]) = 0.12022731308826141
5760/16384
mean(sgnprob[1:i - 1]) = 0.12832088904323669
5888/16384
mean(sgnprob[1:i - 1]) = 0.13402412094445387
6016/16384
mean(sgnprob[1:i - 1]) = 0.14181213632585205
6144/16384
mean(sgnprob[1:i - 1]) = 0.14341526941233926
6272/16384
mean(sgnprob[1:i - 1]) = 0.14814224206665605
6400/16384
mean(sgnprob[1:i - 1]) = 0.15080481325207062
6528/16384
mean(sgnprob[1:i - 1]) = 0.15581430979010266
6656/16384
mean(sgnprob[1:i - 1]) = 0.14440270473328323
6784/16384
mean(sgnprob[1:i - 1]) = 0.133421789768539
6912/16384
mean(sgnprob[1:i - 1]) = 0.13934307625524525
7040/16384
mean(sgnprob[1:i - 1]) = 0.1441966188379031
7168/16384
mean(sgnprob[1:i - 1]) = 0.1324124459327473
7296/16384
mean(sgnprob[1:i - 1]) = 0.12679917751884853
7424/16384
mean(sgnprob[1:i - 1]) = 0.13054021285194664
7552/16384
mean(sgnprob[1:i - 1]) = 0.1333598198914051
7680/16384
mean(sgnprob[1:i - 1]) = 0.1379085818465946
7808/16384
mean(sgnprob[1:i - 1]) = 0.14282054566414756
7936/16384
mean(sgnprob[1:i - 1]) = 0.14580970384373032
8064/16384
mean(sgnprob[1:i - 1]) = 0.14969614287486047
8192/16384
mean(sgnprob[1:i - 1]) = 0.15443779758271273
8320/16384
mean(sgnprob[1:i - 1]) = 0.15855271066233922
8448/16384
mean(sgnprob[1:i - 1]) = 0.1601752101337753
8576/16384
mean(sgnprob[1:i - 1]) = 0.16408163265306122
8704/16384
mean(sgnprob[1:i - 1]) = 0.15500402160174653
8832/16384
mean(sgnprob[1:i - 1]) = 0.14596308458838184
8960/16384
mean(sgnprob[1:i - 1]) = 0.1512445585444804
9088/16384
mean(sgnprob[1:i - 1]) = 0.15571695829206558
9216/16384
mean(sgnprob[1:i - 1]) = 0.14791101465002712
9344/16384
mean(sgnprob[1:i - 1]) = 0.14888151557315638
9472/16384
mean(sgnprob[1:i - 1]) = 0.15130398057227326
9600/16384
mean(sgnprob[1:i - 1]) = 0.15532868007084072
9728/16384
mean(sgnprob[1:i - 1]) = 0.1610979747095713
9856/16384
mean(sgnprob[1:i - 1]) = 0.1545408422120751
9984/16384
mean(sgnprob[1:i - 1]) = 0.14755083642191727
10112/16384
mean(sgnprob[1:i - 1]) = 0.14924339827910196
10240/16384
mean(sgnprob[1:i - 1]) = 0.1421037210665104
10368/16384
mean(sgnprob[1:i - 1]) = 0.14555802064242307
10496/16384
mean(sgnprob[1:i - 1]) = 0.13844687946641257
10624/16384
mean(sgnprob[1:i - 1]) = 0.14110891461922245
10752/16384
mean(sgnprob[1:i - 1]) = 0.1420332992279788
10880/16384
mean(sgnprob[1:i - 1]) = 0.14403897417042008
11008/16384
mean(sgnprob[1:i - 1]) = 0.14781502680112654
11136/16384
mean(sgnprob[1:i - 1]) = 0.15258194881005838
11264/16384
mean(sgnprob[1:i - 1]) = 0.1465861670958004
11392/16384
mean(sgnprob[1:i - 1]) = 0.14932841717145115
11520/16384
mean(sgnprob[1:i - 1]) = 0.1431547877419915
11648/16384
mean(sgnprob[1:i - 1]) = 0.14553103803554562
11776/16384
mean(sgnprob[1:i - 1]) = 0.14853503184713376
11904/16384
mean(sgnprob[1:i - 1]) = 0.15080231874317399
12032/16384
mean(sgnprob[1:i - 1]) = 0.15135898927769928
12160/16384
mean(sgnprob[1:i - 1]) = 0.15338432436878033
12288/16384
mean(sgnprob[1:i - 1]) = 0.15683242451371368
12416/16384
mean(sgnprob[1:i - 1]) = 0.15779299234796618
12544/16384
mean(sgnprob[1:i - 1]) = 0.16064737303675355
12672/16384
mean(sgnprob[1:i - 1]) = 0.16107647383789755
12800/16384
mean(sgnprob[1:i - 1]) = 0.16337213844831627
12928/16384
mean(sgnprob[1:i - 1]) = 0.16747892008973467
13056/16384
mean(sgnprob[1:i - 1]) = 0.1710455764075067
13184/16384
mean(sgnprob[1:i - 1]) = 0.17378441932792232
13312/16384
mean(sgnprob[1:i - 1]) = 0.17556907820599504
13440/16384
mean(sgnprob[1:i - 1]) = 0.16987871121363196
13568/16384
mean(sgnprob[1:i - 1]) = 0.16326380187218986
13696/16384
mean(sgnprob[1:i - 1]) = 0.15648046732384083
13824/16384
mean(sgnprob[1:i - 1]) = 0.15879331548867828
13952/16384
mean(sgnprob[1:i - 1]) = 0.15432585477743532
14080/16384
mean(sgnprob[1:i - 1]) = 0.15761062575467008
14208/16384
mean(sgnprob[1:i - 1]) = 0.16083620750334343
14336/16384
mean(sgnprob[1:i - 1]) = 0.16414370422043947
14464/16384
mean(sgnprob[1:i - 1]) = 0.1589573394178248
14592/16384
mean(sgnprob[1:i - 1]) = 0.15372489891028715
14720/16384
mean(sgnprob[1:i - 1]) = 0.1552415245600924
14848/16384
mean(sgnprob[1:i - 1]) = 0.157001414427157
14976/16384
mean(sgnprob[1:i - 1]) = 0.15819699499165277
15104/16384
mean(sgnprob[1:i - 1]) = 0.15341322915976957
15232/16384
mean(sgnprob[1:i - 1]) = 0.15580066968682293
15360/16384
mean(sgnprob[1:i - 1]) = 0.1515072595872127
15488/16384
mean(sgnprob[1:i - 1]) = 0.1527087234454704
15616/16384
mean(sgnprob[1:i - 1]) = 0.15465898174831894
15744/16384
mean(sgnprob[1:i - 1]) = 0.15695864828812806
15872/16384
mean(sgnprob[1:i - 1]) = 0.15884317308298154
16000/16384
mean(sgnprob[1:i - 1]) = 0.16069754359647478
16128/16384
mean(sgnprob[1:i - 1]) = 0.1632665715880201
16256/16384
mean(sgnprob[1:i - 1]) = 0.16468778837280837
16384/16384
mean(sgnprob[1:i - 1]) = 0.16694134163462127
739.491798 seconds (167.11 M allocations: 70.745 GiB, 1.48% gc time, 1.23% compilation time)
