## SLURM PROLOG ###############################################################
##    Job ID : 8834074
##  Job Name : sbatch_etgent.sh
##  Nodelist : node1733
##      CPUs : 8
##  Mem/Node : 4096 MB
## Directory : /oscar/home/trazzaz/AFQMC
##   Job Started : Fri Feb 28 06:05:41 AM EST 2025
###############################################################################
seed = 1628
U = 2.0
β = 6.0
Warming up
128/1024
256/1024
384/1024
512/1024
640/1024
768/1024
896/1024
1024/1024
Measuring
128/16384
mean(sgnprob[1:i - 1]) = 0.48031496062992124
256/16384
mean(sgnprob[1:i - 1]) = 0.4666666666666667
384/16384
mean(sgnprob[1:i - 1]) = 0.47780678851174935
512/16384
mean(sgnprob[1:i - 1]) = 0.5185909980430529
640/16384
mean(sgnprob[1:i - 1]) = 0.5211267605633803
768/16384
mean(sgnprob[1:i - 1]) = 0.5358539765319427
896/16384
mean(sgnprob[1:i - 1]) = 0.5307262569832403
1024/16384
mean(sgnprob[1:i - 1]) = 0.38807429130009774
1152/16384
mean(sgnprob[1:i - 1]) = 0.3970460469157255
1280/16384
mean(sgnprob[1:i - 1]) = 0.42298670836591085
1408/16384
mean(sgnprob[1:i - 1]) = 0.43425728500355365
1536/16384
mean(sgnprob[1:i - 1]) = 0.45407166123778503
1664/16384
mean(sgnprob[1:i - 1]) = 0.36740829825616356
1792/16384
mean(sgnprob[1:i - 1]) = 0.30429927414852037
1920/16384
mean(sgnprob[1:i - 1]) = 0.25065138092756645
2048/16384
mean(sgnprob[1:i - 1]) = 0.26624328285295557
2176/16384
mean(sgnprob[1:i - 1]) = 0.28735632183908044
2304/16384
mean(sgnprob[1:i - 1]) = 0.2930959617889709
2432/16384
mean(sgnprob[1:i - 1]) = 0.2505141916906623
2560/16384
mean(sgnprob[1:i - 1]) = 0.25595935912465806
2688/16384
mean(sgnprob[1:i - 1]) = 0.21771492370673615
2816/16384
mean(sgnprob[1:i - 1]) = 0.233392539964476
2944/16384
mean(sgnprob[1:i - 1]) = 0.2436289500509684
3072/16384
mean(sgnprob[1:i - 1]) = 0.2556170628459785
3200/16384
mean(sgnprob[1:i - 1]) = 0.2660206314473273
3328/16384
mean(sgnprob[1:i - 1]) = 0.2834385332131049
3456/16384
mean(sgnprob[1:i - 1]) = 0.2914616497829233
3584/16384
mean(sgnprob[1:i - 1]) = 0.2609545073960368
3712/16384
mean(sgnprob[1:i - 1]) = 0.26919967663702504
3840/16384
mean(sgnprob[1:i - 1]) = 0.28002083876009376
3968/16384
mean(sgnprob[1:i - 1]) = 0.28863120746155785
4096/16384
mean(sgnprob[1:i - 1]) = 0.2976800976800977
4224/16384
mean(sgnprob[1:i - 1]) = 0.2697134738337675
4352/16384
mean(sgnprob[1:i - 1]) = 0.24890829694323144
4480/16384
mean(sgnprob[1:i - 1]) = 0.2578700602813128
4608/16384
mean(sgnprob[1:i - 1]) = 0.2650314738441502
4736/16384
mean(sgnprob[1:i - 1]) = 0.2760295670538543
4864/16384
mean(sgnprob[1:i - 1]) = 0.2815134690520255
4992/16384
mean(sgnprob[1:i - 1]) = 0.2899218593468243
5120/16384
mean(sgnprob[1:i - 1]) = 0.2951748388357101
5248/16384
mean(sgnprob[1:i - 1]) = 0.3024585477415666
5376/16384
mean(sgnprob[1:i - 1]) = 0.30865116279069765
5504/16384
mean(sgnprob[1:i - 1]) = 0.31419225876794477
5632/16384
mean(sgnprob[1:i - 1]) = 0.32090214881903745
5760/16384
mean(sgnprob[1:i - 1]) = 0.32523007466574055
5888/16384
mean(sgnprob[1:i - 1]) = 0.3307287243077968
6016/16384
mean(sgnprob[1:i - 1]) = 0.33266832917705735
6144/16384
mean(sgnprob[1:i - 1]) = 0.3364805469640241
6272/16384
mean(sgnprob[1:i - 1]) = 0.3398182108116728
6400/16384
mean(sgnprob[1:i - 1]) = 0.3439599937490233
6528/16384
mean(sgnprob[1:i - 1]) = 0.34579439252336447
6656/16384
mean(sgnprob[1:i - 1]) = 0.3310293012772352
6784/16384
mean(sgnprob[1:i - 1]) = 0.3345127524694088
6912/16384
mean(sgnprob[1:i - 1]) = 0.33931413688322964
7040/16384
mean(sgnprob[1:i - 1]) = 0.3436567694274755
7168/16384
mean(sgnprob[1:i - 1]) = 0.3266359704199805
7296/16384
mean(sgnprob[1:i - 1]) = 0.33159698423577794
7424/16384
mean(sgnprob[1:i - 1]) = 0.33638690556378825
7552/16384
mean(sgnprob[1:i - 1]) = 0.3211495166203152
7680/16384
mean(sgnprob[1:i - 1]) = 0.3277770543039458
7808/16384
mean(sgnprob[1:i - 1]) = 0.32880748046624825
7936/16384
mean(sgnprob[1:i - 1]) = 0.33182104599873974
8064/16384
mean(sgnprob[1:i - 1]) = 0.3357311174500806
8192/16384
mean(sgnprob[1:i - 1]) = 0.33878647295812475
8320/16384
mean(sgnprob[1:i - 1]) = 0.340305325159274
8448/16384
mean(sgnprob[1:i - 1]) = 0.3450929324020362
8576/16384
mean(sgnprob[1:i - 1]) = 0.3474052478134111
8704/16384
mean(sgnprob[1:i - 1]) = 0.33264391589107206
8832/16384
mean(sgnprob[1:i - 1]) = 0.3217076208809874
8960/16384
mean(sgnprob[1:i - 1]) = 0.32604085277374706
9088/16384
mean(sgnprob[1:i - 1]) = 0.33003191372290086
9216/16384
mean(sgnprob[1:i - 1]) = 0.3328269126424308
9344/16384
mean(sgnprob[1:i - 1]) = 0.33597345606336293
9472/16384
mean(sgnprob[1:i - 1]) = 0.33650089747650724
9600/16384
mean(sgnprob[1:i - 1]) = 0.32638816543389937
9728/16384
mean(sgnprob[1:i - 1]) = 0.31592474555361366
9856/16384
mean(sgnprob[1:i - 1]) = 0.31831557584982245
9984/16384
mean(sgnprob[1:i - 1]) = 0.32104577782229793
10112/16384
mean(sgnprob[1:i - 1]) = 0.3241024626644249
10240/16384
mean(sgnprob[1:i - 1]) = 0.3268873913468112
10368/16384
mean(sgnprob[1:i - 1]) = 0.3294106298832835
10496/16384
mean(sgnprob[1:i - 1]) = 0.33168175321581705
10624/16384
mean(sgnprob[1:i - 1]) = 0.3212840064012049
10752/16384
mean(sgnprob[1:i - 1]) = 0.3247139800948749
10880/16384
mean(sgnprob[1:i - 1]) = 0.32659251769464104
11008/16384
mean(sgnprob[1:i - 1]) = 0.3287907695103116
11136/16384
mean(sgnprob[1:i - 1]) = 0.33129770992366414
11264/16384
mean(sgnprob[1:i - 1]) = 0.3344579596910237
11392/16384
mean(sgnprob[1:i - 1]) = 0.33737160916513037
11520/16384
mean(sgnprob[1:i - 1]) = 0.33883149578956506
11648/16384
mean(sgnprob[1:i - 1]) = 0.33974414012191984
11776/16384
mean(sgnprob[1:i - 1]) = 0.34284501061571127
11904/16384
mean(sgnprob[1:i - 1]) = 0.3440309165756532
12032/16384
mean(sgnprob[1:i - 1]) = 0.3460227744992104
12160/16384
mean(sgnprob[1:i - 1]) = 0.3499465416563862
12288/16384
mean(sgnprob[1:i - 1]) = 0.3511841783999349
12416/16384
mean(sgnprob[1:i - 1]) = 0.353040676600886
12544/16384
mean(sgnprob[1:i - 1]) = 0.35454038108905367
12672/16384
mean(sgnprob[1:i - 1]) = 0.3577460342514403
12800/16384
mean(sgnprob[1:i - 1]) = 0.3612000937573248
12928/16384
mean(sgnprob[1:i - 1]) = 0.3628838864392357
13056/16384
mean(sgnprob[1:i - 1]) = 0.36468785905783224
13184/16384
mean(sgnprob[1:i - 1]) = 0.36676022149738297
13312/16384
mean(sgnprob[1:i - 1]) = 0.36924348283374653
13440/16384
mean(sgnprob[1:i - 1]) = 0.37034005506362083
13568/16384
mean(sgnprob[1:i - 1]) = 0.3718581853025724
13696/16384
mean(sgnprob[1:i - 1]) = 0.374662285505659
13824/16384
mean(sgnprob[1:i - 1]) = 0.3765463358171164
13952/16384
mean(sgnprob[1:i - 1]) = 0.37925596731417105
14080/16384
mean(sgnprob[1:i - 1]) = 0.37126216350593083
14208/16384
mean(sgnprob[1:i - 1]) = 0.3728443724924333
14336/16384
mean(sgnprob[1:i - 1]) = 0.3745378444366934
14464/16384
mean(sgnprob[1:i - 1]) = 0.3767544769411602
14592/16384
mean(sgnprob[1:i - 1]) = 0.3783839353025838
14720/16384
mean(sgnprob[1:i - 1]) = 0.36952238603165977
14848/16384
mean(sgnprob[1:i - 1]) = 0.36121775442850407
14976/16384
mean(sgnprob[1:i - 1]) = 0.3539899833055092
15104/16384
mean(sgnprob[1:i - 1]) = 0.35615440640932267
15232/16384
mean(sgnprob[1:i - 1]) = 0.35670671656490055
15360/16384
mean(sgnprob[1:i - 1]) = 0.34826486099355425
15488/16384
mean(sgnprob[1:i - 1]) = 0.34022083037386197
15616/16384
mean(sgnprob[1:i - 1]) = 0.34204290746077487
15744/16384
mean(sgnprob[1:i - 1]) = 0.3440894365749857
15872/16384
mean(sgnprob[1:i - 1]) = 0.34585092306722953
16000/16384
mean(sgnprob[1:i - 1]) = 0.34833427089193075
16128/16384
mean(sgnprob[1:i - 1]) = 0.34991008867117257
16256/16384
mean(sgnprob[1:i - 1]) = 0.35281451860965857
16384/16384
mean(sgnprob[1:i - 1]) = 0.3452969541597998
736.570566 seconds (167.11 M allocations: 70.745 GiB, 1.51% gc time, 1.25% compilation time)
