## SLURM PROLOG ###############################################################
##    Job ID : 5341799
##  Job Name : etgent_N2_U-3
##  Nodelist : node1712
##      CPUs : 8
##  Mem/Node : 2048 MB
## Directory : /oscar/home/trazzaz/AFQMC
##   Job Started : Wed Oct 23 11:24:59 AM EDT 2024
###############################################################################
U = -3.0
seed = 1234
λₖ = 0.0
Warming up
128/512
256/512
384/512
512/512
Measuring
128/1024
256/1024
384/1024
512/1024
640/1024
768/1024
896/1024
1024/1024
 35.733743 seconds (35.02 M allocations: 36.367 GiB, 5.69% gc time, 19.11% compilation time)
λₖ = 0.2
Warming up
128/512
256/512
384/512
512/512
Measuring
128/1024
256/1024
384/1024
512/1024
640/1024
768/1024
896/1024
1024/1024
 29.884741 seconds (33.17 M allocations: 36.268 GiB, 7.77% gc time, 0.22% compilation time)
λₖ = 0.4
Warming up
128/512
256/512
384/512
512/512
Measuring
128/1024
256/1024
384/1024
512/1024
640/1024
768/1024
896/1024
1024/1024
 30.102913 seconds (33.17 M allocations: 36.268 GiB, 8.52% gc time)
λₖ = 0.6
Warming up
128/512
256/512
384/512
512/512
Measuring
128/1024
256/1024
384/1024
512/1024
640/1024
768/1024
896/1024
1024/1024
 30.001427 seconds (33.17 M allocations: 36.268 GiB, 8.49% gc time)
λₖ = 0.8
Warming up
128/512
256/512
384/512
512/512
Measuring
128/1024
256/1024
384/1024
512/1024
640/1024
768/1024
896/1024
1024/1024
 30.043376 seconds (33.17 M allocations: 36.268 GiB, 8.53% gc time)
