## SLURM PROLOG ###############################################################
##    Job ID : 8833845
##  Job Name : sbatch_etgent.sh
##  Nodelist : node1734
##      CPUs : 8
##  Mem/Node : 4096 MB
## Directory : /oscar/home/trazzaz/AFQMC
##   Job Started : Thu Feb 27 11:56:02 PM EST 2025
###############################################################################
seed = 1399
U = 2.0
β = 6.0
Warming up
128/1024
256/1024
384/1024
512/1024
640/1024
768/1024
896/1024
1024/1024
Measuring
128/16384
mean(sgnprob[1:i - 1]) = -0.30708661417322836
256/16384
mean(sgnprob[1:i - 1]) = -0.07450980392156863
384/16384
mean(sgnprob[1:i - 1]) = 0.018276762402088774
512/16384
mean(sgnprob[1:i - 1]) = 0.0958904109589041
640/16384
mean(sgnprob[1:i - 1]) = 0.1267605633802817
768/16384
mean(sgnprob[1:i - 1]) = 0.06649282920469361
896/16384
mean(sgnprob[1:i - 1]) = 0.10837988826815642
1024/16384
mean(sgnprob[1:i - 1]) = 0.07135874877810362
1152/16384
mean(sgnprob[1:i - 1]) = 0.0947002606429192
1280/16384
mean(sgnprob[1:i - 1]) = 0.1164972634870993
1408/16384
mean(sgnprob[1:i - 1]) = 0.1457000710732054
1536/16384
mean(sgnprob[1:i - 1]) = 0.11400651465798045
1664/16384
mean(sgnprob[1:i - 1]) = 0.11605532170775706
1792/16384
mean(sgnprob[1:i - 1]) = 0.0876605248464545
1920/16384
mean(sgnprob[1:i - 1]) = 0.10057321521625846
2048/16384
mean(sgnprob[1:i - 1]) = 0.08158280410356619
2176/16384
mean(sgnprob[1:i - 1]) = 0.09333333333333334
2304/16384
mean(sgnprob[1:i - 1]) = 0.06643508467216674
2432/16384
mean(sgnprob[1:i - 1]) = 0.07692307692307693
2560/16384
mean(sgnprob[1:i - 1]) = 0.05744431418522861
2688/16384
mean(sgnprob[1:i - 1]) = 0.06959434313360625
2816/16384
mean(sgnprob[1:i - 1]) = 0.07779751332149201
2944/16384
mean(sgnprob[1:i - 1]) = 0.07373428474345906
3072/16384
mean(sgnprob[1:i - 1]) = 0.08173233474438293
3200/16384
mean(sgnprob[1:i - 1]) = 0.08846514535792435
3328/16384
mean(sgnprob[1:i - 1]) = 0.07183648932972649
3456/16384
mean(sgnprob[1:i - 1]) = 0.0784370477568741
3584/16384
mean(sgnprob[1:i - 1]) = 0.06614568797097405
3712/16384
mean(sgnprob[1:i - 1]) = 0.07033144704931285
3840/16384
mean(sgnprob[1:i - 1]) = 0.07996874185985933
3968/16384
mean(sgnprob[1:i - 1]) = 0.08696748172422486
4096/16384
mean(sgnprob[1:i - 1]) = 0.09499389499389499
4224/16384
mean(sgnprob[1:i - 1]) = 0.10253374378403979
4352/16384
mean(sgnprob[1:i - 1]) = 0.10779131234199035
4480/16384
mean(sgnprob[1:i - 1]) = 0.11096226836347399
4608/16384
mean(sgnprob[1:i - 1]) = 0.11873236379422618
4736/16384
mean(sgnprob[1:i - 1]) = 0.12101372756071806
4864/16384
mean(sgnprob[1:i - 1]) = 0.12276372609500308
4992/16384
mean(sgnprob[1:i - 1]) = 0.12442396313364056
5120/16384
mean(sgnprob[1:i - 1]) = 0.12561047079507717
5248/16384
mean(sgnprob[1:i - 1]) = 0.12902611015818563
5376/16384
mean(sgnprob[1:i - 1]) = 0.13265116279069766
5504/16384
mean(sgnprob[1:i - 1]) = 0.1244775576958023
5632/16384
mean(sgnprob[1:i - 1]) = 0.12839637719765584
5760/16384
mean(sgnprob[1:i - 1]) = 0.12033339121375239
5888/16384
mean(sgnprob[1:i - 1]) = 0.1238321725836589
6016/16384
mean(sgnprob[1:i - 1]) = 0.12452202826267664
6144/16384
mean(sgnprob[1:i - 1]) = 0.1261598567475175
6272/16384
mean(sgnprob[1:i - 1]) = 0.11784404401211927
6400/16384
mean(sgnprob[1:i - 1]) = 0.11236130645413346
6528/16384
mean(sgnprob[1:i - 1]) = 0.11659261529033246
6656/16384
mean(sgnprob[1:i - 1]) = 0.10803906836964688
6784/16384
mean(sgnprob[1:i - 1]) = 0.1021671826625387
6912/16384
mean(sgnprob[1:i - 1]) = 0.09622341195196064
7040/16384
mean(sgnprob[1:i - 1]) = 0.09901974712317091
7168/16384
mean(sgnprob[1:i - 1]) = 0.10032091530626483
7296/16384
mean(sgnprob[1:i - 1]) = 0.09335161069225496
7424/16384
mean(sgnprob[1:i - 1]) = 0.08877812205307826
7552/16384
mean(sgnprob[1:i - 1]) = 0.08409482187789696
7680/16384
mean(sgnprob[1:i - 1]) = 0.08451621304857403
7808/16384
mean(sgnprob[1:i - 1]) = 0.08774177020622519
7936/16384
mean(sgnprob[1:i - 1]) = 0.09086326402016383
8064/16384
mean(sgnprob[1:i - 1]) = 0.08669229815205258
8192/16384
mean(sgnprob[1:i - 1]) = 0.07996581613966548
8320/16384
mean(sgnprob[1:i - 1]) = 0.07248467363865849
8448/16384
mean(sgnprob[1:i - 1]) = 0.06807150467621641
8576/16384
mean(sgnprob[1:i - 1]) = 0.06985422740524781
8704/16384
mean(sgnprob[1:i - 1]) = 0.06469033666551764
8832/16384
mean(sgnprob[1:i - 1]) = 0.06760276299399841
8960/16384
mean(sgnprob[1:i - 1]) = 0.07177140305837705
9088/16384
mean(sgnprob[1:i - 1]) = 0.07472213051612193
9216/16384
mean(sgnprob[1:i - 1]) = 0.06934346174715138
9344/16384
mean(sgnprob[1:i - 1]) = 0.07224660173391845
9472/16384
mean(sgnprob[1:i - 1]) = 0.07549361207897794
9600/16384
mean(sgnprob[1:i - 1]) = 0.0786540264610897
9728/16384
mean(sgnprob[1:i - 1]) = 0.07494602652410816
9856/16384
mean(sgnprob[1:i - 1]) = 0.07742262810755962
9984/16384
mean(sgnprob[1:i - 1]) = 0.07923469898828008
10112/16384
mean(sgnprob[1:i - 1]) = 0.08238552072000792
10240/16384
mean(sgnprob[1:i - 1]) = 0.08487156948920793
10368/16384
mean(sgnprob[1:i - 1]) = 0.08652454904986978
10496/16384
mean(sgnprob[1:i - 1]) = 0.08794664125774178
10624/16384
mean(sgnprob[1:i - 1]) = 0.08443942389155605
10752/16384
mean(sgnprob[1:i - 1]) = 0.07915542740210213
10880/16384
mean(sgnprob[1:i - 1]) = 0.07565033550877838
11008/16384
mean(sgnprob[1:i - 1]) = 0.0713182520214409
11136/16384
mean(sgnprob[1:i - 1]) = 0.07211495285136955
11264/16384
mean(sgnprob[1:i - 1]) = 0.07555713397851371
11392/16384
mean(sgnprob[1:i - 1]) = 0.07154771310683873
11520/16384
mean(sgnprob[1:i - 1]) = 0.06901640767427727
11648/16384
mean(sgnprob[1:i - 1]) = 0.07134884519618787
11776/16384
mean(sgnprob[1:i - 1]) = 0.07278131634819533
11904/16384
mean(sgnprob[1:i - 1]) = 0.07502310341930606
12032/16384
mean(sgnprob[1:i - 1]) = 0.07771590059014213
12160/16384
mean(sgnprob[1:i - 1]) = 0.07475943745373798
12288/16384
mean(sgnprob[1:i - 1]) = 0.07186457231219989
12416/16384
mean(sgnprob[1:i - 1]) = 0.07305678614579138
12544/16384
mean(sgnprob[1:i - 1]) = 0.06912221956469744
12672/16384
mean(sgnprob[1:i - 1]) = 0.07142293425933233
12800/16384
mean(sgnprob[1:i - 1]) = 0.07195874677709196
12928/16384
mean(sgnprob[1:i - 1]) = 0.0675330703179392
13056/16384
mean(sgnprob[1:i - 1]) = 0.06441976254308694
13184/16384
mean(sgnprob[1:i - 1]) = 0.060153227641659715
13312/16384
mean(sgnprob[1:i - 1]) = 0.05672000601006686
13440/16384
mean(sgnprob[1:i - 1]) = 0.05945382840985192
13568/16384
mean(sgnprob[1:i - 1]) = 0.056681654013414906
13696/16384
mean(sgnprob[1:i - 1]) = 0.0579043446513326
13824/16384
mean(sgnprob[1:i - 1]) = 0.059538450408739056
13952/16384
mean(sgnprob[1:i - 1]) = 0.061142570425059134
14080/16384
mean(sgnprob[1:i - 1]) = 0.06285957809503516
14208/16384
mean(sgnprob[1:i - 1]) = 0.06370099246850144
14336/16384
mean(sgnprob[1:i - 1]) = 0.06062085803976282
14464/16384
mean(sgnprob[1:i - 1]) = 0.06271174721703658
14592/16384
mean(sgnprob[1:i - 1]) = 0.06394352683160853
14720/16384
mean(sgnprob[1:i - 1]) = 0.06610503430939602
14848/16384
mean(sgnprob[1:i - 1]) = 0.06688219842392402
14976/16384
mean(sgnprob[1:i - 1]) = 0.06604340567612688
15104/16384
mean(sgnprob[1:i - 1]) = 0.0681321591736741
15232/16384
mean(sgnprob[1:i - 1]) = 0.07057973869082791
15360/16384
mean(sgnprob[1:i - 1]) = 0.06764763330946025
15488/16384
mean(sgnprob[1:i - 1]) = 0.06837993155549817
15616/16384
mean(sgnprob[1:i - 1]) = 0.06525776496958054
15744/16384
mean(sgnprob[1:i - 1]) = 0.06294861208156007
15872/16384
mean(sgnprob[1:i - 1]) = 0.06420515405456494
16000/16384
mean(sgnprob[1:i - 1]) = 0.06581661353834614
16128/16384
mean(sgnprob[1:i - 1]) = 0.06839461772183295
16256/16384
mean(sgnprob[1:i - 1]) = 0.06539526299600124
16384/16384
mean(sgnprob[1:i - 1]) = 0.06757004211682842
740.078077 seconds (167.11 M allocations: 70.745 GiB, 1.49% gc time, 1.24% compilation time)
