## SLURM PROLOG ###############################################################
##    Job ID : 8822315
##  Job Name : sbatch_etgent.sh
##  Nodelist : node1717
##      CPUs : 8
##  Mem/Node : 4096 MB
## Directory : /oscar/home/trazzaz/AFQMC
##   Job Started : Thu Feb 27 07:31:17 PM EST 2025
###############################################################################
seed = 1310
U = 2.0
β = 6.0
Warming up
128/1024
256/1024
384/1024
512/1024
640/1024
768/1024
896/1024
1024/1024
Measuring
128/16384
mean(sgnprob[1:i - 1]) = -0.48031496062992124
256/16384
mean(sgnprob[1:i - 1]) = -0.4588235294117647
384/16384
mean(sgnprob[1:i - 1]) = -0.16449086161879894
512/16384
mean(sgnprob[1:i - 1]) = 0.005870841487279843
640/16384
mean(sgnprob[1:i - 1]) = 0.0892018779342723
768/16384
mean(sgnprob[1:i - 1]) = 0.16558018252933507
896/16384
mean(sgnprob[1:i - 1]) = 0.22905027932960895
1024/16384
mean(sgnprob[1:i - 1]) = 0.2375366568914956
1152/16384
mean(sgnprob[1:i - 1]) = 0.2701998262380539
1280/16384
mean(sgnprob[1:i - 1]) = 0.30101641907740423
1408/16384
mean(sgnprob[1:i - 1]) = 0.21961620469083157
1536/16384
mean(sgnprob[1:i - 1]) = 0.24169381107491858
1664/16384
mean(sgnprob[1:i - 1]) = 0.19182200841852073
1792/16384
mean(sgnprob[1:i - 1]) = 0.2004466778336125
1920/16384
mean(sgnprob[1:i - 1]) = 0.21938509640437728
2048/16384
mean(sgnprob[1:i - 1]) = 0.24572545188080117
2176/16384
mean(sgnprob[1:i - 1]) = 0.2671264367816092
2304/16384
mean(sgnprob[1:i - 1]) = 0.22535822839774208
2432/16384
mean(sgnprob[1:i - 1]) = 0.1830522418757713
2560/16384
mean(sgnprob[1:i - 1]) = 0.1981242672919109
2688/16384
mean(sgnprob[1:i - 1]) = 0.16933382954968365
2816/16384
mean(sgnprob[1:i - 1]) = 0.13676731793960922
2944/16384
mean(sgnprob[1:i - 1]) = 0.14984709480122324
3072/16384
mean(sgnprob[1:i - 1]) = 0.16444154998371865
3200/16384
mean(sgnprob[1:i - 1]) = 0.17224132541419193
3328/16384
mean(sgnprob[1:i - 1]) = 0.14577697625488428
3456/16384
mean(sgnprob[1:i - 1]) = 0.15600578871201157
3584/16384
mean(sgnprob[1:i - 1]) = 0.13257047167178343
3712/16384
mean(sgnprob[1:i - 1]) = 0.14093236324440853
3840/16384
mean(sgnprob[1:i - 1]) = 0.15029955717634802
3968/16384
mean(sgnprob[1:i - 1]) = 0.16007058230400806
4096/16384
mean(sgnprob[1:i - 1]) = 0.1702075702075702
4224/16384
mean(sgnprob[1:i - 1]) = 0.18067724366564053
4352/16384
mean(sgnprob[1:i - 1]) = 0.18915191909905768
4480/16384
mean(sgnprob[1:i - 1]) = 0.19803527573119
4608/16384
mean(sgnprob[1:i - 1]) = 0.20121554156718038
4736/16384
mean(sgnprob[1:i - 1]) = 0.21351636747624075
4864/16384
mean(sgnprob[1:i - 1]) = 0.19802590993214064
4992/16384
mean(sgnprob[1:i - 1]) = 0.20296533760769384
5120/16384
mean(sgnprob[1:i - 1]) = 0.1857784723578824
5248/16384
mean(sgnprob[1:i - 1]) = 0.19306270249666477
5376/16384
mean(sgnprob[1:i - 1]) = 0.20037209302325582
5504/16384
mean(sgnprob[1:i - 1]) = 0.20625113574413956
5632/16384
mean(sgnprob[1:i - 1]) = 0.1930385366719943
5760/16384
mean(sgnprob[1:i - 1]) = 0.20055565202292064
5888/16384
mean(sgnprob[1:i - 1]) = 0.18464413113640224
6016/16384
mean(sgnprob[1:i - 1]) = 0.171404821280133
6144/16384
mean(sgnprob[1:i - 1]) = 0.15871723913397362
6272/16384
mean(sgnprob[1:i - 1]) = 0.1640886620953596
6400/16384
mean(sgnprob[1:i - 1]) = 0.1492420690732927
6528/16384
mean(sgnprob[1:i - 1]) = 0.1582656656963383
6656/16384
mean(sgnprob[1:i - 1]) = 0.14380165289256197
6784/16384
mean(sgnprob[1:i - 1]) = 0.15111307680967123
6912/16384
mean(sgnprob[1:i - 1]) = 0.15757488062509042
7040/16384
mean(sgnprob[1:i - 1]) = 0.1615286262253161
7168/16384
mean(sgnprob[1:i - 1]) = 0.14943491000418585
7296/16384
mean(sgnprob[1:i - 1]) = 0.13721727210418094
7424/16384
mean(sgnprob[1:i - 1]) = 0.12542098881853697
7552/16384
mean(sgnprob[1:i - 1]) = 0.11587869156403126
7680/16384
mean(sgnprob[1:i - 1]) = 0.12358379997395494
7808/16384
mean(sgnprob[1:i - 1]) = 0.12924298706289228
7936/16384
mean(sgnprob[1:i - 1]) = 0.13749212350346565
8064/16384
mean(sgnprob[1:i - 1]) = 0.14423911695398736
8192/16384
mean(sgnprob[1:i - 1]) = 0.1490660481015749
8320/16384
mean(sgnprob[1:i - 1]) = 0.14028128380815003
8448/16384
mean(sgnprob[1:i - 1]) = 0.12868474014443
8576/16384
mean(sgnprob[1:i - 1]) = 0.1342274052478134
8704/16384
mean(sgnprob[1:i - 1]) = 0.12329081925772722
8832/16384
mean(sgnprob[1:i - 1]) = 0.12897746574566868
8960/16384
mean(sgnprob[1:i - 1]) = 0.13539457528742047
9088/16384
mean(sgnprob[1:i - 1]) = 0.13788929239573017
9216/16384
mean(sgnprob[1:i - 1]) = 0.14248507867607163
9344/16384
mean(sgnprob[1:i - 1]) = 0.15016589960398158
9472/16384
mean(sgnprob[1:i - 1]) = 0.1553162284869602
9600/16384
mean(sgnprob[1:i - 1]) = 0.1607459110323992
9728/16384
mean(sgnprob[1:i - 1]) = 0.16500462629793358
9856/16384
mean(sgnprob[1:i - 1]) = 0.16874682902080163
9984/16384
mean(sgnprob[1:i - 1]) = 0.17319443053190423
10112/16384
mean(sgnprob[1:i - 1]) = 0.17713381465730393
10240/16384
mean(sgnprob[1:i - 1]) = 0.1796073835335482
10368/16384
mean(sgnprob[1:i - 1]) = 0.184141989003569
10496/16384
mean(sgnprob[1:i - 1]) = 0.1763696998570748
10624/16384
mean(sgnprob[1:i - 1]) = 0.16784335874988232
10752/16384
mean(sgnprob[1:i - 1]) = 0.17291414752116083
10880/16384
mean(sgnprob[1:i - 1]) = 0.1644452615130067
11008/16384
mean(sgnprob[1:i - 1]) = 0.16816571272826383
11136/16384
mean(sgnprob[1:i - 1]) = 0.17018410417602156
11264/16384
mean(sgnprob[1:i - 1]) = 0.17162390126964397
11392/16384
mean(sgnprob[1:i - 1]) = 0.1754894214730928
11520/16384
mean(sgnprob[1:i - 1]) = 0.16937234134907544
11648/16384
mean(sgnprob[1:i - 1]) = 0.17214733407744484
11776/16384
mean(sgnprob[1:i - 1]) = 0.17452229299363056
11904/16384
mean(sgnprob[1:i - 1]) = 0.1681088801142569
12032/16384
mean(sgnprob[1:i - 1]) = 0.16066827362646496
12160/16384
mean(sgnprob[1:i - 1]) = 0.153219837157661
12288/16384
mean(sgnprob[1:i - 1]) = 0.15569300887116463
12416/16384
mean(sgnprob[1:i - 1]) = 0.1598872331856625
12544/16384
mean(sgnprob[1:i - 1]) = 0.16335804831380052
12672/16384
mean(sgnprob[1:i - 1]) = 0.16581169599873727
12800/16384
mean(sgnprob[1:i - 1]) = 0.1593093210407063
12928/16384
mean(sgnprob[1:i - 1]) = 0.16330161677109925
13056/16384
mean(sgnprob[1:i - 1]) = 0.1567981616238989
13184/16384
mean(sgnprob[1:i - 1]) = 0.1601304710612152
13312/16384
mean(sgnprob[1:i - 1]) = 0.16354894448200735
13440/16384
mean(sgnprob[1:i - 1]) = 0.1671999404717613
13568/16384
mean(sgnprob[1:i - 1]) = 0.16075772094051743
13696/16384
mean(sgnprob[1:i - 1]) = 0.16349032493610807
13824/16384
mean(sgnprob[1:i - 1]) = 0.16631700788540837
13952/16384
mean(sgnprob[1:i - 1]) = 0.16092036413160346
14080/16384
mean(sgnprob[1:i - 1]) = 0.16400312522196178
14208/16384
mean(sgnprob[1:i - 1]) = 0.16674878580981206
14336/16384
mean(sgnprob[1:i - 1]) = 0.16902685734216952
14464/16384
mean(sgnprob[1:i - 1]) = 0.16365899191039204
14592/16384
mean(sgnprob[1:i - 1]) = 0.15797409361935438
14720/16384
mean(sgnprob[1:i - 1]) = 0.15347510021061214
14848/16384
mean(sgnprob[1:i - 1]) = 0.14838014413686268
14976/16384
mean(sgnprob[1:i - 1]) = 0.15165275459098498
15104/16384
mean(sgnprob[1:i - 1]) = 0.15354565318148714
15232/16384
mean(sgnprob[1:i - 1]) = 0.15645722539557483
15360/16384
mean(sgnprob[1:i - 1]) = 0.14981444104433883
15488/16384
mean(sgnprob[1:i - 1]) = 0.15232130173694067
15616/16384
mean(sgnprob[1:i - 1]) = 0.15606788344540506
15744/16384
mean(sgnprob[1:i - 1]) = 0.15899129771962142
15872/16384
mean(sgnprob[1:i - 1]) = 0.16199357318379434
16000/16384
mean(sgnprob[1:i - 1]) = 0.15582223888993063
16128/16384
mean(sgnprob[1:i - 1]) = 0.15768586841942084
16256/16384
mean(sgnprob[1:i - 1]) = 0.16062749923100583
16384/16384
mean(sgnprob[1:i - 1]) = 0.16181407556613564
726.653803 seconds (167.11 M allocations: 70.745 GiB, 1.31% gc time, 1.22% compilation time)
