## SLURM PROLOG ###############################################################
##    Job ID : 5960424
##  Job Name : etgent_N(1,2)_seed1250
##  Nodelist : node1738
##      CPUs : 8
##  Mem/Node : 2048 MB
## Directory : /oscar/home/trazzaz/AFQMC
##   Job Started : Tue Nov 12 01:02:16 AM EST 2024
###############################################################################
U = 2.0
seed = 1250
λₖ = 0.0
Warming up
128/512
256/512
384/512
512/512
Measuring
128/1024
256/1024
384/1024
512/1024
640/1024
768/1024
896/1024
1024/1024
118.020948 seconds (80.56 M allocations: 13.061 GiB, 3.02% gc time, 11.05% compilation time)
λₖ = 0.2
Warming up
128/512
256/512
384/512
512/512
Measuring
128/1024
256/1024
384/1024
512/1024
640/1024
768/1024
896/1024
1024/1024
103.254072 seconds (76.83 M allocations: 12.896 GiB, 3.33% gc time, 0.11% compilation time)
λₖ = 0.4
Warming up
128/512
256/512
384/512
512/512
Measuring
128/1024
256/1024
384/1024
512/1024
640/1024
768/1024
896/1024
1024/1024
104.357399 seconds (76.82 M allocations: 12.896 GiB, 3.32% gc time)
λₖ = 0.6
Warming up
128/512
256/512
384/512
512/512
Measuring
128/1024
256/1024
384/1024
512/1024
640/1024
768/1024
896/1024
1024/1024
103.202920 seconds (76.82 M allocations: 12.896 GiB, 3.36% gc time)
λₖ = 0.8
Warming up
128/512
256/512
384/512
512/512
Measuring
128/1024
256/1024
384/1024
512/1024
640/1024
768/1024
896/1024
1024/1024
106.771897 seconds (76.82 M allocations: 12.896 GiB, 3.26% gc time)
