## SLURM PROLOG ###############################################################
##    Job ID : 8822305
##  Job Name : sbatch_etgent.sh
##  Nodelist : node1327
##      CPUs : 8
##  Mem/Node : 4096 MB
## Directory : /oscar/home/trazzaz/AFQMC
##   Job Started : Thu Feb 27 07:17:36 PM EST 2025
###############################################################################
seed = 1300
U = 2.0
β = 6.0
Warming up
128/1024
256/1024
384/1024
512/1024
640/1024
768/1024
896/1024
1024/1024
Measuring
128/16384
mean(sgnprob[1:i - 1]) = -0.5118110236220472
256/16384
mean(sgnprob[1:i - 1]) = 0.050980392156862744
384/16384
mean(sgnprob[1:i - 1]) = -0.15404699738903394
512/16384
mean(sgnprob[1:i - 1]) = 0.0019569471624266144
640/16384
mean(sgnprob[1:i - 1]) = 0.1267605633802817
768/16384
mean(sgnprob[1:i - 1]) = 0.027379400260756193
896/16384
mean(sgnprob[1:i - 1]) = 0.09720670391061452
1024/16384
mean(sgnprob[1:i - 1]) = 0.15542521994134897
1152/16384
mean(sgnprob[1:i - 1]) = 0.19548218940052128
1280/16384
mean(sgnprob[1:i - 1]) = 0.23221266614542613
1408/16384
mean(sgnprob[1:i - 1]) = 0.15565031982942432
1536/16384
mean(sgnprob[1:i - 1]) = 0.10097719869706841
1664/16384
mean(sgnprob[1:i - 1]) = 0.13289236319903788
1792/16384
mean(sgnprob[1:i - 1]) = 0.16136236739251814
1920/16384
mean(sgnprob[1:i - 1]) = 0.18603439291297552
2048/16384
mean(sgnprob[1:i - 1]) = 0.20371275036638983
2176/16384
mean(sgnprob[1:i - 1]) = 0.22114942528735632
2304/16384
mean(sgnprob[1:i - 1]) = 0.2409900130264872
2432/16384
mean(sgnprob[1:i - 1]) = 0.2011517893870835
2560/16384
mean(sgnprob[1:i - 1]) = 0.2246971473231731
2688/16384
mean(sgnprob[1:i - 1]) = 0.23706736136955714
2816/16384
mean(sgnprob[1:i - 1]) = 0.24760213143872115
2944/16384
mean(sgnprob[1:i - 1]) = 0.20965001698946653
3072/16384
mean(sgnprob[1:i - 1]) = 0.22435688700748943
3200/16384
mean(sgnprob[1:i - 1]) = 0.2347608627696155
3328/16384
mean(sgnprob[1:i - 1]) = 0.24556657649534114
3456/16384
mean(sgnprob[1:i - 1]) = 0.2567293777134588
3584/16384
mean(sgnprob[1:i - 1]) = 0.2648618476137315
3712/16384
mean(sgnprob[1:i - 1]) = 0.23901913230935057
3840/16384
mean(sgnprob[1:i - 1]) = 0.21333680646001563
3968/16384
mean(sgnprob[1:i - 1]) = 0.22762793042601462
4096/16384
mean(sgnprob[1:i - 1]) = 0.24004884004884006
4224/16384
mean(sgnprob[1:i - 1]) = 0.24745441629173573
4352/16384
mean(sgnprob[1:i - 1]) = 0.22362675247069638
4480/16384
mean(sgnprob[1:i - 1]) = 0.2342040634070105
4608/16384
mean(sgnprob[1:i - 1]) = 0.24289125244193618
4736/16384
mean(sgnprob[1:i - 1]) = 0.25237592397043296
4864/16384
mean(sgnprob[1:i - 1]) = 0.23339502364795395
4992/16384
mean(sgnprob[1:i - 1]) = 0.23903025445802445
5120/16384
mean(sgnprob[1:i - 1]) = 0.24321156475874195
5248/16384
mean(sgnprob[1:i - 1]) = 0.249094720792834
5376/16384
mean(sgnprob[1:i - 1]) = 0.2535813953488372
5504/16384
mean(sgnprob[1:i - 1]) = 0.26076685444303105
5632/16384
mean(sgnprob[1:i - 1]) = 0.24063221452672703
5760/16384
mean(sgnprob[1:i - 1]) = 0.24570237888522312
5888/16384
mean(sgnprob[1:i - 1]) = 0.2512315270935961
6016/16384
mean(sgnprob[1:i - 1]) = 0.258187863674148
6144/16384
mean(sgnprob[1:i - 1]) = 0.2414129903955722
6272/16384
mean(sgnprob[1:i - 1]) = 0.2447775474405996
6400/16384
mean(sgnprob[1:i - 1]) = 0.251132989529614
6528/16384
mean(sgnprob[1:i - 1]) = 0.23487053776620193
6656/16384
mean(sgnprob[1:i - 1]) = 0.21983471074380165
6784/16384
mean(sgnprob[1:i - 1]) = 0.2260061919504644
6912/16384
mean(sgnprob[1:i - 1]) = 0.23050209810447114
7040/16384
mean(sgnprob[1:i - 1]) = 0.21778661741724678
7168/16384
mean(sgnprob[1:i - 1]) = 0.2258964699316311
7296/16384
mean(sgnprob[1:i - 1]) = 0.23454420836189172
7424/16384
mean(sgnprob[1:i - 1]) = 0.2393910817728681
7552/16384
mean(sgnprob[1:i - 1]) = 0.24619255727718184
7680/16384
mean(sgnprob[1:i - 1]) = 0.25172548508920434
7808/16384
mean(sgnprob[1:i - 1]) = 0.25810170359933393
7936/16384
mean(sgnprob[1:i - 1]) = 0.26149968494013864
8064/16384
mean(sgnprob[1:i - 1]) = 0.264541733845963
8192/16384
mean(sgnprob[1:i - 1]) = 0.2682212184104505
8320/16384
mean(sgnprob[1:i - 1]) = 0.25640100973674723
8448/16384
mean(sgnprob[1:i - 1]) = 0.2600923404759086
8576/16384
mean(sgnprob[1:i - 1]) = 0.2646064139941691
8704/16384
mean(sgnprob[1:i - 1]) = 0.26852809376077214
8832/16384
mean(sgnprob[1:i - 1]) = 0.2553504699354546
8960/16384
mean(sgnprob[1:i - 1]) = 0.25906909253264876
9088/16384
mean(sgnprob[1:i - 1]) = 0.2644437107956421
9216/16384
mean(sgnprob[1:i - 1]) = 0.2694519804666305
9344/16384
mean(sgnprob[1:i - 1]) = 0.2595526062292626
9472/16384
mean(sgnprob[1:i - 1]) = 0.24886495618202936
9600/16384
mean(sgnprob[1:i - 1]) = 0.24012918012292947
9728/16384
mean(sgnprob[1:i - 1]) = 0.2439601110311504
9856/16384
mean(sgnprob[1:i - 1]) = 0.24769152714358195
9984/16384
mean(sgnprob[1:i - 1]) = 0.2501252128618652
10112/16384
mean(sgnprob[1:i - 1]) = 0.25328849767579864
10240/16384
mean(sgnprob[1:i - 1]) = 0.24250415079597618
10368/16384
mean(sgnprob[1:i - 1]) = 0.24606925822320827
10496/16384
mean(sgnprob[1:i - 1]) = 0.24821343496903286
10624/16384
mean(sgnprob[1:i - 1]) = 0.2510590228748941
10752/16384
mean(sgnprob[1:i - 1]) = 0.2543949400055809
10880/16384
mean(sgnprob[1:i - 1]) = 0.25765235775347
11008/16384
mean(sgnprob[1:i - 1]) = 0.25919869174161897
11136/16384
mean(sgnprob[1:i - 1]) = 0.26106870229007634
11264/16384
mean(sgnprob[1:i - 1]) = 0.2632513539909438
11392/16384
mean(sgnprob[1:i - 1]) = 0.2664384162935651
11520/16384
mean(sgnprob[1:i - 1]) = 0.26833926556124665
11648/16384
mean(sgnprob[1:i - 1]) = 0.27140036060788186
11776/16384
mean(sgnprob[1:i - 1]) = 0.2743949044585987
11904/16384
mean(sgnprob[1:i - 1]) = 0.2779971435772494
12032/16384
mean(sgnprob[1:i - 1]) = 0.2798603607347685
12160/16384
mean(sgnprob[1:i - 1]) = 0.2709926803191052
12288/16384
mean(sgnprob[1:i - 1]) = 0.26361194758688045
12416/16384
mean(sgnprob[1:i - 1]) = 0.2559001208215868
12544/16384
mean(sgnprob[1:i - 1]) = 0.25918839193175475
12672/16384
mean(sgnprob[1:i - 1]) = 0.25009865046168417
12800/16384
mean(sgnprob[1:i - 1]) = 0.24306586452066567
12928/16384
mean(sgnprob[1:i - 1]) = 0.24684768314380753
13056/16384
mean(sgnprob[1:i - 1]) = 0.24795097663730373
13184/16384
mean(sgnprob[1:i - 1]) = 0.2505499506940757
13312/16384
mean(sgnprob[1:i - 1]) = 0.25460145744121404
13440/16384
mean(sgnprob[1:i - 1]) = 0.25783168390505246
13568/16384
mean(sgnprob[1:i - 1]) = 0.2601164590550601
13696/16384
mean(sgnprob[1:i - 1]) = 0.25184373859072656
13824/16384
mean(sgnprob[1:i - 1]) = 0.2542863343702525
13952/16384
mean(sgnprob[1:i - 1]) = 0.2565407497670418
14080/16384
mean(sgnprob[1:i - 1]) = 0.26045883940620784
14208/16384
mean(sgnprob[1:i - 1]) = 0.25388892799324275
14336/16384
mean(sgnprob[1:i - 1]) = 0.2555284269271015
14464/16384
mean(sgnprob[1:i - 1]) = 0.2583834612459379
14592/16384
mean(sgnprob[1:i - 1]) = 0.25981769583990133
14720/16384
mean(sgnprob[1:i - 1]) = 0.26258577349004686
14848/16384
mean(sgnprob[1:i - 1]) = 0.25493365663096923
14976/16384
mean(sgnprob[1:i - 1]) = 0.24808013355592654
15104/16384
mean(sgnprob[1:i - 1]) = 0.25034761305700853
15232/16384
mean(sgnprob[1:i - 1]) = 0.24391044580132623
15360/16384
mean(sgnprob[1:i - 1]) = 0.24708639885409206
15488/16384
mean(sgnprob[1:i - 1]) = 0.24129915412926972
15616/16384
mean(sgnprob[1:i - 1]) = 0.24393211655459493
15744/16384
mean(sgnprob[1:i - 1]) = 0.24639522327383598
15872/16384
mean(sgnprob[1:i - 1]) = 0.24919664797429272
16000/16384
mean(sgnprob[1:i - 1]) = 0.25170323145196577
16128/16384
mean(sgnprob[1:i - 1]) = 0.2539219941712656
16256/16384
mean(sgnprob[1:i - 1]) = 0.2567210089203322
16384/16384
mean(sgnprob[1:i - 1]) = 0.24995422083867425
797.826659 seconds (167.11 M allocations: 70.745 GiB, 1.99% gc time, 1.25% compilation time)
