## SLURM PROLOG ###############################################################
##    Job ID : 8822307
##  Job Name : sbatch_etgent.sh
##  Nodelist : node1648
##      CPUs : 8
##  Mem/Node : 4096 MB
## Directory : /oscar/home/trazzaz/AFQMC
##   Job Started : Thu Feb 27 07:18:26 PM EST 2025
###############################################################################
seed = 1302
U = 2.0
β = 6.0
Warming up
128/1024
256/1024
384/1024
512/1024
640/1024
768/1024
896/1024
1024/1024
Measuring
128/16384
mean(sgnprob[1:i - 1]) = -0.5118110236220472
256/16384
mean(sgnprob[1:i - 1]) = 0.0196078431372549
384/16384
mean(sgnprob[1:i - 1]) = -0.1906005221932115
512/16384
mean(sgnprob[1:i - 1]) = -0.23679060665362034
640/16384
mean(sgnprob[1:i - 1]) = -0.27386541471048514
768/16384
mean(sgnprob[1:i - 1]) = -0.1316818774445893
896/16384
mean(sgnprob[1:i - 1]) = -0.1888268156424581
1024/16384
mean(sgnprob[1:i - 1]) = -0.09090909090909091
1152/16384
mean(sgnprob[1:i - 1]) = -0.035621198957428324
1280/16384
mean(sgnprob[1:i - 1]) = 0.028928850664581705
1408/16384
mean(sgnprob[1:i - 1]) = 0.07178393745557925
1536/16384
mean(sgnprob[1:i - 1]) = 0.11270358306188925
1664/16384
mean(sgnprob[1:i - 1]) = 0.14251352976548406
1792/16384
mean(sgnprob[1:i - 1]) = 0.10106085985482971
1920/16384
mean(sgnprob[1:i - 1]) = 0.06513809275664409
2048/16384
mean(sgnprob[1:i - 1]) = 0.09330727894479726
2176/16384
mean(sgnprob[1:i - 1]) = 0.12275862068965518
2304/16384
mean(sgnprob[1:i - 1]) = 0.14459400781589232
2432/16384
mean(sgnprob[1:i - 1]) = 0.11147675853558206
2560/16384
mean(sgnprob[1:i - 1]) = 0.12231340367330988
2688/16384
mean(sgnprob[1:i - 1]) = 0.1417938221064384
2816/16384
mean(sgnprob[1:i - 1]) = 0.1602131438721137
2944/16384
mean(sgnprob[1:i - 1]) = 0.17227319062181448
3072/16384
mean(sgnprob[1:i - 1]) = 0.18984044285249105
3200/16384
mean(sgnprob[1:i - 1]) = 0.20537668021256641
3328/16384
mean(sgnprob[1:i - 1]) = 0.18425007514277125
3456/16384
mean(sgnprob[1:i - 1]) = 0.19536903039073805
3584/16384
mean(sgnprob[1:i - 1]) = 0.20290259559028748
3712/16384
mean(sgnprob[1:i - 1]) = 0.17542441390460792
3840/16384
mean(sgnprob[1:i - 1]) = 0.18312060432404273
3968/16384
mean(sgnprob[1:i - 1]) = 0.1913284597932947
4096/16384
mean(sgnprob[1:i - 1]) = 0.19706959706959706
4224/16384
mean(sgnprob[1:i - 1]) = 0.18115084063461995
4352/16384
mean(sgnprob[1:i - 1]) = 0.1620317168467019
4480/16384
mean(sgnprob[1:i - 1]) = 0.17481580709979908
4608/16384
mean(sgnprob[1:i - 1]) = 0.18385066203603212
4736/16384
mean(sgnprob[1:i - 1]) = 0.19155227032734953
4864/16384
mean(sgnprob[1:i - 1]) = 0.2021385975735143
4992/16384
mean(sgnprob[1:i - 1]) = 0.20416750150270488
5120/16384
mean(sgnprob[1:i - 1]) = 0.2131275639773393
5248/16384
mean(sgnprob[1:i - 1]) = 0.21974461597103107
5376/16384
mean(sgnprob[1:i - 1]) = 0.22530232558139535
5504/16384
mean(sgnprob[1:i - 1]) = 0.2306014900963111
5632/16384
mean(sgnprob[1:i - 1]) = 0.21505949209731842
5760/16384
mean(sgnprob[1:i - 1]) = 0.22035075533946866
5888/16384
mean(sgnprob[1:i - 1]) = 0.2043485646339392
6016/16384
mean(sgnprob[1:i - 1]) = 0.21064006650041564
6144/16384
mean(sgnprob[1:i - 1]) = 0.19550708123066907
6272/16384
mean(sgnprob[1:i - 1]) = 0.1994897145590815
6400/16384
mean(sgnprob[1:i - 1]) = 0.1848726363494296
6528/16384
mean(sgnprob[1:i - 1]) = 0.1717481231806343
6656/16384
mean(sgnprob[1:i - 1]) = 0.17716003005259204
6784/16384
mean(sgnprob[1:i - 1]) = 0.18531623175586023
6912/16384
mean(sgnprob[1:i - 1]) = 0.19027637100274924
7040/16384
mean(sgnprob[1:i - 1]) = 0.19221480323909645
7168/16384
mean(sgnprob[1:i - 1]) = 0.19994418864238872
7296/16384
mean(sgnprob[1:i - 1]) = 0.2043865661411926
7424/16384
mean(sgnprob[1:i - 1]) = 0.20813687188468274
7552/16384
mean(sgnprob[1:i - 1]) = 0.21467355317176534
7680/16384
mean(sgnprob[1:i - 1]) = 0.22021096496939704
7808/16384
mean(sgnprob[1:i - 1]) = 0.22607915972844883
7936/16384
mean(sgnprob[1:i - 1]) = 0.23201008191556396
8064/16384
mean(sgnprob[1:i - 1]) = 0.23502418454669477
8192/16384
mean(sgnprob[1:i - 1]) = 0.2225613478207789
8320/16384
mean(sgnprob[1:i - 1]) = 0.2124053371799495
8448/16384
mean(sgnprob[1:i - 1]) = 0.20255712087131525
8576/16384
mean(sgnprob[1:i - 1]) = 0.20653061224489797
8704/16384
mean(sgnprob[1:i - 1]) = 0.20877858209812708
8832/16384
mean(sgnprob[1:i - 1]) = 0.21254671045181747
8960/16384
mean(sgnprob[1:i - 1]) = 0.20147337872530416
9088/16384
mean(sgnprob[1:i - 1]) = 0.20567844172994387
9216/16384
mean(sgnprob[1:i - 1]) = 0.2106348345089528
9344/16384
mean(sgnprob[1:i - 1]) = 0.2148132291555175
9472/16384
mean(sgnprob[1:i - 1]) = 0.2174004856931686
9600/16384
mean(sgnprob[1:i - 1]) = 0.22158558183144078
9728/16384
mean(sgnprob[1:i - 1]) = 0.2233987868818752
9856/16384
mean(sgnprob[1:i - 1]) = 0.22577371892440384
9984/16384
mean(sgnprob[1:i - 1]) = 0.22949013322648504
10112/16384
mean(sgnprob[1:i - 1]) = 0.23350806052813766
10240/16384
mean(sgnprob[1:i - 1]) = 0.2249243090145522
10368/16384
mean(sgnprob[1:i - 1]) = 0.2281277129352754
10496/16384
mean(sgnprob[1:i - 1]) = 0.21886612672701286
10624/16384
mean(sgnprob[1:i - 1]) = 0.21133389814553327
10752/16384
mean(sgnprob[1:i - 1]) = 0.21328248535019997
10880/16384
mean(sgnprob[1:i - 1]) = 0.2155529000827282
11008/16384
mean(sgnprob[1:i - 1]) = 0.21958753520486962
11136/16384
mean(sgnprob[1:i - 1]) = 0.22173327346205657
11264/16384
mean(sgnprob[1:i - 1]) = 0.22542839385598865
11392/16384
mean(sgnprob[1:i - 1]) = 0.2279870072864542
11520/16384
mean(sgnprob[1:i - 1]) = 0.22996787915617675
11648/16384
mean(sgnprob[1:i - 1]) = 0.22108697518674336
11776/16384
mean(sgnprob[1:i - 1]) = 0.2241188959660297
11904/16384
mean(sgnprob[1:i - 1]) = 0.22775770814080484
12032/16384
mean(sgnprob[1:i - 1]) = 0.23032166902169396
12160/16384
mean(sgnprob[1:i - 1]) = 0.23233818570606135
12288/16384
mean(sgnprob[1:i - 1]) = 0.23561487751281843
12416/16384
mean(sgnprob[1:i - 1]) = 0.2393072895690697
12544/16384
mean(sgnprob[1:i - 1]) = 0.24260543729570277
12672/16384
mean(sgnprob[1:i - 1]) = 0.2452055875621498
12800/16384
mean(sgnprob[1:i - 1]) = 0.23790921165716072
12928/16384
mean(sgnprob[1:i - 1]) = 0.24112323044789974
13056/16384
mean(sgnprob[1:i - 1]) = 0.2450402144772118
13184/16384
mean(sgnprob[1:i - 1]) = 0.24736402943184405
13312/16384
mean(sgnprob[1:i - 1]) = 0.25039441063781837
13440/16384
mean(sgnprob[1:i - 1]) = 0.2441401890021579
13568/16384
mean(sgnprob[1:i - 1]) = 0.2464067221935579
13696/16384
mean(sgnprob[1:i - 1]) = 0.24848484848484848
13824/16384
mean(sgnprob[1:i - 1]) = 0.25255009766331477
13952/16384
mean(sgnprob[1:i - 1]) = 0.25496380187800155
14080/16384
mean(sgnprob[1:i - 1]) = 0.2475317849279068
14208/16384
mean(sgnprob[1:i - 1]) = 0.24079679031463364
14336/16384
mean(sgnprob[1:i - 1]) = 0.24325078479246598
14464/16384
mean(sgnprob[1:i - 1]) = 0.24414021987139597
14592/16384
mean(sgnprob[1:i - 1]) = 0.24652182852443286
14720/16384
mean(sgnprob[1:i - 1]) = 0.24886201508254638
14848/16384
mean(sgnprob[1:i - 1]) = 0.25062302148582205
14976/16384
mean(sgnprob[1:i - 1]) = 0.25208681135225375
15104/16384
mean(sgnprob[1:i - 1]) = 0.2541879096868172
15232/16384
mean(sgnprob[1:i - 1]) = 0.2569102488346136
15360/16384
mean(sgnprob[1:i - 1]) = 0.25060225275083015
15488/16384
mean(sgnprob[1:i - 1]) = 0.25188868082908245
15616/16384
mean(sgnprob[1:i - 1]) = 0.25341018251681074
15744/16384
mean(sgnprob[1:i - 1]) = 0.24766562916851934
15872/16384
mean(sgnprob[1:i - 1]) = 0.24957469598639026
16000/16384
mean(sgnprob[1:i - 1]) = 0.2523282705169073
16128/16384
mean(sgnprob[1:i - 1]) = 0.2541700254232033
16256/16384
mean(sgnprob[1:i - 1]) = 0.2545063057520763
16384/16384
mean(sgnprob[1:i - 1]) = 0.2570347311237258
749.248641 seconds (167.11 M allocations: 70.745 GiB, 1.88% gc time, 1.28% compilation time)
