## SLURM PROLOG ###############################################################
##    Job ID : 8833928
##  Job Name : sbatch_etgent.sh
##  Nodelist : node1322
##      CPUs : 8
##  Mem/Node : 4096 MB
## Directory : /oscar/home/trazzaz/AFQMC
##   Job Started : Fri Feb 28 02:05:59 AM EST 2025
###############################################################################
seed = 1482
U = 2.0
β = 6.0
Warming up
128/1024
256/1024
384/1024
512/1024
640/1024
768/1024
896/1024
1024/1024
Measuring
128/16384
mean(sgnprob[1:i - 1]) = 0.5433070866141733
256/16384
mean(sgnprob[1:i - 1]) = 0.592156862745098
384/16384
mean(sgnprob[1:i - 1]) = 0.618798955613577
512/16384
mean(sgnprob[1:i - 1]) = 0.6164383561643836
640/16384
mean(sgnprob[1:i - 1]) = 0.3615023474178404
768/16384
mean(sgnprob[1:i - 1]) = 0.38722294654498046
896/16384
mean(sgnprob[1:i - 1]) = 0.41675977653631285
1024/16384
mean(sgnprob[1:i - 1]) = 0.43499511241446726
1152/16384
mean(sgnprob[1:i - 1]) = 0.44048653344917466
1280/16384
mean(sgnprob[1:i - 1]) = 0.45582486317435494
1408/16384
mean(sgnprob[1:i - 1]) = 0.4626865671641791
1536/16384
mean(sgnprob[1:i - 1]) = 0.46449511400651466
1664/16384
mean(sgnprob[1:i - 1]) = 0.4672279013830427
1792/16384
mean(sgnprob[1:i - 1]) = 0.4718034617532105
1920/16384
mean(sgnprob[1:i - 1]) = 0.46847316310578424
2048/16384
mean(sgnprob[1:i - 1]) = 0.46653639472398634
2176/16384
mean(sgnprob[1:i - 1]) = 0.40781609195402296
2304/16384
mean(sgnprob[1:i - 1]) = 0.40425531914893614
2432/16384
mean(sgnprob[1:i - 1]) = 0.4158782394076512
2560/16384
mean(sgnprob[1:i - 1]) = 0.42164908167252835
2688/16384
mean(sgnprob[1:i - 1]) = 0.4253814663193152
2816/16384
mean(sgnprob[1:i - 1]) = 0.43374777975133216
2944/16384
mean(sgnprob[1:i - 1]) = 0.4386680258239891
3072/16384
mean(sgnprob[1:i - 1]) = 0.4457831325301205
3200/16384
mean(sgnprob[1:i - 1]) = 0.4504532666458268
3328/16384
mean(sgnprob[1:i - 1]) = 0.41869552149083256
3456/16384
mean(sgnprob[1:i - 1]) = 0.4234442836468886
3584/16384
mean(sgnprob[1:i - 1]) = 0.4289701367569076
3712/16384
mean(sgnprob[1:i - 1]) = 0.42980328752357855
3840/16384
mean(sgnprob[1:i - 1]) = 0.43579057046105757
3968/16384
mean(sgnprob[1:i - 1]) = 0.43735820519284097
4096/16384
mean(sgnprob[1:i - 1]) = 0.43785103785103785
4224/16384
mean(sgnprob[1:i - 1]) = 0.4397347856973715
4352/16384
mean(sgnprob[1:i - 1]) = 0.4497816593886463
4480/16384
mean(sgnprob[1:i - 1]) = 0.4186202277294039
4608/16384
mean(sgnprob[1:i - 1]) = 0.41871065769481225
4736/16384
mean(sgnprob[1:i - 1]) = 0.421752903907075
4864/16384
mean(sgnprob[1:i - 1]) = 0.4258688052642402
4992/16384
mean(sgnprob[1:i - 1]) = 0.4009216589861751
5120/16384
mean(sgnprob[1:i - 1]) = 0.37995702285602656
5248/16384
mean(sgnprob[1:i - 1]) = 0.38021726700971986
5376/16384
mean(sgnprob[1:i - 1]) = 0.38306976744186044
5504/16384
mean(sgnprob[1:i - 1]) = 0.38869707432309647
5632/16384
mean(sgnprob[1:i - 1]) = 0.3695613567749956
5760/16384
mean(sgnprob[1:i - 1]) = 0.3481507206112172
5888/16384
mean(sgnprob[1:i - 1]) = 0.35213181586546627
6016/16384
mean(sgnprob[1:i - 1]) = 0.3569409808811305
6144/16384
mean(sgnprob[1:i - 1]) = 0.3602474361061371
6272/16384
mean(sgnprob[1:i - 1]) = 0.3624621272524318
6400/16384
mean(sgnprob[1:i - 1]) = 0.3436474449132677
6528/16384
mean(sgnprob[1:i - 1]) = 0.32710280373831774
6656/16384
mean(sgnprob[1:i - 1]) = 0.32982719759579265
6784/16384
mean(sgnprob[1:i - 1]) = 0.3345127524694088
6912/16384
mean(sgnprob[1:i - 1]) = 0.31789900159166545
7040/16384
mean(sgnprob[1:i - 1]) = 0.32121039920443245
7168/16384
mean(sgnprob[1:i - 1]) = 0.307381052044091
7296/16384
mean(sgnprob[1:i - 1]) = 0.3107607950651131
7424/16384
mean(sgnprob[1:i - 1]) = 0.3161794422740132
7552/16384
mean(sgnprob[1:i - 1]) = 0.31956032313600846
7680/16384
mean(sgnprob[1:i - 1]) = 0.32439119677041284
7808/16384
mean(sgnprob[1:i - 1]) = 0.32906366081721533
7936/16384
mean(sgnprob[1:i - 1]) = 0.3328292375551355
8064/16384
mean(sgnprob[1:i - 1]) = 0.33672330398114847
8192/16384
mean(sgnprob[1:i - 1]) = 0.32218288365278963
8320/16384
mean(sgnprob[1:i - 1]) = 0.32588051448491406
8448/16384
mean(sgnprob[1:i - 1]) = 0.328992541730792
8576/16384
mean(sgnprob[1:i - 1]) = 0.33294460641399415
8704/16384
mean(sgnprob[1:i - 1]) = 0.3354015856601172
8832/16384
mean(sgnprob[1:i - 1]) = 0.3377873400520892
8960/16384
mean(sgnprob[1:i - 1]) = 0.341890836030807
9088/16384
mean(sgnprob[1:i - 1]) = 0.3445581600088038
9216/16384
mean(sgnprob[1:i - 1]) = 0.3473684210526316
9344/16384
mean(sgnprob[1:i - 1]) = 0.351172000428128
9472/16384
mean(sgnprob[1:i - 1]) = 0.3552951113926724
9600/16384
mean(sgnprob[1:i - 1]) = 0.3563912907594541
9728/16384
mean(sgnprob[1:i - 1]) = 0.36054281895754087
9856/16384
mean(sgnprob[1:i - 1]) = 0.362962962962963
9984/16384
mean(sgnprob[1:i - 1]) = 0.36512070519883805
10112/16384
mean(sgnprob[1:i - 1]) = 0.35416872712886954
10240/16384
mean(sgnprob[1:i - 1]) = 0.34192792264869615
10368/16384
mean(sgnprob[1:i - 1]) = 0.3442654577023247
10496/16384
mean(sgnprob[1:i - 1]) = 0.34730824202000954
10624/16384
mean(sgnprob[1:i - 1]) = 0.34990115786500986
10752/16384
mean(sgnprob[1:i - 1]) = 0.3522463026695191
10880/16384
mean(sgnprob[1:i - 1]) = 0.34093207096240463
11008/16384
mean(sgnprob[1:i - 1]) = 0.34132824566185155
11136/16384
mean(sgnprob[1:i - 1]) = 0.344409519533004
11264/16384
mean(sgnprob[1:i - 1]) = 0.3353458226049898
11392/16384
mean(sgnprob[1:i - 1]) = 0.33772276358528663
11520/16384
mean(sgnprob[1:i - 1]) = 0.3292820557340047
11648/16384
mean(sgnprob[1:i - 1]) = 0.31913797544432043
11776/16384
mean(sgnprob[1:i - 1]) = 0.32093418259023354
11904/16384
mean(sgnprob[1:i - 1]) = 0.32319583298328153
12032/16384
mean(sgnprob[1:i - 1]) = 0.32640678247859695
12160/16384
mean(sgnprob[1:i - 1]) = 0.3270828193107986
12288/16384
mean(sgnprob[1:i - 1]) = 0.32839586554895417
12416/16384
mean(sgnprob[1:i - 1]) = 0.3320982682239227
12544/16384
mean(sgnprob[1:i - 1]) = 0.3236067926333413
12672/16384
mean(sgnprob[1:i - 1]) = 0.3261778865125089
12800/16384
mean(sgnprob[1:i - 1]) = 0.32932260332838503
12928/16384
mean(sgnprob[1:i - 1]) = 0.3319408988937882
13056/16384
mean(sgnprob[1:i - 1]) = 0.3349674454232095
13184/16384
mean(sgnprob[1:i - 1]) = 0.3268603504513388
13312/16384
mean(sgnprob[1:i - 1]) = 0.32942678987303736
13440/16384
mean(sgnprob[1:i - 1]) = 0.3320931616935784
13568/16384
mean(sgnprob[1:i - 1]) = 0.3345618043782708
13696/16384
mean(sgnprob[1:i - 1]) = 0.3364001460387003
13824/16384
mean(sgnprob[1:i - 1]) = 0.3289445127685741
13952/16384
mean(sgnprob[1:i - 1]) = 0.3309440183499391
14080/16384
mean(sgnprob[1:i - 1]) = 0.3336174444207685
14208/16384
mean(sgnprob[1:i - 1]) = 0.3349757161962413
14336/16384
mean(sgnprob[1:i - 1]) = 0.33630973142657833
14464/16384
mean(sgnprob[1:i - 1]) = 0.33789670192906035
14592/16384
mean(sgnprob[1:i - 1]) = 0.34014118292097867
14720/16384
mean(sgnprob[1:i - 1]) = 0.3423466268088865
14848/16384
mean(sgnprob[1:i - 1]) = 0.3346804068161918
14976/16384
mean(sgnprob[1:i - 1]) = 0.33609348914858095
15104/16384
mean(sgnprob[1:i - 1]) = 0.3288750579355095
15232/16384
mean(sgnprob[1:i - 1]) = 0.330444488214825
15360/16384
mean(sgnprob[1:i - 1]) = 0.3223517156064848
15488/16384
mean(sgnprob[1:i - 1]) = 0.3158132627364887
15616/16384
mean(sgnprob[1:i - 1]) = 0.31770733269292345
15744/16384
mean(sgnprob[1:i - 1]) = 0.3108048021342819
15872/16384
mean(sgnprob[1:i - 1]) = 0.3129607460147439
16000/16384
mean(sgnprob[1:i - 1]) = 0.30695668479279953
16128/16384
mean(sgnprob[1:i - 1]) = 0.3093569789793514
16256/16384
mean(sgnprob[1:i - 1]) = 0.31085819747769916
16384/16384
mean(sgnprob[1:i - 1]) = 0.304034670084844
804.450070 seconds (167.11 M allocations: 70.745 GiB, 2.46% gc time, 1.34% compilation time)
