## SLURM PROLOG ###############################################################
##    Job ID : 8833941
##  Job Name : sbatch_etgent.sh
##  Nodelist : node1734
##      CPUs : 8
##  Mem/Node : 4096 MB
## Directory : /oscar/home/trazzaz/AFQMC
##   Job Started : Fri Feb 28 02:28:44 AM EST 2025
###############################################################################
seed = 1495
U = 2.0
β = 6.0
Warming up
128/1024
256/1024
384/1024
512/1024
640/1024
768/1024
896/1024
1024/1024
Measuring
128/16384
mean(sgnprob[1:i - 1]) = 0.5748031496062992
256/16384
mean(sgnprob[1:i - 1]) = -0.03529411764705882
384/16384
mean(sgnprob[1:i - 1]) = 0.15404699738903394
512/16384
mean(sgnprob[1:i - 1]) = 0.0019569471624266144
640/16384
mean(sgnprob[1:i - 1]) = 0.11737089201877934
768/16384
mean(sgnprob[1:i - 1]) = 0.2046936114732725
896/16384
mean(sgnprob[1:i - 1]) = 0.27150837988826815
1024/16384
mean(sgnprob[1:i - 1]) = 0.2883675464320626
1152/16384
mean(sgnprob[1:i - 1]) = 0.32580364900086883
1280/16384
mean(sgnprob[1:i - 1]) = 0.23846755277560594
1408/16384
mean(sgnprob[1:i - 1]) = 0.16417910447761194
1536/16384
mean(sgnprob[1:i - 1]) = 0.19348534201954398
1664/16384
mean(sgnprob[1:i - 1]) = 0.14371617558628982
1792/16384
mean(sgnprob[1:i - 1]) = 0.1702959240647683
1920/16384
mean(sgnprob[1:i - 1]) = 0.2079207920792079
2048/16384
mean(sgnprob[1:i - 1]) = 0.22227650219833903
2176/16384
mean(sgnprob[1:i - 1]) = 0.24229885057471265
2304/16384
mean(sgnprob[1:i - 1]) = 0.2045158488927486
2432/16384
mean(sgnprob[1:i - 1]) = 0.17235705470999588
2560/16384
mean(sgnprob[1:i - 1]) = 0.18952715904650255
2688/16384
mean(sgnprob[1:i - 1]) = 0.20431708224786008
2816/16384
mean(sgnprob[1:i - 1]) = 0.22344582593250445
2944/16384
mean(sgnprob[1:i - 1]) = 0.23343527013251783
3072/16384
mean(sgnprob[1:i - 1]) = 0.2484532725496581
3200/16384
mean(sgnprob[1:i - 1]) = 0.2191309784307596
3328/16384
mean(sgnprob[1:i - 1]) = 0.19687406071535918
3456/16384
mean(sgnprob[1:i - 1]) = 0.2098408104196816
3584/16384
mean(sgnprob[1:i - 1]) = 0.22299748813843148
3712/16384
mean(sgnprob[1:i - 1]) = 0.2395580706009162
3840/16384
mean(sgnprob[1:i - 1]) = 0.25240948163584265
3968/16384
mean(sgnprob[1:i - 1]) = 0.2609024451726746
4096/16384
mean(sgnprob[1:i - 1]) = 0.26495726495726496
4224/16384
mean(sgnprob[1:i - 1]) = 0.27350224958560265
4352/16384
mean(sgnprob[1:i - 1]) = 0.28430245920478053
4480/16384
mean(sgnprob[1:i - 1]) = 0.2891270372851083
4608/16384
mean(sgnprob[1:i - 1]) = 0.29021054916431516
4736/16384
mean(sgnprob[1:i - 1]) = 0.30010559662090813
4864/16384
mean(sgnprob[1:i - 1]) = 0.2802796627596134
4992/16384
mean(sgnprob[1:i - 1]) = 0.2895211380484873
5120/16384
mean(sgnprob[1:i - 1]) = 0.29439343621801134
5248/16384
mean(sgnprob[1:i - 1]) = 0.2990280160091481
5376/16384
mean(sgnprob[1:i - 1]) = 0.30604651162790697
5504/16384
mean(sgnprob[1:i - 1]) = 0.3123750681446484
5632/16384
mean(sgnprob[1:i - 1]) = 0.31735038181495295
5760/16384
mean(sgnprob[1:i - 1]) = 0.3227990970654628
5888/16384
mean(sgnprob[1:i - 1]) = 0.32767113979955836
6016/16384
mean(sgnprob[1:i - 1]) = 0.3333333333333333
6144/16384
mean(sgnprob[1:i - 1]) = 0.333550382549243
6272/16384
mean(sgnprob[1:i - 1]) = 0.340774996013395
6400/16384
mean(sgnprob[1:i - 1]) = 0.323019221753399
6528/16384
mean(sgnprob[1:i - 1]) = 0.32710280373831774
6656/16384
mean(sgnprob[1:i - 1]) = 0.3325319308790383
6784/16384
mean(sgnprob[1:i - 1]) = 0.3327436237652956
6912/16384
mean(sgnprob[1:i - 1]) = 0.3190565764722906
7040/16384
mean(sgnprob[1:i - 1]) = 0.3243358431595397
7168/16384
mean(sgnprob[1:i - 1]) = 0.32691502720803683
7296/16384
mean(sgnprob[1:i - 1]) = 0.3326936257710761
7424/16384
mean(sgnprob[1:i - 1]) = 0.3202209349319682
7552/16384
mean(sgnprob[1:i - 1]) = 0.30552244735796585
7680/16384
mean(sgnprob[1:i - 1]) = 0.30954551373876804
7808/16384
mean(sgnprob[1:i - 1]) = 0.31522992186499293
7936/16384
mean(sgnprob[1:i - 1]) = 0.3187145557655955
8064/16384
mean(sgnprob[1:i - 1]) = 0.3245690189755674
8192/16384
mean(sgnprob[1:i - 1]) = 0.32999633744353557
8320/16384
mean(sgnprob[1:i - 1]) = 0.33357374684457264
8448/16384
mean(sgnprob[1:i - 1]) = 0.33585888481117554
8576/16384
mean(sgnprob[1:i - 1]) = 0.32151603498542275
8704/16384
mean(sgnprob[1:i - 1]) = 0.32666896472480755
8832/16384
mean(sgnprob[1:i - 1]) = 0.33303136677612954
8960/16384
mean(sgnprob[1:i - 1]) = 0.33541689920750084
9088/16384
mean(sgnprob[1:i - 1]) = 0.33949598327280733
9216/16384
mean(sgnprob[1:i - 1]) = 0.3421595225176343
9344/16384
mean(sgnprob[1:i - 1]) = 0.34475008027400195
9472/16384
mean(sgnprob[1:i - 1]) = 0.3462147608489072
9600/16384
mean(sgnprob[1:i - 1]) = 0.3507657047609126
9728/16384
mean(sgnprob[1:i - 1]) = 0.35231828929783077
9856/16384
mean(sgnprob[1:i - 1]) = 0.3532217148655505
9984/16384
mean(sgnprob[1:i - 1]) = 0.34168085745767807
10112/16384
mean(sgnprob[1:i - 1]) = 0.3426960735832262
10240/16384
mean(sgnprob[1:i - 1]) = 0.34602988573102844
10368/16384
mean(sgnprob[1:i - 1]) = 0.3481238545384393
10496/16384
mean(sgnprob[1:i - 1]) = 0.3366364935683659
10624/16384
mean(sgnprob[1:i - 1]) = 0.3233549844676645
10752/16384
mean(sgnprob[1:i - 1]) = 0.313180169286578
10880/16384
mean(sgnprob[1:i - 1]) = 0.31445904954499493
11008/16384
mean(sgnprob[1:i - 1]) = 0.31661669846461343
11136/16384
mean(sgnprob[1:i - 1]) = 0.32034126627750337
11264/16384
mean(sgnprob[1:i - 1]) = 0.31190624167628517
11392/16384
mean(sgnprob[1:i - 1]) = 0.30243174435958214
11520/16384
mean(sgnprob[1:i - 1]) = 0.29473044535115894
11648/16384
mean(sgnprob[1:i - 1]) = 0.2968146303769211
11776/16384
mean(sgnprob[1:i - 1]) = 0.2988535031847134
11904/16384
mean(sgnprob[1:i - 1]) = 0.3016886499201882
12032/16384
mean(sgnprob[1:i - 1]) = 0.29199567783226665
12160/16384
mean(sgnprob[1:i - 1]) = 0.2951723003536475
12288/16384
mean(sgnprob[1:i - 1]) = 0.28591193944819726
12416/16384
mean(sgnprob[1:i - 1]) = 0.2778091018928715
12544/16384
mean(sgnprob[1:i - 1]) = 0.2808737941481304
12672/16384
mean(sgnprob[1:i - 1]) = 0.27219635387893615
12800/16384
mean(sgnprob[1:i - 1]) = 0.27306820845378543
12928/16384
mean(sgnprob[1:i - 1]) = 0.27624352131198265
13056/16384
mean(sgnprob[1:i - 1]) = 0.2787437763309077
13184/16384
mean(sgnprob[1:i - 1]) = 0.28149890009861184
13312/16384
mean(sgnprob[1:i - 1]) = 0.28495229509428294
13440/16384
mean(sgnprob[1:i - 1]) = 0.288339906243024
13568/16384
mean(sgnprob[1:i - 1]) = 0.28178668828775705
13696/16384
mean(sgnprob[1:i - 1]) = 0.2845564074479737
13824/16384
mean(sgnprob[1:i - 1]) = 0.27700209795268754
13952/16384
mean(sgnprob[1:i - 1]) = 0.2781879435165938
14080/16384
mean(sgnprob[1:i - 1]) = 0.2704027274664394
14208/16384
mean(sgnprob[1:i - 1]) = 0.2740198493700289
14336/16384
mean(sgnprob[1:i - 1]) = 0.2761771886989885
14464/16384
mean(sgnprob[1:i - 1]) = 0.276636935628846
14592/16384
mean(sgnprob[1:i - 1]) = 0.2785963950380371
14720/16384
mean(sgnprob[1:i - 1]) = 0.2720972892180175
14848/16384
mean(sgnprob[1:i - 1]) = 0.2657102444938371
14976/16384
mean(sgnprob[1:i - 1]) = 0.26651085141903175
15104/16384
mean(sgnprob[1:i - 1]) = 0.26915182414089917
15232/16384
mean(sgnprob[1:i - 1]) = 0.2611122053706257
15360/16384
mean(sgnprob[1:i - 1]) = 0.2633635002278794
15488/16384
mean(sgnprob[1:i - 1]) = 0.26531930005811327
15616/16384
mean(sgnprob[1:i - 1]) = 0.268139609349984
15744/16384
mean(sgnprob[1:i - 1]) = 0.271041097630693
15872/16384
mean(sgnprob[1:i - 1]) = 0.2655787284985193
16000/16384
mean(sgnprob[1:i - 1]) = 0.2669541846365398
16128/16384
mean(sgnprob[1:i - 1]) = 0.269051900539468
16256/16384
mean(sgnprob[1:i - 1]) = 0.2709935404490926
16384/16384
mean(sgnprob[1:i - 1]) = 0.27314899591039493
745.807943 seconds (167.11 M allocations: 70.745 GiB, 2.00% gc time, 1.27% compilation time)
