## SLURM PROLOG ###############################################################
##    Job ID : 8833851
##  Job Name : sbatch_etgent.sh
##  Nodelist : node1328
##      CPUs : 8
##  Mem/Node : 4096 MB
## Directory : /oscar/home/trazzaz/AFQMC
##   Job Started : Fri Feb 28 12:00:37 AM EST 2025
###############################################################################
seed = 1405
U = 2.0
β = 6.0
Warming up
128/1024
256/1024
384/1024
512/1024
640/1024
768/1024
896/1024
1024/1024
Measuring
128/16384
mean(sgnprob[1:i - 1]) = -0.48031496062992124
256/16384
mean(sgnprob[1:i - 1]) = -0.4823529411764706
384/16384
mean(sgnprob[1:i - 1]) = -0.1801566579634465
512/16384
mean(sgnprob[1:i - 1]) = 0.033268101761252444
640/16384
mean(sgnprob[1:i - 1]) = 0.13928012519561817
768/16384
mean(sgnprob[1:i - 1]) = 0.04302477183833116
896/16384
mean(sgnprob[1:i - 1]) = 0.08603351955307263
1024/16384
mean(sgnprob[1:i - 1]) = 0.1378299120234604
1152/16384
mean(sgnprob[1:i - 1]) = 0.1676802780191138
1280/16384
mean(sgnprob[1:i - 1]) = 0.19781078967943705
1408/16384
mean(sgnprob[1:i - 1]) = 0.2267235252309879
1536/16384
mean(sgnprob[1:i - 1]) = 0.2521172638436482
1664/16384
mean(sgnprob[1:i - 1]) = 0.2687913409500902
1792/16384
mean(sgnprob[1:i - 1]) = 0.2841987716359576
1920/16384
mean(sgnprob[1:i - 1]) = 0.23606044815007818
2048/16384
mean(sgnprob[1:i - 1]) = 0.25744992672203226
2176/16384
mean(sgnprob[1:i - 1]) = 0.26804597701149424
2304/16384
mean(sgnprob[1:i - 1]) = 0.2826747720364742
2432/16384
mean(sgnprob[1:i - 1]) = 0.29411764705882354
2560/16384
mean(sgnprob[1:i - 1]) = 0.31223134036733097
2688/16384
mean(sgnprob[1:i - 1]) = 0.2757722366951991
2816/16384
mean(sgnprob[1:i - 1]) = 0.28454706927175843
2944/16384
mean(sgnprob[1:i - 1]) = 0.29527692830445124
3072/16384
mean(sgnprob[1:i - 1]) = 0.26147834581569523
3200/16384
mean(sgnprob[1:i - 1]) = 0.26727102219443577
3328/16384
mean(sgnprob[1:i - 1]) = 0.2750225428313796
3456/16384
mean(sgnprob[1:i - 1]) = 0.28625180897250363
3584/16384
mean(sgnprob[1:i - 1]) = 0.2570471671783422
3712/16384
mean(sgnprob[1:i - 1]) = 0.2670439234707626
3840/16384
mean(sgnprob[1:i - 1]) = 0.27897890075540505
3968/16384
mean(sgnprob[1:i - 1]) = 0.2891353667759012
4096/16384
mean(sgnprob[1:i - 1]) = 0.2967032967032967
4224/16384
mean(sgnprob[1:i - 1]) = 0.30381245560028414
4352/16384
mean(sgnprob[1:i - 1]) = 0.30958400367731553
4480/16384
mean(sgnprob[1:i - 1]) = 0.28689439607055145
4608/16384
mean(sgnprob[1:i - 1]) = 0.2932494030822661
4736/16384
mean(sgnprob[1:i - 1]) = 0.27560718057022177
4864/16384
mean(sgnprob[1:i - 1]) = 0.2815134690520255
4992/16384
mean(sgnprob[1:i - 1]) = 0.2847124824684432
5120/16384
mean(sgnprob[1:i - 1]) = 0.2908771244383669
5248/16384
mean(sgnprob[1:i - 1]) = 0.2715837621497999
5376/16384
mean(sgnprob[1:i - 1]) = 0.2725581395348837
5504/16384
mean(sgnprob[1:i - 1]) = 0.2793021988006542
5632/16384
mean(sgnprob[1:i - 1]) = 0.28467412537737524
5760/16384
mean(sgnprob[1:i - 1]) = 0.2901545407188748
5888/16384
mean(sgnprob[1:i - 1]) = 0.29233905214880246
6016/16384
mean(sgnprob[1:i - 1]) = 0.2950955943474647
6144/16384
mean(sgnprob[1:i - 1]) = 0.2996907048673287
6272/16384
mean(sgnprob[1:i - 1]) = 0.30409822994737684
6400/16384
mean(sgnprob[1:i - 1]) = 0.28582591029848414
6528/16384
mean(sgnprob[1:i - 1]) = 0.2930902405392983
6656/16384
mean(sgnprob[1:i - 1]) = 0.29797145003756575
6784/16384
mean(sgnprob[1:i - 1]) = 0.2837977296181631
6912/16384
mean(sgnprob[1:i - 1]) = 0.2906959918969758
7040/16384
mean(sgnprob[1:i - 1]) = 0.2777383151015769
7168/16384
mean(sgnprob[1:i - 1]) = 0.28170782754290496
7296/16384
mean(sgnprob[1:i - 1]) = 0.28389307745030845
7424/16384
mean(sgnprob[1:i - 1]) = 0.28735012798060083
7552/16384
mean(sgnprob[1:i - 1]) = 0.29042510925705206
7680/16384
mean(sgnprob[1:i - 1]) = 0.29365802838911315
7808/16384
mean(sgnprob[1:i - 1]) = 0.29652875624439606
7936/16384
mean(sgnprob[1:i - 1]) = 0.299054820415879
8064/16384
mean(sgnprob[1:i - 1]) = 0.2861217908966886
8192/16384
mean(sgnprob[1:i - 1]) = 0.2887315346111586
8320/16384
mean(sgnprob[1:i - 1]) = 0.2907801418439716
8448/16384
mean(sgnprob[1:i - 1]) = 0.2927666627204925
8576/16384
mean(sgnprob[1:i - 1]) = 0.2960932944606414
8704/16384
mean(sgnprob[1:i - 1]) = 0.28645294725956566
8832/16384
mean(sgnprob[1:i - 1]) = 0.28796285811346395
8960/16384
mean(sgnprob[1:i - 1]) = 0.2907690590467686
9088/16384
mean(sgnprob[1:i - 1]) = 0.28073071420710904
9216/16384
mean(sgnprob[1:i - 1]) = 0.28421052631578947
9344/16384
mean(sgnprob[1:i - 1]) = 0.28631060687145454
9472/16384
mean(sgnprob[1:i - 1]) = 0.2765283496990814
9600/16384
mean(sgnprob[1:i - 1]) = 0.278674861964788
9728/16384
mean(sgnprob[1:i - 1]) = 0.28117610774133855
9856/16384
mean(sgnprob[1:i - 1]) = 0.28442415017757483
9984/16384
mean(sgnprob[1:i - 1]) = 0.28638685765801863
10112/16384
mean(sgnprob[1:i - 1]) = 0.27781623973889824
10240/16384
mean(sgnprob[1:i - 1]) = 0.2802031448383631
10368/16384
mean(sgnprob[1:i - 1]) = 0.2825311083244912
10496/16384
mean(sgnprob[1:i - 1]) = 0.2834683182467842
10624/16384
mean(sgnprob[1:i - 1]) = 0.2870187329379648
10752/16384
mean(sgnprob[1:i - 1]) = 0.28881034322388616
10880/16384
mean(sgnprob[1:i - 1]) = 0.27934552808162516
11008/16384
mean(sgnprob[1:i - 1]) = 0.28191151085672755
11136/16384
mean(sgnprob[1:i - 1]) = 0.2828019757521329
11264/16384
mean(sgnprob[1:i - 1]) = 0.2856254994228891
11392/16384
mean(sgnprob[1:i - 1]) = 0.28943903081380035
11520/16384
mean(sgnprob[1:i - 1]) = 0.29004253841479294
11648/16384
mean(sgnprob[1:i - 1]) = 0.28118828882974156
11776/16384
mean(sgnprob[1:i - 1]) = 0.2728662420382166
11904/16384
mean(sgnprob[1:i - 1]) = 0.26505922876585736
12032/16384
mean(sgnprob[1:i - 1]) = 0.26606267143213364
12160/16384
mean(sgnprob[1:i - 1]) = 0.2688543465745538
12288/16384
mean(sgnprob[1:i - 1]) = 0.27061121510539593
12416/16384
mean(sgnprob[1:i - 1]) = 0.2626661296818365
12544/16384
mean(sgnprob[1:i - 1]) = 0.26572590289404446
12672/16384
mean(sgnprob[1:i - 1]) = 0.26825033541156973
12800/16384
mean(sgnprob[1:i - 1]) = 0.2699429642940855
12928/16384
mean(sgnprob[1:i - 1]) = 0.2726850777442562
13056/16384
mean(sgnprob[1:i - 1]) = 0.26480275756415167
13184/16384
mean(sgnprob[1:i - 1]) = 0.268300083440795
13312/16384
mean(sgnprob[1:i - 1]) = 0.2697768762677485
13440/16384
mean(sgnprob[1:i - 1]) = 0.27107671701763525
13568/16384
mean(sgnprob[1:i - 1]) = 0.27367877939116975
13696/16384
mean(sgnprob[1:i - 1]) = 0.26673968601679443
13824/16384
mean(sgnprob[1:i - 1]) = 0.2684656008102438
13952/16384
mean(sgnprob[1:i - 1]) = 0.2704465629703964
14080/16384
mean(sgnprob[1:i - 1]) = 0.27281767170963844
14208/16384
mean(sgnprob[1:i - 1]) = 0.2750052790877736
14336/16384
mean(sgnprob[1:i - 1]) = 0.2767352633414719
14464/16384
mean(sgnprob[1:i - 1]) = 0.27995574915301114
14592/16384
mean(sgnprob[1:i - 1]) = 0.2817490233705709
14720/16384
mean(sgnprob[1:i - 1]) = 0.2836469868876962
14848/16384
mean(sgnprob[1:i - 1]) = 0.27567858826699
14976/16384
mean(sgnprob[1:i - 1]) = 0.2767946577629382
15104/16384
mean(sgnprob[1:i - 1]) = 0.27921604979143216
15232/16384
mean(sgnprob[1:i - 1]) = 0.2815967434836846
15360/16384
mean(sgnprob[1:i - 1]) = 0.28393775636434665
15488/16384
mean(sgnprob[1:i - 1]) = 0.28546522890165943
15616/16384
mean(sgnprob[1:i - 1]) = 0.28812039705411463
15744/16384
mean(sgnprob[1:i - 1]) = 0.29035126722988
15872/16384
mean(sgnprob[1:i - 1]) = 0.2848591771154937
16000/16384
mean(sgnprob[1:i - 1]) = 0.2875804737796112
16128/16384
mean(sgnprob[1:i - 1]) = 0.2813294475103863
16256/16384
mean(sgnprob[1:i - 1]) = 0.28317440787450016
16384/16384
mean(sgnprob[1:i - 1]) = 0.284990538973326
791.707922 seconds (167.11 M allocations: 70.745 GiB, 1.81% gc time, 1.22% compilation time)
