## SLURM PROLOG ###############################################################
##    Job ID : 8834000
##  Job Name : sbatch_etgent.sh
##  Nodelist : node1733
##      CPUs : 8
##  Mem/Node : 4096 MB
## Directory : /oscar/home/trazzaz/AFQMC
##   Job Started : Fri Feb 28 04:09:27 AM EST 2025
###############################################################################
seed = 1554
U = 2.0
β = 6.0
Warming up
128/1024
256/1024
384/1024
512/1024
640/1024
768/1024
896/1024
1024/1024
Measuring
128/16384
mean(sgnprob[1:i - 1]) = 0.48031496062992124
256/16384
mean(sgnprob[1:i - 1]) = 0.5058823529411764
384/16384
mean(sgnprob[1:i - 1]) = 0.5195822454308094
512/16384
mean(sgnprob[1:i - 1]) = 0.5303326810176126
640/16384
mean(sgnprob[1:i - 1]) = 0.5273865414710485
768/16384
mean(sgnprob[1:i - 1]) = 0.49674054758800523
896/16384
mean(sgnprob[1:i - 1]) = 0.49050279329608937
1024/16384
mean(sgnprob[1:i - 1]) = 0.4760508308895406
1152/16384
mean(sgnprob[1:i - 1]) = 0.47002606429192006
1280/16384
mean(sgnprob[1:i - 1]) = 0.4808444096950743
1408/16384
mean(sgnprob[1:i - 1]) = 0.48542999289267946
1536/16384
mean(sgnprob[1:i - 1]) = 0.48925081433224754
1664/16384
mean(sgnprob[1:i - 1]) = 0.4792543595911004
1792/16384
mean(sgnprob[1:i - 1]) = 0.41820212171970966
1920/16384
mean(sgnprob[1:i - 1]) = 0.4340802501302762
2048/16384
mean(sgnprob[1:i - 1]) = 0.441133365901319
2176/16384
mean(sgnprob[1:i - 1]) = 0.38022988505747124
2304/16384
mean(sgnprob[1:i - 1]) = 0.33651758575770735
2432/16384
mean(sgnprob[1:i - 1]) = 0.3434800493624023
2560/16384
mean(sgnprob[1:i - 1]) = 0.3481828839390387
2688/16384
mean(sgnprob[1:i - 1]) = 0.35318198734648304
2816/16384
mean(sgnprob[1:i - 1]) = 0.3577264653641208
2944/16384
mean(sgnprob[1:i - 1]) = 0.3666326877336052
3072/16384
mean(sgnprob[1:i - 1]) = 0.3689352002605015
3200/16384
mean(sgnprob[1:i - 1]) = 0.3716786495779931
3328/16384
mean(sgnprob[1:i - 1]) = 0.3393447550345657
3456/16384
mean(sgnprob[1:i - 1]) = 0.3111432706222865
3584/16384
mean(sgnprob[1:i - 1]) = 0.31844822774211556
3712/16384
mean(sgnprob[1:i - 1]) = 0.28644570196712477
3840/16384
mean(sgnprob[1:i - 1]) = 0.29460797082573587
3968/16384
mean(sgnprob[1:i - 1]) = 0.29921855306276784
4096/16384
mean(sgnprob[1:i - 1]) = 0.306959706959707
4224/16384
mean(sgnprob[1:i - 1]) = 0.2815533980582524
4352/16384
mean(sgnprob[1:i - 1]) = 0.25948057917720063
4480/16384
mean(sgnprob[1:i - 1]) = 0.2632283991962492
4608/16384
mean(sgnprob[1:i - 1]) = 0.24202300846537877
4736/16384
mean(sgnprob[1:i - 1]) = 0.24688489968321015
4864/16384
mean(sgnprob[1:i - 1]) = 0.25354719309068474
4992/16384
mean(sgnprob[1:i - 1]) = 0.23422159887798036
5120/16384
mean(sgnprob[1:i - 1]) = 0.24321156475874195
5248/16384
mean(sgnprob[1:i - 1]) = 0.24795121021536115
5376/16384
mean(sgnprob[1:i - 1]) = 0.25506976744186044
5504/16384
mean(sgnprob[1:i - 1]) = 0.25640559694711973
5632/16384
mean(sgnprob[1:i - 1]) = 0.23992186112591013
5760/16384
mean(sgnprob[1:i - 1]) = 0.24327140128494532
5888/16384
mean(sgnprob[1:i - 1]) = 0.25021233225751655
6016/16384
mean(sgnprob[1:i - 1]) = 0.25752285951787196
6144/16384
mean(sgnprob[1:i - 1]) = 0.24271528569103043
6272/16384
mean(sgnprob[1:i - 1]) = 0.24828575984691437
6400/16384
mean(sgnprob[1:i - 1]) = 0.23300515705578997
6528/16384
mean(sgnprob[1:i - 1]) = 0.217404626934273
6656/16384
mean(sgnprob[1:i - 1]) = 0.20360631104432758
6784/16384
mean(sgnprob[1:i - 1]) = 0.20890461447736988
6912/16384
mean(sgnprob[1:i - 1]) = 0.21834756185790768
7040/16384
mean(sgnprob[1:i - 1]) = 0.22346924279016905
7168/16384
mean(sgnprob[1:i - 1]) = 0.22784986744802568
7296/16384
mean(sgnprob[1:i - 1]) = 0.23399588759424264
7424/16384
mean(sgnprob[1:i - 1]) = 0.23750505186582244
7552/16384
mean(sgnprob[1:i - 1]) = 0.23983578333995498
7680/16384
mean(sgnprob[1:i - 1]) = 0.24339106654512307
7808/16384
mean(sgnprob[1:i - 1]) = 0.2278724221852184
7936/16384
mean(sgnprob[1:i - 1]) = 0.2315059861373661
8064/16384
mean(sgnprob[1:i - 1]) = 0.2367605109760635
8192/16384
mean(sgnprob[1:i - 1]) = 0.24209498229764376
8320/16384
mean(sgnprob[1:i - 1]) = 0.2472652963096526
8448/16384
mean(sgnprob[1:i - 1]) = 0.25156860423819105
8576/16384
mean(sgnprob[1:i - 1]) = 0.2529446064139942
8704/16384
mean(sgnprob[1:i - 1]) = 0.25519935654372056
8832/16384
mean(sgnprob[1:i - 1]) = 0.24289434945079832
8960/16384
mean(sgnprob[1:i - 1]) = 0.24411206607880342
9088/16384
mean(sgnprob[1:i - 1]) = 0.24551557169582922
9216/16384
mean(sgnprob[1:i - 1]) = 0.2481823114487249
9344/16384
mean(sgnprob[1:i - 1]) = 0.23814620571550893
9472/16384
mean(sgnprob[1:i - 1]) = 0.2423186569528033
9600/16384
mean(sgnprob[1:i - 1]) = 0.24617147619543703
9728/16384
mean(sgnprob[1:i - 1]) = 0.2359411946129331
9856/16384
mean(sgnprob[1:i - 1]) = 0.2393708777270421
9984/16384
mean(sgnprob[1:i - 1]) = 0.23069217670039066
10112/16384
mean(sgnprob[1:i - 1]) = 0.23350806052813766
10240/16384
mean(sgnprob[1:i - 1]) = 0.22472897743920306
10368/16384
mean(sgnprob[1:i - 1]) = 0.22793479309346967
10496/16384
mean(sgnprob[1:i - 1]) = 0.2299190090519295
10624/16384
mean(sgnprob[1:i - 1]) = 0.233173303210016
10752/16384
mean(sgnprob[1:i - 1]) = 0.23690819458655007
10880/16384
mean(sgnprob[1:i - 1]) = 0.23926831510249102
11008/16384
mean(sgnprob[1:i - 1]) = 0.24121013900245297
11136/16384
mean(sgnprob[1:i - 1]) = 0.23340817242927706
11264/16384
mean(sgnprob[1:i - 1]) = 0.23661546657196128
11392/16384
mean(sgnprob[1:i - 1]) = 0.2404529892020016
11520/16384
mean(sgnprob[1:i - 1]) = 0.23222501953294558
11648/16384
mean(sgnprob[1:i - 1]) = 0.23396582811024297
11776/16384
mean(sgnprob[1:i - 1]) = 0.22751592356687897
11904/16384
mean(sgnprob[1:i - 1]) = 0.22859783247920692
12032/16384
mean(sgnprob[1:i - 1]) = 0.2324827528883717
12160/16384
mean(sgnprob[1:i - 1]) = 0.2349699810839707
12288/16384
mean(sgnprob[1:i - 1]) = 0.23838202978758036
12416/16384
mean(sgnprob[1:i - 1]) = 0.24043495771244464
12544/16384
mean(sgnprob[1:i - 1]) = 0.24451885513832416
12672/16384
mean(sgnprob[1:i - 1]) = 0.24678399494909636
12800/16384
mean(sgnprob[1:i - 1]) = 0.24994140167200563
12928/16384
mean(sgnprob[1:i - 1]) = 0.2462288233928986
13056/16384
mean(sgnprob[1:i - 1]) = 0.23952508617387974
13184/16384
mean(sgnprob[1:i - 1]) = 0.23279981794735644
13312/16384
mean(sgnprob[1:i - 1]) = 0.22590338817519345
13440/16384
mean(sgnprob[1:i - 1]) = 0.22866284693801622
13568/16384
mean(sgnprob[1:i - 1]) = 0.23019090440038328
13696/16384
mean(sgnprob[1:i - 1]) = 0.23154435925520264
13824/16384
mean(sgnprob[1:i - 1]) = 0.23374086667148955
13952/16384
mean(sgnprob[1:i - 1]) = 0.23575370941151172
14080/16384
mean(sgnprob[1:i - 1]) = 0.23801406349882803
14208/16384
mean(sgnprob[1:i - 1]) = 0.23108326881114943
14336/16384
mean(sgnprob[1:i - 1]) = 0.2252528775723753
14464/16384
mean(sgnprob[1:i - 1]) = 0.21952568623383806
14592/16384
mean(sgnprob[1:i - 1]) = 0.22061544787882942
14720/16384
mean(sgnprob[1:i - 1]) = 0.22399619539370882
14848/16384
mean(sgnprob[1:i - 1]) = 0.2267798208392268
14976/16384
mean(sgnprob[1:i - 1]) = 0.22898163606010016
15104/16384
mean(sgnprob[1:i - 1]) = 0.2314109779514004
15232/16384
mean(sgnprob[1:i - 1]) = 0.23458735473704945
15360/16384
mean(sgnprob[1:i - 1]) = 0.23666905397486815
15488/16384
mean(sgnprob[1:i - 1]) = 0.2389746238780913
15616/16384
mean(sgnprob[1:i - 1]) = 0.23291706692283062
15744/16384
mean(sgnprob[1:i - 1]) = 0.22683097249571238
15872/16384
mean(sgnprob[1:i - 1]) = 0.220717031062945
16000/16384
mean(sgnprob[1:i - 1]) = 0.22320145009063067
16128/16384
mean(sgnprob[1:i - 1]) = 0.22527438457245613
16256/16384
mean(sgnprob[1:i - 1]) = 0.2199323285143033
16384/16384
mean(sgnprob[1:i - 1]) = 0.21491790270402247
743.874803 seconds (167.11 M allocations: 70.745 GiB, 1.84% gc time, 1.27% compilation time)
