## SLURM PROLOG ###############################################################
##    Job ID : 8833860
##  Job Name : sbatch_etgent.sh
##  Nodelist : node1322
##      CPUs : 8
##  Mem/Node : 4096 MB
## Directory : /oscar/home/trazzaz/AFQMC
##   Job Started : Fri Feb 28 12:21:30 AM EST 2025
###############################################################################
seed = 1414
U = 2.0
β = 6.0
Warming up
128/1024
256/1024
384/1024
512/1024
640/1024
768/1024
896/1024
1024/1024
Measuring
128/16384
mean(sgnprob[1:i - 1]) = 0.5905511811023622
256/16384
mean(sgnprob[1:i - 1]) = 0.5137254901960784
384/16384
mean(sgnprob[1:i - 1]) = 0.16971279373368145
512/16384
mean(sgnprob[1:i - 1]) = 0.24853228962818003
640/16384
mean(sgnprob[1:i - 1]) = 0.29577464788732394
768/16384
mean(sgnprob[1:i - 1]) = 0.34028683181225555
896/16384
mean(sgnprob[1:i - 1]) = 0.376536312849162
1024/16384
mean(sgnprob[1:i - 1]) = 0.2668621700879765
1152/16384
mean(sgnprob[1:i - 1]) = 0.3014769765421373
1280/16384
mean(sgnprob[1:i - 1]) = 0.32603596559812353
1408/16384
mean(sgnprob[1:i - 1]) = 0.3404406538734897
1536/16384
mean(sgnprob[1:i - 1]) = 0.3472312703583062
1664/16384
mean(sgnprob[1:i - 1]) = 0.2880336740829826
1792/16384
mean(sgnprob[1:i - 1]) = 0.30876605248464545
1920/16384
mean(sgnprob[1:i - 1]) = 0.31943720687858257
2048/16384
mean(sgnprob[1:i - 1]) = 0.33170493404982904
2176/16384
mean(sgnprob[1:i - 1]) = 0.3406896551724138
2304/16384
mean(sgnprob[1:i - 1]) = 0.34607034303082934
2432/16384
mean(sgnprob[1:i - 1]) = 0.2965857671740025
2560/16384
mean(sgnprob[1:i - 1]) = 0.30754200859710823
2688/16384
mean(sgnprob[1:i - 1]) = 0.3196873836992929
2816/16384
mean(sgnprob[1:i - 1]) = 0.28525754884547067
2944/16384
mean(sgnprob[1:i - 1]) = 0.2945973496432212
3072/16384
mean(sgnprob[1:i - 1]) = 0.30511234125691955
3200/16384
mean(sgnprob[1:i - 1]) = 0.27602375742419505
3328/16384
mean(sgnprob[1:i - 1]) = 0.2882476705740908
3456/16384
mean(sgnprob[1:i - 1]) = 0.2972503617945007
3584/16384
mean(sgnprob[1:i - 1]) = 0.3072843985487022
3712/16384
mean(sgnprob[1:i - 1]) = 0.3177041228779305
3840/16384
mean(sgnprob[1:i - 1]) = 0.322219327949987
3968/16384
mean(sgnprob[1:i - 1]) = 0.3294681119233678
4096/16384
mean(sgnprob[1:i - 1]) = 0.3045177045177045
4224/16384
mean(sgnprob[1:i - 1]) = 0.30854842529007814
4352/16384
mean(sgnprob[1:i - 1]) = 0.3150999770167778
4480/16384
mean(sgnprob[1:i - 1]) = 0.29091315025675374
4608/16384
mean(sgnprob[1:i - 1]) = 0.29628825700021705
4736/16384
mean(sgnprob[1:i - 1]) = 0.30263991552270325
4864/16384
mean(sgnprob[1:i - 1]) = 0.3082459387209541
4992/16384
mean(sgnprob[1:i - 1]) = 0.3127629733520337
5120/16384
mean(sgnprob[1:i - 1]) = 0.2900957218206681
5248/16384
mean(sgnprob[1:i - 1]) = 0.29369163331427484
5376/16384
mean(sgnprob[1:i - 1]) = 0.2986046511627907
5504/16384
mean(sgnprob[1:i - 1]) = 0.30328911502816647
5632/16384
mean(sgnprob[1:i - 1]) = 0.31202273130882613
5760/16384
mean(sgnprob[1:i - 1]) = 0.3182844243792325
5888/16384
mean(sgnprob[1:i - 1]) = 0.2998131476133854
6016/16384
mean(sgnprob[1:i - 1]) = 0.28512053200332504
6144/16384
mean(sgnprob[1:i - 1]) = 0.28797004720820446
6272/16384
mean(sgnprob[1:i - 1]) = 0.27316217509169194
6400/16384
mean(sgnprob[1:i - 1]) = 0.2795749335833724
6528/16384
mean(sgnprob[1:i - 1]) = 0.2845104948674736
6656/16384
mean(sgnprob[1:i - 1]) = 0.2901577761081893
6784/16384
mean(sgnprob[1:i - 1]) = 0.2749520860975969
6912/16384
mean(sgnprob[1:i - 1]) = 0.2811459991318188
7040/16384
mean(sgnprob[1:i - 1]) = 0.26665719562437845
7168/16384
mean(sgnprob[1:i - 1]) = 0.2727780103251012
7296/16384
mean(sgnprob[1:i - 1]) = 0.2756682659355723
7424/16384
mean(sgnprob[1:i - 1]) = 0.2806143068840092
7552/16384
mean(sgnprob[1:i - 1]) = 0.2673818037346047
7680/16384
mean(sgnprob[1:i - 1]) = 0.2733428831879151
7808/16384
mean(sgnprob[1:i - 1]) = 0.2765466888689638
7936/16384
mean(sgnprob[1:i - 1]) = 0.28090737240075614
8064/16384
mean(sgnprob[1:i - 1]) = 0.2843854644673199
8192/16384
mean(sgnprob[1:i - 1]) = 0.28824319374923696
8320/16384
mean(sgnprob[1:i - 1]) = 0.2770765717033297
8448/16384
mean(sgnprob[1:i - 1]) = 0.27927074701077303
8576/16384
mean(sgnprob[1:i - 1]) = 0.2825655976676385
8704/16384
mean(sgnprob[1:i - 1]) = 0.26898770538894634
8832/16384
mean(sgnprob[1:i - 1]) = 0.2709772392707508
8960/16384
mean(sgnprob[1:i - 1]) = 0.2735796405848867
9088/16384
mean(sgnprob[1:i - 1]) = 0.26246285902938266
9216/16384
mean(sgnprob[1:i - 1]) = 0.25295713510580575
9344/16384
mean(sgnprob[1:i - 1]) = 0.24221342181312214
9472/16384
mean(sgnprob[1:i - 1]) = 0.24780910146763804
9600/16384
mean(sgnprob[1:i - 1]) = 0.25325554745285966
9728/16384
mean(sgnprob[1:i - 1]) = 0.24601624344607792
9856/16384
mean(sgnprob[1:i - 1]) = 0.2359208523592085
9984/16384
mean(sgnprob[1:i - 1]) = 0.23830511870179305
10112/16384
mean(sgnprob[1:i - 1]) = 0.22757392938383939
10240/16384
mean(sgnprob[1:i - 1]) = 0.2178923723019826
10368/16384
mean(sgnprob[1:i - 1]) = 0.20980032796373108
10496/16384
mean(sgnprob[1:i - 1]) = 0.2032396379228204
10624/16384
mean(sgnprob[1:i - 1]) = 0.20512096394615456
10752/16384
mean(sgnprob[1:i - 1]) = 0.20937587201190586
10880/16384
mean(sgnprob[1:i - 1]) = 0.21316297453810093
11008/16384
mean(sgnprob[1:i - 1]) = 0.2168619969110566
11136/16384
mean(sgnprob[1:i - 1]) = 0.2195779074988774
11264/16384
mean(sgnprob[1:i - 1]) = 0.2103347243185652
11392/16384
mean(sgnprob[1:i - 1]) = 0.21376525327012555
11520/16384
mean(sgnprob[1:i - 1]) = 0.2060074659258616
11648/16384
mean(sgnprob[1:i - 1]) = 0.21026873873100368
11776/16384
mean(sgnprob[1:i - 1]) = 0.21154989384288747
11904/16384
mean(sgnprob[1:i - 1]) = 0.21448374359405192
12032/16384
mean(sgnprob[1:i - 1]) = 0.21818635192419583
12160/16384
mean(sgnprob[1:i - 1]) = 0.21046138662718974
12288/16384
mean(sgnprob[1:i - 1]) = 0.21331488565150158
12416/16384
mean(sgnprob[1:i - 1]) = 0.2067660088602497
12544/16384
mean(sgnprob[1:i - 1]) = 0.20035079327114724
12672/16384
mean(sgnprob[1:i - 1]) = 0.20400915476284429
12800/16384
mean(sgnprob[1:i - 1]) = 0.20696929447613094
12928/16384
mean(sgnprob[1:i - 1]) = 0.2104896727779067
13056/16384
mean(sgnprob[1:i - 1]) = 0.2029107621600919
13184/16384
mean(sgnprob[1:i - 1]) = 0.19608586816354395
13312/16384
mean(sgnprob[1:i - 1]) = 0.19810682893847195
13440/16384
mean(sgnprob[1:i - 1]) = 0.1922018007292209
13568/16384
mean(sgnprob[1:i - 1]) = 0.19436868873000662
13696/16384
mean(sgnprob[1:i - 1]) = 0.1972252646951442
13824/16384
mean(sgnprob[1:i - 1]) = 0.1900455762135571
13952/16384
mean(sgnprob[1:i - 1]) = 0.19303275750842233
14080/16384
mean(sgnprob[1:i - 1]) = 0.194687122664962
14208/16384
mean(sgnprob[1:i - 1]) = 0.18814668825227002
14336/16384
mean(sgnprob[1:i - 1]) = 0.18214161144053018
14464/16384
mean(sgnprob[1:i - 1]) = 0.17651939431653185
14592/16384
mean(sgnprob[1:i - 1]) = 0.18017956274415736
14720/16384
mean(sgnprob[1:i - 1]) = 0.18309667776343502
14848/16384
mean(sgnprob[1:i - 1]) = 0.18636761635347207
14976/16384
mean(sgnprob[1:i - 1]) = 0.19051752921535894
15104/16384
mean(sgnprob[1:i - 1]) = 0.1919486194795736
15232/16384
mean(sgnprob[1:i - 1]) = 0.19493138992843542
15360/16384
mean(sgnprob[1:i - 1]) = 0.1972133602448076
15488/16384
mean(sgnprob[1:i - 1]) = 0.1988119067605088
15616/16384
mean(sgnprob[1:i - 1]) = 0.202049311559398
15744/16384
mean(sgnprob[1:i - 1]) = 0.2044718287492854
15872/16384
mean(sgnprob[1:i - 1]) = 0.19916829437338543
16000/16384
mean(sgnprob[1:i - 1]) = 0.20157509844365273
16128/16384
mean(sgnprob[1:i - 1]) = 0.1951385874620202
16256/16384
mean(sgnprob[1:i - 1]) = 0.19741617963703476
16384/16384
mean(sgnprob[1:i - 1]) = 0.19221143868644328
798.943223 seconds (167.11 M allocations: 70.745 GiB, 1.85% gc time, 1.22% compilation time)
