## SLURM PROLOG ###############################################################
##    Job ID : 5902751
##  Job Name : etgent_N2_seed1239
##  Nodelist : node1737
##      CPUs : 8
##  Mem/Node : 2048 MB
## Directory : /oscar/home/trazzaz/AFQMC
##   Job Started : Mon Nov 11 12:26:16 AM EST 2024
###############################################################################
U = 2.0
seed = 1239
λₖ = 0.0
Warming up
128/512
256/512
384/512
512/512
Measuring
128/1024
256/1024
384/1024
512/1024
640/1024
768/1024
896/1024
1024/1024
356.726705 seconds (203.81 M allocations: 1.089 TiB, 27.16% gc time, 2.91% compilation time)
λₖ = 0.2
Warming up
128/512
256/512
384/512
512/512
Measuring
128/1024
256/1024
384/1024
512/1024
640/1024
768/1024
896/1024
1024/1024
383.884962 seconds (201.96 M allocations: 1.089 TiB, 27.26% gc time, 0.03% compilation time)
λₖ = 0.4
Warming up
128/512
256/512
384/512
512/512
Measuring
128/1024
256/1024
384/1024
512/1024
640/1024
768/1024
896/1024
1024/1024
308.287869 seconds (201.96 M allocations: 1.089 TiB, 30.13% gc time)
λₖ = 0.6
Warming up
128/512
256/512
384/512
512/512
Measuring
128/1024
256/1024
384/1024
512/1024
640/1024
768/1024
896/1024
1024/1024
313.786367 seconds (201.96 M allocations: 1.089 TiB, 30.13% gc time)
λₖ = 0.8
Warming up
128/512
256/512
384/512
512/512
Measuring
128/1024
256/1024
384/1024
512/1024
640/1024
768/1024
896/1024
1024/1024
314.573768 seconds (201.96 M allocations: 1.089 TiB, 30.34% gc time)
