## SLURM PROLOG ###############################################################
##    Job ID : 8833932
##  Job Name : sbatch_etgent.sh
##  Nodelist : node1734
##      CPUs : 8
##  Mem/Node : 4096 MB
## Directory : /oscar/home/trazzaz/AFQMC
##   Job Started : Fri Feb 28 02:15:58 AM EST 2025
###############################################################################
seed = 1486
U = 2.0
β = 6.0
Warming up
128/1024
256/1024
384/1024
512/1024
640/1024
768/1024
896/1024
1024/1024
Measuring
128/16384
mean(sgnprob[1:i - 1]) = -0.3543307086614173
256/16384
mean(sgnprob[1:i - 1]) = -0.043137254901960784
384/16384
mean(sgnprob[1:i - 1]) = 0.10704960835509138
512/16384
mean(sgnprob[1:i - 1]) = 0.17416829745596868
640/16384
mean(sgnprob[1:i - 1]) = 0.21439749608763695
768/16384
mean(sgnprob[1:i - 1]) = 0.13689700130378096
896/16384
mean(sgnprob[1:i - 1]) = 0.054748603351955305
1024/16384
mean(sgnprob[1:i - 1]) = 0.10068426197458455
1152/16384
mean(sgnprob[1:i - 1]) = 0.06168549087749783
1280/16384
mean(sgnprob[1:i - 1]) = 0.09616888193901485
1408/16384
mean(sgnprob[1:i - 1]) = 0.13148542999289267
1536/16384
mean(sgnprob[1:i - 1]) = 0.09576547231270359
1664/16384
mean(sgnprob[1:i - 1]) = 0.11846061334936861
1792/16384
mean(sgnprob[1:i - 1]) = 0.12897822445561138
1920/16384
mean(sgnprob[1:i - 1]) = 0.09431995831162064
2048/16384
mean(sgnprob[1:i - 1]) = 0.063019052271617
2176/16384
mean(sgnprob[1:i - 1]) = 0.06942528735632184
2304/16384
mean(sgnprob[1:i - 1]) = 0.0864090316977855
2432/16384
mean(sgnprob[1:i - 1]) = 0.09831345125462773
2560/16384
mean(sgnprob[1:i - 1]) = 0.11137162954279015
2688/16384
mean(sgnprob[1:i - 1]) = 0.11425381466319315
2816/16384
mean(sgnprob[1:i - 1]) = 0.12753108348134992
2944/16384
mean(sgnprob[1:i - 1]) = 0.13761467889908258
3072/16384
mean(sgnprob[1:i - 1]) = 0.14881146206447413
3200/16384
mean(sgnprob[1:i - 1]) = 0.1522350734604564
3328/16384
mean(sgnprob[1:i - 1]) = 0.13435527502254282
3456/16384
mean(sgnprob[1:i - 1]) = 0.14211287988422577
3584/16384
mean(sgnprob[1:i - 1]) = 0.1481998325425621
3712/16384
mean(sgnprob[1:i - 1]) = 0.13500404203718674
3840/16384
mean(sgnprob[1:i - 1]) = 0.13727533211773899
3968/16384
mean(sgnprob[1:i - 1]) = 0.14091252835896143
4096/16384
mean(sgnprob[1:i - 1]) = 0.1457875457875458
4224/16384
mean(sgnprob[1:i - 1]) = 0.1560502012787118
4352/16384
mean(sgnprob[1:i - 1]) = 0.14824178349804643
4480/16384
mean(sgnprob[1:i - 1]) = 0.15472203616878769
4608/16384
mean(sgnprob[1:i - 1]) = 0.13609724332537443
4736/16384
mean(sgnprob[1:i - 1]) = 0.14044350580781415
4864/16384
mean(sgnprob[1:i - 1]) = 0.1453835081225581
4992/16384
mean(sgnprob[1:i - 1]) = 0.14446002805049088
5120/16384
mean(sgnprob[1:i - 1]) = 0.14866184801719085
5248/16384
mean(sgnprob[1:i - 1]) = 0.14999047074518773
5376/16384
mean(sgnprob[1:i - 1]) = 0.1523720930232558
5504/16384
mean(sgnprob[1:i - 1]) = 0.14083227330546974
5632/16384
mean(sgnprob[1:i - 1]) = 0.14295862191440242
5760/16384
mean(sgnprob[1:i - 1]) = 0.14603229727383227
5888/16384
mean(sgnprob[1:i - 1]) = 0.13810090028877187
6016/16384
mean(sgnprob[1:i - 1]) = 0.1401496259351621
6144/16384
mean(sgnprob[1:i - 1]) = 0.14406641706006837
6272/16384
mean(sgnprob[1:i - 1]) = 0.14495295806091532
6400/16384
mean(sgnprob[1:i - 1]) = 0.1445538365369589
6528/16384
mean(sgnprob[1:i - 1]) = 0.13405852612226138
6656/16384
mean(sgnprob[1:i - 1]) = 0.13749060856498874
6784/16384
mean(sgnprob[1:i - 1]) = 0.14020344980097302
6912/16384
mean(sgnprob[1:i - 1]) = 0.1315294458110259
7040/16384
mean(sgnprob[1:i - 1]) = 0.13283136809205853
7168/16384
mean(sgnprob[1:i - 1]) = 0.13408678666108553
7296/16384
mean(sgnprob[1:i - 1]) = 0.13858807402330364
7424/16384
mean(sgnprob[1:i - 1]) = 0.140778660918766
7552/16384
mean(sgnprob[1:i - 1]) = 0.1444841742815521
7680/16384
mean(sgnprob[1:i - 1]) = 0.137127230108087
7808/16384
mean(sgnprob[1:i - 1]) = 0.1397463814525426
7936/16384
mean(sgnprob[1:i - 1]) = 0.14228103339634532
8064/16384
mean(sgnprob[1:i - 1]) = 0.1457273967505891
8192/16384
mean(sgnprob[1:i - 1]) = 0.1397875717250641
8320/16384
mean(sgnprob[1:i - 1]) = 0.1340305325159274
8448/16384
mean(sgnprob[1:i - 1]) = 0.1369717059310998
8576/16384
mean(sgnprob[1:i - 1]) = 0.14029154518950437
8704/16384
mean(sgnprob[1:i - 1]) = 0.144203148339653
8832/16384
mean(sgnprob[1:i - 1]) = 0.13645113803646247
8960/16384
mean(sgnprob[1:i - 1]) = 0.13941288090188636
9088/16384
mean(sgnprob[1:i - 1]) = 0.14119071200616265
9216/16384
mean(sgnprob[1:i - 1]) = 0.1335865436787846
9344/16384
mean(sgnprob[1:i - 1]) = 0.13689393128545435
9472/16384
mean(sgnprob[1:i - 1]) = 0.14137894625699504
9600/16384
mean(sgnprob[1:i - 1]) = 0.14386915303677467
9728/16384
mean(sgnprob[1:i - 1]) = 0.1448545286316439
9856/16384
mean(sgnprob[1:i - 1]) = 0.14682902080162355
9984/16384
mean(sgnprob[1:i - 1]) = 0.1389361915255935
10112/16384
mean(sgnprob[1:i - 1]) = 0.13875976659084166
10240/16384
mean(sgnprob[1:i - 1]) = 0.13975974216232054
10368/16384
mean(sgnprob[1:i - 1]) = 0.13456158965949647
10496/16384
mean(sgnprob[1:i - 1]) = 0.12987136731777035
10624/16384
mean(sgnprob[1:i - 1]) = 0.12472936082086039
10752/16384
mean(sgnprob[1:i - 1]) = 0.1256627290484606
10880/16384
mean(sgnprob[1:i - 1]) = 0.12859637834359774
11008/16384
mean(sgnprob[1:i - 1]) = 0.12891796129735622
11136/16384
mean(sgnprob[1:i - 1]) = 0.12402334979793445
11264/16384
mean(sgnprob[1:i - 1]) = 0.1252774571606144
11392/16384
mean(sgnprob[1:i - 1]) = 0.12158721797910631
11520/16384
mean(sgnprob[1:i - 1]) = 0.11572185085510896
11648/16384
mean(sgnprob[1:i - 1]) = 0.11135914827852667
11776/16384
mean(sgnprob[1:i - 1]) = 0.10556263269639066
11904/16384
mean(sgnprob[1:i - 1]) = 0.09921868436528607
12032/16384
mean(sgnprob[1:i - 1]) = 0.09483833430305046
12160/16384
mean(sgnprob[1:i - 1]) = 0.09745867258820627
12288/16384
mean(sgnprob[1:i - 1]) = 0.10051273703914707
12416/16384
mean(sgnprob[1:i - 1]) = 0.09657672170761177
12544/16384
mean(sgnprob[1:i - 1]) = 0.09256158813680937
12672/16384
mean(sgnprob[1:i - 1]) = 0.09415200063136296
12800/16384
mean(sgnprob[1:i - 1]) = 0.09664817563872177
12928/16384
mean(sgnprob[1:i - 1]) = 0.09259689022975168
13056/16384
mean(sgnprob[1:i - 1]) = 0.09444657219456147
13184/16384
mean(sgnprob[1:i - 1]) = 0.09034362436471213
13312/16384
mean(sgnprob[1:i - 1]) = 0.09202914882428068
13440/16384
mean(sgnprob[1:i - 1]) = 0.09442666865094129
13568/16384
mean(sgnprob[1:i - 1]) = 0.09751603154713644
13696/16384
mean(sgnprob[1:i - 1]) = 0.0990872581234027
13824/16384
mean(sgnprob[1:i - 1]) = 0.09556536207769659
13952/16384
mean(sgnprob[1:i - 1]) = 0.09239481040785606
14080/16384
mean(sgnprob[1:i - 1]) = 0.09425385325662335
14208/16384
mean(sgnprob[1:i - 1]) = 0.09748715421975082
14336/16384
mean(sgnprob[1:i - 1]) = 0.09954656435298222
14464/16384
mean(sgnprob[1:i - 1]) = 0.10087810274493535
14592/16384
mean(sgnprob[1:i - 1]) = 0.09752587211294633
14720/16384
mean(sgnprob[1:i - 1]) = 0.10034649093009036
14848/16384
mean(sgnprob[1:i - 1]) = 0.10204081632653061
14976/16384
mean(sgnprob[1:i - 1]) = 0.09756260434056761
15104/16384
mean(sgnprob[1:i - 1]) = 0.09382241938687678
15232/16384
mean(sgnprob[1:i - 1]) = 0.09421574420589587
15360/16384
mean(sgnprob[1:i - 1]) = 0.09147730972068494
15488/16384
mean(sgnprob[1:i - 1]) = 0.09420804545748047
15616/16384
mean(sgnprob[1:i - 1]) = 0.09561319244316363
15744/16384
mean(sgnprob[1:i - 1]) = 0.0912786635329988
15872/16384
mean(sgnprob[1:i - 1]) = 0.0919286749417176
16000/16384
mean(sgnprob[1:i - 1]) = 0.09344334020876305
16128/16384
mean(sgnprob[1:i - 1]) = 0.09009735226638556
16256/16384
mean(sgnprob[1:i - 1]) = 0.09184866195016918
16384/16384
mean(sgnprob[1:i - 1]) = 0.08783495086370018
742.478519 seconds (167.11 M allocations: 70.745 GiB, 1.77% gc time, 1.23% compilation time)
