## SLURM PROLOG ###############################################################
##    Job ID : 8833850
##  Job Name : sbatch_etgent.sh
##  Nodelist : node1635
##      CPUs : 8
##  Mem/Node : 4096 MB
## Directory : /oscar/home/trazzaz/AFQMC
##   Job Started : Thu Feb 27 11:57:24 PM EST 2025
###############################################################################
seed = 1404
U = 2.0
β = 6.0
Warming up
128/1024
256/1024
384/1024
512/1024
640/1024
768/1024
896/1024
1024/1024
Measuring
128/16384
mean(sgnprob[1:i - 1]) = 0.3700787401574803
256/16384
mean(sgnprob[1:i - 1]) = 0.3176470588235294
384/16384
mean(sgnprob[1:i - 1]) = 0.13315926892950392
512/16384
mean(sgnprob[1:i - 1]) = 0.025440313111545987
640/16384
mean(sgnprob[1:i - 1]) = -0.04225352112676056
768/16384
mean(sgnprob[1:i - 1]) = -0.06388526727509779
896/16384
mean(sgnprob[1:i - 1]) = -0.01005586592178771
1024/16384
mean(sgnprob[1:i - 1]) = 0.04985337243401759
1152/16384
mean(sgnprob[1:i - 1]) = 0.07211120764552563
1280/16384
mean(sgnprob[1:i - 1]) = 0.1055512118842846
1408/16384
mean(sgnprob[1:i - 1]) = 0.13290689410092396
1536/16384
mean(sgnprob[1:i - 1]) = 0.15960912052117263
1664/16384
mean(sgnprob[1:i - 1]) = 0.1713770294648226
1792/16384
mean(sgnprob[1:i - 1]) = 0.13791178112786154
1920/16384
mean(sgnprob[1:i - 1]) = 0.10474205315268369
2048/16384
mean(sgnprob[1:i - 1]) = 0.11773326819736199
2176/16384
mean(sgnprob[1:i - 1]) = 0.08137931034482758
2304/16384
mean(sgnprob[1:i - 1]) = 0.056013894919669995
2432/16384
mean(sgnprob[1:i - 1]) = 0.0711641299876594
2560/16384
mean(sgnprob[1:i - 1]) = 0.08558030480656506
2688/16384
mean(sgnprob[1:i - 1]) = 0.09564570152586528
2816/16384
mean(sgnprob[1:i - 1]) = 0.10621669626998224
2944/16384
mean(sgnprob[1:i - 1]) = 0.07985049269452939
3072/16384
mean(sgnprob[1:i - 1]) = 0.06284597850862911
3200/16384
mean(sgnprob[1:i - 1]) = 0.06970928415129728
3328/16384
mean(sgnprob[1:i - 1]) = 0.0844604749023144
3456/16384
mean(sgnprob[1:i - 1]) = 0.09522431259044863
3584/16384
mean(sgnprob[1:i - 1]) = 0.10521909014792073
3712/16384
mean(sgnprob[1:i - 1]) = 0.08649959579628133
3840/16384
mean(sgnprob[1:i - 1]) = 0.09143005991143527
3968/16384
mean(sgnprob[1:i - 1]) = 0.07587597680867154
4096/16384
mean(sgnprob[1:i - 1]) = 0.06275946275946276
4224/16384
mean(sgnprob[1:i - 1]) = 0.0670139711105849
4352/16384
mean(sgnprob[1:i - 1]) = 0.07423580786026202
4480/16384
mean(sgnprob[1:i - 1]) = 0.07925876311676713
4608/16384
mean(sgnprob[1:i - 1]) = 0.08747558063815933
4736/16384
mean(sgnprob[1:i - 1]) = 0.07961985216473073
4864/16384
mean(sgnprob[1:i - 1]) = 0.07053259304955789
4992/16384
mean(sgnprob[1:i - 1]) = 0.07794029252654779
5120/16384
mean(sgnprob[1:i - 1]) = 0.08810314514553624
5248/16384
mean(sgnprob[1:i - 1]) = 0.09129026110158185
5376/16384
mean(sgnprob[1:i - 1]) = 0.09804651162790698
5504/16384
mean(sgnprob[1:i - 1]) = 0.10775940396147556
5632/16384
mean(sgnprob[1:i - 1]) = 0.09785118096252886
5760/16384
mean(sgnprob[1:i - 1]) = 0.09046709498176767
5888/16384
mean(sgnprob[1:i - 1]) = 0.08068625785629353
6016/16384
mean(sgnprob[1:i - 1]) = 0.06999168744804656
6144/16384
mean(sgnprob[1:i - 1]) = 0.06039394432687612
6272/16384
mean(sgnprob[1:i - 1]) = 0.053420507096156915
6400/16384
mean(sgnprob[1:i - 1]) = 0.04235036724488201
6528/16384
mean(sgnprob[1:i - 1]) = 0.03447219243143864
6656/16384
mean(sgnprob[1:i - 1]) = 0.040420736288504885
6784/16384
mean(sgnprob[1:i - 1]) = 0.0316968892820286
6912/16384
mean(sgnprob[1:i - 1]) = 0.03834466792070612
7040/16384
mean(sgnprob[1:i - 1]) = 0.044182412274470804
7168/16384
mean(sgnprob[1:i - 1]) = 0.04060276266220176
7296/16384
mean(sgnprob[1:i - 1]) = 0.044276901987662785
7424/16384
mean(sgnprob[1:i - 1]) = 0.04863262831739189
7552/16384
mean(sgnprob[1:i - 1]) = 0.05363528009535161
7680/16384
mean(sgnprob[1:i - 1]) = 0.05821070451881755
7808/16384
mean(sgnprob[1:i - 1]) = 0.05187652107083387
7936/16384
mean(sgnprob[1:i - 1]) = 0.04524259609325772
8064/16384
mean(sgnprob[1:i - 1]) = 0.04973334986977552
8192/16384
mean(sgnprob[1:i - 1]) = 0.04504944451226956
8320/16384
mean(sgnprob[1:i - 1]) = 0.04099050366630605
8448/16384
mean(sgnprob[1:i - 1]) = 0.03326624837220315
8576/16384
mean(sgnprob[1:i - 1]) = 0.038134110787172014
8704/16384
mean(sgnprob[1:i - 1]) = 0.041709755256808
8832/16384
mean(sgnprob[1:i - 1]) = 0.0460876457932284
8960/16384
mean(sgnprob[1:i - 1]) = 0.052796070990065856
9088/16384
mean(sgnprob[1:i - 1]) = 0.045889732585011556
9216/16384
mean(sgnprob[1:i - 1]) = 0.050895279435702656
9344/16384
mean(sgnprob[1:i - 1]) = 0.0459167291020015
9472/16384
mean(sgnprob[1:i - 1]) = 0.050364269876465
9600/16384
mean(sgnprob[1:i - 1]) = 0.045525575580789665
9728/16384
mean(sgnprob[1:i - 1]) = 0.040403001953325794
9856/16384
mean(sgnprob[1:i - 1]) = 0.037037037037037035
9984/16384
mean(sgnprob[1:i - 1]) = 0.04137032956025243
10112/16384
mean(sgnprob[1:i - 1]) = 0.04539610325388191
10240/16384
mean(sgnprob[1:i - 1]) = 0.042289286063092096
10368/16384
mean(sgnprob[1:i - 1]) = 0.04659014179608373
10496/16384
mean(sgnprob[1:i - 1]) = 0.04030490709861839
10624/16384
mean(sgnprob[1:i - 1]) = 0.04527911136213875
10752/16384
mean(sgnprob[1:i - 1]) = 0.040833410845502745
10880/16384
mean(sgnprob[1:i - 1]) = 0.04513282470815332
11008/16384
mean(sgnprob[1:i - 1]) = 0.04079222313073499
11136/16384
mean(sgnprob[1:i - 1]) = 0.04463403682083521
11264/16384
mean(sgnprob[1:i - 1]) = 0.049098819142324425
11392/16384
mean(sgnprob[1:i - 1]) = 0.043806513914493896
11520/16384
mean(sgnprob[1:i - 1]) = 0.04800763955204445
11648/16384
mean(sgnprob[1:i - 1]) = 0.05091439855756847
11776/16384
mean(sgnprob[1:i - 1]) = 0.053757961783439494
11904/16384
mean(sgnprob[1:i - 1]) = 0.056876417709821055
12032/16384
mean(sgnprob[1:i - 1]) = 0.05909733189261075
12160/16384
mean(sgnprob[1:i - 1]) = 0.055678920963895054
12288/16384
mean(sgnprob[1:i - 1]) = 0.05884267925449662
12416/16384
mean(sgnprob[1:i - 1]) = 0.053886427708417235
12544/16384
mean(sgnprob[1:i - 1]) = 0.04966913816471338
12672/16384
mean(sgnprob[1:i - 1]) = 0.04743114197774446
12800/16384
mean(sgnprob[1:i - 1]) = 0.04961325103523713
12928/16384
mean(sgnprob[1:i - 1]) = 0.05237100642066991
13056/16384
mean(sgnprob[1:i - 1]) = 0.05461509000382995
13184/16384
mean(sgnprob[1:i - 1]) = 0.05044375331866798
13312/16384
mean(sgnprob[1:i - 1]) = 0.04665314401622718
13440/16384
mean(sgnprob[1:i - 1]) = 0.044422948136022024
13568/16384
mean(sgnprob[1:i - 1]) = 0.04754182943908012
13696/16384
mean(sgnprob[1:i - 1]) = 0.05118656443957649
13824/16384
mean(sgnprob[1:i - 1]) = 0.046806047891195836
13952/16384
mean(sgnprob[1:i - 1]) = 0.04852698731273744
14080/16384
mean(sgnprob[1:i - 1]) = 0.044534412955465584
14208/16384
mean(sgnprob[1:i - 1]) = 0.04708946294080383
14336/16384
mean(sgnprob[1:i - 1]) = 0.04429717474712243
14464/16384
mean(sgnprob[1:i - 1]) = 0.040309755928922074
14592/16384
mean(sgnprob[1:i - 1]) = 0.04365704886573915
14720/16384
mean(sgnprob[1:i - 1]) = 0.048033154426251785
14848/16384
mean(sgnprob[1:i - 1]) = 0.04411665656361555
14976/16384
mean(sgnprob[1:i - 1]) = 0.04641068447412354
15104/16384
mean(sgnprob[1:i - 1]) = 0.04217705091703635
15232/16384
mean(sgnprob[1:i - 1]) = 0.04510537719125468
15360/16384
mean(sgnprob[1:i - 1]) = 0.04212513835536168
15488/16384
mean(sgnprob[1:i - 1]) = 0.03996900626331762
15616/16384
mean(sgnprob[1:i - 1]) = 0.04181876400896574
15744/16384
mean(sgnprob[1:i - 1]) = 0.038302737724703044
15872/16384
mean(sgnprob[1:i - 1]) = 0.03333123306659946
16000/16384
mean(sgnprob[1:i - 1]) = 0.030189386836677292
16128/16384
mean(sgnprob[1:i - 1]) = 0.03255410181682892
16256/16384
mean(sgnprob[1:i - 1]) = 0.02848354352506921
16384/16384
mean(sgnprob[1:i - 1]) = 0.0314350241103583
745.180713 seconds (167.11 M allocations: 70.745 GiB, 1.86% gc time, 1.19% compilation time)
