## SLURM PROLOG ###############################################################
##    Job ID : 8833871
##  Job Name : sbatch_etgent.sh
##  Nodelist : node1736
##      CPUs : 8
##  Mem/Node : 4096 MB
## Directory : /oscar/home/trazzaz/AFQMC
##   Job Started : Fri Feb 28 12:35:29 AM EST 2025
###############################################################################
seed = 1425
U = 2.0
β = 6.0
Warming up
128/1024
256/1024
384/1024
512/1024
640/1024
768/1024
896/1024
1024/1024
Measuring
128/16384
mean(sgnprob[1:i - 1]) = -0.49606299212598426
256/16384
mean(sgnprob[1:i - 1]) = 0.07450980392156863
384/16384
mean(sgnprob[1:i - 1]) = 0.24804177545691905
512/16384
mean(sgnprob[1:i - 1]) = 0.04500978473581213
640/16384
mean(sgnprob[1:i - 1]) = 0.14241001564945227
768/16384
mean(sgnprob[1:i - 1]) = 0.19947848761408082
896/16384
mean(sgnprob[1:i - 1]) = 0.26256983240223464
1024/16384
mean(sgnprob[1:i - 1]) = 0.28641251221896386
1152/16384
mean(sgnprob[1:i - 1]) = 0.29626411815812337
1280/16384
mean(sgnprob[1:i - 1]) = 0.19937451133698203
1408/16384
mean(sgnprob[1:i - 1]) = 0.12864250177683015
1536/16384
mean(sgnprob[1:i - 1]) = 0.08664495114006515
1664/16384
mean(sgnprob[1:i - 1]) = 0.04149128081779916
1792/16384
mean(sgnprob[1:i - 1]) = 0.07091010608598548
1920/16384
mean(sgnprob[1:i - 1]) = 0.10369984366857739
2048/16384
mean(sgnprob[1:i - 1]) = 0.06204201270151441
2176/16384
mean(sgnprob[1:i - 1]) = 0.08689655172413793
2304/16384
mean(sgnprob[1:i - 1]) = 0.11940946591402518
2432/16384
mean(sgnprob[1:i - 1]) = 0.09008638420403127
2560/16384
mean(sgnprob[1:i - 1]) = 0.11215318483782728
2688/16384
mean(sgnprob[1:i - 1]) = 0.07852623743952364
2816/16384
mean(sgnprob[1:i - 1]) = 0.06003552397868561
2944/16384
mean(sgnprob[1:i - 1]) = 0.07713217804960924
3072/16384
mean(sgnprob[1:i - 1]) = 0.09475740801042006
3200/16384
mean(sgnprob[1:i - 1]) = 0.06783369803063458
3328/16384
mean(sgnprob[1:i - 1]) = 0.04718966035467388
3456/16384
mean(sgnprob[1:i - 1]) = 0.022865412445730825
3584/16384
mean(sgnprob[1:i - 1]) = 0.039910689366452694
3712/16384
mean(sgnprob[1:i - 1]) = 0.054163298302344384
3840/16384
mean(sgnprob[1:i - 1]) = 0.07163323782234957
3968/16384
mean(sgnprob[1:i - 1]) = 0.08797580035291153
4096/16384
mean(sgnprob[1:i - 1]) = 0.09499389499389499
4224/16384
mean(sgnprob[1:i - 1]) = 0.10584892256689557
4352/16384
mean(sgnprob[1:i - 1]) = 0.116984601241094
4480/16384
mean(sgnprob[1:i - 1]) = 0.09845947756195579
4608/16384
mean(sgnprob[1:i - 1]) = 0.10570870414586499
4736/16384
mean(sgnprob[1:i - 1]) = 0.12059134107708554
4864/16384
mean(sgnprob[1:i - 1]) = 0.135101789019124
4992/16384
mean(sgnprob[1:i - 1]) = 0.14806651973552395
5120/16384
mean(sgnprob[1:i - 1]) = 0.15647587419417855
5248/16384
mean(sgnprob[1:i - 1]) = 0.16409376786735277
5376/16384
mean(sgnprob[1:i - 1]) = 0.17097674418604653
5504/16384
mean(sgnprob[1:i - 1]) = 0.17681264764673815
5632/16384
mean(sgnprob[1:i - 1]) = 0.16178298703605043
5760/16384
mean(sgnprob[1:i - 1]) = 0.16652196561903107
5888/16384
mean(sgnprob[1:i - 1]) = 0.15135043315780533
6016/16384
mean(sgnprob[1:i - 1]) = 0.16142975893599334
6144/16384
mean(sgnprob[1:i - 1]) = 0.1665310109067231
6272/16384
mean(sgnprob[1:i - 1]) = 0.17557008451602615
6400/16384
mean(sgnprob[1:i - 1]) = 0.18174714799187372
6528/16384
mean(sgnprob[1:i - 1]) = 0.18890761452428376
6656/16384
mean(sgnprob[1:i - 1]) = 0.17445529676934635
6784/16384
mean(sgnprob[1:i - 1]) = 0.18148311956361493
6912/16384
mean(sgnprob[1:i - 1]) = 0.16625669222977862
7040/16384
mean(sgnprob[1:i - 1]) = 0.1714732206279301
7168/16384
mean(sgnprob[1:i - 1]) = 0.16031812473838425
7296/16384
mean(sgnprob[1:i - 1]) = 0.1684715558601782
7424/16384
mean(sgnprob[1:i - 1]) = 0.17526606493331537
7552/16384
mean(sgnprob[1:i - 1]) = 0.18341941464706663
7680/16384
mean(sgnprob[1:i - 1]) = 0.19051959890610756
7808/16384
mean(sgnprob[1:i - 1]) = 0.1794543358524401
7936/16384
mean(sgnprob[1:i - 1]) = 0.18286074354127285
8064/16384
mean(sgnprob[1:i - 1]) = 0.19012774401587498
8192/16384
mean(sgnprob[1:i - 1]) = 0.17836649981687216
8320/16384
mean(sgnprob[1:i - 1]) = 0.16840966462315182
8448/16384
mean(sgnprob[1:i - 1]) = 0.17461820764768557
8576/16384
mean(sgnprob[1:i - 1]) = 0.17924198250728862
8704/16384
mean(sgnprob[1:i - 1]) = 0.18648741813167874
8832/16384
mean(sgnprob[1:i - 1]) = 0.1908051183331446
8960/16384
mean(sgnprob[1:i - 1]) = 0.1807121330505637
9088/16384
mean(sgnprob[1:i - 1]) = 0.18675030263013095
9216/16384
mean(sgnprob[1:i - 1]) = 0.17699403147042864
9344/16384
mean(sgnprob[1:i - 1]) = 0.16643476399443433
9472/16384
mean(sgnprob[1:i - 1]) = 0.17157639108858622
9600/16384
mean(sgnprob[1:i - 1]) = 0.16137097614334828
9728/16384
mean(sgnprob[1:i - 1]) = 0.16644391898838284
9856/16384
mean(sgnprob[1:i - 1]) = 0.1726027397260274
9984/16384
mean(sgnprob[1:i - 1]) = 0.1757988580586998
10112/16384
mean(sgnprob[1:i - 1]) = 0.17950746711502324
10240/16384
mean(sgnprob[1:i - 1]) = 0.18410000976657875
10368/16384
mean(sgnprob[1:i - 1]) = 0.18857914536510081
10496/16384
mean(sgnprob[1:i - 1]) = 0.1939018580276322
10624/16384
mean(sgnprob[1:i - 1]) = 0.19890802974677588
10752/16384
mean(sgnprob[1:i - 1]) = 0.20230676216165938
10880/16384
mean(sgnprob[1:i - 1]) = 0.20544167662468976
11008/16384
mean(sgnprob[1:i - 1]) = 0.20923048968838012
11136/16384
mean(sgnprob[1:i - 1]) = 0.20143691064211944
11264/16384
mean(sgnprob[1:i - 1]) = 0.20607298233152802
11392/16384
mean(sgnprob[1:i - 1]) = 0.20797120533754718
11520/16384
mean(sgnprob[1:i - 1]) = 0.21191075614202623
11648/16384
mean(sgnprob[1:i - 1]) = 0.2037434532497639
11776/16384
mean(sgnprob[1:i - 1]) = 0.20832271762208068
11904/16384
mean(sgnprob[1:i - 1]) = 0.2111232462404436
12032/16384
mean(sgnprob[1:i - 1]) = 0.21436289585238136
12160/16384
mean(sgnprob[1:i - 1]) = 0.21753433670532116
12288/16384
mean(sgnprob[1:i - 1]) = 0.22112802148612354
12416/16384
mean(sgnprob[1:i - 1]) = 0.2243254128070882
12544/16384
mean(sgnprob[1:i - 1]) = 0.22681974009407638
12672/16384
mean(sgnprob[1:i - 1]) = 0.21931970641622603
12800/16384
mean(sgnprob[1:i - 1]) = 0.22290803969060083
12928/16384
mean(sgnprob[1:i - 1]) = 0.22688945617699388
13056/16384
mean(sgnprob[1:i - 1]) = 0.2289544235924933
13184/16384
mean(sgnprob[1:i - 1]) = 0.23219297580216947
13312/16384
mean(sgnprob[1:i - 1]) = 0.22470137480279467
13440/16384
mean(sgnprob[1:i - 1]) = 0.22791874395416326
13568/16384
mean(sgnprob[1:i - 1]) = 0.23078057050195327
13696/16384
mean(sgnprob[1:i - 1]) = 0.23431909456005842
13824/16384
mean(sgnprob[1:i - 1]) = 0.22824278376618679
13952/16384
mean(sgnprob[1:i - 1]) = 0.2205576661171242
14080/16384
mean(sgnprob[1:i - 1]) = 0.22210384260245755
14208/16384
mean(sgnprob[1:i - 1]) = 0.21461251495741535
14336/16384
mean(sgnprob[1:i - 1]) = 0.21618416463201953
14464/16384
mean(sgnprob[1:i - 1]) = 0.2091543939708221
14592/16384
mean(sgnprob[1:i - 1]) = 0.21170584606949489
14720/16384
mean(sgnprob[1:i - 1]) = 0.21380528568516882
14848/16384
mean(sgnprob[1:i - 1]) = 0.2155991109315013
14976/16384
mean(sgnprob[1:i - 1]) = 0.21736227045075127
15104/16384
mean(sgnprob[1:i - 1]) = 0.21922796795338675
15232/16384
mean(sgnprob[1:i - 1]) = 0.21252708292298603
15360/16384
mean(sgnprob[1:i - 1]) = 0.21453219610651736
15488/16384
mean(sgnprob[1:i - 1]) = 0.21624588364434688
15616/16384
mean(sgnprob[1:i - 1]) = 0.21946845981428115
15744/16384
mean(sgnprob[1:i - 1]) = 0.22200343009591564
15872/16384
mean(sgnprob[1:i - 1]) = 0.21630647092180708
16000/16384
mean(sgnprob[1:i - 1]) = 0.21757609850615664
16128/16384
mean(sgnprob[1:i - 1]) = 0.22130588454145222
16256/16384
mean(sgnprob[1:i - 1]) = 0.22350046139649338
16384/16384
mean(sgnprob[1:i - 1]) = 0.2256607458951352
735.974069 seconds (167.11 M allocations: 70.745 GiB, 1.45% gc time, 1.30% compilation time)
