## SLURM PROLOG ###############################################################
##    Job ID : 8833883
##  Job Name : sbatch_etgent.sh
##  Nodelist : node1322
##      CPUs : 8
##  Mem/Node : 4096 MB
## Directory : /oscar/home/trazzaz/AFQMC
##   Job Started : Fri Feb 28 12:55:59 AM EST 2025
###############################################################################
seed = 1437
U = 2.0
β = 6.0
Warming up
128/1024
256/1024
384/1024
512/1024
640/1024
768/1024
896/1024
1024/1024
Measuring
128/16384
mean(sgnprob[1:i - 1]) = 0.41732283464566927
256/16384
mean(sgnprob[1:i - 1]) = 0.5058823529411764
384/16384
mean(sgnprob[1:i - 1]) = 0.15926892950391644
512/16384
mean(sgnprob[1:i - 1]) = 0.26418786692759294
640/16384
mean(sgnprob[1:i - 1]) = 0.1298904538341158
768/16384
mean(sgnprob[1:i - 1]) = 0.18904823989569752
896/16384
mean(sgnprob[1:i - 1]) = 0.08156424581005586
1024/16384
mean(sgnprob[1:i - 1]) = 0.14760508308895406
1152/16384
mean(sgnprob[1:i - 1]) = 0.06168549087749783
1280/16384
mean(sgnprob[1:i - 1]) = -0.0007818608287724785
1408/16384
mean(sgnprob[1:i - 1]) = 0.05614783226723525
1536/16384
mean(sgnprob[1:i - 1]) = 0.08794788273615635
1664/16384
mean(sgnprob[1:i - 1]) = 0.04269392663860493
1792/16384
mean(sgnprob[1:i - 1]) = 0.0005583472920156337
1920/16384
mean(sgnprob[1:i - 1]) = 0.033871808233454925
2048/16384
mean(sgnprob[1:i - 1]) = -0.006350757205666829
2176/16384
mean(sgnprob[1:i - 1]) = 0.020689655172413793
2304/16384
mean(sgnprob[1:i - 1]) = 0.04732957012592271
2432/16384
mean(sgnprob[1:i - 1]) = 0.023447141094199916
2560/16384
mean(sgnprob[1:i - 1]) = 0.053536537710042985
2688/16384
mean(sgnprob[1:i - 1]) = 0.08075921101600297
2816/16384
mean(sgnprob[1:i - 1]) = 0.04866785079928952
2944/16384
mean(sgnprob[1:i - 1]) = 0.07101597009853891
3072/16384
mean(sgnprob[1:i - 1]) = 0.04982090524259199
3200/16384
mean(sgnprob[1:i - 1]) = 0.06908408877774304
3328/16384
mean(sgnprob[1:i - 1]) = 0.08205590622182146
3456/16384
mean(sgnprob[1:i - 1]) = 0.09753979739507959
3584/16384
mean(sgnprob[1:i - 1]) = 0.11470834496232207
3712/16384
mean(sgnprob[1:i - 1]) = 0.12530315278900567
3840/16384
mean(sgnprob[1:i - 1]) = 0.14040114613180515
3968/16384
mean(sgnprob[1:i - 1]) = 0.15452482984623142
4096/16384
mean(sgnprob[1:i - 1]) = 0.16532356532356532
4224/16384
mean(sgnprob[1:i - 1]) = 0.17546767700686716
4352/16384
mean(sgnprob[1:i - 1]) = 0.18409561020455067
4480/16384
mean(sgnprob[1:i - 1]) = 0.193123465059165
4608/16384
mean(sgnprob[1:i - 1]) = 0.20512263946168874
4736/16384
mean(sgnprob[1:i - 1]) = 0.21267159450897571
4864/16384
mean(sgnprob[1:i - 1]) = 0.21941188566728356
4992/16384
mean(sgnprob[1:i - 1]) = 0.22580645161290322
5120/16384
mean(sgnprob[1:i - 1]) = 0.20336003125610472
5248/16384
mean(sgnprob[1:i - 1]) = 0.21174004192872117
5376/16384
mean(sgnprob[1:i - 1]) = 0.2215813953488372
5504/16384
mean(sgnprob[1:i - 1]) = 0.2007995638742504
5632/16384
mean(sgnprob[1:i - 1]) = 0.21044219499200853
5760/16384
mean(sgnprob[1:i - 1]) = 0.22139260288244486
5888/16384
mean(sgnprob[1:i - 1]) = 0.22609138780363514
6016/16384
mean(sgnprob[1:i - 1]) = 0.23524522028262676
6144/16384
mean(sgnprob[1:i - 1]) = 0.24271528569103043
6272/16384
mean(sgnprob[1:i - 1]) = 0.24637218944346995
6400/16384
mean(sgnprob[1:i - 1]) = 0.2536333802156587
6528/16384
mean(sgnprob[1:i - 1]) = 0.26030335529339665
6656/16384
mean(sgnprob[1:i - 1]) = 0.26701728024042076
6784/16384
mean(sgnprob[1:i - 1]) = 0.2693498452012384
6912/16384
mean(sgnprob[1:i - 1]) = 0.27564751844884966
7040/16384
mean(sgnprob[1:i - 1]) = 0.26040630771416395
7168/16384
mean(sgnprob[1:i - 1]) = 0.26663876098786105
7296/16384
mean(sgnprob[1:i - 1]) = 0.27320082248115146
7424/16384
mean(sgnprob[1:i - 1]) = 0.27684224706991784
7552/16384
mean(sgnprob[1:i - 1]) = 0.2816845450933651
7680/16384
mean(sgnprob[1:i - 1]) = 0.2853236098450319
7808/16384
mean(sgnprob[1:i - 1]) = 0.2903804278211861
7936/16384
mean(sgnprob[1:i - 1]) = 0.27737870195337117
8064/16384
mean(sgnprob[1:i - 1]) = 0.2804167183430485
8192/16384
mean(sgnprob[1:i - 1]) = 0.26748870711756806
8320/16384
mean(sgnprob[1:i - 1]) = 0.27347036903473976
8448/16384
mean(sgnprob[1:i - 1]) = 0.2773765834023914
8576/16384
mean(sgnprob[1:i - 1]) = 0.2806997084548105
8704/16384
mean(sgnprob[1:i - 1]) = 0.26691945306216247
8832/16384
mean(sgnprob[1:i - 1]) = 0.25444457026384326
8960/16384
mean(sgnprob[1:i - 1]) = 0.2432191092755888
9088/16384
mean(sgnprob[1:i - 1]) = 0.2477165181027842
9216/16384
mean(sgnprob[1:i - 1]) = 0.25100379815518176
9344/16384
mean(sgnprob[1:i - 1]) = 0.2550572621213743
9472/16384
mean(sgnprob[1:i - 1]) = 0.2585788195544293
9600/16384
mean(sgnprob[1:i - 1]) = 0.2645067194499427
9728/16384
mean(sgnprob[1:i - 1]) = 0.26925053973475893
9856/16384
mean(sgnprob[1:i - 1]) = 0.2740740740740741
9984/16384
mean(sgnprob[1:i - 1]) = 0.2645497345487329
10112/16384
mean(sgnprob[1:i - 1]) = 0.26832162990802094
10240/16384
mean(sgnprob[1:i - 1]) = 0.2594979978513527
10368/16384
mean(sgnprob[1:i - 1]) = 0.2503134947429343
10496/16384
mean(sgnprob[1:i - 1]) = 0.25507384468794664
10624/16384
mean(sgnprob[1:i - 1]) = 0.25821331074084536
10752/16384
mean(sgnprob[1:i - 1]) = 0.24620965491582178
10880/16384
mean(sgnprob[1:i - 1]) = 0.24790881514845114
11008/16384
mean(sgnprob[1:i - 1]) = 0.2517488870718634
11136/16384
mean(sgnprob[1:i - 1]) = 0.2555006735518635
11264/16384
mean(sgnprob[1:i - 1]) = 0.24691467637396786
11392/16384
mean(sgnprob[1:i - 1]) = 0.24975858133614257
11520/16384
mean(sgnprob[1:i - 1]) = 0.25340741383800675
11648/16384
mean(sgnprob[1:i - 1]) = 0.2562891731776423
11776/16384
mean(sgnprob[1:i - 1]) = 0.25927813163481955
11904/16384
mean(sgnprob[1:i - 1]) = 0.2625388557506511
12032/16384
mean(sgnprob[1:i - 1]) = 0.26506524810905163
12160/16384
mean(sgnprob[1:i - 1]) = 0.2681963977300765
12288/16384
mean(sgnprob[1:i - 1]) = 0.2714250834215024
12416/16384
mean(sgnprob[1:i - 1]) = 0.2737817156665324
12544/16384
mean(sgnprob[1:i - 1]) = 0.2776847644104281
12672/16384
mean(sgnprob[1:i - 1]) = 0.2786678241654171
12800/16384
mean(sgnprob[1:i - 1]) = 0.28260020314087037
12928/16384
mean(sgnprob[1:i - 1]) = 0.2858358474510714
13056/16384
mean(sgnprob[1:i - 1]) = 0.2876292608196093
13184/16384
mean(sgnprob[1:i - 1]) = 0.2922703481756808
13312/16384
mean(sgnprob[1:i - 1]) = 0.2954699121027721
13440/16384
mean(sgnprob[1:i - 1]) = 0.2980132450331126
13568/16384
mean(sgnprob[1:i - 1]) = 0.29859217218250167
13696/16384
mean(sgnprob[1:i - 1]) = 0.29156626506024097
13824/16384
mean(sgnprob[1:i - 1]) = 0.2843811039571728
13952/16384
mean(sgnprob[1:i - 1]) = 0.27603756003153895
14080/16384
mean(sgnprob[1:i - 1]) = 0.26884011648554584
14208/16384
mean(sgnprob[1:i - 1]) = 0.270922784542831
14336/16384
mean(sgnprob[1:i - 1]) = 0.2731077781653296
14464/16384
mean(sgnprob[1:i - 1]) = 0.27553066445412433
14592/16384
mean(sgnprob[1:i - 1]) = 0.26859022685216916
14720/16384
mean(sgnprob[1:i - 1]) = 0.26149874312113597
14848/16384
mean(sgnprob[1:i - 1]) = 0.26409375631440696
14976/16384
mean(sgnprob[1:i - 1]) = 0.2564941569282137
15104/16384
mean(sgnprob[1:i - 1]) = 0.25008276501357346
15232/16384
mean(sgnprob[1:i - 1]) = 0.2533648480073534
15360/16384
mean(sgnprob[1:i - 1]) = 0.2552900579464809
15488/16384
mean(sgnprob[1:i - 1]) = 0.25860399044359783
15616/16384
mean(sgnprob[1:i - 1]) = 0.2610951008645533
15744/16384
mean(sgnprob[1:i - 1]) = 0.26303754049418787
15872/16384
mean(sgnprob[1:i - 1]) = 0.25562346417995085
16000/16384
mean(sgnprob[1:i - 1]) = 0.25782861428839304
16128/16384
mean(sgnprob[1:i - 1]) = 0.26061883797358465
16256/16384
mean(sgnprob[1:i - 1]) = 0.2620116887111658
16384/16384
mean(sgnprob[1:i - 1]) = 0.26387108588170666
817.364315 seconds (167.11 M allocations: 70.745 GiB, 2.25% gc time, 1.33% compilation time)
