## SLURM PROLOG ###############################################################
##    Job ID : 8834075
##  Job Name : sbatch_etgent.sh
##  Nodelist : node1319
##      CPUs : 8
##  Mem/Node : 4096 MB
## Directory : /oscar/home/trazzaz/AFQMC
##   Job Started : Fri Feb 28 06:09:13 AM EST 2025
###############################################################################
seed = 1629
U = 2.0
β = 6.0
Warming up
128/1024
256/1024
384/1024
512/1024
640/1024
768/1024
896/1024
1024/1024
Measuring
128/16384
mean(sgnprob[1:i - 1]) = 0.5905511811023622
256/16384
mean(sgnprob[1:i - 1]) = 0.5137254901960784
384/16384
mean(sgnprob[1:i - 1]) = 0.4934725848563969
512/16384
mean(sgnprob[1:i - 1]) = 0.5225048923679061
640/16384
mean(sgnprob[1:i - 1]) = 0.3489827856025039
768/16384
mean(sgnprob[1:i - 1]) = 0.2255541069100391
896/16384
mean(sgnprob[1:i - 1]) = 0.1217877094972067
1024/16384
mean(sgnprob[1:i - 1]) = 0.16911045943304007
1152/16384
mean(sgnprob[1:i - 1]) = 0.2163336229365769
1280/16384
mean(sgnprob[1:i - 1]) = 0.24628616106333073
1408/16384
mean(sgnprob[1:i - 1]) = 0.26794598436389483
1536/16384
mean(sgnprob[1:i - 1]) = 0.20912052117263843
1664/16384
mean(sgnprob[1:i - 1]) = 0.16175586289837643
1792/16384
mean(sgnprob[1:i - 1]) = 0.18146286990508095
1920/16384
mean(sgnprob[1:i - 1]) = 0.13705054715997916
2048/16384
mean(sgnprob[1:i - 1]) = 0.10112359550561797
2176/16384
mean(sgnprob[1:i - 1]) = 0.12919540229885057
2304/16384
mean(sgnprob[1:i - 1]) = 0.15501519756838905
2432/16384
mean(sgnprob[1:i - 1]) = 0.1320444261620732
2560/16384
mean(sgnprob[1:i - 1]) = 0.15435717076983196
2688/16384
mean(sgnprob[1:i - 1]) = 0.11946408634164496
2816/16384
mean(sgnprob[1:i - 1]) = 0.08987566607460036
2944/16384
mean(sgnprob[1:i - 1]) = 0.06693849813115868
3072/16384
mean(sgnprob[1:i - 1]) = 0.04786714425268642
3200/16384
mean(sgnprob[1:i - 1]) = 0.06720850265708034
3328/16384
mean(sgnprob[1:i - 1]) = 0.0826570483919447
3456/16384
mean(sgnprob[1:i - 1]) = 0.09753979739507959
3584/16384
mean(sgnprob[1:i - 1]) = 0.10633547306726207
3712/16384
mean(sgnprob[1:i - 1]) = 0.0924279170035031
3840/16384
mean(sgnprob[1:i - 1]) = 0.10080750195363376
3968/16384
mean(sgnprob[1:i - 1]) = 0.11419208469876481
4096/16384
mean(sgnprob[1:i - 1]) = 0.1242979242979243
4224/16384
mean(sgnprob[1:i - 1]) = 0.13379114373668008
4352/16384
mean(sgnprob[1:i - 1]) = 0.14548379682831533
4480/16384
mean(sgnprob[1:i - 1]) = 0.15472203616878769
4608/16384
mean(sgnprob[1:i - 1]) = 0.14000434121988278
4736/16384
mean(sgnprob[1:i - 1]) = 0.12185850052798311
4864/16384
mean(sgnprob[1:i - 1]) = 0.1281102200287888
4992/16384
mean(sgnprob[1:i - 1]) = 0.1392506511721098
5120/16384
mean(sgnprob[1:i - 1]) = 0.14944325063488964
5248/16384
mean(sgnprob[1:i - 1]) = 0.15761387459500667
5376/16384
mean(sgnprob[1:i - 1]) = 0.14306976744186045
5504/16384
mean(sgnprob[1:i - 1]) = 0.1273850626930765
5632/16384
mean(sgnprob[1:i - 1]) = 0.13478955780500798
5760/16384
mean(sgnprob[1:i - 1]) = 0.14186490710192742
5888/16384
mean(sgnprob[1:i - 1]) = 0.1245116358077119
6016/16384
mean(sgnprob[1:i - 1]) = 0.1315045719035744
6144/16384
mean(sgnprob[1:i - 1]) = 0.11932280644636171
6272/16384
mean(sgnprob[1:i - 1]) = 0.1264551108276192
6400/16384
mean(sgnprob[1:i - 1]) = 0.11454914830442256
6528/16384
mean(sgnprob[1:i - 1]) = 0.10433583575915428
6656/16384
mean(sgnprob[1:i - 1]) = 0.09301277235161533
6784/16384
mean(sgnprob[1:i - 1]) = 0.08123249299719888
6912/16384
mean(sgnprob[1:i - 1]) = 0.08783099406742874
7040/16384
mean(sgnprob[1:i - 1]) = 0.09646256570535587
7168/16384
mean(sgnprob[1:i - 1]) = 0.10087902888237757
7296/16384
mean(sgnprob[1:i - 1]) = 0.09061000685400959
7424/16384
mean(sgnprob[1:i - 1]) = 0.09605280883739728
7552/16384
mean(sgnprob[1:i - 1]) = 0.10237054694742419
7680/16384
mean(sgnprob[1:i - 1]) = 0.11134262273733558
7808/16384
mean(sgnprob[1:i - 1]) = 0.11745869091840656
7936/16384
mean(sgnprob[1:i - 1]) = 0.1246376811594203
8064/16384
mean(sgnprob[1:i - 1]) = 0.1320848319484063
8192/16384
mean(sgnprob[1:i - 1]) = 0.12074227811012087
8320/16384
mean(sgnprob[1:i - 1]) = 0.1104700084144729
8448/16384
mean(sgnprob[1:i - 1]) = 0.11542559488575825
8576/16384
mean(sgnprob[1:i - 1]) = 0.1206997084548105
8704/16384
mean(sgnprob[1:i - 1]) = 0.12811674135355625
8832/16384
mean(sgnprob[1:i - 1]) = 0.13305401426791982
8960/16384
mean(sgnprob[1:i - 1]) = 0.13896640250027906
9088/16384
mean(sgnprob[1:i - 1]) = 0.14559260482007264
9216/16384
mean(sgnprob[1:i - 1]) = 0.15051546391752577
9344/16384
mean(sgnprob[1:i - 1]) = 0.14160333939848013
9472/16384
mean(sgnprob[1:i - 1]) = 0.14771407454334284
9600/16384
mean(sgnprob[1:i - 1]) = 0.1528284196270445
9728/16384
mean(sgnprob[1:i - 1]) = 0.15821938932867277
9856/16384
mean(sgnprob[1:i - 1]) = 0.15088787417554542
9984/16384
mean(sgnprob[1:i - 1]) = 0.1555644595812882
10112/16384
mean(sgnprob[1:i - 1]) = 0.1480565720502423
10240/16384
mean(sgnprob[1:i - 1]) = 0.1526516261353648
10368/16384
mean(sgnprob[1:i - 1]) = 0.15886948972701842
10496/16384
mean(sgnprob[1:i - 1]) = 0.1618866126727013
10624/16384
mean(sgnprob[1:i - 1]) = 0.1663371928833663
10752/16384
mean(sgnprob[1:i - 1]) = 0.1710538554553065
10880/16384
mean(sgnprob[1:i - 1]) = 0.16260685724790883
11008/16384
mean(sgnprob[1:i - 1]) = 0.1654401744344508
11136/16384
mean(sgnprob[1:i - 1]) = 0.17018410417602156
11264/16384
mean(sgnprob[1:i - 1]) = 0.16310041729556957
11392/16384
mean(sgnprob[1:i - 1]) = 0.16758844701957687
11520/16384
mean(sgnprob[1:i - 1]) = 0.1707613508117024
11648/16384
mean(sgnprob[1:i - 1]) = 0.16424830428436507
11776/16384
mean(sgnprob[1:i - 1]) = 0.168067940552017
11904/16384
mean(sgnprob[1:i - 1]) = 0.16037973620095775
12032/16384
mean(sgnprob[1:i - 1]) = 0.1646579669187931
12160/16384
mean(sgnprob[1:i - 1]) = 0.1685171477917592
12288/16384
mean(sgnprob[1:i - 1]) = 0.1724586961829576
12416/16384
mean(sgnprob[1:i - 1]) = 0.16633105114780508
12544/16384
mean(sgnprob[1:i - 1]) = 0.15937176114167265
12672/16384
mean(sgnprob[1:i - 1]) = 0.1620235182700655
12800/16384
mean(sgnprob[1:i - 1]) = 0.16524728494413626
12928/16384
mean(sgnprob[1:i - 1]) = 0.16856192465382533
13056/16384
mean(sgnprob[1:i - 1]) = 0.1711987744159326
13184/16384
mean(sgnprob[1:i - 1]) = 0.1743912614731093
13312/16384
mean(sgnprob[1:i - 1]) = 0.16805649462850275
13440/16384
mean(sgnprob[1:i - 1]) = 0.1713669171813379
13568/16384
mean(sgnprob[1:i - 1]) = 0.1744674578020196
13696/16384
mean(sgnprob[1:i - 1]) = 0.16743336984300838
13824/16384
mean(sgnprob[1:i - 1]) = 0.16139767054908485
13952/16384
mean(sgnprob[1:i - 1]) = 0.15475593147444627
14080/16384
mean(sgnprob[1:i - 1]) = 0.14922934867533205
14208/16384
mean(sgnprob[1:i - 1]) = 0.1528119940874217
14336/16384
mean(sgnprob[1:i - 1]) = 0.15591210324380886
14464/16384
mean(sgnprob[1:i - 1]) = 0.15854248772730414
14592/16384
mean(sgnprob[1:i - 1]) = 0.1614008635460215
14720/16384
mean(sgnprob[1:i - 1]) = 0.15578503974454785
14848/16384
mean(sgnprob[1:i - 1]) = 0.1506701690577221
14976/16384
mean(sgnprob[1:i - 1]) = 0.1529883138564274
15104/16384
mean(sgnprob[1:i - 1]) = 0.1555320135072502
15232/16384
mean(sgnprob[1:i - 1]) = 0.1588208259470816
15360/16384
mean(sgnprob[1:i - 1]) = 0.152939644508106
15488/16384
mean(sgnprob[1:i - 1]) = 0.14818880351262348
15616/16384
mean(sgnprob[1:i - 1]) = 0.1520973422990714
15744/16384
mean(sgnprob[1:i - 1]) = 0.14781172584640792
15872/16384
mean(sgnprob[1:i - 1]) = 0.15153424484909583
16000/16384
mean(sgnprob[1:i - 1]) = 0.1545721607600475
16128/16384
mean(sgnprob[1:i - 1]) = 0.15768586841942084
16256/16384
mean(sgnprob[1:i - 1]) = 0.16099661642571517
16384/16384
mean(sgnprob[1:i - 1]) = 0.16352316425563085
809.544430 seconds (167.11 M allocations: 70.745 GiB, 2.22% gc time, 1.23% compilation time)
