## SLURM PROLOG ###############################################################
##    Job ID : 8822265
##  Job Name : sbatch_etgent.sh
##  Nodelist : node1717
##      CPUs : 8
##  Mem/Node : 4096 MB
## Directory : /oscar/home/trazzaz/AFQMC
##   Job Started : Thu Feb 27 06:11:52 PM EST 2025
###############################################################################
seed = 1260
U = 2.0
β = 6.0
Warming up
128/1024
256/1024
384/1024
512/1024
640/1024
768/1024
896/1024
1024/1024
Measuring
128/16384
mean(sgnprob[1:i - 1]) = -0.49606299212598426
256/16384
mean(sgnprob[1:i - 1]) = 0.027450980392156862
384/16384
mean(sgnprob[1:i - 1]) = 0.2010443864229765
512/16384
mean(sgnprob[1:i - 1]) = 0.27984344422700586
640/16384
mean(sgnprob[1:i - 1]) = 0.3302034428794992
768/16384
mean(sgnprob[1:i - 1]) = 0.35071707953063885
896/16384
mean(sgnprob[1:i - 1]) = 0.36089385474860336
1024/16384
mean(sgnprob[1:i - 1]) = 0.386119257086999
1152/16384
mean(sgnprob[1:i - 1]) = 0.39183318853171156
1280/16384
mean(sgnprob[1:i - 1]) = 0.41204065676309615
1408/16384
mean(sgnprob[1:i - 1]) = 0.4214641080312722
1536/16384
mean(sgnprob[1:i - 1]) = 0.43713355048859937
1664/16384
mean(sgnprob[1:i - 1]) = 0.444377630787733
1792/16384
mean(sgnprob[1:i - 1]) = 0.44276940256839753
1920/16384
mean(sgnprob[1:i - 1]) = 0.44554455445544555
2048/16384
mean(sgnprob[1:i - 1]) = 0.441133365901319
2176/16384
mean(sgnprob[1:i - 1]) = 0.4418390804597701
2304/16384
mean(sgnprob[1:i - 1]) = 0.4424663482414242
2432/16384
mean(sgnprob[1:i - 1]) = 0.448786507610037
2560/16384
mean(sgnprob[1:i - 1]) = 0.4490035169988277
2688/16384
mean(sgnprob[1:i - 1]) = 0.45738742091551915
2816/16384
mean(sgnprob[1:i - 1]) = 0.4557726465364121
2944/16384
mean(sgnprob[1:i - 1]) = 0.45429833503228
3072/16384
mean(sgnprob[1:i - 1]) = 0.41256919570172584
3200/16384
mean(sgnprob[1:i - 1]) = 0.41106595811191
3328/16384
mean(sgnprob[1:i - 1]) = 0.41568981064021643
3456/16384
mean(sgnprob[1:i - 1]) = 0.41765557163531114
3584/16384
mean(sgnprob[1:i - 1]) = 0.4189226904828356
3712/16384
mean(sgnprob[1:i - 1]) = 0.4238749663163568
3840/16384
mean(sgnprob[1:i - 1]) = 0.4253711904141704
3968/16384
mean(sgnprob[1:i - 1]) = 0.42929165616334763
4096/16384
mean(sgnprob[1:i - 1]) = 0.4324786324786325
4224/16384
mean(sgnprob[1:i - 1]) = 0.40232062514799904
4352/16384
mean(sgnprob[1:i - 1]) = 0.4042748793380832
4480/16384
mean(sgnprob[1:i - 1]) = 0.40656396517079707
4608/16384
mean(sgnprob[1:i - 1]) = 0.4117647058823529
4736/16384
mean(sgnprob[1:i - 1]) = 0.4166842661034847
4864/16384
mean(sgnprob[1:i - 1]) = 0.4192885050380424
4992/16384
mean(sgnprob[1:i - 1]) = 0.41935483870967744
5120/16384
mean(sgnprob[1:i - 1]) = 0.3944129712834538
5248/16384
mean(sgnprob[1:i - 1]) = 0.3985134362492853
5376/16384
mean(sgnprob[1:i - 1]) = 0.37451162790697673
5504/16384
mean(sgnprob[1:i - 1]) = 0.3759767399600218
5632/16384
mean(sgnprob[1:i - 1]) = 0.3784407742852069
5760/16384
mean(sgnprob[1:i - 1]) = 0.3787115818718528
5888/16384
mean(sgnprob[1:i - 1]) = 0.3806692712756922
6016/16384
mean(sgnprob[1:i - 1]) = 0.38719866999168745
6144/16384
mean(sgnprob[1:i - 1]) = 0.39085137554940586
6272/16384
mean(sgnprob[1:i - 1]) = 0.3933981821081167
6400/16384
mean(sgnprob[1:i - 1]) = 0.3955305516486951
6528/16384
mean(sgnprob[1:i - 1]) = 0.3997242224605485
6656/16384
mean(sgnprob[1:i - 1]) = 0.40315552216378664
6784/16384
mean(sgnprob[1:i - 1]) = 0.40350877192982454
6912/16384
mean(sgnprob[1:i - 1]) = 0.40587469251917235
7040/16384
mean(sgnprob[1:i - 1]) = 0.40758630487285125
7168/16384
mean(sgnprob[1:i - 1]) = 0.41007395004883496
7296/16384
mean(sgnprob[1:i - 1]) = 0.4113776559287183
7424/16384
mean(sgnprob[1:i - 1]) = 0.41479186312811533
7552/16384
mean(sgnprob[1:i - 1]) = 0.399284862932062
7680/16384
mean(sgnprob[1:i - 1]) = 0.39940096366714417
7808/16384
mean(sgnprob[1:i - 1]) = 0.4013065197899321
7936/16384
mean(sgnprob[1:i - 1]) = 0.40415879017013234
8064/16384
mean(sgnprob[1:i - 1]) = 0.4041919880937616
8192/16384
mean(sgnprob[1:i - 1]) = 0.388841411305091
8320/16384
mean(sgnprob[1:i - 1]) = 0.39031133549705493
8448/16384
mean(sgnprob[1:i - 1]) = 0.3933941044157689
8576/16384
mean(sgnprob[1:i - 1]) = 0.3947521865889213
8704/16384
mean(sgnprob[1:i - 1]) = 0.39492129150867517
8832/16384
mean(sgnprob[1:i - 1]) = 0.3957649190352168
8960/16384
mean(sgnprob[1:i - 1]) = 0.3963612010269003
9088/16384
mean(sgnprob[1:i - 1]) = 0.39870144161989657
9216/16384
mean(sgnprob[1:i - 1]) = 0.39967444384156264
9344/16384
mean(sgnprob[1:i - 1]) = 0.39997859359948623
9472/16384
mean(sgnprob[1:i - 1]) = 0.40048569316862
9600/16384
mean(sgnprob[1:i - 1]) = 0.388061256380873
9728/16384
mean(sgnprob[1:i - 1]) = 0.3895342860080189
9856/16384
mean(sgnprob[1:i - 1]) = 0.39076610857432775
9984/16384
mean(sgnprob[1:i - 1]) = 0.3921666833617149
10112/16384
mean(sgnprob[1:i - 1]) = 0.39452081891009794
10240/16384
mean(sgnprob[1:i - 1]) = 0.3948627795683172
10368/16384
mean(sgnprob[1:i - 1]) = 0.3953892157808431
10496/16384
mean(sgnprob[1:i - 1]) = 0.3833253930443068
10624/16384
mean(sgnprob[1:i - 1]) = 0.37249364586275063
10752/16384
mean(sgnprob[1:i - 1]) = 0.37382569063342946
10880/16384
mean(sgnprob[1:i - 1]) = 0.37586175199926464
11008/16384
mean(sgnprob[1:i - 1]) = 0.3760334332697374
11136/16384
mean(sgnprob[1:i - 1]) = 0.37709923664122136
11264/16384
mean(sgnprob[1:i - 1]) = 0.37885110538932787
11392/16384
mean(sgnprob[1:i - 1]) = 0.3800368712141164
11520/16384
mean(sgnprob[1:i - 1]) = 0.380501779668374
11648/16384
mean(sgnprob[1:i - 1]) = 0.38181505967201856
11776/16384
mean(sgnprob[1:i - 1]) = 0.3824203821656051
11904/16384
mean(sgnprob[1:i - 1]) = 0.3835167604805511
12032/16384
mean(sgnprob[1:i - 1]) = 0.38625218186351923
12160/16384
mean(sgnprob[1:i - 1]) = 0.38728513858047536
12288/16384
mean(sgnprob[1:i - 1]) = 0.37820460649466914
12416/16384
mean(sgnprob[1:i - 1]) = 0.37946033024567055
12544/16384
mean(sgnprob[1:i - 1]) = 0.3790959100693614
12672/16384
mean(sgnprob[1:i - 1]) = 0.3817378265330282
12800/16384
mean(sgnprob[1:i - 1]) = 0.3721384483162747
12928/16384
mean(sgnprob[1:i - 1]) = 0.37278564245377893
13056/16384
mean(sgnprob[1:i - 1]) = 0.37433933358866334
13184/16384
mean(sgnprob[1:i - 1]) = 0.375104300993704
13312/16384
mean(sgnprob[1:i - 1]) = 0.36729021110359855
13440/16384
mean(sgnprob[1:i - 1]) = 0.3682565667088325
13568/16384
mean(sgnprob[1:i - 1]) = 0.369057271320115
13696/16384
mean(sgnprob[1:i - 1]) = 0.37028112449799194
13824/16384
mean(sgnprob[1:i - 1]) = 0.37133762569630324
13952/16384
mean(sgnprob[1:i - 1]) = 0.3715145867679736
14080/16384
mean(sgnprob[1:i - 1]) = 0.3718303856808012
14208/16384
mean(sgnprob[1:i - 1]) = 0.3738298022101781
14336/16384
mean(sgnprob[1:i - 1]) = 0.37467736309731425
14464/16384
mean(sgnprob[1:i - 1]) = 0.37523335407591785
14592/16384
mean(sgnprob[1:i - 1]) = 0.3671441299431156
14720/16384
mean(sgnprob[1:i - 1]) = 0.36829947686663494
14848/16384
mean(sgnprob[1:i - 1]) = 0.36970431737051257
14976/16384
mean(sgnprob[1:i - 1]) = 0.370550918196995
15104/16384
mean(sgnprob[1:i - 1]) = 0.37244256108058
15232/16384
mean(sgnprob[1:i - 1]) = 0.3733832315671985
15360/16384
mean(sgnprob[1:i - 1]) = 0.37417800638062376
15488/16384
mean(sgnprob[1:i - 1]) = 0.3754762058500678
15616/16384
mean(sgnprob[1:i - 1]) = 0.37636887608069164
15744/16384
mean(sgnprob[1:i - 1]) = 0.37724703042622115
15872/16384
mean(sgnprob[1:i - 1]) = 0.3768508600592275
16000/16384
mean(sgnprob[1:i - 1]) = 0.3702106381648853
16128/16384
mean(sgnprob[1:i - 1]) = 0.36417188565759284
16256/16384
mean(sgnprob[1:i - 1]) = 0.36573362042448476
16384/16384
mean(sgnprob[1:i - 1]) = 0.3676371848867729
720.062261 seconds (167.11 M allocations: 70.745 GiB, 1.31% gc time, 1.23% compilation time)
