## SLURM PROLOG ###############################################################
##    Job ID : 8833945
##  Job Name : sbatch_etgent.sh
##  Nodelist : node1733
##      CPUs : 8
##  Mem/Node : 4096 MB
## Directory : /oscar/home/trazzaz/AFQMC
##   Job Started : Fri Feb 28 02:40:45 AM EST 2025
###############################################################################
seed = 1499
U = 2.0
β = 6.0
Warming up
128/1024
256/1024
384/1024
512/1024
640/1024
768/1024
896/1024
1024/1024
Measuring
128/16384
mean(sgnprob[1:i - 1]) = -0.6220472440944882
256/16384
mean(sgnprob[1:i - 1]) = -0.043137254901960784
384/16384
mean(sgnprob[1:i - 1]) = 0.10704960835509138
512/16384
mean(sgnprob[1:i - 1]) = -0.0684931506849315
640/16384
mean(sgnprob[1:i - 1]) = 0.051643192488262914
768/16384
mean(sgnprob[1:i - 1]) = 0.10560625814863103
896/16384
mean(sgnprob[1:i - 1]) = -0.0011173184357541898
1024/16384
mean(sgnprob[1:i - 1]) = -0.06940371456500488
1152/16384
mean(sgnprob[1:i - 1]) = -0.011294526498696786
1280/16384
mean(sgnprob[1:i - 1]) = 0.03674745895230649
1408/16384
mean(sgnprob[1:i - 1]) = 0.06609808102345416
1536/16384
mean(sgnprob[1:i - 1]) = 0.016286644951140065
1664/16384
mean(sgnprob[1:i - 1]) = 0.05472038484666266
1792/16384
mean(sgnprob[1:i - 1]) = 0.08207705192629816
1920/16384
mean(sgnprob[1:i - 1]) = 0.040125065138092754
2048/16384
mean(sgnprob[1:i - 1]) = 0.06008793356130923
2176/16384
mean(sgnprob[1:i - 1]) = 0.023448275862068966
2304/16384
mean(sgnprob[1:i - 1]) = -0.00303951367781155
2432/16384
mean(sgnprob[1:i - 1]) = 0.02097902097902098
2560/16384
mean(sgnprob[1:i - 1]) = -0.005080109417741305
2688/16384
mean(sgnprob[1:i - 1]) = 0.018980275400074433
2816/16384
mean(sgnprob[1:i - 1]) = -0.003907637655417406
2944/16384
mean(sgnprob[1:i - 1]) = 0.01529051987767584
3072/16384
mean(sgnprob[1:i - 1]) = -0.007489417127971344
3200/16384
mean(sgnprob[1:i - 1]) = 0.01031572366364489
3328/16384
mean(sgnprob[1:i - 1]) = 0.031559963931469794
3456/16384
mean(sgnprob[1:i - 1]) = 0.046599131693198265
3584/16384
mean(sgnprob[1:i - 1]) = 0.02930505163271002
3712/16384
mean(sgnprob[1:i - 1]) = 0.043923470762597686
3840/16384
mean(sgnprob[1:i - 1]) = 0.05860901276374056
3968/16384
mean(sgnprob[1:i - 1]) = 0.07638013612301488
4096/16384
mean(sgnprob[1:i - 1]) = 0.08717948717948718
4224/16384
mean(sgnprob[1:i - 1]) = 0.10490172862893678
4352/16384
mean(sgnprob[1:i - 1]) = 0.08618708342909676
4480/16384
mean(sgnprob[1:i - 1]) = 0.09845947756195579
4608/16384
mean(sgnprob[1:i - 1]) = 0.10744519209897982
4736/16384
mean(sgnprob[1:i - 1]) = 0.11763463569165787
4864/16384
mean(sgnprob[1:i - 1]) = 0.12564260744396463
4992/16384
mean(sgnprob[1:i - 1]) = 0.13524343818873974
5120/16384
mean(sgnprob[1:i - 1]) = 0.14553623754639577
5248/16384
mean(sgnprob[1:i - 1]) = 0.15189632170764247
5376/16384
mean(sgnprob[1:i - 1]) = 0.1605581395348837
5504/16384
mean(sgnprob[1:i - 1]) = 0.1728148282754861
5632/16384
mean(sgnprob[1:i - 1]) = 0.1795418220564731
5760/16384
mean(sgnprob[1:i - 1]) = 0.1873589164785553
5888/16384
mean(sgnprob[1:i - 1]) = 0.1938168846611177
6016/16384
mean(sgnprob[1:i - 1]) = 0.19833748960931005
6144/16384
mean(sgnprob[1:i - 1]) = 0.20625101741819957
6272/16384
mean(sgnprob[1:i - 1]) = 0.1896029341412853
6400/16384
mean(sgnprob[1:i - 1]) = 0.19706204094389748
6528/16384
mean(sgnprob[1:i - 1]) = 0.20330933047341812
6656/16384
mean(sgnprob[1:i - 1]) = 0.1873779113448535
6784/16384
mean(sgnprob[1:i - 1]) = 0.192687601356332
6912/16384
mean(sgnprob[1:i - 1]) = 0.19664303284618723
7040/16384
mean(sgnprob[1:i - 1]) = 0.19988634749254156
7168/16384
mean(sgnprob[1:i - 1]) = 0.20496721082740338
7296/16384
mean(sgnprob[1:i - 1]) = 0.20904729266620972
7424/16384
mean(sgnprob[1:i - 1]) = 0.21298666307422875
7552/16384
mean(sgnprob[1:i - 1]) = 0.2170573433982254
7680/16384
mean(sgnprob[1:i - 1]) = 0.22073186612840215
7808/16384
mean(sgnprob[1:i - 1]) = 0.20763417445881902
7936/16384
mean(sgnprob[1:i - 1]) = 0.2131064902331443
8064/16384
mean(sgnprob[1:i - 1]) = 0.21666873372193973
8192/16384
mean(sgnprob[1:i - 1]) = 0.22036381394213161
8320/16384
mean(sgnprob[1:i - 1]) = 0.22346435869695877
8448/16384
mean(sgnprob[1:i - 1]) = 0.2290754113886587
8576/16384
mean(sgnprob[1:i - 1]) = 0.2345189504373178
8704/16384
mean(sgnprob[1:i - 1]) = 0.23819372630127542
8832/16384
mean(sgnprob[1:i - 1]) = 0.24289434945079832
8960/16384
mean(sgnprob[1:i - 1]) = 0.23116419243219108
9088/16384
mean(sgnprob[1:i - 1]) = 0.2210850665786288
9216/16384
mean(sgnprob[1:i - 1]) = 0.21041779706999458
9344/16384
mean(sgnprob[1:i - 1]) = 0.2154554211709301
9472/16384
mean(sgnprob[1:i - 1]) = 0.220145707950586
9600/16384
mean(sgnprob[1:i - 1]) = 0.2109594749453068
9728/16384
mean(sgnprob[1:i - 1]) = 0.2151742572221651
9856/16384
mean(sgnprob[1:i - 1]) = 0.21968543886352104
9984/16384
mean(sgnprob[1:i - 1]) = 0.20985675648602625
10112/16384
mean(sgnprob[1:i - 1]) = 0.2014637523489269
10240/16384
mean(sgnprob[1:i - 1]) = 0.20363316730149428
10368/16384
mean(sgnprob[1:i - 1]) = 0.19455966046107842
10496/16384
mean(sgnprob[1:i - 1]) = 0.19828489757027157
10624/16384
mean(sgnprob[1:i - 1]) = 0.18968276381436505
10752/16384
mean(sgnprob[1:i - 1]) = 0.19542368151799833
10880/16384
mean(sgnprob[1:i - 1]) = 0.1997426234028863
11008/16384
mean(sgnprob[1:i - 1]) = 0.19106023439629327
11136/16384
mean(sgnprob[1:i - 1]) = 0.1969465648854962
11264/16384
mean(sgnprob[1:i - 1]) = 0.20127852259611115
11392/16384
mean(sgnprob[1:i - 1]) = 0.20270388903520323
11520/16384
mean(sgnprob[1:i - 1]) = 0.20461845646323465
11648/16384
mean(sgnprob[1:i - 1]) = 0.1963595775736241
11776/16384
mean(sgnprob[1:i - 1]) = 0.2005095541401274
11904/16384
mean(sgnprob[1:i - 1]) = 0.2042342266655465
12032/16384
mean(sgnprob[1:i - 1]) = 0.20688222092926606
12160/16384
mean(sgnprob[1:i - 1]) = 0.20075664117114894
12288/16384
mean(sgnprob[1:i - 1]) = 0.20501342882721577
12416/16384
mean(sgnprob[1:i - 1]) = 0.2080547724526782
12544/16384
mean(sgnprob[1:i - 1]) = 0.20943952802359883
12672/16384
mean(sgnprob[1:i - 1]) = 0.21269039539105042
12800/16384
mean(sgnprob[1:i - 1]) = 0.2163450269552309
12928/16384
mean(sgnprob[1:i - 1]) = 0.21961785410381374
13056/16384
mean(sgnprob[1:i - 1]) = 0.22114132516277288
13184/16384
mean(sgnprob[1:i - 1]) = 0.2227869225517712
13312/16384
mean(sgnprob[1:i - 1]) = 0.22530238148899406
13440/16384
mean(sgnprob[1:i - 1]) = 0.22836520574447502
13568/16384
mean(sgnprob[1:i - 1]) = 0.23166506965430825
13696/16384
mean(sgnprob[1:i - 1]) = 0.23329682365826945
13824/16384
mean(sgnprob[1:i - 1]) = 0.22592780149026984
13952/16384
mean(sgnprob[1:i - 1]) = 0.2280123288653143
14080/16384
mean(sgnprob[1:i - 1]) = 0.2297748419632076
14208/16384
mean(sgnprob[1:i - 1]) = 0.22348138241711832
14336/16384
mean(sgnprob[1:i - 1]) = 0.22455528426927102
14464/16384
mean(sgnprob[1:i - 1]) = 0.21828113116227615
14592/16384
mean(sgnprob[1:i - 1]) = 0.21170584606949489
14720/16384
mean(sgnprob[1:i - 1]) = 0.21448467966573817
14848/16384
mean(sgnprob[1:i - 1]) = 0.2161379403246447
14976/16384
mean(sgnprob[1:i - 1]) = 0.21909849749582638
15104/16384
mean(sgnprob[1:i - 1]) = 0.22028736012712707
15232/16384
mean(sgnprob[1:i - 1]) = 0.22342590768826734
15360/16384
mean(sgnprob[1:i - 1]) = 0.22599127547366366
15488/16384
mean(sgnprob[1:i - 1]) = 0.22696455091366952
15616/16384
mean(sgnprob[1:i - 1]) = 0.22920268972142172
15744/16384
mean(sgnprob[1:i - 1]) = 0.23191259607444578
15872/16384
mean(sgnprob[1:i - 1]) = 0.22563165522021297
16000/16384
mean(sgnprob[1:i - 1]) = 0.22820176261016314
16128/16384
mean(sgnprob[1:i - 1]) = 0.22949091585539777
16256/16384
mean(sgnprob[1:i - 1]) = 0.23223623500461396
16384/16384
mean(sgnprob[1:i - 1]) = 0.23469450039675274
725.759317 seconds (167.11 M allocations: 70.745 GiB, 1.51% gc time, 1.25% compilation time)
