## SLURM PROLOG ###############################################################
##    Job ID : 5341805
##  Job Name : etgent_N2_U3
##  Nodelist : node1704
##      CPUs : 8
##  Mem/Node : 2048 MB
## Directory : /oscar/home/trazzaz/AFQMC
##   Job Started : Wed Oct 23 11:27:49 AM EDT 2024
###############################################################################
U = 3.0
seed = 1234
λₖ = 0.0
Warming up
128/512
256/512
384/512
512/512
Measuring
128/1024
256/1024
384/1024
512/1024
640/1024
768/1024
896/1024
1024/1024
 35.197628 seconds (35.02 M allocations: 36.367 GiB, 6.21% gc time, 19.89% compilation time)
λₖ = 0.2
Warming up
128/512
256/512
384/512
512/512
Measuring
128/1024
256/1024
384/1024
512/1024
640/1024
768/1024
896/1024
1024/1024
 26.516244 seconds (33.17 M allocations: 36.268 GiB, 7.09% gc time, 0.26% compilation time)
λₖ = 0.4
Warming up
128/512
256/512
384/512
512/512
Measuring
128/1024
256/1024
384/1024
512/1024
640/1024
768/1024
896/1024
1024/1024
 25.546318 seconds (33.17 M allocations: 36.268 GiB, 6.84% gc time)
λₖ = 0.6
Warming up
128/512
256/512
384/512
512/512
Measuring
128/1024
256/1024
384/1024
512/1024
640/1024
768/1024
896/1024
1024/1024
 25.682911 seconds (33.17 M allocations: 36.268 GiB, 6.86% gc time)
λₖ = 0.8
Warming up
128/512
256/512
384/512
512/512
Measuring
128/1024
256/1024
384/1024
512/1024
640/1024
768/1024
896/1024
1024/1024
 25.624364 seconds (33.17 M allocations: 36.268 GiB, 6.89% gc time)
