## SLURM PROLOG ###############################################################
##    Job ID : 8822332
##  Job Name : sbatch_etgent.sh
##  Nodelist : node1327
##      CPUs : 8
##  Mem/Node : 4096 MB
## Directory : /oscar/home/trazzaz/AFQMC
##   Job Started : Thu Feb 27 07:58:53 PM EST 2025
###############################################################################
seed = 1327
U = 2.0
β = 6.0
Warming up
128/1024
256/1024
384/1024
512/1024
640/1024
768/1024
896/1024
1024/1024
Measuring
128/16384
mean(sgnprob[1:i - 1]) = 0.5118110236220472
256/16384
mean(sgnprob[1:i - 1]) = 0.4980392156862745
384/16384
mean(sgnprob[1:i - 1]) = 0.5143603133159269
512/16384
mean(sgnprob[1:i - 1]) = 0.5264187866927593
640/16384
mean(sgnprob[1:i - 1]) = 0.30203442879499215
768/16384
mean(sgnprob[1:i - 1]) = 0.3350717079530639
896/16384
mean(sgnprob[1:i - 1]) = 0.3675977653631285
1024/16384
mean(sgnprob[1:i - 1]) = 0.386119257086999
1152/16384
mean(sgnprob[1:i - 1]) = 0.38835794960903564
1280/16384
mean(sgnprob[1:i - 1]) = 0.40578577013291633
1408/16384
mean(sgnprob[1:i - 1]) = 0.4228855721393035
1536/16384
mean(sgnprob[1:i - 1]) = 0.4358306188925081
1664/16384
mean(sgnprob[1:i - 1]) = 0.44798556825015035
1792/16384
mean(sgnprob[1:i - 1]) = 0.3713009491903964
1920/16384
mean(sgnprob[1:i - 1]) = 0.3830119854090672
2048/16384
mean(sgnprob[1:i - 1]) = 0.38641914997557403
2176/16384
mean(sgnprob[1:i - 1]) = 0.32689655172413795
2304/16384
mean(sgnprob[1:i - 1]) = 0.34867564046895355
2432/16384
mean(sgnprob[1:i - 1]) = 0.3624023035787742
2560/16384
mean(sgnprob[1:i - 1]) = 0.375537319265338
2688/16384
mean(sgnprob[1:i - 1]) = 0.37774469668775584
2816/16384
mean(sgnprob[1:i - 1]) = 0.38401420959147425
2944/16384
mean(sgnprob[1:i - 1]) = 0.3931362555215766
3072/16384
mean(sgnprob[1:i - 1]) = 0.3995441224356887
3200/16384
mean(sgnprob[1:i - 1]) = 0.4029384182557049
3328/16384
mean(sgnprob[1:i - 1]) = 0.4102795311091073
3456/16384
mean(sgnprob[1:i - 1]) = 0.4159189580318379
3584/16384
mean(sgnprob[1:i - 1]) = 0.42283003070053027
3712/16384
mean(sgnprob[1:i - 1]) = 0.38830503907302616
3840/16384
mean(sgnprob[1:i - 1]) = 0.39515498827819745
3968/16384
mean(sgnprob[1:i - 1]) = 0.39904209730274764
4096/16384
mean(sgnprob[1:i - 1]) = 0.40073260073260075
4224/16384
mean(sgnprob[1:i - 1]) = 0.4032678190859578
4352/16384
mean(sgnprob[1:i - 1]) = 0.4093311882325902
4480/16384
mean(sgnprob[1:i - 1]) = 0.4154945300290243
4608/16384
mean(sgnprob[1:i - 1]) = 0.41350119383546774
4736/16384
mean(sgnprob[1:i - 1]) = 0.41752903907074973
4864/16384
mean(sgnprob[1:i - 1]) = 0.42381246144355333
4992/16384
mean(sgnprob[1:i - 1]) = 0.4001202163895011
5120/16384
mean(sgnprob[1:i - 1]) = 0.3811291267825747
5248/16384
mean(sgnprob[1:i - 1]) = 0.3847913093196112
5376/16384
mean(sgnprob[1:i - 1]) = 0.36186046511627906
5504/16384
mean(sgnprob[1:i - 1]) = 0.3661639105942213
5632/16384
mean(sgnprob[1:i - 1]) = 0.3692061800745871
5760/16384
mean(sgnprob[1:i - 1]) = 0.3724604966139955
5888/16384
mean(sgnprob[1:i - 1]) = 0.3782911499915067
6016/16384
mean(sgnprob[1:i - 1]) = 0.3835411471321696
6144/16384
mean(sgnprob[1:i - 1]) = 0.38727006348689563
6272/16384
mean(sgnprob[1:i - 1]) = 0.3927603253069686
6400/16384
mean(sgnprob[1:i - 1]) = 0.3955305516486951
6528/16384
mean(sgnprob[1:i - 1]) = 0.39941780297226903
6656/16384
mean(sgnprob[1:i - 1]) = 0.4001502629601803
6784/16384
mean(sgnprob[1:i - 1]) = 0.4029190623617868
6912/16384
mean(sgnprob[1:i - 1]) = 0.40558529879901606
7040/16384
mean(sgnprob[1:i - 1]) = 0.4087228299474357
7168/16384
mean(sgnprob[1:i - 1]) = 0.4103530068368913
7296/16384
mean(sgnprob[1:i - 1]) = 0.41165181631254283
7424/16384
mean(sgnprob[1:i - 1]) = 0.41425299744038796
7552/16384
mean(sgnprob[1:i - 1]) = 0.4170308568401536
7680/16384
mean(sgnprob[1:i - 1]) = 0.4194556582888397
7808/16384
mean(sgnprob[1:i - 1]) = 0.42103240681439735
7936/16384
mean(sgnprob[1:i - 1]) = 0.4233144297416509
8064/16384
mean(sgnprob[1:i - 1]) = 0.4245318119806524
8192/16384
mean(sgnprob[1:i - 1]) = 0.42717616896593824
8320/16384
mean(sgnprob[1:i - 1]) = 0.4292583243178267
8448/16384
mean(sgnprob[1:i - 1]) = 0.43009352432816383
8576/16384
mean(sgnprob[1:i - 1]) = 0.4311370262390671
8704/16384
mean(sgnprob[1:i - 1]) = 0.43536711478800416
8832/16384
mean(sgnprob[1:i - 1]) = 0.4367568791756313
8960/16384
mean(sgnprob[1:i - 1]) = 0.4387766491795959
9088/16384
mean(sgnprob[1:i - 1]) = 0.42599317706613843
9216/16384
mean(sgnprob[1:i - 1]) = 0.42854042322300595
9344/16384
mean(sgnprob[1:i - 1]) = 0.42951942630846623
9472/16384
mean(sgnprob[1:i - 1]) = 0.4315278217717242
9600/16384
mean(sgnprob[1:i - 1]) = 0.4343160745911032
9728/16384
mean(sgnprob[1:i - 1]) = 0.43579726534388813
9856/16384
mean(sgnprob[1:i - 1]) = 0.4368340943683409
9984/16384
mean(sgnprob[1:i - 1]) = 0.43764399479114496
10112/16384
mean(sgnprob[1:i - 1]) = 0.4259717139748788
10240/16384
mean(sgnprob[1:i - 1]) = 0.4290458052544194
10368/16384
mean(sgnprob[1:i - 1]) = 0.4305006269894859
10496/16384
mean(sgnprob[1:i - 1]) = 0.43287279656979516
10624/16384
mean(sgnprob[1:i - 1]) = 0.4214440365245223
10752/16384
mean(sgnprob[1:i - 1]) = 0.4114035903636871
10880/16384
mean(sgnprob[1:i - 1]) = 0.41171063516867357
11008/16384
mean(sgnprob[1:i - 1]) = 0.40256200599618425
11136/16384
mean(sgnprob[1:i - 1]) = 0.40475976650202067
11264/16384
mean(sgnprob[1:i - 1]) = 0.40495427505993076
11392/16384
mean(sgnprob[1:i - 1]) = 0.40619787551575803
11520/16384
mean(sgnprob[1:i - 1]) = 0.40845559510374163
11648/16384
mean(sgnprob[1:i - 1]) = 0.4079162015969778
11776/16384
mean(sgnprob[1:i - 1]) = 0.3970276008492569
11904/16384
mean(sgnprob[1:i - 1]) = 0.397966899101067
12032/16384
mean(sgnprob[1:i - 1]) = 0.40021610838666777
12160/16384
mean(sgnprob[1:i - 1]) = 0.40241796200345425
12288/16384
mean(sgnprob[1:i - 1]) = 0.40473671359973956
12416/16384
mean(sgnprob[1:i - 1]) = 0.39573097060008056
12544/16384
mean(sgnprob[1:i - 1]) = 0.39775173403491987
12672/16384
mean(sgnprob[1:i - 1]) = 0.3869465709099519
12800/16384
mean(sgnprob[1:i - 1]) = 0.3890147667786546
12928/16384
mean(sgnprob[1:i - 1]) = 0.38083081921559525
13056/16384
mean(sgnprob[1:i - 1]) = 0.38261202604366146
13184/16384
mean(sgnprob[1:i - 1]) = 0.384055222635212
13312/16384
mean(sgnprob[1:i - 1]) = 0.3860716700473293
13440/16384
mean(sgnprob[1:i - 1]) = 0.3880497060793214
13568/16384
mean(sgnprob[1:i - 1]) = 0.388958502248102
13696/16384
mean(sgnprob[1:i - 1]) = 0.38985031033223805
13824/16384
mean(sgnprob[1:i - 1]) = 0.39159372061057657
13952/16384
mean(sgnprob[1:i - 1]) = 0.39287506271951833
14080/16384
mean(sgnprob[1:i - 1]) = 0.39555366148163934
14208/16384
mean(sgnprob[1:i - 1]) = 0.39776166678397973
14336/16384
mean(sgnprob[1:i - 1]) = 0.39825601674223926
14464/16384
mean(sgnprob[1:i - 1]) = 0.3992947521261149
14592/16384
mean(sgnprob[1:i - 1]) = 0.39058323624151875
14720/16384
mean(sgnprob[1:i - 1]) = 0.38256675045859095
14848/16384
mean(sgnprob[1:i - 1]) = 0.3841180036370984
14976/16384
mean(sgnprob[1:i - 1]) = 0.3853756260434057
15104/16384
mean(sgnprob[1:i - 1]) = 0.3868767794477918
15232/16384
mean(sgnprob[1:i - 1]) = 0.37876698837896394
15360/16384
mean(sgnprob[1:i - 1]) = 0.37248518783774986
15488/16384
mean(sgnprob[1:i - 1]) = 0.37237683218182993
15616/16384
mean(sgnprob[1:i - 1]) = 0.3735510726865194
15744/16384
mean(sgnprob[1:i - 1]) = 0.36619449914247604
15872/16384
mean(sgnprob[1:i - 1]) = 0.3672736437527566
16000/16384
mean(sgnprob[1:i - 1]) = 0.3682105131570723
16128/16384
mean(sgnprob[1:i - 1]) = 0.3697525888261921
16256/16384
mean(sgnprob[1:i - 1]) = 0.3713934174100277
16384/16384
mean(sgnprob[1:i - 1]) = 0.3721540621375816
799.656854 seconds (167.11 M allocations: 70.745 GiB, 1.82% gc time, 1.20% compilation time)
