## SLURM PROLOG ###############################################################
##    Job ID : 7671165
##  Job Name : sbatch_etgent.sh
##  Nodelist : node1318
##      CPUs : 8
##  Mem/Node : 4096 MB
## Directory : /oscar/home/trazzaz/AFQMC
##   Job Started : Sun Jan 19 04:12:36 AM EST 2025
###############################################################################
seed = 1275
U = 2.0
β = 6.0
Warming up
128/1024
256/1024
384/1024
512/1024
640/1024
768/1024
896/1024
1024/1024
Measuring
128/16384
mean(sgnprob[1:i - 1]) = -0.25984251968503935
256/16384
mean(sgnprob[1:i - 1]) = 0.027450980392156862
384/16384
mean(sgnprob[1:i - 1]) = 0.1279373368146214
512/16384
mean(sgnprob[1:i - 1]) = 0.033268101761252444
640/16384
mean(sgnprob[1:i - 1]) = 0.07355242566510173
768/16384
mean(sgnprob[1:i - 1]) = 0.003911342894393742
896/16384
mean(sgnprob[1:i - 1]) = 0.05027932960893855
1024/16384
mean(sgnprob[1:i - 1]) = 0.07331378299120235
1152/16384
mean(sgnprob[1:i - 1]) = 0.035621198957428324
1280/16384
mean(sgnprob[1:i - 1]) = 0.01641907740422205
1408/16384
mean(sgnprob[1:i - 1]) = 0.04477611940298507
1536/16384
mean(sgnprob[1:i - 1]) = 0.02280130293159609
1664/16384
mean(sgnprob[1:i - 1]) = 0.04149128081779916
1792/16384
mean(sgnprob[1:i - 1]) = 0.057509771077610274
1920/16384
mean(sgnprob[1:i - 1]) = 0.03908285565398645
2048/16384
mean(sgnprob[1:i - 1]) = 0.044455300439667805
2176/16384
mean(sgnprob[1:i - 1]) = 0.06114942528735632
2304/16384
mean(sgnprob[1:i - 1]) = 0.056013894919669995
2432/16384
mean(sgnprob[1:i - 1]) = 0.06869600987248047
2560/16384
mean(sgnprob[1:i - 1]) = 0.07463853067604533
2688/16384
mean(sgnprob[1:i - 1]) = 0.06512839598064757
2816/16384
mean(sgnprob[1:i - 1]) = 0.07495559502664298
2944/16384
mean(sgnprob[1:i - 1]) = 0.08596670064559973
3072/16384
mean(sgnprob[1:i - 1]) = 0.06805600781504396
3200/16384
mean(sgnprob[1:i - 1]) = 0.06095654892153798
3328/16384
mean(sgnprob[1:i - 1]) = 0.06943192064923355
3456/16384
mean(sgnprob[1:i - 1]) = 0.08017366136034733
3584/16384
mean(sgnprob[1:i - 1]) = 0.06614568797097405
3712/16384
mean(sgnprob[1:i - 1]) = 0.05470223659391
3840/16384
mean(sgnprob[1:i - 1]) = 0.0408960666840323
3968/16384
mean(sgnprob[1:i - 1]) = 0.048147214519788255
4096/16384
mean(sgnprob[1:i - 1]) = 0.04810744810744811
4224/16384
mean(sgnprob[1:i - 1]) = 0.052332465072223534
4352/16384
mean(sgnprob[1:i - 1]) = 0.04481728338313031
4480/16384
mean(sgnprob[1:i - 1]) = 0.03907122125474436
4608/16384
mean(sgnprob[1:i - 1]) = 0.029737356197091384
4736/16384
mean(sgnprob[1:i - 1]) = 0.034424498416050685
4864/16384
mean(sgnprob[1:i - 1]) = 0.038042360682706146
4992/16384
mean(sgnprob[1:i - 1]) = 0.03225806451612903
5120/16384
mean(sgnprob[1:i - 1]) = 0.028325844891580385
5248/16384
mean(sgnprob[1:i - 1]) = 0.03868877453783114
5376/16384
mean(sgnprob[1:i - 1]) = 0.03479069767441861
5504/16384
mean(sgnprob[1:i - 1]) = 0.041613665273487185
5632/16384
mean(sgnprob[1:i - 1]) = 0.04883679630616231
5760/16384
mean(sgnprob[1:i - 1]) = 0.05330786594894947
5888/16384
mean(sgnprob[1:i - 1]) = 0.04671309665364362
6016/16384
mean(sgnprob[1:i - 1]) = 0.05236907730673317
6144/16384
mean(sgnprob[1:i - 1]) = 0.04769656519615823
6272/16384
mean(sgnprob[1:i - 1]) = 0.039387657470897786
6400/16384
mean(sgnprob[1:i - 1]) = 0.04047507423034849
6528/16384
mean(sgnprob[1:i - 1]) = 0.034778611919718094
6656/16384
mean(sgnprob[1:i - 1]) = 0.029000751314800902
6784/16384
mean(sgnprob[1:i - 1]) = 0.025504938817632317
6912/16384
mean(sgnprob[1:i - 1]) = 0.020691650991173493
7040/16384
mean(sgnprob[1:i - 1]) = 0.024577354737888905
7168/16384
mean(sgnprob[1:i - 1]) = 0.031672945444397936
7296/16384
mean(sgnprob[1:i - 1]) = 0.026730637422892393
7424/16384
mean(sgnprob[1:i - 1]) = 0.0297723292469352
7552/16384
mean(sgnprob[1:i - 1]) = 0.025029797377830752
7680/16384
mean(sgnprob[1:i - 1]) = 0.019403568172939183
7808/16384
mean(sgnprob[1:i - 1]) = 0.023184321762520815
7936/16384
mean(sgnprob[1:i - 1]) = 0.0258349086326402
8064/16384
mean(sgnprob[1:i - 1]) = 0.027905246186283022
8192/16384
mean(sgnprob[1:i - 1]) = 0.02380661701867904
8320/16384
mean(sgnprob[1:i - 1]) = 0.02103618223344152
8448/16384
mean(sgnprob[1:i - 1]) = 0.024032200781342487
8576/16384
mean(sgnprob[1:i - 1]) = 0.02857142857142857
8704/16384
mean(sgnprob[1:i - 1]) = 0.03067907618062737
8832/16384
mean(sgnprob[1:i - 1]) = 0.02593137809987544
8960/16384
mean(sgnprob[1:i - 1]) = 0.028909476504074116
9088/16384
mean(sgnprob[1:i - 1]) = 0.02586112028172114
9216/16384
mean(sgnprob[1:i - 1]) = 0.02159522517634292
9344/16384
mean(sgnprob[1:i - 1]) = 0.024082200577972813
9472/16384
mean(sgnprob[1:i - 1]) = 0.026290782388343363
9600/16384
mean(sgnprob[1:i - 1]) = 0.02864881758516512
9728/16384
mean(sgnprob[1:i - 1]) = 0.024365169116891128
9856/16384
mean(sgnprob[1:i - 1]) = 0.022222222222222223
9984/16384
mean(sgnprob[1:i - 1]) = 0.023940699188620657
10112/16384
mean(sgnprob[1:i - 1]) = 0.021066165562258925
10240/16384
mean(sgnprob[1:i - 1]) = 0.02314679167887489
10368/16384
mean(sgnprob[1:i - 1]) = 0.02633355840648211
10496/16384
mean(sgnprob[1:i - 1]) = 0.022963315864697475
10624/16384
mean(sgnprob[1:i - 1]) = 0.02532241363080109
10752/16384
mean(sgnprob[1:i - 1]) = 0.02781136638452237
10880/16384
mean(sgnprob[1:i - 1]) = 0.026564941630664585
11008/16384
mean(sgnprob[1:i - 1]) = 0.026074316344144637
11136/16384
mean(sgnprob[1:i - 1]) = 0.028468792096991467
11264/16384
mean(sgnprob[1:i - 1]) = 0.026191955961999466
11392/16384
mean(sgnprob[1:i - 1]) = 0.022034939864805547
11520/16384
mean(sgnprob[1:i - 1]) = 0.023699973956072574
11648/16384
mean(sgnprob[1:i - 1]) = 0.02601528290546922
11776/16384
mean(sgnprob[1:i - 1]) = 0.021825902335456476
11904/16384
mean(sgnprob[1:i - 1]) = 0.02394354364445938
12032/16384
mean(sgnprob[1:i - 1]) = 0.021029008394979638
12160/16384
mean(sgnprob[1:i - 1]) = 0.022781478740027963
12288/16384
mean(sgnprob[1:i - 1]) = 0.01928867909172296
12416/16384
mean(sgnprob[1:i - 1]) = 0.02198952879581152
12544/16384
mean(sgnprob[1:i - 1]) = 0.023519094315554493
12672/16384
mean(sgnprob[1:i - 1]) = 0.025017757083103147
12800/16384
mean(sgnprob[1:i - 1]) = 0.0266427064614423
12928/16384
mean(sgnprob[1:i - 1]) = 0.02792604625976638
13056/16384
mean(sgnprob[1:i - 1]) = 0.030103408655687475
13184/16384
mean(sgnprob[1:i - 1]) = 0.02874914662823333
13312/16384
mean(sgnprob[1:i - 1]) = 0.030876718503493352
13440/16384
mean(sgnprob[1:i - 1]) = 0.029392067862192128
13568/16384
mean(sgnprob[1:i - 1]) = 0.027050932409523106
13696/16384
mean(sgnprob[1:i - 1]) = 0.028112449799196786
13824/16384
mean(sgnprob[1:i - 1]) = 0.025247775446719235
13952/16384
mean(sgnprob[1:i - 1]) = 0.02429933338111963
14080/16384
mean(sgnprob[1:i - 1]) = 0.025783081184743234
14208/16384
mean(sgnprob[1:i - 1]) = 0.02794397128176251
14336/16384
mean(sgnprob[1:i - 1]) = 0.03132193930938263
14464/16384
mean(sgnprob[1:i - 1]) = 0.03408698057111249
14592/16384
mean(sgnprob[1:i - 1]) = 0.0322801727092043
14720/16384
mean(sgnprob[1:i - 1]) = 0.029825395746993683
14848/16384
mean(sgnprob[1:i - 1]) = 0.02754765272445612
14976/16384
mean(sgnprob[1:i - 1]) = 0.02904841402337229
15104/16384
mean(sgnprob[1:i - 1]) = 0.031185857114480568
15232/16384
mean(sgnprob[1:i - 1]) = 0.03236819644146806
15360/16384
mean(sgnprob[1:i - 1]) = 0.03392147926297285
15488/16384
mean(sgnprob[1:i - 1]) = 0.036094789178020274
15616/16384
mean(sgnprob[1:i - 1]) = 0.03362151777137368
15744/16384
mean(sgnprob[1:i - 1]) = 0.03576192593533634
15872/16384
mean(sgnprob[1:i - 1]) = 0.03257513704240438
16000/16384
mean(sgnprob[1:i - 1]) = 0.029689355584724044
16128/16384
mean(sgnprob[1:i - 1]) = 0.026725367396291933
16256/16384
mean(sgnprob[1:i - 1]) = 0.02885266071977853
16384/16384
mean(sgnprob[1:i - 1]) = 0.02984801318439846
805.660688 seconds (167.10 M allocations: 70.745 GiB, 1.99% gc time, 1.21% compilation time)
