## SLURM PROLOG ###############################################################
##    Job ID : 8833980
##  Job Name : sbatch_etgent.sh
##  Nodelist : node1736
##      CPUs : 8
##  Mem/Node : 4096 MB
## Directory : /oscar/home/trazzaz/AFQMC
##   Job Started : Fri Feb 28 03:32:56 AM EST 2025
###############################################################################
seed = 1534
U = 2.0
β = 6.0
Warming up
128/1024
256/1024
384/1024
512/1024
640/1024
768/1024
896/1024
1024/1024
Measuring
128/16384
mean(sgnprob[1:i - 1]) = -0.5748031496062992
256/16384
mean(sgnprob[1:i - 1]) = -0.4117647058823529
384/16384
mean(sgnprob[1:i - 1]) = -0.13315926892950392
512/16384
mean(sgnprob[1:i - 1]) = -0.2054794520547945
640/16384
mean(sgnprob[1:i - 1]) = -0.1111111111111111
768/16384
mean(sgnprob[1:i - 1]) = -0.1395045632333768
896/16384
mean(sgnprob[1:i - 1]) = -0.16871508379888267
1024/16384
mean(sgnprob[1:i - 1]) = -0.1906158357771261
1152/16384
mean(sgnprob[1:i - 1]) = -0.12250217202432667
1280/16384
mean(sgnprob[1:i - 1]) = -0.0727130570758405
1408/16384
mean(sgnprob[1:i - 1]) = -0.10874200426439233
1536/16384
mean(sgnprob[1:i - 1]) = -0.0762214983713355
1664/16384
mean(sgnprob[1:i - 1]) = -0.034275405892964524
1792/16384
mean(sgnprob[1:i - 1]) = -0.059743160245672805
1920/16384
mean(sgnprob[1:i - 1]) = -0.027618551328817093
2048/16384
mean(sgnprob[1:i - 1]) = 0.0014655593551538837
2176/16384
mean(sgnprob[1:i - 1]) = 0.015172413793103448
2304/16384
mean(sgnprob[1:i - 1]) = 0.030829353017802867
2432/16384
mean(sgnprob[1:i - 1]) = 0.04401480872069107
2560/16384
mean(sgnprob[1:i - 1]) = 0.023055881203595155
2688/16384
mean(sgnprob[1:i - 1]) = 0.0003721622627465575
2816/16384
mean(sgnprob[1:i - 1]) = -0.014564831261101243
2944/16384
mean(sgnprob[1:i - 1]) = 0.0050968399592252805
3072/16384
mean(sgnprob[1:i - 1]) = 0.025724519700423314
3200/16384
mean(sgnprob[1:i - 1]) = 0.038449515473585494
3328/16384
mean(sgnprob[1:i - 1]) = 0.045987376014427414
3456/16384
mean(sgnprob[1:i - 1]) = 0.06049204052098408
3584/16384
mean(sgnprob[1:i - 1]) = 0.07340217694669271
3712/16384
mean(sgnprob[1:i - 1]) = 0.05955268121800054
3840/16384
mean(sgnprob[1:i - 1]) = 0.07111226882000521
3968/16384
mean(sgnprob[1:i - 1]) = 0.0783967733803882
4096/16384
mean(sgnprob[1:i - 1]) = 0.08864468864468865
4224/16384
mean(sgnprob[1:i - 1]) = 0.10016575893914278
4352/16384
mean(sgnprob[1:i - 1]) = 0.10779131234199035
4480/16384
mean(sgnprob[1:i - 1]) = 0.115874079035499
4608/16384
mean(sgnprob[1:i - 1]) = 0.120468851747341
4736/16384
mean(sgnprob[1:i - 1]) = 0.10834213305174234
4864/16384
mean(sgnprob[1:i - 1]) = 0.11248200699156899
4992/16384
mean(sgnprob[1:i - 1]) = 0.10158284912843117
5120/16384
mean(sgnprob[1:i - 1]) = 0.11232662629419808
5248/16384
mean(sgnprob[1:i - 1]) = 0.12140270630836669
5376/16384
mean(sgnprob[1:i - 1]) = 0.13079069767441862
5504/16384
mean(sgnprob[1:i - 1]) = 0.13719789205887697
5632/16384
mean(sgnprob[1:i - 1]) = 0.14402415201562777
5760/16384
mean(sgnprob[1:i - 1]) = 0.1495051224170863
5888/16384
mean(sgnprob[1:i - 1]) = 0.15576694411414982
6016/16384
mean(sgnprob[1:i - 1]) = 0.14413965087281796
6144/16384
mean(sgnprob[1:i - 1]) = 0.14992674588963048
6272/16384
mean(sgnprob[1:i - 1]) = 0.1408068888534524
6400/16384
mean(sgnprob[1:i - 1]) = 0.12861384591342398
6528/16384
mean(sgnprob[1:i - 1]) = 0.11935039068484755
6656/16384
mean(sgnprob[1:i - 1]) = 0.11164537941397445
6784/16384
mean(sgnprob[1:i - 1]) = 0.1172047766475011
6912/16384
mean(sgnprob[1:i - 1]) = 0.12082187816524381
7040/16384
mean(sgnprob[1:i - 1]) = 0.1262963489131979
7168/16384
mean(sgnprob[1:i - 1]) = 0.1307381052044091
7296/16384
mean(sgnprob[1:i - 1]) = 0.1374914324880055
7424/16384
mean(sgnprob[1:i - 1]) = 0.13862319816785665
7552/16384
mean(sgnprob[1:i - 1]) = 0.13177062640709838
7680/16384
mean(sgnprob[1:i - 1]) = 0.137127230108087
7808/16384
mean(sgnprob[1:i - 1]) = 0.12847444600999103
7936/16384
mean(sgnprob[1:i - 1]) = 0.12136105860113422
8064/16384
mean(sgnprob[1:i - 1]) = 0.12414733969986358
8192/16384
mean(sgnprob[1:i - 1]) = 0.1285557319008668
8320/16384
mean(sgnprob[1:i - 1]) = 0.13138598389229475
8448/16384
mean(sgnprob[1:i - 1]) = 0.1369717059310998
8576/16384
mean(sgnprob[1:i - 1]) = 0.13819241982507288
8704/16384
mean(sgnprob[1:i - 1]) = 0.14328392508330462
8832/16384
mean(sgnprob[1:i - 1]) = 0.1346393386932397
8960/16384
mean(sgnprob[1:i - 1]) = 0.1282509208617033
9088/16384
mean(sgnprob[1:i - 1]) = 0.13172664245625618
9216/16384
mean(sgnprob[1:i - 1]) = 0.13619099294628323
9344/16384
mean(sgnprob[1:i - 1]) = 0.14074708337793
9472/16384
mean(sgnprob[1:i - 1]) = 0.14602470700031675
9600/16384
mean(sgnprob[1:i - 1]) = 0.14949473903531618
9728/16384
mean(sgnprob[1:i - 1]) = 0.1413591035262671
9856/16384
mean(sgnprob[1:i - 1]) = 0.13343480466768137
9984/16384
mean(sgnprob[1:i - 1]) = 0.13432835820895522
10112/16384
mean(sgnprob[1:i - 1]) = 0.129462961131441
10240/16384
mean(sgnprob[1:i - 1]) = 0.13136048442230686
10368/16384
mean(sgnprob[1:i - 1]) = 0.1334040706086621
10496/16384
mean(sgnprob[1:i - 1]) = 0.12815626488804194
10624/16384
mean(sgnprob[1:i - 1]) = 0.1215287583545138
10752/16384
mean(sgnprob[1:i - 1]) = 0.12324434936284996
10880/16384
mean(sgnprob[1:i - 1]) = 0.12675797407849987
11008/16384
mean(sgnprob[1:i - 1]) = 0.1290996638502771
11136/16384
mean(sgnprob[1:i - 1]) = 0.13174674449932644
11264/16384
mean(sgnprob[1:i - 1]) = 0.13664210245938027
11392/16384
mean(sgnprob[1:i - 1]) = 0.14107628829777893
11520/16384
mean(sgnprob[1:i - 1]) = 0.14280753537633475
11648/16384
mean(sgnprob[1:i - 1]) = 0.1364299819696059
11776/16384
mean(sgnprob[1:i - 1]) = 0.12798301486199576
11904/16384
mean(sgnprob[1:i - 1]) = 0.13131143409224566
12032/16384
mean(sgnprob[1:i - 1]) = 0.12359737345191589
12160/16384
mean(sgnprob[1:i - 1]) = 0.12755983222304465
12288/16384
mean(sgnprob[1:i - 1]) = 0.13046309107186457
12416/16384
mean(sgnprob[1:i - 1]) = 0.132339911397503
12544/16384
mean(sgnprob[1:i - 1]) = 0.13497568364825002
12672/16384
mean(sgnprob[1:i - 1]) = 0.12982400757635545
12800/16384
mean(sgnprob[1:i - 1]) = 0.1341511055551215
12928/16384
mean(sgnprob[1:i - 1]) = 0.13730950723292334
13056/16384
mean(sgnprob[1:i - 1]) = 0.1405591727307545
13184/16384
mean(sgnprob[1:i - 1]) = 0.14298718045968292
13312/16384
mean(sgnprob[1:i - 1]) = 0.1440162271805274
13440/16384
mean(sgnprob[1:i - 1]) = 0.14696033931096064
13568/16384
mean(sgnprob[1:i - 1]) = 0.1495540650106877
13696/16384
mean(sgnprob[1:i - 1]) = 0.14508944870390653
13824/16384
mean(sgnprob[1:i - 1]) = 0.1405628300658323
13952/16384
mean(sgnprob[1:i - 1]) = 0.14414737294817576
14080/16384
mean(sgnprob[1:i - 1]) = 0.13885929398394772
14208/16384
mean(sgnprob[1:i - 1]) = 0.14042373477863027
14336/16384
mean(sgnprob[1:i - 1]) = 0.14237879316358562
14464/16384
mean(sgnprob[1:i - 1]) = 0.1449906658369633
14592/16384
mean(sgnprob[1:i - 1]) = 0.14837913782468645
14720/16384
mean(sgnprob[1:i - 1]) = 0.14342006929818601
14848/16384
mean(sgnprob[1:i - 1]) = 0.1451471677780023
14976/16384
mean(sgnprob[1:i - 1]) = 0.14858096828046743
15104/16384
mean(sgnprob[1:i - 1]) = 0.15102959676885386
15232/16384
mean(sgnprob[1:i - 1]) = 0.1459523340555446
15360/16384
mean(sgnprob[1:i - 1]) = 0.14799140569047464
15488/16384
mean(sgnprob[1:i - 1]) = 0.14870536579066312
15616/16384
mean(sgnprob[1:i - 1]) = 0.15145693243675953
15744/16384
mean(sgnprob[1:i - 1]) = 0.153528552372483
15872/16384
mean(sgnprob[1:i - 1]) = 0.15493667695797367
16000/16384
mean(sgnprob[1:i - 1]) = 0.1566972935808488
16128/16384
mean(sgnprob[1:i - 1]) = 0.15805791529732746
16256/16384
mean(sgnprob[1:i - 1]) = 0.16050446016610273
16384/16384
mean(sgnprob[1:i - 1]) = 0.1607153756943173
723.011360 seconds (167.11 M allocations: 70.745 GiB, 1.41% gc time, 1.23% compilation time)
