## SLURM PROLOG ###############################################################
##    Job ID : 8833788
##  Job Name : sbatch_etgent.sh
##  Nodelist : node1733
##      CPUs : 8
##  Mem/Node : 4096 MB
## Directory : /oscar/home/trazzaz/AFQMC
##   Job Started : Thu Feb 27 10:27:08 PM EST 2025
###############################################################################
seed = 1342
U = 2.0
β = 6.0
Warming up
128/1024
256/1024
384/1024
512/1024
640/1024
768/1024
896/1024
1024/1024
Measuring
128/16384
mean(sgnprob[1:i - 1]) = 0.5748031496062992
256/16384
mean(sgnprob[1:i - 1]) = 0.615686274509804
384/16384
mean(sgnprob[1:i - 1]) = 0.577023498694517
512/16384
mean(sgnprob[1:i - 1]) = 0.5225048923679061
640/16384
mean(sgnprob[1:i - 1]) = 0.5086071987480438
768/16384
mean(sgnprob[1:i - 1]) = 0.5097783572359843
896/16384
mean(sgnprob[1:i - 1]) = 0.5039106145251396
1024/16384
mean(sgnprob[1:i - 1]) = 0.4975562072336266
1152/16384
mean(sgnprob[1:i - 1]) = 0.3970460469157255
1280/16384
mean(sgnprob[1:i - 1]) = 0.4073494917904613
1408/16384
mean(sgnprob[1:i - 1]) = 0.4115138592750533
1536/16384
mean(sgnprob[1:i - 1]) = 0.41889250814332246
1664/16384
mean(sgnprob[1:i - 1]) = 0.4263379434756464
1792/16384
mean(sgnprob[1:i - 1]) = 0.4304857621440536
1920/16384
mean(sgnprob[1:i - 1]) = 0.429911412193851
2048/16384
mean(sgnprob[1:i - 1]) = 0.4313629702002931
2176/16384
mean(sgnprob[1:i - 1]) = 0.38298850574712645
2304/16384
mean(sgnprob[1:i - 1]) = 0.3834129396439427
2432/16384
mean(sgnprob[1:i - 1]) = 0.3788564376799671
2560/16384
mean(sgnprob[1:i - 1]) = 0.3849159828057835
2688/16384
mean(sgnprob[1:i - 1]) = 0.34201711946408636
2816/16384
mean(sgnprob[1:i - 1]) = 0.3428063943161634
2944/16384
mean(sgnprob[1:i - 1]) = 0.35236153584777435
3072/16384
mean(sgnprob[1:i - 1]) = 0.3585151416476718
3200/16384
mean(sgnprob[1:i - 1]) = 0.36355110972178806
3328/16384
mean(sgnprob[1:i - 1]) = 0.32852419597234744
3456/16384
mean(sgnprob[1:i - 1]) = 0.33314037626628074
3584/16384
mean(sgnprob[1:i - 1]) = 0.3379849288305889
3712/16384
mean(sgnprob[1:i - 1]) = 0.3392616545405551
3840/16384
mean(sgnprob[1:i - 1]) = 0.34357905704610575
3968/16384
mean(sgnprob[1:i - 1]) = 0.3491303251827578
4096/16384
mean(sgnprob[1:i - 1]) = 0.34945054945054943
4224/16384
mean(sgnprob[1:i - 1]) = 0.3506985555292446
4352/16384
mean(sgnprob[1:i - 1]) = 0.35601011261778903
4480/16384
mean(sgnprob[1:i - 1]) = 0.35878544317928107
4608/16384
mean(sgnprob[1:i - 1]) = 0.3618406772303017
4736/16384
mean(sgnprob[1:i - 1]) = 0.36430834213305174
4864/16384
mean(sgnprob[1:i - 1]) = 0.3666461032284598
4992/16384
mean(sgnprob[1:i - 1]) = 0.3448206772189942
5120/16384
mean(sgnprob[1:i - 1]) = 0.35026372338347334
5248/16384
mean(sgnprob[1:i - 1]) = 0.33371450352582427
5376/16384
mean(sgnprob[1:i - 1]) = 0.3399069767441861
5504/16384
mean(sgnprob[1:i - 1]) = 0.3432673087406869
5632/16384
mean(sgnprob[1:i - 1]) = 0.32694015272598115
5760/16384
mean(sgnprob[1:i - 1]) = 0.31064420906407364
5888/16384
mean(sgnprob[1:i - 1]) = 0.31679972821471036
6016/16384
mean(sgnprob[1:i - 1]) = 0.3030756442227764
6144/16384
mean(sgnprob[1:i - 1]) = 0.3062021813446199
6272/16384
mean(sgnprob[1:i - 1]) = 0.2910221655238399
6400/16384
mean(sgnprob[1:i - 1]) = 0.2961400218784185
6528/16384
mean(sgnprob[1:i - 1]) = 0.29952504979316685
6656/16384
mean(sgnprob[1:i - 1]) = 0.30217881292261456
6784/16384
mean(sgnprob[1:i - 1]) = 0.30679640277163495
6912/16384
mean(sgnprob[1:i - 1]) = 0.31066415858775864
7040/16384
mean(sgnprob[1:i - 1]) = 0.31638016763744853
7168/16384
mean(sgnprob[1:i - 1]) = 0.30403237058741456
7296/16384
mean(sgnprob[1:i - 1]) = 0.30637422892392047
7424/16384
mean(sgnprob[1:i - 1]) = 0.30998248686514884
7552/16384
mean(sgnprob[1:i - 1]) = 0.29651701761356114
7680/16384
mean(sgnprob[1:i - 1]) = 0.29964839171767155
7808/16384
mean(sgnprob[1:i - 1]) = 0.3013961829127706
7936/16384
mean(sgnprob[1:i - 1]) = 0.3018273471959672
8064/16384
mean(sgnprob[1:i - 1]) = 0.3064616147835793
8192/16384
mean(sgnprob[1:i - 1]) = 0.30850933951898424
8320/16384
mean(sgnprob[1:i - 1]) = 0.3116961173217935
8448/16384
mean(sgnprob[1:i - 1]) = 0.31502308511897714
8576/16384
mean(sgnprob[1:i - 1]) = 0.31755102040816324
8704/16384
mean(sgnprob[1:i - 1]) = 0.32046420774445594
8832/16384
mean(sgnprob[1:i - 1]) = 0.30857207564262257
8960/16384
mean(sgnprob[1:i - 1]) = 0.29880567027570043
9088/16384
mean(sgnprob[1:i - 1]) = 0.2875536480686695
9216/16384
mean(sgnprob[1:i - 1]) = 0.289636462289745
9344/16384
mean(sgnprob[1:i - 1]) = 0.2923043990153056
9472/16384
mean(sgnprob[1:i - 1]) = 0.2944778798437335
9600/16384
mean(sgnprob[1:i - 1]) = 0.2963850401083446
9728/16384
mean(sgnprob[1:i - 1]) = 0.29721394057777323
9856/16384
mean(sgnprob[1:i - 1]) = 0.28665651953323185
9984/16384
mean(sgnprob[1:i - 1]) = 0.2897926475007513
10112/16384
mean(sgnprob[1:i - 1]) = 0.29225595885669076
10240/16384
mean(sgnprob[1:i - 1]) = 0.29309502881140737
10368/16384
mean(sgnprob[1:i - 1]) = 0.296228417092698
10496/16384
mean(sgnprob[1:i - 1]) = 0.29890424011434014
10624/16384
mean(sgnprob[1:i - 1]) = 0.30095076720323827
10752/16384
mean(sgnprob[1:i - 1]) = 0.2917868105292531
10880/16384
mean(sgnprob[1:i - 1]) = 0.29258203879033
11008/16384
mean(sgnprob[1:i - 1]) = 0.28409194149177797
11136/16384
mean(sgnprob[1:i - 1]) = 0.28495734171531206
11264/16384
mean(sgnprob[1:i - 1]) = 0.2874012252508213
11392/16384
mean(sgnprob[1:i - 1]) = 0.27785093494864366
11520/16384
mean(sgnprob[1:i - 1]) = 0.27962496744509074
11648/16384
mean(sgnprob[1:i - 1]) = 0.2806731347128016
11776/16384
mean(sgnprob[1:i - 1]) = 0.28305732484076435
11904/16384
mean(sgnprob[1:i - 1]) = 0.2845501134167857
12032/16384
mean(sgnprob[1:i - 1]) = 0.2878397473194248
12160/16384
mean(sgnprob[1:i - 1]) = 0.28941524796447077
12288/16384
mean(sgnprob[1:i - 1]) = 0.290795149344836
12416/16384
mean(sgnprob[1:i - 1]) = 0.29375755134917436
12544/16384
mean(sgnprob[1:i - 1]) = 0.2969783943235271
12672/16384
mean(sgnprob[1:i - 1]) = 0.2991871201957225
12800/16384
mean(sgnprob[1:i - 1]) = 0.30057035705914525
12928/16384
mean(sgnprob[1:i - 1]) = 0.3034733503519765
13056/16384
mean(sgnprob[1:i - 1]) = 0.2946763692072003
13184/16384
mean(sgnprob[1:i - 1]) = 0.29560797997420923
13312/16384
mean(sgnprob[1:i - 1]) = 0.29697242881827063
13440/16384
mean(sgnprob[1:i - 1]) = 0.29042339459781236
13568/16384
mean(sgnprob[1:i - 1]) = 0.29240067811601683
13696/16384
mean(sgnprob[1:i - 1]) = 0.2920043811610077
13824/16384
mean(sgnprob[1:i - 1]) = 0.28510453591839685
13952/16384
mean(sgnprob[1:i - 1]) = 0.27804458461759013
14080/16384
mean(sgnprob[1:i - 1]) = 0.28034661552667095
14208/16384
mean(sgnprob[1:i - 1]) = 0.28204406278595057
14336/16384
mean(sgnprob[1:i - 1]) = 0.27534007673526334
14464/16384
mean(sgnprob[1:i - 1]) = 0.27677521952568623
14592/16384
mean(sgnprob[1:i - 1]) = 0.2691385100404359
14720/16384
mean(sgnprob[1:i - 1]) = 0.27073850125687887
14848/16384
mean(sgnprob[1:i - 1]) = 0.26436317101097867
14976/16384
mean(sgnprob[1:i - 1]) = 0.2662437395659432
15104/16384
mean(sgnprob[1:i - 1]) = 0.2600145666423889
15232/16384
mean(sgnprob[1:i - 1]) = 0.2536274702908542
15360/16384
mean(sgnprob[1:i - 1]) = 0.256201575623413
15488/16384
mean(sgnprob[1:i - 1]) = 0.2504681345644734
15616/16384
mean(sgnprob[1:i - 1]) = 0.2522574447646494
15744/16384
mean(sgnprob[1:i - 1]) = 0.2550339833576828
15872/16384
mean(sgnprob[1:i - 1]) = 0.25549744817591835
16000/16384
mean(sgnprob[1:i - 1]) = 0.25707856741046314
16128/16384
mean(sgnprob[1:i - 1]) = 0.2587586035840516
16256/16384
mean(sgnprob[1:i - 1]) = 0.2527837588434328
16384/16384
mean(sgnprob[1:i - 1]) = 0.2541048647988769
735.982799 seconds (167.11 M allocations: 70.745 GiB, 1.44% gc time, 1.25% compilation time)
