## SLURM PROLOG ###############################################################
##    Job ID : 8833796
##  Job Name : sbatch_etgent.sh
##  Nodelist : node1733
##      CPUs : 8
##  Mem/Node : 4096 MB
## Directory : /oscar/home/trazzaz/AFQMC
##   Job Started : Thu Feb 27 10:39:46 PM EST 2025
###############################################################################
seed = 1350
U = 2.0
β = 6.0
Warming up
128/1024
256/1024
384/1024
512/1024
640/1024
768/1024
896/1024
1024/1024
Measuring
128/16384
mean(sgnprob[1:i - 1]) = 0.48031496062992124
256/16384
mean(sgnprob[1:i - 1]) = -0.027450980392156862
384/16384
mean(sgnprob[1:i - 1]) = 0.13838120104438642
512/16384
mean(sgnprob[1:i - 1]) = 0.22113502935420742
640/16384
mean(sgnprob[1:i - 1]) = 0.2676056338028169
768/16384
mean(sgnprob[1:i - 1]) = 0.3220338983050847
896/16384
mean(sgnprob[1:i - 1]) = 0.3564245810055866
1024/16384
mean(sgnprob[1:i - 1]) = 0.3724340175953079
1152/16384
mean(sgnprob[1:i - 1]) = 0.3935708079930495
1280/16384
mean(sgnprob[1:i - 1]) = 0.29945269741985925
1408/16384
mean(sgnprob[1:i - 1]) = 0.21961620469083157
1536/16384
mean(sgnprob[1:i - 1]) = 0.24299674267100976
1664/16384
mean(sgnprob[1:i - 1]) = 0.1809981960312688
1792/16384
mean(sgnprob[1:i - 1]) = 0.19486320491345616
1920/16384
mean(sgnprob[1:i - 1]) = 0.20896300156331424
2048/16384
mean(sgnprob[1:i - 1]) = 0.22618466047874938
2176/16384
mean(sgnprob[1:i - 1]) = 0.1889655172413793
2304/16384
mean(sgnprob[1:i - 1]) = 0.1932262266608771
2432/16384
mean(sgnprob[1:i - 1]) = 0.21596051007815714
2560/16384
mean(sgnprob[1:i - 1]) = 0.17389605314576007
2688/16384
mean(sgnprob[1:i - 1]) = 0.19240788983997023
2816/16384
mean(sgnprob[1:i - 1]) = 0.20781527531083482
2944/16384
mean(sgnprob[1:i - 1]) = 0.22120285423037717
3072/16384
mean(sgnprob[1:i - 1]) = 0.19179420384239662
3200/16384
mean(sgnprob[1:i - 1]) = 0.20225070334479525
3328/16384
mean(sgnprob[1:i - 1]) = 0.21009918845807032
3456/16384
mean(sgnprob[1:i - 1]) = 0.21968162083936324
3584/16384
mean(sgnprob[1:i - 1]) = 0.23025397711415016
3712/16384
mean(sgnprob[1:i - 1]) = 0.23848019401778497
3840/16384
mean(sgnprob[1:i - 1]) = 0.2518885126334983
3968/16384
mean(sgnprob[1:i - 1]) = 0.22460297453995462
4096/16384
mean(sgnprob[1:i - 1]) = 0.23125763125763127
4224/16384
mean(sgnprob[1:i - 1]) = 0.24035046175704475
4352/16384
mean(sgnprob[1:i - 1]) = 0.21719145024132383
4480/16384
mean(sgnprob[1:i - 1]) = 0.22125474436258094
4608/16384
mean(sgnprob[1:i - 1]) = 0.20121554156718038
4736/16384
mean(sgnprob[1:i - 1]) = 0.20971488912354805
4864/16384
mean(sgnprob[1:i - 1]) = 0.21858934813900885
4992/16384
mean(sgnprob[1:i - 1]) = 0.2001602885193348
5120/16384
mean(sgnprob[1:i - 1]) = 0.20687634303574917
5248/16384
mean(sgnprob[1:i - 1]) = 0.21364589289117591
5376/16384
mean(sgnprob[1:i - 1]) = 0.22344186046511627
5504/16384
mean(sgnprob[1:i - 1]) = 0.23169180447028892
5632/16384
mean(sgnprob[1:i - 1]) = 0.21683537559936067
5760/16384
mean(sgnprob[1:i - 1]) = 0.22069803785379405
5888/16384
mean(sgnprob[1:i - 1]) = 0.22575165619160864
6016/16384
mean(sgnprob[1:i - 1]) = 0.23025768911055694
6144/16384
mean(sgnprob[1:i - 1]) = 0.23652938303760376
6272/16384
mean(sgnprob[1:i - 1]) = 0.2435018338383033
6400/16384
mean(sgnprob[1:i - 1]) = 0.2486325988435693
6528/16384
mean(sgnprob[1:i - 1]) = 0.25417496552780755
6656/16384
mean(sgnprob[1:i - 1]) = 0.24087152516904584
6784/16384
mean(sgnprob[1:i - 1]) = 0.245171752911691
6912/16384
mean(sgnprob[1:i - 1]) = 0.23021270438431485
7040/16384
mean(sgnprob[1:i - 1]) = 0.23369796846142918
7168/16384
mean(sgnprob[1:i - 1]) = 0.24012836612250593
7296/16384
mean(sgnprob[1:i - 1]) = 0.24139821795750513
7424/16384
mean(sgnprob[1:i - 1]) = 0.24531860433786878
7552/16384
mean(sgnprob[1:i - 1]) = 0.2522844656336909
7680/16384
mean(sgnprob[1:i - 1]) = 0.2566740460997526
7808/16384
mean(sgnprob[1:i - 1]) = 0.25938260535416935
7936/16384
mean(sgnprob[1:i - 1]) = 0.2630119722747322
8064/16384
mean(sgnprob[1:i - 1]) = 0.26751829343916655
8192/16384
mean(sgnprob[1:i - 1]) = 0.2547918447076059
8320/16384
mean(sgnprob[1:i - 1]) = 0.24317826661858397
8448/16384
mean(sgnprob[1:i - 1]) = 0.23215342725227892
8576/16384
mean(sgnprob[1:i - 1]) = 0.23708454810495627
8704/16384
mean(sgnprob[1:i - 1]) = 0.2262438239687464
8832/16384
mean(sgnprob[1:i - 1]) = 0.21503793454874873
8960/16384
mean(sgnprob[1:i - 1]) = 0.2179930795847751
9088/16384
mean(sgnprob[1:i - 1]) = 0.20721910421481238
9216/16384
mean(sgnprob[1:i - 1]) = 0.21128594682582746
9344/16384
mean(sgnprob[1:i - 1]) = 0.21374290912982982
9472/16384
mean(sgnprob[1:i - 1]) = 0.21761165663604687
9600/16384
mean(sgnprob[1:i - 1]) = 0.22033545160954265
9728/16384
mean(sgnprob[1:i - 1]) = 0.22278194715739694
9856/16384
mean(sgnprob[1:i - 1]) = 0.2273972602739726
9984/16384
mean(sgnprob[1:i - 1]) = 0.2310928578583592
10112/16384
mean(sgnprob[1:i - 1]) = 0.23390366927109088
10240/16384
mean(sgnprob[1:i - 1]) = 0.23703486668619983
10368/16384
mean(sgnprob[1:i - 1]) = 0.22909231214430403
10496/16384
mean(sgnprob[1:i - 1]) = 0.2203906622201048
10624/16384
mean(sgnprob[1:i - 1]) = 0.22225360067777464
10752/16384
mean(sgnprob[1:i - 1]) = 0.2129104269370291
10880/16384
mean(sgnprob[1:i - 1]) = 0.2155529000827282
11008/16384
mean(sgnprob[1:i - 1]) = 0.2203143454165531
11136/16384
mean(sgnprob[1:i - 1]) = 0.21167489896722047
11264/16384
mean(sgnprob[1:i - 1]) = 0.2144188937228092
11392/16384
mean(sgnprob[1:i - 1]) = 0.20656658765692212
11520/16384
mean(sgnprob[1:i - 1]) = 0.2089591110339439
11648/16384
mean(sgnprob[1:i - 1]) = 0.200824246587104
11776/16384
mean(sgnprob[1:i - 1]) = 0.20339702760084927
11904/16384
mean(sgnprob[1:i - 1]) = 0.207258674283794
12032/16384
mean(sgnprob[1:i - 1]) = 0.21004072811902585
12160/16384
mean(sgnprob[1:i - 1]) = 0.2125997203717411
12288/16384
mean(sgnprob[1:i - 1]) = 0.20631561813298607
12416/16384
mean(sgnprob[1:i - 1]) = 0.20886024969794603
12544/16384
mean(sgnprob[1:i - 1]) = 0.20035079327114724
12672/16384
mean(sgnprob[1:i - 1]) = 0.203219951069371
12800/16384
mean(sgnprob[1:i - 1]) = 0.19728103758106103
12928/16384
mean(sgnprob[1:i - 1]) = 0.20198035120290864
13056/16384
mean(sgnprob[1:i - 1]) = 0.2047491382612026
13184/16384
mean(sgnprob[1:i - 1]) = 0.20655389516801942
13312/16384
mean(sgnprob[1:i - 1]) = 0.20922545263316053
13440/16384
mean(sgnprob[1:i - 1]) = 0.2124414018900216
13568/16384
mean(sgnprob[1:i - 1]) = 0.21530183533574113
13696/16384
mean(sgnprob[1:i - 1]) = 0.21752464403066812
13824/16384
mean(sgnprob[1:i - 1]) = 0.2192722274470086
13952/16384
mean(sgnprob[1:i - 1]) = 0.22141781951114614
14080/16384
mean(sgnprob[1:i - 1]) = 0.21358050997940195
14208/16384
mean(sgnprob[1:i - 1]) = 0.21630182304497783
14336/16384
mean(sgnprob[1:i - 1]) = 0.20948726892221833
14464/16384
mean(sgnprob[1:i - 1]) = 0.21233492359814699
14592/16384
mean(sgnprob[1:i - 1]) = 0.21389897882256184
14720/16384
mean(sgnprob[1:i - 1]) = 0.21584346762687684
14848/16384
mean(sgnprob[1:i - 1]) = 0.21681147706607395
14976/16384
mean(sgnprob[1:i - 1]) = 0.21001669449081803
15104/16384
mean(sgnprob[1:i - 1]) = 0.21181222273720454
15232/16384
mean(sgnprob[1:i - 1]) = 0.20477972555971374
15360/16384
mean(sgnprob[1:i - 1]) = 0.20658897063610912
15488/16384
mean(sgnprob[1:i - 1]) = 0.20061987473364756
15616/16384
mean(sgnprob[1:i - 1]) = 0.20320204931155939
15744/16384
mean(sgnprob[1:i - 1]) = 0.19773867750746363
15872/16384
mean(sgnprob[1:i - 1]) = 0.2001764224056455
16000/16384
mean(sgnprob[1:i - 1]) = 0.20207512969560598
16128/16384
mean(sgnprob[1:i - 1]) = 0.20456377503565448
16256/16384
mean(sgnprob[1:i - 1]) = 0.20799753921870193
16384/16384
mean(sgnprob[1:i - 1]) = 0.20234389305987915
734.834450 seconds (167.11 M allocations: 70.745 GiB, 1.65% gc time, 1.25% compilation time)
