## SLURM PROLOG ###############################################################
##    Job ID : 8833875
##  Job Name : sbatch_etgent.sh
##  Nodelist : node1322
##      CPUs : 8
##  Mem/Node : 4096 MB
## Directory : /oscar/home/trazzaz/AFQMC
##   Job Started : Fri Feb 28 12:42:06 AM EST 2025
###############################################################################
seed = 1429
U = 2.0
β = 6.0
Warming up
128/1024
256/1024
384/1024
512/1024
640/1024
768/1024
896/1024
1024/1024
Measuring
128/16384
mean(sgnprob[1:i - 1]) = 0.6850393700787402
256/16384
mean(sgnprob[1:i - 1]) = 0.6470588235294118
384/16384
mean(sgnprob[1:i - 1]) = 0.597911227154047
512/16384
mean(sgnprob[1:i - 1]) = 0.5772994129158513
640/16384
mean(sgnprob[1:i - 1]) = 0.37089201877934275
768/16384
mean(sgnprob[1:i - 1]) = 0.4002607561929596
896/16384
mean(sgnprob[1:i - 1]) = 0.39664804469273746
1024/16384
mean(sgnprob[1:i - 1]) = 0.41348973607038125
1152/16384
mean(sgnprob[1:i - 1]) = 0.4317984361424848
1280/16384
mean(sgnprob[1:i - 1]) = 0.44487881157154024
1408/16384
mean(sgnprob[1:i - 1]) = 0.4513148542999289
1536/16384
mean(sgnprob[1:i - 1]) = 0.44234527687296415
1664/16384
mean(sgnprob[1:i - 1]) = 0.3662056524353578
1792/16384
mean(sgnprob[1:i - 1]) = 0.3724176437744277
1920/16384
mean(sgnprob[1:i - 1]) = 0.31214174048983845
2048/16384
mean(sgnprob[1:i - 1]) = 0.3190034196384954
2176/16384
mean(sgnprob[1:i - 1]) = 0.3250574712643678
2304/16384
mean(sgnprob[1:i - 1]) = 0.2826747720364742
2432/16384
mean(sgnprob[1:i - 1]) = 0.28918140682846566
2560/16384
mean(sgnprob[1:i - 1]) = 0.29425556858147717
2688/16384
mean(sgnprob[1:i - 1]) = 0.3107554893933755
2816/16384
mean(sgnprob[1:i - 1]) = 0.3172291296625222
2944/16384
mean(sgnprob[1:i - 1]) = 0.3312945973496432
3072/16384
mean(sgnprob[1:i - 1]) = 0.3344187561055031
3200/16384
mean(sgnprob[1:i - 1]) = 0.3479212253829322
3328/16384
mean(sgnprob[1:i - 1]) = 0.30928764652840396
3456/16384
mean(sgnprob[1:i - 1]) = 0.32040520984081045
3584/16384
mean(sgnprob[1:i - 1]) = 0.2922132291375942
3712/16384
mean(sgnprob[1:i - 1]) = 0.2675828617623282
3840/16384
mean(sgnprob[1:i - 1]) = 0.24094816358426674
3968/16384
mean(sgnprob[1:i - 1]) = 0.22208217796823795
4096/16384
mean(sgnprob[1:i - 1]) = 0.22979242979242978
4224/16384
mean(sgnprob[1:i - 1]) = 0.20530428605256926
4352/16384
mean(sgnprob[1:i - 1]) = 0.21581245690645828
4480/16384
mean(sgnprob[1:i - 1]) = 0.22393391382004912
4608/16384
mean(sgnprob[1:i - 1]) = 0.23464293466464076
4736/16384
mean(sgnprob[1:i - 1]) = 0.24012671594508975
4864/16384
mean(sgnprob[1:i - 1]) = 0.2473781616286243
4992/16384
mean(sgnprob[1:i - 1]) = 0.2514526147064716
5120/16384
mean(sgnprob[1:i - 1]) = 0.25805821449501853
5248/16384
mean(sgnprob[1:i - 1]) = 0.263198017914999
5376/16384
mean(sgnprob[1:i - 1]) = 0.26772093023255816
5504/16384
mean(sgnprob[1:i - 1]) = 0.2734871888061058
5632/16384
mean(sgnprob[1:i - 1]) = 0.2551944592434736
5760/16384
mean(sgnprob[1:i - 1]) = 0.2602882444868901
5888/16384
mean(sgnprob[1:i - 1]) = 0.26516052318668254
6016/16384
mean(sgnprob[1:i - 1]) = 0.24954280964256026
6144/16384
mean(sgnprob[1:i - 1]) = 0.2537847957024255
6272/16384
mean(sgnprob[1:i - 1]) = 0.25849146866528466
6400/16384
mean(sgnprob[1:i - 1]) = 0.2436318174714799
6528/16384
mean(sgnprob[1:i - 1]) = 0.24804657576221847
6656/16384
mean(sgnprob[1:i - 1]) = 0.24988730277986476
6784/16384
mean(sgnprob[1:i - 1]) = 0.25578652513637035
6912/16384
mean(sgnprob[1:i - 1]) = 0.2605990450007235
7040/16384
mean(sgnprob[1:i - 1]) = 0.26608893308708625
7168/16384
mean(sgnprob[1:i - 1]) = 0.25380214873726803
7296/16384
mean(sgnprob[1:i - 1]) = 0.2570253598355038
7424/16384
mean(sgnprob[1:i - 1]) = 0.2585208136871885
7552/16384
mean(sgnprob[1:i - 1]) = 0.2615547609588134
7680/16384
mean(sgnprob[1:i - 1]) = 0.26631071754134655
7808/16384
mean(sgnprob[1:i - 1]) = 0.2703983604457538
7936/16384
mean(sgnprob[1:i - 1]) = 0.27460617517328295
8064/16384
mean(sgnprob[1:i - 1]) = 0.277192112117078
8192/16384
mean(sgnprob[1:i - 1]) = 0.27847637651080454
8320/16384
mean(sgnprob[1:i - 1]) = 0.28044236086068036
8448/16384
mean(sgnprob[1:i - 1]) = 0.28424292648277494
8576/16384
mean(sgnprob[1:i - 1]) = 0.28699708454810496
8704/16384
mean(sgnprob[1:i - 1]) = 0.289670228656785
8832/16384
mean(sgnprob[1:i - 1]) = 0.27731853697203035
8960/16384
mean(sgnprob[1:i - 1]) = 0.2793838598057819
9088/16384
mean(sgnprob[1:i - 1]) = 0.28139099812919555
9216/16384
mean(sgnprob[1:i - 1]) = 0.28464460119370594
9344/16384
mean(sgnprob[1:i - 1]) = 0.2878090549074173
9472/16384
mean(sgnprob[1:i - 1]) = 0.2908879738148031
9600/16384
mean(sgnprob[1:i - 1]) = 0.29325971455359934
9728/16384
mean(sgnprob[1:i - 1]) = 0.2951578081628457
9856/16384
mean(sgnprob[1:i - 1]) = 0.29903602232369353
9984/16384
mean(sgnprob[1:i - 1]) = 0.29059400981668837
10112/16384
mean(sgnprob[1:i - 1]) = 0.29284937197112054
10240/16384
mean(sgnprob[1:i - 1]) = 0.2956343392909464
10368/16384
mean(sgnprob[1:i - 1]) = 0.2863895051606058
10496/16384
mean(sgnprob[1:i - 1]) = 0.28766079085278706
10624/16384
mean(sgnprob[1:i - 1]) = 0.2904076061376259
10752/16384
mean(sgnprob[1:i - 1]) = 0.28118314575388337
10880/16384
mean(sgnprob[1:i - 1]) = 0.2826546557588014
11008/16384
mean(sgnprob[1:i - 1]) = 0.28481875170346144
11136/16384
mean(sgnprob[1:i - 1]) = 0.27525819488100584
11264/16384
mean(sgnprob[1:i - 1]) = 0.2771020154488147
11392/16384
mean(sgnprob[1:i - 1]) = 0.27872882099903434
11520/16384
mean(sgnprob[1:i - 1]) = 0.28170848163903117
11648/16384
mean(sgnprob[1:i - 1]) = 0.2832489052975015
11776/16384
mean(sgnprob[1:i - 1]) = 0.284755838641189
11904/16384
mean(sgnprob[1:i - 1]) = 0.28589431235822904
12032/16384
mean(sgnprob[1:i - 1]) = 0.2763693791039814
12160/16384
mean(sgnprob[1:i - 1]) = 0.2678674233078378
12288/16384
mean(sgnprob[1:i - 1]) = 0.2696345731260682
12416/16384
mean(sgnprob[1:i - 1]) = 0.2715263793797825
12544/16384
mean(sgnprob[1:i - 1]) = 0.27369847723830026
12672/16384
mean(sgnprob[1:i - 1]) = 0.2671454502407071
12800/16384
mean(sgnprob[1:i - 1]) = 0.2685366044222205
12928/16384
mean(sgnprob[1:i - 1]) = 0.27020963874062043
13056/16384
mean(sgnprob[1:i - 1]) = 0.27246265798544617
13184/16384
mean(sgnprob[1:i - 1]) = 0.2737616627474778
13312/16384
mean(sgnprob[1:i - 1]) = 0.2646683194350537
13440/16384
mean(sgnprob[1:i - 1]) = 0.26676091971128807
13568/16384
mean(sgnprob[1:i - 1]) = 0.2698459497309648
13696/16384
mean(sgnprob[1:i - 1]) = 0.2728733114275283
13824/16384
mean(sgnprob[1:i - 1]) = 0.2748318020690154
13952/16384
mean(sgnprob[1:i - 1]) = 0.2777578668195828
14080/16384
mean(sgnprob[1:i - 1]) = 0.27992044889551815
14208/16384
mean(sgnprob[1:i - 1]) = 0.28190328711198703
14336/16384
mean(sgnprob[1:i - 1]) = 0.2841297523543774
14464/16384
mean(sgnprob[1:i - 1]) = 0.2857636728203001
14592/16384
mean(sgnprob[1:i - 1]) = 0.28846549242683844
14720/16384
mean(sgnprob[1:i - 1]) = 0.28011413818873565
14848/16384
mean(sgnprob[1:i - 1]) = 0.28200983363642484
14976/16384
mean(sgnprob[1:i - 1]) = 0.283873121869783
15104/16384
mean(sgnprob[1:i - 1]) = 0.27722968946566906
15232/16384
mean(sgnprob[1:i - 1]) = 0.2791018317904274
15360/16384
mean(sgnprob[1:i - 1]) = 0.28055211927859885
15488/16384
mean(sgnprob[1:i - 1]) = 0.27410085878478724
15616/16384
mean(sgnprob[1:i - 1]) = 0.27697726544988793
15744/16384
mean(sgnprob[1:i - 1]) = 0.27802833005145144
15872/16384
mean(sgnprob[1:i - 1]) = 0.28019658496629074
16000/16384
mean(sgnprob[1:i - 1]) = 0.28045502843927744
16128/16384
mean(sgnprob[1:i - 1]) = 0.2819495256402307
16256/16384
mean(sgnprob[1:i - 1]) = 0.2751768686557982
16384/16384
mean(sgnprob[1:i - 1]) = 0.26875419642312154
803.671338 seconds (167.11 M allocations: 70.745 GiB, 2.20% gc time, 1.38% compilation time)
