## SLURM PROLOG ###############################################################
##    Job ID : 8833830
##  Job Name : sbatch_etgent.sh
##  Nodelist : node1734
##      CPUs : 8
##  Mem/Node : 4096 MB
## Directory : /oscar/home/trazzaz/AFQMC
##   Job Started : Thu Feb 27 11:30:56 PM EST 2025
###############################################################################
seed = 1384
U = 2.0
β = 6.0
Warming up
128/1024
256/1024
384/1024
512/1024
640/1024
768/1024
896/1024
1024/1024
Measuring
128/16384
mean(sgnprob[1:i - 1]) = 0.2283464566929134
256/16384
mean(sgnprob[1:i - 1]) = 0.23921568627450981
384/16384
mean(sgnprob[1:i - 1]) = 0.2584856396866841
512/16384
mean(sgnprob[1:i - 1]) = 0.22504892367906065
640/16384
mean(sgnprob[1:i - 1]) = 0.12363067292644757
768/16384
mean(sgnprob[1:i - 1]) = 0.15514993481095177
896/16384
mean(sgnprob[1:i - 1]) = 0.1553072625698324
1024/16384
mean(sgnprob[1:i - 1]) = 0.17302052785923755
1152/16384
mean(sgnprob[1:i - 1]) = 0.16072980017376196
1280/16384
mean(sgnprob[1:i - 1]) = 0.16810007818608289
1408/16384
mean(sgnprob[1:i - 1]) = 0.1670220326936745
1536/16384
mean(sgnprob[1:i - 1]) = 0.1778501628664495
1664/16384
mean(sgnprob[1:i - 1]) = 0.14852675886951291
1792/16384
mean(sgnprob[1:i - 1]) = 0.152428810720268
1920/16384
mean(sgnprob[1:i - 1]) = 0.12975508077123502
2048/16384
mean(sgnprob[1:i - 1]) = 0.10405471421592574
2176/16384
mean(sgnprob[1:i - 1]) = 0.11540229885057471
2304/16384
mean(sgnprob[1:i - 1]) = 0.11854103343465046
2432/16384
mean(sgnprob[1:i - 1]) = 0.10407239819004525
2560/16384
mean(sgnprob[1:i - 1]) = 0.11215318483782728
2688/16384
mean(sgnprob[1:i - 1]) = 0.1269073315965761
2816/16384
mean(sgnprob[1:i - 1]) = 0.11403197158081706
2944/16384
mean(sgnprob[1:i - 1]) = 0.09887869520897044
3072/16384
mean(sgnprob[1:i - 1]) = 0.10778248127645718
3200/16384
mean(sgnprob[1:i - 1]) = 0.09346670834635824
3328/16384
mean(sgnprob[1:i - 1]) = 0.08866847009317703
3456/16384
mean(sgnprob[1:i - 1]) = 0.07727930535455861
3584/16384
mean(sgnprob[1:i - 1]) = 0.062238347753279376
3712/16384
mean(sgnprob[1:i - 1]) = 0.06116949609269739
3840/16384
mean(sgnprob[1:i - 1]) = 0.06486064079187288
3968/16384
mean(sgnprob[1:i - 1]) = 0.06780942777917821
4096/16384
mean(sgnprob[1:i - 1]) = 0.05543345543345543
4224/16384
mean(sgnprob[1:i - 1]) = 0.06085721051385271
4352/16384
mean(sgnprob[1:i - 1]) = 0.06826017007584463
4480/16384
mean(sgnprob[1:i - 1]) = 0.07122125474436258
4608/16384
mean(sgnprob[1:i - 1]) = 0.06316474929455176
4736/16384
mean(sgnprob[1:i - 1]) = 0.05512143611404435
4864/16384
mean(sgnprob[1:i - 1]) = 0.0590170676537117
4992/16384
mean(sgnprob[1:i - 1]) = 0.06391504708475255
5120/16384
mean(sgnprob[1:i - 1]) = 0.06778667708536823
5248/16384
mean(sgnprob[1:i - 1]) = 0.07185058128454355
5376/16384
mean(sgnprob[1:i - 1]) = 0.06530232558139534
5504/16384
mean(sgnprob[1:i - 1]) = 0.06705433399963656
5632/16384
mean(sgnprob[1:i - 1]) = 0.07121292843189486
5760/16384
mean(sgnprob[1:i - 1]) = 0.07692307692307693
5888/16384
mean(sgnprob[1:i - 1]) = 0.06913538304739256
6016/16384
mean(sgnprob[1:i - 1]) = 0.07165419783873649
6144/16384
mean(sgnprob[1:i - 1]) = 0.07602148787237506
6272/16384
mean(sgnprob[1:i - 1]) = 0.08021049274437889
6400/16384
mean(sgnprob[1:i - 1]) = 0.08454446007188623
6528/16384
mean(sgnprob[1:i - 1]) = 0.08074153516163628
6656/16384
mean(sgnprob[1:i - 1]) = 0.07618332081141999
6784/16384
mean(sgnprob[1:i - 1]) = 0.06619489901223648
6912/16384
mean(sgnprob[1:i - 1]) = 0.06873100853711474
7040/16384
mean(sgnprob[1:i - 1]) = 0.07287967040772837
7168/16384
mean(sgnprob[1:i - 1]) = 0.06822938467978233
7296/16384
mean(sgnprob[1:i - 1]) = 0.07278958190541467
7424/16384
mean(sgnprob[1:i - 1]) = 0.06641519601239392
7552/16384
mean(sgnprob[1:i - 1]) = 0.06740829029267646
7680/16384
mean(sgnprob[1:i - 1]) = 0.06810782653991405
7808/16384
mean(sgnprob[1:i - 1]) = 0.06314845651338542
7936/16384
mean(sgnprob[1:i - 1]) = 0.057088846880907373
8064/16384
mean(sgnprob[1:i - 1]) = 0.050229443135309436
8192/16384
mean(sgnprob[1:i - 1]) = 0.046758637528995235
8320/16384
mean(sgnprob[1:i - 1]) = 0.04123091717754538
8448/16384
mean(sgnprob[1:i - 1]) = 0.044157689120397775
8576/16384
mean(sgnprob[1:i - 1]) = 0.04653061224489796
8704/16384
mean(sgnprob[1:i - 1]) = 0.0476847064230725
8832/16384
mean(sgnprob[1:i - 1]) = 0.050617144151285244
8960/16384
mean(sgnprob[1:i - 1]) = 0.051233396584440226
9088/16384
mean(sgnprob[1:i - 1]) = 0.052052382524485526
9216/16384
mean(sgnprob[1:i - 1]) = 0.049376017362995114
9344/16384
mean(sgnprob[1:i - 1]) = 0.04527453708658889
9472/16384
mean(sgnprob[1:i - 1]) = 0.04677436384753458
9600/16384
mean(sgnprob[1:i - 1]) = 0.04490051046984061
9728/16384
mean(sgnprob[1:i - 1]) = 0.04204790788526781
9856/16384
mean(sgnprob[1:i - 1]) = 0.0441400304414003
9984/16384
mean(sgnprob[1:i - 1]) = 0.048382249824701996
10112/16384
mean(sgnprob[1:i - 1]) = 0.04559390762535852
10240/16384
mean(sgnprob[1:i - 1]) = 0.04834456489891591
10368/16384
mean(sgnprob[1:i - 1]) = 0.04331050448538632
10496/16384
mean(sgnprob[1:i - 1]) = 0.04449737970462125
10624/16384
mean(sgnprob[1:i - 1]) = 0.04584392356208227
10752/16384
mean(sgnprob[1:i - 1]) = 0.04790252069574923
10880/16384
mean(sgnprob[1:i - 1]) = 0.04936115451787848
11008/16384
mean(sgnprob[1:i - 1]) = 0.04606159716544017
11136/16384
mean(sgnprob[1:i - 1]) = 0.04319712617871576
11264/16384
mean(sgnprob[1:i - 1]) = 0.04004261741987037
11392/16384
mean(sgnprob[1:i - 1]) = 0.043806513914493896
11520/16384
mean(sgnprob[1:i - 1]) = 0.04505599444396215
11648/16384
mean(sgnprob[1:i - 1]) = 0.04868206405082854
11776/16384
mean(sgnprob[1:i - 1]) = 0.04611464968152866
11904/16384
mean(sgnprob[1:i - 1]) = 0.04343442829538772
12032/16384
mean(sgnprob[1:i - 1]) = 0.04563211703100324
12160/16384
mean(sgnprob[1:i - 1]) = 0.048605970885763634
12288/16384
mean(sgnprob[1:i - 1]) = 0.05005290144054692
12416/16384
mean(sgnprob[1:i - 1]) = 0.048731373338703185
12544/16384
mean(sgnprob[1:i - 1]) = 0.05078529857290919
12672/16384
mean(sgnprob[1:i - 1]) = 0.053271249309446767
12800/16384
mean(sgnprob[1:i - 1]) = 0.055707477146652085
12928/16384
mean(sgnprob[1:i - 1]) = 0.05360872592248782
13056/16384
mean(sgnprob[1:i - 1]) = 0.05461509000382995
13184/16384
mean(sgnprob[1:i - 1]) = 0.05560191155275734
13312/16384
mean(sgnprob[1:i - 1]) = 0.05822252272556532
13440/16384
mean(sgnprob[1:i - 1]) = 0.05394746632933998
13568/16384
mean(sgnprob[1:i - 1]) = 0.05137465909928503
13696/16384
mean(sgnprob[1:i - 1]) = 0.05089448703906535
13824/16384
mean(sgnprob[1:i - 1]) = 0.05331693554221226
13952/16384
mean(sgnprob[1:i - 1]) = 0.05540821446491291
14080/16384
mean(sgnprob[1:i - 1]) = 0.05817174515235457
14208/16384
mean(sgnprob[1:i - 1]) = 0.05623988174843387
14336/16384
mean(sgnprob[1:i - 1]) = 0.0533658876874782
14464/16384
mean(sgnprob[1:i - 1]) = 0.0501279126045772
14592/16384
mean(sgnprob[1:i - 1]) = 0.047220889589472965
14720/16384
mean(sgnprob[1:i - 1]) = 0.04708200285345472
14848/16384
mean(sgnprob[1:i - 1]) = 0.048023169663905164
14976/16384
mean(sgnprob[1:i - 1]) = 0.04988313856427379
15104/16384
mean(sgnprob[1:i - 1]) = 0.05091703635039396
15232/16384
mean(sgnprob[1:i - 1]) = 0.04865077801851487
15360/16384
mean(sgnprob[1:i - 1]) = 0.04616185949606094
15488/16384
mean(sgnprob[1:i - 1]) = 0.04358494220959514
15616/16384
mean(sgnprob[1:i - 1]) = 0.043611911623439
15744/16384
mean(sgnprob[1:i - 1]) = 0.04567109191386648
15872/16384
mean(sgnprob[1:i - 1]) = 0.04605884947388318
16000/16384
mean(sgnprob[1:i - 1]) = 0.04719044940308769
16128/16384
mean(sgnprob[1:i - 1]) = 0.0495442425745644
16256/16384
mean(sgnprob[1:i - 1]) = 0.05087665333743464
16384/16384
mean(sgnprob[1:i - 1]) = 0.049868766404199474
733.048192 seconds (167.11 M allocations: 70.745 GiB, 1.46% gc time, 1.23% compilation time)
