## SLURM PROLOG ###############################################################
##    Job ID : 7671099
##  Job Name : sbatch_etgent.sh
##  Nodelist : node1745
##      CPUs : 8
##  Mem/Node : 4096 MB
## Directory : /oscar/home/trazzaz/AFQMC
##   Job Started : Sun Jan 19 02:28:00 AM EST 2025
###############################################################################
seed = 1266
U = 2.0
β = 6.0
Warming up
128/1024
256/1024
384/1024
512/1024
640/1024
768/1024
896/1024
1024/1024
Measuring
128/16384
mean(sgnprob[1:i - 1]) = 0.18110236220472442
256/16384
mean(sgnprob[1:i - 1]) = -0.027450980392156862
384/16384
mean(sgnprob[1:i - 1]) = 0.05483028720626632
512/16384
mean(sgnprob[1:i - 1]) = 0.0958904109589041
640/16384
mean(sgnprob[1:i - 1]) = 0.1267605633802817
768/16384
mean(sgnprob[1:i - 1]) = 0.16558018252933507
896/16384
mean(sgnprob[1:i - 1]) = 0.19776536312849163
1024/16384
mean(sgnprob[1:i - 1]) = 0.1495601173020528
1152/16384
mean(sgnprob[1:i - 1]) = 0.14856646394439618
1280/16384
mean(sgnprob[1:i - 1]) = 0.11336982017200939
1408/16384
mean(sgnprob[1:i - 1]) = 0.09168443496801706
1536/16384
mean(sgnprob[1:i - 1]) = 0.10488599348534201
1664/16384
mean(sgnprob[1:i - 1]) = 0.08959711365003006
1792/16384
mean(sgnprob[1:i - 1]) = 0.10217755443886097
1920/16384
mean(sgnprob[1:i - 1]) = 0.10474205315268369
2048/16384
mean(sgnprob[1:i - 1]) = 0.11089399120664387
2176/16384
mean(sgnprob[1:i - 1]) = 0.09425287356321839
2304/16384
mean(sgnprob[1:i - 1]) = 0.10204081632653061
2432/16384
mean(sgnprob[1:i - 1]) = 0.10818593171534348
2560/16384
mean(sgnprob[1:i - 1]) = 0.11840562719812427
2688/16384
mean(sgnprob[1:i - 1]) = 0.12988462969854855
2816/16384
mean(sgnprob[1:i - 1]) = 0.10763765541740675
2944/16384
mean(sgnprob[1:i - 1]) = 0.11790689772341148
3072/16384
mean(sgnprob[1:i - 1]) = 0.11950504721589059
3200/16384
mean(sgnprob[1:i - 1]) = 0.1278524538918412
3328/16384
mean(sgnprob[1:i - 1]) = 0.1319507063420499
3456/16384
mean(sgnprob[1:i - 1]) = 0.13285094066570188
3584/16384
mean(sgnprob[1:i - 1]) = 0.13536142897013675
3712/16384
mean(sgnprob[1:i - 1]) = 0.12799784424683375
3840/16384
mean(sgnprob[1:i - 1]) = 0.12737692107319615
3968/16384
mean(sgnprob[1:i - 1]) = 0.12881270481472146
4096/16384
mean(sgnprob[1:i - 1]) = 0.13455433455433455
4224/16384
mean(sgnprob[1:i - 1]) = 0.11721524982240114
4352/16384
mean(sgnprob[1:i - 1]) = 0.12112158124569064
4480/16384
mean(sgnprob[1:i - 1]) = 0.12480464389372628
4608/16384
mean(sgnprob[1:i - 1]) = 0.12828304753635772
4736/16384
mean(sgnprob[1:i - 1]) = 0.1345300950369588
4864/16384
mean(sgnprob[1:i - 1]) = 0.13921447666049763
4992/16384
mean(sgnprob[1:i - 1]) = 0.14165497896213183
5120/16384
mean(sgnprob[1:i - 1]) = 0.14670834147294393
5248/16384
mean(sgnprob[1:i - 1]) = 0.15113398132266057
5376/16384
mean(sgnprob[1:i - 1]) = 0.15386046511627907
5504/16384
mean(sgnprob[1:i - 1]) = 0.14410321642740323
5632/16384
mean(sgnprob[1:i - 1]) = 0.14402415201562777
5760/16384
mean(sgnprob[1:i - 1]) = 0.1495051224170863
5888/16384
mean(sgnprob[1:i - 1]) = 0.15542721250212332
6016/16384
mean(sgnprob[1:i - 1]) = 0.1571072319201995
6144/16384
mean(sgnprob[1:i - 1]) = 0.16164740354875468
6272/16384
mean(sgnprob[1:i - 1]) = 0.16217509169191516
6400/16384
mean(sgnprob[1:i - 1]) = 0.16236912017502736
6528/16384
mean(sgnprob[1:i - 1]) = 0.1628619580205301
6656/16384
mean(sgnprob[1:i - 1]) = 0.16604057099924868
6784/16384
mean(sgnprob[1:i - 1]) = 0.15701017249004864
6912/16384
mean(sgnprob[1:i - 1]) = 0.14831428158008972
7040/16384
mean(sgnprob[1:i - 1]) = 0.1478903253303026
7168/16384
mean(sgnprob[1:i - 1]) = 0.1399469792102693
7296/16384
mean(sgnprob[1:i - 1]) = 0.13118574366004113
7424/16384
mean(sgnprob[1:i - 1]) = 0.12676815303785532
7552/16384
mean(sgnprob[1:i - 1]) = 0.12170573433982254
7680/16384
mean(sgnprob[1:i - 1]) = 0.12280244823544732
7808/16384
mean(sgnprob[1:i - 1]) = 0.12335083899064941
7936/16384
mean(sgnprob[1:i - 1]) = 0.12514177693761816
8064/16384
mean(sgnprob[1:i - 1]) = 0.11918640704452436
8192/16384
mean(sgnprob[1:i - 1]) = 0.1239164937126114
8320/16384
mean(sgnprob[1:i - 1]) = 0.11696117321793485
8448/16384
mean(sgnprob[1:i - 1]) = 0.11329466082632887
8576/16384
mean(sgnprob[1:i - 1]) = 0.11463556851311954
8704/16384
mean(sgnprob[1:i - 1]) = 0.10881305297024015
8832/16384
mean(sgnprob[1:i - 1]) = 0.10587702411957875
8960/16384
mean(sgnprob[1:i - 1]) = 0.10882911039178479
9088/16384
mean(sgnprob[1:i - 1]) = 0.11147793551227028
9216/16384
mean(sgnprob[1:i - 1]) = 0.11296798697775366
9344/16384
mean(sgnprob[1:i - 1]) = 0.11612972278711335
9472/16384
mean(sgnprob[1:i - 1]) = 0.11371555273994298
9600/16384
mean(sgnprob[1:i - 1]) = 0.10865715178664444
9728/16384
mean(sgnprob[1:i - 1]) = 0.10455433329906445
9856/16384
mean(sgnprob[1:i - 1]) = 0.10644342973110096
9984/16384
mean(sgnprob[1:i - 1]) = 0.10868476409896824
10112/16384
mean(sgnprob[1:i - 1]) = 0.10374839283948176
10240/16384
mean(sgnprob[1:i - 1]) = 0.10088875866783865
10368/16384
mean(sgnprob[1:i - 1]) = 0.10311565544516253
10496/16384
mean(sgnprob[1:i - 1]) = 0.09880895664602192
10624/16384
mean(sgnprob[1:i - 1]) = 0.10025416548997458
10752/16384
mean(sgnprob[1:i - 1]) = 0.10110687377918333
10880/16384
mean(sgnprob[1:i - 1]) = 0.10359408033826638
11008/16384
mean(sgnprob[1:i - 1]) = 0.10566003452348506
11136/16384
mean(sgnprob[1:i - 1]) = 0.101930848675348
11264/16384
mean(sgnprob[1:i - 1]) = 0.10414631980822162
11392/16384
mean(sgnprob[1:i - 1]) = 0.10069352997980863
11520/16384
mean(sgnprob[1:i - 1]) = 0.10200538241166768
11648/16384
mean(sgnprob[1:i - 1]) = 0.10449042671932686
11776/16384
mean(sgnprob[1:i - 1]) = 0.10063694267515924
11904/16384
mean(sgnprob[1:i - 1]) = 0.1015710325128119
12032/16384
mean(sgnprob[1:i - 1]) = 0.09783060427229656
12160/16384
mean(sgnprob[1:i - 1]) = 0.09910354469939962
12288/16384
mean(sgnprob[1:i - 1]) = 0.09904777407015544
12416/16384
mean(sgnprob[1:i - 1]) = 0.09641562625855819
12544/16384
mean(sgnprob[1:i - 1]) = 0.09654787530893726
12672/16384
mean(sgnprob[1:i - 1]) = 0.09715097466656145
12800/16384
mean(sgnprob[1:i - 1]) = 0.0939917181029768
12928/16384
mean(sgnprob[1:i - 1]) = 0.09383460973156958
13056/16384
mean(sgnprob[1:i - 1]) = 0.09444657219456147
13184/16384
mean(sgnprob[1:i - 1]) = 0.09580520367139497
13312/16384
mean(sgnprob[1:i - 1]) = 0.09232965216738036
13440/16384
mean(sgnprob[1:i - 1]) = 0.09517077163479426
13568/16384
mean(sgnprob[1:i - 1]) = 0.09294611925996904
13696/16384
mean(sgnprob[1:i - 1]) = 0.09631252281854691
13824/16384
mean(sgnprob[1:i - 1]) = 0.09701222600014468
13952/16384
mean(sgnprob[1:i - 1]) = 0.09927603756003153
14080/16384
mean(sgnprob[1:i - 1]) = 0.09695290858725762
14208/16384
mean(sgnprob[1:i - 1]) = 0.0984725839374956
14336/16384
mean(sgnprob[1:i - 1]) = 0.09605859783746076
14464/16384
mean(sgnprob[1:i - 1]) = 0.09603816635552789
14592/16384
mean(sgnprob[1:i - 1]) = 0.09574395175107943
14720/16384
mean(sgnprob[1:i - 1]) = 0.0961342482505605
14848/16384
mean(sgnprob[1:i - 1]) = 0.09274600929480703
14976/16384
mean(sgnprob[1:i - 1]) = 0.09409015025041736
15104/16384
mean(sgnprob[1:i - 1]) = 0.09461696351718202
15232/16384
mean(sgnprob[1:i - 1]) = 0.09145821022913794
15360/16384
mean(sgnprob[1:i - 1]) = 0.09369099550752003
15488/16384
mean(sgnprob[1:i - 1]) = 0.09588687286110932
15616/16384
mean(sgnprob[1:i - 1]) = 0.09535702849823888
15744/16384
mean(sgnprob[1:i - 1]) = 0.09597916534332719
15872/16384
mean(sgnprob[1:i - 1]) = 0.09759939512318064
16000/16384
mean(sgnprob[1:i - 1]) = 0.09744359022438902
16128/16384
mean(sgnprob[1:i - 1]) = 0.09939852421405097
16256/16384
mean(sgnprob[1:i - 1]) = 0.0978775761304214
16384/16384
mean(sgnprob[1:i - 1]) = 0.09967649392663126
758.733915 seconds (167.10 M allocations: 70.745 GiB, 2.18% gc time, 1.31% compilation time)
