## SLURM PROLOG ###############################################################
##    Job ID : 8833990
##  Job Name : sbatch_etgent.sh
##  Nodelist : node1322
##      CPUs : 8
##  Mem/Node : 4096 MB
## Directory : /oscar/home/trazzaz/AFQMC
##   Job Started : Fri Feb 28 03:50:52 AM EST 2025
###############################################################################
seed = 1544
U = 2.0
β = 6.0
Warming up
128/1024
256/1024
384/1024
512/1024
640/1024
768/1024
896/1024
1024/1024
Measuring
128/16384
mean(sgnprob[1:i - 1]) = 0.44881889763779526
256/16384
mean(sgnprob[1:i - 1]) = 0.5607843137254902
384/16384
mean(sgnprob[1:i - 1]) = 0.5718015665796344
512/16384
mean(sgnprob[1:i - 1]) = 0.5694716242661448
640/16384
mean(sgnprob[1:i - 1]) = 0.352112676056338
768/16384
mean(sgnprob[1:i - 1]) = 0.36114732724902215
896/16384
mean(sgnprob[1:i - 1]) = 0.39217877094972065
1024/16384
mean(sgnprob[1:i - 1]) = 0.29227761485826004
1152/16384
mean(sgnprob[1:i - 1]) = 0.19548218940052128
1280/16384
mean(sgnprob[1:i - 1]) = 0.20875684128225175
1408/16384
mean(sgnprob[1:i - 1]) = 0.23383084577114427
1536/16384
mean(sgnprob[1:i - 1]) = 0.24429967426710097
1664/16384
mean(sgnprob[1:i - 1]) = 0.1894167167769092
1792/16384
mean(sgnprob[1:i - 1]) = 0.14796203238414293
1920/16384
mean(sgnprob[1:i - 1]) = 0.17144346013548722
2048/16384
mean(sgnprob[1:i - 1]) = 0.19394235466536394
2176/16384
mean(sgnprob[1:i - 1]) = 0.21195402298850574
2304/16384
mean(sgnprob[1:i - 1]) = 0.2349109856708641
2432/16384
mean(sgnprob[1:i - 1]) = 0.2546277252159605
2560/16384
mean(sgnprob[1:i - 1]) = 0.2661195779601407
2688/16384
mean(sgnprob[1:i - 1]) = 0.22441384443617418
2816/16384
mean(sgnprob[1:i - 1]) = 0.1936056838365897
2944/16384
mean(sgnprob[1:i - 1]) = 0.16479782534828408
3072/16384
mean(sgnprob[1:i - 1]) = 0.13383262780853142
3200/16384
mean(sgnprob[1:i - 1]) = 0.10847139731165989
3328/16384
mean(sgnprob[1:i - 1]) = 0.12834385332131049
3456/16384
mean(sgnprob[1:i - 1]) = 0.14095513748191027
3584/16384
mean(sgnprob[1:i - 1]) = 0.15768908735696344
3712/16384
mean(sgnprob[1:i - 1]) = 0.13177041228779304
3840/16384
mean(sgnprob[1:i - 1]) = 0.14300599114352697
3968/16384
mean(sgnprob[1:i - 1]) = 0.12125031509957146
4096/16384
mean(sgnprob[1:i - 1]) = 0.13455433455433455
4224/16384
mean(sgnprob[1:i - 1]) = 0.14515747099218565
4352/16384
mean(sgnprob[1:i - 1]) = 0.12801654792001838
4480/16384
mean(sgnprob[1:i - 1]) = 0.13775396293815584
4608/16384
mean(sgnprob[1:i - 1]) = 0.1482526589971782
4736/16384
mean(sgnprob[1:i - 1]) = 0.15480464625131996
4864/16384
mean(sgnprob[1:i - 1]) = 0.1634793337446021
4992/16384
mean(sgnprob[1:i - 1]) = 0.17291124023241836
5120/16384
mean(sgnprob[1:i - 1]) = 0.18265286188708732
5248/16384
mean(sgnprob[1:i - 1]) = 0.18810748999428245
5376/16384
mean(sgnprob[1:i - 1]) = 0.19665116279069766
5504/16384
mean(sgnprob[1:i - 1]) = 0.20588769761948028
5632/16384
mean(sgnprob[1:i - 1]) = 0.18948676966790978
5760/16384
mean(sgnprob[1:i - 1]) = 0.19673554436534121
5888/16384
mean(sgnprob[1:i - 1]) = 0.2026499065738067
6016/16384
mean(sgnprob[1:i - 1]) = 0.20665004156275976
6144/16384
mean(sgnprob[1:i - 1]) = 0.2143903630148136
6272/16384
mean(sgnprob[1:i - 1]) = 0.22181470259926647
6400/16384
mean(sgnprob[1:i - 1]) = 0.22831692451945618
6528/16384
mean(sgnprob[1:i - 1]) = 0.23425769878964303
6656/16384
mean(sgnprob[1:i - 1]) = 0.24027047332832457
6784/16384
mean(sgnprob[1:i - 1]) = 0.24546660769570985
6912/16384
mean(sgnprob[1:i - 1]) = 0.2530748082766604
7040/16384
mean(sgnprob[1:i - 1]) = 0.258133257564995
7168/16384
mean(sgnprob[1:i - 1]) = 0.26133668201479
7296/16384
mean(sgnprob[1:i - 1]) = 0.24359150102810143
7424/16384
mean(sgnprob[1:i - 1]) = 0.24909066415196013
7552/16384
mean(sgnprob[1:i - 1]) = 0.2541385246987154
7680/16384
mean(sgnprob[1:i - 1]) = 0.2595390024742805
7808/16384
mean(sgnprob[1:i - 1]) = 0.2642500320225439
7936/16384
mean(sgnprob[1:i - 1]) = 0.2514177693761815
8064/16384
mean(sgnprob[1:i - 1]) = 0.2551159618008186
8192/16384
mean(sgnprob[1:i - 1]) = 0.24136247100476133
8320/16384
mean(sgnprob[1:i - 1]) = 0.24486116119725929
8448/16384
mean(sgnprob[1:i - 1]) = 0.24754350657038002
8576/16384
mean(sgnprob[1:i - 1]) = 0.25154518950437316
8704/16384
mean(sgnprob[1:i - 1]) = 0.2398023669998851
8832/16384
mean(sgnprob[1:i - 1]) = 0.24470614879402106
8960/16384
mean(sgnprob[1:i - 1]) = 0.24790713249246568
9088/16384
mean(sgnprob[1:i - 1]) = 0.2521184109166942
9216/16384
mean(sgnprob[1:i - 1]) = 0.25577862181226263
9344/16384
mean(sgnprob[1:i - 1]) = 0.2595526062292626
9472/16384
mean(sgnprob[1:i - 1]) = 0.24907612712490762
9600/16384
mean(sgnprob[1:i - 1]) = 0.23846233982706533
9728/16384
mean(sgnprob[1:i - 1]) = 0.22853911791919398
9856/16384
mean(sgnprob[1:i - 1]) = 0.23125317097919837
9984/16384
mean(sgnprob[1:i - 1]) = 0.22207753180406692
10112/16384
mean(sgnprob[1:i - 1]) = 0.21471664523785974
10240/16384
mean(sgnprob[1:i - 1]) = 0.2178923723019826
10368/16384
mean(sgnprob[1:i - 1]) = 0.2086428089128967
10496/16384
mean(sgnprob[1:i - 1]) = 0.21314911862791805
10624/16384
mean(sgnprob[1:i - 1]) = 0.21641720794502495
10752/16384
mean(sgnprob[1:i - 1]) = 0.21979350758069016
10880/16384
mean(sgnprob[1:i - 1]) = 0.22253883629010018
11008/16384
mean(sgnprob[1:i - 1]) = 0.2279458526392296
11136/16384
mean(sgnprob[1:i - 1]) = 0.23035473731477324
11264/16384
mean(sgnprob[1:i - 1]) = 0.23270886975051053
11392/16384
mean(sgnprob[1:i - 1]) = 0.2365902905802827
11520/16384
mean(sgnprob[1:i - 1]) = 0.23986457157739388
11648/16384
mean(sgnprob[1:i - 1]) = 0.2432386022151627
11776/16384
mean(sgnprob[1:i - 1]) = 0.24501061571125266
11904/16384
mean(sgnprob[1:i - 1]) = 0.23632697639250608
12032/16384
mean(sgnprob[1:i - 1]) = 0.23979719059097332
12160/16384
mean(sgnprob[1:i - 1]) = 0.24237190558434082
12288/16384
mean(sgnprob[1:i - 1]) = 0.23496378285993327
12416/16384
mean(sgnprob[1:i - 1]) = 0.23817962142569474
12544/16384
mean(sgnprob[1:i - 1]) = 0.24164872837439208
12672/16384
mean(sgnprob[1:i - 1]) = 0.24536342830084445
12800/16384
mean(sgnprob[1:i - 1]) = 0.2371279006172357
12928/16384
mean(sgnprob[1:i - 1]) = 0.23942136613290013
13056/16384
mean(sgnprob[1:i - 1]) = 0.24258904634239756
13184/16384
mean(sgnprob[1:i - 1]) = 0.2443298187059091
13312/16384
mean(sgnprob[1:i - 1]) = 0.2479903838930208
13440/16384
mean(sgnprob[1:i - 1]) = 0.2502418334697522
13568/16384
mean(sgnprob[1:i - 1]) = 0.2515663005822953
13696/16384
mean(sgnprob[1:i - 1]) = 0.24366557137641476
13824/16384
mean(sgnprob[1:i - 1]) = 0.2453157780510743
13952/16384
mean(sgnprob[1:i - 1]) = 0.24722242133180417
14080/16384
mean(sgnprob[1:i - 1]) = 0.24909439590880034
14208/16384
mean(sgnprob[1:i - 1]) = 0.2512141901879355
14336/16384
mean(sgnprob[1:i - 1]) = 0.2546913149633763
14464/16384
mean(sgnprob[1:i - 1]) = 0.2563092027933347
14592/16384
mean(sgnprob[1:i - 1]) = 0.25981769583990133
14720/16384
mean(sgnprob[1:i - 1]) = 0.26272165228616073
14848/16384
mean(sgnprob[1:i - 1]) = 0.26409375631440696
14976/16384
mean(sgnprob[1:i - 1]) = 0.25742904841402336
15104/16384
mean(sgnprob[1:i - 1]) = 0.2598821426206714
15232/16384
mean(sgnprob[1:i - 1]) = 0.2628192502133806
15360/16384
mean(sgnprob[1:i - 1]) = 0.2650563187707533
15488/16384
mean(sgnprob[1:i - 1]) = 0.2597662555691871
15616/16384
mean(sgnprob[1:i - 1]) = 0.2623759205891771
15744/16384
mean(sgnprob[1:i - 1]) = 0.2631645810836562
15872/16384
mean(sgnprob[1:i - 1]) = 0.26583076050658433
16000/16384
mean(sgnprob[1:i - 1]) = 0.25995374710919433
16128/16384
mean(sgnprob[1:i - 1]) = 0.2609908848514913
16256/16384
mean(sgnprob[1:i - 1]) = 0.26311904029529376
16384/16384
mean(sgnprob[1:i - 1]) = 0.264969785753525
806.921252 seconds (167.11 M allocations: 70.745 GiB, 2.36% gc time, 1.32% compilation time)
