## SLURM PROLOG ###############################################################
##    Job ID : 5902766
##  Job Name : etgent_N2_seed1254
##  Nodelist : node1752
##      CPUs : 8
##  Mem/Node : 2048 MB
## Directory : /oscar/home/trazzaz/AFQMC
##   Job Started : Mon Nov 11 01:06:18 AM EST 2024
###############################################################################
U = 2.0
seed = 1254
λₖ = 0.0
Warming up
128/512
256/512
384/512
512/512
Measuring
128/1024
256/1024
384/1024
512/1024
640/1024
768/1024
896/1024
1024/1024
246.125702 seconds (203.81 M allocations: 1.089 TiB, 18.86% gc time, 3.14% compilation time)
λₖ = 0.2
Warming up
128/512
256/512
384/512
512/512
Measuring
128/1024
256/1024
384/1024
512/1024
640/1024
768/1024
896/1024
1024/1024
265.753957 seconds (201.96 M allocations: 1.089 TiB, 18.85% gc time, 0.03% compilation time)
λₖ = 0.4
Warming up
128/512
256/512
384/512
512/512
Measuring
128/1024
256/1024
384/1024
512/1024
640/1024
768/1024
896/1024
1024/1024
211.495016 seconds (201.96 M allocations: 1.089 TiB, 21.32% gc time)
λₖ = 0.6
Warming up
128/512
256/512
384/512
512/512
Measuring
128/1024
256/1024
384/1024
512/1024
640/1024
768/1024
896/1024
1024/1024
206.201066 seconds (201.96 M allocations: 1.089 TiB, 20.68% gc time)
λₖ = 0.8
Warming up
128/512
256/512
384/512
512/512
Measuring
128/1024
256/1024
384/1024
512/1024
640/1024
768/1024
896/1024
1024/1024
207.152001 seconds (201.96 M allocations: 1.089 TiB, 21.00% gc time)
