## SLURM PROLOG ###############################################################
##    Job ID : 8833866
##  Job Name : sbatch_etgent.sh
##  Nodelist : node1736
##      CPUs : 8
##  Mem/Node : 4096 MB
## Directory : /oscar/home/trazzaz/AFQMC
##   Job Started : Fri Feb 28 12:23:07 AM EST 2025
###############################################################################
seed = 1420
U = 2.0
β = 6.0
Warming up
128/1024
256/1024
384/1024
512/1024
640/1024
768/1024
896/1024
1024/1024
Measuring
128/16384
mean(sgnprob[1:i - 1]) = 0.6062992125984252
256/16384
mean(sgnprob[1:i - 1]) = 0.5450980392156862
384/16384
mean(sgnprob[1:i - 1]) = 0.5718015665796344
512/16384
mean(sgnprob[1:i - 1]) = 0.31898238747553814
640/16384
mean(sgnprob[1:i - 1]) = 0.3395931142410016
768/16384
mean(sgnprob[1:i - 1]) = 0.38722294654498046
896/16384
mean(sgnprob[1:i - 1]) = 0.4145251396648045
1024/16384
mean(sgnprob[1:i - 1]) = 0.43304007820136853
1152/16384
mean(sgnprob[1:i - 1]) = 0.43874891398783666
1280/16384
mean(sgnprob[1:i - 1]) = 0.45269741985926504
1408/16384
mean(sgnprob[1:i - 1]) = 0.4584221748400853
1536/16384
mean(sgnprob[1:i - 1]) = 0.3706840390879479
1664/16384
mean(sgnprob[1:i - 1]) = 0.375826819001804
1792/16384
mean(sgnprob[1:i - 1]) = 0.3813512004466778
1920/16384
mean(sgnprob[1:i - 1]) = 0.39030745179781134
2048/16384
mean(sgnprob[1:i - 1]) = 0.4000977039570103
2176/16384
mean(sgnprob[1:i - 1]) = 0.40413793103448276
2304/16384
mean(sgnprob[1:i - 1]) = 0.4077290490664351
2432/16384
mean(sgnprob[1:i - 1]) = 0.4117647058823529
2560/16384
mean(sgnprob[1:i - 1]) = 0.41617819460726846
2688/16384
mean(sgnprob[1:i - 1]) = 0.41868254558987716
2816/16384
mean(sgnprob[1:i - 1]) = 0.42735346358792187
2944/16384
mean(sgnprob[1:i - 1]) = 0.3843017329255861
3072/16384
mean(sgnprob[1:i - 1]) = 0.34614132204493653
3200/16384
mean(sgnprob[1:i - 1]) = 0.35604876523913725
3328/16384
mean(sgnprob[1:i - 1]) = 0.3579801623083859
3456/16384
mean(sgnprob[1:i - 1]) = 0.36439942112879886
3584/16384
mean(sgnprob[1:i - 1]) = 0.36924365057214625
3712/16384
mean(sgnprob[1:i - 1]) = 0.3732147669091889
3840/16384
mean(sgnprob[1:i - 1]) = 0.3753581661891118
3968/16384
mean(sgnprob[1:i - 1]) = 0.3808923619863877
4096/16384
mean(sgnprob[1:i - 1]) = 0.38754578754578756
4224/16384
mean(sgnprob[1:i - 1]) = 0.3876391191096377
4352/16384
mean(sgnprob[1:i - 1]) = 0.39508159043897956
4480/16384
mean(sgnprob[1:i - 1]) = 0.3695021210091538
4608/16384
mean(sgnprob[1:i - 1]) = 0.3744302148903842
4736/16384
mean(sgnprob[1:i - 1]) = 0.38204857444561774
4864/16384
mean(sgnprob[1:i - 1]) = 0.38556446637877856
4992/16384
mean(sgnprob[1:i - 1]) = 0.38890002003606494
5120/16384
mean(sgnprob[1:i - 1]) = 0.39128736081265875
5248/16384
mean(sgnprob[1:i - 1]) = 0.39355822374690297
5376/16384
mean(sgnprob[1:i - 1]) = 0.39832558139534885
5504/16384
mean(sgnprob[1:i - 1]) = 0.4003270943121934
5632/16384
mean(sgnprob[1:i - 1]) = 0.4057893802166578
5760/16384
mean(sgnprob[1:i - 1]) = 0.4051050529605834
5888/16384
mean(sgnprob[1:i - 1]) = 0.3827076609478512
6016/16384
mean(sgnprob[1:i - 1]) = 0.3885286783042394
6144/16384
mean(sgnprob[1:i - 1]) = 0.39052580172554124
6272/16384
mean(sgnprob[1:i - 1]) = 0.3697974804656355
6400/16384
mean(sgnprob[1:i - 1]) = 0.3717768401312705
6528/16384
mean(sgnprob[1:i - 1]) = 0.3742914049333538
6656/16384
mean(sgnprob[1:i - 1]) = 0.3779113448534936
6784/16384
mean(sgnprob[1:i - 1]) = 0.37962553442429603
6912/16384
mean(sgnprob[1:i - 1]) = 0.38156562002604544
7040/16384
mean(sgnprob[1:i - 1]) = 0.3825827532319932
7168/16384
mean(sgnprob[1:i - 1]) = 0.36570392074787217
7296/16384
mean(sgnprob[1:i - 1]) = 0.3694311172035641
7424/16384
mean(sgnprob[1:i - 1]) = 0.35255287619560827
7552/16384
mean(sgnprob[1:i - 1]) = 0.3539928486293206
7680/16384
mean(sgnprob[1:i - 1]) = 0.3559057168902201
7808/16384
mean(sgnprob[1:i - 1]) = 0.36057384398616626
7936/16384
mean(sgnprob[1:i - 1]) = 0.36332703213610584
8064/16384
mean(sgnprob[1:i - 1]) = 0.36425648021828105
8192/16384
mean(sgnprob[1:i - 1]) = 0.3671102429495788
8320/16384
mean(sgnprob[1:i - 1]) = 0.36915494650799374
8448/16384
mean(sgnprob[1:i - 1]) = 0.35574760269918315
8576/16384
mean(sgnprob[1:i - 1]) = 0.3425072886297376
8704/16384
mean(sgnprob[1:i - 1]) = 0.34321498333907846
8832/16384
mean(sgnprob[1:i - 1]) = 0.3296342430075869
8960/16384
mean(sgnprob[1:i - 1]) = 0.31755776314320794
9088/16384
mean(sgnprob[1:i - 1]) = 0.3207879388136899
9216/16384
mean(sgnprob[1:i - 1]) = 0.31090613130765055
9344/16384
mean(sgnprob[1:i - 1]) = 0.31371079952905917
9472/16384
mean(sgnprob[1:i - 1]) = 0.3025023756731074
9600/16384
mean(sgnprob[1:i - 1]) = 0.30430253151369935
9728/16384
mean(sgnprob[1:i - 1]) = 0.30770021589390356
9856/16384
mean(sgnprob[1:i - 1]) = 0.3095890410958904
9984/16384
mean(sgnprob[1:i - 1]) = 0.3114294300310528
10112/16384
mean(sgnprob[1:i - 1]) = 0.3005637424587083
10240/16384
mean(sgnprob[1:i - 1]) = 0.28879773415372595
10368/16384
mean(sgnprob[1:i - 1]) = 0.2794443908555995
10496/16384
mean(sgnprob[1:i - 1]) = 0.2811815150071463
10624/16384
mean(sgnprob[1:i - 1]) = 0.2849477548715052
10752/16384
mean(sgnprob[1:i - 1]) = 0.27448609431680776
10880/16384
mean(sgnprob[1:i - 1]) = 0.2769556025369979
11008/16384
mean(sgnprob[1:i - 1]) = 0.27973108022167714
11136/16384
mean(sgnprob[1:i - 1]) = 0.27076784912438256
11264/16384
mean(sgnprob[1:i - 1]) = 0.2723075557133979
11392/16384
mean(sgnprob[1:i - 1]) = 0.2764463172680186
11520/16384
mean(sgnprob[1:i - 1]) = 0.28014584599357584
11648/16384
mean(sgnprob[1:i - 1]) = 0.2829054692195415
11776/16384
mean(sgnprob[1:i - 1]) = 0.2862845010615711
11904/16384
mean(sgnprob[1:i - 1]) = 0.277829118709569
12032/16384
mean(sgnprob[1:i - 1]) = 0.2805253096168232
12160/16384
mean(sgnprob[1:i - 1]) = 0.2719796035858212
12288/16384
mean(sgnprob[1:i - 1]) = 0.27565719866525595
12416/16384
mean(sgnprob[1:i - 1]) = 0.27668143374949655
12544/16384
mean(sgnprob[1:i - 1]) = 0.27816311887108347
12672/16384
mean(sgnprob[1:i - 1]) = 0.280561913029753
12800/16384
mean(sgnprob[1:i - 1]) = 0.2836940385967654
12928/16384
mean(sgnprob[1:i - 1]) = 0.27562466156107374
13056/16384
mean(sgnprob[1:i - 1]) = 0.26817311374952124
13184/16384
mean(sgnprob[1:i - 1]) = 0.27103087309413637
13312/16384
mean(sgnprob[1:i - 1]) = 0.2733829163849448
13440/16384
mean(sgnprob[1:i - 1]) = 0.2654215343403527
13568/16384
mean(sgnprob[1:i - 1]) = 0.2673398687992924
13696/16384
mean(sgnprob[1:i - 1]) = 0.26863818912011683
13824/16384
mean(sgnprob[1:i - 1]) = 0.2609419084135137
13952/16384
mean(sgnprob[1:i - 1]) = 0.2635653358182209
14080/16384
mean(sgnprob[1:i - 1]) = 0.2567653952695504
14208/16384
mean(sgnprob[1:i - 1]) = 0.258393749560076
14336/16384
mean(sgnprob[1:i - 1]) = 0.26194628531566094
14464/16384
mean(sgnprob[1:i - 1]) = 0.25464979603125215
14592/16384
mean(sgnprob[1:i - 1]) = 0.24775546569803303
14720/16384
mean(sgnprob[1:i - 1]) = 0.24967728785922957
14848/16384
mean(sgnprob[1:i - 1]) = 0.2521048023169664
14976/16384
mean(sgnprob[1:i - 1]) = 0.25435726210350584
15104/16384
mean(sgnprob[1:i - 1]) = 0.25630669403429784
15232/16384
mean(sgnprob[1:i - 1]) = 0.25047600288884514
15360/16384
mean(sgnprob[1:i - 1]) = 0.2521648544827137
15488/16384
mean(sgnprob[1:i - 1]) = 0.2548589139278104
15616/16384
mean(sgnprob[1:i - 1]) = 0.24803073967339098
15744/16384
mean(sgnprob[1:i - 1]) = 0.2500794003684177
15872/16384
mean(sgnprob[1:i - 1]) = 0.2520950160670405
16000/16384
mean(sgnprob[1:i - 1]) = 0.2458278642415151
16128/16384
mean(sgnprob[1:i - 1]) = 0.23978421281081416
16256/16384
mean(sgnprob[1:i - 1]) = 0.24330975084589357
16384/16384
mean(sgnprob[1:i - 1]) = 0.24555942135140085
733.591555 seconds (167.11 M allocations: 70.745 GiB, 1.46% gc time, 1.24% compilation time)
