## SLURM PROLOG ###############################################################
##    Job ID : 5959493
##  Job Name : etgent_N(1,2)_seed1258
##  Nodelist : node1734
##      CPUs : 8
##  Mem/Node : 2048 MB
## Directory : /oscar/home/trazzaz/AFQMC
##   Job Started : Tue Nov 12 12:30:07 AM EST 2024
###############################################################################
U = 2.0
seed = 1258
λₖ = 0.0
Warming up
128/512
256/512
384/512
512/512
Measuring
0.9287974017093906
0.6404723366691746
0.6450924071801025
0.5269136315907877
0.7156354398940344
0.6553777420071146
0.8822789658197139
0.492476253393905
0.6091698374195481
1.0731031526304844
0.3907142759774241
0.9531229719217202
-0.3118557272358322
1.140505184306435
1.2274223119265755
0.32571312400553565
0.11810839106383297
0.6689998579958241
0.9698630170005513
0.31246314138501213
0.8879302694290406
0.40730270307606276
0.07855065850010767
1.1180141601464721
1.0438161635459549
0.7907381059456691
1.2751599102228788
0.6564142730421939
0.7619351100119904
0.5876893782370367
0.6737784506244682
0.6054529199478544
1.2696446023783106
0.9105544462752257
0.9371750271664339
0.47829603746909244
0.8728224906550662
0.571363737944846
1.068585183359864
0.4944969511976006
0.011033825729346303
1.2900551000743259
0.6609676061322858
0.687202670266285
1.0525271988994955
1.053093853790149
0.5497676928327083
1.0098459969799738
0.8910927607875148
0.9667417450017675
0.9459988504614056
0.5657958809289841
0.8974975290305431
0.44974657110971833
1.0007378669215807
0.557411508611784
0.596631324626502
0.3755006520668016
0.5350813251029463
0.5434023743913501
1.1099517330770379
0.9537448548771803
1.0284588317012413
0.5435268206936922
-0.03101656372909367
0.8208601351991913
0.04284435148852728
1.122704454840342
0.646671517423409
0.5753400115486353
0.9698116954228084
0.5969267101753563
0.14439274245612344
0.9102116317411977
0.6624072582187919
1.2936601375012118
1.2146326434816574
0.5232441969787203
1.21749804777471
0.72104046466239
1.1124440989368551
0.4927472397658444
0.8682387658124466
0.7658760805789466
0.79508285734919
0.9317862138954079
0.8813819928217981
1.3587413085080828
1.112939004365987
0.3598039189362481
0.3771692223489919
0.5273123597123984
1.286126207442798
1.1432212434027007
0.8863839729751342
0.9434353854456637
0.31483235599275733
0.779334186211373
1.11786926498876
0.45114297888812804
1.0171105908916371
0.5363212238755499
0.5320401033441668
0.5906452513309774
0.48788111119507116
1.091674370337126
0.6271609951852949
0.48620325222822547
1.2707071416909055
1.241387038878277
-0.2743551970477689
0.7541261585043264
1.2086145579133878
0.8595848003185602
1.0112941754637927
0.27104109387643016
0.4172077045792275
1.0005324873733004
0.5838812843207888
0.6573719763913892
0.7064399489311542
1.2343031115176826
1.0032906298834885
0.648433826468672
0.8108746306865495
0.915643883789467
0.5319754019599748
128/1024
0.5925190511336201
0.7932446309824491
0.5054547233500871
0.681068914990142
0.7552668569907491
0.7766759968679076
0.7175456775562558
0.6350388589680525
0.6330973552743809
0.7365946219901691
0.7865178406178812
0.7555206952491422
0.7704902792874737
0.6559840734907607
0.5737408732471266
0.7291399364344703
0.5657421191986605
0.8361039788242033
0.7315838125279519
0.807184671082823
0.7491767892511099
0.7291954702862843
0.6793785473574001
0.8397314716274721
1.5098549304235298
0.7762489826590908
0.6583613758319916
0.8782600769605922
0.61762501247639
0.7874237375679501
0.6720694962731579
0.6940273354848446
0.6264376282365772
0.5979852552123607
0.8253161519682144
0.6682258284582152
1.3878973121921656
0.7505978545906781
0.7703801666059027
0.6608447716745334
0.6846926955109744
0.6933302158988044
0.7783632846313806
0.7153940263539952
0.7554921067853677
0.7483507087656824
0.7288101842459177
0.7167603936341578
0.7272079617559508
0.705665517974793
0.7185767383781633
0.7120412724606279
0.7275797484978912
0.6160933070118091
0.7317913886975485
0.8605583928139755
1.3182500890818811
0.7121003792898403
0.7575219527706007
0.7828616904958908
0.6898753076487169
0.8349331800404691
0.822437807607283
0.7278171931797359
0.6551220402359846
1.101114138005339
0.7696273819072197
0.6351854000299312
0.7661367109165211
0.7264356178609734
0.6649081773021761
1.2876375367339414
1.0153686272426345
0.7168695336668734
0.7408652163863096
0.8714512224293554
0.7687988672850536
0.776709518476014
0.9371702144888072
0.7682487145521207
0.693050387960124
1.037892670540178
0.6578091237489481
1.1225847335432202
0.7889219614104318
1.389559293123515
0.7422142790089051
0.709270064114023
0.9682428510359191
0.7064131208937048
0.6151065394112296
0.7189475919317166
0.6115641096326617
0.7729177446245865
0.737056625490025
0.7301992956673786
0.6706079771972927
0.6738167634980375
0.3909730989162148
0.6990456070968663
0.4219242563466785
0.8424397035550298
0.6449525486797166
1.120054160326168
0.5887438868481624
0.6808501497936815
0.7567804733181875
0.6582413105438385
0.8285937144314371
0.7739738470400523
0.7645911571515294
0.6957688541170723
0.6095777832942009
0.7415513011249484
1.1669154455936424
0.7485177855681512
0.6639741880004597
0.6791533661250542
0.6266101052416938
0.8828950902628752
0.798082334430775
0.8112578853012323
0.7399384348998128
0.9614906648681429
1.068283163383904
0.8706519083682119
0.7141546643297847
0.5241788225823621
256/1024
1.0152682160818882
1.597719494245736
1.7625020772623137
0.7688296004505631
1.0442234389867333
0.42651801620478436
1.7933796702993867
0.4881111140272373
1.564357753966154
0.47912148906390123
1.1694290817461992
0.6911484158751291
1.1000994569318685
1.320528835713756
0.8370948664044567
0.16404459572951452
1.7421526096883722
1.628724114430132
1.1926377624277722
1.2608981922919946
0.6512950072963503
1.1052076962978945
1.2447840910875652
0.17602375925875657
1.455477298277928
1.7336430771316045
0.4086997247558828
1.1198094254054785
1.778782321058544
0.42311625838821404
1.7535873293858537
1.478591453640754
0.9588378400362016
0.8000318516929752
1.1766699826840192
1.2568840858475006
0.021492103523940903
0.6229012360687076
1.5786608450944193
1.5419265796288169
0.8850779035577375
0.3766865386404465
1.285170200988638
0.3096338955550516
0.719285234437105
1.2570213872153304
1.5333477938977638
1.8174439856685909
0.6934261455013032
0.7110112824047531
1.1200578272202981
0.3675778945067204
0.6427206190903523
1.3619141123992087
0.39122818670887205
0.44010721744709014
0.15146544238073667
1.5476024613152317
1.064964533084997
0.21018854377201873
1.8834264097707567
1.8970726616627385
0.8074311071090592
0.65200536051038
0.2599446773861261
0.8522104821769265
0.5851061028190979
1.1748296986812665
1.4829952127859332
0.2195766644131697
1.3964664582064643
0.6417427412434414
1.475680014323756
0.6245023353515536
0.47586226289984307
0.6150822691540431
1.6022105546060692
1.3409077322303364
1.2757118127927987
-0.056635739344055164
0.6685648779267519
1.9274834126734723
1.141987648004842
1.1166626783094407
0.4957974184891128
0.19945357132732905
0.6006526468972464
1.2461886567145632
1.1619004672290383
1.3291196217176773
0.7883016870978907
1.6610029852039663
0.4253702846559412
0.9486105558464754
0.6391896992460445
0.2921552148881778
1.0795005136494185
1.3271468276074365
0.9936867367635953
0.9029169136048973
0.15571778970682934
1.6934664794521497
1.257608386863582
1.2418725330987914
0.29410508326037876
1.6531934428967312
0.35537939946163766
1.1390265393592083
1.8556628368319608
1.1656689308502834
1.5460921823055611
0.4663736888393053
1.4035375601535187
0.6643835906188953
1.4362569726287386
1.42548481423759
1.5629574049165433
0.14553918552075526
1.1041835628198204
0.5211632442258817
0.4259017615687045
0.648150479406427
0.22146239540058027
0.3259249254159803
0.9773357406697623
1.6176434320257287
1.2881371997789965
0.8686845864392645
384/1024
0.8554540215360488
0.7321764027636711
1.078776739744229
0.6721339974414977
0.6128405191856292
0.7967052473539691
0.7235544920773966
0.5321615188715784
0.5177429676100422
0.7485308544129751
0.6767382428932661
0.7254935018950865
0.6538496014333982
0.460883271646028
0.6604333092553035
0.6342427779936263
0.8225028917362491
0.5926594894856134
0.7868805327571833
0.70231008349757
0.7049939036061974
0.8444697053794501
0.7674631776261134
0.7194399116105734
0.808244263531548
0.5537829533968422
0.5875808360984953
0.7248008126554147
0.8045159212102662
0.7709106853901935
0.810646538370418
0.7053268652466225
0.674592305731057
0.6263048993103473
0.9685292485216925
0.49876309859205836
0.7915022179079795
0.7185971970173768
0.5049085589727667
0.8197924156412746
0.7226617759151803
0.7603353442904577
0.4202807370751857
0.671254816704479
0.8285037759494256
0.8573132587205037
0.6501677188062636
0.6346637084117621
0.5407879578485002
0.7396471568924197
0.7397758370718166
0.8025822988288441
0.38747056026303545
0.5027897550387446
0.7204033792027573
0.5400713454917849
0.8505473965890502
0.700763139943847
0.7106164732136058
0.6309051825485505
0.6985123169411621
0.8148813396921578
0.7385415216470412
0.32356050679735293
1.0319829462033654
0.6061336263265487
0.7564298313162194
0.7244088294036655
0.3481069603502964
0.6777286241617825
0.7991757137815898
0.47260306633874405
0.7113092630112159
0.9048891640980221
0.8431106654426805
0.7609688462048636
0.42014191247816984
0.78701216763881
0.5988880123113867
0.7698052446983941
0.7140269685324222
0.7240539225887476
0.7322151720531328
0.7473905967815648
0.569014704870322
0.7579678351044669
0.751143244373945
0.7121608906377073
0.6906843562351359
0.6834940926819068
0.8082976597107643
0.6775381357295559
0.747866608666679
0.26849760449695154
0.8076472568968334
0.7106530977719177
0.6525524499250484
0.6936072595578097
0.7977760405581789
0.6813942804899773
0.5980353068415303
0.7277612700882052
0.7037329631724369
0.6997888525329318
0.964455247138348
0.7860787526692035
0.6439274826894581
0.6614690583067193
0.7550976319960294
0.3908711324932497
0.6128819261624086
0.6567945861311182
0.811178361768802
0.7642187653961243
0.6009355296013768
0.035522453970777246
0.7950081028334806
0.5623432813106964
0.4561198711552119
0.7742652196315604
0.7903411390848489
0.2616931600259877
0.6450121162133811
0.6259718827361574
0.7100481752673469
0.655930808927849
0.7440247165782007
0.7519677591476047
512/1024
0.741496795391123
0.46592542099487266
0.4329338292197199
0.8019328007239697
0.8188119189543799
0.4778117041781634
0.4631736397306664
0.4320646647626378
0.7553400598535104
0.4686288819677755
0.8697563417535984
0.4453349970640311
0.644178070765701
1.1133699018822436
0.9634079079951016
0.6549676250434924
0.9057807322412958
1.017692767226075
0.40457858465218105
0.4934783452571051
0.7415225211108742
1.0721216448312705
1.0998116328201188
0.8234544103837217
1.1060123261646602
1.0540879926785889
0.6426794648389688
0.6494012074462311
1.063884439950865
0.7495573181905978
0.44704376113918437
0.6529801263514652
1.0801481583983
0.5458612050190093
0.6075735222934828
0.8582146020280774
0.5539019871024873
0.7922338424646582
0.5572577719616187
1.0984373385207005
0.5186765041078358
0.9662536519015514
0.8212943165353244
0.9811869087455444
0.9695570080951994
1.074209279039047
0.4237193767611982
0.43353572263284246
0.5496237754040295
0.9152741105710147
0.7310808615181306
0.7403501310804707
0.842705532073363
0.44433833778577037
0.6525750809181675
1.4697260527244784
0.43979928800682494
0.6429234594805949
0.739935989220011
0.4359966136537374
0.575527081181542
0.3914198700878181
0.8431556555815454
0.678603891586782
0.8384591372163552
0.4310870753370251
0.6147093302248954
0.9677251579011239
0.9977687371647141
0.4706872856381291
0.529185959258802
0.4364109533386976
0.4065189793627937
1.2158251136833154
1.1667464255209574
1.3643535222870844
0.7487158368452485
0.5407979794892793
0.6933198073173433
0.9940307761293309
1.2105314460743561
0.474326633629013
0.5175324850243461
0.4068780475931534
1.15391827490109
0.5772745600336471
0.7135245674607713
0.4277204061837548
0.43384589437480636
1.3193671622203402
0.679764844974682
0.45858697682923183
1.0282444734639469
0.6301319721854088
0.6584118971726043
0.64458716978079
0.6284512174882028
0.4781170107510945
0.9577113330657265
0.6418807824042476
1.1613338507780926
0.5231984624158664
0.4306990562576186
0.4115036086418459
0.7223928171878357
1.0252774842619903
0.76276403298909
0.7068680647797154
0.4565726796912547
0.4752309743942921
1.1430722470019954
0.6865772779888867
0.7465809788271819
0.9422570772165946
1.2333400228523341
0.7178095275426779
0.49425253468753744
0.5835444503023564
0.8434348027503503
1.0979507528215238
0.9665523470433286
0.6478975072816724
0.5402343201379536
0.8524249514332718
0.9223392801146201
0.8774491043179536
0.5009773119334507
0.8032876828608024
640/1024
0.4226554152488844
0.8970527600398972
1.5573666020538335
1.0979367051642193
1.7325264930583404
2.226519803304279
0.24095401191713822
0.25271208093483977
1.6195442578893418
0.5466611925678625
1.8650921518932777
1.6763274400834431
0.4436938432288285
0.3773856326627848
0.5836292345756326
1.458968913050989
0.6183979273153488
1.7541688909702424
0.3621211750713989
0.7294882028634064
0.3952162021587885
0.7852015625169219
0.24469340383783272
1.4992326432029917
1.0995411206029637
0.3712723289559643
1.8112602838509066
1.1460350953230263
0.9293377417398772
0.11734764823602811
0.8566253031168904
0.53940240015239
1.271120491073193
0.4530462583940468
1.9498740857680554
1.245846108543251
1.1195000924095073
1.384126199192381
0.8655033833228103
1.4962769613846747
0.24003923398369081
0.9686805734202337
1.562899671424431
0.3789647452225725
2.388601982229931
0.2221963358900808
0.3625849561968134
0.2787392481674702
1.7460256745286487
1.2662667534317893
1.287210481788949
0.8457991993288008
0.9103450758621044
0.904839200443545
0.31166395545213793
0.495540477634025
0.4504039313182856
1.8603496453396442
1.4600732074898073
0.42988976279644586
0.2325270810461724
1.3938871144510614
1.0723785980745049
0.7487710959866536
0.5855126408956286
0.5595563146629506
1.409705818174851
0.6772552140143062
1.0917732292296385
1.057681830361855
0.5905091557815487
0.2331401314566403
1.4100907517346317
2.1316598299478184
1.6365750230770284
0.4331657127912046
0.4334640360065813
0.5738117428271667
1.3406626863002538
0.8525997745399755
0.3833437576196063
0.8366929668115136
1.2659000612245486
0.14422371352028762
2.018773637250228
1.1805923217846424
0.4662071802803044
1.3276958772197536
0.16232160762843112
0.3487188285173696
1.99157272749643
1.911311922921839
1.0160047103895438
0.7623553589078673
1.9495908689369517
1.4255743941285233
0.8857456997024087
1.915317123720846
0.46749439621924355
1.7236230735727933
0.5307116676341781
0.5850330531109268
0.9342971342072234
0.43981260633232344
0.9486292724155224
0.8247661384462777
1.6949795454837144
1.485016581576349
0.32622108773683
0.6236113388599094
1.6104665324799154
0.6046744584910435
0.14660946618299936
0.6797864968882381
0.567032022275565
0.6354784890110052
0.5989513331496898
0.6374315520419537
0.4320047917948322
0.3717685068573655
1.6237234236472908
0.19049980064476194
0.9816426605077051
0.3038065981721708
0.9706898057209775
0.35587541779337095
0.49356341231792217
0.49752913621684686
768/1024
0.7200572534083554
0.6905322676823051
0.7910171026666621
0.785307216359011
0.6915031454259243
0.7786127166547376
0.942484226739617
0.7101758970948556
1.1378172848227535
0.9353951041333016
0.8410989737374632
0.7667705140364969
0.6660757275917404
1.0795014135356262
0.9170815527760989
1.0083266524779049
0.8942378587813282
0.8168685792569428
0.6892277558937552
0.7296877008566782
1.0618277578773825
0.6652270467379781
0.7149159590292817
0.8946318938753597
1.701310217744202
0.9385444284055543
1.033232467689906
0.8338581578819558
0.7342881373945019
0.7236531381929362
0.7089237533525106
0.747302618518698
0.619269450894681
0.6994606965003636
0.6292856444220185
0.6911153856326002
0.7662336446244297
0.6019396954750433
0.6837074877970674
0.633799432799691
0.7373405143320995
0.7159182810765227
0.650601911443672
0.6709551383768062
0.7093772498265033
0.8726325898060232
0.9269999477624322
0.6748258115542068
1.0706807040656783
0.7602811261821302
0.7237786203140485
1.1027664694956711
0.7565600030068045
1.0890039520076997
0.841679010356531
0.7077292138331615
1.695482961272257
0.7149588290509888
0.816067342637655
0.7664686542490786
1.876783635171776
0.711873651117958
1.0097320533069918
1.2599666037650084
0.6925517068990351
1.2488837066711653
0.8111045432990351
0.9435851902838357
0.728929886933875
0.7871827969835781
1.2269907470834895
0.6918783929706311
0.6793353293684127
0.6979061381813564
1.8048033866119342
0.8353083882289372
0.6717475981530397
0.7495949055947073
1.6156310303525643
0.8847977914477135
0.7183382126364751
0.7437474767454433
0.7377609662670717
0.7219478936714157
0.7627854706360346
0.7011026800052513
0.7865336552650363
0.5949677749915007
1.112035323482143
0.8787105970746569
0.737808497874861
1.1779229899601327
0.9334685557321205
0.7470142196703106
0.7438669932062678
0.7509760476720815
1.439015376780688
0.7897992209359528
0.6951534840189503
0.7864788641122806
1.3548750966856569
0.8848626470109054
0.7159107729995577
0.739469250462236
0.6273128144073329
0.7258231042423147
1.4016409143586435
0.6767509862033326
1.3547716344255294
0.7783459118534586
0.7119977727869605
0.6796771880528709
0.7309381809639681
1.7028816318313194
0.6637184064785225
0.7289724301596188
0.7934601317291661
0.6877979406470313
0.7861770841643478
0.732169795535632
0.7360089889199157
0.735453224262358
0.77468928662425
0.7102835591063715
0.7082648465544293
0.6430096159871665
0.9441488826529243
0.8639848270852664
896/1024
0.764805489057181
1.941205322423795
0.18012348030321315
1.4137017319061398
0.7205580717586775
0.5738174614047468
0.936945331405768
1.2459211912896322
0.56175845128104
0.2670009429526754
0.45508521820142456
1.81245502194964
1.6710590414246786
0.603206824423142
0.3538575642431253
0.3769376834084149
0.28602188962006037
0.6300481211065317
1.1566053188245455
0.5670458640403987
0.3224339823007649
1.0777634600292516
1.675666619844581
1.2402833128921562
0.7370257295852474
0.4224506483527793
0.8521324953862526
0.25512018950389864
0.9339744986438547
1.1599187694575255
1.6384208864739136
0.8942657837698745
0.4063889199650915
0.16755635590483467
0.5838370943752671
0.228499746635761
0.29380471545281966
0.8433574468783541
1.6141333894180057
0.2856107594655903
1.1109289589679612
1.6754989084940015
0.2928434377865383
0.17766204288454873
0.9400838925705617
1.6057059964609364
1.1989901783282242
0.8906845164460188
1.8046164870961234
1.3648164951319743
0.5623478544314364
0.2838792187601644
1.57179193985907
0.8978560784683857
1.1923356377226246
1.1518833706735274
1.305705840122989
0.6725868015874212
1.3400296143997867
0.20844261481460846
0.4691258960670248
1.6265305910829917
1.4657889284846946
0.1879288342346374
1.4477396902367174
0.4847976824599265
0.3342395209610424
0.9572990277615243
0.5262658371158995
0.27224425112611444
0.9496779625639165
0.3425954935343258
1.3173362394291543
0.5232022860134791
0.7854111495534678
1.0616846178526704
0.8440670175020544
0.8258040507546099
0.7132649132838407
1.113496862979312
1.5238710387235552
0.6904750604382639
0.21633203811283974
0.3795465085221687
1.5340192031259614
0.511022475639461
0.6370866554045145
1.5682449692768783
0.6939413584019725
0.6789861148931406
0.730434462167411
1.5496732886421922
0.5597693698779962
0.24725401583656015
0.2779471395013286
0.9978889929514188
0.42749667774786093
0.5603839238861674
0.21738836544545542
0.8223361968479018
1.5249775800605485
0.23410816531433004
1.7037448809932763
1.9434421660054684
0.350361408189949
1.659139034802124
1.6562503537946447
0.3222182078433715
0.48049702135841554
0.924701219584277
0.19456707904630396
1.0882915253993521
1.1665269449322722
0.37878860520351204
0.25737178696693125
1.1080340025338533
0.5823207972796859
1.2885242838959776
0.7196131056128897
0.6230368167727736
0.43345755462499636
1.7840546206602774
0.33492943191326024
0.23139119078621984
0.494135248266402
0.39842502382966555
1.7216641037007356
1.204800500065732
1024/1024
0.848084017464439
114.201925 seconds (80.46 M allocations: 13.057 GiB, 3.34% gc time, 9.40% compilation time)
λₖ = 0.2
Warming up
128/512
256/512
384/512
512/512
Measuring
1.6027951518256565
1.3051751305105288
1.5028455269995198
1.2882869129849819
0.9173927095950689
0.21277537837777843
0.026696688350434983
1.2446513812691409
1.890332318154651
1.8850500930962766
1.509357170534658
0.12560109072988704
1.595734353368167
0.2943266335738632
0.06731910737984845
0.3484891946475392
0.7333366295542602
1.2389140554785554
0.17717501497071278
0.8112983292059643
1.6888315631516737
1.3944469119282208
2.384154644032967
0.19495378809226993
1.0844205766978734
1.5202346783626495
0.523511281603567
0.3547231032372949
1.4493352331051792
1.9654845864193766
0.41708108122462806
0.1838448346904933
1.3273750778279843
0.9786805478747621
1.9248171647862475
0.8220221679574119
0.8268647945870707
1.1752740320635802
1.6683573283637858
0.21635800496052957
0.47385516997844274
0.9411945032101783
1.4918826720340403
1.4322643574312484
1.7477975832469625
0.7387112160520819
0.12026098587810813
1.1324553750860433
1.601832770819164
0.12638962371994913
0.08492849182959886
1.0666469827687983
1.0233531781985366
0.7948533626376051
0.8461470899129939
1.2058918407072792
1.1499036632305026
1.82952432373505
0.3384409441967428
1.0357769705734297
0.8131045578141672
1.1458725035998907
1.2438893347545543
0.5493114120272993
1.2550854554204731
1.5820499317294905
0.38642128446376656
0.22525582810579137
0.9911674762698057
1.1977974350932021
1.5327033599296391
1.5708545490483083
0.4118779895280387
0.8325984969828324
0.31728810438375343
1.6351659567842283
0.26559448596928736
1.3350635524968517
0.7051188128792001
0.7243729054763524
0.7047799504763683
1.2667025596674955
0.9429797132456911
0.7871258195065914
0.5989149447258505
0.25557089998254773
0.6392596030675257
0.8548436633308297
2.001446788140571
1.8874566118423548
1.836545980529816
0.47212030975130953
0.6260168378601793
1.9127601020371596
0.8132802421056552
-0.49391957149230603
1.2557969569528151
1.0084702818518165
0.7766715476037506
0.14000961522694627
1.0982132326639404
1.1954397298166677
0.6389823608604059
0.20394946970759031
1.366131521089141
2.2054996461983083
1.0197686176518728
0.4538675719100038
0.7466818002270919
0.427710675770251
0.13706071724847435
0.8261307126373143
1.0351236297436839
1.407301944395084
0.7643310583864413
0.7438264709896184
1.428510449701449
0.4421580317868509
0.9662616576922726
1.2247410376126164
1.4498533012506702
0.4344907390405537
0.7552255204470693
0.948542059525761
0.059144861276329896
1.1199417587032907
0.28931063479721925
128/1024
1.3330396724415032
0.46733515523195224
0.44843811948420986
0.38295672582548546
0.7349086595661523
0.5597303534567535
0.5080728934471855
0.43101333648987505
0.9411149726259633
0.6135829534500571
0.7144161194924682
0.36722431396518623
0.6481440034749023
0.5603134042642215
1.2414616954853175
0.65764696287893
0.7245829849641447
0.6250096366737847
1.2334424123563803
0.6399467101764214
0.9560423978413329
1.1177962248198112
0.46941066917659113
0.40046273344561123
0.4699763948325623
0.6182181497707215
0.38158378518093256
0.7682528078806817
0.6526551822743268
0.7021644861991132
0.7006402529633713
0.536185341855401
0.4973626184647637
0.43629522556708644
0.4830020133322685
0.6942370843791865
0.38452493109333286
0.8269870691230214
0.8103634165945497
0.41935922426694733
1.3894961177017697
1.2674778069698525
0.35199012420263415
0.7107006312963131
0.43187837203989343
0.8213459397868096
0.45129937450015284
1.3422081257225804
0.6037477890672829
0.4659092538993824
0.3546414328058698
0.35388598824524026
1.0567692328005336
0.8448334742433353
0.6576213525438025
0.4189694155276259
1.0352568151645005
0.4166709868021286
0.2538550777547076
1.1529613853507625
0.9599578219035327
1.001066635238451
0.5387783410088264
0.7444105665985672
0.9479952702576664
0.4985621992894778
0.8009378670026635
0.37301561973248754
0.7027063851873603
0.7908785299912531
0.5627246684527659
1.7545319213724926
1.1783445646508723
0.48916259434215154
0.5748275383810397
1.1625656537008753
0.4532221985897469
0.5205076219783875
0.37772412065057714
1.5762674347198236
1.0514826210454429
0.3744278487018685
0.9645438603893435
0.7307377925768775
0.7869136772708587
0.3626144778708485
0.8268512937321777
0.4337409017632402
0.5304531770758255
0.38970576115825895
0.9717895034776693
1.1218925598211913
0.5754884718696869
0.3527572878069254
0.5265856186363684
0.4161863631142607
0.5207817395436952
0.4285965279710773
0.8506604997121516
0.5836233232252124
0.5684098960440055
0.9426455382835075
0.4355515689209798
0.4568584268188821
1.0000406589945503
0.5184453375395203
0.5994114553378742
1.0630293959942771
0.3576335528440436
0.46912915691878815
0.8485262123226833
0.5667998974977094
1.0406012148697203
1.1460889868420487
0.5661319066353452
0.5152806716476863
1.2191116506635522
0.4668732801818043
0.5683338812158334
0.6627162082036139
0.7853208412004473
0.6228479449201041
0.5178856550206763
0.5869558865592573
0.5533102545621028
0.6777444243252133
0.42814088498097347
0.4120567323418776
256/1024
1.069509502744562
0.7129379856539444
1.1372303524820562
0.5723354521385865
0.4232142532772831
0.08975497743690003
1.0435195322396815
1.0011413345987275
0.9449460023395648
0.0356378007759679
0.7801679548060235
0.32633929896632596
0.6734343513470513
0.8126940997419851
0.5572149947630851
0.38545867680861645
0.4075710304888499
0.6524507327726812
0.292848691522493
0.024341402617527375
1.0171264734179606
0.9979963605814133
0.655155774749403
0.8527797203536969
0.7011334044019342
0.7981569157403887
0.8562006643630047
0.6590857961234757
0.81173147494252
0.5024827491317818
0.8174942197289425
0.9428955157579628
0.6655265104080444
0.5363097771051171
0.6545109017743772
0.9588544196658204
1.053614230024546
0.8242924413354018
-0.41125356045050154
-0.035131246330722336
0.4555618645463674
0.31577830203146673
0.9296755701454611
0.22142214451949152
0.31366653357177343
1.1826909236210617
0.38381795390630336
0.8815798992112395
1.124201364906845
0.2481826314287432
1.0487688414499372
0.9873184890442447
0.6192385395497093
-0.04960457979585384
0.7945826715133918
0.6385046416680557
0.8823427259528456
1.0096852549129125
0.022663672983141564
0.9122985899996418
0.8856575125018729
0.8284806953524146
0.38598605118636403
0.5847679350575251
0.9270741644125484
0.5586660756914125
0.8132414451750816
1.048553405559971
0.865826651999672
0.7692909796191236
0.22743630372361748
0.49003948283117105
0.6934841632522819
0.775192210721261
0.11449274954353264
0.6329661493015261
0.5006172526448246
0.6313829643086645
0.706608337086012
0.5500663473594686
0.594850942580237
0.7724391833975497
0.3161873050770614
0.5739455232188702
1.0738884574602512
0.7902661308588378
1.241490851959222
0.568543528622665
0.48508170413544427
0.6944033848597558
0.8951742027878743
1.0387479933271317
0.8976696934320485
1.025207872215608
0.4687301573060487
0.9102811631769605
0.7848432541186339
0.6741587990131167
0.7115697837080222
0.5041614128825581
0.6705291565208658
0.4706855727343773
0.9820065611649509
0.9960943528354629
0.9488927804311937
0.8025996890485617
0.9477037230246194
0.9742795384538542
0.4929257547769446
0.6776150466865501
0.5953281739960269
1.035452615115296
0.6651085981308023
0.9376931674764374
0.8021581562539386
0.97626994604706
0.5251468382516752
0.8721857310401107
0.6338387155303207
0.6573110429474225
0.49153127905169947
1.046764765704337
0.7036946459708305
0.8856306616875553
0.8635767210077058
0.9775570342664616
0.8947849130950285
0.9263915658806934
384/1024
0.6327192151587983
0.5522980616520613
0.6706050188026836
0.756921032213828
0.5430273327560118
1.3810797802512655
0.5918418199295685
1.20876998087603
0.7382199908136945
0.7415737511842895
0.9227460905919819
0.9699379708180176
0.7012750180557026
0.6245625478984407
1.3730579976055794
0.677119059573305
0.48549990408562416
0.6544388159261632
0.7485241921008128
0.7431626020278923
0.7872419596125497
0.8490570246371695
0.5451348336270689
0.7215132435917551
0.5380221086987543
0.6340391744970516
0.6726814481285841
0.5992989225968051
0.7246912575492599
1.3719479222350288
0.5400444285104907
0.5532615722000833
0.5750625738059286
0.8140935416667232
0.7019383382442946
0.6528460779071752
0.5633778254346052
0.7318713412433654
0.6324007010366062
0.5959538374143993
0.5296438236890114
0.9836044116306779
0.6324642458451462
0.8801445525861937
0.872797536150221
0.6385845978267111
0.6407614931291381
0.5555231432728759
0.5232349970241995
0.5223386399620572
0.6598247354201632
0.8080041751269842
0.7639197609776317
0.7932170374793244
0.6372036271676363
0.7516651615492149
0.8689209433062266
0.5338523516360061
0.5827151801954435
0.8620447507821432
0.5491232414605873
0.8515322160746495
0.7807171770091615
0.6617677585144418
0.8703122285275882
0.6205315630557351
0.736675023637191
0.7271030174276619
0.5595303839901699
0.6674770608494214
0.6170668810019003
0.6330344376369006
0.8198543954941835
0.58976814290209
1.0012337883036764
0.7493329738497647
0.9968739920442462
0.6282528947640247
0.5415728213055245
0.9843619665410952
1.449774478268366
0.49244702978616733
0.8043765951872203
0.7260231139362102
0.6178292240349765
0.6703688296469514
0.641973332212053
0.6894273651903432
0.6049152721850607
0.5270936261869376
0.7209514507071765
1.3000527738520626
0.6595508566759718
0.6831891554830153
0.5528458132841733
0.7692230589649041
1.6163500845746182
0.5960053644519746
0.9818843240695783
0.7163717782936166
0.5893683181112279
0.8478042956913323
0.9152917263277935
0.7367509221144021
0.7237118804804914
0.6228723153748171
0.6985819620623213
0.7955281393916948
0.5694867082093517
0.5806669125027244
0.5477427289659078
0.5671819210796164
0.8425673798712485
0.9017592579871989
0.7970708386779823
1.7490414564582426
0.618227648210192
0.9327436401015874
0.6808820622108835
0.6926646701746764
1.3588729752729236
0.5956527821451663
0.6918796966654699
0.6845922389019713
0.8234877832045868
0.6085097387438254
0.675563233032078
0.58099640100688
512/1024
0.7116447898041757
0.6697669817208146
0.7027445524402702
0.6252467537194208
0.6132928041334804
0.6256200946572219
0.7952546419168155
0.8257586546172928
0.6463651151369848
0.8563080259924126
0.6003298340825007
0.6366385194701316
0.6479429836692373
0.682515548571027
0.7238212754012379
0.8303802222679524
0.6752029961676456
0.5933120872521476
0.7443040098914135
0.6359556724437392
0.6738588079788992
0.6337331793937062
0.6596947623267799
0.7647445078623065
0.7833303382968804
0.68739949467274
0.8045434006252401
0.9229122596911385
0.6388107703790153
0.9879486848369387
0.9447972910958771
0.6917465635902231
0.6645700270918105
0.7494422300050322
0.6213943192633663
0.6941622247523958
0.6283237337273555
0.6496966839321512
0.5382194327679957
0.6356920663696697
0.9595757212140749
0.9674901579581205
0.9263002546863768
0.8041204533924065
0.6772870482916562
0.6698824800309653
0.735231511667118
0.6643237069103143
0.7146918466168415
0.8921453009099938
0.8761371855532878
0.7634056221576424
0.7299753606832283
0.6876087599744097
0.6141693176961929
0.777447958292076
0.569809702916483
0.7265600044092715
0.6498241584745779
0.775387980925222
0.6979123420479387
0.6792331878598876
0.704847862638706
0.6650744356273368
0.8665432732142186
0.9110783474971155
0.5919120762299326
0.6779695546758487
0.6827919839039189
0.7880543231824564
0.707149400892996
0.628358909262133
0.9271956711185552
0.8360246349445071
0.7037980726024203
0.6442008839644088
0.7185977623498159
0.7105602937463504
0.7468064635254108
0.740144193136741
0.9325565431101858
0.6488807244217205
0.6273446517053327
0.49475299857694555
0.49367560728353305
0.6977034864285061
0.6056911925420367
0.7999681316964651
0.7002260488254972
0.6802526776311472
0.6965965874399906
0.8194870510735857
0.5708458876549962
0.6098728423551968
0.8427828663616822
0.6620017494801618
0.6315415681223483
0.6193538929249247
0.6612925199259546
0.7230538667482154
1.0379220372735967
0.6955319095369522
0.6085680275247176
0.6124194395569239
0.7953963837453751
0.7765770697487863
0.623301712768358
0.6336211627795296
0.995761979466852
0.6914195616749359
0.6582967496317643
0.7388680780765461
0.6630463833915875
0.6876330501303556
0.7489954295806308
0.6469922661535319
0.6201264895548444
0.6851264015567439
0.6913210617539464
0.6351131587325893
0.622255103819815
0.645003647267776
0.6240575419961604
0.5354306322221134
0.608225956358861
0.6124115664268344
0.6310809122420726
0.6300039494341138
640/1024
0.7180312375847879
0.6855767511135489
0.7579735668933383
0.5695142407672098
0.7472451092676997
0.6566154496789401
0.7717628040115223
0.6754568197814093
0.7526737649071905
0.7248816588917086
0.5588094859250876
0.6981618403112024
0.9141010646328208
0.36805185597282003
0.8411021860297624
0.5566031455603501
1.0566595392216442
0.6422083699881669
1.0476883396689496
0.6500906013570305
0.7400620073523765
0.7385932597393594
0.8614688902365795
0.714469767017327
0.6602696055913094
0.6411460159036411
0.7732470865506411
0.7365096746009496
0.6956150397322001
0.6551146375760185
0.6632734264427855
0.652193699943769
0.711495936930681
0.7109049500502386
0.7230817678647099
0.6599681679793401
0.6964982423103308
0.7227210371021482
0.7237308824182511
0.6715165290374827
0.7073315382001071
0.8170328470669753
0.7303371252764115
0.6844684128443578
0.5446342652395402
1.0494281714775997
0.8541347434997784
0.7111750479108347
0.69454265883647
0.7481673118447278
0.6816984926331564
0.6921901840748067
0.9780738767292073
0.7715749532274253
0.6127229474738075
0.7170280413157126
0.7682329405431874
0.43004193250567224
0.39696996600861734
0.8372652514256771
0.6825720446255605
0.7373027703624174
0.7033400097286584
0.6992241424809719
0.8320352951681949
0.751661278741671
0.5312148502077687
0.7443972617055497
1.0012911762273589
0.7163241252322089
1.0094978190775306
0.7601390800070826
1.0445450372950693
0.8677776843296816
0.6714255516795216
0.7307595861666216
0.6651527895710356
0.5936796801894664
0.7298045603113027
0.7656585247764736
0.7506680369104363
0.7264984909757393
0.8137508283094452
0.7602498947468913
0.655208891051196
0.7390240720655342
0.7386428529167003
0.6995867633035346
0.6144354438560174
0.9070184120806859
0.7391996623475487
0.7745715017303723
0.9663054190930711
0.7555639712843247
0.7246657576369268
0.7643584570096982
0.671121642420588
0.7454430893503168
0.7347561616239537
0.754030406870721
0.7337123041556364
0.736315933952729
0.7866414451670907
0.7102619982338277
0.732750604582044
0.6232039364832549
0.7092449269145596
0.7367276869359131
0.7348924097684932
0.7919394823591368
0.9037555248918447
0.6951090179583519
0.9448210994235464
0.7558222227468018
0.7018307696921688
0.6793443803774584
0.7523340022438834
0.8501799188918
0.7125837737428391
0.7643915909088246
0.7060120332256359
0.9119274084856313
0.7802537149305588
0.7031208819498254
0.7483942226786147
0.6791449179315893
0.6988404071460421
0.6708724990832318
768/1024
0.8190038962332903
0.6805646850377385
0.7783843169370757
0.7914788407725386
0.6563546556739399
0.6896799185465959
0.9115086771693399
0.6938144715950436
0.6827529810720168
1.077943765865502
0.6966823988370775
0.6976707775218334
0.690780392826416
0.7367750174413221
1.2317538614665604
0.8274174554766058
0.6934737740203948
0.6129214047368802
0.6815825194095715
0.6224989830441474
0.5101976163209874
0.6988054293906303
0.7448379625603255
0.5933639741304497
0.7710549912906116
0.6896767888231616
1.2042880339248279
0.663861214484564
1.598710101092582
0.714954837378005
0.6281110725522234
0.8563668102270208
0.7309664791751147
0.7035461676204432
0.6687474032927789
0.7008807966634109
0.9434732652317047
0.7375123357517737
0.6865409804686954
0.7213722945670387
0.8260971194702476
1.2833757930074616
0.6811794027027896
0.6910892347581372
0.6236966725643125
0.7170711112202479
0.6676687681065355
0.93927782547925
0.7224916759875134
0.63681988190618
0.7810313605857823
0.6971062527298806
0.6020799745380692
0.7804274339735566
0.7103749554771354
0.6366356659749287
0.4662800267061481
0.6606665451135295
0.6955482927620058
0.6547880676625437
0.5157972307357224
0.7045968671189049
0.7074610414434925
0.6997594023109585
0.7617866107978273
0.6200925851795343
0.6914466971307727
0.7094302819520745
1.0818853028503908
0.8355244849482093
0.693621351711807
0.7136629141761752
0.696805269124397
0.8832199276656761
1.0047466646683525
1.08058345010597
0.786012785225775
0.8260976746455586
0.755000849623696
0.8557638654920158
0.5454943501800271
1.3191134955733856
0.6925652035484658
0.8140409022763653
0.6829489332601965
0.7067509878676004
0.6976113101583973
1.019365067852839
1.1190470063537123
0.6865750368054527
0.6963332355658137
0.7070719669515901
0.7417571855354992
0.7102374673238647
0.5573622549379385
0.9742668148856871
0.9489731586934709
0.6707522401703956
0.6954702491267746
0.7100084902881486
0.4999741061056008
0.588503237567364
0.8824227102369397
0.7017879091812931
0.9053674257811446
0.9770437967017453
0.6705627722154087
0.6630291719133341
0.6959029687905931
0.6902774431672112
0.7439578971252014
1.2410335009794233
1.148078985411566
0.6824893984772985
0.7320472005794878
0.7560869929220435
0.7168075022926091
0.7100699039071907
1.1658195253503736
0.7269454322558875
0.7840864652638333
0.8442369891899724
0.6789054976031361
0.6745336845734434
0.7275886907569178
0.767947815141724
0.6987503669745733
0.7914507169627061
896/1024
0.7133781634282655
0.6606006572542067
1.1352808737296556
0.39266341978406516
0.5605537439833229
1.0798729561003548
0.7489778978200851
0.8904620327447309
0.7801171086278952
0.9186220948507702
0.5854063284314065
0.4883207645814129
1.19036657207728
0.3819583564821635
0.6602846916760732
0.4135882014706693
0.42372606699920723
0.8369484970224057
0.4783612047926171
0.4105547111421409
0.5139410377787166
0.6374425983792076
0.5502025702655076
0.437419127130248
0.543561652173837
0.43856210604204343
0.4641667711169273
0.5281629611197073
1.1357701085088385
1.1450234742621943
0.5354882856853375
0.773972519013306
0.6988072104062357
1.220848077890643
0.820874595330809
0.733676452847728
0.39818545363074664
0.4116953613242009
0.38663782195609986
0.7058562212289257
0.7006204878407974
1.388956035358098
0.8928888970150004
0.6072069029771476
0.8488799044020026
0.46228368893274874
0.7207722891307028
0.6087471179297476
0.8553729244342652
0.772457005569128
0.7002429721874293
0.4576099541199639
0.46994511606056366
0.541116043550789
0.8247931241293354
1.159606078592836
0.5425142939519381
0.6199797408216953
1.0833502307994123
0.4136453551060232
0.7285117512800346
0.7406144714594776
0.9722918589489387
0.7473012940656
0.9633071005716843
0.6487023544439775
0.6978166270181069
0.8596674008614502
0.7412398095056599
0.9248392463951127
0.8618007226840523
0.4364845306358055
0.7052815368996346
0.46669165766009424
0.4331204018227621
0.3919225005810415
1.2071808389347065
0.8365312840728855
0.3862013651832418
0.7248361064224113
1.0140071781879267
0.6768742829205974
1.1040780854346852
0.9146356699689815
0.5862359220150037
0.38562279015172
0.7995265057334346
0.4774607590786755
1.2633030616617948
0.4555016998582274
0.5101897605208838
0.9474986511927037
1.1561474083588057
0.7449470789817523
0.39841111662216333
0.6778818590203324
0.9510277072599449
0.8949526609612475
0.7599826619465213
0.5866349838097169
0.748663585267786
0.7872897907518975
0.38389951753504004
0.4759025427507292
0.7256003568865481
0.8985884456988622
1.1272147236265655
0.5805109247620652
0.6229199497316226
0.8347373971243341
1.2732006210578766
0.7670336313404567
0.8269791053283648
0.7450476014353121
0.4798550892446494
1.2459665285753445
0.40082665587702615
0.3719816262288161
0.7738710228712216
0.39933493544906895
0.5136746873925636
0.7191463753856465
0.8410974957855764
0.586772702324573
0.42448549105234473
1.0367234443793514
0.8813196154923701
1.0393800921715741
1024/1024
0.43719046999392197
105.195451 seconds (76.83 M allocations: 12.896 GiB, 3.59% gc time)
λₖ = 0.4
Warming up
128/512
256/512
384/512
512/512
Measuring
0.6315557010621551
1.3506543555937278
0.3850836046684123
0.5542955662306275
1.5607681266808486
0.26080825556042736
1.1432545427605583
0.3847188643395901
2.071524960846124
1.5359760587288065
1.9495001216405345
0.5530790142226784
0.28204888508091897
1.520687035916772
0.6525166734664322
2.2772308684290596
1.024914725750135
0.27273355170889857
0.23224421518982447
2.071564067741181
0.7435874564408496
0.3898069730159047
0.42338181784924
1.9125041352101684
0.1737291001372611
2.062552667946512
0.4955548568227389
2.247389274126476
1.7700517564208782
1.551955789917744
0.2560323681818034
0.26120946527986666
0.24982445579641796
1.6005459755464728
0.360434485646945
0.28797910946040256
1.023648853352374
0.9661190154808241
1.3237596982563298
1.1860397021141522
0.970252993431971
0.4023407818875707
0.7073680854171014
1.1478033482961185
2.2001684868332543
1.273881638315273
0.7263426048198429
1.2575866435857745
1.49856719992066
1.0614071897518405
0.54588420790824
1.5342195910913168
0.18159450732787122
2.1430694471205918
0.4287283069777252
0.4972829985731962
1.1837120915311787
1.7345131525736224
1.0864603632793945
0.4927611505113113
1.1986337936312306
0.4509580062070499
2.350690737710337
1.5845582074309439
0.8675621721431757
0.6948623379811739
0.8304117021938939
1.3701129201797504
0.4037864700267501
1.0301291020952876
0.8840838325533001
1.2563398641758623
1.7333214575788463
1.1479541558359643
1.5427477085296346
1.7308820222961774
1.6579859132015184
0.7375370284319477
0.6081861832315548
0.7607316845252944
0.8286153027381642
0.3806204024545604
0.25867590445683614
0.4926349041077208
1.328593235113398
1.6154815315894608
0.21153208978179397
1.7126524800572853
0.32433017268652475
0.1296120399068703
1.2470310713163935
1.081931748815847
0.3803120790276209
1.4473454251437903
0.7050589912419445
1.4612957289899688
0.4355132899122518
1.9507337246926981
0.17262159577774874
2.2091059077660904
0.46580552784143464
0.6983661492251607
1.2052727167515804
1.641507043628929
0.929452956934319
0.5590661909879695
1.4499726306154925
0.3217770872848445
0.4538180271430074
1.0276267773462553
0.3292495087979534
0.7421322555550945
0.26160746846130556
1.8555110260055088
1.6130043068771442
2.0694673518302094
1.4133352057746067
0.4511095452579213
1.9106810985647609
0.38865369251654325
1.5805108214153298
1.2221252931968514
0.8125405851339212
1.5128139263517089
0.7143329347862357
2.184829400123184
0.18305993267197837
128/1024
0.45165865581355
0.5079165266078951
0.8103321813491886
0.4815511008755435
1.1246454094170093
0.8272833962574175
1.0756602083832898
1.155696734057908
0.6845029658839685
1.1371025688705636
0.3543266666491971
0.3496350568102329
1.3025285345855917
0.5276538385571077
1.0175908114167354
0.47986652630033244
0.21073272191600723
0.7093831290959189
1.0723277422292892
0.8499698466228862
0.778899046677556
0.91500048222244
0.5649546203669991
0.8990575696836842
0.533229808826104
-0.15065910607410127
0.17200573739182334
0.3498473009960651
-0.1244167630863735
0.22970522336170848
0.4576750970501085
0.38344474925341326
0.7506225381135928
0.5425823147568124
1.5970061222819205
0.3203922872376995
0.6128128479319448
0.43839648881768006
0.8643077455992294
0.19062109074440034
0.3502878225073259
0.4823596415464906
0.5926381505763127
0.5972340174079619
1.2352888234015844
0.6707925555296498
0.7521023898655793
0.4593256703752996
0.9361924889689549
0.5178339139212936
0.9294393844892952
0.49805701024493776
0.27831505305361964
0.8585290346864667
1.3501147485289573
0.3935563276558055
0.9709958994969785
1.7307136586988165
0.37453110960284175
0.30927318933885645
0.38975136904052854
0.2854793357421553
0.9413897599410114
0.8878835707161591
0.8201522950266233
0.7891270524540149
0.4609998041895106
0.6892512844238498
1.251575292284245
0.7828366658568457
1.1626862598023897
0.18587574190889228
1.4178028179099451
1.038494503562991
0.32028405671017834
1.2266121826695162
0.4036196397796912
0.7653323106955228
0.489688693942467
1.3713499323306682
0.8668647060624135
0.40756158716419705
0.3555681334594428
1.1553330330923242
0.8467365974200814
1.152752660136315
1.6825923854589553
0.591512094906977
1.0697545699638638
0.7017230426554789
-0.062496179085528625
0.7827606563428469
1.7060169503724634
0.28774014015428584
0.30120285941486613
1.1966450191631437
0.7785396539097049
0.3834306421889504
1.0396192990226714
0.29619267809205363
0.39729972402277813
0.41731665270229573
1.0678996358640118
0.3515333453120723
0.8884621081670473
0.35514425196139715
0.11465751806517693
0.653802773524807
0.13672983200131034
0.29945663765601793
0.6065821861985631
0.5533977474039883
0.4966022439987692
0.40418472338798384
0.2396230767613644
1.1267651218044734
1.6806417670751443
0.4844147275910763
1.420138381598643
0.9842850994407883
1.2506946133226502
0.32315353233415434
1.2029410256128268
0.46826481785664764
0.7974618021206306
0.38884457912924447
0.9134199190207707
0.6511170793031615
256/1024
0.5800081618557675
0.7001922281862687
0.6824536387535617
0.6359174103693903
0.7270785794062344
0.61826053494185
0.7048257076119891
0.7583525086463443
0.7190794314701519
0.7089752254275528
0.7431558344785982
0.7017480500959637
0.7944805305999704
0.7693774156278453
0.38958911086421383
0.7414597866974895
0.706385192760615
0.5849030987762925
0.18914003211360686
0.7262523014568901
0.6757325219369097
0.6929719999828381
0.8319281843711421
0.7182017814855112
0.6945249624984077
0.6344267325678743
0.6029870083918183
0.6362958356321435
0.6710953555815731
0.5706571316037429
0.40511727630684
0.564625922653897
0.7129567458565518
0.410212679438948
0.7912976859591532
1.0059093814594482
0.4203753834482196
0.7187688787297832
0.7140472452732367
0.89662991111205
0.9903991499733409
0.7146226044954072
0.7078661529466712
0.631758925537093
0.7176366716942401
0.7114365482397386
0.7583349491805261
0.6349140884860194
0.6954727355115433
0.665016081746259
0.7425163863026714
0.7151742404351777
0.6162408234598056
0.6881630661577713
0.6425950867708106
0.7022235091980833
0.39761707936792146
0.7394528791580238
0.7008627425191765
0.807784162446828
0.7764673891129806
0.739487243595814
0.7224607429737673
1.0105302405290997
0.7280115179278087
0.6699389376859193
0.5998781497174217
0.7290452321029899
0.7286343288468965
1.1512401186268644
0.7461723302023111
0.7281812302441424
0.6890035804140555
0.531326533959469
0.06684091634150835
0.6014181759537798
0.5146891432957479
0.6920786403205705
0.6823266227293968
0.7862747017859826
0.8091324951502067
0.527298815053593
0.5718502561660878
0.37025022158759857
0.5466375803321062
0.5730147938522709
0.8726622327946746
0.7617945111121461
0.33309262342023993
0.925306976312241
0.7005303715261041
0.6236195156789064
0.7218564348103903
0.9086896817278914
0.7202012479102173
0.6406032170502041
0.7002524225899129
0.7260415271952142
0.7972631509152415
0.7162818107382083
0.7064079042603835
0.7638562125267033
0.8240151332121706
0.7337033860150988
0.7187000812945482
0.701818841954871
0.6464993407221968
1.12823560118153
0.7149236887114114
0.650200186043483
0.7012952111825759
0.39424581367103545
0.7232696617611309
0.6136320523719672
0.6239290747535369
0.45008470677076856
0.6417253228220778
0.6309620026390982
0.683867483078064
0.6456144155448863
0.7067944722153016
0.636381598800434
0.7503694626875264
0.692437312389543
0.734155468846561
0.6729448508807127
0.7012801125235558
0.431587279424686
384/1024
0.7004210626575249
0.5465943256673947
0.68055373898397
0.7458796108432035
0.5933439679996713
0.5370562769465475
1.1248081722496774
0.6570860539180758
0.8412254262833795
0.6855755393850311
0.5103053194970122
0.5268056497392272
0.7303191886173094
1.2784575815664962
1.0817829648055626
0.5829332755956113
0.8026031349573752
0.8178207637408518
0.8056967868852105
0.6570084448288689
0.8372063525338116
0.5114568729588836
0.5753660245579246
0.7694796506087089
0.692347680653593
0.6306838971466243
0.8856871451159555
0.6870709694317567
0.5759382001895463
0.5649317941408808
0.5441461836790366
0.6564058992529729
0.7848290415701267
0.705649577724892
1.0073887753537698
0.5979148750961158
0.6351121452247763
0.9283576328970803
0.6382036615981448
0.5088233730420472
0.6765152880153472
0.3457137740539302
0.6623264382975118
0.5906700252881386
0.6688328016311976
0.7751044571953124
0.6256194972144268
0.7116927667860642
0.9192685329265988
0.6245706649751513
0.6009636913901174
1.1604075894170323
0.5863159160697847
0.593332839364956
1.14299071481702
0.6721057800081697
0.815429470502578
0.5994809442315177
0.7171885395752917
0.5905792174034465
0.8334988084064598
0.5226360065769172
0.8272322445180843
0.8848699025086165
0.8060907629388401
1.1236238204087612
0.9205252596391682
0.9132446555971842
0.6693084765272523
0.5316428709599196
0.552895504145768
0.61695989491201
0.6522769188167006
0.5451213390959104
1.0689692953115348
0.683274774106618
0.6418276185135305
0.9438618340203364
0.6038865238684054
1.1190414446753694
0.6563055207022774
0.5976171143934096
0.8468207381434514
0.6827525440288027
0.551435146462971
0.5676220892829305
0.5978674372465314
1.3021713850466539
0.7021362920093575
0.8044424242100774
0.7014590480167113
0.6179574184160073
0.5648681188954747
1.2792697085118725
0.7191227448469482
0.5850957885945156
0.87596935709633
0.6425826373222612
0.918876636832673
0.7082621410094649
0.7647031246128976
0.5687847865798108
0.7145574303112979
0.6438242773715708
0.8062784343400222
0.5011309895099652
0.8386922378650064
0.8647541728171032
0.784877323673909
0.6477010295146698
0.5349559179816593
0.5781285025580527
0.7354448231765873
0.7528216105308119
0.7506160914229031
0.8182140938858451
0.525029888166351
0.6727729299467891
0.862151920038694
0.8715074620195667
0.5374597571093163
0.8788942516308156
0.6057377407599557
0.59287331611938
0.6076042724314054
0.5786104615895388
0.4723863478447997
0.6508975836292887
512/1024
1.0216932166338557
0.7650340838019691
0.11072129792647856
0.6849457908746721
0.3614782436456129
0.6623304699670992
0.8942839009803404
1.2479905500629678
0.48057643021195673
0.9389134387082749
0.38300241930213474
1.386494598471382
0.8169660429265029
0.979076825801986
1.1543374564193132
0.456236009769709
0.9958930765550799
0.16068756324623965
1.1472395734902379
0.6847703975177478
0.47675736830516646
0.32994184804471643
0.596311810448024
0.5234364220183623
0.7061583110357519
0.7442446591630463
0.48358122661555103
1.1374364792343363
0.5384120048677099
-0.04380548932501094
1.3503775964352003
0.9268437528216378
0.5282327903807618
0.6155425640617528
0.38473185869672655
0.5691589126301343
0.2163908503646472
1.3516018486705828
0.39571328846435344
0.9397177515307136
0.4418897976262845
1.0214895236316348
0.5035563339548672
0.5153317433914446
0.38966421035029036
0.5078083107268614
1.1430130378802805
0.6043796967632237
1.110338813788887
1.0856513102418592
0.9439810149241985
1.0881027189477406
0.7172778722178876
0.37964879873740054
0.8758705053682367
0.3754862162970162
0.4675842517666777
0.38729786738927163
1.134035866341713
0.9259837072337294
0.6588044723988594
1.259900536515337
0.6287543627193649
0.5994448929155025
0.3635638947088204
0.5694763522311658
0.27821674288796794
0.6003820960567975
1.1604285098898812
0.7290489695981643
0.797091037628148
0.6180151215127792
1.1249250088264875
1.0347095406489628
1.0684253394051024
0.989696158711979
0.8222026961577171
1.06934258132335
0.5159820853818898
1.1075522164037892
1.2865804035094435
1.0745973130783888
1.1920532216530841
0.4085422812279467
0.48466133212896323
0.44544740494415574
0.8214676505230017
0.28926121231414786
1.0525574581534032
1.0120235865769818
1.168992652134838
1.1166575969759522
1.2979521211754357
0.42138576892727
1.2231179248918622
0.6256480553328001
0.4866296691299951
0.6545636886737135
1.1061821741072448
0.4614054600625486
0.3074750540390772
0.38371742653925595
0.6343047764000853
1.0805581423528972
0.7197508397913356
0.24548149365088337
0.3431362438322483
0.8667232700768963
0.8050386737325002
0.6037290288851869
0.8713300450775134
1.0950502558089918
0.7896851791632906
0.4942698822333258
0.33202855314643576
1.150952300835998
0.8571253478323285
1.274847923928258
0.3519174964191071
0.24923913198261358
0.220011684440431
0.7837780529863034
1.237360083712307
0.5495223679663466
0.7954537773106753
0.4200475091865657
1.0042599271668682
0.614973646490828
640/1024
0.8350756696304147
0.6727600675098918
0.7853166841853205
0.7621128614206554
1.0658809970532768
0.8784030833839994
0.5432866340675785
0.7367879036162448
1.1264421532015734
0.8637501102598697
0.6531820611676016
0.743686498567479
0.6743823626904475
0.7170897082359967
0.6149524141668586
0.6645213332196352
1.0864453701505863
0.5568664314964386
0.8922316069878574
0.7649028059324636
0.8927548052932067
0.6232844407316246
0.6173614491189418
0.7029367099140031
0.6215755866647704
0.67855342473458
0.5984950230883852
1.154973175863384
0.8946550792639643
0.5140263929438416
0.6347828903705586
0.7692532416744802
1.9584253293357101
0.7515215687346248
0.8452788409570463
0.8775447608164334
0.6661971126385365
0.717861471894854
0.7131365003290151
0.7733307924927765
0.5446350042009703
0.8729651396781751
0.779893916549299
0.7250054007289469
0.6126846558821621
0.6630502812399063
0.6006335175829978
0.9796069983906628
0.6797751007239304
0.612862616528353
0.5112021563821305
0.7618413896715333
0.7804284742617369
0.8301715370805545
0.7746630878907773
0.7402866201063163
0.7993743409579588
0.8814850362052189
0.6051850318896275
0.5303260147770864
0.8706020886169005
0.7846692773929645
0.9068841490586006
0.5378545031104502
0.8033849995523235
0.814792730438514
0.5170327527370268
0.5938923996460016
0.5268118484371022
0.6441067855491267
0.938674198038446
0.7711949449246992
0.8889452673575897
0.5278740304278812
0.515010747950224
0.7925319357656944
0.7811952983214097
0.7407121645743541
1.0083603837015622
0.6950785198333943
0.5988683239856479
0.7052059860649422
0.6457274739753459
0.8316055231168573
0.7426090911148677
1.0621267638817506
0.6300292435643606
0.5841474973653189
0.542242479603358
0.7200311419225113
0.6439319472453964
0.8741860461534854
0.8548020893465235
0.7291048730082381
0.540459286561362
0.6842568957597606
0.7737568872165798
0.6970586386561268
0.7584456837780669
0.627332370867052
1.18054809083756
0.9051370875908392
0.9612162977841842
0.9501807178052617
0.6621110703484032
0.5671929922032718
0.7484786169090593
0.5255632649146468
0.6845555003244556
0.6843858510189508
0.6199247079027088
0.6242143414906345
0.6883271299894966
0.5289392445444847
0.8081699588656583
0.7667037512412673
0.7883976679316615
1.315239065667051
1.0425198544811802
0.592005314649565
0.5891797086005636
0.5733733468652995
0.6552744229897673
0.5235291129818376
0.6209551104237013
0.9149979799362042
0.8975371460375398
1.0311588903494107
768/1024
0.5973500615130564
0.26341228801671585
0.4533801098239092
1.0100018291288353
1.1606948675224422
0.389448466547585
0.7037992234598656
0.45681079195757596
0.7160095773674182
0.2734655008693299
1.158687796483539
0.947504129185477
0.5576147931479221
0.2988794657412523
1.5538999743846558
0.9261623453981556
1.148400834877481
0.2951326152670766
0.8729324677483266
0.8577575717982281
0.6281043578231367
0.35857151158321704
0.4497564318398106
0.5922321790638165
0.21988856121880157
0.3131567979715725
0.5139259759588646
1.2192532822664386
0.7345881755491713
0.2980005130840179
0.74208325263561
0.514892644840027
0.36264537227692895
0.5173432758308705
0.48031315012228565
0.6253453752667393
0.5944819779846813
0.6815136941710076
0.6799476857859459
0.38814560513776175
0.4997009604857272
0.9674349523817529
1.3152967007625844
0.9437768501225564
1.0080072118812238
0.5200175706629592
0.25658542053286526
0.335859100643609
0.5266126836294946
1.0728145578036417
0.7462187555270492
2.8109289774152986
0.9516584142371323
1.2998231334239183
0.991926873904148
0.32349689401951026
0.47786009447228267
0.5609003309722266
0.9433264202708052
1.4088814555332316
0.18359419816926437
0.5141297181651951
0.5327472666698992
1.80260955626143
0.2237870811491785
1.4671488296264226
0.9915966506490902
0.5787855125347533
0.9143071553075474
0.7196420010896384
0.2615830105438327
1.2315299146240233
0.3440974278375225
0.5323448653136629
0.5122429664109276
0.9363538441553001
0.3130350918776483
0.7783333190086317
0.7265669203636298
0.7822420804373191
0.7777328906828344
0.47359161223539503
2.1049955414320047
1.5962938546342675
1.3327069941055327
0.3458048342555815
0.6886075879949249
0.9531474361117955
1.2358481968595296
0.16836465079744709
0.25327563294057726
0.3957109568416969
1.2565520800478793
1.2661371402065043
0.49991304198015496
0.22593921298874164
2.0001059031198665
0.5569527526715157
0.7907849994512017
1.1686612398878071
0.45823811646256074
0.41116285268520875
0.32035073631289973
0.7119604555629689
1.6505513066438064
0.5950800336889681
0.9256669320910123
0.644768937715055
0.7239273993004438
0.48305711890913744
0.34442327491072466
0.24198089762421518
0.7419822282334128
1.3711947103999396
1.8669934162990418
1.5085704317611026
0.5822751754185611
0.2952944546982048
0.6417829991032776
0.2832276700340774
0.6812119173862865
0.7984651459535015
0.6925123731771476
0.3592897200605554
0.4441144068140006
1.2163443911437486
1.8787317699742718
0.3007871952518003
896/1024
0.7687150770929903
0.5694804213249951
0.6522091873202154
0.757353474343941
0.709218588869544
0.9979975268889358
0.7160469777996287
0.9221919268837651
0.784215143577135
0.7041946574391198
0.5715668890673685
0.6014000539111192
0.6888162734003498
1.195480204550343
0.911551197360235
0.7779538649142119
0.7189450847849777
0.6953575841779684
0.6881635277524059
0.6940204029608993
1.0564959655109498
0.7806786936424406
0.8164617139166022
0.6790589366263786
0.7728403612967122
0.857364084623134
0.6651692629431286
0.6927447627365508
0.693017794257387
0.7058993031793059
0.7666316583029759
0.7073326236696498
0.702331568861959
0.8014692086563563
0.7749926974530933
0.7121969887949343
0.6903108256147426
0.7329132314364052
0.7266328449688304
0.6959078504346715
0.7650858764244297
0.72762987573266
0.938448073132236
0.6944339936562267
0.7100213340904017
0.7158835703913533
0.6937900765771984
0.6498463365431988
0.9185046649440067
0.650709614842845
0.6830323957437257
0.8434560079014847
0.6938244196183364
0.7219739278303603
0.809531010454533
0.7853142676852086
0.8266545975316562
0.7648354021108215
0.7134766474038827
0.6855433622576979
0.6811666023596505
0.8487830730814621
0.708827155541633
0.6304452202815509
0.7852698104149647
0.7296330227767828
0.8675748437760369
0.7019138754628087
0.8272531879522105
0.7656410567316392
0.7256258538633777
0.656465878602939
0.7207677782717808
0.6347842806072531
0.7216190294749244
0.9469727088183177
0.6882057526933117
0.692609471059085
0.6932762935746052
0.7243991209610839
0.8192077725333655
0.8888821915185504
1.0867976248778621
0.9497441338068887
0.6933754215567646
0.7270899642860427
0.8279317250476913
0.7379363531857658
0.6907041382342505
0.5986642040610939
0.7195843493147129
0.7260458540026204
0.7359060937464788
0.6613236679101764
0.9690244851539535
0.7121213789069858
0.6985715800595829
1.2400645427583608
0.658014104593959
0.4312460849363067
0.6872177975126146
0.7413378635274473
0.7136530416549511
0.9067623094494197
0.6872043020057689
0.7065529875332723
0.727722980761823
0.6990193912180589
0.6913146362043537
0.6087161967951843
0.9212701414828357
0.6800749973891044
0.763658599114303
0.6839465594357401
0.6707787375442943
0.7660861965839432
0.7345999863380908
0.687706526956
0.7298885823664775
0.6434084537124182
0.8847928347993257
0.8492741040958662
0.689163293954914
0.6982826158930427
0.6875315716352408
0.8116210274156206
0.6927269929101275
0.7766787645515618
1024/1024
0.6882062015487781
111.069156 seconds (76.83 M allocations: 12.896 GiB, 3.92% gc time)
λₖ = 0.6
Warming up
128/512
256/512
384/512
512/512
Measuring
0.4412943003207671
0.6469134921388019
0.7209324491441808
1.1391123786506006
-0.05057931768881896
0.947051237824537
0.4265898854541421
-0.02325785020202431
0.7748906052797345
1.0389993220805447
1.1424971481453141
0.9268732338255674
0.943710431645591
1.0942155924356185
0.831364091919364
0.4243059156846263
0.9422219290479965
0.41885464269022654
0.40349027325800835
0.8358646018322088
1.1980268104882767
0.3944280881900487
0.1584019718514993
0.20930758905250668
0.12166342793350265
0.8724492152570307
0.45798301489660476
0.7281284929813754
1.0193773476803174
0.38934969417660525
1.0375330192841876
0.5290204111763304
0.807345266783988
0.3782691837499511
0.2387983694572916
0.6418944415336363
0.7880925794348873
0.3920541960492609
0.4511472526641974
1.259184652145202
0.40644302074856226
0.27424786523925193
0.17714939873335794
0.9683208808375277
1.1205495811519595
0.914262225362134
0.926697045453179
0.5386262082533556
0.5765318007666581
0.6795616743352408
0.3286211037554789
0.5897595451295564
0.5031380083348327
0.5090403677987403
0.5910151773181093
-0.013745495725842494
0.7583131257524098
0.6069850086573749
0.8079074093557049
0.8713210378619193
0.3860360432709472
1.053370891870564
-0.11432145676622374
0.3094897781884144
0.7652919267618781
1.1983896962235625
0.5971394392362208
0.9111661921967502
0.4078275138271657
0.4754547448045583
1.2587763383769974
0.8332135611380395
0.9819180933088142
0.5683889814305388
0.6847748479900706
0.019973416600520877
1.195811265158591
0.3370277130873808
0.3726232200618883
0.3660423312569816
0.5459774302079723
0.24227663441118785
0.6082280336135896
0.6878315235146157
1.1667293146335926
0.9206166758905785
1.135224400998427
0.4781413639788286
1.2136924894930283
1.1693524087779985
0.5851784906289369
0.5071527410587814
0.711252020124927
0.48644922911125565
0.7949041280190142
1.0291747970786402
1.140869119598075
1.0505404618847725
0.7896343085012814
0.5181838142932929
0.7792605746265295
0.42401577491325426
1.198741529118345
0.7980253659447989
1.0504656889459147
1.0638819591990973
0.3821938613642085
0.8572071978227996
0.13767252227300664
0.3348377060387344
0.8057249321823616
0.09353142256785324
0.5813736698384983
0.38123781937756374
0.9134656282368407
0.7720320439239488
0.6368550785511005
0.9360088825087491
0.3263864241727409
0.4212354449883905
0.7969805259132153
0.49969149372336513
0.9721146304782077
1.1164915197702616
1.0354651444268512
0.44512721131979394
0.4825627312295959
128/1024
0.3541998372916977
0.6007055024687242
0.6661026662825772
1.0781689768618072
0.7072265089897216
0.6700366977820253
0.7223496036028576
0.6252984508151702
0.9089047272776463
0.42655472159321034
0.7746869242640113
0.5703959909155019
0.6876914163341068
-0.17915893547985595
0.6440920715751325
1.0808126205195132
-0.0039003181457866187
0.7717857641341453
0.6606057231018818
1.0141202506376428
1.1095424553539899
0.5490699575108235
0.8006742374921756
-0.10915929731052454
0.7987399536875417
0.5834149801500768
0.6402067298064738
0.7349586728662035
0.34749043789810924
1.025486575147747
0.3358693881336582
0.6256677089205641
0.8608996014025797
1.0335734387824607
1.008293093848861
0.47812863169665487
0.4465632533090344
0.509072283905676
0.15988159587800654
0.6899543345808101
-0.4455591370778934
0.4693703708261478
0.7064782949233743
1.021875414565676
0.7410545081878039
0.592289199917293
0.6869098219872051
0.7507760960782185
0.564368250496031
0.41741598912055444
0.7048207717156976
0.8032223599420938
0.4678121835162666
0.8233250720517704
0.4356818012530326
1.0471666668529287
0.9409069513264698
0.5767604898074576
0.8856441452298116
0.21243872833924193
0.999646456790874
0.7164990433555236
0.3018726884872512
0.5481490361457861
0.9633035568553725
0.1396970135110332
0.776586537715708
0.6140425086387169
0.6653339411533638
0.7681933076606552
0.5869817893163365
-0.16746693572462878
0.5659719502730234
0.6725565277927144
0.4560783847104652
0.3991987894834346
0.4070607970736159
0.826712759900433
0.6612250361650598
0.8608478010365093
0.09342714757950743
0.82451493096752
0.43114186708054464
0.5540404786892895
0.6381338160985631
0.2972032189200343
0.41699387618310857
0.02031739087901585
0.7097471036703789
0.4725158438845263
0.2063572434905122
0.5854936345051531
0.3698446942284209
0.4838981061419988
1.1158814269597392
0.545074739452889
0.6956286425220362
0.8912931792231114
0.7723174986455924
1.0835900548374093
0.5244790497356003
0.5416252185578928
0.5637824306325665
0.6894272349227479
-0.08369576525215616
0.901249583570952
0.6448380496309255
0.8971638073416873
0.5519607626853613
0.5180616875071543
1.0765762893232171
0.37993562844903367
0.2821788318117219
1.0318863352961478
0.9723382242342468
0.2446166718938405
0.8168904729168486
0.2785320485206798
0.5007916169363075
0.3115112963614718
0.7985736769785474
0.5730158757706949
0.5010117865557263
0.8028141877373662
0.56872715765873
1.108472428217855
0.777082684616024
0.3701380476430939
256/1024
0.6096414920348072
0.5672311800699783
1.483662850505086
1.0467638185527859
0.8264135672739437
0.6658172139003273
0.33609277511413804
0.2736892408167445
1.1167952121619882
0.4209706448965795
1.0523691177489705
0.44244144148105125
1.2146145191331073
0.4822185109191227
0.854593750472803
0.5936034786312231
1.0050731709781768
1.4457307163024393
0.6869809874329437
0.3514555133454144
0.3145274287991042
1.158555382518898
0.7323532143964163
-0.12256818903840078
0.3664112714700442
0.7766569743703676
0.6169222351601564
0.876000715872979
1.4321093678281358
0.2568824394578606
0.9158626455340568
0.29240196001009144
0.5815991615778081
0.2512493200919236
0.906504469221357
1.4411714321811835
0.5091717913392002
0.37106683777419014
0.8375388520994869
0.7459222826156853
0.9447474093970714
0.13452955567275932
0.6016738505866001
0.29592324903110234
0.49367158085644275
1.1074743907170739
1.5473496683956822
0.3400438262721295
0.9648624070855812
1.31460546016046
1.1987777320793107
0.9394146818822007
0.6847752536581475
1.0408467992365606
1.0373066576123462
0.7965723168059701
0.19825707743366153
0.9124691956906335
1.187031753056082
-0.0856754224587763
0.31948279128817747
1.2041479486464084
0.671348732963782
0.2986832446264897
0.39365587381101996
0.39820479562232547
1.562219062207721
0.31744069727809077
0.22849425785217897
0.22726700640612094
0.2513988690204711
1.1331458617178556
0.4719440301001495
0.8605355750246754
0.42020853708424205
0.7891042382570965
0.9530796204945031
0.8842808225358331
0.9021027380904221
1.4679975581867866
0.9388608341750531
0.14910661902588263
0.28013433446927904
0.677081985646365
1.2331656597148677
0.4878110991418444
0.6851757155834544
0.8909412308202644
0.4096020054501746
0.48087162369475533
0.32684756860766695
0.7860240325946014
1.1457405966458873
1.1175043828459208
0.5964453909563779
0.1936359201437357
0.3667308569947009
0.8033634004171957
0.567012888030455
0.5326639085161098
1.3603072799497886
0.5775018738685899
1.1175382662720728
0.21373553012000915
0.7546173855909837
1.5236302709997709
0.5819755009798224
1.3743671292844768
1.3256843950814503
0.9422626383078387
0.43819096007723496
0.5358042118219972
0.6412090157082916
0.11286430873458625
0.4285913929605232
0.5956374980980631
0.8715841603072875
0.8530279484606464
0.6020664154867454
1.1077064853980656
1.059295505724546
0.6700064316313967
0.3220467731850225
0.6936070793649406
0.24753094644672619
1.1366045667737235
0.5696943061393174
0.7547564756584566
384/1024
1.0555373738382616
0.5812391759803484
0.9241364673603225
0.7152366380986492
0.5289997455981846
0.5792207058311281
1.2486804504918125
0.7697937104986013
0.8914702164810826
0.6767098377636145
0.5192054179566098
0.8248766501292562
0.7266954952164031
0.698749319463799
0.9416144181334165
0.5477266129377196
0.7757586795856302
0.5520882340320739
0.5850677498368628
0.6525360765240993
0.5453742704546175
0.7841908849519942
0.5107843643016974
1.0869178461544422
0.5855391690942068
0.5853646470891205
0.6294410657341559
0.5757370474002603
0.5814725503123521
0.6124114585830811
0.6018712449630499
0.857952078436617
0.7346623149712546
0.8508032249310395
0.5361659133524366
0.5487841712454242
0.5829067011452795
0.6627334801075265
0.6695190946847149
0.9259877634918872
0.9852274216032082
0.5664061344942567
0.5475674435060228
0.5937847900214248
0.7555521051384122
0.6714397151250817
0.4999304018253026
0.8648463436328577
0.599327943094117
0.7587601988512036
0.7931612698343267
0.5527977634153685
0.5559323064514199
0.8129737256131797
0.6138439792656534
0.7193100844780915
1.0148834611600273
0.829291532010112
0.9589622389804049
0.6873342213192458
0.5696680667511909
0.6031627694387312
0.5569167312214446
0.7110349597291858
0.6980466743497779
0.5454892498177859
0.8617675535543969
0.5345489176703943
0.5514644305918892
1.183835450056618
0.7714210120168279
0.495495727498738
0.4855891798027445
0.6845828181865132
0.6500033658420784
0.5860390729854201
0.8835794818029876
1.5111468530869505
0.5993935011862506
0.60547679714169
0.9289819880926167
0.7001234980859043
0.984752084259625
0.31347063103232947
0.701362625241965
0.5469706405626593
0.8851998220289359
0.9491297890208763
1.0034463846047146
0.5731790201077438
0.516084323812096
0.5138321311615223
0.7271564134001693
0.6217602717701627
0.5383736298628494
0.982981162469571
0.5957396755898116
0.5352058558003364
0.573900217120709
0.7688520224955763
0.5237043879811014
0.6405659148963947
0.7925530817318729
0.8456539413622592
0.7838139704996601
0.6115194803082795
0.7302372884990076
0.5967596022056595
1.0823717904965426
0.5789432633584444
0.9849205885660117
0.6633308501959736
0.6136878576255644
0.7567811516616036
0.9124712594412216
0.643685105385333
0.6993409634573025
0.47578593162005584
0.9489755224877514
0.5266998717899245
0.7241451900715442
0.7962558449522289
0.6187337505342607
0.7257198455549616
0.6353093604888267
1.0527738826218236
0.9305401274530963
0.7491540179454335
512/1024
0.6243773843322935
0.5543294459518076
0.561267368834479
0.5443004655426872
0.5005663864761286
0.6042124295643545
0.6521002120486028
0.6610299269459419
0.6647556352284097
0.5717344880955509
0.7918610346583226
0.7578439380866574
0.6072038991778727
0.673486168884591
0.6275581276277532
0.6224598584613755
0.6262054946683224
0.5760942521478922
0.5840909237085982
0.5975938928237137
0.6897276582071242
0.7769438430216082
0.8493819344273688
0.5849409959871299
1.0650567755884732
0.4332416843343016
0.6910547149182434
0.5929659057688035
0.6502033310486673
0.8862132787460991
0.6973916242518912
0.8131753910293505
0.6575809067668128
0.7953938925276953
0.7004364028746004
0.7410015584558458
0.5686614996085744
0.5583900415019066
0.689828411859053
0.7302609851466559
0.5883896671499764
0.5069732161529086
0.715081966284199
0.5222215195300888
0.6552348343137757
0.7198010879379505
0.5693414408030631
0.6299916541868648
0.8649911349045774
0.6177270137188982
0.5580724707249093
0.7457583602984601
0.7595194750150456
0.8144928024131687
0.7942174492288339
0.7855989497756601
0.5892850359324983
0.5060496979244967
0.5835255457031655
0.5492394862786238
0.753569886338771
0.6371780265843878
0.5201565461531645
0.6373216383541895
0.46044174459467935
0.7630608329213842
0.5330279055875257
0.7018883596133176
0.31149148068931015
0.7212395805175305
0.5912718269540287
0.6167151193457503
0.7139010539848443
0.7147139415372332
0.7616262621180105
0.7924896446230347
0.69943105074375
0.7907470899736572
0.9311351361231797
0.5467807567520536
0.5884401656933709
0.6873740309830334
0.5960467359994639
0.19346277784259208
0.8717989460523334
0.5640604958427232
0.6589715652063544
0.6893752135070857
0.7322454341673188
0.5601170065499081
0.6851164639654973
0.5035630800153752
0.604168133683828
0.6328066784680868
0.9914812099544251
0.6404192101515378
0.6339875323614956
0.8161958260327963
0.46608250669122453
0.5636375763184267
0.5370627868346359
0.5040498335733605
0.5430186096073556
0.8776473799312924
0.5613584237919105
0.6600001987460955
0.5881165758380863
0.6844561021110311
0.7896154120816874
0.5957948855299438
0.6706736839173123
0.8010184640195741
0.5226328533794231
0.6280406486532459
0.717569790394746
-0.13313015050650348
0.7332602620880893
0.5409174443491016
0.6690621257263119
0.5970208267771049
0.7437655176762287
0.6224006657786402
0.5720222633097336
0.5933188064164273
0.8518376596692391
0.6542635366911147
0.572218437933257
0.7249741217185968
640/1024
0.932114903039243
0.5454179474565172
0.7572825682906714
0.9037401966679739
1.122606091033213
0.5447169869936141
1.255711066836404
0.5597289351155763
0.9651490569109246
0.7488393846258657
1.0242987472210145
1.146647349789812
0.9130703820102972
0.9757008400129512
1.4040000790364986
0.7890871655510742
0.7144243757456448
0.5591414793365612
0.32958253333226284
0.526415086778524
0.4953813564028078
0.4260008567776215
0.7444980920604122
0.9136159732116227
0.5596195949174035
0.499404428663767
0.5012646997957629
0.41582083729690267
1.0379141830686818
0.6694544263440051
1.2838269317140587
1.0623798373090807
0.7882527223154019
0.516093113931537
0.6663483788426936
0.5963209962351532
0.48496500908910173
0.7130622242369722
0.4823323510739817
1.0591779194847648
0.771782912055367
0.8862474078625211
1.0728306797589227
0.7126054988107993
1.360933848721821
0.5996569557895383
0.844934346424207
0.560381983717015
1.0518022706166594
0.5304094858968629
0.4351500085333216
0.9582955556386257
0.9046125024517573
0.5059099756952552
0.527195400871729
0.9796014591504676
0.9676183819764403
1.1684819021529291
0.5635655502131967
0.963073600528692
0.9188507633632697
1.3126065457053153
1.598355785374929
0.8928779545012356
0.9800448623059487
0.9989756668174092
1.1468912704730745
0.8082339698572512
0.8275296247083248
0.36383391905924367
1.0017363876147942
0.45365066878373395
0.88772964834519
0.7488531692926268
1.076849111296704
0.9742380259168006
1.1011067578580505
0.9451627949873744
0.38375428902944053
1.0682032431853385
0.4374132329005603
0.9540095831685469
0.8489112984541868
1.1236386310254929
1.179385929826855
0.4803152881370039
1.07450020587433
0.38304827627922583
0.6690705280318614
0.8075514824911008
0.6595035116261475
1.0629334241262525
1.105512133469275
1.5180715959801392
0.6807469223249102
0.890424476838972
0.9205869820989326
0.6125834964861712
0.7048697371201851
0.5787962096778678
0.45381870267199015
0.6807001954469332
0.8265153501713742
1.071577351862015
1.0226742122628996
1.002304341054991
0.7860831925126093
1.1225060445939725
0.6906137020647847
1.0124868303007948
0.7180724773969842
0.8542830606261015
0.9112844508740788
0.7966854147903568
0.4234944564883317
0.9355715366448477
0.9461631825673487
0.6737701378533922
0.8643956333844732
0.5839562366164841
0.7713254049387556
1.154112700858117
0.6643362623896387
0.49957137139670427
1.10090004527078
0.963771103491001
0.8501616191047392
0.9037868321669693
768/1024
0.49673195569974876
0.6857765368792832
0.7990958575179292
0.6682978813629461
0.31125325662073466
0.7029467309162416
0.32489983157830155
0.9480520112420915
0.1950630793160688
0.6701846018955291
0.7406154951317206
0.9506020893527048
0.9403299967793358
0.3085617946770993
0.38311585584668834
0.598745099603386
0.8895003989776668
0.6254783479728891
0.29985657206191885
1.0401703298272238
0.9553175808138397
0.880426689723255
1.2975991272233043
0.39880241930609983
0.40219496154950735
1.2789058306876404
0.778639263713863
0.5528014527199047
0.5402416515798805
0.8564005390274567
1.1327944690171385
0.500491320502642
1.2730469448701627
0.6441720556284591
0.5026459799173469
0.4313078018775745
0.35525263085858144
0.6909945869792704
0.7957796368688393
1.143977793636719
0.777496920787007
0.7112038386921333
0.42737094917257307
0.5192598488580482
0.6810664324042333
1.0852898360974734
0.48259426237133884
0.8804349364568073
1.3128804755964765
0.7243047475074633
0.7255501896777171
0.36543415336917673
0.4938412710694478
0.39258531896331045
0.6122621665000485
0.5272374707276964
0.7367610138315289
0.456512693274404
1.1538666277384046
1.1866489167348127
0.563555573092304
1.1611412409415671
0.7904334500861459
0.47061869356056313
0.7703355231826201
0.7669516304876935
0.9067459136632072
0.6622140319290166
0.8721085899564329
0.9793558442301585
0.5725364313618841
1.2127655443161702
0.7974956201616326
0.9422420277582113
0.49199117879449533
1.2662988798615724
0.5693514116122295
0.42390638013200804
0.6719200704642747
1.0175630261250397
0.612492312339252
0.6489448299423085
0.6381506256944807
0.5564474867287826
0.590041077437705
0.3628642333427353
0.46207396517569
1.0984438850974656
0.5690334627869644
0.6199611301755066
0.6864541846858389
0.9906936566007903
1.1875839182269012
1.2496808196663085
0.6524953896888437
0.6129122399394263
0.453024664646695
0.74547278310953
0.9634435253534916
1.045400009385136
1.1564812341281963
1.3498698973971315
1.0387976895271895
1.2170217806302162
0.9642442140625981
0.3428191914959445
0.5565603279600202
0.8346814137986929
0.9633672703888698
0.6688316815095074
0.4593077459353532
0.9520395362593992
0.6922749162726869
0.8065711603425909
0.6442129215836531
0.9950236744230551
1.22864291641596
0.6625241573875055
0.7545475437075546
1.0664894780794483
0.9483451824291491
0.3318511939314349
1.3515492933428033
0.3271956375799082
0.9619786827775264
0.37578081624054516
0.3110347870569312
0.8979273112507862
896/1024
1.1089270170297039
0.3804424889835645
1.704908010341983
0.7303505521511919
0.4907378912028369
0.5093623153117304
0.25719297821910114
0.4809289599004829
1.1372634913198396
0.36640200221261865
0.9422502537180661
0.33502165310693804
0.7796849950470303
1.0136194626714516
0.9651629328492853
0.5545007668385178
0.8151353233290954
0.631593266130549
0.7015780686482509
0.6309486329547844
0.4887726059842694
0.8782089208285091
0.2413691271896877
1.303022311164725
0.9469437790918716
0.36493630595153964
0.720350663002774
0.28007055095533157
0.6973804111353604
0.28973822504640545
1.0483504708402729
0.39677887547728324
0.3059918981758937
0.2905041614062871
1.3363033861167848
0.7031212266103929
0.2830866086852668
0.43900140843299085
1.596597546917866
1.2256153125948717
0.39675816174618733
0.7945328954010973
0.5796761368407
0.5397753913394233
0.40544729667051094
1.1554110593937694
0.33352022497945644
0.7181778154749345
0.5440050052626795
0.8196348298692476
1.2801940654073867
0.5190459894844068
0.9474632365432046
0.6924513310379852
1.5166738205281736
0.5208138169699534
0.28369113803971113
0.6519854281725057
0.5059856223745083
0.2591246913202106
1.3844730925888662
0.39027380846275916
1.4103529647802135
1.4593214136996269
0.8249024933691524
0.4813360184588877
0.9107192245443497
0.7014406944318279
0.5076308810570689
0.607876888009957
0.2682167920839451
1.1625198221599575
0.28078037723196403
1.158003368018816
0.9520546005752772
1.1865849459397824
0.8519285395133743
0.8615074006772973
1.4717151411052842
1.198572517910121
0.6503180827325932
1.403406519837104
0.329478010439028
0.3897391004123564
0.8371286165720508
1.2335861095734204
0.42938462397676036
0.24662117236251646
0.4818964753279496
0.35601565459477
0.33142739089662077
0.26494161094930446
0.2849787796006239
0.6540418834349464
0.3331230033528735
0.2707044207602854
0.3674607024199462
0.6709212032953431
0.42958330016300805
1.3059263329768576
0.2659979801419987
0.3543792016920069
1.2876408666250425
1.1812454835706971
0.48023482321619154
0.2695299230269034
0.2227506995282734
0.421443510016399
0.27525575456844076
0.39167941445957555
0.33933786098401086
0.31960490654622037
0.3608891717408871
0.8674609676034065
1.4306178866070614
1.0404573601110954
0.2451820054337986
0.2866146325067255
0.4327450282614823
0.9423403658408692
0.688146009494176
0.8587970352520808
0.6411398628136584
0.8908561819595546
0.5055542063433288
0.3702277524204662
0.42500043556230116
1.4112456418033437
1024/1024
0.781248571515044
110.179143 seconds (76.83 M allocations: 12.896 GiB, 4.20% gc time)
λₖ = 0.8
Warming up
128/512
256/512
384/512
512/512
Measuring
1.0067844981177922
0.35218865697754487
0.7701075806891446
0.7993813245000101
0.6171391148965882
0.6559753618904149
0.6859593982869329
0.6994304339192718
0.7105055349663048
0.6131679903863938
0.6625179684045217
0.6797258793296526
0.6501812157981741
0.880035793853148
0.6295956249411059
0.631577402726857
0.695021737960264
0.5415933511526103
0.6538987265328259
0.6849751184289296
0.6865300008317499
0.4129040847185057
0.48012865251935055
0.7108009918043087
0.9976206372634115
0.5016959923552381
0.681450353854009
0.683861225490942
0.8173399164999837
0.6346211013494015
0.6455563926178283
0.7639396523338031
0.7431747539762571
0.6913393462960551
0.7511234430444522
0.7232225294414227
0.9745798812291147
1.0532099847756875
0.4658387880998055
0.5849817659990106
0.8573578679657655
0.8550675058612879
0.6871028028378011
0.7318164637776201
0.8362710286054027
0.5976245107821267
0.6857949773920308
0.6443783261499691
0.6780386741098245
0.884495825617162
0.545839573665333
0.6730144674052891
0.6817290677772663
0.6405627726760527
0.6971067044386595
0.8728365531948319
0.7415571560945924
0.7644530865777205
0.6998424372503985
0.664175546179082
0.6766517645727987
0.6924068116032992
0.6671921506162045
0.6758244178782653
0.9164587295354141
0.6712347489500614
0.7969217346515002
0.5610619401112809
0.7093303182758819
0.7581509688290939
0.6411362937138583
0.6801643111370098
0.7316616750251826
0.6554828448347657
0.6774745103281021
0.8888217245148892
0.6628742897168013
0.6948564099368908
0.6361221173652737
1.1205479199811683
0.6875496533528508
0.7695743041521849
0.7786989978441619
0.7258501789957202
0.6944335194949142
0.8727483811915809
0.6905924361818436
0.7956819595504949
0.676568388593145
0.6302506458569542
0.24806129696523072
0.6898604496051192
0.9204634215561361
0.6930004165184714
0.7105384495770611
0.8071043482381968
0.7016036477149387
0.6689860604294683
0.7458409643068635
0.6369992821676144
0.6967442196401281
0.6361144339570536
0.7541171076216703
0.9362905141275563
1.2001593241009632
0.6749848957799371
0.7441996483170128
0.6950849355017488
0.5861344830877846
0.5848336914832022
0.6940804477556279
0.8017804829926567
0.9535251355169057
0.6715979519680852
0.6510419287636103
0.7898978469156201
1.226492236023581
0.7730731330739121
1.2230745279919861
0.4235298123644065
0.6965446825999008
0.7111862747483223
0.5640549811862561
0.6581309027098438
0.953856457086539
0.7508024355249866
0.6913414273421512
128/1024
0.6680781551106506
0.2747873286048571
0.22565593753670676
0.21875216373044226
0.7285105694862828
0.20318506826814708
1.5429939212930341
0.9216252168358885
0.6774955206900957
0.19482867470575668
1.3612136554659329
0.29578457679030096
1.3417459091499002
0.2991098441169392
0.2367993750259162
0.16166450996997975
0.22149946964116551
0.19674112873696703
0.7135728244677034
1.1020994652098017
0.16660338377894574
0.11833928282274933
1.1028402025375874
1.3779666192929858
0.15411633878803643
0.989063564034268
0.1425652058267719
0.33177950621455654
0.2692276317814216
0.14844533510172803
0.5125381963117448
0.32028117722470884
0.3571155983649459
0.1764901396272632
0.10710294082977496
0.7593533488302826
0.43400959127365746
0.2087941518381312
1.4250265401221842
1.476789998010545
0.9764728346581879
0.7578807560524695
0.7513313854134611
1.2127718749997227
0.18025224798301326
1.2245296305056224
1.013847697554038
0.18177353829731668
0.15208070245952235
0.4419188881590678
0.979013464940602
0.13988537257091485
0.2315337783133056
0.2798276161233755
0.15017261961981218
0.23528454841491422
0.5340775232038035
0.2941466674186516
0.26360950266612493
0.5235862642184038
0.5067026120626681
0.18639520528513046
0.6084691201883317
1.7209051340725967
0.17294336901766924
1.9323264760494983
0.8060545137578714
0.14865827087246347
0.3804490723296003
0.3443605222362959
0.3189090228478686
0.7879850939376526
0.13218472658373587
0.7442470568884421
0.2475518693453249
1.153739492440966
0.15481897261591546
0.2782998406470416
0.7689332339467203
0.44577918114224185
0.26974694062090865
0.11290176658498949
0.1583370013307025
0.25527573815427596
0.8597071437541444
0.12108882037323668
0.13724627911880954
0.29158246645851216
0.8768154672020279
0.21413148539573013
0.8736864567634646
0.28482666572797544
0.9441338049948521
1.049774843340345
0.3162688944700898
0.15383944855114912
1.0509201487893383
0.13522196530913064
1.1039176033338893
0.8042834735860716
1.0307866601345563
0.4933826174217164
0.15746413241913287
0.3777631077537328
0.2833012640331265
0.17641873817108755
0.3319205478042354
0.2905092542884994
0.3123218215695549
1.162686027451791
0.2133315501498591
0.3286989848363473
1.585618031865494
1.0233367147186956
0.13941069999962788
0.41059499378794545
1.4739282731865238
0.5750768608763506
0.2349971674207761
0.39075892672968704
0.09197125390921206
0.2479142147771063
0.83957301629254
0.345650960695875
0.7037445676528971
0.6877229647297745
0.2596030549329667
0.5473800724154411
256/1024
0.39721856721651105
1.1037152535529233
0.6574836650075029
0.8718819613186282
1.2949328991966962
0.5231778467174398
0.45164505135914623
0.6329200645676769
0.6965449500439133
0.731671534899391
0.443799425854118
1.1067123809908788
0.8019084652226781
0.8155204736320429
0.6064986801088469
0.7339239145784979
0.8435880816410617
0.5639190148494537
0.4225543801932575
0.47093407380038865
0.4548188522482721
0.5129820911691706
0.4882030005941852
0.4551146010180761
1.0893847526421943
0.9940789855831851
0.5222443005215484
0.8132980492287508
0.4433139048540092
0.6468079888184796
0.44515908820206196
0.3896711969459405
0.5010985981137454
0.5201710391133685
0.7803871592752669
0.8315501107797758
1.0923756475948503
0.4075798456583719
1.1816841557947217
0.4830822788980394
0.9006672240514091
0.8577339106332105
0.5570810007420666
0.7832190466962534
0.6548453470290985
0.5918080885533961
0.4289220469370518
1.2831777747325703
0.4141855225867739
1.1763871148923513
0.711070353247523
0.5774183902205746
1.1645955730032616
0.5302220763090746
0.742732336888018
0.5421608977732465
0.6930979309584188
0.4377632756837788
0.41972862217223983
0.5930622577542102
0.7685437540481062
0.937627437540425
1.0732270882433164
0.5389052211319254
0.8641137188507317
0.46248641181633865
0.5513944736944887
0.767102488101508
0.6194729397598219
0.6522494252850831
0.6393120788674773
0.6901016292266299
0.5912089206661371
0.4163364647757613
0.6736770523889121
0.9474515158297279
0.682538653830507
0.6415141463771037
0.5599688889761718
0.5509115837972355
0.5579384649151511
0.6074764126791057
1.0744908967733369
0.7990428909652327
0.4358570119654298
0.6190573624980463
0.7019079555757928
0.7558656044583063
0.6093615375893419
0.45817463830979477
0.7455662455137981
0.4311092551407372
0.9444775547678101
0.5035526051414262
0.9488631420585111
0.509250048677554
0.4191334635057826
0.4560838196699972
0.3944004702411077
0.9901642090073679
0.785968600407853
0.7103061894282882
0.45775083815285245
0.9136279211008927
0.6718946639355776
0.4401656239825795
0.5891425817970068
0.7685629656371394
0.4474372413025849
0.5225045992636315
0.4572161507882775
0.8792265791827094
1.0063185682174103
0.6067805530078028
0.7949474180426619
0.8955751158493318
0.7765573030397133
0.9118109508038374
0.4517552766337444
0.552507249714988
0.8353573262427472
0.5097167627375891
0.752706945793397
0.6341114260297215
0.43078438568721344
0.47273758185307974
1.131133497681165
0.9147475981880163
384/1024
0.6444891356416134
0.4817681746857194
-0.3711988206192484
0.39186934496097137
-0.3221694612603302
0.008694819862466563
0.9428551246626722
0.6210337631413266
0.41493927332702707
-0.4593413652520375
1.0449699194251107
-0.5718049132901646
0.05958397671224722
0.8294296287103239
0.694964849113375
-0.20709070601623714
-0.544414463575996
-0.4134442625569912
-0.1017289531311425
0.10520987036895166
1.2101524622819364
-0.561583913878305
0.3494085804900312
-0.7410529917852058
-1.7047521607883471
0.9434099194780194
0.8298151691215325
-0.19305642612304574
-0.4786715389264633
0.09657832515280329
-0.33079659352671864
1.1432402294349946
-0.5796230222621315
0.279773999868557
0.5517510154135187
-0.46998168668177387
-0.3369998696516996
-0.5556066215511014
-0.014371496307300502
-0.7080088531225385
0.2335681189728544
0.3553258883284283
-0.29449346743563815
1.0045877336271454
-0.3691896876130697
-0.38245113525673047
0.6586723770789671
0.3623618174773439
0.6128849638303542
0.6497374455782
0.25508263200875614
0.9612436845971707
0.8614535044615793
0.9975827059977604
0.8016861326790434
0.012850335984250685
0.3710140086596176
0.24309663646266888
-0.33620882513201844
0.5951667679650341
-0.8420515278621002
0.37808210453318836
0.2642806060939392
-0.03784507064443708
0.567517825303978
0.32301092471286275
0.9550250386825984
-0.22967318778680224
-0.4375797659082016
1.0202307711322822
-0.06072393198788967
0.6772160600109395
1.354760768007597
0.40921213805026324
0.3889708180235913
-0.5863944642014992
-0.34463626865923247
0.5824090358327868
0.6164607679219735
0.29161993573189166
-0.014336796812886687
1.014550140337879
-0.28612697388923447
-0.8710580763224505
0.5910350332460135
0.8027473087759974
0.7688602313629814
0.8908547740362766
-0.7356609308133082
1.0283270255423729
0.6347718281942578
0.29957548496764685
0.9545800706606178
-0.057893799065465545
0.23896178617036498
0.10630512494543412
-0.39078216037561553
0.4582139393518976
0.3560528633788063
0.30263925082054977
-0.20458974990124065
0.8272413912597443
0.17346168124825184
-0.40943285962743214
-0.2778240710998628
0.8987212994413141
0.21516163896434082
0.696362345021492
-0.15071377590164403
-0.8289881695124431
0.0112589361634019
-1.0299057858643614
-0.2907269868259895
-0.08271438121286706
-0.12564729954379328
1.40175030793325
0.37842009424845874
1.248375500596909
0.9029715853003459
-0.08519573164819677
0.7324513778340871
0.47488829295066026
0.15455959884846882
0.37897600743495624
1.1678937349907066
-0.8451656634334166
0.9613782803086907
-1.027415948759049
512/1024
-0.17080326200283708
0.24854097180566276
0.8301881794617854
-0.11622356252949945
0.8446039655134017
0.8722870242034977
0.49765348922687325
0.7228997772499246
0.7496213223876725
0.4680600392616231
0.3768210116218485
0.4367229077708502
0.43798552558245496
0.9102036406299261
0.6397738916908013
0.7694465027473965
0.5846703124627401
0.7338121650707681
0.7688734539474897
0.5514747689367283
0.728096400863265
0.8035224116844706
0.5186850165447979
0.8074569221502652
0.30799535237874315
0.5412075246073068
0.30217534307372385
0.21126895636118154
0.46031082283015884
0.2804707403666081
0.6815138072092586
0.7528826200065928
0.8558667140244205
0.5334318010029351
0.8193375588335015
0.7346248324001095
0.7197989528691353
0.571688371197809
0.6814889585856936
0.48681823681975267
0.6360853148924949
0.13051881562333467
0.4259719619336928
0.17357480962676683
0.8086558003445397
-0.3042166979554117
0.7479837711295074
0.5292065148871663
0.6685619751293238
0.46263847938201264
0.6269953394938996
0.7254320858686628
0.4921681246769806
0.5397192035449381
0.2366238567187321
0.8768278041004944
0.5529646752435216
0.4828838182565658
0.79776185130224
0.0616302025816054
0.6981320470921242
0.35569235996836257
0.6317288119154377
0.5883019239335195
0.6693339814768923
0.5950450972135011
0.8775668584977531
0.6776839955090074
0.6050594805742213
0.7099269543566604
0.8130981755450994
0.5805095634622548
0.5454747259887259
0.640966387348999
0.5769242240530033
0.29101179809690836
0.7375823952511749
0.8256370950497469
0.4720655533472303
0.7946697188380587
0.4444521038436625
0.8083218811866739
0.2915500200924374
0.7143241743201045
0.32886252744899974
0.8267449786900469
0.5896393039157962
0.7717725958211545
0.904391943646802
-0.0603521925031823
0.659538800431343
0.5530905373727855
0.7376516456188935
0.5911044709251712
0.7982137254365649
-0.07960774470052479
0.7775486009949457
0.7224395423820038
0.8527740386084532
0.27947899146526134
0.18886675915749734
0.783519323815193
0.8516054154229458
-0.07960523343901904
0.46323319775943184
0.6588713473071135
0.8120247280887294
0.8194962771211991
0.8914702187133784
0.7645122426152773
0.7515259287626264
0.7618784739785005
0.6735601125540355
0.8295785011801979
0.6415981717669615
0.7778056014435537
0.699154273483486
0.7779159246876877
0.7126893924507971
0.35540661956459124
0.5444858446839796
0.6735837997247924
0.7842344826176659
0.4896008624989076
0.6154584841803852
0.9521314240504857
0.6880776819783729
0.4677694752502594
640/1024
0.7194783602586959
0.543182220244706
0.4879575946940824
0.4994799237268856
0.6155355607847321
0.549203537534784
0.7131294518907213
-0.08811559893874787
0.31781075433375816
0.5606876823520794
0.5709986757846168
0.7867368351333637
0.48759799775586765
0.30814578516623764
0.5528664389549216
0.5314972379734619
0.2970598555754018
0.5029699748416601
0.6155473722880497
1.039023594704398
0.7639759952488647
0.7254085729763652
0.4585020431817422
0.3185748076390713
0.5623933950745822
0.19415638269426488
0.619945022806704
0.5018586781025081
0.5536207862827744
0.6959705579620774
-0.5894873567423125
0.5149503300555132
0.541521700210638
0.5404553858480329
1.0141935265624926
0.5625303441968776
0.5398356663393122
0.31475884719922853
0.5670292857213091
0.4434304293366209
0.783488051904671
0.5549257283061751
0.08053123744029517
0.4872848632217538
0.5704367363465135
0.5381163496684463
0.49972578675847024
0.3722361362661791
0.39476924022573107
1.048445077379144
0.35355133640627984
0.30864325990556685
0.6098024724147159
0.5168071916087524
0.416880854578661
0.7884869569511215
0.78938932788106
0.9012766494094513
0.5018317010012208
0.5059437479782443
0.6604363242329917
0.3072540008553852
0.5206521059876396
0.29511692840236803
0.6944498431354709
0.7491276517808678
0.16067271007142453
0.5017253598229201
0.7801093108889663
0.328267236910413
0.6084231904738213
0.6142880785284138
0.4591670522071251
0.4048398646448726
0.24253290411220818
0.3588459198990761
0.5336981569446184
-0.045877136113107286
0.403764030798605
0.4271036915072912
0.4316833845877583
0.4628986957490365
0.5007830393599477
0.8375526170281227
-0.15414495319055266
0.4129041755621078
0.6414626515779434
0.472733929315246
0.49653587642266805
0.49495113135822166
0.5027533750213495
0.652182809874675
-0.05776083352450956
0.7363866699909258
-0.3970265499756995
0.22267022597297792
0.42372180405590193
0.2752252701025113
0.14501847058299822
0.6980215659373332
0.21976283490729243
0.60500424255144
0.3872427742197132
0.24369980747521308
0.6999869718539793
0.47591112508235917
0.5543033014238918
0.7321292048255333
0.4959098608104486
0.5653270144752971
0.6235288541743851
0.4282609047737611
0.1546330352336991
0.4784337142285376
0.35921096242685774
0.2993497810031266
-0.39613527596657927
0.6406236955003095
0.5614300311199318
0.5760809942545555
0.5935994216316817
0.737698507034209
0.6303574732416495
0.7426968438199255
0.5549077969770561
-0.25187652005456707
0.6625699537080211
0.754301700914667
768/1024
0.6689061507649369
0.6103013311319002
0.83290945641884
0.8106955249232372
0.6846070486236536
0.7419681694798702
1.323257043166287
0.7214682665856367
0.6352801884889407
0.6118649496759111
0.6947812289261384
1.3315061930523824
0.8157995148122427
0.6804583428277008
0.711287204641637
0.8374729832843226
0.6870294716585125
0.6426382609448218
0.5742938011774894
0.5852241341548398
0.6158471515694073
0.7224944509338469
0.7058945010641892
0.6537640529730318
0.7184341483509054
0.7337710405015827
0.6579506306058103
0.6652732238305051
0.7562703139091334
0.757058600405494
0.6762909769313247
1.4274470434067181
1.6238448273713302
0.5769427355635975
0.7119126254051031
1.2722373864301884
0.6732245052276743
0.5969181299467253
0.753492223719608
0.6923084562974441
0.7257019661238221
0.9902784154213362
0.5519247321581585
0.6320055056063221
0.5829592777972793
0.7517122261028847
0.6253237082206122
0.6067921532134428
0.8651278407139769
0.8254697465212933
0.7233857267872967
0.6650251367952925
0.8162731761127676
0.5748346123318245
0.7287123269260412
0.6031710612108232
0.6355045775297126
0.6781756248459047
1.4922905795570185
0.6183285044763394
1.3712644325481165
0.703362455688191
0.6823523370907596
0.7893902788776006
0.5961257814147074
0.8101141658317701
0.6471561502408422
0.7322823933877527
0.6865222096806866
1.299178994136311
1.6922661619769044
0.769892265290235
0.7347361655594826
0.914436468114172
0.5817954656203004
0.7446464134532699
0.730471167264215
1.6168842172366928
0.6334455882819916
0.9034323776911426
0.6521601365444506
0.5571548124232167
1.0470033623563422
0.6722485699532676
0.6965523842378434
0.6710790452136534
1.111674617090251
0.6988737519552124
0.7748393367650601
0.6669269781902427
1.0101025854293106
0.6480205410920139
0.6504137317641785
0.8014830138037434
0.6593762360260822
0.6977748278812776
0.7735916943002096
0.8017985440086026
0.6959454561044459
0.5801189873478503
1.0904849107670245
1.373709260411822
0.7309095861540097
0.6595256439000611
0.8771671028011447
0.7684322804448226
0.8436378623468508
0.5853271285261902
0.8823963267755469
0.6593921824944091
0.7798088348158412
0.7451049368670282
1.5168581387724869
0.9366460392651735
0.6268241234684091
0.7728774713208916
0.586127918433587
0.6217930285585026
0.8485915069150489
0.6560206925732477
0.8149059742806777
0.6610374363503709
1.3047682383021657
0.8399877448754687
1.2639678803486563
0.7334373710321315
0.6148101405525946
0.7359419096196058
896/1024
0.6220784070452631
0.6174450815489589
1.626795725211573
0.5868393296470152
0.5330231286423339
0.630766093337032
0.8431251491472306
0.6626534774028643
0.6297050990405888
0.8759102986490177
0.3446891265968594
0.6290751697417204
0.45230556237083674
0.33075306540901195
1.1152866396843435
0.36943174303531384
0.37928483988477224
0.9536606111124359
0.6042407235197313
0.784774783949178
0.932339054850691
0.7157441032411007
0.8671886760782694
0.42890110502538015
0.7254250019747088
0.781372451717318
0.4582772355406344
0.8034857697167319
0.6701504966157339
0.6275647296383905
0.8675728225720052
1.322187334986833
0.34846448656169243
0.3431241148607407
0.3999535488398249
0.31564542295275055
0.3818634849590607
0.5379327391805948
1.0811094940958654
0.5529783432127785
0.8189708676132584
0.4232820222600958
0.7997636151094476
0.6745424252141193
0.9574291037206628
0.781475328418028
0.5504735751241294
0.5007814769990881
0.6565668707791393
0.6001568940341614
0.5072058362317673
1.078464836095957
0.7649280241264168
0.39156893075487637
1.1069400440030508
0.45282385020554156
0.8727050578119544
0.722475996930798
0.3004006950905618
0.6535072897780804
0.536184965883677
0.6097230442418069
0.7602406906156933
1.0694744035442252
1.1126217319019176
0.815273153394742
0.4824712955417729
0.983281354740072
0.5768562344148207
0.43776540612593173
0.980464666325453
0.501432333280142
0.43182304699520685
0.6912331002577314
0.5109994298434486
0.556235087597647
1.1443194803508758
0.47476126233829125
1.044676773896264
0.43415931743058567
0.9825420779737594
0.43628162047072894
1.0109186211701002
0.7362613864916836
0.3534822046007837
1.0150283786114878
0.7360257779642387
0.9210376189510567
0.613450301583261
0.3616940761442857
0.5022248603858068
1.0388809562554253
1.0232397522509349
0.5050471773514635
0.4634424629287289
0.9218521332611648
0.4848534840497034
0.609194467352825
0.41574386533576435
0.48515965820729656
0.9304718125879359
0.31640028543570076
0.3171986260374273
0.9056602319401128
0.48322733608796997
0.8597770910374366
0.9693176563485082
0.7733659710546023
0.531736508983177
1.0332022818339608
0.5873005629091925
0.8984139059347913
0.836095718020543
0.3966692022269994
0.3358064136121437
0.5401671533842768
0.32764333205421536
0.7892323123786928
1.0863091858244192
0.3696138890043866
0.9522807881571892
1.0907005894052824
0.8627245023455055
0.3945484502199112
0.39113163333123596
0.375649910368842
0.6691588077168735
0.3805234946902656
1024/1024
0.5446362575362551
109.915298 seconds (76.83 M allocations: 12.896 GiB, 4.24% gc time)
