## SLURM PROLOG ###############################################################
##    Job ID : 8822259
##  Job Name : sbatch_etgent.sh
##  Nodelist : node1711
##      CPUs : 8
##  Mem/Node : 4096 MB
## Directory : /oscar/home/trazzaz/AFQMC
##   Job Started : Thu Feb 27 05:59:31 PM EST 2025
###############################################################################
seed = 1254
U = 2.0
β = 6.0
Warming up
128/1024
256/1024
384/1024
512/1024
640/1024
768/1024
896/1024
1024/1024
Measuring
128/16384
mean(sgnprob[1:i - 1]) = -0.2125984251968504
256/16384
mean(sgnprob[1:i - 1]) = -0.043137254901960784
384/16384
mean(sgnprob[1:i - 1]) = -0.17493472584856398
512/16384
mean(sgnprob[1:i - 1]) = -0.22504892367906065
640/16384
mean(sgnprob[1:i - 1]) = -0.10172143974960876
768/16384
mean(sgnprob[1:i - 1]) = -0.048239895697522815
896/16384
mean(sgnprob[1:i - 1]) = -0.10837988826815642
1024/16384
mean(sgnprob[1:i - 1]) = -0.05180840664711633
1152/16384
mean(sgnprob[1:i - 1]) = -0.0947002606429192
1280/16384
mean(sgnprob[1:i - 1]) = -0.11336982017200939
1408/16384
mean(sgnprob[1:i - 1]) = -0.06609808102345416
1536/16384
mean(sgnprob[1:i - 1]) = -0.03061889250814332
1664/16384
mean(sgnprob[1:i - 1]) = -0.057125676488274206
1792/16384
mean(sgnprob[1:i - 1]) = -0.0664433277498604
1920/16384
mean(sgnprob[1:i - 1]) = -0.08181344450234497
2048/16384
mean(sgnprob[1:i - 1]) = -0.05911089399120664
2176/16384
mean(sgnprob[1:i - 1]) = -0.02436781609195402
2304/16384
mean(sgnprob[1:i - 1]) = -0.04385584020842379
2432/16384
mean(sgnprob[1:i - 1]) = -0.030028794734677088
2560/16384
mean(sgnprob[1:i - 1]) = -0.016803438843298164
2688/16384
mean(sgnprob[1:i - 1]) = 0.004838109415705247
2816/16384
mean(sgnprob[1:i - 1]) = 0.00035523978685612787
2944/16384
mean(sgnprob[1:i - 1]) = -0.018688413183826028
3072/16384
mean(sgnprob[1:i - 1]) = -0.008791924454575058
3200/16384
mean(sgnprob[1:i - 1]) = 0.0053141606752110035
3328/16384
mean(sgnprob[1:i - 1]) = 0.013525698827772768
3456/16384
mean(sgnprob[1:i - 1]) = 0.028075253256150505
3584/16384
mean(sgnprob[1:i - 1]) = 0.039352497906782025
3712/16384
mean(sgnprob[1:i - 1]) = 0.05200754513608192
3840/16384
mean(sgnprob[1:i - 1]) = 0.06173482677780672
3968/16384
mean(sgnprob[1:i - 1]) = 0.07285102092261155
4096/16384
mean(sgnprob[1:i - 1]) = 0.08034188034188035
4224/16384
mean(sgnprob[1:i - 1]) = 0.08785223774567842
4352/16384
mean(sgnprob[1:i - 1]) = 0.07699379452999311
4480/16384
mean(sgnprob[1:i - 1]) = 0.0685420852868944
4608/16384
mean(sgnprob[1:i - 1]) = 0.05621879748209247
4736/16384
mean(sgnprob[1:i - 1]) = 0.0470960929250264
4864/16384
mean(sgnprob[1:i - 1]) = 0.05367057371992597
4992/16384
mean(sgnprob[1:i - 1]) = 0.05910639150470848
5120/16384
mean(sgnprob[1:i - 1]) = 0.06544246923227193
5248/16384
mean(sgnprob[1:i - 1]) = 0.056222603392414715
5376/16384
mean(sgnprob[1:i - 1]) = 0.0638139534883721
5504/16384
mean(sgnprob[1:i - 1]) = 0.06632745775031801
5632/16384
mean(sgnprob[1:i - 1]) = 0.0580713905167821
5760/16384
mean(sgnprob[1:i - 1]) = 0.061989928807084566
5888/16384
mean(sgnprob[1:i - 1]) = 0.056225581790385594
6016/16384
mean(sgnprob[1:i - 1]) = 0.0630091438071488
6144/16384
mean(sgnprob[1:i - 1]) = 0.06885886374735471
6272/16384
mean(sgnprob[1:i - 1]) = 0.07319406793174932
6400/16384
mean(sgnprob[1:i - 1]) = 0.06297859040475075
6528/16384
mean(sgnprob[1:i - 1]) = 0.06756549716561973
6656/16384
mean(sgnprob[1:i - 1]) = 0.07107438016528926
6784/16384
mean(sgnprob[1:i - 1]) = 0.07474568774878372
6912/16384
mean(sgnprob[1:i - 1]) = 0.07885978874258429
7040/16384
mean(sgnprob[1:i - 1]) = 0.08282426481034239
7168/16384
mean(sgnprob[1:i - 1]) = 0.07632203153341705
7296/16384
mean(sgnprob[1:i - 1]) = 0.07690198766278272
7424/16384
mean(sgnprob[1:i - 1]) = 0.08123400242489559
7552/16384
mean(sgnprob[1:i - 1]) = 0.0835650907164614
7680/16384
mean(sgnprob[1:i - 1]) = 0.07566089334548769
7808/16384
mean(sgnprob[1:i - 1]) = 0.07980017932624568
7936/16384
mean(sgnprob[1:i - 1]) = 0.08304977945809704
8064/16384
mean(sgnprob[1:i - 1]) = 0.07776261937244201
8192/16384
mean(sgnprob[1:i - 1]) = 0.08289586131119521
8320/16384
mean(sgnprob[1:i - 1]) = 0.08714989782425772
8448/16384
mean(sgnprob[1:i - 1]) = 0.08985438617260566
8576/16384
mean(sgnprob[1:i - 1]) = 0.09084548104956268
8704/16384
mean(sgnprob[1:i - 1]) = 0.08491324830518213
8832/16384
mean(sgnprob[1:i - 1]) = 0.07915298380704337
8960/16384
mean(sgnprob[1:i - 1]) = 0.08159392789373814
9088/16384
mean(sgnprob[1:i - 1]) = 0.08792780895785188
9216/16384
mean(sgnprob[1:i - 1]) = 0.08497015735214325
9344/16384
mean(sgnprob[1:i - 1]) = 0.07995290591886975
9472/16384
mean(sgnprob[1:i - 1]) = 0.08119522753669095
9600/16384
mean(sgnprob[1:i - 1]) = 0.07636212105427649
9728/16384
mean(sgnprob[1:i - 1]) = 0.07967513107844146
9856/16384
mean(sgnprob[1:i - 1]) = 0.08493150684931507
9984/16384
mean(sgnprob[1:i - 1]) = 0.08704798156866674
10112/16384
mean(sgnprob[1:i - 1]) = 0.0819899119770547
10240/16384
mean(sgnprob[1:i - 1]) = 0.08428557476316047
10368/16384
mean(sgnprob[1:i - 1]) = 0.0867174688916755
10496/16384
mean(sgnprob[1:i - 1]) = 0.08889947594092425
10624/16384
mean(sgnprob[1:i - 1]) = 0.0855690482914431
10752/16384
mean(sgnprob[1:i - 1]) = 0.08157380708771277
10880/16384
mean(sgnprob[1:i - 1]) = 0.08355547384869932
11008/16384
mean(sgnprob[1:i - 1]) = 0.08567275370218952
11136/16384
mean(sgnprob[1:i - 1]) = 0.08576560395150426
11264/16384
mean(sgnprob[1:i - 1]) = 0.08851993252241853
11392/16384
mean(sgnprob[1:i - 1]) = 0.09156351505574577
11520/16384
mean(sgnprob[1:i - 1]) = 0.09506033509853286
11648/16384
mean(sgnprob[1:i - 1]) = 0.0964196788872671
11776/16384
mean(sgnprob[1:i - 1]) = 0.09842887473460722
11904/16384
mean(sgnprob[1:i - 1]) = 0.09938670923296648
12032/16384
mean(sgnprob[1:i - 1]) = 0.10215277200565206
12160/16384
mean(sgnprob[1:i - 1]) = 0.1045316226663377
12288/16384
mean(sgnprob[1:i - 1]) = 0.10588426792544967
12416/16384
mean(sgnprob[1:i - 1]) = 0.10688683044703987
12544/16384
mean(sgnprob[1:i - 1]) = 0.10882563979909113
12672/16384
mean(sgnprob[1:i - 1]) = 0.11056743745560729
12800/16384
mean(sgnprob[1:i - 1]) = 0.11227439643722166
12928/16384
mean(sgnprob[1:i - 1]) = 0.11441169644929218
13056/16384
mean(sgnprob[1:i - 1]) = 0.1180390654921486
13184/16384
mean(sgnprob[1:i - 1]) = 0.12083744216035804
13312/16384
mean(sgnprob[1:i - 1]) = 0.1153181579145068
13440/16384
mean(sgnprob[1:i - 1]) = 0.11719621995684203
13568/16384
mean(sgnprob[1:i - 1]) = 0.11771209552590846
13696/16384
mean(sgnprob[1:i - 1]) = 0.121285140562249
13824/16384
mean(sgnprob[1:i - 1]) = 0.12334514938869999
13952/16384
mean(sgnprob[1:i - 1]) = 0.1197763601175543
14080/16384
mean(sgnprob[1:i - 1]) = 0.12238085091270687
14208/16384
mean(sgnprob[1:i - 1]) = 0.12282677553318787
14336/16384
mean(sgnprob[1:i - 1]) = 0.12424136728287409
14464/16384
mean(sgnprob[1:i - 1]) = 0.12576920417617368
14592/16384
mean(sgnprob[1:i - 1]) = 0.12850387225001714
14720/16384
mean(sgnprob[1:i - 1]) = 0.1313268564440519
14848/16384
mean(sgnprob[1:i - 1]) = 0.13329292112884758
14976/16384
mean(sgnprob[1:i - 1]) = 0.133889816360601
15104/16384
mean(sgnprob[1:i - 1]) = 0.13593325829305436
15232/16384
mean(sgnprob[1:i - 1]) = 0.13886153240102422
15360/16384
mean(sgnprob[1:i - 1]) = 0.13496972459144477
15488/16384
mean(sgnprob[1:i - 1]) = 0.13759927681281076
15616/16384
mean(sgnprob[1:i - 1]) = 0.1382644892731348
15744/16384
mean(sgnprob[1:i - 1]) = 0.13930000635202947
15872/16384
mean(sgnprob[1:i - 1]) = 0.14107491651439732
16000/16384
mean(sgnprob[1:i - 1]) = 0.13794612163260203
16128/16384
mean(sgnprob[1:i - 1]) = 0.13399888385936629
16256/16384
mean(sgnprob[1:i - 1]) = 0.130852045524454
16384/16384
mean(sgnprob[1:i - 1]) = 0.1275102240126961
751.234671 seconds (167.11 M allocations: 70.745 GiB, 2.07% gc time, 1.33% compilation time)
