## SLURM PROLOG ###############################################################
##    Job ID : 5902765
##  Job Name : etgent_N2_seed1253
##  Nodelist : node1741
##      CPUs : 8
##  Mem/Node : 2048 MB
## Directory : /oscar/home/trazzaz/AFQMC
##   Job Started : Mon Nov 11 01:05:03 AM EST 2024
###############################################################################
U = 2.0
seed = 1253
λₖ = 0.0
Warming up
128/512
256/512
384/512
512/512
Measuring
128/1024
256/1024
384/1024
512/1024
640/1024
768/1024
896/1024
1024/1024
288.739109 seconds (203.81 M allocations: 1.089 TiB, 21.96% gc time, 3.21% compilation time)
λₖ = 0.2
Warming up
128/512
256/512
384/512
512/512
Measuring
128/1024
256/1024
384/1024
512/1024
640/1024
768/1024
896/1024
1024/1024
318.596559 seconds (201.96 M allocations: 1.089 TiB, 22.17% gc time, 0.03% compilation time)
λₖ = 0.4
Warming up
128/512
256/512
384/512
512/512
Measuring
128/1024
256/1024
384/1024
512/1024
640/1024
768/1024
896/1024
1024/1024
256.478120 seconds (201.96 M allocations: 1.089 TiB, 24.91% gc time)
λₖ = 0.6
Warming up
128/512
256/512
384/512
512/512
Measuring
128/1024
256/1024
384/1024
512/1024
640/1024
768/1024
896/1024
1024/1024
252.832775 seconds (201.96 M allocations: 1.089 TiB, 24.53% gc time)
λₖ = 0.8
Warming up
128/512
256/512
384/512
512/512
Measuring
128/1024
256/1024
384/1024
512/1024
640/1024
768/1024
896/1024
1024/1024
248.418217 seconds (201.96 M allocations: 1.089 TiB, 24.41% gc time)
