## SLURM PROLOG ###############################################################
##    Job ID : 7671160
##  Job Name : sbatch_etgent.sh
##  Nodelist : node1735
##      CPUs : 8
##  Mem/Node : 4096 MB
## Directory : /oscar/home/trazzaz/AFQMC
##   Job Started : Sun Jan 19 03:59:36 AM EST 2025
###############################################################################
seed = 1270
U = 2.0
β = 6.0
Warming up
128/1024
256/1024
384/1024
512/1024
640/1024
768/1024
896/1024
1024/1024
Measuring
128/16384
mean(sgnprob[1:i - 1]) = 0.2125984251968504
256/16384
mean(sgnprob[1:i - 1]) = -0.00392156862745098
384/16384
mean(sgnprob[1:i - 1]) = -0.13838120104438642
512/16384
mean(sgnprob[1:i - 1]) = -0.162426614481409
640/16384
mean(sgnprob[1:i - 1]) = -0.10485133020344288
768/16384
mean(sgnprob[1:i - 1]) = -0.04563233376792699
896/16384
mean(sgnprob[1:i - 1]) = -0.06815642458100558
1024/16384
mean(sgnprob[1:i - 1]) = -0.030303030303030304
1152/16384
mean(sgnprob[1:i - 1]) = -0.004344048653344918
1280/16384
mean(sgnprob[1:i - 1]) = 0.022673964034401875
1408/16384
mean(sgnprob[1:i - 1]) = 0.02914001421464108
1536/16384
mean(sgnprob[1:i - 1]) = 0.05667752442996743
1664/16384
mean(sgnprob[1:i - 1]) = 0.04269392663860493
1792/16384
mean(sgnprob[1:i - 1]) = 0.02847571189279732
1920/16384
mean(sgnprob[1:i - 1]) = 0.03804064616988015
2048/16384
mean(sgnprob[1:i - 1]) = 0.04054714215925745
2176/16384
mean(sgnprob[1:i - 1]) = 0.02436781609195402
2304/16384
mean(sgnprob[1:i - 1]) = 0.006513243595310464
2432/16384
mean(sgnprob[1:i - 1]) = 0.024269847799259565
2560/16384
mean(sgnprob[1:i - 1]) = 0.03712387651426338
2688/16384
mean(sgnprob[1:i - 1]) = 0.05173055452177149
2816/16384
mean(sgnprob[1:i - 1]) = 0.06216696269982238
2944/16384
mean(sgnprob[1:i - 1]) = 0.04994903160040775
3072/16384
mean(sgnprob[1:i - 1]) = 0.04982090524259199
3200/16384
mean(sgnprob[1:i - 1]) = 0.04220068771491091
3328/16384
mean(sgnprob[1:i - 1]) = 0.04538623384430418
3456/16384
mean(sgnprob[1:i - 1]) = 0.037916063675832126
3584/16384
mean(sgnprob[1:i - 1]) = 0.03656154060842869
3712/16384
mean(sgnprob[1:i - 1]) = 0.0444624090541633
3840/16384
mean(sgnprob[1:i - 1]) = 0.05131544673091951
3968/16384
mean(sgnprob[1:i - 1]) = 0.05772624149231157
4096/16384
mean(sgnprob[1:i - 1]) = 0.06129426129426129
4224/16384
mean(sgnprob[1:i - 1]) = 0.0636987923277291
4352/16384
mean(sgnprob[1:i - 1]) = 0.05768788784187543
4480/16384
mean(sgnprob[1:i - 1]) = 0.060058048671578476
4608/16384
mean(sgnprob[1:i - 1]) = 0.06707184718906013
4736/16384
mean(sgnprob[1:i - 1]) = 0.07286166842661035
4864/16384
mean(sgnprob[1:i - 1]) = 0.07423401192679416
4992/16384
mean(sgnprob[1:i - 1]) = 0.0667200961731116
5120/16384
mean(sgnprob[1:i - 1]) = 0.06544246923227193
5248/16384
mean(sgnprob[1:i - 1]) = 0.07108824089956166
5376/16384
mean(sgnprob[1:i - 1]) = 0.06567441860465116
5504/16384
mean(sgnprob[1:i - 1]) = 0.05942213338179175
5632/16384
mean(sgnprob[1:i - 1]) = 0.0527437400106553
5760/16384
mean(sgnprob[1:i - 1]) = 0.05816982114950512
5888/16384
mean(sgnprob[1:i - 1]) = 0.0548666553422796
6016/16384
mean(sgnprob[1:i - 1]) = 0.061014131338320864
6144/16384
mean(sgnprob[1:i - 1]) = 0.06234738727006349
6272/16384
mean(sgnprob[1:i - 1]) = 0.06553978631797161
6400/16384
mean(sgnprob[1:i - 1]) = 0.06954211595561806
6528/16384
mean(sgnprob[1:i - 1]) = 0.0718553700015321
6656/16384
mean(sgnprob[1:i - 1]) = 0.07648384673178062
6784/16384
mean(sgnprob[1:i - 1]) = 0.07150228512457614
6912/16384
mean(sgnprob[1:i - 1]) = 0.06670525249602084
7040/16384
mean(sgnprob[1:i - 1]) = 0.07174314533314391
7168/16384
mean(sgnprob[1:i - 1]) = 0.07883354262592437
7296/16384
mean(sgnprob[1:i - 1]) = 0.08265935572309802
7424/16384
mean(sgnprob[1:i - 1]) = 0.07827024114239525
7552/16384
mean(sgnprob[1:i - 1]) = 0.07429479539133889
7680/16384
mean(sgnprob[1:i - 1]) = 0.06758692538090898
7808/16384
mean(sgnprob[1:i - 1]) = 0.060074292301780456
7936/16384
mean(sgnprob[1:i - 1]) = 0.0626339004410838
8064/16384
mean(sgnprob[1:i - 1]) = 0.058663028649386086
8192/16384
mean(sgnprob[1:i - 1]) = 0.05872298864607496
8320/16384
mean(sgnprob[1:i - 1]) = 0.05493448731818728
8448/16384
mean(sgnprob[1:i - 1]) = 0.055522670770687815
8576/16384
mean(sgnprob[1:i - 1]) = 0.05912536443148688
8704/16384
mean(sgnprob[1:i - 1]) = 0.062392278524646676
8832/16384
mean(sgnprob[1:i - 1]) = 0.06669686332238704
8960/16384
mean(sgnprob[1:i - 1]) = 0.06083268221899766
9088/16384
mean(sgnprob[1:i - 1]) = 0.06327720919995598
9216/16384
mean(sgnprob[1:i - 1]) = 0.06782419967444384
9344/16384
mean(sgnprob[1:i - 1]) = 0.06882157765171787
9472/16384
mean(sgnprob[1:i - 1]) = 0.06599091964945623
9600/16384
mean(sgnprob[1:i - 1]) = 0.06677778935305761
9728/16384
mean(sgnprob[1:i - 1]) = 0.06240361879305027
9856/16384
mean(sgnprob[1:i - 1]) = 0.0593607305936073
9984/16384
mean(sgnprob[1:i - 1]) = 0.05739757587899429
10112/16384
mean(sgnprob[1:i - 1]) = 0.058648996142814755
10240/16384
mean(sgnprob[1:i - 1]) = 0.061431780447309306
10368/16384
mean(sgnprob[1:i - 1]) = 0.06356708787498794
10496/16384
mean(sgnprob[1:i - 1]) = 0.06812767984754645
10624/16384
mean(sgnprob[1:i - 1]) = 0.0706956603595971
10752/16384
mean(sgnprob[1:i - 1]) = 0.07115617151892847
10880/16384
mean(sgnprob[1:i - 1]) = 0.07326040996415112
11008/16384
mean(sgnprob[1:i - 1]) = 0.06895611883346961
11136/16384
mean(sgnprob[1:i - 1]) = 0.06977997305792547
11264/16384
mean(sgnprob[1:i - 1]) = 0.06721122258723253
11392/16384
mean(sgnprob[1:i - 1]) = 0.07014309542621368
11520/16384
mean(sgnprob[1:i - 1]) = 0.07040541713690425
11648/16384
mean(sgnprob[1:i - 1]) = 0.07272258950802782
11776/16384
mean(sgnprob[1:i - 1]) = 0.07430997876857749
11904/16384
mean(sgnprob[1:i - 1]) = 0.07099050659497606
12032/16384
mean(sgnprob[1:i - 1]) = 0.06657800681572604
12160/16384
mean(sgnprob[1:i - 1]) = 0.06900238506456123
12288/16384
mean(sgnprob[1:i - 1]) = 0.06584194677301212
12416/16384
mean(sgnprob[1:i - 1]) = 0.06661296818364881
12544/16384
mean(sgnprob[1:i - 1]) = 0.06322251454994818
12672/16384
mean(sgnprob[1:i - 1]) = 0.06400441954068345
12800/16384
mean(sgnprob[1:i - 1]) = 0.065708258457692
12928/16384
mean(sgnprob[1:i - 1]) = 0.06675949562930301
13056/16384
mean(sgnprob[1:i - 1]) = 0.06779011872845653
13184/16384
mean(sgnprob[1:i - 1]) = 0.06622164909352954
13312/16384
mean(sgnprob[1:i - 1]) = 0.062279317857411164
13440/16384
mean(sgnprob[1:i - 1]) = 0.06436490810328149
13568/16384
mean(sgnprob[1:i - 1]) = 0.0656740620623572
13696/16384
mean(sgnprob[1:i - 1]) = 0.0656443957648777
13824/16384
mean(sgnprob[1:i - 1]) = 0.06387904217608334
13952/16384
mean(sgnprob[1:i - 1]) = 0.06429646620313956
14080/16384
mean(sgnprob[1:i - 1]) = 0.06584274451310462
14208/16384
mean(sgnprob[1:i - 1]) = 0.0667980572956993
14336/16384
mean(sgnprob[1:i - 1]) = 0.06787582839204744
14464/16384
mean(sgnprob[1:i - 1]) = 0.06907280647168637
14592/16384
mean(sgnprob[1:i - 1]) = 0.06490302241107532
14720/16384
mean(sgnprob[1:i - 1]) = 0.06800733745499014
14848/16384
mean(sgnprob[1:i - 1]) = 0.06391863676163535
14976/16384
mean(sgnprob[1:i - 1]) = 0.06136894824707846
15104/16384
mean(sgnprob[1:i - 1]) = 0.061643382109514665
15232/16384
mean(sgnprob[1:i - 1]) = 0.05994353620904734
15360/16384
mean(sgnprob[1:i - 1]) = 0.0617878768148968
15488/16384
mean(sgnprob[1:i - 1]) = 0.062181184219022405
15616/16384
mean(sgnprob[1:i - 1]) = 0.0638488632724944
15744/16384
mean(sgnprob[1:i - 1]) = 0.06421901797624341
15872/16384
mean(sgnprob[1:i - 1]) = 0.06571734610295507
16000/16384
mean(sgnprob[1:i - 1]) = 0.06306644165260329
16128/16384
mean(sgnprob[1:i - 1]) = 0.061449742667576114
16256/16384
mean(sgnprob[1:i - 1]) = 0.059858505075361425
16384/16384
mean(sgnprob[1:i - 1]) = 0.06048953183177684
746.298091 seconds (167.10 M allocations: 70.745 GiB, 2.01% gc time, 1.29% compilation time)
