## SLURM PROLOG ###############################################################
##    Job ID : 5955259
##  Job Name : etgent_N(1,2)_seed1258
##  Nodelist : node1734
##      CPUs : 8
##  Mem/Node : 2048 MB
## Directory : /oscar/home/trazzaz/AFQMC
##   Job Started : Mon Nov 11 09:54:52 PM EST 2024
###############################################################################
U = 2.0
seed = 1258
λₖ = 0.0
Warming up
128/512
256/512
384/512
512/512
Measuring
128/1024
256/1024
384/1024
512/1024
640/1024
768/1024
896/1024
1024/1024
120.568970 seconds (80.56 M allocations: 16.970 GiB, 3.37% gc time, 10.30% compilation time)
λₖ = 0.2
Warming up
128/512
256/512
384/512
512/512
Measuring
128/1024
256/1024
384/1024
512/1024
640/1024
768/1024
896/1024
1024/1024
108.119439 seconds (76.83 M allocations: 16.806 GiB, 3.55% gc time, 0.12% compilation time)
λₖ = 0.4
Warming up
128/512
256/512
384/512
512/512
Measuring
128/1024
256/1024
384/1024
512/1024
640/1024
768/1024
896/1024
1024/1024
109.094245 seconds (76.82 M allocations: 16.805 GiB, 3.16% gc time)
λₖ = 0.6
Warming up
128/512
256/512
384/512
512/512
Measuring
128/1024
256/1024
384/1024
512/1024
640/1024
768/1024
896/1024
1024/1024
107.146907 seconds (76.82 M allocations: 16.805 GiB, 3.08% gc time)
λₖ = 0.8
Warming up
128/512
256/512
384/512
512/512
Measuring
128/1024
256/1024
384/1024
512/1024
640/1024
768/1024
896/1024
1024/1024
107.572588 seconds (76.82 M allocations: 16.805 GiB, 2.90% gc time)
