## SLURM PROLOG ###############################################################
##    Job ID : 8833933
##  Job Name : sbatch_etgent.sh
##  Nodelist : node1736
##      CPUs : 8
##  Mem/Node : 4096 MB
## Directory : /oscar/home/trazzaz/AFQMC
##   Job Started : Fri Feb 28 02:15:58 AM EST 2025
###############################################################################
seed = 1487
U = 2.0
β = 6.0
Warming up
128/1024
256/1024
384/1024
512/1024
640/1024
768/1024
896/1024
1024/1024
Measuring
128/16384
mean(sgnprob[1:i - 1]) = -0.2755905511811024
256/16384
mean(sgnprob[1:i - 1]) = -0.2235294117647059
384/16384
mean(sgnprob[1:i - 1]) = -0.1174934725848564
512/16384
mean(sgnprob[1:i - 1]) = -0.1506849315068493
640/16384
mean(sgnprob[1:i - 1]) = -0.1705790297339593
768/16384
mean(sgnprob[1:i - 1]) = -0.09517601043024772
896/16384
mean(sgnprob[1:i - 1]) = -0.05698324022346369
1024/16384
mean(sgnprob[1:i - 1]) = -0.08895405669599218
1152/16384
mean(sgnprob[1:i - 1]) = -0.05473501303214596
1280/16384
mean(sgnprob[1:i - 1]) = -0.017982799061767005
1408/16384
mean(sgnprob[1:i - 1]) = -0.037668798862828715
1536/16384
mean(sgnprob[1:i - 1]) = -0.01498371335504886
1664/16384
mean(sgnprob[1:i - 1]) = -0.022248947684906796
1792/16384
mean(sgnprob[1:i - 1]) = -0.008375209380234505
1920/16384
mean(sgnprob[1:i - 1]) = 0.0005211047420531526
2048/16384
mean(sgnprob[1:i - 1]) = 0.008304836345872008
2176/16384
mean(sgnprob[1:i - 1]) = -0.009655172413793104
2304/16384
mean(sgnprob[1:i - 1]) = -0.018671298306556665
2432/16384
mean(sgnprob[1:i - 1]) = -0.0390785684903332
2560/16384
mean(sgnprob[1:i - 1]) = -0.01992966002344666
2688/16384
mean(sgnprob[1:i - 1]) = -0.014514328247115743
2816/16384
mean(sgnprob[1:i - 1]) = -0.02664298401420959
2944/16384
mean(sgnprob[1:i - 1]) = -0.03295956506965681
3072/16384
mean(sgnprob[1:i - 1]) = -0.0348420709866493
3200/16384
mean(sgnprob[1:i - 1]) = -0.03969990622069397
3328/16384
mean(sgnprob[1:i - 1]) = -0.027953110910730387
3456/16384
mean(sgnprob[1:i - 1]) = -0.035021707670043416
3584/16384
mean(sgnprob[1:i - 1]) = -0.041027072285794025
3712/16384
mean(sgnprob[1:i - 1]) = -0.032066828348154136
3840/16384
mean(sgnprob[1:i - 1]) = -0.03151862464183381
3968/16384
mean(sgnprob[1:i - 1]) = -0.021930930173934965
4096/16384
mean(sgnprob[1:i - 1]) = -0.01391941391941392
4224/16384
mean(sgnprob[1:i - 1]) = -0.005446365143263083
4352/16384
mean(sgnprob[1:i - 1]) = 0.002068490002298322
4480/16384
mean(sgnprob[1:i - 1]) = -0.0015628488501897744
4608/16384
mean(sgnprob[1:i - 1]) = 0.0036900369003690036
4736/16384
mean(sgnprob[1:i - 1]) = 0.011193241816261879
4864/16384
mean(sgnprob[1:i - 1]) = 0.01624511618342587
4992/16384
mean(sgnprob[1:i - 1]) = 0.011420557002604689
5120/16384
mean(sgnprob[1:i - 1]) = 0.007618675522563001
5248/16384
mean(sgnprob[1:i - 1]) = 0.010863350485991996
5376/16384
mean(sgnprob[1:i - 1]) = 0.016930232558139535
5504/16384
mean(sgnprob[1:i - 1]) = 0.011811739051426495
5632/16384
mean(sgnprob[1:i - 1]) = 0.00728112235837329
5760/16384
mean(sgnprob[1:i - 1]) = 0.002604618857440528
5888/16384
mean(sgnprob[1:i - 1]) = 0.012060472226940717
6016/16384
mean(sgnprob[1:i - 1]) = 0.008146300914380716
6144/16384
mean(sgnprob[1:i - 1]) = 0.011232296923327365
6272/16384
mean(sgnprob[1:i - 1]) = 0.00430553340774996
6400/16384
mean(sgnprob[1:i - 1]) = 0.006407251132989529
6528/16384
mean(sgnprob[1:i - 1]) = 0.011797150298759001
6656/16384
mean(sgnprob[1:i - 1]) = 0.0049586776859504135
6784/16384
mean(sgnprob[1:i - 1]) = 0.01076219961668878
6912/16384
mean(sgnprob[1:i - 1]) = 0.01374620170742295
7040/16384
mean(sgnprob[1:i - 1]) = 0.016053416678505468
7168/16384
mean(sgnprob[1:i - 1]) = 0.01855727640574857
7296/16384
mean(sgnprob[1:i - 1]) = 0.02590815627141878
7424/16384
mean(sgnprob[1:i - 1]) = 0.021419911087161524
7552/16384
mean(sgnprob[1:i - 1]) = 0.019467620182757252
7680/16384
mean(sgnprob[1:i - 1]) = 0.01731996353691887
7808/16384
mean(sgnprob[1:i - 1]) = 0.014218009478672985
7936/16384
mean(sgnprob[1:i - 1]) = 0.01146817895400126
8064/16384
mean(sgnprob[1:i - 1]) = 0.015999007813468934
8192/16384
mean(sgnprob[1:i - 1]) = 0.019655719692345256
8320/16384
mean(sgnprob[1:i - 1]) = 0.017429979564851546
8448/16384
mean(sgnprob[1:i - 1]) = 0.013377530484195573
8576/16384
mean(sgnprob[1:i - 1]) = 0.01574344023323615
8704/16384
mean(sgnprob[1:i - 1]) = 0.02102723198896932
8832/16384
mean(sgnprob[1:i - 1]) = 0.018457705809081643
8960/16384
mean(sgnprob[1:i - 1]) = 0.022435539680767943
9088/16384
mean(sgnprob[1:i - 1]) = 0.025420931000330143
9216/16384
mean(sgnprob[1:i - 1]) = 0.02962561041779707
9344/16384
mean(sgnprob[1:i - 1]) = 0.024938456598522958
9472/16384
mean(sgnprob[1:i - 1]) = 0.028191320874247704
9600/16384
mean(sgnprob[1:i - 1]) = 0.03094072299197833
9728/16384
mean(sgnprob[1:i - 1]) = 0.03156163256913745
9856/16384
mean(sgnprob[1:i - 1]) = 0.02932521562658549
9984/16384
mean(sgnprob[1:i - 1]) = 0.03175398176900731
10112/16384
mean(sgnprob[1:i - 1]) = 0.02798931856394026
10240/16384
mean(sgnprob[1:i - 1]) = 0.024318781130969823
10368/16384
mean(sgnprob[1:i - 1]) = 0.026140638564676376
10496/16384
mean(sgnprob[1:i - 1]) = 0.02429728442115293
10624/16384
mean(sgnprob[1:i - 1]) = 0.020239103831309422
10752/16384
mean(sgnprob[1:i - 1]) = 0.02204446098037392
10880/16384
mean(sgnprob[1:i - 1]) = 0.01939516499678279
11008/16384
mean(sgnprob[1:i - 1]) = 0.022440265285727266
11136/16384
mean(sgnprob[1:i - 1]) = 0.025774584643017514
11264/16384
mean(sgnprob[1:i - 1]) = 0.02281807688892835
11392/16384
mean(sgnprob[1:i - 1]) = 0.025546484066368186
11520/16384
mean(sgnprob[1:i - 1]) = 0.027346123795468358
11648/16384
mean(sgnprob[1:i - 1]) = 0.024469820554649267
11776/16384
mean(sgnprob[1:i - 1]) = 0.022165605095541403
11904/16384
mean(sgnprob[1:i - 1]) = 0.024783667982861465
12032/16384
mean(sgnprob[1:i - 1]) = 0.0261823622309035
12160/16384
mean(sgnprob[1:i - 1]) = 0.028209556706966035
12288/16384
mean(sgnprob[1:i - 1]) = 0.030357288190770732
12416/16384
mean(sgnprob[1:i - 1]) = 0.032460732984293195
12544/16384
mean(sgnprob[1:i - 1]) = 0.034361795423742326
12672/16384
mean(sgnprob[1:i - 1]) = 0.031331386630889434
12800/16384
mean(sgnprob[1:i - 1]) = 0.033674505820767246
12928/16384
mean(sgnprob[1:i - 1]) = 0.03504293339521931
13056/16384
mean(sgnprob[1:i - 1]) = 0.03316736882420528
13184/16384
mean(sgnprob[1:i - 1]) = 0.031176515208981265
13312/16384
mean(sgnprob[1:i - 1]) = 0.03298024190519119
13440/16384
mean(sgnprob[1:i - 1]) = 0.030136170846045092
13568/16384
mean(sgnprob[1:i - 1]) = 0.03073634554433552
13696/16384
mean(sgnprob[1:i - 1]) = 0.027090178897407814
13824/16384
mean(sgnprob[1:i - 1]) = 0.02857556246834985
13952/16384
mean(sgnprob[1:i - 1]) = 0.030750483836284138
14080/16384
mean(sgnprob[1:i - 1]) = 0.03345408054549329
14208/16384
mean(sgnprob[1:i - 1]) = 0.03160413880481453
14336/16384
mean(sgnprob[1:i - 1]) = 0.0334147192186955
14464/16384
mean(sgnprob[1:i - 1]) = 0.03145958653114845
14592/16384
mean(sgnprob[1:i - 1]) = 0.033925022274004527
14720/16384
mean(sgnprob[1:i - 1]) = 0.03566818397988994
14848/16384
mean(sgnprob[1:i - 1]) = 0.03414831279046272
14976/16384
mean(sgnprob[1:i - 1]) = 0.035726210350584306
15104/16384
mean(sgnprob[1:i - 1]) = 0.03635039396146461
15232/16384
mean(sgnprob[1:i - 1]) = 0.03801457553673429
15360/16384
mean(sgnprob[1:i - 1]) = 0.03886971808060421
15488/16384
mean(sgnprob[1:i - 1]) = 0.03932330341576806
15616/16384
mean(sgnprob[1:i - 1]) = 0.04143451809157861
15744/16384
mean(sgnprob[1:i - 1]) = 0.042876198945563104
15872/16384
mean(sgnprob[1:i - 1]) = 0.04454665742549304
16000/16384
mean(sgnprob[1:i - 1]) = 0.04656541033814613
16128/16384
mean(sgnprob[1:i - 1]) = 0.04396353940596515
16256/16384
mean(sgnprob[1:i - 1]) = 0.04189480159950784
16384/16384
mean(sgnprob[1:i - 1]) = 0.04242202282854178
736.266554 seconds (167.11 M allocations: 70.745 GiB, 1.42% gc time, 1.23% compilation time)
