## SLURM PROLOG ###############################################################
##    Job ID : 5902717
##  Job Name : etgent_N6_seed1245
##  Nodelist : node1717
##      CPUs : 8
##  Mem/Node : 2048 MB
## Directory : /oscar/home/trazzaz/AFQMC
##   Job Started : Sun Nov 10 11:20:43 PM EST 2024
###############################################################################
U = 2.0
seed = 1245
λₖ = 0.0
Warming up
128/512
256/512
384/512
512/512
Measuring
128/1024
256/1024
384/1024
512/1024
640/1024
768/1024
896/1024
1024/1024
269.669269 seconds (203.81 M allocations: 1.089 TiB, 19.99% gc time, 2.95% compilation time)
λₖ = 0.2
Warming up
128/512
256/512
384/512
512/512
Measuring
128/1024
256/1024
384/1024
512/1024
640/1024
768/1024
896/1024
1024/1024
287.789163 seconds (201.96 M allocations: 1.089 TiB, 19.80% gc time, 0.03% compilation time)
λₖ = 0.4
Warming up
128/512
256/512
384/512
512/512
Measuring
128/1024
256/1024
384/1024
512/1024
640/1024
768/1024
896/1024
1024/1024
213.876276 seconds (201.96 M allocations: 1.089 TiB, 20.38% gc time)
λₖ = 0.6
Warming up
128/512
256/512
384/512
512/512
Measuring
128/1024
256/1024
384/1024
512/1024
640/1024
768/1024
896/1024
1024/1024
217.828622 seconds (201.96 M allocations: 1.089 TiB, 20.96% gc time)
λₖ = 0.8
Warming up
128/512
256/512
384/512
512/512
Measuring
128/1024
256/1024
384/1024
512/1024
640/1024
768/1024
896/1024
1024/1024
212.522362 seconds (201.96 M allocations: 1.089 TiB, 20.35% gc time)
