## SLURM PROLOG ###############################################################
##    Job ID : 8822258
##  Job Name : sbatch_etgent.sh
##  Nodelist : node1708
##      CPUs : 8
##  Mem/Node : 4096 MB
## Directory : /oscar/home/trazzaz/AFQMC
##   Job Started : Thu Feb 27 05:59:31 PM EST 2025
###############################################################################
seed = 1253
U = 2.0
β = 6.0
Warming up
128/1024
256/1024
384/1024
512/1024
640/1024
768/1024
896/1024
1024/1024
Measuring
128/16384
mean(sgnprob[1:i - 1]) = 0.5118110236220472
256/16384
mean(sgnprob[1:i - 1]) = -0.027450980392156862
384/16384
mean(sgnprob[1:i - 1]) = 0.10704960835509138
512/16384
mean(sgnprob[1:i - 1]) = -0.05675146771037182
640/16384
mean(sgnprob[1:i - 1]) = 0.051643192488262914
768/16384
mean(sgnprob[1:i - 1]) = 0.13689700130378096
896/16384
mean(sgnprob[1:i - 1]) = 0.19553072625698323
1024/16384
mean(sgnprob[1:i - 1]) = 0.25513196480938416
1152/16384
mean(sgnprob[1:i - 1]) = 0.27541268462206775
1280/16384
mean(sgnprob[1:i - 1]) = 0.19155590304925724
1408/16384
mean(sgnprob[1:i - 1]) = 0.2224591329068941
1536/16384
mean(sgnprob[1:i - 1]) = 0.24039087947882737
1664/16384
mean(sgnprob[1:i - 1]) = 0.2687913409500902
1792/16384
mean(sgnprob[1:i - 1]) = 0.29201563372417644
1920/16384
mean(sgnprob[1:i - 1]) = 0.30276185513288173
2048/16384
mean(sgnprob[1:i - 1]) = 0.2427943331704934
2176/16384
mean(sgnprob[1:i - 1]) = 0.24597701149425288
2304/16384
mean(sgnprob[1:i - 1]) = 0.25749023013460703
2432/16384
mean(sgnprob[1:i - 1]) = 0.26614561908679557
2560/16384
mean(sgnprob[1:i - 1]) = 0.2801875732708089
2688/16384
mean(sgnprob[1:i - 1]) = 0.2400446594715296
2816/16384
mean(sgnprob[1:i - 1]) = 0.25115452930728244
2944/16384
mean(sgnprob[1:i - 1]) = 0.2640163098878695
3072/16384
mean(sgnprob[1:i - 1]) = 0.2764571800716379
3200/16384
mean(sgnprob[1:i - 1]) = 0.28602688340106286
3328/16384
mean(sgnprob[1:i - 1]) = 0.2924556657649534
3456/16384
mean(sgnprob[1:i - 1]) = 0.3036179450072359
3584/16384
mean(sgnprob[1:i - 1]) = 0.3123081216857382
3712/16384
mean(sgnprob[1:i - 1]) = 0.3182430611694961
3840/16384
mean(sgnprob[1:i - 1]) = 0.3216983589476426
3968/16384
mean(sgnprob[1:i - 1]) = 0.3324930678094278
4096/16384
mean(sgnprob[1:i - 1]) = 0.34114774114774116
4224/16384
mean(sgnprob[1:i - 1]) = 0.3137579919488515
4352/16384
mean(sgnprob[1:i - 1]) = 0.32015628591128475
4480/16384
mean(sgnprob[1:i - 1]) = 0.32708193793257423
4608/16384
mean(sgnprob[1:i - 1]) = 0.3310180160625136
4736/16384
mean(sgnprob[1:i - 1]) = 0.33643083421330516
4864/16384
mean(sgnprob[1:i - 1]) = 0.3415587086160806
4992/16384
mean(sgnprob[1:i - 1]) = 0.3448206772189942
5120/16384
mean(sgnprob[1:i - 1]) = 0.34752881422152765
5248/16384
mean(sgnprob[1:i - 1]) = 0.3508671621879169
5376/16384
mean(sgnprob[1:i - 1]) = 0.35293023255813954
5504/16384
mean(sgnprob[1:i - 1]) = 0.3559876431037616
5632/16384
mean(sgnprob[1:i - 1]) = 0.33617474693660093
5760/16384
mean(sgnprob[1:i - 1]) = 0.3387740927244313
5888/16384
mean(sgnprob[1:i - 1]) = 0.3375233565483268
6016/16384
mean(sgnprob[1:i - 1]) = 0.3396508728179551
6144/16384
mean(sgnprob[1:i - 1]) = 0.3455966140322318
6272/16384
mean(sgnprob[1:i - 1]) = 0.3503428480306171
6400/16384
mean(sgnprob[1:i - 1]) = 0.3530239099859353
6528/16384
mean(sgnprob[1:i - 1]) = 0.3369082273632603
6656/16384
mean(sgnprob[1:i - 1]) = 0.34034560480841475
6784/16384
mean(sgnprob[1:i - 1]) = 0.3427686864219372
6912/16384
mean(sgnprob[1:i - 1]) = 0.34625958616698016
7040/16384
mean(sgnprob[1:i - 1]) = 0.35019178860633615
7168/16384
mean(sgnprob[1:i - 1]) = 0.35314636528533555
7296/16384
mean(sgnprob[1:i - 1]) = 0.35407813570939
7424/16384
mean(sgnprob[1:i - 1]) = 0.35686380169742693
7552/16384
mean(sgnprob[1:i - 1]) = 0.36061448814726527
7680/16384
mean(sgnprob[1:i - 1]) = 0.34574814428962103
7808/16384
mean(sgnprob[1:i - 1]) = 0.3480210067887793
7936/16384
mean(sgnprob[1:i - 1]) = 0.3504725897920605
8064/16384
mean(sgnprob[1:i - 1]) = 0.33498697755177975
8192/16384
mean(sgnprob[1:i - 1]) = 0.3375656208033207
8320/16384
mean(sgnprob[1:i - 1]) = 0.34126697920423127
8448/16384
mean(sgnprob[1:i - 1]) = 0.34532970285308395
8576/16384
mean(sgnprob[1:i - 1]) = 0.3481049562682216
8704/16384
mean(sgnprob[1:i - 1]) = 0.35194760427438815
8832/16384
mean(sgnprob[1:i - 1]) = 0.33959913939531194
8960/16384
mean(sgnprob[1:i - 1]) = 0.34144435762919967
9088/16384
mean(sgnprob[1:i - 1]) = 0.32959172444150986
9216/16384
mean(sgnprob[1:i - 1]) = 0.33260987520347257
9344/16384
mean(sgnprob[1:i - 1]) = 0.3355453280530879
9472/16384
mean(sgnprob[1:i - 1]) = 0.33755675219089853
9600/16384
mean(sgnprob[1:i - 1]) = 0.3399312428377956
9728/16384
mean(sgnprob[1:i - 1]) = 0.3428600801891642
9856/16384
mean(sgnprob[1:i - 1]) = 0.3455098934550989
9984/16384
mean(sgnprob[1:i - 1]) = 0.3488931183011119
10112/16384
mean(sgnprob[1:i - 1]) = 0.3512016615567204
10240/16384
mean(sgnprob[1:i - 1]) = 0.3399746068952046
10368/16384
mean(sgnprob[1:i - 1]) = 0.34117874023343303
10496/16384
mean(sgnprob[1:i - 1]) = 0.3419723677941877
10624/16384
mean(sgnprob[1:i - 1]) = 0.33088581380024473
10752/16384
mean(sgnprob[1:i - 1]) = 0.332899265184634
10880/16384
mean(sgnprob[1:i - 1]) = 0.33523301774060116
11008/16384
mean(sgnprob[1:i - 1]) = 0.33678568183882984
11136/16384
mean(sgnprob[1:i - 1]) = 0.34135608441850024
11264/16384
mean(sgnprob[1:i - 1]) = 0.34351416141347774
11392/16384
mean(sgnprob[1:i - 1]) = 0.34439469756825564
11520/16384
mean(sgnprob[1:i - 1]) = 0.3337963364875423
11648/16384
mean(sgnprob[1:i - 1]) = 0.3376835236541599
11776/16384
mean(sgnprob[1:i - 1]) = 0.3391082802547771
11904/16384
mean(sgnprob[1:i - 1]) = 0.33949424514828197
12032/16384
mean(sgnprob[1:i - 1]) = 0.3415343695453412
12160/16384
mean(sgnprob[1:i - 1]) = 0.33251089727773664
12288/16384
mean(sgnprob[1:i - 1]) = 0.33409294376169935
12416/16384
mean(sgnprob[1:i - 1]) = 0.3349979863068868
12544/16384
mean(sgnprob[1:i - 1]) = 0.3373196205054612
12672/16384
mean(sgnprob[1:i - 1]) = 0.3287033383316234
12800/16384
mean(sgnprob[1:i - 1]) = 0.32182201734510507
12928/16384
mean(sgnprob[1:i - 1]) = 0.3240504370696991
13056/16384
mean(sgnprob[1:i - 1]) = 0.32654155495978554
13184/16384
mean(sgnprob[1:i - 1]) = 0.3294394295683835
13312/16384
mean(sgnprob[1:i - 1]) = 0.3306288032454361
13440/16384
mean(sgnprob[1:i - 1]) = 0.3219733611131781
13568/16384
mean(sgnprob[1:i - 1]) = 0.32365298149922606
13696/16384
mean(sgnprob[1:i - 1]) = 0.32646951442132166
13824/16384
mean(sgnprob[1:i - 1]) = 0.3188164653114375
13952/16384
mean(sgnprob[1:i - 1]) = 0.3209088954196832
14080/16384
mean(sgnprob[1:i - 1]) = 0.3141558349314582
14208/16384
mean(sgnprob[1:i - 1]) = 0.31611177588512707
14336/16384
mean(sgnprob[1:i - 1]) = 0.31621904429717473
14464/16384
mean(sgnprob[1:i - 1]) = 0.30941021917997646
14592/16384
mean(sgnprob[1:i - 1]) = 0.3106709615516414
14720/16384
mean(sgnprob[1:i - 1]) = 0.31163801888715265
14848/16384
mean(sgnprob[1:i - 1]) = 0.30504479019330505
14976/16384
mean(sgnprob[1:i - 1]) = 0.2982971619365609
15104/16384
mean(sgnprob[1:i - 1]) = 0.2992120770707806
15232/16384
mean(sgnprob[1:i - 1]) = 0.2995863699034863
15360/16384
mean(sgnprob[1:i - 1]) = 0.3013868090370467
15488/16384
mean(sgnprob[1:i - 1]) = 0.30212436236843804
15616/16384
mean(sgnprob[1:i - 1]) = 0.3036183157220621
15744/16384
mean(sgnprob[1:i - 1]) = 0.3063583815028902
15872/16384
mean(sgnprob[1:i - 1]) = 0.2997290655913301
16000/16384
mean(sgnprob[1:i - 1]) = 0.29958122382648916
16128/16384
mean(sgnprob[1:i - 1]) = 0.30104793203943697
16256/16384
mean(sgnprob[1:i - 1]) = 0.3031067363888034
16384/16384
mean(sgnprob[1:i - 1]) = 0.3045229811389855
731.948491 seconds (167.11 M allocations: 70.745 GiB, 1.56% gc time, 1.23% compilation time)
