## SLURM PROLOG ###############################################################
##    Job ID : 7671158
##  Job Name : sbatch_etgent.sh
##  Nodelist : node1323
##      CPUs : 8
##  Mem/Node : 4096 MB
## Directory : /oscar/home/trazzaz/AFQMC
##   Job Started : Sun Jan 19 03:58:26 AM EST 2025
###############################################################################
seed = 1268
U = 2.0
β = 6.0
Warming up
128/1024
256/1024
384/1024
512/1024
640/1024
768/1024
896/1024
1024/1024
Measuring
128/16384
mean(sgnprob[1:i - 1]) = -0.2440944881889764
256/16384
mean(sgnprob[1:i - 1]) = 0.058823529411764705
384/16384
mean(sgnprob[1:i - 1]) = 0.1122715404699739
512/16384
mean(sgnprob[1:i - 1]) = 0.1506849315068493
640/16384
mean(sgnprob[1:i - 1]) = 0.13615023474178403
768/16384
mean(sgnprob[1:i - 1]) = 0.08213820078226858
896/16384
mean(sgnprob[1:i - 1]) = 0.09720670391061452
1024/16384
mean(sgnprob[1:i - 1]) = 0.10263929618768329
1152/16384
mean(sgnprob[1:i - 1]) = 0.12945264986967853
1280/16384
mean(sgnprob[1:i - 1]) = 0.09147771696637999
1408/16384
mean(sgnprob[1:i - 1]) = 0.11016346837242359
1536/16384
mean(sgnprob[1:i - 1]) = 0.08664495114006515
1664/16384
mean(sgnprob[1:i - 1]) = 0.10042092603728202
1792/16384
mean(sgnprob[1:i - 1]) = 0.11334450027917364
1920/16384
mean(sgnprob[1:i - 1]) = 0.08389786347055758
2048/16384
mean(sgnprob[1:i - 1]) = 0.07376648754274548
2176/16384
mean(sgnprob[1:i - 1]) = 0.06022988505747127
2304/16384
mean(sgnprob[1:i - 1]) = 0.04559270516717325
2432/16384
mean(sgnprob[1:i - 1]) = 0.030028794734677088
2560/16384
mean(sgnprob[1:i - 1]) = 0.04181320828448613
2688/16384
mean(sgnprob[1:i - 1]) = 0.05024190547078526
2816/16384
mean(sgnprob[1:i - 1]) = 0.03374777975133215
2944/16384
mean(sgnprob[1:i - 1]) = 0.03499830105334693
3072/16384
mean(sgnprob[1:i - 1]) = 0.02377075871051775
3200/16384
mean(sgnprob[1:i - 1]) = 0.030947170990934667
3328/16384
mean(sgnprob[1:i - 1]) = 0.018935978358881875
3456/16384
mean(sgnprob[1:i - 1]) = 0.02170767004341534
3584/16384
mean(sgnprob[1:i - 1]) = 0.016466648060284677
3712/16384
mean(sgnprob[1:i - 1]) = 0.025599568849366747
3840/16384
mean(sgnprob[1:i - 1]) = 0.014326647564469915
3968/16384
mean(sgnprob[1:i - 1]) = 0.022939248802621628
4096/16384
mean(sgnprob[1:i - 1]) = 0.02905982905982906
4224/16384
mean(sgnprob[1:i - 1]) = 0.041439734785697374
4352/16384
mean(sgnprob[1:i - 1]) = 0.0452769478280855
4480/16384
mean(sgnprob[1:i - 1]) = 0.05291359678499665
4608/16384
mean(sgnprob[1:i - 1]) = 0.057955285435207296
4736/16384
mean(sgnprob[1:i - 1]) = 0.051319957761351634
4864/16384
mean(sgnprob[1:i - 1]) = 0.054904380012338064
4992/16384
mean(sgnprob[1:i - 1]) = 0.05109196553796834
5120/16384
mean(sgnprob[1:i - 1]) = 0.052549326040242234
5248/16384
mean(sgnprob[1:i - 1]) = 0.057366113969887556
5376/16384
mean(sgnprob[1:i - 1]) = 0.061581395348837206
5504/16384
mean(sgnprob[1:i - 1]) = 0.06523714337634018
5632/16384
mean(sgnprob[1:i - 1]) = 0.07121292843189486
5760/16384
mean(sgnprob[1:i - 1]) = 0.07588122938010071
5888/16384
mean(sgnprob[1:i - 1]) = 0.07253269916765755
6016/16384
mean(sgnprob[1:i - 1]) = 0.06699916874480466
6144/16384
mean(sgnprob[1:i - 1]) = 0.07048673286667752
6272/16384
mean(sgnprob[1:i - 1]) = 0.07383192473289746
6400/16384
mean(sgnprob[1:i - 1]) = 0.07860603219253008
6528/16384
mean(sgnprob[1:i - 1]) = 0.06940401409529647
6656/16384
mean(sgnprob[1:i - 1]) = 0.06506386175807663
6784/16384
mean(sgnprob[1:i - 1]) = 0.0679640277163497
6912/16384
mean(sgnprob[1:i - 1]) = 0.06988858341773983
7040/16384
mean(sgnprob[1:i - 1]) = 0.06378746981105271
7168/16384
mean(sgnprob[1:i - 1]) = 0.06655504395144411
7296/16384
mean(sgnprob[1:i - 1]) = 0.060726525017135026
7424/16384
mean(sgnprob[1:i - 1]) = 0.057254479321029235
7552/16384
mean(sgnprob[1:i - 1]) = 0.052575817772480465
7680/16384
mean(sgnprob[1:i - 1]) = 0.053522594087771845
7808/16384
mean(sgnprob[1:i - 1]) = 0.05623158703727424
7936/16384
mean(sgnprob[1:i - 1]) = 0.05683679899180844
8064/16384
mean(sgnprob[1:i - 1]) = 0.05345404936127992
8192/16384
mean(sgnprob[1:i - 1]) = 0.0572579660603101
8320/16384
mean(sgnprob[1:i - 1]) = 0.06142565212164924
8448/16384
mean(sgnprob[1:i - 1]) = 0.05741683437906949
8576/16384
mean(sgnprob[1:i - 1]) = 0.053294460641399415
8704/16384
mean(sgnprob[1:i - 1]) = 0.0479145122371596
8832/16384
mean(sgnprob[1:i - 1]) = 0.051523043822896616
8960/16384
mean(sgnprob[1:i - 1]) = 0.05569818060051345
9088/16384
mean(sgnprob[1:i - 1]) = 0.05975569494882799
9216/16384
mean(sgnprob[1:i - 1]) = 0.062398263700488336
9344/16384
mean(sgnprob[1:i - 1]) = 0.05876056941025366
9472/16384
mean(sgnprob[1:i - 1]) = 0.0598669623059867
9600/16384
mean(sgnprob[1:i - 1]) = 0.0634441087613293
9728/16384
mean(sgnprob[1:i - 1]) = 0.059113806929166235
9856/16384
mean(sgnprob[1:i - 1]) = 0.06118721461187215
9984/16384
mean(sgnprob[1:i - 1]) = 0.06400881498547531
10112/16384
mean(sgnprob[1:i - 1]) = 0.06755019285926218
10240/16384
mean(sgnprob[1:i - 1]) = 0.07100302763941792
10368/16384
mean(sgnprob[1:i - 1]) = 0.07456351885791454
10496/16384
mean(sgnprob[1:i - 1]) = 0.07670319199618866
10624/16384
mean(sgnprob[1:i - 1]) = 0.07935611409206439
10752/16384
mean(sgnprob[1:i - 1]) = 0.0767370477164915
10880/16384
mean(sgnprob[1:i - 1]) = 0.07436345252320985
11008/16384
mean(sgnprob[1:i - 1]) = 0.07604251839738348
11136/16384
mean(sgnprob[1:i - 1]) = 0.07840143691064212
11264/16384
mean(sgnprob[1:i - 1]) = 0.0796413033827577
11392/16384
mean(sgnprob[1:i - 1]) = 0.07734176103941709
11520/16384
mean(sgnprob[1:i - 1]) = 0.07908672627832278
11648/16384
mean(sgnprob[1:i - 1]) = 0.08182364557396754
11776/16384
mean(sgnprob[1:i - 1]) = 0.08382165605095541
11904/16384
mean(sgnprob[1:i - 1]) = 0.08174409812652272
12032/16384
mean(sgnprob[1:i - 1]) = 0.08386667774914804
12160/16384
mean(sgnprob[1:i - 1]) = 0.08084546426515339
12288/16384
mean(sgnprob[1:i - 1]) = 0.08423537071701799
12416/16384
mean(sgnprob[1:i - 1]) = 0.08691099476439791
12544/16384
mean(sgnprob[1:i - 1]) = 0.0844295623056685
12672/16384
mean(sgnprob[1:i - 1]) = 0.08752268960618735
12800/16384
mean(sgnprob[1:i - 1]) = 0.08492851003984686
12928/16384
mean(sgnprob[1:i - 1]) = 0.08052912508702716
13056/16384
mean(sgnprob[1:i - 1]) = 0.08234392952891613
13184/16384
mean(sgnprob[1:i - 1]) = 0.08412349237654555
13312/16384
mean(sgnprob[1:i - 1]) = 0.08196228683044099
13440/16384
mean(sgnprob[1:i - 1]) = 0.0834139444899174
13568/16384
mean(sgnprob[1:i - 1]) = 0.08041571460160685
13696/16384
mean(sgnprob[1:i - 1]) = 0.07732749178532311
13824/16384
mean(sgnprob[1:i - 1]) = 0.07473052159444404
13952/16384
mean(sgnprob[1:i - 1]) = 0.07347143573937352
14080/16384
mean(sgnprob[1:i - 1]) = 0.07493429931103061
14208/16384
mean(sgnprob[1:i - 1]) = 0.07228830858027732
14336/16384
mean(sgnprob[1:i - 1]) = 0.07429368678060691
14464/16384
mean(sgnprob[1:i - 1]) = 0.07529558182949596
14592/16384
mean(sgnprob[1:i - 1]) = 0.07819888972654376
14720/16384
mean(sgnprob[1:i - 1]) = 0.0746653984645696
14848/16384
mean(sgnprob[1:i - 1]) = 0.07590759075907591
14976/16384
mean(sgnprob[1:i - 1]) = 0.07378964941569283
15104/16384
mean(sgnprob[1:i - 1]) = 0.07621002449844402
15232/16384
mean(sgnprob[1:i - 1]) = 0.07386251723458735
15360/16384
mean(sgnprob[1:i - 1]) = 0.07207500488313041
15488/16384
mean(sgnprob[1:i - 1]) = 0.07315813262736488
15616/16384
mean(sgnprob[1:i - 1]) = 0.07473583093179635
15744/16384
mean(sgnprob[1:i - 1]) = 0.07603379279679857
15872/16384
mean(sgnprob[1:i - 1]) = 0.0731522903408733
16000/16384
mean(sgnprob[1:i - 1]) = 0.07106694168385524
16128/16384
mean(sgnprob[1:i - 1]) = 0.07248713337880573
16256/16384
mean(sgnprob[1:i - 1]) = 0.07080898185173792
16384/16384
mean(sgnprob[1:i - 1]) = 0.07233107489470793
829.908340 seconds (167.10 M allocations: 70.745 GiB, 2.20% gc time, 1.25% compilation time)
