## SLURM PROLOG ###############################################################
##    Job ID : 8833797
##  Job Name : sbatch_etgent.sh
##  Nodelist : node1736
##      CPUs : 8
##  Mem/Node : 4096 MB
## Directory : /oscar/home/trazzaz/AFQMC
##   Job Started : Thu Feb 27 10:39:56 PM EST 2025
###############################################################################
seed = 1351
U = 2.0
β = 6.0
Warming up
128/1024
256/1024
384/1024
512/1024
640/1024
768/1024
896/1024
1024/1024
Measuring
128/16384
mean(sgnprob[1:i - 1]) = 0.4645669291338583
256/16384
mean(sgnprob[1:i - 1]) = 0.4588235294117647
384/16384
mean(sgnprob[1:i - 1]) = 0.4725848563968668
512/16384
mean(sgnprob[1:i - 1]) = 0.22113502935420742
640/16384
mean(sgnprob[1:i - 1]) = 0.26134585289514867
768/16384
mean(sgnprob[1:i - 1]) = 0.1577574967405476
896/16384
mean(sgnprob[1:i - 1]) = 0.06815642458100558
1024/16384
mean(sgnprob[1:i - 1]) = -0.006842619745845552
1152/16384
mean(sgnprob[1:i - 1]) = 0.05821025195482189
1280/16384
mean(sgnprob[1:i - 1]) = 0.11180609851446442
1408/16384
mean(sgnprob[1:i - 1]) = 0.1513859275053305
1536/16384
mean(sgnprob[1:i - 1]) = 0.1752442996742671
1664/16384
mean(sgnprob[1:i - 1]) = 0.21226698737221888
1792/16384
mean(sgnprob[1:i - 1]) = 0.15131211613623674
1920/16384
mean(sgnprob[1:i - 1]) = 0.17040125065138093
2048/16384
mean(sgnprob[1:i - 1]) = 0.11773326819736199
2176/16384
mean(sgnprob[1:i - 1]) = 0.13839080459770114
2304/16384
mean(sgnprob[1:i - 1]) = 0.15067303517151542
2432/16384
mean(sgnprob[1:i - 1]) = 0.16988893459481694
2560/16384
mean(sgnprob[1:i - 1]) = 0.19187182493161392
2688/16384
mean(sgnprob[1:i - 1]) = 0.2050614067733532
2816/16384
mean(sgnprob[1:i - 1]) = 0.21705150976909413
2944/16384
mean(sgnprob[1:i - 1]) = 0.18654434250764526
3072/16384
mean(sgnprob[1:i - 1]) = 0.15858026701400196
3200/16384
mean(sgnprob[1:i - 1]) = 0.17286652078774617
3328/16384
mean(sgnprob[1:i - 1]) = 0.18665464382326422
3456/16384
mean(sgnprob[1:i - 1]) = 0.20057887120115775
3584/16384
mean(sgnprob[1:i - 1]) = 0.1789003628244488
3712/16384
mean(sgnprob[1:i - 1]) = 0.18997574777687956
3840/16384
mean(sgnprob[1:i - 1]) = 0.20083355040375098
3968/16384
mean(sgnprob[1:i - 1]) = 0.20998235442399799
4096/16384
mean(sgnprob[1:i - 1]) = 0.2166056166056166
4224/16384
mean(sgnprob[1:i - 1]) = 0.22472176178072462
4352/16384
mean(sgnprob[1:i - 1]) = 0.20110319466789245
4480/16384
mean(sgnprob[1:i - 1]) = 0.20964501004688546
4608/16384
mean(sgnprob[1:i - 1]) = 0.2159756891686564
4736/16384
mean(sgnprob[1:i - 1]) = 0.22703273495248152
4864/16384
mean(sgnprob[1:i - 1]) = 0.20501747892247585
4992/16384
mean(sgnprob[1:i - 1]) = 0.20937687838108596
5120/16384
mean(sgnprob[1:i - 1]) = 0.21156475874194178
5248/16384
mean(sgnprob[1:i - 1]) = 0.21783876500857632
5376/16384
mean(sgnprob[1:i - 1]) = 0.22567441860465115
5504/16384
mean(sgnprob[1:i - 1]) = 0.21097583136471015
5632/16384
mean(sgnprob[1:i - 1]) = 0.22003196590303675
5760/16384
mean(sgnprob[1:i - 1]) = 0.22625455808300052
5888/16384
mean(sgnprob[1:i - 1]) = 0.2332257516561916
6016/16384
mean(sgnprob[1:i - 1]) = 0.24123025768911055
6144/16384
mean(sgnprob[1:i - 1]) = 0.24597102392967604
6272/16384
mean(sgnprob[1:i - 1]) = 0.25051825865093286
6400/16384
mean(sgnprob[1:i - 1]) = 0.25738396624472576
6528/16384
mean(sgnprob[1:i - 1]) = 0.2621418722230734
6656/16384
mean(sgnprob[1:i - 1]) = 0.26551465063861757
6784/16384
mean(sgnprob[1:i - 1]) = 0.26846528084918175
6912/16384
mean(sgnprob[1:i - 1]) = 0.2522066271161916
7040/16384
mean(sgnprob[1:i - 1]) = 0.25557607614718
7168/16384
mean(sgnprob[1:i - 1]) = 0.2602204548625645
7296/16384
mean(sgnprob[1:i - 1]) = 0.26662097326936257
7424/16384
mean(sgnprob[1:i - 1]) = 0.27037585881718984
7552/16384
mean(sgnprob[1:i - 1]) = 0.2766520990597272
7680/16384
mean(sgnprob[1:i - 1]) = 0.2808959499934887
7808/16384
mean(sgnprob[1:i - 1]) = 0.28448827974894325
7936/16384
mean(sgnprob[1:i - 1]) = 0.288468809073724
8064/16384
mean(sgnprob[1:i - 1]) = 0.29306709661416347
8192/16384
mean(sgnprob[1:i - 1]) = 0.29703332926382614
8320/16384
mean(sgnprob[1:i - 1]) = 0.282365668950595
8448/16384
mean(sgnprob[1:i - 1]) = 0.2700366994199124
8576/16384
mean(sgnprob[1:i - 1]) = 0.25807580174927114
8704/16384
mean(sgnprob[1:i - 1]) = 0.24830518212110766
8832/16384
mean(sgnprob[1:i - 1]) = 0.2496885969878836
8960/16384
mean(sgnprob[1:i - 1]) = 0.25147895970532425
9088/16384
mean(sgnprob[1:i - 1]) = 0.2545394519643447
9216/16384
mean(sgnprob[1:i - 1]) = 0.2594682582745524
9344/16384
mean(sgnprob[1:i - 1]) = 0.2640479503371508
9472/16384
mean(sgnprob[1:i - 1]) = 0.2663921444409249
9600/16384
mean(sgnprob[1:i - 1]) = 0.257214293155537
9728/16384
mean(sgnprob[1:i - 1]) = 0.25999794386758507
9856/16384
mean(sgnprob[1:i - 1]) = 0.2503297818366311
9984/16384
mean(sgnprob[1:i - 1]) = 0.25393168386256637
10112/16384
mean(sgnprob[1:i - 1]) = 0.25783799821976067
10240/16384
mean(sgnprob[1:i - 1]) = 0.26125598202949507
10368/16384
mean(sgnprob[1:i - 1]) = 0.2508922542683515
10496/16384
mean(sgnprob[1:i - 1]) = 0.2539304430681277
10624/16384
mean(sgnprob[1:i - 1]) = 0.25557752047444227
10752/16384
mean(sgnprob[1:i - 1]) = 0.24862803460143243
10880/16384
mean(sgnprob[1:i - 1]) = 0.24129055979409872
11008/16384
mean(sgnprob[1:i - 1]) = 0.2457527028254747
11136/16384
mean(sgnprob[1:i - 1]) = 0.24813650651100136
11264/16384
mean(sgnprob[1:i - 1]) = 0.2398117730622392
11392/16384
mean(sgnprob[1:i - 1]) = 0.23167412869809498
11520/16384
mean(sgnprob[1:i - 1]) = 0.22284920566021357
11648/16384
mean(sgnprob[1:i - 1]) = 0.22606679831716323
11776/16384
mean(sgnprob[1:i - 1]) = 0.21834394904458598
11904/16384
mean(sgnprob[1:i - 1]) = 0.22204486263967066
12032/16384
mean(sgnprob[1:i - 1]) = 0.22550078962679743
12160/16384
mean(sgnprob[1:i - 1]) = 0.2278970310058393
12288/16384
mean(sgnprob[1:i - 1]) = 0.23138276226906487
12416/16384
mean(sgnprob[1:i - 1]) = 0.23431333064840917
12544/16384
mean(sgnprob[1:i - 1]) = 0.237343538228494
12672/16384
mean(sgnprob[1:i - 1]) = 0.24173309131086734
12800/16384
mean(sgnprob[1:i - 1]) = 0.24400343776857567
12928/16384
mean(sgnprob[1:i - 1]) = 0.24653825326835305
13056/16384
mean(sgnprob[1:i - 1]) = 0.23875909613175028
13184/16384
mean(sgnprob[1:i - 1]) = 0.24144731851627096
13312/16384
mean(sgnprob[1:i - 1]) = 0.24408384043272482
13440/16384
mean(sgnprob[1:i - 1]) = 0.2462236773569462
13568/16384
mean(sgnprob[1:i - 1]) = 0.24950246922680033
13696/16384
mean(sgnprob[1:i - 1]) = 0.24308141657539248
13824/16384
mean(sgnprob[1:i - 1]) = 0.24502640526658467
13952/16384
mean(sgnprob[1:i - 1]) = 0.24664898573578956
14080/16384
mean(sgnprob[1:i - 1]) = 0.24923645145251794
14208/16384
mean(sgnprob[1:i - 1]) = 0.2431899767720138
14336/16384
mean(sgnprob[1:i - 1]) = 0.24478549005929542
14464/16384
mean(sgnprob[1:i - 1]) = 0.24621447832399918
14592/16384
mean(sgnprob[1:i - 1]) = 0.23966828867109863
14720/16384
mean(sgnprob[1:i - 1]) = 0.2341871051022488
14848/16384
mean(sgnprob[1:i - 1]) = 0.23701757930895131
14976/16384
mean(sgnprob[1:i - 1]) = 0.23993322203672787
15104/16384
mean(sgnprob[1:i - 1]) = 0.241872475667086
15232/16384
mean(sgnprob[1:i - 1]) = 0.2448296237935789
15360/16384
mean(sgnprob[1:i - 1]) = 0.23940360700566443
15488/16384
mean(sgnprob[1:i - 1]) = 0.2334215793891651
15616/16384
mean(sgnprob[1:i - 1]) = 0.2277937880243356
15744/16384
mean(sgnprob[1:i - 1]) = 0.2308962713586991
15872/16384
mean(sgnprob[1:i - 1]) = 0.23268855144603365
16000/16384
mean(sgnprob[1:i - 1]) = 0.2342021376336021
16128/16384
mean(sgnprob[1:i - 1]) = 0.23544366590190363
16256/16384
mean(sgnprob[1:i - 1]) = 0.23728083666564134
16384/16384
mean(sgnprob[1:i - 1]) = 0.24031007751937986
739.858439 seconds (167.11 M allocations: 70.745 GiB, 1.87% gc time, 1.27% compilation time)
