## SLURM PROLOG ###############################################################
##    Job ID : 8833986
##  Job Name : sbatch_etgent.sh
##  Nodelist : node1734
##      CPUs : 8
##  Mem/Node : 4096 MB
## Directory : /oscar/home/trazzaz/AFQMC
##   Job Started : Fri Feb 28 03:44:37 AM EST 2025
###############################################################################
seed = 1540
U = 2.0
β = 6.0
Warming up
128/1024
256/1024
384/1024
512/1024
640/1024
768/1024
896/1024
1024/1024
Measuring
128/16384
mean(sgnprob[1:i - 1]) = -0.2755905511811024
256/16384
mean(sgnprob[1:i - 1]) = 0.07450980392156863
384/16384
mean(sgnprob[1:i - 1]) = 0.15404699738903394
512/16384
mean(sgnprob[1:i - 1]) = 0.0684931506849315
640/16384
mean(sgnprob[1:i - 1]) = 0.08607198748043818
768/16384
mean(sgnprob[1:i - 1]) = 0.048239895697522815
896/16384
mean(sgnprob[1:i - 1]) = -0.00558659217877095
1024/16384
mean(sgnprob[1:i - 1]) = -0.059628543499511244
1152/16384
mean(sgnprob[1:i - 1]) = -0.023457862728062554
1280/16384
mean(sgnprob[1:i - 1]) = -0.05238467552775606
1408/16384
mean(sgnprob[1:i - 1]) = -0.03482587064676617
1536/16384
mean(sgnprob[1:i - 1]) = -0.02280130293159609
1664/16384
mean(sgnprob[1:i - 1]) = -0.043896572459410706
1792/16384
mean(sgnprob[1:i - 1]) = -0.02065884980457845
1920/16384
mean(sgnprob[1:i - 1]) = -0.045336112558624284
2048/16384
mean(sgnprob[1:i - 1]) = -0.03663898387884709
2176/16384
mean(sgnprob[1:i - 1]) = -0.013333333333333334
2304/16384
mean(sgnprob[1:i - 1]) = -0.030829353017802867
2432/16384
mean(sgnprob[1:i - 1]) = -0.01686548745372275
2560/16384
mean(sgnprob[1:i - 1]) = -0.0019538882375928096
2688/16384
mean(sgnprob[1:i - 1]) = -0.013770003721622627
2816/16384
mean(sgnprob[1:i - 1]) = -0.003197158081705151
2944/16384
mean(sgnprob[1:i - 1]) = -0.018688413183826028
3072/16384
mean(sgnprob[1:i - 1]) = -0.03614457831325301
3200/16384
mean(sgnprob[1:i - 1]) = -0.02469521725539231
3328/16384
mean(sgnprob[1:i - 1]) = -0.017733694018635407
3456/16384
mean(sgnprob[1:i - 1]) = -0.006078147612156295
3584/16384
mean(sgnprob[1:i - 1]) = 0.004744627407200669
3712/16384
mean(sgnprob[1:i - 1]) = 0.01643761789275128
3840/16384
mean(sgnprob[1:i - 1]) = 0.025787965616045846
3968/16384
mean(sgnprob[1:i - 1]) = 0.01487269977312831
4096/16384
mean(sgnprob[1:i - 1]) = 0.006593406593406593
4224/16384
mean(sgnprob[1:i - 1]) = 0.017759886336727444
4352/16384
mean(sgnprob[1:i - 1]) = 0.009423121121581246
4480/16384
mean(sgnprob[1:i - 1]) = 0.01719133735208752
4608/16384
mean(sgnprob[1:i - 1]) = 0.0062947688300412415
4736/16384
mean(sgnprob[1:i - 1]) = 0.016261879619852166
4864/16384
mean(sgnprob[1:i - 1]) = 0.0076084721365412295
4992/16384
mean(sgnprob[1:i - 1]) = -0.0022039671408535366
5120/16384
mean(sgnprob[1:i - 1]) = -0.008009376831412385
5248/16384
mean(sgnprob[1:i - 1]) = -0.012769201448446732
5376/16384
mean(sgnprob[1:i - 1]) = -0.019162790697674417
5504/16384
mean(sgnprob[1:i - 1]) = -0.012175177176085772
5632/16384
mean(sgnprob[1:i - 1]) = -0.005150062155922571
5760/16384
mean(sgnprob[1:i - 1]) = 0.001215488800138913
5888/16384
mean(sgnprob[1:i - 1]) = -0.002887718702225242
6016/16384
mean(sgnprob[1:i - 1]) = 0.005486284289276808
6144/16384
mean(sgnprob[1:i - 1]) = 0.0076509848608171905
6272/16384
mean(sgnprob[1:i - 1]) = 0.014192313825546164
6400/16384
mean(sgnprob[1:i - 1]) = 0.016721362712923894
6528/16384
mean(sgnprob[1:i - 1]) = 0.02252183238853991
6656/16384
mean(sgnprob[1:i - 1]) = 0.025093914350112698
6784/16384
mean(sgnprob[1:i - 1]) = 0.02697921273772667
6912/16384
mean(sgnprob[1:i - 1]) = 0.03226739979742439
7040/16384
mean(sgnprob[1:i - 1]) = 0.03849978690154852
7168/16384
mean(sgnprob[1:i - 1]) = 0.03334728617273615
7296/16384
mean(sgnprob[1:i - 1]) = 0.039890335846470185
7424/16384
mean(sgnprob[1:i - 1]) = 0.03354438906102654
7552/16384
mean(sgnprob[1:i - 1]) = 0.029002781088597537
7680/16384
mean(sgnprob[1:i - 1]) = 0.03242609714806616
7808/16384
mean(sgnprob[1:i - 1]) = 0.02574612527219162
7936/16384
mean(sgnprob[1:i - 1]) = 0.0275992438563327
8064/16384
mean(sgnprob[1:i - 1]) = 0.02443259332754558
8192/16384
mean(sgnprob[1:i - 1]) = 0.0206324014161885
8320/16384
mean(sgnprob[1:i - 1]) = 0.02271907681211684
8448/16384
mean(sgnprob[1:i - 1]) = 0.024505741683437908
8576/16384
mean(sgnprob[1:i - 1]) = 0.02857142857142857
8704/16384
mean(sgnprob[1:i - 1]) = 0.03205791106514995
8832/16384
mean(sgnprob[1:i - 1]) = 0.03612274940550334
8960/16384
mean(sgnprob[1:i - 1]) = 0.03940171894184619
9088/16384
mean(sgnprob[1:i - 1]) = 0.04192802905249257
9216/16384
mean(sgnprob[1:i - 1]) = 0.04416711882799783
9344/16384
mean(sgnprob[1:i - 1]) = 0.047415177137964254
9472/16384
mean(sgnprob[1:i - 1]) = 0.049308415162073696
9600/16384
mean(sgnprob[1:i - 1]) = 0.05198458172726326
9728/16384
mean(sgnprob[1:i - 1]) = 0.04574894623213735
9856/16384
mean(sgnprob[1:i - 1]) = 0.041298833079655
9984/16384
mean(sgnprob[1:i - 1]) = 0.03756385855955124
10112/16384
mean(sgnprob[1:i - 1]) = 0.03372564533676194
10240/16384
mean(sgnprob[1:i - 1]) = 0.03506201777517336
10368/16384
mean(sgnprob[1:i - 1]) = 0.03617247033857432
10496/16384
mean(sgnprob[1:i - 1]) = 0.032682229633158644
10624/16384
mean(sgnprob[1:i - 1]) = 0.034171138096582884
10752/16384
mean(sgnprob[1:i - 1]) = 0.030973862896474746
10880/16384
mean(sgnprob[1:i - 1]) = 0.03263167570548764
11008/16384
mean(sgnprob[1:i - 1]) = 0.031161987825928956
11136/16384
mean(sgnprob[1:i - 1]) = 0.03421643466546924
11264/16384
mean(sgnprob[1:i - 1]) = 0.0308088431146231
11392/16384
mean(sgnprob[1:i - 1]) = 0.033974190150118516
11520/16384
mean(sgnprob[1:i - 1]) = 0.037069190033857106
11648/16384
mean(sgnprob[1:i - 1]) = 0.04043959817978879
11776/16384
mean(sgnprob[1:i - 1]) = 0.04203821656050955
11904/16384
mean(sgnprob[1:i - 1]) = 0.04393850289842897
12032/16384
mean(sgnprob[1:i - 1]) = 0.046962014795112625
12160/16384
mean(sgnprob[1:i - 1]) = 0.04909943251912164
12288/16384
mean(sgnprob[1:i - 1]) = 0.04891348579799788
12416/16384
mean(sgnprob[1:i - 1]) = 0.04470398711236408
12544/16384
mean(sgnprob[1:i - 1]) = 0.046958462887666426
12672/16384
mean(sgnprob[1:i - 1]) = 0.04474784941993529
12800/16384
mean(sgnprob[1:i - 1]) = 0.04133135401203219
12928/16384
mean(sgnprob[1:i - 1]) = 0.044016399783399086
13056/16384
mean(sgnprob[1:i - 1]) = 0.04542320949827652
13184/16384
mean(sgnprob[1:i - 1]) = 0.043465068649017675
13312/16384
mean(sgnprob[1:i - 1]) = 0.040943580497333036
13440/16384
mean(sgnprob[1:i - 1]) = 0.04174417739415135
13568/16384
mean(sgnprob[1:i - 1]) = 0.04282450062652023
13696/16384
mean(sgnprob[1:i - 1]) = 0.0389193136181088
13824/16384
mean(sgnprob[1:i - 1]) = 0.03884829631773132
13952/16384
mean(sgnprob[1:i - 1]) = 0.03748835208945595
14080/16384
mean(sgnprob[1:i - 1]) = 0.03473258043895163
14208/16384
mean(sgnprob[1:i - 1]) = 0.03695361441542901
14336/16384
mean(sgnprob[1:i - 1]) = 0.0387164283222881
14464/16384
mean(sgnprob[1:i - 1]) = 0.04100117541312314
14592/16384
mean(sgnprob[1:i - 1]) = 0.042834624083339046
14720/16384
mean(sgnprob[1:i - 1]) = 0.040423941843875266
14848/16384
mean(sgnprob[1:i - 1]) = 0.039401899373610834
14976/16384
mean(sgnprob[1:i - 1]) = 0.035459098497495824
15104/16384
mean(sgnprob[1:i - 1]) = 0.037144938091769844
15232/16384
mean(sgnprob[1:i - 1]) = 0.03906506467073731
15360/16384
mean(sgnprob[1:i - 1]) = 0.03613516504980793
15488/16384
mean(sgnprob[1:i - 1]) = 0.038548459998708595
15616/16384
mean(sgnprob[1:i - 1]) = 0.04053794428434198
15744/16384
mean(sgnprob[1:i - 1]) = 0.04300323953503144
15872/16384
mean(sgnprob[1:i - 1]) = 0.039506017264192554
16000/16384
mean(sgnprob[1:i - 1]) = 0.040940058753672105
16128/16384
mean(sgnprob[1:i - 1]) = 0.041731258138525455
16256/16384
mean(sgnprob[1:i - 1]) = 0.04386342663795755
16384/16384
mean(sgnprob[1:i - 1]) = 0.04608435573460294
733.286997 seconds (167.11 M allocations: 70.745 GiB, 1.30% gc time, 1.22% compilation time)
