## SLURM PROLOG ###############################################################
##    Job ID : 7671172
##  Job Name : sbatch_etgent.sh
##  Nodelist : node1317
##      CPUs : 8
##  Mem/Node : 4096 MB
## Directory : /oscar/home/trazzaz/AFQMC
##   Job Started : Sun Jan 19 04:26:36 AM EST 2025
###############################################################################
seed = 1282
U = 2.0
β = 6.0
Warming up
128/1024
256/1024
384/1024
512/1024
640/1024
768/1024
896/1024
1024/1024
Measuring
128/16384
mean(sgnprob[1:i - 1]) = -0.2440944881889764
256/16384
mean(sgnprob[1:i - 1]) = 0.011764705882352941
384/16384
mean(sgnprob[1:i - 1]) = 0.09660574412532637
512/16384
mean(sgnprob[1:i - 1]) = 0.13111545988258316
640/16384
mean(sgnprob[1:i - 1]) = 0.051643192488262914
768/16384
mean(sgnprob[1:i - 1]) = -0.003911342894393742
896/16384
mean(sgnprob[1:i - 1]) = -0.02569832402234637
1024/16384
mean(sgnprob[1:i - 1]) = -0.01270772238514174
1152/16384
mean(sgnprob[1:i - 1]) = -0.013032145960034752
1280/16384
mean(sgnprob[1:i - 1]) = -0.04143862392494136
1408/16384
mean(sgnprob[1:i - 1]) = -0.02203269367448472
1536/16384
mean(sgnprob[1:i - 1]) = 0.0006514657980456026
1664/16384
mean(sgnprob[1:i - 1]) = 0.02465423932651834
1792/16384
mean(sgnprob[1:i - 1]) = 0.006141820212171971
1920/16384
mean(sgnprob[1:i - 1]) = 0.02136529442417926
2048/16384
mean(sgnprob[1:i - 1]) = 0.002442598925256473
2176/16384
mean(sgnprob[1:i - 1]) = 0.02436781609195402
2304/16384
mean(sgnprob[1:i - 1]) = 0.007381676074685193
2432/16384
mean(sgnprob[1:i - 1]) = 0.00041135335252982314
2560/16384
mean(sgnprob[1:i - 1]) = -0.009769441187964049
2688/16384
mean(sgnprob[1:i - 1]) = -0.0033494603647190174
2816/16384
mean(sgnprob[1:i - 1]) = -0.0152753108348135
2944/16384
mean(sgnprob[1:i - 1]) = -0.0003397893306150187
3072/16384
mean(sgnprob[1:i - 1]) = 0.006186909801367633
3200/16384
mean(sgnprob[1:i - 1]) = -0.006564551422319475
3328/16384
mean(sgnprob[1:i - 1]) = -0.013525698827772768
3456/16384
mean(sgnprob[1:i - 1]) = -0.022865412445730825
3584/16384
mean(sgnprob[1:i - 1]) = -0.016466648060284677
3712/16384
mean(sgnprob[1:i - 1]) = -0.011048234977095122
3840/16384
mean(sgnprob[1:i - 1]) = -0.0023443605105496223
3968/16384
mean(sgnprob[1:i - 1]) = -0.01134358457272498
4096/16384
mean(sgnprob[1:i - 1]) = -0.00463980463980464
4224/16384
mean(sgnprob[1:i - 1]) = 0.0030783802983660904
4352/16384
mean(sgnprob[1:i - 1]) = 0.008044127786715698
4480/16384
mean(sgnprob[1:i - 1]) = 0.016744809109176157
4608/16384
mean(sgnprob[1:i - 1]) = 0.02322552637291079
4736/16384
mean(sgnprob[1:i - 1]) = 0.029355860612460403
4864/16384
mean(sgnprob[1:i - 1]) = 0.03351840427719515
4992/16384
mean(sgnprob[1:i - 1]) = 0.02624724504107393
5120/16384
mean(sgnprob[1:i - 1]) = 0.029888650126977924
5248/16384
mean(sgnprob[1:i - 1]) = 0.02267962645321136
5376/16384
mean(sgnprob[1:i - 1]) = 0.019906976744186046
5504/16384
mean(sgnprob[1:i - 1]) = 0.01689987279665637
5632/16384
mean(sgnprob[1:i - 1]) = 0.01047771266204937
5760/16384
mean(sgnprob[1:i - 1]) = 0.016148636916131272
5888/16384
mean(sgnprob[1:i - 1]) = 0.020893494139629692
6016/16384
mean(sgnprob[1:i - 1]) = 0.015461346633416459
6144/16384
mean(sgnprob[1:i - 1]) = 0.016767051929024907
6272/16384
mean(sgnprob[1:i - 1]) = 0.011003029819805454
6400/16384
mean(sgnprob[1:i - 1]) = 0.0142209720268792
6528/16384
mean(sgnprob[1:i - 1]) = 0.018844798529186458
6656/16384
mean(sgnprob[1:i - 1]) = 0.022088655146506386
6784/16384
mean(sgnprob[1:i - 1]) = 0.017543859649122806
6912/16384
mean(sgnprob[1:i - 1]) = 0.024164375633048765
7040/16384
mean(sgnprob[1:i - 1]) = 0.020599516976843302
7168/16384
mean(sgnprob[1:i - 1]) = 0.01353425422073392
7296/16384
mean(sgnprob[1:i - 1]) = 0.016860863605209046
7424/16384
mean(sgnprob[1:i - 1]) = 0.021150478243297858
7552/16384
mean(sgnprob[1:i - 1]) = 0.018673023440603894
7680/16384
mean(sgnprob[1:i - 1]) = 0.014975908321396015
7808/16384
mean(sgnprob[1:i - 1]) = 0.018316895094146277
7936/16384
mean(sgnprob[1:i - 1]) = 0.013988657844990548
8064/16384
mean(sgnprob[1:i - 1]) = 0.010541981892595809
8192/16384
mean(sgnprob[1:i - 1]) = 0.007203027713343914
8320/16384
mean(sgnprob[1:i - 1]) = 0.010217574227671595
8448/16384
mean(sgnprob[1:i - 1]) = 0.006274416952764295
8576/16384
mean(sgnprob[1:i - 1]) = 0.009679300291545189
8704/16384
mean(sgnprob[1:i - 1]) = 0.008617718028266115
8832/16384
mean(sgnprob[1:i - 1]) = 0.010984033518287849
8960/16384
mean(sgnprob[1:i - 1]) = 0.014398928451836143
9088/16384
mean(sgnprob[1:i - 1]) = 0.011554968636513702
9216/16384
mean(sgnprob[1:i - 1]) = 0.009441128594682583
9344/16384
mean(sgnprob[1:i - 1]) = 0.006743016161832388
9472/16384
mean(sgnprob[1:i - 1]) = 0.004751346214760849
9600/16384
mean(sgnprob[1:i - 1]) = 0.0007292426294405667
9728/16384
mean(sgnprob[1:i - 1]) = 0.004215071450601419
9856/16384
mean(sgnprob[1:i - 1]) = 0.007204464738711314
9984/16384
mean(sgnprob[1:i - 1]) = 0.010517880396674346
10112/16384
mean(sgnprob[1:i - 1]) = 0.01335179507467115
10240/16384
mean(sgnprob[1:i - 1]) = 0.009082918253735717
10368/16384
mean(sgnprob[1:i - 1]) = 0.013215009163692486
10496/16384
mean(sgnprob[1:i - 1]) = 0.009623630300142925
10624/16384
mean(sgnprob[1:i - 1]) = 0.006495340299350466
10752/16384
mean(sgnprob[1:i - 1]) = 0.008092270486466374
10880/16384
mean(sgnprob[1:i - 1]) = 0.011122345803842264
11008/16384
mean(sgnprob[1:i - 1]) = 0.014081947851367311
11136/16384
mean(sgnprob[1:i - 1]) = 0.017332734620565785
11264/16384
mean(sgnprob[1:i - 1]) = 0.01891148006747758
11392/16384
mean(sgnprob[1:i - 1]) = 0.022034939864805547
11520/16384
mean(sgnprob[1:i - 1]) = 0.01831756228839309
11648/16384
mean(sgnprob[1:i - 1]) = 0.01502532841074955
11776/16384
mean(sgnprob[1:i - 1]) = 0.01129511677282378
11904/16384
mean(sgnprob[1:i - 1]) = 0.00865328068554146
12032/16384
mean(sgnprob[1:i - 1]) = 0.0060676585487490645
12160/16384
mean(sgnprob[1:i - 1]) = 0.007155193683691093
12288/16384
mean(sgnprob[1:i - 1]) = 0.009359485635224221
12416/16384
mean(sgnprob[1:i - 1]) = 0.01135722915827628
12544/16384
mean(sgnprob[1:i - 1]) = 0.012835844694251773
12672/16384
mean(sgnprob[1:i - 1]) = 0.013653223897087839
12800/16384
mean(sgnprob[1:i - 1]) = 0.015548089694507383
12928/16384
mean(sgnprob[1:i - 1]) = 0.017869575307495937
13056/16384
mean(sgnprob[1:i - 1]) = 0.019379548065875142
13184/16384
mean(sgnprob[1:i - 1]) = 0.02040506713191231
13312/16384
mean(sgnprob[1:i - 1]) = 0.02231237322515213
13440/16384
mean(sgnprob[1:i - 1]) = 0.01971872907210358
13568/16384
mean(sgnprob[1:i - 1]) = 0.01776369130979583
13696/16384
mean(sgnprob[1:i - 1]) = 0.01569916027747353
13824/16384
mean(sgnprob[1:i - 1]) = 0.015843159950806627
13952/16384
mean(sgnprob[1:i - 1]) = 0.014694287147874704
14080/16384
mean(sgnprob[1:i - 1]) = 0.016265359755664465
14208/16384
mean(sgnprob[1:i - 1]) = 0.013866403885408602
14336/16384
mean(sgnprob[1:i - 1]) = 0.012347401464945937
14464/16384
mean(sgnprob[1:i - 1]) = 0.013482679941920763
14592/16384
mean(sgnprob[1:i - 1]) = 0.016242889452402164
14720/16384
mean(sgnprob[1:i - 1]) = 0.0192268496501121
14848/16384
mean(sgnprob[1:i - 1]) = 0.021081700006735368
14976/16384
mean(sgnprob[1:i - 1]) = 0.020500834724540902
15104/16384
mean(sgnprob[1:i - 1]) = 0.017678606899291533
15232/16384
mean(sgnprob[1:i - 1]) = 0.01582299258092049
15360/16384
mean(sgnprob[1:i - 1]) = 0.016993293834234
15488/16384
mean(sgnprob[1:i - 1]) = 0.019435655711241687
15616/16384
mean(sgnprob[1:i - 1]) = 0.020813320525136087
15744/16384
mean(sgnprob[1:i - 1]) = 0.01848440576764276
15872/16384
mean(sgnprob[1:i - 1]) = 0.019721504631088148
16000/16384
mean(sgnprob[1:i - 1]) = 0.017688605537846114
16128/16384
mean(sgnprob[1:i - 1]) = 0.01519191418118683
16256/16384
mean(sgnprob[1:i - 1]) = 0.015810519840049216
16384/16384
mean(sgnprob[1:i - 1]) = 0.018128547885002746
808.192323 seconds (167.10 M allocations: 70.745 GiB, 1.99% gc time, 1.24% compilation time)
