## SLURM PROLOG ###############################################################
##    Job ID : 5898738
##  Job Name : etgent_2x2_seed1252
##  Nodelist : node1735
##      CPUs : 8
##  Mem/Node : 2048 MB
## Directory : /oscar/home/trazzaz/AFQMC
##   Job Started : Sun Nov 10 08:56:06 PM EST 2024
###############################################################################
U = 2.0
seed = 1252
λₖ = 0.0
Warming up
128/512
256/512
384/512
512/512
Measuring
128/1024
256/1024
384/1024
512/1024
640/1024
768/1024
896/1024
1024/1024
306.964321 seconds (210.26 M allocations: 1.099 TiB, 17.25% gc time, 2.43% compilation time)
λₖ = 0.2
Warming up
128/512
256/512
384/512
512/512
Measuring
128/1024
256/1024
384/1024
512/1024
640/1024
768/1024
896/1024
1024/1024
312.589764 seconds (208.41 M allocations: 1.099 TiB, 17.61% gc time, 0.02% compilation time)
λₖ = 0.4
Warming up
128/512
256/512
384/512
512/512
Measuring
128/1024
256/1024
384/1024
512/1024
640/1024
768/1024
896/1024
1024/1024
281.589741 seconds (208.41 M allocations: 1.099 TiB, 18.24% gc time)
λₖ = 0.6
Warming up
128/512
256/512
384/512
512/512
Measuring
128/1024
256/1024
384/1024
512/1024
640/1024
768/1024
896/1024
1024/1024
258.266599 seconds (208.41 M allocations: 1.099 TiB, 18.74% gc time)
λₖ = 0.8
Warming up
128/512
256/512
384/512
512/512
Measuring
128/1024
256/1024
384/1024
512/1024
640/1024
768/1024
896/1024
1024/1024
220.138442 seconds (208.41 M allocations: 1.099 TiB, 20.10% gc time)
