## SLURM PROLOG ###############################################################
##    Job ID : 8833873
##  Job Name : sbatch_etgent.sh
##  Nodelist : node1736
##      CPUs : 8
##  Mem/Node : 4096 MB
## Directory : /oscar/home/trazzaz/AFQMC
##   Job Started : Fri Feb 28 12:35:40 AM EST 2025
###############################################################################
seed = 1427
U = 2.0
β = 6.0
Warming up
128/1024
256/1024
384/1024
512/1024
640/1024
768/1024
896/1024
1024/1024
Measuring
128/16384
mean(sgnprob[1:i - 1]) = 0.2440944881889764
256/16384
mean(sgnprob[1:i - 1]) = 0.2235294117647059
384/16384
mean(sgnprob[1:i - 1]) = 0.06005221932114883
512/16384
mean(sgnprob[1:i - 1]) = 0.09980430528375733
640/16384
mean(sgnprob[1:i - 1]) = 0.00782472613458529
768/16384
mean(sgnprob[1:i - 1]) = 0.003911342894393742
896/16384
mean(sgnprob[1:i - 1]) = -0.02569832402234637
1024/16384
mean(sgnprob[1:i - 1]) = 0.006842619745845552
1152/16384
mean(sgnprob[1:i - 1]) = 0.044309296264118156
1280/16384
mean(sgnprob[1:i - 1]) = 0.01641907740422205
1408/16384
mean(sgnprob[1:i - 1]) = 0.04193319118692253
1536/16384
mean(sgnprob[1:i - 1]) = 0.026710097719869708
1664/16384
mean(sgnprob[1:i - 1]) = 0.010222489476849068
1792/16384
mean(sgnprob[1:i - 1]) = 0.01954215522054718
1920/16384
mean(sgnprob[1:i - 1]) = 0.03908285565398645
2048/16384
mean(sgnprob[1:i - 1]) = 0.05813385442110405
2176/16384
mean(sgnprob[1:i - 1]) = 0.06206896551724138
2304/16384
mean(sgnprob[1:i - 1]) = 0.04385584020842379
2432/16384
mean(sgnprob[1:i - 1]) = 0.027560674619498148
2560/16384
mean(sgnprob[1:i - 1]) = 0.021492770613520906
2688/16384
mean(sgnprob[1:i - 1]) = 0.010048381094157052
2816/16384
mean(sgnprob[1:i - 1]) = 0.019538188277087035
2944/16384
mean(sgnprob[1:i - 1]) = 0.02820251444104655
3072/16384
mean(sgnprob[1:i - 1]) = 0.019211983067404754
3200/16384
mean(sgnprob[1:i - 1]) = 0.030321975617380433
3328/16384
mean(sgnprob[1:i - 1]) = 0.03757138563270213
3456/16384
mean(sgnprob[1:i - 1]) = 0.04081041968162084
3584/16384
mean(sgnprob[1:i - 1]) = 0.045492603963159364
3712/16384
mean(sgnprob[1:i - 1]) = 0.05039073026138507
3840/16384
mean(sgnprob[1:i - 1]) = 0.058088043761396195
3968/16384
mean(sgnprob[1:i - 1]) = 0.0627678346357449
4096/16384
mean(sgnprob[1:i - 1]) = 0.07057387057387057
4224/16384
mean(sgnprob[1:i - 1]) = 0.06227800142079091
4352/16384
mean(sgnprob[1:i - 1]) = 0.06734084118593427
4480/16384
mean(sgnprob[1:i - 1]) = 0.05737887921411029
4608/16384
mean(sgnprob[1:i - 1]) = 0.048404601693075755
4736/16384
mean(sgnprob[1:i - 1]) = 0.042449841605068636
4864/16384
mean(sgnprob[1:i - 1]) = 0.03639728562615669
4992/16384
mean(sgnprob[1:i - 1]) = 0.04107393307954318
5120/16384
mean(sgnprob[1:i - 1]) = 0.035749169759718695
5248/16384
mean(sgnprob[1:i - 1]) = 0.039832285115303984
5376/16384
mean(sgnprob[1:i - 1]) = 0.04037209302325581
5504/16384
mean(sgnprob[1:i - 1]) = 0.043430855896783575
5632/16384
mean(sgnprob[1:i - 1]) = 0.04706091280412005
5760/16384
mean(sgnprob[1:i - 1]) = 0.04948775829137003
5888/16384
mean(sgnprob[1:i - 1]) = 0.05724477662646509
6016/16384
mean(sgnprob[1:i - 1]) = 0.06334164588528678
6144/16384
mean(sgnprob[1:i - 1]) = 0.05616148461663682
6272/16384
mean(sgnprob[1:i - 1]) = 0.05629086270132355
6400/16384
mean(sgnprob[1:i - 1]) = 0.04860134395999375
6528/16384
mean(sgnprob[1:i - 1]) = 0.05193810326336755
6656/16384
mean(sgnprob[1:i - 1]) = 0.04763335837716003
6784/16384
mean(sgnprob[1:i - 1]) = 0.051157305027274065
6912/16384
mean(sgnprob[1:i - 1]) = 0.04644769208508175
7040/16384
mean(sgnprob[1:i - 1]) = 0.05014916891603921
7168/16384
mean(sgnprob[1:i - 1]) = 0.04423050090693456
7296/16384
mean(sgnprob[1:i - 1]) = 0.04838930774503084
7424/16384
mean(sgnprob[1:i - 1]) = 0.041627374376936546
7552/16384
mean(sgnprob[1:i - 1]) = 0.038802807575155605
7680/16384
mean(sgnprob[1:i - 1]) = 0.041541867430655036
7808/16384
mean(sgnprob[1:i - 1]) = 0.044959651594722684
7936/16384
mean(sgnprob[1:i - 1]) = 0.047763074984247006
8064/16384
mean(sgnprob[1:i - 1]) = 0.04105171772293191
8192/16384
mean(sgnprob[1:i - 1]) = 0.03723599072152362
8320/16384
mean(sgnprob[1:i - 1]) = 0.04267339824498137
8448/16384
mean(sgnprob[1:i - 1]) = 0.03587072333372795
8576/16384
mean(sgnprob[1:i - 1]) = 0.0397667638483965
8704/16384
mean(sgnprob[1:i - 1]) = 0.04331839595541767
8832/16384
mean(sgnprob[1:i - 1]) = 0.046540595629034086
8960/16384
mean(sgnprob[1:i - 1]) = 0.04900100457640361
9088/16384
mean(sgnprob[1:i - 1]) = 0.04985143611753054
9216/16384
mean(sgnprob[1:i - 1]) = 0.05154639175257732
9344/16384
mean(sgnprob[1:i - 1]) = 0.05276677726640266
9472/16384
mean(sgnprob[1:i - 1]) = 0.04740787667616936
9600/16384
mean(sgnprob[1:i - 1]) = 0.04969267632045005
9728/16384
mean(sgnprob[1:i - 1]) = 0.046365785956615606
9856/16384
mean(sgnprob[1:i - 1]) = 0.0410958904109589
9984/16384
mean(sgnprob[1:i - 1]) = 0.043373735350095165
10112/16384
mean(sgnprob[1:i - 1]) = 0.04539610325388191
10240/16384
mean(sgnprob[1:i - 1]) = 0.04072663346029886
10368/16384
mean(sgnprob[1:i - 1]) = 0.036365390180380056
10496/16384
mean(sgnprob[1:i - 1]) = 0.03496903287279657
10624/16384
mean(sgnprob[1:i - 1]) = 0.03097053563023628
10752/16384
mean(sgnprob[1:i - 1]) = 0.03357827178867082
10880/16384
mean(sgnprob[1:i - 1]) = 0.0350216012501149
11008/16384
mean(sgnprob[1:i - 1]) = 0.0326156082492959
11136/16384
mean(sgnprob[1:i - 1]) = 0.03493488998652896
11264/16384
mean(sgnprob[1:i - 1]) = 0.03773417384355855
11392/16384
mean(sgnprob[1:i - 1]) = 0.033974190150118516
11520/16384
mean(sgnprob[1:i - 1]) = 0.03568018057123014
11648/16384
mean(sgnprob[1:i - 1]) = 0.03030823387996909
11776/16384
mean(sgnprob[1:i - 1]) = 0.03099787685774947
11904/16384
mean(sgnprob[1:i - 1]) = 0.0331849113668823
12032/16384
mean(sgnprob[1:i - 1]) = 0.03632283268223755
12160/16384
mean(sgnprob[1:i - 1]) = 0.0331441730405461
12288/16384
mean(sgnprob[1:i - 1]) = 0.03149670383331977
12416/16384
mean(sgnprob[1:i - 1]) = 0.02923882400322191
12544/16384
mean(sgnprob[1:i - 1]) = 0.02702702702702703
12672/16384
mean(sgnprob[1:i - 1]) = 0.025175597821797804
12800/16384
mean(sgnprob[1:i - 1]) = 0.025080084381592312
12928/16384
mean(sgnprob[1:i - 1]) = 0.023903457878858204
13056/16384
mean(sgnprob[1:i - 1]) = 0.025813864419762543
13184/16384
mean(sgnprob[1:i - 1]) = 0.02874914662823333
13312/16384
mean(sgnprob[1:i - 1]) = 0.028773195101795507
13440/16384
mean(sgnprob[1:i - 1]) = 0.02611801473323908
13568/16384
mean(sgnprob[1:i - 1]) = 0.028377681138055576
13696/16384
mean(sgnprob[1:i - 1]) = 0.030156991602774734
13824/16384
mean(sgnprob[1:i - 1]) = 0.03175866309773566
13952/16384
mean(sgnprob[1:i - 1]) = 0.032470790624328005
14080/16384
mean(sgnprob[1:i - 1]) = 0.03388024717664607
14208/16384
mean(sgnprob[1:i - 1]) = 0.03554585767579362
14336/16384
mean(sgnprob[1:i - 1]) = 0.036763167073596094
14464/16384
mean(sgnprob[1:i - 1]) = 0.0394800525478808
14592/16384
mean(sgnprob[1:i - 1]) = 0.03625522582413817
14720/16384
mean(sgnprob[1:i - 1]) = 0.034988789999320605
14848/16384
mean(sgnprob[1:i - 1]) = 0.037246581801037244
14976/16384
mean(sgnprob[1:i - 1]) = 0.03959933222036728
15104/16384
mean(sgnprob[1:i - 1]) = 0.041779778851883734
15232/16384
mean(sgnprob[1:i - 1]) = 0.04234784321449675
15360/16384
mean(sgnprob[1:i - 1]) = 0.04056253662347809
15488/16384
mean(sgnprob[1:i - 1]) = 0.04216439594498612
15616/16384
mean(sgnprob[1:i - 1]) = 0.038744796669868714
15744/16384
mean(sgnprob[1:i - 1]) = 0.03919202185098139
15872/16384
mean(sgnprob[1:i - 1]) = 0.041018209312582696
16000/16384
mean(sgnprob[1:i - 1]) = 0.038939933745859114
16128/16384
mean(sgnprob[1:i - 1]) = 0.04024307062689899
16256/16384
mean(sgnprob[1:i - 1]) = 0.04201784066441095
16384/16384
mean(sgnprob[1:i - 1]) = 0.03875968992248062
725.857889 seconds (167.11 M allocations: 70.745 GiB, 1.46% gc time, 1.25% compilation time)
