## SLURM PROLOG ###############################################################
##    Job ID : 7671071
##  Job Name : sbatch_etgent.sh
##  Nodelist : node1702
##      CPUs : 8
##  Mem/Node : 4096 MB
## Directory : /oscar/home/trazzaz/AFQMC
##   Job Started : Sun Jan 19 01:48:13 AM EST 2025
###############################################################################
seed = 1238
U = 2.0
β = 6.0
Warming up
128/1024
256/1024
384/1024
512/1024
640/1024
768/1024
896/1024
1024/1024
Measuring
128/16384
mean(sgnprob[1:i - 1]) = 0.33858267716535434
256/16384
mean(sgnprob[1:i - 1]) = 0.3333333333333333
384/16384
mean(sgnprob[1:i - 1]) = 0.2898172323759791
512/16384
mean(sgnprob[1:i - 1]) = 0.29549902152641877
640/16384
mean(sgnprob[1:i - 1]) = 0.28012519561815336
768/16384
mean(sgnprob[1:i - 1]) = 0.288135593220339
896/16384
mean(sgnprob[1:i - 1]) = 0.2782122905027933
1024/16384
mean(sgnprob[1:i - 1]) = 0.2512218963831867
1152/16384
mean(sgnprob[1:i - 1]) = 0.23370981754995657
1280/16384
mean(sgnprob[1:i - 1]) = 0.21970289288506645
1408/16384
mean(sgnprob[1:i - 1]) = 0.21819474058280028
1536/16384
mean(sgnprob[1:i - 1]) = 0.21302931596091204
1664/16384
mean(sgnprob[1:i - 1]) = 0.21346963319302464
1792/16384
mean(sgnprob[1:i - 1]) = 0.2216638749302066
1920/16384
mean(sgnprob[1:i - 1]) = 0.22980719124544033
2048/16384
mean(sgnprob[1:i - 1]) = 0.23986321446018563
2176/16384
mean(sgnprob[1:i - 1]) = 0.2367816091954023
2304/16384
mean(sgnprob[1:i - 1]) = 0.23751628310898829
2432/16384
mean(sgnprob[1:i - 1]) = 0.23406005758946935
2560/16384
mean(sgnprob[1:i - 1]) = 0.24110980851895272
2688/16384
mean(sgnprob[1:i - 1]) = 0.2407889839970227
2816/16384
mean(sgnprob[1:i - 1]) = 0.24120781527531082
2944/16384
mean(sgnprob[1:i - 1]) = 0.24091063540604826
3072/16384
mean(sgnprob[1:i - 1]) = 0.2367307066102247
3200/16384
mean(sgnprob[1:i - 1]) = 0.24101281650515785
3328/16384
mean(sgnprob[1:i - 1]) = 0.23354373309287646
3456/16384
mean(sgnprob[1:i - 1]) = 0.23183791606367582
3584/16384
mean(sgnprob[1:i - 1]) = 0.23360312587217416
3712/16384
mean(sgnprob[1:i - 1]) = 0.23201293451899757
3840/16384
mean(sgnprob[1:i - 1]) = 0.23313362854910133
3968/16384
mean(sgnprob[1:i - 1]) = 0.23065288631207462
4096/16384
mean(sgnprob[1:i - 1]) = 0.23321123321123322
4224/16384
mean(sgnprob[1:i - 1]) = 0.2308785223774568
4352/16384
mean(sgnprob[1:i - 1]) = 0.2319007124798897
4480/16384
mean(sgnprob[1:i - 1]) = 0.23063183746371957
4608/16384
mean(sgnprob[1:i - 1]) = 0.22856522682873887
4736/16384
mean(sgnprob[1:i - 1]) = 0.22407602956705386
4864/16384
mean(sgnprob[1:i - 1]) = 0.22229076701624512
4992/16384
mean(sgnprob[1:i - 1]) = 0.2189941895411741
5120/16384
mean(sgnprob[1:i - 1]) = 0.2162531744481344
5248/16384
mean(sgnprob[1:i - 1]) = 0.2208881265485039
5376/16384
mean(sgnprob[1:i - 1]) = 0.2189767441860465
5504/16384
mean(sgnprob[1:i - 1]) = 0.21570052698528075
5632/16384
mean(sgnprob[1:i - 1]) = 0.21505949209731842
5760/16384
mean(sgnprob[1:i - 1]) = 0.21583608265323842
5888/16384
mean(sgnprob[1:i - 1]) = 0.21997621878715815
6016/16384
mean(sgnprob[1:i - 1]) = 0.2199501246882793
6144/16384
mean(sgnprob[1:i - 1]) = 0.2212274133159694
6272/16384
mean(sgnprob[1:i - 1]) = 0.21958220379524795
6400/16384
mean(sgnprob[1:i - 1]) = 0.2180028129395218
6528/16384
mean(sgnprob[1:i - 1]) = 0.21709820744599356
6656/16384
mean(sgnprob[1:i - 1]) = 0.21652892561983472
6784/16384
mean(sgnprob[1:i - 1]) = 0.21745540321391715
6912/16384
mean(sgnprob[1:i - 1]) = 0.21950513673853278
7040/16384
mean(sgnprob[1:i - 1]) = 0.21949140502912345
7168/16384
mean(sgnprob[1:i - 1]) = 0.21975722059439096
7296/16384
mean(sgnprob[1:i - 1]) = 0.21864290610006853
7424/16384
mean(sgnprob[1:i - 1]) = 0.21972248417082044
7552/16384
mean(sgnprob[1:i - 1]) = 0.2154681499139187
7680/16384
mean(sgnprob[1:i - 1]) = 0.21578330511785387
7808/16384
mean(sgnprob[1:i - 1]) = 0.2142948635839631
7936/16384
mean(sgnprob[1:i - 1]) = 0.21184625078764965
8064/16384
mean(sgnprob[1:i - 1]) = 0.21170780106660053
8192/16384
mean(sgnprob[1:i - 1]) = 0.21255036015138568
8320/16384
mean(sgnprob[1:i - 1]) = 0.21168409664623153
8448/16384
mean(sgnprob[1:i - 1]) = 0.2110808571090328
8576/16384
mean(sgnprob[1:i - 1]) = 0.21189504373177842
8704/16384
mean(sgnprob[1:i - 1]) = 0.21314489256578192
8832/16384
mean(sgnprob[1:i - 1]) = 0.21458498471294304
8960/16384
mean(sgnprob[1:i - 1]) = 0.21665364437995313
9088/16384
mean(sgnprob[1:i - 1]) = 0.21734345768680532
9216/16384
mean(sgnprob[1:i - 1]) = 0.21671188279978296
9344/16384
mean(sgnprob[1:i - 1]) = 0.2171679332120304
9472/16384
mean(sgnprob[1:i - 1]) = 0.21845634040755993
9600/16384
mean(sgnprob[1:i - 1]) = 0.2186686113136785
9728/16384
mean(sgnprob[1:i - 1]) = 0.21908090881052739
9856/16384
mean(sgnprob[1:i - 1]) = 0.21907661085743277
9984/16384
mean(sgnprob[1:i - 1]) = 0.2190724231193028
10112/16384
mean(sgnprob[1:i - 1]) = 0.22045297201068143
10240/16384
mean(sgnprob[1:i - 1]) = 0.22140834065826742
10368/16384
mean(sgnprob[1:i - 1]) = 0.22079675894665765
10496/16384
mean(sgnprob[1:i - 1]) = 0.21981896141019533
10624/16384
mean(sgnprob[1:i - 1]) = 0.21999435187800057
10752/16384
mean(sgnprob[1:i - 1]) = 0.2199795367872756
10880/16384
mean(sgnprob[1:i - 1]) = 0.22033275117198273
11008/16384
mean(sgnprob[1:i - 1]) = 0.21886072499318615
11136/16384
mean(sgnprob[1:i - 1]) = 0.2188594521778177
11264/16384
mean(sgnprob[1:i - 1]) = 0.2174376276302939
11392/16384
mean(sgnprob[1:i - 1]) = 0.21780352910192258
11520/16384
mean(sgnprob[1:i - 1]) = 0.21746679399253407
11648/16384
mean(sgnprob[1:i - 1]) = 0.21816776852408346
11776/16384
mean(sgnprob[1:i - 1]) = 0.21817409766454351
11904/16384
mean(sgnprob[1:i - 1]) = 0.22002856422750566
12032/16384
mean(sgnprob[1:i - 1]) = 0.21984872412933257
12160/16384
mean(sgnprob[1:i - 1]) = 0.2186857471831565
12288/16384
mean(sgnprob[1:i - 1]) = 0.21901196386424676
12416/16384
mean(sgnprob[1:i - 1]) = 0.2202980265807491
12544/16384
mean(sgnprob[1:i - 1]) = 0.22044168061867178
12672/16384
mean(sgnprob[1:i - 1]) = 0.21995106937100464
12800/16384
mean(sgnprob[1:i - 1]) = 0.21931400890694586
12928/16384
mean(sgnprob[1:i - 1]) = 0.21946313916608648
13056/16384
mean(sgnprob[1:i - 1]) = 0.2191497510532363
13184/16384
mean(sgnprob[1:i - 1]) = 0.21929758021694606
13312/16384
mean(sgnprob[1:i - 1]) = 0.2198933213131996
13440/16384
mean(sgnprob[1:i - 1]) = 0.21884068755115707
13568/16384
mean(sgnprob[1:i - 1]) = 0.2207562467752635
13696/16384
mean(sgnprob[1:i - 1]) = 0.21986126323475721
13824/16384
mean(sgnprob[1:i - 1]) = 0.22086377776170152
13952/16384
mean(sgnprob[1:i - 1]) = 0.22084438391513153
14080/16384
mean(sgnprob[1:i - 1]) = 0.22054123162156403
14208/16384
mean(sgnprob[1:i - 1]) = 0.21996199056802984
14336/16384
mean(sgnprob[1:i - 1]) = 0.21883501918381584
14464/16384
mean(sgnprob[1:i - 1]) = 0.2186959828527968
14592/16384
mean(sgnprob[1:i - 1]) = 0.2180111027345624
14720/16384
mean(sgnprob[1:i - 1]) = 0.21828928595692643
14848/16384
mean(sgnprob[1:i - 1]) = 0.22004445342493434
14976/16384
mean(sgnprob[1:i - 1]) = 0.21909849749582638
15104/16384
mean(sgnprob[1:i - 1]) = 0.21856584784479904
15232/16384
mean(sgnprob[1:i - 1]) = 0.21869870658525375
15360/16384
mean(sgnprob[1:i - 1]) = 0.21830848362523603
15488/16384
mean(sgnprob[1:i - 1]) = 0.21779557047846582
15616/16384
mean(sgnprob[1:i - 1]) = 0.21793147614473263
15744/16384
mean(sgnprob[1:i - 1]) = 0.2181922124118656
15872/16384
mean(sgnprob[1:i - 1]) = 0.2188267910024573
16000/16384
mean(sgnprob[1:i - 1]) = 0.21995124695293455
16128/16384
mean(sgnprob[1:i - 1]) = 0.22056179078563898
16256/16384
mean(sgnprob[1:i - 1]) = 0.2201784066441095
16384/16384
mean(sgnprob[1:i - 1]) = 0.2195568577183666
730.862350 seconds (167.10 M allocations: 70.745 GiB, 1.49% gc time, 1.25% compilation time)
