## SLURM PROLOG ###############################################################
##    Job ID : 7671155
##  Job Name : sbatch_etgent.sh
##  Nodelist : node1317
##      CPUs : 8
##  Mem/Node : 4096 MB
## Directory : /oscar/home/trazzaz/AFQMC
##   Job Started : Sun Jan 19 03:58:05 AM EST 2025
###############################################################################
seed = 1265
U = 2.0
β = 6.0
Warming up
128/1024
256/1024
384/1024
512/1024
640/1024
768/1024
896/1024
1024/1024
Measuring
128/16384
mean(sgnprob[1:i - 1]) = -0.25984251968503935
256/16384
mean(sgnprob[1:i - 1]) = -0.08235294117647059
384/16384
mean(sgnprob[1:i - 1]) = -0.08616187989556136
512/16384
mean(sgnprob[1:i - 1]) = -0.005870841487279843
640/16384
mean(sgnprob[1:i - 1]) = 0.04538341158059468
768/16384
mean(sgnprob[1:i - 1]) = 0.06649282920469361
896/16384
mean(sgnprob[1:i - 1]) = 0.08826815642458101
1024/16384
mean(sgnprob[1:i - 1]) = 0.09872922776148582
1152/16384
mean(sgnprob[1:i - 1]) = 0.04952215464813206
1280/16384
mean(sgnprob[1:i - 1]) = 0.07114933541829555
1408/16384
mean(sgnprob[1:i - 1]) = 0.05472636815920398
1536/16384
mean(sgnprob[1:i - 1]) = 0.04495114006514658
1664/16384
mean(sgnprob[1:i - 1]) = 0.0487071557426338
1792/16384
mean(sgnprob[1:i - 1]) = 0.047459519821328865
1920/16384
mean(sgnprob[1:i - 1]) = 0.05054715997915581
2048/16384
mean(sgnprob[1:i - 1]) = 0.02979970688812897
2176/16384
mean(sgnprob[1:i - 1]) = 0.01793103448275862
2304/16384
mean(sgnprob[1:i - 1]) = 0.005644811115935736
2432/16384
mean(sgnprob[1:i - 1]) = 0.002879473467708762
2560/16384
mean(sgnprob[1:i - 1]) = -0.016021883548261038
2688/16384
mean(sgnprob[1:i - 1]) = -0.026423520655005583
2816/16384
mean(sgnprob[1:i - 1]) = -0.035879218472468916
2944/16384
mean(sgnprob[1:i - 1]) = -0.044512402310567446
3072/16384
mean(sgnprob[1:i - 1]) = -0.052425919895799415
3200/16384
mean(sgnprob[1:i - 1]) = -0.044701469209127855
3328/16384
mean(sgnprob[1:i - 1]) = -0.0369702434625789
3456/16384
mean(sgnprob[1:i - 1]) = -0.05007235890014472
3584/16384
mean(sgnprob[1:i - 1]) = -0.056098241696902036
3712/16384
mean(sgnprob[1:i - 1]) = -0.057935866343303694
3840/16384
mean(sgnprob[1:i - 1]) = -0.04193800468872102
3968/16384
mean(sgnprob[1:i - 1]) = -0.04310562137635493
4096/16384
mean(sgnprob[1:i - 1]) = -0.03492063492063492
4224/16384
mean(sgnprob[1:i - 1]) = -0.04191333175467677
4352/16384
mean(sgnprob[1:i - 1]) = -0.039301310043668124
4480/16384
mean(sgnprob[1:i - 1]) = -0.04264344719803528
4608/16384
mean(sgnprob[1:i - 1]) = -0.04666811373996093
4736/16384
mean(sgnprob[1:i - 1]) = -0.03780359028511088
4864/16384
mean(sgnprob[1:i - 1]) = -0.027760641579272053
4992/16384
mean(sgnprob[1:i - 1]) = -0.020236425566018835
5120/16384
mean(sgnprob[1:i - 1]) = -0.009181480757960539
5248/16384
mean(sgnprob[1:i - 1]) = -0.0032399466361730514
5376/16384
mean(sgnprob[1:i - 1]) = 0.0039069767441860465
5504/16384
mean(sgnprob[1:i - 1]) = -0.0009085953116481918
5632/16384
mean(sgnprob[1:i - 1]) = 0.0033741786538803056
5760/16384
mean(sgnprob[1:i - 1]) = 0.013023094287202639
5888/16384
mean(sgnprob[1:i - 1]) = 0.017156446407338204
6016/16384
mean(sgnprob[1:i - 1]) = 0.022443890274314215
6144/16384
mean(sgnprob[1:i - 1]) = 0.019046068696076834
6272/16384
mean(sgnprob[1:i - 1]) = 0.023441237442194226
6400/16384
mean(sgnprob[1:i - 1]) = 0.0260978277855915
6528/16384
mean(sgnprob[1:i - 1]) = 0.028956641642408458
6656/16384
mean(sgnprob[1:i - 1]) = 0.03110443275732532
6784/16384
mean(sgnprob[1:i - 1]) = 0.026389503169688928
6912/16384
mean(sgnprob[1:i - 1]) = 0.02850528143539285
7040/16384
mean(sgnprob[1:i - 1]) = 0.032817161528626224
7168/16384
mean(sgnprob[1:i - 1]) = 0.034742570113018
7296/16384
mean(sgnprob[1:i - 1]) = 0.03934201507882111
7424/16384
mean(sgnprob[1:i - 1]) = 0.04351340428398222
7552/16384
mean(sgnprob[1:i - 1]) = 0.04568931267381804
7680/16384
mean(sgnprob[1:i - 1]) = 0.04883448365672614
7808/16384
mean(sgnprob[1:i - 1]) = 0.0434225694889202
7936/16384
mean(sgnprob[1:i - 1]) = 0.045998739760554505
8064/16384
mean(sgnprob[1:i - 1]) = 0.044276323948902394
8192/16384
mean(sgnprob[1:i - 1]) = 0.04553778537419118
8320/16384
mean(sgnprob[1:i - 1]) = 0.04267339824498137
8448/16384
mean(sgnprob[1:i - 1]) = 0.04297383686515923
8576/16384
mean(sgnprob[1:i - 1]) = 0.03720116618075802
8704/16384
mean(sgnprob[1:i - 1]) = 0.03895208548776284
8832/16384
mean(sgnprob[1:i - 1]) = 0.03521684973389197
8960/16384
mean(sgnprob[1:i - 1]) = 0.04007143654425717
9088/16384
mean(sgnprob[1:i - 1]) = 0.04324859689666557
9216/16384
mean(sgnprob[1:i - 1]) = 0.04525230602278893
9344/16384
mean(sgnprob[1:i - 1]) = 0.04762924114310179
9472/16384
mean(sgnprob[1:i - 1]) = 0.04445148347587372
9600/16384
mean(sgnprob[1:i - 1]) = 0.048442546098551933
9728/16384
mean(sgnprob[1:i - 1]) = 0.051094890510948905
9856/16384
mean(sgnprob[1:i - 1]) = 0.053678335870116695
9984/16384
mean(sgnprob[1:i - 1]) = 0.05118701793048182
10112/16384
mean(sgnprob[1:i - 1]) = 0.047967560083077836
10240/16384
mean(sgnprob[1:i - 1]) = 0.046391249145424356
10368/16384
mean(sgnprob[1:i - 1]) = 0.048326420372335296
10496/16384
mean(sgnprob[1:i - 1]) = 0.050023820867079564
10624/16384
mean(sgnprob[1:i - 1]) = 0.04810317236185635
10752/16384
mean(sgnprob[1:i - 1]) = 0.04585619942330946
10880/16384
mean(sgnprob[1:i - 1]) = 0.04623586726721206
11008/16384
mean(sgnprob[1:i - 1]) = 0.0482420278004906
11136/16384
mean(sgnprob[1:i - 1]) = 0.04301751234845083
11264/16384
mean(sgnprob[1:i - 1]) = 0.044659504572494006
11392/16384
mean(sgnprob[1:i - 1]) = 0.040646124133087526
11520/16384
mean(sgnprob[1:i - 1]) = 0.04158347078739474
11648/16384
mean(sgnprob[1:i - 1]) = 0.04301536876448871
11776/16384
mean(sgnprob[1:i - 1]) = 0.03966029723991507
11904/16384
mean(sgnprob[1:i - 1]) = 0.03637738385281022
12032/16384
mean(sgnprob[1:i - 1]) = 0.03382927437453246
12160/16384
mean(sgnprob[1:i - 1]) = 0.030676864873756066
12288/16384
mean(sgnprob[1:i - 1]) = 0.028078456905672664
12416/16384
mean(sgnprob[1:i - 1]) = 0.030527587595650423
12544/16384
mean(sgnprob[1:i - 1]) = 0.03324563501554652
12672/16384
mean(sgnprob[1:i - 1]) = 0.03433036066608792
12800/16384
mean(sgnprob[1:i - 1]) = 0.032424408156887255
12928/16384
mean(sgnprob[1:i - 1]) = 0.03442407364431036
13056/16384
mean(sgnprob[1:i - 1]) = 0.035924932975871314
13184/16384
mean(sgnprob[1:i - 1]) = 0.03330046271713571
13312/16384
mean(sgnprob[1:i - 1]) = 0.030876718503493352
13440/16384
mean(sgnprob[1:i - 1]) = 0.03355904457176873
13568/16384
mean(sgnprob[1:i - 1]) = 0.03486400825532542
13696/16384
mean(sgnprob[1:i - 1]) = 0.03614457831325301
13824/16384
mean(sgnprob[1:i - 1]) = 0.03638862764956956
13952/16384
mean(sgnprob[1:i - 1]) = 0.03791842878646692
14080/16384
mean(sgnprob[1:i - 1]) = 0.03942041338163222
14208/16384
mean(sgnprob[1:i - 1]) = 0.04033223059055395
14336/16384
mean(sgnprob[1:i - 1]) = 0.04192535751656784
14464/16384
mean(sgnprob[1:i - 1]) = 0.04321371776256655
14592/16384
mean(sgnprob[1:i - 1]) = 0.04447947364813926
14720/16384
mean(sgnprob[1:i - 1]) = 0.04626673007677152
14848/16384
mean(sgnprob[1:i - 1]) = 0.048157877012191014
14976/16384
mean(sgnprob[1:i - 1]) = 0.048948247078464104
15104/16384
mean(sgnprob[1:i - 1]) = 0.046414619611997616
15232/16384
mean(sgnprob[1:i - 1]) = 0.04707504431751034
15360/16384
mean(sgnprob[1:i - 1]) = 0.04811511166091542
15488/16384
mean(sgnprob[1:i - 1]) = 0.04707173758636275
15616/16384
mean(sgnprob[1:i - 1]) = 0.04860710854947166
15744/16384
mean(sgnprob[1:i - 1]) = 0.04617925427173982
15872/16384
mean(sgnprob[1:i - 1]) = 0.0473190095142083
16000/16384
mean(sgnprob[1:i - 1]) = 0.04794049628101756
16128/16384
mean(sgnprob[1:i - 1]) = 0.0504123519563465
16256/16384
mean(sgnprob[1:i - 1]) = 0.05136880959704706
16384/16384
mean(sgnprob[1:i - 1]) = 0.05255447720197766
818.567886 seconds (167.10 M allocations: 70.745 GiB, 2.22% gc time, 1.34% compilation time)
