## SLURM PROLOG ###############################################################
##    Job ID : 5902774
##  Job Name : etgent_N2_seed1262
##  Nodelist : node1741
##      CPUs : 8
##  Mem/Node : 2048 MB
## Directory : /oscar/home/trazzaz/AFQMC
##   Job Started : Mon Nov 11 01:28:20 AM EST 2024
###############################################################################
U = 2.0
seed = 1262
λₖ = 0.0
Warming up
128/512
256/512
384/512
512/512
Measuring
128/1024
256/1024
384/1024
512/1024
640/1024
768/1024
896/1024
1024/1024
288.128706 seconds (203.81 M allocations: 1.089 TiB, 22.61% gc time, 2.72% compilation time)
λₖ = 0.2
Warming up
128/512
256/512
384/512
512/512
Measuring
128/1024
256/1024
384/1024
512/1024
640/1024
768/1024
896/1024
1024/1024
320.310185 seconds (201.96 M allocations: 1.089 TiB, 22.07% gc time, 0.03% compilation time)
λₖ = 0.4
Warming up
128/512
256/512
384/512
512/512
Measuring
128/1024
256/1024
384/1024
512/1024
640/1024
768/1024
896/1024
1024/1024
249.222969 seconds (201.96 M allocations: 1.089 TiB, 24.64% gc time)
λₖ = 0.6
Warming up
128/512
256/512
384/512
512/512
Measuring
128/1024
256/1024
384/1024
512/1024
640/1024
768/1024
896/1024
1024/1024
251.995906 seconds (201.96 M allocations: 1.089 TiB, 24.72% gc time)
λₖ = 0.8
Warming up
128/512
256/512
384/512
512/512
Measuring
128/1024
256/1024
384/1024
512/1024
640/1024
768/1024
896/1024
1024/1024
253.331716 seconds (201.96 M allocations: 1.089 TiB, 24.75% gc time)
