## SLURM PROLOG ###############################################################
##    Job ID : 5902733
##  Job Name : etgent_N6_seed1261
##  Nodelist : node1711
##      CPUs : 8
##  Mem/Node : 2048 MB
## Directory : /oscar/home/trazzaz/AFQMC
##   Job Started : Mon Nov 11 12:02:16 AM EST 2024
###############################################################################
U = 2.0
seed = 1261
λₖ = 0.0
Warming up
128/512
256/512
384/512
512/512
Measuring
128/1024
256/1024
384/1024
512/1024
640/1024
768/1024
896/1024
1024/1024
284.215754 seconds (203.81 M allocations: 1.089 TiB, 21.97% gc time, 2.63% compilation time)
λₖ = 0.2
Warming up
128/512
256/512
384/512
512/512
Measuring
128/1024
256/1024
384/1024
512/1024
640/1024
768/1024
896/1024
1024/1024
334.360279 seconds (201.96 M allocations: 1.089 TiB, 22.03% gc time, 0.02% compilation time)
λₖ = 0.4
Warming up
128/512
256/512
384/512
512/512
Measuring
128/1024
256/1024
384/1024
512/1024
640/1024
768/1024
896/1024
1024/1024
265.004949 seconds (201.96 M allocations: 1.089 TiB, 25.40% gc time)
λₖ = 0.6
Warming up
128/512
256/512
384/512
512/512
Measuring
128/1024
256/1024
384/1024
512/1024
640/1024
768/1024
896/1024
1024/1024
256.785643 seconds (201.96 M allocations: 1.089 TiB, 24.78% gc time)
λₖ = 0.8
Warming up
128/512
256/512
384/512
512/512
Measuring
128/1024
256/1024
384/1024
512/1024
640/1024
768/1024
896/1024
1024/1024
254.922504 seconds (201.96 M allocations: 1.089 TiB, 24.78% gc time)
