## SLURM PROLOG ###############################################################
##    Job ID : 5902769
##  Job Name : etgent_N2_seed1257
##  Nodelist : node1711
##      CPUs : 8
##  Mem/Node : 2048 MB
## Directory : /oscar/home/trazzaz/AFQMC
##   Job Started : Mon Nov 11 01:18:19 AM EST 2024
###############################################################################
U = 2.0
seed = 1257
λₖ = 0.0
Warming up
128/512
256/512
384/512
512/512
Measuring
128/1024
256/1024
384/1024
512/1024
640/1024
768/1024
896/1024
1024/1024
319.168348 seconds (203.81 M allocations: 1.089 TiB, 25.21% gc time, 3.32% compilation time)
λₖ = 0.2
Warming up
128/512
256/512
384/512
512/512
Measuring
128/1024
256/1024
384/1024
512/1024
640/1024
768/1024
896/1024
1024/1024
349.277184 seconds (201.96 M allocations: 1.089 TiB, 25.07% gc time, 0.03% compilation time)
λₖ = 0.4
Warming up
128/512
256/512
384/512
512/512
Measuring
128/1024
256/1024
384/1024
512/1024
640/1024
768/1024
896/1024
1024/1024
284.322202 seconds (201.96 M allocations: 1.089 TiB, 27.49% gc time)
λₖ = 0.6
Warming up
128/512
256/512
384/512
512/512
Measuring
128/1024
256/1024
384/1024
512/1024
640/1024
768/1024
896/1024
1024/1024
285.900790 seconds (201.96 M allocations: 1.089 TiB, 27.49% gc time)
λₖ = 0.8
Warming up
128/512
256/512
384/512
512/512
Measuring
128/1024
256/1024
384/1024
512/1024
640/1024
768/1024
896/1024
1024/1024
289.100175 seconds (201.96 M allocations: 1.089 TiB, 27.68% gc time)
