## SLURM PROLOG ###############################################################
##    Job ID : 8822277
##  Job Name : sbatch_etgent.sh
##  Nodelist : node1704
##      CPUs : 8
##  Mem/Node : 4096 MB
## Directory : /oscar/home/trazzaz/AFQMC
##   Job Started : Thu Feb 27 06:25:04 PM EST 2025
###############################################################################
seed = 1272
U = 2.0
β = 6.0
Warming up
128/1024
256/1024
384/1024
512/1024
640/1024
768/1024
896/1024
1024/1024
Measuring
128/16384
mean(sgnprob[1:i - 1]) = 0.6377952755905512
256/16384
mean(sgnprob[1:i - 1]) = 0.592156862745098
384/16384
mean(sgnprob[1:i - 1]) = 0.587467362924282
512/16384
mean(sgnprob[1:i - 1]) = 0.5499021526418787
640/16384
mean(sgnprob[1:i - 1]) = 0.5586854460093896
768/16384
mean(sgnprob[1:i - 1]) = 0.5436766623207301
896/16384
mean(sgnprob[1:i - 1]) = 0.5486033519553073
1024/16384
mean(sgnprob[1:i - 1]) = 0.5640273704789834
1152/16384
mean(sgnprob[1:i - 1]) = 0.43874891398783666
1280/16384
mean(sgnprob[1:i - 1]) = 0.4573885848318999
1408/16384
mean(sgnprob[1:i - 1]) = 0.4683724235963042
1536/16384
mean(sgnprob[1:i - 1]) = 0.4775244299674267
1664/16384
mean(sgnprob[1:i - 1]) = 0.47083583884546
1792/16384
mean(sgnprob[1:i - 1]) = 0.47627024008933555
1920/16384
mean(sgnprob[1:i - 1]) = 0.48514851485148514
2048/16384
mean(sgnprob[1:i - 1]) = 0.48412310698583294
2176/16384
mean(sgnprob[1:i - 1]) = 0.424367816091954
2304/16384
mean(sgnprob[1:i - 1]) = 0.43117672600955276
2432/16384
mean(sgnprob[1:i - 1]) = 0.4397367338543809
2560/16384
mean(sgnprob[1:i - 1]) = 0.4372801875732708
2688/16384
mean(sgnprob[1:i - 1]) = 0.38816524004465947
2816/16384
mean(sgnprob[1:i - 1]) = 0.3946714031971581
2944/16384
mean(sgnprob[1:i - 1]) = 0.39789330615018687
3072/16384
mean(sgnprob[1:i - 1]) = 0.4067079127320091
3200/16384
mean(sgnprob[1:i - 1]) = 0.4135667396061269
3328/16384
mean(sgnprob[1:i - 1]) = 0.4192966636609558
3456/16384
mean(sgnprob[1:i - 1]) = 0.4257597684515195
3584/16384
mean(sgnprob[1:i - 1]) = 0.425062796539213
3712/16384
mean(sgnprob[1:i - 1]) = 0.42549178119105363
3840/16384
mean(sgnprob[1:i - 1]) = 0.43318572544933576
3968/16384
mean(sgnprob[1:i - 1]) = 0.4388706831358709
4096/16384
mean(sgnprob[1:i - 1]) = 0.44517704517704515
4224/16384
mean(sgnprob[1:i - 1]) = 0.4492067250769595
4352/16384
mean(sgnprob[1:i - 1]) = 0.42220179269133534
4480/16384
mean(sgnprob[1:i - 1]) = 0.4221924536726948
4608/16384
mean(sgnprob[1:i - 1]) = 0.42435424354243545
4736/16384
mean(sgnprob[1:i - 1]) = 0.42639915522703276
4864/16384
mean(sgnprob[1:i - 1]) = 0.42874768661320173
4992/16384
mean(sgnprob[1:i - 1]) = 0.4305750350631136
5120/16384
mean(sgnprob[1:i - 1]) = 0.4112131275639773
5248/16384
mean(sgnprob[1:i - 1]) = 0.41261673337145033
5376/16384
mean(sgnprob[1:i - 1]) = 0.41469767441860467
5504/16384
mean(sgnprob[1:i - 1]) = 0.41958931491913504
5632/16384
mean(sgnprob[1:i - 1]) = 0.3979754928076718
5760/16384
mean(sgnprob[1:i - 1]) = 0.37836429935752736
5888/16384
mean(sgnprob[1:i - 1]) = 0.3796500764396127
6016/16384
mean(sgnprob[1:i - 1]) = 0.38121363258520363
6144/16384
mean(sgnprob[1:i - 1]) = 0.3833631776005209
6272/16384
mean(sgnprob[1:i - 1]) = 0.36309998405357996
6400/16384
mean(sgnprob[1:i - 1]) = 0.34771057977809033
6528/16384
mean(sgnprob[1:i - 1]) = 0.3313926765742301
6656/16384
mean(sgnprob[1:i - 1]) = 0.33463561232156275
6784/16384
mean(sgnprob[1:i - 1]) = 0.33746130030959753
6912/16384
mean(sgnprob[1:i - 1]) = 0.34336564896541744
7040/16384
mean(sgnprob[1:i - 1]) = 0.3456456883079983
7168/16384
mean(sgnprob[1:i - 1]) = 0.3484023998883773
7296/16384
mean(sgnprob[1:i - 1]) = 0.3513365318711446
7424/16384
mean(sgnprob[1:i - 1]) = 0.3520140105078809
7552/16384
mean(sgnprob[1:i - 1]) = 0.354787445371474
7680/16384
mean(sgnprob[1:i - 1]) = 0.3579893215262404
7808/16384
mean(sgnprob[1:i - 1]) = 0.34340976047137184
7936/16384
mean(sgnprob[1:i - 1]) = 0.34492753623188405
8064/16384
mean(sgnprob[1:i - 1]) = 0.33101823142750836
8192/16384
mean(sgnprob[1:i - 1]) = 0.3329263826150653
8320/16384
mean(sgnprob[1:i - 1]) = 0.3215530712826061
8448/16384
mean(sgnprob[1:i - 1]) = 0.306972889783355
8576/16384
mean(sgnprob[1:i - 1]) = 0.30915451895043733
8704/16384
mean(sgnprob[1:i - 1]) = 0.3137998391359301
8832/16384
mean(sgnprob[1:i - 1]) = 0.31627222285131923
8960/16384
mean(sgnprob[1:i - 1]) = 0.3039401718941846
9088/16384
mean(sgnprob[1:i - 1]) = 0.30648178716848246
9216/16384
mean(sgnprob[1:i - 1]) = 0.3098209441128595
9344/16384
mean(sgnprob[1:i - 1]) = 0.31413892753933426
9472/16384
mean(sgnprob[1:i - 1]) = 0.3177066835603421
9600/16384
mean(sgnprob[1:i - 1]) = 0.3074278570684446
9728/16384
mean(sgnprob[1:i - 1]) = 0.3109900277577876
9856/16384
mean(sgnprob[1:i - 1]) = 0.3134449518011162
9984/16384
mean(sgnprob[1:i - 1]) = 0.31603726334769106
10112/16384
mean(sgnprob[1:i - 1]) = 0.318959549006033
10240/16384
mean(sgnprob[1:i - 1]) = 0.3083308916886415
10368/16384
mean(sgnprob[1:i - 1]) = 0.29873637503617245
10496/16384
mean(sgnprob[1:i - 1]) = 0.30271557884707
10624/16384
mean(sgnprob[1:i - 1]) = 0.293419937870658
10752/16384
mean(sgnprob[1:i - 1]) = 0.29643754069388895
10880/16384
mean(sgnprob[1:i - 1]) = 0.2861476238624874
11008/16384
mean(sgnprob[1:i - 1]) = 0.2880893976560371
11136/16384
mean(sgnprob[1:i - 1]) = 0.2907049842837898
11264/16384
mean(sgnprob[1:i - 1]) = 0.29148539465506523
11392/16384
mean(sgnprob[1:i - 1]) = 0.29400403827583177
11520/16384
mean(sgnprob[1:i - 1]) = 0.29542495008247244
11648/16384
mean(sgnprob[1:i - 1]) = 0.29836009272774106
11776/16384
mean(sgnprob[1:i - 1]) = 0.289171974522293
11904/16384
mean(sgnprob[1:i - 1]) = 0.29194320759472403
12032/16384
mean(sgnprob[1:i - 1]) = 0.2958191339040811
12160/16384
mean(sgnprob[1:i - 1]) = 0.2976396085204375
12288/16384
mean(sgnprob[1:i - 1]) = 0.299747700822007
12416/16384
mean(sgnprob[1:i - 1]) = 0.30052356020942406
12544/16384
mean(sgnprob[1:i - 1]) = 0.3035159052858168
12672/16384
mean(sgnprob[1:i - 1]) = 0.30565859048220345
12800/16384
mean(sgnprob[1:i - 1]) = 0.3079146808344402
12928/16384
mean(sgnprob[1:i - 1]) = 0.3098166627987932
13056/16384
mean(sgnprob[1:i - 1]) = 0.30065109153581004
13184/16384
mean(sgnprob[1:i - 1]) = 0.3015246908897823
13312/16384
mean(sgnprob[1:i - 1]) = 0.30388400570956353
13440/16384
mean(sgnprob[1:i - 1]) = 0.30664483964580697
13568/16384
mean(sgnprob[1:i - 1]) = 0.30773199675683643
13696/16384
mean(sgnprob[1:i - 1]) = 0.3092369477911647
13824/16384
mean(sgnprob[1:i - 1]) = 0.30015192071185703
13952/16384
mean(sgnprob[1:i - 1]) = 0.292667192315963
14080/16384
mean(sgnprob[1:i - 1]) = 0.2942680588109951
14208/16384
mean(sgnprob[1:i - 1]) = 0.29598085450834094
14336/16384
mean(sgnprob[1:i - 1]) = 0.2976630624346006
14464/16384
mean(sgnprob[1:i - 1]) = 0.2991772108138007
14592/16384
mean(sgnprob[1:i - 1]) = 0.29244054554177235
14720/16384
mean(sgnprob[1:i - 1]) = 0.2951966845573748
14848/16384
mean(sgnprob[1:i - 1]) = 0.29736647134101163
14976/16384
mean(sgnprob[1:i - 1]) = 0.29843071786310515
15104/16384
mean(sgnprob[1:i - 1]) = 0.2913990597894458
15232/16384
mean(sgnprob[1:i - 1]) = 0.29341474624121855
15360/16384
mean(sgnprob[1:i - 1]) = 0.29513640210951236
15488/16384
mean(sgnprob[1:i - 1]) = 0.2969587395880416
15616/16384
mean(sgnprob[1:i - 1]) = 0.30016010246557795
15744/16384
mean(sgnprob[1:i - 1]) = 0.30165787969256175
15872/16384
mean(sgnprob[1:i - 1]) = 0.3031314977002079
16000/16384
mean(sgnprob[1:i - 1]) = 0.3054565910369398
16128/16384
mean(sgnprob[1:i - 1]) = 0.3076207602157872
16256/16384
mean(sgnprob[1:i - 1]) = 0.30901261150415255
16384/16384
mean(sgnprob[1:i - 1]) = 0.311237258133431
721.305364 seconds (167.11 M allocations: 70.745 GiB, 1.34% gc time, 1.24% compilation time)
