## SLURM PROLOG ###############################################################
##    Job ID : 8833910
##  Job Name : sbatch_etgent.sh
##  Nodelist : node1736
##      CPUs : 8
##  Mem/Node : 4096 MB
## Directory : /oscar/home/trazzaz/AFQMC
##   Job Started : Fri Feb 28 01:38:23 AM EST 2025
###############################################################################
seed = 1464
U = 2.0
β = 6.0
Warming up
128/1024
256/1024
384/1024
512/1024
640/1024
768/1024
896/1024
1024/1024
Measuring
128/16384
mean(sgnprob[1:i - 1]) = 0.2283464566929134
256/16384
mean(sgnprob[1:i - 1]) = 0.2235294117647059
384/16384
mean(sgnprob[1:i - 1]) = 0.1906005221932115
512/16384
mean(sgnprob[1:i - 1]) = 0.2446183953033268
640/16384
mean(sgnprob[1:i - 1]) = 0.1486697965571205
768/16384
mean(sgnprob[1:i - 1]) = 0.07431551499348109
896/16384
mean(sgnprob[1:i - 1]) = 0.08826815642458101
1024/16384
mean(sgnprob[1:i - 1]) = 0.1241446725317693
1152/16384
mean(sgnprob[1:i - 1]) = 0.08079930495221546
1280/16384
mean(sgnprob[1:i - 1]) = 0.10711493354182955
1408/16384
mean(sgnprob[1:i - 1]) = 0.12295664534470505
1536/16384
mean(sgnprob[1:i - 1]) = 0.13615635179153093
1664/16384
mean(sgnprob[1:i - 1]) = 0.10643415514131088
1792/16384
mean(sgnprob[1:i - 1]) = 0.11892797319932999
1920/16384
mean(sgnprob[1:i - 1]) = 0.12037519541427827
2048/16384
mean(sgnprob[1:i - 1]) = 0.12457254518808011
2176/16384
mean(sgnprob[1:i - 1]) = 0.10528735632183908
2304/16384
mean(sgnprob[1:i - 1]) = 0.11506730351715154
2432/16384
mean(sgnprob[1:i - 1]) = 0.09666803784450843
2560/16384
mean(sgnprob[1:i - 1]) = 0.10668229777256741
2688/16384
mean(sgnprob[1:i - 1]) = 0.09043542984741347
2816/16384
mean(sgnprob[1:i - 1]) = 0.10479573712255773
2944/16384
mean(sgnprob[1:i - 1]) = 0.09072375127421
3072/16384
mean(sgnprob[1:i - 1]) = 0.0719635297948551
3200/16384
mean(sgnprob[1:i - 1]) = 0.060331353547983746
3328/16384
mean(sgnprob[1:i - 1]) = 0.05440336639615269
3456/16384
mean(sgnprob[1:i - 1]) = 0.06454413892908828
3584/16384
mean(sgnprob[1:i - 1]) = 0.054981858777560705
3712/16384
mean(sgnprob[1:i - 1]) = 0.06440312584209108
3840/16384
mean(sgnprob[1:i - 1]) = 0.05496222974733003
3968/16384
mean(sgnprob[1:i - 1]) = 0.05873456012099824
4096/16384
mean(sgnprob[1:i - 1]) = 0.06373626373626373
4224/16384
mean(sgnprob[1:i - 1]) = 0.0651195832346673
4352/16384
mean(sgnprob[1:i - 1]) = 0.07285681452539645
4480/16384
mean(sgnprob[1:i - 1]) = 0.0810448760884126
4608/16384
mean(sgnprob[1:i - 1]) = 0.09051443455611027
4736/16384
mean(sgnprob[1:i - 1]) = 0.09947201689545934
4864/16384
mean(sgnprob[1:i - 1]) = 0.10137775035986017
4992/16384
mean(sgnprob[1:i - 1]) = 0.09036265277499499
5120/16384
mean(sgnprob[1:i - 1]) = 0.09708927524907209
5248/16384
mean(sgnprob[1:i - 1]) = 0.08785972936916334
5376/16384
mean(sgnprob[1:i - 1]) = 0.09172093023255815
5504/16384
mean(sgnprob[1:i - 1]) = 0.08340904960930402
5632/16384
mean(sgnprob[1:i - 1]) = 0.08755105665068372
5760/16384
mean(sgnprob[1:i - 1]) = 0.09011981246744226
5888/16384
mean(sgnprob[1:i - 1]) = 0.08068625785629353
6016/16384
mean(sgnprob[1:i - 1]) = 0.08395677472984206
6144/16384
mean(sgnprob[1:i - 1]) = 0.08709099788377014
6272/16384
mean(sgnprob[1:i - 1]) = 0.0789347791420826
6400/16384
mean(sgnprob[1:i - 1]) = 0.08110642287857478
6528/16384
mean(sgnprob[1:i - 1]) = 0.08258005209131301
6656/16384
mean(sgnprob[1:i - 1]) = 0.08549962434259956
6784/16384
mean(sgnprob[1:i - 1]) = 0.08830900781365178
6912/16384
mean(sgnprob[1:i - 1]) = 0.08898856894805383
7040/16384
mean(sgnprob[1:i - 1]) = 0.09163233413837193
7168/16384
mean(sgnprob[1:i - 1]) = 0.09529789312125017
7296/16384
mean(sgnprob[1:i - 1]) = 0.09965729952021933
7424/16384
mean(sgnprob[1:i - 1]) = 0.10386636130944363
7552/16384
mean(sgnprob[1:i - 1]) = 0.09627863859091511
7680/16384
mean(sgnprob[1:i - 1]) = 0.08972522463862483
7808/16384
mean(sgnprob[1:i - 1]) = 0.08261816318688357
7936/16384
mean(sgnprob[1:i - 1]) = 0.08733459357277883
8064/16384
mean(sgnprob[1:i - 1]) = 0.09115713754185786
8192/16384
mean(sgnprob[1:i - 1]) = 0.09412770113539251
8320/16384
mean(sgnprob[1:i - 1]) = 0.096766438273831
8448/16384
mean(sgnprob[1:i - 1]) = 0.09885166331241861
8576/16384
mean(sgnprob[1:i - 1]) = 0.09364431486880466
8704/16384
mean(sgnprob[1:i - 1]) = 0.08904975295874985
8832/16384
mean(sgnprob[1:i - 1]) = 0.09206205412750539
8960/16384
mean(sgnprob[1:i - 1]) = 0.08762138631543699
9088/16384
mean(sgnprob[1:i - 1]) = 0.0813249697369869
9216/16384
mean(sgnprob[1:i - 1]) = 0.07759088442756376
9344/16384
mean(sgnprob[1:i - 1]) = 0.08102322594455742
9472/16384
mean(sgnprob[1:i - 1]) = 0.08394044979410833
9600/16384
mean(sgnprob[1:i - 1]) = 0.08490467757058028
9728/16384
mean(sgnprob[1:i - 1]) = 0.08646036804770227
9856/16384
mean(sgnprob[1:i - 1]) = 0.08878741755454084
9984/16384
mean(sgnprob[1:i - 1]) = 0.0918561554642893
10112/16384
mean(sgnprob[1:i - 1]) = 0.09346256552269805
10240/16384
mean(sgnprob[1:i - 1]) = 0.0967867955855064
10368/16384
mean(sgnprob[1:i - 1]) = 0.0996430982926594
10496/16384
mean(sgnprob[1:i - 1]) = 0.10281086231538827
10624/16384
mean(sgnprob[1:i - 1]) = 0.10627882895603878
10752/16384
mean(sgnprob[1:i - 1]) = 0.11003627569528417
10880/16384
mean(sgnprob[1:i - 1]) = 0.1102123356926188
11008/16384
mean(sgnprob[1:i - 1]) = 0.10584173707640593
11136/16384
mean(sgnprob[1:i - 1]) = 0.10642119443197126
11264/16384
mean(sgnprob[1:i - 1]) = 0.10911835212643167
11392/16384
mean(sgnprob[1:i - 1]) = 0.10543411465191818
11520/16384
mean(sgnprob[1:i - 1]) = 0.1018317562288393
11648/16384
mean(sgnprob[1:i - 1]) = 0.10242981025156693
11776/16384
mean(sgnprob[1:i - 1]) = 0.10165605095541401
11904/16384
mean(sgnprob[1:i - 1]) = 0.10442745526337897
12032/16384
mean(sgnprob[1:i - 1]) = 0.10830354916465797
12160/16384
mean(sgnprob[1:i - 1]) = 0.11028867505551443
12288/16384
mean(sgnprob[1:i - 1]) = 0.10620981525189224
12416/16384
mean(sgnprob[1:i - 1]) = 0.10656463954893275
12544/16384
mean(sgnprob[1:i - 1]) = 0.10244758032368652
12672/16384
mean(sgnprob[1:i - 1]) = 0.10030778944045458
12800/16384
mean(sgnprob[1:i - 1]) = 0.09867958434252676
12928/16384
mean(sgnprob[1:i - 1]) = 0.1004873520538408
13056/16384
mean(sgnprob[1:i - 1]) = 0.10256606664113367
13184/16384
mean(sgnprob[1:i - 1]) = 0.10399757263141925
13312/16384
mean(sgnprob[1:i - 1]) = 0.10014273908797236
13440/16384
mean(sgnprob[1:i - 1]) = 0.10201651908624154
13568/16384
mean(sgnprob[1:i - 1]) = 0.10385494213901378
13696/16384
mean(sgnprob[1:i - 1]) = 0.10507484483388098
13824/16384
mean(sgnprob[1:i - 1]) = 0.10106344498299935
13952/16384
mean(sgnprob[1:i - 1]) = 0.1032900867321339
14080/16384
mean(sgnprob[1:i - 1]) = 0.1063285744726188
14208/16384
mean(sgnprob[1:i - 1]) = 0.1063560216794538
14336/16384
mean(sgnprob[1:i - 1]) = 0.10331356818974538
14464/16384
mean(sgnprob[1:i - 1]) = 0.10073981884809514
14592/16384
mean(sgnprob[1:i - 1]) = 0.0978000137070797
14720/16384
mean(sgnprob[1:i - 1]) = 0.09939533935729329
14848/16384
mean(sgnprob[1:i - 1]) = 0.09638310769852496
14976/16384
mean(sgnprob[1:i - 1]) = 0.09368948247078464
15104/16384
mean(sgnprob[1:i - 1]) = 0.09117393895252598
15232/16384
mean(sgnprob[1:i - 1]) = 0.08909460967763115
15360/16384
mean(sgnprob[1:i - 1]) = 0.09147730972068494
15488/16384
mean(sgnprob[1:i - 1]) = 0.09265835862336153
15616/16384
mean(sgnprob[1:i - 1]) = 0.09446045469100224
15744/16384
mean(sgnprob[1:i - 1]) = 0.09102458235406212
15872/16384
mean(sgnprob[1:i - 1]) = 0.09155062692962006
16000/16384
mean(sgnprob[1:i - 1]) = 0.09319332458278642
16128/16384
mean(sgnprob[1:i - 1]) = 0.08984932101444781
16256/16384
mean(sgnprob[1:i - 1]) = 0.09086434943094432
16384/16384
mean(sgnprob[1:i - 1]) = 0.09198559482390282
727.213583 seconds (167.11 M allocations: 70.745 GiB, 1.37% gc time, 1.26% compilation time)
