## SLURM PROLOG ###############################################################
##    Job ID : 8833913
##  Job Name : sbatch_etgent.sh
##  Nodelist : node1322
##      CPUs : 8
##  Mem/Node : 4096 MB
## Directory : /oscar/home/trazzaz/AFQMC
##   Job Started : Fri Feb 28 01:44:49 AM EST 2025
###############################################################################
seed = 1467
U = 2.0
β = 6.0
Warming up
128/1024
256/1024
384/1024
512/1024
640/1024
768/1024
896/1024
1024/1024
Measuring
128/16384
mean(sgnprob[1:i - 1]) = -0.25984251968503935
256/16384
mean(sgnprob[1:i - 1]) = -0.07450980392156863
384/16384
mean(sgnprob[1:i - 1]) = -0.1227154046997389
512/16384
mean(sgnprob[1:i - 1]) = -0.1350293542074364
640/16384
mean(sgnprob[1:i - 1]) = -0.13928012519561817
768/16384
mean(sgnprob[1:i - 1]) = -0.09517601043024772
896/16384
mean(sgnprob[1:i - 1]) = -0.05921787709497207
1024/16384
mean(sgnprob[1:i - 1]) = -0.04985337243401759
1152/16384
mean(sgnprob[1:i - 1]) = -0.02693310165073849
1280/16384
mean(sgnprob[1:i - 1]) = -0.05238467552775606
1408/16384
mean(sgnprob[1:i - 1]) = -0.030561478322672354
1536/16384
mean(sgnprob[1:i - 1]) = -0.051465798045602605
1664/16384
mean(sgnprob[1:i - 1]) = -0.025856885147324114
1792/16384
mean(sgnprob[1:i - 1]) = -0.0016750418760469012
1920/16384
mean(sgnprob[1:i - 1]) = -0.018238665971860343
2048/16384
mean(sgnprob[1:i - 1]) = -0.0004885197850512946
2176/16384
mean(sgnprob[1:i - 1]) = 0.017011494252873564
2304/16384
mean(sgnprob[1:i - 1]) = 0.004776378636561007
2432/16384
mean(sgnprob[1:i - 1]) = 0.020156314273961334
2560/16384
mean(sgnprob[1:i - 1]) = 0.031652989449003514
2688/16384
mean(sgnprob[1:i - 1]) = 0.039077037588388534
2816/16384
mean(sgnprob[1:i - 1]) = 0.046536412078152754
2944/16384
mean(sgnprob[1:i - 1]) = 0.05402650356778797
3072/16384
mean(sgnprob[1:i - 1]) = 0.04395962227287528
3200/16384
mean(sgnprob[1:i - 1]) = 0.030947170990934667
3328/16384
mean(sgnprob[1:i - 1]) = 0.0387736699729486
3456/16384
mean(sgnprob[1:i - 1]) = 0.047178002894356
3584/16384
mean(sgnprob[1:i - 1]) = 0.048283561261512696
3712/16384
mean(sgnprob[1:i - 1]) = 0.037456211263810296
3840/16384
mean(sgnprob[1:i - 1]) = 0.04506381870278718
3968/16384
mean(sgnprob[1:i - 1]) = 0.05167632972019158
4096/16384
mean(sgnprob[1:i - 1]) = 0.04224664224664225
4224/16384
mean(sgnprob[1:i - 1]) = 0.03480937721998579
4352/16384
mean(sgnprob[1:i - 1]) = 0.022753390025281546
4480/16384
mean(sgnprob[1:i - 1]) = 0.027461486939048894
4608/16384
mean(sgnprob[1:i - 1]) = 0.01584545257217278
4736/16384
mean(sgnprob[1:i - 1]) = 0.02259767687434002
4864/16384
mean(sgnprob[1:i - 1]) = 0.018301460004112688
4992/16384
mean(sgnprob[1:i - 1]) = 0.01462632738930074
5120/16384
mean(sgnprob[1:i - 1]) = 0.021683922641140847
5248/16384
mean(sgnprob[1:i - 1]) = 0.024966647608157044
5376/16384
mean(sgnprob[1:i - 1]) = 0.024372093023255815
5504/16384
mean(sgnprob[1:i - 1]) = 0.027439578411775394
5632/16384
mean(sgnprob[1:i - 1]) = 0.03462972828982419
5760/16384
mean(sgnprob[1:i - 1]) = 0.029692654974822017
5888/16384
mean(sgnprob[1:i - 1]) = 0.03516222184474265
6016/16384
mean(sgnprob[1:i - 1]) = 0.03973399833748961
6144/16384
mean(sgnprob[1:i - 1]) = 0.03272016929838841
6272/16384
mean(sgnprob[1:i - 1]) = 0.03747408706745336
6400/16384
mean(sgnprob[1:i - 1]) = 0.0426629160806376
6528/16384
mean(sgnprob[1:i - 1]) = 0.0448904550329401
6656/16384
mean(sgnprob[1:i - 1]) = 0.04222389181066867
6784/16384
mean(sgnprob[1:i - 1]) = 0.036414565826330535
6912/16384
mean(sgnprob[1:i - 1]) = 0.03718709304008103
7040/16384
mean(sgnprob[1:i - 1]) = 0.04333001846853246
7168/16384
mean(sgnprob[1:i - 1]) = 0.04813729593972373
7296/16384
mean(sgnprob[1:i - 1]) = 0.050034270047978065
7424/16384
mean(sgnprob[1:i - 1]) = 0.04216624006466388
7552/16384
mean(sgnprob[1:i - 1]) = 0.04515958151238247
7680/16384
mean(sgnprob[1:i - 1]) = 0.0386769110561271
7808/16384
mean(sgnprob[1:i - 1]) = 0.04009222492634815
7936/16384
mean(sgnprob[1:i - 1]) = 0.04297416509136736
8064/16384
mean(sgnprob[1:i - 1]) = 0.045516557112737194
8192/16384
mean(sgnprob[1:i - 1]) = 0.04578195580515199
8320/16384
mean(sgnprob[1:i - 1]) = 0.05108787113835798
8448/16384
mean(sgnprob[1:i - 1]) = 0.055759441221735526
8576/16384
mean(sgnprob[1:i - 1]) = 0.055860058309037904
8704/16384
mean(sgnprob[1:i - 1]) = 0.05205101689072734
8832/16384
mean(sgnprob[1:i - 1]) = 0.04676707054693693
8960/16384
mean(sgnprob[1:i - 1]) = 0.052126353387654874
9088/16384
mean(sgnprob[1:i - 1]) = 0.048971057554748544
9216/16384
mean(sgnprob[1:i - 1]) = 0.05198046663049376
9344/16384
mean(sgnprob[1:i - 1]) = 0.05512148132291555
9472/16384
mean(sgnprob[1:i - 1]) = 0.050364269876465
9600/16384
mean(sgnprob[1:i - 1]) = 0.05323471194916137
9728/16384
mean(sgnprob[1:i - 1]) = 0.04986121106199239
9856/16384
mean(sgnprob[1:i - 1]) = 0.04637239979705733
9984/16384
mean(sgnprob[1:i - 1]) = 0.04798156866673345
10112/16384
mean(sgnprob[1:i - 1]) = 0.043813668282069035
10240/16384
mean(sgnprob[1:i - 1]) = 0.04170329133704463
10368/16384
mean(sgnprob[1:i - 1]) = 0.04369634416899778
10496/16384
mean(sgnprob[1:i - 1]) = 0.04678418294425917
10624/16384
mean(sgnprob[1:i - 1]) = 0.04866798456179987
10752/16384
mean(sgnprob[1:i - 1]) = 0.04734443307599293
10880/16384
mean(sgnprob[1:i - 1]) = 0.047522750252780584
11008/16384
mean(sgnprob[1:i - 1]) = 0.04424457163623149
11136/16384
mean(sgnprob[1:i - 1]) = 0.04463403682083521
11264/16384
mean(sgnprob[1:i - 1]) = 0.040397762585456805
11392/16384
mean(sgnprob[1:i - 1]) = 0.035905539460977964
11520/16384
mean(sgnprob[1:i - 1]) = 0.037069190033857106
11648/16384
mean(sgnprob[1:i - 1]) = 0.039752726023868805
11776/16384
mean(sgnprob[1:i - 1]) = 0.038641188959660296
11904/16384
mean(sgnprob[1:i - 1]) = 0.04040998067714022
12032/16384
mean(sgnprob[1:i - 1]) = 0.043637270384839166
12160/16384
mean(sgnprob[1:i - 1]) = 0.043013405707706225
12288/16384
mean(sgnprob[1:i - 1]) = 0.044518596891023034
12416/16384
mean(sgnprob[1:i - 1]) = 0.0427708417237213
12544/16384
mean(sgnprob[1:i - 1]) = 0.03962369449095113
12672/16384
mean(sgnprob[1:i - 1]) = 0.0417488753847368
12800/16384
mean(sgnprob[1:i - 1]) = 0.04492538479568716
12928/16384
mean(sgnprob[1:i - 1]) = 0.0469559836002166
13056/16384
mean(sgnprob[1:i - 1]) = 0.048640367675220224
13184/16384
mean(sgnprob[1:i - 1]) = 0.04407191079420466
13312/16384
mean(sgnprob[1:i - 1]) = 0.041244083840432724
13440/16384
mean(sgnprob[1:i - 1]) = 0.03921422724905127
13568/16384
mean(sgnprob[1:i - 1]) = 0.04120291884720277
13696/16384
mean(sgnprob[1:i - 1]) = 0.04227820372398686
13824/16384
mean(sgnprob[1:i - 1]) = 0.03971641467120017
13952/16384
mean(sgnprob[1:i - 1]) = 0.03576804530141209
14080/16384
mean(sgnprob[1:i - 1]) = 0.034164358264081256
14208/16384
mean(sgnprob[1:i - 1]) = 0.03413810093615823
14336/16384
mean(sgnprob[1:i - 1]) = 0.032298569933728635
14464/16384
mean(sgnprob[1:i - 1]) = 0.03062988315010717
14592/16384
mean(sgnprob[1:i - 1]) = 0.0322801727092043
14720/16384
mean(sgnprob[1:i - 1]) = 0.029825395746993683
14848/16384
mean(sgnprob[1:i - 1]) = 0.03212770256617498
14976/16384
mean(sgnprob[1:i - 1]) = 0.034657762938230384
15104/16384
mean(sgnprob[1:i - 1]) = 0.03608554591802953
15232/16384
mean(sgnprob[1:i - 1]) = 0.03499441927647561
15360/16384
mean(sgnprob[1:i - 1]) = 0.03587473142782733
15488/16384
mean(sgnprob[1:i - 1]) = 0.037644476012139216
15616/16384
mean(sgnprob[1:i - 1]) = 0.03976945244956772
15744/16384
mean(sgnprob[1:i - 1]) = 0.04224099599822143
15872/16384
mean(sgnprob[1:i - 1]) = 0.043664545397265456
16000/16384
mean(sgnprob[1:i - 1]) = 0.04494030876929808
16128/16384
mean(sgnprob[1:i - 1]) = 0.04619582067340485
16256/16384
mean(sgnprob[1:i - 1]) = 0.04410950476776376
16384/16384
mean(sgnprob[1:i - 1]) = 0.04229994506500641
818.960621 seconds (167.11 M allocations: 70.745 GiB, 2.29% gc time, 1.31% compilation time)
