## SLURM PROLOG ###############################################################
##    Job ID : 8833970
##  Job Name : sbatch_etgent.sh
##  Nodelist : node1734
##      CPUs : 8
##  Mem/Node : 4096 MB
## Directory : /oscar/home/trazzaz/AFQMC
##   Job Started : Fri Feb 28 03:19:29 AM EST 2025
###############################################################################
seed = 1524
U = 2.0
β = 6.0
Warming up
128/1024
256/1024
384/1024
512/1024
640/1024
768/1024
896/1024
1024/1024
Measuring
128/16384
mean(sgnprob[1:i - 1]) = 0.5905511811023622
256/16384
mean(sgnprob[1:i - 1]) = 0.5215686274509804
384/16384
mean(sgnprob[1:i - 1]) = 0.5039164490861618
512/16384
mean(sgnprob[1:i - 1]) = 0.487279843444227
640/16384
mean(sgnprob[1:i - 1]) = 0.27699530516431925
768/16384
mean(sgnprob[1:i - 1]) = 0.2777053455019557
896/16384
mean(sgnprob[1:i - 1]) = 0.31843575418994413
1024/16384
mean(sgnprob[1:i - 1]) = 0.21994134897360704
1152/16384
mean(sgnprob[1:i - 1]) = 0.13987836663770634
1280/16384
mean(sgnprob[1:i - 1]) = 0.15715402658326819
1408/16384
mean(sgnprob[1:i - 1]) = 0.10163468372423597
1536/16384
mean(sgnprob[1:i - 1]) = 0.1257328990228013
1664/16384
mean(sgnprob[1:i - 1]) = 0.07516536380036079
1792/16384
mean(sgnprob[1:i - 1]) = 0.10217755443886097
1920/16384
mean(sgnprob[1:i - 1]) = 0.06201146430432517
2048/16384
mean(sgnprob[1:i - 1]) = 0.08744504152418173
2176/16384
mean(sgnprob[1:i - 1]) = 0.06022988505747127
2304/16384
mean(sgnprob[1:i - 1]) = 0.08467216673903603
2432/16384
mean(sgnprob[1:i - 1]) = 0.06375976964212259
2560/16384
mean(sgnprob[1:i - 1]) = 0.07854630715123095
2688/16384
mean(sgnprob[1:i - 1]) = 0.10383327130628954
2816/16384
mean(sgnprob[1:i - 1]) = 0.07992895204262877
2944/16384
mean(sgnprob[1:i - 1]) = 0.09751953788651037
3072/16384
mean(sgnprob[1:i - 1]) = 0.11559752523607945
3200/16384
mean(sgnprob[1:i - 1]) = 0.1297280400125039
3328/16384
mean(sgnprob[1:i - 1]) = 0.137360985873159
3456/16384
mean(sgnprob[1:i - 1]) = 0.1507959479015919
3584/16384
mean(sgnprob[1:i - 1]) = 0.16103823611498744
3712/16384
mean(sgnprob[1:i - 1]) = 0.17003503098895176
3840/16384
mean(sgnprob[1:i - 1]) = 0.14873665016931492
3968/16384
mean(sgnprob[1:i - 1]) = 0.1293168641290648
4096/16384
mean(sgnprob[1:i - 1]) = 0.13846153846153847
4224/16384
mean(sgnprob[1:i - 1]) = 0.15036703765095905
4352/16384
mean(sgnprob[1:i - 1]) = 0.13675017237416687
4480/16384
mean(sgnprob[1:i - 1]) = 0.1444518865818263
4608/16384
mean(sgnprob[1:i - 1]) = 0.1534621228565227
4736/16384
mean(sgnprob[1:i - 1]) = 0.1324181626187962
4864/16384
mean(sgnprob[1:i - 1]) = 0.14044828295290973
4992/16384
mean(sgnprob[1:i - 1]) = 0.150470847525546
5120/16384
mean(sgnprob[1:i - 1]) = 0.15921078335612424
5248/16384
mean(sgnprob[1:i - 1]) = 0.16828663998475318
5376/16384
mean(sgnprob[1:i - 1]) = 0.17506976744186045
5504/16384
mean(sgnprob[1:i - 1]) = 0.18335453389060513
5632/16384
mean(sgnprob[1:i - 1]) = 0.16924169774462794
5760/16384
mean(sgnprob[1:i - 1]) = 0.1769404410487932
5888/16384
mean(sgnprob[1:i - 1]) = 0.1645999660268388
6016/16384
mean(sgnprob[1:i - 1]) = 0.171072319201995
6144/16384
mean(sgnprob[1:i - 1]) = 0.17955396386130554
6272/16384
mean(sgnprob[1:i - 1]) = 0.18577579333439642
6400/16384
mean(sgnprob[1:i - 1]) = 0.18893577121425223
6528/16384
mean(sgnprob[1:i - 1]) = 0.1751187375517083
6656/16384
mean(sgnprob[1:i - 1]) = 0.18467317806160782
6784/16384
mean(sgnprob[1:i - 1]) = 0.1918030370042754
6912/16384
mean(sgnprob[1:i - 1]) = 0.1960642454058747
7040/16384
mean(sgnprob[1:i - 1]) = 0.20414831652223328
7168/16384
mean(sgnprob[1:i - 1]) = 0.19185154178875402
7296/16384
mean(sgnprob[1:i - 1]) = 0.1969842357779301
7424/16384
mean(sgnprob[1:i - 1]) = 0.20140105078809106
7552/16384
mean(sgnprob[1:i - 1]) = 0.20672758575023176
7680/16384
mean(sgnprob[1:i - 1]) = 0.2123974475843209
7808/16384
mean(sgnprob[1:i - 1]) = 0.2160881260407327
7936/16384
mean(sgnprob[1:i - 1]) = 0.2201638311279143
8064/16384
mean(sgnprob[1:i - 1]) = 0.22336599280664765
8192/16384
mean(sgnprob[1:i - 1]) = 0.22793309730191674
8320/16384
mean(sgnprob[1:i - 1]) = 0.23163841807909605
8448/16384
mean(sgnprob[1:i - 1]) = 0.22007813424884573
8576/16384
mean(sgnprob[1:i - 1]) = 0.22355685131195335
8704/16384
mean(sgnprob[1:i - 1]) = 0.21291508675169482
8832/16384
mean(sgnprob[1:i - 1]) = 0.2025818140640924
8960/16384
mean(sgnprob[1:i - 1]) = 0.20459872753655542
9088/16384
mean(sgnprob[1:i - 1]) = 0.20743919885550788
9216/16384
mean(sgnprob[1:i - 1]) = 0.19609332609875205
9344/16384
mean(sgnprob[1:i - 1]) = 0.18719897249277534
9472/16384
mean(sgnprob[1:i - 1]) = 0.19015943406187308
9600/16384
mean(sgnprob[1:i - 1]) = 0.19616626731951245
9728/16384
mean(sgnprob[1:i - 1]) = 0.19954765086871595
9856/16384
mean(sgnprob[1:i - 1]) = 0.19005580923389143
9984/16384
mean(sgnprob[1:i - 1]) = 0.18140839427025945
10112/16384
mean(sgnprob[1:i - 1]) = 0.17614479279992087
10240/16384
mean(sgnprob[1:i - 1]) = 0.17941205195819904
10368/16384
mean(sgnprob[1:i - 1]) = 0.18375614931995757
10496/16384
mean(sgnprob[1:i - 1]) = 0.18742258218199143
10624/16384
mean(sgnprob[1:i - 1]) = 0.19213028334745363
10752/16384
mean(sgnprob[1:i - 1]) = 0.19616779834434006
10880/16384
mean(sgnprob[1:i - 1]) = 0.1995587829763765
11008/16384
mean(sgnprob[1:i - 1]) = 0.20232579267738712
11136/16384
mean(sgnprob[1:i - 1]) = 0.20449034575662325
11264/16384
mean(sgnprob[1:i - 1]) = 0.19577377252952144
11392/16384
mean(sgnprob[1:i - 1]) = 0.19884119041348433
11520/16384
mean(sgnprob[1:i - 1]) = 0.20149318517232398
11648/16384
mean(sgnprob[1:i - 1]) = 0.20443032540568387
11776/16384
mean(sgnprob[1:i - 1]) = 0.19745222929936307
11904/16384
mean(sgnprob[1:i - 1]) = 0.2000336049735361
12032/16384
mean(sgnprob[1:i - 1]) = 0.20189510431385588
12160/16384
mean(sgnprob[1:i - 1]) = 0.20503330866025166
12288/16384
mean(sgnprob[1:i - 1]) = 0.20745503377553512
12416/16384
mean(sgnprob[1:i - 1]) = 0.2
12544/16384
mean(sgnprob[1:i - 1]) = 0.19189986446623614
12672/16384
mean(sgnprob[1:i - 1]) = 0.18538394759687477
12800/16384
mean(sgnprob[1:i - 1]) = 0.18806156730994608
12928/16384
mean(sgnprob[1:i - 1]) = 0.19130502049972925
13056/16384
mean(sgnprob[1:i - 1]) = 0.1934124856376867
13184/16384
mean(sgnprob[1:i - 1]) = 0.1962375786998407
13312/16384
mean(sgnprob[1:i - 1]) = 0.19855758395312148
13440/16384
mean(sgnprob[1:i - 1]) = 0.19205298013245034
13568/16384
mean(sgnprob[1:i - 1]) = 0.18522886415567186
13696/16384
mean(sgnprob[1:i - 1]) = 0.18714859437751005
13824/16384
mean(sgnprob[1:i - 1]) = 0.19076900817478115
13952/16384
mean(sgnprob[1:i - 1]) = 0.19389291090244426
14080/16384
mean(sgnprob[1:i - 1]) = 0.18715817884792954
14208/16384
mean(sgnprob[1:i - 1]) = 0.18941366931794185
14336/16384
mean(sgnprob[1:i - 1]) = 0.1920474363446111
14464/16384
mean(sgnprob[1:i - 1]) = 0.1943580170089193
14592/16384
mean(sgnprob[1:i - 1]) = 0.1971763415804263
14720/16384
mean(sgnprob[1:i - 1]) = 0.20008152727766831
14848/16384
mean(sgnprob[1:i - 1]) = 0.2029366201926315
14976/16384
mean(sgnprob[1:i - 1]) = 0.1970617696160267
15104/16384
mean(sgnprob[1:i - 1]) = 0.19883466860888566
15232/16384
mean(sgnprob[1:i - 1]) = 0.20018383559845052
15360/16384
mean(sgnprob[1:i - 1]) = 0.20138029819649717
15488/16384
mean(sgnprob[1:i - 1]) = 0.1951959708142313
15616/16384
mean(sgnprob[1:i - 1]) = 0.1903938520653218
15744/16384
mean(sgnprob[1:i - 1]) = 0.19240297274979357
15872/16384
mean(sgnprob[1:i - 1]) = 0.19526179824837755
16000/16384
mean(sgnprob[1:i - 1]) = 0.19094943433964623
16128/16384
mean(sgnprob[1:i - 1]) = 0.19327835307248714
16256/16384
mean(sgnprob[1:i - 1]) = 0.1945862811442633
16384/16384
mean(sgnprob[1:i - 1]) = 0.19636208264664592
732.810578 seconds (167.11 M allocations: 70.745 GiB, 1.35% gc time, 1.21% compilation time)
