## SLURM PROLOG ###############################################################
##    Job ID : 5955286
##  Job Name : etgent_N(1,3)_seed1251
##  Nodelist : node1739
##      CPUs : 8
##  Mem/Node : 2048 MB
## Directory : /oscar/home/trazzaz/AFQMC
##   Job Started : Mon Nov 11 10:15:53 PM EST 2024
###############################################################################
U = 2.0
seed = 1251
λₖ = 0.0
Warming up
128/512
256/512
384/512
512/512
Measuring
128/1024
256/1024
384/1024
512/1024
640/1024
768/1024
896/1024
1024/1024
120.478920 seconds (80.56 M allocations: 16.970 GiB, 3.52% gc time, 9.20% compilation time)
λₖ = 0.2
Warming up
128/512
256/512
384/512
512/512
Measuring
128/1024
256/1024
384/1024
512/1024
640/1024
768/1024
896/1024
1024/1024
109.842077 seconds (76.83 M allocations: 16.806 GiB, 3.67% gc time, 0.08% compilation time)
λₖ = 0.4
Warming up
128/512
256/512
384/512
512/512
Measuring
128/1024
256/1024
384/1024
512/1024
640/1024
768/1024
896/1024
1024/1024
119.239703 seconds (76.82 M allocations: 16.805 GiB, 3.20% gc time)
λₖ = 0.6
Warming up
128/512
256/512
384/512
512/512
Measuring
128/1024
256/1024
384/1024
512/1024
640/1024
768/1024
896/1024
1024/1024
110.408207 seconds (76.82 M allocations: 16.805 GiB, 3.22% gc time)
λₖ = 0.8
Warming up
128/512
256/512
384/512
512/512
Measuring
128/1024
256/1024
384/1024
512/1024
640/1024
768/1024
896/1024
1024/1024
107.653643 seconds (76.82 M allocations: 16.805 GiB, 3.14% gc time)
