## SLURM PROLOG ###############################################################
##    Job ID : 8833815
##  Job Name : sbatch_etgent.sh
##  Nodelist : node1741
##      CPUs : 8
##  Mem/Node : 4096 MB
## Directory : /oscar/home/trazzaz/AFQMC
##   Job Started : Thu Feb 27 11:05:33 PM EST 2025
###############################################################################
seed = 1369
U = 2.0
β = 6.0
Warming up
128/1024
256/1024
384/1024
512/1024
640/1024
768/1024
896/1024
1024/1024
Measuring
128/16384
mean(sgnprob[1:i - 1]) = 0.2755905511811024
256/16384
mean(sgnprob[1:i - 1]) = 0.3254901960784314
384/16384
mean(sgnprob[1:i - 1]) = 0.09660574412532637
512/16384
mean(sgnprob[1:i - 1]) = 0.19765166340508805
640/16384
mean(sgnprob[1:i - 1]) = 0.23317683881064163
768/16384
mean(sgnprob[1:i - 1]) = 0.24902216427640156
896/16384
mean(sgnprob[1:i - 1]) = 0.24916201117318434
1024/16384
mean(sgnprob[1:i - 1]) = 0.24731182795698925
1152/16384
mean(sgnprob[1:i - 1]) = 0.2580364900086881
1280/16384
mean(sgnprob[1:i - 1]) = 0.21188428459734168
1408/16384
mean(sgnprob[1:i - 1]) = 0.15565031982942432
1536/16384
mean(sgnprob[1:i - 1]) = 0.16612377850162866
1664/16384
mean(sgnprob[1:i - 1]) = 0.12567648827420325
1792/16384
mean(sgnprob[1:i - 1]) = 0.09659408151870463
1920/16384
mean(sgnprob[1:i - 1]) = 0.11933298593017197
2048/16384
mean(sgnprob[1:i - 1]) = 0.13043478260869565
2176/16384
mean(sgnprob[1:i - 1]) = 0.14022988505747128
2304/16384
mean(sgnprob[1:i - 1]) = 0.15154146765089013
2432/16384
mean(sgnprob[1:i - 1]) = 0.15508021390374332
2560/16384
mean(sgnprob[1:i - 1]) = 0.13012895662368112
2688/16384
mean(sgnprob[1:i - 1]) = 0.13286192780052103
2816/16384
mean(sgnprob[1:i - 1]) = 0.138898756660746
2944/16384
mean(sgnprob[1:i - 1]) = 0.14848793747876315
3072/16384
mean(sgnprob[1:i - 1]) = 0.12797134483881473
3200/16384
mean(sgnprob[1:i - 1]) = 0.13472960300093778
3328/16384
mean(sgnprob[1:i - 1]) = 0.11932672076946198
3456/16384
mean(sgnprob[1:i - 1]) = 0.10564399421128799
3584/16384
mean(sgnprob[1:i - 1]) = 0.09182249511582473
3712/16384
mean(sgnprob[1:i - 1]) = 0.09673942333602803
3840/16384
mean(sgnprob[1:i - 1]) = 0.10028653295128939
3968/16384
mean(sgnprob[1:i - 1]) = 0.08696748172422486
4096/16384
mean(sgnprob[1:i - 1]) = 0.07692307692307693
4224/16384
mean(sgnprob[1:i - 1]) = 0.08453705896282264
4352/16384
mean(sgnprob[1:i - 1]) = 0.0930820501034245
4480/16384
mean(sgnprob[1:i - 1]) = 0.10158517526233535
4608/16384
mean(sgnprob[1:i - 1]) = 0.1065769481224224
4736/16384
mean(sgnprob[1:i - 1]) = 0.11003167898627243
4864/16384
mean(sgnprob[1:i - 1]) = 0.11330454451984372
4992/16384
mean(sgnprob[1:i - 1]) = 0.11400520937687839
5120/16384
mean(sgnprob[1:i - 1]) = 0.11896854854463762
5248/16384
mean(sgnprob[1:i - 1]) = 0.12292738707833048
5376/16384
mean(sgnprob[1:i - 1]) = 0.1281860465116279
5504/16384
mean(sgnprob[1:i - 1]) = 0.13101944393966927
5632/16384
mean(sgnprob[1:i - 1]) = 0.12164801988989522
5760/16384
mean(sgnprob[1:i - 1]) = 0.1123458933842681
5888/16384
mean(sgnprob[1:i - 1]) = 0.11703754034312892
6016/16384
mean(sgnprob[1:i - 1]) = 0.10623441396508729
6144/16384
mean(sgnprob[1:i - 1]) = 0.09946280319062348
6272/16384
mean(sgnprob[1:i - 1]) = 0.10476797958858236
6400/16384
mean(sgnprob[1:i - 1]) = 0.10736052508204406
6528/16384
mean(sgnprob[1:i - 1]) = 0.10096522138808028
6656/16384
mean(sgnprob[1:i - 1]) = 0.10593538692712247
6784/16384
mean(sgnprob[1:i - 1]) = 0.10894884269497272
6912/16384
mean(sgnprob[1:i - 1]) = 0.11242946028071191
7040/16384
mean(sgnprob[1:i - 1]) = 0.11493109816735332
7168/16384
mean(sgnprob[1:i - 1]) = 0.11762243616575974
7296/16384
mean(sgnprob[1:i - 1]) = 0.11967100753941055
7424/16384
mean(sgnprob[1:i - 1]) = 0.12137949616058198
7552/16384
mean(sgnprob[1:i - 1]) = 0.11455436366044233
7680/16384
mean(sgnprob[1:i - 1]) = 0.10951946868081781
7808/16384
mean(sgnprob[1:i - 1]) = 0.1049058537210196
7936/16384
mean(sgnprob[1:i - 1]) = 0.1090107120352867
8064/16384
mean(sgnprob[1:i - 1]) = 0.11248914795981645
8192/16384
mean(sgnprob[1:i - 1]) = 0.11537052862898303
8320/16384
mean(sgnprob[1:i - 1]) = 0.10830628681331891
8448/16384
mean(sgnprob[1:i - 1]) = 0.10240322007813425
8576/16384
mean(sgnprob[1:i - 1]) = 0.1055393586005831
8704/16384
mean(sgnprob[1:i - 1]) = 0.10766402389980466
8832/16384
mean(sgnprob[1:i - 1]) = 0.10950062280602424
8960/16384
mean(sgnprob[1:i - 1]) = 0.11463332961267998
9088/16384
mean(sgnprob[1:i - 1]) = 0.11852096401452625
9216/16384
mean(sgnprob[1:i - 1]) = 0.12164948453608247
9344/16384
mean(sgnprob[1:i - 1]) = 0.12576260301830247
9472/16384
mean(sgnprob[1:i - 1]) = 0.1274416640270299
9600/16384
mean(sgnprob[1:i - 1]) = 0.12824252526304825
9728/16384
mean(sgnprob[1:i - 1]) = 0.13087282821013674
9856/16384
mean(sgnprob[1:i - 1]) = 0.12186707255200406
9984/16384
mean(sgnprob[1:i - 1]) = 0.1156966843634178
10112/16384
mean(sgnprob[1:i - 1]) = 0.1108693502126397
10240/16384
mean(sgnprob[1:i - 1]) = 0.10616271120226585
10368/16384
mean(sgnprob[1:i - 1]) = 0.10215105623613388
10496/16384
mean(sgnprob[1:i - 1]) = 0.10643163411148165
10624/16384
mean(sgnprob[1:i - 1]) = 0.10929116068907088
10752/16384
mean(sgnprob[1:i - 1]) = 0.11152450934796763
10880/16384
mean(sgnprob[1:i - 1]) = 0.11444066550234397
11008/16384
mean(sgnprob[1:i - 1]) = 0.10802216771145634
11136/16384
mean(sgnprob[1:i - 1]) = 0.10947462954647508
11264/16384
mean(sgnprob[1:i - 1]) = 0.11071650537157063
11392/16384
mean(sgnprob[1:i - 1]) = 0.10560969186199631
11520/16384
mean(sgnprob[1:i - 1]) = 0.10929768209045924
11648/16384
mean(sgnprob[1:i - 1]) = 0.10534901691422684
11776/16384
mean(sgnprob[1:i - 1]) = 0.10709129511677283
11904/16384
mean(sgnprob[1:i - 1]) = 0.1025791817188944
12032/16384
mean(sgnprob[1:i - 1]) = 0.1038151442107888
12160/16384
mean(sgnprob[1:i - 1]) = 0.09959700633275763
12288/16384
mean(sgnprob[1:i - 1]) = 0.10295434198746643
12416/16384
mean(sgnprob[1:i - 1]) = 0.10350382601691502
12544/16384
mean(sgnprob[1:i - 1]) = 0.10691222195646974
12672/16384
mean(sgnprob[1:i - 1]) = 0.10930471154605004
12800/16384
mean(sgnprob[1:i - 1]) = 0.11196187202125166
12928/16384
mean(sgnprob[1:i - 1]) = 0.11301926200974705
13056/16384
mean(sgnprob[1:i - 1]) = 0.11681348142474147
13184/16384
mean(sgnprob[1:i - 1]) = 0.1117348099825533
13312/16384
mean(sgnprob[1:i - 1]) = 0.11396589287055818
13440/16384
mean(sgnprob[1:i - 1]) = 0.10901108713445941
13568/16384
mean(sgnprob[1:i - 1]) = 0.11107835188324611
13696/16384
mean(sgnprob[1:i - 1]) = 0.11281489594742607
13824/16384
mean(sgnprob[1:i - 1]) = 0.11538739781523548
13952/16384
mean(sgnprob[1:i - 1]) = 0.11031467278331303
14080/16384
mean(sgnprob[1:i - 1]) = 0.11172668513388735
14208/16384
mean(sgnprob[1:i - 1]) = 0.1063560216794538
14336/16384
mean(sgnprob[1:i - 1]) = 0.1028950122078828
14464/16384
mean(sgnprob[1:i - 1]) = 0.09852727649865173
14592/16384
mean(sgnprob[1:i - 1]) = 0.09999314646014666
14720/16384
mean(sgnprob[1:i - 1]) = 0.10279230926013995
14848/16384
mean(sgnprob[1:i - 1]) = 0.10406142655081835
14976/16384
mean(sgnprob[1:i - 1]) = 0.10036727879799666
15104/16384
mean(sgnprob[1:i - 1]) = 0.09700059590809773
15232/16384
mean(sgnprob[1:i - 1]) = 0.09881163416715909
15360/16384
mean(sgnprob[1:i - 1]) = 0.09356077869652972
15488/16384
mean(sgnprob[1:i - 1]) = 0.09575773229159941
15616/16384
mean(sgnprob[1:i - 1]) = 0.09817483189241115
15744/16384
mean(sgnprob[1:i - 1]) = 0.09979038302737725
15872/16384
mean(sgnprob[1:i - 1]) = 0.10175792325625355
16000/16384
mean(sgnprob[1:i - 1]) = 0.09881867616726045
16128/16384
mean(sgnprob[1:i - 1]) = 0.10113474297761518
16256/16384
mean(sgnprob[1:i - 1]) = 0.10169178714241772
16384/16384
mean(sgnprob[1:i - 1]) = 0.09857779405481291
743.442008 seconds (167.11 M allocations: 70.745 GiB, 1.31% gc time, 1.23% compilation time)
