## SLURM PROLOG ###############################################################
##    Job ID : 5341801
##  Job Name : etgent_N2_U-1
##  Nodelist : node1718
##      CPUs : 8
##  Mem/Node : 2048 MB
## Directory : /oscar/home/trazzaz/AFQMC
##   Job Started : Wed Oct 23 11:24:59 AM EDT 2024
###############################################################################
U = -1.0
seed = 1234
λₖ = 0.0
Warming up
128/512
256/512
384/512
512/512
Measuring
128/1024
256/1024
384/1024
512/1024
640/1024
768/1024
896/1024
1024/1024
 38.732994 seconds (35.02 M allocations: 36.367 GiB, 5.68% gc time, 20.64% compilation time)
λₖ = 0.2
Warming up
128/512
256/512
384/512
512/512
Measuring
128/1024
256/1024
384/1024
512/1024
640/1024
768/1024
896/1024
1024/1024
 30.860423 seconds (33.17 M allocations: 36.268 GiB, 6.41% gc time, 0.22% compilation time)
λₖ = 0.4
Warming up
128/512
256/512
384/512
512/512
Measuring
128/1024
256/1024
384/1024
512/1024
640/1024
768/1024
896/1024
1024/1024
 29.817877 seconds (33.17 M allocations: 36.268 GiB, 6.30% gc time)
λₖ = 0.6
Warming up
128/512
256/512
384/512
512/512
Measuring
128/1024
256/1024
384/1024
512/1024
640/1024
768/1024
896/1024
1024/1024
 29.489965 seconds (33.17 M allocations: 36.268 GiB, 6.16% gc time)
λₖ = 0.8
Warming up
128/512
256/512
384/512
512/512
Measuring
128/1024
256/1024
384/1024
512/1024
640/1024
768/1024
896/1024
1024/1024
 29.561450 seconds (33.17 M allocations: 36.268 GiB, 6.25% gc time)
