## SLURM PROLOG ###############################################################
##    Job ID : 8833942
##  Job Name : sbatch_etgent.sh
##  Nodelist : node1736
##      CPUs : 8
##  Mem/Node : 4096 MB
## Directory : /oscar/home/trazzaz/AFQMC
##   Job Started : Fri Feb 28 02:28:45 AM EST 2025
###############################################################################
seed = 1496
U = 2.0
β = 6.0
Warming up
128/1024
256/1024
384/1024
512/1024
640/1024
768/1024
896/1024
1024/1024
Measuring
128/16384
mean(sgnprob[1:i - 1]) = 0.4645669291338583
256/16384
mean(sgnprob[1:i - 1]) = 0.5294117647058824
384/16384
mean(sgnprob[1:i - 1]) = 0.5248041775456919
512/16384
mean(sgnprob[1:i - 1]) = 0.5499021526418787
640/16384
mean(sgnprob[1:i - 1]) = 0.568075117370892
768/16384
mean(sgnprob[1:i - 1]) = 0.3820078226857888
896/16384
mean(sgnprob[1:i - 1]) = 0.4011173184357542
1024/16384
mean(sgnprob[1:i - 1]) = 0.4389051808406647
1152/16384
mean(sgnprob[1:i - 1]) = 0.3344917463075586
1280/16384
mean(sgnprob[1:i - 1]) = 0.344800625488663
1408/16384
mean(sgnprob[1:i - 1]) = 0.3646055437100213
1536/16384
mean(sgnprob[1:i - 1]) = 0.3771986970684039
1664/16384
mean(sgnprob[1:i - 1]) = 0.3866506313890559
1792/16384
mean(sgnprob[1:i - 1]) = 0.39475153545505304
1920/16384
mean(sgnprob[1:i - 1]) = 0.3402813965607087
2048/16384
mean(sgnprob[1:i - 1]) = 0.35026868588177823
2176/16384
mean(sgnprob[1:i - 1]) = 0.2983908045977012
2304/16384
mean(sgnprob[1:i - 1]) = 0.30959617889709073
2432/16384
mean(sgnprob[1:i - 1]) = 0.3253805018510901
2560/16384
mean(sgnprob[1:i - 1]) = 0.3364595545134818
2688/16384
mean(sgnprob[1:i - 1]) = 0.29363602530703387
2816/16384
mean(sgnprob[1:i - 1]) = 0.29875666074600354
2944/16384
mean(sgnprob[1:i - 1]) = 0.3068297655453619
3072/16384
mean(sgnprob[1:i - 1]) = 0.3135786388798437
3200/16384
mean(sgnprob[1:i - 1]) = 0.3222882150672085
3328/16384
mean(sgnprob[1:i - 1]) = 0.3309287646528404
3456/16384
mean(sgnprob[1:i - 1]) = 0.3377713458755427
3584/16384
mean(sgnprob[1:i - 1]) = 0.3044934412503489
3712/16384
mean(sgnprob[1:i - 1]) = 0.31177580167070873
3840/16384
mean(sgnprob[1:i - 1]) = 0.31857254493357645
3968/16384
mean(sgnprob[1:i - 1]) = 0.3249306780942778
4096/16384
mean(sgnprob[1:i - 1]) = 0.3304029304029304
4224/16384
mean(sgnprob[1:i - 1]) = 0.33649064645986265
4352/16384
mean(sgnprob[1:i - 1]) = 0.3380831992645369
4480/16384
mean(sgnprob[1:i - 1]) = 0.31457914713105606
4608/16384
mean(sgnprob[1:i - 1]) = 0.28890818319947903
4736/16384
mean(sgnprob[1:i - 1]) = 0.297571277719113
4864/16384
mean(sgnprob[1:i - 1]) = 0.2765782438823771
4992/16384
mean(sgnprob[1:i - 1]) = 0.28070526948507313
5120/16384
mean(sgnprob[1:i - 1]) = 0.2631373315100606
5248/16384
mean(sgnprob[1:i - 1]) = 0.2689155708023633
5376/16384
mean(sgnprob[1:i - 1]) = 0.24911627906976744
5504/16384
mean(sgnprob[1:i - 1]) = 0.2582227875704161
5632/16384
mean(sgnprob[1:i - 1]) = 0.26194281655123425
5760/16384
mean(sgnprob[1:i - 1]) = 0.2425768362562945
5888/16384
mean(sgnprob[1:i - 1]) = 0.22507219296755562
6016/16384
mean(sgnprob[1:i - 1]) = 0.20831255195344972
6144/16384
mean(sgnprob[1:i - 1]) = 0.19290249063975257
6272/16384
mean(sgnprob[1:i - 1]) = 0.1994897145590815
6400/16384
mean(sgnprob[1:i - 1]) = 0.20518831067354273
6528/16384
mean(sgnprob[1:i - 1]) = 0.21035697870384557
6656/16384
mean(sgnprob[1:i - 1]) = 0.19489105935386927
6784/16384
mean(sgnprob[1:i - 1]) = 0.20212295444493586
6912/16384
mean(sgnprob[1:i - 1]) = 0.2056142381710317
7040/16384
mean(sgnprob[1:i - 1]) = 0.21324051711890893
7168/16384
mean(sgnprob[1:i - 1]) = 0.20133947258267057
7296/16384
mean(sgnprob[1:i - 1]) = 0.20849897189856065
7424/16384
mean(sgnprob[1:i - 1]) = 0.21460326013741074
7552/16384
mean(sgnprob[1:i - 1]) = 0.21758707455966098
7680/16384
mean(sgnprob[1:i - 1]) = 0.2217736684464123
7808/16384
mean(sgnprob[1:i - 1]) = 0.2247982579736134
7936/16384
mean(sgnprob[1:i - 1]) = 0.23024574669187145
8064/16384
mean(sgnprob[1:i - 1]) = 0.23378395138285998
8192/16384
mean(sgnprob[1:i - 1]) = 0.23892076669515322
8320/16384
mean(sgnprob[1:i - 1]) = 0.22731097487678809
8448/16384
mean(sgnprob[1:i - 1]) = 0.21510595477684386
8576/16384
mean(sgnprob[1:i - 1]) = 0.2172594752186589
8704/16384
mean(sgnprob[1:i - 1]) = 0.22279673675743997
8832/16384
mean(sgnprob[1:i - 1]) = 0.22545578077227946
8960/16384
mean(sgnprob[1:i - 1]) = 0.22736912601852885
9088/16384
mean(sgnprob[1:i - 1]) = 0.23186970397270826
9216/16384
mean(sgnprob[1:i - 1]) = 0.22257189365165492
9344/16384
mean(sgnprob[1:i - 1]) = 0.22530236540725676
9472/16384
mean(sgnprob[1:i - 1]) = 0.22774786189420335
9600/16384
mean(sgnprob[1:i - 1]) = 0.21741848109178039
9728/16384
mean(sgnprob[1:i - 1]) = 0.2215482677084404
9856/16384
mean(sgnprob[1:i - 1]) = 0.22638254693049215
9984/16384
mean(sgnprob[1:i - 1]) = 0.216267655013523
10112/16384
mean(sgnprob[1:i - 1]) = 0.22045297201068143
10240/16384
mean(sgnprob[1:i - 1]) = 0.22511964058990136
10368/16384
mean(sgnprob[1:i - 1]) = 0.22928523198610978
10496/16384
mean(sgnprob[1:i - 1]) = 0.2329680800381134
10624/16384
mean(sgnprob[1:i - 1]) = 0.2365621764096771
10752/16384
mean(sgnprob[1:i - 1]) = 0.2402567203050879
10880/16384
mean(sgnprob[1:i - 1]) = 0.24459968747127495
11008/16384
mean(sgnprob[1:i - 1]) = 0.24756972835468338
11136/16384
mean(sgnprob[1:i - 1]) = 0.25047148630444543
11264/16384
mean(sgnprob[1:i - 1]) = 0.25384000710290333
11392/16384
mean(sgnprob[1:i - 1]) = 0.25607936089895533
11520/16384
mean(sgnprob[1:i - 1]) = 0.259137077871343
11648/16384
mean(sgnprob[1:i - 1]) = 0.25148106808620246
11776/16384
mean(sgnprob[1:i - 1]) = 0.25333333333333335
11904/16384
mean(sgnprob[1:i - 1]) = 0.2559858859111148
12032/16384
mean(sgnprob[1:i - 1]) = 0.25924694539107307
12160/16384
mean(sgnprob[1:i - 1]) = 0.2626038325520191
12288/16384
mean(sgnprob[1:i - 1]) = 0.26523968421909333
12416/16384
mean(sgnprob[1:i - 1]) = 0.26830447039871125
12544/16384
mean(sgnprob[1:i - 1]) = 0.27066889898748303
12672/16384
mean(sgnprob[1:i - 1]) = 0.27393260200457736
12800/16384
mean(sgnprob[1:i - 1]) = 0.27619345261348544
12928/16384
mean(sgnprob[1:i - 1]) = 0.2796472499419819
13056/16384
mean(sgnprob[1:i - 1]) = 0.28165453849099964
13184/16384
mean(sgnprob[1:i - 1]) = 0.283774558143063
13312/16384
mean(sgnprob[1:i - 1]) = 0.27518593644354294
13440/16384
mean(sgnprob[1:i - 1]) = 0.2767318996949178
13568/16384
mean(sgnprob[1:i - 1]) = 0.27854352472912214
13696/16384
mean(sgnprob[1:i - 1]) = 0.2809054399415845
13824/16384
mean(sgnprob[1:i - 1]) = 0.2833682992114592
13952/16384
mean(sgnprob[1:i - 1]) = 0.28664611855780947
14080/16384
mean(sgnprob[1:i - 1]) = 0.28006250443923575
14208/16384
mean(sgnprob[1:i - 1]) = 0.2817625114380235
14336/16384
mean(sgnprob[1:i - 1]) = 0.2841297523543774
14464/16384
mean(sgnprob[1:i - 1]) = 0.2773283551130471
14592/16384
mean(sgnprob[1:i - 1]) = 0.2781851826468371
14720/16384
mean(sgnprob[1:i - 1]) = 0.2712820164413343
14848/16384
mean(sgnprob[1:i - 1]) = 0.2735232706944164
14976/16384
mean(sgnprob[1:i - 1]) = 0.26637729549248745
15104/16384
mean(sgnprob[1:i - 1]) = 0.26014699066410646
15232/16384
mean(sgnprob[1:i - 1]) = 0.2615061387958768
15360/16384
mean(sgnprob[1:i - 1]) = 0.2631030666058988
15488/16384
mean(sgnprob[1:i - 1]) = 0.2655775811971331
15616/16384
mean(sgnprob[1:i - 1]) = 0.267114953570285
15744/16384
mean(sgnprob[1:i - 1]) = 0.2604967287048212
15872/16384
mean(sgnprob[1:i - 1]) = 0.26167223237351145
16000/16384
mean(sgnprob[1:i - 1]) = 0.25482842677667356
16128/16384
mean(sgnprob[1:i - 1]) = 0.25751844732436285
16256/16384
mean(sgnprob[1:i - 1]) = 0.259920024607813
16384/16384
mean(sgnprob[1:i - 1]) = 0.2534944759812
728.706194 seconds (167.11 M allocations: 70.745 GiB, 1.38% gc time, 1.23% compilation time)
