## SLURM PROLOG ###############################################################
##    Job ID : 8834004
##  Job Name : sbatch_etgent.sh
##  Nodelist : node1322
##      CPUs : 8
##  Mem/Node : 4096 MB
## Directory : /oscar/home/trazzaz/AFQMC
##   Job Started : Fri Feb 28 04:11:49 AM EST 2025
###############################################################################
seed = 1558
U = 2.0
β = 6.0
Warming up
128/1024
256/1024
384/1024
512/1024
640/1024
768/1024
896/1024
1024/1024
Measuring
128/16384
mean(sgnprob[1:i - 1]) = -0.25984251968503935
256/16384
mean(sgnprob[1:i - 1]) = 0.0196078431372549
384/16384
mean(sgnprob[1:i - 1]) = -0.1122715404699739
512/16384
mean(sgnprob[1:i - 1]) = -0.06457925636007827
640/16384
mean(sgnprob[1:i - 1]) = -0.13928012519561817
768/16384
mean(sgnprob[1:i - 1]) = -0.048239895697522815
896/16384
mean(sgnprob[1:i - 1]) = -0.07709497206703911
1024/16384
mean(sgnprob[1:i - 1]) = -0.05571847507331378
1152/16384
mean(sgnprob[1:i - 1]) = -0.004344048653344918
1280/16384
mean(sgnprob[1:i - 1]) = 0.033620015637216574
1408/16384
mean(sgnprob[1:i - 1]) = 0.058990760483297794
1536/16384
mean(sgnprob[1:i - 1]) = 0.07752442996742671
1664/16384
mean(sgnprob[1:i - 1]) = 0.05351773902585689
1792/16384
mean(sgnprob[1:i - 1]) = 0.07314349525404802
1920/16384
mean(sgnprob[1:i - 1]) = 0.05471599791558103
2048/16384
mean(sgnprob[1:i - 1]) = 0.06497313141182218
2176/16384
mean(sgnprob[1:i - 1]) = 0.04735632183908046
2304/16384
mean(sgnprob[1:i - 1]) = 0.056882327399044724
2432/16384
mean(sgnprob[1:i - 1]) = 0.04483751542575072
2560/16384
mean(sgnprob[1:i - 1]) = 0.03008987885892927
2688/16384
mean(sgnprob[1:i - 1]) = 0.014514328247115743
2816/16384
mean(sgnprob[1:i - 1]) = 0.028774422735346358
2944/16384
mean(sgnprob[1:i - 1]) = 0.037037037037037035
3072/16384
mean(sgnprob[1:i - 1]) = 0.04786714425268642
3200/16384
mean(sgnprob[1:i - 1]) = 0.05845576742732104
3328/16384
mean(sgnprob[1:i - 1]) = 0.05259993988578299
3456/16384
mean(sgnprob[1:i - 1]) = 0.061070911722141824
3584/16384
mean(sgnprob[1:i - 1]) = 0.06502930505163271
3712/16384
mean(sgnprob[1:i - 1]) = 0.05578011317704123
3840/16384
mean(sgnprob[1:i - 1]) = 0.05860901276374056
3968/16384
mean(sgnprob[1:i - 1]) = 0.06075119737837156
4096/16384
mean(sgnprob[1:i - 1]) = 0.06568986568986569
4224/16384
mean(sgnprob[1:i - 1]) = 0.05659483779303812
4352/16384
mean(sgnprob[1:i - 1]) = 0.058607216731785795
4480/16384
mean(sgnprob[1:i - 1]) = 0.05112748381335119
4608/16384
mean(sgnprob[1:i - 1]) = 0.04319513783373128
4736/16384
mean(sgnprob[1:i - 1]) = 0.051319957761351634
4864/16384
mean(sgnprob[1:i - 1]) = 0.04832407978614024
4992/16384
mean(sgnprob[1:i - 1]) = 0.04307753957122821
5120/16384
mean(sgnprob[1:i - 1]) = 0.03653057237741746
5248/16384
mean(sgnprob[1:i - 1]) = 0.03563941299790356
5376/16384
mean(sgnprob[1:i - 1]) = 0.030697674418604652
5504/16384
mean(sgnprob[1:i - 1]) = 0.023805197165182628
5632/16384
mean(sgnprob[1:i - 1]) = 0.025395134079204403
5760/16384
mean(sgnprob[1:i - 1]) = 0.017190484459107484
5888/16384
mean(sgnprob[1:i - 1]) = 0.02191268897570919
6016/16384
mean(sgnprob[1:i - 1]) = 0.028761429758935992
6144/16384
mean(sgnprob[1:i - 1]) = 0.020999511639264203
6272/16384
mean(sgnprob[1:i - 1]) = 0.026311593047360866
6400/16384
mean(sgnprob[1:i - 1]) = 0.02891076730739178
6528/16384
mean(sgnprob[1:i - 1]) = 0.024360349318216637
6656/16384
mean(sgnprob[1:i - 1]) = 0.0202854996243426
6784/16384
mean(sgnprob[1:i - 1]) = 0.01577473094500958
6912/16384
mean(sgnprob[1:i - 1]) = 0.0227174070322674
7040/16384
mean(sgnprob[1:i - 1]) = 0.02798692996164228
7168/16384
mean(sgnprob[1:i - 1]) = 0.031393888656341566
7296/16384
mean(sgnprob[1:i - 1]) = 0.037148732008224813
7424/16384
mean(sgnprob[1:i - 1]) = 0.04324397144011855
7552/16384
mean(sgnprob[1:i - 1]) = 0.04410011918951132
7680/16384
mean(sgnprob[1:i - 1]) = 0.03945826279463472
7808/16384
mean(sgnprob[1:i - 1]) = 0.03599333931087485
7936/16384
mean(sgnprob[1:i - 1]) = 0.03238815374921235
8064/16384
mean(sgnprob[1:i - 1]) = 0.033114225474389185
8192/16384
mean(sgnprob[1:i - 1]) = 0.03650347942864119
8320/16384
mean(sgnprob[1:i - 1]) = 0.03473975237408342
8448/16384
mean(sgnprob[1:i - 1]) = 0.031845625665916893
8576/16384
mean(sgnprob[1:i - 1]) = 0.03510204081632653
8704/16384
mean(sgnprob[1:i - 1]) = 0.03941169711593703
8832/16384
mean(sgnprob[1:i - 1]) = 0.04518174612161703
8960/16384
mean(sgnprob[1:i - 1]) = 0.04833128697399263
9088/16384
mean(sgnprob[1:i - 1]) = 0.05271266644657203
9216/16384
mean(sgnprob[1:i - 1]) = 0.04850786760716223
9344/16384
mean(sgnprob[1:i - 1]) = 0.05084020122016483
9472/16384
mean(sgnprob[1:i - 1]) = 0.04656319290465632
9600/16384
mean(sgnprob[1:i - 1]) = 0.048650901135534955
9728/16384
mean(sgnprob[1:i - 1]) = 0.050889277269456155
9856/16384
mean(sgnprob[1:i - 1]) = 0.053678335870116695
9984/16384
mean(sgnprob[1:i - 1]) = 0.0587999599318842
10112/16384
mean(sgnprob[1:i - 1]) = 0.05489071308475917
10240/16384
mean(sgnprob[1:i - 1]) = 0.05674382263892958
10368/16384
mean(sgnprob[1:i - 1]) = 0.059129931513456156
10496/16384
mean(sgnprob[1:i - 1]) = 0.06526917579799904
10624/16384
mean(sgnprob[1:i - 1]) = 0.06222347736044432
10752/16384
mean(sgnprob[1:i - 1]) = 0.06483117849502372
10880/16384
mean(sgnprob[1:i - 1]) = 0.06903208015442595
11008/16384
mean(sgnprob[1:i - 1]) = 0.06386844735168529
11136/16384
mean(sgnprob[1:i - 1]) = 0.06564885496183206
11264/16384
mean(sgnprob[1:i - 1]) = 0.06632335967326644
11392/16384
mean(sgnprob[1:i - 1]) = 0.06873847774558862
11520/16384
mean(sgnprob[1:i - 1]) = 0.07179442659953121
11648/16384
mean(sgnprob[1:i - 1]) = 0.06911651068944792
11776/16384
mean(sgnprob[1:i - 1]) = 0.0715923566878981
11904/16384
mean(sgnprob[1:i - 1]) = 0.06712593463832647
12032/16384
mean(sgnprob[1:i - 1]) = 0.06973651400548583
12160/16384
mean(sgnprob[1:i - 1]) = 0.06521917920881651
12288/16384
mean(sgnprob[1:i - 1]) = 0.06681858875233987
12416/16384
mean(sgnprob[1:i - 1]) = 0.06322996375352397
12544/16384
mean(sgnprob[1:i - 1]) = 0.06035238778601611
12672/16384
mean(sgnprob[1:i - 1]) = 0.05737510851550785
12800/16384
mean(sgnprob[1:i - 1]) = 0.053832330650832094
12928/16384
mean(sgnprob[1:i - 1]) = 0.05175214666976097
13056/16384
mean(sgnprob[1:i - 1]) = 0.055534278054385294
13184/16384
mean(sgnprob[1:i - 1]) = 0.058636122278692256
13312/16384
mean(sgnprob[1:i - 1]) = 0.05431597926526933
13440/16384
mean(sgnprob[1:i - 1]) = 0.055435672297045914
13568/16384
mean(sgnprob[1:i - 1]) = 0.053291073929387485
13696/16384
mean(sgnprob[1:i - 1]) = 0.050310332238043085
13824/16384
mean(sgnprob[1:i - 1]) = 0.051580698835274545
13952/16384
mean(sgnprob[1:i - 1]) = 0.04824026951473013
14080/16384
mean(sgnprob[1:i - 1]) = 0.04879607926699339
14208/16384
mean(sgnprob[1:i - 1]) = 0.050468079115928766
14336/16384
mean(sgnprob[1:i - 1]) = 0.05211021974189048
14464/16384
mean(sgnprob[1:i - 1]) = 0.05358501002558252
14592/16384
mean(sgnprob[1:i - 1]) = 0.04941402234253992
14720/16384
mean(sgnprob[1:i - 1]) = 0.045587336096202184
14848/16384
mean(sgnprob[1:i - 1]) = 0.04694551087761838
14976/16384
mean(sgnprob[1:i - 1]) = 0.048814691151919866
15104/16384
mean(sgnprob[1:i - 1]) = 0.050519764285241346
15232/16384
mean(sgnprob[1:i - 1]) = 0.052590112271026196
15360/16384
mean(sgnprob[1:i - 1]) = 0.054625952210430366
15488/16384
mean(sgnprob[1:i - 1]) = 0.05701556143862595
15616/16384
mean(sgnprob[1:i - 1]) = 0.05885366634646173
15744/16384
mean(sgnprob[1:i - 1]) = 0.06028075970272502
15872/16384
mean(sgnprob[1:i - 1]) = 0.061558817969882176
16000/16384
mean(sgnprob[1:i - 1]) = 0.06331645727857992
16128/16384
mean(sgnprob[1:i - 1]) = 0.0641780864388913
16256/16384
mean(sgnprob[1:i - 1]) = 0.06576438019071056
16384/16384
mean(sgnprob[1:i - 1]) = 0.0672038088262223
803.376543 seconds (167.11 M allocations: 70.745 GiB, 1.62% gc time, 1.18% compilation time)
