## SLURM PROLOG ###############################################################
##    Job ID : 5955277
##  Job Name : etgent_N(1,3)_seed1242
##  Nodelist : node1749
##      CPUs : 8
##  Mem/Node : 2048 MB
## Directory : /oscar/home/trazzaz/AFQMC
##   Job Started : Mon Nov 11 10:05:24 PM EST 2024
###############################################################################
U = 2.0
seed = 1242
λₖ = 0.0
Warming up
128/512
256/512
384/512
512/512
Measuring
128/1024
256/1024
384/1024
512/1024
640/1024
768/1024
896/1024
1024/1024
132.041250 seconds (80.56 M allocations: 16.970 GiB, 3.71% gc time, 10.33% compilation time)
λₖ = 0.2
Warming up
128/512
256/512
384/512
512/512
Measuring
128/1024
256/1024
384/1024
512/1024
640/1024
768/1024
896/1024
1024/1024
111.238242 seconds (76.83 M allocations: 16.806 GiB, 4.07% gc time, 0.13% compilation time)
λₖ = 0.4
Warming up
128/512
256/512
384/512
512/512
Measuring
128/1024
256/1024
384/1024
512/1024
640/1024
768/1024
896/1024
1024/1024
111.592310 seconds (76.82 M allocations: 16.805 GiB, 3.85% gc time)
λₖ = 0.6
Warming up
128/512
256/512
384/512
512/512
Measuring
128/1024
256/1024
384/1024
512/1024
640/1024
768/1024
896/1024
1024/1024
111.172463 seconds (76.82 M allocations: 16.805 GiB, 3.66% gc time)
λₖ = 0.8
Warming up
128/512
256/512
384/512
512/512
Measuring
128/1024
256/1024
384/1024
512/1024
640/1024
768/1024
896/1024
1024/1024
110.477018 seconds (76.82 M allocations: 16.805 GiB, 3.57% gc time)
