## SLURM PROLOG ###############################################################
##    Job ID : 8833988
##  Job Name : sbatch_etgent.sh
##  Nodelist : node1736
##      CPUs : 8
##  Mem/Node : 4096 MB
## Directory : /oscar/home/trazzaz/AFQMC
##   Job Started : Fri Feb 28 03:45:17 AM EST 2025
###############################################################################
seed = 1542
U = 2.0
β = 6.0
Warming up
128/1024
256/1024
384/1024
512/1024
640/1024
768/1024
896/1024
1024/1024
Measuring
128/16384
mean(sgnprob[1:i - 1]) = -0.29133858267716534
256/16384
mean(sgnprob[1:i - 1]) = -0.23921568627450981
384/16384
mean(sgnprob[1:i - 1]) = -0.1906005221932115
512/16384
mean(sgnprob[1:i - 1]) = -0.09980430528375733
640/16384
mean(sgnprob[1:i - 1]) = -0.023474178403755867
768/16384
mean(sgnprob[1:i - 1]) = 0.03259452411994785
896/16384
mean(sgnprob[1:i - 1]) = 0.07709497206703911
1024/16384
mean(sgnprob[1:i - 1]) = 0.09090909090909091
1152/16384
mean(sgnprob[1:i - 1]) = 0.0947002606429192
1280/16384
mean(sgnprob[1:i - 1]) = 0.10867865519937452
1408/16384
mean(sgnprob[1:i - 1]) = 0.06609808102345416
1536/16384
mean(sgnprob[1:i - 1]) = 0.03061889250814332
1664/16384
mean(sgnprob[1:i - 1]) = 0.05832832230907998
1792/16384
mean(sgnprob[1:i - 1]) = 0.031825795644891124
1920/16384
mean(sgnprob[1:i - 1]) = 0.01928087545596665
2048/16384
mean(sgnprob[1:i - 1]) = 0.04152418172936004
2176/16384
mean(sgnprob[1:i - 1]) = 0.030804597701149426
2304/16384
mean(sgnprob[1:i - 1]) = 0.04298740772904907
2432/16384
mean(sgnprob[1:i - 1]) = 0.026737967914438502
2560/16384
mean(sgnprob[1:i - 1]) = 0.03712387651426338
2688/16384
mean(sgnprob[1:i - 1]) = 0.016747301823595087
2816/16384
mean(sgnprob[1:i - 1]) = 0.023090586145648313
2944/16384
mean(sgnprob[1:i - 1]) = 0.011213047910295617
3072/16384
mean(sgnprob[1:i - 1]) = 0.002930641484858352
3200/16384
mean(sgnprob[1:i - 1]) = -0.007814942169427946
3328/16384
mean(sgnprob[1:i - 1]) = -0.021340547039374814
3456/16384
mean(sgnprob[1:i - 1]) = -0.02865412445730825
3584/16384
mean(sgnprob[1:i - 1]) = -0.036003349148758024
3712/16384
mean(sgnprob[1:i - 1]) = -0.0239827539746699
3840/16384
mean(sgnprob[1:i - 1]) = -0.01120083355040375
3968/16384
mean(sgnprob[1:i - 1]) = -0.01537685908747164
4096/16384
mean(sgnprob[1:i - 1]) = -0.00757020757020757
4224/16384
mean(sgnprob[1:i - 1]) = -0.0016575893914278948
4352/16384
mean(sgnprob[1:i - 1]) = 0.0034474833371638705
4480/16384
mean(sgnprob[1:i - 1]) = -0.006921187765126144
4608/16384
mean(sgnprob[1:i - 1]) = -0.018016062513566314
4736/16384
mean(sgnprob[1:i - 1]) = -0.023020063357972544
4864/16384
mean(sgnprob[1:i - 1]) = -0.015833847419288505
4992/16384
mean(sgnprob[1:i - 1]) = -0.005009016229212583
5120/16384
mean(sgnprob[1:i - 1]) = -0.014651299081851924
5248/16384
mean(sgnprob[1:i - 1]) = -0.00895749952353726
5376/16384
mean(sgnprob[1:i - 1]) = -0.0031627906976744186
5504/16384
mean(sgnprob[1:i - 1]) = 0.005269852807559513
5632/16384
mean(sgnprob[1:i - 1]) = 0.011898419463683182
5760/16384
mean(sgnprob[1:i - 1]) = 0.018579614516409097
5888/16384
mean(sgnprob[1:i - 1]) = 0.027348394768133173
6016/16384
mean(sgnprob[1:i - 1]) = 0.030423940149625937
6144/16384
mean(sgnprob[1:i - 1]) = 0.037278202832492266
6272/16384
mean(sgnprob[1:i - 1]) = 0.03237123265826822
6400/16384
mean(sgnprob[1:i - 1]) = 0.03734958587279262
6528/16384
mean(sgnprob[1:i - 1]) = 0.030182319595526277
6656/16384
mean(sgnprob[1:i - 1]) = 0.03350864012021037
6784/16384
mean(sgnprob[1:i - 1]) = 0.026094648385670056
6912/16384
mean(sgnprob[1:i - 1]) = 0.02821588771523658
7040/16384
mean(sgnprob[1:i - 1]) = 0.022872567126012218
7168/16384
mean(sgnprob[1:i - 1]) = 0.026928980047439655
7296/16384
mean(sgnprob[1:i - 1]) = 0.03276216586703221
7424/16384
mean(sgnprob[1:i - 1]) = 0.030311194934662535
7552/16384
mean(sgnprob[1:i - 1]) = 0.03509468944510661
7680/16384
mean(sgnprob[1:i - 1]) = 0.03841646047662456
7808/16384
mean(sgnprob[1:i - 1]) = 0.033431535801204046
7936/16384
mean(sgnprob[1:i - 1]) = 0.039193446754883426
8064/16384
mean(sgnprob[1:i - 1]) = 0.04229195088676671
8192/16384
mean(sgnprob[1:i - 1]) = 0.047735319252838485
8320/16384
mean(sgnprob[1:i - 1]) = 0.0429138117562207
8448/16384
mean(sgnprob[1:i - 1]) = 0.038001657393157334
8576/16384
mean(sgnprob[1:i - 1]) = 0.039533527696793004
8704/16384
mean(sgnprob[1:i - 1]) = 0.032287716879237045
8832/16384
mean(sgnprob[1:i - 1]) = 0.03499037481598913
8960/16384
mean(sgnprob[1:i - 1]) = 0.03181158611452171
9088/16384
mean(sgnprob[1:i - 1]) = 0.0348850005502366
9216/16384
mean(sgnprob[1:i - 1]) = 0.032230059685295714
9344/16384
mean(sgnprob[1:i - 1]) = 0.027721288665310928
9472/16384
mean(sgnprob[1:i - 1]) = 0.029458346531517264
9600/16384
mean(sgnprob[1:i - 1]) = 0.025731847067402853
9728/16384
mean(sgnprob[1:i - 1]) = 0.02272026318494911
9856/16384
mean(sgnprob[1:i - 1]) = 0.027701674277016742
9984/16384
mean(sgnprob[1:i - 1]) = 0.023940699188620657
10112/16384
mean(sgnprob[1:i - 1]) = 0.02502225299179112
10240/16384
mean(sgnprob[1:i - 1]) = 0.022560796952827426
10368/16384
mean(sgnprob[1:i - 1]) = 0.02382560046300762
10496/16384
mean(sgnprob[1:i - 1]) = 0.021438780371605525
10624/16384
mean(sgnprob[1:i - 1]) = 0.02287489409771251
10752/16384
mean(sgnprob[1:i - 1]) = 0.025020928285740863
10880/16384
mean(sgnprob[1:i - 1]) = 0.02748414376321353
11008/16384
mean(sgnprob[1:i - 1]) = 0.030798582720087217
11136/16384
mean(sgnprob[1:i - 1]) = 0.028109564436461607
11264/16384
mean(sgnprob[1:i - 1]) = 0.028855544703897718
11392/16384
mean(sgnprob[1:i - 1]) = 0.03327188130980599
11520/16384
mean(sgnprob[1:i - 1]) = 0.028908759440923693
11648/16384
mean(sgnprob[1:i - 1]) = 0.027217309178329183
11776/16384
mean(sgnprob[1:i - 1]) = 0.0281104033970276
11904/16384
mean(sgnprob[1:i - 1]) = 0.024111568512139796
12032/16384
mean(sgnprob[1:i - 1]) = 0.021029008394979638
12160/16384
mean(sgnprob[1:i - 1]) = 0.024590838062340654
12288/16384
mean(sgnprob[1:i - 1]) = 0.026776267599902336
12416/16384
mean(sgnprob[1:i - 1]) = 0.029561014901329036
12544/16384
mean(sgnprob[1:i - 1]) = 0.02622976959260145
12672/16384
mean(sgnprob[1:i - 1]) = 0.02833241259569095
12800/16384
mean(sgnprob[1:i - 1]) = 0.031174310493007267
12928/16384
mean(sgnprob[1:i - 1]) = 0.03225806451612903
13056/16384
mean(sgnprob[1:i - 1]) = 0.03408655687476063
13184/16384
mean(sgnprob[1:i - 1]) = 0.030114541454904043
13312/16384
mean(sgnprob[1:i - 1]) = 0.03252948689054166
13440/16384
mean(sgnprob[1:i - 1]) = 0.029689709055733312
13568/16384
mean(sgnprob[1:i - 1]) = 0.032800176899830474
13696/16384
mean(sgnprob[1:i - 1]) = 0.03658269441401971
13824/16384
mean(sgnprob[1:i - 1]) = 0.032916154235694134
13952/16384
mean(sgnprob[1:i - 1]) = 0.035051250806393805
14080/16384
mean(sgnprob[1:i - 1]) = 0.03245969173947013
14208/16384
mean(sgnprob[1:i - 1]) = 0.028929400999507283
14336/16384
mean(sgnprob[1:i - 1]) = 0.031042901988140914
14464/16384
mean(sgnprob[1:i - 1]) = 0.032842425499550576
14592/16384
mean(sgnprob[1:i - 1]) = 0.03104653553560414
14720/16384
mean(sgnprob[1:i - 1]) = 0.02683606223248862
14848/16384
mean(sgnprob[1:i - 1]) = 0.02876001885902876
14976/16384
mean(sgnprob[1:i - 1]) = 0.025976627712854757
15104/16384
mean(sgnprob[1:i - 1]) = 0.028404952658412235
15232/16384
mean(sgnprob[1:i - 1]) = 0.029348040181209376
15360/16384
mean(sgnprob[1:i - 1]) = 0.02728042190246761
15488/16384
mean(sgnprob[1:i - 1]) = 0.027958933298895847
15616/16384
mean(sgnprob[1:i - 1]) = 0.02542427153378162
15744/16384
mean(sgnprob[1:i - 1]) = 0.02420123229371784
15872/16384
mean(sgnprob[1:i - 1]) = 0.026652384852876316
16000/16384
mean(sgnprob[1:i - 1]) = 0.023938996187261703
16128/16384
mean(sgnprob[1:i - 1]) = 0.026353320518385317
16256/16384
mean(sgnprob[1:i - 1]) = 0.024177176253460473
16384/16384
mean(sgnprob[1:i - 1]) = 0.022401269608740768
739.458011 seconds (167.11 M allocations: 70.745 GiB, 1.40% gc time, 1.20% compilation time)
