## SLURM PROLOG ###############################################################
##    Job ID : 8834027
##  Job Name : sbatch_etgent.sh
##  Nodelist : node1736
##      CPUs : 8
##  Mem/Node : 4096 MB
## Directory : /oscar/home/trazzaz/AFQMC
##   Job Started : Fri Feb 28 04:48:19 AM EST 2025
###############################################################################
seed = 1581
U = 2.0
β = 6.0
Warming up
128/1024
256/1024
384/1024
512/1024
640/1024
768/1024
896/1024
1024/1024
Measuring
128/16384
mean(sgnprob[1:i - 1]) = 0.3700787401574803
256/16384
mean(sgnprob[1:i - 1]) = 0.49019607843137253
384/16384
mean(sgnprob[1:i - 1]) = 0.1227154046997389
512/16384
mean(sgnprob[1:i - 1]) = 0.1780821917808219
640/16384
mean(sgnprob[1:i - 1]) = 0.023474178403755867
768/16384
mean(sgnprob[1:i - 1]) = 0.11082138200782268
896/16384
mean(sgnprob[1:i - 1]) = 0.04581005586592179
1024/16384
mean(sgnprob[1:i - 1]) = -0.04594330400782014
1152/16384
mean(sgnprob[1:i - 1]) = 0.028670721112076455
1280/16384
mean(sgnprob[1:i - 1]) = 0.08991399530883502
1408/16384
mean(sgnprob[1:i - 1]) = 0.03482587064676617
1536/16384
mean(sgnprob[1:i - 1]) = 0.0749185667752443
1664/16384
mean(sgnprob[1:i - 1]) = 0.11485267588695129
1792/16384
mean(sgnprob[1:i - 1]) = 0.07761027359017308
1920/16384
mean(sgnprob[1:i - 1]) = 0.10995310057321521
2048/16384
mean(sgnprob[1:i - 1]) = 0.12945774303859306
2176/16384
mean(sgnprob[1:i - 1]) = 0.1567816091954023
2304/16384
mean(sgnprob[1:i - 1]) = 0.12027789839339992
2432/16384
mean(sgnprob[1:i - 1]) = 0.14849856026326613
2560/16384
mean(sgnprob[1:i - 1]) = 0.11449785072293865
2688/16384
mean(sgnprob[1:i - 1]) = 0.13211760327502792
2816/16384
mean(sgnprob[1:i - 1]) = 0.15239786856127888
2944/16384
mean(sgnprob[1:i - 1]) = 0.16751613999320422
3072/16384
mean(sgnprob[1:i - 1]) = 0.1800716379029632
3200/16384
mean(sgnprob[1:i - 1]) = 0.19724914035636137
3328/16384
mean(sgnprob[1:i - 1]) = 0.20288548241659152
3456/16384
mean(sgnprob[1:i - 1]) = 0.2138929088277858
3584/16384
mean(sgnprob[1:i - 1]) = 0.2257884454367848
3712/16384
mean(sgnprob[1:i - 1]) = 0.2325518728105632
3840/16384
mean(sgnprob[1:i - 1]) = 0.24094816358426674
3968/16384
mean(sgnprob[1:i - 1]) = 0.24476934711368792
4096/16384
mean(sgnprob[1:i - 1]) = 0.2507936507936508
4224/16384
mean(sgnprob[1:i - 1]) = 0.2559791617333649
4352/16384
mean(sgnprob[1:i - 1]) = 0.2636175591817973
4480/16384
mean(sgnprob[1:i - 1]) = 0.24000893056485822
4608/16384
mean(sgnprob[1:i - 1]) = 0.21901454308660734
4736/16384
mean(sgnprob[1:i - 1]) = 0.22534318901795142
4864/16384
mean(sgnprob[1:i - 1]) = 0.2041949413942011
4992/16384
mean(sgnprob[1:i - 1]) = 0.18493287918252854
5120/16384
mean(sgnprob[1:i - 1]) = 0.19163899199062318
5248/16384
mean(sgnprob[1:i - 1]) = 0.19801791499904708
5376/16384
mean(sgnprob[1:i - 1]) = 0.2055813953488372
5504/16384
mean(sgnprob[1:i - 1]) = 0.21206614573868798
5632/16384
mean(sgnprob[1:i - 1]) = 0.22003196590303675
5760/16384
mean(sgnprob[1:i - 1]) = 0.2252127105400243
5888/16384
mean(sgnprob[1:i - 1]) = 0.23050789875997962
6016/16384
mean(sgnprob[1:i - 1]) = 0.2345802161263508
6144/16384
mean(sgnprob[1:i - 1]) = 0.21992511802051115
6272/16384
mean(sgnprob[1:i - 1]) = 0.22436612980385903
6400/16384
mean(sgnprob[1:i - 1]) = 0.20987654320987653
6528/16384
mean(sgnprob[1:i - 1]) = 0.21525969051631683
6656/16384
mean(sgnprob[1:i - 1]) = 0.19969947407963937
6784/16384
mean(sgnprob[1:i - 1]) = 0.20507150228512458
6912/16384
mean(sgnprob[1:i - 1]) = 0.21024453769353205
7040/16384
mean(sgnprob[1:i - 1]) = 0.19789742861201876
7168/16384
mean(sgnprob[1:i - 1]) = 0.18794474675596484
7296/16384
mean(sgnprob[1:i - 1]) = 0.19204934886908842
7424/16384
mean(sgnprob[1:i - 1]) = 0.19655125959854505
7552/16384
mean(sgnprob[1:i - 1]) = 0.20275460203946497
7680/16384
mean(sgnprob[1:i - 1]) = 0.19078004948561011
7808/16384
mean(sgnprob[1:i - 1]) = 0.19764314077110284
7936/16384
mean(sgnprob[1:i - 1]) = 0.18916194076874607
8064/16384
mean(sgnprob[1:i - 1]) = 0.17797345901029393
8192/16384
mean(sgnprob[1:i - 1]) = 0.1834940788670492
8320/16384
mean(sgnprob[1:i - 1]) = 0.17057338622430582
8448/16384
mean(sgnprob[1:i - 1]) = 0.17438143719663787
8576/16384
mean(sgnprob[1:i - 1]) = 0.16501457725947521
8704/16384
mean(sgnprob[1:i - 1]) = 0.15592324485809492
8832/16384
mean(sgnprob[1:i - 1]) = 0.16158985392367795
8960/16384
mean(sgnprob[1:i - 1]) = 0.16687130260073668
9088/16384
mean(sgnprob[1:i - 1]) = 0.17002310993727301
9216/16384
mean(sgnprob[1:i - 1]) = 0.17373846988605535
9344/16384
mean(sgnprob[1:i - 1]) = 0.16450818794819652
9472/16384
mean(sgnprob[1:i - 1]) = 0.16883116883116883
9600/16384
mean(sgnprob[1:i - 1]) = 0.16012084592145015
9728/16384
mean(sgnprob[1:i - 1]) = 0.16603269250539734
9856/16384
mean(sgnprob[1:i - 1]) = 0.17300862506341957
9984/16384
mean(sgnprob[1:i - 1]) = 0.1637784233196434
10112/16384
mean(sgnprob[1:i - 1]) = 0.153792898823064
10240/16384
mean(sgnprob[1:i - 1]) = 0.15890223654653773
10368/16384
mean(sgnprob[1:i - 1]) = 0.1646570849811903
10496/16384
mean(sgnprob[1:i - 1]) = 0.16874702239161504
10624/16384
mean(sgnprob[1:i - 1]) = 0.17217358561611598
10752/16384
mean(sgnprob[1:i - 1]) = 0.16398474560506
10880/16384
mean(sgnprob[1:i - 1]) = 0.16867359132273188
11008/16384
mean(sgnprob[1:i - 1]) = 0.1590805850822204
11136/16384
mean(sgnprob[1:i - 1]) = 0.16317916479568928
11264/16384
mean(sgnprob[1:i - 1]) = 0.16629672378584748
11392/16384
mean(sgnprob[1:i - 1]) = 0.17022210517074884
11520/16384
mean(sgnprob[1:i - 1]) = 0.1744075006510982
11648/16384
mean(sgnprob[1:i - 1]) = 0.17867261955868463
11776/16384
mean(sgnprob[1:i - 1]) = 0.1826751592356688
11904/16384
mean(sgnprob[1:i - 1]) = 0.18575149122070067
12032/16384
mean(sgnprob[1:i - 1]) = 0.1782894190009143
12160/16384
mean(sgnprob[1:i - 1]) = 0.1815116374701867
12288/16384
mean(sgnprob[1:i - 1]) = 0.1739236591519492
12416/16384
mean(sgnprob[1:i - 1]) = 0.17728554168344746
12544/16384
mean(sgnprob[1:i - 1]) = 0.18137606633181855
12672/16384
mean(sgnprob[1:i - 1]) = 0.18459474390340147
12800/16384
mean(sgnprob[1:i - 1]) = 0.1882178295179311
12928/16384
mean(sgnprob[1:i - 1]) = 0.1902220159356386
13056/16384
mean(sgnprob[1:i - 1]) = 0.19387207966296438
13184/16384
mean(sgnprob[1:i - 1]) = 0.18834863081240993
13312/16384
mean(sgnprob[1:i - 1]) = 0.19149575539027872
13440/16384
mean(sgnprob[1:i - 1]) = 0.18535605327777363
13568/16384
mean(sgnprob[1:i - 1]) = 0.18788236161273678
13696/16384
mean(sgnprob[1:i - 1]) = 0.19050748448338808
13824/16384
mean(sgnprob[1:i - 1]) = 0.19366273601967735
13952/16384
mean(sgnprob[1:i - 1]) = 0.18672496595226148
14080/16384
mean(sgnprob[1:i - 1]) = 0.18999928972228142
14208/16384
mean(sgnprob[1:i - 1]) = 0.1927922854930668
14336/16384
mean(sgnprob[1:i - 1]) = 0.19679107080572025
14464/16384
mean(sgnprob[1:i - 1]) = 0.1996128050888474
14592/16384
mean(sgnprob[1:i - 1]) = 0.192515934480159
14720/16384
mean(sgnprob[1:i - 1]) = 0.19614104219036618
14848/16384
mean(sgnprob[1:i - 1]) = 0.19067825149861925
14976/16384
mean(sgnprob[1:i - 1]) = 0.18464106844741235
15104/16384
mean(sgnprob[1:i - 1]) = 0.17870621730781963
15232/16384
mean(sgnprob[1:i - 1]) = 0.1811437200446458
15360/16384
mean(sgnprob[1:i - 1]) = 0.1744254183215053
15488/16384
mean(sgnprob[1:i - 1]) = 0.17698715051333377
15616/16384
mean(sgnprob[1:i - 1]) = 0.17041306436119116
15744/16384
mean(sgnprob[1:i - 1]) = 0.1741091278663533
15872/16384
mean(sgnprob[1:i - 1]) = 0.16804234137735494
16000/16384
mean(sgnprob[1:i - 1]) = 0.16232264516532283
16128/16384
mean(sgnprob[1:i - 1]) = 0.16562286848142865
16256/16384
mean(sgnprob[1:i - 1]) = 0.16837896031990157
16384/16384
mean(sgnprob[1:i - 1]) = 0.16315693096502473
726.118769 seconds (167.11 M allocations: 70.745 GiB, 1.29% gc time, 1.22% compilation time)
