## SLURM PROLOG ###############################################################
##    Job ID : 8822296
##  Job Name : sbatch_etgent.sh
##  Nodelist : node1320
##      CPUs : 8
##  Mem/Node : 4096 MB
## Directory : /oscar/home/trazzaz/AFQMC
##   Job Started : Thu Feb 27 07:03:54 PM EST 2025
###############################################################################
seed = 1291
U = 2.0
β = 6.0
Warming up
128/1024
256/1024
384/1024
512/1024
640/1024
768/1024
896/1024
1024/1024
Measuring
128/16384
mean(sgnprob[1:i - 1]) = -0.3543307086614173
256/16384
mean(sgnprob[1:i - 1]) = -0.043137254901960784
384/16384
mean(sgnprob[1:i - 1]) = -0.13315926892950392
512/16384
mean(sgnprob[1:i - 1]) = -0.0684931506849315
640/16384
mean(sgnprob[1:i - 1]) = -0.11424100156494522
768/16384
mean(sgnprob[1:i - 1]) = -0.1290743155149935
896/16384
mean(sgnprob[1:i - 1]) = -0.1418994413407821
1024/16384
mean(sgnprob[1:i - 1]) = -0.14565004887585534
1152/16384
mean(sgnprob[1:i - 1]) = -0.13292788879235448
1280/16384
mean(sgnprob[1:i - 1]) = -0.09147771696637999
1408/16384
mean(sgnprob[1:i - 1]) = -0.06183368869936034
1536/16384
mean(sgnprob[1:i - 1]) = -0.06449511400651466
1664/16384
mean(sgnprob[1:i - 1]) = -0.03668069753457607
1792/16384
mean(sgnprob[1:i - 1]) = -0.047459519821328865
1920/16384
mean(sgnprob[1:i - 1]) = -0.03595622720166754
2048/16384
mean(sgnprob[1:i - 1]) = -0.019052271617000488
2176/16384
mean(sgnprob[1:i - 1]) = -0.006896551724137931
2304/16384
mean(sgnprob[1:i - 1]) = 0.011723838471558836
2432/16384
mean(sgnprob[1:i - 1]) = 0.019333607568901685
2560/16384
mean(sgnprob[1:i - 1]) = 0.02618210238374365
2688/16384
mean(sgnprob[1:i - 1]) = 0.030889467807964272
2816/16384
mean(sgnprob[1:i - 1]) = 0.02024866785079929
2944/16384
mean(sgnprob[1:i - 1]) = 0.013931362555215767
3072/16384
mean(sgnprob[1:i - 1]) = 0.0185607294041029
3200/16384
mean(sgnprob[1:i - 1]) = 0.026570803376055017
3328/16384
mean(sgnprob[1:i - 1]) = 0.03456567478208596
3456/16384
mean(sgnprob[1:i - 1]) = 0.041968162083936326
3584/16384
mean(sgnprob[1:i - 1]) = 0.048283561261512696
3712/16384
mean(sgnprob[1:i - 1]) = 0.03907302613850714
3840/16384
mean(sgnprob[1:i - 1]) = 0.04193800468872102
3968/16384
mean(sgnprob[1:i - 1]) = 0.0426014620620116
4096/16384
mean(sgnprob[1:i - 1]) = 0.05445665445665446
4224/16384
mean(sgnprob[1:i - 1]) = 0.05801562869997632
4352/16384
mean(sgnprob[1:i - 1]) = 0.06366352562629281
4480/16384
mean(sgnprob[1:i - 1]) = 0.06496985934360348
4608/16384
mean(sgnprob[1:i - 1]) = 0.06967657911873236
4736/16384
mean(sgnprob[1:i - 1]) = 0.07412882787750792
4864/16384
mean(sgnprob[1:i - 1]) = 0.0795805058605799
4992/16384
mean(sgnprob[1:i - 1]) = 0.0843518332999399
5120/16384
mean(sgnprob[1:i - 1]) = 0.09083805430748193
5248/16384
mean(sgnprob[1:i - 1]) = 0.09357728225652753
5376/16384
mean(sgnprob[1:i - 1]) = 0.08948837209302325
5504/16384
mean(sgnprob[1:i - 1]) = 0.09031437397783028
5632/16384
mean(sgnprob[1:i - 1]) = 0.08222340614455692
5760/16384
mean(sgnprob[1:i - 1]) = 0.07310296926549749
5888/16384
mean(sgnprob[1:i - 1]) = 0.07796840496008153
6016/16384
mean(sgnprob[1:i - 1]) = 0.07464671654197838
6144/16384
mean(sgnprob[1:i - 1]) = 0.06983558521894839
6272/16384
mean(sgnprob[1:i - 1]) = 0.07096156912773083
6400/16384
mean(sgnprob[1:i - 1]) = 0.07391779965619628
6528/16384
mean(sgnprob[1:i - 1]) = 0.07553240386088556
6656/16384
mean(sgnprob[1:i - 1]) = 0.07948910593538693
6784/16384
mean(sgnprob[1:i - 1]) = 0.07150228512457614
6912/16384
mean(sgnprob[1:i - 1]) = 0.06670525249602084
7040/16384
mean(sgnprob[1:i - 1]) = 0.06265094473646825
7168/16384
mean(sgnprob[1:i - 1]) = 0.057625226733640296
7296/16384
mean(sgnprob[1:i - 1]) = 0.05579163810829335
7424/16384
mean(sgnprob[1:i - 1]) = 0.04971035969284656
7552/16384
mean(sgnprob[1:i - 1]) = 0.05098662428817375
7680/16384
mean(sgnprob[1:i - 1]) = 0.04753223075921344
7808/16384
mean(sgnprob[1:i - 1]) = 0.0434225694889202
7936/16384
mean(sgnprob[1:i - 1]) = 0.039193446754883426
8064/16384
mean(sgnprob[1:i - 1]) = 0.035842738434825744
8192/16384
mean(sgnprob[1:i - 1]) = 0.03332926382615065
8320/16384
mean(sgnprob[1:i - 1]) = 0.03570140641904075
8448/16384
mean(sgnprob[1:i - 1]) = 0.03871196874630046
8576/16384
mean(sgnprob[1:i - 1]) = 0.032536443148688046
8704/16384
mean(sgnprob[1:i - 1]) = 0.028381018039756407
8832/16384
mean(sgnprob[1:i - 1]) = 0.03317857547276639
8960/16384
mean(sgnprob[1:i - 1]) = 0.036053130929791274
9088/16384
mean(sgnprob[1:i - 1]) = 0.03312424342467261
9216/16384
mean(sgnprob[1:i - 1]) = 0.0341833966359197
9344/16384
mean(sgnprob[1:i - 1]) = 0.03778229690677513
9472/16384
mean(sgnprob[1:i - 1]) = 0.033470594446204205
9600/16384
mean(sgnprob[1:i - 1]) = 0.030732367954995312
9728/16384
mean(sgnprob[1:i - 1]) = 0.02765498098077516
9856/16384
mean(sgnprob[1:i - 1]) = 0.030136986301369864
9984/16384
mean(sgnprob[1:i - 1]) = 0.02594410497846339
10112/16384
mean(sgnprob[1:i - 1]) = 0.028187122935416874
10240/16384
mean(sgnprob[1:i - 1]) = 0.030178728391444476
10368/16384
mean(sgnprob[1:i - 1]) = 0.029227356033568054
10496/16384
mean(sgnprob[1:i - 1]) = 0.03172939494997618
10624/16384
mean(sgnprob[1:i - 1]) = 0.03398286736326838
10752/16384
mean(sgnprob[1:i - 1]) = 0.030787833689889313
10880/16384
mean(sgnprob[1:i - 1]) = 0.03281551613199742
11008/16384
mean(sgnprob[1:i - 1]) = 0.031161987825928956
11136/16384
mean(sgnprob[1:i - 1]) = 0.02918724741805119
11264/16384
mean(sgnprob[1:i - 1]) = 0.026902246293172335
11392/16384
mean(sgnprob[1:i - 1]) = 0.02414186638574313
11520/16384
mean(sgnprob[1:i - 1]) = 0.026130740515669763
11648/16384
mean(sgnprob[1:i - 1]) = 0.023611230359749293
11776/16384
mean(sgnprob[1:i - 1]) = 0.02437367303609342
11904/16384
mean(sgnprob[1:i - 1]) = 0.026799966395026464
12032/16384
mean(sgnprob[1:i - 1]) = 0.02900839497963594
12160/16384
mean(sgnprob[1:i - 1]) = 0.025742248540176
12288/16384
mean(sgnprob[1:i - 1]) = 0.028892325221779116
12416/16384
mean(sgnprob[1:i - 1]) = 0.030205396697543293
12544/16384
mean(sgnprob[1:i - 1]) = 0.026708124053256798
12672/16384
mean(sgnprob[1:i - 1]) = 0.02438639412832452
12800/16384
mean(sgnprob[1:i - 1]) = 0.0269552308774123
12928/16384
mean(sgnprob[1:i - 1]) = 0.023748742941130965
13056/16384
mean(sgnprob[1:i - 1]) = 0.02504787437763309
13184/16384
mean(sgnprob[1:i - 1]) = 0.023287567321550483
13312/16384
mean(sgnprob[1:i - 1]) = 0.025768161670798588
13440/16384
mean(sgnprob[1:i - 1]) = 0.024034526378450778
13568/16384
mean(sgnprob[1:i - 1]) = 0.025871600206383134
13696/16384
mean(sgnprob[1:i - 1]) = 0.028404527199707923
13824/16384
mean(sgnprob[1:i - 1]) = 0.030456485567532374
13952/16384
mean(sgnprob[1:i - 1]) = 0.02745322915920006
14080/16384
mean(sgnprob[1:i - 1]) = 0.025783081184743234
14208/16384
mean(sgnprob[1:i - 1]) = 0.024283803758710493
14336/16384
mean(sgnprob[1:i - 1]) = 0.022532263690268572
14464/16384
mean(sgnprob[1:i - 1]) = 0.024821959482818227
14592/16384
mean(sgnprob[1:i - 1]) = 0.02213693372626962
14720/16384
mean(sgnprob[1:i - 1]) = 0.022895577145186495
14848/16384
mean(sgnprob[1:i - 1]) = 0.025122920455310838
14976/16384
mean(sgnprob[1:i - 1]) = 0.02370617696160267
15104/16384
mean(sgnprob[1:i - 1]) = 0.025359200158908825
15232/16384
mean(sgnprob[1:i - 1]) = 0.023045105377191254
15360/16384
mean(sgnprob[1:i - 1]) = 0.021681099029884757
15488/16384
mean(sgnprob[1:i - 1]) = 0.022793310518499386
15616/16384
mean(sgnprob[1:i - 1]) = 0.024399615754082612
15744/16384
mean(sgnprob[1:i - 1]) = 0.023311948167439495
15872/16384
mean(sgnprob[1:i - 1]) = 0.026022304832713755
16000/16384
mean(sgnprob[1:i - 1]) = 0.02368898056128508
16128/16384
mean(sgnprob[1:i - 1]) = 0.025237179884665468
16256/16384
mean(sgnprob[1:i - 1]) = 0.02233159027991387
16384/16384
mean(sgnprob[1:i - 1]) = 0.023988280534700604
798.154415 seconds (167.11 M allocations: 70.745 GiB, 2.14% gc time, 1.22% compilation time)
