## SLURM PROLOG ###############################################################
##    Job ID : 8833838
##  Job Name : sbatch_etgent.sh
##  Nodelist : node1709
##      CPUs : 8
##  Mem/Node : 4096 MB
## Directory : /oscar/home/trazzaz/AFQMC
##   Job Started : Thu Feb 27 11:43:41 PM EST 2025
###############################################################################
seed = 1392
U = 2.0
β = 6.0
Warming up
128/1024
256/1024
384/1024
512/1024
640/1024
768/1024
896/1024
1024/1024
Measuring
128/16384
mean(sgnprob[1:i - 1]) = 0.2440944881889764
256/16384
mean(sgnprob[1:i - 1]) = -0.03529411764705882
384/16384
mean(sgnprob[1:i - 1]) = -0.05483028720626632
512/16384
mean(sgnprob[1:i - 1]) = -0.005870841487279843
640/16384
mean(sgnprob[1:i - 1]) = 0.057902973395931145
768/16384
mean(sgnprob[1:i - 1]) = 0.08996088657105607
896/16384
mean(sgnprob[1:i - 1]) = 0.09497206703910614
1024/16384
mean(sgnprob[1:i - 1]) = 0.05767350928641251
1152/16384
mean(sgnprob[1:i - 1]) = 0.018245004344048653
1280/16384
mean(sgnprob[1:i - 1]) = 0.04300234558248632
1408/16384
mean(sgnprob[1:i - 1]) = 0.023454157782515993
1536/16384
mean(sgnprob[1:i - 1]) = -0.012377850162866449
1664/16384
mean(sgnprob[1:i - 1]) = 0.0006013229104028864
1792/16384
mean(sgnprob[1:i - 1]) = 0.008375209380234505
1920/16384
mean(sgnprob[1:i - 1]) = 0.0297029702970297
2048/16384
mean(sgnprob[1:i - 1]) = 0.021983390327308255
2176/16384
mean(sgnprob[1:i - 1]) = 0.027126436781609194
2304/16384
mean(sgnprob[1:i - 1]) = 0.029960920538428137
2432/16384
mean(sgnprob[1:i - 1]) = 0.04566022213081036
2560/16384
mean(sgnprob[1:i - 1]) = 0.04572098475967175
2688/16384
mean(sgnprob[1:i - 1]) = 0.0323781168589505
2816/16384
mean(sgnprob[1:i - 1]) = 0.04014209591474245
2944/16384
mean(sgnprob[1:i - 1]) = 0.03431872239211689
3072/16384
mean(sgnprob[1:i - 1]) = 0.042005861282969716
3200/16384
mean(sgnprob[1:i - 1]) = 0.035948733979368555
3328/16384
mean(sgnprob[1:i - 1]) = 0.044785091674180946
3456/16384
mean(sgnprob[1:i - 1]) = 0.0512301013024602
3584/16384
mean(sgnprob[1:i - 1]) = 0.047725369801842034
3712/16384
mean(sgnprob[1:i - 1]) = 0.054163298302344384
3840/16384
mean(sgnprob[1:i - 1]) = 0.044542849700442824
3968/16384
mean(sgnprob[1:i - 1]) = 0.03705570960423494
4096/16384
mean(sgnprob[1:i - 1]) = 0.042735042735042736
4224/16384
mean(sgnprob[1:i - 1]) = 0.046649301444470756
4352/16384
mean(sgnprob[1:i - 1]) = 0.04665594116295105
4480/16384
mean(sgnprob[1:i - 1]) = 0.045769144898414826
4608/16384
mean(sgnprob[1:i - 1]) = 0.035380942044714564
4736/16384
mean(sgnprob[1:i - 1]) = 0.026399155227032733
4864/16384
mean(sgnprob[1:i - 1]) = 0.024470491466173146
4992/16384
mean(sgnprob[1:i - 1]) = 0.02063714686435584
5120/16384
mean(sgnprob[1:i - 1]) = 0.026763039656182847
5248/16384
mean(sgnprob[1:i - 1]) = 0.03487707261292167
5376/16384
mean(sgnprob[1:i - 1]) = 0.04074418604651163
5504/16384
mean(sgnprob[1:i - 1]) = 0.03652553152825731
5632/16384
mean(sgnprob[1:i - 1]) = 0.02930207778369739
5760/16384
mean(sgnprob[1:i - 1]) = 0.02413613474561556
5888/16384
mean(sgnprob[1:i - 1]) = 0.02429081025989468
6016/16384
mean(sgnprob[1:i - 1]) = 0.031088944305901912
6144/16384
mean(sgnprob[1:i - 1]) = 0.03662705518476315
6272/16384
mean(sgnprob[1:i - 1]) = 0.031095519055971934
6400/16384
mean(sgnprob[1:i - 1]) = 0.028598218471636194
6528/16384
mean(sgnprob[1:i - 1]) = 0.022215412900260457
6656/16384
mean(sgnprob[1:i - 1]) = 0.018782870022539443
6784/16384
mean(sgnprob[1:i - 1]) = 0.024915229249594575
6912/16384
mean(sgnprob[1:i - 1]) = 0.01721892634929822
7040/16384
mean(sgnprob[1:i - 1]) = 0.020599516976843302
7168/16384
mean(sgnprob[1:i - 1]) = 0.01353425422073392
7296/16384
mean(sgnprob[1:i - 1]) = 0.014941740918437287
7424/16384
mean(sgnprob[1:i - 1]) = 0.011989761551933181
7552/16384
mean(sgnprob[1:i - 1]) = 0.013110846245530394
7680/16384
mean(sgnprob[1:i - 1]) = 0.018361765854929026
7808/16384
mean(sgnprob[1:i - 1]) = 0.01216856667093634
7936/16384
mean(sgnprob[1:i - 1]) = 0.01575299306868305
8064/16384
mean(sgnprob[1:i - 1]) = 0.017487287610070693
8192/16384
mean(sgnprob[1:i - 1]) = 0.017946526675619582
8320/16384
mean(sgnprob[1:i - 1]) = 0.019353287654766196
8448/16384
mean(sgnprob[1:i - 1]) = 0.022611578075056232
8576/16384
mean(sgnprob[1:i - 1]) = 0.01784256559766764
8704/16384
mean(sgnprob[1:i - 1]) = 0.01918878547627255
8832/16384
mean(sgnprob[1:i - 1]) = 0.021401879741818595
8960/16384
mean(sgnprob[1:i - 1]) = 0.01797075566469472
9088/16384
mean(sgnprob[1:i - 1]) = 0.013755915043468691
9216/16384
mean(sgnprob[1:i - 1]) = 0.015735214324470972
9344/16384
mean(sgnprob[1:i - 1]) = 0.01380712833137108
9472/16384
mean(sgnprob[1:i - 1]) = 0.010030619786717349
9600/16384
mean(sgnprob[1:i - 1]) = 0.008438378997812272
9728/16384
mean(sgnprob[1:i - 1]) = 0.0056543641410506836
9856/16384
mean(sgnprob[1:i - 1]) = 0.009030948756976154
9984/16384
mean(sgnprob[1:i - 1]) = 0.006911749974957427
10112/16384
mean(sgnprob[1:i - 1]) = 0.009197903273662348
10240/16384
mean(sgnprob[1:i - 1]) = 0.01298954976071882
10368/16384
mean(sgnprob[1:i - 1]) = 0.010707051220217999
10496/16384
mean(sgnprob[1:i - 1]) = 0.014387803716055265
10624/16384
mean(sgnprob[1:i - 1]) = 0.017979855031535347
10752/16384
mean(sgnprob[1:i - 1]) = 0.016463584782810903
10880/16384
mean(sgnprob[1:i - 1]) = 0.014799154334038054
11008/16384
mean(sgnprob[1:i - 1]) = 0.017534296356863814
11136/16384
mean(sgnprob[1:i - 1]) = 0.013381230354737315
11264/16384
mean(sgnprob[1:i - 1]) = 0.017135754239545414
11392/16384
mean(sgnprob[1:i - 1]) = 0.015889737512070932
11520/16384
mean(sgnprob[1:i - 1]) = 0.014150533900512198
11648/16384
mean(sgnprob[1:i - 1]) = 0.011934403709109642
11776/16384
mean(sgnprob[1:i - 1]) = 0.011125265392781317
11904/16384
mean(sgnprob[1:i - 1]) = 0.013189952112912712
12032/16384
mean(sgnprob[1:i - 1]) = 0.015543180118028426
12160/16384
mean(sgnprob[1:i - 1]) = 0.018833785673163912
12288/16384
mean(sgnprob[1:i - 1]) = 0.018800358102059087
12416/16384
mean(sgnprob[1:i - 1]) = 0.01941200161095449
12544/16384
mean(sgnprob[1:i - 1]) = 0.022084030933588454
12672/16384
mean(sgnprob[1:i - 1]) = 0.024070712650935206
12800/16384
mean(sgnprob[1:i - 1]) = 0.02539260879756231
12928/16384
mean(sgnprob[1:i - 1]) = 0.022356308501585827
13056/16384
mean(sgnprob[1:i - 1]) = 0.02474147836078131
13184/16384
mean(sgnprob[1:i - 1]) = 0.02192217249487977
13312/16384
mean(sgnprob[1:i - 1]) = 0.0196078431372549
13440/16384
mean(sgnprob[1:i - 1]) = 0.0213557556365801
13568/16384
mean(sgnprob[1:i - 1]) = 0.01850077393675831
13696/16384
mean(sgnprob[1:i - 1]) = 0.020518437385907265
13824/16384
mean(sgnprob[1:i - 1]) = 0.01743471026549953
13952/16384
mean(sgnprob[1:i - 1]) = 0.019568489713998997
14080/16384
mean(sgnprob[1:i - 1]) = 0.020953192698345054
14208/16384
mean(sgnprob[1:i - 1]) = 0.02372070106285634
14336/16384
mean(sgnprob[1:i - 1]) = 0.02560167422392745
14464/16384
mean(sgnprob[1:i - 1]) = 0.023300836617575885
14592/16384
mean(sgnprob[1:i - 1]) = 0.024604208073469948
14720/16384
mean(sgnprob[1:i - 1]) = 0.022759698349072627
14848/16384
mean(sgnprob[1:i - 1]) = 0.02081228531016367
14976/16384
mean(sgnprob[1:i - 1]) = 0.02317195325542571
15104/16384
mean(sgnprob[1:i - 1]) = 0.025226776137191285
15232/16384
mean(sgnprob[1:i - 1]) = 0.02317641651894163
15360/16384
mean(sgnprob[1:i - 1]) = 0.02142066540790416
15488/16384
mean(sgnprob[1:i - 1]) = 0.022405888809969653
15616/16384
mean(sgnprob[1:i - 1]) = 0.023374959974383606
15744/16384
mean(sgnprob[1:i - 1]) = 0.023947151114781174
15872/16384
mean(sgnprob[1:i - 1]) = 0.02161174469157583
16000/16384
mean(sgnprob[1:i - 1]) = 0.020563785236577287
16128/16384
mean(sgnprob[1:i - 1]) = 0.019160414212190734
16256/16384
mean(sgnprob[1:i - 1]) = 0.02159335589049523
16384/16384
mean(sgnprob[1:i - 1]) = 0.023499969480559116
738.763121 seconds (167.11 M allocations: 70.745 GiB, 2.17% gc time, 1.31% compilation time)
