## SLURM PROLOG ###############################################################
##    Job ID : 5896899
##  Job Name : etgent_2x2_seed1240
##  Nodelist : node1713
##      CPUs : 8
##  Mem/Node : 2048 MB
## Directory : /oscar/home/trazzaz/AFQMC
##   Job Started : Sun Nov 10 05:33:41 PM EST 2024
###############################################################################
U = 2.0
seed = 1240
λₖ = 0.0
Warming up
128/512
256/512
384/512
512/512
Measuring
128/1024
256/1024
384/1024
512/1024
640/1024
768/1024
896/1024
1024/1024
344.027410 seconds (210.26 M allocations: 1.099 TiB, 18.77% gc time, 2.19% compilation time)
λₖ = 0.2
Warming up
128/512
256/512
384/512
512/512
Measuring
128/1024
256/1024
384/1024
512/1024
640/1024
768/1024
896/1024
1024/1024
334.070655 seconds (208.41 M allocations: 1.099 TiB, 18.43% gc time, 0.02% compilation time)
λₖ = 0.4
Warming up
128/512
256/512
384/512
512/512
Measuring
128/1024
256/1024
384/1024
512/1024
640/1024
768/1024
896/1024
1024/1024
311.190195 seconds (208.41 M allocations: 1.099 TiB, 19.36% gc time)
λₖ = 0.6
Warming up
128/512
256/512
384/512
512/512
Measuring
128/1024
256/1024
384/1024
512/1024
640/1024
768/1024
896/1024
1024/1024
296.954272 seconds (208.41 M allocations: 1.099 TiB, 20.62% gc time)
λₖ = 0.8
Warming up
128/512
256/512
384/512
512/512
Measuring
128/1024
256/1024
384/1024
512/1024
640/1024
768/1024
896/1024
1024/1024
261.507228 seconds (208.41 M allocations: 1.099 TiB, 22.18% gc time)
