## SLURM PROLOG ###############################################################
##    Job ID : 8833780
##  Job Name : sbatch_etgent.sh
##  Nodelist : node1708
##      CPUs : 8
##  Mem/Node : 4096 MB
## Directory : /oscar/home/trazzaz/AFQMC
##   Job Started : Thu Feb 27 10:14:36 PM EST 2025
###############################################################################
seed = 1334
U = 2.0
β = 6.0
Warming up
128/1024
256/1024
384/1024
512/1024
640/1024
768/1024
896/1024
1024/1024
Measuring
128/16384
mean(sgnprob[1:i - 1]) = 0.18110236220472442
256/16384
mean(sgnprob[1:i - 1]) = 0.23137254901960785
384/16384
mean(sgnprob[1:i - 1]) = 0.24804177545691905
512/16384
mean(sgnprob[1:i - 1]) = 0.22113502935420742
640/16384
mean(sgnprob[1:i - 1]) = 0.2237871674491393
768/16384
mean(sgnprob[1:i - 1]) = 0.12646675358539766
896/16384
mean(sgnprob[1:i - 1]) = 0.1463687150837989
1024/16384
mean(sgnprob[1:i - 1]) = 0.16324535679374388
1152/16384
mean(sgnprob[1:i - 1]) = 0.1676802780191138
1280/16384
mean(sgnprob[1:i - 1]) = 0.18373729476153244
1408/16384
mean(sgnprob[1:i - 1]) = 0.1812366737739872
1536/16384
mean(sgnprob[1:i - 1]) = 0.19218241042345277
1664/16384
mean(sgnprob[1:i - 1]) = 0.1545399879735418
1792/16384
mean(sgnprob[1:i - 1]) = 0.1568955890563931
1920/16384
mean(sgnprob[1:i - 1]) = 0.15581031787389266
2048/16384
mean(sgnprob[1:i - 1]) = 0.1626770884220811
2176/16384
mean(sgnprob[1:i - 1]) = 0.16689655172413792
2304/16384
mean(sgnprob[1:i - 1]) = 0.17672600955275727
2432/16384
mean(sgnprob[1:i - 1]) = 0.18058412176059235
2560/16384
mean(sgnprob[1:i - 1]) = 0.1754591637358343
2688/16384
mean(sgnprob[1:i - 1]) = 0.17603275027912169
2816/16384
mean(sgnprob[1:i - 1]) = 0.15595026642984014
2944/16384
mean(sgnprob[1:i - 1]) = 0.15528372409106353
3072/16384
mean(sgnprob[1:i - 1]) = 0.1566265060240964
3200/16384
mean(sgnprob[1:i - 1]) = 0.1647389809315411
3328/16384
mean(sgnprob[1:i - 1]) = 0.1674180943793207
3456/16384
mean(sgnprob[1:i - 1]) = 0.15369030390738062
3584/16384
mean(sgnprob[1:i - 1]) = 0.1548981300586101
3712/16384
mean(sgnprob[1:i - 1]) = 0.1576394502829426
3840/16384
mean(sgnprob[1:i - 1]) = 0.16436572023964574
3968/16384
mean(sgnprob[1:i - 1]) = 0.1525081925888581
4096/16384
mean(sgnprob[1:i - 1]) = 0.14188034188034188
4224/16384
mean(sgnprob[1:i - 1]) = 0.14278948614728865
4352/16384
mean(sgnprob[1:i - 1]) = 0.1303148701447943
4480/16384
mean(sgnprob[1:i - 1]) = 0.1332886805090422
4608/16384
mean(sgnprob[1:i - 1]) = 0.1395702192316041
4736/16384
mean(sgnprob[1:i - 1]) = 0.14128827877507918
4864/16384
mean(sgnprob[1:i - 1]) = 0.12893275755706354
4992/16384
mean(sgnprob[1:i - 1]) = 0.13043478260869565
5120/16384
mean(sgnprob[1:i - 1]) = 0.11740574330924008
5248/16384
mean(sgnprob[1:i - 1]) = 0.10844291976367448
5376/16384
mean(sgnprob[1:i - 1]) = 0.11069767441860465
5504/16384
mean(sgnprob[1:i - 1]) = 0.11357441395602398
5632/16384
mean(sgnprob[1:i - 1]) = 0.11561001598295152
5760/16384
mean(sgnprob[1:i - 1]) = 0.10540024309776003
5888/16384
mean(sgnprob[1:i - 1]) = 0.10820451843043995
6016/16384
mean(sgnprob[1:i - 1]) = 0.11321695760598503
6144/16384
mean(sgnprob[1:i - 1]) = 0.11736936350317434
6272/16384
mean(sgnprob[1:i - 1]) = 0.11911975761441557
6400/16384
mean(sgnprob[1:i - 1]) = 0.11236130645413346
6528/16384
mean(sgnprob[1:i - 1]) = 0.10494867473571319
6656/16384
mean(sgnprob[1:i - 1]) = 0.09872276483846731
6784/16384
mean(sgnprob[1:i - 1]) = 0.09243697478991597
6912/16384
mean(sgnprob[1:i - 1]) = 0.08580523802633483
7040/16384
mean(sgnprob[1:i - 1]) = 0.08964341525784912
7168/16384
mean(sgnprob[1:i - 1]) = 0.08469373517510813
7296/16384
mean(sgnprob[1:i - 1]) = 0.07991775188485264
7424/16384
mean(sgnprob[1:i - 1]) = 0.07584534554762226
7552/16384
mean(sgnprob[1:i - 1]) = 0.06899748377698318
7680/16384
mean(sgnprob[1:i - 1]) = 0.07071233233493944
7808/16384
mean(sgnprob[1:i - 1]) = 0.06571026002305623
7936/16384
mean(sgnprob[1:i - 1]) = 0.06893509766855703
8064/16384
mean(sgnprob[1:i - 1]) = 0.07280168671710281
8192/16384
mean(sgnprob[1:i - 1]) = 0.0687339763154682
8320/16384
mean(sgnprob[1:i - 1]) = 0.07224426012741916
8448/16384
mean(sgnprob[1:i - 1]) = 0.07446430685450456
8576/16384
mean(sgnprob[1:i - 1]) = 0.07685131195335276
8704/16384
mean(sgnprob[1:i - 1]) = 0.07434218085717569
8832/16384
mean(sgnprob[1:i - 1]) = 0.07688823462801495
8960/16384
mean(sgnprob[1:i - 1]) = 0.07177140305837705
9088/16384
mean(sgnprob[1:i - 1]) = 0.06723891273247497
9216/16384
mean(sgnprob[1:i - 1]) = 0.06825827455236028
9344/16384
mean(sgnprob[1:i - 1]) = 0.0713903457133683
9472/16384
mean(sgnprob[1:i - 1]) = 0.07528244113609968
9600/16384
mean(sgnprob[1:i - 1]) = 0.07844567142410667
9728/16384
mean(sgnprob[1:i - 1]) = 0.08173126349336897
9856/16384
mean(sgnprob[1:i - 1]) = 0.08452562151192289
9984/16384
mean(sgnprob[1:i - 1]) = 0.08925172793749374
10112/16384
mean(sgnprob[1:i - 1]) = 0.09089110869350213
10240/16384
mean(sgnprob[1:i - 1]) = 0.08702021681804864
10368/16384
mean(sgnprob[1:i - 1]) = 0.08285907205556091
10496/16384
mean(sgnprob[1:i - 1]) = 0.08623153882801333
10624/16384
mean(sgnprob[1:i - 1]) = 0.08801656782453168
10752/16384
mean(sgnprob[1:i - 1]) = 0.08473630359966515
10880/16384
mean(sgnprob[1:i - 1]) = 0.08649692067285596
11008/16384
mean(sgnprob[1:i - 1]) = 0.08876169710184428
11136/16384
mean(sgnprob[1:i - 1]) = 0.08576560395150426
11264/16384
mean(sgnprob[1:i - 1]) = 0.08763206960845245
11392/16384
mean(sgnprob[1:i - 1]) = 0.08787639364410499
11520/16384
mean(sgnprob[1:i - 1]) = 0.09089330671065196
11648/16384
mean(sgnprob[1:i - 1]) = 0.0933287541856272
11776/16384
mean(sgnprob[1:i - 1]) = 0.0907855626326964
11904/16384
mean(sgnprob[1:i - 1]) = 0.08762496849533731
12032/16384
mean(sgnprob[1:i - 1]) = 0.08453162663120273
12160/16384
mean(sgnprob[1:i - 1]) = 0.08594456780985278
12288/16384
mean(sgnprob[1:i - 1]) = 0.089281354276878
12416/16384
mean(sgnprob[1:i - 1]) = 0.09142166733789771
12544/16384
mean(sgnprob[1:i - 1]) = 0.09351829705812006
12672/16384
mean(sgnprob[1:i - 1]) = 0.09099518585746981
12800/16384
mean(sgnprob[1:i - 1]) = 0.09102273615126182
12928/16384
mean(sgnprob[1:i - 1]) = 0.08749129728475284
13056/16384
mean(sgnprob[1:i - 1]) = 0.08448870164687859
13184/16384
mean(sgnprob[1:i - 1]) = 0.08670257149359023
13312/16384
mean(sgnprob[1:i - 1]) = 0.08316430020283976
13440/16384
mean(sgnprob[1:i - 1]) = 0.08430686807054097
13568/16384
mean(sgnprob[1:i - 1]) = 0.0863123756173067
13696/16384
mean(sgnprob[1:i - 1]) = 0.08930266520627966
13824/16384
mean(sgnprob[1:i - 1]) = 0.09122477031035231
13952/16384
mean(sgnprob[1:i - 1]) = 0.09225145150885242
14080/16384
mean(sgnprob[1:i - 1]) = 0.09411179771290575
14208/16384
mean(sgnprob[1:i - 1]) = 0.09058914619553741
14336/16384
mean(sgnprob[1:i - 1]) = 0.08852459016393442
14464/16384
mean(sgnprob[1:i - 1]) = 0.08843255202931619
14592/16384
mean(sgnprob[1:i - 1]) = 0.08998697827427866
14720/16384
mean(sgnprob[1:i - 1]) = 0.09110673279434744
14848/16384
mean(sgnprob[1:i - 1]) = 0.08681888597022967
14976/16384
mean(sgnprob[1:i - 1]) = 0.08901502504173622
15104/16384
mean(sgnprob[1:i - 1]) = 0.08600940210554195
15232/16384
mean(sgnprob[1:i - 1]) = 0.087650187118377
15360/16384
mean(sgnprob[1:i - 1]) = 0.08978449117781105
15488/16384
mean(sgnprob[1:i - 1]) = 0.09046296894169303
15616/16384
mean(sgnprob[1:i - 1]) = 0.08818443804034583
15744/16384
mean(sgnprob[1:i - 1]) = 0.08873785174363209
15872/16384
mean(sgnprob[1:i - 1]) = 0.08650998676831957
16000/16384
mean(sgnprob[1:i - 1]) = 0.08731795737233577
16128/16384
mean(sgnprob[1:i - 1]) = 0.08501271160166181
16256/16384
mean(sgnprob[1:i - 1]) = 0.08618886496462627
16384/16384
mean(sgnprob[1:i - 1]) = 0.08734663980955869
732.069192 seconds (167.11 M allocations: 70.745 GiB, 1.38% gc time, 1.24% compilation time)
