## SLURM PROLOG ###############################################################
##    Job ID : 8822292
##  Job Name : sbatch_etgent.sh
##  Nodelist : node1753
##      CPUs : 8
##  Mem/Node : 4096 MB
## Directory : /oscar/home/trazzaz/AFQMC
##   Job Started : Thu Feb 27 06:51:23 PM EST 2025
###############################################################################
seed = 1287
U = 2.0
β = 6.0
Warming up
128/1024
256/1024
384/1024
512/1024
640/1024
768/1024
896/1024
1024/1024
Measuring
128/16384
mean(sgnprob[1:i - 1]) = 0.3700787401574803
256/16384
mean(sgnprob[1:i - 1]) = -0.050980392156862744
384/16384
mean(sgnprob[1:i - 1]) = 0.07571801566579635
512/16384
mean(sgnprob[1:i - 1]) = 0.17025440313111545
640/16384
mean(sgnprob[1:i - 1]) = 0.23943661971830985
768/16384
mean(sgnprob[1:i - 1]) = 0.3011734028683181
896/16384
mean(sgnprob[1:i - 1]) = 0.3541899441340782
1024/16384
mean(sgnprob[1:i - 1]) = 0.34310850439882695
1152/16384
mean(sgnprob[1:i - 1]) = 0.36055603822762816
1280/16384
mean(sgnprob[1:i - 1]) = 0.36982017200938233
1408/16384
mean(sgnprob[1:i - 1]) = 0.3816631130063966
1536/16384
mean(sgnprob[1:i - 1]) = 0.38501628664495113
1664/16384
mean(sgnprob[1:i - 1]) = 0.39747444377630786
1792/16384
mean(sgnprob[1:i - 1]) = 0.4092685650474595
1920/16384
mean(sgnprob[1:i - 1]) = 0.4111516414799375
2048/16384
mean(sgnprob[1:i - 1]) = 0.4088910600879336
2176/16384
mean(sgnprob[1:i - 1]) = 0.40873563218390807
2304/16384
mean(sgnprob[1:i - 1]) = 0.3556231003039514
2432/16384
mean(sgnprob[1:i - 1]) = 0.36733854380913206
2560/16384
mean(sgnprob[1:i - 1]) = 0.3700664322000782
2688/16384
mean(sgnprob[1:i - 1]) = 0.3762560476367696
2816/16384
mean(sgnprob[1:i - 1]) = 0.3811722912966252
2944/16384
mean(sgnprob[1:i - 1]) = 0.33876996262317366
3072/16384
mean(sgnprob[1:i - 1]) = 0.3435363073917291
3200/16384
mean(sgnprob[1:i - 1]) = 0.35104720225070335
3328/16384
mean(sgnprob[1:i - 1]) = 0.35617673579801623
3456/16384
mean(sgnprob[1:i - 1]) = 0.32503617945007235
3584/16384
mean(sgnprob[1:i - 1]) = 0.29277142059726485
3712/16384
mean(sgnprob[1:i - 1]) = 0.301535974130962
3840/16384
mean(sgnprob[1:i - 1]) = 0.3060692888773118
3968/16384
mean(sgnprob[1:i - 1]) = 0.2760272246029745
4096/16384
mean(sgnprob[1:i - 1]) = 0.2835164835164835
4224/16384
mean(sgnprob[1:i - 1]) = 0.2933933222827374
4352/16384
mean(sgnprob[1:i - 1]) = 0.2714318547460354
4480/16384
mean(sgnprob[1:i - 1]) = 0.2766242464835901
4608/16384
mean(sgnprob[1:i - 1]) = 0.28152810939874107
4736/16384
mean(sgnprob[1:i - 1]) = 0.2642027455121436
4864/16384
mean(sgnprob[1:i - 1]) = 0.2716430187127288
4992/16384
mean(sgnprob[1:i - 1]) = 0.2791023842917251
5120/16384
mean(sgnprob[1:i - 1]) = 0.28306309826137915
5248/16384
mean(sgnprob[1:i - 1]) = 0.263198017914999
5376/16384
mean(sgnprob[1:i - 1]) = 0.26548837209302323
5504/16384
mean(sgnprob[1:i - 1]) = 0.2731237506814465
5632/16384
mean(sgnprob[1:i - 1]) = 0.2804120049724738
5760/16384
mean(sgnprob[1:i - 1]) = 0.2870289980899462
5888/16384
mean(sgnprob[1:i - 1]) = 0.2947171734329879
6016/16384
mean(sgnprob[1:i - 1]) = 0.2990856192851205
6144/16384
mean(sgnprob[1:i - 1]) = 0.3055510336968908
6272/16384
mean(sgnprob[1:i - 1]) = 0.31334715356402487
6400/16384
mean(sgnprob[1:i - 1]) = 0.3167682450382872
6528/16384
mean(sgnprob[1:i - 1]) = 0.3200551555078903
6656/16384
mean(sgnprob[1:i - 1]) = 0.30578512396694213
6784/16384
mean(sgnprob[1:i - 1]) = 0.3100398053958425
6912/16384
mean(sgnprob[1:i - 1]) = 0.31355809578932137
7040/16384
mean(sgnprob[1:i - 1]) = 0.3166642989060946
7168/16384
mean(sgnprob[1:i - 1]) = 0.31770615320217666
7296/16384
mean(sgnprob[1:i - 1]) = 0.31925976696367375
7424/16384
mean(sgnprob[1:i - 1]) = 0.32264583052674123
7552/16384
mean(sgnprob[1:i - 1]) = 0.32724142497682424
7680/16384
mean(sgnprob[1:i - 1]) = 0.3155358770673265
7808/16384
mean(sgnprob[1:i - 1]) = 0.3008838222108364
7936/16384
mean(sgnprob[1:i - 1]) = 0.30535601764335224
8064/16384
mean(sgnprob[1:i - 1]) = 0.3109264541733846
8192/16384
mean(sgnprob[1:i - 1]) = 0.312660236845318
8320/16384
mean(sgnprob[1:i - 1]) = 0.3150619064791441
8448/16384
mean(sgnprob[1:i - 1]) = 0.31810110098259736
8576/16384
mean(sgnprob[1:i - 1]) = 0.31988338192419824
8704/16384
mean(sgnprob[1:i - 1]) = 0.3225324600712398
8832/16384
mean(sgnprob[1:i - 1]) = 0.30902502547842825
8960/16384
mean(sgnprob[1:i - 1]) = 0.3122000223239201
9088/16384
mean(sgnprob[1:i - 1]) = 0.31572576207769343
9216/16384
mean(sgnprob[1:i - 1]) = 0.30526315789473685
9344/16384
mean(sgnprob[1:i - 1]) = 0.29401691105640587
9472/16384
mean(sgnprob[1:i - 1]) = 0.2824411360996727
9600/16384
mean(sgnprob[1:i - 1]) = 0.2861756432961767
9728/16384
mean(sgnprob[1:i - 1]) = 0.27644700318700527
9856/16384
mean(sgnprob[1:i - 1]) = 0.26514459665144596
9984/16384
mean(sgnprob[1:i - 1]) = 0.2671541620755284
10112/16384
mean(sgnprob[1:i - 1]) = 0.2588270200771437
10240/16384
mean(sgnprob[1:i - 1]) = 0.2606699873034476
10368/16384
mean(sgnprob[1:i - 1]) = 0.26343204398572395
10496/16384
mean(sgnprob[1:i - 1]) = 0.2686040971891377
10624/16384
mean(sgnprob[1:i - 1]) = 0.2730866986726913
10752/16384
mean(sgnprob[1:i - 1]) = 0.26462654636777977
10880/16384
mean(sgnprob[1:i - 1]) = 0.26702821950546923
11008/16384
mean(sgnprob[1:i - 1]) = 0.25919869174161897
11136/16384
mean(sgnprob[1:i - 1]) = 0.2617871576111361
11264/16384
mean(sgnprob[1:i - 1]) = 0.2643167894877031
11392/16384
mean(sgnprob[1:i - 1]) = 0.2671407251338776
11520/16384
mean(sgnprob[1:i - 1]) = 0.2709436583036722
11648/16384
mean(sgnprob[1:i - 1]) = 0.2732892590366618
11776/16384
mean(sgnprob[1:i - 1]) = 0.27575371549893846
11904/16384
mean(sgnprob[1:i - 1]) = 0.27833319331261025
12032/16384
mean(sgnprob[1:i - 1]) = 0.27038483916548917
12160/16384
mean(sgnprob[1:i - 1]) = 0.27280203964141786
12288/16384
mean(sgnprob[1:i - 1]) = 0.263937494913323
12416/16384
mean(sgnprob[1:i - 1]) = 0.2666935159081756
12544/16384
mean(sgnprob[1:i - 1]) = 0.269233835605517
12672/16384
mean(sgnprob[1:i - 1]) = 0.27156499092415753
12800/16384
mean(sgnprob[1:i - 1]) = 0.2630674271427455
12928/16384
mean(sgnprob[1:i - 1]) = 0.26665119517289393
13056/16384
mean(sgnprob[1:i - 1]) = 0.26955189582535427
13184/16384
mean(sgnprob[1:i - 1]) = 0.2625350830615186
13312/16384
mean(sgnprob[1:i - 1]) = 0.2649688227781534
13440/16384
mean(sgnprob[1:i - 1]) = 0.2676538432919116
13568/16384
mean(sgnprob[1:i - 1]) = 0.2698459497309648
13696/16384
mean(sgnprob[1:i - 1]) = 0.2632347572106608
13824/16384
mean(sgnprob[1:i - 1]) = 0.2655718729653476
13952/16384
mean(sgnprob[1:i - 1]) = 0.26084151673715145
14080/16384
mean(sgnprob[1:i - 1]) = 0.26287378364940694
14208/16384
mean(sgnprob[1:i - 1]) = 0.2637432251706905
14336/16384
mean(sgnprob[1:i - 1]) = 0.265852807813045
14464/16384
mean(sgnprob[1:i - 1]) = 0.2579686095554173
14592/16384
mean(sgnprob[1:i - 1]) = 0.259954766636968
14720/16384
mean(sgnprob[1:i - 1]) = 0.2521231061892792
14848/16384
mean(sgnprob[1:i - 1]) = 0.2546642419343975
14976/16384
mean(sgnprob[1:i - 1]) = 0.25702838063439065
15104/16384
mean(sgnprob[1:i - 1]) = 0.2596172945772363
15232/16384
mean(sgnprob[1:i - 1]) = 0.2529709145821023
15360/16384
mean(sgnprob[1:i - 1]) = 0.24721661566508235
15488/16384
mean(sgnprob[1:i - 1]) = 0.24853102602182475
15616/16384
mean(sgnprob[1:i - 1]) = 0.24073006724303556
15744/16384
mean(sgnprob[1:i - 1]) = 0.24296512735819095
15872/16384
mean(sgnprob[1:i - 1]) = 0.24617226387751245
16000/16384
mean(sgnprob[1:i - 1]) = 0.24070254390899432
16128/16384
mean(sgnprob[1:i - 1]) = 0.2422645253301916
16256/16384
mean(sgnprob[1:i - 1]) = 0.2441710243002153
16384/16384
mean(sgnprob[1:i - 1]) = 0.23860098882988465
764.353523 seconds (167.11 M allocations: 70.745 GiB, 2.59% gc time, 1.65% compilation time)
