## SLURM PROLOG ###############################################################
##    Job ID : 8833802
##  Job Name : sbatch_etgent.sh
##  Nodelist : node1711
##      CPUs : 8
##  Mem/Node : 4096 MB
## Directory : /oscar/home/trazzaz/AFQMC
##   Job Started : Thu Feb 27 10:40:16 PM EST 2025
###############################################################################
seed = 1356
U = 2.0
β = 6.0
Warming up
128/1024
256/1024
384/1024
512/1024
640/1024
768/1024
896/1024
1024/1024
Measuring
128/16384
mean(sgnprob[1:i - 1]) = -0.25984251968503935
256/16384
mean(sgnprob[1:i - 1]) = -0.2627450980392157
384/16384
mean(sgnprob[1:i - 1]) = -0.033942558746736295
512/16384
mean(sgnprob[1:i - 1]) = 0.05283757338551859
640/16384
mean(sgnprob[1:i - 1]) = -0.04225352112676056
768/16384
mean(sgnprob[1:i - 1]) = 0.02998696219035202
896/16384
mean(sgnprob[1:i - 1]) = 0.09720670391061452
1024/16384
mean(sgnprob[1:i - 1]) = 0.11827956989247312
1152/16384
mean(sgnprob[1:i - 1]) = 0.06689834926151172
1280/16384
mean(sgnprob[1:i - 1]) = 0.08991399530883502
1408/16384
mean(sgnprob[1:i - 1]) = 0.10874200426439233
1536/16384
mean(sgnprob[1:i - 1]) = 0.13355048859934854
1664/16384
mean(sgnprob[1:i - 1]) = 0.0968129885748647
1792/16384
mean(sgnprob[1:i - 1]) = 0.07649357900614182
1920/16384
mean(sgnprob[1:i - 1]) = 0.04950495049504951
2048/16384
mean(sgnprob[1:i - 1]) = 0.07083536883243771
2176/16384
mean(sgnprob[1:i - 1]) = 0.08873563218390805
2304/16384
mean(sgnprob[1:i - 1]) = 0.06730351715154147
2432/16384
mean(sgnprob[1:i - 1]) = 0.07610037021801727
2560/16384
mean(sgnprob[1:i - 1]) = 0.05431809300508011
2688/16384
mean(sgnprob[1:i - 1]) = 0.06438407145515444
2816/16384
mean(sgnprob[1:i - 1]) = 0.06927175843694494
2944/16384
mean(sgnprob[1:i - 1]) = 0.0818892286782195
3072/16384
mean(sgnprob[1:i - 1]) = 0.09736242266362748
3200/16384
mean(sgnprob[1:i - 1]) = 0.10784620193810565
3328/16384
mean(sgnprob[1:i - 1]) = 0.11692215208896904
3456/16384
mean(sgnprob[1:i - 1]) = 0.12127351664254703
3584/16384
mean(sgnprob[1:i - 1]) = 0.13033770583310075
3712/16384
mean(sgnprob[1:i - 1]) = 0.13877661007814604
3840/16384
mean(sgnprob[1:i - 1]) = 0.12581401406616308
3968/16384
mean(sgnprob[1:i - 1]) = 0.10713385429795816
4096/16384
mean(sgnprob[1:i - 1]) = 0.09304029304029304
4224/16384
mean(sgnprob[1:i - 1]) = 0.10253374378403979
4352/16384
mean(sgnprob[1:i - 1]) = 0.10962997012181108
4480/16384
mean(sgnprob[1:i - 1]) = 0.11319490957803081
4608/16384
mean(sgnprob[1:i - 1]) = 0.11525938788799653
4736/16384
mean(sgnprob[1:i - 1]) = 0.12101372756071806
4864/16384
mean(sgnprob[1:i - 1]) = 0.1272876825005141
4992/16384
mean(sgnprob[1:i - 1]) = 0.11440593067521539
5120/16384
mean(sgnprob[1:i - 1]) = 0.10334049619066224
5248/16384
mean(sgnprob[1:i - 1]) = 0.10806174957118353
5376/16384
mean(sgnprob[1:i - 1]) = 0.11665116279069768
5504/16384
mean(sgnprob[1:i - 1]) = 0.12157005269852808
5632/16384
mean(sgnprob[1:i - 1]) = 0.1262653169952051
5760/16384
mean(sgnprob[1:i - 1]) = 0.13457197430109394
5888/16384
mean(sgnprob[1:i - 1]) = 0.13979955834890437
6016/16384
mean(sgnprob[1:i - 1]) = 0.14447215295095595
6144/16384
mean(sgnprob[1:i - 1]) = 0.14699658147484942
6272/16384
mean(sgnprob[1:i - 1]) = 0.14909902726837826
6400/16384
mean(sgnprob[1:i - 1]) = 0.1423659946866698
6528/16384
mean(sgnprob[1:i - 1]) = 0.13252642868086412
6656/16384
mean(sgnprob[1:i - 1]) = 0.1353869271224643
6784/16384
mean(sgnprob[1:i - 1]) = 0.13607548282470883
6912/16384
mean(sgnprob[1:i - 1]) = 0.13876428881493272
7040/16384
mean(sgnprob[1:i - 1]) = 0.12913766159965903
7168/16384
mean(sgnprob[1:i - 1]) = 0.11929677689409796
7296/16384
mean(sgnprob[1:i - 1]) = 0.11199451679232351
7424/16384
mean(sgnprob[1:i - 1]) = 0.10521352552876195
7552/16384
mean(sgnprob[1:i - 1]) = 0.09892729439809297
7680/16384
mean(sgnprob[1:i - 1]) = 0.10092459955723401
7808/16384
mean(sgnprob[1:i - 1]) = 0.106186755475855
7936/16384
mean(sgnprob[1:i - 1]) = 0.09792060491493383
8064/16384
mean(sgnprob[1:i - 1]) = 0.10107900285253628
8192/16384
mean(sgnprob[1:i - 1]) = 0.1031620070809425
8320/16384
mean(sgnprob[1:i - 1]) = 0.10566173818968626
8448/16384
mean(sgnprob[1:i - 1]) = 0.10832248135432698
8576/16384
mean(sgnprob[1:i - 1]) = 0.11043731778425656
8704/16384
mean(sgnprob[1:i - 1]) = 0.10352751924623693
8832/16384
mean(sgnprob[1:i - 1]) = 0.10519759936587023
8960/16384
mean(sgnprob[1:i - 1]) = 0.10771291438776649
9088/16384
mean(sgnprob[1:i - 1]) = 0.11015736766809728
9216/16384
mean(sgnprob[1:i - 1]) = 0.11036353771025502
9344/16384
mean(sgnprob[1:i - 1]) = 0.11334689072032537
9472/16384
mean(sgnprob[1:i - 1]) = 0.108858621053743
9600/16384
mean(sgnprob[1:i - 1]) = 0.11053234711949161
9728/16384
mean(sgnprob[1:i - 1]) = 0.11627428806415133
9856/16384
mean(sgnprob[1:i - 1]) = 0.11922881785895484
9984/16384
mean(sgnprob[1:i - 1]) = 0.11409395973154363
10112/16384
mean(sgnprob[1:i - 1]) = 0.11561665512807832
10240/16384
mean(sgnprob[1:i - 1]) = 0.11788260572321516
10368/16384
mean(sgnprob[1:i - 1]) = 0.12047844120767821
10496/16384
mean(sgnprob[1:i - 1]) = 0.11672224868985231
10624/16384
mean(sgnprob[1:i - 1]) = 0.11042078508895792
10752/16384
mean(sgnprob[1:i - 1]) = 0.11264068458748024
10880/16384
mean(sgnprob[1:i - 1]) = 0.10763856972148175
11008/16384
mean(sgnprob[1:i - 1]) = 0.11038430089942763
11136/16384
mean(sgnprob[1:i - 1]) = 0.11378536147283341
11264/16384
mean(sgnprob[1:i - 1]) = 0.10911835212643167
11392/16384
mean(sgnprob[1:i - 1]) = 0.11157931700465279
11520/16384
mean(sgnprob[1:i - 1]) = 0.10686691553086206
11648/16384
mean(sgnprob[1:i - 1]) = 0.10964196788872671
11776/16384
mean(sgnprob[1:i - 1]) = 0.11167728237791932
11904/16384
mean(sgnprob[1:i - 1]) = 0.11400487272116273
12032/16384
mean(sgnprob[1:i - 1]) = 0.11661541019034162
12160/16384
mean(sgnprob[1:i - 1]) = 0.1185130356114812
12288/16384
mean(sgnprob[1:i - 1]) = 0.121184992268251
12416/16384
mean(sgnprob[1:i - 1]) = 0.11735803463552155
12544/16384
mean(sgnprob[1:i - 1]) = 0.11982779239416408
12672/16384
mean(sgnprob[1:i - 1]) = 0.12335253728987451
12800/16384
mean(sgnprob[1:i - 1]) = 0.12618173294788657
12928/16384
mean(sgnprob[1:i - 1]) = 0.12787189603156185
13056/16384
mean(sgnprob[1:i - 1]) = 0.13044810417464572
13184/16384
mean(sgnprob[1:i - 1]) = 0.12660244253963437
13312/16384
mean(sgnprob[1:i - 1]) = 0.12343174817819848
13440/16384
mean(sgnprob[1:i - 1]) = 0.12582781456953643
13568/16384
mean(sgnprob[1:i - 1]) = 0.1281786688287757
13696/16384
mean(sgnprob[1:i - 1]) = 0.1294633077765608
13824/16384
mean(sgnprob[1:i - 1]) = 0.13086884178543007
13952/16384
mean(sgnprob[1:i - 1]) = 0.1313884309368504
14080/16384
mean(sgnprob[1:i - 1]) = 0.13374529441011435
14208/16384
mean(sgnprob[1:i - 1]) = 0.13620046455972407
14336/16384
mean(sgnprob[1:i - 1]) = 0.13331008022322985
14464/16384
mean(sgnprob[1:i - 1]) = 0.1343428057802669
14592/16384
mean(sgnprob[1:i - 1]) = 0.1306970050030841
14720/16384
mean(sgnprob[1:i - 1]) = 0.13282152320130444
14848/16384
mean(sgnprob[1:i - 1]) = 0.1300599447699872
14976/16384
mean(sgnprob[1:i - 1]) = 0.13348914858096828
15104/16384
mean(sgnprob[1:i - 1]) = 0.13553598622790175
15232/16384
mean(sgnprob[1:i - 1]) = 0.13767973212527082
15360/16384
mean(sgnprob[1:i - 1]) = 0.13431864053649326
15488/16384
mean(sgnprob[1:i - 1]) = 0.13592044940918188
15616/16384
mean(sgnprob[1:i - 1]) = 0.1373679154658982
15744/16384
mean(sgnprob[1:i - 1]) = 0.1386648034046878
15872/16384
mean(sgnprob[1:i - 1]) = 0.1406968685022998
16000/16384
mean(sgnprob[1:i - 1]) = 0.13732108256766049
16128/16384
mean(sgnprob[1:i - 1]) = 0.13337880572952193
16256/16384
mean(sgnprob[1:i - 1]) = 0.13478929560135344
16384/16384
mean(sgnprob[1:i - 1]) = 0.1305621681010804
745.016436 seconds (167.11 M allocations: 70.745 GiB, 2.08% gc time, 1.38% compilation time)
