## SLURM PROLOG ###############################################################
##    Job ID : 8834005
##  Job Name : sbatch_etgent.sh
##  Nodelist : node1736
##      CPUs : 8
##  Mem/Node : 4096 MB
## Directory : /oscar/home/trazzaz/AFQMC
##   Job Started : Fri Feb 28 04:12:29 AM EST 2025
###############################################################################
seed = 1559
U = 2.0
β = 6.0
Warming up
128/1024
256/1024
384/1024
512/1024
640/1024
768/1024
896/1024
1024/1024
Measuring
128/16384
mean(sgnprob[1:i - 1]) = 0.5905511811023622
256/16384
mean(sgnprob[1:i - 1]) = 0.5843137254901961
384/16384
mean(sgnprob[1:i - 1]) = 0.5613577023498695
512/16384
mean(sgnprob[1:i - 1]) = 0.5459882583170255
640/16384
mean(sgnprob[1:i - 1]) = 0.5461658841940532
768/16384
mean(sgnprob[1:i - 1]) = 0.5228161668839635
896/16384
mean(sgnprob[1:i - 1]) = 0.38100558659217876
1024/16384
mean(sgnprob[1:i - 1]) = 0.38807429130009774
1152/16384
mean(sgnprob[1:i - 1]) = 0.4144222415291051
1280/16384
mean(sgnprob[1:i - 1]) = 0.42298670836591085
1408/16384
mean(sgnprob[1:i - 1]) = 0.43283582089552236
1536/16384
mean(sgnprob[1:i - 1]) = 0.44104234527687297
1664/16384
mean(sgnprob[1:i - 1]) = 0.43475646422128683
1792/16384
mean(sgnprob[1:i - 1]) = 0.4371859296482412
1920/16384
mean(sgnprob[1:i - 1]) = 0.44762897342365815
2048/16384
mean(sgnprob[1:i - 1]) = 0.45481191988275527
2176/16384
mean(sgnprob[1:i - 1]) = 0.4657471264367816
2304/16384
mean(sgnprob[1:i - 1]) = 0.46678245766391663
2432/16384
mean(sgnprob[1:i - 1]) = 0.47593582887700536
2560/16384
mean(sgnprob[1:i - 1]) = 0.47166862055490427
2688/16384
mean(sgnprob[1:i - 1]) = 0.4253814663193152
2816/16384
mean(sgnprob[1:i - 1]) = 0.37761989342806396
2944/16384
mean(sgnprob[1:i - 1]) = 0.38837920489296635
3072/16384
mean(sgnprob[1:i - 1]) = 0.34418756105503095
3200/16384
mean(sgnprob[1:i - 1]) = 0.3541731791184745
3328/16384
mean(sgnprob[1:i - 1]) = 0.3591824466486324
3456/16384
mean(sgnprob[1:i - 1]) = 0.35918958031837916
3584/16384
mean(sgnprob[1:i - 1]) = 0.3642199274351102
3712/16384
mean(sgnprob[1:i - 1]) = 0.3317165184586365
3840/16384
mean(sgnprob[1:i - 1]) = 0.3008595988538682
3968/16384
mean(sgnprob[1:i - 1]) = 0.3087975800352912
4096/16384
mean(sgnprob[1:i - 1]) = 0.3142857142857143
4224/16384
mean(sgnprob[1:i - 1]) = 0.31754676770068674
4352/16384
mean(sgnprob[1:i - 1]) = 0.3224546081360607
4480/16384
mean(sgnprob[1:i - 1]) = 0.32484929671801743
4608/16384
mean(sgnprob[1:i - 1]) = 0.30019535489472543
4736/16384
mean(sgnprob[1:i - 1]) = 0.307286166842661
4864/16384
mean(sgnprob[1:i - 1]) = 0.3094797450133662
4992/16384
mean(sgnprob[1:i - 1]) = 0.31596874373872974
5120/16384
mean(sgnprob[1:i - 1]) = 0.3201797226020707
5248/16384
mean(sgnprob[1:i - 1]) = 0.2990280160091481
5376/16384
mean(sgnprob[1:i - 1]) = 0.3038139534883721
5504/16384
mean(sgnprob[1:i - 1]) = 0.28475377067054336
5632/16384
mean(sgnprob[1:i - 1]) = 0.2878707156810513
5760/16384
mean(sgnprob[1:i - 1]) = 0.29397464837645426
5888/16384
mean(sgnprob[1:i - 1]) = 0.2753524715474775
6016/16384
mean(sgnprob[1:i - 1]) = 0.28079800498753116
6144/16384
mean(sgnprob[1:i - 1]) = 0.26680774865700796
6272/16384
mean(sgnprob[1:i - 1]) = 0.2709296762876734
6400/16384
mean(sgnprob[1:i - 1]) = 0.274574152211283
6528/16384
mean(sgnprob[1:i - 1]) = 0.2599969358051172
6656/16384
mean(sgnprob[1:i - 1]) = 0.24778362133734033
6784/16384
mean(sgnprob[1:i - 1]) = 0.25254312251216277
6912/16384
mean(sgnprob[1:i - 1]) = 0.2571263203588482
7040/16384
mean(sgnprob[1:i - 1]) = 0.26267935786333285
7168/16384
mean(sgnprob[1:i - 1]) = 0.2674759313520301
7296/16384
mean(sgnprob[1:i - 1]) = 0.27100753941055516
7424/16384
mean(sgnprob[1:i - 1]) = 0.2736090529435538
7552/16384
mean(sgnprob[1:i - 1]) = 0.27956562044762284
7680/16384
mean(sgnprob[1:i - 1]) = 0.2848027086860268
7808/16384
mean(sgnprob[1:i - 1]) = 0.28858716536441653
7936/16384
mean(sgnprob[1:i - 1]) = 0.29224952741020793
8064/16384
mean(sgnprob[1:i - 1]) = 0.2799206250775146
8192/16384
mean(sgnprob[1:i - 1]) = 0.26773287754852887
8320/16384
mean(sgnprob[1:i - 1]) = 0.2722683014785431
8448/16384
mean(sgnprob[1:i - 1]) = 0.2778501243044868
8576/16384
mean(sgnprob[1:i - 1]) = 0.2820991253644315
8704/16384
mean(sgnprob[1:i - 1]) = 0.2846145007468689
8832/16384
mean(sgnprob[1:i - 1]) = 0.2881893330313668
8960/16384
mean(sgnprob[1:i - 1]) = 0.27558879339211967
9088/16384
mean(sgnprob[1:i - 1]) = 0.28051061956641354
9216/16384
mean(sgnprob[1:i - 1]) = 0.28421052631578947
9344/16384
mean(sgnprob[1:i - 1]) = 0.2732527025580649
9472/16384
mean(sgnprob[1:i - 1]) = 0.2630134093548728
9600/16384
mean(sgnprob[1:i - 1]) = 0.2538806125638087
9728/16384
mean(sgnprob[1:i - 1]) = 0.24375449778965766
9856/16384
mean(sgnprob[1:i - 1]) = 0.2462709284627093
9984/16384
mean(sgnprob[1:i - 1]) = 0.25032555344084945
10112/16384
mean(sgnprob[1:i - 1]) = 0.24003560478686578
10240/16384
mean(sgnprob[1:i - 1]) = 0.2440668033987694
10368/16384
mean(sgnprob[1:i - 1]) = 0.2481913764830713
10496/16384
mean(sgnprob[1:i - 1]) = 0.2508813720819438
10624/16384
mean(sgnprob[1:i - 1]) = 0.24126894474253976
10752/16384
mean(sgnprob[1:i - 1]) = 0.24490745046972376
10880/16384
mean(sgnprob[1:i - 1]) = 0.24956337898703926
11008/16384
mean(sgnprob[1:i - 1]) = 0.2526573998364677
11136/16384
mean(sgnprob[1:i - 1]) = 0.24292770543331837
11264/16384
mean(sgnprob[1:i - 1]) = 0.246204386042795
11392/16384
mean(sgnprob[1:i - 1]) = 0.2494074269159863
11520/16384
mean(sgnprob[1:i - 1]) = 0.2514975258268947
11648/16384
mean(sgnprob[1:i - 1]) = 0.25388512063192237
11776/16384
mean(sgnprob[1:i - 1]) = 0.2557112526539278
11904/16384
mean(sgnprob[1:i - 1]) = 0.25867428379400154
12032/16384
mean(sgnprob[1:i - 1]) = 0.2615742664782645
12160/16384
mean(sgnprob[1:i - 1]) = 0.26474216629657044
12288/16384
mean(sgnprob[1:i - 1]) = 0.2660535525351998
12416/16384
mean(sgnprob[1:i - 1]) = 0.2686266612968184
12544/16384
mean(sgnprob[1:i - 1]) = 0.26971219006617236
12672/16384
mean(sgnprob[1:i - 1]) = 0.27046010575329493
12800/16384
mean(sgnprob[1:i - 1]) = 0.2621298538948355
12928/16384
mean(sgnprob[1:i - 1]) = 0.26479461592016706
13056/16384
mean(sgnprob[1:i - 1]) = 0.2666411336652624
13184/16384
mean(sgnprob[1:i - 1]) = 0.26981718880376243
13312/16384
mean(sgnprob[1:i - 1]) = 0.27233115468409586
13440/16384
mean(sgnprob[1:i - 1]) = 0.2637845077758762
13568/16384
mean(sgnprob[1:i - 1]) = 0.2658657035453674
13696/16384
mean(sgnprob[1:i - 1]) = 0.2683461117196057
13824/16384
mean(sgnprob[1:i - 1]) = 0.27135932865514
13952/16384
mean(sgnprob[1:i - 1]) = 0.2736004587484768
14080/16384
mean(sgnprob[1:i - 1]) = 0.26429433908658284
14208/16384
mean(sgnprob[1:i - 1]) = 0.26712184134581546
14336/16384
mean(sgnprob[1:i - 1]) = 0.2704569236135333
14464/16384
mean(sgnprob[1:i - 1]) = 0.27235013482679943
14592/16384
mean(sgnprob[1:i - 1]) = 0.27475841272017
14720/16384
mean(sgnprob[1:i - 1]) = 0.27712480467423056
14848/16384
mean(sgnprob[1:i - 1]) = 0.2790462719741362
14976/16384
mean(sgnprob[1:i - 1]) = 0.2723873121869783
15104/16384
mean(sgnprob[1:i - 1]) = 0.26637091968483084
15232/16384
mean(sgnprob[1:i - 1]) = 0.26032433852012343
15360/16384
mean(sgnprob[1:i - 1]) = 0.2537274562145973
15488/16384
mean(sgnprob[1:i - 1]) = 0.2557628979143798
15616/16384
mean(sgnprob[1:i - 1]) = 0.2569964777457573
15744/16384
mean(sgnprob[1:i - 1]) = 0.2597344851680112
15872/16384
mean(sgnprob[1:i - 1]) = 0.2531031440993006
16000/16384
mean(sgnprob[1:i - 1]) = 0.25607850490655665
16128/16384
mean(sgnprob[1:i - 1]) = 0.2503255410181683
16256/16384
mean(sgnprob[1:i - 1]) = 0.25266071977852966
16384/16384
mean(sgnprob[1:i - 1]) = 0.25544772019776596
732.279685 seconds (167.11 M allocations: 70.745 GiB, 1.39% gc time, 1.22% compilation time)
