## SLURM PROLOG ###############################################################
##    Job ID : 8822266
##  Job Name : sbatch_etgent.sh
##  Nodelist : node1708
##      CPUs : 8
##  Mem/Node : 4096 MB
## Directory : /oscar/home/trazzaz/AFQMC
##   Job Started : Thu Feb 27 06:12:03 PM EST 2025
###############################################################################
seed = 1261
U = 2.0
β = 6.0
Warming up
128/1024
256/1024
384/1024
512/1024
640/1024
768/1024
896/1024
1024/1024
Measuring
128/16384
mean(sgnprob[1:i - 1]) = 0.4015748031496063
256/16384
mean(sgnprob[1:i - 1]) = 0.4588235294117647
384/16384
mean(sgnprob[1:i - 1]) = 0.4621409921671018
512/16384
mean(sgnprob[1:i - 1]) = 0.4637964774951076
640/16384
mean(sgnprob[1:i - 1]) = 0.458528951486698
768/16384
mean(sgnprob[1:i - 1]) = 0.4315514993481095
896/16384
mean(sgnprob[1:i - 1]) = 0.2849162011173184
1024/16384
mean(sgnprob[1:i - 1]) = 0.2961876832844575
1152/16384
mean(sgnprob[1:i - 1]) = 0.32232841007819285
1280/16384
mean(sgnprob[1:i - 1]) = 0.3385457388584832
1408/16384
mean(sgnprob[1:i - 1]) = 0.27505330490405117
1536/16384
mean(sgnprob[1:i - 1]) = 0.2899022801302932
1664/16384
mean(sgnprob[1:i - 1]) = 0.29645219482862295
1792/16384
mean(sgnprob[1:i - 1]) = 0.24064768285873814
1920/16384
mean(sgnprob[1:i - 1]) = 0.2589890568004169
2048/16384
mean(sgnprob[1:i - 1]) = 0.27601367855398146
2176/16384
mean(sgnprob[1:i - 1]) = 0.28367816091954023
2304/16384
mean(sgnprob[1:i - 1]) = 0.2930959617889709
2432/16384
mean(sgnprob[1:i - 1]) = 0.2620320855614973
2560/16384
mean(sgnprob[1:i - 1]) = 0.2715904650254006
2688/16384
mean(sgnprob[1:i - 1]) = 0.2861927800521027
2816/16384
mean(sgnprob[1:i - 1]) = 0.29094138543516873
2944/16384
mean(sgnprob[1:i - 1]) = 0.2966360856269113
3072/16384
mean(sgnprob[1:i - 1]) = 0.26864213611201565
3200/16384
mean(sgnprob[1:i - 1]) = 0.2697718036886527
3328/16384
mean(sgnprob[1:i - 1]) = 0.2732191163210099
3456/16384
mean(sgnprob[1:i - 1]) = 0.24225759768451519
3584/16384
mean(sgnprob[1:i - 1]) = 0.2503488696622942
3712/16384
mean(sgnprob[1:i - 1]) = 0.22177310697925087
3840/16384
mean(sgnprob[1:i - 1]) = 0.22584006251628028
3968/16384
mean(sgnprob[1:i - 1]) = 0.203932442651878
4096/16384
mean(sgnprob[1:i - 1]) = 0.20586080586080585
4224/16384
mean(sgnprob[1:i - 1]) = 0.21477622543215724
4352/16384
mean(sgnprob[1:i - 1]) = 0.21857044357618938
4480/16384
mean(sgnprob[1:i - 1]) = 0.22705961152042867
4608/16384
mean(sgnprob[1:i - 1]) = 0.23203820273496853
4736/16384
mean(sgnprob[1:i - 1]) = 0.2392819429778247
4864/16384
mean(sgnprob[1:i - 1]) = 0.2181780793748715
4992/16384
mean(sgnprob[1:i - 1]) = 0.22219995992787017
5120/16384
mean(sgnprob[1:i - 1]) = 0.2291463176401641
5248/16384
mean(sgnprob[1:i - 1]) = 0.23346674290070515
5376/16384
mean(sgnprob[1:i - 1]) = 0.23646511627906977
5504/16384
mean(sgnprob[1:i - 1]) = 0.24077775758677086
5632/16384
mean(sgnprob[1:i - 1]) = 0.2470253951340792
5760/16384
mean(sgnprob[1:i - 1]) = 0.2523007466574058
5888/16384
mean(sgnprob[1:i - 1]) = 0.2349244097163241
6016/16384
mean(sgnprob[1:i - 1]) = 0.23690773067331672
6144/16384
mean(sgnprob[1:i - 1]) = 0.24011069510011396
6272/16384
mean(sgnprob[1:i - 1]) = 0.24413969063945146
6400/16384
mean(sgnprob[1:i - 1]) = 0.23050476636974526
6528/16384
mean(sgnprob[1:i - 1]) = 0.21709820744599356
6656/16384
mean(sgnprob[1:i - 1]) = 0.21983471074380165
6784/16384
mean(sgnprob[1:i - 1]) = 0.22305764411027568
6912/16384
mean(sgnprob[1:i - 1]) = 0.22413543626103313
7040/16384
mean(sgnprob[1:i - 1]) = 0.21324051711890893
7168/16384
mean(sgnprob[1:i - 1]) = 0.21864099344216548
7296/16384
mean(sgnprob[1:i - 1]) = 0.22302947224126113
7424/16384
mean(sgnprob[1:i - 1]) = 0.2272666037990031
7552/16384
mean(sgnprob[1:i - 1]) = 0.2300357568533969
7680/16384
mean(sgnprob[1:i - 1]) = 0.23297304336502148
7808/16384
mean(sgnprob[1:i - 1]) = 0.24042525938260537
7936/16384
mean(sgnprob[1:i - 1]) = 0.24536862003780718
8064/16384
mean(sgnprob[1:i - 1]) = 0.23328785811732605
8192/16384
mean(sgnprob[1:i - 1]) = 0.23696740324746673
8320/16384
mean(sgnprob[1:i - 1]) = 0.238850823416276
8448/16384
mean(sgnprob[1:i - 1]) = 0.24162424529418727
8576/16384
mean(sgnprob[1:i - 1]) = 0.24221574344023325
8704/16384
mean(sgnprob[1:i - 1]) = 0.24577731816614962
8832/16384
mean(sgnprob[1:i - 1]) = 0.24878269731627223
8960/16384
mean(sgnprob[1:i - 1]) = 0.25170219890612794
9088/16384
mean(sgnprob[1:i - 1]) = 0.2543193573236492
9216/16384
mean(sgnprob[1:i - 1]) = 0.2568638090070537
9344/16384
mean(sgnprob[1:i - 1]) = 0.2595526062292626
9472/16384
mean(sgnprob[1:i - 1]) = 0.26111287086896845
9600/16384
mean(sgnprob[1:i - 1]) = 0.2645067194499427
9728/16384
mean(sgnprob[1:i - 1]) = 0.2671944073198314
9856/16384
mean(sgnprob[1:i - 1]) = 0.2564180618975139
9984/16384
mean(sgnprob[1:i - 1]) = 0.259541220074126
10112/16384
mean(sgnprob[1:i - 1]) = 0.2501236277321729
10240/16384
mean(sgnprob[1:i - 1]) = 0.2532473874401797
10368/16384
mean(sgnprob[1:i - 1]) = 0.2568727693643291
10496/16384
mean(sgnprob[1:i - 1]) = 0.259075750357313
10624/16384
mean(sgnprob[1:i - 1]) = 0.24898804480843453
10752/16384
mean(sgnprob[1:i - 1]) = 0.24937215142777416
10880/16384
mean(sgnprob[1:i - 1]) = 0.24073903851456935
11008/16384
mean(sgnprob[1:i - 1]) = 0.24193694921413647
11136/16384
mean(sgnprob[1:i - 1]) = 0.24508307139649754
11264/16384
mean(sgnprob[1:i - 1]) = 0.24798011187072716
11392/16384
mean(sgnprob[1:i - 1]) = 0.25010973575629886
11520/16384
mean(sgnprob[1:i - 1]) = 0.25236565674103656
11648/16384
mean(sgnprob[1:i - 1]) = 0.24461234652700267
11776/16384
mean(sgnprob[1:i - 1]) = 0.2461995753715499
11904/16384
mean(sgnprob[1:i - 1]) = 0.2403595732168361
12032/16384
mean(sgnprob[1:i - 1]) = 0.24295569778073312
12160/16384
mean(sgnprob[1:i - 1]) = 0.24533267538448886
12288/16384
mean(sgnprob[1:i - 1]) = 0.2468462602750875
12416/16384
mean(sgnprob[1:i - 1]) = 0.24945630285944423
12544/16384
mean(sgnprob[1:i - 1]) = 0.2518536235350395
12672/16384
mean(sgnprob[1:i - 1]) = 0.2535711467129666
12800/16384
mean(sgnprob[1:i - 1]) = 0.2557231033674506
12928/16384
mean(sgnprob[1:i - 1]) = 0.2502514117738068
13056/16384
mean(sgnprob[1:i - 1]) = 0.2497893527384144
13184/16384
mean(sgnprob[1:i - 1]) = 0.2519153455207464
13312/16384
mean(sgnprob[1:i - 1]) = 0.253699947411915
13440/16384
mean(sgnprob[1:i - 1]) = 0.25559937495349355
13568/16384
mean(sgnprob[1:i - 1]) = 0.2564310459202477
13696/16384
mean(sgnprob[1:i - 1]) = 0.24950711938663747
13824/16384
mean(sgnprob[1:i - 1]) = 0.25066917456413224
13952/16384
mean(sgnprob[1:i - 1]) = 0.2525267005949394
14080/16384
mean(sgnprob[1:i - 1]) = 0.24781589601534199
14208/16384
mean(sgnprob[1:i - 1]) = 0.24994720912226367
14336/16384
mean(sgnprob[1:i - 1]) = 0.25134286710847575
14464/16384
mean(sgnprob[1:i - 1]) = 0.24579962663347854
14592/16384
mean(sgnprob[1:i - 1]) = 0.24693304091563292
14720/16384
mean(sgnprob[1:i - 1]) = 0.24940553026700182
14848/16384
mean(sgnprob[1:i - 1]) = 0.2510271435306796
14976/16384
mean(sgnprob[1:i - 1]) = 0.2512854757929883
15104/16384
mean(sgnprob[1:i - 1]) = 0.24544792425345957
15232/16384
mean(sgnprob[1:i - 1]) = 0.23970848926531416
15360/16384
mean(sgnprob[1:i - 1]) = 0.2414870759815092
15488/16384
mean(sgnprob[1:i - 1]) = 0.24259055982436883
15616/16384
mean(sgnprob[1:i - 1]) = 0.2377841818764009
15744/16384
mean(sgnprob[1:i - 1]) = 0.2387727879057359
15872/16384
mean(sgnprob[1:i - 1]) = 0.24075357570411443
16000/16384
mean(sgnprob[1:i - 1]) = 0.24345271579473718
16128/16384
mean(sgnprob[1:i - 1]) = 0.24573696285732002
16256/16384
mean(sgnprob[1:i - 1]) = 0.2477391571824054
16384/16384
mean(sgnprob[1:i - 1]) = 0.24848928767624978
748.114165 seconds (167.11 M allocations: 70.745 GiB, 1.73% gc time, 1.34% compilation time)
