## SLURM PROLOG ###############################################################
##    Job ID : 5955285
##  Job Name : etgent_N(1,3)_seed1250
##  Nodelist : node1749
##      CPUs : 8
##  Mem/Node : 2048 MB
## Directory : /oscar/home/trazzaz/AFQMC
##   Job Started : Mon Nov 11 10:15:27 PM EST 2024
###############################################################################
U = 2.0
seed = 1250
λₖ = 0.0
Warming up
128/512
256/512
384/512
512/512
Measuring
128/1024
256/1024
384/1024
512/1024
640/1024
768/1024
896/1024
1024/1024
129.355922 seconds (80.56 M allocations: 16.970 GiB, 3.71% gc time, 11.02% compilation time)
λₖ = 0.2
Warming up
128/512
256/512
384/512
512/512
Measuring
128/1024
256/1024
384/1024
512/1024
640/1024
768/1024
896/1024
1024/1024
112.621478 seconds (76.83 M allocations: 16.806 GiB, 3.47% gc time, 0.11% compilation time)
λₖ = 0.4
Warming up
128/512
256/512
384/512
512/512
Measuring
128/1024
256/1024
384/1024
512/1024
640/1024
768/1024
896/1024
1024/1024
118.728042 seconds (76.82 M allocations: 16.805 GiB, 3.03% gc time)
λₖ = 0.6
Warming up
128/512
256/512
384/512
512/512
Measuring
128/1024
256/1024
384/1024
512/1024
640/1024
768/1024
896/1024
1024/1024
108.182048 seconds (76.82 M allocations: 16.805 GiB, 3.17% gc time)
λₖ = 0.8
Warming up
128/512
256/512
384/512
512/512
Measuring
128/1024
256/1024
384/1024
512/1024
640/1024
768/1024
896/1024
1024/1024
112.586621 seconds (76.82 M allocations: 16.805 GiB, 3.00% gc time)
