## SLURM PROLOG ###############################################################
##    Job ID : 5875848
##  Job Name : etgent_1x10_LA4
##  Nodelist : node1707
##      CPUs : 8
##  Mem/Node : 2048 MB
## Directory : /oscar/home/trazzaz/AFQMC
##   Job Started : Sat Nov  9 07:09:12 PM EST 2024
###############################################################################
U = 2.0
seed = 1234
λₖ = 0.0
Warming up
128/512
256/512
384/512
512/512
Measuring
128/1024
256/1024
384/1024
512/1024
640/1024
768/1024
896/1024
1024/1024
478.223241 seconds (132.20 M allocations: 728.018 GiB, 8.99% gc time, 1.52% compilation time)
λₖ = 0.2
Warming up
128/512
256/512
384/512
512/512
Measuring
128/1024
256/1024
384/1024
512/1024
640/1024
768/1024
896/1024
1024/1024
485.762251 seconds (130.35 M allocations: 727.919 GiB, 8.96% gc time, 0.01% compilation time)
λₖ = 0.4
Warming up
128/512
256/512
384/512
512/512
Measuring
128/1024
256/1024
384/1024
512/1024
640/1024
768/1024
896/1024
1024/1024
387.777312 seconds (130.35 M allocations: 727.919 GiB, 8.68% gc time)
λₖ = 0.6
Warming up
128/512
256/512
384/512
512/512
Measuring
128/1024
256/1024
384/1024
512/1024
640/1024
768/1024
896/1024
1024/1024
387.052857 seconds (130.35 M allocations: 727.919 GiB, 8.61% gc time)
λₖ = 0.8
Warming up
128/512
256/512
384/512
512/512
Measuring
128/1024
256/1024
384/1024
512/1024
640/1024
768/1024
896/1024
1024/1024
388.953512 seconds (130.35 M allocations: 727.919 GiB, 8.81% gc time)
