## SLURM PROLOG ###############################################################
##    Job ID : 8833914
##  Job Name : sbatch_etgent.sh
##  Nodelist : node1327
##      CPUs : 8
##  Mem/Node : 4096 MB
## Directory : /oscar/home/trazzaz/AFQMC
##   Job Started : Fri Feb 28 01:46:20 AM EST 2025
###############################################################################
seed = 1468
U = 2.0
β = 6.0
Warming up
128/1024
256/1024
384/1024
512/1024
640/1024
768/1024
896/1024
1024/1024
Measuring
128/16384
mean(sgnprob[1:i - 1]) = 0.4645669291338583
256/16384
mean(sgnprob[1:i - 1]) = 0.5529411764705883
384/16384
mean(sgnprob[1:i - 1]) = 0.5352480417754569
512/16384
mean(sgnprob[1:i - 1]) = 0.5264187866927593
640/16384
mean(sgnprob[1:i - 1]) = 0.5086071987480438
768/16384
mean(sgnprob[1:i - 1]) = 0.3455019556714472
896/16384
mean(sgnprob[1:i - 1]) = 0.37206703910614525
1024/16384
mean(sgnprob[1:i - 1]) = 0.39002932551319647
1152/16384
mean(sgnprob[1:i - 1]) = 0.4144222415291051
1280/16384
mean(sgnprob[1:i - 1]) = 0.4292415949960907
1408/16384
mean(sgnprob[1:i - 1]) = 0.4314143567874911
1536/16384
mean(sgnprob[1:i - 1]) = 0.44234527687296415
1664/16384
mean(sgnprob[1:i - 1]) = 0.45039085989176186
1792/16384
mean(sgnprob[1:i - 1]) = 0.457286432160804
1920/16384
mean(sgnprob[1:i - 1]) = 0.4580510682647212
2048/16384
mean(sgnprob[1:i - 1]) = 0.45676599902296044
2176/16384
mean(sgnprob[1:i - 1]) = 0.455632183908046
2304/16384
mean(sgnprob[1:i - 1]) = 0.46157186278766826
2432/16384
mean(sgnprob[1:i - 1]) = 0.4125874125874126
2560/16384
mean(sgnprob[1:i - 1]) = 0.4138335287221571
2688/16384
mean(sgnprob[1:i - 1]) = 0.4194268701153703
2816/16384
mean(sgnprob[1:i - 1]) = 0.4202486678507993
2944/16384
mean(sgnprob[1:i - 1]) = 0.4216785592932382
3072/16384
mean(sgnprob[1:i - 1]) = 0.42298925431455553
3200/16384
mean(sgnprob[1:i - 1]) = 0.4273210378243201
3328/16384
mean(sgnprob[1:i - 1]) = 0.3886384129846709
3456/16384
mean(sgnprob[1:i - 1]) = 0.39276410998552824
3584/16384
mean(sgnprob[1:i - 1]) = 0.3575216299190622
3712/16384
mean(sgnprob[1:i - 1]) = 0.32686607383454597
3840/16384
mean(sgnprob[1:i - 1]) = 0.33263870799687417
3968/16384
mean(sgnprob[1:i - 1]) = 0.33803882026720444
4096/16384
mean(sgnprob[1:i - 1]) = 0.3426129426129426
4224/16384
mean(sgnprob[1:i - 1]) = 0.3208619464835425
4352/16384
mean(sgnprob[1:i - 1]) = 0.3270512525856125
4480/16384
mean(sgnprob[1:i - 1]) = 0.32976110739004244
4608/16384
mean(sgnprob[1:i - 1]) = 0.3344909919687432
4736/16384
mean(sgnprob[1:i - 1]) = 0.3119324181626188
4864/16384
mean(sgnprob[1:i - 1]) = 0.31688258276783876
4992/16384
mean(sgnprob[1:i - 1]) = 0.3227810058104588
5120/16384
mean(sgnprob[1:i - 1]) = 0.29869115061535456
5248/16384
mean(sgnprob[1:i - 1]) = 0.3047455688965123
5376/16384
mean(sgnprob[1:i - 1]) = 0.30567441860465117
5504/16384
mean(sgnprob[1:i - 1]) = 0.3109213156460113
5632/16384
mean(sgnprob[1:i - 1]) = 0.3169952051145445
5760/16384
mean(sgnprob[1:i - 1]) = 0.32140996700816116
5888/16384
mean(sgnprob[1:i - 1]) = 0.32801087141158486
6016/16384
mean(sgnprob[1:i - 1]) = 0.3103906899418121
6144/16384
mean(sgnprob[1:i - 1]) = 0.31271365782191113
6272/16384
mean(sgnprob[1:i - 1]) = 0.2951682347313028
6400/16384
mean(sgnprob[1:i - 1]) = 0.2811376777621503
6528/16384
mean(sgnprob[1:i - 1]) = 0.267963842500383
6656/16384
mean(sgnprob[1:i - 1]) = 0.25078888054094667
6784/16384
mean(sgnprob[1:i - 1]) = 0.23544154503906825
6912/16384
mean(sgnprob[1:i - 1]) = 0.2412096657502532
7040/16384
mean(sgnprob[1:i - 1]) = 0.22744708055121465
7168/16384
mean(sgnprob[1:i - 1]) = 0.21417608483326356
7296/16384
mean(sgnprob[1:i - 1]) = 0.2169979437971213
7424/16384
mean(sgnprob[1:i - 1]) = 0.22106964839013876
7552/16384
mean(sgnprob[1:i - 1]) = 0.22526817640047675
7680/16384
mean(sgnprob[1:i - 1]) = 0.2316707904675088
7808/16384
mean(sgnprob[1:i - 1]) = 0.23658255411809914
7936/16384
mean(sgnprob[1:i - 1]) = 0.23881537492123503
8064/16384
mean(sgnprob[1:i - 1]) = 0.24320972342800445
8192/16384
mean(sgnprob[1:i - 1]) = 0.24868758393358564
8320/16384
mean(sgnprob[1:i - 1]) = 0.23740834234884
8448/16384
mean(sgnprob[1:i - 1]) = 0.24233455664733042
8576/16384
mean(sgnprob[1:i - 1]) = 0.2471137026239067
8704/16384
mean(sgnprob[1:i - 1]) = 0.23520625071814316
8832/16384
mean(sgnprob[1:i - 1]) = 0.2399501755180614
8960/16384
mean(sgnprob[1:i - 1]) = 0.22982475722736911
9088/16384
mean(sgnprob[1:i - 1]) = 0.2199845933751513
9216/16384
mean(sgnprob[1:i - 1]) = 0.20998372219207814
9344/16384
mean(sgnprob[1:i - 1]) = 0.21138820507331693
9472/16384
mean(sgnprob[1:i - 1]) = 0.21571111815014254
9600/16384
mean(sgnprob[1:i - 1]) = 0.2065840191686634
9728/16384
mean(sgnprob[1:i - 1]) = 0.2112676056338028
9856/16384
mean(sgnprob[1:i - 1]) = 0.21745306950786403
9984/16384
mean(sgnprob[1:i - 1]) = 0.2212761694881298
10112/16384
mean(sgnprob[1:i - 1]) = 0.2133320146375235
10240/16384
mean(sgnprob[1:i - 1]) = 0.2040238304521926
10368/16384
mean(sgnprob[1:i - 1]) = 0.19668177872094145
10496/16384
mean(sgnprob[1:i - 1]) = 0.20190566936636495
10624/16384
mean(sgnprob[1:i - 1]) = 0.2056857761460981
10752/16384
mean(sgnprob[1:i - 1]) = 0.2095619012184913
10880/16384
mean(sgnprob[1:i - 1]) = 0.21444985752366946
11008/16384
mean(sgnprob[1:i - 1]) = 0.21704369946397747
11136/16384
mean(sgnprob[1:i - 1]) = 0.22155365963179166
11264/16384
mean(sgnprob[1:i - 1]) = 0.22542839385598865
11392/16384
mean(sgnprob[1:i - 1]) = 0.22921604775700113
11520/16384
mean(sgnprob[1:i - 1]) = 0.2320513933501172
11648/16384
mean(sgnprob[1:i - 1]) = 0.23465270026616297
11776/16384
mean(sgnprob[1:i - 1]) = 0.23736730360934183
11904/16384
mean(sgnprob[1:i - 1]) = 0.24103167268755776
12032/16384
mean(sgnprob[1:i - 1]) = 0.24411935832432882
12160/16384
mean(sgnprob[1:i - 1]) = 0.24714203470680154
12288/16384
mean(sgnprob[1:i - 1]) = 0.2395214454301294
12416/16384
mean(sgnprob[1:i - 1]) = 0.23270237615787354
12544/16384
mean(sgnprob[1:i - 1]) = 0.23479231443833215
12672/16384
mean(sgnprob[1:i - 1]) = 0.23699786915002763
12800/16384
mean(sgnprob[1:i - 1]) = 0.2405656691929057
12928/16384
mean(sgnprob[1:i - 1]) = 0.24313452463835383
13056/16384
mean(sgnprob[1:i - 1]) = 0.23554193795480657
13184/16384
mean(sgnprob[1:i - 1]) = 0.2290070545399378
13312/16384
mean(sgnprob[1:i - 1]) = 0.232213958380287
13440/16384
mean(sgnprob[1:i - 1]) = 0.2356574149862341
13568/16384
mean(sgnprob[1:i - 1]) = 0.23844622982236308
13696/16384
mean(sgnprob[1:i - 1]) = 0.23023001095290252
13824/16384
mean(sgnprob[1:i - 1]) = 0.22332344642986326
13952/16384
mean(sgnprob[1:i - 1]) = 0.22772561106730702
14080/16384
mean(sgnprob[1:i - 1]) = 0.2297748419632076
14208/16384
mean(sgnprob[1:i - 1]) = 0.22390370943900895
14336/16384
mean(sgnprob[1:i - 1]) = 0.2173003139169864
14464/16384
mean(sgnprob[1:i - 1]) = 0.21178178801078615
14592/16384
mean(sgnprob[1:i - 1]) = 0.21472140360496197
14720/16384
mean(sgnprob[1:i - 1]) = 0.20891364902506965
14848/16384
mean(sgnprob[1:i - 1]) = 0.20280191284434565
14976/16384
mean(sgnprob[1:i - 1]) = 0.20681135225375627
15104/16384
mean(sgnprob[1:i - 1]) = 0.20982586241144144
15232/16384
mean(sgnprob[1:i - 1]) = 0.21265839406473638
15360/16384
mean(sgnprob[1:i - 1]) = 0.21492284653948826
15488/16384
mean(sgnprob[1:i - 1]) = 0.21714986763091626
15616/16384
mean(sgnprob[1:i - 1]) = 0.21895613192443164
15744/16384
mean(sgnprob[1:i - 1]) = 0.22200343009591564
15872/16384
mean(sgnprob[1:i - 1]) = 0.21630647092180708
16000/16384
mean(sgnprob[1:i - 1]) = 0.21820113757109819
16128/16384
mean(sgnprob[1:i - 1]) = 0.22068580641160787
16256/16384
mean(sgnprob[1:i - 1]) = 0.22276222700707474
16384/16384
mean(sgnprob[1:i - 1]) = 0.22419581273271075
804.502185 seconds (167.11 M allocations: 70.745 GiB, 1.61% gc time, 1.23% compilation time)
