## SLURM PROLOG ###############################################################
##    Job ID : 5955271
##  Job Name : etgent_N(1,3)_seed1236
##  Nodelist : node1734
##      CPUs : 8
##  Mem/Node : 2048 MB
## Directory : /oscar/home/trazzaz/AFQMC
##   Job Started : Mon Nov 11 10:04:53 PM EST 2024
###############################################################################
U = 2.0
seed = 1236
λₖ = 0.0
Warming up
128/512
256/512
384/512
512/512
Measuring
128/1024
256/1024
384/1024
512/1024
640/1024
768/1024
896/1024
1024/1024
127.249603 seconds (80.56 M allocations: 16.970 GiB, 3.72% gc time, 9.36% compilation time)
λₖ = 0.2
Warming up
128/512
256/512
384/512
512/512
Measuring
128/1024
256/1024
384/1024
512/1024
640/1024
768/1024
896/1024
1024/1024
112.024282 seconds (76.83 M allocations: 16.806 GiB, 4.04% gc time, 0.10% compilation time)
λₖ = 0.4
Warming up
128/512
256/512
384/512
512/512
Measuring
128/1024
256/1024
384/1024
512/1024
640/1024
768/1024
896/1024
1024/1024
112.000011 seconds (76.82 M allocations: 16.805 GiB, 3.69% gc time)
λₖ = 0.6
Warming up
128/512
256/512
384/512
512/512
Measuring
128/1024
256/1024
384/1024
512/1024
640/1024
768/1024
896/1024
1024/1024
110.608348 seconds (76.82 M allocations: 16.805 GiB, 3.61% gc time)
λₖ = 0.8
Warming up
128/512
256/512
384/512
512/512
Measuring
128/1024
256/1024
384/1024
512/1024
640/1024
768/1024
896/1024
1024/1024
109.750219 seconds (76.82 M allocations: 16.805 GiB, 3.37% gc time)
