## SLURM PROLOG ###############################################################
##    Job ID : 5955264
##  Job Name : etgent_N(1,2)_seed1263
##  Nodelist : node1750
##      CPUs : 8
##  Mem/Node : 2048 MB
## Directory : /oscar/home/trazzaz/AFQMC
##   Job Started : Mon Nov 11 09:54:52 PM EST 2024
###############################################################################
U = 2.0
seed = 1263
λₖ = 0.0
Warming up
128/512
256/512
384/512
512/512
Measuring
128/1024
256/1024
384/1024
512/1024
640/1024
768/1024
896/1024
1024/1024
119.636523 seconds (80.56 M allocations: 16.970 GiB, 3.18% gc time, 9.75% compilation time)
λₖ = 0.2
Warming up
128/512
256/512
384/512
512/512
Measuring
128/1024
256/1024
384/1024
512/1024
640/1024
768/1024
896/1024
1024/1024
111.051624 seconds (76.83 M allocations: 16.806 GiB, 3.06% gc time, 0.09% compilation time)
λₖ = 0.4
Warming up
128/512
256/512
384/512
512/512
Measuring
128/1024
256/1024
384/1024
512/1024
640/1024
768/1024
896/1024
1024/1024
110.947392 seconds (76.82 M allocations: 16.805 GiB, 2.89% gc time)
λₖ = 0.6
Warming up
128/512
256/512
384/512
512/512
Measuring
128/1024
256/1024
384/1024
512/1024
640/1024
768/1024
896/1024
1024/1024
106.737654 seconds (76.82 M allocations: 16.805 GiB, 2.85% gc time)
λₖ = 0.8
Warming up
128/512
256/512
384/512
512/512
Measuring
128/1024
256/1024
384/1024
512/1024
640/1024
768/1024
896/1024
1024/1024
128.023837 seconds (76.82 M allocations: 16.805 GiB, 2.23% gc time)
