## SLURM PROLOG ###############################################################
##    Job ID : 5955250
##  Job Name : etgent_N(1,2)_seed1249
##  Nodelist : node1752
##      CPUs : 8
##  Mem/Node : 2048 MB
## Directory : /oscar/home/trazzaz/AFQMC
##   Job Started : Mon Nov 11 09:34:52 PM EST 2024
###############################################################################
U = 2.0
seed = 1249
λₖ = 0.0
Warming up
128/512
256/512
384/512
512/512
Measuring
128/1024
256/1024
384/1024
512/1024
640/1024
768/1024
896/1024
1024/1024
125.200981 seconds (80.56 M allocations: 16.970 GiB, 1.81% gc time, 7.04% compilation time)
λₖ = 0.2
Warming up
128/512
256/512
384/512
512/512
Measuring
128/1024
256/1024
384/1024
512/1024
640/1024
768/1024
896/1024
1024/1024
102.152305 seconds (76.83 M allocations: 16.806 GiB, 1.73% gc time, 0.07% compilation time)
λₖ = 0.4
Warming up
128/512
256/512
384/512
512/512
Measuring
128/1024
256/1024
384/1024
512/1024
640/1024
768/1024
896/1024
1024/1024
104.261057 seconds (76.82 M allocations: 16.805 GiB, 1.55% gc time)
λₖ = 0.6
Warming up
128/512
256/512
384/512
512/512
Measuring
128/1024
256/1024
384/1024
512/1024
640/1024
768/1024
896/1024
1024/1024
112.666893 seconds (76.82 M allocations: 16.805 GiB, 1.36% gc time)
λₖ = 0.8
Warming up
128/512
256/512
384/512
512/512
Measuring
128/1024
256/1024
384/1024
512/1024
640/1024
768/1024
896/1024
1024/1024
113.145964 seconds (76.82 M allocations: 16.805 GiB, 1.28% gc time)
