## SLURM PROLOG ###############################################################
##    Job ID : 8833940
##  Job Name : sbatch_etgent.sh
##  Nodelist : node1733
##      CPUs : 8
##  Mem/Node : 4096 MB
## Directory : /oscar/home/trazzaz/AFQMC
##   Job Started : Fri Feb 28 02:28:14 AM EST 2025
###############################################################################
seed = 1494
U = 2.0
β = 6.0
Warming up
128/1024
256/1024
384/1024
512/1024
640/1024
768/1024
896/1024
1024/1024
Measuring
128/16384
mean(sgnprob[1:i - 1]) = -0.4015748031496063
256/16384
mean(sgnprob[1:i - 1]) = -0.11372549019607843
384/16384
mean(sgnprob[1:i - 1]) = 0.10182767624020887
512/16384
mean(sgnprob[1:i - 1]) = 0.1506849315068493
640/16384
mean(sgnprob[1:i - 1]) = 0.0892018779342723
768/16384
mean(sgnprob[1:i - 1]) = 0.02998696219035202
896/16384
mean(sgnprob[1:i - 1]) = -0.01899441340782123
1024/16384
mean(sgnprob[1:i - 1]) = 0.0009775171065493646
1152/16384
mean(sgnprob[1:i - 1]) = -0.023457862728062554
1280/16384
mean(sgnprob[1:i - 1]) = -0.04769351055512119
1408/16384
mean(sgnprob[1:i - 1]) = -0.016346837242359632
1536/16384
mean(sgnprob[1:i - 1]) = -0.004560260586319218
1664/16384
mean(sgnprob[1:i - 1]) = 0.003006614552014432
1792/16384
mean(sgnprob[1:i - 1]) = -0.0072585147962032385
1920/16384
mean(sgnprob[1:i - 1]) = -0.0297029702970297
2048/16384
mean(sgnprob[1:i - 1]) = -0.020029311187103077
2176/16384
mean(sgnprob[1:i - 1]) = 0.004137931034482759
2304/16384
mean(sgnprob[1:i - 1]) = 0.023881893182805036
2432/16384
mean(sgnprob[1:i - 1]) = 0.03825586178527355
2560/16384
mean(sgnprob[1:i - 1]) = 0.021492770613520906
2688/16384
mean(sgnprob[1:i - 1]) = 0.03758838853740231
2816/16384
mean(sgnprob[1:i - 1]) = 0.05150976909413854
2944/16384
mean(sgnprob[1:i - 1]) = 0.06489976214746856
3072/16384
mean(sgnprob[1:i - 1]) = 0.07326603712145881
3200/16384
mean(sgnprob[1:i - 1]) = 0.0753360425132854
3328/16384
mean(sgnprob[1:i - 1]) = 0.080853621881575
3456/16384
mean(sgnprob[1:i - 1]) = 0.07206946454413893
3584/16384
mean(sgnprob[1:i - 1]) = 0.07284398548702205
3712/16384
mean(sgnprob[1:i - 1]) = 0.07841552142279709
3840/16384
mean(sgnprob[1:i - 1]) = 0.06433967178952853
3968/16384
mean(sgnprob[1:i - 1]) = 0.07033022435089488
4096/16384
mean(sgnprob[1:i - 1]) = 0.07887667887667887
4224/16384
mean(sgnprob[1:i - 1]) = 0.08595784986976084
4352/16384
mean(sgnprob[1:i - 1]) = 0.09400137899333487
4480/16384
mean(sgnprob[1:i - 1]) = 0.10113864701942397
4608/16384
mean(sgnprob[1:i - 1]) = 0.10744519209897982
4736/16384
mean(sgnprob[1:i - 1]) = 0.09778247096092925
4864/16384
mean(sgnprob[1:i - 1]) = 0.10466790047295908
4992/16384
mean(sgnprob[1:i - 1]) = 0.11120016028851934
5120/16384
mean(sgnprob[1:i - 1]) = 0.1095917171322524
5248/16384
mean(sgnprob[1:i - 1]) = 0.09662664379645512
5376/16384
mean(sgnprob[1:i - 1]) = 0.09916279069767442
5504/16384
mean(sgnprob[1:i - 1]) = 0.10376158459022351
5632/16384
mean(sgnprob[1:i - 1]) = 0.0974960042621204
5760/16384
mean(sgnprob[1:i - 1]) = 0.09949644035422817
5888/16384
mean(sgnprob[1:i - 1]) = 0.0929165958892475
6016/16384
mean(sgnprob[1:i - 1]) = 0.09858686616791355
6144/16384
mean(sgnprob[1:i - 1]) = 0.10336968907699821
6272/16384
mean(sgnprob[1:i - 1]) = 0.09488119917078616
6400/16384
mean(sgnprob[1:i - 1]) = 0.08860759493670886
6528/16384
mean(sgnprob[1:i - 1]) = 0.09115979776313773
6656/16384
mean(sgnprob[1:i - 1]) = 0.09631855747558227
6784/16384
mean(sgnprob[1:i - 1]) = 0.09125755565384049
6912/16384
mean(sgnprob[1:i - 1]) = 0.09390826219071047
7040/16384
mean(sgnprob[1:i - 1]) = 0.09759909077994033
7168/16384
mean(sgnprob[1:i - 1]) = 0.10087902888237757
7296/16384
mean(sgnprob[1:i - 1]) = 0.10185058259081563
7424/16384
mean(sgnprob[1:i - 1]) = 0.10548295837262563
7552/16384
mean(sgnprob[1:i - 1]) = 0.10819758972321547
7680/16384
mean(sgnprob[1:i - 1]) = 0.10196640187524417
7808/16384
mean(sgnprob[1:i - 1]) = 0.09619572178813884
7936/16384
mean(sgnprob[1:i - 1]) = 0.09918084436042848
8064/16384
mean(sgnprob[1:i - 1]) = 0.10132704948530323
8192/16384
mean(sgnprob[1:i - 1]) = 0.09412770113539251
8320/16384
mean(sgnprob[1:i - 1]) = 0.0900348599591297
8448/16384
mean(sgnprob[1:i - 1]) = 0.09316917248727359
8576/16384
mean(sgnprob[1:i - 1]) = 0.09551020408163265
8704/16384
mean(sgnprob[1:i - 1]) = 0.09847179133632081
8832/16384
mean(sgnprob[1:i - 1]) = 0.10157400067942475
8960/16384
mean(sgnprob[1:i - 1]) = 0.10458756557651523
9088/16384
mean(sgnprob[1:i - 1]) = 0.10839661054253329
9216/16384
mean(sgnprob[1:i - 1]) = 0.10320130222463375
9344/16384
mean(sgnprob[1:i - 1]) = 0.10735309857647436
9472/16384
mean(sgnprob[1:i - 1]) = 0.10442403125329955
9600/16384
mean(sgnprob[1:i - 1]) = 0.10594853630586519
9728/16384
mean(sgnprob[1:i - 1]) = 0.108255371645934
9856/16384
mean(sgnprob[1:i - 1]) = 0.10319634703196347
9984/16384
mean(sgnprob[1:i - 1]) = 0.10507863367725133
10112/16384
mean(sgnprob[1:i - 1]) = 0.10750667589753733
10240/16384
mean(sgnprob[1:i - 1]) = 0.10870202168180486
10368/16384
mean(sgnprob[1:i - 1]) = 0.11083244911739172
10496/16384
mean(sgnprob[1:i - 1]) = 0.11195807527393997
10624/16384
mean(sgnprob[1:i - 1]) = 0.10797326555586934
10752/16384
mean(sgnprob[1:i - 1]) = 0.10892010045577155
10880/16384
mean(sgnprob[1:i - 1]) = 0.10488096332383491
11008/16384
mean(sgnprob[1:i - 1]) = 0.1060234396293268
11136/16384
mean(sgnprob[1:i - 1]) = 0.10893578805568029
11264/16384
mean(sgnprob[1:i - 1]) = 0.11053893278877741
11392/16384
mean(sgnprob[1:i - 1]) = 0.11280835747519972
11520/16384
mean(sgnprob[1:i - 1]) = 0.10704054171369043
11648/16384
mean(sgnprob[1:i - 1]) = 0.10861165965484675
11776/16384
mean(sgnprob[1:i - 1]) = 0.10454352441613587
11904/16384
mean(sgnprob[1:i - 1]) = 0.10593967907250273
12032/16384
mean(sgnprob[1:i - 1]) = 0.10697365140054858
12160/16384
mean(sgnprob[1:i - 1]) = 0.10995970063327576
12288/16384
mean(sgnprob[1:i - 1]) = 0.1070236835679987
12416/16384
mean(sgnprob[1:i - 1]) = 0.10801449859041481
12544/16384
mean(sgnprob[1:i - 1]) = 0.10898509128597623
12672/16384
mean(sgnprob[1:i - 1]) = 0.1050430116012943
12800/16384
mean(sgnprob[1:i - 1]) = 0.1064926947417767
12928/16384
mean(sgnprob[1:i - 1]) = 0.10590237487429412
13056/16384
mean(sgnprob[1:i - 1]) = 0.10792799693603983
13184/16384
mean(sgnprob[1:i - 1]) = 0.10430099370401275
13312/16384
mean(sgnprob[1:i - 1]) = 0.10164525580347081
13440/16384
mean(sgnprob[1:i - 1]) = 0.10365354565071806
13568/16384
mean(sgnprob[1:i - 1]) = 0.10429719171519128
13696/16384
mean(sgnprob[1:i - 1]) = 0.10580503833515882
13824/16384
mean(sgnprob[1:i - 1]) = 0.10554872314258844
13952/16384
mean(sgnprob[1:i - 1]) = 0.10085298544907174
14080/16384
mean(sgnprob[1:i - 1]) = 0.09666879749982243
14208/16384
mean(sgnprob[1:i - 1]) = 0.0945308650665165
14336/16384
mean(sgnprob[1:i - 1]) = 0.0949424485524939
14464/16384
mean(sgnprob[1:i - 1]) = 0.09700615363340939
14592/16384
mean(sgnprob[1:i - 1]) = 0.09286546501267905
14720/16384
mean(sgnprob[1:i - 1]) = 0.0940960663088525
14848/16384
mean(sgnprob[1:i - 1]) = 0.09638310769852496
14976/16384
mean(sgnprob[1:i - 1]) = 0.09409015025041736
15104/16384
mean(sgnprob[1:i - 1]) = 0.09594120373435741
15232/16384
mean(sgnprob[1:i - 1]) = 0.09250869936314096
15360/16384
mean(sgnprob[1:i - 1]) = 0.08913340712285957
15488/16384
mean(sgnprob[1:i - 1]) = 0.08968812552463357
15616/16384
mean(sgnprob[1:i - 1]) = 0.09100224143451809
15744/16384
mean(sgnprob[1:i - 1]) = 0.08797560820682208
15872/16384
mean(sgnprob[1:i - 1]) = 0.08978640287316489
16000/16384
mean(sgnprob[1:i - 1]) = 0.09106819176198512
16128/16384
mean(sgnprob[1:i - 1]) = 0.09146152415204316
16256/16384
mean(sgnprob[1:i - 1]) = 0.09123346662565364
16384/16384
mean(sgnprob[1:i - 1]) = 0.09271806140511506
729.978222 seconds (167.11 M allocations: 70.745 GiB, 1.48% gc time, 1.23% compilation time)
