## SLURM PROLOG ###############################################################
##    Job ID : 5896902
##  Job Name : etgent_2x2_seed1243
##  Nodelist : node1650
##      CPUs : 8
##  Mem/Node : 2048 MB
## Directory : /oscar/home/trazzaz/AFQMC
##   Job Started : Sun Nov 10 05:33:41 PM EST 2024
###############################################################################
U = 2.0
seed = 1243
λₖ = 0.0
Warming up
128/512
256/512
384/512
512/512
Measuring
128/1024
256/1024
384/1024
512/1024
640/1024
768/1024
896/1024
1024/1024
260.546336 seconds (210.26 M allocations: 1.099 TiB, 14.67% gc time, 2.78% compilation time)
λₖ = 0.2
Warming up
128/512
256/512
384/512
512/512
Measuring
128/1024
256/1024
384/1024
512/1024
640/1024
768/1024
896/1024
1024/1024
284.224425 seconds (208.41 M allocations: 1.099 TiB, 15.54% gc time, 0.02% compilation time)
λₖ = 0.4
Warming up
128/512
256/512
384/512
512/512
Measuring
128/1024
256/1024
384/1024
512/1024
640/1024
768/1024
896/1024
1024/1024
255.893467 seconds (208.41 M allocations: 1.099 TiB, 15.69% gc time)
λₖ = 0.6
Warming up
128/512
256/512
384/512
512/512
Measuring
128/1024
256/1024
384/1024
512/1024
640/1024
768/1024
896/1024
1024/1024
227.466940 seconds (208.41 M allocations: 1.099 TiB, 15.36% gc time)
λₖ = 0.8
Warming up
128/512
256/512
384/512
512/512
Measuring
128/1024
256/1024
384/1024
512/1024
640/1024
768/1024
896/1024
1024/1024
185.555445 seconds (208.41 M allocations: 1.099 TiB, 15.11% gc time)
