## SLURM PROLOG ###############################################################
##    Job ID : 8834050
##  Job Name : sbatch_etgent.sh
##  Nodelist : node1322
##      CPUs : 8
##  Mem/Node : 4096 MB
## Directory : /oscar/home/trazzaz/AFQMC
##   Job Started : Fri Feb 28 05:27:32 AM EST 2025
###############################################################################
seed = 1604
U = 2.0
β = 6.0
Warming up
128/1024
256/1024
384/1024
512/1024
640/1024
768/1024
896/1024
1024/1024
Measuring
128/16384
mean(sgnprob[1:i - 1]) = -0.41732283464566927
256/16384
mean(sgnprob[1:i - 1]) = -0.42745098039215684
384/16384
mean(sgnprob[1:i - 1]) = -0.09660574412532637
512/16384
mean(sgnprob[1:i - 1]) = 0.04500978473581213
640/16384
mean(sgnprob[1:i - 1]) = 0.15492957746478872
768/16384
mean(sgnprob[1:i - 1]) = 0.2046936114732725
896/16384
mean(sgnprob[1:i - 1]) = 0.2782122905027933
1024/16384
mean(sgnprob[1:i - 1]) = 0.1710654936461388
1152/16384
mean(sgnprob[1:i - 1]) = 0.20764552562988706
1280/16384
mean(sgnprob[1:i - 1]) = 0.23534010946051603
1408/16384
mean(sgnprob[1:i - 1]) = 0.1712864250177683
1536/16384
mean(sgnprob[1:i - 1]) = 0.1986970684039088
1664/16384
mean(sgnprob[1:i - 1]) = 0.22790138304269392
1792/16384
mean(sgnprob[1:i - 1]) = 0.2529313232830821
1920/16384
mean(sgnprob[1:i - 1]) = 0.26732673267326734
2048/16384
mean(sgnprob[1:i - 1]) = 0.28480703468490476
2176/16384
mean(sgnprob[1:i - 1]) = 0.30758620689655175
2304/16384
mean(sgnprob[1:i - 1]) = 0.3165436387320886
2432/16384
mean(sgnprob[1:i - 1]) = 0.33196215549156727
2560/16384
mean(sgnprob[1:i - 1]) = 0.3419304415787417
2688/16384
mean(sgnprob[1:i - 1]) = 0.34871604019352437
2816/16384
mean(sgnprob[1:i - 1]) = 0.3023090586145648
2944/16384
mean(sgnprob[1:i - 1]) = 0.26809378185524974
3072/16384
mean(sgnprob[1:i - 1]) = 0.28036470205144903
3200/16384
mean(sgnprob[1:i - 1]) = 0.29290403251015945
3328/16384
mean(sgnprob[1:i - 1]) = 0.3026750826570484
3456/16384
mean(sgnprob[1:i - 1]) = 0.2671490593342981
3584/16384
mean(sgnprob[1:i - 1]) = 0.2732347195087915
3712/16384
mean(sgnprob[1:i - 1]) = 0.2427917003503099
3840/16384
mean(sgnprob[1:i - 1]) = 0.2175045584787705
3968/16384
mean(sgnprob[1:i - 1]) = 0.22661961179732795
4096/16384
mean(sgnprob[1:i - 1]) = 0.23565323565323565
4224/16384
mean(sgnprob[1:i - 1]) = 0.24366564053990056
4352/16384
mean(sgnprob[1:i - 1]) = 0.2507469547230522
4480/16384
mean(sgnprob[1:i - 1]) = 0.2601027014958696
4608/16384
mean(sgnprob[1:i - 1]) = 0.2672020837855437
4736/16384
mean(sgnprob[1:i - 1]) = 0.24477296726504752
4864/16384
mean(sgnprob[1:i - 1]) = 0.2539584618548221
4992/16384
mean(sgnprob[1:i - 1]) = 0.2602684832698858
5120/16384
mean(sgnprob[1:i - 1]) = 0.26899785114280134
5248/16384
mean(sgnprob[1:i - 1]) = 0.27615780445969124
5376/16384
mean(sgnprob[1:i - 1]) = 0.2584186046511628
5504/16384
mean(sgnprob[1:i - 1]) = 0.26367435944030526
5632/16384
mean(sgnprob[1:i - 1]) = 0.26940152725981176
5760/16384
mean(sgnprob[1:i - 1]) = 0.2509116166001042
5888/16384
mean(sgnprob[1:i - 1]) = 0.25394937998980804
6016/16384
mean(sgnprob[1:i - 1]) = 0.2595178719866999
6144/16384
mean(sgnprob[1:i - 1]) = 0.24499430245808237
6272/16384
mean(sgnprob[1:i - 1]) = 0.2508371870515069
6400/16384
mean(sgnprob[1:i - 1]) = 0.2351929989060791
6528/16384
mean(sgnprob[1:i - 1]) = 0.24007966906695266
6656/16384
mean(sgnprob[1:i - 1]) = 0.22344102178812922
6784/16384
mean(sgnprob[1:i - 1]) = 0.22865988500663423
6912/16384
mean(sgnprob[1:i - 1]) = 0.2351323976269715
7040/16384
mean(sgnprob[1:i - 1]) = 0.24051711890893593
7168/16384
mean(sgnprob[1:i - 1]) = 0.24375610436723874
7296/16384
mean(sgnprob[1:i - 1]) = 0.24852638793694312
7424/16384
mean(sgnprob[1:i - 1]) = 0.25313215680991513
7552/16384
mean(sgnprob[1:i - 1]) = 0.2586412395709178
7680/16384
mean(sgnprob[1:i - 1]) = 0.2629248600078135
7808/16384
mean(sgnprob[1:i - 1]) = 0.26604329447931346
7936/16384
mean(sgnprob[1:i - 1]) = 0.2683049779458097
8064/16384
mean(sgnprob[1:i - 1]) = 0.27024680639960313
8192/16384
mean(sgnprob[1:i - 1]) = 0.2733487974606275
8320/16384
mean(sgnprob[1:i - 1]) = 0.2614496934727732
8448/16384
mean(sgnprob[1:i - 1]) = 0.2501479815319048
8576/16384
mean(sgnprob[1:i - 1]) = 0.2522448979591837
8704/16384
mean(sgnprob[1:i - 1]) = 0.2572676088705044
8832/16384
mean(sgnprob[1:i - 1]) = 0.26123881780092856
8960/16384
mean(sgnprob[1:i - 1]) = 0.24902332849648398
9088/16384
mean(sgnprob[1:i - 1]) = 0.23737206999009575
9216/16384
mean(sgnprob[1:i - 1]) = 0.24123711340206186
9344/16384
mean(sgnprob[1:i - 1]) = 0.24521031788504763
9472/16384
mean(sgnprob[1:i - 1]) = 0.24949846901066414
9600/16384
mean(sgnprob[1:i - 1]) = 0.2526304823419106
9728/16384
mean(sgnprob[1:i - 1]) = 0.254240773105788
9856/16384
mean(sgnprob[1:i - 1]) = 0.25702688990360223
9984/16384
mean(sgnprob[1:i - 1]) = 0.25914053891615746
10112/16384
mean(sgnprob[1:i - 1]) = 0.2633765206211057
10240/16384
mean(sgnprob[1:i - 1]) = 0.26770192401601717
10368/16384
mean(sgnprob[1:i - 1]) = 0.27134175749975886
10496/16384
mean(sgnprob[1:i - 1]) = 0.27355883754168653
10624/16384
mean(sgnprob[1:i - 1]) = 0.27647557187235244
10752/16384
mean(sgnprob[1:i - 1]) = 0.279322853688029
10880/16384
mean(sgnprob[1:i - 1]) = 0.2822869749057818
11008/16384
mean(sgnprob[1:i - 1]) = 0.2862723721268284
11136/16384
mean(sgnprob[1:i - 1]) = 0.2885496183206107
11264/16384
mean(sgnprob[1:i - 1]) = 0.27887774127674686
11392/16384
mean(sgnprob[1:i - 1]) = 0.28346940567114387
11520/16384
mean(sgnprob[1:i - 1]) = 0.27424255577741125
11648/16384
mean(sgnprob[1:i - 1]) = 0.2767236198162617
11776/16384
mean(sgnprob[1:i - 1]) = 0.2783014861995754
11904/16384
mean(sgnprob[1:i - 1]) = 0.2687557758548265
12032/16384
mean(sgnprob[1:i - 1]) = 0.2720472113706259
12160/16384
mean(sgnprob[1:i - 1]) = 0.2635907558187351
12288/16384
mean(sgnprob[1:i - 1]) = 0.25482216977293076
12416/16384
mean(sgnprob[1:i - 1]) = 0.24736206202174787
12544/16384
mean(sgnprob[1:i - 1]) = 0.2499402056924181
12672/16384
mean(sgnprob[1:i - 1]) = 0.24125956909478335
12800/16384
mean(sgnprob[1:i - 1]) = 0.24462848660051567
12928/16384
mean(sgnprob[1:i - 1]) = 0.24684768314380753
13056/16384
mean(sgnprob[1:i - 1]) = 0.24841057066258138
13184/16384
mean(sgnprob[1:i - 1]) = 0.24084047637108397
13312/16384
mean(sgnprob[1:i - 1]) = 0.24393358876117496
13440/16384
mean(sgnprob[1:i - 1]) = 0.23625269737331647
13568/16384
mean(sgnprob[1:i - 1]) = 0.23933072897471808
13696/16384
mean(sgnprob[1:i - 1]) = 0.2420591456736035
13824/16384
mean(sgnprob[1:i - 1]) = 0.24459234608985025
13952/16384
mean(sgnprob[1:i - 1]) = 0.2377607339975629
14080/16384
mean(sgnprob[1:i - 1]) = 0.23105334185666596
14208/16384
mean(sgnprob[1:i - 1]) = 0.22334060674315478
14336/16384
mean(sgnprob[1:i - 1]) = 0.22706662016044646
14464/16384
mean(sgnprob[1:i - 1]) = 0.22975869460001383
14592/16384
mean(sgnprob[1:i - 1]) = 0.23130697005003084
14720/16384
mean(sgnprob[1:i - 1]) = 0.22440383178205042
14848/16384
mean(sgnprob[1:i - 1]) = 0.2267798208392268
14976/16384
mean(sgnprob[1:i - 1]) = 0.22991652754590985
15104/16384
mean(sgnprob[1:i - 1]) = 0.22267099251804276
15232/16384
mean(sgnprob[1:i - 1]) = 0.22434508568052
15360/16384
mean(sgnprob[1:i - 1]) = 0.22755387720554723
15488/16384
mean(sgnprob[1:i - 1]) = 0.22928908116484795
15616/16384
mean(sgnprob[1:i - 1]) = 0.23176432917066922
15744/16384
mean(sgnprob[1:i - 1]) = 0.23356412373753413
15872/16384
mean(sgnprob[1:i - 1]) = 0.2270178312645706
16000/16384
mean(sgnprob[1:i - 1]) = 0.22257641102568912
16128/16384
mean(sgnprob[1:i - 1]) = 0.21684132200657283
16256/16384
mean(sgnprob[1:i - 1]) = 0.21033528145186098
16384/16384
mean(sgnprob[1:i - 1]) = 0.21235426966977966
801.955610 seconds (167.11 M allocations: 70.745 GiB, 1.76% gc time, 1.23% compilation time)
