## SLURM PROLOG ###############################################################
##    Job ID : 5341809
##  Job Name : etgent_N2_U7
##  Nodelist : node1718
##      CPUs : 8
##  Mem/Node : 2048 MB
## Directory : /oscar/home/trazzaz/AFQMC
##   Job Started : Wed Oct 23 11:28:40 AM EDT 2024
###############################################################################
U = 7.0
seed = 1234
λₖ = 0.0
Warming up
128/512
256/512
384/512
512/512
Measuring
128/1024
256/1024
384/1024
512/1024
640/1024
768/1024
896/1024
1024/1024
 36.420645 seconds (35.02 M allocations: 36.367 GiB, 5.72% gc time, 20.68% compilation time)
λₖ = 0.2
Warming up
128/512
256/512
384/512
512/512
Measuring
128/1024
256/1024
384/1024
512/1024
640/1024
768/1024
896/1024
1024/1024
 27.679315 seconds (33.17 M allocations: 36.268 GiB, 6.68% gc time, 0.25% compilation time)
λₖ = 0.4
Warming up
128/512
256/512
384/512
512/512
Measuring
128/1024
256/1024
384/1024
512/1024
640/1024
768/1024
896/1024
1024/1024
 26.968384 seconds (33.17 M allocations: 36.268 GiB, 6.37% gc time)
λₖ = 0.6
Warming up
128/512
256/512
384/512
512/512
Measuring
128/1024
256/1024
384/1024
512/1024
640/1024
768/1024
896/1024
1024/1024
 26.939157 seconds (33.17 M allocations: 36.268 GiB, 6.46% gc time)
λₖ = 0.8
Warming up
128/512
256/512
384/512
512/512
Measuring
128/1024
256/1024
384/1024
512/1024
640/1024
768/1024
896/1024
1024/1024
 26.843243 seconds (33.17 M allocations: 36.268 GiB, 6.34% gc time)
