## SLURM PROLOG ###############################################################
##    Job ID : 5902767
##  Job Name : etgent_N2_seed1255
##  Nodelist : node1749
##      CPUs : 8
##  Mem/Node : 2048 MB
## Directory : /oscar/home/trazzaz/AFQMC
##   Job Started : Mon Nov 11 01:10:17 AM EST 2024
###############################################################################
U = 2.0
seed = 1255
λₖ = 0.0
Warming up
128/512
256/512
384/512
512/512
Measuring
128/1024
256/1024
384/1024
512/1024
640/1024
768/1024
896/1024
1024/1024
326.571656 seconds (203.81 M allocations: 1.089 TiB, 25.46% gc time, 3.04% compilation time)
λₖ = 0.2
Warming up
128/512
256/512
384/512
512/512
Measuring
128/1024
256/1024
384/1024
512/1024
640/1024
768/1024
896/1024
1024/1024
359.759941 seconds (201.96 M allocations: 1.089 TiB, 25.79% gc time, 0.03% compilation time)
λₖ = 0.4
Warming up
128/512
256/512
384/512
512/512
Measuring
128/1024
256/1024
384/1024
512/1024
640/1024
768/1024
896/1024
1024/1024
292.454617 seconds (201.96 M allocations: 1.089 TiB, 28.60% gc time)
λₖ = 0.6
Warming up
128/512
256/512
384/512
512/512
Measuring
128/1024
256/1024
384/1024
512/1024
640/1024
768/1024
896/1024
1024/1024
293.363588 seconds (201.96 M allocations: 1.089 TiB, 28.38% gc time)
λₖ = 0.8
Warming up
128/512
256/512
384/512
512/512
Measuring
128/1024
256/1024
384/1024
512/1024
640/1024
768/1024
896/1024
1024/1024
288.951834 seconds (201.96 M allocations: 1.089 TiB, 28.31% gc time)
