## SLURM PROLOG ###############################################################
##    Job ID : 8833854
##  Job Name : sbatch_etgent.sh
##  Nodelist : node1736
##      CPUs : 8
##  Mem/Node : 4096 MB
## Directory : /oscar/home/trazzaz/AFQMC
##   Job Started : Fri Feb 28 12:09:15 AM EST 2025
###############################################################################
seed = 1408
U = 2.0
β = 6.0
Warming up
128/1024
256/1024
384/1024
512/1024
640/1024
768/1024
896/1024
1024/1024
Measuring
128/16384
mean(sgnprob[1:i - 1]) = -0.3858267716535433
256/16384
mean(sgnprob[1:i - 1]) = -0.30980392156862746
384/16384
mean(sgnprob[1:i - 1]) = -0.1279373368146214
512/16384
mean(sgnprob[1:i - 1]) = 0.01761252446183953
640/16384
mean(sgnprob[1:i - 1]) = 0.08294209702660407
768/16384
mean(sgnprob[1:i - 1]) = 0.01694915254237288
896/16384
mean(sgnprob[1:i - 1]) = 0.06815642458100558
1024/16384
mean(sgnprob[1:i - 1]) = 0.10459433040078202
1152/16384
mean(sgnprob[1:i - 1]) = 0.13119026933101652
1280/16384
mean(sgnprob[1:i - 1]) = 0.14777169663799844
1408/16384
mean(sgnprob[1:i - 1]) = 0.10589907604832978
1536/16384
mean(sgnprob[1:i - 1]) = 0.12964169381107493
1664/16384
mean(sgnprob[1:i - 1]) = 0.13890559230306676
1792/16384
mean(sgnprob[1:i - 1]) = 0.15577889447236182
1920/16384
mean(sgnprob[1:i - 1]) = 0.15893694632621158
2048/16384
mean(sgnprob[1:i - 1]) = 0.12261846604787494
2176/16384
mean(sgnprob[1:i - 1]) = 0.1393103448275862
2304/16384
mean(sgnprob[1:i - 1]) = 0.11854103343465046
2432/16384
mean(sgnprob[1:i - 1]) = 0.12381735911147676
2560/16384
mean(sgnprob[1:i - 1]) = 0.1027745212973818
2688/16384
mean(sgnprob[1:i - 1]) = 0.08373650911797544
2816/16384
mean(sgnprob[1:i - 1]) = 0.08987566607460036
2944/16384
mean(sgnprob[1:i - 1]) = 0.07509344206591913
3072/16384
mean(sgnprob[1:i - 1]) = 0.07587105177466623
3200/16384
mean(sgnprob[1:i - 1]) = 0.05845576742732104
3328/16384
mean(sgnprob[1:i - 1]) = 0.04658851818455065
3456/16384
mean(sgnprob[1:i - 1]) = 0.0512301013024602
3584/16384
mean(sgnprob[1:i - 1]) = 0.036003349148758024
3712/16384
mean(sgnprob[1:i - 1]) = 0.043384532471032064
3840/16384
mean(sgnprob[1:i - 1]) = 0.04871060171919771
3968/16384
mean(sgnprob[1:i - 1]) = 0.059742878749684904
4096/16384
mean(sgnprob[1:i - 1]) = 0.07106227106227106
4224/16384
mean(sgnprob[1:i - 1]) = 0.08027468624200805
4352/16384
mean(sgnprob[1:i - 1]) = 0.08848540565387267
4480/16384
mean(sgnprob[1:i - 1]) = 0.09667336459031034
4608/16384
mean(sgnprob[1:i - 1]) = 0.10484046016930758
4736/16384
mean(sgnprob[1:i - 1]) = 0.09736008447729673
4864/16384
mean(sgnprob[1:i - 1]) = 0.08533826855850297
4992/16384
mean(sgnprob[1:i - 1]) = 0.0727309156481667
5120/16384
mean(sgnprob[1:i - 1]) = 0.08028911896854854
5248/16384
mean(sgnprob[1:i - 1]) = 0.08709738898418144
5376/16384
mean(sgnprob[1:i - 1]) = 0.09209302325581395
5504/16384
mean(sgnprob[1:i - 1]) = 0.08340904960930402
5632/16384
mean(sgnprob[1:i - 1]) = 0.08897176345231753
5760/16384
mean(sgnprob[1:i - 1]) = 0.0831741621809342
5888/16384
mean(sgnprob[1:i - 1]) = 0.07728894173602854
6016/16384
mean(sgnprob[1:i - 1]) = 0.06666666666666667
6144/16384
mean(sgnprob[1:i - 1]) = 0.0740680449291877
6272/16384
mean(sgnprob[1:i - 1]) = 0.07829692234093447
6400/16384
mean(sgnprob[1:i - 1]) = 0.06735427410532896
6528/16384
mean(sgnprob[1:i - 1]) = 0.06327562432970738
6656/16384
mean(sgnprob[1:i - 1]) = 0.06776859504132231
6784/16384
mean(sgnprob[1:i - 1]) = 0.06265664160401002
6912/16384
mean(sgnprob[1:i - 1]) = 0.05686586601070757
7040/16384
mean(sgnprob[1:i - 1]) = 0.06066202585594545
7168/16384
mean(sgnprob[1:i - 1]) = 0.051765034184456535
7296/16384
mean(sgnprob[1:i - 1]) = 0.054420836189170665
7424/16384
mean(sgnprob[1:i - 1]) = 0.049440926848982894
7552/16384
mean(sgnprob[1:i - 1]) = 0.05416501125678718
7680/16384
mean(sgnprob[1:i - 1]) = 0.05742935278030994
7808/16384
mean(sgnprob[1:i - 1]) = 0.05085179966696554
7936/16384
mean(sgnprob[1:i - 1]) = 0.05179584120982987
8064/16384
mean(sgnprob[1:i - 1]) = 0.048989209971474636
8192/16384
mean(sgnprob[1:i - 1]) = 0.05066536442436821
8320/16384
mean(sgnprob[1:i - 1]) = 0.05349200625075129
8448/16384
mean(sgnprob[1:i - 1]) = 0.050313720847638216
8576/16384
mean(sgnprob[1:i - 1]) = 0.053294460641399415
8704/16384
mean(sgnprob[1:i - 1]) = 0.05733655061473055
8832/16384
mean(sgnprob[1:i - 1]) = 0.0503906692333824
8960/16384
mean(sgnprob[1:i - 1]) = 0.0536890277932805
9088/16384
mean(sgnprob[1:i - 1]) = 0.04963134147683504
9216/16384
mean(sgnprob[1:i - 1]) = 0.05306565382528486
9344/16384
mean(sgnprob[1:i - 1]) = 0.05854650540511613
9472/16384
mean(sgnprob[1:i - 1]) = 0.05374300496251716
9600/16384
mean(sgnprob[1:i - 1]) = 0.04906761120950099
9728/16384
mean(sgnprob[1:i - 1]) = 0.04410404030019533
9856/16384
mean(sgnprob[1:i - 1]) = 0.04637239979705733
9984/16384
mean(sgnprob[1:i - 1]) = 0.05078633677251327
10112/16384
mean(sgnprob[1:i - 1]) = 0.045989516368311736
10240/16384
mean(sgnprob[1:i - 1]) = 0.04912589120031253
10368/16384
mean(sgnprob[1:i - 1]) = 0.05102729815761551
10496/16384
mean(sgnprob[1:i - 1]) = 0.04716531681753216
10624/16384
mean(sgnprob[1:i - 1]) = 0.05092723336157395
10752/16384
mean(sgnprob[1:i - 1]) = 0.05199516324062878
10880/16384
mean(sgnprob[1:i - 1]) = 0.054876367313172164
11008/16384
mean(sgnprob[1:i - 1]) = 0.05078586354138276
11136/16384
mean(sgnprob[1:i - 1]) = 0.05199820386169735
11264/16384
mean(sgnprob[1:i - 1]) = 0.049809109473497294
11392/16384
mean(sgnprob[1:i - 1]) = 0.05223421999824423
11520/16384
mean(sgnprob[1:i - 1]) = 0.05547356541366438
11648/16384
mean(sgnprob[1:i - 1]) = 0.051086116596548464
11776/16384
mean(sgnprob[1:i - 1]) = 0.04679405520169851
11904/16384
mean(sgnprob[1:i - 1]) = 0.04881122406116105
12032/16384
mean(sgnprob[1:i - 1]) = 0.050951708087440775
12160/16384
mean(sgnprob[1:i - 1]) = 0.05238917674150835
12288/16384
mean(sgnprob[1:i - 1]) = 0.04907625946121918
12416/16384
mean(sgnprob[1:i - 1]) = 0.04567055980668546
12544/16384
mean(sgnprob[1:i - 1]) = 0.04217491828111297
12672/16384
mean(sgnprob[1:i - 1]) = 0.038276379133454344
12800/16384
mean(sgnprob[1:i - 1]) = 0.0397687319321822
12928/16384
mean(sgnprob[1:i - 1]) = 0.03612593795930997
13056/16384
mean(sgnprob[1:i - 1]) = 0.036997319034852545
13184/16384
mean(sgnprob[1:i - 1]) = 0.03921717363270879
13312/16384
mean(sgnprob[1:i - 1]) = 0.035985275336188116
13440/16384
mean(sgnprob[1:i - 1]) = 0.03832130366842771
13568/16384
mean(sgnprob[1:i - 1]) = 0.04046583622024029
13696/16384
mean(sgnprob[1:i - 1]) = 0.03643665571376415
13824/16384
mean(sgnprob[1:i - 1]) = 0.03899298270997613
13952/16384
mean(sgnprob[1:i - 1]) = 0.03662819869543402
14080/16384
mean(sgnprob[1:i - 1]) = 0.03913630229419703
14208/16384
mean(sgnprob[1:i - 1]) = 0.04089533328640811
14336/16384
mean(sgnprob[1:i - 1]) = 0.04276246948029299
14464/16384
mean(sgnprob[1:i - 1]) = 0.045702827905690385
14592/16384
mean(sgnprob[1:i - 1]) = 0.048728668357206496
14720/16384
mean(sgnprob[1:i - 1]) = 0.05210951830966778
14848/16384
mean(sgnprob[1:i - 1]) = 0.05489324442648347
14976/16384
mean(sgnprob[1:i - 1]) = 0.052287145242070114
15104/16384
mean(sgnprob[1:i - 1]) = 0.05383036482817983
15232/16384
mean(sgnprob[1:i - 1]) = 0.05652944652353752
15360/16384
mean(sgnprob[1:i - 1]) = 0.05801158929617814
15488/16384
mean(sgnprob[1:i - 1]) = 0.05959837282882417
15616/16384
mean(sgnprob[1:i - 1]) = 0.05872558437399936
15744/16384
mean(sgnprob[1:i - 1]) = 0.061805246776345045
15872/16384
mean(sgnprob[1:i - 1]) = 0.06407913805053242
16000/16384
mean(sgnprob[1:i - 1]) = 0.06556659791236952
16128/16384
mean(sgnprob[1:i - 1]) = 0.06889068022570843
16256/16384
mean(sgnprob[1:i - 1]) = 0.06564134112580744
16384/16384
mean(sgnprob[1:i - 1]) = 0.06757004211682842
725.054115 seconds (167.11 M allocations: 70.745 GiB, 1.46% gc time, 1.23% compilation time)
