## SLURM PROLOG ###############################################################
##    Job ID : 8822318
##  Job Name : sbatch_etgent.sh
##  Nodelist : node1322
##      CPUs : 8
##  Mem/Node : 4096 MB
## Directory : /oscar/home/trazzaz/AFQMC
##   Job Started : Thu Feb 27 07:33:40 PM EST 2025
###############################################################################
seed = 1313
U = 2.0
β = 6.0
Warming up
128/1024
256/1024
384/1024
512/1024
640/1024
768/1024
896/1024
1024/1024
Measuring
128/16384
mean(sgnprob[1:i - 1]) = 0.4015748031496063
256/16384
mean(sgnprob[1:i - 1]) = 0.3803921568627451
384/16384
mean(sgnprob[1:i - 1]) = 0.3681462140992167
512/16384
mean(sgnprob[1:i - 1]) = 0.20939334637964774
640/16384
mean(sgnprob[1:i - 1]) = 0.21439749608763695
768/16384
mean(sgnprob[1:i - 1]) = 0.2255541069100391
896/16384
mean(sgnprob[1:i - 1]) = 0.24916201117318434
1024/16384
mean(sgnprob[1:i - 1]) = 0.18084066471163246
1152/16384
mean(sgnprob[1:i - 1]) = 0.20938314509122502
1280/16384
mean(sgnprob[1:i - 1]) = 0.1415168100078186
1408/16384
mean(sgnprob[1:i - 1]) = 0.15280739161336176
1536/16384
mean(sgnprob[1:i - 1]) = 0.16742671009771987
1664/16384
mean(sgnprob[1:i - 1]) = 0.11846061334936861
1792/16384
mean(sgnprob[1:i - 1]) = 0.12562814070351758
1920/16384
mean(sgnprob[1:i - 1]) = 0.14330380406461699
2048/16384
mean(sgnprob[1:i - 1]) = 0.1265266243282853
2176/16384
mean(sgnprob[1:i - 1]) = 0.14206896551724138
2304/16384
mean(sgnprob[1:i - 1]) = 0.15154146765089013
2432/16384
mean(sgnprob[1:i - 1]) = 0.15754833401892226
2560/16384
mean(sgnprob[1:i - 1]) = 0.13794450957405235
2688/16384
mean(sgnprob[1:i - 1]) = 0.1410494975809453
2816/16384
mean(sgnprob[1:i - 1]) = 0.1289520426287744
2944/16384
mean(sgnprob[1:i - 1]) = 0.109072375127421
3072/16384
mean(sgnprob[1:i - 1]) = 0.11299251058287203
3200/16384
mean(sgnprob[1:i - 1]) = 0.1278524538918412
3328/16384
mean(sgnprob[1:i - 1]) = 0.13435527502254282
3456/16384
mean(sgnprob[1:i - 1]) = 0.143849493487699
3584/16384
mean(sgnprob[1:i - 1]) = 0.15433993859893944
3712/16384
mean(sgnprob[1:i - 1]) = 0.13662085691188358
3840/16384
mean(sgnprob[1:i - 1]) = 0.14144308413649387
3968/16384
mean(sgnprob[1:i - 1]) = 0.15049155533148476
4096/16384
mean(sgnprob[1:i - 1]) = 0.16043956043956045
4224/16384
mean(sgnprob[1:i - 1]) = 0.1664693345962586
4352/16384
mean(sgnprob[1:i - 1]) = 0.1753619857504022
4480/16384
mean(sgnprob[1:i - 1]) = 0.16231301629828088
4608/16384
mean(sgnprob[1:i - 1]) = 0.15042326893857175
4736/16384
mean(sgnprob[1:i - 1]) = 0.15649419218585006
4864/16384
mean(sgnprob[1:i - 1]) = 0.13921447666049763
4992/16384
mean(sgnprob[1:i - 1]) = 0.1448607493488279
5120/16384
mean(sgnprob[1:i - 1]) = 0.14788044539949208
5248/16384
mean(sgnprob[1:i - 1]) = 0.1530398322851153
5376/16384
mean(sgnprob[1:i - 1]) = 0.15869767441860466
5504/16384
mean(sgnprob[1:i - 1]) = 0.16118480828638923
5632/16384
mean(sgnprob[1:i - 1]) = 0.1695968744450364
5760/16384
mean(sgnprob[1:i - 1]) = 0.15818718527522138
5888/16384
mean(sgnprob[1:i - 1]) = 0.16120264990657382
6016/16384
mean(sgnprob[1:i - 1]) = 0.14646716541978388
6144/16384
mean(sgnprob[1:i - 1]) = 0.15090346736122415
6272/16384
mean(sgnprob[1:i - 1]) = 0.1564343804815819
6400/16384
mean(sgnprob[1:i - 1]) = 0.16018127832473825
6528/16384
mean(sgnprob[1:i - 1]) = 0.16470047495020684
6656/16384
mean(sgnprob[1:i - 1]) = 0.16754320060105185
6784/16384
mean(sgnprob[1:i - 1]) = 0.15642046292201092
6912/16384
mean(sgnprob[1:i - 1]) = 0.1462885255389958
7040/16384
mean(sgnprob[1:i - 1]) = 0.13680920585310413
7168/16384
mean(sgnprob[1:i - 1]) = 0.14134226315055115
7296/16384
mean(sgnprob[1:i - 1]) = 0.14489376285126798
7424/16384
mean(sgnprob[1:i - 1]) = 0.14913107907853967
7552/16384
mean(sgnprob[1:i - 1]) = 0.1540193351873924
7680/16384
mean(sgnprob[1:i - 1]) = 0.1582237270477927
7808/16384
mean(sgnprob[1:i - 1]) = 0.1625464326886128
7936/16384
mean(sgnprob[1:i - 1]) = 0.16824196597353497
8064/16384
mean(sgnprob[1:i - 1]) = 0.1720203398238869
8192/16384
mean(sgnprob[1:i - 1]) = 0.16151874008057623
8320/16384
mean(sgnprob[1:i - 1]) = 0.16312056737588654
8448/16384
mean(sgnprob[1:i - 1]) = 0.16396353735053865
8576/16384
mean(sgnprob[1:i - 1]) = 0.1675801749271137
8704/16384
mean(sgnprob[1:i - 1]) = 0.1699413995174078
8832/16384
mean(sgnprob[1:i - 1]) = 0.16408107802060923
8960/16384
mean(sgnprob[1:i - 1]) = 0.16664806339993302
9088/16384
mean(sgnprob[1:i - 1]) = 0.16980301529657754
9216/16384
mean(sgnprob[1:i - 1]) = 0.17069994574064026
9344/16384
mean(sgnprob[1:i - 1]) = 0.17328481215883548
9472/16384
mean(sgnprob[1:i - 1]) = 0.1757998099461514
9600/16384
mean(sgnprob[1:i - 1]) = 0.1780393791019898
9728/16384
mean(sgnprob[1:i - 1]) = 0.16932250436928137
9856/16384
mean(sgnprob[1:i - 1]) = 0.17179096905124303
9984/16384
mean(sgnprob[1:i - 1]) = 0.1713913653210458
10112/16384
mean(sgnprob[1:i - 1]) = 0.17297992285629513
10240/16384
mean(sgnprob[1:i - 1]) = 0.1661295048344565
10368/16384
mean(sgnprob[1:i - 1]) = 0.16928716118452783
10496/16384
mean(sgnprob[1:i - 1]) = 0.17084325869461647
10624/16384
mean(sgnprob[1:i - 1]) = 0.17255012708274498
10752/16384
mean(sgnprob[1:i - 1]) = 0.16696121291042693
10880/16384
mean(sgnprob[1:i - 1]) = 0.16922511260226122
11008/16384
mean(sgnprob[1:i - 1]) = 0.17179976378668121
11136/16384
mean(sgnprob[1:i - 1]) = 0.17305792546026044
11264/16384
mean(sgnprob[1:i - 1]) = 0.1668294415342271
11392/16384
mean(sgnprob[1:i - 1]) = 0.17022210517074884
11520/16384
mean(sgnprob[1:i - 1]) = 0.17284486500564286
11648/16384
mean(sgnprob[1:i - 1]) = 0.17472310466214475
11776/16384
mean(sgnprob[1:i - 1]) = 0.1762208067940552
11904/16384
mean(sgnprob[1:i - 1]) = 0.17735024783667983
12032/16384
mean(sgnprob[1:i - 1]) = 0.18061674008810572
12160/16384
mean(sgnprob[1:i - 1]) = 0.18282753515914138
12288/16384
mean(sgnprob[1:i - 1]) = 0.17815577439570277
12416/16384
mean(sgnprob[1:i - 1]) = 0.17358034635521546
12544/16384
mean(sgnprob[1:i - 1]) = 0.16782268994658375
12672/16384
mean(sgnprob[1:i - 1]) = 0.16802146634046247
12800/16384
mean(sgnprob[1:i - 1]) = 0.16962262676771622
12928/16384
mean(sgnprob[1:i - 1]) = 0.1718109383460973
13056/16384
mean(sgnprob[1:i - 1]) = 0.17273075450019149
13184/16384
mean(sgnprob[1:i - 1]) = 0.1746946825457028
13312/16384
mean(sgnprob[1:i - 1]) = 0.17767260160769288
13440/16384
mean(sgnprob[1:i - 1]) = 0.17702209985862044
13568/16384
mean(sgnprob[1:i - 1]) = 0.179037370089187
13696/16384
mean(sgnprob[1:i - 1]) = 0.18086893026652062
13824/16384
mean(sgnprob[1:i - 1]) = 0.1807856471098893
13952/16384
mean(sgnprob[1:i - 1]) = 0.1753996129309727
14080/16384
mean(sgnprob[1:i - 1]) = 0.17110590240784146
14208/16384
mean(sgnprob[1:i - 1]) = 0.17209826142042656
14336/16384
mean(sgnprob[1:i - 1]) = 0.1743285664457621
14464/16384
mean(sgnprob[1:i - 1]) = 0.17527483924496992
14592/16384
mean(sgnprob[1:i - 1]) = 0.17510794325269002
14720/16384
mean(sgnprob[1:i - 1]) = 0.17643861675385555
14848/16384
mean(sgnprob[1:i - 1]) = 0.17882400484946454
14976/16384
mean(sgnprob[1:i - 1]) = 0.1798330550918197
15104/16384
mean(sgnprob[1:i - 1]) = 0.17460107263457592
15232/16384
mean(sgnprob[1:i - 1]) = 0.17720438579213446
15360/16384
mean(sgnprob[1:i - 1]) = 0.17885278989517547
15488/16384
mean(sgnprob[1:i - 1]) = 0.18047394589010138
15616/16384
mean(sgnprob[1:i - 1]) = 0.18322126160742874
15744/16384
mean(sgnprob[1:i - 1]) = 0.17855554849774502
15872/16384
mean(sgnprob[1:i - 1]) = 0.18051792577657363
16000/16384
mean(sgnprob[1:i - 1]) = 0.18144884055253455
16128/16384
mean(sgnprob[1:i - 1]) = 0.1818689154833509
16256/16384
mean(sgnprob[1:i - 1]) = 0.1779760073823439
16384/16384
mean(sgnprob[1:i - 1]) = 0.17951535127876458
831.089595 seconds (167.11 M allocations: 70.745 GiB, 2.22% gc time, 1.32% compilation time)
