## SLURM PROLOG ###############################################################
##    Job ID : 8833810
##  Job Name : sbatch_etgent.sh
##  Nodelist : node1751
##      CPUs : 8
##  Mem/Node : 4096 MB
## Directory : /oscar/home/trazzaz/AFQMC
##   Job Started : Thu Feb 27 10:53:10 PM EST 2025
###############################################################################
seed = 1364
U = 2.0
β = 6.0
Warming up
128/1024
256/1024
384/1024
512/1024
640/1024
768/1024
896/1024
1024/1024
Measuring
128/16384
mean(sgnprob[1:i - 1]) = 0.5275590551181102
256/16384
mean(sgnprob[1:i - 1]) = 0.4666666666666667
384/16384
mean(sgnprob[1:i - 1]) = 0.46736292428198434
512/16384
mean(sgnprob[1:i - 1]) = 0.4755381604696673
640/16384
mean(sgnprob[1:i - 1]) = 0.47104851330203446
768/16384
mean(sgnprob[1:i - 1]) = 0.4915254237288136
896/16384
mean(sgnprob[1:i - 1]) = 0.4972067039106145
1024/16384
mean(sgnprob[1:i - 1]) = 0.49364613880742914
1152/16384
mean(sgnprob[1:i - 1]) = 0.38662033014769764
1280/16384
mean(sgnprob[1:i - 1]) = 0.29945269741985925
1408/16384
mean(sgnprob[1:i - 1]) = 0.32196162046908317
1536/16384
mean(sgnprob[1:i - 1]) = 0.3289902280130293
1664/16384
mean(sgnprob[1:i - 1]) = 0.33974744437763077
1792/16384
mean(sgnprob[1:i - 1]) = 0.3512004466778336
1920/16384
mean(sgnprob[1:i - 1]) = 0.29338196977592496
2048/16384
mean(sgnprob[1:i - 1]) = 0.2994626282364436
2176/16384
mean(sgnprob[1:i - 1]) = 0.30758620689655175
2304/16384
mean(sgnprob[1:i - 1]) = 0.31567520625271384
2432/16384
mean(sgnprob[1:i - 1]) = 0.2686137392019745
2560/16384
mean(sgnprob[1:i - 1]) = 0.23876514263384135
2688/16384
mean(sgnprob[1:i - 1]) = 0.2058057312988463
2816/16384
mean(sgnprob[1:i - 1]) = 0.1744227353463588
2944/16384
mean(sgnprob[1:i - 1]) = 0.18382602786272512
3072/16384
mean(sgnprob[1:i - 1]) = 0.19244545750569847
3200/16384
mean(sgnprob[1:i - 1]) = 0.20787746170678337
3328/16384
mean(sgnprob[1:i - 1]) = 0.1812443642921551
3456/16384
mean(sgnprob[1:i - 1]) = 0.15890014471780028
3584/16384
mean(sgnprob[1:i - 1]) = 0.16773653363103544
3712/16384
mean(sgnprob[1:i - 1]) = 0.17919698194556724
3840/16384
mean(sgnprob[1:i - 1]) = 0.1581140922115134
3968/16384
mean(sgnprob[1:i - 1]) = 0.1373834131585581
4096/16384
mean(sgnprob[1:i - 1]) = 0.14725274725274726
4224/16384
mean(sgnprob[1:i - 1]) = 0.15510300734075302
4352/16384
mean(sgnprob[1:i - 1]) = 0.16478970351643302
4480/16384
mean(sgnprob[1:i - 1]) = 0.1707970529135968
4608/16384
mean(sgnprob[1:i - 1]) = 0.17647058823529413
4736/16384
mean(sgnprob[1:i - 1]) = 0.18225976768743402
4864/16384
mean(sgnprob[1:i - 1]) = 0.189389265885256
4992/16384
mean(sgnprob[1:i - 1]) = 0.17050691244239632
5120/16384
mean(sgnprob[1:i - 1]) = 0.15842938073842547
5248/16384
mean(sgnprob[1:i - 1]) = 0.1423670668953688
5376/16384
mean(sgnprob[1:i - 1]) = 0.13004651162790698
5504/16384
mean(sgnprob[1:i - 1]) = 0.1335635108122842
5632/16384
mean(sgnprob[1:i - 1]) = 0.12093766648907832
5760/16384
mean(sgnprob[1:i - 1]) = 0.1304045841291891
5888/16384
mean(sgnprob[1:i - 1]) = 0.11941566162731442
6016/16384
mean(sgnprob[1:i - 1]) = 0.10689941812136326
6144/16384
mean(sgnprob[1:i - 1]) = 0.11313690379293505
6272/16384
mean(sgnprob[1:i - 1]) = 0.10189762398341572
6400/16384
mean(sgnprob[1:i - 1]) = 0.10642287857477731
6528/16384
mean(sgnprob[1:i - 1]) = 0.11107706450130228
6656/16384
mean(sgnprob[1:i - 1]) = 0.1188580015026296
6784/16384
mean(sgnprob[1:i - 1]) = 0.10806427834291611
6912/16384
mean(sgnprob[1:i - 1]) = 0.09535523079149183
7040/16384
mean(sgnprob[1:i - 1]) = 0.09901974712317091
7168/16384
mean(sgnprob[1:i - 1]) = 0.10450676712711036
7296/16384
mean(sgnprob[1:i - 1]) = 0.11254283755997259
7424/16384
mean(sgnprob[1:i - 1]) = 0.1170685706587633
7552/16384
mean(sgnprob[1:i - 1]) = 0.1058137994967554
7680/16384
mean(sgnprob[1:i - 1]) = 0.11238442505534575
7808/16384
mean(sgnprob[1:i - 1]) = 0.11925195337517612
7936/16384
mean(sgnprob[1:i - 1]) = 0.12589792060491492
8064/16384
mean(sgnprob[1:i - 1]) = 0.1172020339823887
8192/16384
mean(sgnprob[1:i - 1]) = 0.12123061897204249
8320/16384
mean(sgnprob[1:i - 1]) = 0.1270585406899868
8448/16384
mean(sgnprob[1:i - 1]) = 0.11755652894518764
8576/16384
mean(sgnprob[1:i - 1]) = 0.12233236151603498
8704/16384
mean(sgnprob[1:i - 1]) = 0.12857635298173042
8832/16384
mean(sgnprob[1:i - 1]) = 0.13373343902162835
8960/16384
mean(sgnprob[1:i - 1]) = 0.1237861368456301
9088/16384
mean(sgnprob[1:i - 1]) = 0.1290855067679102
9216/16384
mean(sgnprob[1:i - 1]) = 0.1346717308735757
9344/16384
mean(sgnprob[1:i - 1]) = 0.1390345713368297
9472/16384
mean(sgnprob[1:i - 1]) = 0.14327948474289937
9600/16384
mean(sgnprob[1:i - 1]) = 0.1486613188873841
9728/16384
mean(sgnprob[1:i - 1]) = 0.13971419759432507
9856/16384
mean(sgnprob[1:i - 1]) = 0.13221714865550482
9984/16384
mean(sgnprob[1:i - 1]) = 0.13653210457778223
10112/16384
mean(sgnprob[1:i - 1]) = 0.1419246365344674
10240/16384
mean(sgnprob[1:i - 1]) = 0.1442523683953511
10368/16384
mean(sgnprob[1:i - 1]) = 0.14864473811131476
10496/16384
mean(sgnprob[1:i - 1]) = 0.14206765126250595
10624/16384
mean(sgnprob[1:i - 1]) = 0.1337663560199567
10752/16384
mean(sgnprob[1:i - 1]) = 0.13868477350944097
10880/16384
mean(sgnprob[1:i - 1]) = 0.13172166559426418
11008/16384
mean(sgnprob[1:i - 1]) = 0.13636776596711184
11136/16384
mean(sgnprob[1:i - 1]) = 0.12869330938482262
11264/16384
mean(sgnprob[1:i - 1]) = 0.1231465861670958
11392/16384
mean(sgnprob[1:i - 1]) = 0.11667105609691862
11520/16384
mean(sgnprob[1:i - 1]) = 0.12058338397430332
11648/16384
mean(sgnprob[1:i - 1]) = 0.12423800120202627
11776/16384
mean(sgnprob[1:i - 1]) = 0.12815286624203823
11904/16384
mean(sgnprob[1:i - 1]) = 0.1336637822397715
12032/16384
mean(sgnprob[1:i - 1]) = 0.13756129997506442
12160/16384
mean(sgnprob[1:i - 1]) = 0.13101406365655072
12288/16384
mean(sgnprob[1:i - 1]) = 0.1332302433466265
12416/16384
mean(sgnprob[1:i - 1]) = 0.13523962948046717
12544/16384
mean(sgnprob[1:i - 1]) = 0.12907597863350076
12672/16384
mean(sgnprob[1:i - 1]) = 0.12445742246073711
12800/16384
mean(sgnprob[1:i - 1]) = 0.12883819048363154
12928/16384
mean(sgnprob[1:i - 1]) = 0.1326680591011062
13056/16384
mean(sgnprob[1:i - 1]) = 0.12539256989659134
13184/16384
mean(sgnprob[1:i - 1]) = 0.12978836380186604
13312/16384
mean(sgnprob[1:i - 1]) = 0.13274735181428893
13440/16384
mean(sgnprob[1:i - 1]) = 0.13594761514993675
13568/16384
mean(sgnprob[1:i - 1]) = 0.13952974128399795
13696/16384
mean(sgnprob[1:i - 1]) = 0.14260679079956187
13824/16384
mean(sgnprob[1:i - 1]) = 0.14635028575562467
13952/16384
mean(sgnprob[1:i - 1]) = 0.14844813991828543
14080/16384
mean(sgnprob[1:i - 1]) = 0.15221251509340153
14208/16384
mean(sgnprob[1:i - 1]) = 0.14577321038924473
14336/16384
mean(sgnprob[1:i - 1]) = 0.1494942448552494
14464/16384
mean(sgnprob[1:i - 1]) = 0.152596280163175
14592/16384
mean(sgnprob[1:i - 1]) = 0.15386196970735386
14720/16384
mean(sgnprob[1:i - 1]) = 0.1564644337251172
14848/16384
mean(sgnprob[1:i - 1]) = 0.15996497608944568
14976/16384
mean(sgnprob[1:i - 1]) = 0.15378964941569281
15104/16384
mean(sgnprob[1:i - 1]) = 0.156458981659273
15232/16384
mean(sgnprob[1:i - 1]) = 0.15908344823058237
15360/16384
mean(sgnprob[1:i - 1]) = 0.1624454717103978
15488/16384
mean(sgnprob[1:i - 1]) = 0.1648479369794021
15616/16384
mean(sgnprob[1:i - 1]) = 0.1664425232148575
15744/16384
mean(sgnprob[1:i - 1]) = 0.16928158546655656
15872/16384
mean(sgnprob[1:i - 1]) = 0.17169680549429778
16000/16384
mean(sgnprob[1:i - 1]) = 0.1735733483342709
16128/16384
mean(sgnprob[1:i - 1]) = 0.17641222794072053
16256/16384
mean(sgnprob[1:i - 1]) = 0.17133189787757613
16384/16384
mean(sgnprob[1:i - 1]) = 0.17316730757492524
738.423418 seconds (167.11 M allocations: 70.745 GiB, 1.38% gc time, 1.22% compilation time)
