## SLURM PROLOG ###############################################################
##    Job ID : 7671161
##  Job Name : sbatch_etgent.sh
##  Nodelist : node1319
##      CPUs : 8
##  Mem/Node : 4096 MB
## Directory : /oscar/home/trazzaz/AFQMC
##   Job Started : Sun Jan 19 04:01:36 AM EST 2025
###############################################################################
seed = 1271
U = 2.0
β = 6.0
Warming up
128/1024
256/1024
384/1024
512/1024
640/1024
768/1024
896/1024
1024/1024
Measuring
128/16384
mean(sgnprob[1:i - 1]) = 0.3228346456692913
256/16384
mean(sgnprob[1:i - 1]) = 0.050980392156862744
384/16384
mean(sgnprob[1:i - 1]) = 0.13315926892950392
512/16384
mean(sgnprob[1:i - 1]) = 0.17416829745596868
640/16384
mean(sgnprob[1:i - 1]) = 0.19874804381846636
768/16384
mean(sgnprob[1:i - 1]) = 0.11864406779661017
896/16384
mean(sgnprob[1:i - 1]) = 0.12849162011173185
1024/16384
mean(sgnprob[1:i - 1]) = 0.08504398826979472
1152/16384
mean(sgnprob[1:i - 1]) = 0.05994787141615986
1280/16384
mean(sgnprob[1:i - 1]) = 0.07427677873338545
1408/16384
mean(sgnprob[1:i - 1]) = 0.08173418621179815
1536/16384
mean(sgnprob[1:i - 1]) = 0.06970684039087947
1664/16384
mean(sgnprob[1:i - 1]) = 0.047504509921828024
1792/16384
mean(sgnprob[1:i - 1]) = 0.05862646566164154
1920/16384
mean(sgnprob[1:i - 1]) = 0.07556018759770713
2048/16384
mean(sgnprob[1:i - 1]) = 0.08549096238397655
2176/16384
mean(sgnprob[1:i - 1]) = 0.06850574712643678
2304/16384
mean(sgnprob[1:i - 1]) = 0.06643508467216674
2432/16384
mean(sgnprob[1:i - 1]) = 0.06458247634718223
2560/16384
mean(sgnprob[1:i - 1]) = 0.07776475185619383
2688/16384
mean(sgnprob[1:i - 1]) = 0.08150353554149609
2816/16384
mean(sgnprob[1:i - 1]) = 0.0586145648312611
2944/16384
mean(sgnprob[1:i - 1]) = 0.06422018348623854
3072/16384
mean(sgnprob[1:i - 1]) = 0.05698469553891241
3200/16384
mean(sgnprob[1:i - 1]) = 0.06408252578930916
3328/16384
mean(sgnprob[1:i - 1]) = 0.056807935076645624
3456/16384
mean(sgnprob[1:i - 1]) = 0.06454413892908828
3584/16384
mean(sgnprob[1:i - 1]) = 0.056098241696902036
3712/16384
mean(sgnprob[1:i - 1]) = 0.04661816222042576
3840/16384
mean(sgnprob[1:i - 1]) = 0.052357384735608234
3968/16384
mean(sgnprob[1:i - 1]) = 0.05772624149231157
4096/16384
mean(sgnprob[1:i - 1]) = 0.06422466422466422
4224/16384
mean(sgnprob[1:i - 1]) = 0.0674875680795643
4352/16384
mean(sgnprob[1:i - 1]) = 0.06871983452079981
4480/16384
mean(sgnprob[1:i - 1]) = 0.05916499218575575
4608/16384
mean(sgnprob[1:i - 1]) = 0.052745821575862814
4736/16384
mean(sgnprob[1:i - 1]) = 0.04329461457233368
4864/16384
mean(sgnprob[1:i - 1]) = 0.047501542257865514
4992/16384
mean(sgnprob[1:i - 1]) = 0.04788619515127229
5120/16384
mean(sgnprob[1:i - 1]) = 0.05294002734909162
5248/16384
mean(sgnprob[1:i - 1]) = 0.0577472841623785
5376/16384
mean(sgnprob[1:i - 1]) = 0.062325581395348835
5504/16384
mean(sgnprob[1:i - 1]) = 0.06996183899691077
5632/16384
mean(sgnprob[1:i - 1]) = 0.06979222163026105
5760/16384
mean(sgnprob[1:i - 1]) = 0.07275568675117208
5888/16384
mean(sgnprob[1:i - 1]) = 0.06641753015118057
6016/16384
mean(sgnprob[1:i - 1]) = 0.0626766417290108
6144/16384
mean(sgnprob[1:i - 1]) = 0.0656031255087091
6272/16384
mean(sgnprob[1:i - 1]) = 0.06936692712486046
6400/16384
mean(sgnprob[1:i - 1]) = 0.07047976246288483
6528/16384
mean(sgnprob[1:i - 1]) = 0.06603339972422247
6656/16384
mean(sgnprob[1:i - 1]) = 0.07017280240420737
6784/16384
mean(sgnprob[1:i - 1]) = 0.06501547987616099
6912/16384
mean(sgnprob[1:i - 1]) = 0.05918101577195775
7040/16384
mean(sgnprob[1:i - 1]) = 0.061798550930529904
7168/16384
mean(sgnprob[1:i - 1]) = 0.059299567461978515
7296/16384
mean(sgnprob[1:i - 1]) = 0.06045236463331049
7424/16384
mean(sgnprob[1:i - 1]) = 0.06021824060352957
7552/16384
mean(sgnprob[1:i - 1]) = 0.06528936564693417
7680/16384
mean(sgnprob[1:i - 1]) = 0.06836827711941659
7808/16384
mean(sgnprob[1:i - 1]) = 0.06366081721531959
7936/16384
mean(sgnprob[1:i - 1]) = 0.057088846880907373
8064/16384
mean(sgnprob[1:i - 1]) = 0.05270990946297904
8192/16384
mean(sgnprob[1:i - 1]) = 0.04724697839091686
8320/16384
mean(sgnprob[1:i - 1]) = 0.04387546580117803
8448/16384
mean(sgnprob[1:i - 1]) = 0.0422635255120161
8576/16384
mean(sgnprob[1:i - 1]) = 0.04443148688046647
8704/16384
mean(sgnprob[1:i - 1]) = 0.04033092037228542
8832/16384
mean(sgnprob[1:i - 1]) = 0.03499037481598913
8960/16384
mean(sgnprob[1:i - 1]) = 0.04007143654425717
9088/16384
mean(sgnprob[1:i - 1]) = 0.042588312974579066
9216/16384
mean(sgnprob[1:i - 1]) = 0.03895822029300054
9344/16384
mean(sgnprob[1:i - 1]) = 0.04099325698383817
9472/16384
mean(sgnprob[1:i - 1]) = 0.0429732868757259
9600/16384
mean(sgnprob[1:i - 1]) = 0.04490051046984061
9728/16384
mean(sgnprob[1:i - 1]) = 0.04759946540557212
9856/16384
mean(sgnprob[1:i - 1]) = 0.04556062912227296
9984/16384
mean(sgnprob[1:i - 1]) = 0.04697986577181208
10112/16384
mean(sgnprob[1:i - 1]) = 0.04737414696864801
10240/16384
mean(sgnprob[1:i - 1]) = 0.04346127551518703
10368/16384
mean(sgnprob[1:i - 1]) = 0.04659014179608373
10496/16384
mean(sgnprob[1:i - 1]) = 0.04926155312053359
10624/16384
mean(sgnprob[1:i - 1]) = 0.046220465028711286
10752/16384
mean(sgnprob[1:i - 1]) = 0.047530462282578366
10880/16384
mean(sgnprob[1:i - 1]) = 0.04458130342862395
11008/16384
mean(sgnprob[1:i - 1]) = 0.04951394567093668
11136/16384
mean(sgnprob[1:i - 1]) = 0.05145936237090256
11264/16384
mean(sgnprob[1:i - 1]) = 0.04803338364556513
11392/16384
mean(sgnprob[1:i - 1]) = 0.04573786322535335
11520/16384
mean(sgnprob[1:i - 1]) = 0.04193072315305148
11648/16384
mean(sgnprob[1:i - 1]) = 0.039752726023868805
11776/16384
mean(sgnprob[1:i - 1]) = 0.036263269639065815
11904/16384
mean(sgnprob[1:i - 1]) = 0.040073930941779384
12032/16384
mean(sgnprob[1:i - 1]) = 0.037486493225833264
12160/16384
mean(sgnprob[1:i - 1]) = 0.0405460975409162
12288/16384
mean(sgnprob[1:i - 1]) = 0.03865874501505656
12416/16384
mean(sgnprob[1:i - 1]) = 0.036810310108739426
12544/16384
mean(sgnprob[1:i - 1]) = 0.03898588854341067
12672/16384
mean(sgnprob[1:i - 1]) = 0.04080183095256886
12800/16384
mean(sgnprob[1:i - 1]) = 0.042425189467927185
12928/16384
mean(sgnprob[1:i - 1]) = 0.04386168484567185
13056/16384
mean(sgnprob[1:i - 1]) = 0.0409804672539257
13184/16384
mean(sgnprob[1:i - 1]) = 0.041947963286050216
13312/16384
mean(sgnprob[1:i - 1]) = 0.04139433551198257
13440/16384
mean(sgnprob[1:i - 1]) = 0.039511868442592454
13568/16384
mean(sgnprob[1:i - 1]) = 0.04120291884720277
13696/16384
mean(sgnprob[1:i - 1]) = 0.03804308141657539
13824/16384
mean(sgnprob[1:i - 1]) = 0.04000578745568979
13952/16384
mean(sgnprob[1:i - 1]) = 0.04264927245358756
14080/16384
mean(sgnprob[1:i - 1]) = 0.04339796860572484
14208/16384
mean(sgnprob[1:i - 1]) = 0.045118603505314284
14336/16384
mean(sgnprob[1:i - 1]) = 0.04346006278339728
14464/16384
mean(sgnprob[1:i - 1]) = 0.04100117541312314
14592/16384
mean(sgnprob[1:i - 1]) = 0.0432458364745391
14720/16384
mean(sgnprob[1:i - 1]) = 0.04422854813506352
14848/16384
mean(sgnprob[1:i - 1]) = 0.04654138883276083
14976/16384
mean(sgnprob[1:i - 1]) = 0.04293823038397329
15104/16384
mean(sgnprob[1:i - 1]) = 0.04429583526451698
15232/16384
mean(sgnprob[1:i - 1]) = 0.04510537719125468
15360/16384
mean(sgnprob[1:i - 1]) = 0.04694316036200274
15488/16384
mean(sgnprob[1:i - 1]) = 0.048750564989991606
15616/16384
mean(sgnprob[1:i - 1]) = 0.05091258405379443
15744/16384
mean(sgnprob[1:i - 1]) = 0.04808486311376485
15872/16384
mean(sgnprob[1:i - 1]) = 0.04454665742549304
16000/16384
mean(sgnprob[1:i - 1]) = 0.04531533220826302
16128/16384
mean(sgnprob[1:i - 1]) = 0.042971414398214176
16256/16384
mean(sgnprob[1:i - 1]) = 0.04410950476776376
16384/16384
mean(sgnprob[1:i - 1]) = 0.04657266678874443
794.079228 seconds (167.10 M allocations: 70.745 GiB, 1.71% gc time, 1.27% compilation time)
