## SLURM PROLOG ###############################################################
##    Job ID : 6710753
##  Job Name : etgent_LA8_seed1242
##  Nodelist : node1756
##      CPUs : 8
##  Mem/Node : 2048 MB
## Directory : /oscar/home/trazzaz/AFQMC
##   Job Started : Sun Nov 24 09:14:12 PM EST 2024
###############################################################################
seed = 1242
U = 2.0
λₖ = 0.0
Warming up
128/512
256/512
384/512
512/512
Measuring
128/1024
256/1024
384/1024
512/1024
640/1024
768/1024
896/1024
1024/1024
597.785014 seconds (89.16 M allocations: 47.812 GiB, 1.30% gc time, 1.56% compilation time)
λₖ = 0.2
Warming up
128/512
256/512
384/512
512/512
Measuring
128/1024
256/1024
384/1024
512/1024
640/1024
768/1024
896/1024
1024/1024
589.785898 seconds (85.43 M allocations: 47.648 GiB, 1.21% gc time, 0.01% compilation time)
λₖ = 0.4
Warming up
128/512
256/512
384/512
512/512
Measuring
128/1024
256/1024
384/1024
512/1024
640/1024
768/1024
896/1024
1024/1024
588.667692 seconds (85.43 M allocations: 47.648 GiB, 1.09% gc time)
λₖ = 0.6
Warming up
128/512
256/512
384/512
512/512
Measuring
128/1024
256/1024
384/1024
512/1024
640/1024
768/1024
896/1024
1024/1024
591.251004 seconds (85.43 M allocations: 47.648 GiB, 0.99% gc time)
λₖ = 0.8
Warming up
128/512
256/512
384/512
512/512
Measuring
128/1024
256/1024
384/1024
512/1024
640/1024
768/1024
896/1024
1024/1024
587.484984 seconds (85.43 M allocations: 47.648 GiB, 0.92% gc time)
