## SLURM PROLOG ###############################################################
##    Job ID : 8833869
##  Job Name : sbatch_etgent.sh
##  Nodelist : node1734
##      CPUs : 8
##  Mem/Node : 4096 MB
## Directory : /oscar/home/trazzaz/AFQMC
##   Job Started : Fri Feb 28 12:34:49 AM EST 2025
###############################################################################
seed = 1423
U = 2.0
β = 6.0
Warming up
128/1024
256/1024
384/1024
512/1024
640/1024
768/1024
896/1024
1024/1024
Measuring
128/16384
mean(sgnprob[1:i - 1]) = 0.3858267716535433
256/16384
mean(sgnprob[1:i - 1]) = 0.2627450980392157
384/16384
mean(sgnprob[1:i - 1]) = 0.2584856396866841
512/16384
mean(sgnprob[1:i - 1]) = 0.27984344422700586
640/16384
mean(sgnprob[1:i - 1]) = 0.2644757433489828
768/16384
mean(sgnprob[1:i - 1]) = 0.1577574967405476
896/16384
mean(sgnprob[1:i - 1]) = 0.1553072625698324
1024/16384
mean(sgnprob[1:i - 1]) = 0.18866080156402737
1152/16384
mean(sgnprob[1:i - 1]) = 0.13987836663770634
1280/16384
mean(sgnprob[1:i - 1]) = 0.14464425332290853
1408/16384
mean(sgnprob[1:i - 1]) = 0.14001421464108033
1536/16384
mean(sgnprob[1:i - 1]) = 0.10749185667752444
1664/16384
mean(sgnprob[1:i - 1]) = 0.08238123872519543
1792/16384
mean(sgnprob[1:i - 1]) = 0.10664433277498604
1920/16384
mean(sgnprob[1:i - 1]) = 0.12141740489838458
2048/16384
mean(sgnprob[1:i - 1]) = 0.08842208109428432
2176/16384
mean(sgnprob[1:i - 1]) = 0.09793103448275862
2304/16384
mean(sgnprob[1:i - 1]) = 0.07685627442466349
2432/16384
mean(sgnprob[1:i - 1]) = 0.07692307692307693
2560/16384
mean(sgnprob[1:i - 1]) = 0.09026963657678781
2688/16384
mean(sgnprob[1:i - 1]) = 0.07927056196501675
2816/16384
mean(sgnprob[1:i - 1]) = 0.0891651865008881
2944/16384
mean(sgnprob[1:i - 1]) = 0.09751953788651037
3072/16384
mean(sgnprob[1:i - 1]) = 0.10713122761315533
3200/16384
mean(sgnprob[1:i - 1]) = 0.11784932791497343
3328/16384
mean(sgnprob[1:i - 1]) = 0.10129245566576495
3456/16384
mean(sgnprob[1:i - 1]) = 0.10911722141823445
3584/16384
mean(sgnprob[1:i - 1]) = 0.10689366452693273
3712/16384
mean(sgnprob[1:i - 1]) = 0.11075181891673404
3840/16384
mean(sgnprob[1:i - 1]) = 0.11435269601458713
3968/16384
mean(sgnprob[1:i - 1]) = 0.12528358961431812
4096/16384
mean(sgnprob[1:i - 1]) = 0.11355311355311355
4224/16384
mean(sgnprob[1:i - 1]) = 0.10395453469097798
4352/16384
mean(sgnprob[1:i - 1]) = 0.09032406343369341
4480/16384
mean(sgnprob[1:i - 1]) = 0.09131502567537397
4608/16384
mean(sgnprob[1:i - 1]) = 0.09572389841545474
4736/16384
mean(sgnprob[1:i - 1]) = 0.10200633579725449
4864/16384
mean(sgnprob[1:i - 1]) = 0.09520871889779971
4992/16384
mean(sgnprob[1:i - 1]) = 0.09837707874173512
5120/16384
mean(sgnprob[1:i - 1]) = 0.08693104121898808
5248/16384
mean(sgnprob[1:i - 1]) = 0.08328568705927196
5376/16384
mean(sgnprob[1:i - 1]) = 0.08874418604651163
5504/16384
mean(sgnprob[1:i - 1]) = 0.0805015446120298
5632/16384
mean(sgnprob[1:i - 1]) = 0.08648552654945836
5760/16384
mean(sgnprob[1:i - 1]) = 0.09185622503906929
5888/16384
mean(sgnprob[1:i - 1]) = 0.093935790725327
6016/16384
mean(sgnprob[1:i - 1]) = 0.08761429758935993
6144/16384
mean(sgnprob[1:i - 1]) = 0.08904444082695752
6272/16384
mean(sgnprob[1:i - 1]) = 0.09137298676447138
6400/16384
mean(sgnprob[1:i - 1]) = 0.09579621815908736
6528/16384
mean(sgnprob[1:i - 1]) = 0.09790102650528573
6656/16384
mean(sgnprob[1:i - 1]) = 0.09782118707738542
6784/16384
mean(sgnprob[1:i - 1]) = 0.09892378003833112
6912/16384
mean(sgnprob[1:i - 1]) = 0.10056431775430473
7040/16384
mean(sgnprob[1:i - 1]) = 0.09589430316806365
7168/16384
mean(sgnprob[1:i - 1]) = 0.09864657457792661
7296/16384
mean(sgnprob[1:i - 1]) = 0.10185058259081563
7424/16384
mean(sgnprob[1:i - 1]) = 0.09632224168126094
7552/16384
mean(sgnprob[1:i - 1]) = 0.09071646139584161
7680/16384
mean(sgnprob[1:i - 1]) = 0.08529756478708166
7808/16384
mean(sgnprob[1:i - 1]) = 0.08927885231202767
7936/16384
mean(sgnprob[1:i - 1]) = 0.09136735979836169
8064/16384
mean(sgnprob[1:i - 1]) = 0.08594815825375171
8192/16384
mean(sgnprob[1:i - 1]) = 0.0802099865706263
8320/16384
mean(sgnprob[1:i - 1]) = 0.07512922226229114
8448/16384
mean(sgnprob[1:i - 1]) = 0.07635847046288623
8576/16384
mean(sgnprob[1:i - 1]) = 0.08058309037900875
8704/16384
mean(sgnprob[1:i - 1]) = 0.07365276341491439
8832/16384
mean(sgnprob[1:i - 1]) = 0.07643528479220926
8960/16384
mean(sgnprob[1:i - 1]) = 0.0789150574840942
9088/16384
mean(sgnprob[1:i - 1]) = 0.08110487509629141
9216/16384
mean(sgnprob[1:i - 1]) = 0.0823657080846446
9344/16384
mean(sgnprob[1:i - 1]) = 0.08530450604730815
9472/16384
mean(sgnprob[1:i - 1]) = 0.08795269770879527
9600/16384
mean(sgnprob[1:i - 1]) = 0.08115428690488592
9728/16384
mean(sgnprob[1:i - 1]) = 0.08296494294232548
9856/16384
mean(sgnprob[1:i - 1]) = 0.08574327752409944
9984/16384
mean(sgnprob[1:i - 1]) = 0.0880496844635881
10112/16384
mean(sgnprob[1:i - 1]) = 0.08495697754920384
10240/16384
mean(sgnprob[1:i - 1]) = 0.08057427483152652
10368/16384
mean(sgnprob[1:i - 1]) = 0.08305199189736664
10496/16384
mean(sgnprob[1:i - 1]) = 0.08489757027155788
10624/16384
mean(sgnprob[1:i - 1]) = 0.08632213122470112
10752/16384
mean(sgnprob[1:i - 1]) = 0.08882894614454469
10880/16384
mean(sgnprob[1:i - 1]) = 0.08502619726077765
11008/16384
mean(sgnprob[1:i - 1]) = 0.08821658944308168
11136/16384
mean(sgnprob[1:i - 1]) = 0.09115401885945218
11264/16384
mean(sgnprob[1:i - 1]) = 0.08709935186007281
11392/16384
mean(sgnprob[1:i - 1]) = 0.08190676850144851
11520/16384
mean(sgnprob[1:i - 1]) = 0.08585814740862922
11648/16384
mean(sgnprob[1:i - 1]) = 0.08800549497724736
11776/16384
mean(sgnprob[1:i - 1]) = 0.08569002123142251
11904/16384
mean(sgnprob[1:i - 1]) = 0.08779299336301773
12032/16384
mean(sgnprob[1:i - 1]) = 0.09034992934918128
12160/16384
mean(sgnprob[1:i - 1]) = 0.09285303067686487
12288/16384
mean(sgnprob[1:i - 1]) = 0.09611784813217221
12416/16384
mean(sgnprob[1:i - 1]) = 0.09335481272654048
12544/16384
mean(sgnprob[1:i - 1]) = 0.09495336044008611
12672/16384
mean(sgnprob[1:i - 1]) = 0.09588824875700418
12800/16384
mean(sgnprob[1:i - 1]) = 0.09758574888663177
12928/16384
mean(sgnprob[1:i - 1]) = 0.09538175910884196
13056/16384
mean(sgnprob[1:i - 1]) = 0.09628494829567216
13184/16384
mean(sgnprob[1:i - 1]) = 0.09838428278843965
13312/16384
mean(sgnprob[1:i - 1]) = 0.0986402223724739
13440/16384
mean(sgnprob[1:i - 1]) = 0.09948656894114145
13568/16384
mean(sgnprob[1:i - 1]) = 0.09722119849635144
13696/16384
mean(sgnprob[1:i - 1]) = 0.09981745162468054
13824/16384
mean(sgnprob[1:i - 1]) = 0.10135281776748897
13952/16384
mean(sgnprob[1:i - 1]) = 0.10300336893412658
14080/16384
mean(sgnprob[1:i - 1]) = 0.10561829675403082
14208/16384
mean(sgnprob[1:i - 1]) = 0.10508904061378194
14336/16384
mean(sgnprob[1:i - 1]) = 0.10749912800837112
14464/16384
mean(sgnprob[1:i - 1]) = 0.10862200096798728
14592/16384
mean(sgnprob[1:i - 1]) = 0.10903981906654787
14720/16384
mean(sgnprob[1:i - 1]) = 0.11094503702697193
14848/16384
mean(sgnprob[1:i - 1]) = 0.1113356233582542
14976/16384
mean(sgnprob[1:i - 1]) = 0.11145242070116862
15104/16384
mean(sgnprob[1:i - 1]) = 0.11156723829702708
15232/16384
mean(sgnprob[1:i - 1]) = 0.11233668176744797
15360/16384
mean(sgnprob[1:i - 1]) = 0.10983788007031708
15488/16384
mean(sgnprob[1:i - 1]) = 0.10996319493768968
15616/16384
mean(sgnprob[1:i - 1]) = 0.11085494716618637
15744/16384
mean(sgnprob[1:i - 1]) = 0.11198627961633742
15872/16384
mean(sgnprob[1:i - 1]) = 0.11032701153046437
16000/16384
mean(sgnprob[1:i - 1]) = 0.11231951996999813
16128/16384
mean(sgnprob[1:i - 1]) = 0.11242016494078254
16256/16384
mean(sgnprob[1:i - 1]) = 0.11005844355582897
16384/16384
mean(sgnprob[1:i - 1]) = 0.11151803698956235
733.693126 seconds (167.11 M allocations: 70.745 GiB, 1.34% gc time, 1.24% compilation time)
