## SLURM PROLOG ###############################################################
##    Job ID : 8834017
##  Job Name : sbatch_etgent.sh
##  Nodelist : node1735
##      CPUs : 8
##  Mem/Node : 4096 MB
## Directory : /oscar/home/trazzaz/AFQMC
##   Job Started : Fri Feb 28 04:35:18 AM EST 2025
###############################################################################
seed = 1571
U = 2.0
β = 6.0
Warming up
128/1024
256/1024
384/1024
512/1024
640/1024
768/1024
896/1024
1024/1024
Measuring
128/16384
mean(sgnprob[1:i - 1]) = -0.5590551181102362
256/16384
mean(sgnprob[1:i - 1]) = -0.5529411764705883
384/16384
mean(sgnprob[1:i - 1]) = -0.17493472584856398
512/16384
mean(sgnprob[1:i - 1]) = 0.005870841487279843
640/16384
mean(sgnprob[1:i - 1]) = -0.09233176838810642
768/16384
mean(sgnprob[1:i - 1]) = 0.00651890482398957
896/16384
mean(sgnprob[1:i - 1]) = 0.07486033519553073
1024/16384
mean(sgnprob[1:i - 1]) = 0.13391984359726294
1152/16384
mean(sgnprob[1:i - 1]) = 0.1746307558644657
1280/16384
mean(sgnprob[1:i - 1]) = 0.21032056293979673
1408/16384
mean(sgnprob[1:i - 1]) = 0.2267235252309879
1536/16384
mean(sgnprob[1:i - 1]) = 0.17654723127035832
1664/16384
mean(sgnprob[1:i - 1]) = 0.20024052916416116
1792/16384
mean(sgnprob[1:i - 1]) = 0.2216638749302066
1920/16384
mean(sgnprob[1:i - 1]) = 0.23710265763418448
2048/16384
mean(sgnprob[1:i - 1]) = 0.19394235466536394
2176/16384
mean(sgnprob[1:i - 1]) = 0.20551724137931035
2304/16384
mean(sgnprob[1:i - 1]) = 0.23143725575336518
2432/16384
mean(sgnprob[1:i - 1]) = 0.2455779514603044
2560/16384
mean(sgnprob[1:i - 1]) = 0.2512700273544353
2688/16384
mean(sgnprob[1:i - 1]) = 0.25790844808336433
2816/16384
mean(sgnprob[1:i - 1]) = 0.2689165186500888
2944/16384
mean(sgnprob[1:i - 1]) = 0.27556914712878017
3072/16384
mean(sgnprob[1:i - 1]) = 0.2901335070009769
3200/16384
mean(sgnprob[1:i - 1]) = 0.2972804001250391
3328/16384
mean(sgnprob[1:i - 1]) = 0.30507965133754134
3456/16384
mean(sgnprob[1:i - 1]) = 0.31287988422575974
3584/16384
mean(sgnprob[1:i - 1]) = 0.32012280212112754
3712/16384
mean(sgnprob[1:i - 1]) = 0.33009970358393964
3840/16384
mean(sgnprob[1:i - 1]) = 0.33263870799687417
3968/16384
mean(sgnprob[1:i - 1]) = 0.3375346609528611
4096/16384
mean(sgnprob[1:i - 1]) = 0.34554334554334554
4224/16384
mean(sgnprob[1:i - 1]) = 0.3222827373904807
4352/16384
mean(sgnprob[1:i - 1]) = 0.32337393702597106
4480/16384
mean(sgnprob[1:i - 1]) = 0.3284215226613083
4608/16384
mean(sgnprob[1:i - 1]) = 0.3366616019101367
4736/16384
mean(sgnprob[1:i - 1]) = 0.31319957761351636
4864/16384
mean(sgnprob[1:i - 1]) = 0.31852765782438824
4992/16384
mean(sgnprob[1:i - 1]) = 0.29352835103185737
5120/16384
mean(sgnprob[1:i - 1]) = 0.2721234616135964
5248/16384
mean(sgnprob[1:i - 1]) = 0.2532875929102344
5376/16384
mean(sgnprob[1:i - 1]) = 0.2573023255813954
5504/16384
mean(sgnprob[1:i - 1]) = 0.2618571688170089
5632/16384
mean(sgnprob[1:i - 1]) = 0.2676256437577695
5760/16384
mean(sgnprob[1:i - 1]) = 0.2741795450599062
5888/16384
mean(sgnprob[1:i - 1]) = 0.28078817733990147
6016/16384
mean(sgnprob[1:i - 1]) = 0.286783042394015
6144/16384
mean(sgnprob[1:i - 1]) = 0.29057463779912096
6272/16384
mean(sgnprob[1:i - 1]) = 0.27635145909743264
6400/16384
mean(sgnprob[1:i - 1]) = 0.2608220034380372
6528/16384
mean(sgnprob[1:i - 1]) = 0.26428680864102955
6656/16384
mean(sgnprob[1:i - 1]) = 0.2679188580015026
6784/16384
mean(sgnprob[1:i - 1]) = 0.27200353825740825
6912/16384
mean(sgnprob[1:i - 1]) = 0.2762263058891622
7040/16384
mean(sgnprob[1:i - 1]) = 0.27859070890751525
7168/16384
mean(sgnprob[1:i - 1]) = 0.26552253383563557
7296/16384
mean(sgnprob[1:i - 1]) = 0.2512679917751885
7424/16384
mean(sgnprob[1:i - 1]) = 0.25609591809241544
7552/16384
mean(sgnprob[1:i - 1]) = 0.26234935770096673
7680/16384
mean(sgnprob[1:i - 1]) = 0.26839432217736686
7808/16384
mean(sgnprob[1:i - 1]) = 0.25528371973869607
7936/16384
mean(sgnprob[1:i - 1]) = 0.25822306238185255
8064/16384
mean(sgnprob[1:i - 1]) = 0.26082103435445864
8192/16384
mean(sgnprob[1:i - 1]) = 0.26504700280795995
8320/16384
mean(sgnprob[1:i - 1]) = 0.26794085827623515
8448/16384
mean(sgnprob[1:i - 1]) = 0.27216763347934175
8576/16384
mean(sgnprob[1:i - 1]) = 0.27510204081632655
8704/16384
mean(sgnprob[1:i - 1]) = 0.2784097437665173
8832/16384
mean(sgnprob[1:i - 1]) = 0.28003623598686445
8960/16384
mean(sgnprob[1:i - 1]) = 0.2831789262194441
9088/16384
mean(sgnprob[1:i - 1]) = 0.28601298558380106
9216/16384
mean(sgnprob[1:i - 1]) = 0.28941942485078676
9344/16384
mean(sgnprob[1:i - 1]) = 0.29337471904099327
9472/16384
mean(sgnprob[1:i - 1]) = 0.2972231021011509
9600/16384
mean(sgnprob[1:i - 1]) = 0.2995103656630899
9728/16384
mean(sgnprob[1:i - 1]) = 0.2996812994756862
9856/16384
mean(sgnprob[1:i - 1]) = 0.2909183155758498
9984/16384
mean(sgnprob[1:i - 1]) = 0.28197936492036463
10112/16384
mean(sgnprob[1:i - 1]) = 0.284541588369103
10240/16384
mean(sgnprob[1:i - 1]) = 0.28703974997558357
10368/16384
mean(sgnprob[1:i - 1]) = 0.29024790199672035
10496/16384
mean(sgnprob[1:i - 1]) = 0.2922343973320629
10624/16384
mean(sgnprob[1:i - 1]) = 0.29379647933728703
10752/16384
mean(sgnprob[1:i - 1]) = 0.2949493070412055
10880/16384
mean(sgnprob[1:i - 1]) = 0.29901645371817265
11008/16384
mean(sgnprob[1:i - 1]) = 0.289543018079404
11136/16384
mean(sgnprob[1:i - 1]) = 0.29142343960484957
11264/16384
mean(sgnprob[1:i - 1]) = 0.2930835479002042
11392/16384
mean(sgnprob[1:i - 1]) = 0.29400403827583177
11520/16384
mean(sgnprob[1:i - 1]) = 0.2837919958329716
11648/16384
mean(sgnprob[1:i - 1]) = 0.28548123980424145
11776/16384
mean(sgnprob[1:i - 1]) = 0.28849256900212317
11904/16384
mean(sgnprob[1:i - 1]) = 0.28152566579853816
12032/16384
mean(sgnprob[1:i - 1]) = 0.2742082952373036
12160/16384
mean(sgnprob[1:i - 1]) = 0.27724319434163996
12288/16384
mean(sgnprob[1:i - 1]) = 0.2798893139090095
12416/16384
mean(sgnprob[1:i - 1]) = 0.2819975835682642
12544/16384
mean(sgnprob[1:i - 1]) = 0.28310611496452204
12672/16384
mean(sgnprob[1:i - 1]) = 0.28403440928103546
12800/16384
mean(sgnprob[1:i - 1]) = 0.28588170950855535
12928/16384
mean(sgnprob[1:i - 1]) = 0.2873829968283438
13056/16384
mean(sgnprob[1:i - 1]) = 0.2897740329375718
13184/16384
mean(sgnprob[1:i - 1]) = 0.29075324281271336
13312/16384
mean(sgnprob[1:i - 1]) = 0.283900533393434
13440/16384
mean(sgnprob[1:i - 1]) = 0.276285437904606
13568/16384
mean(sgnprob[1:i - 1]) = 0.27810127515294464
13696/16384
mean(sgnprob[1:i - 1]) = 0.27973713033953995
13824/16384
mean(sgnprob[1:i - 1]) = 0.2819214352890111
13952/16384
mean(sgnprob[1:i - 1]) = 0.28392229947674
14080/16384
mean(sgnprob[1:i - 1]) = 0.2856026706442219
14208/16384
mean(sgnprob[1:i - 1]) = 0.28739353839656506
14336/16384
mean(sgnprob[1:i - 1]) = 0.2803627485176142
14464/16384
mean(sgnprob[1:i - 1]) = 0.2827214270898154
14592/16384
mean(sgnprob[1:i - 1]) = 0.2754437667055034
14720/16384
mean(sgnprob[1:i - 1]) = 0.27726068347034444
14848/16384
mean(sgnprob[1:i - 1]) = 0.2697514649424126
14976/16384
mean(sgnprob[1:i - 1]) = 0.27091819699499164
15104/16384
mean(sgnprob[1:i - 1]) = 0.27312454479242537
15232/16384
mean(sgnprob[1:i - 1]) = 0.2751624975379161
15360/16384
mean(sgnprob[1:i - 1]) = 0.2677908718015496
15488/16384
mean(sgnprob[1:i - 1]) = 0.2702266416994899
15616/16384
mean(sgnprob[1:i - 1]) = 0.27198206852385526
15744/16384
mean(sgnprob[1:i - 1]) = 0.2728196658832497
15872/16384
mean(sgnprob[1:i - 1]) = 0.27389578476466514
16000/16384
mean(sgnprob[1:i - 1]) = 0.2755797237327333
16128/16384
mean(sgnprob[1:i - 1]) = 0.2773609474793824
16256/16384
mean(sgnprob[1:i - 1]) = 0.2789910796677945
16384/16384
mean(sgnprob[1:i - 1]) = 0.28047366172251725
735.345425 seconds (167.11 M allocations: 70.745 GiB, 1.42% gc time, 1.22% compilation time)
