## SLURM PROLOG ###############################################################
##    Job ID : 8833939
##  Job Name : sbatch_etgent.sh
##  Nodelist : node1328
##      CPUs : 8
##  Mem/Node : 4096 MB
## Directory : /oscar/home/trazzaz/AFQMC
##   Job Started : Fri Feb 28 02:28:34 AM EST 2025
###############################################################################
seed = 1493
U = 2.0
β = 6.0
Warming up
128/1024
256/1024
384/1024
512/1024
640/1024
768/1024
896/1024
1024/1024
Measuring
128/16384
mean(sgnprob[1:i - 1]) = 0.3543307086614173
256/16384
mean(sgnprob[1:i - 1]) = 0.403921568627451
384/16384
mean(sgnprob[1:i - 1]) = 0.4308093994778068
512/16384
mean(sgnprob[1:i - 1]) = 0.4598825831702544
640/16384
mean(sgnprob[1:i - 1]) = 0.4616588419405321
768/16384
mean(sgnprob[1:i - 1]) = 0.4680573663624511
896/16384
mean(sgnprob[1:i - 1]) = 0.47039106145251397
1024/16384
mean(sgnprob[1:i - 1]) = 0.4662756598240469
1152/16384
mean(sgnprob[1:i - 1]) = 0.365768896611642
1280/16384
mean(sgnprob[1:i - 1]) = 0.36512900703674744
1408/16384
mean(sgnprob[1:i - 1]) = 0.3717128642501777
1536/16384
mean(sgnprob[1:i - 1]) = 0.38371335504885995
1664/16384
mean(sgnprob[1:i - 1]) = 0.38184004810583283
1792/16384
mean(sgnprob[1:i - 1]) = 0.3858179787828029
1920/16384
mean(sgnprob[1:i - 1]) = 0.3381969775924961
2048/16384
mean(sgnprob[1:i - 1]) = 0.3453834880312653
2176/16384
mean(sgnprob[1:i - 1]) = 0.3471264367816092
2304/16384
mean(sgnprob[1:i - 1]) = 0.35475466782457665
2432/16384
mean(sgnprob[1:i - 1]) = 0.3171534348004936
2560/16384
mean(sgnprob[1:i - 1]) = 0.32004689331770225
2688/16384
mean(sgnprob[1:i - 1]) = 0.28470413100111647
2816/16384
mean(sgnprob[1:i - 1]) = 0.291651865008881
2944/16384
mean(sgnprob[1:i - 1]) = 0.2939177709819912
3072/16384
mean(sgnprob[1:i - 1]) = 0.29469228264408986
3200/16384
mean(sgnprob[1:i - 1]) = 0.2660206314473273
3328/16384
mean(sgnprob[1:i - 1]) = 0.24075743913435527
3456/16384
mean(sgnprob[1:i - 1]) = 0.21794500723589003
3584/16384
mean(sgnprob[1:i - 1]) = 0.19452972369522747
3712/16384
mean(sgnprob[1:i - 1]) = 0.206143896523848
3840/16384
mean(sgnprob[1:i - 1]) = 0.2122948684553269
3968/16384
mean(sgnprob[1:i - 1]) = 0.21603226619611798
4096/16384
mean(sgnprob[1:i - 1]) = 0.22442002442002443
4224/16384
mean(sgnprob[1:i - 1]) = 0.23372010419133318
4352/16384
mean(sgnprob[1:i - 1]) = 0.21213514134681682
4480/16384
mean(sgnprob[1:i - 1]) = 0.21768251841929
4608/16384
mean(sgnprob[1:i - 1]) = 0.22552637291078792
4736/16384
mean(sgnprob[1:i - 1]) = 0.22956705385427667
4864/16384
mean(sgnprob[1:i - 1]) = 0.2350400987045034
4992/16384
mean(sgnprob[1:i - 1]) = 0.22019635343618513
5120/16384
mean(sgnprob[1:i - 1]) = 0.2240672006251221
5248/16384
mean(sgnprob[1:i - 1]) = 0.2296550409757957
5376/16384
mean(sgnprob[1:i - 1]) = 0.22865116279069767
5504/16384
mean(sgnprob[1:i - 1]) = 0.23278211884426675
5632/16384
mean(sgnprob[1:i - 1]) = 0.24063221452672703
5760/16384
mean(sgnprob[1:i - 1]) = 0.2245181455113735
5888/16384
mean(sgnprob[1:i - 1]) = 0.21352131815865466
6016/16384
mean(sgnprob[1:i - 1]) = 0.2146300914380715
6144/16384
mean(sgnprob[1:i - 1]) = 0.2169949536057301
6272/16384
mean(sgnprob[1:i - 1]) = 0.22213363099984054
6400/16384
mean(sgnprob[1:i - 1]) = 0.2273792780121894
6528/16384
mean(sgnprob[1:i - 1]) = 0.21342117358664012
6656/16384
mean(sgnprob[1:i - 1]) = 0.21682945154019534
6784/16384
mean(sgnprob[1:i - 1]) = 0.22276278932625682
6912/16384
mean(sgnprob[1:i - 1]) = 0.22876573578353349
7040/16384
mean(sgnprob[1:i - 1]) = 0.23170904958090638
7168/16384
mean(sgnprob[1:i - 1]) = 0.2376168550299986
7296/16384
mean(sgnprob[1:i - 1]) = 0.2411240575736806
7424/16384
mean(sgnprob[1:i - 1]) = 0.24504917149400512
7552/16384
mean(sgnprob[1:i - 1]) = 0.25096013773010195
7680/16384
mean(sgnprob[1:i - 1]) = 0.23792160437556972
7808/16384
mean(sgnprob[1:i - 1]) = 0.24324324324324326
7936/16384
mean(sgnprob[1:i - 1]) = 0.23251417769376181
8064/16384
mean(sgnprob[1:i - 1]) = 0.2367605109760635
8192/16384
mean(sgnprob[1:i - 1]) = 0.22622390428519107
8320/16384
mean(sgnprob[1:i - 1]) = 0.22851304243298473
8448/16384
mean(sgnprob[1:i - 1]) = 0.228838640937611
8576/16384
mean(sgnprob[1:i - 1]) = 0.2298542274052478
8704/16384
mean(sgnprob[1:i - 1]) = 0.21843042628978512
8832/16384
mean(sgnprob[1:i - 1]) = 0.22251160683954252
8960/16384
mean(sgnprob[1:i - 1]) = 0.22625293001451055
9088/16384
mean(sgnprob[1:i - 1]) = 0.21712336304610982
9216/16384
mean(sgnprob[1:i - 1]) = 0.22192078133478024
9344/16384
mean(sgnprob[1:i - 1]) = 0.22401798137643156
9472/16384
mean(sgnprob[1:i - 1]) = 0.22605849435117728
9600/16384
mean(sgnprob[1:i - 1]) = 0.21575164079591624
9728/16384
mean(sgnprob[1:i - 1]) = 0.2178472293615709
9856/16384
mean(sgnprob[1:i - 1]) = 0.21014713343480468
9984/16384
mean(sgnprob[1:i - 1]) = 0.2130622057497746
10112/16384
mean(sgnprob[1:i - 1]) = 0.20383740480664622
10240/16384
mean(sgnprob[1:i - 1]) = 0.20675847250708076
10368/16384
mean(sgnprob[1:i - 1]) = 0.1997684961898331
10496/16384
mean(sgnprob[1:i - 1]) = 0.19180562172463078
10624/16384
mean(sgnprob[1:i - 1]) = 0.1844111832815589
10752/16384
mean(sgnprob[1:i - 1]) = 0.1859361919821412
10880/16384
mean(sgnprob[1:i - 1]) = 0.1787848147807703
11008/16384
mean(sgnprob[1:i - 1]) = 0.17107295357499772
11136/16384
mean(sgnprob[1:i - 1]) = 0.1734171531207903
11264/16384
mean(sgnprob[1:i - 1]) = 0.17677350617064724
11392/16384
mean(sgnprob[1:i - 1]) = 0.17864981125449916
11520/16384
mean(sgnprob[1:i - 1]) = 0.18083166941574788
11648/16384
mean(sgnprob[1:i - 1]) = 0.18416759680604447
11776/16384
mean(sgnprob[1:i - 1]) = 0.1876008492569002
11904/16384
mean(sgnprob[1:i - 1]) = 0.18961606317735025
12032/16384
mean(sgnprob[1:i - 1]) = 0.19341700606765855
12160/16384
mean(sgnprob[1:i - 1]) = 0.1958220248375689
12288/16384
mean(sgnprob[1:i - 1]) = 0.19947912427769188
12416/16384
mean(sgnprob[1:i - 1]) = 0.19242851389448248
12544/16384
mean(sgnprob[1:i - 1]) = 0.19588615163836404
12672/16384
mean(sgnprob[1:i - 1]) = 0.1973798437376687
12800/16384
mean(sgnprob[1:i - 1]) = 0.198062348620986
12928/16384
mean(sgnprob[1:i - 1]) = 0.19176916531291097
13056/16384
mean(sgnprob[1:i - 1]) = 0.19433167368824206
13184/16384
mean(sgnprob[1:i - 1]) = 0.19866494728058864
13312/16384
mean(sgnprob[1:i - 1]) = 0.20141236571256854
13440/16384
mean(sgnprob[1:i - 1]) = 0.20440508966440957
13568/16384
mean(sgnprob[1:i - 1]) = 0.20616201076140636
13696/16384
mean(sgnprob[1:i - 1]) = 0.20803212851405622
13824/16384
mean(sgnprob[1:i - 1]) = 0.21030167112783044
13952/16384
mean(sgnprob[1:i - 1]) = 0.21238620887391585
14080/16384
mean(sgnprob[1:i - 1]) = 0.2145748987854251
14208/16384
mean(sgnprob[1:i - 1]) = 0.21869500950235798
14336/16384
mean(sgnprob[1:i - 1]) = 0.22009068712940355
14464/16384
mean(sgnprob[1:i - 1]) = 0.21357947866970892
14592/16384
mean(sgnprob[1:i - 1]) = 0.2143101912137619
14720/16384
mean(sgnprob[1:i - 1]) = 0.2155717100346491
14848/16384
mean(sgnprob[1:i - 1]) = 0.2174850138075032
14976/16384
mean(sgnprob[1:i - 1]) = 0.21843071786310517
15104/16384
mean(sgnprob[1:i - 1]) = 0.22028736012712707
15232/16384
mean(sgnprob[1:i - 1]) = 0.21397150548224017
15360/16384
mean(sgnprob[1:i - 1]) = 0.2080213555570024
15488/16384
mean(sgnprob[1:i - 1]) = 0.2109511202944405
15616/16384
mean(sgnprob[1:i - 1]) = 0.21293627921869998
15744/16384
mean(sgnprob[1:i - 1]) = 0.21539731944356222
15872/16384
mean(sgnprob[1:i - 1]) = 0.21807069497826223
16000/16384
mean(sgnprob[1:i - 1]) = 0.21995124695293455
16128/16384
mean(sgnprob[1:i - 1]) = 0.22155391579338996
16256/16384
mean(sgnprob[1:i - 1]) = 0.22325438326668717
16384/16384
mean(sgnprob[1:i - 1]) = 0.22505035707745835
802.897466 seconds (167.11 M allocations: 70.745 GiB, 1.55% gc time, 1.20% compilation time)
