## SLURM PROLOG ###############################################################
##    Job ID : 7671106
##  Job Name : sbatch_etgent.sh
##  Nodelist : node1745
##      CPUs : 8
##  Mem/Node : 4096 MB
## Directory : /oscar/home/trazzaz/AFQMC
##   Job Started : Sun Jan 19 02:41:35 AM EST 2025
###############################################################################
seed = 1273
U = 2.0
β = 6.0
Warming up
128/1024
256/1024
384/1024
512/1024
640/1024
768/1024
896/1024
1024/1024
Measuring
128/16384
mean(sgnprob[1:i - 1]) = -0.2440944881889764
256/16384
mean(sgnprob[1:i - 1]) = -0.23921568627450981
384/16384
mean(sgnprob[1:i - 1]) = -0.17493472584856398
512/16384
mean(sgnprob[1:i - 1]) = -0.09197651663405088
640/16384
mean(sgnprob[1:i - 1]) = 0.001564945226917058
768/16384
mean(sgnprob[1:i - 1]) = 0.03780964797913951
896/16384
mean(sgnprob[1:i - 1]) = 0.06815642458100558
1024/16384
mean(sgnprob[1:i - 1]) = 0.11436950146627566
1152/16384
mean(sgnprob[1:i - 1]) = 0.07211120764552563
1280/16384
mean(sgnprob[1:i - 1]) = 0.03674745895230649
1408/16384
mean(sgnprob[1:i - 1]) = 0.02061122956645345
1536/16384
mean(sgnprob[1:i - 1]) = 0.04495114006514658
1664/16384
mean(sgnprob[1:i - 1]) = 0.018641010222489478
1792/16384
mean(sgnprob[1:i - 1]) = 0.0016750418760469012
1920/16384
mean(sgnprob[1:i - 1]) = -0.008858780614903595
2048/16384
mean(sgnprob[1:i - 1]) = -0.02784562774792379
2176/16384
mean(sgnprob[1:i - 1]) = -0.0464367816091954
2304/16384
mean(sgnprob[1:i - 1]) = -0.0377768128528007
2432/16384
mean(sgnprob[1:i - 1]) = -0.02509255450431921
2560/16384
mean(sgnprob[1:i - 1]) = -0.012895662368112544
2688/16384
mean(sgnprob[1:i - 1]) = -0.015258652772608858
2816/16384
mean(sgnprob[1:i - 1]) = -0.023090586145648313
2944/16384
mean(sgnprob[1:i - 1]) = -0.030241250424736663
3072/16384
mean(sgnprob[1:i - 1]) = -0.039400846629762294
3200/16384
mean(sgnprob[1:i - 1]) = -0.02469521725539231
3328/16384
mean(sgnprob[1:i - 1]) = -0.01833483618875864
3456/16384
mean(sgnprob[1:i - 1]) = -0.006078147612156295
3584/16384
mean(sgnprob[1:i - 1]) = -0.011442924923248674
3712/16384
mean(sgnprob[1:i - 1]) = -0.022365939099973052
3840/16384
mean(sgnprob[1:i - 1]) = -0.027350872623078927
3968/16384
mean(sgnprob[1:i - 1]) = -0.020418452230904965
4096/16384
mean(sgnprob[1:i - 1]) = -0.024175824175824177
4224/16384
mean(sgnprob[1:i - 1]) = -0.029599810561212407
4352/16384
mean(sgnprob[1:i - 1]) = -0.02551137669501264
4480/16384
mean(sgnprob[1:i - 1]) = -0.01942397856664434
4608/16384
mean(sgnprob[1:i - 1]) = -0.01237247666594313
4736/16384
mean(sgnprob[1:i - 1]) = -0.005279831045406547
4864/16384
mean(sgnprob[1:i - 1]) = -0.0010281719103434094
4992/16384
mean(sgnprob[1:i - 1]) = -0.006211180124223602
5120/16384
mean(sgnprob[1:i - 1]) = -0.011525688611056847
5248/16384
mean(sgnprob[1:i - 1]) = -0.007813988946064417
5376/16384
mean(sgnprob[1:i - 1]) = -0.013581395348837209
5504/16384
mean(sgnprob[1:i - 1]) = -0.013265491550063601
5632/16384
mean(sgnprob[1:i - 1]) = -0.01722606996980998
5760/16384
mean(sgnprob[1:i - 1]) = -0.021010592116686926
5888/16384
mean(sgnprob[1:i - 1]) = -0.016476983183285204
6016/16384
mean(sgnprob[1:i - 1]) = -0.012468827930174564
6144/16384
mean(sgnprob[1:i - 1]) = -0.0076509848608171905
6272/16384
mean(sgnprob[1:i - 1]) = -0.011003029819805454
6400/16384
mean(sgnprob[1:i - 1]) = -0.01328332551961244
6528/16384
mean(sgnprob[1:i - 1]) = -0.009345794392523364
6656/16384
mean(sgnprob[1:i - 1]) = -0.005259203606311044
6784/16384
mean(sgnprob[1:i - 1]) = -0.009877635264632168
6912/16384
mean(sgnprob[1:i - 1]) = -0.00824772102445377
7040/16384
mean(sgnprob[1:i - 1]) = -0.002699247052138088
7168/16384
mean(sgnprob[1:i - 1]) = -0.011301799916282964
7296/16384
mean(sgnprob[1:i - 1]) = -0.008636052090472926
7424/16384
mean(sgnprob[1:i - 1]) = -0.006601104674659841
7552/16384
mean(sgnprob[1:i - 1]) = -0.010727056019070322
7680/16384
mean(sgnprob[1:i - 1]) = -0.006120588618309676
7808/16384
mean(sgnprob[1:i - 1]) = -0.004483156141923915
7936/16384
mean(sgnprob[1:i - 1]) = -0.00315059861373661
8064/16384
mean(sgnprob[1:i - 1]) = 0.0016123031129852412
8192/16384
mean(sgnprob[1:i - 1]) = 0.005249664265657429
8320/16384
mean(sgnprob[1:i - 1]) = 0.011179228272628922
8448/16384
mean(sgnprob[1:i - 1]) = 0.015271694092577247
8576/16384
mean(sgnprob[1:i - 1]) = 0.010612244897959184
8704/16384
mean(sgnprob[1:i - 1]) = 0.012984028495920947
8832/16384
mean(sgnprob[1:i - 1]) = 0.017778281055373116
8960/16384
mean(sgnprob[1:i - 1]) = 0.021096104475945975
9088/16384
mean(sgnprob[1:i - 1]) = 0.017277429294596677
9216/16384
mean(sgnprob[1:i - 1]) = 0.019858925664677157
9344/16384
mean(sgnprob[1:i - 1]) = 0.016161832387883976
9472/16384
mean(sgnprob[1:i - 1]) = 0.019533312216239045
9600/16384
mean(sgnprob[1:i - 1]) = 0.021773101364725492
9728/16384
mean(sgnprob[1:i - 1]) = 0.018402385113601316
9856/16384
mean(sgnprob[1:i - 1]) = 0.02141045154743785
9984/16384
mean(sgnprob[1:i - 1]) = 0.017329460082139637
10112/16384
mean(sgnprob[1:i - 1]) = 0.015725447532390465
10240/16384
mean(sgnprob[1:i - 1]) = 0.01338021291141713
10368/16384
mean(sgnprob[1:i - 1]) = 0.01630172663258416
10496/16384
mean(sgnprob[1:i - 1]) = 0.01362553596950929
10624/16384
mean(sgnprob[1:i - 1]) = 0.01685023063164831
10752/16384
mean(sgnprob[1:i - 1]) = 0.01311505906427309
10880/16384
mean(sgnprob[1:i - 1]) = 0.016269877746116372
11008/16384
mean(sgnprob[1:i - 1]) = 0.01789770146270555
11136/16384
mean(sgnprob[1:i - 1]) = 0.014099685675797037
11264/16384
mean(sgnprob[1:i - 1]) = 0.018201189736304715
11392/16384
mean(sgnprob[1:i - 1]) = 0.020630322184180493
11520/16384
mean(sgnprob[1:i - 1]) = 0.022831843041930724
11648/16384
mean(sgnprob[1:i - 1]) = 0.025843564866489224
11776/16384
mean(sgnprob[1:i - 1]) = 0.024033970276008492
11904/16384
mean(sgnprob[1:i - 1]) = 0.021087120893892294
12032/16384
mean(sgnprob[1:i - 1]) = 0.018202975646247194
12160/16384
mean(sgnprob[1:i - 1]) = 0.014721605395180524
12288/16384
mean(sgnprob[1:i - 1]) = 0.016195979490518434
12416/16384
mean(sgnprob[1:i - 1]) = 0.019895287958115182
12544/16384
mean(sgnprob[1:i - 1]) = 0.016024874431954078
12672/16384
mean(sgnprob[1:i - 1]) = 0.015862994238813037
12800/16384
mean(sgnprob[1:i - 1]) = 0.017579498398312368
12928/16384
mean(sgnprob[1:i - 1]) = 0.020190299373404504
13056/16384
mean(sgnprob[1:i - 1]) = 0.01769436997319035
13184/16384
mean(sgnprob[1:i - 1]) = 0.01585375104300994
13312/16384
mean(sgnprob[1:i - 1]) = 0.017955074750206596
13440/16384
mean(sgnprob[1:i - 1]) = 0.021058114443038917
13568/16384
mean(sgnprob[1:i - 1]) = 0.021154271393823247
13696/16384
mean(sgnprob[1:i - 1]) = 0.01759766338079591
13824/16384
mean(sgnprob[1:i - 1]) = 0.020762497287130144
13952/16384
mean(sgnprob[1:i - 1]) = 0.0234391799870977
14080/16384
mean(sgnprob[1:i - 1]) = 0.025925136728460828
14208/16384
mean(sgnprob[1:i - 1]) = 0.027240092911944815
14336/16384
mean(sgnprob[1:i - 1]) = 0.029508196721311476
14464/16384
mean(sgnprob[1:i - 1]) = 0.030491599253266957
14592/16384
mean(sgnprob[1:i - 1]) = 0.028305119594270442
14720/16384
mean(sgnprob[1:i - 1]) = 0.027515456213057954
14848/16384
mean(sgnprob[1:i - 1]) = 0.02566174984845423
14976/16384
mean(sgnprob[1:i - 1]) = 0.02370617696160267
15104/16384
mean(sgnprob[1:i - 1]) = 0.02747798450638946
15232/16384
mean(sgnprob[1:i - 1]) = 0.026327883920950694
15360/16384
mean(sgnprob[1:i - 1]) = 0.028843023634351195
15488/16384
mean(sgnprob[1:i - 1]) = 0.03054174468909408
15616/16384
mean(sgnprob[1:i - 1]) = 0.028498238872878643
15744/16384
mean(sgnprob[1:i - 1]) = 0.025471638188401195
15872/16384
mean(sgnprob[1:i - 1]) = 0.026778400856908826
16000/16384
mean(sgnprob[1:i - 1]) = 0.028189261828864304
16128/16384
mean(sgnprob[1:i - 1]) = 0.025733242388540956
16256/16384
mean(sgnprob[1:i - 1]) = 0.0283605044601661
16384/16384
mean(sgnprob[1:i - 1]) = 0.026429835805408045
751.711953 seconds (167.10 M allocations: 70.745 GiB, 2.08% gc time, 1.30% compilation time)
