## SLURM PROLOG ###############################################################
##    Job ID : 8834048
##  Job Name : sbatch_etgent.sh
##  Nodelist : node1736
##      CPUs : 8
##  Mem/Node : 4096 MB
## Directory : /oscar/home/trazzaz/AFQMC
##   Job Started : Fri Feb 28 05:25:47 AM EST 2025
###############################################################################
seed = 1602
U = 2.0
β = 6.0
Warming up
128/1024
256/1024
384/1024
512/1024
640/1024
768/1024
896/1024
1024/1024
Measuring
128/16384
mean(sgnprob[1:i - 1]) = 0.2440944881889764
256/16384
mean(sgnprob[1:i - 1]) = -0.027450980392156862
384/16384
mean(sgnprob[1:i - 1]) = -0.13838120104438642
512/16384
mean(sgnprob[1:i - 1]) = -0.19373776908023482
640/16384
mean(sgnprob[1:i - 1]) = -0.10485133020344288
768/16384
mean(sgnprob[1:i - 1]) = -0.027379400260756193
896/16384
mean(sgnprob[1:i - 1]) = -0.05251396648044693
1024/16384
mean(sgnprob[1:i - 1]) = -0.020527859237536656
1152/16384
mean(sgnprob[1:i - 1]) = -0.0686359687228497
1280/16384
mean(sgnprob[1:i - 1]) = -0.02580140734949179
1408/16384
mean(sgnprob[1:i - 1]) = -0.013503909026297086
1536/16384
mean(sgnprob[1:i - 1]) = 0.016286644951140065
1664/16384
mean(sgnprob[1:i - 1]) = 0.04269392663860493
1792/16384
mean(sgnprob[1:i - 1]) = 0.06197654941373534
1920/16384
mean(sgnprob[1:i - 1]) = 0.03595622720166754
2048/16384
mean(sgnprob[1:i - 1]) = 0.010258915486077186
2176/16384
mean(sgnprob[1:i - 1]) = 0.02528735632183908
2304/16384
mean(sgnprob[1:i - 1]) = 0.03951367781155015
2432/16384
mean(sgnprob[1:i - 1]) = 0.016042780748663103
2560/16384
mean(sgnprob[1:i - 1]) = 0.03399765533411489
2688/16384
mean(sgnprob[1:i - 1]) = 0.05024190547078526
2816/16384
mean(sgnprob[1:i - 1]) = 0.055062166962699825
2944/16384
mean(sgnprob[1:i - 1]) = 0.07033639143730887
3072/16384
mean(sgnprob[1:i - 1]) = 0.051123412569195704
3200/16384
mean(sgnprob[1:i - 1]) = 0.06220693966864645
3328/16384
mean(sgnprob[1:i - 1]) = 0.07243763149984972
3456/16384
mean(sgnprob[1:i - 1]) = 0.07959479015918958
3584/16384
mean(sgnprob[1:i - 1]) = 0.06949483672899805
3712/16384
mean(sgnprob[1:i - 1]) = 0.07572082996496901
3840/16384
mean(sgnprob[1:i - 1]) = 0.05860901276374056
3968/16384
mean(sgnprob[1:i - 1]) = 0.06528863120746156
4096/16384
mean(sgnprob[1:i - 1]) = 0.050061050061050064
4224/16384
mean(sgnprob[1:i - 1]) = 0.037177362064882785
4352/16384
mean(sgnprob[1:i - 1]) = 0.04573661227304068
4480/16384
mean(sgnprob[1:i - 1]) = 0.05336012502790802
4608/16384
mean(sgnprob[1:i - 1]) = 0.048404601693075755
4736/16384
mean(sgnprob[1:i - 1]) = 0.0559662090813094
4864/16384
mean(sgnprob[1:i - 1]) = 0.060250873946123794
4992/16384
mean(sgnprob[1:i - 1]) = 0.04668403125626127
5120/16384
mean(sgnprob[1:i - 1]) = 0.050595819495995314
5248/16384
mean(sgnprob[1:i - 1]) = 0.05812845435486945
5376/16384
mean(sgnprob[1:i - 1]) = 0.062325581395348835
5504/16384
mean(sgnprob[1:i - 1]) = 0.0539705615119026
5632/16384
mean(sgnprob[1:i - 1]) = 0.045285029302077784
5760/16384
mean(sgnprob[1:i - 1]) = 0.03837471783295711
5888/16384
mean(sgnprob[1:i - 1]) = 0.04195685408527264
6016/16384
mean(sgnprob[1:i - 1]) = 0.04704904405652535
6144/16384
mean(sgnprob[1:i - 1]) = 0.054208041673449454
6272/16384
mean(sgnprob[1:i - 1]) = 0.04672301068410142
6400/16384
mean(sgnprob[1:i - 1]) = 0.04235036724488201
6528/16384
mean(sgnprob[1:i - 1]) = 0.04734181093917573
6656/16384
mean(sgnprob[1:i - 1]) = 0.052141247182569496
6784/16384
mean(sgnprob[1:i - 1]) = 0.055874981571576
6912/16384
mean(sgnprob[1:i - 1]) = 0.048762841846331936
7040/16384
mean(sgnprob[1:i - 1]) = 0.05242221906520812
7168/16384
mean(sgnprob[1:i - 1]) = 0.05567182921724571
7296/16384
mean(sgnprob[1:i - 1]) = 0.06045236463331049
7424/16384
mean(sgnprob[1:i - 1]) = 0.052943553819210565
7552/16384
mean(sgnprob[1:i - 1]) = 0.05734339822540061
7680/16384
mean(sgnprob[1:i - 1]) = 0.05977340799583279
7808/16384
mean(sgnprob[1:i - 1]) = 0.06468553861918791
7936/16384
mean(sgnprob[1:i - 1]) = 0.07069943289224953
8064/16384
mean(sgnprob[1:i - 1]) = 0.061391541609822645
8192/16384
mean(sgnprob[1:i - 1]) = 0.056281284336466855
8320/16384
mean(sgnprob[1:i - 1]) = 0.0527707657170333
8448/16384
mean(sgnprob[1:i - 1]) = 0.055759441221735526
8576/16384
mean(sgnprob[1:i - 1]) = 0.06099125364431487
8704/16384
mean(sgnprob[1:i - 1]) = 0.06469033666551764
8832/16384
mean(sgnprob[1:i - 1]) = 0.06873513758351263
8960/16384
mean(sgnprob[1:i - 1]) = 0.07400379506641366
9088/16384
mean(sgnprob[1:i - 1]) = 0.07736326620446791
9216/16384
mean(sgnprob[1:i - 1]) = 0.07042864894194248
9344/16384
mean(sgnprob[1:i - 1]) = 0.06518248956437975
9472/16384
mean(sgnprob[1:i - 1]) = 0.060289304191743213
9600/16384
mean(sgnprob[1:i - 1]) = 0.0644858839462444
9728/16384
mean(sgnprob[1:i - 1]) = 0.0597306466536445
9856/16384
mean(sgnprob[1:i - 1]) = 0.05428716387620497
9984/16384
mean(sgnprob[1:i - 1]) = 0.05799859761594711
10112/16384
mean(sgnprob[1:i - 1]) = 0.052319256255563246
10240/16384
mean(sgnprob[1:i - 1]) = 0.056548491063580425
10368/16384
mean(sgnprob[1:i - 1]) = 0.060480370406096266
10496/16384
mean(sgnprob[1:i - 1]) = 0.06545974273463553
10624/16384
mean(sgnprob[1:i - 1]) = 0.06975430669302457
10752/16384
mean(sgnprob[1:i - 1]) = 0.07245837596502651
10880/16384
mean(sgnprob[1:i - 1]) = 0.06700983546281827
11008/16384
mean(sgnprob[1:i - 1]) = 0.061869719269555735
11136/16384
mean(sgnprob[1:i - 1]) = 0.0593623709025595
11264/16384
mean(sgnprob[1:i - 1]) = 0.06117375477226316
11392/16384
mean(sgnprob[1:i - 1]) = 0.0631200070230884
11520/16384
mean(sgnprob[1:i - 1]) = 0.0665856411146801
11648/16384
mean(sgnprob[1:i - 1]) = 0.06894479265046793
11776/16384
mean(sgnprob[1:i - 1]) = 0.07261146496815286
11904/16384
mean(sgnprob[1:i - 1]) = 0.0684701335797698
12032/16384
mean(sgnprob[1:i - 1]) = 0.07156512343113623
12160/16384
mean(sgnprob[1:i - 1]) = 0.0660416152644132
12288/16384
mean(sgnprob[1:i - 1]) = 0.06340034182469277
12416/16384
mean(sgnprob[1:i - 1]) = 0.065807490938381
12544/16384
mean(sgnprob[1:i - 1]) = 0.06210635414175237
12672/16384
mean(sgnprob[1:i - 1]) = 0.06542498618893536
12800/16384
mean(sgnprob[1:i - 1]) = 0.06180170325806704
12928/16384
mean(sgnprob[1:i - 1]) = 0.059333178618395606
13056/16384
mean(sgnprob[1:i - 1]) = 0.06150900038299502
13184/16384
mean(sgnprob[1:i - 1]) = 0.056967306379428054
13312/16384
mean(sgnprob[1:i - 1]) = 0.059574787769513936
13440/16384
mean(sgnprob[1:i - 1]) = 0.06243024034526379
13568/16384
mean(sgnprob[1:i - 1]) = 0.0652318124861797
13696/16384
mean(sgnprob[1:i - 1]) = 0.0669587440671778
13824/16384
mean(sgnprob[1:i - 1]) = 0.0631556102148593
13952/16384
mean(sgnprob[1:i - 1]) = 0.059995699233029894
14080/16384
mean(sgnprob[1:i - 1]) = 0.056182967540308264
14208/16384
mean(sgnprob[1:i - 1]) = 0.051875835855564156
14336/16384
mean(sgnprob[1:i - 1]) = 0.05378444366934077
14464/16384
mean(sgnprob[1:i - 1]) = 0.056488971859226994
14592/16384
mean(sgnprob[1:i - 1]) = 0.05846069494894113
14720/16384
mean(sgnprob[1:i - 1]) = 0.05618588219308377
14848/16384
mean(sgnprob[1:i - 1]) = 0.05395029298848252
14976/16384
mean(sgnprob[1:i - 1]) = 0.05656093489148581
15104/16384
mean(sgnprob[1:i - 1]) = 0.05952459776203403
15232/16384
mean(sgnprob[1:i - 1]) = 0.062175825618803755
15360/16384
mean(sgnprob[1:i - 1]) = 0.06504329708965427
15488/16384
mean(sgnprob[1:i - 1]) = 0.06243946535804223
15616/16384
mean(sgnprob[1:i - 1]) = 0.05923791226384886
15744/16384
mean(sgnprob[1:i - 1]) = 0.061805246776345045
15872/16384
mean(sgnprob[1:i - 1]) = 0.05803036985697183
16000/16384
mean(sgnprob[1:i - 1]) = 0.055815988499281204
16128/16384
mean(sgnprob[1:i - 1]) = 0.052768648849755066
16256/16384
mean(sgnprob[1:i - 1]) = 0.0557982159335589
16384/16384
mean(sgnprob[1:i - 1]) = 0.05145577733015931
762.217340 seconds (167.11 M allocations: 70.745 GiB, 1.25% gc time, 1.16% compilation time)
