## SLURM PROLOG ###############################################################
##    Job ID : 8833840
##  Job Name : sbatch_etgent.sh
##  Nodelist : node1736
##      CPUs : 8
##  Mem/Node : 4096 MB
## Directory : /oscar/home/trazzaz/AFQMC
##   Job Started : Thu Feb 27 11:43:51 PM EST 2025
###############################################################################
seed = 1394
U = 2.0
β = 6.0
Warming up
128/1024
256/1024
384/1024
512/1024
640/1024
768/1024
896/1024
1024/1024
Measuring
128/16384
mean(sgnprob[1:i - 1]) = -0.4330708661417323
256/16384
mean(sgnprob[1:i - 1]) = -0.4196078431372549
384/16384
mean(sgnprob[1:i - 1]) = -0.10704960835509138
512/16384
mean(sgnprob[1:i - 1]) = 0.021526418786692758
640/16384
mean(sgnprob[1:i - 1]) = -0.08607198748043818
768/16384
mean(sgnprob[1:i - 1]) = -0.11342894393741851
896/16384
mean(sgnprob[1:i - 1]) = -0.17541899441340783
1024/16384
mean(sgnprob[1:i - 1]) = -0.09286412512218964
1152/16384
mean(sgnprob[1:i - 1]) = -0.028670721112076455
1280/16384
mean(sgnprob[1:i - 1]) = 0.003909304143862392
1408/16384
mean(sgnprob[1:i - 1]) = 0.05614783226723525
1536/16384
mean(sgnprob[1:i - 1]) = 0.09185667752442997
1664/16384
mean(sgnprob[1:i - 1]) = 0.12567648827420325
1792/16384
mean(sgnprob[1:i - 1]) = 0.1490787269681742
1920/16384
mean(sgnprob[1:i - 1]) = 0.16310578426263678
2048/16384
mean(sgnprob[1:i - 1]) = 0.1880801172447484
2176/16384
mean(sgnprob[1:i - 1]) = 0.2
2304/16384
mean(sgnprob[1:i - 1]) = 0.21580547112462006
2432/16384
mean(sgnprob[1:i - 1]) = 0.23570547099958863
2560/16384
mean(sgnprob[1:i - 1]) = 0.25517780382962096
2688/16384
mean(sgnprob[1:i - 1]) = 0.2727949385932266
2816/16384
mean(sgnprob[1:i - 1]) = 0.2817051509769094
2944/16384
mean(sgnprob[1:i - 1]) = 0.29187903499830103
3072/16384
mean(sgnprob[1:i - 1]) = 0.2972972972972973
3200/16384
mean(sgnprob[1:i - 1]) = 0.26351984995311034
3328/16384
mean(sgnprob[1:i - 1]) = 0.27742711151187255
3456/16384
mean(sgnprob[1:i - 1]) = 0.2833574529667149
3584/16384
mean(sgnprob[1:i - 1]) = 0.2916550376779235
3712/16384
mean(sgnprob[1:i - 1]) = 0.30045809754783076
3840/16384
mean(sgnprob[1:i - 1]) = 0.30554831987496744
3968/16384
mean(sgnprob[1:i - 1]) = 0.30980589866397784
4096/16384
mean(sgnprob[1:i - 1]) = 0.28498168498168497
4224/16384
mean(sgnprob[1:i - 1]) = 0.26308311626805586
4352/16384
mean(sgnprob[1:i - 1]) = 0.2691335325212595
4480/16384
mean(sgnprob[1:i - 1]) = 0.2730520205402992
4608/16384
mean(sgnprob[1:i - 1]) = 0.2784892554807901
4736/16384
mean(sgnprob[1:i - 1]) = 0.28447729672650474
4864/16384
mean(sgnprob[1:i - 1]) = 0.28932757557063543
4992/16384
mean(sgnprob[1:i - 1]) = 0.2919254658385093
5120/16384
mean(sgnprob[1:i - 1]) = 0.2979097479976558
5248/16384
mean(sgnprob[1:i - 1]) = 0.30283971793405756
5376/16384
mean(sgnprob[1:i - 1]) = 0.28632558139534886
5504/16384
mean(sgnprob[1:i - 1]) = 0.26948936943485374
5632/16384
mean(sgnprob[1:i - 1]) = 0.27401882436512165
5760/16384
mean(sgnprob[1:i - 1]) = 0.2793887827747873
5888/16384
mean(sgnprob[1:i - 1]) = 0.264141328350603
6016/16384
mean(sgnprob[1:i - 1]) = 0.2691604322527016
6144/16384
mean(sgnprob[1:i - 1]) = 0.27201692983884096
6272/16384
mean(sgnprob[1:i - 1]) = 0.27635145909743264
6400/16384
mean(sgnprob[1:i - 1]) = 0.26019690576652604
6528/16384
mean(sgnprob[1:i - 1]) = 0.24620805883254174
6656/16384
mean(sgnprob[1:i - 1]) = 0.2525920360631104
6784/16384
mean(sgnprob[1:i - 1]) = 0.2554916703523515
6912/16384
mean(sgnprob[1:i - 1]) = 0.2594414701200984
7040/16384
mean(sgnprob[1:i - 1]) = 0.26267935786333285
7168/16384
mean(sgnprob[1:i - 1]) = 0.2669178177759174
7296/16384
mean(sgnprob[1:i - 1]) = 0.2712816997943797
7424/16384
mean(sgnprob[1:i - 1]) = 0.2585208136871885
7552/16384
mean(sgnprob[1:i - 1]) = 0.26234935770096673
7680/16384
mean(sgnprob[1:i - 1]) = 0.24938142987368148
7808/16384
mean(sgnprob[1:i - 1]) = 0.23811963622390162
7936/16384
mean(sgnprob[1:i - 1]) = 0.24360428481411467
8064/16384
mean(sgnprob[1:i - 1]) = 0.24817065608334365
8192/16384
mean(sgnprob[1:i - 1]) = 0.2523501403979978
8320/16384
mean(sgnprob[1:i - 1]) = 0.25519894218055056
8448/16384
mean(sgnprob[1:i - 1]) = 0.25796140641647924
8576/16384
mean(sgnprob[1:i - 1]) = 0.2611078717201166
8704/16384
mean(sgnprob[1:i - 1]) = 0.2641617832931173
8832/16384
mean(sgnprob[1:i - 1]) = 0.2687124900917223
8960/16384
mean(sgnprob[1:i - 1]) = 0.2722402053800647
9088/16384
mean(sgnprob[1:i - 1]) = 0.25982172334103665
9216/16384
mean(sgnprob[1:i - 1]) = 0.2618556701030928
9344/16384
mean(sgnprob[1:i - 1]) = 0.26490420635770096
9472/16384
mean(sgnprob[1:i - 1]) = 0.25583359729701194
9600/16384
mean(sgnprob[1:i - 1]) = 0.2582560683404521
9728/16384
mean(sgnprob[1:i - 1]) = 0.2604091703505706
9856/16384
mean(sgnprob[1:i - 1]) = 0.2643328259766616
9984/16384
mean(sgnprob[1:i - 1]) = 0.2677551838124812
10112/16384
mean(sgnprob[1:i - 1]) = 0.25803580259123726
10240/16384
mean(sgnprob[1:i - 1]) = 0.2493407559331966
10368/16384
mean(sgnprob[1:i - 1]) = 0.23989582328542491
10496/16384
mean(sgnprob[1:i - 1]) = 0.24211529299666507
10624/16384
mean(sgnprob[1:i - 1]) = 0.2450343594088299
10752/16384
mean(sgnprob[1:i - 1]) = 0.23728025299972097
10880/16384
mean(sgnprob[1:i - 1]) = 0.2291570916444526
11008/16384
mean(sgnprob[1:i - 1]) = 0.23230671390933041
11136/16384
mean(sgnprob[1:i - 1]) = 0.22406825325550067
11264/16384
mean(sgnprob[1:i - 1]) = 0.2144188937228092
11392/16384
mean(sgnprob[1:i - 1]) = 0.21710122026161005
11520/16384
mean(sgnprob[1:i - 1]) = 0.22059206528344474
11648/16384
mean(sgnprob[1:i - 1]) = 0.21301622735468362
11776/16384
mean(sgnprob[1:i - 1]) = 0.2050955414012739
11904/16384
mean(sgnprob[1:i - 1]) = 0.1961690330168865
12032/16384
mean(sgnprob[1:i - 1]) = 0.19823788546255505
12160/16384
mean(sgnprob[1:i - 1]) = 0.20223702607122296
12288/16384
mean(sgnprob[1:i - 1]) = 0.20566452348010092
12416/16384
mean(sgnprob[1:i - 1]) = 0.1987112364075715
12544/16384
mean(sgnprob[1:i - 1]) = 0.2019453081399984
12672/16384
mean(sgnprob[1:i - 1]) = 0.2051140399337069
12800/16384
mean(sgnprob[1:i - 1]) = 0.20806312993202594
12928/16384
mean(sgnprob[1:i - 1]) = 0.19996905701245454
13056/16384
mean(sgnprob[1:i - 1]) = 0.2029107621600919
13184/16384
mean(sgnprob[1:i - 1]) = 0.20640218463172266
13312/16384
mean(sgnprob[1:i - 1]) = 0.1973555705807227
13440/16384
mean(sgnprob[1:i - 1]) = 0.2011310365354565
13568/16384
mean(sgnprob[1:i - 1]) = 0.20277143067737893
13696/16384
mean(sgnprob[1:i - 1]) = 0.20525739320920044
13824/16384
mean(sgnprob[1:i - 1]) = 0.1993055053172249
13952/16384
mean(sgnprob[1:i - 1]) = 0.20263780374166726
14080/16384
mean(sgnprob[1:i - 1]) = 0.20519923290006392
14208/16384
mean(sgnprob[1:i - 1]) = 0.20701062856338426
14336/16384
mean(sgnprob[1:i - 1]) = 0.21004534356470178
14464/16384
mean(sgnprob[1:i - 1]) = 0.21261149139182742
14592/16384
mean(sgnprob[1:i - 1]) = 0.215132615996162
14720/16384
mean(sgnprob[1:i - 1]) = 0.20850601263672805
14848/16384
mean(sgnprob[1:i - 1]) = 0.2111537684380683
14976/16384
mean(sgnprob[1:i - 1]) = 0.2134891485809683
15104/16384
mean(sgnprob[1:i - 1]) = 0.21684433556247104
15232/16384
mean(sgnprob[1:i - 1]) = 0.21265839406473638
15360/16384
mean(sgnprob[1:i - 1]) = 0.21492284653948826
15488/16384
mean(sgnprob[1:i - 1]) = 0.21663330535287662
15616/16384
mean(sgnprob[1:i - 1]) = 0.21985270573166826
15744/16384
mean(sgnprob[1:i - 1]) = 0.21399987295941053
15872/16384
mean(sgnprob[1:i - 1]) = 0.2174406149580997
16000/16384
mean(sgnprob[1:i - 1]) = 0.21982623913994626
16128/16384
mean(sgnprob[1:i - 1]) = 0.2133688844794444
16256/16384
mean(sgnprob[1:i - 1]) = 0.2162411565672101
16384/16384
mean(sgnprob[1:i - 1]) = 0.21894646890068975
736.613936 seconds (167.11 M allocations: 70.745 GiB, 2.05% gc time, 1.27% compilation time)
