## SLURM PROLOG ###############################################################
##    Job ID : 8833903
##  Job Name : sbatch_etgent.sh
##  Nodelist : node1736
##      CPUs : 8
##  Mem/Node : 4096 MB
## Directory : /oscar/home/trazzaz/AFQMC
##   Job Started : Fri Feb 28 01:25:57 AM EST 2025
###############################################################################
seed = 1457
U = 2.0
β = 6.0
Warming up
128/1024
256/1024
384/1024
512/1024
640/1024
768/1024
896/1024
1024/1024
Measuring
128/16384
mean(sgnprob[1:i - 1]) = 0.5590551181102362
256/16384
mean(sgnprob[1:i - 1]) = 0.5607843137254902
384/16384
mean(sgnprob[1:i - 1]) = 0.5456919060052219
512/16384
mean(sgnprob[1:i - 1]) = 0.2759295499021526
640/16384
mean(sgnprob[1:i - 1]) = 0.29890453834115804
768/16384
mean(sgnprob[1:i - 1]) = 0.34028683181225555
896/16384
mean(sgnprob[1:i - 1]) = 0.36983240223463687
1024/16384
mean(sgnprob[1:i - 1]) = 0.38220918866080156
1152/16384
mean(sgnprob[1:i - 1]) = 0.4005212858384014
1280/16384
mean(sgnprob[1:i - 1]) = 0.4104769351055512
1408/16384
mean(sgnprob[1:i - 1]) = 0.4157782515991471
1536/16384
mean(sgnprob[1:i - 1]) = 0.4214983713355049
1664/16384
mean(sgnprob[1:i - 1]) = 0.4311485267588695
1792/16384
mean(sgnprob[1:i - 1]) = 0.4271356783919598
1920/16384
mean(sgnprob[1:i - 1]) = 0.3684210526315789
2048/16384
mean(sgnprob[1:i - 1]) = 0.37469467513434296
2176/16384
mean(sgnprob[1:i - 1]) = 0.3839080459770115
2304/16384
mean(sgnprob[1:i - 1]) = 0.38514980460269216
2432/16384
mean(sgnprob[1:i - 1]) = 0.3969559851912793
2560/16384
mean(sgnprob[1:i - 1]) = 0.39976553341148885
2688/16384
mean(sgnprob[1:i - 1]) = 0.4060290286564942
2816/16384
mean(sgnprob[1:i - 1]) = 0.41243339253996447
2944/16384
mean(sgnprob[1:i - 1]) = 0.4148827726809378
3072/16384
mean(sgnprob[1:i - 1]) = 0.41322044936502766
3200/16384
mean(sgnprob[1:i - 1]) = 0.4129415442325727
3328/16384
mean(sgnprob[1:i - 1]) = 0.40967838893898406
3456/16384
mean(sgnprob[1:i - 1]) = 0.41244573082489144
3584/16384
mean(sgnprob[1:i - 1]) = 0.4155735417248116
3712/16384
mean(sgnprob[1:i - 1]) = 0.4152519536513069
3840/16384
mean(sgnprob[1:i - 1]) = 0.3852565772336546
3968/16384
mean(sgnprob[1:i - 1]) = 0.35568439626922105
4096/16384
mean(sgnprob[1:i - 1]) = 0.33137973137973137
4224/16384
mean(sgnprob[1:i - 1]) = 0.33649064645986265
4352/16384
mean(sgnprob[1:i - 1]) = 0.3426798437140887
4480/16384
mean(sgnprob[1:i - 1]) = 0.3203840142889038
4608/16384
mean(sgnprob[1:i - 1]) = 0.3262426741914478
4736/16384
mean(sgnprob[1:i - 1]) = 0.3296726504751848
4864/16384
mean(sgnprob[1:i - 1]) = 0.3325107958050586
4992/16384
mean(sgnprob[1:i - 1]) = 0.333600480865558
5120/16384
mean(sgnprob[1:i - 1]) = 0.3373705801914436
5248/16384
mean(sgnprob[1:i - 1]) = 0.33828854583571566
5376/16384
mean(sgnprob[1:i - 1]) = 0.3413953488372093
5504/16384
mean(sgnprob[1:i - 1]) = 0.34363074686534617
5632/16384
mean(sgnprob[1:i - 1]) = 0.3482507547504884
5760/16384
mean(sgnprob[1:i - 1]) = 0.3283556172946692
5888/16384
mean(sgnprob[1:i - 1]) = 0.32869033463563785
6016/16384
mean(sgnprob[1:i - 1]) = 0.33566084788029926
6144/16384
mean(sgnprob[1:i - 1]) = 0.31727169135601496
6272/16384
mean(sgnprob[1:i - 1]) = 0.29803859033646946
6400/16384
mean(sgnprob[1:i - 1]) = 0.3011408032505079
6528/16384
mean(sgnprob[1:i - 1]) = 0.3047341810939176
6656/16384
mean(sgnprob[1:i - 1]) = 0.30848985725018785
6784/16384
mean(sgnprob[1:i - 1]) = 0.3138729175880879
6912/16384
mean(sgnprob[1:i - 1]) = 0.3173202141513529
7040/16384
mean(sgnprob[1:i - 1]) = 0.3209262679357863
7168/16384
mean(sgnprob[1:i - 1]) = 0.32412445932747314
7296/16384
mean(sgnprob[1:i - 1]) = 0.310212474297464
7424/16384
mean(sgnprob[1:i - 1]) = 0.2962414118281018
7552/16384
mean(sgnprob[1:i - 1]) = 0.2989008078400212
7680/16384
mean(sgnprob[1:i - 1]) = 0.28376090636801665
7808/16384
mean(sgnprob[1:i - 1]) = 0.28576918150377867
7936/16384
mean(sgnprob[1:i - 1]) = 0.291997479521109
8064/16384
mean(sgnprob[1:i - 1]) = 0.29753193600396877
8192/16384
mean(sgnprob[1:i - 1]) = 0.2850689781467464
8320/16384
mean(sgnprob[1:i - 1]) = 0.27491285010217575
8448/16384
mean(sgnprob[1:i - 1]) = 0.27666627204924826
8576/16384
mean(sgnprob[1:i - 1]) = 0.2653061224489796
8704/16384
mean(sgnprob[1:i - 1]) = 0.26806848213259793
8832/16384
mean(sgnprob[1:i - 1]) = 0.27233608877816784
8960/16384
mean(sgnprob[1:i - 1]) = 0.274695836588905
9088/16384
mean(sgnprob[1:i - 1]) = 0.2783096731594586
9216/16384
mean(sgnprob[1:i - 1]) = 0.28182311448724906
9344/16384
mean(sgnprob[1:i - 1]) = 0.2698276784758643
9472/16384
mean(sgnprob[1:i - 1]) = 0.27251610178439445
9600/16384
mean(sgnprob[1:i - 1]) = 0.26325658922804457
9728/16384
mean(sgnprob[1:i - 1]) = 0.2663719543538604
9856/16384
mean(sgnprob[1:i - 1]) = 0.26900050735667175
9984/16384
mean(sgnprob[1:i - 1]) = 0.27176199539216667
10112/16384
mean(sgnprob[1:i - 1]) = 0.2752447829097023
10240/16384
mean(sgnprob[1:i - 1]) = 0.27805449750952244
10368/16384
mean(sgnprob[1:i - 1]) = 0.26883379955628434
10496/16384
mean(sgnprob[1:i - 1]) = 0.2585040495474035
10624/16384
mean(sgnprob[1:i - 1]) = 0.26160218394050644
10752/16384
mean(sgnprob[1:i - 1]) = 0.25309273555948286
10880/16384
mean(sgnprob[1:i - 1]) = 0.2451512087508043
11008/16384
mean(sgnprob[1:i - 1]) = 0.24756972835468338
11136/16384
mean(sgnprob[1:i - 1]) = 0.24885496183206107
11264/16384
mean(sgnprob[1:i - 1]) = 0.25206428127497116
11392/16384
mean(sgnprob[1:i - 1]) = 0.24396453340356422
11520/16384
mean(sgnprob[1:i - 1]) = 0.2462887403420436
11648/16384
mean(sgnprob[1:i - 1]) = 0.23774362496780288
11776/16384
mean(sgnprob[1:i - 1]) = 0.2402547770700637
11904/16384
mean(sgnprob[1:i - 1]) = 0.24287994623204234
12032/16384
mean(sgnprob[1:i - 1]) = 0.24644667941152024
12160/16384
mean(sgnprob[1:i - 1]) = 0.24895139402911423
12288/16384
mean(sgnprob[1:i - 1]) = 0.2509156018556198
12416/16384
mean(sgnprob[1:i - 1]) = 0.24446234393878372
12544/16384
mean(sgnprob[1:i - 1]) = 0.24659172446783068
12672/16384
mean(sgnprob[1:i - 1]) = 0.23841843579827954
12800/16384
mean(sgnprob[1:i - 1]) = 0.2410344558168607
12928/16384
mean(sgnprob[1:i - 1]) = 0.24267037982517212
13056/16384
mean(sgnprob[1:i - 1]) = 0.2450402144772118
13184/16384
mean(sgnprob[1:i - 1]) = 0.24797087157703102
13312/16384
mean(sgnprob[1:i - 1]) = 0.2410788070017279
13440/16384
mean(sgnprob[1:i - 1]) = 0.2444378301956991
13568/16384
mean(sgnprob[1:i - 1]) = 0.23726689761922312
13696/16384
mean(sgnprob[1:i - 1]) = 0.23840817816721432
13824/16384
mean(sgnprob[1:i - 1]) = 0.24184330463719886
13952/16384
mean(sgnprob[1:i - 1]) = 0.24478532004874204
14080/16384
mean(sgnprob[1:i - 1]) = 0.23829817458626323
14208/16384
mean(sgnprob[1:i - 1]) = 0.2406560146406701
14336/16384
mean(sgnprob[1:i - 1]) = 0.24269271014998256
14464/16384
mean(sgnprob[1:i - 1]) = 0.24483163935559704
14592/16384
mean(sgnprob[1:i - 1]) = 0.24611061613323282
14720/16384
mean(sgnprob[1:i - 1]) = 0.24057340851960052
14848/16384
mean(sgnprob[1:i - 1]) = 0.2428099952852428
14976/16384
mean(sgnprob[1:i - 1]) = 0.24380634390651085
15104/16384
mean(sgnprob[1:i - 1]) = 0.23789975501555982
15232/16384
mean(sgnprob[1:i - 1]) = 0.23261768761079377
15360/16384
mean(sgnprob[1:i - 1]) = 0.2344553681880331
15488/16384
mean(sgnprob[1:i - 1]) = 0.2367792341964228
15616/16384
mean(sgnprob[1:i - 1]) = 0.2313800832532821
15744/16384
mean(sgnprob[1:i - 1]) = 0.23280188020072412
15872/16384
mean(sgnprob[1:i - 1]) = 0.22764791128473316
16000/16384
mean(sgnprob[1:i - 1]) = 0.2299518719919995
16128/16384
mean(sgnprob[1:i - 1]) = 0.22477832206858064
16256/16384
mean(sgnprob[1:i - 1]) = 0.22731467240848968
16384/16384
mean(sgnprob[1:i - 1]) = 0.22199841298907405
735.049547 seconds (167.11 M allocations: 70.745 GiB, 1.39% gc time, 1.23% compilation time)
