## SLURM PROLOG ###############################################################
##    Job ID : 8833805
##  Job Name : sbatch_etgent.sh
##  Nodelist : node1733
##      CPUs : 8
##  Mem/Node : 4096 MB
## Directory : /oscar/home/trazzaz/AFQMC
##   Job Started : Thu Feb 27 10:52:40 PM EST 2025
###############################################################################
seed = 1359
U = 2.0
β = 6.0
Warming up
128/1024
256/1024
384/1024
512/1024
640/1024
768/1024
896/1024
1024/1024
Measuring
128/16384
mean(sgnprob[1:i - 1]) = 0.5118110236220472
256/16384
mean(sgnprob[1:i - 1]) = 0.4823529411764706
384/16384
mean(sgnprob[1:i - 1]) = 0.4830287206266319
512/16384
mean(sgnprob[1:i - 1]) = 0.49510763209393344
640/16384
mean(sgnprob[1:i - 1]) = 0.3395931142410016
768/16384
mean(sgnprob[1:i - 1]) = 0.363754889178618
896/16384
mean(sgnprob[1:i - 1]) = 0.394413407821229
1024/16384
mean(sgnprob[1:i - 1]) = 0.40371456500488756
1152/16384
mean(sgnprob[1:i - 1]) = 0.4144222415291051
1280/16384
mean(sgnprob[1:i - 1]) = 0.41673182173573103
1408/16384
mean(sgnprob[1:i - 1]) = 0.4228855721393035
1536/16384
mean(sgnprob[1:i - 1]) = 0.43322475570032576
1664/16384
mean(sgnprob[1:i - 1]) = 0.4263379434756464
1792/16384
mean(sgnprob[1:i - 1]) = 0.4316024567280849
1920/16384
mean(sgnprob[1:i - 1]) = 0.4372068785825951
2048/16384
mean(sgnprob[1:i - 1]) = 0.4421104054714216
2176/16384
mean(sgnprob[1:i - 1]) = 0.4436781609195402
2304/16384
mean(sgnprob[1:i - 1]) = 0.401650021710812
2432/16384
mean(sgnprob[1:i - 1]) = 0.4051830522418758
2560/16384
mean(sgnprob[1:i - 1]) = 0.3669402110199297
2688/16384
mean(sgnprob[1:i - 1]) = 0.3740230740602903
2816/16384
mean(sgnprob[1:i - 1]) = 0.37122557726465366
2944/16384
mean(sgnprob[1:i - 1]) = 0.3781855249745158
3072/16384
mean(sgnprob[1:i - 1]) = 0.384565288179746
3200/16384
mean(sgnprob[1:i - 1]) = 0.3916849015317287
3328/16384
mean(sgnprob[1:i - 1]) = 0.3958521190261497
3456/16384
mean(sgnprob[1:i - 1]) = 0.3979739507959479
3584/16384
mean(sgnprob[1:i - 1]) = 0.3988277979346916
3712/16384
mean(sgnprob[1:i - 1]) = 0.40285637294529775
3840/16384
mean(sgnprob[1:i - 1]) = 0.4034904923157072
3968/16384
mean(sgnprob[1:i - 1]) = 0.40357953113183764
4096/16384
mean(sgnprob[1:i - 1]) = 0.4070818070818071
4224/16384
mean(sgnprob[1:i - 1]) = 0.40800378877575183
4352/16384
mean(sgnprob[1:i - 1]) = 0.4097908526775454
4480/16384
mean(sgnprob[1:i - 1]) = 0.41192230408573344
4608/16384
mean(sgnprob[1:i - 1]) = 0.4117647058823529
4736/16384
mean(sgnprob[1:i - 1]) = 0.4133051742344245
4864/16384
mean(sgnprob[1:i - 1]) = 0.3892658852560148
4992/16384
mean(sgnprob[1:i - 1]) = 0.39451011821278303
5120/16384
mean(sgnprob[1:i - 1]) = 0.37097089275249073
5248/16384
mean(sgnprob[1:i - 1]) = 0.371831522774919
5376/16384
mean(sgnprob[1:i - 1]) = 0.3778604651162791
5504/16384
mean(sgnprob[1:i - 1]) = 0.3803379974559331
5632/16384
mean(sgnprob[1:i - 1]) = 0.36139229266560113
5760/16384
mean(sgnprob[1:i - 1]) = 0.3648202812988366
5888/16384
mean(sgnprob[1:i - 1]) = 0.3470358416850688
6016/16384
mean(sgnprob[1:i - 1]) = 0.34896093100581876
6144/16384
mean(sgnprob[1:i - 1]) = 0.3280156275435455
6272/16384
mean(sgnprob[1:i - 1]) = 0.33216392919789506
6400/16384
mean(sgnprob[1:i - 1]) = 0.3145804031879981
6528/16384
mean(sgnprob[1:i - 1]) = 0.3176037996016547
6656/16384
mean(sgnprob[1:i - 1]) = 0.3211119459053343
6784/16384
mean(sgnprob[1:i - 1]) = 0.30679640277163495
6912/16384
mean(sgnprob[1:i - 1]) = 0.3071914339458834
7040/16384
mean(sgnprob[1:i - 1]) = 0.3124023298764029
7168/16384
mean(sgnprob[1:i - 1]) = 0.3165899260499512
7296/16384
mean(sgnprob[1:i - 1]) = 0.32063056888279645
7424/16384
mean(sgnprob[1:i - 1]) = 0.3234541290583322
7552/16384
mean(sgnprob[1:i - 1]) = 0.3094954310687326
7680/16384
mean(sgnprob[1:i - 1]) = 0.31397317359031124
7808/16384
mean(sgnprob[1:i - 1]) = 0.31651082361982835
7936/16384
mean(sgnprob[1:i - 1]) = 0.3182104599873976
8064/16384
mean(sgnprob[1:i - 1]) = 0.31886394642192734
8192/16384
mean(sgnprob[1:i - 1]) = 0.3197411793431815
8320/16384
mean(sgnprob[1:i - 1]) = 0.32275513883880275
8448/16384
mean(sgnprob[1:i - 1]) = 0.30981413519592754
8576/16384
mean(sgnprob[1:i - 1]) = 0.3121865889212828
8704/16384
mean(sgnprob[1:i - 1]) = 0.31196139262323336
8832/16384
mean(sgnprob[1:i - 1]) = 0.29973955384441175
8960/16384
mean(sgnprob[1:i - 1]) = 0.289206384641143
9088/16384
mean(sgnprob[1:i - 1]) = 0.2928359194453615
9216/16384
mean(sgnprob[1:i - 1]) = 0.2944112859468258
9344/16384
mean(sgnprob[1:i - 1]) = 0.29829819115915657
9472/16384
mean(sgnprob[1:i - 1]) = 0.28666455495723786
9600/16384
mean(sgnprob[1:i - 1]) = 0.289300968850922
9728/16384
mean(sgnprob[1:i - 1]) = 0.2916623830574689
9856/16384
mean(sgnprob[1:i - 1]) = 0.2830035514967022
9984/16384
mean(sgnprob[1:i - 1]) = 0.28498447360512874
10112/16384
mean(sgnprob[1:i - 1]) = 0.28889328454158836
10240/16384
mean(sgnprob[1:i - 1]) = 0.2919230393593124
10368/16384
mean(sgnprob[1:i - 1]) = 0.29352753930741776
10496/16384
mean(sgnprob[1:i - 1]) = 0.29452120057170084
10624/16384
mean(sgnprob[1:i - 1]) = 0.28475948413819074
10752/16384
mean(sgnprob[1:i - 1]) = 0.2869500511580318
10880/16384
mean(sgnprob[1:i - 1]) = 0.2769556025369979
11008/16384
mean(sgnprob[1:i - 1]) = 0.2791859725629145
11136/16384
mean(sgnprob[1:i - 1]) = 0.28172429277054334
11264/16384
mean(sgnprob[1:i - 1]) = 0.2831394832637841
11392/16384
mean(sgnprob[1:i - 1]) = 0.28557633219208145
11520/16384
mean(sgnprob[1:i - 1]) = 0.28604913620974043
11648/16384
mean(sgnprob[1:i - 1]) = 0.2775822100111617
11776/16384
mean(sgnprob[1:i - 1]) = 0.2794904458598726
11904/16384
mean(sgnprob[1:i - 1]) = 0.269763925060909
12032/16384
mean(sgnprob[1:i - 1]) = 0.27104978804754387
12160/16384
mean(sgnprob[1:i - 1]) = 0.27378896290813387
12288/16384
mean(sgnprob[1:i - 1]) = 0.276796614307805
12416/16384
mean(sgnprob[1:i - 1]) = 0.27942005638340717
12544/16384
mean(sgnprob[1:i - 1]) = 0.28119269712190065
12672/16384
mean(sgnprob[1:i - 1]) = 0.2838765685423408
12800/16384
mean(sgnprob[1:i - 1]) = 0.28525666067661537
12928/16384
mean(sgnprob[1:i - 1]) = 0.2880018565792527
13056/16384
mean(sgnprob[1:i - 1]) = 0.28885484488701646
13184/16384
mean(sgnprob[1:i - 1]) = 0.2906015322764166
13312/16384
mean(sgnprob[1:i - 1]) = 0.28329952670723463
13440/16384
mean(sgnprob[1:i - 1]) = 0.28595877669469455
13568/16384
mean(sgnprob[1:i - 1]) = 0.28871526498120437
13696/16384
mean(sgnprob[1:i - 1]) = 0.2920043811610077
13824/16384
mean(sgnprob[1:i - 1]) = 0.2840917311726832
13952/16384
mean(sgnprob[1:i - 1]) = 0.28521252956777293
14080/16384
mean(sgnprob[1:i - 1]) = 0.27977839335180055
14208/16384
mean(sgnprob[1:i - 1]) = 0.2817625114380235
14336/16384
mean(sgnprob[1:i - 1]) = 0.27394489012905476
14464/16384
mean(sgnprob[1:i - 1]) = 0.2741478254857222
14592/16384
mean(sgnprob[1:i - 1]) = 0.27503255431430335
14720/16384
mean(sgnprob[1:i - 1]) = 0.27630953189754737
14848/16384
mean(sgnprob[1:i - 1]) = 0.27837273523270695
14976/16384
mean(sgnprob[1:i - 1]) = 0.27986644407345573
15104/16384
mean(sgnprob[1:i - 1]) = 0.2815996821823479
15232/16384
mean(sgnprob[1:i - 1]) = 0.27555643096316723
15360/16384
mean(sgnprob[1:i - 1]) = 0.2769060485708705
15488/16384
mean(sgnprob[1:i - 1]) = 0.2793956221346936
15616/16384
mean(sgnprob[1:i - 1]) = 0.27313480627601666
15744/16384
mean(sgnprob[1:i - 1]) = 0.27332782824112306
15872/16384
mean(sgnprob[1:i - 1]) = 0.2759120408291853
16000/16384
mean(sgnprob[1:i - 1]) = 0.26945434089630604
16128/16384
mean(sgnprob[1:i - 1]) = 0.2706641036770633
16256/16384
mean(sgnprob[1:i - 1]) = 0.2723469701630268
16384/16384
mean(sgnprob[1:i - 1]) = 0.2741256180186779
737.879402 seconds (167.11 M allocations: 70.745 GiB, 1.87% gc time, 1.30% compilation time)
