## SLURM PROLOG ###############################################################
##    Job ID : 8822284
##  Job Name : sbatch_etgent.sh
##  Nodelist : node1327
##      CPUs : 8
##  Mem/Node : 4096 MB
## Directory : /oscar/home/trazzaz/AFQMC
##   Job Started : Thu Feb 27 06:38:21 PM EST 2025
###############################################################################
seed = 1279
U = 2.0
β = 6.0
Warming up
128/1024
256/1024
384/1024
512/1024
640/1024
768/1024
896/1024
1024/1024
Measuring
128/16384
mean(sgnprob[1:i - 1]) = 0.6062992125984252
256/16384
mean(sgnprob[1:i - 1]) = 0.615686274509804
384/16384
mean(sgnprob[1:i - 1]) = 0.26370757180156656
512/16384
mean(sgnprob[1:i - 1]) = 0.3111545988258317
640/16384
mean(sgnprob[1:i - 1]) = 0.3615023474178404
768/16384
mean(sgnprob[1:i - 1]) = 0.40547588005215124
896/16384
mean(sgnprob[1:i - 1]) = 0.4324022346368715
1024/16384
mean(sgnprob[1:i - 1]) = 0.44086021505376344
1152/16384
mean(sgnprob[1:i - 1]) = 0.44917463075586445
1280/16384
mean(sgnprob[1:i - 1]) = 0.45426114151681
1408/16384
mean(sgnprob[1:i - 1]) = 0.36886993603411516
1536/16384
mean(sgnprob[1:i - 1]) = 0.2977198697068404
1664/16384
mean(sgnprob[1:i - 1]) = 0.3084786530366807
1792/16384
mean(sgnprob[1:i - 1]) = 0.31546621998883306
1920/16384
mean(sgnprob[1:i - 1]) = 0.33402813965607087
2048/16384
mean(sgnprob[1:i - 1]) = 0.27796775769418663
2176/16384
mean(sgnprob[1:i - 1]) = 0.23770114942528736
2304/16384
mean(sgnprob[1:i - 1]) = 0.2548849326964828
2432/16384
mean(sgnprob[1:i - 1]) = 0.21184697655285892
2560/16384
mean(sgnprob[1:i - 1]) = 0.22938647909339585
2688/16384
mean(sgnprob[1:i - 1]) = 0.2459992556754745
2816/16384
mean(sgnprob[1:i - 1]) = 0.2625222024866785
2944/16384
mean(sgnprob[1:i - 1]) = 0.23071695548759769
3072/16384
mean(sgnprob[1:i - 1]) = 0.24324324324324326
3200/16384
mean(sgnprob[1:i - 1]) = 0.25601750547045954
3328/16384
mean(sgnprob[1:i - 1]) = 0.26840997896002405
3456/16384
mean(sgnprob[1:i - 1]) = 0.2793053545586107
3584/16384
mean(sgnprob[1:i - 1]) = 0.2871895060005582
3712/16384
mean(sgnprob[1:i - 1]) = 0.2993802209646995
3840/16384
mean(sgnprob[1:i - 1]) = 0.2706433967178953
3968/16384
mean(sgnprob[1:i - 1]) = 0.24577766574237458
4096/16384
mean(sgnprob[1:i - 1]) = 0.2537240537240537
4224/16384
mean(sgnprob[1:i - 1]) = 0.2668718920198911
4352/16384
mean(sgnprob[1:i - 1]) = 0.24385198804872443
4480/16384
mean(sgnprob[1:i - 1]) = 0.24849296718017413
4608/16384
mean(sgnprob[1:i - 1]) = 0.2580855220316909
4736/16384
mean(sgnprob[1:i - 1]) = 0.2633579725448786
4864/16384
mean(sgnprob[1:i - 1]) = 0.2667077935430804
4992/16384
mean(sgnprob[1:i - 1]) = 0.274694450010018
5120/16384
mean(sgnprob[1:i - 1]) = 0.281890994334831
5248/16384
mean(sgnprob[1:i - 1]) = 0.2894987611968744
5376/16384
mean(sgnprob[1:i - 1]) = 0.29786046511627906
5504/16384
mean(sgnprob[1:i - 1]) = 0.27857532255133566
5632/16384
mean(sgnprob[1:i - 1]) = 0.2839637719765583
5760/16384
mean(sgnprob[1:i - 1]) = 0.2922382358048272
5888/16384
mean(sgnprob[1:i - 1]) = 0.2981144895532529
6016/16384
mean(sgnprob[1:i - 1]) = 0.3060681629260183
6144/16384
mean(sgnprob[1:i - 1]) = 0.30913234575940096
6272/16384
mean(sgnprob[1:i - 1]) = 0.3130282251634508
6400/16384
mean(sgnprob[1:i - 1]) = 0.31833098921706515
6528/16384
mean(sgnprob[1:i - 1]) = 0.3222000919258465
6656/16384
mean(sgnprob[1:i - 1]) = 0.3274229902329076
6784/16384
mean(sgnprob[1:i - 1]) = 0.33008993070912573
6912/16384
mean(sgnprob[1:i - 1]) = 0.3355520185211981
7040/16384
mean(sgnprob[1:i - 1]) = 0.3223469242790169
7168/16384
mean(sgnprob[1:i - 1]) = 0.32579880005581136
7296/16384
mean(sgnprob[1:i - 1]) = 0.3296778615490062
7424/16384
mean(sgnprob[1:i - 1]) = 0.3304593829987876
7552/16384
mean(sgnprob[1:i - 1]) = 0.3322738710104622
7680/16384
mean(sgnprob[1:i - 1]) = 0.33663237400703216
7808/16384
mean(sgnprob[1:i - 1]) = 0.3208658895862687
7936/16384
mean(sgnprob[1:i - 1]) = 0.3217391304347826
8064/16384
mean(sgnprob[1:i - 1]) = 0.32481706560833434
8192/16384
mean(sgnprob[1:i - 1]) = 0.32706629227200584
8320/16384
mean(sgnprob[1:i - 1]) = 0.3306887847097007
8448/16384
mean(sgnprob[1:i - 1]) = 0.33325440984965077
8576/16384
mean(sgnprob[1:i - 1]) = 0.33714285714285713
8704/16384
mean(sgnprob[1:i - 1]) = 0.34068711938412044
8832/16384
mean(sgnprob[1:i - 1]) = 0.3434492129996603
8960/16384
mean(sgnprob[1:i - 1]) = 0.34747181605089855
9088/16384
mean(sgnprob[1:i - 1]) = 0.3368548475844613
9216/16384
mean(sgnprob[1:i - 1]) = 0.3402061855670103
9344/16384
mean(sgnprob[1:i - 1]) = 0.3432516322380392
9472/16384
mean(sgnprob[1:i - 1]) = 0.3470594446204202
9600/16384
mean(sgnprob[1:i - 1]) = 0.3486821543910824
9728/16384
mean(sgnprob[1:i - 1]) = 0.35005654364141053
9856/16384
mean(sgnprob[1:i - 1]) = 0.3373921867072552
9984/16384
mean(sgnprob[1:i - 1]) = 0.34007813282580385
10112/16384
mean(sgnprob[1:i - 1]) = 0.3430916823261794
10240/16384
mean(sgnprob[1:i - 1]) = 0.34544389100498096
10368/16384
mean(sgnprob[1:i - 1]) = 0.34870261406385644
10496/16384
mean(sgnprob[1:i - 1]) = 0.35054787994282993
10624/16384
mean(sgnprob[1:i - 1]) = 0.35253694813141295
10752/16384
mean(sgnprob[1:i - 1]) = 0.35578085759464234
10880/16384
mean(sgnprob[1:i - 1]) = 0.35839691148083463
11008/16384
mean(sgnprob[1:i - 1]) = 0.36204233669483055
11136/16384
mean(sgnprob[1:i - 1]) = 0.36344858554108667
11264/16384
mean(sgnprob[1:i - 1]) = 0.36695374234218237
11392/16384
mean(sgnprob[1:i - 1]) = 0.3677464665086472
11520/16384
mean(sgnprob[1:i - 1]) = 0.369736956333015
11648/16384
mean(sgnprob[1:i - 1]) = 0.37151197733321883
11776/16384
mean(sgnprob[1:i - 1]) = 0.37341825902335457
11904/16384
mean(sgnprob[1:i - 1]) = 0.37561959169957154
12032/16384
mean(sgnprob[1:i - 1]) = 0.37810655805834925
12160/16384
mean(sgnprob[1:i - 1]) = 0.3808701373468213
12288/16384
mean(sgnprob[1:i - 1]) = 0.38194840074875885
12416/16384
mean(sgnprob[1:i - 1]) = 0.38445428916633106
12544/16384
mean(sgnprob[1:i - 1]) = 0.385473969544766
12672/16384
mean(sgnprob[1:i - 1]) = 0.37605555994002055
12800/16384
mean(sgnprob[1:i - 1]) = 0.37729510117977966
12928/16384
mean(sgnprob[1:i - 1]) = 0.37866481008741393
13056/16384
mean(sgnprob[1:i - 1]) = 0.3797012638835695
13184/16384
mean(sgnprob[1:i - 1]) = 0.3816278540544641
13312/16384
mean(sgnprob[1:i - 1]) = 0.3826158816016828
13440/16384
mean(sgnprob[1:i - 1]) = 0.38462683235359774
13568/16384
mean(sgnprob[1:i - 1]) = 0.3855679221640746
13696/16384
mean(sgnprob[1:i - 1]) = 0.38649142022635996
13824/16384
mean(sgnprob[1:i - 1]) = 0.38841061998119075
13952/16384
mean(sgnprob[1:i - 1]) = 0.38040283850620027
14080/16384
mean(sgnprob[1:i - 1]) = 0.37325094111797713
14208/16384
mean(sgnprob[1:i - 1]) = 0.37467445625395934
14336/16384
mean(sgnprob[1:i - 1]) = 0.37467736309731425
14464/16384
mean(sgnprob[1:i - 1]) = 0.366244900781304
14592/16384
mean(sgnprob[1:i - 1]) = 0.35796038653964773
14720/16384
mean(sgnprob[1:i - 1]) = 0.36028262789591686
14848/16384
mean(sgnprob[1:i - 1]) = 0.35380885027278236
14976/16384
mean(sgnprob[1:i - 1]) = 0.3551919866444073
15104/16384
mean(sgnprob[1:i - 1]) = 0.35747864662649803
15232/16384
mean(sgnprob[1:i - 1]) = 0.3498785371938809
15360/16384
mean(sgnprob[1:i - 1]) = 0.35178071489029233
15488/16384
mean(sgnprob[1:i - 1]) = 0.34461160973719895
15616/16384
mean(sgnprob[1:i - 1]) = 0.34601344860710853
15744/16384
mean(sgnprob[1:i - 1]) = 0.34815473543797243
15872/16384
mean(sgnprob[1:i - 1]) = 0.3500094512003024
16000/16384
mean(sgnprob[1:i - 1]) = 0.34258391149446843
16128/16384
mean(sgnprob[1:i - 1]) = 0.34321324486885346
16256/16384
mean(sgnprob[1:i - 1]) = 0.33632728391264227
16384/16384
mean(sgnprob[1:i - 1]) = 0.3294268449002014
803.413898 seconds (167.11 M allocations: 70.745 GiB, 1.60% gc time, 1.24% compilation time)
