## SLURM PROLOG ###############################################################
##    Job ID : 8833931
##  Job Name : sbatch_etgent.sh
##  Nodelist : node1733
##      CPUs : 8
##  Mem/Node : 4096 MB
## Directory : /oscar/home/trazzaz/AFQMC
##   Job Started : Fri Feb 28 02:15:27 AM EST 2025
###############################################################################
seed = 1485
U = 2.0
β = 6.0
Warming up
128/1024
256/1024
384/1024
512/1024
640/1024
768/1024
896/1024
1024/1024
Measuring
128/16384
mean(sgnprob[1:i - 1]) = -0.49606299212598426
256/16384
mean(sgnprob[1:i - 1]) = -0.09019607843137255
384/16384
mean(sgnprob[1:i - 1]) = 0.07571801566579635
512/16384
mean(sgnprob[1:i - 1]) = 0.14677103718199608
640/16384
mean(sgnprob[1:i - 1]) = 0.18309859154929578
768/16384
mean(sgnprob[1:i - 1]) = 0.2255541069100391
896/16384
mean(sgnprob[1:i - 1]) = 0.264804469273743
1024/16384
mean(sgnprob[1:i - 1]) = 0.2844574780058651
1152/16384
mean(sgnprob[1:i - 1]) = 0.19374456993918332
1280/16384
mean(sgnprob[1:i - 1]) = 0.22752150117279124
1408/16384
mean(sgnprob[1:i - 1]) = 0.25515280739161333
1536/16384
mean(sgnprob[1:i - 1]) = 0.2703583061889251
1664/16384
mean(sgnprob[1:i - 1]) = 0.28923631990378834
1792/16384
mean(sgnprob[1:i - 1]) = 0.30206588498045783
1920/16384
mean(sgnprob[1:i - 1]) = 0.3183949973944763
2048/16384
mean(sgnprob[1:i - 1]) = 0.2564728871519297
2176/16384
mean(sgnprob[1:i - 1]) = 0.2110344827586207
2304/16384
mean(sgnprob[1:i - 1]) = 0.2262266608771168
2432/16384
mean(sgnprob[1:i - 1]) = 0.18634306869600986
2560/16384
mean(sgnprob[1:i - 1]) = 0.20203204376709652
2688/16384
mean(sgnprob[1:i - 1]) = 0.21771492370673615
2816/16384
mean(sgnprob[1:i - 1]) = 0.22770870337477797
2944/16384
mean(sgnprob[1:i - 1]) = 0.2381923207611281
3072/16384
mean(sgnprob[1:i - 1]) = 0.2054705307717356
3200/16384
mean(sgnprob[1:i - 1]) = 0.17849327914973429
3328/16384
mean(sgnprob[1:i - 1]) = 0.19086263901412684
3456/16384
mean(sgnprob[1:i - 1]) = 0.20520984081041968
3584/16384
mean(sgnprob[1:i - 1]) = 0.21853195646106616
3712/16384
mean(sgnprob[1:i - 1]) = 0.23201293451899757
3840/16384
mean(sgnprob[1:i - 1]) = 0.24303203959364417
3968/16384
mean(sgnprob[1:i - 1]) = 0.2523317368288379
4096/16384
mean(sgnprob[1:i - 1]) = 0.2288156288156288
4224/16384
mean(sgnprob[1:i - 1]) = 0.23987686478806536
4352/16384
mean(sgnprob[1:i - 1]) = 0.2447713169386348
4480/16384
mean(sgnprob[1:i - 1]) = 0.24938602366599688
4608/16384
mean(sgnprob[1:i - 1]) = 0.25634903407857607
4736/16384
mean(sgnprob[1:i - 1]) = 0.2654699049630412
4864/16384
mean(sgnprob[1:i - 1]) = 0.24449928027966275
4992/16384
mean(sgnprob[1:i - 1]) = 0.25065117210979765
5120/16384
mean(sgnprob[1:i - 1]) = 0.2607931236569643
5248/16384
mean(sgnprob[1:i - 1]) = 0.26739089003239946
5376/16384
mean(sgnprob[1:i - 1]) = 0.27590697674418607
5504/16384
mean(sgnprob[1:i - 1]) = 0.2582227875704161
5632/16384
mean(sgnprob[1:i - 1]) = 0.23921150772509323
5760/16384
mean(sgnprob[1:i - 1]) = 0.24604966139954854
5888/16384
mean(sgnprob[1:i - 1]) = 0.25428911160183454
6016/16384
mean(sgnprob[1:i - 1]) = 0.2608478802992519
6144/16384
mean(sgnprob[1:i - 1]) = 0.26680774865700796
6272/16384
mean(sgnprob[1:i - 1]) = 0.2718864614893956
6400/16384
mean(sgnprob[1:i - 1]) = 0.2773870917330833
6528/16384
mean(sgnprob[1:i - 1]) = 0.26244829171135287
6656/16384
mean(sgnprob[1:i - 1]) = 0.2685199098422239
6784/16384
mean(sgnprob[1:i - 1]) = 0.2731829573934837
6912/16384
mean(sgnprob[1:i - 1]) = 0.2788308493705687
7040/16384
mean(sgnprob[1:i - 1]) = 0.28256854666856085
7168/16384
mean(sgnprob[1:i - 1]) = 0.28589367936375054
7296/16384
mean(sgnprob[1:i - 1]) = 0.2901987662782728
7424/16384
mean(sgnprob[1:i - 1]) = 0.2951636804526472
7552/16384
mean(sgnprob[1:i - 1]) = 0.28036021718977616
7680/16384
mean(sgnprob[1:i - 1]) = 0.2868863133220471
7808/16384
mean(sgnprob[1:i - 1]) = 0.29140514922505445
7936/16384
mean(sgnprob[1:i - 1]) = 0.29502205419029615
8064/16384
mean(sgnprob[1:i - 1]) = 0.28140890487411635
8192/16384
mean(sgnprob[1:i - 1]) = 0.284336466853864
8320/16384
mean(sgnprob[1:i - 1]) = 0.2698641663661498
8448/16384
mean(sgnprob[1:i - 1]) = 0.2757191902450574
8576/16384
mean(sgnprob[1:i - 1]) = 0.279533527696793
8704/16384
mean(sgnprob[1:i - 1]) = 0.26806848213259793
8832/16384
mean(sgnprob[1:i - 1]) = 0.2707507643528479
8960/16384
mean(sgnprob[1:i - 1]) = 0.2749190757897087
9088/16384
mean(sgnprob[1:i - 1]) = 0.26158248046660065
9216/16384
mean(sgnprob[1:i - 1]) = 0.26576234400434073
9344/16384
mean(sgnprob[1:i - 1]) = 0.26961361447072674
9472/16384
mean(sgnprob[1:i - 1]) = 0.25667828106852497
9600/16384
mean(sgnprob[1:i - 1]) = 0.26033961871028233
9728/16384
mean(sgnprob[1:i - 1]) = 0.2643158219389329
9856/16384
mean(sgnprob[1:i - 1]) = 0.26615930999492643
9984/16384
mean(sgnprob[1:i - 1]) = 0.2707602924972453
10112/16384
mean(sgnprob[1:i - 1]) = 0.26021165067748
10240/16384
mean(sgnprob[1:i - 1]) = 0.264967281961129
10368/16384
mean(sgnprob[1:i - 1]) = 0.26806212018906145
10496/16384
mean(sgnprob[1:i - 1]) = 0.25831348261076703
10624/16384
mean(sgnprob[1:i - 1]) = 0.2623552668737645
10752/16384
mean(sgnprob[1:i - 1]) = 0.2525346479397265
10880/16384
mean(sgnprob[1:i - 1]) = 0.2558139534883721
11008/16384
mean(sgnprob[1:i - 1]) = 0.26047060961206503
11136/16384
mean(sgnprob[1:i - 1]) = 0.26394252357431525
11264/16384
mean(sgnprob[1:i - 1]) = 0.26680280564680814
11392/16384
mean(sgnprob[1:i - 1]) = 0.2687209200245808
11520/16384
mean(sgnprob[1:i - 1]) = 0.27077003212084383
11648/16384
mean(sgnprob[1:i - 1]) = 0.2729458229587018
11776/16384
mean(sgnprob[1:i - 1]) = 0.27609341825902334
11904/16384
mean(sgnprob[1:i - 1]) = 0.27816516844492983
12032/16384
mean(sgnprob[1:i - 1]) = 0.2803590723963095
12160/16384
mean(sgnprob[1:i - 1]) = 0.28283575951969736
12288/16384
mean(sgnprob[1:i - 1]) = 0.28460975014242695
12416/16384
mean(sgnprob[1:i - 1]) = 0.2874748288360854
12544/16384
mean(sgnprob[1:i - 1]) = 0.289962528900582
12672/16384
mean(sgnprob[1:i - 1]) = 0.2920842869544629
12800/16384
mean(sgnprob[1:i - 1]) = 0.2846316118446754
12928/16384
mean(sgnprob[1:i - 1]) = 0.2861452773265259
13056/16384
mean(sgnprob[1:i - 1]) = 0.27767139027192644
13184/16384
mean(sgnprob[1:i - 1]) = 0.2696654782674657
13312/16384
mean(sgnprob[1:i - 1]) = 0.2622642926902562
13440/16384
mean(sgnprob[1:i - 1]) = 0.26527271374358213
13568/16384
mean(sgnprob[1:i - 1]) = 0.2577577946487801
13696/16384
mean(sgnprob[1:i - 1]) = 0.2600219058050383
13824/16384
mean(sgnprob[1:i - 1]) = 0.26296751790494105
13952/16384
mean(sgnprob[1:i - 1]) = 0.2648555659092538
14080/16384
mean(sgnprob[1:i - 1]) = 0.26713544996093475
14208/16384
mean(sgnprob[1:i - 1]) = 0.26796649538959666
14336/16384
mean(sgnprob[1:i - 1]) = 0.2708754795953959
14464/16384
mean(sgnprob[1:i - 1]) = 0.2734564060015211
14592/16384
mean(sgnprob[1:i - 1]) = 0.27489548351723664
14720/16384
mean(sgnprob[1:i - 1]) = 0.27563013791697805
14848/16384
mean(sgnprob[1:i - 1]) = 0.27756449114299186
14976/16384
mean(sgnprob[1:i - 1]) = 0.27986644407345573
15104/16384
mean(sgnprob[1:i - 1]) = 0.2815996821823479
15232/16384
mean(sgnprob[1:i - 1]) = 0.274768564112665
15360/16384
mean(sgnprob[1:i - 1]) = 0.2767758317598802
15488/16384
mean(sgnprob[1:i - 1]) = 0.2779750758700846
15616/16384
mean(sgnprob[1:i - 1]) = 0.2794108229266731
15744/16384
mean(sgnprob[1:i - 1]) = 0.2822206695039065
15872/16384
mean(sgnprob[1:i - 1]) = 0.2848591771154937
16000/16384
mean(sgnprob[1:i - 1]) = 0.2785799112444528
16128/16384
mean(sgnprob[1:i - 1]) = 0.2792211818689155
16256/16384
mean(sgnprob[1:i - 1]) = 0.27382343894186406
16384/16384
mean(sgnprob[1:i - 1]) = 0.2768113288164561
743.939771 seconds (167.11 M allocations: 70.745 GiB, 1.69% gc time, 1.33% compilation time)
