## SLURM PROLOG ###############################################################
##    Job ID : 8833984
##  Job Name : sbatch_etgent.sh
##  Nodelist : node1322
##      CPUs : 8
##  Mem/Node : 4096 MB
## Directory : /oscar/home/trazzaz/AFQMC
##   Job Started : Fri Feb 28 03:44:06 AM EST 2025
###############################################################################
seed = 1538
U = 2.0
β = 6.0
Warming up
128/1024
256/1024
384/1024
512/1024
640/1024
768/1024
896/1024
1024/1024
Measuring
128/16384
mean(sgnprob[1:i - 1]) = 0.2755905511811024
256/16384
mean(sgnprob[1:i - 1]) = -0.011764705882352941
384/16384
mean(sgnprob[1:i - 1]) = 0.08616187989556136
512/16384
mean(sgnprob[1:i - 1]) = 0.009784735812133072
640/16384
mean(sgnprob[1:i - 1]) = 0.06103286384976526
768/16384
mean(sgnprob[1:i - 1]) = -0.00651890482398957
896/16384
mean(sgnprob[1:i - 1]) = 0.02569832402234637
1024/16384
mean(sgnprob[1:i - 1]) = 0.0635386119257087
1152/16384
mean(sgnprob[1:i - 1]) = 0.03214596003475239
1280/16384
mean(sgnprob[1:i - 1]) = 0.04925723221266615
1408/16384
mean(sgnprob[1:i - 1]) = 0.0845771144278607
1536/16384
mean(sgnprob[1:i - 1]) = 0.1022801302931596
1664/16384
mean(sgnprob[1:i - 1]) = 0.05953096812988575
1792/16384
mean(sgnprob[1:i - 1]) = 0.07202680067001675
1920/16384
mean(sgnprob[1:i - 1]) = 0.08494007295466388
2048/16384
mean(sgnprob[1:i - 1]) = 0.05813385442110405
2176/16384
mean(sgnprob[1:i - 1]) = 0.07954022988505748
2304/16384
mean(sgnprob[1:i - 1]) = 0.05948762483716891
2432/16384
mean(sgnprob[1:i - 1]) = 0.07363225010283833
2560/16384
mean(sgnprob[1:i - 1]) = 0.08479874951152794
2688/16384
mean(sgnprob[1:i - 1]) = 0.09862299962783774
2816/16384
mean(sgnprob[1:i - 1]) = 0.10195381882770871
2944/16384
mean(sgnprob[1:i - 1]) = 0.10635406048250085
3072/16384
mean(sgnprob[1:i - 1]) = 0.09084988603060892
3200/16384
mean(sgnprob[1:i - 1]) = 0.07408565176617693
3328/16384
mean(sgnprob[1:i - 1]) = 0.0844604749023144
3456/16384
mean(sgnprob[1:i - 1]) = 0.09117221418234443
3584/16384
mean(sgnprob[1:i - 1]) = 0.10075355847055541
3712/16384
mean(sgnprob[1:i - 1]) = 0.1026677445432498
3840/16384
mean(sgnprob[1:i - 1]) = 0.10705912998176609
3968/16384
mean(sgnprob[1:i - 1]) = 0.09352155281068818
4096/16384
mean(sgnprob[1:i - 1]) = 0.10134310134310134
4224/16384
mean(sgnprob[1:i - 1]) = 0.10395453469097798
4352/16384
mean(sgnprob[1:i - 1]) = 0.09216272121351414
4480/16384
mean(sgnprob[1:i - 1]) = 0.08372404554588078
4608/16384
mean(sgnprob[1:i - 1]) = 0.08747558063815933
4736/16384
mean(sgnprob[1:i - 1]) = 0.09271383315733897
4864/16384
mean(sgnprob[1:i - 1]) = 0.08245938720954143
4992/16384
mean(sgnprob[1:i - 1]) = 0.090763374073332
5120/16384
mean(sgnprob[1:i - 1]) = 0.07989841765969916
5248/16384
mean(sgnprob[1:i - 1]) = 0.06956356012959787
5376/16384
mean(sgnprob[1:i - 1]) = 0.061953488372093024
5504/16384
mean(sgnprob[1:i - 1]) = 0.0695984008722515
5632/16384
mean(sgnprob[1:i - 1]) = 0.07440951873557095
5760/16384
mean(sgnprob[1:i - 1]) = 0.06511547143601319
5888/16384
mean(sgnprob[1:i - 1]) = 0.07355189400373705
6016/16384
mean(sgnprob[1:i - 1]) = 0.06600166251039069
6144/16384
mean(sgnprob[1:i - 1]) = 0.07016115904281296
6272/16384
mean(sgnprob[1:i - 1]) = 0.06298835911337905
6400/16384
mean(sgnprob[1:i - 1]) = 0.06797937177684013
6528/16384
mean(sgnprob[1:i - 1]) = 0.06204994637658955
6656/16384
mean(sgnprob[1:i - 1]) = 0.06626596543951915
6784/16384
mean(sgnprob[1:i - 1]) = 0.07386112339672711
6912/16384
mean(sgnprob[1:i - 1]) = 0.07307191433945884
7040/16384
mean(sgnprob[1:i - 1]) = 0.07628924563148175
7168/16384
mean(sgnprob[1:i - 1]) = 0.07883354262592437
7296/16384
mean(sgnprob[1:i - 1]) = 0.08594928032899246
7424/16384
mean(sgnprob[1:i - 1]) = 0.09281961471103327
7552/16384
mean(sgnprob[1:i - 1]) = 0.08435968745861476
7680/16384
mean(sgnprob[1:i - 1]) = 0.08607891652558927
7808/16384
mean(sgnprob[1:i - 1]) = 0.09184065582169848
7936/16384
mean(sgnprob[1:i - 1]) = 0.09514807813484562
8064/16384
mean(sgnprob[1:i - 1]) = 0.08694034478481955
8192/16384
mean(sgnprob[1:i - 1]) = 0.07825662312293981
8320/16384
mean(sgnprob[1:i - 1]) = 0.08041831950955644
8448/16384
mean(sgnprob[1:i - 1]) = 0.0754113886586954
8576/16384
mean(sgnprob[1:i - 1]) = 0.07008746355685132
8704/16384
mean(sgnprob[1:i - 1]) = 0.07365276341491439
8832/16384
mean(sgnprob[1:i - 1]) = 0.06556448873287284
8960/16384
mean(sgnprob[1:i - 1]) = 0.06953901105034044
9088/16384
mean(sgnprob[1:i - 1]) = 0.06437768240343347
9216/16384
mean(sgnprob[1:i - 1]) = 0.06673901247965273
9344/16384
mean(sgnprob[1:i - 1]) = 0.06218559349245424
9472/16384
mean(sgnprob[1:i - 1]) = 0.0545876887340302
9600/16384
mean(sgnprob[1:i - 1]) = 0.058443587873736845
9728/16384
mean(sgnprob[1:i - 1]) = 0.05315102292587642
9856/16384
mean(sgnprob[1:i - 1]) = 0.05733130390664637
9984/16384
mean(sgnprob[1:i - 1]) = 0.0535911048782931
10112/16384
mean(sgnprob[1:i - 1]) = 0.05034121254079715
10240/16384
mean(sgnprob[1:i - 1]) = 0.055376501611485496
10368/16384
mean(sgnprob[1:i - 1]) = 0.059322851355261885
10496/16384
mean(sgnprob[1:i - 1]) = 0.062029537875178654
10624/16384
mean(sgnprob[1:i - 1]) = 0.0644827261602184
10752/16384
mean(sgnprob[1:i - 1]) = 0.05962236071063157
10880/16384
mean(sgnprob[1:i - 1]) = 0.05450868646015259
11008/16384
mean(sgnprob[1:i - 1]) = 0.05750885799945489
11136/16384
mean(sgnprob[1:i - 1]) = 0.062236192186798385
11264/16384
mean(sgnprob[1:i - 1]) = 0.06543549675930037
11392/16384
mean(sgnprob[1:i - 1]) = 0.06891405495566676
11520/16384
mean(sgnprob[1:i - 1]) = 0.07144717423387446
11648/16384
mean(sgnprob[1:i - 1]) = 0.07409633381986777
11776/16384
mean(sgnprob[1:i - 1]) = 0.07668789808917198
11904/16384
mean(sgnprob[1:i - 1]) = 0.0803998991850794
12032/16384
mean(sgnprob[1:i - 1]) = 0.08353420330812068
12160/16384
mean(sgnprob[1:i - 1]) = 0.08495764454313677
12288/16384
mean(sgnprob[1:i - 1]) = 0.08765361764466509
12416/16384
mean(sgnprob[1:i - 1]) = 0.09077728554168345
12544/16384
mean(sgnprob[1:i - 1]) = 0.09256158813680937
12672/16384
mean(sgnprob[1:i - 1]) = 0.0884697340383553
12800/16384
mean(sgnprob[1:i - 1]) = 0.09039768731932182
12928/16384
mean(sgnprob[1:i - 1]) = 0.09275160516747892
13056/16384
mean(sgnprob[1:i - 1]) = 0.08770585982382229
13184/16384
mean(sgnprob[1:i - 1]) = 0.08988849275582189
13312/16384
mean(sgnprob[1:i - 1]) = 0.09263015551048005
13440/16384
mean(sgnprob[1:i - 1]) = 0.08832502418334698
13568/16384
mean(sgnprob[1:i - 1]) = 0.09191420358222156
13696/16384
mean(sgnprob[1:i - 1]) = 0.09470609711573567
13824/16384
mean(sgnprob[1:i - 1]) = 0.0896332199956594
13952/16384
mean(sgnprob[1:i - 1]) = 0.08924091462977564
14080/16384
mean(sgnprob[1:i - 1]) = 0.09212302010085943
14208/16384
mean(sgnprob[1:i - 1]) = 0.0927007813049905
14336/16384
mean(sgnprob[1:i - 1]) = 0.08810603418207186
14464/16384
mean(sgnprob[1:i - 1]) = 0.08981539099771832
14592/16384
mean(sgnprob[1:i - 1]) = 0.08642313755054486
14720/16384
mean(sgnprob[1:i - 1]) = 0.08811739927984238
14848/16384
mean(sgnprob[1:i - 1]) = 0.08452886104937024
14976/16384
mean(sgnprob[1:i - 1]) = 0.08140233722871452
15104/16384
mean(sgnprob[1:i - 1]) = 0.08309607362775608
15232/16384
mean(sgnprob[1:i - 1]) = 0.08515527542511982
15360/16384
mean(sgnprob[1:i - 1]) = 0.08822188944592747
15488/16384
mean(sgnprob[1:i - 1]) = 0.08478078388325692
15616/16384
mean(sgnprob[1:i - 1]) = 0.0861351264809478
15744/16384
mean(sgnprob[1:i - 1]) = 0.08810264879629041
15872/16384
mean(sgnprob[1:i - 1]) = 0.08966038686913239
16000/16384
mean(sgnprob[1:i - 1]) = 0.09069316832302018
16128/16384
mean(sgnprob[1:i - 1]) = 0.08662491473925715
16256/16384
mean(sgnprob[1:i - 1]) = 0.08803445093817287
16384/16384
mean(sgnprob[1:i - 1]) = 0.08966611731673076
810.051119 seconds (167.11 M allocations: 70.745 GiB, 2.32% gc time, 1.31% compilation time)
