## SLURM PROLOG ###############################################################
##    Job ID : 8822301
##  Job Name : sbatch_etgent.sh
##  Nodelist : node1736
##      CPUs : 8
##  Mem/Node : 4096 MB
## Directory : /oscar/home/trazzaz/AFQMC
##   Job Started : Thu Feb 27 07:05:25 PM EST 2025
###############################################################################
seed = 1296
U = 2.0
β = 6.0
Warming up
128/1024
256/1024
384/1024
512/1024
640/1024
768/1024
896/1024
1024/1024
Measuring
128/16384
mean(sgnprob[1:i - 1]) = 0.41732283464566927
256/16384
mean(sgnprob[1:i - 1]) = -0.011764705882352941
384/16384
mean(sgnprob[1:i - 1]) = 0.14882506527415143
512/16384
mean(sgnprob[1:i - 1]) = 0.2720156555772994
640/16384
mean(sgnprob[1:i - 1]) = 0.3364632237871675
768/16384
mean(sgnprob[1:i - 1]) = 0.39765319426336376
896/16384
mean(sgnprob[1:i - 1]) = 0.423463687150838
1024/16384
mean(sgnprob[1:i - 1]) = 0.4467253176930596
1152/16384
mean(sgnprob[1:i - 1]) = 0.33796698523023455
1280/16384
mean(sgnprob[1:i - 1]) = 0.34792806880375293
1408/16384
mean(sgnprob[1:i - 1]) = 0.3617626154939588
1536/16384
mean(sgnprob[1:i - 1]) = 0.28469055374592833
1664/16384
mean(sgnprob[1:i - 1]) = 0.29164161154539986
1792/16384
mean(sgnprob[1:i - 1]) = 0.23618090452261306
1920/16384
mean(sgnprob[1:i - 1]) = 0.24648254299114122
2048/16384
mean(sgnprob[1:i - 1]) = 0.1968734733756717
2176/16384
mean(sgnprob[1:i - 1]) = 0.2193103448275862
2304/16384
mean(sgnprob[1:i - 1]) = 0.2357794181502388
2432/16384
mean(sgnprob[1:i - 1]) = 0.19292472233648705
2560/16384
mean(sgnprob[1:i - 1]) = 0.1684251660805002
2688/16384
mean(sgnprob[1:i - 1]) = 0.18719761816151842
2816/16384
mean(sgnprob[1:i - 1]) = 0.14884547069271759
2944/16384
mean(sgnprob[1:i - 1]) = 0.16955487597689434
3072/16384
mean(sgnprob[1:i - 1]) = 0.14034516444154999
3200/16384
mean(sgnprob[1:i - 1]) = 0.1578618318224445
3328/16384
mean(sgnprob[1:i - 1]) = 0.17162608957018335
3456/16384
mean(sgnprob[1:i - 1]) = 0.18552821997105645
3584/16384
mean(sgnprob[1:i - 1]) = 0.19955344683226348
3712/16384
mean(sgnprob[1:i - 1]) = 0.17380759902991108
3840/16384
mean(sgnprob[1:i - 1]) = 0.18416254232873144
3968/16384
mean(sgnprob[1:i - 1]) = 0.15805394504663473
4096/16384
mean(sgnprob[1:i - 1]) = 0.1711843711843712
4224/16384
mean(sgnprob[1:i - 1]) = 0.18257163154155814
4352/16384
mean(sgnprob[1:i - 1]) = 0.19512755688347505
4480/16384
mean(sgnprob[1:i - 1]) = 0.20339361464612637
4608/16384
mean(sgnprob[1:i - 1]) = 0.21033210332103322
4736/16384
mean(sgnprob[1:i - 1]) = 0.22280887011615627
4864/16384
mean(sgnprob[1:i - 1]) = 0.23298375488381656
4992/16384
mean(sgnprob[1:i - 1]) = 0.21498697655780405
5120/16384
mean(sgnprob[1:i - 1]) = 0.22289509669857394
5248/16384
mean(sgnprob[1:i - 1]) = 0.20487897846388411
5376/16384
mean(sgnprob[1:i - 1]) = 0.1869767441860465
5504/16384
mean(sgnprob[1:i - 1]) = 0.19353080138106488
5632/16384
mean(sgnprob[1:i - 1]) = 0.2022731308826141
5760/16384
mean(sgnprob[1:i - 1]) = 0.18458065636395207
5888/16384
mean(sgnprob[1:i - 1]) = 0.17275352471547478
6016/16384
mean(sgnprob[1:i - 1]) = 0.17938487115544471
6144/16384
mean(sgnprob[1:i - 1]) = 0.1883444571056487
6272/16384
mean(sgnprob[1:i - 1]) = 0.19661935895391486
6400/16384
mean(sgnprob[1:i - 1]) = 0.20050007813720894
6528/16384
mean(sgnprob[1:i - 1]) = 0.20759920330933046
6656/16384
mean(sgnprob[1:i - 1]) = 0.2126220886551465
6784/16384
mean(sgnprob[1:i - 1]) = 0.22069880583812473
6912/16384
mean(sgnprob[1:i - 1]) = 0.22731876718275212
7040/16384
mean(sgnprob[1:i - 1]) = 0.2339820997300753
7168/16384
mean(sgnprob[1:i - 1]) = 0.22087344774661644
7296/16384
mean(sgnprob[1:i - 1]) = 0.22549691569568198
7424/16384
mean(sgnprob[1:i - 1]) = 0.23238582783241277
7552/16384
mean(sgnprob[1:i - 1]) = 0.23798172427493047
7680/16384
mean(sgnprob[1:i - 1]) = 0.24208881364761037
7808/16384
mean(sgnprob[1:i - 1]) = 0.24606122710388112
7936/16384
mean(sgnprob[1:i - 1]) = 0.25116572148708255
8064/16384
mean(sgnprob[1:i - 1]) = 0.2546198685352846
8192/16384
mean(sgnprob[1:i - 1]) = 0.2428274935905262
8320/16384
mean(sgnprob[1:i - 1]) = 0.2465440557759346
8448/16384
mean(sgnprob[1:i - 1]) = 0.2522789155913342
8576/16384
mean(sgnprob[1:i - 1]) = 0.24128279883381923
8704/16384
mean(sgnprob[1:i - 1]) = 0.2453177065379754
8832/16384
mean(sgnprob[1:i - 1]) = 0.2492356471520779
8960/16384
mean(sgnprob[1:i - 1]) = 0.2523719165085389
9088/16384
mean(sgnprob[1:i - 1]) = 0.25740068229338614
9216/16384
mean(sgnprob[1:i - 1]) = 0.26163863266413456
9344/16384
mean(sgnprob[1:i - 1]) = 0.26661671839880124
9472/16384
mean(sgnprob[1:i - 1]) = 0.2564671101256467
9600/16384
mean(sgnprob[1:i - 1]) = 0.2480466715282842
9728/16384
mean(sgnprob[1:i - 1]) = 0.2384085535108461
9856/16384
mean(sgnprob[1:i - 1]) = 0.2424150177574835
9984/16384
mean(sgnprob[1:i - 1]) = 0.24631874186116398
10112/16384
mean(sgnprob[1:i - 1]) = 0.24933241024626646
10240/16384
mean(sgnprob[1:i - 1]) = 0.2546147084676238
10368/16384
mean(sgnprob[1:i - 1]) = 0.25841612809877496
10496/16384
mean(sgnprob[1:i - 1]) = 0.2625059552167699
10624/16384
mean(sgnprob[1:i - 1]) = 0.25256518874141015
10752/16384
mean(sgnprob[1:i - 1]) = 0.25458096921216633
10880/16384
mean(sgnprob[1:i - 1]) = 0.25783619817997977
11008/16384
mean(sgnprob[1:i - 1]) = 0.24993186154265468
11136/16384
mean(sgnprob[1:i - 1]) = 0.2531656937584194
11264/16384
mean(sgnprob[1:i - 1]) = 0.24407351504927638
11392/16384
mean(sgnprob[1:i - 1]) = 0.24782723202528312
11520/16384
mean(sgnprob[1:i - 1]) = 0.2508030210955812
11648/16384
mean(sgnprob[1:i - 1]) = 0.2435820382931227
11776/16384
mean(sgnprob[1:i - 1]) = 0.24653927813163481
11904/16384
mean(sgnprob[1:i - 1]) = 0.24876081660085692
12032/16384
mean(sgnprob[1:i - 1]) = 0.2516000332474441
12160/16384
mean(sgnprob[1:i - 1]) = 0.255201908051649
12288/16384
mean(sgnprob[1:i - 1]) = 0.2468462602750875
12416/16384
mean(sgnprob[1:i - 1]) = 0.24977849375755135
12544/16384
mean(sgnprob[1:i - 1]) = 0.2531292354301204
12672/16384
mean(sgnprob[1:i - 1]) = 0.2447320653460658
12800/16384
mean(sgnprob[1:i - 1]) = 0.23619032736932574
12928/16384
mean(sgnprob[1:i - 1]) = 0.2392666511951729
13056/16384
mean(sgnprob[1:i - 1]) = 0.23094599770202986
13184/16384
mean(sgnprob[1:i - 1]) = 0.23310323901994995
13312/16384
mean(sgnprob[1:i - 1]) = 0.22485162647434453
13440/16384
mean(sgnprob[1:i - 1]) = 0.22866284693801622
13568/16384
mean(sgnprob[1:i - 1]) = 0.23107540355273826
13696/16384
mean(sgnprob[1:i - 1]) = 0.2230741146403797
13824/16384
mean(sgnprob[1:i - 1]) = 0.21681255877884684
13952/16384
mean(sgnprob[1:i - 1]) = 0.21898071822808401
14080/16384
mean(sgnprob[1:i - 1]) = 0.2124440656296612
14208/16384
mean(sgnprob[1:i - 1]) = 0.2158794960230872
14336/16384
mean(sgnprob[1:i - 1]) = 0.21953261248692013
14464/16384
mean(sgnprob[1:i - 1]) = 0.2231210675516836
14592/16384
mean(sgnprob[1:i - 1]) = 0.22554999657323008
14720/16384
mean(sgnprob[1:i - 1]) = 0.22875195325769412
14848/16384
mean(sgnprob[1:i - 1]) = 0.23055162659123055
14976/16384
mean(sgnprob[1:i - 1]) = 0.22430717863105176
15104/16384
mean(sgnprob[1:i - 1]) = 0.22690856121300404
15232/16384
mean(sgnprob[1:i - 1]) = 0.22986015363403584
15360/16384
mean(sgnprob[1:i - 1]) = 0.2326323328341689
15488/16384
mean(sgnprob[1:i - 1]) = 0.23535868793181378
15616/16384
mean(sgnprob[1:i - 1]) = 0.23765609990393852
15744/16384
mean(sgnprob[1:i - 1]) = 0.23978911262148256
15872/16384
mean(sgnprob[1:i - 1]) = 0.24188771974040704
16000/16384
mean(sgnprob[1:i - 1]) = 0.24357772360772548
16128/16384
mean(sgnprob[1:i - 1]) = 0.246729087865071
16256/16384
mean(sgnprob[1:i - 1]) = 0.2489695478314365
16384/16384
mean(sgnprob[1:i - 1]) = 0.25166330952816945
725.834036 seconds (167.11 M allocations: 70.745 GiB, 1.29% gc time, 1.24% compilation time)
