## SLURM PROLOG ###############################################################
##    Job ID : 8833908
##  Job Name : sbatch_etgent.sh
##  Nodelist : node1322
##      CPUs : 8
##  Mem/Node : 4096 MB
## Directory : /oscar/home/trazzaz/AFQMC
##   Job Started : Fri Feb 28 01:38:03 AM EST 2025
###############################################################################
seed = 1462
U = 2.0
β = 6.0
Warming up
128/1024
256/1024
384/1024
512/1024
640/1024
768/1024
896/1024
1024/1024
Measuring
128/16384
mean(sgnprob[1:i - 1]) = 0.41732283464566927
256/16384
mean(sgnprob[1:i - 1]) = 0.45098039215686275
384/16384
mean(sgnprob[1:i - 1]) = 0.5091383812010444
512/16384
mean(sgnprob[1:i - 1]) = 0.25244618395303325
640/16384
mean(sgnprob[1:i - 1]) = 0.1111111111111111
768/16384
mean(sgnprob[1:i - 1]) = 0.196870925684485
896/16384
mean(sgnprob[1:i - 1]) = 0.23798882681564246
1024/16384
mean(sgnprob[1:i - 1]) = 0.29227761485826004
1152/16384
mean(sgnprob[1:i - 1]) = 0.32754126846220677
1280/16384
mean(sgnprob[1:i - 1]) = 0.3385457388584832
1408/16384
mean(sgnprob[1:i - 1]) = 0.3646055437100213
1536/16384
mean(sgnprob[1:i - 1]) = 0.3785016286644951
1664/16384
mean(sgnprob[1:i - 1]) = 0.29645219482862295
1792/16384
mean(sgnprob[1:i - 1]) = 0.3176996091568956
1920/16384
mean(sgnprob[1:i - 1]) = 0.33611255862428346
2048/16384
mean(sgnprob[1:i - 1]) = 0.2721055202735711
2176/16384
mean(sgnprob[1:i - 1]) = 0.28367816091954023
2304/16384
mean(sgnprob[1:i - 1]) = 0.29222752930959617
2432/16384
mean(sgnprob[1:i - 1]) = 0.2505141916906623
2560/16384
mean(sgnprob[1:i - 1]) = 0.2692457991402892
2688/16384
mean(sgnprob[1:i - 1]) = 0.28247115742463713
2816/16384
mean(sgnprob[1:i - 1]) = 0.2966252220248668
2944/16384
mean(sgnprob[1:i - 1]) = 0.3143051308188923
3072/16384
mean(sgnprob[1:i - 1]) = 0.32204493650276783
3200/16384
mean(sgnprob[1:i - 1]) = 0.3354173179118475
3328/16384
mean(sgnprob[1:i - 1]) = 0.34235046588518186
3456/16384
mean(sgnprob[1:i - 1]) = 0.34703328509406656
3584/16384
mean(sgnprob[1:i - 1]) = 0.35249790678202625
3712/16384
mean(sgnprob[1:i - 1]) = 0.36189706278631095
3840/16384
mean(sgnprob[1:i - 1]) = 0.3722323521750456
3968/16384
mean(sgnprob[1:i - 1]) = 0.3435845727249811
4096/16384
mean(sgnprob[1:i - 1]) = 0.34945054945054943
4224/16384
mean(sgnprob[1:i - 1]) = 0.3554345252190386
4352/16384
mean(sgnprob[1:i - 1]) = 0.36060675706734086
4480/16384
mean(sgnprob[1:i - 1]) = 0.3650368385800402
4608/16384
mean(sgnprob[1:i - 1]) = 0.37139136097243325
4736/16384
mean(sgnprob[1:i - 1]) = 0.37444561774023233
4864/16384
mean(sgnprob[1:i - 1]) = 0.35101789019123997
4992/16384
mean(sgnprob[1:i - 1]) = 0.32959326788218796
5120/16384
mean(sgnprob[1:i - 1]) = 0.3350263723383473
5248/16384
mean(sgnprob[1:i - 1]) = 0.3146559939012769
5376/16384
mean(sgnprob[1:i - 1]) = 0.29711627906976745
5504/16384
mean(sgnprob[1:i - 1]) = 0.27748500817735783
5632/16384
mean(sgnprob[1:i - 1]) = 0.2797016515716569
5760/16384
mean(sgnprob[1:i - 1]) = 0.28598715054696994
5888/16384
mean(sgnprob[1:i - 1]) = 0.29199932053677596
6016/16384
mean(sgnprob[1:i - 1]) = 0.27315045719035747
6144/16384
mean(sgnprob[1:i - 1]) = 0.27787725866840307
6272/16384
mean(sgnprob[1:i - 1]) = 0.28368681231063625
6400/16384
mean(sgnprob[1:i - 1]) = 0.2886388498202844
6528/16384
mean(sgnprob[1:i - 1]) = 0.29339666002757775
6656/16384
mean(sgnprob[1:i - 1]) = 0.29797145003756575
6784/16384
mean(sgnprob[1:i - 1]) = 0.30414270971546514
6912/16384
mean(sgnprob[1:i - 1]) = 0.2912747793372884
7040/16384
mean(sgnprob[1:i - 1]) = 0.2936496661457593
7168/16384
mean(sgnprob[1:i - 1]) = 0.2962187805218362
7296/16384
mean(sgnprob[1:i - 1]) = 0.28252227553118575
7424/16384
mean(sgnprob[1:i - 1]) = 0.2690286945978715
7552/16384
mean(sgnprob[1:i - 1]) = 0.25705204608661103
7680/16384
mean(sgnprob[1:i - 1]) = 0.26240395884880846
7808/16384
mean(sgnprob[1:i - 1]) = 0.24964775201742026
7936/16384
mean(sgnprob[1:i - 1]) = 0.23705103969754254
8064/16384
mean(sgnprob[1:i - 1]) = 0.24097730373310183
8192/16384
mean(sgnprob[1:i - 1]) = 0.24722256134782078
8320/16384
mean(sgnprob[1:i - 1]) = 0.25063108546700325
8448/16384
mean(sgnprob[1:i - 1]) = 0.2544098496507636
8576/16384
mean(sgnprob[1:i - 1]) = 0.25924198250728864
8704/16384
mean(sgnprob[1:i - 1]) = 0.2600252786395496
8832/16384
mean(sgnprob[1:i - 1]) = 0.26395651681576265
8960/16384
mean(sgnprob[1:i - 1]) = 0.2673289429623842
9088/16384
mean(sgnprob[1:i - 1]) = 0.27148673929789807
9216/16384
mean(sgnprob[1:i - 1]) = 0.272924579489962
9344/16384
mean(sgnprob[1:i - 1]) = 0.2771058546505405
9472/16384
mean(sgnprob[1:i - 1]) = 0.2813852813852814
9600/16384
mean(sgnprob[1:i - 1]) = 0.28513386811126157
9728/16384
mean(sgnprob[1:i - 1]) = 0.28940063740104865
9856/16384
mean(sgnprob[1:i - 1]) = 0.28056823947234905
9984/16384
mean(sgnprob[1:i - 1]) = 0.26995893018130823
10112/16384
mean(sgnprob[1:i - 1]) = 0.27386015230936606
10240/16384
mean(sgnprob[1:i - 1]) = 0.27707783963277666
10368/16384
mean(sgnprob[1:i - 1]) = 0.2802160702228224
10496/16384
mean(sgnprob[1:i - 1]) = 0.2710814673654121
10624/16384
mean(sgnprob[1:i - 1]) = 0.2745928645392074
10752/16384
mean(sgnprob[1:i - 1]) = 0.2653706631941215
10880/16384
mean(sgnprob[1:i - 1]) = 0.2679474216380182
11008/16384
mean(sgnprob[1:i - 1]) = 0.25756336876533115
11136/16384
mean(sgnprob[1:i - 1]) = 0.2603502469690166
11264/16384
mean(sgnprob[1:i - 1]) = 0.263428926573737
11392/16384
mean(sgnprob[1:i - 1]) = 0.267667456764112
11520/16384
mean(sgnprob[1:i - 1]) = 0.2711172844865006
11648/16384
mean(sgnprob[1:i - 1]) = 0.27260238688074184
11776/16384
mean(sgnprob[1:i - 1]) = 0.2749044585987261
11904/16384
mean(sgnprob[1:i - 1]) = 0.27850121818029067
12032/16384
mean(sgnprob[1:i - 1]) = 0.2803590723963095
12160/16384
mean(sgnprob[1:i - 1]) = 0.28283575951969736
12288/16384
mean(sgnprob[1:i - 1]) = 0.28509807113209085
12416/16384
mean(sgnprob[1:i - 1]) = 0.27716472009665727
12544/16384
mean(sgnprob[1:i - 1]) = 0.2797576337399346
12672/16384
mean(sgnprob[1:i - 1]) = 0.28182463893931026
12800/16384
mean(sgnprob[1:i - 1]) = 0.2744745683256504
12928/16384
mean(sgnprob[1:i - 1]) = 0.2763982362497099
13056/16384
mean(sgnprob[1:i - 1]) = 0.27966296438146304
13184/16384
mean(sgnprob[1:i - 1]) = 0.28347113707046956
13312/16384
mean(sgnprob[1:i - 1]) = 0.274134174742694
13440/16384
mean(sgnprob[1:i - 1]) = 0.2756901555175236
13568/16384
mean(sgnprob[1:i - 1]) = 0.2689614505786099
13696/16384
mean(sgnprob[1:i - 1]) = 0.26104417670682734
13824/16384
mean(sgnprob[1:i - 1]) = 0.26296751790494105
13952/16384
mean(sgnprob[1:i - 1]) = 0.2571141853630564
14080/16384
mean(sgnprob[1:i - 1]) = 0.25960650614390224
14208/16384
mean(sgnprob[1:i - 1]) = 0.2514957415358626
14336/16384
mean(sgnprob[1:i - 1]) = 0.2531566096965469
14464/16384
mean(sgnprob[1:i - 1]) = 0.24635276222083938
14592/16384
mean(sgnprob[1:i - 1]) = 0.2398053594681653
14720/16384
mean(sgnprob[1:i - 1]) = 0.2417963176846253
14848/16384
mean(sgnprob[1:i - 1]) = 0.234592847039806
14976/16384
mean(sgnprob[1:i - 1]) = 0.23712854757929883
15104/16384
mean(sgnprob[1:i - 1]) = 0.23922399523273521
15232/16384
mean(sgnprob[1:i - 1]) = 0.24049635611581643
15360/16384
mean(sgnprob[1:i - 1]) = 0.23367406732209128
15488/16384
mean(sgnprob[1:i - 1]) = 0.23587525020985342
15616/16384
mean(sgnprob[1:i - 1]) = 0.22945885366634647
15744/16384
mean(sgnprob[1:i - 1]) = 0.224036079527409
15872/16384
mean(sgnprob[1:i - 1]) = 0.2187007749984248
16000/16384
mean(sgnprob[1:i - 1]) = 0.22095130945684105
16128/16384
mean(sgnprob[1:i - 1]) = 0.2240342283127674
16256/16384
mean(sgnprob[1:i - 1]) = 0.22682251614887727
16384/16384
mean(sgnprob[1:i - 1]) = 0.22883476774705488
819.780203 seconds (167.11 M allocations: 70.745 GiB, 2.43% gc time, 1.43% compilation time)
