## SLURM PROLOG ###############################################################
##    Job ID : 8833960
##  Job Name : sbatch_etgent.sh
##  Nodelist : node1322
##      CPUs : 8
##  Mem/Node : 4096 MB
## Directory : /oscar/home/trazzaz/AFQMC
##   Job Started : Fri Feb 28 03:02:15 AM EST 2025
###############################################################################
seed = 1514
U = 2.0
β = 6.0
Warming up
128/1024
256/1024
384/1024
512/1024
640/1024
768/1024
896/1024
1024/1024
Measuring
128/16384
mean(sgnprob[1:i - 1]) = -0.25984251968503935
256/16384
mean(sgnprob[1:i - 1]) = -0.011764705882352941
384/16384
mean(sgnprob[1:i - 1]) = 0.05483028720626632
512/16384
mean(sgnprob[1:i - 1]) = 0.01761252446183953
640/16384
mean(sgnprob[1:i - 1]) = -0.004694835680751174
768/16384
mean(sgnprob[1:i - 1]) = -0.03259452411994785
896/16384
mean(sgnprob[1:i - 1]) = -0.0033519553072625698
1024/16384
mean(sgnprob[1:i - 1]) = -0.026392961876832845
1152/16384
mean(sgnprob[1:i - 1]) = 0.004344048653344918
1280/16384
mean(sgnprob[1:i - 1]) = 0.035183737294761534
1408/16384
mean(sgnprob[1:i - 1]) = 0.05614783226723525
1536/16384
mean(sgnprob[1:i - 1]) = 0.031921824104234525
1664/16384
mean(sgnprob[1:i - 1]) = 0.013830426939266387
1792/16384
mean(sgnprob[1:i - 1]) = 0.022892238972640984
1920/16384
mean(sgnprob[1:i - 1]) = 0.03804064616988015
2048/16384
mean(sgnprob[1:i - 1]) = 0.023937469467513434
2176/16384
mean(sgnprob[1:i - 1]) = 0.035402298850574714
2304/16384
mean(sgnprob[1:i - 1]) = 0.04211897524967434
2432/16384
mean(sgnprob[1:i - 1]) = 0.028383381324557796
2560/16384
mean(sgnprob[1:i - 1]) = 0.04181320828448613
2688/16384
mean(sgnprob[1:i - 1]) = 0.05173055452177149
2816/16384
mean(sgnprob[1:i - 1]) = 0.059325044404973354
2944/16384
mean(sgnprob[1:i - 1]) = 0.047910295616717634
3072/16384
mean(sgnprob[1:i - 1]) = 0.03744708563985672
3200/16384
mean(sgnprob[1:i - 1]) = 0.04657705532979056
3328/16384
mean(sgnprob[1:i - 1]) = 0.042981665163811245
3456/16384
mean(sgnprob[1:i - 1]) = 0.03096960926193922
3584/16384
mean(sgnprob[1:i - 1]) = 0.039352497906782025
3712/16384
mean(sgnprob[1:i - 1]) = 0.039611964430072755
3840/16384
mean(sgnprob[1:i - 1]) = 0.02995571763480073
3968/16384
mean(sgnprob[1:i - 1]) = 0.035039072346861606
4096/16384
mean(sgnprob[1:i - 1]) = 0.040293040293040296
4224/16384
mean(sgnprob[1:i - 1]) = 0.04522851053753256
4352/16384
mean(sgnprob[1:i - 1]) = 0.034704665594116293
4480/16384
mean(sgnprob[1:i - 1]) = 0.03996427774056709
4608/16384
mean(sgnprob[1:i - 1]) = 0.045799869763403514
4736/16384
mean(sgnprob[1:i - 1]) = 0.05005279831045407
4864/16384
mean(sgnprob[1:i - 1]) = 0.052848036191651244
4992/16384
mean(sgnprob[1:i - 1]) = 0.057904227609697455
5120/16384
mean(sgnprob[1:i - 1]) = 0.06036335221722993
5248/16384
mean(sgnprob[1:i - 1]) = 0.05202973127501429
5376/16384
mean(sgnprob[1:i - 1]) = 0.0426046511627907
5504/16384
mean(sgnprob[1:i - 1]) = 0.04488460839542068
5632/16384
mean(sgnprob[1:i - 1]) = 0.04599538270289469
5760/16384
mean(sgnprob[1:i - 1]) = 0.047056780691092204
5888/16384
mean(sgnprob[1:i - 1]) = 0.04365551214540513
6016/16384
mean(sgnprob[1:i - 1]) = 0.03740648379052369
6144/16384
mean(sgnprob[1:i - 1]) = 0.028813283412013675
6272/16384
mean(sgnprob[1:i - 1]) = 0.033646946260564504
6400/16384
mean(sgnprob[1:i - 1]) = 0.02984841381465854
6528/16384
mean(sgnprob[1:i - 1]) = 0.024053929829937183
6656/16384
mean(sgnprob[1:i - 1]) = 0.024793388429752067
6784/16384
mean(sgnprob[1:i - 1]) = 0.01931298835323603
6912/16384
mean(sgnprob[1:i - 1]) = 0.023296194472579947
7040/16384
mean(sgnprob[1:i - 1]) = 0.019462991902258843
7168/16384
mean(sgnprob[1:i - 1]) = 0.02441746895493233
7296/16384
mean(sgnprob[1:i - 1]) = 0.020150788211103495
7424/16384
mean(sgnprob[1:i - 1]) = 0.02626970227670753
7552/16384
mean(sgnprob[1:i - 1]) = 0.03191630247649318
7680/16384
mean(sgnprob[1:i - 1]) = 0.03477015236358901
7808/16384
mean(sgnprob[1:i - 1]) = 0.03778660176764442
7936/16384
mean(sgnprob[1:i - 1]) = 0.03541272841839949
8064/16384
mean(sgnprob[1:i - 1]) = 0.030881805779486543
8192/16384
mean(sgnprob[1:i - 1]) = 0.026004150897326335
8320/16384
mean(sgnprob[1:i - 1]) = 0.028969828104339464
8448/16384
mean(sgnprob[1:i - 1]) = 0.030898543861726056
8576/16384
mean(sgnprob[1:i - 1]) = 0.03346938775510204
8704/16384
mean(sgnprob[1:i - 1]) = 0.029759852924278983
8832/16384
mean(sgnprob[1:i - 1]) = 0.03204620088325218
8960/16384
mean(sgnprob[1:i - 1]) = 0.036053130929791274
9088/16384
mean(sgnprob[1:i - 1]) = 0.039506988004842085
9216/16384
mean(sgnprob[1:i - 1]) = 0.0363537710255019
9344/16384
mean(sgnprob[1:i - 1]) = 0.041849513004388314
9472/16384
mean(sgnprob[1:i - 1]) = 0.038538697075282444
9600/16384
mean(sgnprob[1:i - 1]) = 0.03489946869465569
9728/16384
mean(sgnprob[1:i - 1]) = 0.02929988691271718
9856/16384
mean(sgnprob[1:i - 1]) = 0.03297818366311517
9984/16384
mean(sgnprob[1:i - 1]) = 0.035760793348692775
10112/16384
mean(sgnprob[1:i - 1]) = 0.033527840965285334
10240/16384
mean(sgnprob[1:i - 1]) = 0.02959273366539701
10368/16384
mean(sgnprob[1:i - 1]) = 0.03154239413523681
10496/16384
mean(sgnprob[1:i - 1]) = 0.03439733206288709
10624/16384
mean(sgnprob[1:i - 1]) = 0.037560011296244
10752/16384
mean(sgnprob[1:i - 1]) = 0.03822900195330667
10880/16384
mean(sgnprob[1:i - 1]) = 0.040352973618898794
11008/16384
mean(sgnprob[1:i - 1]) = 0.04206414100118107
11136/16384
mean(sgnprob[1:i - 1]) = 0.04301751234845083
11264/16384
mean(sgnprob[1:i - 1]) = 0.039687472254283936
11392/16384
mean(sgnprob[1:i - 1]) = 0.04099727855324379
11520/16384
mean(sgnprob[1:i - 1]) = 0.03759006858234222
11648/16384
mean(sgnprob[1:i - 1]) = 0.041126470335708765
11776/16384
mean(sgnprob[1:i - 1]) = 0.038471337579617834
11904/16384
mean(sgnprob[1:i - 1]) = 0.037889607661933965
12032/16384
mean(sgnprob[1:i - 1]) = 0.03865015376942898
12160/16384
mean(sgnprob[1:i - 1]) = 0.039394687063080844
12288/16384
mean(sgnprob[1:i - 1]) = 0.04028648164726947
12416/16384
mean(sgnprob[1:i - 1]) = 0.04196536447845348
12544/16384
mean(sgnprob[1:i - 1]) = 0.04392888463684924
12672/16384
mean(sgnprob[1:i - 1]) = 0.0450635308973246
12800/16384
mean(sgnprob[1:i - 1]) = 0.04726931791546215
12928/16384
mean(sgnprob[1:i - 1]) = 0.05128800185657925
13056/16384
mean(sgnprob[1:i - 1]) = 0.05323630792799693
13184/16384
mean(sgnprob[1:i - 1]) = 0.05605704316164758
13312/16384
mean(sgnprob[1:i - 1]) = 0.056269250995417325
13440/16384
mean(sgnprob[1:i - 1]) = 0.05245926036163405
13568/16384
mean(sgnprob[1:i - 1]) = 0.05358590698017248
13696/16384
mean(sgnprob[1:i - 1]) = 0.053523183643665574
13824/16384
mean(sgnprob[1:i - 1]) = 0.05592129060261882
13952/16384
mean(sgnprob[1:i - 1]) = 0.05684180345494946
14080/16384
mean(sgnprob[1:i - 1]) = 0.05518857873428511
14208/16384
mean(sgnprob[1:i - 1]) = 0.05638065742239741
14336/16384
mean(sgnprob[1:i - 1]) = 0.053226369026857345
14464/16384
mean(sgnprob[1:i - 1]) = 0.04998962870773698
14592/16384
mean(sgnprob[1:i - 1]) = 0.05092180111027346
14720/16384
mean(sgnprob[1:i - 1]) = 0.051430124329098444
14848/16384
mean(sgnprob[1:i - 1]) = 0.04963965784333536
14976/16384
mean(sgnprob[1:i - 1]) = 0.05135225375626044
15104/16384
mean(sgnprob[1:i - 1]) = 0.05343309276302721
15232/16384
mean(sgnprob[1:i - 1]) = 0.05534764624778413
15360/16384
mean(sgnprob[1:i - 1]) = 0.053584217722507974
15488/16384
mean(sgnprob[1:i - 1]) = 0.054303609478917804
15616/16384
mean(sgnprob[1:i - 1]) = 0.057572846621837974
15744/16384
mean(sgnprob[1:i - 1]) = 0.05469097376611828
15872/16384
mean(sgnprob[1:i - 1]) = 0.05223363367147628
16000/16384
mean(sgnprob[1:i - 1]) = 0.05131570723170198
16128/16384
mean(sgnprob[1:i - 1]) = 0.049420226948595526
16256/16384
mean(sgnprob[1:i - 1]) = 0.047554598585050754
16384/16384
mean(sgnprob[1:i - 1]) = 0.04840383324177501
818.247115 seconds (167.11 M allocations: 70.745 GiB, 2.39% gc time, 1.34% compilation time)
