## SLURM PROLOG ###############################################################
##    Job ID : 8834047
##  Job Name : sbatch_etgent.sh
##  Nodelist : node1735
##      CPUs : 8
##  Mem/Node : 4096 MB
## Directory : /oscar/home/trazzaz/AFQMC
##   Job Started : Fri Feb 28 05:25:47 AM EST 2025
###############################################################################
seed = 1601
U = 2.0
β = 6.0
Warming up
128/1024
256/1024
384/1024
512/1024
640/1024
768/1024
896/1024
1024/1024
Measuring
128/16384
mean(sgnprob[1:i - 1]) = 0.3543307086614173
256/16384
mean(sgnprob[1:i - 1]) = 0.24705882352941178
384/16384
mean(sgnprob[1:i - 1]) = 0.06527415143603134
512/16384
mean(sgnprob[1:i - 1]) = 0.14285714285714285
640/16384
mean(sgnprob[1:i - 1]) = 0.1643192488262911
768/16384
mean(sgnprob[1:i - 1]) = 0.19426336375488917
896/16384
mean(sgnprob[1:i - 1]) = 0.20670391061452514
1024/16384
mean(sgnprob[1:i - 1]) = 0.2101661779081134
1152/16384
mean(sgnprob[1:i - 1]) = 0.22675933970460468
1280/16384
mean(sgnprob[1:i - 1]) = 0.2290852228303362
1408/16384
mean(sgnprob[1:i - 1]) = 0.2281449893390192
1536/16384
mean(sgnprob[1:i - 1]) = 0.23257328990228013
1664/16384
mean(sgnprob[1:i - 1]) = 0.1846061334936861
1792/16384
mean(sgnprob[1:i - 1]) = 0.17476270240089337
1920/16384
mean(sgnprob[1:i - 1]) = 0.17978113600833767
2048/16384
mean(sgnprob[1:i - 1]) = 0.18319491939423546
2176/16384
mean(sgnprob[1:i - 1]) = 0.15770114942528735
2304/16384
mean(sgnprob[1:i - 1]) = 0.13764654798089448
2432/16384
mean(sgnprob[1:i - 1]) = 0.11970382558617852
2560/16384
mean(sgnprob[1:i - 1]) = 0.1254396248534584
2688/16384
mean(sgnprob[1:i - 1]) = 0.126163007071083
2816/16384
mean(sgnprob[1:i - 1]) = 0.1325044404973357
2944/16384
mean(sgnprob[1:i - 1]) = 0.11314984709480122
3072/16384
mean(sgnprob[1:i - 1]) = 0.11234125691957017
3200/16384
mean(sgnprob[1:i - 1]) = 0.1172241325414192
3328/16384
mean(sgnprob[1:i - 1]) = 0.12593928464081755
3456/16384
mean(sgnprob[1:i - 1]) = 0.13285094066570188
3584/16384
mean(sgnprob[1:i - 1]) = 0.14038515210717276
3712/16384
mean(sgnprob[1:i - 1]) = 0.14093236324440853
3840/16384
mean(sgnprob[1:i - 1]) = 0.12841885907788486
3968/16384
mean(sgnprob[1:i - 1]) = 0.12982102344340812
4096/16384
mean(sgnprob[1:i - 1]) = 0.13211233211233211
4224/16384
mean(sgnprob[1:i - 1]) = 0.11958323466729813
4352/16384
mean(sgnprob[1:i - 1]) = 0.12479889680533211
4480/16384
mean(sgnprob[1:i - 1]) = 0.11498102254967627
4608/16384
mean(sgnprob[1:i - 1]) = 0.11916648578250488
4736/16384
mean(sgnprob[1:i - 1]) = 0.11003167898627243
4864/16384
mean(sgnprob[1:i - 1]) = 0.11207073822743163
4992/16384
mean(sgnprob[1:i - 1]) = 0.11440593067521539
5120/16384
mean(sgnprob[1:i - 1]) = 0.1170150420003907
5248/16384
mean(sgnprob[1:i - 1]) = 0.10920526014865638
5376/16384
mean(sgnprob[1:i - 1]) = 0.11404651162790698
5504/16384
mean(sgnprob[1:i - 1]) = 0.11502816645466109
5632/16384
mean(sgnprob[1:i - 1]) = 0.12129284318948677
5760/16384
mean(sgnprob[1:i - 1]) = 0.12866817155756208
5888/16384
mean(sgnprob[1:i - 1]) = 0.1330049261083744
6016/16384
mean(sgnprob[1:i - 1]) = 0.1315045719035744
6144/16384
mean(sgnprob[1:i - 1]) = 0.13397362852026698
6272/16384
mean(sgnprob[1:i - 1]) = 0.13697974804656354
6400/16384
mean(sgnprob[1:i - 1]) = 0.1401781528363807
6528/16384
mean(sgnprob[1:i - 1]) = 0.13497778458709975
6656/16384
mean(sgnprob[1:i - 1]) = 0.1353869271224643
6784/16384
mean(sgnprob[1:i - 1]) = 0.13902403066489755
6912/16384
mean(sgnprob[1:i - 1]) = 0.14281580089712054
7040/16384
mean(sgnprob[1:i - 1]) = 0.13510441824122746
7168/16384
mean(sgnprob[1:i - 1]) = 0.1279475373238454
7296/16384
mean(sgnprob[1:i - 1]) = 0.1303632625085675
7424/16384
mean(sgnprob[1:i - 1]) = 0.1243432574430823
7552/16384
mean(sgnprob[1:i - 1]) = 0.11799761620977355
7680/16384
mean(sgnprob[1:i - 1]) = 0.11941659070191431
7808/16384
mean(sgnprob[1:i - 1]) = 0.11361598565390034
7936/16384
mean(sgnprob[1:i - 1]) = 0.10699432892249527
8064/16384
mean(sgnprob[1:i - 1]) = 0.10083095621976931
8192/16384
mean(sgnprob[1:i - 1]) = 0.09412770113539251
8320/16384
mean(sgnprob[1:i - 1]) = 0.09724726529630966
8448/16384
mean(sgnprob[1:i - 1]) = 0.09837812241032319
8576/16384
mean(sgnprob[1:i - 1]) = 0.1022740524781341
8704/16384
mean(sgnprob[1:i - 1]) = 0.09640353900953694
8832/16384
mean(sgnprob[1:i - 1]) = 0.09840335182878496
8960/16384
mean(sgnprob[1:i - 1]) = 0.10123897756446032
9088/16384
mean(sgnprob[1:i - 1]) = 0.09563112138219435
9216/16384
mean(sgnprob[1:i - 1]) = 0.09148128052088986
9344/16384
mean(sgnprob[1:i - 1]) = 0.09301081023225945
9472/16384
mean(sgnprob[1:i - 1]) = 0.08943089430894309
9600/16384
mean(sgnprob[1:i - 1]) = 0.09365558912386707
9728/16384
mean(sgnprob[1:i - 1]) = 0.09550735067338337
9856/16384
mean(sgnprob[1:i - 1]) = 0.09771689497716896
9984/16384
mean(sgnprob[1:i - 1]) = 0.09986977862366023
10112/16384
mean(sgnprob[1:i - 1]) = 0.09326476115122144
10240/16384
mean(sgnprob[1:i - 1]) = 0.08721554839339779
10368/16384
mean(sgnprob[1:i - 1]) = 0.08440243079000675
10496/16384
mean(sgnprob[1:i - 1]) = 0.07918056217246308
10624/16384
mean(sgnprob[1:i - 1]) = 0.08067400922526594
10752/16384
mean(sgnprob[1:i - 1]) = 0.08213189470746907
10880/16384
mean(sgnprob[1:i - 1]) = 0.07693721849434691
11008/16384
mean(sgnprob[1:i - 1]) = 0.07458889797401654
11136/16384
mean(sgnprob[1:i - 1]) = 0.07247418051189941
11264/16384
mean(sgnprob[1:i - 1]) = 0.0743141258989612
11392/16384
mean(sgnprob[1:i - 1]) = 0.07576156614871389
11520/16384
mean(sgnprob[1:i - 1]) = 0.0776977168156958
11648/16384
mean(sgnprob[1:i - 1]) = 0.07735897656048768
11776/16384
mean(sgnprob[1:i - 1]) = 0.08042462845010616
11904/16384
mean(sgnprob[1:i - 1]) = 0.08241619759724439
12032/16384
mean(sgnprob[1:i - 1]) = 0.08569528717479843
12160/16384
mean(sgnprob[1:i - 1]) = 0.0818323875318694
12288/16384
mean(sgnprob[1:i - 1]) = 0.0787010661674941
12416/16384
mean(sgnprob[1:i - 1]) = 0.0743455497382199
12544/16384
mean(sgnprob[1:i - 1]) = 0.07470302160567648
12672/16384
mean(sgnprob[1:i - 1]) = 0.07678951937495067
12800/16384
mean(sgnprob[1:i - 1]) = 0.07305258223298695
12928/16384
mean(sgnprob[1:i - 1]) = 0.07449524251566489
13056/16384
mean(sgnprob[1:i - 1]) = 0.07024128686327077
13184/16384
mean(sgnprob[1:i - 1]) = 0.07229007054539938
13312/16384
mean(sgnprob[1:i - 1]) = 0.07565171662534746
13440/16384
mean(sgnprob[1:i - 1]) = 0.07225239973212293
13568/16384
mean(sgnprob[1:i - 1]) = 0.07437163706051449
13696/16384
mean(sgnprob[1:i - 1]) = 0.07630522088353414
13824/16384
mean(sgnprob[1:i - 1]) = 0.07892642696954351
13952/16384
mean(sgnprob[1:i - 1]) = 0.07877571500250878
14080/16384
mean(sgnprob[1:i - 1]) = 0.07976418779742879
14208/16384
mean(sgnprob[1:i - 1]) = 0.07749700851692827
14336/16384
mean(sgnprob[1:i - 1]) = 0.07527031740495291
14464/16384
mean(sgnprob[1:i - 1]) = 0.07640185300421766
14592/16384
mean(sgnprob[1:i - 1]) = 0.07792474813241039
14720/16384
mean(sgnprob[1:i - 1]) = 0.07982879271689652
14848/16384
mean(sgnprob[1:i - 1]) = 0.08210412878022497
14976/16384
mean(sgnprob[1:i - 1]) = 0.08434056761268781
15104/16384
mean(sgnprob[1:i - 1]) = 0.08587697808382441
15232/16384
mean(sgnprob[1:i - 1]) = 0.08160987459785962
15360/16384
mean(sgnprob[1:i - 1]) = 0.08014844716452894
15488/16384
mean(sgnprob[1:i - 1]) = 0.07716149028217215
15616/16384
mean(sgnprob[1:i - 1]) = 0.07870637207813
15744/16384
mean(sgnprob[1:i - 1]) = 0.08098837578606365
15872/16384
mean(sgnprob[1:i - 1]) = 0.07882301052233634
16000/16384
mean(sgnprob[1:i - 1]) = 0.07631726982936433
16128/16384
mean(sgnprob[1:i - 1]) = 0.07670366466174738
16256/16384
mean(sgnprob[1:i - 1]) = 0.07733005229160259
16384/16384
mean(sgnprob[1:i - 1]) = 0.07953366294329488
744.577023 seconds (167.11 M allocations: 70.745 GiB, 1.42% gc time, 1.22% compilation time)
