ERROR: LoadError: ArgumentError: matrix contains Infs or NaNs
Stacktrace:
  [1] chkfinite
    @ /oscar/rt/9.2/software/external/julia/1.11.1/share/julia/stdlib/v1.11/LinearAlgebra/src/lapack.jl:105 [inlined]
  [2] getrf!(A::Matrix{ComplexF64}, ipiv::Vector{Int64}; check::Bool)
    @ LinearAlgebra.LAPACK /oscar/rt/9.2/software/external/julia/1.11.1/share/julia/stdlib/v1.11/LinearAlgebra/src/lapack.jl:582
  [3] getrf!
    @ /oscar/rt/9.2/software/external/julia/1.11.1/share/julia/stdlib/v1.11/LinearAlgebra/src/lapack.jl:580 [inlined]
  [4] getrf!
    @ /oscar/rt/9.2/software/external/julia/1.11.1/share/julia/stdlib/v1.11/LinearAlgebra/src/lapack.jl:787 [inlined]
  [5] #lu!#182
    @ /oscar/rt/9.2/software/external/julia/1.11.1/share/julia/stdlib/v1.11/LinearAlgebra/src/lu.jl:91 [inlined]
  [6] lu!
    @ /oscar/rt/9.2/software/external/julia/1.11.1/share/julia/stdlib/v1.11/LinearAlgebra/src/lu.jl:90 [inlined]
  [7] lu!
    @ /oscar/rt/9.2/software/external/julia/1.11.1/share/julia/stdlib/v1.11/LinearAlgebra/src/lu.jl:89 [inlined]
  [8] _lu
    @ /oscar/rt/9.2/software/external/julia/1.11.1/share/julia/stdlib/v1.11/LinearAlgebra/src/lu.jl:347 [inlined]
  [9] lu(::Matrix{ComplexF64}; kwargs::@Kwargs{})
    @ LinearAlgebra /oscar/rt/9.2/software/external/julia/1.11.1/share/julia/stdlib/v1.11/LinearAlgebra/src/lu.jl:341
 [10] lu
    @ /oscar/rt/9.2/software/external/julia/1.11.1/share/julia/stdlib/v1.11/LinearAlgebra/src/lu.jl:341 [inlined]
 [11] inv(A::Matrix{ComplexF64})
    @ LinearAlgebra /oscar/rt/9.2/software/external/julia/1.11.1/share/julia/stdlib/v1.11/LinearAlgebra/src/dense.jl:993
 [12] compute_G!(G::Matrix{ComplexF64}, φ₀::Matrix{Float64}, φ₀ᵀ::Matrix{Float64}, Ul::Matrix{ComplexF64}, Ur::Matrix{ComplexF64}, Bl::LDR{ComplexF64, Float64}, Br::LDR{ComplexF64, Float64})
    @ Main.SwapQMC /oscar/home/trazzaz/AFQMC/src/operations_gs.jl:14
 [13] sweep!_asymmetric(system::GenericHubbard{ComplexF64, Matrix{Float64}}, qmc::QMC, replica::Replica{HubbardWalker{ComplexF64, Matrix{Float64}, LDR{ComplexF64, Float64}, Float64, Matrix{ComplexF64}}, ComplexF64, Float64}, walker::HubbardWalker{ComplexF64, Matrix{Float64}, LDR{ComplexF64, Float64}, Float64, Matrix{ComplexF64}}, ridx::Int64, slice::Vector{Int64})
    @ Main.SwapQMC /oscar/home/trazzaz/AFQMC/src/propagation/replica_gs.jl:557
 [14] sweep!(system::GenericHubbard{ComplexF64, Matrix{Float64}}, qmc::QMC, replica::Replica{HubbardWalker{ComplexF64, Matrix{Float64}, LDR{ComplexF64, Float64}, Float64, Matrix{ComplexF64}}, ComplexF64, Float64}, walker::HubbardWalker{ComplexF64, Matrix{Float64}, LDR{ComplexF64, Float64}, Float64, Matrix{ComplexF64}}, ridx::Int64; loop_number::Int64, jumpReplica::Bool)
    @ Main.SwapQMC /oscar/home/trazzaz/AFQMC/src/propagation/replica_gs.jl:61
 [15] run_incremental_sampling_gs(extsys::ExtendedSystem{GenericHubbard{ComplexF64, Matrix{Float64}}}, qmc::QMC, φ₀::Vector{Matrix{Float64}}, λₖ::Float64, Nₖ::Int64, path::String, filename::String, swap_period::Int64)
    @ Main /oscar/home/trazzaz/AFQMC/qmc_etgent.jl:26
 [16] macro expansion
    @ ./timing.jl:581 [inlined]
 [17] top-level scope
    @ /oscar/home/trazzaz/AFQMC/job_etgent.jl:62
in expression starting at /oscar/home/trazzaz/AFQMC/job_etgent.jl:58

real	0m31.001s
user	0m24.691s
sys	0m0.580s
