## SLURM PROLOG ###############################################################
##    Job ID : 5899921
##  Job Name : etgent_2x2_seed1258
##  Nodelist : node1637
##      CPUs : 8
##  Mem/Node : 2048 MB
## Directory : /oscar/home/trazzaz/AFQMC
##   Job Started : Sun Nov 10 09:47:08 PM EST 2024
###############################################################################
U = 2.0
seed = 1258
λₖ = 0.0
Warming up
128/512
256/512
384/512
512/512
Measuring
128/1024
256/1024
384/1024
512/1024
640/1024
768/1024
896/1024
1024/1024
324.051390 seconds (210.26 M allocations: 1.099 TiB, 17.56% gc time, 2.51% compilation time)
λₖ = 0.2
Warming up
128/512
256/512
384/512
512/512
Measuring
128/1024
256/1024
384/1024
512/1024
640/1024
768/1024
896/1024
1024/1024
316.718108 seconds (208.41 M allocations: 1.099 TiB, 18.32% gc time, 0.02% compilation time)
λₖ = 0.4
Warming up
128/512
256/512
384/512
512/512
Measuring
128/1024
256/1024
384/1024
512/1024
640/1024
768/1024
896/1024
1024/1024
286.760471 seconds (208.41 M allocations: 1.099 TiB, 18.16% gc time)
λₖ = 0.6
Warming up
128/512
256/512
384/512
512/512
Measuring
128/1024
256/1024
384/1024
512/1024
640/1024
768/1024
896/1024
1024/1024
253.709646 seconds (208.41 M allocations: 1.099 TiB, 19.40% gc time)
λₖ = 0.8
Warming up
128/512
256/512
384/512
512/512
Measuring
128/1024
256/1024
384/1024
512/1024
640/1024
768/1024
896/1024
1024/1024
247.704892 seconds (208.41 M allocations: 1.099 TiB, 22.30% gc time)
