## SLURM PROLOG ###############################################################
##    Job ID : 5960434
##  Job Name : etgent_N(1,2)_seed1260
##  Nodelist : node1750
##      CPUs : 8
##  Mem/Node : 2048 MB
## Directory : /oscar/home/trazzaz/AFQMC
##   Job Started : Tue Nov 12 01:11:56 AM EST 2024
###############################################################################
U = 2.0
seed = 1260
λₖ = 0.0
Warming up
128/512
256/512
384/512
512/512
Measuring
128/1024
256/1024
384/1024
512/1024
640/1024
768/1024
896/1024
1024/1024
108.642003 seconds (80.56 M allocations: 13.061 GiB, 2.71% gc time, 9.12% compilation time)
λₖ = 0.2
Warming up
128/512
256/512
384/512
512/512
Measuring
128/1024
256/1024
384/1024
512/1024
640/1024
768/1024
896/1024
1024/1024
101.818884 seconds (76.83 M allocations: 12.896 GiB, 2.87% gc time, 0.10% compilation time)
λₖ = 0.4
Warming up
128/512
256/512
384/512
512/512
Measuring
128/1024
256/1024
384/1024
512/1024
640/1024
768/1024
896/1024
1024/1024
107.296118 seconds (76.82 M allocations: 12.896 GiB, 2.78% gc time)
λₖ = 0.6
Warming up
128/512
256/512
384/512
512/512
Measuring
128/1024
256/1024
384/1024
512/1024
640/1024
768/1024
896/1024
1024/1024
101.405457 seconds (76.82 M allocations: 12.896 GiB, 2.94% gc time)
λₖ = 0.8
Warming up
128/512
256/512
384/512
512/512
Measuring
128/1024
256/1024
384/1024
512/1024
640/1024
768/1024
896/1024
1024/1024
102.147027 seconds (76.82 M allocations: 12.896 GiB, 2.93% gc time)
