## SLURM PROLOG ###############################################################
##    Job ID : 5902764
##  Job Name : etgent_N2_seed1252
##  Nodelist : node1735
##      CPUs : 8
##  Mem/Node : 2048 MB
## Directory : /oscar/home/trazzaz/AFQMC
##   Job Started : Mon Nov 11 01:00:18 AM EST 2024
###############################################################################
U = 2.0
seed = 1252
λₖ = 0.0
Warming up
128/512
256/512
384/512
512/512
Measuring
128/1024
256/1024
384/1024
512/1024
640/1024
768/1024
896/1024
1024/1024
244.979237 seconds (203.81 M allocations: 1.089 TiB, 19.75% gc time, 3.08% compilation time)
λₖ = 0.2
Warming up
128/512
256/512
384/512
512/512
Measuring
128/1024
256/1024
384/1024
512/1024
640/1024
768/1024
896/1024
1024/1024
262.244982 seconds (201.96 M allocations: 1.089 TiB, 19.90% gc time, 0.03% compilation time)
λₖ = 0.4
Warming up
128/512
256/512
384/512
512/512
Measuring
128/1024
256/1024
384/1024
512/1024
640/1024
768/1024
896/1024
1024/1024
204.881001 seconds (201.96 M allocations: 1.089 TiB, 21.44% gc time)
λₖ = 0.6
Warming up
128/512
256/512
384/512
512/512
Measuring
128/1024
256/1024
384/1024
512/1024
640/1024
768/1024
896/1024
1024/1024
208.221842 seconds (201.96 M allocations: 1.089 TiB, 21.74% gc time)
λₖ = 0.8
Warming up
128/512
256/512
384/512
512/512
Measuring
128/1024
256/1024
384/1024
512/1024
640/1024
768/1024
896/1024
1024/1024
209.482873 seconds (201.96 M allocations: 1.089 TiB, 22.03% gc time)
