## SLURM PROLOG ###############################################################
##    Job ID : 8833976
##  Job Name : sbatch_etgent.sh
##  Nodelist : node1322
##      CPUs : 8
##  Mem/Node : 4096 MB
## Directory : /oscar/home/trazzaz/AFQMC
##   Job Started : Fri Feb 28 03:30:14 AM EST 2025
###############################################################################
seed = 1530
U = 2.0
β = 6.0
Warming up
128/1024
256/1024
384/1024
512/1024
640/1024
768/1024
896/1024
1024/1024
Measuring
128/16384
mean(sgnprob[1:i - 1]) = 0.5748031496062992
256/16384
mean(sgnprob[1:i - 1]) = 0.5294117647058824
384/16384
mean(sgnprob[1:i - 1]) = 0.1906005221932115
512/16384
mean(sgnprob[1:i - 1]) = 0.2563600782778865
640/16384
mean(sgnprob[1:i - 1]) = 0.1111111111111111
768/16384
mean(sgnprob[1:i - 1]) = 0.1864406779661017
896/16384
mean(sgnprob[1:i - 1]) = 0.20893854748603352
1024/16384
mean(sgnprob[1:i - 1]) = 0.2512218963831867
1152/16384
mean(sgnprob[1:i - 1]) = 0.2788879235447437
1280/16384
mean(sgnprob[1:i - 1]) = 0.31039874902267395
1408/16384
mean(sgnprob[1:i - 1]) = 0.3304904051172708
1536/16384
mean(sgnprob[1:i - 1]) = 0.2625407166123778
1664/16384
mean(sgnprob[1:i - 1]) = 0.19903788334335537
1792/16384
mean(sgnprob[1:i - 1]) = 0.15801228364042436
1920/16384
mean(sgnprob[1:i - 1]) = 0.1818655549765503
2048/16384
mean(sgnprob[1:i - 1]) = 0.1988275525158769
2176/16384
mean(sgnprob[1:i - 1]) = 0.2064367816091954
2304/16384
mean(sgnprob[1:i - 1]) = 0.2227529309596179
2432/16384
mean(sgnprob[1:i - 1]) = 0.23570547099958863
2560/16384
mean(sgnprob[1:i - 1]) = 0.19030871434153968
2688/16384
mean(sgnprob[1:i - 1]) = 0.20952735392631186
2816/16384
mean(sgnprob[1:i - 1]) = 0.2191829484902309
2944/16384
mean(sgnprob[1:i - 1]) = 0.22935779816513763
3072/16384
mean(sgnprob[1:i - 1]) = 0.24454575056984695
3200/16384
mean(sgnprob[1:i - 1]) = 0.25601750547045954
3328/16384
mean(sgnprob[1:i - 1]) = 0.22572888488127443
3456/16384
mean(sgnprob[1:i - 1]) = 0.23878437047756873
3584/16384
mean(sgnprob[1:i - 1]) = 0.2503488696622942
3712/16384
mean(sgnprob[1:i - 1]) = 0.22392886014551333
3840/16384
mean(sgnprob[1:i - 1]) = 0.23313362854910133
3968/16384
mean(sgnprob[1:i - 1]) = 0.24426518779934459
4096/16384
mean(sgnprob[1:i - 1]) = 0.21807081807081807
4224/16384
mean(sgnprob[1:i - 1]) = 0.2285105375325598
4352/16384
mean(sgnprob[1:i - 1]) = 0.23649735692944152
4480/16384
mean(sgnprob[1:i - 1]) = 0.2417950435365037
4608/16384
mean(sgnprob[1:i - 1]) = 0.2515736922075103
4736/16384
mean(sgnprob[1:i - 1]) = 0.22829989440337908
4864/16384
mean(sgnprob[1:i - 1]) = 0.23545136746864076
4992/16384
mean(sgnprob[1:i - 1]) = 0.24063313965137248
5120/16384
mean(sgnprob[1:i - 1]) = 0.24360226606759133
5248/16384
mean(sgnprob[1:i - 1]) = 0.2498570611778159
5376/16384
mean(sgnprob[1:i - 1]) = 0.2573023255813954
5504/16384
mean(sgnprob[1:i - 1]) = 0.26549155006360164
5632/16384
mean(sgnprob[1:i - 1]) = 0.2477357485348961
5760/16384
mean(sgnprob[1:i - 1]) = 0.2540371592290328
5888/16384
mean(sgnprob[1:i - 1]) = 0.2590453541702055
6016/16384
mean(sgnprob[1:i - 1]) = 0.26749792186201166
6144/16384
mean(sgnprob[1:i - 1]) = 0.2755982419013511
6272/16384
mean(sgnprob[1:i - 1]) = 0.2798596715037474
6400/16384
mean(sgnprob[1:i - 1]) = 0.2676980778246601
6528/16384
mean(sgnprob[1:i - 1]) = 0.25019151218017466
6656/16384
mean(sgnprob[1:i - 1]) = 0.256198347107438
6784/16384
mean(sgnprob[1:i - 1]) = 0.26197847560076665
6912/16384
mean(sgnprob[1:i - 1]) = 0.26522934452322383
7040/16384
mean(sgnprob[1:i - 1]) = 0.2510299758488422
7168/16384
mean(sgnprob[1:i - 1]) = 0.2563136598297754
7296/16384
mean(sgnprob[1:i - 1]) = 0.2419465387251542
7424/16384
mean(sgnprob[1:i - 1]) = 0.2272666037990031
7552/16384
mean(sgnprob[1:i - 1]) = 0.23321414382201033
7680/16384
mean(sgnprob[1:i - 1]) = 0.2191691626513869
7808/16384
mean(sgnprob[1:i - 1]) = 0.2091712565646215
7936/16384
mean(sgnprob[1:i - 1]) = 0.21361058601134217
8064/16384
mean(sgnprob[1:i - 1]) = 0.21790896688577452
8192/16384
mean(sgnprob[1:i - 1]) = 0.22378219997558296
8320/16384
mean(sgnprob[1:i - 1]) = 0.22779180189926673
8448/16384
mean(sgnprob[1:i - 1]) = 0.2186575115425595
8576/16384
mean(sgnprob[1:i - 1]) = 0.22215743440233235
8704/16384
mean(sgnprob[1:i - 1]) = 0.20969780535447546
8832/16384
mean(sgnprob[1:i - 1]) = 0.2143585097950402
8960/16384
mean(sgnprob[1:i - 1]) = 0.2162071659783458
9088/16384
mean(sgnprob[1:i - 1]) = 0.2213051612193243
9216/16384
mean(sgnprob[1:i - 1]) = 0.21150298426478567
9344/16384
mean(sgnprob[1:i - 1]) = 0.2165257411966178
9472/16384
mean(sgnprob[1:i - 1]) = 0.22120156266497729
9600/16384
mean(sgnprob[1:i - 1]) = 0.2263777476820502
9728/16384
mean(sgnprob[1:i - 1]) = 0.23080086357561427
9856/16384
mean(sgnprob[1:i - 1]) = 0.23389142567224758
9984/16384
mean(sgnprob[1:i - 1]) = 0.222878894120004
10112/16384
mean(sgnprob[1:i - 1]) = 0.22638710315497973
10240/16384
mean(sgnprob[1:i - 1]) = 0.22980759839828108
10368/16384
mean(sgnprob[1:i - 1]) = 0.23179318992958425
10496/16384
mean(sgnprob[1:i - 1]) = 0.23525488327775132
10624/16384
mean(sgnprob[1:i - 1]) = 0.23938623740939471
10752/16384
mean(sgnprob[1:i - 1]) = 0.24323318761045484
10880/16384
mean(sgnprob[1:i - 1]) = 0.24735729386892177
11008/16384
mean(sgnprob[1:i - 1]) = 0.2502952666484964
11136/16384
mean(sgnprob[1:i - 1]) = 0.24292770543331837
11264/16384
mean(sgnprob[1:i - 1]) = 0.23359673266447661
11392/16384
mean(sgnprob[1:i - 1]) = 0.23641471337020456
11520/16384
mean(sgnprob[1:i - 1]) = 0.23934369302890876
11648/16384
mean(sgnprob[1:i - 1]) = 0.24289516613720272
11776/16384
mean(sgnprob[1:i - 1]) = 0.24602972399150744
11904/16384
mean(sgnprob[1:i - 1]) = 0.24808871713013525
12032/16384
mean(sgnprob[1:i - 1]) = 0.25060260992436206
12160/16384
mean(sgnprob[1:i - 1]) = 0.25405049757381365
12288/16384
mean(sgnprob[1:i - 1]) = 0.25840319036379916
12416/16384
mean(sgnprob[1:i - 1]) = 0.25058397100281915
12544/16384
mean(sgnprob[1:i - 1]) = 0.2523319779956948
12672/16384
mean(sgnprob[1:i - 1]) = 0.2545181911451346
12800/16384
mean(sgnprob[1:i - 1]) = 0.25806703648722557
12928/16384
mean(sgnprob[1:i - 1]) = 0.25133441633789744
13056/16384
mean(sgnprob[1:i - 1]) = 0.24412102642665645
13184/16384
mean(sgnprob[1:i - 1]) = 0.23583402867329137
13312/16384
mean(sgnprob[1:i - 1]) = 0.23807377357073098
13440/16384
mean(sgnprob[1:i - 1]) = 0.24190788005059902
13568/16384
mean(sgnprob[1:i - 1]) = 0.2455222230412029
13696/16384
mean(sgnprob[1:i - 1]) = 0.24775465498357063
13824/16384
mean(sgnprob[1:i - 1]) = 0.23866020400781307
13952/16384
mean(sgnprob[1:i - 1]) = 0.2315963013404057
14080/16384
mean(sgnprob[1:i - 1]) = 0.23474678599332338
14208/16384
mean(sgnprob[1:i - 1]) = 0.23868515520518055
14336/16384
mean(sgnprob[1:i - 1]) = 0.24018137425880712
14464/16384
mean(sgnprob[1:i - 1]) = 0.23307750812417893
14592/16384
mean(sgnprob[1:i - 1]) = 0.23678980193269825
14720/16384
mean(sgnprob[1:i - 1]) = 0.24016577213125892
14848/16384
mean(sgnprob[1:i - 1]) = 0.241732336498956
14976/16384
mean(sgnprob[1:i - 1]) = 0.24420701168614356
15104/16384
mean(sgnprob[1:i - 1]) = 0.2381646030589949
15232/16384
mean(sgnprob[1:i - 1]) = 0.23970848926531416
15360/16384
mean(sgnprob[1:i - 1]) = 0.2418777264144801
15488/16384
mean(sgnprob[1:i - 1]) = 0.2443985277975076
15616/16384
mean(sgnprob[1:i - 1]) = 0.23855267371117514
15744/16384
mean(sgnprob[1:i - 1]) = 0.24182176205297592
15872/16384
mean(sgnprob[1:i - 1]) = 0.2435259277928297
16000/16384
mean(sgnprob[1:i - 1]) = 0.24507781736358522
16128/16384
mean(sgnprob[1:i - 1]) = 0.2475971972468531
16256/16384
mean(sgnprob[1:i - 1]) = 0.24983082128575823
16384/16384
mean(sgnprob[1:i - 1]) = 0.25202954281877554
807.399077 seconds (167.11 M allocations: 70.745 GiB, 2.33% gc time, 1.38% compilation time)
