## SLURM PROLOG ###############################################################
##    Job ID : 8833973
##  Job Name : sbatch_etgent.sh
##  Nodelist : node1736
##      CPUs : 8
##  Mem/Node : 4096 MB
## Directory : /oscar/home/trazzaz/AFQMC
##   Job Started : Fri Feb 28 03:22:02 AM EST 2025
###############################################################################
seed = 1527
U = 2.0
β = 6.0
Warming up
128/1024
256/1024
384/1024
512/1024
640/1024
768/1024
896/1024
1024/1024
Measuring
128/16384
mean(sgnprob[1:i - 1]) = 0.48031496062992124
256/16384
mean(sgnprob[1:i - 1]) = 0.5450980392156862
384/16384
mean(sgnprob[1:i - 1]) = 0.5195822454308094
512/16384
mean(sgnprob[1:i - 1]) = 0.5459882583170255
640/16384
mean(sgnprob[1:i - 1]) = 0.539906103286385
768/16384
mean(sgnprob[1:i - 1]) = 0.3767926988265971
896/16384
mean(sgnprob[1:i - 1]) = 0.4145251396648045
1024/16384
mean(sgnprob[1:i - 1]) = 0.4389051808406647
1152/16384
mean(sgnprob[1:i - 1]) = 0.45438748913987836
1280/16384
mean(sgnprob[1:i - 1]) = 0.46051602814698983
1408/16384
mean(sgnprob[1:i - 1]) = 0.45557924662402277
1536/16384
mean(sgnprob[1:i - 1]) = 0.4592833876221498
1664/16384
mean(sgnprob[1:i - 1]) = 0.4576067348165965
1792/16384
mean(sgnprob[1:i - 1]) = 0.46063651591289784
1920/16384
mean(sgnprob[1:i - 1]) = 0.46430432516935904
2048/16384
mean(sgnprob[1:i - 1]) = 0.4694675134342941
2176/16384
mean(sgnprob[1:i - 1]) = 0.4703448275862069
2304/16384
mean(sgnprob[1:i - 1]) = 0.47112462006079026
2432/16384
mean(sgnprob[1:i - 1]) = 0.47593582887700536
2560/16384
mean(sgnprob[1:i - 1]) = 0.4802657288003126
2688/16384
mean(sgnprob[1:i - 1]) = 0.4834387793077782
2816/16384
mean(sgnprob[1:i - 1]) = 0.43161634103019536
2944/16384
mean(sgnprob[1:i - 1]) = 0.43730886850152906
3072/16384
mean(sgnprob[1:i - 1]) = 0.3923803321393683
3200/16384
mean(sgnprob[1:i - 1]) = 0.3973116598937168
3328/16384
mean(sgnprob[1:i - 1]) = 0.39645326119627294
3456/16384
mean(sgnprob[1:i - 1]) = 0.40434153400868306
3584/16384
mean(sgnprob[1:i - 1]) = 0.3653363103544516
3712/16384
mean(sgnprob[1:i - 1]) = 0.37052007545136084
3840/16384
mean(sgnprob[1:i - 1]) = 0.3769210731961448
3968/16384
mean(sgnprob[1:i - 1]) = 0.38341315855810437
4096/16384
mean(sgnprob[1:i - 1]) = 0.38705738705738707
4224/16384
mean(sgnprob[1:i - 1]) = 0.3904807009235141
4352/16384
mean(sgnprob[1:i - 1]) = 0.3909446104343829
4480/16384
mean(sgnprob[1:i - 1]) = 0.39807992855548113
4608/16384
mean(sgnprob[1:i - 1]) = 0.4026481441285001
4736/16384
mean(sgnprob[1:i - 1]) = 0.4069693769799366
4864/16384
mean(sgnprob[1:i - 1]) = 0.40900678593460826
4992/16384
mean(sgnprob[1:i - 1]) = 0.41374474053295934
5120/16384
mean(sgnprob[1:i - 1]) = 0.41551084196132054
5248/16384
mean(sgnprob[1:i - 1]) = 0.4183342862588146
5376/16384
mean(sgnprob[1:i - 1]) = 0.4217674418604651
5504/16384
mean(sgnprob[1:i - 1]) = 0.42576776303834274
5632/16384
mean(sgnprob[1:i - 1]) = 0.40614455691706625
5760/16384
mean(sgnprob[1:i - 1]) = 0.38739364472998783
5888/16384
mean(sgnprob[1:i - 1]) = 0.38780363512824867
6016/16384
mean(sgnprob[1:i - 1]) = 0.36724854530340817
6144/16384
mean(sgnprob[1:i - 1]) = 0.3693635031743448
6272/16384
mean(sgnprob[1:i - 1]) = 0.34874820602774675
6400/16384
mean(sgnprob[1:i - 1]) = 0.33145804031879983
6528/16384
mean(sgnprob[1:i - 1]) = 0.3341504519687452
6656/16384
mean(sgnprob[1:i - 1]) = 0.3373403456048084
6784/16384
mean(sgnprob[1:i - 1]) = 0.34129441250184284
6912/16384
mean(sgnprob[1:i - 1]) = 0.3236868759947909
7040/16384
mean(sgnprob[1:i - 1]) = 0.3254723682341242
7168/16384
mean(sgnprob[1:i - 1]) = 0.33137993581693875
7296/16384
mean(sgnprob[1:i - 1]) = 0.3368060315284441
7424/16384
mean(sgnprob[1:i - 1]) = 0.3210292334635592
7552/16384
mean(sgnprob[1:i - 1]) = 0.32326844126605747
7680/16384
mean(sgnprob[1:i - 1]) = 0.32673525198593567
7808/16384
mean(sgnprob[1:i - 1]) = 0.33239400537978736
7936/16384
mean(sgnprob[1:i - 1]) = 0.33585381222432265
8064/16384
mean(sgnprob[1:i - 1]) = 0.33920377030881804
8192/16384
mean(sgnprob[1:i - 1]) = 0.34293737028445853
8320/16384
mean(sgnprob[1:i - 1]) = 0.34391152782786394
8448/16384
mean(sgnprob[1:i - 1]) = 0.3323073280454599
8576/16384
mean(sgnprob[1:i - 1]) = 0.31941690962099123
8704/16384
mean(sgnprob[1:i - 1]) = 0.3218430426289785
8832/16384
mean(sgnprob[1:i - 1]) = 0.32623711923904425
8960/16384
mean(sgnprob[1:i - 1]) = 0.32827324478178366
9088/16384
mean(sgnprob[1:i - 1]) = 0.32981181908220536
9216/16384
mean(sgnprob[1:i - 1]) = 0.3323928377645144
9344/16384
mean(sgnprob[1:i - 1]) = 0.3344750080274002
9472/16384
mean(sgnprob[1:i - 1]) = 0.3360785555907507
9600/16384
mean(sgnprob[1:i - 1]) = 0.3401395978747786
9728/16384
mean(sgnprob[1:i - 1]) = 0.32970083273362805
9856/16384
mean(sgnprob[1:i - 1]) = 0.33292744799594115
9984/16384
mean(sgnprob[1:i - 1]) = 0.32144645898026647
10112/16384
mean(sgnprob[1:i - 1]) = 0.32212441894965876
10240/16384
mean(sgnprob[1:i - 1]) = 0.3264967281961129
10368/16384
mean(sgnprob[1:i - 1]) = 0.3143628822224366
10496/16384
mean(sgnprob[1:i - 1]) = 0.3156741305383516
10624/16384
mean(sgnprob[1:i - 1]) = 0.31808340393485834
10752/16384
mean(sgnprob[1:i - 1]) = 0.32099339596316623
10880/16384
mean(sgnprob[1:i - 1]) = 0.30931151760272085
11008/16384
mean(sgnprob[1:i - 1]) = 0.3111656218769874
11136/16384
mean(sgnprob[1:i - 1]) = 0.3140547822182308
11264/16384
mean(sgnprob[1:i - 1]) = 0.31705584657728847
11392/16384
mean(sgnprob[1:i - 1]) = 0.31963831094723905
11520/16384
mean(sgnprob[1:i - 1]) = 0.3218161298723848
11648/16384
mean(sgnprob[1:i - 1]) = 0.3236026444578003
11776/16384
mean(sgnprob[1:i - 1]) = 0.3265392781316348
11904/16384
mean(sgnprob[1:i - 1]) = 0.32874065361673527
12032/16384
mean(sgnprob[1:i - 1]) = 0.3194248192170227
12160/16384
mean(sgnprob[1:i - 1]) = 0.31162102146558107
12288/16384
mean(sgnprob[1:i - 1]) = 0.3119557255636038
12416/16384
mean(sgnprob[1:i - 1]) = 0.3037454691904954
12544/16384
mean(sgnprob[1:i - 1]) = 0.3062265805628637
12672/16384
mean(sgnprob[1:i - 1]) = 0.29760871280877593
12800/16384
mean(sgnprob[1:i - 1]) = 0.2902570513321353
12928/16384
mean(sgnprob[1:i - 1]) = 0.29264330471106986
13056/16384
mean(sgnprob[1:i - 1]) = 0.29559555725775566
13184/16384
mean(sgnprob[1:i - 1]) = 0.29818705909125387
13312/16384
mean(sgnprob[1:i - 1]) = 0.30102922395011644
13440/16384
mean(sgnprob[1:i - 1]) = 0.3041148895007069
13568/16384
mean(sgnprob[1:i - 1]) = 0.30773199675683643
13696/16384
mean(sgnprob[1:i - 1]) = 0.30865279299014237
13824/16384
mean(sgnprob[1:i - 1]) = 0.31129277291470736
13952/16384
mean(sgnprob[1:i - 1]) = 0.31288079707547845
14080/16384
mean(sgnprob[1:i - 1]) = 0.31529227928119896
14208/16384
mean(sgnprob[1:i - 1]) = 0.31892728936439785
14336/16384
mean(sgnprob[1:i - 1]) = 0.311056853854203
14464/16384
mean(sgnprob[1:i - 1]) = 0.31300560049782206
14592/16384
mean(sgnprob[1:i - 1]) = 0.3149201562607087
14720/16384
mean(sgnprob[1:i - 1]) = 0.316393776751138
14848/16384
mean(sgnprob[1:i - 1]) = 0.31797669562874653
14976/16384
mean(sgnprob[1:i - 1]) = 0.3100500834724541
15104/16384
mean(sgnprob[1:i - 1]) = 0.31218963119909954
15232/16384
mean(sgnprob[1:i - 1]) = 0.3054953712822533
15360/16384
mean(sgnprob[1:i - 1]) = 0.30698613190962953
15488/16384
mean(sgnprob[1:i - 1]) = 0.2996706915477497
15616/16384
mean(sgnprob[1:i - 1]) = 0.30169708613512647
15744/16384
mean(sgnprob[1:i - 1]) = 0.3031823667661818
15872/16384
mean(sgnprob[1:i - 1]) = 0.29809085753890746
16000/16384
mean(sgnprob[1:i - 1]) = 0.29958122382648916
16128/16384
mean(sgnprob[1:i - 1]) = 0.2919947913437093
16256/16384
mean(sgnprob[1:i - 1]) = 0.29363272839126425
16384/16384
mean(sgnprob[1:i - 1]) = 0.29585545992797413
737.110810 seconds (167.11 M allocations: 70.745 GiB, 1.44% gc time, 1.22% compilation time)
