## SLURM PROLOG ###############################################################
##    Job ID : 8833785
##  Job Name : sbatch_etgent.sh
##  Nodelist : node1334
##      CPUs : 8
##  Mem/Node : 4096 MB
## Directory : /oscar/home/trazzaz/AFQMC
##   Job Started : Thu Feb 27 10:14:36 PM EST 2025
###############################################################################
seed = 1339
U = 2.0
β = 6.0
Warming up
128/1024
256/1024
384/1024
512/1024
640/1024
768/1024
896/1024
1024/1024
Measuring
128/16384
mean(sgnprob[1:i - 1]) = -0.5118110236220472
256/16384
mean(sgnprob[1:i - 1]) = -0.043137254901960784
384/16384
mean(sgnprob[1:i - 1]) = 0.1227154046997389
512/16384
mean(sgnprob[1:i - 1]) = 0.18199608610567514
640/16384
mean(sgnprob[1:i - 1]) = 0.25821596244131456
768/16384
mean(sgnprob[1:i - 1]) = 0.30378096479791394
896/16384
mean(sgnprob[1:i - 1]) = 0.3474860335195531
1024/16384
mean(sgnprob[1:i - 1]) = 0.3626588465298143
1152/16384
mean(sgnprob[1:i - 1]) = 0.3935708079930495
1280/16384
mean(sgnprob[1:i - 1]) = 0.40578577013291633
1408/16384
mean(sgnprob[1:i - 1]) = 0.32764747690120827
1536/16384
mean(sgnprob[1:i - 1]) = 0.2586319218241042
1664/16384
mean(sgnprob[1:i - 1]) = 0.19663259170174383
1792/16384
mean(sgnprob[1:i - 1]) = 0.21943048576214405
1920/16384
mean(sgnprob[1:i - 1]) = 0.23918707660239708
2048/16384
mean(sgnprob[1:i - 1]) = 0.26038104543234003
2176/16384
mean(sgnprob[1:i - 1]) = 0.27816091954022987
2304/16384
mean(sgnprob[1:i - 1]) = 0.289622231871472
2432/16384
mean(sgnprob[1:i - 1]) = 0.3031674208144796
2560/16384
mean(sgnprob[1:i - 1]) = 0.3161391168425166
2688/16384
mean(sgnprob[1:i - 1]) = 0.281726832899144
2816/16384
mean(sgnprob[1:i - 1]) = 0.29236234458259325
2944/16384
mean(sgnprob[1:i - 1]) = 0.3034318722392117
3072/16384
mean(sgnprob[1:i - 1]) = 0.3148811462064474
3200/16384
mean(sgnprob[1:i - 1]) = 0.3222882150672085
3328/16384
mean(sgnprob[1:i - 1]) = 0.2924556657649534
3456/16384
mean(sgnprob[1:i - 1]) = 0.29782923299565844
3584/16384
mean(sgnprob[1:i - 1]) = 0.26932737929109685
3712/16384
mean(sgnprob[1:i - 1]) = 0.2767448127189437
3840/16384
mean(sgnprob[1:i - 1]) = 0.27949986975774943
3968/16384
mean(sgnprob[1:i - 1]) = 0.2553566927148979
4096/16384
mean(sgnprob[1:i - 1]) = 0.23614163614163614
4224/16384
mean(sgnprob[1:i - 1]) = 0.24508643144683875
4352/16384
mean(sgnprob[1:i - 1]) = 0.2548839347276488
4480/16384
mean(sgnprob[1:i - 1]) = 0.2627818709533378
4608/16384
mean(sgnprob[1:i - 1]) = 0.2706750596917734
4736/16384
mean(sgnprob[1:i - 1]) = 0.2760295670538543
4864/16384
mean(sgnprob[1:i - 1]) = 0.2827472753444376
4992/16384
mean(sgnprob[1:i - 1]) = 0.26347425365658184
5120/16384
mean(sgnprob[1:i - 1]) = 0.27134205899589764
5248/16384
mean(sgnprob[1:i - 1]) = 0.27501429388221843
5376/16384
mean(sgnprob[1:i - 1]) = 0.2584186046511628
5504/16384
mean(sgnprob[1:i - 1]) = 0.2662184263129202
5632/16384
mean(sgnprob[1:i - 1]) = 0.2477357485348961
5760/16384
mean(sgnprob[1:i - 1]) = 0.25368987671470744
5888/16384
mean(sgnprob[1:i - 1]) = 0.2373025310005096
6016/16384
mean(sgnprob[1:i - 1]) = 0.24455527847049044
6144/16384
mean(sgnprob[1:i - 1]) = 0.24955233599218624
6272/16384
mean(sgnprob[1:i - 1]) = 0.2336150534205071
6400/16384
mean(sgnprob[1:i - 1]) = 0.21894045944678855
6528/16384
mean(sgnprob[1:i - 1]) = 0.224145855676421
6656/16384
mean(sgnprob[1:i - 1]) = 0.22945154019534184
6784/16384
mean(sgnprob[1:i - 1]) = 0.23573639982308714
6912/16384
mean(sgnprob[1:i - 1]) = 0.22182028649978294
7040/16384
mean(sgnprob[1:i - 1]) = 0.22659468674527633
7168/16384
mean(sgnprob[1:i - 1]) = 0.2320357192688712
7296/16384
mean(sgnprob[1:i - 1]) = 0.23838245373543523
7424/16384
mean(sgnprob[1:i - 1]) = 0.24424087296241412
7552/16384
mean(sgnprob[1:i - 1]) = 0.2504304065686664
7680/16384
mean(sgnprob[1:i - 1]) = 0.2363589008985545
7808/16384
mean(sgnprob[1:i - 1]) = 0.24068143973357242
7936/16384
mean(sgnprob[1:i - 1]) = 0.24536862003780718
8064/16384
mean(sgnprob[1:i - 1]) = 0.2501550291454793
8192/16384
mean(sgnprob[1:i - 1]) = 0.25381516298376267
8320/16384
mean(sgnprob[1:i - 1]) = 0.24245702608486597
8448/16384
mean(sgnprob[1:i - 1]) = 0.23096957499704038
8576/16384
mean(sgnprob[1:i - 1]) = 0.23638483965014578
8704/16384
mean(sgnprob[1:i - 1]) = 0.22417557164196253
8832/16384
mean(sgnprob[1:i - 1]) = 0.2143585097950402
8960/16384
mean(sgnprob[1:i - 1]) = 0.21754660118316776
9088/16384
mean(sgnprob[1:i - 1]) = 0.2221855397821063
9216/16384
mean(sgnprob[1:i - 1]) = 0.22409115572436245
9344/16384
mean(sgnprob[1:i - 1]) = 0.22829926147918228
9472/16384
mean(sgnprob[1:i - 1]) = 0.21845634040755993
9600/16384
mean(sgnprob[1:i - 1]) = 0.22200229190540682
9728/16384
mean(sgnprob[1:i - 1]) = 0.2273054384702375
9856/16384
mean(sgnprob[1:i - 1]) = 0.23084728564180618
9984/16384
mean(sgnprob[1:i - 1]) = 0.23069217670039066
10112/16384
mean(sgnprob[1:i - 1]) = 0.23390366927109088
10240/16384
mean(sgnprob[1:i - 1]) = 0.23820685613829476
10368/16384
mean(sgnprob[1:i - 1]) = 0.24143918201987075
10496/16384
mean(sgnprob[1:i - 1]) = 0.24497379704621247
10624/16384
mean(sgnprob[1:i - 1]) = 0.24710533747528945
10752/16384
mean(sgnprob[1:i - 1]) = 0.2516045019067994
10880/16384
mean(sgnprob[1:i - 1]) = 0.25636547476790145
11008/16384
mean(sgnprob[1:i - 1]) = 0.2590169891886981
11136/16384
mean(sgnprob[1:i - 1]) = 0.26286484059272563
11264/16384
mean(sgnprob[1:i - 1]) = 0.25206428127497116
11392/16384
mean(sgnprob[1:i - 1]) = 0.2544991660082521
11520/16384
mean(sgnprob[1:i - 1]) = 0.2560118065804323
11648/16384
mean(sgnprob[1:i - 1]) = 0.2592083798403022
11776/16384
mean(sgnprob[1:i - 1]) = 0.26012738853503187
11904/16384
mean(sgnprob[1:i - 1]) = 0.2613626816768882
12032/16384
mean(sgnprob[1:i - 1]) = 0.25392735433463554
12160/16384
mean(sgnprob[1:i - 1]) = 0.2575047290073197
12288/16384
mean(sgnprob[1:i - 1]) = 0.24961341254984942
12416/16384
mean(sgnprob[1:i - 1]) = 0.25283930728956905
12544/16384
mean(sgnprob[1:i - 1]) = 0.25679661962847805
12672/16384
mean(sgnprob[1:i - 1]) = 0.2606739799542262
12800/16384
mean(sgnprob[1:i - 1]) = 0.2624423783108055
12928/16384
mean(sgnprob[1:i - 1]) = 0.2553570047188056
13056/16384
mean(sgnprob[1:i - 1]) = 0.25836844121026425
13184/16384
mean(sgnprob[1:i - 1]) = 0.2610179776985512
13312/16384
mean(sgnprob[1:i - 1]) = 0.26421756442040417
13440/16384
mean(sgnprob[1:i - 1]) = 0.267505022695141
13568/16384
mean(sgnprob[1:i - 1]) = 0.27087786540871234
13696/16384
mean(sgnprob[1:i - 1]) = 0.27214311792625046
13824/16384
mean(sgnprob[1:i - 1]) = 0.2742530565000362
13952/16384
mean(sgnprob[1:i - 1]) = 0.27704107232456454
14080/16384
mean(sgnprob[1:i - 1]) = 0.26884011648554584
14208/16384
mean(sgnprob[1:i - 1]) = 0.2695150278031956
14336/16384
mean(sgnprob[1:i - 1]) = 0.27241018486222535
14464/16384
mean(sgnprob[1:i - 1]) = 0.27525409666044387
14592/16384
mean(sgnprob[1:i - 1]) = 0.26790487286683573
14720/16384
mean(sgnprob[1:i - 1]) = 0.2699232284801957
14848/16384
mean(sgnprob[1:i - 1]) = 0.2697514649424126
14976/16384
mean(sgnprob[1:i - 1]) = 0.2722537562604341
15104/16384
mean(sgnprob[1:i - 1]) = 0.26544395153280803
15232/16384
mean(sgnprob[1:i - 1]) = 0.26675858446589196
15360/16384
mean(sgnprob[1:i - 1]) = 0.2696139071554138
15488/16384
mean(sgnprob[1:i - 1]) = 0.26983921999096017
15616/16384
mean(sgnprob[1:i - 1]) = 0.27275056035862955
15744/16384
mean(sgnprob[1:i - 1]) = 0.2748523153147431
15872/16384
mean(sgnprob[1:i - 1]) = 0.27717220086951044
16000/16384
mean(sgnprob[1:i - 1]) = 0.27070441902618914
16128/16384
mean(sgnprob[1:i - 1]) = 0.27277236931853416
16256/16384
mean(sgnprob[1:i - 1]) = 0.2756690249154106
16384/16384
mean(sgnprob[1:i - 1]) = 0.2785204175059513
738.059237 seconds (167.11 M allocations: 70.745 GiB, 1.31% gc time, 1.21% compilation time)
