## SLURM PROLOG ###############################################################
##    Job ID : 5902720
##  Job Name : etgent_N6_seed1248
##  Nodelist : node1648
##      CPUs : 8
##  Mem/Node : 2048 MB
## Directory : /oscar/home/trazzaz/AFQMC
##   Job Started : Sun Nov 10 11:22:13 PM EST 2024
###############################################################################
U = 2.0
seed = 1248
λₖ = 0.0
Warming up
128/512
256/512
384/512
512/512
Measuring
128/1024
256/1024
384/1024
512/1024
640/1024
768/1024
896/1024
1024/1024
388.097572 seconds (203.81 M allocations: 1.089 TiB, 19.01% gc time, 2.23% compilation time)
λₖ = 0.2
Warming up
128/512
256/512
384/512
512/512
Measuring
128/1024
256/1024
384/1024
512/1024
640/1024
768/1024
896/1024
1024/1024
295.752395 seconds (201.96 M allocations: 1.089 TiB, 21.21% gc time, 0.03% compilation time)
λₖ = 0.4
Warming up
128/512
256/512
384/512
512/512
Measuring
128/1024
256/1024
384/1024
512/1024
640/1024
768/1024
896/1024
1024/1024
237.669073 seconds (201.96 M allocations: 1.089 TiB, 23.15% gc time)
λₖ = 0.6
Warming up
128/512
256/512
384/512
512/512
Measuring
128/1024
256/1024
384/1024
512/1024
640/1024
768/1024
896/1024
1024/1024
239.089812 seconds (201.96 M allocations: 1.089 TiB, 23.32% gc time)
λₖ = 0.8
Warming up
128/512
256/512
384/512
512/512
Measuring
128/1024
256/1024
384/1024
512/1024
640/1024
768/1024
896/1024
1024/1024
237.948335 seconds (201.96 M allocations: 1.089 TiB, 23.32% gc time)
