## SLURM PROLOG ###############################################################
##    Job ID : 5899936
##  Job Name : etgent_2x2_seed1263
##  Nodelist : node1752
##      CPUs : 8
##  Mem/Node : 2048 MB
## Directory : /oscar/home/trazzaz/AFQMC
##   Job Started : Sun Nov 10 10:10:09 PM EST 2024
###############################################################################
U = 2.0
seed = 1263
λₖ = 0.0
Warming up
128/512
256/512
384/512
512/512
Measuring
128/1024
256/1024
384/1024
512/1024
640/1024
768/1024
896/1024
1024/1024
380.547700 seconds (210.26 M allocations: 1.099 TiB, 16.56% gc time, 2.02% compilation time)
λₖ = 0.2
Warming up
128/512
256/512
384/512
512/512
Measuring
128/1024
256/1024
384/1024
512/1024
640/1024
768/1024
896/1024
1024/1024
294.330449 seconds (208.41 M allocations: 1.099 TiB, 17.75% gc time, 0.02% compilation time)
λₖ = 0.4
Warming up
128/512
256/512
384/512
512/512
Measuring
128/1024
256/1024
384/1024
512/1024
640/1024
768/1024
896/1024
1024/1024
291.247777 seconds (208.41 M allocations: 1.099 TiB, 18.55% gc time)
λₖ = 0.6
Warming up
128/512
256/512
384/512
512/512
Measuring
128/1024
256/1024
384/1024
512/1024
640/1024
768/1024
896/1024
1024/1024
256.188767 seconds (208.41 M allocations: 1.099 TiB, 18.43% gc time)
λₖ = 0.8
Warming up
128/512
256/512
384/512
512/512
Measuring
128/1024
256/1024
384/1024
512/1024
640/1024
768/1024
896/1024
1024/1024
215.489572 seconds (208.41 M allocations: 1.099 TiB, 19.29% gc time)
