## SLURM PROLOG ###############################################################
##    Job ID : 5341804
##  Job Name : etgent_N2_U2
##  Nodelist : node1755
##      CPUs : 8
##  Mem/Node : 2048 MB
## Directory : /oscar/home/trazzaz/AFQMC
##   Job Started : Wed Oct 23 11:27:49 AM EDT 2024
###############################################################################
U = 2.0
seed = 1234
λₖ = 0.0
Warming up
128/512
256/512
384/512
512/512
Measuring
128/1024
256/1024
384/1024
512/1024
640/1024
768/1024
896/1024
1024/1024
 36.649837 seconds (35.02 M allocations: 36.367 GiB, 7.13% gc time, 20.18% compilation time)
λₖ = 0.2
Warming up
128/512
256/512
384/512
512/512
Measuring
128/1024
256/1024
384/1024
512/1024
640/1024
768/1024
896/1024
1024/1024
 28.496904 seconds (33.17 M allocations: 36.268 GiB, 8.74% gc time, 0.26% compilation time)
λₖ = 0.4
Warming up
128/512
256/512
384/512
512/512
Measuring
128/1024
256/1024
384/1024
512/1024
640/1024
768/1024
896/1024
1024/1024
 28.279662 seconds (33.17 M allocations: 36.268 GiB, 8.85% gc time)
λₖ = 0.6
Warming up
128/512
256/512
384/512
512/512
Measuring
128/1024
256/1024
384/1024
512/1024
640/1024
768/1024
896/1024
1024/1024
 28.344228 seconds (33.17 M allocations: 36.268 GiB, 8.91% gc time)
λₖ = 0.8
Warming up
128/512
256/512
384/512
512/512
Measuring
128/1024
256/1024
384/1024
512/1024
640/1024
768/1024
896/1024
1024/1024
 28.338638 seconds (33.17 M allocations: 36.268 GiB, 8.87% gc time)
