## SLURM PROLOG ###############################################################
##    Job ID : 8833798
##  Job Name : sbatch_etgent.sh
##  Nodelist : node1736
##      CPUs : 8
##  Mem/Node : 4096 MB
## Directory : /oscar/home/trazzaz/AFQMC
##   Job Started : Thu Feb 27 10:40:06 PM EST 2025
###############################################################################
seed = 1352
U = 2.0
β = 6.0
Warming up
128/1024
256/1024
384/1024
512/1024
640/1024
768/1024
896/1024
1024/1024
Measuring
128/16384
mean(sgnprob[1:i - 1]) = 0.1968503937007874
256/16384
mean(sgnprob[1:i - 1]) = 0.2549019607843137
384/16384
mean(sgnprob[1:i - 1]) = 0.2898172323759791
512/16384
mean(sgnprob[1:i - 1]) = 0.30724070450097846
640/16384
mean(sgnprob[1:i - 1]) = 0.3114241001564945
768/16384
mean(sgnprob[1:i - 1]) = 0.3194263363754889
896/16384
mean(sgnprob[1:i - 1]) = 0.2871508379888268
1024/16384
mean(sgnprob[1:i - 1]) = 0.2590420332355816
1152/16384
mean(sgnprob[1:i - 1]) = 0.20243266724587317
1280/16384
mean(sgnprob[1:i - 1]) = 0.20562939796716184
1408/16384
mean(sgnprob[1:i - 1]) = 0.16844349680170576
1536/16384
mean(sgnprob[1:i - 1]) = 0.13485342019543975
1664/16384
mean(sgnprob[1:i - 1]) = 0.13168971737823212
1792/16384
mean(sgnprob[1:i - 1]) = 0.1111111111111111
1920/16384
mean(sgnprob[1:i - 1]) = 0.08702449192287649
2048/16384
mean(sgnprob[1:i - 1]) = 0.06008793356130923
2176/16384
mean(sgnprob[1:i - 1]) = 0.04275862068965517
2304/16384
mean(sgnprob[1:i - 1]) = 0.03517151541467651
2432/16384
mean(sgnprob[1:i - 1]) = 0.0374331550802139
2560/16384
mean(sgnprob[1:i - 1]) = 0.027745212973817896
2688/16384
mean(sgnprob[1:i - 1]) = 0.03833271306289542
2816/16384
mean(sgnprob[1:i - 1]) = 0.025932504440497335
2944/16384
mean(sgnprob[1:i - 1]) = 0.027522935779816515
3072/16384
mean(sgnprob[1:i - 1]) = 0.017909475740801043
3200/16384
mean(sgnprob[1:i - 1]) = 0.027195998749609252
3328/16384
mean(sgnprob[1:i - 1]) = 0.01953712052900511
3456/16384
mean(sgnprob[1:i - 1]) = 0.024602026049204053
3584/16384
mean(sgnprob[1:i - 1]) = 0.03265420039073402
3712/16384
mean(sgnprob[1:i - 1]) = 0.04176771759633522
3840/16384
mean(sgnprob[1:i - 1]) = 0.04402188069809846
3968/16384
mean(sgnprob[1:i - 1]) = 0.050668011091504914
4096/16384
mean(sgnprob[1:i - 1]) = 0.05982905982905983
4224/16384
mean(sgnprob[1:i - 1]) = 0.05185886810324414
4352/16384
mean(sgnprob[1:i - 1]) = 0.056308894507009884
4480/16384
mean(sgnprob[1:i - 1]) = 0.06139763340031257
4608/16384
mean(sgnprob[1:i - 1]) = 0.06620360321250271
4736/16384
mean(sgnprob[1:i - 1]) = 0.058922914466737066
4864/16384
mean(sgnprob[1:i - 1]) = 0.05120296113510179
4992/16384
mean(sgnprob[1:i - 1]) = 0.05830494890803446
5120/16384
mean(sgnprob[1:i - 1]) = 0.04629810509865208
5248/16384
mean(sgnprob[1:i - 1]) = 0.048980369735086716
5376/16384
mean(sgnprob[1:i - 1]) = 0.05525581395348837
5504/16384
mean(sgnprob[1:i - 1]) = 0.05651462838451753
5632/16384
mean(sgnprob[1:i - 1]) = 0.04848161960575386
5760/16384
mean(sgnprob[1:i - 1]) = 0.05226601840597326
5888/16384
mean(sgnprob[1:i - 1]) = 0.05724477662646509
6016/16384
mean(sgnprob[1:i - 1]) = 0.04970906068162926
6144/16384
mean(sgnprob[1:i - 1]) = 0.0571382060882305
6272/16384
mean(sgnprob[1:i - 1]) = 0.06107478870993462
6400/16384
mean(sgnprob[1:i - 1]) = 0.06422878574777309
6528/16384
mean(sgnprob[1:i - 1]) = 0.058679332005515554
6656/16384
mean(sgnprob[1:i - 1]) = 0.0638617580766341
6784/16384
mean(sgnprob[1:i - 1]) = 0.06855373728438743
6912/16384
mean(sgnprob[1:i - 1]) = 0.07162494573867748
7040/16384
mean(sgnprob[1:i - 1]) = 0.07657337690012786
7168/16384
mean(sgnprob[1:i - 1]) = 0.07297335007674062
7296/16384
mean(sgnprob[1:i - 1]) = 0.06675805346127485
7424/16384
mean(sgnprob[1:i - 1]) = 0.07072612151421258
7552/16384
mean(sgnprob[1:i - 1]) = 0.06661369355052311
7680/16384
mean(sgnprob[1:i - 1]) = 0.060815210313842946
7808/16384
mean(sgnprob[1:i - 1]) = 0.053925963878570515
7936/16384
mean(sgnprob[1:i - 1]) = 0.05406427221172023
8064/16384
mean(sgnprob[1:i - 1]) = 0.05593451568894952
8192/16384
mean(sgnprob[1:i - 1]) = 0.05847881821511415
8320/16384
mean(sgnprob[1:i - 1]) = 0.062387306166606565
8448/16384
mean(sgnprob[1:i - 1]) = 0.06404640700840535
8576/16384
mean(sgnprob[1:i - 1]) = 0.06588921282798833
8704/16384
mean(sgnprob[1:i - 1]) = 0.06124324945421119
8832/16384
mean(sgnprob[1:i - 1]) = 0.06397916430755293
8960/16384
mean(sgnprob[1:i - 1]) = 0.059046768612568364
9088/16384
mean(sgnprob[1:i - 1]) = 0.055793991416309016
9216/16384
mean(sgnprob[1:i - 1]) = 0.05176342919153554
9344/16384
mean(sgnprob[1:i - 1]) = 0.05319490527667773
9472/16384
mean(sgnprob[1:i - 1]) = 0.05395417590539542
9600/16384
mean(sgnprob[1:i - 1]) = 0.05740181268882175
9728/16384
mean(sgnprob[1:i - 1]) = 0.058702580446180735
9856/16384
mean(sgnprob[1:i - 1]) = 0.06078132927447996
9984/16384
mean(sgnprob[1:i - 1]) = 0.05859961935289993
10112/16384
mean(sgnprob[1:i - 1]) = 0.05627534368509544
10240/16384
mean(sgnprob[1:i - 1]) = 0.057525148940326204
10368/16384
mean(sgnprob[1:i - 1]) = 0.05507861483553583
10496/16384
mean(sgnprob[1:i - 1]) = 0.05593139590281086
10624/16384
mean(sgnprob[1:i - 1]) = 0.051303774828202954
10752/16384
mean(sgnprob[1:i - 1]) = 0.05366942609989769
10880/16384
mean(sgnprob[1:i - 1]) = 0.05726629285779943
11008/16384
mean(sgnprob[1:i - 1]) = 0.06023439629326792
11136/16384
mean(sgnprob[1:i - 1]) = 0.05756623259991019
11264/16384
mean(sgnprob[1:i - 1]) = 0.05815502086477848
11392/16384
mean(sgnprob[1:i - 1]) = 0.05908173119129137
11520/16384
mean(sgnprob[1:i - 1]) = 0.05634169632780623
11648/16384
mean(sgnprob[1:i - 1]) = 0.05932858246758822
11776/16384
mean(sgnprob[1:i - 1]) = 0.060042462845010615
11904/16384
mean(sgnprob[1:i - 1]) = 0.061749138872553136
12032/16384
mean(sgnprob[1:i - 1]) = 0.05909733189261075
12160/16384
mean(sgnprob[1:i - 1]) = 0.055678920963895054
12288/16384
mean(sgnprob[1:i - 1]) = 0.05233173272564499
12416/16384
mean(sgnprob[1:i - 1]) = 0.055014095851792184
12544/16384
mean(sgnprob[1:i - 1]) = 0.05174200749421989
12672/16384
mean(sgnprob[1:i - 1]) = 0.05295556783205745
12800/16384
mean(sgnprob[1:i - 1]) = 0.05039456207516212
12928/16384
mean(sgnprob[1:i - 1]) = 0.04803898816430727
13056/16384
mean(sgnprob[1:i - 1]) = 0.04833397165836844
13184/16384
mean(sgnprob[1:i - 1]) = 0.044830463475688385
13312/16384
mean(sgnprob[1:i - 1]) = 0.046953647359326875
13440/16384
mean(sgnprob[1:i - 1]) = 0.04858992484559863
13568/16384
mean(sgnprob[1:i - 1]) = 0.050784992997715044
13696/16384
mean(sgnprob[1:i - 1]) = 0.053231106243154434
13824/16384
mean(sgnprob[1:i - 1]) = 0.05027852130507126
13952/16384
mean(sgnprob[1:i - 1]) = 0.04795355171672282
14080/16384
mean(sgnprob[1:i - 1]) = 0.05021663470416933
14208/16384
mean(sgnprob[1:i - 1]) = 0.04821566833251214
14336/16384
mean(sgnprob[1:i - 1]) = 0.04527380537146843
14464/16384
mean(sgnprob[1:i - 1]) = 0.04653253128673166
14592/16384
mean(sgnprob[1:i - 1]) = 0.04900280995133987
14720/16384
mean(sgnprob[1:i - 1]) = 0.05020721516407364
14848/16384
mean(sgnprob[1:i - 1]) = 0.05152556071933724
14976/16384
mean(sgnprob[1:i - 1]) = 0.05161936560934891
15104/16384
mean(sgnprob[1:i - 1]) = 0.050519764285241346
15232/16384
mean(sgnprob[1:i - 1]) = 0.048388155735014114
15360/16384
mean(sgnprob[1:i - 1]) = 0.0504590142587408
15488/16384
mean(sgnprob[1:i - 1]) = 0.04900884612901143
15616/16384
mean(sgnprob[1:i - 1]) = 0.04758245276977265
15744/16384
mean(sgnprob[1:i - 1]) = 0.04516292955599314
15872/16384
mean(sgnprob[1:i - 1]) = 0.0451767374456556
16000/16384
mean(sgnprob[1:i - 1]) = 0.047440465029064315
16128/16384
mean(sgnprob[1:i - 1]) = 0.044707633161778386
16256/16384
mean(sgnprob[1:i - 1]) = 0.045216856351891724
16384/16384
mean(sgnprob[1:i - 1]) = 0.043886955990966245
754.155877 seconds (167.11 M allocations: 70.745 GiB, 1.81% gc time, 1.24% compilation time)
