## SLURM PROLOG ###############################################################
##    Job ID : 8822322
##  Job Name : sbatch_etgent.sh
##  Nodelist : node1717
##      CPUs : 8
##  Mem/Node : 4096 MB
## Directory : /oscar/home/trazzaz/AFQMC
##   Job Started : Thu Feb 27 07:44:09 PM EST 2025
###############################################################################
seed = 1317
U = 2.0
β = 6.0
Warming up
128/1024
256/1024
384/1024
512/1024
640/1024
768/1024
896/1024
1024/1024
Measuring
128/16384
mean(sgnprob[1:i - 1]) = -0.5905511811023622
256/16384
mean(sgnprob[1:i - 1]) = -0.043137254901960784
384/16384
mean(sgnprob[1:i - 1]) = 0.1174934725848564
512/16384
mean(sgnprob[1:i - 1]) = 0.2172211350293542
640/16384
mean(sgnprob[1:i - 1]) = 0.27699530516431925
768/16384
mean(sgnprob[1:i - 1]) = 0.1577574967405476
896/16384
mean(sgnprob[1:i - 1]) = 0.21340782122905028
1024/16384
mean(sgnprob[1:i - 1]) = 0.25317693059628543
1152/16384
mean(sgnprob[1:i - 1]) = 0.2945264986967854
1280/16384
mean(sgnprob[1:i - 1]) = 0.32134480062548865
1408/16384
mean(sgnprob[1:i - 1]) = 0.33759772565742713
1536/16384
mean(sgnprob[1:i - 1]) = 0.35635179153094465
1664/16384
mean(sgnprob[1:i - 1]) = 0.3734215273601924
1792/16384
mean(sgnprob[1:i - 1]) = 0.31546621998883306
1920/16384
mean(sgnprob[1:i - 1]) = 0.2631578947368421
2048/16384
mean(sgnprob[1:i - 1]) = 0.2799218368343918
2176/16384
mean(sgnprob[1:i - 1]) = 0.29379310344827586
2304/16384
mean(sgnprob[1:i - 1]) = 0.3069908814589666
2432/16384
mean(sgnprob[1:i - 1]) = 0.3155080213903743
2560/16384
mean(sgnprob[1:i - 1]) = 0.32708089097303633
2688/16384
mean(sgnprob[1:i - 1]) = 0.2884257536285821
2816/16384
mean(sgnprob[1:i - 1]) = 0.29946714031971583
2944/16384
mean(sgnprob[1:i - 1]) = 0.3061501868841318
3072/16384
mean(sgnprob[1:i - 1]) = 0.31097362422663627
3200/16384
mean(sgnprob[1:i - 1]) = 0.31791184745232887
3328/16384
mean(sgnprob[1:i - 1]) = 0.32672076946197776
3456/16384
mean(sgnprob[1:i - 1]) = 0.3342981186685962
3584/16384
mean(sgnprob[1:i - 1]) = 0.3022606754116662
3712/16384
mean(sgnprob[1:i - 1]) = 0.31015898679601184
3840/16384
mean(sgnprob[1:i - 1]) = 0.3149257619171659
3968/16384
mean(sgnprob[1:i - 1]) = 0.3178724476934711
4096/16384
mean(sgnprob[1:i - 1]) = 0.2927960927960928
4224/16384
mean(sgnprob[1:i - 1]) = 0.30002367984844897
4352/16384
mean(sgnprob[1:i - 1]) = 0.30682601700758444
4480/16384
mean(sgnprob[1:i - 1]) = 0.31457914713105606
4608/16384
mean(sgnprob[1:i - 1]) = 0.31625786846103754
4736/16384
mean(sgnprob[1:i - 1]) = 0.31826821541710665
4864/16384
mean(sgnprob[1:i - 1]) = 0.32634176434299816
4992/16384
mean(sgnprob[1:i - 1]) = 0.33119615307553596
5120/16384
mean(sgnprob[1:i - 1]) = 0.33776128150029305
5248/16384
mean(sgnprob[1:i - 1]) = 0.342862588145607
5376/16384
mean(sgnprob[1:i - 1]) = 0.3480930232558139
5504/16384
mean(sgnprob[1:i - 1]) = 0.32654915500636017
5632/16384
mean(sgnprob[1:i - 1]) = 0.32942638962884035
5760/16384
mean(sgnprob[1:i - 1]) = 0.30960236152109744
5888/16384
mean(sgnprob[1:i - 1]) = 0.3154408017666044
6016/16384
mean(sgnprob[1:i - 1]) = 0.29310058187863675
6144/16384
mean(sgnprob[1:i - 1]) = 0.2941559498616311
6272/16384
mean(sgnprob[1:i - 1]) = 0.29803859033646946
6400/16384
mean(sgnprob[1:i - 1]) = 0.3039537427723082
6528/16384
mean(sgnprob[1:i - 1]) = 0.308411214953271
6656/16384
mean(sgnprob[1:i - 1]) = 0.29166040570999247
6784/16384
mean(sgnprob[1:i - 1]) = 0.29706619489901226
6912/16384
mean(sgnprob[1:i - 1]) = 0.30342931558385183
7040/16384
mean(sgnprob[1:i - 1]) = 0.3070038357721267
7168/16384
mean(sgnprob[1:i - 1]) = 0.31045067671271104
7296/16384
mean(sgnprob[1:i - 1]) = 0.29650445510623713
7424/16384
mean(sgnprob[1:i - 1]) = 0.30001347164219316
7552/16384
mean(sgnprob[1:i - 1]) = 0.3041981194543769
7680/16384
mean(sgnprob[1:i - 1]) = 0.29157442375309284
7808/16384
mean(sgnprob[1:i - 1]) = 0.29704111694633023
7936/16384
mean(sgnprob[1:i - 1]) = 0.29930686830497794
8064/16384
mean(sgnprob[1:i - 1]) = 0.3027409152920749
8192/16384
mean(sgnprob[1:i - 1]) = 0.307532657795141
8320/16384
mean(sgnprob[1:i - 1]) = 0.2958288255799976
8448/16384
mean(sgnprob[1:i - 1]) = 0.2986859239966852
8576/16384
mean(sgnprob[1:i - 1]) = 0.285597667638484
8704/16384
mean(sgnprob[1:i - 1]) = 0.2905894519131334
8832/16384
mean(sgnprob[1:i - 1]) = 0.2931717812252293
8960/16384
mean(sgnprob[1:i - 1]) = 0.2965732782676638
9088/16384
mean(sgnprob[1:i - 1]) = 0.299658853306922
9216/16384
mean(sgnprob[1:i - 1]) = 0.3026587086272382
9344/16384
mean(sgnprob[1:i - 1]) = 0.3051482393235577
9472/16384
mean(sgnprob[1:i - 1]) = 0.30862633301657694
9600/16384
mean(sgnprob[1:i - 1]) = 0.31222002291905404
9728/16384
mean(sgnprob[1:i - 1]) = 0.31469106610465714
9856/16384
mean(sgnprob[1:i - 1]) = 0.3166920345002537
9984/16384
mean(sgnprob[1:i - 1]) = 0.32084543724331366
10112/16384
mean(sgnprob[1:i - 1]) = 0.3229156364355652
10240/16384
mean(sgnprob[1:i - 1]) = 0.3261060650454146
10368/16384
mean(sgnprob[1:i - 1]) = 0.3282531108324491
10496/16384
mean(sgnprob[1:i - 1]) = 0.33187232015245355
10624/16384
mean(sgnprob[1:i - 1]) = 0.32222536006777747
10752/16384
mean(sgnprob[1:i - 1]) = 0.3115059064273091
10880/16384
mean(sgnprob[1:i - 1]) = 0.3012225388362901
11008/16384
mean(sgnprob[1:i - 1]) = 0.30444262741891526
11136/16384
mean(sgnprob[1:i - 1]) = 0.30776829815895823
11264/16384
mean(sgnprob[1:i - 1]) = 0.31084080617952586
11392/16384
mean(sgnprob[1:i - 1]) = 0.3124396453340356
11520/16384
mean(sgnprob[1:i - 1]) = 0.31608646583904854
11648/16384
mean(sgnprob[1:i - 1]) = 0.3079763029106208
11776/16384
mean(sgnprob[1:i - 1]) = 0.3093842887473461
11904/16384
mean(sgnprob[1:i - 1]) = 0.3114340922456524
12032/16384
mean(sgnprob[1:i - 1]) = 0.3144377026016125
12160/16384
mean(sgnprob[1:i - 1]) = 0.3165556377991611
12288/16384
mean(sgnprob[1:i - 1]) = 0.3083747049727354
12416/16384
mean(sgnprob[1:i - 1]) = 0.299073701167942
12544/16384
mean(sgnprob[1:i - 1]) = 0.30128358446942516
12672/16384
mean(sgnprob[1:i - 1]) = 0.30360666087917293
12800/16384
mean(sgnprob[1:i - 1]) = 0.30525822329869523
12928/16384
mean(sgnprob[1:i - 1]) = 0.29713003790515974
13056/16384
mean(sgnprob[1:i - 1]) = 0.29865951742627345
13184/16384
mean(sgnprob[1:i - 1]) = 0.30076613820829856
13312/16384
mean(sgnprob[1:i - 1]) = 0.3022312373225152
13440/16384
mean(sgnprob[1:i - 1]) = 0.30515663367810103
13568/16384
mean(sgnprob[1:i - 1]) = 0.30758458023144397
13696/16384
mean(sgnprob[1:i - 1]) = 0.30967506389193133
13824/16384
mean(sgnprob[1:i - 1]) = 0.31230557766042105
13952/16384
mean(sgnprob[1:i - 1]) = 0.3039925453372518
14080/16384
mean(sgnprob[1:i - 1]) = 0.30634278002699056
14208/16384
mean(sgnprob[1:i - 1]) = 0.30822833814316886
14336/16384
mean(sgnprob[1:i - 1]) = 0.3026857342169515
14464/16384
mean(sgnprob[1:i - 1]) = 0.2946138422180737
14592/16384
mean(sgnprob[1:i - 1]) = 0.2870947844561716
14720/16384
mean(sgnprob[1:i - 1]) = 0.29016916910116175
14848/16384
mean(sgnprob[1:i - 1]) = 0.29184347006129185
14976/16384
mean(sgnprob[1:i - 1]) = 0.2932220367278798
15104/16384
mean(sgnprob[1:i - 1]) = 0.2851751307687214
15232/16384
mean(sgnprob[1:i - 1]) = 0.2863239445866982
15360/16384
mean(sgnprob[1:i - 1]) = 0.2883651279380168
15488/16384
mean(sgnprob[1:i - 1]) = 0.2914056950991154
15616/16384
mean(sgnprob[1:i - 1]) = 0.28491834774255526
15744/16384
mean(sgnprob[1:i - 1]) = 0.27942577653560313
15872/16384
mean(sgnprob[1:i - 1]) = 0.2788104089219331
16000/16384
mean(sgnprob[1:i - 1]) = 0.28158009875617224
16128/16384
mean(sgnprob[1:i - 1]) = 0.2831896818999194
16256/16384
mean(sgnprob[1:i - 1]) = 0.2766533374346355
16384/16384
mean(sgnprob[1:i - 1]) = 0.27827626197888056
725.721058 seconds (167.11 M allocations: 70.745 GiB, 1.26% gc time, 1.22% compilation time)
