## SLURM PROLOG ###############################################################
##    Job ID : 8833965
##  Job Name : sbatch_etgent.sh
##  Nodelist : node1322
##      CPUs : 8
##  Mem/Node : 4096 MB
## Directory : /oscar/home/trazzaz/AFQMC
##   Job Started : Fri Feb 28 03:09:01 AM EST 2025
###############################################################################
seed = 1519
U = 2.0
β = 6.0
Warming up
128/1024
256/1024
384/1024
512/1024
640/1024
768/1024
896/1024
1024/1024
Measuring
128/16384
mean(sgnprob[1:i - 1]) = 0.5905511811023622
256/16384
mean(sgnprob[1:i - 1]) = 0.592156862745098
384/16384
mean(sgnprob[1:i - 1]) = 0.2010443864229765
512/16384
mean(sgnprob[1:i - 1]) = 0.0410958904109589
640/16384
mean(sgnprob[1:i - 1]) = 0.14241001564945227
768/16384
mean(sgnprob[1:i - 1]) = 0.22294654498044328
896/16384
mean(sgnprob[1:i - 1]) = 0.2581005586592179
1024/16384
mean(sgnprob[1:i - 1]) = 0.15933528836754643
1152/16384
mean(sgnprob[1:i - 1]) = 0.19548218940052128
1280/16384
mean(sgnprob[1:i - 1]) = 0.2259577795152463
1408/16384
mean(sgnprob[1:i - 1]) = 0.2508884150675195
1536/16384
mean(sgnprob[1:i - 1]) = 0.18306188925081432
1664/16384
mean(sgnprob[1:i - 1]) = 0.20384846662657846
1792/16384
mean(sgnprob[1:i - 1]) = 0.22724734785036294
1920/16384
mean(sgnprob[1:i - 1]) = 0.2589890568004169
2048/16384
mean(sgnprob[1:i - 1]) = 0.2808988764044944
2176/16384
mean(sgnprob[1:i - 1]) = 0.29379310344827586
2304/16384
mean(sgnprob[1:i - 1]) = 0.3078593139383413
2432/16384
mean(sgnprob[1:i - 1]) = 0.26285479226655695
2560/16384
mean(sgnprob[1:i - 1]) = 0.2825322391559203
2688/16384
mean(sgnprob[1:i - 1]) = 0.2958689988835132
2816/16384
mean(sgnprob[1:i - 1]) = 0.3037300177619893
2944/16384
mean(sgnprob[1:i - 1]) = 0.2701325178389399
3072/16384
mean(sgnprob[1:i - 1]) = 0.2334744382937154
3200/16384
mean(sgnprob[1:i - 1]) = 0.24288840262582057
3328/16384
mean(sgnprob[1:i - 1]) = 0.2563871355575594
3456/16384
mean(sgnprob[1:i - 1]) = 0.2642547033285094
3584/16384
mean(sgnprob[1:i - 1]) = 0.27267652804912085
3712/16384
mean(sgnprob[1:i - 1]) = 0.28267313392616544
3840/16384
mean(sgnprob[1:i - 1]) = 0.2883563427976035
3968/16384
mean(sgnprob[1:i - 1]) = 0.29468111923367785
4096/16384
mean(sgnprob[1:i - 1]) = 0.30256410256410254
4224/16384
mean(sgnprob[1:i - 1]) = 0.3123372010419133
4352/16384
mean(sgnprob[1:i - 1]) = 0.31877729257641924
4480/16384
mean(sgnprob[1:i - 1]) = 0.32172359901763786
4608/16384
mean(sgnprob[1:i - 1]) = 0.3266767961797265
4736/16384
mean(sgnprob[1:i - 1]) = 0.3355860612460401
4864/16384
mean(sgnprob[1:i - 1]) = 0.34484885872917953
4992/16384
mean(sgnprob[1:i - 1]) = 0.3520336605890603
5120/16384
mean(sgnprob[1:i - 1]) = 0.3557335417073647
5248/16384
mean(sgnprob[1:i - 1]) = 0.35696588526777207
5376/16384
mean(sgnprob[1:i - 1]) = 0.36111627906976745
5504/16384
mean(sgnprob[1:i - 1]) = 0.36434671997092494
5632/16384
mean(sgnprob[1:i - 1]) = 0.3677854732729533
5760/16384
mean(sgnprob[1:i - 1]) = 0.37072408404236845
5888/16384
mean(sgnprob[1:i - 1]) = 0.35281127908951926
6016/16384
mean(sgnprob[1:i - 1]) = 0.3579384871155445
6144/16384
mean(sgnprob[1:i - 1]) = 0.3635031743447827
6272/16384
mean(sgnprob[1:i - 1]) = 0.34332642321798756
6400/16384
mean(sgnprob[1:i - 1]) = 0.34739803094233473
6528/16384
mean(sgnprob[1:i - 1]) = 0.3289413206679945
6656/16384
mean(sgnprob[1:i - 1]) = 0.3108940646130729
6784/16384
mean(sgnprob[1:i - 1]) = 0.31416777237210675
6912/16384
mean(sgnprob[1:i - 1]) = 0.31992475763275935
7040/16384
mean(sgnprob[1:i - 1]) = 0.3260406307714164
7168/16384
mean(sgnprob[1:i - 1]) = 0.3305427654527696
7296/16384
mean(sgnprob[1:i - 1]) = 0.3362577107607951
7424/16384
mean(sgnprob[1:i - 1]) = 0.3234541290583322
7552/16384
mean(sgnprob[1:i - 1]) = 0.3269765593961065
7680/16384
mean(sgnprob[1:i - 1]) = 0.3314233624169814
7808/16384
mean(sgnprob[1:i - 1]) = 0.3349558088894582
7936/16384
mean(sgnprob[1:i - 1]) = 0.33862633900441086
8064/16384
mean(sgnprob[1:i - 1]) = 0.3424283765347885
8192/16384
mean(sgnprob[1:i - 1]) = 0.344890733732145
8320/16384
mean(sgnprob[1:i - 1]) = 0.34679648996273593
8448/16384
mean(sgnprob[1:i - 1]) = 0.3519592754824198
8576/16384
mean(sgnprob[1:i - 1]) = 0.355801749271137
8704/16384
mean(sgnprob[1:i - 1]) = 0.35815236125473976
8832/16384
mean(sgnprob[1:i - 1]) = 0.34639338693239724
8960/16384
mean(sgnprob[1:i - 1]) = 0.3510436432637571
9088/16384
mean(sgnprob[1:i - 1]) = 0.35358204027731926
9216/16384
mean(sgnprob[1:i - 1]) = 0.35756918068366794
9344/16384
mean(sgnprob[1:i - 1]) = 0.34582040029968963
9472/16384
mean(sgnprob[1:i - 1]) = 0.3485376412205681
9600/16384
mean(sgnprob[1:i - 1]) = 0.3505573497239296
9728/16384
mean(sgnprob[1:i - 1]) = 0.35252390253932353
9856/16384
mean(sgnprob[1:i - 1]) = 0.35504819888381534
9984/16384
mean(sgnprob[1:i - 1]) = 0.35770810377641993
10112/16384
mean(sgnprob[1:i - 1]) = 0.358520423301355
10240/16384
mean(sgnprob[1:i - 1]) = 0.36165641175896085
10368/16384
mean(sgnprob[1:i - 1]) = 0.36278576251567474
10496/16384
mean(sgnprob[1:i - 1]) = 0.35321581705574084
10624/16384
mean(sgnprob[1:i - 1]) = 0.35536100913113056
10752/16384
mean(sgnprob[1:i - 1]) = 0.34685145567854153
10880/16384
mean(sgnprob[1:i - 1]) = 0.3372552624322088
11008/16384
mean(sgnprob[1:i - 1]) = 0.32788225674570726
11136/16384
mean(sgnprob[1:i - 1]) = 0.33022002694207453
11264/16384
mean(sgnprob[1:i - 1]) = 0.32096244339873925
11392/16384
mean(sgnprob[1:i - 1]) = 0.3227987007286454
11520/16384
mean(sgnprob[1:i - 1]) = 0.3232051393350117
11648/16384
mean(sgnprob[1:i - 1]) = 0.3272087232763802
11776/16384
mean(sgnprob[1:i - 1]) = 0.328067940552017
11904/16384
mean(sgnprob[1:i - 1]) = 0.332269175838024
12032/16384
mean(sgnprob[1:i - 1]) = 0.33521735516582163
12160/16384
mean(sgnprob[1:i - 1]) = 0.3374455136113167
12288/16384
mean(sgnprob[1:i - 1]) = 0.3402783429641084
12416/16384
mean(sgnprob[1:i - 1]) = 0.3414418042690294
12544/16384
mean(sgnprob[1:i - 1]) = 0.33429004225464404
12672/16384
mean(sgnprob[1:i - 1]) = 0.3253886828190356
12800/16384
mean(sgnprob[1:i - 1]) = 0.32635362137667007
12928/16384
mean(sgnprob[1:i - 1]) = 0.3183259843737913
13056/16384
mean(sgnprob[1:i - 1]) = 0.32163921869015705
13184/16384
mean(sgnprob[1:i - 1]) = 0.3238261397254039
13312/16384
mean(sgnprob[1:i - 1]) = 0.3259710014273909
13440/16384
mean(sgnprob[1:i - 1]) = 0.32837264677431355
13568/16384
mean(sgnprob[1:i - 1]) = 0.3299918920911034
13696/16384
mean(sgnprob[1:i - 1]) = 0.32106608251186564
13824/16384
mean(sgnprob[1:i - 1]) = 0.32301237068653693
13952/16384
mean(sgnprob[1:i - 1]) = 0.3253530212887965
14080/16384
mean(sgnprob[1:i - 1]) = 0.3273670004971944
14208/16384
mean(sgnprob[1:i - 1]) = 0.3285000351939185
14336/16384
mean(sgnprob[1:i - 1]) = 0.3298918730380188
14464/16384
mean(sgnprob[1:i - 1]) = 0.3311207909838899
14592/16384
mean(sgnprob[1:i - 1]) = 0.33246521828524433
14720/16384
mean(sgnprob[1:i - 1]) = 0.32454650451796996
14848/16384
mean(sgnprob[1:i - 1]) = 0.32700208796389846
14976/16384
mean(sgnprob[1:i - 1]) = 0.3193989983305509
15104/16384
mean(sgnprob[1:i - 1]) = 0.3124544792425346
15232/16384
mean(sgnprob[1:i - 1]) = 0.30470750443175104
15360/16384
mean(sgnprob[1:i - 1]) = 0.3064652646656683
15488/16384
mean(sgnprob[1:i - 1]) = 0.3098727965390327
15616/16384
mean(sgnprob[1:i - 1]) = 0.31284021773935317
15744/16384
mean(sgnprob[1:i - 1]) = 0.3144889792288636
15872/16384
mean(sgnprob[1:i - 1]) = 0.31724529015184927
16000/16384
mean(sgnprob[1:i - 1]) = 0.31733233327082944
16128/16384
mean(sgnprob[1:i - 1]) = 0.3179140571712036
16256/16384
mean(sgnprob[1:i - 1]) = 0.31996308828052905
16384/16384
mean(sgnprob[1:i - 1]) = 0.32149179027040226
817.980859 seconds (167.11 M allocations: 70.745 GiB, 2.20% gc time, 1.31% compilation time)
