## SLURM PROLOG ###############################################################
##    Job ID : 8833863
##  Job Name : sbatch_etgent.sh
##  Nodelist : node1736
##      CPUs : 8
##  Mem/Node : 4096 MB
## Directory : /oscar/home/trazzaz/AFQMC
##   Job Started : Fri Feb 28 12:22:37 AM EST 2025
###############################################################################
seed = 1417
U = 2.0
β = 6.0
Warming up
128/1024
256/1024
384/1024
512/1024
640/1024
768/1024
896/1024
1024/1024
Measuring
128/16384
mean(sgnprob[1:i - 1]) = 0.5433070866141733
256/16384
mean(sgnprob[1:i - 1]) = -0.0196078431372549
384/16384
mean(sgnprob[1:i - 1]) = 0.14882506527415143
512/16384
mean(sgnprob[1:i - 1]) = 0.2602739726027397
640/16384
mean(sgnprob[1:i - 1]) = 0.323943661971831
768/16384
mean(sgnprob[1:i - 1]) = 0.35853976531942633
896/16384
mean(sgnprob[1:i - 1]) = 0.4033519553072626
1024/16384
mean(sgnprob[1:i - 1]) = 0.4115347018572825
1152/16384
mean(sgnprob[1:i - 1]) = 0.41963509991311904
1280/16384
mean(sgnprob[1:i - 1]) = 0.43393275996872555
1408/16384
mean(sgnprob[1:i - 1]) = 0.43852167732764746
1536/16384
mean(sgnprob[1:i - 1]) = 0.44104234527687297
1664/16384
mean(sgnprob[1:i - 1]) = 0.444377630787733
1792/16384
mean(sgnprob[1:i - 1]) = 0.4416527079843663
1920/16384
mean(sgnprob[1:i - 1]) = 0.3746743095362168
2048/16384
mean(sgnprob[1:i - 1]) = 0.37371763556424037
2176/16384
mean(sgnprob[1:i - 1]) = 0.38022988505747124
2304/16384
mean(sgnprob[1:i - 1]) = 0.39470256187581415
2432/16384
mean(sgnprob[1:i - 1]) = 0.40189222542163716
2560/16384
mean(sgnprob[1:i - 1]) = 0.35130910511918717
2688/16384
mean(sgnprob[1:i - 1]) = 0.3606252326014142
2816/16384
mean(sgnprob[1:i - 1]) = 0.3705150976909414
2944/16384
mean(sgnprob[1:i - 1]) = 0.37750594631328577
3072/16384
mean(sgnprob[1:i - 1]) = 0.38717030283295345
3200/16384
mean(sgnprob[1:i - 1]) = 0.3923100969052829
3328/16384
mean(sgnprob[1:i - 1]) = 0.39404869251578
3456/16384
mean(sgnprob[1:i - 1]) = 0.39913169319826336
3584/16384
mean(sgnprob[1:i - 1]) = 0.40608428691041026
3712/16384
mean(sgnprob[1:i - 1]) = 0.40662894098625707
3840/16384
mean(sgnprob[1:i - 1]) = 0.40922115134149517
3968/16384
mean(sgnprob[1:i - 1]) = 0.414671036047391
4096/16384
mean(sgnprob[1:i - 1]) = 0.38461538461538464
4224/16384
mean(sgnprob[1:i - 1]) = 0.3810087615439261
4352/16384
mean(sgnprob[1:i - 1]) = 0.3831303148701448
4480/16384
mean(sgnprob[1:i - 1]) = 0.3833444965394061
4608/16384
mean(sgnprob[1:i - 1]) = 0.35967006728890816
4736/16384
mean(sgnprob[1:i - 1]) = 0.36219640971488914
4864/16384
mean(sgnprob[1:i - 1]) = 0.369113715813284
4992/16384
mean(sgnprob[1:i - 1]) = 0.37287116810258464
5120/16384
mean(sgnprob[1:i - 1]) = 0.3744872045321352
5248/16384
mean(sgnprob[1:i - 1]) = 0.37869258623975605
5376/16384
mean(sgnprob[1:i - 1]) = 0.37748837209302327
5504/16384
mean(sgnprob[1:i - 1]) = 0.3745229874613847
5632/16384
mean(sgnprob[1:i - 1]) = 0.3503818149529391
5760/16384
mean(sgnprob[1:i - 1]) = 0.35092898072582046
5888/16384
mean(sgnprob[1:i - 1]) = 0.35654832682181076
6016/16384
mean(sgnprob[1:i - 1]) = 0.35893599334995846
6144/16384
mean(sgnprob[1:i - 1]) = 0.3608985837538662
6272/16384
mean(sgnprob[1:i - 1]) = 0.3627810556530059
6400/16384
mean(sgnprob[1:i - 1]) = 0.3661509610876699
6528/16384
mean(sgnprob[1:i - 1]) = 0.34947142638271794
6656/16384
mean(sgnprob[1:i - 1]) = 0.3313298271975958
6784/16384
mean(sgnprob[1:i - 1]) = 0.3156420462922011
6912/16384
mean(sgnprob[1:i - 1]) = 0.32021415135291564
7040/16384
mean(sgnprob[1:i - 1]) = 0.32746128711464695
7168/16384
mean(sgnprob[1:i - 1]) = 0.32719408399609323
7296/16384
mean(sgnprob[1:i - 1]) = 0.3318711446196025
7424/16384
mean(sgnprob[1:i - 1]) = 0.3186043378687862
7552/16384
mean(sgnprob[1:i - 1]) = 0.3235333068467753
7680/16384
mean(sgnprob[1:i - 1]) = 0.32803750488344835
7808/16384
mean(sgnprob[1:i - 1]) = 0.33239400537978736
7936/16384
mean(sgnprob[1:i - 1]) = 0.33534971644612477
8064/16384
mean(sgnprob[1:i - 1]) = 0.3203522262185291
8192/16384
mean(sgnprob[1:i - 1]) = 0.3236479062385545
8320/16384
mean(sgnprob[1:i - 1]) = 0.3261209279961534
8448/16384
mean(sgnprob[1:i - 1]) = 0.32993962353498285
8576/16384
mean(sgnprob[1:i - 1]) = 0.31615160349854227
8704/16384
mean(sgnprob[1:i - 1]) = 0.31770653797541076
8832/16384
mean(sgnprob[1:i - 1]) = 0.32397237006001584
8960/16384
mean(sgnprob[1:i - 1]) = 0.31286973992633105
9088/16384
mean(sgnprob[1:i - 1]) = 0.31594585671838893
9216/16384
mean(sgnprob[1:i - 1]) = 0.3185024416711883
9344/16384
mean(sgnprob[1:i - 1]) = 0.3190623996574976
9472/16384
mean(sgnprob[1:i - 1]) = 0.32277478618942035
9600/16384
mean(sgnprob[1:i - 1]) = 0.32617981039691635
9728/16384
mean(sgnprob[1:i - 1]) = 0.3148966793461499
9856/16384
mean(sgnprob[1:i - 1]) = 0.31770674784373415
9984/16384
mean(sgnprob[1:i - 1]) = 0.3062205749774617
10112/16384
mean(sgnprob[1:i - 1]) = 0.3090693304322025
10240/16384
mean(sgnprob[1:i - 1]) = 0.3116515284695771
10368/16384
mean(sgnprob[1:i - 1]) = 0.31455580206424233
10496/16384
mean(sgnprob[1:i - 1]) = 0.31605526441162457
10624/16384
mean(sgnprob[1:i - 1]) = 0.3201543820013179
10752/16384
mean(sgnprob[1:i - 1]) = 0.323039717235606
10880/16384
mean(sgnprob[1:i - 1]) = 0.32475411342954313
11008/16384
mean(sgnprob[1:i - 1]) = 0.3271554465340238
11136/16384
mean(sgnprob[1:i - 1]) = 0.3296811854512797
11264/16384
mean(sgnprob[1:i - 1]) = 0.33303737902867797
11392/16384
mean(sgnprob[1:i - 1]) = 0.3238521639891142
11520/16384
mean(sgnprob[1:i - 1]) = 0.32528865352895214
11648/16384
mean(sgnprob[1:i - 1]) = 0.31587533270370055
11776/16384
mean(sgnprob[1:i - 1]) = 0.31736730360934184
11904/16384
mean(sgnprob[1:i - 1]) = 0.32017138536503403
12032/16384
mean(sgnprob[1:i - 1]) = 0.310614246529798
12160/16384
mean(sgnprob[1:i - 1]) = 0.3132658935767744
12288/16384
mean(sgnprob[1:i - 1]) = 0.31504842516480835
12416/16384
mean(sgnprob[1:i - 1]) = 0.3068062827225131
12544/16384
mean(sgnprob[1:i - 1]) = 0.30829944989237024
12672/16384
mean(sgnprob[1:i - 1]) = 0.30013416462789044
12800/16384
mean(sgnprob[1:i - 1]) = 0.30150793030705525
12928/16384
mean(sgnprob[1:i - 1]) = 0.3034733503519765
13056/16384
mean(sgnprob[1:i - 1]) = 0.29544235924932977
13184/16384
mean(sgnprob[1:i - 1]) = 0.2984904801638474
13312/16384
mean(sgnprob[1:i - 1]) = 0.30042821726391705
13440/16384
mean(sgnprob[1:i - 1]) = 0.3017337599523774
13568/16384
mean(sgnprob[1:i - 1]) = 0.29431709294611924
13696/16384
mean(sgnprob[1:i - 1]) = 0.2968236582694414
13824/16384
mean(sgnprob[1:i - 1]) = 0.29856037039716415
13952/16384
mean(sgnprob[1:i - 1]) = 0.2915203211239338
14080/16384
mean(sgnprob[1:i - 1]) = 0.2851765040130691
14208/16384
mean(sgnprob[1:i - 1]) = 0.28697121137467446
14336/16384
mean(sgnprob[1:i - 1]) = 0.28929194279734916
14464/16384
mean(sgnprob[1:i - 1]) = 0.2820300076056143
14592/16384
mean(sgnprob[1:i - 1]) = 0.2736618463436365
14720/16384
mean(sgnprob[1:i - 1]) = 0.2765812894897751
14848/16384
mean(sgnprob[1:i - 1]) = 0.2705597090321277
14976/16384
mean(sgnprob[1:i - 1]) = 0.2726544240400668
15104/16384
mean(sgnprob[1:i - 1]) = 0.26517910348937296
15232/16384
mean(sgnprob[1:i - 1]) = 0.26702120674939267
15360/16384
mean(sgnprob[1:i - 1]) = 0.2694836903444235
15488/16384
mean(sgnprob[1:i - 1]) = 0.27087234454703946
15616/16384
mean(sgnprob[1:i - 1]) = 0.27300672430355427
15744/16384
mean(sgnprob[1:i - 1]) = 0.27523343708314807
15872/16384
mean(sgnprob[1:i - 1]) = 0.277802280889673
16000/16384
mean(sgnprob[1:i - 1]) = 0.2713294580911307
16128/16384
mean(sgnprob[1:i - 1]) = 0.27376449432628513
16256/16384
mean(sgnprob[1:i - 1]) = 0.2754229467856044
16384/16384
mean(sgnprob[1:i - 1]) = 0.2779100286882744
746.425013 seconds (167.11 M allocations: 70.745 GiB, 1.43% gc time, 1.24% compilation time)
