## SLURM PROLOG ###############################################################
##    Job ID : 5955276
##  Job Name : etgent_N(1,3)_seed1241
##  Nodelist : node1748
##      CPUs : 8
##  Mem/Node : 2048 MB
## Directory : /oscar/home/trazzaz/AFQMC
##   Job Started : Mon Nov 11 10:04:53 PM EST 2024
###############################################################################
U = 2.0
seed = 1241
λₖ = 0.0
Warming up
128/512
256/512
384/512
512/512
Measuring
128/1024
256/1024
384/1024
512/1024
640/1024
768/1024
896/1024
1024/1024
116.758414 seconds (80.56 M allocations: 16.970 GiB, 3.05% gc time, 10.40% compilation time)
λₖ = 0.2
Warming up
128/512
256/512
384/512
512/512
Measuring
128/1024
256/1024
384/1024
512/1024
640/1024
768/1024
896/1024
1024/1024
111.127070 seconds (76.83 M allocations: 16.806 GiB, 2.90% gc time, 0.10% compilation time)
λₖ = 0.4
Warming up
128/512
256/512
384/512
512/512
Measuring
128/1024
256/1024
384/1024
512/1024
640/1024
768/1024
896/1024
1024/1024
111.076116 seconds (76.82 M allocations: 16.805 GiB, 2.75% gc time)
λₖ = 0.6
Warming up
128/512
256/512
384/512
512/512
Measuring
128/1024
256/1024
384/1024
512/1024
640/1024
768/1024
896/1024
1024/1024
114.152080 seconds (76.82 M allocations: 16.805 GiB, 2.55% gc time)
λₖ = 0.8
Warming up
128/512
256/512
384/512
512/512
Measuring
128/1024
256/1024
384/1024
512/1024
640/1024
768/1024
896/1024
1024/1024
104.991628 seconds (76.82 M allocations: 16.805 GiB, 2.64% gc time)
