## SLURM PROLOG ###############################################################
##    Job ID : 8822306
##  Job Name : sbatch_etgent.sh
##  Nodelist : node1736
##      CPUs : 8
##  Mem/Node : 4096 MB
## Directory : /oscar/home/trazzaz/AFQMC
##   Job Started : Thu Feb 27 07:17:56 PM EST 2025
###############################################################################
seed = 1301
U = 2.0
β = 6.0
Warming up
128/1024
256/1024
384/1024
512/1024
640/1024
768/1024
896/1024
1024/1024
Measuring
128/16384
mean(sgnprob[1:i - 1]) = 0.2440944881889764
256/16384
mean(sgnprob[1:i - 1]) = 0.2784313725490196
384/16384
mean(sgnprob[1:i - 1]) = 0.30548302872062666
512/16384
mean(sgnprob[1:i - 1]) = 0.32289628180039137
640/16384
mean(sgnprob[1:i - 1]) = 0.17996870109546165
768/16384
mean(sgnprob[1:i - 1]) = 0.08735332464146023
896/16384
mean(sgnprob[1:i - 1]) = 0.1106145251396648
1024/16384
mean(sgnprob[1:i - 1]) = 0.1436950146627566
1152/16384
mean(sgnprob[1:i - 1]) = 0.08774978279756733
1280/16384
mean(sgnprob[1:i - 1]) = 0.044566067240031274
1408/16384
mean(sgnprob[1:i - 1]) = 0.013503909026297086
1536/16384
mean(sgnprob[1:i - 1]) = -0.012377850162866449
1664/16384
mean(sgnprob[1:i - 1]) = -0.03307276007215875
1792/16384
mean(sgnprob[1:i - 1]) = -0.01060859854829704
1920/16384
mean(sgnprob[1:i - 1]) = 0.01615424700364773
2048/16384
mean(sgnprob[1:i - 1]) = 0.03663898387884709
2176/16384
mean(sgnprob[1:i - 1]) = 0.017011494252873564
2304/16384
mean(sgnprob[1:i - 1]) = 0.03690838037342597
2432/16384
mean(sgnprob[1:i - 1]) = 0.010283833813245578
2560/16384
mean(sgnprob[1:i - 1]) = -0.008987885892926924
2688/16384
mean(sgnprob[1:i - 1]) = 0.0033494603647190174
2816/16384
mean(sgnprob[1:i - 1]) = -0.018117229129662522
2944/16384
mean(sgnprob[1:i - 1]) = -0.032279986408426775
3072/16384
mean(sgnprob[1:i - 1]) = -0.017909475740801043
3200/16384
mean(sgnprob[1:i - 1]) = -0.00718974679587371
3328/16384
mean(sgnprob[1:i - 1]) = 0.0063119927862939585
3456/16384
mean(sgnprob[1:i - 1]) = 0.02170767004341534
3584/16384
mean(sgnprob[1:i - 1]) = 0.03432877476974602
3712/16384
mean(sgnprob[1:i - 1]) = 0.04823497709512261
3840/16384
mean(sgnprob[1:i - 1]) = 0.060692888773118
3968/16384
mean(sgnprob[1:i - 1]) = 0.044113940005041596
4096/16384
mean(sgnprob[1:i - 1]) = 0.05787545787545788
4224/16384
mean(sgnprob[1:i - 1]) = 0.06890835898650248
4352/16384
mean(sgnprob[1:i - 1]) = 0.05401057228223397
4480/16384
mean(sgnprob[1:i - 1]) = 0.04308997544094664
4608/16384
mean(sgnprob[1:i - 1]) = 0.056652919470371176
4736/16384
mean(sgnprob[1:i - 1]) = 0.0631467793030623
4864/16384
mean(sgnprob[1:i - 1]) = 0.07176639934196997
4992/16384
mean(sgnprob[1:i - 1]) = 0.08074534161490683
5120/16384
mean(sgnprob[1:i - 1]) = 0.08810314514553624
5248/16384
mean(sgnprob[1:i - 1]) = 0.07642462359443492
5376/16384
mean(sgnprob[1:i - 1]) = 0.08427906976744186
5504/16384
mean(sgnprob[1:i - 1]) = 0.08886062147919317
5632/16384
mean(sgnprob[1:i - 1]) = 0.09465459065885277
5760/16384
mean(sgnprob[1:i - 1]) = 0.09741274526827574
5888/16384
mean(sgnprob[1:i - 1]) = 0.091217937829115
6016/16384
mean(sgnprob[1:i - 1]) = 0.09758935993349958
6144/16384
mean(sgnprob[1:i - 1]) = 0.10304411525313364
6272/16384
mean(sgnprob[1:i - 1]) = 0.09392441396906394
6400/16384
mean(sgnprob[1:i - 1]) = 0.09642131583059853
6528/16384
mean(sgnprob[1:i - 1]) = 0.08595066646238701
6656/16384
mean(sgnprob[1:i - 1]) = 0.09090909090909091
6784/16384
mean(sgnprob[1:i - 1]) = 0.0800530738611234
6912/16384
mean(sgnprob[1:i - 1]) = 0.07220373317899001
7040/16384
mean(sgnprob[1:i - 1]) = 0.07486858928825117
7168/16384
mean(sgnprob[1:i - 1]) = 0.0813450537184317
7296/16384
mean(sgnprob[1:i - 1]) = 0.086223440712817
7424/16384
mean(sgnprob[1:i - 1]) = 0.08877812205307826
7552/16384
mean(sgnprob[1:i - 1]) = 0.09389484836445504
7680/16384
mean(sgnprob[1:i - 1]) = 0.0988409949212137
7808/16384
mean(sgnprob[1:i - 1]) = 0.09363391827846804
7936/16384
mean(sgnprob[1:i - 1]) = 0.09817265280403277
8064/16384
mean(sgnprob[1:i - 1]) = 0.09090909090909091
8192/16384
mean(sgnprob[1:i - 1]) = 0.09583689415211818
8320/16384
mean(sgnprob[1:i - 1]) = 0.09965140040870298
8448/16384
mean(sgnprob[1:i - 1]) = 0.09127500887889191
8576/16384
mean(sgnprob[1:i - 1]) = 0.09551020408163265
8704/16384
mean(sgnprob[1:i - 1]) = 0.0860622773756176
8832/16384
mean(sgnprob[1:i - 1]) = 0.08775903068735137
8960/16384
mean(sgnprob[1:i - 1]) = 0.09208617033151022
9088/16384
mean(sgnprob[1:i - 1]) = 0.09673159458567183
9216/16384
mean(sgnprob[1:i - 1]) = 0.10103092783505155
9344/16384
mean(sgnprob[1:i - 1]) = 0.09472332227335974
9472/16384
mean(sgnprob[1:i - 1]) = 0.09027557808045612
9600/16384
mean(sgnprob[1:i - 1]) = 0.09448900927179915
9728/16384
mean(sgnprob[1:i - 1]) = 0.0881052739796443
9856/16384
mean(sgnprob[1:i - 1]) = 0.09101978691019787
9984/16384
mean(sgnprob[1:i - 1]) = 0.09285785835921066
10112/16384
mean(sgnprob[1:i - 1]) = 0.09761645732370686
10240/16384
mean(sgnprob[1:i - 1]) = 0.09092684832503174
10368/16384
mean(sgnprob[1:i - 1]) = 0.09559178161473908
10496/16384
mean(sgnprob[1:i - 1]) = 0.0904240114340162
10624/16384
mean(sgnprob[1:i - 1]) = 0.0855690482914431
10752/16384
mean(sgnprob[1:i - 1]) = 0.08827085852478839
10880/16384
mean(sgnprob[1:i - 1]) = 0.09256365474767901
11008/16384
mean(sgnprob[1:i - 1]) = 0.09766512219496684
11136/16384
mean(sgnprob[1:i - 1]) = 0.09277054333183656
11264/16384
mean(sgnprob[1:i - 1]) = 0.08869750510521175
11392/16384
mean(sgnprob[1:i - 1]) = 0.0912123606355895
11520/16384
mean(sgnprob[1:i - 1]) = 0.09280319472176404
11648/16384
mean(sgnprob[1:i - 1]) = 0.09590452477032713
11776/16384
mean(sgnprob[1:i - 1]) = 0.09129511677282377
11904/16384
mean(sgnprob[1:i - 1]) = 0.0945139880702344
12032/16384
mean(sgnprob[1:i - 1]) = 0.09716565539024187
12160/16384
mean(sgnprob[1:i - 1]) = 0.0994325191216383
12288/16384
mean(sgnprob[1:i - 1]) = 0.0946528851631806
12416/16384
mean(sgnprob[1:i - 1]) = 0.09625453080950463
12544/16384
mean(sgnprob[1:i - 1]) = 0.09288049111057961
12672/16384
mean(sgnprob[1:i - 1]) = 0.09446768210875227
12800/16384
mean(sgnprob[1:i - 1]) = 0.08977263848738183
12928/16384
mean(sgnprob[1:i - 1]) = 0.09182331554111549
13056/16384
mean(sgnprob[1:i - 1]) = 0.08709306779011873
13184/16384
mean(sgnprob[1:i - 1]) = 0.08973678221952515
13312/16384
mean(sgnprob[1:i - 1]) = 0.09413267222597851
13440/16384
mean(sgnprob[1:i - 1]) = 0.09710543939281197
13568/16384
mean(sgnprob[1:i - 1]) = 0.09972727942802388
13696/16384
mean(sgnprob[1:i - 1]) = 0.10156991602774736
13824/16384
mean(sgnprob[1:i - 1]) = 0.10410185922014034
13952/16384
mean(sgnprob[1:i - 1]) = 0.09999283205504982
14080/16384
mean(sgnprob[1:i - 1]) = 0.1017827970736558
14208/16384
mean(sgnprob[1:i - 1]) = 0.10269585415640177
14336/16384
mean(sgnprob[1:i - 1]) = 0.09787234042553192
14464/16384
mean(sgnprob[1:i - 1]) = 0.09451704349028556
14592/16384
mean(sgnprob[1:i - 1]) = 0.09807415530121308
14720/16384
mean(sgnprob[1:i - 1]) = 0.09463958149330796
14848/16384
mean(sgnprob[1:i - 1]) = 0.0959789856536674
14976/16384
mean(sgnprob[1:i - 1]) = 0.09796327212020034
15104/16384
mean(sgnprob[1:i - 1]) = 0.09964907634244852
15232/16384
mean(sgnprob[1:i - 1]) = 0.10261965727792004
15360/16384
mean(sgnprob[1:i - 1]) = 0.09955075200208346
15488/16384
mean(sgnprob[1:i - 1]) = 0.10156905791954543
15616/16384
mean(sgnprob[1:i - 1]) = 0.09715017611271214
15744/16384
mean(sgnprob[1:i - 1]) = 0.09851997713269389
15872/16384
mean(sgnprob[1:i - 1]) = 0.0950790750425304
16000/16384
mean(sgnprob[1:i - 1]) = 0.0971935745984124
16128/16384
mean(sgnprob[1:i - 1]) = 0.09332175854157623
16256/16384
mean(sgnprob[1:i - 1]) = 0.0960319901568748
16384/16384
mean(sgnprob[1:i - 1]) = 0.09784532747360068
736.484180 seconds (167.11 M allocations: 70.745 GiB, 1.56% gc time, 1.23% compilation time)
