## SLURM PROLOG ###############################################################
##    Job ID : 5955242
##  Job Name : etgent_N(1,2)_seed1241
##  Nodelist : node1702
##      CPUs : 8
##  Mem/Node : 2048 MB
## Directory : /oscar/home/trazzaz/AFQMC
##   Job Started : Mon Nov 11 09:24:55 PM EST 2024
###############################################################################
U = 2.0
seed = 1241
λₖ = 0.0
Warming up
128/512
256/512
384/512
512/512
Measuring
128/1024
256/1024
384/1024
512/1024
640/1024
768/1024
896/1024
1024/1024
118.411299 seconds (80.56 M allocations: 13.061 GiB, 2.85% gc time, 9.61% compilation time)
λₖ = 0.2
Warming up
128/512
256/512
384/512
512/512
Measuring
128/1024
256/1024
384/1024
512/1024
640/1024
768/1024
896/1024
1024/1024
103.040901 seconds (76.83 M allocations: 12.896 GiB, 3.13% gc time, 0.09% compilation time)
λₖ = 0.4
Warming up
128/512
256/512
384/512
512/512
Measuring
128/1024
256/1024
384/1024
512/1024
640/1024
768/1024
896/1024
1024/1024
110.049427 seconds (76.82 M allocations: 12.896 GiB, 2.97% gc time)
λₖ = 0.6
Warming up
128/512
256/512
384/512
512/512
Measuring
128/1024
256/1024
384/1024
512/1024
640/1024
768/1024
896/1024
1024/1024
117.199309 seconds (76.82 M allocations: 12.896 GiB, 2.91% gc time)
λₖ = 0.8
Warming up
128/512
256/512
384/512
512/512
Measuring
128/1024
256/1024
384/1024
512/1024
640/1024
768/1024
896/1024
1024/1024
104.350082 seconds (76.82 M allocations: 12.896 GiB, 3.25% gc time)
