## SLURM PROLOG ###############################################################
##    Job ID : 8833927
##  Job Name : sbatch_etgent.sh
##  Nodelist : node1736
##      CPUs : 8
##  Mem/Node : 4096 MB
## Directory : /oscar/home/trazzaz/AFQMC
##   Job Started : Fri Feb 28 02:03:56 AM EST 2025
###############################################################################
seed = 1481
U = 2.0
β = 6.0
Warming up
128/1024
256/1024
384/1024
512/1024
640/1024
768/1024
896/1024
1024/1024
Measuring
128/16384
mean(sgnprob[1:i - 1]) = -0.49606299212598426
256/16384
mean(sgnprob[1:i - 1]) = -0.08235294117647059
384/16384
mean(sgnprob[1:i - 1]) = 0.07049608355091384
512/16384
mean(sgnprob[1:i - 1]) = 0.14677103718199608
640/16384
mean(sgnprob[1:i - 1]) = 0.2112676056338028
768/16384
mean(sgnprob[1:i - 1]) = 0.24119947848761408
896/16384
mean(sgnprob[1:i - 1]) = 0.25139664804469275
1024/16384
mean(sgnprob[1:i - 1]) = 0.25317693059628543
1152/16384
mean(sgnprob[1:i - 1]) = 0.27715030408340574
1280/16384
mean(sgnprob[1:i - 1]) = 0.28537920250195464
1408/16384
mean(sgnprob[1:i - 1]) = 0.24378109452736318
1536/16384
mean(sgnprob[1:i - 1]) = 0.25732899022801303
1664/16384
mean(sgnprob[1:i - 1]) = 0.2675886951292844
1792/16384
mean(sgnprob[1:i - 1]) = 0.21608040201005024
1920/16384
mean(sgnprob[1:i - 1]) = 0.23189161021365295
2048/16384
mean(sgnprob[1:i - 1]) = 0.20371275036638983
2176/16384
mean(sgnprob[1:i - 1]) = 0.2128735632183908
2304/16384
mean(sgnprob[1:i - 1]) = 0.2262266608771168
2432/16384
mean(sgnprob[1:i - 1]) = 0.2315919374742904
2560/16384
mean(sgnprob[1:i - 1]) = 0.23563892145369286
2688/16384
mean(sgnprob[1:i - 1]) = 0.24748790472646073
2816/16384
mean(sgnprob[1:i - 1]) = 0.21847246891651864
2944/16384
mean(sgnprob[1:i - 1]) = 0.22052327556914714
3072/16384
mean(sgnprob[1:i - 1]) = 0.2289156626506024
3200/16384
mean(sgnprob[1:i - 1]) = 0.2328852766489528
3328/16384
mean(sgnprob[1:i - 1]) = 0.2395551547941088
3456/16384
mean(sgnprob[1:i - 1]) = 0.24630969609261938
3584/16384
mean(sgnprob[1:i - 1]) = 0.22188110521909016
3712/16384
mean(sgnprob[1:i - 1]) = 0.22877930476960387
3840/16384
mean(sgnprob[1:i - 1]) = 0.2346965355561344
3968/16384
mean(sgnprob[1:i - 1]) = 0.24174439122762792
4096/16384
mean(sgnprob[1:i - 1]) = 0.24493284493284492
4224/16384
mean(sgnprob[1:i - 1]) = 0.24698081932275634
4352/16384
mean(sgnprob[1:i - 1]) = 0.22730406803033784
4480/16384
mean(sgnprob[1:i - 1]) = 0.23107836570663096
4608/16384
mean(sgnprob[1:i - 1]) = 0.23420881267636207
4736/16384
mean(sgnprob[1:i - 1]) = 0.24012671594508975
4864/16384
mean(sgnprob[1:i - 1]) = 0.24244293645897594
4992/16384
mean(sgnprob[1:i - 1]) = 0.24544179523141654
5120/16384
mean(sgnprob[1:i - 1]) = 0.2494627857003321
5248/16384
mean(sgnprob[1:i - 1]) = 0.2540499332952163
5376/16384
mean(sgnprob[1:i - 1]) = 0.2584186046511628
5504/16384
mean(sgnprob[1:i - 1]) = 0.263310921315646
5632/16384
mean(sgnprob[1:i - 1]) = 0.24524951163203693
5760/16384
mean(sgnprob[1:i - 1]) = 0.24674422642819935
5888/16384
mean(sgnprob[1:i - 1]) = 0.24919313742143706
6016/16384
mean(sgnprob[1:i - 1]) = 0.23591022443890275
6144/16384
mean(sgnprob[1:i - 1]) = 0.24011069510011396
6272/16384
mean(sgnprob[1:i - 1]) = 0.24190719183543294
6400/16384
mean(sgnprob[1:i - 1]) = 0.24456946397874668
6528/16384
mean(sgnprob[1:i - 1]) = 0.23487053776620193
6656/16384
mean(sgnprob[1:i - 1]) = 0.2387678437265214
6784/16384
mean(sgnprob[1:i - 1]) = 0.24045407636738905
6912/16384
mean(sgnprob[1:i - 1]) = 0.2435248155115034
7040/16384
mean(sgnprob[1:i - 1]) = 0.23312970592413695
7168/16384
mean(sgnprob[1:i - 1]) = 0.23538440072554764
7296/16384
mean(sgnprob[1:i - 1]) = 0.24167237834132968
7424/16384
mean(sgnprob[1:i - 1]) = 0.24504917149400512
7552/16384
mean(sgnprob[1:i - 1]) = 0.23400874056416368
7680/16384
mean(sgnprob[1:i - 1]) = 0.22229456960541738
7808/16384
mean(sgnprob[1:i - 1]) = 0.22095555270910722
7936/16384
mean(sgnprob[1:i - 1]) = 0.22394454946439823
8064/16384
mean(sgnprob[1:i - 1]) = 0.22783083219645292
8192/16384
mean(sgnprob[1:i - 1]) = 0.23086314247344647
8320/16384
mean(sgnprob[1:i - 1]) = 0.23163841807909605
8448/16384
mean(sgnprob[1:i - 1]) = 0.23523144311589914
8576/16384
mean(sgnprob[1:i - 1]) = 0.22379008746355686
8704/16384
mean(sgnprob[1:i - 1]) = 0.213374698379869
8832/16384
mean(sgnprob[1:i - 1]) = 0.20529951307892652
8960/16384
mean(sgnprob[1:i - 1]) = 0.19589239870521263
9088/16384
mean(sgnprob[1:i - 1]) = 0.19621437218003743
9216/16384
mean(sgnprob[1:i - 1]) = 0.20130222463374933
9344/16384
mean(sgnprob[1:i - 1]) = 0.20432409290377823
9472/16384
mean(sgnprob[1:i - 1]) = 0.20768662232076865
9600/16384
mean(sgnprob[1:i - 1]) = 0.19949994791124076
9728/16384
mean(sgnprob[1:i - 1]) = 0.20139817004215071
9856/16384
mean(sgnprob[1:i - 1]) = 0.20345002536783358
9984/16384
mean(sgnprob[1:i - 1]) = 0.20464790143243514
10112/16384
mean(sgnprob[1:i - 1]) = 0.20601325289288894
10240/16384
mean(sgnprob[1:i - 1]) = 0.21125109874011133
10368/16384
mean(sgnprob[1:i - 1]) = 0.20594193112761647
10496/16384
mean(sgnprob[1:i - 1]) = 0.19828489757027157
10624/16384
mean(sgnprob[1:i - 1]) = 0.20079073707992093
10752/16384
mean(sgnprob[1:i - 1]) = 0.2024927913682448
10880/16384
mean(sgnprob[1:i - 1]) = 0.19514661274014156
11008/16384
mean(sgnprob[1:i - 1]) = 0.19669301353684018
11136/16384
mean(sgnprob[1:i - 1]) = 0.19856308935788056
11264/16384
mean(sgnprob[1:i - 1]) = 0.19115688537689782
11392/16384
mean(sgnprob[1:i - 1]) = 0.18637520849793696
11520/16384
mean(sgnprob[1:i - 1]) = 0.18933935237433805
11648/16384
mean(sgnprob[1:i - 1]) = 0.18296557053318452
11776/16384
mean(sgnprob[1:i - 1]) = 0.1767303609341826
11904/16384
mean(sgnprob[1:i - 1]) = 0.17735024783667983
12032/16384
mean(sgnprob[1:i - 1]) = 0.170310032416258
12160/16384
mean(sgnprob[1:i - 1]) = 0.17164240480302656
12288/16384
mean(sgnprob[1:i - 1]) = 0.17359811182550663
12416/16384
mean(sgnprob[1:i - 1]) = 0.1747080144985904
12544/16384
mean(sgnprob[1:i - 1]) = 0.16877939886789445
12672/16384
mean(sgnprob[1:i - 1]) = 0.17102044037566097
12800/16384
mean(sgnprob[1:i - 1]) = 0.1729041331354012
12928/16384
mean(sgnprob[1:i - 1]) = 0.17428637734973312
13056/16384
mean(sgnprob[1:i - 1]) = 0.17518192263500573
13184/16384
mean(sgnprob[1:i - 1]) = 0.17742547219904423
13312/16384
mean(sgnprob[1:i - 1]) = 0.17136203140259934
13440/16384
mean(sgnprob[1:i - 1]) = 0.17270630255227323
13568/16384
mean(sgnprob[1:i - 1]) = 0.1746148743274121
13696/16384
mean(sgnprob[1:i - 1]) = 0.17006206644760863
13824/16384
mean(sgnprob[1:i - 1]) = 0.17239383635969038
13952/16384
mean(sgnprob[1:i - 1]) = 0.17511289513296538
14080/16384
mean(sgnprob[1:i - 1]) = 0.1774984018751332
14208/16384
mean(sgnprob[1:i - 1]) = 0.1791370451186035
14336/16384
mean(sgnprob[1:i - 1]) = 0.1810254621555633
14464/16384
mean(sgnprob[1:i - 1]) = 0.18371015695222292
14592/16384
mean(sgnprob[1:i - 1]) = 0.18593653622095813
14720/16384
mean(sgnprob[1:i - 1]) = 0.1867654052585094
14848/16384
mean(sgnprob[1:i - 1]) = 0.18151815181518152
14976/16384
mean(sgnprob[1:i - 1]) = 0.1762270450751252
15104/16384
mean(sgnprob[1:i - 1]) = 0.1708932000264848
15232/16384
mean(sgnprob[1:i - 1]) = 0.1733963626813735
15360/16384
mean(sgnprob[1:i - 1]) = 0.16843544501595156
15488/16384
mean(sgnprob[1:i - 1]) = 0.17014270032930845
15616/16384
mean(sgnprob[1:i - 1]) = 0.1718219660582773
15744/16384
mean(sgnprob[1:i - 1]) = 0.17385504668741664
15872/16384
mean(sgnprob[1:i - 1]) = 0.16905046940961502
16000/16384
mean(sgnprob[1:i - 1]) = 0.17082317644852804
16128/16384
mean(sgnprob[1:i - 1]) = 0.17269175916165436
16256/16384
mean(sgnprob[1:i - 1]) = 0.17502306982466934
16384/16384
mean(sgnprob[1:i - 1]) = 0.17780626258926938
736.996902 seconds (167.11 M allocations: 70.745 GiB, 1.31% gc time, 1.26% compilation time)
