## SLURM PROLOG ###############################################################
##    Job ID : 8833912
##  Job Name : sbatch_etgent.sh
##  Nodelist : node1736
##      CPUs : 8
##  Mem/Node : 4096 MB
## Directory : /oscar/home/trazzaz/AFQMC
##   Job Started : Fri Feb 28 01:38:33 AM EST 2025
###############################################################################
seed = 1466
U = 2.0
β = 6.0
Warming up
128/1024
256/1024
384/1024
512/1024
640/1024
768/1024
896/1024
1024/1024
Measuring
128/16384
mean(sgnprob[1:i - 1]) = 0.6062992125984252
256/16384
mean(sgnprob[1:i - 1]) = 0.5137254901960784
384/16384
mean(sgnprob[1:i - 1]) = 0.5143603133159269
512/16384
mean(sgnprob[1:i - 1]) = 0.24853228962818003
640/16384
mean(sgnprob[1:i - 1]) = 0.10172143974960876
768/16384
mean(sgnprob[1:i - 1]) = 0.15514993481095177
896/16384
mean(sgnprob[1:i - 1]) = 0.2022346368715084
1024/16384
mean(sgnprob[1:i - 1]) = 0.25513196480938416
1152/16384
mean(sgnprob[1:i - 1]) = 0.2788879235447437
1280/16384
mean(sgnprob[1:i - 1]) = 0.29632525410476934
1408/16384
mean(sgnprob[1:i - 1]) = 0.2281449893390192
1536/16384
mean(sgnprob[1:i - 1]) = 0.16742671009771987
1664/16384
mean(sgnprob[1:i - 1]) = 0.19422730006013228
1792/16384
mean(sgnprob[1:i - 1]) = 0.21943048576214405
1920/16384
mean(sgnprob[1:i - 1]) = 0.22980719124544033
2048/16384
mean(sgnprob[1:i - 1]) = 0.18612603810454323
2176/16384
mean(sgnprob[1:i - 1]) = 0.20367816091954022
2304/16384
mean(sgnprob[1:i - 1]) = 0.21233174120712114
2432/16384
mean(sgnprob[1:i - 1]) = 0.1830522418757713
2560/16384
mean(sgnprob[1:i - 1]) = 0.19343493552168817
2688/16384
mean(sgnprob[1:i - 1]) = 0.15816896166728694
2816/16384
mean(sgnprob[1:i - 1]) = 0.13392539964476022
2944/16384
mean(sgnprob[1:i - 1]) = 0.145769622833843
3072/16384
mean(sgnprob[1:i - 1]) = 0.1579290133507001
3200/16384
mean(sgnprob[1:i - 1]) = 0.16974054391997498
3328/16384
mean(sgnprob[1:i - 1]) = 0.1848512173128945
3456/16384
mean(sgnprob[1:i - 1]) = 0.19015918958031838
3584/16384
mean(sgnprob[1:i - 1]) = 0.1956461066145688
3712/16384
mean(sgnprob[1:i - 1]) = 0.16680140123955808
3840/16384
mean(sgnprob[1:i - 1]) = 0.17582703829122168
3968/16384
mean(sgnprob[1:i - 1]) = 0.18275775144945802
4096/16384
mean(sgnprob[1:i - 1]) = 0.15946275946275945
4224/16384
mean(sgnprob[1:i - 1]) = 0.16836372247217618
4352/16384
mean(sgnprob[1:i - 1]) = 0.17766030797517812
4480/16384
mean(sgnprob[1:i - 1]) = 0.1841929002009377
4608/16384
mean(sgnprob[1:i - 1]) = 0.19426958975472108
4736/16384
mean(sgnprob[1:i - 1]) = 0.20253431890179513
4864/16384
mean(sgnprob[1:i - 1]) = 0.20913016656384947
4992/16384
mean(sgnprob[1:i - 1]) = 0.212983370066119
5120/16384
mean(sgnprob[1:i - 1]) = 0.19710881031451455
5248/16384
mean(sgnprob[1:i - 1]) = 0.20259195730893845
5376/16384
mean(sgnprob[1:i - 1]) = 0.2111627906976744
5504/16384
mean(sgnprob[1:i - 1]) = 0.21606396510994003
5632/16384
mean(sgnprob[1:i - 1]) = 0.19978689397975494
5760/16384
mean(sgnprob[1:i - 1]) = 0.20784858482375412
5888/16384
mean(sgnprob[1:i - 1]) = 0.21182266009852216
6016/16384
mean(sgnprob[1:i - 1]) = 0.2139650872817955
6144/16384
mean(sgnprob[1:i - 1]) = 0.22155298713983396
6272/16384
mean(sgnprob[1:i - 1]) = 0.2281932706107479
6400/16384
mean(sgnprob[1:i - 1]) = 0.23300515705578997
6528/16384
mean(sgnprob[1:i - 1]) = 0.2385475716255554
6656/16384
mean(sgnprob[1:i - 1]) = 0.24507888805409467
6784/16384
mean(sgnprob[1:i - 1]) = 0.24871001031991744
6912/16384
mean(sgnprob[1:i - 1]) = 0.2551005643177543
7040/16384
mean(sgnprob[1:i - 1]) = 0.25784912629634893
7168/16384
mean(sgnprob[1:i - 1]) = 0.2604995116506209
7296/16384
mean(sgnprob[1:i - 1]) = 0.2468814256339959
7424/16384
mean(sgnprob[1:i - 1]) = 0.2517849925905968
7552/16384
mean(sgnprob[1:i - 1]) = 0.2559925837637399
7680/16384
mean(sgnprob[1:i - 1]) = 0.25927855189477794
7808/16384
mean(sgnprob[1:i - 1]) = 0.2639938516715768
7936/16384
mean(sgnprob[1:i - 1]) = 0.2683049779458097
8064/16384
mean(sgnprob[1:i - 1]) = 0.27148703956343795
8192/16384
mean(sgnprob[1:i - 1]) = 0.2748138200463924
8320/16384
mean(sgnprob[1:i - 1]) = 0.2761149176583724
8448/16384
mean(sgnprob[1:i - 1]) = 0.27856043565762995
8576/16384
mean(sgnprob[1:i - 1]) = 0.26693877551020406
8704/16384
mean(sgnprob[1:i - 1]) = 0.25542916235780766
8832/16384
mean(sgnprob[1:i - 1]) = 0.2582946438681916
8960/16384
mean(sgnprob[1:i - 1]) = 0.26219444134389996
9088/16384
mean(sgnprob[1:i - 1]) = 0.2662044679212061
9216/16384
mean(sgnprob[1:i - 1]) = 0.26771568095496473
9344/16384
mean(sgnprob[1:i - 1]) = 0.2574119661778872
9472/16384
mean(sgnprob[1:i - 1]) = 0.2617463836976032
9600/16384
mean(sgnprob[1:i - 1]) = 0.2645067194499427
9728/16384
mean(sgnprob[1:i - 1]) = 0.25403515986429526
9856/16384
mean(sgnprob[1:i - 1]) = 0.25763571790969053
9984/16384
mean(sgnprob[1:i - 1]) = 0.25914053891615746
10112/16384
mean(sgnprob[1:i - 1]) = 0.26199189002076945
10240/16384
mean(sgnprob[1:i - 1]) = 0.2655532766871765
10368/16384
mean(sgnprob[1:i - 1]) = 0.26979839876531303
10496/16384
mean(sgnprob[1:i - 1]) = 0.2596474511672225
10624/16384
mean(sgnprob[1:i - 1]) = 0.26197872540713546
10752/16384
mean(sgnprob[1:i - 1]) = 0.2653706631941215
10880/16384
mean(sgnprob[1:i - 1]) = 0.268131262064528
11008/16384
mean(sgnprob[1:i - 1]) = 0.2706459525756337
11136/16384
mean(sgnprob[1:i - 1]) = 0.2718455321059722
11264/16384
mean(sgnprob[1:i - 1]) = 0.2760365799520554
11392/16384
mean(sgnprob[1:i - 1]) = 0.2783776665788781
11520/16384
mean(sgnprob[1:i - 1]) = 0.28014584599357584
11648/16384
mean(sgnprob[1:i - 1]) = 0.2830771872585215
11776/16384
mean(sgnprob[1:i - 1]) = 0.2840764331210191
11904/16384
mean(sgnprob[1:i - 1]) = 0.2863983869612703
12032/16384
mean(sgnprob[1:i - 1]) = 0.2885046962014795
12160/16384
mean(sgnprob[1:i - 1]) = 0.29073114565342545
12288/16384
mean(sgnprob[1:i - 1]) = 0.2932367542931554
12416/16384
mean(sgnprob[1:i - 1]) = 0.29536850583971
12544/16384
mean(sgnprob[1:i - 1]) = 0.2878896595710755
12672/16384
mean(sgnprob[1:i - 1]) = 0.2901901980901271
12800/16384
mean(sgnprob[1:i - 1]) = 0.29135088678803034
12928/16384
mean(sgnprob[1:i - 1]) = 0.2927980196487971
13056/16384
mean(sgnprob[1:i - 1]) = 0.29391037916507085
13184/16384
mean(sgnprob[1:i - 1]) = 0.29515284836531896
13312/16384
mean(sgnprob[1:i - 1]) = 0.2954699121027721
13440/16384
mean(sgnprob[1:i - 1]) = 0.28848872683979465
13568/16384
mean(sgnprob[1:i - 1]) = 0.29033684676052185
13696/16384
mean(sgnprob[1:i - 1]) = 0.2921504198612632
13824/16384
mean(sgnprob[1:i - 1]) = 0.29523258337553354
13952/16384
mean(sgnprob[1:i - 1]) = 0.29711131818507636
14080/16384
mean(sgnprob[1:i - 1]) = 0.2983876695788053
14208/16384
mean(sgnprob[1:i - 1]) = 0.3000633490532836
14336/16384
mean(sgnprob[1:i - 1]) = 0.3018486222532264
14464/16384
mean(sgnprob[1:i - 1]) = 0.2946138422180737
14592/16384
mean(sgnprob[1:i - 1]) = 0.2953190322801727
14720/16384
mean(sgnprob[1:i - 1]) = 0.2965554725185135
14848/16384
mean(sgnprob[1:i - 1]) = 0.2898228598370041
14976/16384
mean(sgnprob[1:i - 1]) = 0.29175292153589316
15104/16384
mean(sgnprob[1:i - 1]) = 0.29325299609349137
15232/16384
mean(sgnprob[1:i - 1]) = 0.2948591688004727
15360/16384
mean(sgnprob[1:i - 1]) = 0.2965687870304056
15488/16384
mean(sgnprob[1:i - 1]) = 0.29773358300510105
15616/16384
mean(sgnprob[1:i - 1]) = 0.2990073647134166
15744/16384
mean(sgnprob[1:i - 1]) = 0.29987931144000507
15872/16384
mean(sgnprob[1:i - 1]) = 0.3009892256316552
16000/16384
mean(sgnprob[1:i - 1]) = 0.3013313332083255
16128/16384
mean(sgnprob[1:i - 1]) = 0.2947231351150245
16256/16384
mean(sgnprob[1:i - 1]) = 0.29609350968932635
16384/16384
mean(sgnprob[1:i - 1]) = 0.29744247085393394
723.774618 seconds (167.11 M allocations: 70.745 GiB, 1.39% gc time, 1.23% compilation time)
