## SLURM PROLOG ###############################################################
##    Job ID : 8822327
##  Job Name : sbatch_etgent.sh
##  Nodelist : node1751
##      CPUs : 8
##  Mem/Node : 4096 MB
## Directory : /oscar/home/trazzaz/AFQMC
##   Job Started : Thu Feb 27 07:55:09 PM EST 2025
###############################################################################
seed = 1322
U = 2.0
β = 6.0
Warming up
128/1024
256/1024
384/1024
512/1024
640/1024
768/1024
896/1024
1024/1024
Measuring
128/16384
mean(sgnprob[1:i - 1]) = -0.5275590551181102
256/16384
mean(sgnprob[1:i - 1]) = -0.03529411764705882
384/16384
mean(sgnprob[1:i - 1]) = 0.15926892950391644
512/16384
mean(sgnprob[1:i - 1]) = 0.2563600782778865
640/16384
mean(sgnprob[1:i - 1]) = 0.3051643192488263
768/16384
mean(sgnprob[1:i - 1]) = 0.3272490221642764
896/16384
mean(sgnprob[1:i - 1]) = 0.3452513966480447
1024/16384
mean(sgnprob[1:i - 1]) = 0.3626588465298143
1152/16384
mean(sgnprob[1:i - 1]) = 0.369244135534318
1280/16384
mean(sgnprob[1:i - 1]) = 0.3776387802971071
1408/16384
mean(sgnprob[1:i - 1]) = 0.378820184790334
1536/16384
mean(sgnprob[1:i - 1]) = 0.38501628664495113
1664/16384
mean(sgnprob[1:i - 1]) = 0.4010823812387252
1792/16384
mean(sgnprob[1:i - 1]) = 0.4148520379676159
1920/16384
mean(sgnprob[1:i - 1]) = 0.34861907243355916
2048/16384
mean(sgnprob[1:i - 1]) = 0.3522227650219834
2176/16384
mean(sgnprob[1:i - 1]) = 0.36919540229885056
2304/16384
mean(sgnprob[1:i - 1]) = 0.37646547980894485
2432/16384
mean(sgnprob[1:i - 1]) = 0.37803373097490744
2560/16384
mean(sgnprob[1:i - 1]) = 0.3872606486908949
2688/16384
mean(sgnprob[1:i - 1]) = 0.3449944175660588
2816/16384
mean(sgnprob[1:i - 1]) = 0.34920071047957374
2944/16384
mean(sgnprob[1:i - 1]) = 0.35236153584777435
3072/16384
mean(sgnprob[1:i - 1]) = 0.32204493650276783
3200/16384
mean(sgnprob[1:i - 1]) = 0.3272897780556424
3328/16384
mean(sgnprob[1:i - 1]) = 0.3321310489930869
3456/16384
mean(sgnprob[1:i - 1]) = 0.33545586107091174
3584/16384
mean(sgnprob[1:i - 1]) = 0.34356684342729554
3712/16384
mean(sgnprob[1:i - 1]) = 0.35111829695499863
3840/16384
mean(sgnprob[1:i - 1]) = 0.3232612659546757
3968/16384
mean(sgnprob[1:i - 1]) = 0.3299722712377111
4096/16384
mean(sgnprob[1:i - 1]) = 0.3338217338217338
4224/16384
mean(sgnprob[1:i - 1]) = 0.30854842529007814
4352/16384
mean(sgnprob[1:i - 1]) = 0.3141806481268674
4480/16384
mean(sgnprob[1:i - 1]) = 0.3154722036168788
4608/16384
mean(sgnprob[1:i - 1]) = 0.32233557629693943
4736/16384
mean(sgnprob[1:i - 1]) = 0.324181626187962
4864/16384
mean(sgnprob[1:i - 1]) = 0.3288093769278223
4992/16384
mean(sgnprob[1:i - 1]) = 0.33480264476056903
5120/16384
mean(sgnprob[1:i - 1]) = 0.3389333854268412
5248/16384
mean(sgnprob[1:i - 1]) = 0.3443872689155708
5376/16384
mean(sgnprob[1:i - 1]) = 0.3473488372093023
5504/16384
mean(sgnprob[1:i - 1]) = 0.3538070143558059
5632/16384
mean(sgnprob[1:i - 1]) = 0.33404368673415025
5760/16384
mean(sgnprob[1:i - 1]) = 0.3387740927244313
5888/16384
mean(sgnprob[1:i - 1]) = 0.3191778494988959
6016/16384
mean(sgnprob[1:i - 1]) = 0.32136325852036574
6144/16384
mean(sgnprob[1:i - 1]) = 0.3022952954582452
6272/16384
mean(sgnprob[1:i - 1]) = 0.287195024716951
6400/16384
mean(sgnprob[1:i - 1]) = 0.2748867010470386
6528/16384
mean(sgnprob[1:i - 1]) = 0.26244829171135287
6656/16384
mean(sgnprob[1:i - 1]) = 0.26521412471825695
6784/16384
mean(sgnprob[1:i - 1]) = 0.26964469998525725
6912/16384
mean(sgnprob[1:i - 1]) = 0.2768050933294747
7040/16384
mean(sgnprob[1:i - 1]) = 0.2817161528626225
7168/16384
mean(sgnprob[1:i - 1]) = 0.26663876098786105
7296/16384
mean(sgnprob[1:i - 1]) = 0.27320082248115146
7424/16384
mean(sgnprob[1:i - 1]) = 0.2606762764380978
7552/16384
mean(sgnprob[1:i - 1]) = 0.26605747583101574
7680/16384
mean(sgnprob[1:i - 1]) = 0.2720406302904024
7808/16384
mean(sgnprob[1:i - 1]) = 0.2604073267580377
7936/16384
mean(sgnprob[1:i - 1]) = 0.2473850031505986
8064/16384
mean(sgnprob[1:i - 1]) = 0.25040307577824633
8192/16384
mean(sgnprob[1:i - 1]) = 0.25552435600048834
8320/16384
mean(sgnprob[1:i - 1]) = 0.2568818367592259
8448/16384
mean(sgnprob[1:i - 1]) = 0.2589084882206701
8576/16384
mean(sgnprob[1:i - 1]) = 0.26157434402332363
8704/16384
mean(sgnprob[1:i - 1]) = 0.2643915891072044
8832/16384
mean(sgnprob[1:i - 1]) = 0.26712716566640243
8960/16384
mean(sgnprob[1:i - 1]) = 0.27045429177363545
9088/16384
mean(sgnprob[1:i - 1]) = 0.26004181798173215
9216/16384
mean(sgnprob[1:i - 1]) = 0.2501356483993489
9344/16384
mean(sgnprob[1:i - 1]) = 0.253344750080274
9472/16384
mean(sgnprob[1:i - 1]) = 0.25667828106852497
9600/16384
mean(sgnprob[1:i - 1]) = 0.2578393582664861
9728/16384
mean(sgnprob[1:i - 1]) = 0.26308214248997636
9856/16384
mean(sgnprob[1:i - 1]) = 0.26575342465753427
9984/16384
mean(sgnprob[1:i - 1]) = 0.2677551838124812
10112/16384
mean(sgnprob[1:i - 1]) = 0.25783799821976067
10240/16384
mean(sgnprob[1:i - 1]) = 0.26242797148158997
10368/16384
mean(sgnprob[1:i - 1]) = 0.25320729237002026
10496/16384
mean(sgnprob[1:i - 1]) = 0.2560266793711291
10624/16384
mean(sgnprob[1:i - 1]) = 0.2595312058740469
10752/16384
mean(sgnprob[1:i - 1]) = 0.26258022509533996
10880/16384
mean(sgnprob[1:i - 1]) = 0.2679474216380182
11008/16384
mean(sgnprob[1:i - 1]) = 0.27028254746979197
11136/16384
mean(sgnprob[1:i - 1]) = 0.2736416704086215
11264/16384
mean(sgnprob[1:i - 1]) = 0.27550386220367573
11392/16384
mean(sgnprob[1:i - 1]) = 0.27995786146958124
11520/16384
mean(sgnprob[1:i - 1]) = 0.2837919958329716
11648/16384
mean(sgnprob[1:i - 1]) = 0.2866832660771014
11776/16384
mean(sgnprob[1:i - 1]) = 0.289171974522293
11904/16384
mean(sgnprob[1:i - 1]) = 0.29194320759472403
12032/16384
mean(sgnprob[1:i - 1]) = 0.2939905244784307
12160/16384
mean(sgnprob[1:i - 1]) = 0.2854675548976067
12288/16384
mean(sgnprob[1:i - 1]) = 0.2766338406445837
12416/16384
mean(sgnprob[1:i - 1]) = 0.28038662907772854
12544/16384
mean(sgnprob[1:i - 1]) = 0.28135214860878577
12672/16384
mean(sgnprob[1:i - 1]) = 0.2848236129745087
12800/16384
mean(sgnprob[1:i - 1]) = 0.2874443315884053
12928/16384
mean(sgnprob[1:i - 1]) = 0.28985843583197957
13056/16384
mean(sgnprob[1:i - 1]) = 0.2916124090386825
13184/16384
mean(sgnprob[1:i - 1]) = 0.2846848213608435
13312/16384
mean(sgnprob[1:i - 1]) = 0.2861543084666817
13440/16384
mean(sgnprob[1:i - 1]) = 0.28759580325917106
13568/16384
mean(sgnprob[1:i - 1]) = 0.2888626815065969
13696/16384
mean(sgnprob[1:i - 1]) = 0.2909821102592187
13824/16384
mean(sgnprob[1:i - 1]) = 0.2932069738841062
13952/16384
mean(sgnprob[1:i - 1]) = 0.29553437029603613
14080/16384
mean(sgnprob[1:i - 1]) = 0.296398891966759
14208/16384
mean(sgnprob[1:i - 1]) = 0.2986555923136482
14336/16384
mean(sgnprob[1:i - 1]) = 0.29124520404604115
14464/16384
mean(sgnprob[1:i - 1]) = 0.2946138422180737
14592/16384
mean(sgnprob[1:i - 1]) = 0.2965526694537729
14720/16384
mean(sgnprob[1:i - 1]) = 0.2990012908485631
14848/16384
mean(sgnprob[1:i - 1]) = 0.3014076917895871
14976/16384
mean(sgnprob[1:i - 1]) = 0.29402337228714526
15104/16384
mean(sgnprob[1:i - 1]) = 0.29510693239753694
15232/16384
mean(sgnprob[1:i - 1]) = 0.2973540804937299
15360/16384
mean(sgnprob[1:i - 1]) = 0.2995637736831825
15488/16384
mean(sgnprob[1:i - 1]) = 0.2924388196551947
15616/16384
mean(sgnprob[1:i - 1]) = 0.28530259365994237
15744/16384
mean(sgnprob[1:i - 1]) = 0.2786635329987931
15872/16384
mean(sgnprob[1:i - 1]) = 0.28082666498645326
16000/16384
mean(sgnprob[1:i - 1]) = 0.2739546221638852
16128/16384
mean(sgnprob[1:i - 1]) = 0.2674396974018726
16256/16384
mean(sgnprob[1:i - 1]) = 0.26127345432174715
16384/16384
mean(sgnprob[1:i - 1]) = 0.26326069706402977
774.436765 seconds (167.11 M allocations: 70.745 GiB, 1.49% gc time, 1.18% compilation time)
