## SLURM PROLOG ###############################################################
##    Job ID : 8822297
##  Job Name : sbatch_etgent.sh
##  Nodelist : node1733
##      CPUs : 8
##  Mem/Node : 4096 MB
## Directory : /oscar/home/trazzaz/AFQMC
##   Job Started : Thu Feb 27 07:03:33 PM EST 2025
###############################################################################
seed = 1292
U = 2.0
β = 6.0
Warming up
128/1024
256/1024
384/1024
512/1024
640/1024
768/1024
896/1024
1024/1024
Measuring
128/16384
mean(sgnprob[1:i - 1]) = -0.2440944881889764
256/16384
mean(sgnprob[1:i - 1]) = -0.2549019607843137
384/16384
mean(sgnprob[1:i - 1]) = -0.044386422976501305
512/16384
mean(sgnprob[1:i - 1]) = 0.029354207436399216
640/16384
mean(sgnprob[1:i - 1]) = -0.010954616588419406
768/16384
mean(sgnprob[1:i - 1]) = 0.03780964797913951
896/16384
mean(sgnprob[1:i - 1]) = -0.0011173184357541898
1024/16384
mean(sgnprob[1:i - 1]) = -0.01466275659824047
1152/16384
mean(sgnprob[1:i - 1]) = 0.0008688097306689834
1280/16384
mean(sgnprob[1:i - 1]) = 0.003909304143862392
1408/16384
mean(sgnprob[1:i - 1]) = 0.00923951670220327
1536/16384
mean(sgnprob[1:i - 1]) = 0.02280130293159609
1664/16384
mean(sgnprob[1:i - 1]) = 0.003006614552014432
1792/16384
mean(sgnprob[1:i - 1]) = -0.008375209380234505
1920/16384
mean(sgnprob[1:i - 1]) = -0.0036477331943720686
2048/16384
mean(sgnprob[1:i - 1]) = -0.01709819247679531
2176/16384
mean(sgnprob[1:i - 1]) = 0.001379310344827586
2304/16384
mean(sgnprob[1:i - 1]) = 0.014329135909683021
2432/16384
mean(sgnprob[1:i - 1]) = 0.026737967914438502
2560/16384
mean(sgnprob[1:i - 1]) = 0.015240328253223915
2688/16384
mean(sgnprob[1:i - 1]) = 0.02195757350204689
2816/16384
mean(sgnprob[1:i - 1]) = 0.034458259325044406
2944/16384
mean(sgnprob[1:i - 1]) = 0.03907577302072715
3072/16384
mean(sgnprob[1:i - 1]) = 0.030934549006838164
3200/16384
mean(sgnprob[1:i - 1]) = 0.03782432010003126
3328/16384
mean(sgnprob[1:i - 1]) = 0.026149684400360685
3456/16384
mean(sgnprob[1:i - 1]) = 0.014761215629522432
3584/16384
mean(sgnprob[1:i - 1]) = 0.01590845660061401
3712/16384
mean(sgnprob[1:i - 1]) = 0.002425222312045271
3840/16384
mean(sgnprob[1:i - 1]) = 0.0070330815316488665
3968/16384
mean(sgnprob[1:i - 1]) = 0.015881018401814974
4096/16384
mean(sgnprob[1:i - 1]) = 0.018315018315018316
4224/16384
mean(sgnprob[1:i - 1]) = 0.023916646933459625
4352/16384
mean(sgnprob[1:i - 1]) = 0.029188692254654102
4480/16384
mean(sgnprob[1:i - 1]) = 0.028354543424871623
4608/16384
mean(sgnprob[1:i - 1]) = 0.03017147818537009
4736/16384
mean(sgnprob[1:i - 1]) = 0.03484688489968321
4864/16384
mean(sgnprob[1:i - 1]) = 0.0396874357392556
4992/16384
mean(sgnprob[1:i - 1]) = 0.04828691644960929
5120/16384
mean(sgnprob[1:i - 1]) = 0.041609689392459466
5248/16384
mean(sgnprob[1:i - 1]) = 0.047836859157613876
5376/16384
mean(sgnprob[1:i - 1]) = 0.05116279069767442
5504/16384
mean(sgnprob[1:i - 1]) = 0.05687806650917681
5632/16384
mean(sgnprob[1:i - 1]) = 0.04812644290534541
5760/16384
mean(sgnprob[1:i - 1]) = 0.04844591074839382
5888/16384
mean(sgnprob[1:i - 1]) = 0.04229658569729913
6016/16384
mean(sgnprob[1:i - 1]) = 0.033748960931005816
6144/16384
mean(sgnprob[1:i - 1]) = 0.0353247598893049
6272/16384
mean(sgnprob[1:i - 1]) = 0.02950087705310158
6400/16384
mean(sgnprob[1:i - 1]) = 0.02390998593530239
6528/16384
mean(sgnprob[1:i - 1]) = 0.024973188294775548
6656/16384
mean(sgnprob[1:i - 1]) = 0.01788129226145755
6784/16384
mean(sgnprob[1:i - 1]) = 0.022556390977443608
6912/16384
mean(sgnprob[1:i - 1]) = 0.020691650991173493
7040/16384
mean(sgnprob[1:i - 1]) = 0.024009092200596677
7168/16384
mean(sgnprob[1:i - 1]) = 0.02525463931910144
7296/16384
mean(sgnprob[1:i - 1]) = 0.02289239204934887
7424/16384
mean(sgnprob[1:i - 1]) = 0.01818671696079752
7552/16384
mean(sgnprob[1:i - 1]) = 0.013640577406965965
7680/16384
mean(sgnprob[1:i - 1]) = 0.019403568172939183
7808/16384
mean(sgnprob[1:i - 1]) = 0.015242730882541309
7936/16384
mean(sgnprob[1:i - 1]) = 0.01146817895400126
8064/16384
mean(sgnprob[1:i - 1]) = 0.01575096118070197
8192/16384
mean(sgnprob[1:i - 1]) = 0.014283970211207423
8320/16384
mean(sgnprob[1:i - 1]) = 0.010217574227671595
8448/16384
mean(sgnprob[1:i - 1]) = 0.003669941991239493
8576/16384
mean(sgnprob[1:i - 1]) = 0.007346938775510204
8704/16384
mean(sgnprob[1:i - 1]) = 0.011145581983224176
8832/16384
mean(sgnprob[1:i - 1]) = 0.012342883025704902
8960/16384
mean(sgnprob[1:i - 1]) = 0.014398928451836143
9088/16384
mean(sgnprob[1:i - 1]) = 0.01683724001320568
9216/16384
mean(sgnprob[1:i - 1]) = 0.012045577862181226
9344/16384
mean(sgnprob[1:i - 1]) = 0.011666488279995718
9472/16384
mean(sgnprob[1:i - 1]) = 0.011508816386865168
9600/16384
mean(sgnprob[1:i - 1]) = 0.012605479737472653
9728/16384
mean(sgnprob[1:i - 1]) = 0.015318186491210034
9856/16384
mean(sgnprob[1:i - 1]) = 0.01836631151699645
9984/16384
mean(sgnprob[1:i - 1]) = 0.015326054292296904
10112/16384
mean(sgnprob[1:i - 1]) = 0.012362773217288101
10240/16384
mean(sgnprob[1:i - 1]) = 0.011231565582576424
10368/16384
mean(sgnprob[1:i - 1]) = 0.012829169480081027
10496/16384
mean(sgnprob[1:i - 1]) = 0.009433063363506432
10624/16384
mean(sgnprob[1:i - 1]) = 0.010637296432269603
10752/16384
mean(sgnprob[1:i - 1]) = 0.007534182866710074
10880/16384
mean(sgnprob[1:i - 1]) = 0.00946778196525416
11008/16384
mean(sgnprob[1:i - 1]) = 0.01062959934587081
11136/16384
mean(sgnprob[1:i - 1]) = 0.012842388863942523
11264/16384
mean(sgnprob[1:i - 1]) = 0.010565568676196395
11392/16384
mean(sgnprob[1:i - 1]) = 0.013256079360898955
11520/16384
mean(sgnprob[1:i - 1]) = 0.01171976734091501
11648/16384
mean(sgnprob[1:i - 1]) = 0.013823302137889586
11776/16384
mean(sgnprob[1:i - 1]) = 0.016390658174097666
11904/16384
mean(sgnprob[1:i - 1]) = 0.018062673275644796
12032/16384
mean(sgnprob[1:i - 1]) = 0.014878231235973734
12160/16384
mean(sgnprob[1:i - 1]) = 0.01126737396167448
12288/16384
mean(sgnprob[1:i - 1]) = 0.010336127614551965
12416/16384
mean(sgnprob[1:i - 1]) = 0.0076520338300443014
12544/16384
mean(sgnprob[1:i - 1]) = 0.008849557522123894
12672/16384
mean(sgnprob[1:i - 1]) = 0.010812090600584011
12800/16384
mean(sgnprob[1:i - 1]) = 0.008985076959137432
12928/16384
mean(sgnprob[1:i - 1]) = 0.012299837549315386
13056/16384
mean(sgnprob[1:i - 1]) = 0.014477211796246649
13184/16384
mean(sgnprob[1:i - 1]) = 0.013122961389668512
13312/16384
mean(sgnprob[1:i - 1]) = 0.01555104800540906
13440/16384
mean(sgnprob[1:i - 1]) = 0.016593496539921124
13568/16384
mean(sgnprob[1:i - 1]) = 0.013930861649590918
13696/16384
mean(sgnprob[1:i - 1]) = 0.015261044176706828
13824/16384
mean(sgnprob[1:i - 1]) = 0.014106923243868913
13952/16384
mean(sgnprob[1:i - 1]) = 0.013260698157838148
14080/16384
mean(sgnprob[1:i - 1]) = 0.015413026493358904
14208/16384
mean(sgnprob[1:i - 1]) = 0.016400366016752304
14336/16384
mean(sgnprob[1:i - 1]) = 0.014858737356121381
14464/16384
mean(sgnprob[1:i - 1]) = 0.013067828251400125
14592/16384
mean(sgnprob[1:i - 1]) = 0.014735110684668632
14720/16384
mean(sgnprob[1:i - 1]) = 0.012161152252191046
14848/16384
mean(sgnprob[1:i - 1]) = 0.013268673806156126
14976/16384
mean(sgnprob[1:i - 1]) = 0.015692821368948246
15104/16384
mean(sgnprob[1:i - 1]) = 0.017678606899291533
15232/16384
mean(sgnprob[1:i - 1]) = 0.01910577112467993
15360/16384
mean(sgnprob[1:i - 1]) = 0.02142066540790416
15488/16384
mean(sgnprob[1:i - 1]) = 0.01878995286369213
15616/16384
mean(sgnprob[1:i - 1]) = 0.019916746717899454
15744/16384
mean(sgnprob[1:i - 1]) = 0.01873848694657943
15872/16384
mean(sgnprob[1:i - 1]) = 0.020099552643185685
16000/16384
mean(sgnprob[1:i - 1]) = 0.02231389461841365
16128/16384
mean(sgnprob[1:i - 1]) = 0.02362497674707013
16256/16384
mean(sgnprob[1:i - 1]) = 0.023685019993848047
16384/16384
mean(sgnprob[1:i - 1]) = 0.02545321369712507
744.224373 seconds (167.11 M allocations: 70.745 GiB, 1.48% gc time, 1.21% compilation time)
