## SLURM PROLOG ###############################################################
##    Job ID : 8833784
##  Job Name : sbatch_etgent.sh
##  Nodelist : node1334
##      CPUs : 8
##  Mem/Node : 4096 MB
## Directory : /oscar/home/trazzaz/AFQMC
##   Job Started : Thu Feb 27 10:14:36 PM EST 2025
###############################################################################
seed = 1338
U = 2.0
β = 6.0
Warming up
128/1024
256/1024
384/1024
512/1024
640/1024
768/1024
896/1024
1024/1024
Measuring
128/16384
mean(sgnprob[1:i - 1]) = 0.41732283464566927
256/16384
mean(sgnprob[1:i - 1]) = 0.011764705882352941
384/16384
mean(sgnprob[1:i - 1]) = -0.13315926892950392
512/16384
mean(sgnprob[1:i - 1]) = -0.04892367906066536
640/16384
mean(sgnprob[1:i - 1]) = 0.03286384976525822
768/16384
mean(sgnprob[1:i - 1]) = -0.03780964797913951
896/16384
mean(sgnprob[1:i - 1]) = -0.061452513966480445
1024/16384
mean(sgnprob[1:i - 1]) = -0.030303030303030304
1152/16384
mean(sgnprob[1:i - 1]) = 0.016507384882710686
1280/16384
mean(sgnprob[1:i - 1]) = 0.035183737294761534
1408/16384
mean(sgnprob[1:i - 1]) = 0.05614783226723525
1536/16384
mean(sgnprob[1:i - 1]) = 0.08664495114006515
1664/16384
mean(sgnprob[1:i - 1]) = 0.10162357185808779
1792/16384
mean(sgnprob[1:i - 1]) = 0.11892797319932999
1920/16384
mean(sgnprob[1:i - 1]) = 0.13288170922355394
2048/16384
mean(sgnprob[1:i - 1]) = 0.14997557401074743
2176/16384
mean(sgnprob[1:i - 1]) = 0.1724137931034483
2304/16384
mean(sgnprob[1:i - 1]) = 0.18454190186712982
2432/16384
mean(sgnprob[1:i - 1]) = 0.19127930892636774
2560/16384
mean(sgnprob[1:i - 1]) = 0.2043767096522079
2688/16384
mean(sgnprob[1:i - 1]) = 0.1864532936360253
2816/16384
mean(sgnprob[1:i - 1]) = 0.19573712255772646
2944/16384
mean(sgnprob[1:i - 1]) = 0.19945633707101598
3072/16384
mean(sgnprob[1:i - 1]) = 0.21068056007815045
3200/16384
mean(sgnprob[1:i - 1]) = 0.18849640512660207
3328/16384
mean(sgnprob[1:i - 1]) = 0.2022843402464683
3456/16384
mean(sgnprob[1:i - 1]) = 0.18263386396526773
3584/16384
mean(sgnprob[1:i - 1]) = 0.16662015071169411
3712/16384
mean(sgnprob[1:i - 1]) = 0.17219078415521422
3840/16384
mean(sgnprob[1:i - 1]) = 0.17999479030997656
3968/16384
mean(sgnprob[1:i - 1]) = 0.1635996975044114
4096/16384
mean(sgnprob[1:i - 1]) = 0.15018315018315018
4224/16384
mean(sgnprob[1:i - 1]) = 0.13947430736443286
4352/16384
mean(sgnprob[1:i - 1]) = 0.14502413238336015
4480/16384
mean(sgnprob[1:i - 1]) = 0.13284215226613083
4608/16384
mean(sgnprob[1:i - 1]) = 0.13783373127848925
4736/16384
mean(sgnprob[1:i - 1]) = 0.1434002111932418
4864/16384
mean(sgnprob[1:i - 1]) = 0.1466173144149702
4992/16384
mean(sgnprob[1:i - 1]) = 0.15207373271889402
5120/16384
mean(sgnprob[1:i - 1]) = 0.15803867942957608
5248/16384
mean(sgnprob[1:i - 1]) = 0.14503525824280541
5376/16384
mean(sgnprob[1:i - 1]) = 0.14567441860465116
5504/16384
mean(sgnprob[1:i - 1]) = 0.15355260766854442
5632/16384
mean(sgnprob[1:i - 1]) = 0.14651038891848694
5760/16384
mean(sgnprob[1:i - 1]) = 0.1498524049314117
5888/16384
mean(sgnprob[1:i - 1]) = 0.15406828605401732
6016/16384
mean(sgnprob[1:i - 1]) = 0.16109725685785536
6144/16384
mean(sgnprob[1:i - 1]) = 0.1649031417874003
6272/16384
mean(sgnprob[1:i - 1]) = 0.16919151650454473
6400/16384
mean(sgnprob[1:i - 1]) = 0.17205813408345053
6528/16384
mean(sgnprob[1:i - 1]) = 0.16102344109085337
6656/16384
mean(sgnprob[1:i - 1]) = 0.16393688955672428
6784/16384
mean(sgnprob[1:i - 1]) = 0.15671531770602978
6912/16384
mean(sgnprob[1:i - 1]) = 0.1622051801475908
7040/16384
mean(sgnprob[1:i - 1]) = 0.16493820144906948
7168/16384
mean(sgnprob[1:i - 1]) = 0.1653411469233989
7296/16384
mean(sgnprob[1:i - 1]) = 0.16901987662782728
7424/16384
mean(sgnprob[1:i - 1]) = 0.17284116933854238
7552/16384
mean(sgnprob[1:i - 1]) = 0.1635544960932327
7680/16384
mean(sgnprob[1:i - 1]) = 0.16447454095585362
7808/16384
mean(sgnprob[1:i - 1]) = 0.1676700397079544
7936/16384
mean(sgnprob[1:i - 1]) = 0.1702583490863264
8064/16384
mean(sgnprob[1:i - 1]) = 0.1745008061515565
8192/16384
mean(sgnprob[1:i - 1]) = 0.17861067024783298
8320/16384
mean(sgnprob[1:i - 1]) = 0.1720158672917418
8448/16384
mean(sgnprob[1:i - 1]) = 0.1731975849413993
8576/16384
mean(sgnprob[1:i - 1]) = 0.17527696793002914
8704/16384
mean(sgnprob[1:i - 1]) = 0.16557508904975296
8832/16384
mean(sgnprob[1:i - 1]) = 0.1683841014607632
8960/16384
mean(sgnprob[1:i - 1]) = 0.17222904342002457
9088/16384
mean(sgnprob[1:i - 1]) = 0.16562121712336306
9216/16384
mean(sgnprob[1:i - 1]) = 0.1691806836679327
9344/16384
mean(sgnprob[1:i - 1]) = 0.17242855613828534
9472/16384
mean(sgnprob[1:i - 1]) = 0.17474395523176012
9600/16384
mean(sgnprob[1:i - 1]) = 0.1782477341389728
9728/16384
mean(sgnprob[1:i - 1]) = 0.1791919399609335
9856/16384
mean(sgnprob[1:i - 1]) = 0.1815322171486555
9984/16384
mean(sgnprob[1:i - 1]) = 0.1846138435340078
10112/16384
mean(sgnprob[1:i - 1]) = 0.18623281574522796
10240/16384
mean(sgnprob[1:i - 1]) = 0.18800664127356187
10368/16384
mean(sgnprob[1:i - 1]) = 0.18028359216745443
10496/16384
mean(sgnprob[1:i - 1]) = 0.18361124344926155
10624/16384
mean(sgnprob[1:i - 1]) = 0.18459945401487338
10752/16384
mean(sgnprob[1:i - 1]) = 0.1853781043623849
10880/16384
mean(sgnprob[1:i - 1]) = 0.18668995312069123
11008/16384
mean(sgnprob[1:i - 1]) = 0.1885163986554011
11136/16384
mean(sgnprob[1:i - 1]) = 0.19101930848675347
11264/16384
mean(sgnprob[1:i - 1]) = 0.19364290153600283
11392/16384
mean(sgnprob[1:i - 1]) = 0.19410060574137478
11520/16384
mean(sgnprob[1:i - 1]) = 0.19628439968747288
11648/16384
mean(sgnprob[1:i - 1]) = 0.19618785953464413
11776/16384
mean(sgnprob[1:i - 1]) = 0.2
11904/16384
mean(sgnprob[1:i - 1]) = 0.1933126102663194
12032/16384
mean(sgnprob[1:i - 1]) = 0.19441442939074058
12160/16384
mean(sgnprob[1:i - 1]) = 0.1958220248375689
12288/16384
mean(sgnprob[1:i - 1]) = 0.1921543094327338
12416/16384
mean(sgnprob[1:i - 1]) = 0.19436165928312527
12544/16384
mean(sgnprob[1:i - 1]) = 0.18871083472853384
12672/16384
mean(sgnprob[1:i - 1]) = 0.1918554178833557
12800/16384
mean(sgnprob[1:i - 1]) = 0.19415579342136105
12928/16384
mean(sgnprob[1:i - 1]) = 0.1889842964338207
13056/16384
mean(sgnprob[1:i - 1]) = 0.18299502106472615
13184/16384
mean(sgnprob[1:i - 1]) = 0.17742547219904423
13312/16384
mean(sgnprob[1:i - 1]) = 0.18022688002404028
13440/16384
mean(sgnprob[1:i - 1]) = 0.17434332911674977
13568/16384
mean(sgnprob[1:i - 1]) = 0.1741726247512346
13696/16384
mean(sgnprob[1:i - 1]) = 0.1696239503468419
13824/16384
mean(sgnprob[1:i - 1]) = 0.17210446357520076
13952/16384
mean(sgnprob[1:i - 1]) = 0.16751487348577163
14080/16384
mean(sgnprob[1:i - 1]) = 0.16968534697066553
14208/16384
mean(sgnprob[1:i - 1]) = 0.17167593439853593
14336/16384
mean(sgnprob[1:i - 1]) = 0.16777118939658178
14464/16384
mean(sgnprob[1:i - 1]) = 0.1632441402198714
14592/16384
mean(sgnprob[1:i - 1]) = 0.1652388458638887
14720/16384
mean(sgnprob[1:i - 1]) = 0.16108431279298865
14848/16384
mean(sgnprob[1:i - 1]) = 0.16265912305516267
14976/16384
mean(sgnprob[1:i - 1]) = 0.16500834724540903
15104/16384
mean(sgnprob[1:i - 1]) = 0.16731775144011124
15232/16384
mean(sgnprob[1:i - 1]) = 0.1699822729958637
15360/16384
mean(sgnprob[1:i - 1]) = 0.17195129891268962
15488/16384
mean(sgnprob[1:i - 1]) = 0.17272551171950667
15616/16384
mean(sgnprob[1:i - 1]) = 0.1745116874799872
15744/16384
mean(sgnprob[1:i - 1]) = 0.17588769611891
15872/16384
mean(sgnprob[1:i - 1]) = 0.17635939764350073
16000/16384
mean(sgnprob[1:i - 1]) = 0.17657353584599036
16128/16384
mean(sgnprob[1:i - 1]) = 0.17814844670428473
16256/16384
mean(sgnprob[1:i - 1]) = 0.17957551522608428
16384/16384
mean(sgnprob[1:i - 1]) = 0.1751205517914912
731.420308 seconds (167.11 M allocations: 70.745 GiB, 1.31% gc time, 1.22% compilation time)
