## SLURM PROLOG ###############################################################
##    Job ID : 8833881
##  Job Name : sbatch_etgent.sh
##  Nodelist : node1322
##      CPUs : 8
##  Mem/Node : 4096 MB
## Directory : /oscar/home/trazzaz/AFQMC
##   Job Started : Fri Feb 28 12:49:02 AM EST 2025
###############################################################################
seed = 1435
U = 2.0
β = 6.0
Warming up
128/1024
256/1024
384/1024
512/1024
640/1024
768/1024
896/1024
1024/1024
Measuring
128/16384
mean(sgnprob[1:i - 1]) = 0.5275590551181102
256/16384
mean(sgnprob[1:i - 1]) = 0.5450980392156862
384/16384
mean(sgnprob[1:i - 1]) = 0.2010443864229765
512/16384
mean(sgnprob[1:i - 1]) = 0.0136986301369863
640/16384
mean(sgnprob[1:i - 1]) = 0.09233176838810642
768/16384
mean(sgnprob[1:i - 1]) = 0.00651890482398957
896/16384
mean(sgnprob[1:i - 1]) = 0.07709497206703911
1024/16384
mean(sgnprob[1:i - 1]) = 0.13587487781036167
1152/16384
mean(sgnprob[1:i - 1]) = 0.17810599478714162
1280/16384
mean(sgnprob[1:i - 1]) = 0.20875684128225175
1408/16384
mean(sgnprob[1:i - 1]) = 0.23667377398720682
1536/16384
mean(sgnprob[1:i - 1]) = 0.25602605863192185
1664/16384
mean(sgnprob[1:i - 1]) = 0.2687913409500902
1792/16384
mean(sgnprob[1:i - 1]) = 0.29201563372417644
1920/16384
mean(sgnprob[1:i - 1]) = 0.23397602918186555
2048/16384
mean(sgnprob[1:i - 1]) = 0.24767953102100634
2176/16384
mean(sgnprob[1:i - 1]) = 0.2
2304/16384
mean(sgnprob[1:i - 1]) = 0.21841076856274425
2432/16384
mean(sgnprob[1:i - 1]) = 0.23570547099958863
2560/16384
mean(sgnprob[1:i - 1]) = 0.24814380617428683
2688/16384
mean(sgnprob[1:i - 1]) = 0.255675474506885
2816/16384
mean(sgnprob[1:i - 1]) = 0.22131438721136767
2944/16384
mean(sgnprob[1:i - 1]) = 0.23207611281005777
3072/16384
mean(sgnprob[1:i - 1]) = 0.20156300879192446
3200/16384
mean(sgnprob[1:i - 1]) = 0.2153798061894342
3328/16384
mean(sgnprob[1:i - 1]) = 0.17944093778178538
3456/16384
mean(sgnprob[1:i - 1]) = 0.1930535455861071
3584/16384
mean(sgnprob[1:i - 1]) = 0.2056935528886408
3712/16384
mean(sgnprob[1:i - 1]) = 0.21800053893829158
3840/16384
mean(sgnprob[1:i - 1]) = 0.23000781453503516
3968/16384
mean(sgnprob[1:i - 1]) = 0.24275270985631459
4096/16384
mean(sgnprob[1:i - 1]) = 0.22295482295482297
4224/16384
mean(sgnprob[1:i - 1]) = 0.22898413450153918
4352/16384
mean(sgnprob[1:i - 1]) = 0.23373937025971042
4480/16384
mean(sgnprob[1:i - 1]) = 0.21143112301853093
4608/16384
mean(sgnprob[1:i - 1]) = 0.21988278706316475
4736/16384
mean(sgnprob[1:i - 1]) = 0.22956705385427667
4864/16384
mean(sgnprob[1:i - 1]) = 0.23956405511001438
4992/16384
mean(sgnprob[1:i - 1]) = 0.2486475656181126
5120/16384
mean(sgnprob[1:i - 1]) = 0.25727681187731977
5248/16384
mean(sgnprob[1:i - 1]) = 0.23804078521059654
5376/16384
mean(sgnprob[1:i - 1]) = 0.21934883720930232
5504/16384
mean(sgnprob[1:i - 1]) = 0.22333272760312556
5632/16384
mean(sgnprob[1:i - 1]) = 0.23139762031610725
5760/16384
mean(sgnprob[1:i - 1]) = 0.2140996700816114
5888/16384
mean(sgnprob[1:i - 1]) = 0.22167487684729065
6016/16384
mean(sgnprob[1:i - 1]) = 0.23092269326683293
6144/16384
mean(sgnprob[1:i - 1]) = 0.23652938303760376
6272/16384
mean(sgnprob[1:i - 1]) = 0.2412693350342848
6400/16384
mean(sgnprob[1:i - 1]) = 0.24519456165025785
6528/16384
mean(sgnprob[1:i - 1]) = 0.2523364485981308
6656/16384
mean(sgnprob[1:i - 1]) = 0.2577009767092412
6784/16384
mean(sgnprob[1:i - 1]) = 0.26404245908889873
6912/16384
mean(sgnprob[1:i - 1]) = 0.2701490377658805
7040/16384
mean(sgnprob[1:i - 1]) = 0.2572808637590567
7168/16384
mean(sgnprob[1:i - 1]) = 0.26273196595507187
7296/16384
mean(sgnprob[1:i - 1]) = 0.2677176148046607
7424/16384
mean(sgnprob[1:i - 1]) = 0.27091472450491716
7552/16384
mean(sgnprob[1:i - 1]) = 0.2597007018937889
7680/16384
mean(sgnprob[1:i - 1]) = 0.26396666232582366
7808/16384
mean(sgnprob[1:i - 1]) = 0.24964775201742026
7936/16384
mean(sgnprob[1:i - 1]) = 0.23705103969754254
8064/16384
mean(sgnprob[1:i - 1]) = 0.24122535036586878
8192/16384
mean(sgnprob[1:i - 1]) = 0.24502502746917348
8320/16384
mean(sgnprob[1:i - 1]) = 0.24846736386584925
8448/16384
mean(sgnprob[1:i - 1]) = 0.2525156860423819
8576/16384
mean(sgnprob[1:i - 1]) = 0.25341107871720114
8704/16384
mean(sgnprob[1:i - 1]) = 0.24278984258301736
8832/16384
mean(sgnprob[1:i - 1]) = 0.2469708979730495
8960/16384
mean(sgnprob[1:i - 1]) = 0.24902332849648398
9088/16384
mean(sgnprob[1:i - 1]) = 0.2538791680422582
9216/16384
mean(sgnprob[1:i - 1]) = 0.2583830710797613
9344/16384
mean(sgnprob[1:i - 1]) = 0.2456384458953227
9472/16384
mean(sgnprob[1:i - 1]) = 0.2497096399535424
9600/16384
mean(sgnprob[1:i - 1]) = 0.2526304823419106
9728/16384
mean(sgnprob[1:i - 1]) = 0.2565025187622083
9856/16384
mean(sgnprob[1:i - 1]) = 0.2610857432775241
9984/16384
mean(sgnprob[1:i - 1]) = 0.2655514374436542
10112/16384
mean(sgnprob[1:i - 1]) = 0.2695084561368806
10240/16384
mean(sgnprob[1:i - 1]) = 0.2594979978513527
10368/16384
mean(sgnprob[1:i - 1]) = 0.24799845664126555
10496/16384
mean(sgnprob[1:i - 1]) = 0.25107193901858027
10624/16384
mean(sgnprob[1:i - 1]) = 0.25256518874141015
10752/16384
mean(sgnprob[1:i - 1]) = 0.2551390568319226
10880/16384
mean(sgnprob[1:i - 1]) = 0.2468057725893924
11008/16384
mean(sgnprob[1:i - 1]) = 0.248114836013446
11136/16384
mean(sgnprob[1:i - 1]) = 0.2526268522676246
11264/16384
mean(sgnprob[1:i - 1]) = 0.2563260232620084
11392/16384
mean(sgnprob[1:i - 1]) = 0.2594153278904398
11520/16384
mean(sgnprob[1:i - 1]) = 0.2492403854501259
11648/16384
mean(sgnprob[1:i - 1]) = 0.25130935004722244
11776/16384
mean(sgnprob[1:i - 1]) = 0.2563906581740977
11904/16384
mean(sgnprob[1:i - 1]) = 0.2591783583970428
12032/16384
mean(sgnprob[1:i - 1]) = 0.26107555481672345
12160/16384
mean(sgnprob[1:i - 1]) = 0.2632617813964964
12288/16384
mean(sgnprob[1:i - 1]) = 0.25514771709937334
12416/16384
mean(sgnprob[1:i - 1]) = 0.2478453483689086
12544/16384
mean(sgnprob[1:i - 1]) = 0.251215817587499
12672/16384
mean(sgnprob[1:i - 1]) = 0.2546760318838292
12800/16384
mean(sgnprob[1:i - 1]) = 0.25759824986327057
12928/16384
mean(sgnprob[1:i - 1]) = 0.24947783708517057
13056/16384
mean(sgnprob[1:i - 1]) = 0.25055534278054387
13184/16384
mean(sgnprob[1:i - 1]) = 0.25343245088371386
13312/16384
mean(sgnprob[1:i - 1]) = 0.2559537224851626
13440/16384
mean(sgnprob[1:i - 1]) = 0.2576828633082819
13568/16384
mean(sgnprob[1:i - 1]) = 0.25982162600427505
13696/16384
mean(sgnprob[1:i - 1]) = 0.2629426798101497
13824/16384
mean(sgnprob[1:i - 1]) = 0.2560225710771902
13952/16384
mean(sgnprob[1:i - 1]) = 0.2480825747258261
14080/16384
mean(sgnprob[1:i - 1]) = 0.2506570068896939
14208/16384
mean(sgnprob[1:i - 1]) = 0.2533258252973886
14336/16384
mean(sgnprob[1:i - 1]) = 0.2545517963027555
14464/16384
mean(sgnprob[1:i - 1]) = 0.24801216898292194
14592/16384
mean(sgnprob[1:i - 1]) = 0.25063395243643344
14720/16384
mean(sgnprob[1:i - 1]) = 0.2521231061892792
14848/16384
mean(sgnprob[1:i - 1]) = 0.2529130464066815
14976/16384
mean(sgnprob[1:i - 1]) = 0.2538230383973289
15104/16384
mean(sgnprob[1:i - 1]) = 0.25551214990399257
15232/16384
mean(sgnprob[1:i - 1]) = 0.24916289147134135
15360/16384
mean(sgnprob[1:i - 1]) = 0.243570544957354
15488/16384
mean(sgnprob[1:i - 1]) = 0.24581907406211662
15616/16384
mean(sgnprob[1:i - 1]) = 0.23957732949087415
15744/16384
mean(sgnprob[1:i - 1]) = 0.24118655910563425
15872/16384
mean(sgnprob[1:i - 1]) = 0.24289584777266712
16000/16384
mean(sgnprob[1:i - 1]) = 0.23795237202325145
16128/16384
mean(sgnprob[1:i - 1]) = 0.23308736900849508
16256/16384
mean(sgnprob[1:i - 1]) = 0.23555828975699786
16384/16384
mean(sgnprob[1:i - 1]) = 0.2370139779039248
792.960560 seconds (167.11 M allocations: 70.745 GiB, 1.86% gc time, 1.22% compilation time)
