## SLURM PROLOG ###############################################################
##    Job ID : 8833935
##  Job Name : sbatch_etgent.sh
##  Nodelist : node1736
##      CPUs : 8
##  Mem/Node : 4096 MB
## Directory : /oscar/home/trazzaz/AFQMC
##   Job Started : Fri Feb 28 02:16:38 AM EST 2025
###############################################################################
seed = 1489
U = 2.0
β = 6.0
Warming up
128/1024
256/1024
384/1024
512/1024
640/1024
768/1024
896/1024
1024/1024
Measuring
128/16384
mean(sgnprob[1:i - 1]) = 0.5275590551181102
256/16384
mean(sgnprob[1:i - 1]) = 0.4980392156862745
384/16384
mean(sgnprob[1:i - 1]) = 0.1801566579634465
512/16384
mean(sgnprob[1:i - 1]) = 0.23679060665362034
640/16384
mean(sgnprob[1:i - 1]) = 0.29264475743348983
768/16384
mean(sgnprob[1:i - 1]) = 0.31681877444589307
896/16384
mean(sgnprob[1:i - 1]) = 0.20670391061452514
1024/16384
mean(sgnprob[1:i - 1]) = 0.13587487781036167
1152/16384
mean(sgnprob[1:i - 1]) = 0.158992180712424
1280/16384
mean(sgnprob[1:i - 1]) = 0.0946051602814699
1408/16384
mean(sgnprob[1:i - 1]) = 0.05472636815920398
1536/16384
mean(sgnprob[1:i - 1]) = 0.012377850162866449
1664/16384
mean(sgnprob[1:i - 1]) = 0.052315093205051115
1792/16384
mean(sgnprob[1:i - 1]) = 0.018425460636515914
1920/16384
mean(sgnprob[1:i - 1]) = 0.0484627410109432
2048/16384
mean(sgnprob[1:i - 1]) = 0.06888128969223253
2176/16384
mean(sgnprob[1:i - 1]) = 0.03816091954022988
2304/16384
mean(sgnprob[1:i - 1]) = 0.062092922275293096
2432/16384
mean(sgnprob[1:i - 1]) = 0.08432743726861373
2560/16384
mean(sgnprob[1:i - 1]) = 0.10042985541227042
2688/16384
mean(sgnprob[1:i - 1]) = 0.12169705991812431
2816/16384
mean(sgnprob[1:i - 1]) = 0.09840142095914742
2944/16384
mean(sgnprob[1:i - 1]) = 0.11179068977234115
3072/16384
mean(sgnprob[1:i - 1]) = 0.12406382285900358
3200/16384
mean(sgnprob[1:i - 1]) = 0.13472960300093778
3328/16384
mean(sgnprob[1:i - 1]) = 0.11571986774872257
3456/16384
mean(sgnprob[1:i - 1]) = 0.1195369030390738
3584/16384
mean(sgnprob[1:i - 1]) = 0.13480323751046608
3712/16384
mean(sgnprob[1:i - 1]) = 0.11775801670708703
3840/16384
mean(sgnprob[1:i - 1]) = 0.09820265694191195
3968/16384
mean(sgnprob[1:i - 1]) = 0.11015881018401814
4096/16384
mean(sgnprob[1:i - 1]) = 0.09255189255189256
4224/16384
mean(sgnprob[1:i - 1]) = 0.07790670139711106
4352/16384
mean(sgnprob[1:i - 1]) = 0.09124339232360378
4480/16384
mean(sgnprob[1:i - 1]) = 0.10471087296271489
4608/16384
mean(sgnprob[1:i - 1]) = 0.11222053397004558
4736/16384
mean(sgnprob[1:i - 1]) = 0.1235480464625132
4864/16384
mean(sgnprob[1:i - 1]) = 0.13222290767016245
4992/16384
mean(sgnprob[1:i - 1]) = 0.14085353636545783
5120/16384
mean(sgnprob[1:i - 1]) = 0.1470990427817933
5248/16384
mean(sgnprob[1:i - 1]) = 0.15837621497998858
5376/16384
mean(sgnprob[1:i - 1]) = 0.16613953488372094
5504/16384
mean(sgnprob[1:i - 1]) = 0.1746320188987825
5632/16384
mean(sgnprob[1:i - 1]) = 0.18025217545729
5760/16384
mean(sgnprob[1:i - 1]) = 0.16548011807605487
5888/16384
mean(sgnprob[1:i - 1]) = 0.1703754034312893
6016/16384
mean(sgnprob[1:i - 1]) = 0.17472984206151287
6144/16384
mean(sgnprob[1:i - 1]) = 0.17727494709425362
6272/16384
mean(sgnprob[1:i - 1]) = 0.18131079572635944
6400/16384
mean(sgnprob[1:i - 1]) = 0.16674480387560556
6528/16384
mean(sgnprob[1:i - 1]) = 0.17328022062203155
6656/16384
mean(sgnprob[1:i - 1]) = 0.17625845229151013
6784/16384
mean(sgnprob[1:i - 1]) = 0.16467639687453928
6912/16384
mean(sgnprob[1:i - 1]) = 0.16770366083056
7040/16384
mean(sgnprob[1:i - 1]) = 0.17317800823980678
7168/16384
mean(sgnprob[1:i - 1]) = 0.16422491977117343
7296/16384
mean(sgnprob[1:i - 1]) = 0.15257025359835505
7424/16384
mean(sgnprob[1:i - 1]) = 0.15505860164354035
7552/16384
mean(sgnprob[1:i - 1]) = 0.15984637796318368
7680/16384
mean(sgnprob[1:i - 1]) = 0.16447454095585362
7808/16384
mean(sgnprob[1:i - 1]) = 0.1530677597028308
7936/16384
mean(sgnprob[1:i - 1]) = 0.1589161940768746
8064/16384
mean(sgnprob[1:i - 1]) = 0.1638348009425772
8192/16384
mean(sgnprob[1:i - 1]) = 0.16713465999267488
8320/16384
mean(sgnprob[1:i - 1]) = 0.15711022959490323
8448/16384
mean(sgnprob[1:i - 1]) = 0.16064875103587073
8576/16384
mean(sgnprob[1:i - 1]) = 0.16548104956268223
8704/16384
mean(sgnprob[1:i - 1]) = 0.17063081695966908
8832/16384
mean(sgnprob[1:i - 1]) = 0.17381949949043143
8960/16384
mean(sgnprob[1:i - 1]) = 0.17647058823529413
9088/16384
mean(sgnprob[1:i - 1]) = 0.18168812589413447
9216/16384
mean(sgnprob[1:i - 1]) = 0.18480737927292457
9344/16384
mean(sgnprob[1:i - 1]) = 0.18612865246708765
9472/16384
mean(sgnprob[1:i - 1]) = 0.18973709217611656
9600/16384
mean(sgnprob[1:i - 1]) = 0.19074903635795395
9728/16384
mean(sgnprob[1:i - 1]) = 0.18330420479078852
9856/16384
mean(sgnprob[1:i - 1]) = 0.17402333840690004
9984/16384
mean(sgnprob[1:i - 1]) = 0.17880396674346388
10112/16384
mean(sgnprob[1:i - 1]) = 0.182672337058649
10240/16384
mean(sgnprob[1:i - 1]) = 0.1860533255200703
10368/16384
mean(sgnprob[1:i - 1]) = 0.18857914536510081
10496/16384
mean(sgnprob[1:i - 1]) = 0.1824678418294426
10624/16384
mean(sgnprob[1:i - 1]) = 0.18648216134801845
10752/16384
mean(sgnprob[1:i - 1]) = 0.1783089945121384
10880/16384
mean(sgnprob[1:i - 1]) = 0.17106351686735913
11008/16384
mean(sgnprob[1:i - 1]) = 0.17652403016262377
11136/16384
mean(sgnprob[1:i - 1]) = 0.1703637180062865
11264/16384
mean(sgnprob[1:i - 1]) = 0.1730444819319897
11392/16384
mean(sgnprob[1:i - 1]) = 0.17742077078395224
11520/16384
mean(sgnprob[1:i - 1]) = 0.17215036027432937
11648/16384
mean(sgnprob[1:i - 1]) = 0.17403623250622477
11776/16384
mean(sgnprob[1:i - 1]) = 0.1770700636942675
11904/16384
mean(sgnprob[1:i - 1]) = 0.17046122826178275
12032/16384
mean(sgnprob[1:i - 1]) = 0.17446596292909983
12160/16384
mean(sgnprob[1:i - 1]) = 0.177728431614442
12288/16384
mean(sgnprob[1:i - 1]) = 0.18059737934402215
12416/16384
mean(sgnprob[1:i - 1]) = 0.18372935964559
12544/16384
mean(sgnprob[1:i - 1]) = 0.1777086821334609
12672/16384
mean(sgnprob[1:i - 1]) = 0.18175361060689765
12800/16384
mean(sgnprob[1:i - 1]) = 0.18509258535823112
12928/16384
mean(sgnprob[1:i - 1]) = 0.18882958149609344
13056/16384
mean(sgnprob[1:i - 1]) = 0.1923400995787055
13184/16384
mean(sgnprob[1:i - 1]) = 0.19441705226427974
13312/16384
mean(sgnprob[1:i - 1]) = 0.19825708061002179
13440/16384
mean(sgnprob[1:i - 1]) = 0.20172631892253887
13568/16384
mean(sgnprob[1:i - 1]) = 0.2040981794059114
13696/16384
mean(sgnprob[1:i - 1]) = 0.19678714859437751
13824/16384
mean(sgnprob[1:i - 1]) = 0.1993055053172249
13952/16384
mean(sgnprob[1:i - 1]) = 0.19245932191240772
14080/16384
mean(sgnprob[1:i - 1]) = 0.1948291782086796
14208/16384
mean(sgnprob[1:i - 1]) = 0.19757865840782712
14336/16384
mean(sgnprob[1:i - 1]) = 0.19176839902336937
14464/16384
mean(sgnprob[1:i - 1]) = 0.19394316531839867
14592/16384
mean(sgnprob[1:i - 1]) = 0.19703927078335962
14720/16384
mean(sgnprob[1:i - 1]) = 0.1989944969087574
14848/16384
mean(sgnprob[1:i - 1]) = 0.20078130262005792
14976/16384
mean(sgnprob[1:i - 1]) = 0.20360601001669448
15104/16384
mean(sgnprob[1:i - 1]) = 0.19830497252201548
15232/16384
mean(sgnprob[1:i - 1]) = 0.19992121331494977
15360/16384
mean(sgnprob[1:i - 1]) = 0.19382772315905983
15488/16384
mean(sgnprob[1:i - 1]) = 0.1954542519532511
15616/16384
mean(sgnprob[1:i - 1]) = 0.19820685238552674
15744/16384
mean(sgnprob[1:i - 1]) = 0.19341929746554024
15872/16384
mean(sgnprob[1:i - 1]) = 0.1940016382080524
16000/16384
mean(sgnprob[1:i - 1]) = 0.19519969998124884
16128/16384
mean(sgnprob[1:i - 1]) = 0.19017796242326532
16256/16384
mean(sgnprob[1:i - 1]) = 0.1910181482620732
16384/16384
mean(sgnprob[1:i - 1]) = 0.18561923945553319
728.154954 seconds (167.11 M allocations: 70.745 GiB, 1.35% gc time, 1.22% compilation time)
