## SLURM PROLOG ###############################################################
##    Job ID : 5898736
##  Job Name : etgent_2x2_seed1251
##  Nodelist : node1755
##      CPUs : 8
##  Mem/Node : 2048 MB
## Directory : /oscar/home/trazzaz/AFQMC
##   Job Started : Sun Nov 10 08:33:05 PM EST 2024
###############################################################################
U = 2.0
seed = 1251
λₖ = 0.0
Warming up
128/512
256/512
384/512
512/512
Measuring
128/1024
256/1024
384/1024
512/1024
640/1024
768/1024
896/1024
1024/1024
303.471708 seconds (210.26 M allocations: 1.099 TiB, 18.68% gc time, 2.82% compilation time)
λₖ = 0.2
Warming up
128/512
256/512
384/512
512/512
Measuring
128/1024
256/1024
384/1024
512/1024
640/1024
768/1024
896/1024
1024/1024
322.234077 seconds (208.41 M allocations: 1.099 TiB, 18.41% gc time, 0.03% compilation time)
λₖ = 0.4
Warming up
128/512
256/512
384/512
512/512
Measuring
128/1024
256/1024
384/1024
512/1024
640/1024
768/1024
896/1024
1024/1024
298.323260 seconds (208.41 M allocations: 1.099 TiB, 18.95% gc time)
λₖ = 0.6
Warming up
128/512
256/512
384/512
512/512
Measuring
128/1024
256/1024
384/1024
512/1024
640/1024
768/1024
896/1024
1024/1024
267.595627 seconds (208.41 M allocations: 1.099 TiB, 19.19% gc time)
λₖ = 0.8
Warming up
128/512
256/512
384/512
512/512
Measuring
128/1024
256/1024
384/1024
512/1024
640/1024
768/1024
896/1024
1024/1024
229.369953 seconds (208.41 M allocations: 1.099 TiB, 20.52% gc time)
