## SLURM PROLOG ###############################################################
##    Job ID : 7671164
##  Job Name : sbatch_etgent.sh
##  Nodelist : node1317
##      CPUs : 8
##  Mem/Node : 4096 MB
## Directory : /oscar/home/trazzaz/AFQMC
##   Job Started : Sun Jan 19 04:12:36 AM EST 2025
###############################################################################
seed = 1274
U = 2.0
β = 6.0
Warming up
128/1024
256/1024
384/1024
512/1024
640/1024
768/1024
896/1024
1024/1024
Measuring
128/16384
mean(sgnprob[1:i - 1]) = 0.25984251968503935
256/16384
mean(sgnprob[1:i - 1]) = 0.29411764705882354
384/16384
mean(sgnprob[1:i - 1]) = 0.2689295039164491
512/16384
mean(sgnprob[1:i - 1]) = 0.2602739726027397
640/16384
mean(sgnprob[1:i - 1]) = 0.27073552425665104
768/16384
mean(sgnprob[1:i - 1]) = 0.27249022164276404
896/16384
mean(sgnprob[1:i - 1]) = 0.2916201117318436
1024/16384
mean(sgnprob[1:i - 1]) = 0.2903225806451613
1152/16384
mean(sgnprob[1:i - 1]) = 0.29800173761946136
1280/16384
mean(sgnprob[1:i - 1]) = 0.23846755277560594
1408/16384
mean(sgnprob[1:i - 1]) = 0.232409381663113
1536/16384
mean(sgnprob[1:i - 1]) = 0.2273615635179153
1664/16384
mean(sgnprob[1:i - 1]) = 0.19663259170174383
1792/16384
mean(sgnprob[1:i - 1]) = 0.19821328866554996
1920/16384
mean(sgnprob[1:i - 1]) = 0.20896300156331424
2048/16384
mean(sgnprob[1:i - 1]) = 0.19003419638495359
2176/16384
mean(sgnprob[1:i - 1]) = 0.16505747126436782
2304/16384
mean(sgnprob[1:i - 1]) = 0.1715154146765089
2432/16384
mean(sgnprob[1:i - 1]) = 0.1567256273138626
2560/16384
mean(sgnprob[1:i - 1]) = 0.1395076201641266
2688/16384
mean(sgnprob[1:i - 1]) = 0.14849274283587643
2816/16384
mean(sgnprob[1:i - 1]) = 0.16163410301953818
2944/16384
mean(sgnprob[1:i - 1]) = 0.1620795107033639
3072/16384
mean(sgnprob[1:i - 1]) = 0.16769781830022795
3200/16384
mean(sgnprob[1:i - 1]) = 0.14973429196623944
3328/16384
mean(sgnprob[1:i - 1]) = 0.14577697625488428
3456/16384
mean(sgnprob[1:i - 1]) = 0.14327062228654125
3584/16384
mean(sgnprob[1:i - 1]) = 0.14094334356684343
3712/16384
mean(sgnprob[1:i - 1]) = 0.14147130153597412
3840/16384
mean(sgnprob[1:i - 1]) = 0.14404792914821568
3968/16384
mean(sgnprob[1:i - 1]) = 0.1308293420720948
4096/16384
mean(sgnprob[1:i - 1]) = 0.13211233211233211
4224/16384
mean(sgnprob[1:i - 1]) = 0.1328439497987213
4352/16384
mean(sgnprob[1:i - 1]) = 0.13077453458974947
4480/16384
mean(sgnprob[1:i - 1]) = 0.14132618888144674
4608/16384
mean(sgnprob[1:i - 1]) = 0.13739960929021056
4736/16384
mean(sgnprob[1:i - 1]) = 0.12650475184794086
4864/16384
mean(sgnprob[1:i - 1]) = 0.11823976968949208
4992/16384
mean(sgnprob[1:i - 1]) = 0.10959727509517131
5120/16384
mean(sgnprob[1:i - 1]) = 0.1119359249853487
5248/16384
mean(sgnprob[1:i - 1]) = 0.11377930245854774
5376/16384
mean(sgnprob[1:i - 1]) = 0.10586046511627907
5504/16384
mean(sgnprob[1:i - 1]) = 0.10049064146829002
5632/16384
mean(sgnprob[1:i - 1]) = 0.09039247025395133
5760/16384
mean(sgnprob[1:i - 1]) = 0.09602361521097413
5888/16384
mean(sgnprob[1:i - 1]) = 0.10073042296585698
6016/16384
mean(sgnprob[1:i - 1]) = 0.10457190357439734
6144/16384
mean(sgnprob[1:i - 1]) = 0.0958814911281133
6272/16384
mean(sgnprob[1:i - 1]) = 0.09615691277308244
6400/16384
mean(sgnprob[1:i - 1]) = 0.10017190185966557
6528/16384
mean(sgnprob[1:i - 1]) = 0.09115979776313773
6656/16384
mean(sgnprob[1:i - 1]) = 0.08730277986476334
6784/16384
mean(sgnprob[1:i - 1]) = 0.09273182957393483
6912/16384
mean(sgnprob[1:i - 1]) = 0.09246129358992909
7040/16384
mean(sgnprob[1:i - 1]) = 0.08680210257138798
7168/16384
mean(sgnprob[1:i - 1]) = 0.08748430305567183
7296/16384
mean(sgnprob[1:i - 1]) = 0.09006168608636052
7424/16384
mean(sgnprob[1:i - 1]) = 0.09281961471103327
7552/16384
mean(sgnprob[1:i - 1]) = 0.08568401536220369
7680/16384
mean(sgnprob[1:i - 1]) = 0.08686026826409689
7808/16384
mean(sgnprob[1:i - 1]) = 0.08056872037914692
7936/16384
mean(sgnprob[1:i - 1]) = 0.08405797101449275
8064/16384
mean(sgnprob[1:i - 1]) = 0.07652238620860721
8192/16384
mean(sgnprob[1:i - 1]) = 0.0733732145037236
8320/16384
mean(sgnprob[1:i - 1]) = 0.0770525303522058
8448/16384
mean(sgnprob[1:i - 1]) = 0.07991002722860187
8576/16384
mean(sgnprob[1:i - 1]) = 0.07475218658892128
8704/16384
mean(sgnprob[1:i - 1]) = 0.07158451108813053
8832/16384
mean(sgnprob[1:i - 1]) = 0.073944060695278
8960/16384
mean(sgnprob[1:i - 1]) = 0.07467351266882465
9088/16384
mean(sgnprob[1:i - 1]) = 0.07912402333003192
9216/16384
mean(sgnprob[1:i - 1]) = 0.0747693977211069
9344/16384
mean(sgnprob[1:i - 1]) = 0.07802632987263192
9472/16384
mean(sgnprob[1:i - 1]) = 0.07443775736458663
9600/16384
mean(sgnprob[1:i - 1]) = 0.07573705594332743
9728/16384
mean(sgnprob[1:i - 1]) = 0.07124498817723861
9856/16384
mean(sgnprob[1:i - 1]) = 0.07255200405885337
9984/16384
mean(sgnprob[1:i - 1]) = 0.07262345988179905
10112/16384
mean(sgnprob[1:i - 1]) = 0.06913262783107507
10240/16384
mean(sgnprob[1:i - 1]) = 0.07080769606406875
10368/16384
mean(sgnprob[1:i - 1]) = 0.07340599980708015
10496/16384
mean(sgnprob[1:i - 1]) = 0.07365412101000476
10624/16384
mean(sgnprob[1:i - 1]) = 0.07596724089240328
10752/16384
mean(sgnprob[1:i - 1]) = 0.07822528136917496
10880/16384
mean(sgnprob[1:i - 1]) = 0.07473113337622943
11008/16384
mean(sgnprob[1:i - 1]) = 0.07622422095030436
11136/16384
mean(sgnprob[1:i - 1]) = 0.07858105074090704
11264/16384
mean(sgnprob[1:i - 1]) = 0.08194974695906952
11392/16384
mean(sgnprob[1:i - 1]) = 0.08190676850144851
11520/16384
mean(sgnprob[1:i - 1]) = 0.0823856237520618
11648/16384
mean(sgnprob[1:i - 1]) = 0.08319738988580751
11776/16384
mean(sgnprob[1:i - 1]) = 0.08450106157112526
11904/16384
mean(sgnprob[1:i - 1]) = 0.08611274468621356
12032/16384
mean(sgnprob[1:i - 1]) = 0.08752389660044885
12160/16384
mean(sgnprob[1:i - 1]) = 0.08479315733201744
12288/16384
mean(sgnprob[1:i - 1]) = 0.08618865467567348
12416/16384
mean(sgnprob[1:i - 1]) = 0.08223922674184454
12544/16384
mean(sgnprob[1:i - 1]) = 0.07996492067288527
12672/16384
mean(sgnprob[1:i - 1]) = 0.08152474153579038
12800/16384
mean(sgnprob[1:i - 1]) = 0.08399093679193687
12928/16384
mean(sgnprob[1:i - 1]) = 0.08207627446429953
13056/16384
mean(sgnprob[1:i - 1]) = 0.08326311757947147
13184/16384
mean(sgnprob[1:i - 1]) = 0.07926875521504968
13312/16384
mean(sgnprob[1:i - 1]) = 0.07820599504169484
13440/16384
mean(sgnprob[1:i - 1]) = 0.07522881166753478
13568/16384
mean(sgnprob[1:i - 1]) = 0.07275005528119702
13696/16384
mean(sgnprob[1:i - 1]) = 0.07499087258123403
13824/16384
mean(sgnprob[1:i - 1]) = 0.07675613108587137
13952/16384
mean(sgnprob[1:i - 1]) = 0.07390151243638449
14080/16384
mean(sgnprob[1:i - 1]) = 0.07465018822359543
14208/16384
mean(sgnprob[1:i - 1]) = 0.07608925177729288
14336/16384
mean(sgnprob[1:i - 1]) = 0.07303801883501919
14464/16384
mean(sgnprob[1:i - 1]) = 0.07335960727373297
14592/16384
mean(sgnprob[1:i - 1]) = 0.07134534987320951
14720/16384
mean(sgnprob[1:i - 1]) = 0.06882261023167335
14848/16384
mean(sgnprob[1:i - 1]) = 0.07078871152421365
14976/16384
mean(sgnprob[1:i - 1]) = 0.07125208681135226
15104/16384
mean(sgnprob[1:i - 1]) = 0.07435608819439847
15232/16384
mean(sgnprob[1:i - 1]) = 0.07136760554133018
15360/16384
mean(sgnprob[1:i - 1]) = 0.07155413763916922
15488/16384
mean(sgnprob[1:i - 1]) = 0.06760508813843868
15616/16384
mean(sgnprob[1:i - 1]) = 0.0685878962536023
15744/16384
mean(sgnprob[1:i - 1]) = 0.06942768214444515
15872/16384
mean(sgnprob[1:i - 1]) = 0.07126205028038561
16000/16384
mean(sgnprob[1:i - 1]) = 0.07144196512282018
16128/16384
mean(sgnprob[1:i - 1]) = 0.07236311775283685
16256/16384
mean(sgnprob[1:i - 1]) = 0.06933251307290064
16384/16384
mean(sgnprob[1:i - 1]) = 0.0702557529146066
802.424081 seconds (167.10 M allocations: 70.745 GiB, 2.06% gc time, 1.24% compilation time)
