## SLURM PROLOG ###############################################################
##    Job ID : 7671068
##  Job Name : sbatch_etgent.sh
##  Nodelist : node1754
##      CPUs : 8
##  Mem/Node : 4096 MB
## Directory : /oscar/home/trazzaz/AFQMC
##   Job Started : Sun Jan 19 01:48:13 AM EST 2025
###############################################################################
seed = 1235
U = 2.0
β = 6.0
Warming up
128/1024
256/1024
384/1024
512/1024
640/1024
768/1024
896/1024
1024/1024
Measuring
128/16384
mean(sgnprob[1:i - 1]) = 0.08661417322834646
256/16384
mean(sgnprob[1:i - 1]) = 0.1450980392156863
384/16384
mean(sgnprob[1:i - 1]) = 0.185378590078329
512/16384
mean(sgnprob[1:i - 1]) = 0.20156555772994128
640/16384
mean(sgnprob[1:i - 1]) = 0.19248826291079812
768/16384
mean(sgnprob[1:i - 1]) = 0.2046936114732725
896/16384
mean(sgnprob[1:i - 1]) = 0.19776536312849163
1024/16384
mean(sgnprob[1:i - 1]) = 0.19257086999022482
1152/16384
mean(sgnprob[1:i - 1]) = 0.18679409209383144
1280/16384
mean(sgnprob[1:i - 1]) = 0.18999218139171228
1408/16384
mean(sgnprob[1:i - 1]) = 0.1911869225302061
1536/16384
mean(sgnprob[1:i - 1]) = 0.19087947882736156
1664/16384
mean(sgnprob[1:i - 1]) = 0.1809981960312688
1792/16384
mean(sgnprob[1:i - 1]) = 0.18146286990508095
1920/16384
mean(sgnprob[1:i - 1]) = 0.1839499739447629
2048/16384
mean(sgnprob[1:i - 1]) = 0.20371275036638983
2176/16384
mean(sgnprob[1:i - 1]) = 0.2110344827586207
2304/16384
mean(sgnprob[1:i - 1]) = 0.21233174120712114
2432/16384
mean(sgnprob[1:i - 1]) = 0.21431509666803786
2560/16384
mean(sgnprob[1:i - 1]) = 0.21531848378272764
2688/16384
mean(sgnprob[1:i - 1]) = 0.21324897655377745
2816/16384
mean(sgnprob[1:i - 1]) = 0.21847246891651864
2944/16384
mean(sgnprob[1:i - 1]) = 0.2218824328916072
3072/16384
mean(sgnprob[1:i - 1]) = 0.22044936502767828
3200/16384
mean(sgnprob[1:i - 1]) = 0.22038136917786808
3328/16384
mean(sgnprob[1:i - 1]) = 0.2185151788397956
3456/16384
mean(sgnprob[1:i - 1]) = 0.22373371924746743
3584/16384
mean(sgnprob[1:i - 1]) = 0.22802121127546748
3712/16384
mean(sgnprob[1:i - 1]) = 0.2298571813527351
3840/16384
mean(sgnprob[1:i - 1]) = 0.2284449075280021
3968/16384
mean(sgnprob[1:i - 1]) = 0.22460297453995462
4096/16384
mean(sgnprob[1:i - 1]) = 0.22002442002442002
4224/16384
mean(sgnprob[1:i - 1]) = 0.21619701633909544
4352/16384
mean(sgnprob[1:i - 1]) = 0.217651114686279
4480/16384
mean(sgnprob[1:i - 1]) = 0.21857557490511276
4608/16384
mean(sgnprob[1:i - 1]) = 0.2177121771217712
4736/16384
mean(sgnprob[1:i - 1]) = 0.21436114044350582
4864/16384
mean(sgnprob[1:i - 1]) = 0.21406539173349784
4992/16384
mean(sgnprob[1:i - 1]) = 0.21618914045281507
5120/16384
mean(sgnprob[1:i - 1]) = 0.2185973823012307
5248/16384
mean(sgnprob[1:i - 1]) = 0.21974461597103107
5376/16384
mean(sgnprob[1:i - 1]) = 0.21934883720930232
5504/16384
mean(sgnprob[1:i - 1]) = 0.21897147010721424
5632/16384
mean(sgnprob[1:i - 1]) = 0.21719055229976914
5760/16384
mean(sgnprob[1:i - 1]) = 0.21896162528216703
5888/16384
mean(sgnprob[1:i - 1]) = 0.21963648717513165
6016/16384
mean(sgnprob[1:i - 1]) = 0.2199501246882793
6144/16384
mean(sgnprob[1:i - 1]) = 0.22057626566824026
6272/16384
mean(sgnprob[1:i - 1]) = 0.22213363099984054
6400/16384
mean(sgnprob[1:i - 1]) = 0.2226910454758556
6528/16384
mean(sgnprob[1:i - 1]) = 0.2195495633522292
6656/16384
mean(sgnprob[1:i - 1]) = 0.22163786626596543
6784/16384
mean(sgnprob[1:i - 1]) = 0.22335249889429457
6912/16384
mean(sgnprob[1:i - 1]) = 0.2232672551005643
7040/16384
mean(sgnprob[1:i - 1]) = 0.22517403040204576
7168/16384
mean(sgnprob[1:i - 1]) = 0.2231059020510674
7296/16384
mean(sgnprob[1:i - 1]) = 0.22549691569568198
7424/16384
mean(sgnprob[1:i - 1]) = 0.22187794692172977
7552/16384
mean(sgnprob[1:i - 1]) = 0.22129519268970999
7680/16384
mean(sgnprob[1:i - 1]) = 0.2204714155488996
7808/16384
mean(sgnprob[1:i - 1]) = 0.2224926348149097
7936/16384
mean(sgnprob[1:i - 1]) = 0.2219281663516068
8064/16384
mean(sgnprob[1:i - 1]) = 0.21914920004960933
8192/16384
mean(sgnprob[1:i - 1]) = 0.22085215480405324
8320/16384
mean(sgnprob[1:i - 1]) = 0.22274311816324077
8448/16384
mean(sgnprob[1:i - 1]) = 0.22268260921037056
8576/16384
mean(sgnprob[1:i - 1]) = 0.22332361516034985
8704/16384
mean(sgnprob[1:i - 1]) = 0.22348615419970125
8832/16384
mean(sgnprob[1:i - 1]) = 0.22273808175744536
8960/16384
mean(sgnprob[1:i - 1]) = 0.22268110280165196
9088/16384
mean(sgnprob[1:i - 1]) = 0.2219654451414108
9216/16384
mean(sgnprob[1:i - 1]) = 0.22061855670103092
9344/16384
mean(sgnprob[1:i - 1]) = 0.22144921331478112
9472/16384
mean(sgnprob[1:i - 1]) = 0.22077922077922077
9600/16384
mean(sgnprob[1:i - 1]) = 0.22033545160954265
9728/16384
mean(sgnprob[1:i - 1]) = 0.2186696823275419
9856/16384
mean(sgnprob[1:i - 1]) = 0.21867072552004058
9984/16384
mean(sgnprob[1:i - 1]) = 0.21867174196133427
10112/16384
mean(sgnprob[1:i - 1]) = 0.21807931955296211
10240/16384
mean(sgnprob[1:i - 1]) = 0.21730637757593516
10368/16384
mean(sgnprob[1:i - 1]) = 0.2165525224269316
10496/16384
mean(sgnprob[1:i - 1]) = 0.2177227251071939
10624/16384
mean(sgnprob[1:i - 1]) = 0.217923373811541
10752/16384
mean(sgnprob[1:i - 1]) = 0.2171890986884941
10880/16384
mean(sgnprob[1:i - 1]) = 0.21647210221527713
11008/16384
mean(sgnprob[1:i - 1]) = 0.2144998637230853
11136/16384
mean(sgnprob[1:i - 1]) = 0.21490794791198922
11264/16384
mean(sgnprob[1:i - 1]) = 0.21566190180236172
11392/16384
mean(sgnprob[1:i - 1]) = 0.2167500658414538
11520/16384
mean(sgnprob[1:i - 1]) = 0.21642503689556386
11648/16384
mean(sgnprob[1:i - 1]) = 0.21610715205632353
11776/16384
mean(sgnprob[1:i - 1]) = 0.21579617834394904
11904/16384
mean(sgnprob[1:i - 1]) = 0.215323867932454
12032/16384
mean(sgnprob[1:i - 1]) = 0.21469537029340868
12160/16384
mean(sgnprob[1:i - 1]) = 0.2153960029607698
12288/16384
mean(sgnprob[1:i - 1]) = 0.2167331325791487
12416/16384
mean(sgnprob[1:i - 1]) = 0.21594844945630287
12544/16384
mean(sgnprob[1:i - 1]) = 0.21709319939408436
12672/16384
mean(sgnprob[1:i - 1]) = 0.21695209533580617
12800/16384
mean(sgnprob[1:i - 1]) = 0.21571997812329088
12928/16384
mean(sgnprob[1:i - 1]) = 0.21528583584745106
13056/16384
mean(sgnprob[1:i - 1]) = 0.21562619685944082
13184/16384
mean(sgnprob[1:i - 1]) = 0.21520139573693392
13312/16384
mean(sgnprob[1:i - 1]) = 0.21673803621065285
13440/16384
mean(sgnprob[1:i - 1]) = 0.21735248158345116
13568/16384
mean(sgnprob[1:i - 1]) = 0.21633375101348862
13696/16384
mean(sgnprob[1:i - 1]) = 0.2163563344286236
13824/16384
mean(sgnprob[1:i - 1]) = 0.2160891268176228
13952/16384
mean(sgnprob[1:i - 1]) = 0.2171170525410365
14080/16384
mean(sgnprob[1:i - 1]) = 0.2168477874849066
14208/16384
mean(sgnprob[1:i - 1]) = 0.21503484197930597
14336/16384
mean(sgnprob[1:i - 1]) = 0.21381234740146496
14464/16384
mean(sgnprob[1:i - 1]) = 0.21606858881283275
14592/16384
mean(sgnprob[1:i - 1]) = 0.2170516071550956
14720/16384
mean(sgnprob[1:i - 1]) = 0.21693049799578776
14848/16384
mean(sgnprob[1:i - 1]) = 0.21586852562807302
14976/16384
mean(sgnprob[1:i - 1]) = 0.2158931552587646
15104/16384
mean(sgnprob[1:i - 1]) = 0.21578494338873072
15232/16384
mean(sgnprob[1:i - 1]) = 0.21633510603374698
15360/16384
mean(sgnprob[1:i - 1]) = 0.21648544827137184
15488/16384
mean(sgnprob[1:i - 1]) = 0.21624588364434688
15616/16384
mean(sgnprob[1:i - 1]) = 0.21613832853025935
15744/16384
mean(sgnprob[1:i - 1]) = 0.21577844121196724
15872/16384
mean(sgnprob[1:i - 1]) = 0.2154243588935795
16000/16384
mean(sgnprob[1:i - 1]) = 0.21457591099443715
16128/16384
mean(sgnprob[1:i - 1]) = 0.21547715012091523
16256/16384
mean(sgnprob[1:i - 1]) = 0.2146416487234697
16384/16384
mean(sgnprob[1:i - 1]) = 0.2156503692852347
751.751010 seconds (167.10 M allocations: 70.745 GiB, 1.95% gc time, 1.26% compilation time)
