## SLURM PROLOG ###############################################################
##    Job ID : 5895170
##  Job Name : etgent_2x2_seed1235
##  Nodelist : node1735
##      CPUs : 8
##  Mem/Node : 2048 MB
## Directory : /oscar/home/trazzaz/AFQMC
##   Job Started : Sun Nov 10 03:07:56 PM EST 2024
###############################################################################
U = 2.0
seed = 1235
λₖ = 0.0
Warming up
128/512
256/512
384/512
512/512
Measuring
128/1024
256/1024
384/1024
512/1024
640/1024
768/1024
896/1024
1024/1024
330.951497 seconds (210.26 M allocations: 1.099 TiB, 13.21% gc time, 2.16% compilation time)
λₖ = 0.2
Warming up
128/512
256/512
384/512
512/512
Measuring
128/1024
256/1024
384/1024
512/1024
640/1024
768/1024
896/1024
1024/1024
268.101729 seconds (208.41 M allocations: 1.099 TiB, 13.13% gc time, 0.03% compilation time)
λₖ = 0.4
Warming up
128/512
256/512
384/512
512/512
Measuring
128/1024
256/1024
384/1024
512/1024
640/1024
768/1024
896/1024
1024/1024
240.281440 seconds (208.41 M allocations: 1.099 TiB, 13.13% gc time)
λₖ = 0.6
Warming up
128/512
256/512
384/512
512/512
Measuring
128/1024
256/1024
384/1024
512/1024
640/1024
768/1024
896/1024
1024/1024
215.320219 seconds (208.41 M allocations: 1.099 TiB, 13.27% gc time)
λₖ = 0.8
Warming up
128/512
256/512
384/512
512/512
Measuring
128/1024
256/1024
384/1024
512/1024
640/1024
768/1024
896/1024
1024/1024
177.232984 seconds (208.41 M allocations: 1.099 TiB, 13.69% gc time)
