## SLURM PROLOG ###############################################################
##    Job ID : 8834043
##  Job Name : sbatch_etgent.sh
##  Nodelist : node1327
##      CPUs : 8
##  Mem/Node : 4096 MB
## Directory : /oscar/home/trazzaz/AFQMC
##   Job Started : Fri Feb 28 05:13:58 AM EST 2025
###############################################################################
seed = 1597
U = 2.0
β = 6.0
Warming up
128/1024
256/1024
384/1024
512/1024
640/1024
768/1024
896/1024
1024/1024
Measuring
128/16384
mean(sgnprob[1:i - 1]) = 0.49606299212598426
256/16384
mean(sgnprob[1:i - 1]) = 0.5450980392156862
384/16384
mean(sgnprob[1:i - 1]) = 0.5509138381201044
512/16384
mean(sgnprob[1:i - 1]) = 0.5342465753424658
640/16384
mean(sgnprob[1:i - 1]) = 0.5555555555555556
768/16384
mean(sgnprob[1:i - 1]) = 0.5280312907431551
896/16384
mean(sgnprob[1:i - 1]) = 0.5307262569832403
1024/16384
mean(sgnprob[1:i - 1]) = 0.5327468230694037
1152/16384
mean(sgnprob[1:i - 1]) = 0.5343179843614249
1280/16384
mean(sgnprob[1:i - 1]) = 0.41360437842064113
1408/16384
mean(sgnprob[1:i - 1]) = 0.425728500355366
1536/16384
mean(sgnprob[1:i - 1]) = 0.43322475570032576
1664/16384
mean(sgnprob[1:i - 1]) = 0.4491882140709561
1792/16384
mean(sgnprob[1:i - 1]) = 0.4639865996649916
1920/16384
mean(sgnprob[1:i - 1]) = 0.46638874413757164
2048/16384
mean(sgnprob[1:i - 1]) = 0.46653639472398634
2176/16384
mean(sgnprob[1:i - 1]) = 0.4767816091954023
2304/16384
mean(sgnprob[1:i - 1]) = 0.4780720798957881
2432/16384
mean(sgnprob[1:i - 1]) = 0.48498560263266144
2560/16384
mean(sgnprob[1:i - 1]) = 0.4927706135209066
2688/16384
mean(sgnprob[1:i - 1]) = 0.5005582433941198
2816/16384
mean(sgnprob[1:i - 1]) = 0.49626998223801067
2944/16384
mean(sgnprob[1:i - 1]) = 0.4977913693510024
3072/16384
mean(sgnprob[1:i - 1]) = 0.45490068381634646
3200/16384
mean(sgnprob[1:i - 1]) = 0.45420443888715223
3328/16384
mean(sgnprob[1:i - 1]) = 0.45656747820859633
3456/16384
mean(sgnprob[1:i - 1]) = 0.4610709117221418
3584/16384
mean(sgnprob[1:i - 1]) = 0.465252581635501
3712/16384
mean(sgnprob[1:i - 1]) = 0.46752896793317167
3840/16384
mean(sgnprob[1:i - 1]) = 0.47173743162281845
3968/16384
mean(sgnprob[1:i - 1]) = 0.47466599445424756
4096/16384
mean(sgnprob[1:i - 1]) = 0.44224664224664223
4224/16384
mean(sgnprob[1:i - 1]) = 0.4132133554345252
4352/16384
mean(sgnprob[1:i - 1]) = 0.4143874971270972
4480/16384
mean(sgnprob[1:i - 1]) = 0.39272158964054477
4608/16384
mean(sgnprob[1:i - 1]) = 0.3674842630779249
4736/16384
mean(sgnprob[1:i - 1]) = 0.33896515311510034
4864/16384
mean(sgnprob[1:i - 1]) = 0.34526012749331686
4992/16384
mean(sgnprob[1:i - 1]) = 0.3508314966940493
5120/16384
mean(sgnprob[1:i - 1]) = 0.32721234616135964
5248/16384
mean(sgnprob[1:i - 1]) = 0.33485801410329713
5376/16384
mean(sgnprob[1:i - 1]) = 0.33767441860465114
5504/16384
mean(sgnprob[1:i - 1]) = 0.34217699436670906
5632/16384
mean(sgnprob[1:i - 1]) = 0.3478955780500799
5760/16384
mean(sgnprob[1:i - 1]) = 0.35197082826879666
5888/16384
mean(sgnprob[1:i - 1]) = 0.3555291319857313
6016/16384
mean(sgnprob[1:i - 1]) = 0.35860349127182045
6144/16384
mean(sgnprob[1:i - 1]) = 0.33843398990721146
6272/16384
mean(sgnprob[1:i - 1]) = 0.340774996013395
6400/16384
mean(sgnprob[1:i - 1]) = 0.34208470073448977
6528/16384
mean(sgnprob[1:i - 1]) = 0.3448751340585261
6656/16384
mean(sgnprob[1:i - 1]) = 0.34996243425995494
6784/16384
mean(sgnprob[1:i - 1]) = 0.3539731682146543
6912/16384
mean(sgnprob[1:i - 1]) = 0.3607292721747938
7040/16384
mean(sgnprob[1:i - 1]) = 0.3629776956954113
7168/16384
mean(sgnprob[1:i - 1]) = 0.3464490023719827
7296/16384
mean(sgnprob[1:i - 1]) = 0.350514050719671
7424/16384
mean(sgnprob[1:i - 1]) = 0.3552472046342449
7552/16384
mean(sgnprob[1:i - 1]) = 0.3579658323400874
7680/16384
mean(sgnprob[1:i - 1]) = 0.36085427790076835
7808/16384
mean(sgnprob[1:i - 1]) = 0.34725246573587804
7936/16384
mean(sgnprob[1:i - 1]) = 0.3489603024574669
8064/16384
mean(sgnprob[1:i - 1]) = 0.3501178221505643
8192/16384
mean(sgnprob[1:i - 1]) = 0.35490172140153825
8320/16384
mean(sgnprob[1:i - 1]) = 0.3573746844572665
8448/16384
mean(sgnprob[1:i - 1]) = 0.3427252278915591
8576/16384
mean(sgnprob[1:i - 1]) = 0.3460058309037901
8704/16384
mean(sgnprob[1:i - 1]) = 0.3480409054349075
8832/16384
mean(sgnprob[1:i - 1]) = 0.34979051070093986
8960/16384
mean(sgnprob[1:i - 1]) = 0.33697957361312647
9088/16384
mean(sgnprob[1:i - 1]) = 0.3234290745020359
9216/16384
mean(sgnprob[1:i - 1]) = 0.31199131850244166
9344/16384
mean(sgnprob[1:i - 1]) = 0.3126404795033715
9472/16384
mean(sgnprob[1:i - 1]) = 0.3162284869601943
9600/16384
mean(sgnprob[1:i - 1]) = 0.3184706740285446
9728/16384
mean(sgnprob[1:i - 1]) = 0.3212706898324252
9856/16384
mean(sgnprob[1:i - 1]) = 0.32318619989852865
9984/16384
mean(sgnprob[1:i - 1]) = 0.3264549734548733
10112/16384
mean(sgnprob[1:i - 1]) = 0.3286519632083869
10240/16384
mean(sgnprob[1:i - 1]) = 0.32942670182635025
10368/16384
mean(sgnprob[1:i - 1]) = 0.3323044275103694
10496/16384
mean(sgnprob[1:i - 1]) = 0.33549309194854693
10624/16384
mean(sgnprob[1:i - 1]) = 0.33691047726630896
10752/16384
mean(sgnprob[1:i - 1]) = 0.32657427216072926
10880/16384
mean(sgnprob[1:i - 1]) = 0.32990164537181726
11008/16384
mean(sgnprob[1:i - 1]) = 0.3318797129099664
11136/16384
mean(sgnprob[1:i - 1]) = 0.3338123035473731
11264/16384
mean(sgnprob[1:i - 1]) = 0.3243363224718104
11392/16384
mean(sgnprob[1:i - 1]) = 0.32631024493020805
11520/16384
mean(sgnprob[1:i - 1]) = 0.32876117718551956
11648/16384
mean(sgnprob[1:i - 1]) = 0.33132995621190003
11776/16384
mean(sgnprob[1:i - 1]) = 0.3219532908704883
11904/16384
mean(sgnprob[1:i - 1]) = 0.32554818113080736
12032/16384
mean(sgnprob[1:i - 1]) = 0.32574183359654224
12160/16384
mean(sgnprob[1:i - 1]) = 0.3270828193107986
12288/16384
mean(sgnprob[1:i - 1]) = 0.3295352811915032
12416/16384
mean(sgnprob[1:i - 1]) = 0.3208215867901732
12544/16384
mean(sgnprob[1:i - 1]) = 0.3113290281431874
12672/16384
mean(sgnprob[1:i - 1]) = 0.31339278667824166
12800/16384
mean(sgnprob[1:i - 1]) = 0.31588405344167514
12928/16384
mean(sgnprob[1:i - 1]) = 0.30656764910652123
13056/16384
mean(sgnprob[1:i - 1]) = 0.30846418996553043
13184/16384
mean(sgnprob[1:i - 1]) = 0.3113858757490708
13312/16384
mean(sgnprob[1:i - 1]) = 0.3136503643603035
13440/16384
mean(sgnprob[1:i - 1]) = 0.31602053724235435
13568/16384
mean(sgnprob[1:i - 1]) = 0.31878823616127366
13696/16384
mean(sgnprob[1:i - 1]) = 0.32018985031033226
13824/16384
mean(sgnprob[1:i - 1]) = 0.32272299790204734
13952/16384
mean(sgnprob[1:i - 1]) = 0.32463622679377824
14080/16384
mean(sgnprob[1:i - 1]) = 0.31671283471837486
14208/16384
mean(sgnprob[1:i - 1]) = 0.3186457380164708
14336/16384
mean(sgnprob[1:i - 1]) = 0.32152075340076736
14464/16384
mean(sgnprob[1:i - 1]) = 0.3235151766576782
14592/16384
mean(sgnprob[1:i - 1]) = 0.32657117401137686
14720/16384
mean(sgnprob[1:i - 1]) = 0.32006250424621235
14848/16384
mean(sgnprob[1:i - 1]) = 0.3127231090455984
14976/16384
mean(sgnprob[1:i - 1]) = 0.31459098497495824
15104/16384
mean(sgnprob[1:i - 1]) = 0.3161623518506257
15232/16384
mean(sgnprob[1:i - 1]) = 0.3184951743155407
15360/16384
mean(sgnprob[1:i - 1]) = 0.3193567289537079
15488/16384
mean(sgnprob[1:i - 1]) = 0.32110802608639505
15616/16384
mean(sgnprob[1:i - 1]) = 0.323342939481268
15744/16384
mean(sgnprob[1:i - 1]) = 0.32401702343898875
15872/16384
mean(sgnprob[1:i - 1]) = 0.31749732215991433
16000/16384
mean(sgnprob[1:i - 1]) = 0.3190824426526658
16128/16384
mean(sgnprob[1:i - 1]) = 0.3200223228126744
16256/16384
mean(sgnprob[1:i - 1]) = 0.32143955705936633
16384/16384
mean(sgnprob[1:i - 1]) = 0.31477751327595677
798.360232 seconds (167.11 M allocations: 70.745 GiB, 1.64% gc time, 1.19% compilation time)
