## SLURM PROLOG ###############################################################
##    Job ID : 8834025
##  Job Name : sbatch_etgent.sh
##  Nodelist : node1735
##      CPUs : 8
##  Mem/Node : 4096 MB
## Directory : /oscar/home/trazzaz/AFQMC
##   Job Started : Fri Feb 28 04:47:57 AM EST 2025
###############################################################################
seed = 1579
U = 2.0
β = 6.0
Warming up
128/1024
256/1024
384/1024
512/1024
640/1024
768/1024
896/1024
1024/1024
Measuring
128/16384
mean(sgnprob[1:i - 1]) = 0.3858267716535433
256/16384
mean(sgnprob[1:i - 1]) = -0.00392156862745098
384/16384
mean(sgnprob[1:i - 1]) = 0.1122715404699739
512/16384
mean(sgnprob[1:i - 1]) = 0.19373776908023482
640/16384
mean(sgnprob[1:i - 1]) = 0.24569640062597808
768/16384
mean(sgnprob[1:i - 1]) = 0.2803129074315515
896/16384
mean(sgnprob[1:i - 1]) = 0.19553072625698323
1024/16384
mean(sgnprob[1:i - 1]) = 0.11632453567937438
1152/16384
mean(sgnprob[1:i - 1]) = 0.1416159860990443
1280/16384
mean(sgnprob[1:i - 1]) = 0.15559030492572323
1408/16384
mean(sgnprob[1:i - 1]) = 0.1670220326936745
1536/16384
mean(sgnprob[1:i - 1]) = 0.17654723127035832
1664/16384
mean(sgnprob[1:i - 1]) = 0.20144317498496692
1792/16384
mean(sgnprob[1:i - 1]) = 0.21608040201005024
1920/16384
mean(sgnprob[1:i - 1]) = 0.23084940072954663
2048/16384
mean(sgnprob[1:i - 1]) = 0.19101123595505617
2176/16384
mean(sgnprob[1:i - 1]) = 0.19540229885057472
2304/16384
mean(sgnprob[1:i - 1]) = 0.1715154146765089
2432/16384
mean(sgnprob[1:i - 1]) = 0.18469765528589058
2560/16384
mean(sgnprob[1:i - 1]) = 0.1942164908167253
2688/16384
mean(sgnprob[1:i - 1]) = 0.20357275772236696
2816/16384
mean(sgnprob[1:i - 1]) = 0.21847246891651864
2944/16384
mean(sgnprob[1:i - 1]) = 0.2273190621814475
3072/16384
mean(sgnprob[1:i - 1]) = 0.23282318463041354
3200/16384
mean(sgnprob[1:i - 1]) = 0.24288840262582057
3328/16384
mean(sgnprob[1:i - 1]) = 0.25278028253681994
3456/16384
mean(sgnprob[1:i - 1]) = 0.26078147612156294
3584/16384
mean(sgnprob[1:i - 1]) = 0.2631872732347195
3712/16384
mean(sgnprob[1:i - 1]) = 0.2357855025599569
3840/16384
mean(sgnprob[1:i - 1]) = 0.21958843448814797
3968/16384
mean(sgnprob[1:i - 1]) = 0.22510713385429795
4096/16384
mean(sgnprob[1:i - 1]) = 0.22979242979242978
4224/16384
mean(sgnprob[1:i - 1]) = 0.21004025574236324
4352/16384
mean(sgnprob[1:i - 1]) = 0.1965065502183406
4480/16384
mean(sgnprob[1:i - 1]) = 0.18196025898638088
4608/16384
mean(sgnprob[1:i - 1]) = 0.19123073583677014
4736/16384
mean(sgnprob[1:i - 1]) = 0.20042238648363253
4864/16384
mean(sgnprob[1:i - 1]) = 0.19802590993214064
4992/16384
mean(sgnprob[1:i - 1]) = 0.20336605890603085
5120/16384
mean(sgnprob[1:i - 1]) = 0.20687634303574917
5248/16384
mean(sgnprob[1:i - 1]) = 0.20983419096626643
5376/16384
mean(sgnprob[1:i - 1]) = 0.19627906976744186
5504/16384
mean(sgnprob[1:i - 1]) = 0.18117390514264947
5632/16384
mean(sgnprob[1:i - 1]) = 0.1870005327650506
5760/16384
mean(sgnprob[1:i - 1]) = 0.19048445910748393
5888/16384
mean(sgnprob[1:i - 1]) = 0.17818923050789875
6016/16384
mean(sgnprob[1:i - 1]) = 0.16807980049875312
6144/16384
mean(sgnprob[1:i - 1]) = 0.1723913397362852
6272/16384
mean(sgnprob[1:i - 1]) = 0.17844044012119278
6400/16384
mean(sgnprob[1:i - 1]) = 0.17893420847007344
6528/16384
mean(sgnprob[1:i - 1]) = 0.16776466983300137
6656/16384
mean(sgnprob[1:i - 1]) = 0.17235161532682194
6784/16384
mean(sgnprob[1:i - 1]) = 0.17588087866725638
6912/16384
mean(sgnprob[1:i - 1]) = 0.17927940963681088
7040/16384
mean(sgnprob[1:i - 1]) = 0.18255434010512858
7168/16384
mean(sgnprob[1:i - 1]) = 0.17064322589646994
7296/16384
mean(sgnprob[1:i - 1]) = 0.1764222069910898
7424/16384
mean(sgnprob[1:i - 1]) = 0.1814630203421797
7552/16384
mean(sgnprob[1:i - 1]) = 0.1852734737120911
7680/16384
mean(sgnprob[1:i - 1]) = 0.1873941919520771
7808/16384
mean(sgnprob[1:i - 1]) = 0.18995773024209042
7936/16384
mean(sgnprob[1:i - 1]) = 0.19344675488342786
8064/16384
mean(sgnprob[1:i - 1]) = 0.1856629046260697
8192/16384
mean(sgnprob[1:i - 1]) = 0.1771456476620681
8320/16384
mean(sgnprob[1:i - 1]) = 0.18067075369635774
8448/16384
mean(sgnprob[1:i - 1]) = 0.1826684029833077
8576/16384
mean(sgnprob[1:i - 1]) = 0.18740524781341109
8704/16384
mean(sgnprob[1:i - 1]) = 0.19039411697115938
8832/16384
mean(sgnprob[1:i - 1]) = 0.1923904427584645
8960/16384
mean(sgnprob[1:i - 1]) = 0.19477620270119433
9088/16384
mean(sgnprob[1:i - 1]) = 0.1966545614614284
9216/16384
mean(sgnprob[1:i - 1]) = 0.20043407487791645
9344/16384
mean(sgnprob[1:i - 1]) = 0.19276463662635127
9472/16384
mean(sgnprob[1:i - 1]) = 0.19459402386231656
9600/16384
mean(sgnprob[1:i - 1]) = 0.1967913324304615
9728/16384
mean(sgnprob[1:i - 1]) = 0.19831397141975943
9856/16384
mean(sgnprob[1:i - 1]) = 0.19127346524606798
9984/16384
mean(sgnprob[1:i - 1]) = 0.19302814785134728
10112/16384
mean(sgnprob[1:i - 1]) = 0.1870240332311344
10240/16384
mean(sgnprob[1:i - 1]) = 0.19191327278054499
10368/16384
mean(sgnprob[1:i - 1]) = 0.19552425967010706
10496/16384
mean(sgnprob[1:i - 1]) = 0.1971414959504526
10624/16384
mean(sgnprob[1:i - 1]) = 0.1910006589475666
10752/16384
mean(sgnprob[1:i - 1]) = 0.19300530183238768
10880/16384
mean(sgnprob[1:i - 1]) = 0.18650611269418146
11008/16384
mean(sgnprob[1:i - 1]) = 0.18978831652584718
11136/16384
mean(sgnprob[1:i - 1]) = 0.19245621912887292
11264/16384
mean(sgnprob[1:i - 1]) = 0.195418627363935
11392/16384
mean(sgnprob[1:i - 1]) = 0.19743657273285928
11520/16384
mean(sgnprob[1:i - 1]) = 0.19975692334404027
11648/16384
mean(sgnprob[1:i - 1]) = 0.19189490856014424
11776/16384
mean(sgnprob[1:i - 1]) = 0.1940552016985138
11904/16384
mean(sgnprob[1:i - 1]) = 0.19549693354616482
12032/16384
mean(sgnprob[1:i - 1]) = 0.196243038816391
12160/16384
mean(sgnprob[1:i - 1]) = 0.19976971790443293
12288/16384
mean(sgnprob[1:i - 1]) = 0.19427036705461057
12416/16384
mean(sgnprob[1:i - 1]) = 0.19581151832460733
12544/16384
mean(sgnprob[1:i - 1]) = 0.19811847245475564
12672/16384
mean(sgnprob[1:i - 1]) = 0.192644621576829
12800/16384
mean(sgnprob[1:i - 1]) = 0.19399953121337604
12928/16384
mean(sgnprob[1:i - 1]) = 0.19594646863154638
13056/16384
mean(sgnprob[1:i - 1]) = 0.1970892378399081
13184/16384
mean(sgnprob[1:i - 1]) = 0.19047257832056436
13312/16384
mean(sgnprob[1:i - 1]) = 0.19314852377732702
13440/16384
mean(sgnprob[1:i - 1]) = 0.19517821266463278
13568/16384
mean(sgnprob[1:i - 1]) = 0.1967273531362866
13696/16384
mean(sgnprob[1:i - 1]) = 0.1995618838992333
13824/16384
mean(sgnprob[1:i - 1]) = 0.1942414815886566
13952/16384
mean(sgnprob[1:i - 1]) = 0.18887534943731632
14080/16384
mean(sgnprob[1:i - 1]) = 0.18957312309112864
14208/16384
mean(sgnprob[1:i - 1]) = 0.1849088477511086
14336/16384
mean(sgnprob[1:i - 1]) = 0.1870247645622602
14464/16384
mean(sgnprob[1:i - 1]) = 0.19076263569107377
14592/16384
mean(sgnprob[1:i - 1]) = 0.1863477486121582
14720/16384
mean(sgnprob[1:i - 1]) = 0.18785243562742035
14848/16384
mean(sgnprob[1:i - 1]) = 0.19013942210547585
14976/16384
mean(sgnprob[1:i - 1]) = 0.1845075125208681
15104/16384
mean(sgnprob[1:i - 1]) = 0.18069257763358273
15232/16384
mean(sgnprob[1:i - 1]) = 0.18206289803689843
15360/16384
mean(sgnprob[1:i - 1]) = 0.18458232957874862
15488/16384
mean(sgnprob[1:i - 1]) = 0.17931168076451218
15616/16384
mean(sgnprob[1:i - 1]) = 0.17515209734229908
15744/16384
mean(sgnprob[1:i - 1]) = 0.176268817887315
15872/16384
mean(sgnprob[1:i - 1]) = 0.17169680549429778
16000/16384
mean(sgnprob[1:i - 1]) = 0.17407337958622415
16128/16384
mean(sgnprob[1:i - 1]) = 0.17628821231475167
16256/16384
mean(sgnprob[1:i - 1]) = 0.17760689018763456
16384/16384
mean(sgnprob[1:i - 1]) = 0.1732893853384606
733.384905 seconds (167.11 M allocations: 70.745 GiB, 1.39% gc time, 1.22% compilation time)
