## SLURM PROLOG ###############################################################
##    Job ID : 5955290
##  Job Name : etgent_N(1,3)_seed1255
##  Nodelist : node1746
##      CPUs : 8
##  Mem/Node : 2048 MB
## Directory : /oscar/home/trazzaz/AFQMC
##   Job Started : Mon Nov 11 10:24:52 PM EST 2024
###############################################################################
U = 2.0
seed = 1255
λₖ = 0.0
Warming up
128/512
256/512
384/512
512/512
Measuring
128/1024
256/1024
384/1024
512/1024
640/1024
768/1024
896/1024
1024/1024
128.054109 seconds (80.56 M allocations: 16.970 GiB, 3.07% gc time, 8.97% compilation time)
λₖ = 0.2
Warming up
128/512
256/512
384/512
512/512
Measuring
128/1024
256/1024
384/1024
512/1024
640/1024
768/1024
896/1024
1024/1024
109.892285 seconds (76.83 M allocations: 16.806 GiB, 3.20% gc time, 0.11% compilation time)
λₖ = 0.4
Warming up
128/512
256/512
384/512
512/512
Measuring
128/1024
256/1024
384/1024
512/1024
640/1024
768/1024
896/1024
1024/1024
107.170830 seconds (76.82 M allocations: 16.805 GiB, 3.02% gc time)
λₖ = 0.6
Warming up
128/512
256/512
384/512
512/512
Measuring
128/1024
256/1024
384/1024
512/1024
640/1024
768/1024
896/1024
1024/1024
110.552020 seconds (76.82 M allocations: 16.805 GiB, 2.78% gc time)
λₖ = 0.8
Warming up
128/512
256/512
384/512
512/512
Measuring
128/1024
256/1024
384/1024
512/1024
640/1024
768/1024
896/1024
1024/1024
113.851109 seconds (76.82 M allocations: 16.805 GiB, 2.56% gc time)
