## SLURM PROLOG ###############################################################
##    Job ID : 5955291
##  Job Name : etgent_N(1,3)_seed1256
##  Nodelist : node1748
##      CPUs : 8
##  Mem/Node : 2048 MB
## Directory : /oscar/home/trazzaz/AFQMC
##   Job Started : Mon Nov 11 10:24:52 PM EST 2024
###############################################################################
U = 2.0
seed = 1256
λₖ = 0.0
Warming up
128/512
256/512
384/512
512/512
Measuring
128/1024
256/1024
384/1024
512/1024
640/1024
768/1024
896/1024
1024/1024
117.503162 seconds (80.56 M allocations: 16.970 GiB, 3.18% gc time, 8.77% compilation time)
λₖ = 0.2
Warming up
128/512
256/512
384/512
512/512
Measuring
128/1024
256/1024
384/1024
512/1024
640/1024
768/1024
896/1024
1024/1024
124.228528 seconds (76.83 M allocations: 16.806 GiB, 2.85% gc time, 0.09% compilation time)
λₖ = 0.4
Warming up
128/512
256/512
384/512
512/512
Measuring
128/1024
256/1024
384/1024
512/1024
640/1024
768/1024
896/1024
1024/1024
124.158567 seconds (76.82 M allocations: 16.805 GiB, 2.66% gc time)
λₖ = 0.6
Warming up
128/512
256/512
384/512
512/512
Measuring
128/1024
256/1024
384/1024
512/1024
640/1024
768/1024
896/1024
1024/1024
106.980384 seconds (76.82 M allocations: 16.805 GiB, 2.91% gc time)
λₖ = 0.8
Warming up
128/512
256/512
384/512
512/512
Measuring
128/1024
256/1024
384/1024
512/1024
640/1024
768/1024
896/1024
1024/1024
108.075393 seconds (76.82 M allocations: 16.805 GiB, 2.71% gc time)
