## SLURM PROLOG ###############################################################
##    Job ID : 5955279
##  Job Name : etgent_N(1,3)_seed1244
##  Nodelist : node1734
##      CPUs : 8
##  Mem/Node : 2048 MB
## Directory : /oscar/home/trazzaz/AFQMC
##   Job Started : Mon Nov 11 10:14:53 PM EST 2024
###############################################################################
U = 2.0
seed = 1244
λₖ = 0.0
Warming up
128/512
256/512
384/512
512/512
Measuring
128/1024
256/1024
384/1024
512/1024
640/1024
768/1024
896/1024
1024/1024
122.201518 seconds (80.56 M allocations: 16.970 GiB, 3.84% gc time, 9.68% compilation time)
λₖ = 0.2
Warming up
128/512
256/512
384/512
512/512
Measuring
128/1024
256/1024
384/1024
512/1024
640/1024
768/1024
896/1024
1024/1024
110.635945 seconds (76.83 M allocations: 16.806 GiB, 3.87% gc time, 0.10% compilation time)
λₖ = 0.4
Warming up
128/512
256/512
384/512
512/512
Measuring
128/1024
256/1024
384/1024
512/1024
640/1024
768/1024
896/1024
1024/1024
110.268270 seconds (76.82 M allocations: 16.805 GiB, 3.77% gc time)
λₖ = 0.6
Warming up
128/512
256/512
384/512
512/512
Measuring
128/1024
256/1024
384/1024
512/1024
640/1024
768/1024
896/1024
1024/1024
110.002127 seconds (76.82 M allocations: 16.805 GiB, 3.51% gc time)
λₖ = 0.8
Warming up
128/512
256/512
384/512
512/512
Measuring
128/1024
256/1024
384/1024
512/1024
640/1024
768/1024
896/1024
1024/1024
115.023017 seconds (76.82 M allocations: 16.805 GiB, 3.36% gc time)
