## SLURM PROLOG ###############################################################
##    Job ID : 5896895
##  Job Name : etgent_2x2_seed1239
##  Nodelist : node1711
##      CPUs : 8
##  Mem/Node : 2048 MB
## Directory : /oscar/home/trazzaz/AFQMC
##   Job Started : Sun Nov 10 05:33:02 PM EST 2024
###############################################################################
U = 2.0
seed = 1239
λₖ = 0.0
Warming up
128/512
256/512
384/512
512/512
Measuring
128/1024
256/1024
384/1024
512/1024
640/1024
768/1024
896/1024
1024/1024
370.633361 seconds (210.26 M allocations: 1.099 TiB, 11.69% gc time, 1.96% compilation time)
λₖ = 0.2
Warming up
128/512
256/512
384/512
512/512
Measuring
128/1024
256/1024
384/1024
512/1024
640/1024
768/1024
896/1024
1024/1024
239.882143 seconds (208.41 M allocations: 1.099 TiB, 12.03% gc time, 0.03% compilation time)
λₖ = 0.4
Warming up
128/512
256/512
384/512
512/512
Measuring
128/1024
256/1024
384/1024
512/1024
640/1024
768/1024
896/1024
1024/1024
228.897672 seconds (208.41 M allocations: 1.099 TiB, 12.06% gc time)
λₖ = 0.6
Warming up
128/512
256/512
384/512
512/512
Measuring
128/1024
256/1024
384/1024
512/1024
640/1024
768/1024
896/1024
1024/1024
207.319301 seconds (208.41 M allocations: 1.099 TiB, 12.39% gc time)
λₖ = 0.8
Warming up
128/512
256/512
384/512
512/512
Measuring
128/1024
256/1024
384/1024
512/1024
640/1024
768/1024
896/1024
1024/1024
174.390935 seconds (208.41 M allocations: 1.099 TiB, 12.69% gc time)
