## SLURM PROLOG ###############################################################
##    Job ID : 5902775
##  Job Name : etgent_N2_seed1263
##  Nodelist : node1713
##      CPUs : 8
##  Mem/Node : 2048 MB
## Directory : /oscar/home/trazzaz/AFQMC
##   Job Started : Mon Nov 11 01:34:19 AM EST 2024
###############################################################################
U = 2.0
seed = 1263
λₖ = 0.0
Warming up
128/512
256/512
384/512
512/512
Measuring
128/1024
256/1024
384/1024
512/1024
640/1024
768/1024
896/1024
1024/1024
348.935202 seconds (203.81 M allocations: 1.089 TiB, 18.53% gc time, 2.11% compilation time)
λₖ = 0.2
Warming up
128/512
256/512
384/512
512/512
Measuring
128/1024
256/1024
384/1024
512/1024
640/1024
768/1024
896/1024
1024/1024
295.722645 seconds (201.96 M allocations: 1.089 TiB, 19.43% gc time, 0.02% compilation time)
λₖ = 0.4
Warming up
128/512
256/512
384/512
512/512
Measuring
128/1024
256/1024
384/1024
512/1024
640/1024
768/1024
896/1024
1024/1024
218.321155 seconds (201.96 M allocations: 1.089 TiB, 20.82% gc time)
λₖ = 0.6
Warming up
128/512
256/512
384/512
512/512
Measuring
128/1024
256/1024
384/1024
512/1024
640/1024
768/1024
896/1024
1024/1024
219.383713 seconds (201.96 M allocations: 1.089 TiB, 20.78% gc time)
λₖ = 0.8
Warming up
128/512
256/512
384/512
512/512
Measuring
128/1024
256/1024
384/1024
512/1024
640/1024
768/1024
896/1024
1024/1024
230.659024 seconds (201.96 M allocations: 1.089 TiB, 22.26% gc time)
