## SLURM PROLOG ###############################################################
##    Job ID : 7671131
##  Job Name : sbatch_etgent.sh
##  Nodelist : node1745
##      CPUs : 8
##  Mem/Node : 4096 MB
## Directory : /oscar/home/trazzaz/AFQMC
##   Job Started : Sun Jan 19 03:19:37 AM EST 2025
###############################################################################
seed = 1241
U = 2.0
β = 6.0
Warming up
128/1024
256/1024
384/1024
512/1024
640/1024
768/1024
896/1024
1024/1024
Measuring
128/16384
mean(sgnprob[1:i - 1]) = 0.1968503937007874
256/16384
mean(sgnprob[1:i - 1]) = 0.2549019607843137
384/16384
mean(sgnprob[1:i - 1]) = 0.30548302872062666
512/16384
mean(sgnprob[1:i - 1]) = 0.29549902152641877
640/16384
mean(sgnprob[1:i - 1]) = 0.2644757433489828
768/16384
mean(sgnprob[1:i - 1]) = 0.1864406779661017
896/16384
mean(sgnprob[1:i - 1]) = 0.15083798882681565
1024/16384
mean(sgnprob[1:i - 1]) = 0.1710654936461388
1152/16384
mean(sgnprob[1:i - 1]) = 0.13119026933101652
1280/16384
mean(sgnprob[1:i - 1]) = 0.1493354182955434
1408/16384
mean(sgnprob[1:i - 1]) = 0.1499644633972992
1536/16384
mean(sgnprob[1:i - 1]) = 0.16221498371335505
1664/16384
mean(sgnprob[1:i - 1]) = 0.1280817799158148
1792/16384
mean(sgnprob[1:i - 1]) = 0.14014517029592408
1920/16384
mean(sgnprob[1:i - 1]) = 0.1495570609692548
2048/16384
mean(sgnprob[1:i - 1]) = 0.1519296531509526
2176/16384
mean(sgnprob[1:i - 1]) = 0.1567816091954023
2304/16384
mean(sgnprob[1:i - 1]) = 0.16630481980026052
2432/16384
mean(sgnprob[1:i - 1]) = 0.14356232003290828
2560/16384
mean(sgnprob[1:i - 1]) = 0.1488862837045721
2688/16384
mean(sgnprob[1:i - 1]) = 0.14849274283587643
2816/16384
mean(sgnprob[1:i - 1]) = 0.15239786856127888
2944/16384
mean(sgnprob[1:i - 1]) = 0.1437308868501529
3072/16384
mean(sgnprob[1:i - 1]) = 0.12927385216541842
3200/16384
mean(sgnprob[1:i - 1]) = 0.11097217880587684
3328/16384
mean(sgnprob[1:i - 1]) = 0.11872557859933874
3456/16384
mean(sgnprob[1:i - 1]) = 0.12416787264833574
3584/16384
mean(sgnprob[1:i - 1]) = 0.13089589729277143
3712/16384
mean(sgnprob[1:i - 1]) = 0.12153058474804634
3840/16384
mean(sgnprob[1:i - 1]) = 0.105496222974733
3968/16384
mean(sgnprob[1:i - 1]) = 0.10864633224098816
4096/16384
mean(sgnprob[1:i - 1]) = 0.1203907203907204
4224/16384
mean(sgnprob[1:i - 1]) = 0.12431920435709211
4352/16384
mean(sgnprob[1:i - 1]) = 0.12939554125488392
4480/16384
mean(sgnprob[1:i - 1]) = 0.12301853092208082
4608/16384
mean(sgnprob[1:i - 1]) = 0.11135228999348817
4736/16384
mean(sgnprob[1:i - 1]) = 0.10285110876451954
4864/16384
mean(sgnprob[1:i - 1]) = 0.09767633148262389
4992/16384
mean(sgnprob[1:i - 1]) = 0.10158284912843117
5120/16384
mean(sgnprob[1:i - 1]) = 0.1017776909552647
5248/16384
mean(sgnprob[1:i - 1]) = 0.10463121783876501
5376/16384
mean(sgnprob[1:i - 1]) = 0.104
5504/16384
mean(sgnprob[1:i - 1]) = 0.10994003270943122
5632/16384
mean(sgnprob[1:i - 1]) = 0.10175812466702185
5760/16384
mean(sgnprob[1:i - 1]) = 0.10678937315506164
5888/16384
mean(sgnprob[1:i - 1]) = 0.10242908102598947
6016/16384
mean(sgnprob[1:i - 1]) = 0.09758935993349958
6144/16384
mean(sgnprob[1:i - 1]) = 0.09848608171902978
6272/16384
mean(sgnprob[1:i - 1]) = 0.10157869558284165
6400/16384
mean(sgnprob[1:i - 1]) = 0.10110954836693234
6528/16384
mean(sgnprob[1:i - 1]) = 0.10801286961850774
6656/16384
mean(sgnprob[1:i - 1]) = 0.09992486851990984
6784/16384
mean(sgnprob[1:i - 1]) = 0.10187232787851982
6912/16384
mean(sgnprob[1:i - 1]) = 0.09651280567211691
7040/16384
mean(sgnprob[1:i - 1]) = 0.0930529904816025
7168/16384
mean(sgnprob[1:i - 1]) = 0.08580996232733361
7296/16384
mean(sgnprob[1:i - 1]) = 0.07991775188485264
7424/16384
mean(sgnprob[1:i - 1]) = 0.07342044995284926
7552/16384
mean(sgnprob[1:i - 1]) = 0.07561912329492783
7680/16384
mean(sgnprob[1:i - 1]) = 0.07670269566349786
7808/16384
mean(sgnprob[1:i - 1]) = 0.07851927757141028
7936/16384
mean(sgnprob[1:i - 1]) = 0.07548834278512917
8064/16384
mean(sgnprob[1:i - 1]) = 0.07007317375666626
8192/16384
mean(sgnprob[1:i - 1]) = 0.07434989622756684
8320/16384
mean(sgnprob[1:i - 1]) = 0.07080177905998317
8448/16384
mean(sgnprob[1:i - 1]) = 0.07138629099088434
8576/16384
mean(sgnprob[1:i - 1]) = 0.0733527696793003
8704/16384
mean(sgnprob[1:i - 1]) = 0.06997587038952086
8832/16384
mean(sgnprob[1:i - 1]) = 0.07213226135205526
8960/16384
mean(sgnprob[1:i - 1]) = 0.06641366223908918
9088/16384
mean(sgnprob[1:i - 1]) = 0.06723891273247497
9216/16384
mean(sgnprob[1:i - 1]) = 0.06869234943027672
9344/16384
mean(sgnprob[1:i - 1]) = 0.063684041528417
9472/16384
mean(sgnprob[1:i - 1]) = 0.059233449477351915
9600/16384
mean(sgnprob[1:i - 1]) = 0.06198562350244817
9728/16384
mean(sgnprob[1:i - 1]) = 0.06466536444947055
9856/16384
mean(sgnprob[1:i - 1]) = 0.06747843734145104
9984/16384
mean(sgnprob[1:i - 1]) = 0.06400881498547531
10112/16384
mean(sgnprob[1:i - 1]) = 0.06082484422905746
10240/16384
mean(sgnprob[1:i - 1]) = 0.06221310674870593
10368/16384
mean(sgnprob[1:i - 1]) = 0.06568920613485096
10496/16384
mean(sgnprob[1:i - 1]) = 0.06260123868508814
10624/16384
mean(sgnprob[1:i - 1]) = 0.06693024569330698
10752/16384
mean(sgnprob[1:i - 1]) = 0.06408706166868199
10880/16384
mean(sgnprob[1:i - 1]) = 0.0648037503447008
11008/16384
mean(sgnprob[1:i - 1]) = 0.06768420096302354
11136/16384
mean(sgnprob[1:i - 1]) = 0.07013920071845532
11264/16384
mean(sgnprob[1:i - 1]) = 0.06738879517002574
11392/16384
mean(sgnprob[1:i - 1]) = 0.06364673865332279
11520/16384
mean(sgnprob[1:i - 1]) = 0.06484937928639639
11648/16384
mean(sgnprob[1:i - 1]) = 0.06636902206576802
11776/16384
mean(sgnprob[1:i - 1]) = 0.06717622080679406
11904/16384
mean(sgnprob[1:i - 1]) = 0.06914223305049147
12032/16384
mean(sgnprob[1:i - 1]) = 0.06391821128750727
12160/16384
mean(sgnprob[1:i - 1]) = 0.06587712805329386
12288/16384
mean(sgnprob[1:i - 1]) = 0.06649304142589729
12416/16384
mean(sgnprob[1:i - 1]) = 0.06339105920257752
12544/16384
mean(sgnprob[1:i - 1]) = 0.06035238778601611
12672/16384
mean(sgnprob[1:i - 1]) = 0.05911135664114908
12800/16384
mean(sgnprob[1:i - 1]) = 0.060864130010157044
12928/16384
mean(sgnprob[1:i - 1]) = 0.062427477372940354
13056/16384
mean(sgnprob[1:i - 1]) = 0.059670624281884334
13184/16384
mean(sgnprob[1:i - 1]) = 0.06121520139573693
13312/16384
mean(sgnprob[1:i - 1]) = 0.0591240327548644
13440/16384
mean(sgnprob[1:i - 1]) = 0.05632859587766947
13568/16384
mean(sgnprob[1:i - 1]) = 0.05904031841969485
13696/16384
mean(sgnprob[1:i - 1]) = 0.05556772544724352
13824/16384
mean(sgnprob[1:i - 1]) = 0.05722346813282211
13952/16384
mean(sgnprob[1:i - 1]) = 0.054261343272883664
14080/16384
mean(sgnprob[1:i - 1]) = 0.051495134597627674
14208/16384
mean(sgnprob[1:i - 1]) = 0.05328359259519955
14336/16384
mean(sgnprob[1:i - 1]) = 0.05490059295430764
14464/16384
mean(sgnprob[1:i - 1]) = 0.05773352693078891
14592/16384
mean(sgnprob[1:i - 1]) = 0.05448564183400727
14720/16384
mean(sgnprob[1:i - 1]) = 0.05088660914464298
14848/16384
mean(sgnprob[1:i - 1]) = 0.05112143867447969
14976/16384
mean(sgnprob[1:i - 1]) = 0.04948247078464107
15104/16384
mean(sgnprob[1:i - 1]) = 0.04800370787260809
15232/16384
mean(sgnprob[1:i - 1]) = 0.044974066049504303
15360/16384
mean(sgnprob[1:i - 1]) = 0.04134383748941988
15488/16384
mean(sgnprob[1:i - 1]) = 0.043068379931555496
15616/16384
mean(sgnprob[1:i - 1]) = 0.04527697726544989
15744/16384
mean(sgnprob[1:i - 1]) = 0.04363844248237312
15872/16384
mean(sgnprob[1:i - 1]) = 0.04127024132064772
16000/16384
mean(sgnprob[1:i - 1]) = 0.04281517594849678
16128/16384
mean(sgnprob[1:i - 1]) = 0.03912692999317914
16256/16384
mean(sgnprob[1:i - 1]) = 0.036973239003383576
16384/16384
mean(sgnprob[1:i - 1]) = 0.03888176768601599
762.249916 seconds (167.10 M allocations: 70.745 GiB, 2.13% gc time, 1.33% compilation time)
