## SLURM PROLOG ###############################################################
##    Job ID : 8833886
##  Job Name : sbatch_etgent.sh
##  Nodelist : node1736
##      CPUs : 8
##  Mem/Node : 4096 MB
## Directory : /oscar/home/trazzaz/AFQMC
##   Job Started : Fri Feb 28 01:00:43 AM EST 2025
###############################################################################
seed = 1440
U = 2.0
β = 6.0
Warming up
128/1024
256/1024
384/1024
512/1024
640/1024
768/1024
896/1024
1024/1024
Measuring
128/16384
mean(sgnprob[1:i - 1]) = 0.5433070866141733
256/16384
mean(sgnprob[1:i - 1]) = 0.043137254901960784
384/16384
mean(sgnprob[1:i - 1]) = 0.206266318537859
512/16384
mean(sgnprob[1:i - 1]) = 0.26810176125244617
640/16384
mean(sgnprob[1:i - 1]) = 0.3302034428794992
768/16384
mean(sgnprob[1:i - 1]) = 0.35071707953063885
896/16384
mean(sgnprob[1:i - 1]) = 0.2201117318435754
1024/16384
mean(sgnprob[1:i - 1]) = 0.2785923753665689
1152/16384
mean(sgnprob[1:i - 1]) = 0.31190269331016507
1280/16384
mean(sgnprob[1:i - 1]) = 0.32603596559812353
1408/16384
mean(sgnprob[1:i - 1]) = 0.24946695095948826
1536/16384
mean(sgnprob[1:i - 1]) = 0.19478827361563517
1664/16384
mean(sgnprob[1:i - 1]) = 0.2242934455802766
1792/16384
mean(sgnprob[1:i - 1]) = 0.24288107202680068
1920/16384
mean(sgnprob[1:i - 1]) = 0.2610734757686295
2048/16384
mean(sgnprob[1:i - 1]) = 0.27601367855398146
2176/16384
mean(sgnprob[1:i - 1]) = 0.2947126436781609
2304/16384
mean(sgnprob[1:i - 1]) = 0.31046461137646547
2432/16384
mean(sgnprob[1:i - 1]) = 0.31797614150555326
2560/16384
mean(sgnprob[1:i - 1]) = 0.32942555685814773
2688/16384
mean(sgnprob[1:i - 1]) = 0.34201711946408636
2816/16384
mean(sgnprob[1:i - 1]) = 0.3477797513321492
2944/16384
mean(sgnprob[1:i - 1]) = 0.35847774379884473
3072/16384
mean(sgnprob[1:i - 1]) = 0.3676326929338978
3200/16384
mean(sgnprob[1:i - 1]) = 0.37105345420443886
3328/16384
mean(sgnprob[1:i - 1]) = 0.37962128043282234
3456/16384
mean(sgnprob[1:i - 1]) = 0.3898697539797395
3584/16384
mean(sgnprob[1:i - 1]) = 0.39603684063633826
3712/16384
mean(sgnprob[1:i - 1]) = 0.3656696308272703
3840/16384
mean(sgnprob[1:i - 1]) = 0.37014847616566815
3968/16384
mean(sgnprob[1:i - 1]) = 0.37685908747164104
4096/16384
mean(sgnprob[1:i - 1]) = 0.3465201465201465
4224/16384
mean(sgnprob[1:i - 1]) = 0.3492777646223064
4352/16384
mean(sgnprob[1:i - 1]) = 0.3555504481728338
4480/16384
mean(sgnprob[1:i - 1]) = 0.362357669122572
4608/16384
mean(sgnprob[1:i - 1]) = 0.3388322118515303
4736/16384
mean(sgnprob[1:i - 1]) = 0.3457233368532207
4864/16384
mean(sgnprob[1:i - 1]) = 0.34855027760641577
4992/16384
mean(sgnprob[1:i - 1]) = 0.3516329392907233
5120/16384
mean(sgnprob[1:i - 1]) = 0.32682164485251025
5248/16384
mean(sgnprob[1:i - 1]) = 0.3306651419858967
5376/16384
mean(sgnprob[1:i - 1]) = 0.31088372093023253
5504/16384
mean(sgnprob[1:i - 1]) = 0.317099763765219
5632/16384
mean(sgnprob[1:i - 1]) = 0.32019179541822057
5760/16384
mean(sgnprob[1:i - 1]) = 0.3016148636916131
5888/16384
mean(sgnprob[1:i - 1]) = 0.3059283166298624
6016/16384
mean(sgnprob[1:i - 1]) = 0.2884455527847049
6144/16384
mean(sgnprob[1:i - 1]) = 0.29383037603776657
6272/16384
mean(sgnprob[1:i - 1]) = 0.2986764471376176
6400/16384
mean(sgnprob[1:i - 1]) = 0.2814502265979059
6528/16384
mean(sgnprob[1:i - 1]) = 0.2648996476175885
6656/16384
mean(sgnprob[1:i - 1]) = 0.2694214876033058
6784/16384
mean(sgnprob[1:i - 1]) = 0.272593247825446
6912/16384
mean(sgnprob[1:i - 1]) = 0.2551005643177543
7040/16384
mean(sgnprob[1:i - 1]) = 0.23966472510299758
7168/16384
mean(sgnprob[1:i - 1]) = 0.24459327473140785
7296/16384
mean(sgnprob[1:i - 1]) = 0.2498971898560658
7424/16384
mean(sgnprob[1:i - 1]) = 0.2555570524046881
7552/16384
mean(sgnprob[1:i - 1]) = 0.25837637399019997
7680/16384
mean(sgnprob[1:i - 1]) = 0.2608412553717932
7808/16384
mean(sgnprob[1:i - 1]) = 0.24734212885871654
7936/16384
mean(sgnprob[1:i - 1]) = 0.25293005671077506
8064/16384
mean(sgnprob[1:i - 1]) = 0.25710033486295425
8192/16384
mean(sgnprob[1:i - 1]) = 0.2618727872054694
8320/16384
mean(sgnprob[1:i - 1]) = 0.26433465560764513
8448/16384
mean(sgnprob[1:i - 1]) = 0.26837930626257844
8576/16384
mean(sgnprob[1:i - 1]) = 0.27230320699708455
8704/16384
mean(sgnprob[1:i - 1]) = 0.27542226818338506
8832/16384
mean(sgnprob[1:i - 1]) = 0.2637300418978598
8960/16384
mean(sgnprob[1:i - 1]) = 0.2675521821631879
9088/16384
mean(sgnprob[1:i - 1]) = 0.2719269285792891
9216/16384
mean(sgnprob[1:i - 1]) = 0.2594682582745524
9344/16384
mean(sgnprob[1:i - 1]) = 0.26126511827036286
9472/16384
mean(sgnprob[1:i - 1]) = 0.2649139478407771
9600/16384
mean(sgnprob[1:i - 1]) = 0.268257110115637
9728/16384
mean(sgnprob[1:i - 1]) = 0.2696617662177444
9856/16384
mean(sgnprob[1:i - 1]) = 0.2710299340436327
9984/16384
mean(sgnprob[1:i - 1]) = 0.2603425823900631
10112/16384
mean(sgnprob[1:i - 1]) = 0.24992582336069627
10240/16384
mean(sgnprob[1:i - 1]) = 0.2538333821662272
10368/16384
mean(sgnprob[1:i - 1]) = 0.2582232082569692
10496/16384
mean(sgnprob[1:i - 1]) = 0.26422105764649834
10624/16384
mean(sgnprob[1:i - 1]) = 0.2653675986067966
10752/16384
mean(sgnprob[1:i - 1]) = 0.26834713049948844
10880/16384
mean(sgnprob[1:i - 1]) = 0.27217575144774336
11008/16384
mean(sgnprob[1:i - 1]) = 0.27500681384573455
11136/16384
mean(sgnprob[1:i - 1]) = 0.27723394701392007
11264/16384
mean(sgnprob[1:i - 1]) = 0.2802983219390926
11392/16384
mean(sgnprob[1:i - 1]) = 0.28259151962075324
11520/16384
mean(sgnprob[1:i - 1]) = 0.28552825766125534
11648/16384
mean(sgnprob[1:i - 1]) = 0.28788529234996135
11776/16384
mean(sgnprob[1:i - 1]) = 0.28900212314225054
11904/16384
mean(sgnprob[1:i - 1]) = 0.29211123246240445
12032/16384
mean(sgnprob[1:i - 1]) = 0.2939905244784307
12160/16384
mean(sgnprob[1:i - 1]) = 0.2961592236203635
12288/16384
mean(sgnprob[1:i - 1]) = 0.29844551151623666
12416/16384
mean(sgnprob[1:i - 1]) = 0.30245670559806687
12544/16384
mean(sgnprob[1:i - 1]) = 0.3054293231284382
12672/16384
mean(sgnprob[1:i - 1]) = 0.30818404230131796
12800/16384
mean(sgnprob[1:i - 1]) = 0.29791389952340025
12928/16384
mean(sgnprob[1:i - 1]) = 0.3003790515974317
13056/16384
mean(sgnprob[1:i - 1]) = 0.3024894676369207
13184/16384
mean(sgnprob[1:i - 1]) = 0.3044071910794205
13312/16384
mean(sgnprob[1:i - 1]) = 0.2954699121027721
13440/16384
mean(sgnprob[1:i - 1]) = 0.29831088622665375
13568/16384
mean(sgnprob[1:i - 1]) = 0.2897471806589519
13696/16384
mean(sgnprob[1:i - 1]) = 0.2806133625410734
13824/16384
mean(sgnprob[1:i - 1]) = 0.28351298560370397
13952/16384
mean(sgnprob[1:i - 1]) = 0.28607268296179483
14080/16384
mean(sgnprob[1:i - 1]) = 0.27750550465231905
14208/16384
mean(sgnprob[1:i - 1]) = 0.279791652002534
14336/16384
mean(sgnprob[1:i - 1]) = 0.2817579351238228
14464/16384
mean(sgnprob[1:i - 1]) = 0.28534882112977944
14592/16384
mean(sgnprob[1:i - 1]) = 0.2879172092385717
14720/16384
mean(sgnprob[1:i - 1]) = 0.28092941096541885
14848/16384
mean(sgnprob[1:i - 1]) = 0.2834916144675692
14976/16384
mean(sgnprob[1:i - 1]) = 0.2856093489148581
15104/16384
mean(sgnprob[1:i - 1]) = 0.278686353704562
15232/16384
mean(sgnprob[1:i - 1]) = 0.28054625434968156
15360/16384
mean(sgnprob[1:i - 1]) = 0.28250537144345333
15488/16384
mean(sgnprob[1:i - 1]) = 0.2850778071931297
15616/16384
mean(sgnprob[1:i - 1]) = 0.27838616714697406
15744/16384
mean(sgnprob[1:i - 1]) = 0.28056914184081816
15872/16384
mean(sgnprob[1:i - 1]) = 0.28082666498645326
16000/16384
mean(sgnprob[1:i - 1]) = 0.2740796299768736
16128/16384
mean(sgnprob[1:i - 1]) = 0.27674086934953807
16256/16384
mean(sgnprob[1:i - 1]) = 0.27025530605967396
16384/16384
mean(sgnprob[1:i - 1]) = 0.27217237380211196
741.695902 seconds (167.11 M allocations: 70.745 GiB, 1.41% gc time, 1.22% compilation time)
