## SLURM PROLOG ###############################################################
##    Job ID : 5955257
##  Job Name : etgent_N(1,2)_seed1256
##  Nodelist : node1750
##      CPUs : 8
##  Mem/Node : 2048 MB
## Directory : /oscar/home/trazzaz/AFQMC
##   Job Started : Mon Nov 11 09:44:53 PM EST 2024
###############################################################################
U = 2.0
seed = 1256
λₖ = 0.0
Warming up
128/512
256/512
384/512
512/512
Measuring
128/1024
256/1024
384/1024
512/1024
640/1024
768/1024
896/1024
1024/1024
117.850257 seconds (80.56 M allocations: 16.970 GiB, 3.34% gc time, 8.63% compilation time)
λₖ = 0.2
Warming up
128/512
256/512
384/512
512/512
Measuring
128/1024
256/1024
384/1024
512/1024
640/1024
768/1024
896/1024
1024/1024
112.236079 seconds (76.83 M allocations: 16.806 GiB, 3.37% gc time, 0.10% compilation time)
λₖ = 0.4
Warming up
128/512
256/512
384/512
512/512
Measuring
128/1024
256/1024
384/1024
512/1024
640/1024
768/1024
896/1024
1024/1024
107.411668 seconds (76.82 M allocations: 16.805 GiB, 3.28% gc time)
λₖ = 0.6
Warming up
128/512
256/512
384/512
512/512
Measuring
128/1024
256/1024
384/1024
512/1024
640/1024
768/1024
896/1024
1024/1024
107.584256 seconds (76.82 M allocations: 16.805 GiB, 3.08% gc time)
λₖ = 0.8
Warming up
128/512
256/512
384/512
512/512
Measuring
128/1024
256/1024
384/1024
512/1024
640/1024
768/1024
896/1024
1024/1024
106.598690 seconds (76.82 M allocations: 16.805 GiB, 2.94% gc time)
