## SLURM PROLOG ###############################################################
##    Job ID : 5960433
##  Job Name : etgent_N(1,2)_seed1259
##  Nodelist : node1748
##      CPUs : 8
##  Mem/Node : 2048 MB
## Directory : /oscar/home/trazzaz/AFQMC
##   Job Started : Tue Nov 12 01:11:56 AM EST 2024
###############################################################################
U = 2.0
seed = 1259
λₖ = 0.0
Warming up
128/512
256/512
384/512
512/512
Measuring
128/1024
256/1024
384/1024
512/1024
640/1024
768/1024
896/1024
1024/1024
111.380050 seconds (80.56 M allocations: 13.061 GiB, 3.14% gc time, 8.66% compilation time)
λₖ = 0.2
Warming up
128/512
256/512
384/512
512/512
Measuring
128/1024
256/1024
384/1024
512/1024
640/1024
768/1024
896/1024
1024/1024
102.840563 seconds (76.83 M allocations: 12.896 GiB, 3.29% gc time, 0.07% compilation time)
λₖ = 0.4
Warming up
128/512
256/512
384/512
512/512
Measuring
128/1024
256/1024
384/1024
512/1024
640/1024
768/1024
896/1024
1024/1024
105.118015 seconds (76.82 M allocations: 12.896 GiB, 3.20% gc time)
λₖ = 0.6
Warming up
128/512
256/512
384/512
512/512
Measuring
128/1024
256/1024
384/1024
512/1024
640/1024
768/1024
896/1024
1024/1024
102.988783 seconds (76.82 M allocations: 12.896 GiB, 3.26% gc time)
λₖ = 0.8
Warming up
128/512
256/512
384/512
512/512
Measuring
128/1024
256/1024
384/1024
512/1024
640/1024
768/1024
896/1024
1024/1024
103.593920 seconds (76.82 M allocations: 12.896 GiB, 3.24% gc time)
