## SLURM PROLOG ###############################################################
##    Job ID : 5902768
##  Job Name : etgent_N2_seed1256
##  Nodelist : node1713
##      CPUs : 8
##  Mem/Node : 2048 MB
## Directory : /oscar/home/trazzaz/AFQMC
##   Job Started : Mon Nov 11 01:13:04 AM EST 2024
###############################################################################
U = 2.0
seed = 1256
λₖ = 0.0
Warming up
128/512
256/512
384/512
512/512
Measuring
128/1024
256/1024
384/1024
512/1024
640/1024
768/1024
896/1024
1024/1024
272.960591 seconds (203.81 M allocations: 1.089 TiB, 19.69% gc time, 2.78% compilation time)
λₖ = 0.2
Warming up
128/512
256/512
384/512
512/512
Measuring
128/1024
256/1024
384/1024
512/1024
640/1024
768/1024
896/1024
1024/1024
283.586058 seconds (201.96 M allocations: 1.089 TiB, 19.93% gc time, 0.02% compilation time)
λₖ = 0.4
Warming up
128/512
256/512
384/512
512/512
Measuring
128/1024
256/1024
384/1024
512/1024
640/1024
768/1024
896/1024
1024/1024
222.015340 seconds (201.96 M allocations: 1.089 TiB, 21.29% gc time)
λₖ = 0.6
Warming up
128/512
256/512
384/512
512/512
Measuring
128/1024
256/1024
384/1024
512/1024
640/1024
768/1024
896/1024
1024/1024
222.675067 seconds (201.96 M allocations: 1.089 TiB, 21.19% gc time)
λₖ = 0.8
Warming up
128/512
256/512
384/512
512/512
Measuring
128/1024
256/1024
384/1024
512/1024
640/1024
768/1024
896/1024
1024/1024
220.446787 seconds (201.96 M allocations: 1.089 TiB, 21.24% gc time)
