## SLURM PROLOG ###############################################################
##    Job ID : 7671130
##  Job Name : sbatch_etgent.sh
##  Nodelist : node1745
##      CPUs : 8
##  Mem/Node : 4096 MB
## Directory : /oscar/home/trazzaz/AFQMC
##   Job Started : Sun Jan 19 03:08:03 AM EST 2025
###############################################################################
seed = 1240
U = 2.0
β = 6.0
Warming up
128/1024
256/1024
384/1024
512/1024
640/1024
768/1024
896/1024
1024/1024
Measuring
128/16384
mean(sgnprob[1:i - 1]) = 0.2125984251968504
256/16384
mean(sgnprob[1:i - 1]) = 0.0196078431372549
384/16384
mean(sgnprob[1:i - 1]) = -0.0391644908616188
512/16384
mean(sgnprob[1:i - 1]) = 0.0019569471624266144
640/16384
mean(sgnprob[1:i - 1]) = 0.07981220657276995
768/16384
mean(sgnprob[1:i - 1]) = 0.014341590612777053
896/16384
mean(sgnprob[1:i - 1]) = 0.04357541899441341
1024/16384
mean(sgnprob[1:i - 1]) = -0.01466275659824047
1152/16384
mean(sgnprob[1:i - 1]) = -0.030408340573414423
1280/16384
mean(sgnprob[1:i - 1]) = -0.04925723221266615
1408/16384
mean(sgnprob[1:i - 1]) = -0.00923951670220327
1536/16384
mean(sgnprob[1:i - 1]) = -0.024104234527687295
1664/16384
mean(sgnprob[1:i - 1]) = 0.00661455201443175
1792/16384
mean(sgnprob[1:i - 1]) = 0.02512562814070352
1920/16384
mean(sgnprob[1:i - 1]) = 0.005732152162584679
2048/16384
mean(sgnprob[1:i - 1]) = 0.02882266731802638
2176/16384
mean(sgnprob[1:i - 1]) = 0.04
2304/16384
mean(sgnprob[1:i - 1]) = 0.05254016500217108
2432/16384
mean(sgnprob[1:i - 1]) = 0.06293706293706294
2560/16384
mean(sgnprob[1:i - 1]) = 0.047284095349745994
2688/16384
mean(sgnprob[1:i - 1]) = 0.03461109043542985
2816/16384
mean(sgnprob[1:i - 1]) = 0.03161634103019538
2944/16384
mean(sgnprob[1:i - 1]) = 0.0417940876656473
3072/16384
mean(sgnprob[1:i - 1]) = 0.03028329534353631
3200/16384
mean(sgnprob[1:i - 1]) = 0.03907471084713973
3328/16384
mean(sgnprob[1:i - 1]) = 0.03216110610159303
3456/16384
mean(sgnprob[1:i - 1]) = 0.023444283646888567
3584/16384
mean(sgnprob[1:i - 1]) = 0.030421434552051353
3712/16384
mean(sgnprob[1:i - 1]) = 0.03260576663971975
3840/16384
mean(sgnprob[1:i - 1]) = 0.04245897369106538
3968/16384
mean(sgnprob[1:i - 1]) = 0.03150995714645828
4096/16384
mean(sgnprob[1:i - 1]) = 0.021733821733821733
4224/16384
mean(sgnprob[1:i - 1]) = 0.026284631778356618
4352/16384
mean(sgnprob[1:i - 1]) = 0.03148701447943002
4480/16384
mean(sgnprob[1:i - 1]) = 0.036838580040187544
4608/16384
mean(sgnprob[1:i - 1]) = 0.03972216192750163
4736/16384
mean(sgnprob[1:i - 1]) = 0.044139387539598736
4864/16384
mean(sgnprob[1:i - 1]) = 0.04667900472959079
4992/16384
mean(sgnprob[1:i - 1]) = 0.05149268683630535
5120/16384
mean(sgnprob[1:i - 1]) = 0.05215862473139285
5248/16384
mean(sgnprob[1:i - 1]) = 0.056222603392414715
5376/16384
mean(sgnprob[1:i - 1]) = 0.04967441860465116
5504/16384
mean(sgnprob[1:i - 1]) = 0.0554243140105397
5632/16384
mean(sgnprob[1:i - 1]) = 0.059847274018824365
5760/16384
mean(sgnprob[1:i - 1]) = 0.06337905886438618
5888/16384
mean(sgnprob[1:i - 1]) = 0.06539833531510107
6016/16384
mean(sgnprob[1:i - 1]) = 0.06899418121363259
6144/16384
mean(sgnprob[1:i - 1]) = 0.06462640403711542
6272/16384
mean(sgnprob[1:i - 1]) = 0.06171264551108276
6400/16384
mean(sgnprob[1:i - 1]) = 0.06516643225503985
6528/16384
mean(sgnprob[1:i - 1]) = 0.06817833614217864
6656/16384
mean(sgnprob[1:i - 1]) = 0.07227648384673178
6784/16384
mean(sgnprob[1:i - 1]) = 0.07563025210084033
6912/16384
mean(sgnprob[1:i - 1]) = 0.07770221386195919
7040/16384
mean(sgnprob[1:i - 1]) = 0.08254013354169626
7168/16384
mean(sgnprob[1:i - 1]) = 0.07799637226175526
7296/16384
mean(sgnprob[1:i - 1]) = 0.0818368745716244
7424/16384
mean(sgnprob[1:i - 1]) = 0.08554492792671427
7552/16384
mean(sgnprob[1:i - 1]) = 0.08568401536220369
7680/16384
mean(sgnprob[1:i - 1]) = 0.0790467508790207
7808/16384
mean(sgnprob[1:i - 1]) = 0.07390803125400282
7936/16384
mean(sgnprob[1:i - 1]) = 0.07574039067422811
8064/16384
mean(sgnprob[1:i - 1]) = 0.06908098722559841
8192/16384
mean(sgnprob[1:i - 1]) = 0.07141985105603711
8320/16384
mean(sgnprob[1:i - 1]) = 0.07296550066113716
8448/16384
mean(sgnprob[1:i - 1]) = 0.07233337279507518
8576/16384
mean(sgnprob[1:i - 1]) = 0.07381924198250729
8704/16384
mean(sgnprob[1:i - 1]) = 0.07664023899804664
8832/16384
mean(sgnprob[1:i - 1]) = 0.07937945872494621
8960/16384
mean(sgnprob[1:i - 1]) = 0.08204040629534547
9088/16384
mean(sgnprob[1:i - 1]) = 0.0828656322218554
9216/16384
mean(sgnprob[1:i - 1]) = 0.07845903418339664
9344/16384
mean(sgnprob[1:i - 1]) = 0.07395911377501874
9472/16384
mean(sgnprob[1:i - 1]) = 0.07802766339351705
9600/16384
mean(sgnprob[1:i - 1]) = 0.07448692572142931
9728/16384
mean(sgnprob[1:i - 1]) = 0.07803022514649943
9856/16384
mean(sgnprob[1:i - 1]) = 0.07600202942668696
9984/16384
mean(sgnprob[1:i - 1]) = 0.07342482219773615
10112/16384
mean(sgnprob[1:i - 1]) = 0.07012164968845812
10240/16384
mean(sgnprob[1:i - 1]) = 0.072370348666862
10368/16384
mean(sgnprob[1:i - 1]) = 0.07417767917430308
10496/16384
mean(sgnprob[1:i - 1]) = 0.07898999523582659
10624/16384
mean(sgnprob[1:i - 1]) = 0.07916784335874988
10752/16384
mean(sgnprob[1:i - 1]) = 0.0812017486745419
10880/16384
mean(sgnprob[1:i - 1]) = 0.07565033550877838
11008/16384
mean(sgnprob[1:i - 1]) = 0.0771327337149087
11136/16384
mean(sgnprob[1:i - 1]) = 0.07911989223170184
11264/16384
mean(sgnprob[1:i - 1]) = 0.08106188404510344
11392/16384
mean(sgnprob[1:i - 1]) = 0.07786849266965148
11520/16384
mean(sgnprob[1:i - 1]) = 0.07387794079347165
11648/16384
mean(sgnprob[1:i - 1]) = 0.07512664205374775
11776/16384
mean(sgnprob[1:i - 1]) = 0.0775371549893843
11904/16384
mean(sgnprob[1:i - 1]) = 0.07485507855162564
12032/16384
mean(sgnprob[1:i - 1]) = 0.07572105394397806
12160/16384
mean(sgnprob[1:i - 1]) = 0.07558187350933465
12288/16384
mean(sgnprob[1:i - 1]) = 0.07316676161797021
12416/16384
mean(sgnprob[1:i - 1]) = 0.07450664518727346
12544/16384
mean(sgnprob[1:i - 1]) = 0.07565973052698717
12672/16384
mean(sgnprob[1:i - 1]) = 0.07789440454581327
12800/16384
mean(sgnprob[1:i - 1]) = 0.07586530197671693
12928/16384
mean(sgnprob[1:i - 1]) = 0.07758954127020964
13056/16384
mean(sgnprob[1:i - 1]) = 0.07897357334354653
13184/16384
mean(sgnprob[1:i - 1]) = 0.07380717590836684
13312/16384
mean(sgnprob[1:i - 1]) = 0.07700398166929608
13440/16384
mean(sgnprob[1:i - 1]) = 0.07880050599002902
13568/16384
mean(sgnprob[1:i - 1]) = 0.07643546841600943
13696/16384
mean(sgnprob[1:i - 1]) = 0.07878787878787878
13824/16384
mean(sgnprob[1:i - 1]) = 0.07979454532301238
13952/16384
mean(sgnprob[1:i - 1]) = 0.08178625188158554
14080/16384
mean(sgnprob[1:i - 1]) = 0.08274735421549825
14208/16384
mean(sgnprob[1:i - 1]) = 0.07918631660449074
14336/16384
mean(sgnprob[1:i - 1]) = 0.08168817579351238
14464/16384
mean(sgnprob[1:i - 1]) = 0.07916753094102191
14592/16384
mean(sgnprob[1:i - 1]) = 0.07627989856761017
14720/16384
mean(sgnprob[1:i - 1]) = 0.07683945920239146
14848/16384
mean(sgnprob[1:i - 1]) = 0.07779349363507779
14976/16384
mean(sgnprob[1:i - 1]) = 0.07806343906510851
15104/16384
mean(sgnprob[1:i - 1]) = 0.08005032112825267
15232/16384
mean(sgnprob[1:i - 1]) = 0.07688267349484604
15360/16384
mean(sgnprob[1:i - 1]) = 0.07819519499967446
15488/16384
mean(sgnprob[1:i - 1]) = 0.0801317233809001
15616/16384
mean(sgnprob[1:i - 1]) = 0.08075568363752801
15744/16384
mean(sgnprob[1:i - 1]) = 0.08124245696500032
15872/16384
mean(sgnprob[1:i - 1]) = 0.07894902652636884
16000/16384
mean(sgnprob[1:i - 1]) = 0.08031751984499032
16128/16384
mean(sgnprob[1:i - 1]) = 0.08092019594468904
16256/16384
mean(sgnprob[1:i - 1]) = 0.07806828668102123
16384/16384
mean(sgnprob[1:i - 1]) = 0.07880119636208265
766.842424 seconds (167.10 M allocations: 70.745 GiB, 2.17% gc time, 1.38% compilation time)
