## SLURM PROLOG ###############################################################
##    Job ID : 8833974
##  Job Name : sbatch_etgent.sh
##  Nodelist : node1322
##      CPUs : 8
##  Mem/Node : 4096 MB
## Directory : /oscar/home/trazzaz/AFQMC
##   Job Started : Fri Feb 28 03:23:03 AM EST 2025
###############################################################################
seed = 1528
U = 2.0
β = 6.0
Warming up
128/1024
256/1024
384/1024
512/1024
640/1024
768/1024
896/1024
1024/1024
Measuring
128/16384
mean(sgnprob[1:i - 1]) = 0.3700787401574803
256/16384
mean(sgnprob[1:i - 1]) = 0.396078431372549
384/16384
mean(sgnprob[1:i - 1]) = 0.10704960835509138
512/16384
mean(sgnprob[1:i - 1]) = 0.162426614481409
640/16384
mean(sgnprob[1:i - 1]) = 0.21439749608763695
768/16384
mean(sgnprob[1:i - 1]) = 0.26727509778357234
896/16384
mean(sgnprob[1:i - 1]) = 0.17318435754189945
1024/16384
mean(sgnprob[1:i - 1]) = 0.21994134897360704
1152/16384
mean(sgnprob[1:i - 1]) = 0.2510860121633362
1280/16384
mean(sgnprob[1:i - 1]) = 0.18060985144644254
1408/16384
mean(sgnprob[1:i - 1]) = 0.20398009950248755
1536/16384
mean(sgnprob[1:i - 1]) = 0.2247557003257329
1664/16384
mean(sgnprob[1:i - 1]) = 0.24473842453397474
1792/16384
mean(sgnprob[1:i - 1]) = 0.19262981574539365
1920/16384
mean(sgnprob[1:i - 1]) = 0.20896300156331424
2048/16384
mean(sgnprob[1:i - 1]) = 0.1695163654127992
2176/16384
mean(sgnprob[1:i - 1]) = 0.1724137931034483
2304/16384
mean(sgnprob[1:i - 1]) = 0.13330438558402083
2432/16384
mean(sgnprob[1:i - 1]) = 0.14603044014808722
2560/16384
mean(sgnprob[1:i - 1]) = 0.16608050019538884
2688/16384
mean(sgnprob[1:i - 1]) = 0.17901004838109416
2816/16384
mean(sgnprob[1:i - 1]) = 0.1886323268206039
2944/16384
mean(sgnprob[1:i - 1]) = 0.19877675840978593
3072/16384
mean(sgnprob[1:i - 1]) = 0.1683490719635298
3200/16384
mean(sgnprob[1:i - 1]) = 0.17786808377618005
3328/16384
mean(sgnprob[1:i - 1]) = 0.15359182446648634
3456/16384
mean(sgnprob[1:i - 1]) = 0.16642547033285093
3584/16384
mean(sgnprob[1:i - 1]) = 0.14261791794585543
3712/16384
mean(sgnprob[1:i - 1]) = 0.15602263540824576
3840/16384
mean(sgnprob[1:i - 1]) = 0.1664495962490232
3968/16384
mean(sgnprob[1:i - 1]) = 0.17620368036299472
4096/16384
mean(sgnprob[1:i - 1]) = 0.1824175824175824
4224/16384
mean(sgnprob[1:i - 1]) = 0.18825479516931093
4352/16384
mean(sgnprob[1:i - 1]) = 0.17168467019076075
4480/16384
mean(sgnprob[1:i - 1]) = 0.15338245144005358
4608/16384
mean(sgnprob[1:i - 1]) = 0.15997395268070327
4736/16384
mean(sgnprob[1:i - 1]) = 0.137909186906019
4864/16384
mean(sgnprob[1:i - 1]) = 0.14826238947151965
4992/16384
mean(sgnprob[1:i - 1]) = 0.13283911039871768
5120/16384
mean(sgnprob[1:i - 1]) = 0.1424106270756007
5248/16384
mean(sgnprob[1:i - 1]) = 0.15189632170764247
5376/16384
mean(sgnprob[1:i - 1]) = 0.15832558139534883
5504/16384
mean(sgnprob[1:i - 1]) = 0.14555696892604034
5632/16384
mean(sgnprob[1:i - 1]) = 0.15432427632747292
5760/16384
mean(sgnprob[1:i - 1]) = 0.1401284945303004
5888/16384
mean(sgnprob[1:i - 1]) = 0.15033123832172585
6016/16384
mean(sgnprob[1:i - 1]) = 0.15544472152950956
6144/16384
mean(sgnprob[1:i - 1]) = 0.1590428129578382
6272/16384
mean(sgnprob[1:i - 1]) = 0.16121830649019295
6400/16384
mean(sgnprob[1:i - 1]) = 0.16674480387560556
6528/16384
mean(sgnprob[1:i - 1]) = 0.17389305959859047
6656/16384
mean(sgnprob[1:i - 1]) = 0.180465815176559
6784/16384
mean(sgnprob[1:i - 1]) = 0.18502137697184137
6912/16384
mean(sgnprob[1:i - 1]) = 0.18940818984228042
7040/16384
mean(sgnprob[1:i - 1]) = 0.17573518965762183
7168/16384
mean(sgnprob[1:i - 1]) = 0.17957304311427374
7296/16384
mean(sgnprob[1:i - 1]) = 0.16792323509252913
7424/16384
mean(sgnprob[1:i - 1]) = 0.1701468408999057
7552/16384
mean(sgnprob[1:i - 1]) = 0.15852205005959474
7680/16384
mean(sgnprob[1:i - 1]) = 0.14728480270868602
7808/16384
mean(sgnprob[1:i - 1]) = 0.15229921864992954
7936/16384
mean(sgnprob[1:i - 1]) = 0.1405166981726528
8064/16384
mean(sgnprob[1:i - 1]) = 0.1452313034850552
8192/16384
mean(sgnprob[1:i - 1]) = 0.14735685508484922
8320/16384
mean(sgnprob[1:i - 1]) = 0.15206154585887727
8448/16384
mean(sgnprob[1:i - 1]) = 0.1424174263051971
8576/16384
mean(sgnprob[1:i - 1]) = 0.14658892128279882
8704/16384
mean(sgnprob[1:i - 1]) = 0.15224635183270135
8832/16384
mean(sgnprob[1:i - 1]) = 0.15887215490884385
8960/16384
mean(sgnprob[1:i - 1]) = 0.1639691929902891
9088/16384
mean(sgnprob[1:i - 1]) = 0.15483657972928358
9216/16384
mean(sgnprob[1:i - 1]) = 0.14530656538252848
9344/16384
mean(sgnprob[1:i - 1]) = 0.14995183559884406
9472/16384
mean(sgnprob[1:i - 1]) = 0.1538380318868124
9600/16384
mean(sgnprob[1:i - 1]) = 0.15699552036670486
9728/16384
mean(sgnprob[1:i - 1]) = 0.1610979747095713
9856/16384
mean(sgnprob[1:i - 1]) = 0.16448503297818368
9984/16384
mean(sgnprob[1:i - 1]) = 0.16618251026745468
10112/16384
mean(sgnprob[1:i - 1]) = 0.15755118188111958
10240/16384
mean(sgnprob[1:i - 1]) = 0.16202754175212422
10368/16384
mean(sgnprob[1:i - 1]) = 0.155589852416321
10496/16384
mean(sgnprob[1:i - 1]) = 0.1586469747498809
10624/16384
mean(sgnprob[1:i - 1]) = 0.16276004895039067
10752/16384
mean(sgnprob[1:i - 1]) = 0.16714724211701237
10880/16384
mean(sgnprob[1:i - 1]) = 0.15966541042375218
11008/16384
mean(sgnprob[1:i - 1]) = 0.16235123103479604
11136/16384
mean(sgnprob[1:i - 1]) = 0.166412213740458
11264/16384
mean(sgnprob[1:i - 1]) = 0.170025748024505
11392/16384
mean(sgnprob[1:i - 1]) = 0.1739092265823896
11520/16384
mean(sgnprob[1:i - 1]) = 0.16642069624099315
11648/16384
mean(sgnprob[1:i - 1]) = 0.16184425173864514
11776/16384
mean(sgnprob[1:i - 1]) = 0.15566878980891719
11904/16384
mean(sgnprob[1:i - 1]) = 0.1489540451986894
12032/16384
mean(sgnprob[1:i - 1]) = 0.15285512426232234
12160/16384
mean(sgnprob[1:i - 1]) = 0.15618060695780903
12288/16384
mean(sgnprob[1:i - 1]) = 0.15097257263774722
12416/16384
mean(sgnprob[1:i - 1]) = 0.14554973821989528
12544/16384
mean(sgnprob[1:i - 1]) = 0.14023758271545883
12672/16384
mean(sgnprob[1:i - 1]) = 0.1437139925814853
12800/16384
mean(sgnprob[1:i - 1]) = 0.1468083444019064
12928/16384
mean(sgnprob[1:i - 1]) = 0.14968670225110234
13056/16384
mean(sgnprob[1:i - 1]) = 0.14438912294140177
13184/16384
mean(sgnprob[1:i - 1]) = 0.1475384965485853
13312/16384
mean(sgnprob[1:i - 1]) = 0.1503267973856209
13440/16384
mean(sgnprob[1:i - 1]) = 0.15321080437532555
13568/16384
mean(sgnprob[1:i - 1]) = 0.15486105992481758
13696/16384
mean(sgnprob[1:i - 1]) = 0.15794085432639648
13824/16384
mean(sgnprob[1:i - 1]) = 0.15980612023439195
13952/16384
mean(sgnprob[1:i - 1]) = 0.16321410651566196
14080/16384
mean(sgnprob[1:i - 1]) = 0.1658498472902905
14208/16384
mean(sgnprob[1:i - 1]) = 0.15956922643767157
14336/16384
mean(sgnprob[1:i - 1]) = 0.1624694802929892
14464/16384
mean(sgnprob[1:i - 1]) = 0.16490354698195395
14592/16384
mean(sgnprob[1:i - 1]) = 0.16743197861695566
14720/16384
mean(sgnprob[1:i - 1]) = 0.17005231333650384
14848/16384
mean(sgnprob[1:i - 1]) = 0.17195393008688625
14976/16384
mean(sgnprob[1:i - 1]) = 0.16634390651085143
15104/16384
mean(sgnprob[1:i - 1]) = 0.16029927828908164
15232/16384
mean(sgnprob[1:i - 1]) = 0.1635480270500952
15360/16384
mean(sgnprob[1:i - 1]) = 0.16661240966208737
15488/16384
mean(sgnprob[1:i - 1]) = 0.16936785691224898
15616/16384
mean(sgnprob[1:i - 1]) = 0.17169388408581493
15744/16384
mean(sgnprob[1:i - 1]) = 0.17347392491901162
15872/16384
mean(sgnprob[1:i - 1]) = 0.16753827736122487
16000/16384
mean(sgnprob[1:i - 1]) = 0.16919807487967997
16128/16384
mean(sgnprob[1:i - 1]) = 0.16401066534383332
16256/16384
mean(sgnprob[1:i - 1]) = 0.16628729621654875
16384/16384
mean(sgnprob[1:i - 1]) = 0.16889458585118722
807.942367 seconds (167.11 M allocations: 70.745 GiB, 2.23% gc time, 1.32% compilation time)
