## SLURM PROLOG ###############################################################
##    Job ID : 5955263
##  Job Name : etgent_N(1,2)_seed1262
##  Nodelist : node1748
##      CPUs : 8
##  Mem/Node : 2048 MB
## Directory : /oscar/home/trazzaz/AFQMC
##   Job Started : Mon Nov 11 09:54:52 PM EST 2024
###############################################################################
U = 2.0
seed = 1262
λₖ = 0.0
Warming up
128/512
256/512
384/512
512/512
Measuring
128/1024
256/1024
384/1024
512/1024
640/1024
768/1024
896/1024
1024/1024
118.455916 seconds (80.56 M allocations: 16.970 GiB, 2.99% gc time, 8.49% compilation time)
λₖ = 0.2
Warming up
128/512
256/512
384/512
512/512
Measuring
128/1024
256/1024
384/1024
512/1024
640/1024
768/1024
896/1024
1024/1024
104.974856 seconds (76.83 M allocations: 16.806 GiB, 3.07% gc time, 0.08% compilation time)
λₖ = 0.4
Warming up
128/512
256/512
384/512
512/512
Measuring
128/1024
256/1024
384/1024
512/1024
640/1024
768/1024
896/1024
1024/1024
105.630438 seconds (76.82 M allocations: 16.805 GiB, 2.81% gc time)
λₖ = 0.6
Warming up
128/512
256/512
384/512
512/512
Measuring
128/1024
256/1024
384/1024
512/1024
640/1024
768/1024
896/1024
1024/1024
105.672121 seconds (76.82 M allocations: 16.805 GiB, 2.69% gc time)
λₖ = 0.8
Warming up
128/512
256/512
384/512
512/512
Measuring
128/1024
256/1024
384/1024
512/1024
640/1024
768/1024
896/1024
1024/1024
120.990512 seconds (76.82 M allocations: 16.805 GiB, 2.31% gc time)
