## SLURM PROLOG ###############################################################
##    Job ID : 8834077
##  Job Name : sbatch_etgent.sh
##  Nodelist : node1327
##      CPUs : 8
##  Mem/Node : 4096 MB
## Directory : /oscar/home/trazzaz/AFQMC
##   Job Started : Fri Feb 28 06:10:14 AM EST 2025
###############################################################################
seed = 1631
U = 2.0
β = 6.0
Warming up
128/1024
256/1024
384/1024
512/1024
640/1024
768/1024
896/1024
1024/1024
Measuring
128/16384
mean(sgnprob[1:i - 1]) = 0.1968503937007874
256/16384
mean(sgnprob[1:i - 1]) = 0.24705882352941178
384/16384
mean(sgnprob[1:i - 1]) = 0.25326370757180156
512/16384
mean(sgnprob[1:i - 1]) = 0.12720156555772993
640/16384
mean(sgnprob[1:i - 1]) = 0.04538341158059468
768/16384
mean(sgnprob[1:i - 1]) = 0.00651890482398957
896/16384
mean(sgnprob[1:i - 1]) = 0.03240223463687151
1024/16384
mean(sgnprob[1:i - 1]) = 0.004887585532746823
1152/16384
mean(sgnprob[1:i - 1]) = -0.014769765421372719
1280/16384
mean(sgnprob[1:i - 1]) = -0.03831118060985145
1408/16384
mean(sgnprob[1:i - 1]) = -0.012082444918265814
1536/16384
mean(sgnprob[1:i - 1]) = 0.01758957654723127
1664/16384
mean(sgnprob[1:i - 1]) = 0.0006013229104028864
1792/16384
mean(sgnprob[1:i - 1]) = -0.017308766052484645
1920/16384
mean(sgnprob[1:i - 1]) = -0.0286607608129234
2048/16384
mean(sgnprob[1:i - 1]) = -0.04054714215925745
2176/16384
mean(sgnprob[1:i - 1]) = -0.04827586206896552
2304/16384
mean(sgnprob[1:i - 1]) = -0.0377768128528007
2432/16384
mean(sgnprob[1:i - 1]) = -0.021801727684080625
2560/16384
mean(sgnprob[1:i - 1]) = -0.032434544744040644
2688/16384
mean(sgnprob[1:i - 1]) = -0.024934871604019353
2816/16384
mean(sgnprob[1:i - 1]) = -0.030905861456483125
2944/16384
mean(sgnprob[1:i - 1]) = -0.043153244988107374
3072/16384
mean(sgnprob[1:i - 1]) = -0.05177466623249756
3200/16384
mean(sgnprob[1:i - 1]) = -0.04157549234135667
3328/16384
mean(sgnprob[1:i - 1]) = -0.03216110610159303
3456/16384
mean(sgnprob[1:i - 1]) = -0.018234442836468887
3584/16384
mean(sgnprob[1:i - 1]) = -0.008093776165224673
3712/16384
mean(sgnprob[1:i - 1]) = -0.015359741309620048
3840/16384
mean(sgnprob[1:i - 1]) = -0.022141182599635323
3968/16384
mean(sgnprob[1:i - 1]) = -0.01890597428787497
4096/16384
mean(sgnprob[1:i - 1]) = -0.00805860805860806
4224/16384
mean(sgnprob[1:i - 1]) = -0.0007103954534690978
4352/16384
mean(sgnprob[1:i - 1]) = 0.008044127786715698
4480/16384
mean(sgnprob[1:i - 1]) = 0.012726054922973878
4608/16384
mean(sgnprob[1:i - 1]) = 0.016279574560451485
4736/16384
mean(sgnprob[1:i - 1]) = 0.023020063357972544
4864/16384
mean(sgnprob[1:i - 1]) = 0.03310713551305779
4992/16384
mean(sgnprob[1:i - 1]) = 0.04107393307954318
5120/16384
mean(sgnprob[1:i - 1]) = 0.043563195936706385
5248/16384
mean(sgnprob[1:i - 1]) = 0.03868877453783114
5376/16384
mean(sgnprob[1:i - 1]) = 0.031069767441860466
5504/16384
mean(sgnprob[1:i - 1]) = 0.03434490278030165
5632/16384
mean(sgnprob[1:i - 1]) = 0.026815840880838215
5760/16384
mean(sgnprob[1:i - 1]) = 0.03177635006077444
5888/16384
mean(sgnprob[1:i - 1]) = 0.03754034312892815
6016/16384
mean(sgnprob[1:i - 1]) = 0.034746467165419785
6144/16384
mean(sgnprob[1:i - 1]) = 0.02979000488360736
6272/16384
mean(sgnprob[1:i - 1]) = 0.02663052144793494
6400/16384
mean(sgnprob[1:i - 1]) = 0.02015939990623535
6528/16384
mean(sgnprob[1:i - 1]) = 0.024360349318216637
6656/16384
mean(sgnprob[1:i - 1]) = 0.032306536438767845
6784/16384
mean(sgnprob[1:i - 1]) = 0.028748341441839895
6912/16384
mean(sgnprob[1:i - 1]) = 0.031978006077268126
7040/16384
mean(sgnprob[1:i - 1]) = 0.03651086802102571
7168/16384
mean(sgnprob[1:i - 1]) = 0.03781219478163806
7296/16384
mean(sgnprob[1:i - 1]) = 0.04126113776559287
7424/16384
mean(sgnprob[1:i - 1]) = 0.044591135659436884
7552/16384
mean(sgnprob[1:i - 1]) = 0.04621904383525361
7680/16384
mean(sgnprob[1:i - 1]) = 0.04883448365672614
7808/16384
mean(sgnprob[1:i - 1]) = 0.04291020878698604
7936/16384
mean(sgnprob[1:i - 1]) = 0.04196597353497165
8064/16384
mean(sgnprob[1:i - 1]) = 0.04452437058166935
8192/16384
mean(sgnprob[1:i - 1]) = 0.04724697839091686
8320/16384
mean(sgnprob[1:i - 1]) = 0.04964539007092199
8448/16384
mean(sgnprob[1:i - 1]) = 0.05362850716230615
8576/16384
mean(sgnprob[1:i - 1]) = 0.0567930029154519
8704/16384
mean(sgnprob[1:i - 1]) = 0.05733655061473055
8832/16384
mean(sgnprob[1:i - 1]) = 0.06080851545691315
8960/16384
mean(sgnprob[1:i - 1]) = 0.057930572608550064
9088/16384
mean(sgnprob[1:i - 1]) = 0.05315285572796302
9216/16384
mean(sgnprob[1:i - 1]) = 0.04829083016820401
9344/16384
mean(sgnprob[1:i - 1]) = 0.05212458525099005
9472/16384
mean(sgnprob[1:i - 1]) = 0.05416534684827368
9600/16384
mean(sgnprob[1:i - 1]) = 0.05531826231899156
9728/16384
mean(sgnprob[1:i - 1]) = 0.05767451423871697
9856/16384
mean(sgnprob[1:i - 1]) = 0.05286656519533232
9984/16384
mean(sgnprob[1:i - 1]) = 0.05238906140438746
10112/16384
mean(sgnprob[1:i - 1]) = 0.05528632182771239
10240/16384
mean(sgnprob[1:i - 1]) = 0.05791581209102451
10368/16384
mean(sgnprob[1:i - 1]) = 0.054885694993730104
10496/16384
mean(sgnprob[1:i - 1]) = 0.056503096712720344
10624/16384
mean(sgnprob[1:i - 1]) = 0.052809940694719004
10752/16384
mean(sgnprob[1:i - 1]) = 0.055157659752581155
10880/16384
mean(sgnprob[1:i - 1]) = 0.05653093115176027
11008/16384
mean(sgnprob[1:i - 1]) = 0.05387480694103752
11136/16384
mean(sgnprob[1:i - 1]) = 0.05630893578805568
11264/16384
mean(sgnprob[1:i - 1]) = 0.059930746692710646
11392/16384
mean(sgnprob[1:i - 1]) = 0.05785269072074445
11520/16384
mean(sgnprob[1:i - 1]) = 0.05547356541366438
11648/16384
mean(sgnprob[1:i - 1]) = 0.05263157894736842
11776/16384
mean(sgnprob[1:i - 1]) = 0.05426751592356688
11904/16384
mean(sgnprob[1:i - 1]) = 0.05570024363605813
12032/16384
mean(sgnprob[1:i - 1]) = 0.052281605851550166
12160/16384
mean(sgnprob[1:i - 1]) = 0.05386956164158237
12288/16384
mean(sgnprob[1:i - 1]) = 0.04972735411410434
12416/16384
mean(sgnprob[1:i - 1]) = 0.05098670962545308
12544/16384
mean(sgnprob[1:i - 1]) = 0.05413377979749661
12672/16384
mean(sgnprob[1:i - 1]) = 0.05721726777681319
12800/16384
mean(sgnprob[1:i - 1]) = 0.05476990389874209
12928/16384
mean(sgnprob[1:i - 1]) = 0.055620020112941905
13056/16384
mean(sgnprob[1:i - 1]) = 0.05798544618919954
13184/16384
mean(sgnprob[1:i - 1]) = 0.06030493817795646
13312/16384
mean(sgnprob[1:i - 1]) = 0.057020509353166555
13440/16384
mean(sgnprob[1:i - 1]) = 0.055286851700275315
13568/16384
mean(sgnprob[1:i - 1]) = 0.05564973833566743
13696/16384
mean(sgnprob[1:i - 1]) = 0.05308506754289887
13824/16384
mean(sgnprob[1:i - 1]) = 0.05375099471894668
13952/16384
mean(sgnprob[1:i - 1]) = 0.05239767758583614
14080/16384
mean(sgnprob[1:i - 1]) = 0.053625967753391575
14208/16384
mean(sgnprob[1:i - 1]) = 0.055958330400506795
14336/16384
mean(sgnprob[1:i - 1]) = 0.053226369026857345
14464/16384
mean(sgnprob[1:i - 1]) = 0.04957477701721635
14592/16384
mean(sgnprob[1:i - 1]) = 0.04845452676307313
14720/16384
mean(sgnprob[1:i - 1]) = 0.04694612405734085
14848/16384
mean(sgnprob[1:i - 1]) = 0.047753754967333466
14976/16384
mean(sgnprob[1:i - 1]) = 0.048948247078464104
15104/16384
mean(sgnprob[1:i - 1]) = 0.04628219559028008
15232/16384
mean(sgnprob[1:i - 1]) = 0.04773160002626223
15360/16384
mean(sgnprob[1:i - 1]) = 0.05019858063676021
15488/16384
mean(sgnprob[1:i - 1]) = 0.05249564150577904
15616/16384
mean(sgnprob[1:i - 1]) = 0.05347422350304195
15744/16384
mean(sgnprob[1:i - 1]) = 0.05202312138728324
15872/16384
mean(sgnprob[1:i - 1]) = 0.052737697687606326
16000/16384
mean(sgnprob[1:i - 1]) = 0.049940621288830554
16128/16384
mean(sgnprob[1:i - 1]) = 0.04842810194084455
16256/16384
mean(sgnprob[1:i - 1]) = 0.046693325130729005
16384/16384
mean(sgnprob[1:i - 1]) = 0.04767136666056278
806.817629 seconds (167.11 M allocations: 70.745 GiB, 1.65% gc time, 1.24% compilation time)
