## SLURM PROLOG ###############################################################
##    Job ID : 8833857
##  Job Name : sbatch_etgent.sh
##  Nodelist : node1741
##      CPUs : 8
##  Mem/Node : 4096 MB
## Directory : /oscar/home/trazzaz/AFQMC
##   Job Started : Fri Feb 28 12:10:05 AM EST 2025
###############################################################################
seed = 1411
U = 2.0
β = 6.0
Warming up
128/1024
256/1024
384/1024
512/1024
640/1024
768/1024
896/1024
1024/1024
Measuring
128/16384
mean(sgnprob[1:i - 1]) = 0.5118110236220472
256/16384
mean(sgnprob[1:i - 1]) = 0.5529411764705883
384/16384
mean(sgnprob[1:i - 1]) = 0.5509138381201044
512/16384
mean(sgnprob[1:i - 1]) = 0.49902152641878667
640/16384
mean(sgnprob[1:i - 1]) = 0.28325508607198746
768/16384
mean(sgnprob[1:i - 1]) = 0.3324641460234681
896/16384
mean(sgnprob[1:i - 1]) = 0.2245810055865922
1024/16384
mean(sgnprob[1:i - 1]) = 0.26099706744868034
1152/16384
mean(sgnprob[1:i - 1]) = 0.2841007819287576
1280/16384
mean(sgnprob[1:i - 1]) = 0.30258014073494915
1408/16384
mean(sgnprob[1:i - 1]) = 0.31769722814498935
1536/16384
mean(sgnprob[1:i - 1]) = 0.3276872964169381
1664/16384
mean(sgnprob[1:i - 1]) = 0.3313289236319904
1792/16384
mean(sgnprob[1:i - 1]) = 0.34673366834170855
1920/16384
mean(sgnprob[1:i - 1]) = 0.3600833767587285
2048/16384
mean(sgnprob[1:i - 1]) = 0.298485588666341
2176/16384
mean(sgnprob[1:i - 1]) = 0.31494252873563217
2304/16384
mean(sgnprob[1:i - 1]) = 0.3226226660877117
2432/16384
mean(sgnprob[1:i - 1]) = 0.3327848621966269
2560/16384
mean(sgnprob[1:i - 1]) = 0.3474013286440016
2688/16384
mean(sgnprob[1:i - 1]) = 0.35690360997394865
2816/16384
mean(sgnprob[1:i - 1]) = 0.3655417406749556
2944/16384
mean(sgnprob[1:i - 1]) = 0.32246007475365274
3072/16384
mean(sgnprob[1:i - 1]) = 0.33051123412569194
3200/16384
mean(sgnprob[1:i - 1]) = 0.34229446702094407
3328/16384
mean(sgnprob[1:i - 1]) = 0.345356176735798
3456/16384
mean(sgnprob[1:i - 1]) = 0.35340086830680173
3584/16384
mean(sgnprob[1:i - 1]) = 0.36031258721741555
3712/16384
mean(sgnprob[1:i - 1]) = 0.3624360010778766
3840/16384
mean(sgnprob[1:i - 1]) = 0.35972909611878096
3968/16384
mean(sgnprob[1:i - 1]) = 0.36475926392740105
4096/16384
mean(sgnprob[1:i - 1]) = 0.34114774114774116
4224/16384
mean(sgnprob[1:i - 1]) = 0.34643618280843
4352/16384
mean(sgnprob[1:i - 1]) = 0.31785796368650887
4480/16384
mean(sgnprob[1:i - 1]) = 0.32395624023219466
4608/16384
mean(sgnprob[1:i - 1]) = 0.3253744302148904
4736/16384
mean(sgnprob[1:i - 1]) = 0.3047518479408659
4864/16384
mean(sgnprob[1:i - 1]) = 0.30701213242854203
4992/16384
mean(sgnprob[1:i - 1]) = 0.28671608896012823
5120/16384
mean(sgnprob[1:i - 1]) = 0.29439343621801134
5248/16384
mean(sgnprob[1:i - 1]) = 0.3016962073565847
5376/16384
mean(sgnprob[1:i - 1]) = 0.3038139534883721
5504/16384
mean(sgnprob[1:i - 1]) = 0.3109213156460113
5632/16384
mean(sgnprob[1:i - 1]) = 0.31415379151127687
5760/16384
mean(sgnprob[1:i - 1]) = 0.3165480118076055
5888/16384
mean(sgnprob[1:i - 1]) = 0.2991336843893324
6016/16384
mean(sgnprob[1:i - 1]) = 0.3027431421446384
6144/16384
mean(sgnprob[1:i - 1]) = 0.28536545661728796
6272/16384
mean(sgnprob[1:i - 1]) = 0.2900653803221177
6400/16384
mean(sgnprob[1:i - 1]) = 0.29582747304266294
6528/16384
mean(sgnprob[1:i - 1]) = 0.2998314692814463
6656/16384
mean(sgnprob[1:i - 1]) = 0.30368144252441776
6784/16384
mean(sgnprob[1:i - 1]) = 0.28910511573050274
6912/16384
mean(sgnprob[1:i - 1]) = 0.29156417305744464
7040/16384
mean(sgnprob[1:i - 1]) = 0.2748970024151158
7168/16384
mean(sgnprob[1:i - 1]) = 0.26077856843867725
7296/16384
mean(sgnprob[1:i - 1]) = 0.26744345442083617
7424/16384
mean(sgnprob[1:i - 1]) = 0.26983699312946247
7552/16384
mean(sgnprob[1:i - 1]) = 0.27612236789829164
7680/16384
mean(sgnprob[1:i - 1]) = 0.2634457611668186
7808/16384
mean(sgnprob[1:i - 1]) = 0.2675803765851159
7936/16384
mean(sgnprob[1:i - 1]) = 0.2725897920604915
8064/16384
mean(sgnprob[1:i - 1]) = 0.27520773905494234
8192/16384
mean(sgnprob[1:i - 1]) = 0.2777438652179221
8320/16384
mean(sgnprob[1:i - 1]) = 0.2835677365067917
8448/16384
mean(sgnprob[1:i - 1]) = 0.288268024150586
8576/16384
mean(sgnprob[1:i - 1]) = 0.2921282798833819
8704/16384
mean(sgnprob[1:i - 1]) = 0.28047799609330115
8832/16384
mean(sgnprob[1:i - 1]) = 0.2854716340165327
8960/16384
mean(sgnprob[1:i - 1]) = 0.288536667038732
9088/16384
mean(sgnprob[1:i - 1]) = 0.2910751623197975
9216/16384
mean(sgnprob[1:i - 1]) = 0.2935431361909929
9344/16384
mean(sgnprob[1:i - 1]) = 0.28374183880980414
9472/16384
mean(sgnprob[1:i - 1]) = 0.2872980677858727
9600/16384
mean(sgnprob[1:i - 1]) = 0.2920095843317012
9728/16384
mean(sgnprob[1:i - 1]) = 0.29536342140433847
9856/16384
mean(sgnprob[1:i - 1]) = 0.29720953830542873
9984/16384
mean(sgnprob[1:i - 1]) = 0.3010117199238706
10112/16384
mean(sgnprob[1:i - 1]) = 0.30471763425971715
10240/16384
mean(sgnprob[1:i - 1]) = 0.3067682390858482
10368/16384
mean(sgnprob[1:i - 1]) = 0.29757885598533806
10496/16384
mean(sgnprob[1:i - 1]) = 0.2994759409242496
10624/16384
mean(sgnprob[1:i - 1]) = 0.2904076061376259
10752/16384
mean(sgnprob[1:i - 1]) = 0.29420519021486374
10880/16384
mean(sgnprob[1:i - 1]) = 0.28467690045040905
11008/16384
mean(sgnprob[1:i - 1]) = 0.28681747978559097
11136/16384
mean(sgnprob[1:i - 1]) = 0.2786708576560395
11264/16384
mean(sgnprob[1:i - 1]) = 0.2692888218059132
11392/16384
mean(sgnprob[1:i - 1]) = 0.26064436836098676
11520/16384
mean(sgnprob[1:i - 1]) = 0.2645194895390225
11648/16384
mean(sgnprob[1:i - 1]) = 0.265733665321542
11776/16384
mean(sgnprob[1:i - 1]) = 0.25740976645435243
11904/16384
mean(sgnprob[1:i - 1]) = 0.2591783583970428
12032/16384
mean(sgnprob[1:i - 1]) = 0.26190674091929184
12160/16384
mean(sgnprob[1:i - 1]) = 0.26490665350768977
12288/16384
mean(sgnprob[1:i - 1]) = 0.26719296817774885
12416/16384
mean(sgnprob[1:i - 1]) = 0.26959323399113977
12544/16384
mean(sgnprob[1:i - 1]) = 0.2717850593956789
12672/16384
mean(sgnprob[1:i - 1]) = 0.27424828348196667
12800/16384
mean(sgnprob[1:i - 1]) = 0.2657238846784905
12928/16384
mean(sgnprob[1:i - 1]) = 0.26696062504834844
13056/16384
mean(sgnprob[1:i - 1]) = 0.26985829184220606
13184/16384
mean(sgnprob[1:i - 1]) = 0.2723962679208071
13312/16384
mean(sgnprob[1:i - 1]) = 0.26541957779280295
13440/16384
mean(sgnprob[1:i - 1]) = 0.2681003050822234
13568/16384
mean(sgnprob[1:i - 1]) = 0.2705830323579273
13696/16384
mean(sgnprob[1:i - 1]) = 0.2731653888280394
13824/16384
mean(sgnprob[1:i - 1]) = 0.2649931273963684
13952/16384
mean(sgnprob[1:i - 1]) = 0.26772274388932693
14080/16384
mean(sgnprob[1:i - 1]) = 0.27139711627246255
14208/16384
mean(sgnprob[1:i - 1]) = 0.2644471035405082
14336/16384
mean(sgnprob[1:i - 1]) = 0.266829438437391
14464/16384
mean(sgnprob[1:i - 1]) = 0.2611491391827422
14592/16384
mean(sgnprob[1:i - 1]) = 0.2633815365636351
14720/16384
mean(sgnprob[1:i - 1]) = 0.2659827433928935
14848/16384
mean(sgnprob[1:i - 1]) = 0.2669226106284098
14976/16384
mean(sgnprob[1:i - 1]) = 0.2697161936560935
15104/16384
mean(sgnprob[1:i - 1]) = 0.27180030457524995
15232/16384
mean(sgnprob[1:i - 1]) = 0.2738493861204123
15360/16384
mean(sgnprob[1:i - 1]) = 0.2659678364476854
15488/16384
mean(sgnprob[1:i - 1]) = 0.259895396138697
15616/16384
mean(sgnprob[1:i - 1]) = 0.2623759205891771
15744/16384
mean(sgnprob[1:i - 1]) = 0.26430794638887123
15872/16384
mean(sgnprob[1:i - 1]) = 0.2663348245227144
16000/16384
mean(sgnprob[1:i - 1]) = 0.2679542471404463
16128/16384
mean(sgnprob[1:i - 1]) = 0.26954796304334344
16256/16384
mean(sgnprob[1:i - 1]) = 0.27197785296831745
16384/16384
mean(sgnprob[1:i - 1]) = 0.264969785753525
747.752249 seconds (167.11 M allocations: 70.745 GiB, 1.35% gc time, 1.26% compilation time)
