## SLURM PROLOG ###############################################################
##    Job ID : 7671072
##  Job Name : sbatch_etgent.sh
##  Nodelist : node1703
##      CPUs : 8
##  Mem/Node : 4096 MB
## Directory : /oscar/home/trazzaz/AFQMC
##   Job Started : Sun Jan 19 01:48:13 AM EST 2025
###############################################################################
seed = 1239
U = 2.0
β = 6.0
Warming up
128/1024
256/1024
384/1024
512/1024
640/1024
768/1024
896/1024
1024/1024
Measuring
128/16384
mean(sgnprob[1:i - 1]) = 0.25984251968503935
256/16384
mean(sgnprob[1:i - 1]) = 0.2549019607843137
384/16384
mean(sgnprob[1:i - 1]) = 0.23237597911227154
512/16384
mean(sgnprob[1:i - 1]) = 0.22504892367906065
640/16384
mean(sgnprob[1:i - 1]) = 0.19874804381846636
768/16384
mean(sgnprob[1:i - 1]) = 0.22033898305084745
896/16384
mean(sgnprob[1:i - 1]) = 0.21564245810055865
1024/16384
mean(sgnprob[1:i - 1]) = 0.20430107526881722
1152/16384
mean(sgnprob[1:i - 1]) = 0.1989574283231972
1280/16384
mean(sgnprob[1:i - 1]) = 0.1962470680218921
1408/16384
mean(sgnprob[1:i - 1]) = 0.19829424307036247
1536/16384
mean(sgnprob[1:i - 1]) = 0.20521172638436483
1664/16384
mean(sgnprob[1:i - 1]) = 0.2074564040889958
1792/16384
mean(sgnprob[1:i - 1]) = 0.21273031825795644
1920/16384
mean(sgnprob[1:i - 1]) = 0.21938509640437728
2048/16384
mean(sgnprob[1:i - 1]) = 0.22032242305813385
2176/16384
mean(sgnprob[1:i - 1]) = 0.21839080459770116
2304/16384
mean(sgnprob[1:i - 1]) = 0.21841076856274425
2432/16384
mean(sgnprob[1:i - 1]) = 0.22007404360345537
2560/16384
mean(sgnprob[1:i - 1]) = 0.21844470496287613
2688/16384
mean(sgnprob[1:i - 1]) = 0.22292519538518793
2816/16384
mean(sgnprob[1:i - 1]) = 0.22486678507992897
2944/16384
mean(sgnprob[1:i - 1]) = 0.22799864084267754
3072/16384
mean(sgnprob[1:i - 1]) = 0.22631064799739498
3200/16384
mean(sgnprob[1:i - 1]) = 0.23038449515473586
3328/16384
mean(sgnprob[1:i - 1]) = 0.23294259092275324
3456/16384
mean(sgnprob[1:i - 1]) = 0.22489146164978294
3584/16384
mean(sgnprob[1:i - 1]) = 0.22299748813843148
3712/16384
mean(sgnprob[1:i - 1]) = 0.2223120452708165
3840/16384
mean(sgnprob[1:i - 1]) = 0.22375618650690285
3968/16384
mean(sgnprob[1:i - 1]) = 0.22561129316864129
4096/16384
mean(sgnprob[1:i - 1]) = 0.2288156288156288
4224/16384
mean(sgnprob[1:i - 1]) = 0.23040492540847737
4352/16384
mean(sgnprob[1:i - 1]) = 0.23236037692484487
4480/16384
mean(sgnprob[1:i - 1]) = 0.23197142219245367
4608/16384
mean(sgnprob[1:i - 1]) = 0.22943347080529627
4736/16384
mean(sgnprob[1:i - 1]) = 0.2299894403379092
4864/16384
mean(sgnprob[1:i - 1]) = 0.23216121735554185
4992/16384
mean(sgnprob[1:i - 1]) = 0.23261871368463233
5120/16384
mean(sgnprob[1:i - 1]) = 0.23500683727290486
5248/16384
mean(sgnprob[1:i - 1]) = 0.23689727463312368
5376/16384
mean(sgnprob[1:i - 1]) = 0.23906976744186045
5504/16384
mean(sgnprob[1:i - 1]) = 0.23932400508813376
5632/16384
mean(sgnprob[1:i - 1]) = 0.2424080980287693
5760/16384
mean(sgnprob[1:i - 1]) = 0.24014585865601668
5888/16384
mean(sgnprob[1:i - 1]) = 0.23866145744861558
6016/16384
mean(sgnprob[1:i - 1]) = 0.23790523690773066
6144/16384
mean(sgnprob[1:i - 1]) = 0.2362038092137392
6272/16384
mean(sgnprob[1:i - 1]) = 0.23616648062509968
6400/16384
mean(sgnprob[1:i - 1]) = 0.23581809657759026
6528/16384
mean(sgnprob[1:i - 1]) = 0.23211276237168685
6656/16384
mean(sgnprob[1:i - 1]) = 0.23305785123966943
6784/16384
mean(sgnprob[1:i - 1]) = 0.23219814241486067
6912/16384
mean(sgnprob[1:i - 1]) = 0.2331066415858776
7040/16384
mean(sgnprob[1:i - 1]) = 0.2322773121181986
7168/16384
mean(sgnprob[1:i - 1]) = 0.22896609460025116
7296/16384
mean(sgnprob[1:i - 1]) = 0.23098012337217272
7424/16384
mean(sgnprob[1:i - 1]) = 0.23023036508150344
7552/16384
mean(sgnprob[1:i - 1]) = 0.2297708912726791
7680/16384
mean(sgnprob[1:i - 1]) = 0.2303685375699961
7808/16384
mean(sgnprob[1:i - 1]) = 0.22838478288715255
7936/16384
mean(sgnprob[1:i - 1]) = 0.22873345935727787
8064/16384
mean(sgnprob[1:i - 1]) = 0.22907106536028773
8192/16384
mean(sgnprob[1:i - 1]) = 0.23013063118056404
8320/16384
mean(sgnprob[1:i - 1]) = 0.23091717754537805
8448/16384
mean(sgnprob[1:i - 1]) = 0.22954895229075412
8576/16384
mean(sgnprob[1:i - 1]) = 0.2317201166180758
8704/16384
mean(sgnprob[1:i - 1]) = 0.23061013443640124
8832/16384
mean(sgnprob[1:i - 1]) = 0.23292945306307328
8960/16384
mean(sgnprob[1:i - 1]) = 0.2322803884362094
9088/16384
mean(sgnprob[1:i - 1]) = 0.23098932540992625
9216/16384
mean(sgnprob[1:i - 1]) = 0.23233857840477481
9344/16384
mean(sgnprob[1:i - 1]) = 0.23086802954083271
9472/16384
mean(sgnprob[1:i - 1]) = 0.22985957132298596
9600/16384
mean(sgnprob[1:i - 1]) = 0.22658610271903323
9728/16384
mean(sgnprob[1:i - 1]) = 0.22709982522874472
9856/16384
mean(sgnprob[1:i - 1]) = 0.22658548959918823
9984/16384
mean(sgnprob[1:i - 1]) = 0.22768706801562658
10112/16384
mean(sgnprob[1:i - 1]) = 0.22777173375531598
10240/16384
mean(sgnprob[1:i - 1]) = 0.22746361949409122
10368/16384
mean(sgnprob[1:i - 1]) = 0.22774187325166392
10496/16384
mean(sgnprob[1:i - 1]) = 0.22839447355883755
10624/16384
mean(sgnprob[1:i - 1]) = 0.22865480561046786
10752/16384
mean(sgnprob[1:i - 1]) = 0.23039717235605991
10880/16384
mean(sgnprob[1:i - 1]) = 0.23209853846860926
11008/16384
mean(sgnprob[1:i - 1]) = 0.23285182156809303
11136/16384
mean(sgnprob[1:i - 1]) = 0.233587786259542
11264/16384
mean(sgnprob[1:i - 1]) = 0.23306401491609696
11392/16384
mean(sgnprob[1:i - 1]) = 0.23255201474848564
11520/16384
mean(sgnprob[1:i - 1]) = 0.23291952426425905
11648/16384
mean(sgnprob[1:i - 1]) = 0.233450673993303
11776/16384
mean(sgnprob[1:i - 1]) = 0.23430997876857748
11904/16384
mean(sgnprob[1:i - 1]) = 0.23531882718642358
12032/16384
mean(sgnprob[1:i - 1]) = 0.23464383675504946
12160/16384
mean(sgnprob[1:i - 1]) = 0.23283164733941936
12288/16384
mean(sgnprob[1:i - 1]) = 0.23382436721738423
12416/16384
mean(sgnprob[1:i - 1]) = 0.23350785340314137
12544/16384
mean(sgnprob[1:i - 1]) = 0.23303834808259588
12672/16384
mean(sgnprob[1:i - 1]) = 0.23399889511482913
12800/16384
mean(sgnprob[1:i - 1]) = 0.23494022970544573
12928/16384
mean(sgnprob[1:i - 1]) = 0.23493463293881023
13056/16384
mean(sgnprob[1:i - 1]) = 0.23431635388739946
13184/16384
mean(sgnprob[1:i - 1]) = 0.23477205491921413
13312/16384
mean(sgnprob[1:i - 1]) = 0.23101194500788821
13440/16384
mean(sgnprob[1:i - 1]) = 0.23059751469603393
13568/16384
mean(sgnprob[1:i - 1]) = 0.23166506965430825
13696/16384
mean(sgnprob[1:i - 1]) = 0.2312522818546915
13824/16384
mean(sgnprob[1:i - 1]) = 0.22940027490414527
13952/16384
mean(sgnprob[1:i - 1]) = 0.22944591785535087
14080/16384
mean(sgnprob[1:i - 1]) = 0.22892250870090206
14208/16384
mean(sgnprob[1:i - 1]) = 0.22925318504962341
14336/16384
mean(sgnprob[1:i - 1]) = 0.2302755493547262
14464/16384
mean(sgnprob[1:i - 1]) = 0.22975869460001383
14592/16384
mean(sgnprob[1:i - 1]) = 0.22966212048523063
14720/16384
mean(sgnprob[1:i - 1]) = 0.2297031048304912
14848/16384
mean(sgnprob[1:i - 1]) = 0.22987808984980132
14976/16384
mean(sgnprob[1:i - 1]) = 0.22991652754590985
15104/16384
mean(sgnprob[1:i - 1]) = 0.23021916175594254
15232/16384
mean(sgnprob[1:i - 1]) = 0.23038539820103734
15360/16384
mean(sgnprob[1:i - 1]) = 0.22872582850445994
15488/16384
mean(sgnprob[1:i - 1]) = 0.22812681603925875
15616/16384
mean(sgnprob[1:i - 1]) = 0.22894652577649696
15744/16384
mean(sgnprob[1:i - 1]) = 0.22962586546401575
15872/16384
mean(sgnprob[1:i - 1]) = 0.22991619935731838
16000/16384
mean(sgnprob[1:i - 1]) = 0.22945184074004626
16128/16384
mean(sgnprob[1:i - 1]) = 0.22924288460346004
16256/16384
mean(sgnprob[1:i - 1]) = 0.2292832974469394
16384/16384
mean(sgnprob[1:i - 1]) = 0.2296893120918025
736.872260 seconds (167.10 M allocations: 70.745 GiB, 1.54% gc time, 1.26% compilation time)
