## SLURM PROLOG ###############################################################
##    Job ID : 8822328
##  Job Name : sbatch_etgent.sh
##  Nodelist : node1754
##      CPUs : 8
##  Mem/Node : 4096 MB
## Directory : /oscar/home/trazzaz/AFQMC
##   Job Started : Thu Feb 27 07:56:10 PM EST 2025
###############################################################################
seed = 1323
U = 2.0
β = 6.0
Warming up
128/1024
256/1024
384/1024
512/1024
640/1024
768/1024
896/1024
1024/1024
Measuring
128/16384
mean(sgnprob[1:i - 1]) = 0.33858267716535434
256/16384
mean(sgnprob[1:i - 1]) = 0.4823529411764706
384/16384
mean(sgnprob[1:i - 1]) = 0.14882506527415143
512/16384
mean(sgnprob[1:i - 1]) = 0.2328767123287671
640/16384
mean(sgnprob[1:i - 1]) = 0.2676056338028169
768/16384
mean(sgnprob[1:i - 1]) = 0.1421121251629726
896/16384
mean(sgnprob[1:i - 1]) = 0.20446927374301677
1024/16384
mean(sgnprob[1:i - 1]) = 0.23362658846529813
1152/16384
mean(sgnprob[1:i - 1]) = 0.26498696785403997
1280/16384
mean(sgnprob[1:i - 1]) = 0.1931196247068022
1408/16384
mean(sgnprob[1:i - 1]) = 0.21535181236673773
1536/16384
mean(sgnprob[1:i - 1]) = 0.23517915309446255
1664/16384
mean(sgnprob[1:i - 1]) = 0.1761876127480457
1792/16384
mean(sgnprob[1:i - 1]) = 0.12339475153545505
1920/16384
mean(sgnprob[1:i - 1]) = 0.1422615945805107
2048/16384
mean(sgnprob[1:i - 1]) = 0.16560820713238886
2176/16384
mean(sgnprob[1:i - 1]) = 0.18436781609195402
2304/16384
mean(sgnprob[1:i - 1]) = 0.20972644376899696
2432/16384
mean(sgnprob[1:i - 1]) = 0.22830111065405184
2560/16384
mean(sgnprob[1:i - 1]) = 0.2434544744040641
2688/16384
mean(sgnprob[1:i - 1]) = 0.2110160029772981
2816/16384
mean(sgnprob[1:i - 1]) = 0.2227353463587922
2944/16384
mean(sgnprob[1:i - 1]) = 0.23547400611620795
3072/16384
mean(sgnprob[1:i - 1]) = 0.20286551611852816
3200/16384
mean(sgnprob[1:i - 1]) = 0.17974366989684276
3328/16384
mean(sgnprob[1:i - 1]) = 0.19326720769461977
3456/16384
mean(sgnprob[1:i - 1]) = 0.2028943560057887
3584/16384
mean(sgnprob[1:i - 1]) = 0.17276025676807144
3712/16384
mean(sgnprob[1:i - 1]) = 0.17650229048773916
3840/16384
mean(sgnprob[1:i - 1]) = 0.1846835113310758
3968/16384
mean(sgnprob[1:i - 1]) = 0.19838669019410132
4096/16384
mean(sgnprob[1:i - 1]) = 0.2083028083028083
4224/16384
mean(sgnprob[1:i - 1]) = 0.18209803457257873
4352/16384
mean(sgnprob[1:i - 1]) = 0.1937485635486095
4480/16384
mean(sgnprob[1:i - 1]) = 0.20250055816030363
4608/16384
mean(sgnprob[1:i - 1]) = 0.2098979813327545
4736/16384
mean(sgnprob[1:i - 1]) = 0.19366420274551213
4864/16384
mean(sgnprob[1:i - 1]) = 0.2041949413942011
4992/16384
mean(sgnprob[1:i - 1]) = 0.20777399318773793
5120/16384
mean(sgnprob[1:i - 1]) = 0.18929478413752687
5248/16384
mean(sgnprob[1:i - 1]) = 0.19725557461406518
5376/16384
mean(sgnprob[1:i - 1]) = 0.20446511627906977
5504/16384
mean(sgnprob[1:i - 1]) = 0.18662547701253862
5632/16384
mean(sgnprob[1:i - 1]) = 0.1901971230687267
5760/16384
mean(sgnprob[1:i - 1]) = 0.175898593505817
5888/16384
mean(sgnprob[1:i - 1]) = 0.18090708340411074
6016/16384
mean(sgnprob[1:i - 1]) = 0.1857024106400665
6144/16384
mean(sgnprob[1:i - 1]) = 0.19322806446361712
6272/16384
mean(sgnprob[1:i - 1]) = 0.19757614415563707
6400/16384
mean(sgnprob[1:i - 1]) = 0.2011251758087201
6528/16384
mean(sgnprob[1:i - 1]) = 0.18829477554772484
6656/16384
mean(sgnprob[1:i - 1]) = 0.19489105935386927
6784/16384
mean(sgnprob[1:i - 1]) = 0.20123839009287925
6912/16384
mean(sgnprob[1:i - 1]) = 0.20590363189118796
7040/16384
mean(sgnprob[1:i - 1]) = 0.21096746696974003
7168/16384
mean(sgnprob[1:i - 1]) = 0.19994418864238872
7296/16384
mean(sgnprob[1:i - 1]) = 0.20493488690884168
7424/16384
mean(sgnprob[1:i - 1]) = 0.20948403610400107
7552/16384
mean(sgnprob[1:i - 1]) = 0.2152032843332009
7680/16384
mean(sgnprob[1:i - 1]) = 0.22073186612840215
7808/16384
mean(sgnprob[1:i - 1]) = 0.22454207762264633
7936/16384
mean(sgnprob[1:i - 1]) = 0.21335853812224323
8064/16384
mean(sgnprob[1:i - 1]) = 0.21790896688577452
8192/16384
mean(sgnprob[1:i - 1]) = 0.22085215480405324
8320/16384
mean(sgnprob[1:i - 1]) = 0.22707056136554873
8448/16384
mean(sgnprob[1:i - 1]) = 0.2316798863501835
8576/16384
mean(sgnprob[1:i - 1]) = 0.23661807580174926
8704/16384
mean(sgnprob[1:i - 1]) = 0.22578421234057222
8832/16384
mean(sgnprob[1:i - 1]) = 0.22953232929453063
8960/16384
mean(sgnprob[1:i - 1]) = 0.23183391003460208
9088/16384
mean(sgnprob[1:i - 1]) = 0.2213051612193243
9216/16384
mean(sgnprob[1:i - 1]) = 0.22452523060227889
9344/16384
mean(sgnprob[1:i - 1]) = 0.22915551749973243
9472/16384
mean(sgnprob[1:i - 1]) = 0.23302713546615986
9600/16384
mean(sgnprob[1:i - 1]) = 0.23554536930930306
9728/16384
mean(sgnprob[1:i - 1]) = 0.2388197799938316
9856/16384
mean(sgnprob[1:i - 1]) = 0.2420091324200913
9984/16384
mean(sgnprob[1:i - 1]) = 0.24571772012421117
10112/16384
mean(sgnprob[1:i - 1]) = 0.24676095341707052
10240/16384
mean(sgnprob[1:i - 1]) = 0.2501220822345932
10368/16384
mean(sgnprob[1:i - 1]) = 0.2530143725282145
10496/16384
mean(sgnprob[1:i - 1]) = 0.244402096236303
10624/16384
mean(sgnprob[1:i - 1]) = 0.23543255200979007
10752/16384
mean(sgnprob[1:i - 1]) = 0.23895451585898986
10880/16384
mean(sgnprob[1:i - 1]) = 0.24129055979409872
11008/16384
mean(sgnprob[1:i - 1]) = 0.24502589261379124
11136/16384
mean(sgnprob[1:i - 1]) = 0.24831612034126627
11264/16384
mean(sgnprob[1:i - 1]) = 0.2399893456450324
11392/16384
mean(sgnprob[1:i - 1]) = 0.23255201474848564
11520/16384
mean(sgnprob[1:i - 1]) = 0.23587116937234134
11648/16384
mean(sgnprob[1:i - 1]) = 0.23843049712372286
11776/16384
mean(sgnprob[1:i - 1]) = 0.24144373673036093
11904/16384
mean(sgnprob[1:i - 1]) = 0.24422414517348567
12032/16384
mean(sgnprob[1:i - 1]) = 0.24810905161665697
12160/16384
mean(sgnprob[1:i - 1]) = 0.25125421498478495
12288/16384
mean(sgnprob[1:i - 1]) = 0.2535199804671604
12416/16384
mean(sgnprob[1:i - 1]) = 0.2554168344744261
12544/16384
mean(sgnprob[1:i - 1]) = 0.2590289404448696
12672/16384
mean(sgnprob[1:i - 1]) = 0.2606739799542262
12800/16384
mean(sgnprob[1:i - 1]) = 0.2630674271427455
12928/16384
mean(sgnprob[1:i - 1]) = 0.2558211495319873
13056/16384
mean(sgnprob[1:i - 1]) = 0.25836844121026425
13184/16384
mean(sgnprob[1:i - 1]) = 0.2598042934081772
13312/16384
mean(sgnprob[1:i - 1]) = 0.2630155510480054
13440/16384
mean(sgnprob[1:i - 1]) = 0.263486866582335
13568/16384
mean(sgnprob[1:i - 1]) = 0.26571828701997496
13696/16384
mean(sgnprob[1:i - 1]) = 0.2680540343190946
13824/16384
mean(sgnprob[1:i - 1]) = 0.2704912103016711
13952/16384
mean(sgnprob[1:i - 1]) = 0.2642821303132392
14080/16384
mean(sgnprob[1:i - 1]) = 0.2570495063569856
14208/16384
mean(sgnprob[1:i - 1]) = 0.25966073062574785
14336/16384
mean(sgnprob[1:i - 1]) = 0.25301709103592607
14464/16384
mean(sgnprob[1:i - 1]) = 0.2561709188964945
14592/16384
mean(sgnprob[1:i - 1]) = 0.25858405866630113
14720/16384
mean(sgnprob[1:i - 1]) = 0.2593246823833141
14848/16384
mean(sgnprob[1:i - 1]) = 0.26139960934869
14976/16384
mean(sgnprob[1:i - 1]) = 0.2546243739565943
15104/16384
mean(sgnprob[1:i - 1]) = 0.2560418459908627
15232/16384
mean(sgnprob[1:i - 1]) = 0.2575668045433655
15360/16384
mean(sgnprob[1:i - 1]) = 0.25867569503222865
15488/16384
mean(sgnprob[1:i - 1]) = 0.2610576612642862
15616/16384
mean(sgnprob[1:i - 1]) = 0.263016330451489
15744/16384
mean(sgnprob[1:i - 1]) = 0.2569395921997078
15872/16384
mean(sgnprob[1:i - 1]) = 0.25978199231302374
16000/16384
mean(sgnprob[1:i - 1]) = 0.2620788799299956
16128/16384
mean(sgnprob[1:i - 1]) = 0.2649593848824952
16256/16384
mean(sgnprob[1:i - 1]) = 0.2585665948938788
16384/16384
mean(sgnprob[1:i - 1]) = 0.25947628639443326
742.235296 seconds (167.11 M allocations: 70.745 GiB, 2.05% gc time, 1.23% compilation time)
