## SLURM PROLOG ###############################################################
##    Job ID : 5899920
##  Job Name : etgent_2x2_seed1257
##  Nodelist : node1715
##      CPUs : 8
##  Mem/Node : 2048 MB
## Directory : /oscar/home/trazzaz/AFQMC
##   Job Started : Sun Nov 10 09:47:08 PM EST 2024
###############################################################################
U = 2.0
seed = 1257
λₖ = 0.0
Warming up
128/512
256/512
384/512
512/512
Measuring
128/1024
256/1024
384/1024
512/1024
640/1024
768/1024
896/1024
1024/1024
406.229711 seconds (210.26 M allocations: 1.099 TiB, 16.18% gc time, 2.19% compilation time)
λₖ = 0.2
Warming up
128/512
256/512
384/512
512/512
Measuring
128/1024
256/1024
384/1024
512/1024
640/1024
768/1024
896/1024
1024/1024
247.185476 seconds (208.41 M allocations: 1.099 TiB, 12.20% gc time, 0.03% compilation time)
λₖ = 0.4
Warming up
128/512
256/512
384/512
512/512
Measuring
128/1024
256/1024
384/1024
512/1024
640/1024
768/1024
896/1024
1024/1024
220.696318 seconds (208.41 M allocations: 1.099 TiB, 12.35% gc time)
λₖ = 0.6
Warming up
128/512
256/512
384/512
512/512
Measuring
128/1024
256/1024
384/1024
512/1024
640/1024
768/1024
896/1024
1024/1024
198.496989 seconds (208.41 M allocations: 1.099 TiB, 12.55% gc time)
λₖ = 0.8
Warming up
128/512
256/512
384/512
512/512
Measuring
128/1024
256/1024
384/1024
512/1024
640/1024
768/1024
896/1024
1024/1024
162.488217 seconds (208.41 M allocations: 1.099 TiB, 12.26% gc time)
