## SLURM PROLOG ###############################################################
##    Job ID : 5902760
##  Job Name : etgent_N2_seed1248
##  Nodelist : node1713
##      CPUs : 8
##  Mem/Node : 2048 MB
## Directory : /oscar/home/trazzaz/AFQMC
##   Job Started : Mon Nov 11 12:50:17 AM EST 2024
###############################################################################
U = 2.0
seed = 1248
λₖ = 0.0
Warming up
128/512
256/512
384/512
512/512
Measuring
128/1024
256/1024
384/1024
512/1024
640/1024
768/1024
896/1024
1024/1024
354.986929 seconds (203.81 M allocations: 1.089 TiB, 18.92% gc time, 2.16% compilation time)
λₖ = 0.2
Warming up
128/512
256/512
384/512
512/512
Measuring
128/1024
256/1024
384/1024
512/1024
640/1024
768/1024
896/1024
1024/1024
298.289778 seconds (201.96 M allocations: 1.089 TiB, 20.39% gc time, 0.02% compilation time)
λₖ = 0.4
Warming up
128/512
256/512
384/512
512/512
Measuring
128/1024
256/1024
384/1024
512/1024
640/1024
768/1024
896/1024
1024/1024
225.161653 seconds (201.96 M allocations: 1.089 TiB, 21.34% gc time)
λₖ = 0.6
Warming up
128/512
256/512
384/512
512/512
Measuring
128/1024
256/1024
384/1024
512/1024
640/1024
768/1024
896/1024
1024/1024
223.553903 seconds (201.96 M allocations: 1.089 TiB, 21.09% gc time)
λₖ = 0.8
Warming up
128/512
256/512
384/512
512/512
Measuring
128/1024
256/1024
384/1024
512/1024
640/1024
768/1024
896/1024
1024/1024
230.232322 seconds (201.96 M allocations: 1.089 TiB, 21.96% gc time)
