## SLURM PROLOG ###############################################################
##    Job ID : 8833867
##  Job Name : sbatch_etgent.sh
##  Nodelist : node1322
##      CPUs : 8
##  Mem/Node : 4096 MB
## Directory : /oscar/home/trazzaz/AFQMC
##   Job Started : Fri Feb 28 12:28:02 AM EST 2025
###############################################################################
seed = 1421
U = 2.0
β = 6.0
Warming up
128/1024
256/1024
384/1024
512/1024
640/1024
768/1024
896/1024
1024/1024
Measuring
128/16384
mean(sgnprob[1:i - 1]) = 0.44881889763779526
256/16384
mean(sgnprob[1:i - 1]) = 0.34901960784313724
384/16384
mean(sgnprob[1:i - 1]) = 0.033942558746736295
512/16384
mean(sgnprob[1:i - 1]) = 0.13111545988258316
640/16384
mean(sgnprob[1:i - 1]) = 0.22065727699530516
768/16384
mean(sgnprob[1:i - 1]) = 0.10821382007822686
896/16384
mean(sgnprob[1:i - 1]) = 0.15083798882681565
1024/16384
mean(sgnprob[1:i - 1]) = 0.198435972629521
1152/16384
mean(sgnprob[1:i - 1]) = 0.13292788879235448
1280/16384
mean(sgnprob[1:i - 1]) = 0.163408913213448
1408/16384
mean(sgnprob[1:i - 1]) = 0.11016346837242359
1536/16384
mean(sgnprob[1:i - 1]) = 0.13745928338762214
1664/16384
mean(sgnprob[1:i - 1]) = 0.15935057125676488
1792/16384
mean(sgnprob[1:i - 1]) = 0.1836962590731435
1920/16384
mean(sgnprob[1:i - 1]) = 0.19437206878582594
2048/16384
mean(sgnprob[1:i - 1]) = 0.1529066927210552
2176/16384
mean(sgnprob[1:i - 1]) = 0.11908045977011494
2304/16384
mean(sgnprob[1:i - 1]) = 0.1411202778983934
2432/16384
mean(sgnprob[1:i - 1]) = 0.10571781160016454
2560/16384
mean(sgnprob[1:i - 1]) = 0.123094958968347
2688/16384
mean(sgnprob[1:i - 1]) = 0.13583922590249348
2816/16384
mean(sgnprob[1:i - 1]) = 0.108348134991119
2944/16384
mean(sgnprob[1:i - 1]) = 0.12062521236833164
3072/16384
mean(sgnprob[1:i - 1]) = 0.09801367632692934
3200/16384
mean(sgnprob[1:i - 1]) = 0.07596123788683964
3328/16384
mean(sgnprob[1:i - 1]) = 0.09107303877366997
3456/16384
mean(sgnprob[1:i - 1]) = 0.10506512301013024
3584/16384
mean(sgnprob[1:i - 1]) = 0.11749930226067541
3712/16384
mean(sgnprob[1:i - 1]) = 0.12961465912153058
3840/16384
mean(sgnprob[1:i - 1]) = 0.14300599114352697
3968/16384
mean(sgnprob[1:i - 1]) = 0.15351651121754475
4096/16384
mean(sgnprob[1:i - 1]) = 0.1623931623931624
4224/16384
mean(sgnprob[1:i - 1]) = 0.14231588917830926
4352/16384
mean(sgnprob[1:i - 1]) = 0.12296023902551138
4480/16384
mean(sgnprob[1:i - 1]) = 0.1297164545657513
4608/16384
mean(sgnprob[1:i - 1]) = 0.13870197525504666
4736/16384
mean(sgnprob[1:i - 1]) = 0.14593453009503696
4864/16384
mean(sgnprob[1:i - 1]) = 0.15484268969771744
4992/16384
mean(sgnprob[1:i - 1]) = 0.16449609296734122
5120/16384
mean(sgnprob[1:i - 1]) = 0.1728853291658527
5248/16384
mean(sgnprob[1:i - 1]) = 0.17819706498951782
5376/16384
mean(sgnprob[1:i - 1]) = 0.18734883720930232
5504/16384
mean(sgnprob[1:i - 1]) = 0.1728148282754861
5632/16384
mean(sgnprob[1:i - 1]) = 0.16036228023441662
5760/16384
mean(sgnprob[1:i - 1]) = 0.1491578399027609
5888/16384
mean(sgnprob[1:i - 1]) = 0.15542721250212332
6016/16384
mean(sgnprob[1:i - 1]) = 0.16209476309226933
6144/16384
mean(sgnprob[1:i - 1]) = 0.15025231971349504
6272/16384
mean(sgnprob[1:i - 1]) = 0.15452081007813745
6400/16384
mean(sgnprob[1:i - 1]) = 0.16236912017502736
6528/16384
mean(sgnprob[1:i - 1]) = 0.153362953883867
6656/16384
mean(sgnprob[1:i - 1]) = 0.15762584522915102
6784/16384
mean(sgnprob[1:i - 1]) = 0.16438154209052042
6912/16384
mean(sgnprob[1:i - 1]) = 0.17117638547243524
7040/16384
mean(sgnprob[1:i - 1]) = 0.1771558460008524
7168/16384
mean(sgnprob[1:i - 1]) = 0.18292172457095018
7296/16384
mean(sgnprob[1:i - 1]) = 0.17148732008224812
7424/16384
mean(sgnprob[1:i - 1]) = 0.17364946787013336
7552/16384
mean(sgnprob[1:i - 1]) = 0.1799761620977354
7680/16384
mean(sgnprob[1:i - 1]) = 0.1842687849980466
7808/16384
mean(sgnprob[1:i - 1]) = 0.18893300883822212
7936/16384
mean(sgnprob[1:i - 1]) = 0.19269061121613107
8064/16384
mean(sgnprob[1:i - 1]) = 0.1968250031005829
8192/16384
mean(sgnprob[1:i - 1]) = 0.1991209864485411
8320/16384
mean(sgnprob[1:i - 1]) = 0.20086548864046158
8448/16384
mean(sgnprob[1:i - 1]) = 0.1909553687699775
8576/16384
mean(sgnprob[1:i - 1]) = 0.17994169096209914
8704/16384
mean(sgnprob[1:i - 1]) = 0.18464897161898197
8832/16384
mean(sgnprob[1:i - 1]) = 0.18899331898992186
8960/16384
mean(sgnprob[1:i - 1]) = 0.1925438106931577
9088/16384
mean(sgnprob[1:i - 1]) = 0.19621437218003743
9216/16384
mean(sgnprob[1:i - 1]) = 0.19978296256104178
9344/16384
mean(sgnprob[1:i - 1]) = 0.2041100288986407
9472/16384
mean(sgnprob[1:i - 1]) = 0.20789779326364694
9600/16384
mean(sgnprob[1:i - 1]) = 0.2107511199083238
9728/16384
mean(sgnprob[1:i - 1]) = 0.21332373804873034
9856/16384
mean(sgnprob[1:i - 1]) = 0.21623541349568748
9984/16384
mean(sgnprob[1:i - 1]) = 0.21947310427727137
10112/16384
mean(sgnprob[1:i - 1]) = 0.22124418949658786
10240/16384
mean(sgnprob[1:i - 1]) = 0.2249243090145522
10368/16384
mean(sgnprob[1:i - 1]) = 0.22793479309346967
10496/16384
mean(sgnprob[1:i - 1]) = 0.23087184373511196
10624/16384
mean(sgnprob[1:i - 1]) = 0.23354984467664502
10752/16384
mean(sgnprob[1:i - 1]) = 0.23579201934703747
10880/16384
mean(sgnprob[1:i - 1]) = 0.23926831510249102
11008/16384
mean(sgnprob[1:i - 1]) = 0.2433905696375034
11136/16384
mean(sgnprob[1:i - 1]) = 0.24544229905702739
11264/16384
mean(sgnprob[1:i - 1]) = 0.24886797478469325
11392/16384
mean(sgnprob[1:i - 1]) = 0.24062856641207972
11520/16384
mean(sgnprob[1:i - 1]) = 0.2426425905026478
11648/16384
mean(sgnprob[1:i - 1]) = 0.24529921868292265
11776/16384
mean(sgnprob[1:i - 1]) = 0.24687898089171975
11904/16384
mean(sgnprob[1:i - 1]) = 0.24825674199781567
12032/16384
mean(sgnprob[1:i - 1]) = 0.24145956279611006
12160/16384
mean(sgnprob[1:i - 1]) = 0.24335882885105684
12288/16384
mean(sgnprob[1:i - 1]) = 0.24538129730609587
12416/16384
mean(sgnprob[1:i - 1]) = 0.24768425291985502
12544/16384
mean(sgnprob[1:i - 1]) = 0.25041856015307346
12672/16384
mean(sgnprob[1:i - 1]) = 0.2518348985873254
12800/16384
mean(sgnprob[1:i - 1]) = 0.24478474880850065
12928/16384
mean(sgnprob[1:i - 1]) = 0.24715711301926202
13056/16384
mean(sgnprob[1:i - 1]) = 0.2401378782075833
13184/16384
mean(sgnprob[1:i - 1]) = 0.24084047637108397
13312/16384
mean(sgnprob[1:i - 1]) = 0.24348283374652543
13440/16384
mean(sgnprob[1:i - 1]) = 0.2374432621474812
13568/16384
mean(sgnprob[1:i - 1]) = 0.23151765312891576
13696/16384
mean(sgnprob[1:i - 1]) = 0.22555677254472437
13824/16384
mean(sgnprob[1:i - 1]) = 0.22708529262822832
13952/16384
mean(sgnprob[1:i - 1]) = 0.2297326356533582
14080/16384
mean(sgnprob[1:i - 1]) = 0.23176361957525393
14208/16384
mean(sgnprob[1:i - 1]) = 0.2346026606602379
14336/16384
mean(sgnprob[1:i - 1]) = 0.22804325078479246
14464/16384
mean(sgnprob[1:i - 1]) = 0.2293438429094932
14592/16384
mean(sgnprob[1:i - 1]) = 0.22938797889109724
14720/16384
mean(sgnprob[1:i - 1]) = 0.23065425640328827
14848/16384
mean(sgnprob[1:i - 1]) = 0.22448979591836735
14976/16384
mean(sgnprob[1:i - 1]) = 0.2271118530884808
15104/16384
mean(sgnprob[1:i - 1]) = 0.22161160034430247
15232/16384
mean(sgnprob[1:i - 1]) = 0.2162037948919966
15360/16384
mean(sgnprob[1:i - 1]) = 0.21778761638127483
15488/16384
mean(sgnprob[1:i - 1]) = 0.21960353845160457
15616/16384
mean(sgnprob[1:i - 1]) = 0.22074927953890489
15744/16384
mean(sgnprob[1:i - 1]) = 0.22225751127485233
15872/16384
mean(sgnprob[1:i - 1]) = 0.22449751118392036
16000/16384
mean(sgnprob[1:i - 1]) = 0.2184511531970748
16128/16384
mean(sgnprob[1:i - 1]) = 0.22018974390773238
16256/16384
mean(sgnprob[1:i - 1]) = 0.22214703168255923
16384/16384
mean(sgnprob[1:i - 1]) = 0.2248062015503876
820.307912 seconds (167.11 M allocations: 70.745 GiB, 2.05% gc time, 1.29% compilation time)
