## SLURM PROLOG ###############################################################
##    Job ID : 8833878
##  Job Name : sbatch_etgent.sh
##  Nodelist : node1736
##      CPUs : 8
##  Mem/Node : 4096 MB
## Directory : /oscar/home/trazzaz/AFQMC
##   Job Started : Fri Feb 28 12:48:11 AM EST 2025
###############################################################################
seed = 1432
U = 2.0
β = 6.0
Warming up
128/1024
256/1024
384/1024
512/1024
640/1024
768/1024
896/1024
1024/1024
Measuring
128/16384
mean(sgnprob[1:i - 1]) = 0.3700787401574803
256/16384
mean(sgnprob[1:i - 1]) = -0.011764705882352941
384/16384
mean(sgnprob[1:i - 1]) = 0.1174934725848564
512/16384
mean(sgnprob[1:i - 1]) = 0.22504892367906065
640/16384
mean(sgnprob[1:i - 1]) = 0.25508607198748046
768/16384
mean(sgnprob[1:i - 1]) = 0.1395045632333768
896/16384
mean(sgnprob[1:i - 1]) = 0.17094972067039105
1024/16384
mean(sgnprob[1:i - 1]) = 0.18866080156402737
1152/16384
mean(sgnprob[1:i - 1]) = 0.22502172024326672
1280/16384
mean(sgnprob[1:i - 1]) = 0.25723221266614543
1408/16384
mean(sgnprob[1:i - 1]) = 0.28216062544420756
1536/16384
mean(sgnprob[1:i - 1]) = 0.2964169381107492
1664/16384
mean(sgnprob[1:i - 1]) = 0.2904389657245941
1792/16384
mean(sgnprob[1:i - 1]) = 0.29759910664433276
1920/16384
mean(sgnprob[1:i - 1]) = 0.3069306930693069
2048/16384
mean(sgnprob[1:i - 1]) = 0.31998045920859797
2176/16384
mean(sgnprob[1:i - 1]) = 0.3213793103448276
2304/16384
mean(sgnprob[1:i - 1]) = 0.27920104211897523
2432/16384
mean(sgnprob[1:i - 1]) = 0.29329494035376386
2560/16384
mean(sgnprob[1:i - 1]) = 0.2989449003516999
2688/16384
mean(sgnprob[1:i - 1]) = 0.30852251581689616
2816/16384
mean(sgnprob[1:i - 1]) = 0.3172291296625222
2944/16384
mean(sgnprob[1:i - 1]) = 0.31974176010873256
3072/16384
mean(sgnprob[1:i - 1]) = 0.2907847606642787
3200/16384
mean(sgnprob[1:i - 1]) = 0.2647702407002188
3328/16384
mean(sgnprob[1:i - 1]) = 0.2696122633002705
3456/16384
mean(sgnprob[1:i - 1]) = 0.2735166425470333
3584/16384
mean(sgnprob[1:i - 1]) = 0.27602567680714485
3712/16384
mean(sgnprob[1:i - 1]) = 0.2837510105092967
3840/16384
mean(sgnprob[1:i - 1]) = 0.2570982026569419
3968/16384
mean(sgnprob[1:i - 1]) = 0.23317368288379128
4096/16384
mean(sgnprob[1:i - 1]) = 0.2385836385836386
4224/16384
mean(sgnprob[1:i - 1]) = 0.24319204357092114
4352/16384
mean(sgnprob[1:i - 1]) = 0.24569064582854516
4480/16384
mean(sgnprob[1:i - 1]) = 0.2525117213663764
4608/16384
mean(sgnprob[1:i - 1]) = 0.2363794226177556
4736/16384
mean(sgnprob[1:i - 1]) = 0.24181626187961985
4864/16384
mean(sgnprob[1:i - 1]) = 0.22311330454451983
4992/16384
mean(sgnprob[1:i - 1]) = 0.22981366459627328
5120/16384
mean(sgnprob[1:i - 1]) = 0.23266262941980856
5248/16384
mean(sgnprob[1:i - 1]) = 0.23804078521059654
5376/16384
mean(sgnprob[1:i - 1]) = 0.2215813953488372
5504/16384
mean(sgnprob[1:i - 1]) = 0.22296928947846628
5632/16384
mean(sgnprob[1:i - 1]) = 0.20582489788669864
5760/16384
mean(sgnprob[1:i - 1]) = 0.20958499739538114
5888/16384
mean(sgnprob[1:i - 1]) = 0.19245795821301173
6016/16384
mean(sgnprob[1:i - 1]) = 0.19733998337489608
6144/16384
mean(sgnprob[1:i - 1]) = 0.19746052417385643
6272/16384
mean(sgnprob[1:i - 1]) = 0.18322436612980386
6400/16384
mean(sgnprob[1:i - 1]) = 0.1729957805907173
6528/16384
mean(sgnprob[1:i - 1]) = 0.16347479699708903
6656/16384
mean(sgnprob[1:i - 1]) = 0.16874530428249437
6784/16384
mean(sgnprob[1:i - 1]) = 0.17440660474716202
6912/16384
mean(sgnprob[1:i - 1]) = 0.17985819707712342
7040/16384
mean(sgnprob[1:i - 1]) = 0.18596391532888196
7168/16384
mean(sgnprob[1:i - 1]) = 0.19240965536486676
7296/16384
mean(sgnprob[1:i - 1]) = 0.19753255654557916
7424/16384
mean(sgnprob[1:i - 1]) = 0.20247878216354573
7552/16384
mean(sgnprob[1:i - 1]) = 0.20540325784664282
7680/16384
mean(sgnprob[1:i - 1]) = 0.20823023831228024
7808/16384
mean(sgnprob[1:i - 1]) = 0.210708338670424
7936/16384
mean(sgnprob[1:i - 1]) = 0.21537492123503466
8064/16384
mean(sgnprob[1:i - 1]) = 0.21790896688577452
8192/16384
mean(sgnprob[1:i - 1]) = 0.22036381394213161
8320/16384
mean(sgnprob[1:i - 1]) = 0.2222622911407621
8448/16384
mean(sgnprob[1:i - 1]) = 0.22481354326979994
8576/16384
mean(sgnprob[1:i - 1]) = 0.2144606413994169
8704/16384
mean(sgnprob[1:i - 1]) = 0.21843042628978512
8832/16384
mean(sgnprob[1:i - 1]) = 0.21979390782470842
8960/16384
mean(sgnprob[1:i - 1]) = 0.2231275812032593
9088/16384
mean(sgnprob[1:i - 1]) = 0.21272147023219984
9216/16384
mean(sgnprob[1:i - 1]) = 0.21562669560499187
9344/16384
mean(sgnprob[1:i - 1]) = 0.2188804452531307
9472/16384
mean(sgnprob[1:i - 1]) = 0.21930102417907296
9600/16384
mean(sgnprob[1:i - 1]) = 0.22366913220127096
9728/16384
mean(sgnprob[1:i - 1]) = 0.2147630307391796
9856/16384
mean(sgnprob[1:i - 1]) = 0.20730593607305936
9984/16384
mean(sgnprob[1:i - 1]) = 0.20985675648602625
10112/16384
mean(sgnprob[1:i - 1]) = 0.21194738403718721
10240/16384
mean(sgnprob[1:i - 1]) = 0.21300908291825374
10368/16384
mean(sgnprob[1:i - 1]) = 0.2152020835342915
10496/16384
mean(sgnprob[1:i - 1]) = 0.20647927584564077
10624/16384
mean(sgnprob[1:i - 1]) = 0.19909630048009036
10752/16384
mean(sgnprob[1:i - 1]) = 0.20305087898800112
10880/16384
mean(sgnprob[1:i - 1]) = 0.20709624046327788
11008/16384
mean(sgnprob[1:i - 1]) = 0.21032070500590533
11136/16384
mean(sgnprob[1:i - 1]) = 0.21149528513695554
11264/16384
mean(sgnprob[1:i - 1]) = 0.2050075468347687
11392/16384
mean(sgnprob[1:i - 1]) = 0.20797120533754718
11520/16384
mean(sgnprob[1:i - 1]) = 0.210868999045056
11648/16384
mean(sgnprob[1:i - 1]) = 0.2039151712887439
11776/16384
mean(sgnprob[1:i - 1]) = 0.19711252653927813
11904/16384
mean(sgnprob[1:i - 1]) = 0.201209779047299
12032/16384
mean(sgnprob[1:i - 1]) = 0.20455489984207464
12160/16384
mean(sgnprob[1:i - 1]) = 0.2088165145159964
12288/16384
mean(sgnprob[1:i - 1]) = 0.2111988280296248
12416/16384
mean(sgnprob[1:i - 1]) = 0.2032219089810713
12544/16384
mean(sgnprob[1:i - 1]) = 0.20577214382524117
12672/16384
mean(sgnprob[1:i - 1]) = 0.20006313629547787
12800/16384
mean(sgnprob[1:i - 1]) = 0.19290569575748107
12928/16384
mean(sgnprob[1:i - 1]) = 0.19579175369381913
13056/16384
mean(sgnprob[1:i - 1]) = 0.19984680199157412
13184/16384
mean(sgnprob[1:i - 1]) = 0.19381021011909277
13312/16384
mean(sgnprob[1:i - 1]) = 0.19630380887987378
13440/16384
mean(sgnprob[1:i - 1]) = 0.19800580400327406
13568/16384
mean(sgnprob[1:i - 1]) = 0.200117933220314
13696/16384
mean(sgnprob[1:i - 1]) = 0.20379700620664476
13824/16384
mean(sgnprob[1:i - 1]) = 0.20653982492946538
13952/16384
mean(sgnprob[1:i - 1]) = 0.20822880080280984
14080/16384
mean(sgnprob[1:i - 1]) = 0.20974501029902692
14208/16384
mean(sgnprob[1:i - 1]) = 0.2032096853663687
14336/16384
mean(sgnprob[1:i - 1]) = 0.20418555981862574
14464/16384
mean(sgnprob[1:i - 1]) = 0.2072184194150591
14592/16384
mean(sgnprob[1:i - 1]) = 0.21006099650469467
14720/16384
mean(sgnprob[1:i - 1]) = 0.20470140634553977
14848/16384
mean(sgnprob[1:i - 1]) = 0.20684313329292112
14976/16384
mean(sgnprob[1:i - 1]) = 0.2098831385642738
15104/16384
mean(sgnprob[1:i - 1]) = 0.21194464675892208
15232/16384
mean(sgnprob[1:i - 1]) = 0.21357757205698905
15360/16384
mean(sgnprob[1:i - 1]) = 0.21414154567354646
15488/16384
mean(sgnprob[1:i - 1]) = 0.20914315232130173
15616/16384
mean(sgnprob[1:i - 1]) = 0.21101504963176432
15744/16384
mean(sgnprob[1:i - 1]) = 0.21272946706472717
15872/16384
mean(sgnprob[1:i - 1]) = 0.2144162308613194
16000/16384
mean(sgnprob[1:i - 1]) = 0.21582598912432027
16128/16384
mean(sgnprob[1:i - 1]) = 0.2164692751286662
16256/16384
mean(sgnprob[1:i - 1]) = 0.2182097816056598
16384/16384
mean(sgnprob[1:i - 1]) = 0.21931270219129587
726.875977 seconds (167.11 M allocations: 70.745 GiB, 1.38% gc time, 1.23% compilation time)
