## SLURM PROLOG ###############################################################
##    Job ID : 8822270
##  Job Name : sbatch_etgent.sh
##  Nodelist : node1326
##      CPUs : 8
##  Mem/Node : 4096 MB
## Directory : /oscar/home/trazzaz/AFQMC
##   Job Started : Thu Feb 27 06:13:34 PM EST 2025
###############################################################################
seed = 1265
U = 2.0
β = 6.0
Warming up
128/1024
256/1024
384/1024
512/1024
640/1024
768/1024
896/1024
1024/1024
Measuring
128/16384
mean(sgnprob[1:i - 1]) = 0.6377952755905512
256/16384
mean(sgnprob[1:i - 1]) = 0.4980392156862745
384/16384
mean(sgnprob[1:i - 1]) = 0.4725848563968668
512/16384
mean(sgnprob[1:i - 1]) = 0.46771037181996084
640/16384
mean(sgnprob[1:i - 1]) = 0.486697965571205
768/16384
mean(sgnprob[1:i - 1]) = 0.5097783572359843
896/16384
mean(sgnprob[1:i - 1]) = 0.5284916201117319
1024/16384
mean(sgnprob[1:i - 1]) = 0.5171065493646139
1152/16384
mean(sgnprob[1:i - 1]) = 0.49956559513466553
1280/16384
mean(sgnprob[1:i - 1]) = 0.49335418295543393
1408/16384
mean(sgnprob[1:i - 1]) = 0.488272921108742
1536/16384
mean(sgnprob[1:i - 1]) = 0.48794788273615636
1664/16384
mean(sgnprob[1:i - 1]) = 0.49488875526157544
1792/16384
mean(sgnprob[1:i - 1]) = 0.49748743718592964
1920/16384
mean(sgnprob[1:i - 1]) = 0.4945284002084419
2048/16384
mean(sgnprob[1:i - 1]) = 0.4978016609672692
2176/16384
mean(sgnprob[1:i - 1]) = 0.5016091954022989
2304/16384
mean(sgnprob[1:i - 1]) = 0.5110725141120278
2432/16384
mean(sgnprob[1:i - 1]) = 0.516248457424928
2560/16384
mean(sgnprob[1:i - 1]) = 0.4622899570144588
2688/16384
mean(sgnprob[1:i - 1]) = 0.4149609229624116
2816/16384
mean(sgnprob[1:i - 1]) = 0.4202486678507993
2944/16384
mean(sgnprob[1:i - 1]) = 0.418280665987088
3072/16384
mean(sgnprob[1:i - 1]) = 0.42364050797785735
3200/16384
mean(sgnprob[1:i - 1]) = 0.4254454517036574
3328/16384
mean(sgnprob[1:i - 1]) = 0.4313195070634205
3456/16384
mean(sgnprob[1:i - 1]) = 0.42807525325615053
3584/16384
mean(sgnprob[1:i - 1]) = 0.42673737091822495
3712/16384
mean(sgnprob[1:i - 1]) = 0.42980328752357855
3840/16384
mean(sgnprob[1:i - 1]) = 0.42797603542589213
3968/16384
mean(sgnprob[1:i - 1]) = 0.43080413410637763
4096/16384
mean(sgnprob[1:i - 1]) = 0.432967032967033
4224/16384
mean(sgnprob[1:i - 1]) = 0.43215723419370117
4352/16384
mean(sgnprob[1:i - 1]) = 0.4015168926683521
4480/16384
mean(sgnprob[1:i - 1]) = 0.4061174369278857
4608/16384
mean(sgnprob[1:i - 1]) = 0.3805079227262861
4736/16384
mean(sgnprob[1:i - 1]) = 0.38416050686378034
4864/16384
mean(sgnprob[1:i - 1]) = 0.360065803002262
4992/16384
mean(sgnprob[1:i - 1]) = 0.36125025045081144
5120/16384
mean(sgnprob[1:i - 1]) = 0.3662824770462981
5248/16384
mean(sgnprob[1:i - 1]) = 0.3661139698875548
5376/16384
mean(sgnprob[1:i - 1]) = 0.34362790697674417
5504/16384
mean(sgnprob[1:i - 1]) = 0.32073414501181174
5632/16384
mean(sgnprob[1:i - 1]) = 0.3024329603977979
5760/16384
mean(sgnprob[1:i - 1]) = 0.3068241014064942
5888/16384
mean(sgnprob[1:i - 1]) = 0.3103448275862069
6016/16384
mean(sgnprob[1:i - 1]) = 0.31404821280133
6144/16384
mean(sgnprob[1:i - 1]) = 0.2957838189809539
6272/16384
mean(sgnprob[1:i - 1]) = 0.30027108914048795
6400/16384
mean(sgnprob[1:i - 1]) = 0.3058290357868417
6528/16384
mean(sgnprob[1:i - 1]) = 0.3077983759767121
6656/16384
mean(sgnprob[1:i - 1]) = 0.3120961682945154
6784/16384
mean(sgnprob[1:i - 1]) = 0.31416777237210675
6912/16384
mean(sgnprob[1:i - 1]) = 0.3164520329908841
7040/16384
mean(sgnprob[1:i - 1]) = 0.32035800539849413
7168/16384
mean(sgnprob[1:i - 1]) = 0.3221710618110786
7296/16384
mean(sgnprob[1:i - 1]) = 0.306648389307745
7424/16384
mean(sgnprob[1:i - 1]) = 0.3083658898019669
7552/16384
mean(sgnprob[1:i - 1]) = 0.3118792212951927
7680/16384
mean(sgnprob[1:i - 1]) = 0.3137127230108087
7808/16384
mean(sgnprob[1:i - 1]) = 0.30062764185986934
7936/16384
mean(sgnprob[1:i - 1]) = 0.28695652173913044
8064/16384
mean(sgnprob[1:i - 1]) = 0.29009053702095994
8192/16384
mean(sgnprob[1:i - 1]) = 0.29263826150653155
8320/16384
mean(sgnprob[1:i - 1]) = 0.2948671715350403
8448/16384
mean(sgnprob[1:i - 1]) = 0.29726530129039896
8576/16384
mean(sgnprob[1:i - 1]) = 0.3009912536443149
8704/16384
mean(sgnprob[1:i - 1]) = 0.3046076065724463
8832/16384
mean(sgnprob[1:i - 1]) = 0.3097044502321368
8960/16384
mean(sgnprob[1:i - 1]) = 0.31175354392231275
9088/16384
mean(sgnprob[1:i - 1]) = 0.3130846263893474
9216/16384
mean(sgnprob[1:i - 1]) = 0.3156809549647314
9344/16384
mean(sgnprob[1:i - 1]) = 0.31756395162153483
9472/16384
mean(sgnprob[1:i - 1]) = 0.3039805722732552
9600/16384
mean(sgnprob[1:i - 1]) = 0.30617772684654654
9728/16384
mean(sgnprob[1:i - 1]) = 0.2947465816798602
9856/16384
mean(sgnprob[1:i - 1]) = 0.2862506341958397
9984/16384
mean(sgnprob[1:i - 1]) = 0.28818992286887707
10112/16384
mean(sgnprob[1:i - 1]) = 0.2772228266244684
10240/16384
mean(sgnprob[1:i - 1]) = 0.27883582381091904
10368/16384
mean(sgnprob[1:i - 1]) = 0.28175942895726824
10496/16384
mean(sgnprob[1:i - 1]) = 0.2827060505002382
10624/16384
mean(sgnprob[1:i - 1]) = 0.2838181304716182
10752/16384
mean(sgnprob[1:i - 1]) = 0.2867640219514464
10880/16384
mean(sgnprob[1:i - 1]) = 0.2876183472745657
11008/16384
mean(sgnprob[1:i - 1]) = 0.2906332333969292
11136/16384
mean(sgnprob[1:i - 1]) = 0.29465648854961835
11264/16384
mean(sgnprob[1:i - 1]) = 0.28580307200568233
11392/16384
mean(sgnprob[1:i - 1]) = 0.28838556755333156
11520/16384
mean(sgnprob[1:i - 1]) = 0.279277715079434
11648/16384
mean(sgnprob[1:i - 1]) = 0.27157207864686184
11776/16384
mean(sgnprob[1:i - 1]) = 0.2728662420382166
11904/16384
mean(sgnprob[1:i - 1]) = 0.2653952785012182
12032/16384
mean(sgnprob[1:i - 1]) = 0.25858199650901836
12160/16384
mean(sgnprob[1:i - 1]) = 0.26161690928530307
12288/16384
mean(sgnprob[1:i - 1]) = 0.2644258159029869
12416/16384
mean(sgnprob[1:i - 1]) = 0.26749899315344344
12544/16384
mean(sgnprob[1:i - 1]) = 0.2689149326317468
12672/16384
mean(sgnprob[1:i - 1]) = 0.26114750217031013
12800/16384
mean(sgnprob[1:i - 1]) = 0.2640050003906555
12928/16384
mean(sgnprob[1:i - 1]) = 0.26665119517289393
13056/16384
mean(sgnprob[1:i - 1]) = 0.2579088471849866
13184/16384
mean(sgnprob[1:i - 1]) = 0.2525221876659334
13312/16384
mean(sgnprob[1:i - 1]) = 0.2559537224851626
13440/16384
mean(sgnprob[1:i - 1]) = 0.2590222486792172
13568/16384
mean(sgnprob[1:i - 1]) = 0.26114837473280755
13696/16384
mean(sgnprob[1:i - 1]) = 0.2620664476086163
13824/16384
mean(sgnprob[1:i - 1]) = 0.26325689068943064
13952/16384
mean(sgnprob[1:i - 1]) = 0.2639954125152319
14080/16384
mean(sgnprob[1:i - 1]) = 0.26656722778606434
14208/16384
mean(sgnprob[1:i - 1]) = 0.2600830576476385
14336/16384
mean(sgnprob[1:i - 1]) = 0.2535751656784095
14464/16384
mean(sgnprob[1:i - 1]) = 0.24745903339556108
14592/16384
mean(sgnprob[1:i - 1]) = 0.2507710232335001
14720/16384
mean(sgnprob[1:i - 1]) = 0.24410625721856105
14848/16384
mean(sgnprob[1:i - 1]) = 0.24644709368896073
14976/16384
mean(sgnprob[1:i - 1]) = 0.23993322203672787
15104/16384
mean(sgnprob[1:i - 1]) = 0.24240217175395617
15232/16384
mean(sgnprob[1:i - 1]) = 0.2448296237935789
15360/16384
mean(sgnprob[1:i - 1]) = 0.24747704928706296
15488/16384
mean(sgnprob[1:i - 1]) = 0.24065345128172017
15616/16384
mean(sgnprob[1:i - 1]) = 0.2430355427473583
15744/16384
mean(sgnprob[1:i - 1]) = 0.24512481737915265
15872/16384
mean(sgnprob[1:i - 1]) = 0.2466763278936425
16000/16384
mean(sgnprob[1:i - 1]) = 0.250203137696106
16128/16384
mean(sgnprob[1:i - 1]) = 0.2508216035220438
16256/16384
mean(sgnprob[1:i - 1]) = 0.24650876653337433
16384/16384
mean(sgnprob[1:i - 1]) = 0.24909967649392664
797.825718 seconds (167.11 M allocations: 70.745 GiB, 1.68% gc time, 1.20% compilation time)
