## SLURM PROLOG ###############################################################
##    Job ID : 8834073
##  Job Name : sbatch_etgent.sh
##  Nodelist : node1733
##      CPUs : 8
##  Mem/Node : 4096 MB
## Directory : /oscar/home/trazzaz/AFQMC
##   Job Started : Fri Feb 28 06:04:10 AM EST 2025
###############################################################################
seed = 1627
U = 2.0
β = 6.0
Warming up
128/1024
256/1024
384/1024
512/1024
640/1024
768/1024
896/1024
1024/1024
Measuring
128/16384
mean(sgnprob[1:i - 1]) = 0.5905511811023622
256/16384
mean(sgnprob[1:i - 1]) = 0.5372549019607843
384/16384
mean(sgnprob[1:i - 1]) = 0.5352480417754569
512/16384
mean(sgnprob[1:i - 1]) = 0.5420743639921722
640/16384
mean(sgnprob[1:i - 1]) = 0.3395931142410016
768/16384
mean(sgnprob[1:i - 1]) = 0.363754889178618
896/16384
mean(sgnprob[1:i - 1]) = 0.39888268156424583
1024/16384
mean(sgnprob[1:i - 1]) = 0.41935483870967744
1152/16384
mean(sgnprob[1:i - 1]) = 0.43527367506516074
1280/16384
mean(sgnprob[1:i - 1]) = 0.45269741985926504
1408/16384
mean(sgnprob[1:i - 1]) = 0.457000710732054
1536/16384
mean(sgnprob[1:i - 1]) = 0.4736156351791531
1664/16384
mean(sgnprob[1:i - 1]) = 0.4744437763078773
1792/16384
mean(sgnprob[1:i - 1]) = 0.47738693467336685
1920/16384
mean(sgnprob[1:i - 1]) = 0.4934861907243356
2048/16384
mean(sgnprob[1:i - 1]) = 0.4264777723497802
2176/16384
mean(sgnprob[1:i - 1]) = 0.37103448275862067
2304/16384
mean(sgnprob[1:i - 1]) = 0.3816760746851932
2432/16384
mean(sgnprob[1:i - 1]) = 0.3911970382558618
2560/16384
mean(sgnprob[1:i - 1]) = 0.4013286440015631
2688/16384
mean(sgnprob[1:i - 1]) = 0.4142165984369185
2816/16384
mean(sgnprob[1:i - 1]) = 0.3669626998223801
2944/16384
mean(sgnprob[1:i - 1]) = 0.3754672103295956
3072/16384
mean(sgnprob[1:i - 1]) = 0.3839140345164442
3200/16384
mean(sgnprob[1:i - 1]) = 0.3472960300093779
3328/16384
mean(sgnprob[1:i - 1]) = 0.3567778779681395
3456/16384
mean(sgnprob[1:i - 1]) = 0.3209840810419682
3584/16384
mean(sgnprob[1:i - 1]) = 0.33017024839519954
3712/16384
mean(sgnprob[1:i - 1]) = 0.33656696308272704
3840/16384
mean(sgnprob[1:i - 1]) = 0.3086741338890336
3968/16384
mean(sgnprob[1:i - 1]) = 0.31686412906478445
4096/16384
mean(sgnprob[1:i - 1]) = 0.2898656898656899
4224/16384
mean(sgnprob[1:i - 1]) = 0.3004972768174284
4352/16384
mean(sgnprob[1:i - 1]) = 0.30958400367731553
4480/16384
mean(sgnprob[1:i - 1]) = 0.28376869837017193
4608/16384
mean(sgnprob[1:i - 1]) = 0.2906446711525939
4736/16384
mean(sgnprob[1:i - 1]) = 0.2967265047518479
4864/16384
mean(sgnprob[1:i - 1]) = 0.3020769072588937
4992/16384
mean(sgnprob[1:i - 1]) = 0.31035864556201165
5120/16384
mean(sgnprob[1:i - 1]) = 0.3166634108224263
5248/16384
mean(sgnprob[1:i - 1]) = 0.292548122736802
5376/16384
mean(sgnprob[1:i - 1]) = 0.29934883720930233
5504/16384
mean(sgnprob[1:i - 1]) = 0.304015991277485
5632/16384
mean(sgnprob[1:i - 1]) = 0.30811578760433317
5760/16384
mean(sgnprob[1:i - 1]) = 0.31307518666435147
5888/16384
mean(sgnprob[1:i - 1]) = 0.29403771020893493
6016/16384
mean(sgnprob[1:i - 1]) = 0.3000831255195345
6144/16384
mean(sgnprob[1:i - 1]) = 0.3055510336968908
6272/16384
mean(sgnprob[1:i - 1]) = 0.3107957263594323
6400/16384
mean(sgnprob[1:i - 1]) = 0.317705891545554
6528/16384
mean(sgnprob[1:i - 1]) = 0.321893672437567
6656/16384
mean(sgnprob[1:i - 1]) = 0.3256198347107438
6784/16384
mean(sgnprob[1:i - 1]) = 0.3283208020050125
6912/16384
mean(sgnprob[1:i - 1]) = 0.3132687020691651
7040/16384
mean(sgnprob[1:i - 1]) = 0.315243642562864
7168/16384
mean(sgnprob[1:i - 1]) = 0.3163108692618948
7296/16384
mean(sgnprob[1:i - 1]) = 0.32008224811514735
7424/16384
mean(sgnprob[1:i - 1]) = 0.3048632628317392
7552/16384
mean(sgnprob[1:i - 1]) = 0.30870083432657924
7680/16384
mean(sgnprob[1:i - 1]) = 0.31006641489777315
7808/16384
mean(sgnprob[1:i - 1]) = 0.31471756116305877
7936/16384
mean(sgnprob[1:i - 1]) = 0.30283553875236296
8064/16384
mean(sgnprob[1:i - 1]) = 0.3054694282525115
8192/16384
mean(sgnprob[1:i - 1]) = 0.3080209986570626
8320/16384
mean(sgnprob[1:i - 1]) = 0.31313859838922947
8448/16384
mean(sgnprob[1:i - 1]) = 0.31786433053154967
8576/16384
mean(sgnprob[1:i - 1]) = 0.32198250728862976
8704/16384
mean(sgnprob[1:i - 1]) = 0.32551993565437204
8832/16384
mean(sgnprob[1:i - 1]) = 0.3305401426791983
8960/16384
mean(sgnprob[1:i - 1]) = 0.31889719834802993
9088/16384
mean(sgnprob[1:i - 1]) = 0.3214482227357764
9216/16384
mean(sgnprob[1:i - 1]) = 0.3237113402061856
9344/16384
mean(sgnprob[1:i - 1]) = 0.32655463983731137
9472/16384
mean(sgnprob[1:i - 1]) = 0.3288987435328899
9600/16384
mean(sgnprob[1:i - 1]) = 0.3320137514324409
9728/16384
mean(sgnprob[1:i - 1]) = 0.3350467770124396
9856/16384
mean(sgnprob[1:i - 1]) = 0.33658041603247085
9984/16384
mean(sgnprob[1:i - 1]) = 0.3402784734047881
10112/16384
mean(sgnprob[1:i - 1]) = 0.3426960735832262
10240/16384
mean(sgnprob[1:i - 1]) = 0.3452485594296318
10368/16384
mean(sgnprob[1:i - 1]) = 0.3471592553294106
10496/16384
mean(sgnprob[1:i - 1]) = 0.33530252501191044
10624/16384
mean(sgnprob[1:i - 1]) = 0.323919796667608
10752/16384
mean(sgnprob[1:i - 1]) = 0.32676030136731465
10880/16384
mean(sgnprob[1:i - 1]) = 0.331004687930876
11008/16384
mean(sgnprob[1:i - 1]) = 0.3198873444171891
11136/16384
mean(sgnprob[1:i - 1]) = 0.32195779074988773
11264/16384
mean(sgnprob[1:i - 1]) = 0.3232708869750511
11392/16384
mean(sgnprob[1:i - 1]) = 0.3259590905100518
11520/16384
mean(sgnprob[1:i - 1]) = 0.32824029863703447
11648/16384
mean(sgnprob[1:i - 1]) = 0.33081480209496006
11776/16384
mean(sgnprob[1:i - 1]) = 0.33282377919320594
11904/16384
mean(sgnprob[1:i - 1]) = 0.334285474250189
12032/16384
mean(sgnprob[1:i - 1]) = 0.3372122018119857
12160/16384
mean(sgnprob[1:i - 1]) = 0.3400773089892261
12288/16384
mean(sgnprob[1:i - 1]) = 0.3440221372181981
12416/16384
mean(sgnprob[1:i - 1]) = 0.3324204591220298
12544/16384
mean(sgnprob[1:i - 1]) = 0.332854978872678
12672/16384
mean(sgnprob[1:i - 1]) = 0.33580617157288295
12800/16384
mean(sgnprob[1:i - 1]) = 0.33838581139151497
12928/16384
mean(sgnprob[1:i - 1]) = 0.340914365281968
13056/16384
mean(sgnprob[1:i - 1]) = 0.3334354653389506
13184/16384
mean(sgnprob[1:i - 1]) = 0.33520442994765987
13312/16384
mean(sgnprob[1:i - 1]) = 0.33708962512207946
13440/16384
mean(sgnprob[1:i - 1]) = 0.33938537093533744
13568/16384
mean(sgnprob[1:i - 1]) = 0.34104813149554064
13696/16384
mean(sgnprob[1:i - 1]) = 0.3321650237312888
13824/16384
mean(sgnprob[1:i - 1]) = 0.33444259567387685
13952/16384
mean(sgnprob[1:i - 1]) = 0.33753852770410725
14080/16384
mean(sgnprob[1:i - 1]) = 0.33958377725690747
14208/16384
mean(sgnprob[1:i - 1]) = 0.3404659674808193
14336/16384
mean(sgnprob[1:i - 1]) = 0.3416114405301709
14464/16384
mean(sgnprob[1:i - 1]) = 0.34328977390582865
14592/16384
mean(sgnprob[1:i - 1]) = 0.3445274484271126
14720/16384
mean(sgnprob[1:i - 1]) = 0.34655886948841635
14848/16384
mean(sgnprob[1:i - 1]) = 0.3486899710379201
14976/16384
mean(sgnprob[1:i - 1]) = 0.3418363939899833
15104/16384
mean(sgnprob[1:i - 1]) = 0.3433092763027213
15232/16384
mean(sgnprob[1:i - 1]) = 0.3448887138073666
15360/16384
mean(sgnprob[1:i - 1]) = 0.34631160882869977
15488/16384
mean(sgnprob[1:i - 1]) = 0.34926067023955576
15616/16384
mean(sgnprob[1:i - 1]) = 0.3510086455331412
15744/16384
mean(sgnprob[1:i - 1]) = 0.35171187194308584
15872/16384
mean(sgnprob[1:i - 1]) = 0.3535378993132128
16000/16384
mean(sgnprob[1:i - 1]) = 0.35433464591536973
16128/16384
mean(sgnprob[1:i - 1]) = 0.35611086996961616
16256/16384
mean(sgnprob[1:i - 1]) = 0.3571208858812673
16384/16384
mean(sgnprob[1:i - 1]) = 0.35896966367576144
781.979031 seconds (167.11 M allocations: 70.745 GiB, 1.80% gc time, 1.23% compilation time)
