## SLURM PROLOG ###############################################################
##    Job ID : 6742835
##  Job Name : sbatch_etgent.sh
##  Nodelist : node1745
##      CPUs : 8
##  Mem/Node : 2048 MB
## Directory : /oscar/home/trazzaz/AFQMC
##   Job Started : Mon Nov 25 04:11:10 PM EST 2024
###############################################################################
seed = 1235
U = -2.0
λₖ = 0.0
Warming up
128/512
256/512
384/512
512/512
Measuring
128/1024
256/1024
384/1024
512/1024
640/1024
768/1024
896/1024
1024/1024
32599.246751 seconds (55.36 M allocations: 343.303 GiB, 0.14% gc time, 0.03% compilation time)
