## SLURM PROLOG ###############################################################
##    Job ID : 8833951
##  Job Name : sbatch_etgent.sh
##  Nodelist : node1328
##      CPUs : 8
##  Mem/Node : 4096 MB
## Directory : /oscar/home/trazzaz/AFQMC
##   Job Started : Fri Feb 28 02:42:17 AM EST 2025
###############################################################################
seed = 1505
U = 2.0
β = 6.0
Warming up
128/1024
256/1024
384/1024
512/1024
640/1024
768/1024
896/1024
1024/1024
Measuring
128/16384
mean(sgnprob[1:i - 1]) = 0.3228346456692913
256/16384
mean(sgnprob[1:i - 1]) = 0.29411764705882354
384/16384
mean(sgnprob[1:i - 1]) = 0.3472584856396867
512/16384
mean(sgnprob[1:i - 1]) = 0.16634050880626222
640/16384
mean(sgnprob[1:i - 1]) = 0.18309859154929578
768/16384
mean(sgnprob[1:i - 1]) = 0.19947848761408082
896/16384
mean(sgnprob[1:i - 1]) = 0.10614525139664804
1024/16384
mean(sgnprob[1:i - 1]) = 0.11436950146627566
1152/16384
mean(sgnprob[1:i - 1]) = 0.05994787141615986
1280/16384
mean(sgnprob[1:i - 1]) = 0.027365129007036748
1408/16384
mean(sgnprob[1:i - 1]) = 0.04619758351101635
1536/16384
mean(sgnprob[1:i - 1]) = 0.0749185667752443
1664/16384
mean(sgnprob[1:i - 1]) = 0.09079975947083584
1792/16384
mean(sgnprob[1:i - 1]) = 0.10552763819095477
1920/16384
mean(sgnprob[1:i - 1]) = 0.12350182386659718
2048/16384
mean(sgnprob[1:i - 1]) = 0.09428431851489985
2176/16384
mean(sgnprob[1:i - 1]) = 0.11540229885057471
2304/16384
mean(sgnprob[1:i - 1]) = 0.09161962657403387
2432/16384
mean(sgnprob[1:i - 1]) = 0.09913615795968737
2560/16384
mean(sgnprob[1:i - 1]) = 0.08167252833137945
2688/16384
mean(sgnprob[1:i - 1]) = 0.0867138072199479
2816/16384
mean(sgnprob[1:i - 1]) = 0.09484902309058614
2944/16384
mean(sgnprob[1:i - 1]) = 0.10567448182127082
3072/16384
mean(sgnprob[1:i - 1]) = 0.08889612504070335
3200/16384
mean(sgnprob[1:i - 1]) = 0.09909346670834636
3328/16384
mean(sgnprob[1:i - 1]) = 0.10429816651638113
3456/16384
mean(sgnprob[1:i - 1]) = 0.10564399421128799
3584/16384
mean(sgnprob[1:i - 1]) = 0.09126430365615407
3712/16384
mean(sgnprob[1:i - 1]) = 0.09673942333602803
3840/16384
mean(sgnprob[1:i - 1]) = 0.08465746288095859
3968/16384
mean(sgnprob[1:i - 1]) = 0.09402571212503151
4096/16384
mean(sgnprob[1:i - 1]) = 0.07741147741147741
4224/16384
mean(sgnprob[1:i - 1]) = 0.06796116504854369
4352/16384
mean(sgnprob[1:i - 1]) = 0.07699379452999311
4480/16384
mean(sgnprob[1:i - 1]) = 0.06363027461486939
4608/16384
mean(sgnprob[1:i - 1]) = 0.07054482309528978
4736/16384
mean(sgnprob[1:i - 1]) = 0.05723336853220697
4864/16384
mean(sgnprob[1:i - 1]) = 0.06230721776681061
4992/16384
mean(sgnprob[1:i - 1]) = 0.06912442396313365
5120/16384
mean(sgnprob[1:i - 1]) = 0.07560070326235593
5248/16384
mean(sgnprob[1:i - 1]) = 0.08099866590432628
5376/16384
mean(sgnprob[1:i - 1]) = 0.08725581395348837
5504/16384
mean(sgnprob[1:i - 1]) = 0.07359622024350354
5632/16384
mean(sgnprob[1:i - 1]) = 0.07973716924169774
5760/16384
mean(sgnprob[1:i - 1]) = 0.08386872720958499
5888/16384
mean(sgnprob[1:i - 1]) = 0.0908782062170885
6016/16384
mean(sgnprob[1:i - 1]) = 0.08063175394846218
6144/16384
mean(sgnprob[1:i - 1]) = 0.07699820934396874
6272/16384
mean(sgnprob[1:i - 1]) = 0.0668154999202679
6400/16384
mean(sgnprob[1:i - 1]) = 0.07047976246288483
6528/16384
mean(sgnprob[1:i - 1]) = 0.06419488279454573
6656/16384
mean(sgnprob[1:i - 1]) = 0.06776859504132231
6784/16384
mean(sgnprob[1:i - 1]) = 0.07415597818074599
6912/16384
mean(sgnprob[1:i - 1]) = 0.07770221386195919
7040/16384
mean(sgnprob[1:i - 1]) = 0.08254013354169626
7168/16384
mean(sgnprob[1:i - 1]) = 0.07436863401702247
7296/16384
mean(sgnprob[1:i - 1]) = 0.08019191226867718
7424/16384
mean(sgnprob[1:i - 1]) = 0.08258116664421393
7552/16384
mean(sgnprob[1:i - 1]) = 0.08621374652363925
7680/16384
mean(sgnprob[1:i - 1]) = 0.08946477405912229
7808/16384
mean(sgnprob[1:i - 1]) = 0.09209683617266555
7936/16384
mean(sgnprob[1:i - 1]) = 0.09640831758034027
8064/16384
mean(sgnprob[1:i - 1]) = 0.08942081111248915
8192/16384
mean(sgnprob[1:i - 1]) = 0.09266267854962763
8320/16384
mean(sgnprob[1:i - 1]) = 0.09652602476259166
8448/16384
mean(sgnprob[1:i - 1]) = 0.10027228601870486
8576/16384
mean(sgnprob[1:i - 1]) = 0.1027405247813411
8704/16384
mean(sgnprob[1:i - 1]) = 0.09571412156727566
8832/16384
mean(sgnprob[1:i - 1]) = 0.09047672970218548
8960/16384
mean(sgnprob[1:i - 1]) = 0.09253264873311753
9088/16384
mean(sgnprob[1:i - 1]) = 0.09761197314845384
9216/16384
mean(sgnprob[1:i - 1]) = 0.09169831795984808
9344/16384
mean(sgnprob[1:i - 1]) = 0.0927967462271219
9472/16384
mean(sgnprob[1:i - 1]) = 0.09661070636680393
9600/16384
mean(sgnprob[1:i - 1]) = 0.09928117512240858
9728/16384
mean(sgnprob[1:i - 1]) = 0.10270381412562969
9856/16384
mean(sgnprob[1:i - 1]) = 0.10461694571283613
9984/16384
mean(sgnprob[1:i - 1]) = 0.09946909746569167
10112/16384
mean(sgnprob[1:i - 1]) = 0.1007813272673326
10240/16384
mean(sgnprob[1:i - 1]) = 0.1010840902431878
10368/16384
mean(sgnprob[1:i - 1]) = 0.09809973955821356
10496/16384
mean(sgnprob[1:i - 1]) = 0.09518818484992854
10624/16384
mean(sgnprob[1:i - 1]) = 0.09084062882424927
10752/16384
mean(sgnprob[1:i - 1]) = 0.09310761789600967
10880/16384
mean(sgnprob[1:i - 1]) = 0.09532126114532585
11008/16384
mean(sgnprob[1:i - 1]) = 0.09784682474788771
11136/16384
mean(sgnprob[1:i - 1]) = 0.101930848675348
11264/16384
mean(sgnprob[1:i - 1]) = 0.10450146497380805
11392/16384
mean(sgnprob[1:i - 1]) = 0.10034237555965236
11520/16384
mean(sgnprob[1:i - 1]) = 0.10339439187429464
11648/16384
mean(sgnprob[1:i - 1]) = 0.10586417103116683
11776/16384
mean(sgnprob[1:i - 1]) = 0.10046709129511677
11904/16384
mean(sgnprob[1:i - 1]) = 0.0977064605561623
12032/16384
mean(sgnprob[1:i - 1]) = 0.09184606433380434
12160/16384
mean(sgnprob[1:i - 1]) = 0.09318200509910354
12288/16384
mean(sgnprob[1:i - 1]) = 0.09660616912183609
12416/16384
mean(sgnprob[1:i - 1]) = 0.0991542488924688
12544/16384
mean(sgnprob[1:i - 1]) = 0.10085306545483537
12672/16384
mean(sgnprob[1:i - 1]) = 0.09636177097308815
12800/16384
mean(sgnprob[1:i - 1]) = 0.09196030939917181
12928/16384
mean(sgnprob[1:i - 1]) = 0.08872901678657075
13056/16384
mean(sgnprob[1:i - 1]) = 0.08479509766373038
13184/16384
mean(sgnprob[1:i - 1]) = 0.08154441325950088
13312/16384
mean(sgnprob[1:i - 1]) = 0.083915558560589
13440/16384
mean(sgnprob[1:i - 1]) = 0.08073517374804673
13568/16384
mean(sgnprob[1:i - 1]) = 0.0774673840937569
13696/16384
mean(sgnprob[1:i - 1]) = 0.07849580138736766
13824/16384
mean(sgnprob[1:i - 1]) = 0.08066266367648123
13952/16384
mean(sgnprob[1:i - 1]) = 0.08379327646763673
14080/16384
mean(sgnprob[1:i - 1]) = 0.08587257617728532
14208/16384
mean(sgnprob[1:i - 1]) = 0.08157950306187091
14336/16384
mean(sgnprob[1:i - 1]) = 0.08210673177537496
14464/16384
mean(sgnprob[1:i - 1]) = 0.07916753094102191
14592/16384
mean(sgnprob[1:i - 1]) = 0.08025495168254404
14720/16384
mean(sgnprob[1:i - 1]) = 0.08173109586249065
14848/16384
mean(sgnprob[1:i - 1]) = 0.08425944635279854
14976/16384
mean(sgnprob[1:i - 1]) = 0.08634390651085141
15104/16384
mean(sgnprob[1:i - 1]) = 0.08733364232271734
15232/16384
mean(sgnprob[1:i - 1]) = 0.08318560829886416
15360/16384
mean(sgnprob[1:i - 1]) = 0.07949736310957745
15488/16384
mean(sgnprob[1:i - 1]) = 0.08064828565893975
15616/16384
mean(sgnprob[1:i - 1]) = 0.08242074927953891
15744/16384
mean(sgnprob[1:i - 1]) = 0.08429143111224036
15872/16384
mean(sgnprob[1:i - 1]) = 0.08688803478041711
16000/16384
mean(sgnprob[1:i - 1]) = 0.08906806675417214
16128/16384
mean(sgnprob[1:i - 1]) = 0.08575680535747504
16256/16384
mean(sgnprob[1:i - 1]) = 0.08828052906797908
16384/16384
mean(sgnprob[1:i - 1]) = 0.09088689495208448
787.400647 seconds (167.11 M allocations: 70.745 GiB, 1.65% gc time, 1.21% compilation time)
