## SLURM PROLOG ###############################################################
##    Job ID : 8833919
##  Job Name : sbatch_etgent.sh
##  Nodelist : node1736
##      CPUs : 8
##  Mem/Node : 4096 MB
## Directory : /oscar/home/trazzaz/AFQMC
##   Job Started : Fri Feb 28 01:51:04 AM EST 2025
###############################################################################
seed = 1473
U = 2.0
β = 6.0
Warming up
128/1024
256/1024
384/1024
512/1024
640/1024
768/1024
896/1024
1024/1024
Measuring
128/16384
mean(sgnprob[1:i - 1]) = 0.2755905511811024
256/16384
mean(sgnprob[1:i - 1]) = 0.3176470588235294
384/16384
mean(sgnprob[1:i - 1]) = 0.07571801566579635
512/16384
mean(sgnprob[1:i - 1]) = 0.14285714285714285
640/16384
mean(sgnprob[1:i - 1]) = 0.17683881064162754
768/16384
mean(sgnprob[1:i - 1]) = 0.18904823989569752
896/16384
mean(sgnprob[1:i - 1]) = 0.21564245810055865
1024/16384
mean(sgnprob[1:i - 1]) = 0.14173998044965788
1152/16384
mean(sgnprob[1:i - 1]) = 0.158992180712424
1280/16384
mean(sgnprob[1:i - 1]) = 0.11180609851446442
1408/16384
mean(sgnprob[1:i - 1]) = 0.12864250177683015
1536/16384
mean(sgnprob[1:i - 1]) = 0.08534201954397394
1664/16384
mean(sgnprob[1:i - 1]) = 0.10883944678292243
1792/16384
mean(sgnprob[1:i - 1]) = 0.12227805695142378
1920/16384
mean(sgnprob[1:i - 1]) = 0.13600833767587284
2048/16384
mean(sgnprob[1:i - 1]) = 0.10698583292623351
2176/16384
mean(sgnprob[1:i - 1]) = 0.11816091954022989
2304/16384
mean(sgnprob[1:i - 1]) = 0.13417281806339557
2432/16384
mean(sgnprob[1:i - 1]) = 0.1476758535582065
2560/16384
mean(sgnprob[1:i - 1]) = 0.1559202813599062
2688/16384
mean(sgnprob[1:i - 1]) = 0.16040193524376628
2816/16384
mean(sgnprob[1:i - 1]) = 0.1630550621669627
2944/16384
mean(sgnprob[1:i - 1]) = 0.14101257220523275
3072/16384
mean(sgnprob[1:i - 1]) = 0.1520677303809834
3200/16384
mean(sgnprob[1:i - 1]) = 0.16223819943732418
3328/16384
mean(sgnprob[1:i - 1]) = 0.16681695220919748
3456/16384
mean(sgnprob[1:i - 1]) = 0.17568740955137482
3584/16384
mean(sgnprob[1:i - 1]) = 0.1822495115824728
3712/16384
mean(sgnprob[1:i - 1]) = 0.16410670978173
3840/16384
mean(sgnprob[1:i - 1]) = 0.1476947121646262
3968/16384
mean(sgnprob[1:i - 1]) = 0.1540206705318881
4096/16384
mean(sgnprob[1:i - 1]) = 0.16092796092796094
4224/16384
mean(sgnprob[1:i - 1]) = 0.14231588917830926
4352/16384
mean(sgnprob[1:i - 1]) = 0.14502413238336015
4480/16384
mean(sgnprob[1:i - 1]) = 0.1507032819825854
4608/16384
mean(sgnprob[1:i - 1]) = 0.15259387887996528
4736/16384
mean(sgnprob[1:i - 1]) = 0.15860612460401266
4864/16384
mean(sgnprob[1:i - 1]) = 0.1601891836315032
4992/16384
mean(sgnprob[1:i - 1]) = 0.16730114205570026
5120/16384
mean(sgnprob[1:i - 1]) = 0.1553037702676304
5248/16384
mean(sgnprob[1:i - 1]) = 0.15990089574995237
5376/16384
mean(sgnprob[1:i - 1]) = 0.16204651162790698
5504/16384
mean(sgnprob[1:i - 1]) = 0.16918044702889334
5632/16384
mean(sgnprob[1:i - 1]) = 0.1589415734327828
5760/16384
mean(sgnprob[1:i - 1]) = 0.16235457544712623
5888/16384
mean(sgnprob[1:i - 1]) = 0.1659588924749448
6016/16384
mean(sgnprob[1:i - 1]) = 0.17040731504571904
6144/16384
mean(sgnprob[1:i - 1]) = 0.1733680612078789
6272/16384
mean(sgnprob[1:i - 1]) = 0.17525115611545208
6400/16384
mean(sgnprob[1:i - 1]) = 0.17705891545553992
6528/16384
mean(sgnprob[1:i - 1]) = 0.1696031867626781
6656/16384
mean(sgnprob[1:i - 1]) = 0.16273478587528176
6784/16384
mean(sgnprob[1:i - 1]) = 0.15583075335397317
6912/16384
mean(sgnprob[1:i - 1]) = 0.15641730574446536
7040/16384
mean(sgnprob[1:i - 1]) = 0.16067623241937776
7168/16384
mean(sgnprob[1:i - 1]) = 0.16506209013534254
7296/16384
mean(sgnprob[1:i - 1]) = 0.1676490747087046
7424/16384
mean(sgnprob[1:i - 1]) = 0.16879967668058737
7552/16384
mean(sgnprob[1:i - 1]) = 0.17229506025691962
7680/16384
mean(sgnprob[1:i - 1]) = 0.1735903112384425
7808/16384
mean(sgnprob[1:i - 1]) = 0.17817343409760472
7936/16384
mean(sgnprob[1:i - 1]) = 0.18185255198487713
8064/16384
mean(sgnprob[1:i - 1]) = 0.18467071809500185
8192/16384
mean(sgnprob[1:i - 1]) = 0.1769014772311073
8320/16384
mean(sgnprob[1:i - 1]) = 0.17946868614016107
8448/16384
mean(sgnprob[1:i - 1]) = 0.180774239374926
8576/16384
mean(sgnprob[1:i - 1]) = 0.17317784256559768
8704/16384
mean(sgnprob[1:i - 1]) = 0.1766057681259336
8832/16384
mean(sgnprob[1:i - 1]) = 0.18084022194541954
8960/16384
mean(sgnprob[1:i - 1]) = 0.18160508985377832
9088/16384
mean(sgnprob[1:i - 1]) = 0.18586992406734895
9216/16384
mean(sgnprob[1:i - 1]) = 0.18806294085729788
9344/16384
mean(sgnprob[1:i - 1]) = 0.18912554853901317
9472/16384
mean(sgnprob[1:i - 1]) = 0.18361313483264702
9600/16384
mean(sgnprob[1:i - 1]) = 0.18554016043337848
9728/16384
mean(sgnprob[1:i - 1]) = 0.1855659504472088
9856/16384
mean(sgnprob[1:i - 1]) = 0.17909690512430237
9984/16384
mean(sgnprob[1:i - 1]) = 0.1834118000601022
10112/16384
mean(sgnprob[1:i - 1]) = 0.17416674908515478
10240/16384
mean(sgnprob[1:i - 1]) = 0.1700361363414396
10368/16384
mean(sgnprob[1:i - 1]) = 0.16407832545577314
10496/16384
mean(sgnprob[1:i - 1]) = 0.15807527393997142
10624/16384
mean(sgnprob[1:i - 1]) = 0.15955944648404405
10752/16384
mean(sgnprob[1:i - 1]) = 0.16305459957213284
10880/16384
mean(sgnprob[1:i - 1]) = 0.1664675062046144
11008/16384
mean(sgnprob[1:i - 1]) = 0.16725719996365948
11136/16384
mean(sgnprob[1:i - 1]) = 0.17000449034575663
11264/16384
mean(sgnprob[1:i - 1]) = 0.17233419160081684
11392/16384
mean(sgnprob[1:i - 1]) = 0.17408480379246774
11520/16384
mean(sgnprob[1:i - 1]) = 0.17041409844604566
11648/16384
mean(sgnprob[1:i - 1]) = 0.16510689447926505
11776/16384
mean(sgnprob[1:i - 1]) = 0.16721868365180467
11904/16384
mean(sgnprob[1:i - 1]) = 0.16928505418801984
12032/16384
mean(sgnprob[1:i - 1]) = 0.16316183193417005
12160/16384
mean(sgnprob[1:i - 1]) = 0.16555637799161116
12288/16384
mean(sgnprob[1:i - 1]) = 0.1690404492553105
12416/16384
mean(sgnprob[1:i - 1]) = 0.16407571486105518
12544/16384
mean(sgnprob[1:i - 1]) = 0.16479311169576658
12672/16384
mean(sgnprob[1:i - 1]) = 0.16691658116959987
12800/16384
mean(sgnprob[1:i - 1]) = 0.16884131572779124
12928/16384
mean(sgnprob[1:i - 1]) = 0.17119207859518837
13056/16384
mean(sgnprob[1:i - 1]) = 0.16706242818843356
13184/16384
mean(sgnprob[1:i - 1]) = 0.1684745505575362
13312/16384
mean(sgnprob[1:i - 1]) = 0.16324844113890766
13440/16384
mean(sgnprob[1:i - 1]) = 0.16452116972989062
13568/16384
mean(sgnprob[1:i - 1]) = 0.1665069654308248
13696/16384
mean(sgnprob[1:i - 1]) = 0.16845564074479738
13824/16384
mean(sgnprob[1:i - 1]) = 0.16877667655357015
13952/16384
mean(sgnprob[1:i - 1]) = 0.17109884596086303
14080/16384
mean(sgnprob[1:i - 1]) = 0.16641806946516088
14208/16384
mean(sgnprob[1:i - 1]) = 0.16829731822341099
14336/16384
mean(sgnprob[1:i - 1]) = 0.16958493198465294
14464/16384
mean(sgnprob[1:i - 1]) = 0.17098803844292332
14592/16384
mean(sgnprob[1:i - 1]) = 0.17209238571722293
14720/16384
mean(sgnprob[1:i - 1]) = 0.17290576805489502
14848/16384
mean(sgnprob[1:i - 1]) = 0.16804741698659661
14976/16384
mean(sgnprob[1:i - 1]) = 0.16928213689482471
15104/16384
mean(sgnprob[1:i - 1]) = 0.1708932000264848
15232/16384
mean(sgnprob[1:i - 1]) = 0.17129538441336747
15360/16384
mean(sgnprob[1:i - 1]) = 0.16700306009505828
15488/16384
mean(sgnprob[1:i - 1]) = 0.16329825014528315
15616/16384
mean(sgnprob[1:i - 1]) = 0.15862952289465257
15744/16384
mean(sgnprob[1:i - 1]) = 0.1603887442037731
15872/16384
mean(sgnprob[1:i - 1]) = 0.16136349316363177
16000/16384
mean(sgnprob[1:i - 1]) = 0.15807237952372022
16128/16384
mean(sgnprob[1:i - 1]) = 0.16004216531282942
16256/16384
mean(sgnprob[1:i - 1]) = 0.16198092894494
16384/16384
mean(sgnprob[1:i - 1]) = 0.16352316425563085
749.242221 seconds (167.11 M allocations: 70.745 GiB, 1.26% gc time, 1.24% compilation time)
