## SLURM PROLOG ###############################################################
##    Job ID : 8834049
##  Job Name : sbatch_etgent.sh
##  Nodelist : node1734
##      CPUs : 8
##  Mem/Node : 4096 MB
## Directory : /oscar/home/trazzaz/AFQMC
##   Job Started : Fri Feb 28 05:26:07 AM EST 2025
###############################################################################
seed = 1603
U = 2.0
β = 6.0
Warming up
128/1024
256/1024
384/1024
512/1024
640/1024
768/1024
896/1024
1024/1024
Measuring
128/16384
mean(sgnprob[1:i - 1]) = -0.3858267716535433
256/16384
mean(sgnprob[1:i - 1]) = -0.3568627450980392
384/16384
mean(sgnprob[1:i - 1]) = -0.1174934725848564
512/16384
mean(sgnprob[1:i - 1]) = 0.0136986301369863
640/16384
mean(sgnprob[1:i - 1]) = 0.07355242566510173
768/16384
mean(sgnprob[1:i - 1]) = 0.01955671447196871
896/16384
mean(sgnprob[1:i - 1]) = 0.06368715083798883
1024/16384
mean(sgnprob[1:i - 1]) = 0.11241446725317693
1152/16384
mean(sgnprob[1:i - 1]) = 0.14682884448305822
1280/16384
mean(sgnprob[1:i - 1]) = 0.16810007818608289
1408/16384
mean(sgnprob[1:i - 1]) = 0.11584932480454868
1536/16384
mean(sgnprob[1:i - 1]) = 0.13876221498371336
1664/16384
mean(sgnprob[1:i - 1]) = 0.14251352976548406
1792/16384
mean(sgnprob[1:i - 1]) = 0.11557788944723618
1920/16384
mean(sgnprob[1:i - 1]) = 0.13079729025534131
2048/16384
mean(sgnprob[1:i - 1]) = 0.14215925744992672
2176/16384
mean(sgnprob[1:i - 1]) = 0.152183908045977
2304/16384
mean(sgnprob[1:i - 1]) = 0.16977854971775944
2432/16384
mean(sgnprob[1:i - 1]) = 0.18058412176059235
2560/16384
mean(sgnprob[1:i - 1]) = 0.1942164908167253
2688/16384
mean(sgnprob[1:i - 1]) = 0.1656122069222181
2816/16384
mean(sgnprob[1:i - 1]) = 0.1744227353463588
2944/16384
mean(sgnprob[1:i - 1]) = 0.17499150526673463
3072/16384
mean(sgnprob[1:i - 1]) = 0.18723542819928363
3200/16384
mean(sgnprob[1:i - 1]) = 0.19474835886214442
3328/16384
mean(sgnprob[1:i - 1]) = 0.19807634505560565
3456/16384
mean(sgnprob[1:i - 1]) = 0.18031837916063675
3584/16384
mean(sgnprob[1:i - 1]) = 0.18671504325983812
3712/16384
mean(sgnprob[1:i - 1]) = 0.19320937752627323
3840/16384
mean(sgnprob[1:i - 1]) = 0.19822870539202916
3968/16384
mean(sgnprob[1:i - 1]) = 0.20342828333753465
4096/16384
mean(sgnprob[1:i - 1]) = 0.21074481074481075
4224/16384
mean(sgnprob[1:i - 1]) = 0.1944115557660431
4352/16384
mean(sgnprob[1:i - 1]) = 0.2020225235578028
4480/16384
mean(sgnprob[1:i - 1]) = 0.18821165438714
4608/16384
mean(sgnprob[1:i - 1]) = 0.19209897981332755
4736/16384
mean(sgnprob[1:i - 1]) = 0.17592397043294614
4864/16384
mean(sgnprob[1:i - 1]) = 0.18034135307423402
4992/16384
mean(sgnprob[1:i - 1]) = 0.17972350230414746
5120/16384
mean(sgnprob[1:i - 1]) = 0.1654620042977144
5248/16384
mean(sgnprob[1:i - 1]) = 0.1690489803697351
5376/16384
mean(sgnprob[1:i - 1]) = 0.17246511627906977
5504/16384
mean(sgnprob[1:i - 1]) = 0.1775395238960567
5632/16384
mean(sgnprob[1:i - 1]) = 0.17989699875688156
5760/16384
mean(sgnprob[1:i - 1]) = 0.16652196561903107
5888/16384
mean(sgnprob[1:i - 1]) = 0.15236962799388484
6016/16384
mean(sgnprob[1:i - 1]) = 0.14380714879467996
6144/16384
mean(sgnprob[1:i - 1]) = 0.14699658147484942
6272/16384
mean(sgnprob[1:i - 1]) = 0.1506936692712486
6400/16384
mean(sgnprob[1:i - 1]) = 0.14049070167213626
6528/16384
mean(sgnprob[1:i - 1]) = 0.14386394974720393
6656/16384
mean(sgnprob[1:i - 1]) = 0.14650638617580766
6784/16384
mean(sgnprob[1:i - 1]) = 0.13637033760872772
6912/16384
mean(sgnprob[1:i - 1]) = 0.12863550860946318
7040/16384
mean(sgnprob[1:i - 1]) = 0.1325472368234124
7168/16384
mean(sgnprob[1:i - 1]) = 0.13576112738942375
7296/16384
mean(sgnprob[1:i - 1]) = 0.14242631939684716
7424/16384
mean(sgnprob[1:i - 1]) = 0.14859221339081233
7552/16384
mean(sgnprob[1:i - 1]) = 0.1537544696066746
7680/16384
mean(sgnprob[1:i - 1]) = 0.1590050787863003
7808/16384
mean(sgnprob[1:i - 1]) = 0.16152171128474446
7936/16384
mean(sgnprob[1:i - 1]) = 0.15412728418399496
8064/16384
mean(sgnprob[1:i - 1]) = 0.1482078630782587
8192/16384
mean(sgnprob[1:i - 1]) = 0.15004272982541814
8320/16384
mean(sgnprob[1:i - 1]) = 0.15326361341507394
8448/16384
mean(sgnprob[1:i - 1]) = 0.1570971942701551
8576/16384
mean(sgnprob[1:i - 1]) = 0.15848396501457726
8704/16384
mean(sgnprob[1:i - 1]) = 0.16051936113983684
8832/16384
mean(sgnprob[1:i - 1]) = 0.16430755293851207
8960/16384
mean(sgnprob[1:i - 1]) = 0.15660229936376827
9088/16384
mean(sgnprob[1:i - 1]) = 0.16033894574667107
9216/16384
mean(sgnprob[1:i - 1]) = 0.1529028757460662
9344/16384
mean(sgnprob[1:i - 1]) = 0.1460986835063684
9472/16384
mean(sgnprob[1:i - 1]) = 0.14729173265758633
9600/16384
mean(sgnprob[1:i - 1]) = 0.14824460881341806
9728/16384
mean(sgnprob[1:i - 1]) = 0.15102292587642643
9856/16384
mean(sgnprob[1:i - 1]) = 0.14337899543378996
9984/16384
mean(sgnprob[1:i - 1]) = 0.14514674947410597
10112/16384
mean(sgnprob[1:i - 1]) = 0.14924339827910196
10240/16384
mean(sgnprob[1:i - 1]) = 0.15030764723117493
10368/16384
mean(sgnprob[1:i - 1]) = 0.14324298254075432
10496/16384
mean(sgnprob[1:i - 1]) = 0.1462601238685088
10624/16384
mean(sgnprob[1:i - 1]) = 0.13866139508613387
10752/16384
mean(sgnprob[1:i - 1]) = 0.1405450655752953
10880/16384
mean(sgnprob[1:i - 1]) = 0.14403897417042008
11008/16384
mean(sgnprob[1:i - 1]) = 0.14890524211865178
11136/16384
mean(sgnprob[1:i - 1]) = 0.14342164346654693
11264/16384
mean(sgnprob[1:i - 1]) = 0.14711888484418006
11392/16384
mean(sgnprob[1:i - 1]) = 0.14915283996137302
11520/16384
mean(sgnprob[1:i - 1]) = 0.1513152183349249
11648/16384
mean(sgnprob[1:i - 1]) = 0.15480381214046535
11776/16384
mean(sgnprob[1:i - 1]) = 0.15634819532908706
11904/16384
mean(sgnprob[1:i - 1]) = 0.15029824414013274
12032/16384
mean(sgnprob[1:i - 1]) = 0.15219017538026763
12160/16384
mean(sgnprob[1:i - 1]) = 0.1471338103462456
12288/16384
mean(sgnprob[1:i - 1]) = 0.1423455684870188
12416/16384
mean(sgnprob[1:i - 1]) = 0.13878372935964559
12544/16384
mean(sgnprob[1:i - 1]) = 0.14119429163676953
12672/16384
mean(sgnprob[1:i - 1]) = 0.13676900007892037
12800/16384
mean(sgnprob[1:i - 1]) = 0.13790139854676148
12928/16384
mean(sgnprob[1:i - 1]) = 0.14071323586292256
13056/16384
mean(sgnprob[1:i - 1]) = 0.14209115281501342
13184/16384
mean(sgnprob[1:i - 1]) = 0.14435257528635365
13312/16384
mean(sgnprob[1:i - 1]) = 0.13965892870558186
13440/16384
mean(sgnprob[1:i - 1]) = 0.14204925961753107
13568/16384
mean(sgnprob[1:i - 1]) = 0.14365740399498783
13696/16384
mean(sgnprob[1:i - 1]) = 0.1383716684921504
13824/16384
mean(sgnprob[1:i - 1]) = 0.1339072560225711
13952/16384
mean(sgnprob[1:i - 1]) = 0.12895132965378825
14080/16384
mean(sgnprob[1:i - 1]) = 0.13090418353576247
14208/16384
mean(sgnprob[1:i - 1]) = 0.132258745688745
14336/16384
mean(sgnprob[1:i - 1]) = 0.13303104290198814
14464/16384
mean(sgnprob[1:i - 1]) = 0.13669363202655052
14592/16384
mean(sgnprob[1:i - 1]) = 0.13919539442121856
14720/16384
mean(sgnprob[1:i - 1]) = 0.13445206875467083
14848/16384
mean(sgnprob[1:i - 1]) = 0.1305987741631306
14976/16384
mean(sgnprob[1:i - 1]) = 0.12734557595993323
15104/16384
mean(sgnprob[1:i - 1]) = 0.12388267231675826
15232/16384
mean(sgnprob[1:i - 1]) = 0.12599304050948723
15360/16384
mean(sgnprob[1:i - 1]) = 0.12220847711439548
15488/16384
mean(sgnprob[1:i - 1]) = 0.12352295473623039
15616/16384
mean(sgnprob[1:i - 1]) = 0.12635286583413385
15744/16384
mean(sgnprob[1:i - 1]) = 0.12697706917360096
15872/16384
mean(sgnprob[1:i - 1]) = 0.12192048390145549
16000/16384
mean(sgnprob[1:i - 1]) = 0.11894493405837865
16128/16384
mean(sgnprob[1:i - 1]) = 0.12122527438457245
16256/16384
mean(sgnprob[1:i - 1]) = 0.11731774838511227
16384/16384
mean(sgnprob[1:i - 1]) = 0.11469205884148202
735.349435 seconds (167.11 M allocations: 70.745 GiB, 1.31% gc time, 1.22% compilation time)
