## SLURM PROLOG ###############################################################
##    Job ID : 5955284
##  Job Name : etgent_N(1,3)_seed1249
##  Nodelist : node1748
##      CPUs : 8
##  Mem/Node : 2048 MB
## Directory : /oscar/home/trazzaz/AFQMC
##   Job Started : Mon Nov 11 10:14:53 PM EST 2024
###############################################################################
U = 2.0
seed = 1249
λₖ = 0.0
Warming up
128/512
256/512
384/512
512/512
Measuring
128/1024
256/1024
384/1024
512/1024
640/1024
768/1024
896/1024
1024/1024
115.790028 seconds (80.56 M allocations: 16.970 GiB, 3.11% gc time, 8.45% compilation time)
λₖ = 0.2
Warming up
128/512
256/512
384/512
512/512
Measuring
128/1024
256/1024
384/1024
512/1024
640/1024
768/1024
896/1024
1024/1024
107.389525 seconds (76.83 M allocations: 16.806 GiB, 3.11% gc time, 0.09% compilation time)
λₖ = 0.4
Warming up
128/512
256/512
384/512
512/512
Measuring
128/1024
256/1024
384/1024
512/1024
640/1024
768/1024
896/1024
1024/1024
109.041212 seconds (76.82 M allocations: 16.805 GiB, 2.87% gc time)
λₖ = 0.6
Warming up
128/512
256/512
384/512
512/512
Measuring
128/1024
256/1024
384/1024
512/1024
640/1024
768/1024
896/1024
1024/1024
105.205789 seconds (76.82 M allocations: 16.805 GiB, 2.79% gc time)
λₖ = 0.8
Warming up
128/512
256/512
384/512
512/512
Measuring
128/1024
256/1024
384/1024
512/1024
640/1024
768/1024
896/1024
1024/1024
105.005240 seconds (76.82 M allocations: 16.805 GiB, 2.69% gc time)
