## SLURM PROLOG ###############################################################
##    Job ID : 8822242
##  Job Name : sbatch_etgent.sh
##  Nodelist : node1717
##      CPUs : 8
##  Mem/Node : 4096 MB
## Directory : /oscar/home/trazzaz/AFQMC
##   Job Started : Thu Feb 27 05:33:58 PM EST 2025
###############################################################################
seed = 1237
U = 2.0
β = 6.0
Warming up
128/1024
256/1024
384/1024
512/1024
640/1024
768/1024
896/1024
1024/1024
Measuring
128/16384
mean(sgnprob[1:i - 1]) = 0.3228346456692913
256/16384
mean(sgnprob[1:i - 1]) = 0.38823529411764707
384/16384
mean(sgnprob[1:i - 1]) = 0.13838120104438642
512/16384
mean(sgnprob[1:i - 1]) = 0.005870841487279843
640/16384
mean(sgnprob[1:i - 1]) = 0.10172143974960876
768/16384
mean(sgnprob[1:i - 1]) = 0.15514993481095177
896/16384
mean(sgnprob[1:i - 1]) = 0.06815642458100558
1024/16384
mean(sgnprob[1:i - 1]) = 0.12805474095796676
1152/16384
mean(sgnprob[1:i - 1]) = 0.16246741963509992
1280/16384
mean(sgnprob[1:i - 1]) = 0.2040656763096169
1408/16384
mean(sgnprob[1:i - 1]) = 0.2224591329068941
1536/16384
mean(sgnprob[1:i - 1]) = 0.1517915309446254
1664/16384
mean(sgnprob[1:i - 1]) = 0.1761876127480457
1792/16384
mean(sgnprob[1:i - 1]) = 0.1970965940815187
1920/16384
mean(sgnprob[1:i - 1]) = 0.21417404898384576
2048/16384
mean(sgnprob[1:i - 1]) = 0.1714704445530044
2176/16384
mean(sgnprob[1:i - 1]) = 0.18160919540229886
2304/16384
mean(sgnprob[1:i - 1]) = 0.1471993052540165
2432/16384
mean(sgnprob[1:i - 1]) = 0.16083916083916083
2560/16384
mean(sgnprob[1:i - 1]) = 0.1324736225087925
2688/16384
mean(sgnprob[1:i - 1]) = 0.14923706736136955
2816/16384
mean(sgnprob[1:i - 1]) = 0.12397868561278863
2944/16384
mean(sgnprob[1:i - 1]) = 0.13693510023785252
3072/16384
mean(sgnprob[1:i - 1]) = 0.1429501790947574
3200/16384
mean(sgnprob[1:i - 1]) = 0.15473585495467335
3328/16384
mean(sgnprob[1:i - 1]) = 0.1638112413585813
3456/16384
mean(sgnprob[1:i - 1]) = 0.17221418234442837
3584/16384
mean(sgnprob[1:i - 1]) = 0.15043259838124476
3712/16384
mean(sgnprob[1:i - 1]) = 0.15710051199137698
3840/16384
mean(sgnprob[1:i - 1]) = 0.16332378223495703
3968/16384
mean(sgnprob[1:i - 1]) = 0.1419208469876481
4096/16384
mean(sgnprob[1:i - 1]) = 0.15555555555555556
4224/16384
mean(sgnprob[1:i - 1]) = 0.16457494672034098
4352/16384
mean(sgnprob[1:i - 1]) = 0.14732245460813606
4480/16384
mean(sgnprob[1:i - 1]) = 0.1542755079258763
4608/16384
mean(sgnprob[1:i - 1]) = 0.14000434121988278
4736/16384
mean(sgnprob[1:i - 1]) = 0.14804646251319958
4864/16384
mean(sgnprob[1:i - 1]) = 0.1564877647542669
4992/16384
mean(sgnprob[1:i - 1]) = 0.16609897816068925
5120/16384
mean(sgnprob[1:i - 1]) = 0.15335026372338348
5248/16384
mean(sgnprob[1:i - 1]) = 0.16180674671240708
5376/16384
mean(sgnprob[1:i - 1]) = 0.16874418604651162
5504/16384
mean(sgnprob[1:i - 1]) = 0.1746320188987825
5632/16384
mean(sgnprob[1:i - 1]) = 0.1607174569348251
5760/16384
mean(sgnprob[1:i - 1]) = 0.1668692481333565
5888/16384
mean(sgnprob[1:i - 1]) = 0.15474774927807033
6016/16384
mean(sgnprob[1:i - 1]) = 0.16242726517040731
6144/16384
mean(sgnprob[1:i - 1]) = 0.1505778935373596
6272/16384
mean(sgnprob[1:i - 1]) = 0.15579652368043373
6400/16384
mean(sgnprob[1:i - 1]) = 0.1633067666822941
6528/16384
mean(sgnprob[1:i - 1]) = 0.15397579286042593
6656/16384
mean(sgnprob[1:i - 1]) = 0.16213373403456047
6784/16384
mean(sgnprob[1:i - 1]) = 0.16644552557865253
6912/16384
mean(sgnprob[1:i - 1]) = 0.17349153523368543
7040/16384
mean(sgnprob[1:i - 1]) = 0.1771558460008524
7168/16384
mean(sgnprob[1:i - 1]) = 0.1826426677828938
7296/16384
mean(sgnprob[1:i - 1]) = 0.1868403015764222
7424/16384
mean(sgnprob[1:i - 1]) = 0.17796039337195205
7552/16384
mean(sgnprob[1:i - 1]) = 0.1669977486425639
7680/16384
mean(sgnprob[1:i - 1]) = 0.17306941007943744
7808/16384
mean(sgnprob[1:i - 1]) = 0.1768925323427693
7936/16384
mean(sgnprob[1:i - 1]) = 0.17958412098298676
8064/16384
mean(sgnprob[1:i - 1]) = 0.1856629046260697
8192/16384
mean(sgnprob[1:i - 1]) = 0.18959833964106948
8320/16384
mean(sgnprob[1:i - 1]) = 0.19389349681452098
8448/16384
mean(sgnprob[1:i - 1]) = 0.19711140049721795
8576/16384
mean(sgnprob[1:i - 1]) = 0.1876384839650146
8704/16384
mean(sgnprob[1:i - 1]) = 0.17890382626680454
8832/16384
mean(sgnprob[1:i - 1]) = 0.1817461216170309
8960/16384
mean(sgnprob[1:i - 1]) = 0.18495367786583325
9088/16384
mean(sgnprob[1:i - 1]) = 0.18829096511499946
9216/16384
mean(sgnprob[1:i - 1]) = 0.1806836679327184
9344/16384
mean(sgnprob[1:i - 1]) = 0.18355988440543722
9472/16384
mean(sgnprob[1:i - 1]) = 0.1859360152043079
9600/16384
mean(sgnprob[1:i - 1]) = 0.18866548598812377
9728/16384
mean(sgnprob[1:i - 1]) = 0.17898632671944073
9856/16384
mean(sgnprob[1:i - 1]) = 0.18274987316083208
9984/16384
mean(sgnprob[1:i - 1]) = 0.18541520584994492
10112/16384
mean(sgnprob[1:i - 1]) = 0.1765404015428741
10240/16384
mean(sgnprob[1:i - 1]) = 0.1796073835335482
10368/16384
mean(sgnprob[1:i - 1]) = 0.18298446995273465
10496/16384
mean(sgnprob[1:i - 1]) = 0.18627918056217246
10624/16384
mean(sgnprob[1:i - 1]) = 0.18987103454767956
10752/16384
mean(sgnprob[1:i - 1]) = 0.18184354943726164
10880/16384
mean(sgnprob[1:i - 1]) = 0.1859545914146521
11008/16384
mean(sgnprob[1:i - 1]) = 0.18869810120832198
11136/16384
mean(sgnprob[1:i - 1]) = 0.1911989223170184
11264/16384
mean(sgnprob[1:i - 1]) = 0.1943531918671757
11392/16384
mean(sgnprob[1:i - 1]) = 0.18725309454832761
11520/16384
mean(sgnprob[1:i - 1]) = 0.18951297855716642
11648/16384
mean(sgnprob[1:i - 1]) = 0.19137975444320426
11776/16384
mean(sgnprob[1:i - 1]) = 0.19252653927813163
11904/16384
mean(sgnprob[1:i - 1]) = 0.19549693354616482
12032/16384
mean(sgnprob[1:i - 1]) = 0.19790541102152773
12160/16384
mean(sgnprob[1:i - 1]) = 0.20042766674891027
12288/16384
mean(sgnprob[1:i - 1]) = 0.1936192724017254
12416/16384
mean(sgnprob[1:i - 1]) = 0.19629480467176802
12544/16384
mean(sgnprob[1:i - 1]) = 0.1977995694809854
12672/16384
mean(sgnprob[1:i - 1]) = 0.19138189566727173
12800/16384
mean(sgnprob[1:i - 1]) = 0.19353074458942104
12928/16384
mean(sgnprob[1:i - 1]) = 0.18852015162063898
13056/16384
mean(sgnprob[1:i - 1]) = 0.19111451551129835
13184/16384
mean(sgnprob[1:i - 1]) = 0.19487218387316999
13312/16384
mean(sgnprob[1:i - 1]) = 0.19840733228157162
13440/16384
mean(sgnprob[1:i - 1]) = 0.20187513951930947
13568/16384
mean(sgnprob[1:i - 1]) = 0.20291884720277142
13696/16384
mean(sgnprob[1:i - 1]) = 0.20306681270536692
13824/16384
mean(sgnprob[1:i - 1]) = 0.19684583664906316
13952/16384
mean(sgnprob[1:i - 1]) = 0.1986237545695649
14080/16384
mean(sgnprob[1:i - 1]) = 0.19156190070317494
14208/16384
mean(sgnprob[1:i - 1]) = 0.19448159358062928
14336/16384
mean(sgnprob[1:i - 1]) = 0.19748866410882457
14464/16384
mean(sgnprob[1:i - 1]) = 0.1997510889856876
14592/16384
mean(sgnprob[1:i - 1]) = 0.20046604071002672
14720/16384
mean(sgnprob[1:i - 1]) = 0.20279910319994565
14848/16384
mean(sgnprob[1:i - 1]) = 0.20482252306863338
14976/16384
mean(sgnprob[1:i - 1]) = 0.2076126878130217
15104/16384
mean(sgnprob[1:i - 1]) = 0.20982586241144144
15232/16384
mean(sgnprob[1:i - 1]) = 0.21344626091523866
15360/16384
mean(sgnprob[1:i - 1]) = 0.21401132886255617
15488/16384
mean(sgnprob[1:i - 1]) = 0.20914315232130173
15616/16384
mean(sgnprob[1:i - 1]) = 0.21216778738392572
15744/16384
mean(sgnprob[1:i - 1]) = 0.2128565076541955
15872/16384
mean(sgnprob[1:i - 1]) = 0.2145422468653519
16000/16384
mean(sgnprob[1:i - 1]) = 0.20957559847490467
16128/16384
mean(sgnprob[1:i - 1]) = 0.21188069696781794
16256/16384
mean(sgnprob[1:i - 1]) = 0.20652107043986465
16384/16384
mean(sgnprob[1:i - 1]) = 0.208203625709577
731.955764 seconds (167.11 M allocations: 70.745 GiB, 1.27% gc time, 1.22% compilation time)
