## SLURM PROLOG ###############################################################
##    Job ID : 8833975
##  Job Name : sbatch_etgent.sh
##  Nodelist : node1327
##      CPUs : 8
##  Mem/Node : 4096 MB
## Directory : /oscar/home/trazzaz/AFQMC
##   Job Started : Fri Feb 28 03:23:13 AM EST 2025
###############################################################################
seed = 1529
U = 2.0
β = 6.0
Warming up
128/1024
256/1024
384/1024
512/1024
640/1024
768/1024
896/1024
1024/1024
Measuring
128/16384
mean(sgnprob[1:i - 1]) = -0.29133858267716534
256/16384
mean(sgnprob[1:i - 1]) = -0.058823529411764705
384/16384
mean(sgnprob[1:i - 1]) = 0.033942558746736295
512/16384
mean(sgnprob[1:i - 1]) = 0.08023483365949119
640/16384
mean(sgnprob[1:i - 1]) = 0.09859154929577464
768/16384
mean(sgnprob[1:i - 1]) = 0.0560625814863103
896/16384
mean(sgnprob[1:i - 1]) = 0.06368715083798883
1024/16384
mean(sgnprob[1:i - 1]) = 0.07917888563049853
1152/16384
mean(sgnprob[1:i - 1]) = 0.02693310165073849
1280/16384
mean(sgnprob[1:i - 1]) = -0.010164190774042221
1408/16384
mean(sgnprob[1:i - 1]) = 0.004975124378109453
1536/16384
mean(sgnprob[1:i - 1]) = 0.018892508143322474
1664/16384
mean(sgnprob[1:i - 1]) = 0.039085989176187615
1792/16384
mean(sgnprob[1:i - 1]) = 0.02512562814070352
1920/16384
mean(sgnprob[1:i - 1]) = 0.030745179781136008
2048/16384
mean(sgnprob[1:i - 1]) = 0.03859306301905227
2176/16384
mean(sgnprob[1:i - 1]) = 0.013333333333333334
2304/16384
mean(sgnprob[1:i - 1]) = 0.02040816326530612
2432/16384
mean(sgnprob[1:i - 1]) = 0.008638420403126285
2560/16384
mean(sgnprob[1:i - 1]) = -0.0019538882375928096
2688/16384
mean(sgnprob[1:i - 1]) = -0.0026051358392259025
2816/16384
mean(sgnprob[1:i - 1]) = -0.012433392539964476
2944/16384
mean(sgnprob[1:i - 1]) = -0.020047570506286104
3072/16384
mean(sgnprob[1:i - 1]) = -0.02702702702702703
3200/16384
mean(sgnprob[1:i - 1]) = -0.038449515473585494
3328/16384
mean(sgnprob[1:i - 1]) = -0.02855425308085362
3456/16384
mean(sgnprob[1:i - 1]) = -0.01939218523878437
3584/16384
mean(sgnprob[1:i - 1]) = -0.028188668713368687
3712/16384
mean(sgnprob[1:i - 1]) = -0.03907302613850714
3840/16384
mean(sgnprob[1:i - 1]) = -0.04193800468872102
3968/16384
mean(sgnprob[1:i - 1]) = -0.03251827577514495
4096/16384
mean(sgnprob[1:i - 1]) = -0.022222222222222223
4224/16384
mean(sgnprob[1:i - 1]) = -0.013497513615912858
4352/16384
mean(sgnprob[1:i - 1]) = -0.009423121121581246
4480/16384
mean(sgnprob[1:i - 1]) = -0.015405224380442064
4608/16384
mean(sgnprob[1:i - 1]) = -0.010635988712828304
4736/16384
mean(sgnprob[1:i - 1]) = -0.010770855332629356
4864/16384
mean(sgnprob[1:i - 1]) = -0.0030845157310302285
4992/16384
mean(sgnprob[1:i - 1]) = -0.011420557002604689
5120/16384
mean(sgnprob[1:i - 1]) = -0.007227974213713616
5248/16384
mean(sgnprob[1:i - 1]) = -0.004002287021154946
5376/16384
mean(sgnprob[1:i - 1]) = 0.00018604651162790697
5504/16384
mean(sgnprob[1:i - 1]) = 0.005996729056878067
5632/16384
mean(sgnprob[1:i - 1]) = 0.002663825253063399
5760/16384
mean(sgnprob[1:i - 1]) = 0.01024483417259941
5888/16384
mean(sgnprob[1:i - 1]) = 0.013419398675046714
6016/16384
mean(sgnprob[1:i - 1]) = 0.02144638403990025
6144/16384
mean(sgnprob[1:i - 1]) = 0.026534266644961745
6272/16384
mean(sgnprob[1:i - 1]) = 0.03205230425769415
6400/16384
mean(sgnprob[1:i - 1]) = 0.02703547429285826
6528/16384
mean(sgnprob[1:i - 1]) = 0.028343802665849547
6656/16384
mean(sgnprob[1:i - 1]) = 0.03350864012021037
6784/16384
mean(sgnprob[1:i - 1]) = 0.03759398496240601
6912/16384
mean(sgnprob[1:i - 1]) = 0.029084068875705398
7040/16384
mean(sgnprob[1:i - 1]) = 0.03310129279727234
7168/16384
mean(sgnprob[1:i - 1]) = 0.03809125156969443
7296/16384
mean(sgnprob[1:i - 1]) = 0.030843043180260453
7424/16384
mean(sgnprob[1:i - 1]) = 0.03408325474875387
7552/16384
mean(sgnprob[1:i - 1]) = 0.03244603363792875
7680/16384
mean(sgnprob[1:i - 1]) = 0.03424925120458393
7808/16384
mean(sgnprob[1:i - 1]) = 0.029076469834763672
7936/16384
mean(sgnprob[1:i - 1]) = 0.024322621298046628
8064/16384
mean(sgnprob[1:i - 1]) = 0.019223614039439414
8192/16384
mean(sgnprob[1:i - 1]) = 0.022829935294835794
8320/16384
mean(sgnprob[1:i - 1]) = 0.026084865969467484
8448/16384
mean(sgnprob[1:i - 1]) = 0.03066177341067835
8576/16384
mean(sgnprob[1:i - 1]) = 0.03346938775510204
8704/16384
mean(sgnprob[1:i - 1]) = 0.03619441571871768
8832/16384
mean(sgnprob[1:i - 1]) = 0.03997282300985166
8960/16384
mean(sgnprob[1:i - 1]) = 0.03672284853220226
9088/16384
mean(sgnprob[1:i - 1]) = 0.03972708264553758
9216/16384
mean(sgnprob[1:i - 1]) = 0.040260444926749864
9344/16384
mean(sgnprob[1:i - 1]) = 0.038424488922187736
9472/16384
mean(sgnprob[1:i - 1]) = 0.04001689367543026
9600/16384
mean(sgnprob[1:i - 1]) = 0.04198353995207834
9728/16384
mean(sgnprob[1:i - 1]) = 0.03999177547034029
9856/16384
mean(sgnprob[1:i - 1]) = 0.04393708777270421
9984/16384
mean(sgnprob[1:i - 1]) = 0.04177101071822097
10112/16384
mean(sgnprob[1:i - 1]) = 0.037286124023340916
10240/16384
mean(sgnprob[1:i - 1]) = 0.036038675651919136
10368/16384
mean(sgnprob[1:i - 1]) = 0.03192823381884827
10496/16384
mean(sgnprob[1:i - 1]) = 0.03496903287279657
10624/16384
mean(sgnprob[1:i - 1]) = 0.032664972230066834
10752/16384
mean(sgnprob[1:i - 1]) = 0.03357827178867082
10880/16384
mean(sgnprob[1:i - 1]) = 0.030241750160860375
11008/16384
mean(sgnprob[1:i - 1]) = 0.03188879803761243
11136/16384
mean(sgnprob[1:i - 1]) = 0.03529411764705882
11264/16384
mean(sgnprob[1:i - 1]) = 0.03808931900914499
11392/16384
mean(sgnprob[1:i - 1]) = 0.039943815292775
11520/16384
mean(sgnprob[1:i - 1]) = 0.04071533987325289
11648/16384
mean(sgnprob[1:i - 1]) = 0.04129818837468876
11776/16384
mean(sgnprob[1:i - 1]) = 0.038980891719745225
11904/16384
mean(sgnprob[1:i - 1]) = 0.0362093589851298
12032/16384
mean(sgnprob[1:i - 1]) = 0.034161748815559806
12160/16384
mean(sgnprob[1:i - 1]) = 0.03561148120733613
12288/16384
mean(sgnprob[1:i - 1]) = 0.03703100838284366
12416/16384
mean(sgnprob[1:i - 1]) = 0.038904550946435766
12544/16384
mean(sgnprob[1:i - 1]) = 0.0404209519253767
12672/16384
mean(sgnprob[1:i - 1]) = 0.041906716123431456
12800/16384
mean(sgnprob[1:i - 1]) = 0.04273771388389718
12928/16384
mean(sgnprob[1:i - 1]) = 0.04355225497021738
13056/16384
mean(sgnprob[1:i - 1]) = 0.0457296055151283
13184/16384
mean(sgnprob[1:i - 1]) = 0.043313358112720926
13312/16384
mean(sgnprob[1:i - 1]) = 0.04500037562917888
13440/16384
mean(sgnprob[1:i - 1]) = 0.04665525708758092
13568/16384
mean(sgnprob[1:i - 1]) = 0.04650991376133264
13696/16384
mean(sgnprob[1:i - 1]) = 0.04768163563344286
13824/16384
mean(sgnprob[1:i - 1]) = 0.05027852130507126
13952/16384
mean(sgnprob[1:i - 1]) = 0.050247294100781305
14080/16384
mean(sgnprob[1:i - 1]) = 0.050784856879039705
14208/16384
mean(sgnprob[1:i - 1]) = 0.04835644400647568
14336/16384
mean(sgnprob[1:i - 1]) = 0.04611091733519358
14464/16384
mean(sgnprob[1:i - 1]) = 0.04321371776256655
14592/16384
mean(sgnprob[1:i - 1]) = 0.04461654444520595
14720/16384
mean(sgnprob[1:i - 1]) = 0.046810245261226985
14848/16384
mean(sgnprob[1:i - 1]) = 0.045059608001616486
14976/16384
mean(sgnprob[1:i - 1]) = 0.04440734557595993
15104/16384
mean(sgnprob[1:i - 1]) = 0.046414619611997616
15232/16384
mean(sgnprob[1:i - 1]) = 0.046418488608758454
15360/16384
mean(sgnprob[1:i - 1]) = 0.04394817370922586
15488/16384
mean(sgnprob[1:i - 1]) = 0.044359785626654616
15616/16384
mean(sgnprob[1:i - 1]) = 0.04553314121037464
15744/16384
mean(sgnprob[1:i - 1]) = 0.04668741662961316
15872/16384
mean(sgnprob[1:i - 1]) = 0.048327137546468404
16000/16384
mean(sgnprob[1:i - 1]) = 0.04531533220826302
16128/16384
mean(sgnprob[1:i - 1]) = 0.04780802381100019
16256/16384
mean(sgnprob[1:i - 1]) = 0.04620116887111658
16384/16384
mean(sgnprob[1:i - 1]) = 0.04352072270036013
811.552044 seconds (167.11 M allocations: 70.745 GiB, 1.71% gc time, 1.23% compilation time)
