## SLURM PROLOG ###############################################################
##    Job ID : 8833992
##  Job Name : sbatch_etgent.sh
##  Nodelist : node1733
##      CPUs : 8
##  Mem/Node : 4096 MB
## Directory : /oscar/home/trazzaz/AFQMC
##   Job Started : Fri Feb 28 03:56:47 AM EST 2025
###############################################################################
seed = 1546
U = 2.0
β = 6.0
Warming up
128/1024
256/1024
384/1024
512/1024
640/1024
768/1024
896/1024
1024/1024
Measuring
128/16384
mean(sgnprob[1:i - 1]) = 0.4330708661417323
256/16384
mean(sgnprob[1:i - 1]) = 0.28627450980392155
384/16384
mean(sgnprob[1:i - 1]) = 0.3472584856396867
512/16384
mean(sgnprob[1:i - 1]) = 0.33072407045009783
640/16384
mean(sgnprob[1:i - 1]) = 0.3615023474178404
768/16384
mean(sgnprob[1:i - 1]) = 0.2438070404172099
896/16384
mean(sgnprob[1:i - 1]) = 0.25139664804469275
1024/16384
mean(sgnprob[1:i - 1]) = 0.176930596285435
1152/16384
mean(sgnprob[1:i - 1]) = 0.18158123370981755
1280/16384
mean(sgnprob[1:i - 1]) = 0.13213448006254885
1408/16384
mean(sgnprob[1:i - 1]) = 0.15707178393745558
1536/16384
mean(sgnprob[1:i - 1]) = 0.1752442996742671
1664/16384
mean(sgnprob[1:i - 1]) = 0.19903788334335537
1792/16384
mean(sgnprob[1:i - 1]) = 0.15019542155220547
1920/16384
mean(sgnprob[1:i - 1]) = 0.167274622199062
2048/16384
mean(sgnprob[1:i - 1]) = 0.17830972154372252
2176/16384
mean(sgnprob[1:i - 1]) = 0.14298850574712643
2304/16384
mean(sgnprob[1:i - 1]) = 0.11940946591402518
2432/16384
mean(sgnprob[1:i - 1]) = 0.09666803784450843
2560/16384
mean(sgnprob[1:i - 1]) = 0.10668229777256741
2688/16384
mean(sgnprob[1:i - 1]) = 0.08373650911797544
2816/16384
mean(sgnprob[1:i - 1]) = 0.09840142095914742
2944/16384
mean(sgnprob[1:i - 1]) = 0.11247026843357119
3072/16384
mean(sgnprob[1:i - 1]) = 0.12276131553239987
3200/16384
mean(sgnprob[1:i - 1]) = 0.1328540168802751
3328/16384
mean(sgnprob[1:i - 1]) = 0.11812443642921551
3456/16384
mean(sgnprob[1:i - 1]) = 0.1316931982633864
3584/16384
mean(sgnprob[1:i - 1]) = 0.13871057772816076
3712/16384
mean(sgnprob[1:i - 1]) = 0.14686068445163028
3840/16384
mean(sgnprob[1:i - 1]) = 0.14717374316228185
3968/16384
mean(sgnprob[1:i - 1]) = 0.13335013864381146
4096/16384
mean(sgnprob[1:i - 1]) = 0.13894993894993896
4224/16384
mean(sgnprob[1:i - 1]) = 0.14468387402320626
4352/16384
mean(sgnprob[1:i - 1]) = 0.15283842794759825
4480/16384
mean(sgnprob[1:i - 1]) = 0.15784773386916723
4608/16384
mean(sgnprob[1:i - 1]) = 0.14391143911439114
4736/16384
mean(sgnprob[1:i - 1]) = 0.14889123548046462
4864/16384
mean(sgnprob[1:i - 1]) = 0.15484268969771744
4992/16384
mean(sgnprob[1:i - 1]) = 0.14245642155880586
5120/16384
mean(sgnprob[1:i - 1]) = 0.14670834147294393
5248/16384
mean(sgnprob[1:i - 1]) = 0.15113398132266057
5376/16384
mean(sgnprob[1:i - 1]) = 0.15609302325581395
5504/16384
mean(sgnprob[1:i - 1]) = 0.16082137016172995
5632/16384
mean(sgnprob[1:i - 1]) = 0.1649795773397265
5760/16384
mean(sgnprob[1:i - 1]) = 0.1679110956763327
5888/16384
mean(sgnprob[1:i - 1]) = 0.1700356718192628
6016/16384
mean(sgnprob[1:i - 1]) = 0.171072319201995
6144/16384
mean(sgnprob[1:i - 1]) = 0.16001953442943187
6272/16384
mean(sgnprob[1:i - 1]) = 0.16345080529421144
6400/16384
mean(sgnprob[1:i - 1]) = 0.16893264572589467
6528/16384
mean(sgnprob[1:i - 1]) = 0.17266738164547266
6656/16384
mean(sgnprob[1:i - 1]) = 0.16574004507888807
6784/16384
mean(sgnprob[1:i - 1]) = 0.15494618900191656
6912/16384
mean(sgnprob[1:i - 1]) = 0.15786427434524672
7040/16384
mean(sgnprob[1:i - 1]) = 0.16408580764313113
7168/16384
mean(sgnprob[1:i - 1]) = 0.1536207618250314
7296/16384
mean(sgnprob[1:i - 1]) = 0.1457162440027416
7424/16384
mean(sgnprob[1:i - 1]) = 0.14832278054694867
7552/16384
mean(sgnprob[1:i - 1]) = 0.14978148589590784
7680/16384
mean(sgnprob[1:i - 1]) = 0.15275426487823934
7808/16384
mean(sgnprob[1:i - 1]) = 0.15614192391443577
7936/16384
mean(sgnprob[1:i - 1]) = 0.1596723377441714
8064/16384
mean(sgnprob[1:i - 1]) = 0.16085824134937368
8192/16384
mean(sgnprob[1:i - 1]) = 0.16347210352826272
8320/16384
mean(sgnprob[1:i - 1]) = 0.15446568097127059
8448/16384
mean(sgnprob[1:i - 1]) = 0.1497573102876761
8576/16384
mean(sgnprob[1:i - 1]) = 0.1517201166180758
8704/16384
mean(sgnprob[1:i - 1]) = 0.14443295415374008
8832/16384
mean(sgnprob[1:i - 1]) = 0.1366776129543653
8960/16384
mean(sgnprob[1:i - 1]) = 0.1318227480745619
9088/16384
mean(sgnprob[1:i - 1]) = 0.12424342467260922
9216/16384
mean(sgnprob[1:i - 1]) = 0.12859468258274553
9344/16384
mean(sgnprob[1:i - 1]) = 0.12105319490527668
9472/16384
mean(sgnprob[1:i - 1]) = 0.12300707422658642
9600/16384
mean(sgnprob[1:i - 1]) = 0.11532451297010106
9728/16384
mean(sgnprob[1:i - 1]) = 0.1177135807546006
9856/16384
mean(sgnprob[1:i - 1]) = 0.12186707255200406
9984/16384
mean(sgnprob[1:i - 1]) = 0.12491235099669439
10112/16384
mean(sgnprob[1:i - 1]) = 0.11739689447136782
10240/16384
mean(sgnprob[1:i - 1]) = 0.1116319953120422
10368/16384
mean(sgnprob[1:i - 1]) = 0.11546252532072923
10496/16384
mean(sgnprob[1:i - 1]) = 0.11805621724630777
10624/16384
mean(sgnprob[1:i - 1]) = 0.11832815588816718
10752/16384
mean(sgnprob[1:i - 1]) = 0.11264068458748024
10880/16384
mean(sgnprob[1:i - 1]) = 0.11407298464932439
11008/16384
mean(sgnprob[1:i - 1]) = 0.11674389025165803
11136/16384
mean(sgnprob[1:i - 1]) = 0.11180960933991918
11264/16384
mean(sgnprob[1:i - 1]) = 0.10663233596732664
11392/16384
mean(sgnprob[1:i - 1]) = 0.10262487929066808
11520/16384
mean(sgnprob[1:i - 1]) = 0.09731747547530167
11648/16384
mean(sgnprob[1:i - 1]) = 0.09916716751094702
11776/16384
mean(sgnprob[1:i - 1]) = 0.09554140127388536
11904/16384
mean(sgnprob[1:i - 1]) = 0.10005880870368815
12032/16384
mean(sgnprob[1:i - 1]) = 0.10265148366719308
12160/16384
mean(sgnprob[1:i - 1]) = 0.10650546919976972
12288/16384
mean(sgnprob[1:i - 1]) = 0.10751200455766258
12416/16384
mean(sgnprob[1:i - 1]) = 0.1099476439790576
12544/16384
mean(sgnprob[1:i - 1]) = 0.11137686358925297
12672/16384
mean(sgnprob[1:i - 1]) = 0.10677925972693553
12800/16384
mean(sgnprob[1:i - 1]) = 0.10821157902961169
12928/16384
mean(sgnprob[1:i - 1]) = 0.10930610350429334
13056/16384
mean(sgnprob[1:i - 1]) = 0.11114515511298353
13184/16384
mean(sgnprob[1:i - 1]) = 0.10566638853068346
13312/16384
mean(sgnprob[1:i - 1]) = 0.10314777251896927
13440/16384
mean(sgnprob[1:i - 1]) = 0.0985936453605179
13568/16384
mean(sgnprob[1:i - 1]) = 0.10002211247880888
13696/16384
mean(sgnprob[1:i - 1]) = 0.10083972252646951
13824/16384
mean(sgnprob[1:i - 1]) = 0.10323374086667149
13952/16384
mean(sgnprob[1:i - 1]) = 0.09956275535803885
14080/16384
mean(sgnprob[1:i - 1]) = 0.10149868598622061
14208/16384
mean(sgnprob[1:i - 1]) = 0.09819103258956852
14336/16384
mean(sgnprob[1:i - 1]) = 0.09996512033484478
14464/16384
mean(sgnprob[1:i - 1]) = 0.10115467053861578
14592/16384
mean(sgnprob[1:i - 1]) = 0.09917072167774656
14720/16384
mean(sgnprob[1:i - 1]) = 0.09993885454174876
14848/16384
mean(sgnprob[1:i - 1]) = 0.10042432814710042
14976/16384
mean(sgnprob[1:i - 1]) = 0.10263772954924875
15104/16384
mean(sgnprob[1:i - 1]) = 0.10362179699397471
15232/16384
mean(sgnprob[1:i - 1]) = 0.10550850239642834
15360/16384
mean(sgnprob[1:i - 1]) = 0.10814506152744319
15488/16384
mean(sgnprob[1:i - 1]) = 0.10324788532317428
15616/16384
mean(sgnprob[1:i - 1]) = 0.09983989753442203
15744/16384
mean(sgnprob[1:i - 1]) = 0.10029854538525058
15872/16384
mean(sgnprob[1:i - 1]) = 0.09659126709092054
16000/16384
mean(sgnprob[1:i - 1]) = 0.09231826989186824
16128/16384
mean(sgnprob[1:i - 1]) = 0.08860916475475909
16256/16384
mean(sgnprob[1:i - 1]) = 0.08569670870501384
16384/16384
mean(sgnprob[1:i - 1]) = 0.08746871757309406
736.514829 seconds (167.11 M allocations: 70.745 GiB, 1.35% gc time, 1.24% compilation time)
