## SLURM PROLOG ###############################################################
##    Job ID : 7671167
##  Job Name : sbatch_etgent.sh
##  Nodelist : node1320
##      CPUs : 8
##  Mem/Node : 4096 MB
## Directory : /oscar/home/trazzaz/AFQMC
##   Job Started : Sun Jan 19 04:12:36 AM EST 2025
###############################################################################
seed = 1277
U = 2.0
β = 6.0
Warming up
128/1024
256/1024
384/1024
512/1024
640/1024
768/1024
896/1024
1024/1024
Measuring
128/16384
mean(sgnprob[1:i - 1]) = 0.33858267716535434
256/16384
mean(sgnprob[1:i - 1]) = 0.23921568627450981
384/16384
mean(sgnprob[1:i - 1]) = 0.028720626631853787
512/16384
mean(sgnprob[1:i - 1]) = 0.08806262230919765
640/16384
mean(sgnprob[1:i - 1]) = 0.02034428794992175
768/16384
mean(sgnprob[1:i - 1]) = 0.001303780964797914
896/16384
mean(sgnprob[1:i - 1]) = -0.03687150837988827
1024/16384
mean(sgnprob[1:i - 1]) = -0.020527859237536656
1152/16384
mean(sgnprob[1:i - 1]) = 0.007819287576020852
1280/16384
mean(sgnprob[1:i - 1]) = 0.028928850664581705
1408/16384
mean(sgnprob[1:i - 1]) = 0.012082444918265814
1536/16384
mean(sgnprob[1:i - 1]) = -0.004560260586319218
1664/16384
mean(sgnprob[1:i - 1]) = -0.010222489476849068
1792/16384
mean(sgnprob[1:i - 1]) = 0.008375209380234505
1920/16384
mean(sgnprob[1:i - 1]) = -0.011985409067222511
2048/16384
mean(sgnprob[1:i - 1]) = 0.00537371763556424
2176/16384
mean(sgnprob[1:i - 1]) = 0.02436781609195402
2304/16384
mean(sgnprob[1:i - 1]) = 0.03690838037342597
2432/16384
mean(sgnprob[1:i - 1]) = 0.049773755656108594
2560/16384
mean(sgnprob[1:i - 1]) = 0.06291520125048847
2688/16384
mean(sgnprob[1:i - 1]) = 0.053963528098250835
2816/16384
mean(sgnprob[1:i - 1]) = 0.05435168738898757
2944/16384
mean(sgnprob[1:i - 1]) = 0.06354060482500849
3072/16384
mean(sgnprob[1:i - 1]) = 0.048518397915988276
3200/16384
mean(sgnprob[1:i - 1]) = 0.036573929352922786
3328/16384
mean(sgnprob[1:i - 1]) = 0.027953110910730387
3456/16384
mean(sgnprob[1:i - 1]) = 0.015918958031837915
3584/16384
mean(sgnprob[1:i - 1]) = 0.006977393245883338
3712/16384
mean(sgnprob[1:i - 1]) = 0.007275666936135812
3840/16384
mean(sgnprob[1:i - 1]) = 0.016410523573847355
3968/16384
mean(sgnprob[1:i - 1]) = 0.023947567431308294
4096/16384
mean(sgnprob[1:i - 1]) = 0.029548229548229547
4224/16384
mean(sgnprob[1:i - 1]) = 0.03859815297182098
4352/16384
mean(sgnprob[1:i - 1]) = 0.03838198115375776
4480/16384
mean(sgnprob[1:i - 1]) = 0.04219691895512391
4608/16384
mean(sgnprob[1:i - 1]) = 0.031907966138484914
4736/16384
mean(sgnprob[1:i - 1]) = 0.025554382259767687
4864/16384
mean(sgnprob[1:i - 1]) = 0.031873329220645695
4992/16384
mean(sgnprob[1:i - 1]) = 0.035463834902825085
5120/16384
mean(sgnprob[1:i - 1]) = 0.04200039070130885
5248/16384
mean(sgnprob[1:i - 1]) = 0.04593100819515914
5376/16384
mean(sgnprob[1:i - 1]) = 0.03888372093023256
5504/16384
mean(sgnprob[1:i - 1]) = 0.03870616027621297
5632/16384
mean(sgnprob[1:i - 1]) = 0.04421949920085243
5760/16384
mean(sgnprob[1:i - 1]) = 0.049140475777044626
5888/16384
mean(sgnprob[1:i - 1]) = 0.0524885340580941
6016/16384
mean(sgnprob[1:i - 1]) = 0.05802161263507897
6144/16384
mean(sgnprob[1:i - 1]) = 0.06071951815074068
6272/16384
mean(sgnprob[1:i - 1]) = 0.054377292297879125
6400/16384
mean(sgnprob[1:i - 1]) = 0.05610251601812783
6528/16384
mean(sgnprob[1:i - 1]) = 0.050712425310249734
6656/16384
mean(sgnprob[1:i - 1]) = 0.051540195341848234
6784/16384
mean(sgnprob[1:i - 1]) = 0.053516143299425036
6912/16384
mean(sgnprob[1:i - 1]) = 0.04818405440601939
7040/16384
mean(sgnprob[1:i - 1]) = 0.051001562721977554
7168/16384
mean(sgnprob[1:i - 1]) = 0.04562578484721641
7296/16384
mean(sgnprob[1:i - 1]) = 0.04153529814941741
7424/16384
mean(sgnprob[1:i - 1]) = 0.04432170281557322
7552/16384
mean(sgnprob[1:i - 1]) = 0.047808237319560326
7680/16384
mean(sgnprob[1:i - 1]) = 0.05013673655423884
7808/16384
mean(sgnprob[1:i - 1]) = 0.053413603176636355
7936/16384
mean(sgnprob[1:i - 1]) = 0.048519218651543794
8064/16384
mean(sgnprob[1:i - 1]) = 0.05196576956467816
8192/16384
mean(sgnprob[1:i - 1]) = 0.055548773043584423
8320/16384
mean(sgnprob[1:i - 1]) = 0.056617381896862606
8448/16384
mean(sgnprob[1:i - 1]) = 0.05173434355392447
8576/16384
mean(sgnprob[1:i - 1]) = 0.05282798833819242
8704/16384
mean(sgnprob[1:i - 1]) = 0.055498104102033784
8832/16384
mean(sgnprob[1:i - 1]) = 0.057637866606273354
8960/16384
mean(sgnprob[1:i - 1]) = 0.06150239982140864
9088/16384
mean(sgnprob[1:i - 1]) = 0.06393749312204247
9216/16384
mean(sgnprob[1:i - 1]) = 0.06673901247965273
9344/16384
mean(sgnprob[1:i - 1]) = 0.06882157765171787
9472/16384
mean(sgnprob[1:i - 1]) = 0.06958082567838665
9600/16384
mean(sgnprob[1:i - 1]) = 0.06511094905719346
9728/16384
mean(sgnprob[1:i - 1]) = 0.06651588362290531
9856/16384
mean(sgnprob[1:i - 1]) = 0.06341958396752917
9984/16384
mean(sgnprob[1:i - 1]) = 0.06521085845938095
10112/16384
mean(sgnprob[1:i - 1]) = 0.06675897537335575
10240/16384
mean(sgnprob[1:i - 1]) = 0.06358042777615001
10368/16384
mean(sgnprob[1:i - 1]) = 0.06491752676762805
10496/16384
mean(sgnprob[1:i - 1]) = 0.06145783706526917
10624/16384
mean(sgnprob[1:i - 1]) = 0.06354137249364586
10752/16384
mean(sgnprob[1:i - 1]) = 0.06427309087526742
10880/16384
mean(sgnprob[1:i - 1]) = 0.06866439930140637
11008/16384
mean(sgnprob[1:i - 1]) = 0.06968292904515308
11136/16384
mean(sgnprob[1:i - 1]) = 0.06654692411315671
11264/16384
mean(sgnprob[1:i - 1]) = 0.06863180324957827
11392/16384
mean(sgnprob[1:i - 1]) = 0.0631200070230884
11520/16384
mean(sgnprob[1:i - 1]) = 0.06016147235003039
11648/16384
mean(sgnprob[1:i - 1]) = 0.06224778913024813
11776/16384
mean(sgnprob[1:i - 1]) = 0.0591932059447983
11904/16384
mean(sgnprob[1:i - 1]) = 0.05620431823909939
12032/16384
mean(sgnprob[1:i - 1]) = 0.05710248524644668
12160/16384
mean(sgnprob[1:i - 1]) = 0.055349946541656384
12288/16384
mean(sgnprob[1:i - 1]) = 0.0521689590624237
12416/16384
mean(sgnprob[1:i - 1]) = 0.0540475231574708
12544/16384
mean(sgnprob[1:i - 1]) = 0.05684445507454357
12672/16384
mean(sgnprob[1:i - 1]) = 0.05311340857075211
12800/16384
mean(sgnprob[1:i - 1]) = 0.049769513243222124
12928/16384
mean(sgnprob[1:i - 1]) = 0.05252572135839716
13056/16384
mean(sgnprob[1:i - 1]) = 0.05446189199540406
13184/16384
mean(sgnprob[1:i - 1]) = 0.052415990290525676
13312/16384
mean(sgnprob[1:i - 1]) = 0.052963714221320714
13440/16384
mean(sgnprob[1:i - 1]) = 0.055286851700275315
13568/16384
mean(sgnprob[1:i - 1]) = 0.05815581926733987
13696/16384
mean(sgnprob[1:i - 1]) = 0.05907265425337715
13824/16384
mean(sgnprob[1:i - 1]) = 0.05490848585690516
13952/16384
mean(sgnprob[1:i - 1]) = 0.05082072969679593
14080/16384
mean(sgnprob[1:i - 1]) = 0.04908019035442858
14208/16384
mean(sgnprob[1:i - 1]) = 0.04596325754909552
14336/16384
mean(sgnprob[1:i - 1]) = 0.04625043599581444
14464/16384
mean(sgnprob[1:i - 1]) = 0.048606789739334855
14592/16384
mean(sgnprob[1:i - 1]) = 0.05009937632787335
14720/16384
mean(sgnprob[1:i - 1]) = 0.04721788164956858
14848/16384
mean(sgnprob[1:i - 1]) = 0.04842729170876271
14976/16384
mean(sgnprob[1:i - 1]) = 0.04988313856427379
15104/16384
mean(sgnprob[1:i - 1]) = 0.0523737005892869
15232/16384
mean(sgnprob[1:i - 1]) = 0.054559779397281856
15360/16384
mean(sgnprob[1:i - 1]) = 0.056579204375284846
15488/16384
mean(sgnprob[1:i - 1]) = 0.057790404855685415
15616/16384
mean(sgnprob[1:i - 1]) = 0.05885366634646173
15744/16384
mean(sgnprob[1:i - 1]) = 0.060661881471130025
15872/16384
mean(sgnprob[1:i - 1]) = 0.061432801965849666
16000/16384
mean(sgnprob[1:i - 1]) = 0.05831614475904744
16128/16384
mean(sgnprob[1:i - 1]) = 0.05611707075091461
16256/16384
mean(sgnprob[1:i - 1]) = 0.05653645032297754
16384/16384
mean(sgnprob[1:i - 1]) = 0.05853628761521089
818.694872 seconds (167.10 M allocations: 70.745 GiB, 2.23% gc time, 1.28% compilation time)
