## SLURM PROLOG ###############################################################
##    Job ID : 5902762
##  Job Name : etgent_N2_seed1250
##  Nodelist : node1737
##      CPUs : 8
##  Mem/Node : 2048 MB
## Directory : /oscar/home/trazzaz/AFQMC
##   Job Started : Mon Nov 11 12:55:01 AM EST 2024
###############################################################################
U = 2.0
seed = 1250
λₖ = 0.0
Warming up
128/512
256/512
384/512
512/512
Measuring
128/1024
256/1024
384/1024
512/1024
640/1024
768/1024
896/1024
1024/1024
332.628913 seconds (203.81 M allocations: 1.089 TiB, 25.85% gc time, 2.70% compilation time)
λₖ = 0.2
Warming up
128/512
256/512
384/512
512/512
Measuring
128/1024
256/1024
384/1024
512/1024
640/1024
768/1024
896/1024
1024/1024
355.569354 seconds (201.96 M allocations: 1.089 TiB, 24.86% gc time, 0.03% compilation time)
λₖ = 0.4
Warming up
128/512
256/512
384/512
512/512
Measuring
128/1024
256/1024
384/1024
512/1024
640/1024
768/1024
896/1024
1024/1024
299.717429 seconds (201.96 M allocations: 1.089 TiB, 28.11% gc time)
λₖ = 0.6
Warming up
128/512
256/512
384/512
512/512
Measuring
128/1024
256/1024
384/1024
512/1024
640/1024
768/1024
896/1024
1024/1024
291.196861 seconds (201.96 M allocations: 1.089 TiB, 27.64% gc time)
λₖ = 0.8
Warming up
128/512
256/512
384/512
512/512
Measuring
128/1024
256/1024
384/1024
512/1024
640/1024
768/1024
896/1024
1024/1024
301.618408 seconds (201.96 M allocations: 1.089 TiB, 28.11% gc time)
