## SLURM PROLOG ###############################################################
##    Job ID : 5898729
##  Job Name : etgent_2x2_seed1245
##  Nodelist : node1737
##      CPUs : 8
##  Mem/Node : 2048 MB
## Directory : /oscar/home/trazzaz/AFQMC
##   Job Started : Sun Nov 10 08:32:06 PM EST 2024
###############################################################################
U = 2.0
seed = 1245
λₖ = 0.0
Warming up
128/512
256/512
384/512
512/512
Measuring
128/1024
256/1024
384/1024
512/1024
640/1024
768/1024
896/1024
1024/1024
401.707356 seconds (210.26 M allocations: 1.099 TiB, 24.69% gc time, 2.43% compilation time)
λₖ = 0.2
Warming up
128/512
256/512
384/512
512/512
Measuring
128/1024
256/1024
384/1024
512/1024
640/1024
768/1024
896/1024
1024/1024
432.129368 seconds (208.41 M allocations: 1.099 TiB, 24.36% gc time, 0.03% compilation time)
λₖ = 0.4
Warming up
128/512
256/512
384/512
512/512
Measuring
128/1024
256/1024
384/1024
512/1024
640/1024
768/1024
896/1024
1024/1024
379.437218 seconds (208.41 M allocations: 1.099 TiB, 24.14% gc time)
λₖ = 0.6
Warming up
128/512
256/512
384/512
512/512
Measuring
128/1024
256/1024
384/1024
512/1024
640/1024
768/1024
896/1024
1024/1024
350.975804 seconds (208.41 M allocations: 1.099 TiB, 24.70% gc time)
λₖ = 0.8
Warming up
128/512
256/512
384/512
512/512
Measuring
128/1024
256/1024
384/1024
512/1024
640/1024
768/1024
896/1024
1024/1024
280.906017 seconds (208.41 M allocations: 1.099 TiB, 24.78% gc time)
