## SLURM PROLOG ###############################################################
##    Job ID : 5902714
##  Job Name : etgent_N6_seed1242
##  Nodelist : node1752
##      CPUs : 8
##  Mem/Node : 2048 MB
## Directory : /oscar/home/trazzaz/AFQMC
##   Job Started : Sun Nov 10 11:18:13 PM EST 2024
###############################################################################
U = 2.0
seed = 1242
λₖ = 0.0
Warming up
128/512
256/512
384/512
512/512
Measuring
128/1024
256/1024
384/1024
512/1024
640/1024
768/1024
896/1024
1024/1024
248.553548 seconds (203.81 M allocations: 1.089 TiB, 18.71% gc time, 3.11% compilation time)
λₖ = 0.2
Warming up
128/512
256/512
384/512
512/512
Measuring
128/1024
256/1024
384/1024
512/1024
640/1024
768/1024
896/1024
1024/1024
267.150793 seconds (201.96 M allocations: 1.089 TiB, 18.93% gc time, 0.03% compilation time)
λₖ = 0.4
Warming up
128/512
256/512
384/512
512/512
Measuring
128/1024
256/1024
384/1024
512/1024
640/1024
768/1024
896/1024
1024/1024
207.969853 seconds (201.96 M allocations: 1.089 TiB, 20.90% gc time)
λₖ = 0.6
Warming up
128/512
256/512
384/512
512/512
Measuring
128/1024
256/1024
384/1024
512/1024
640/1024
768/1024
896/1024
1024/1024
211.023269 seconds (201.96 M allocations: 1.089 TiB, 21.27% gc time)
λₖ = 0.8
Warming up
128/512
256/512
384/512
512/512
Measuring
128/1024
256/1024
384/1024
512/1024
640/1024
768/1024
896/1024
1024/1024
208.563318 seconds (201.96 M allocations: 1.089 TiB, 20.96% gc time)
