## SLURM PROLOG ###############################################################
##    Job ID : 8833894
##  Job Name : sbatch_etgent.sh
##  Nodelist : node1736
##      CPUs : 8
##  Mem/Node : 4096 MB
## Directory : /oscar/home/trazzaz/AFQMC
##   Job Started : Fri Feb 28 01:13:15 AM EST 2025
###############################################################################
seed = 1448
U = 2.0
β = 6.0
Warming up
128/1024
256/1024
384/1024
512/1024
640/1024
768/1024
896/1024
1024/1024
Measuring
128/16384
mean(sgnprob[1:i - 1]) = 0.41732283464566927
256/16384
mean(sgnprob[1:i - 1]) = 0.4823529411764706
384/16384
mean(sgnprob[1:i - 1]) = 0.5195822454308094
512/16384
mean(sgnprob[1:i - 1]) = 0.5303326810176126
640/16384
mean(sgnprob[1:i - 1]) = 0.5054773082942097
768/16384
mean(sgnprob[1:i - 1]) = 0.5123859191655802
896/16384
mean(sgnprob[1:i - 1]) = 0.5083798882681564
1024/16384
mean(sgnprob[1:i - 1]) = 0.49560117302052786
1152/16384
mean(sgnprob[1:i - 1]) = 0.38835794960903564
1280/16384
mean(sgnprob[1:i - 1]) = 0.2978889757623143
1408/16384
mean(sgnprob[1:i - 1]) = 0.31201137171286425
1536/16384
mean(sgnprob[1:i - 1]) = 0.31596091205211724
1664/16384
mean(sgnprob[1:i - 1]) = 0.2555622369212267
1792/16384
mean(sgnprob[1:i - 1]) = 0.27079843662758235
1920/16384
mean(sgnprob[1:i - 1]) = 0.21730067743616466
2048/16384
mean(sgnprob[1:i - 1]) = 0.22716170004885197
2176/16384
mean(sgnprob[1:i - 1]) = 0.24597701149425288
2304/16384
mean(sgnprob[1:i - 1]) = 0.20364741641337386
2432/16384
mean(sgnprob[1:i - 1]) = 0.21596051007815714
2560/16384
mean(sgnprob[1:i - 1]) = 0.17936694021101993
2688/16384
mean(sgnprob[1:i - 1]) = 0.14477112020841088
2816/16384
mean(sgnprob[1:i - 1]) = 0.1602131438721137
2944/16384
mean(sgnprob[1:i - 1]) = 0.13013931362555214
3072/16384
mean(sgnprob[1:i - 1]) = 0.14620644741126668
3200/16384
mean(sgnprob[1:i - 1]) = 0.1578618318224445
3328/16384
mean(sgnprob[1:i - 1]) = 0.17222723174030657
3456/16384
mean(sgnprob[1:i - 1]) = 0.18494934876989869
3584/16384
mean(sgnprob[1:i - 1]) = 0.19508791515489812
3712/16384
mean(sgnprob[1:i - 1]) = 0.2029102667744543
3840/16384
mean(sgnprob[1:i - 1]) = 0.18051575931232092
3968/16384
mean(sgnprob[1:i - 1]) = 0.15956642298966472
4096/16384
mean(sgnprob[1:i - 1]) = 0.16874236874236875
4224/16384
mean(sgnprob[1:i - 1]) = 0.17878285578972294
4352/16384
mean(sgnprob[1:i - 1]) = 0.18777292576419213
4480/16384
mean(sgnprob[1:i - 1]) = 0.19848180397410137
4608/16384
mean(sgnprob[1:i - 1]) = 0.2094638593444758
4736/16384
mean(sgnprob[1:i - 1]) = 0.22027455121436115
4864/16384
mean(sgnprob[1:i - 1]) = 0.20008225375282748
4992/16384
mean(sgnprob[1:i - 1]) = 0.18533360048086556
5120/16384
mean(sgnprob[1:i - 1]) = 0.18968548544637626
5248/16384
mean(sgnprob[1:i - 1]) = 0.17133600152468076
5376/16384
mean(sgnprob[1:i - 1]) = 0.15534883720930232
5504/16384
mean(sgnprob[1:i - 1]) = 0.14119571143012902
5632/16384
mean(sgnprob[1:i - 1]) = 0.14935180252175456
5760/16384
mean(sgnprob[1:i - 1]) = 0.1588817503038722
5888/16384
mean(sgnprob[1:i - 1]) = 0.14387633769322236
6016/16384
mean(sgnprob[1:i - 1]) = 0.14945968412302577
6144/16384
mean(sgnprob[1:i - 1]) = 0.13657821911118345
6272/16384
mean(sgnprob[1:i - 1]) = 0.1452718864614894
6400/16384
mean(sgnprob[1:i - 1]) = 0.15330520393811534
6528/16384
mean(sgnprob[1:i - 1]) = 0.16041060211429448
6656/16384
mean(sgnprob[1:i - 1]) = 0.1672426746806912
6784/16384
mean(sgnprob[1:i - 1]) = 0.17057349255491672
6912/16384
mean(sgnprob[1:i - 1]) = 0.17754304731587325
7040/16384
mean(sgnprob[1:i - 1]) = 0.1853956527915897
7168/16384
mean(sgnprob[1:i - 1]) = 0.18989814427235943
7296/16384
mean(sgnprob[1:i - 1]) = 0.19588759424263194
7424/16384
mean(sgnprob[1:i - 1]) = 0.20059275225650006
7552/16384
mean(sgnprob[1:i - 1]) = 0.2059329890080784
7680/16384
mean(sgnprob[1:i - 1]) = 0.19520770933715328
7808/16384
mean(sgnprob[1:i - 1]) = 0.1809914179582426
7936/16384
mean(sgnprob[1:i - 1]) = 0.18538122243226213
8064/16384
mean(sgnprob[1:i - 1]) = 0.17598908594815826
8192/16384
mean(sgnprob[1:i - 1]) = 0.18056403369551946
8320/16384
mean(sgnprob[1:i - 1]) = 0.18620026445486237
8448/16384
mean(sgnprob[1:i - 1]) = 0.19403338463359773
8576/16384
mean(sgnprob[1:i - 1]) = 0.19906705539358602
8704/16384
mean(sgnprob[1:i - 1]) = 0.20349304837412385
8832/16384
mean(sgnprob[1:i - 1]) = 0.19306986751217303
8960/16384
mean(sgnprob[1:i - 1]) = 0.19879450831566023
9088/16384
mean(sgnprob[1:i - 1]) = 0.2021569274788159
9216/16384
mean(sgnprob[1:i - 1]) = 0.20824742268041238
9344/16384
mean(sgnprob[1:i - 1]) = 0.21395697313496737
9472/16384
mean(sgnprob[1:i - 1]) = 0.21718931475029035
9600/16384
mean(sgnprob[1:i - 1]) = 0.2199187415355766
9728/16384
mean(sgnprob[1:i - 1]) = 0.22401562660635346
9856/16384
mean(sgnprob[1:i - 1]) = 0.2273972602739726
9984/16384
mean(sgnprob[1:i - 1]) = 0.23229490133226485
10112/16384
mean(sgnprob[1:i - 1]) = 0.22144199386806449
10240/16384
mean(sgnprob[1:i - 1]) = 0.225900966891298
10368/16384
mean(sgnprob[1:i - 1]) = 0.22967107166972123
10496/16384
mean(sgnprob[1:i - 1]) = 0.23468318246784184
10624/16384
mean(sgnprob[1:i - 1]) = 0.23806834227619317
10752/16384
mean(sgnprob[1:i - 1]) = 0.22853688029020555
10880/16384
mean(sgnprob[1:i - 1]) = 0.23283390017464842
11008/16384
mean(sgnprob[1:i - 1]) = 0.237030980285273
11136/16384
mean(sgnprob[1:i - 1]) = 0.23987427031881456
11264/16384
mean(sgnprob[1:i - 1]) = 0.24229778922134423
11392/16384
mean(sgnprob[1:i - 1]) = 0.24572030550434554
11520/16384
mean(sgnprob[1:i - 1]) = 0.2492403854501259
11648/16384
mean(sgnprob[1:i - 1]) = 0.25130935004722244
11776/16384
mean(sgnprob[1:i - 1]) = 0.24399150743099787
11904/16384
mean(sgnprob[1:i - 1]) = 0.2373351255985886
12032/16384
mean(sgnprob[1:i - 1]) = 0.2306541434627213
12160/16384
mean(sgnprob[1:i - 1]) = 0.231680236861584
12288/16384
mean(sgnprob[1:i - 1]) = 0.2343126882070481
12416/16384
mean(sgnprob[1:i - 1]) = 0.23656866693515907
12544/16384
mean(sgnprob[1:i - 1]) = 0.24005421350554093
12672/16384
mean(sgnprob[1:i - 1]) = 0.2422066135269513
12800/16384
mean(sgnprob[1:i - 1]) = 0.2433783889366357
12928/16384
mean(sgnprob[1:i - 1]) = 0.24514581882880793
13056/16384
mean(sgnprob[1:i - 1]) = 0.2384527001148985
13184/16384
mean(sgnprob[1:i - 1]) = 0.240233634225897
13312/16384
mean(sgnprob[1:i - 1]) = 0.24363308541807527
13440/16384
mean(sgnprob[1:i - 1]) = 0.2463724979537168
13568/16384
mean(sgnprob[1:i - 1]) = 0.24802830397287537
13696/16384
mean(sgnprob[1:i - 1]) = 0.2502373128879153
13824/16384
mean(sgnprob[1:i - 1]) = 0.2519713520943355
13952/16384
mean(sgnprob[1:i - 1]) = 0.24507203784674933
14080/16384
mean(sgnprob[1:i - 1]) = 0.24696356275303644
14208/16384
mean(sgnprob[1:i - 1]) = 0.24853945238262828
14336/16384
mean(sgnprob[1:i - 1]) = 0.25176142309033833
14464/16384
mean(sgnprob[1:i - 1]) = 0.24510820714927747
14592/16384
mean(sgnprob[1:i - 1]) = 0.23857172229456514
14720/16384
mean(sgnprob[1:i - 1]) = 0.24125280250016984
14848/16384
mean(sgnprob[1:i - 1]) = 0.24254058058867112
14976/16384
mean(sgnprob[1:i - 1]) = 0.24514190317195325
15104/16384
mean(sgnprob[1:i - 1]) = 0.2465073164271999
15232/16384
mean(sgnprob[1:i - 1]) = 0.24916289147134135
15360/16384
mean(sgnprob[1:i - 1]) = 0.250992903183801
15488/16384
mean(sgnprob[1:i - 1]) = 0.2534383676632014
15616/16384
mean(sgnprob[1:i - 1]) = 0.25609990393852067
15744/16384
mean(sgnprob[1:i - 1]) = 0.24957123801054437
15872/16384
mean(sgnprob[1:i - 1]) = 0.24402999180895973
16000/16384
mean(sgnprob[1:i - 1]) = 0.24620288768048004
16128/16384
mean(sgnprob[1:i - 1]) = 0.24834129100266633
16256/16384
mean(sgnprob[1:i - 1]) = 0.25032297754537064
16384/16384
mean(sgnprob[1:i - 1]) = 0.2522736983458463
721.203308 seconds (167.11 M allocations: 70.745 GiB, 1.35% gc time, 1.24% compilation time)
