## SLURM PROLOG ###############################################################
##    Job ID : 5899918
##  Job Name : etgent_2x2_seed1255
##  Nodelist : node1711
##      CPUs : 8
##  Mem/Node : 2048 MB
## Directory : /oscar/home/trazzaz/AFQMC
##   Job Started : Sun Nov 10 09:47:08 PM EST 2024
###############################################################################
U = 2.0
seed = 1255
λₖ = 0.0
Warming up
128/512
256/512
384/512
512/512
Measuring
128/1024
256/1024
384/1024
512/1024
640/1024
768/1024
896/1024
1024/1024
289.870802 seconds (210.26 M allocations: 1.099 TiB, 14.70% gc time, 2.46% compilation time)
λₖ = 0.2
Warming up
128/512
256/512
384/512
512/512
Measuring
128/1024
256/1024
384/1024
512/1024
640/1024
768/1024
896/1024
1024/1024
313.328856 seconds (208.41 M allocations: 1.099 TiB, 18.47% gc time, 0.02% compilation time)
λₖ = 0.4
Warming up
128/512
256/512
384/512
512/512
Measuring
128/1024
256/1024
384/1024
512/1024
640/1024
768/1024
896/1024
1024/1024
288.866925 seconds (208.41 M allocations: 1.099 TiB, 18.72% gc time)
λₖ = 0.6
Warming up
128/512
256/512
384/512
512/512
Measuring
128/1024
256/1024
384/1024
512/1024
640/1024
768/1024
896/1024
1024/1024
245.199195 seconds (208.41 M allocations: 1.099 TiB, 18.86% gc time)
λₖ = 0.8
Warming up
128/512
256/512
384/512
512/512
Measuring
128/1024
256/1024
384/1024
512/1024
640/1024
768/1024
896/1024
1024/1024
209.202996 seconds (208.41 M allocations: 1.099 TiB, 18.91% gc time)
