## SLURM PROLOG ###############################################################
##    Job ID : 7671148
##  Job Name : sbatch_etgent.sh
##  Nodelist : node1736
##      CPUs : 8
##  Mem/Node : 4096 MB
## Directory : /oscar/home/trazzaz/AFQMC
##   Job Started : Sun Jan 19 03:45:36 AM EST 2025
###############################################################################
seed = 1258
U = 2.0
β = 6.0
Warming up
128/1024
256/1024
384/1024
512/1024
640/1024
768/1024
896/1024
1024/1024
Measuring
128/16384
mean(sgnprob[1:i - 1]) = 0.2755905511811024
256/16384
mean(sgnprob[1:i - 1]) = 0.21568627450980393
384/16384
mean(sgnprob[1:i - 1]) = 0.25326370757180156
512/16384
mean(sgnprob[1:i - 1]) = 0.26810176125244617
640/16384
mean(sgnprob[1:i - 1]) = 0.18935837245696402
768/16384
mean(sgnprob[1:i - 1]) = 0.11864406779661017
896/16384
mean(sgnprob[1:i - 1]) = 0.07262569832402235
1024/16384
mean(sgnprob[1:i - 1]) = 0.08113391984359726
1152/16384
mean(sgnprob[1:i - 1]) = 0.09643788010425716
1280/16384
mean(sgnprob[1:i - 1]) = 0.1164972634870993
1408/16384
mean(sgnprob[1:i - 1]) = 0.09594882729211088
1536/16384
mean(sgnprob[1:i - 1]) = 0.0996742671009772
1664/16384
mean(sgnprob[1:i - 1]) = 0.07877330126277811
1792/16384
mean(sgnprob[1:i - 1]) = 0.0876605248464545
1920/16384
mean(sgnprob[1:i - 1]) = 0.09848879624804585
2048/16384
mean(sgnprob[1:i - 1]) = 0.09819247679531021
2176/16384
mean(sgnprob[1:i - 1]) = 0.07678160919540229
2304/16384
mean(sgnprob[1:i - 1]) = 0.062092922275293096
2432/16384
mean(sgnprob[1:i - 1]) = 0.05059646236116824
2560/16384
mean(sgnprob[1:i - 1]) = 0.035560765924189136
2688/16384
mean(sgnprob[1:i - 1]) = 0.04800893189430592
2816/16384
mean(sgnprob[1:i - 1]) = 0.055062166962699825
2944/16384
mean(sgnprob[1:i - 1]) = 0.06489976214746856
3072/16384
mean(sgnprob[1:i - 1]) = 0.07000976880494952
3200/16384
mean(sgnprob[1:i - 1]) = 0.0647077211628634
3328/16384
mean(sgnprob[1:i - 1]) = 0.05259993988578299
3456/16384
mean(sgnprob[1:i - 1]) = 0.039652677279305354
3584/16384
mean(sgnprob[1:i - 1]) = 0.035445157689087355
3712/16384
mean(sgnprob[1:i - 1]) = 0.025599568849366747
3840/16384
mean(sgnprob[1:i - 1]) = 0.018494399583224796
3968/16384
mean(sgnprob[1:i - 1]) = 0.025964204688681623
4096/16384
mean(sgnprob[1:i - 1]) = 0.0315018315018315
4224/16384
mean(sgnprob[1:i - 1]) = 0.02581103480937722
4352/16384
mean(sgnprob[1:i - 1]) = 0.0319466789243852
4480/16384
mean(sgnprob[1:i - 1]) = 0.03907122125474436
4608/16384
mean(sgnprob[1:i - 1]) = 0.03147384415020621
4736/16384
mean(sgnprob[1:i - 1]) = 0.028511087645195353
4864/16384
mean(sgnprob[1:i - 1]) = 0.022414147645486326
4992/16384
mean(sgnprob[1:i - 1]) = 0.010619114405930675
5120/16384
mean(sgnprob[1:i - 1]) = 0.014651299081851924
5248/16384
mean(sgnprob[1:i - 1]) = 0.006670478368591576
5376/16384
mean(sgnprob[1:i - 1]) = 0.012837209302325582
5504/16384
mean(sgnprob[1:i - 1]) = 0.015446120298019263
5632/16384
mean(sgnprob[1:i - 1]) = 0.017936423370626887
5760/16384
mean(sgnprob[1:i - 1]) = 0.025525264802917173
5888/16384
mean(sgnprob[1:i - 1]) = 0.02904705282826567
6016/16384
mean(sgnprob[1:i - 1]) = 0.0314214463840399
6144/16384
mean(sgnprob[1:i - 1]) = 0.037278202832492266
6272/16384
mean(sgnprob[1:i - 1]) = 0.040663371073194066
6400/16384
mean(sgnprob[1:i - 1]) = 0.04547585560243788
6528/16384
mean(sgnprob[1:i - 1]) = 0.05009958633369082
6656/16384
mean(sgnprob[1:i - 1]) = 0.04432757325319309
6784/16384
mean(sgnprob[1:i - 1]) = 0.047619047619047616
6912/16384
mean(sgnprob[1:i - 1]) = 0.04905223556648821
7040/16384
mean(sgnprob[1:i - 1]) = 0.05242221906520812
7168/16384
mean(sgnprob[1:i - 1]) = 0.04813729593972373
7296/16384
mean(sgnprob[1:i - 1]) = 0.0450993831391364
7424/16384
mean(sgnprob[1:i - 1]) = 0.04701603125420989
7552/16384
mean(sgnprob[1:i - 1]) = 0.04039200105946232
7680/16384
mean(sgnprob[1:i - 1]) = 0.04232321916916265
7808/16384
mean(sgnprob[1:i - 1]) = 0.03496861790700653
7936/16384
mean(sgnprob[1:i - 1]) = 0.0389413988657845
8064/16384
mean(sgnprob[1:i - 1]) = 0.041547810988465834
8192/16384
mean(sgnprob[1:i - 1]) = 0.04407276278842632
8320/16384
mean(sgnprob[1:i - 1]) = 0.04075009015506671
8448/16384
mean(sgnprob[1:i - 1]) = 0.037764886942109624
8576/16384
mean(sgnprob[1:i - 1]) = 0.04116618075801749
8704/16384
mean(sgnprob[1:i - 1]) = 0.03688383316097897
8832/16384
mean(sgnprob[1:i - 1]) = 0.039293398256143135
8960/16384
mean(sgnprob[1:i - 1]) = 0.03560665252818395
9088/16384
mean(sgnprob[1:i - 1]) = 0.031363486299108616
9216/16384
mean(sgnprob[1:i - 1]) = 0.027672273467173086
9344/16384
mean(sgnprob[1:i - 1]) = 0.031146312747511506
9472/16384
mean(sgnprob[1:i - 1]) = 0.033470594446204205
9600/16384
mean(sgnprob[1:i - 1]) = 0.03344098343577456
9728/16384
mean(sgnprob[1:i - 1]) = 0.02950550015420993
9856/16384
mean(sgnprob[1:i - 1]) = 0.030339928970065957
9984/16384
mean(sgnprob[1:i - 1]) = 0.032555344084944406
10112/16384
mean(sgnprob[1:i - 1]) = 0.028384927306893484
10240/16384
mean(sgnprob[1:i - 1]) = 0.029788065240746165
10368/16384
mean(sgnprob[1:i - 1]) = 0.027876917140927944
10496/16384
mean(sgnprob[1:i - 1]) = 0.025631252977608383
10624/16384
mean(sgnprob[1:i - 1]) = 0.02155699896451097
10752/16384
mean(sgnprob[1:i - 1]) = 0.01869593526183611
10880/16384
mean(sgnprob[1:i - 1]) = 0.021233569261880688
11008/16384
mean(sgnprob[1:i - 1]) = 0.022621967838648133
11136/16384
mean(sgnprob[1:i - 1]) = 0.024517287831162998
11264/16384
mean(sgnprob[1:i - 1]) = 0.026014383379206252
11392/16384
mean(sgnprob[1:i - 1]) = 0.027477833377227635
11520/16384
mean(sgnprob[1:i - 1]) = 0.025957114332841393
11648/16384
mean(sgnprob[1:i - 1]) = 0.02824761741220915
11776/16384
mean(sgnprob[1:i - 1]) = 0.03048832271762208
11904/16384
mean(sgnprob[1:i - 1]) = 0.025791817188943963
12032/16384
mean(sgnprob[1:i - 1]) = 0.02884215775912227
12160/16384
mean(sgnprob[1:i - 1]) = 0.02475532527345999
12288/16384
mean(sgnprob[1:i - 1]) = 0.022869699682591355
12416/16384
mean(sgnprob[1:i - 1]) = 0.018123238018525976
12544/16384
mean(sgnprob[1:i - 1]) = 0.015705971458183848
12672/16384
mean(sgnprob[1:i - 1]) = 0.01744140162575961
12800/16384
mean(sgnprob[1:i - 1]) = 0.019454644894132355
12928/16384
mean(sgnprob[1:i - 1]) = 0.01833372012067765
13056/16384
mean(sgnprob[1:i - 1]) = 0.016621983914209115
13184/16384
mean(sgnprob[1:i - 1]) = 0.015095198361526207
13312/16384
mean(sgnprob[1:i - 1]) = 0.012696266245961986
13440/16384
mean(sgnprob[1:i - 1]) = 0.015254111168985788
13568/16384
mean(sgnprob[1:i - 1]) = 0.013636028598805926
13696/16384
mean(sgnprob[1:i - 1]) = 0.012048192771084338
13824/16384
mean(sgnprob[1:i - 1]) = 0.013962236851624104
13952/16384
mean(sgnprob[1:i - 1]) = 0.015411081642892982
14080/16384
mean(sgnprob[1:i - 1]) = 0.016549470843099653
14208/16384
mean(sgnprob[1:i - 1]) = 0.013725628211445063
14336/16384
mean(sgnprob[1:i - 1]) = 0.015974886641088246
14464/16384
mean(sgnprob[1:i - 1]) = 0.014865518910322893
14592/16384
mean(sgnprob[1:i - 1]) = 0.012404907134534987
14720/16384
mean(sgnprob[1:i - 1]) = 0.01542224335892384
14848/16384
mean(sgnprob[1:i - 1]) = 0.017444601603017446
14976/16384
mean(sgnprob[1:i - 1]) = 0.01969949916527546
15104/16384
mean(sgnprob[1:i - 1]) = 0.016619214725551217
15232/16384
mean(sgnprob[1:i - 1]) = 0.01910577112467993
15360/16384
mean(sgnprob[1:i - 1]) = 0.017774594700175794
15488/16384
mean(sgnprob[1:i - 1]) = 0.019306515141731775
15616/16384
mean(sgnprob[1:i - 1]) = 0.01978866474543708
15744/16384
mean(sgnprob[1:i - 1]) = 0.018103283999237756
15872/16384
mean(sgnprob[1:i - 1]) = 0.015436960493982736
16000/16384
mean(sgnprob[1:i - 1]) = 0.01381336333520845
16128/16384
mean(sgnprob[1:i - 1]) = 0.013083648539716004
16256/16384
mean(sgnprob[1:i - 1]) = 0.014949246385727468
16384/16384
mean(sgnprob[1:i - 1]) = 0.012635048525911005
743.544061 seconds (167.10 M allocations: 70.745 GiB, 2.15% gc time, 1.39% compilation time)
