## SLURM PROLOG ###############################################################
##    Job ID : 8822299
##  Job Name : sbatch_etgent.sh
##  Nodelist : node1322
##      CPUs : 8
##  Mem/Node : 4096 MB
## Directory : /oscar/home/trazzaz/AFQMC
##   Job Started : Thu Feb 27 07:05:05 PM EST 2025
###############################################################################
seed = 1294
U = 2.0
β = 6.0
Warming up
128/1024
256/1024
384/1024
512/1024
640/1024
768/1024
896/1024
1024/1024
Measuring
128/16384
mean(sgnprob[1:i - 1]) = -0.29133858267716534
256/16384
mean(sgnprob[1:i - 1]) = -0.29411764705882354
384/16384
mean(sgnprob[1:i - 1]) = -0.31070496083550914
512/16384
mean(sgnprob[1:i - 1]) = -0.299412915851272
640/16384
mean(sgnprob[1:i - 1]) = -0.3270735524256651
768/16384
mean(sgnprob[1:i - 1]) = -0.3089960886571056
896/16384
mean(sgnprob[1:i - 1]) = -0.21564245810055865
1024/16384
mean(sgnprob[1:i - 1]) = -0.14173998044965788
1152/16384
mean(sgnprob[1:i - 1]) = -0.157254561251086
1280/16384
mean(sgnprob[1:i - 1]) = -0.1164972634870993
1408/16384
mean(sgnprob[1:i - 1]) = -0.06609808102345416
1536/16384
mean(sgnprob[1:i - 1]) = -0.098371335504886
1664/16384
mean(sgnprob[1:i - 1]) = -0.05953096812988575
1792/16384
mean(sgnprob[1:i - 1]) = -0.031825795644891124
1920/16384
mean(sgnprob[1:i - 1]) = -0.004689942678478374
2048/16384
mean(sgnprob[1:i - 1]) = 0.009281875915974597
2176/16384
mean(sgnprob[1:i - 1]) = 0.031724137931034485
2304/16384
mean(sgnprob[1:i - 1]) = 0.055145462440295265
2432/16384
mean(sgnprob[1:i - 1]) = 0.027560674619498148
2560/16384
mean(sgnprob[1:i - 1]) = 0.04259476357952325
2688/16384
mean(sgnprob[1:i - 1]) = 0.055452177149237065
2816/16384
mean(sgnprob[1:i - 1]) = 0.06642984014209591
2944/16384
mean(sgnprob[1:i - 1]) = 0.07713217804960924
3072/16384
mean(sgnprob[1:i - 1]) = 0.060240963855421686
3200/16384
mean(sgnprob[1:i - 1]) = 0.07346045639262269
3328/16384
mean(sgnprob[1:i - 1]) = 0.08205590622182146
3456/16384
mean(sgnprob[1:i - 1]) = 0.06396526772793054
3584/16384
mean(sgnprob[1:i - 1]) = 0.049958135640524697
3712/16384
mean(sgnprob[1:i - 1]) = 0.06386418755052546
3840/16384
mean(sgnprob[1:i - 1]) = 0.05027350872623079
3968/16384
mean(sgnprob[1:i - 1]) = 0.05873456012099824
4096/16384
mean(sgnprob[1:i - 1]) = 0.04713064713064713
4224/16384
mean(sgnprob[1:i - 1]) = 0.058489225668955716
4352/16384
mean(sgnprob[1:i - 1]) = 0.06688117674097908
4480/16384
mean(sgnprob[1:i - 1]) = 0.05648582272828757
4608/16384
mean(sgnprob[1:i - 1]) = 0.0649012372476666
4736/16384
mean(sgnprob[1:i - 1]) = 0.07243928194297783
4864/16384
mean(sgnprob[1:i - 1]) = 0.07999177462471725
4992/16384
mean(sgnprob[1:i - 1]) = 0.0847525545982769
5120/16384
mean(sgnprob[1:i - 1]) = 0.09201015823403008
5248/16384
mean(sgnprob[1:i - 1]) = 0.09815132456641891
5376/16384
mean(sgnprob[1:i - 1]) = 0.08725581395348837
5504/16384
mean(sgnprob[1:i - 1]) = 0.09285844085044521
5632/16384
mean(sgnprob[1:i - 1]) = 0.09714082756171195
5760/16384
mean(sgnprob[1:i - 1]) = 0.10644209064073624
5888/16384
mean(sgnprob[1:i - 1]) = 0.09767283845761848
6016/16384
mean(sgnprob[1:i - 1]) = 0.10390689941812137
6144/16384
mean(sgnprob[1:i - 1]) = 0.09718378642357155
6272/16384
mean(sgnprob[1:i - 1]) = 0.0878647743581566
6400/16384
mean(sgnprob[1:i - 1]) = 0.0923581809657759
6528/16384
mean(sgnprob[1:i - 1]) = 0.08196721311475409
6656/16384
mean(sgnprob[1:i - 1]) = 0.07227648384673178
6784/16384
mean(sgnprob[1:i - 1]) = 0.07651481645289694
6912/16384
mean(sgnprob[1:i - 1]) = 0.06757343365648966
7040/16384
mean(sgnprob[1:i - 1]) = 0.0734479329450206
7168/16384
mean(sgnprob[1:i - 1]) = 0.0777173154736989
7296/16384
mean(sgnprob[1:i - 1]) = 0.08320767649074709
7424/16384
mean(sgnprob[1:i - 1]) = 0.08958642058466927
7552/16384
mean(sgnprob[1:i - 1]) = 0.09680836975235069
7680/16384
mean(sgnprob[1:i - 1]) = 0.08790207058210704
7808/16384
mean(sgnprob[1:i - 1]) = 0.0928653772255668
7936/16384
mean(sgnprob[1:i - 1]) = 0.09565217391304348
8064/16384
mean(sgnprob[1:i - 1]) = 0.09959072305593451
8192/16384
mean(sgnprob[1:i - 1]) = 0.0938835307044317
8320/16384
mean(sgnprob[1:i - 1]) = 0.08835196538045438
8448/16384
mean(sgnprob[1:i - 1]) = 0.08393512489641293
8576/16384
mean(sgnprob[1:i - 1]) = 0.08734693877551021
8704/16384
mean(sgnprob[1:i - 1]) = 0.08881994714466276
8832/16384
mean(sgnprob[1:i - 1]) = 0.09183557920960253
8960/16384
mean(sgnprob[1:i - 1]) = 0.08873758231945529
9088/16384
mean(sgnprob[1:i - 1]) = 0.09431055353802135
9216/16384
mean(sgnprob[1:i - 1]) = 0.09929462832338579
9344/16384
mean(sgnprob[1:i - 1]) = 0.09301081023225945
9472/16384
mean(sgnprob[1:i - 1]) = 0.09766656108119523
9600/16384
mean(sgnprob[1:i - 1]) = 0.10303156578810292
9728/16384
mean(sgnprob[1:i - 1]) = 0.10599362598951373
9856/16384
mean(sgnprob[1:i - 1]) = 0.11050228310502283
9984/16384
mean(sgnprob[1:i - 1]) = 0.11249123509966943
10112/16384
mean(sgnprob[1:i - 1]) = 0.11423202452774206
10240/16384
mean(sgnprob[1:i - 1]) = 0.11924992675065925
10368/16384
mean(sgnprob[1:i - 1]) = 0.1139191665862834
10496/16384
mean(sgnprob[1:i - 1]) = 0.11786565030967128
10624/16384
mean(sgnprob[1:i - 1]) = 0.12228184128777182
10752/16384
mean(sgnprob[1:i - 1]) = 0.12529067063528973
10880/16384
mean(sgnprob[1:i - 1]) = 0.12878021877010754
11008/16384
mean(sgnprob[1:i - 1]) = 0.13128009448532751
11136/16384
mean(sgnprob[1:i - 1]) = 0.13336326897171083
11264/16384
mean(sgnprob[1:i - 1]) = 0.13504394921424132
11392/16384
mean(sgnprob[1:i - 1]) = 0.1375647440962163
11520/16384
mean(sgnprob[1:i - 1]) = 0.1389877593541106
11648/16384
mean(sgnprob[1:i - 1]) = 0.14089465098308576
11776/16384
mean(sgnprob[1:i - 1]) = 0.13749469214437368
11904/16384
mean(sgnprob[1:i - 1]) = 0.13920860287322523
12032/16384
mean(sgnprob[1:i - 1]) = 0.13440279278530462
12160/16384
mean(sgnprob[1:i - 1]) = 0.129698165967596
12288/16384
mean(sgnprob[1:i - 1]) = 0.13160250671441362
12416/16384
mean(sgnprob[1:i - 1]) = 0.13475634313330648
12544/16384
mean(sgnprob[1:i - 1]) = 0.13832416487283744
12672/16384
mean(sgnprob[1:i - 1]) = 0.13282298161155395
12800/16384
mean(sgnprob[1:i - 1]) = 0.1335260567231815
12928/16384
mean(sgnprob[1:i - 1]) = 0.1346793532915603
13056/16384
mean(sgnprob[1:i - 1]) = 0.13044810417464572
13184/16384
mean(sgnprob[1:i - 1]) = 0.13236744291891073
13312/16384
mean(sgnprob[1:i - 1]) = 0.1280895499962437
13440/16384
mean(sgnprob[1:i - 1]) = 0.1304412530694248
13568/16384
mean(sgnprob[1:i - 1]) = 0.13186408196358812
13696/16384
mean(sgnprob[1:i - 1]) = 0.12741876597298285
13824/16384
mean(sgnprob[1:i - 1]) = 0.12855385950951312
13952/16384
mean(sgnprob[1:i - 1]) = 0.13124507203784674
14080/16384
mean(sgnprob[1:i - 1]) = 0.13346118332267917
14208/16384
mean(sgnprob[1:i - 1]) = 0.13507425916801577
14336/16384
mean(sgnprob[1:i - 1]) = 0.13010115102895012
14464/16384
mean(sgnprob[1:i - 1]) = 0.12798174652561708
14592/16384
mean(sgnprob[1:i - 1]) = 0.1242546775409499
14720/16384
mean(sgnprob[1:i - 1]) = 0.12629934098783885
14848/16384
mean(sgnprob[1:i - 1]) = 0.12224691856940796
14976/16384
mean(sgnprob[1:i - 1]) = 0.1236060100166945
15104/16384
mean(sgnprob[1:i - 1]) = 0.11818843938290406
15232/16384
mean(sgnprob[1:i - 1]) = 0.11929617228021798
15360/16384
mean(sgnprob[1:i - 1]) = 0.12259912754736636
15488/16384
mean(sgnprob[1:i - 1]) = 0.11822819138632401
15616/16384
mean(sgnprob[1:i - 1]) = 0.11456932436759526
15744/16384
mean(sgnprob[1:i - 1]) = 0.1104617925427174
15872/16384
mean(sgnprob[1:i - 1]) = 0.11234326759498456
16000/16384
mean(sgnprob[1:i - 1]) = 0.10919432464529033
16128/16384
mean(sgnprob[1:i - 1]) = 0.10535127426055683
16256/16384
mean(sgnprob[1:i - 1]) = 0.10735158412796063
16384/16384
mean(sgnprob[1:i - 1]) = 0.10370506012329854
823.040564 seconds (167.11 M allocations: 70.745 GiB, 2.18% gc time, 1.26% compilation time)
