## SLURM PROLOG ###############################################################
##    Job ID : 8833880
##  Job Name : sbatch_etgent.sh
##  Nodelist : node1736
##      CPUs : 8
##  Mem/Node : 4096 MB
## Directory : /oscar/home/trazzaz/AFQMC
##   Job Started : Fri Feb 28 12:48:11 AM EST 2025
###############################################################################
seed = 1434
U = 2.0
β = 6.0
Warming up
128/1024
256/1024
384/1024
512/1024
640/1024
768/1024
896/1024
1024/1024
Measuring
128/16384
mean(sgnprob[1:i - 1]) = 0.3700787401574803
256/16384
mean(sgnprob[1:i - 1]) = 0.011764705882352941
384/16384
mean(sgnprob[1:i - 1]) = 0.07049608355091384
512/16384
mean(sgnprob[1:i - 1]) = 0.14677103718199608
640/16384
mean(sgnprob[1:i - 1]) = 0.23630672926447574
768/16384
mean(sgnprob[1:i - 1]) = 0.25945241199478486
896/16384
mean(sgnprob[1:i - 1]) = 0.20446927374301677
1024/16384
mean(sgnprob[1:i - 1]) = 0.20625610948191594
1152/16384
mean(sgnprob[1:i - 1]) = 0.21112076455256298
1280/16384
mean(sgnprob[1:i - 1]) = 0.22439405785770133
1408/16384
mean(sgnprob[1:i - 1]) = 0.1656005685856432
1536/16384
mean(sgnprob[1:i - 1]) = 0.18306188925081432
1664/16384
mean(sgnprob[1:i - 1]) = 0.14732411304870716
1792/16384
mean(sgnprob[1:i - 1]) = 0.12116136236739251
1920/16384
mean(sgnprob[1:i - 1]) = 0.13079729025534131
2048/16384
mean(sgnprob[1:i - 1]) = 0.13922813873961895
2176/16384
mean(sgnprob[1:i - 1]) = 0.11264367816091954
2304/16384
mean(sgnprob[1:i - 1]) = 0.12114633087277464
2432/16384
mean(sgnprob[1:i - 1]) = 0.09913615795968737
2560/16384
mean(sgnprob[1:i - 1]) = 0.10590074247753029
2688/16384
mean(sgnprob[1:i - 1]) = 0.12169705991812431
2816/16384
mean(sgnprob[1:i - 1]) = 0.13534635879218473
2944/16384
mean(sgnprob[1:i - 1]) = 0.145769622833843
3072/16384
mean(sgnprob[1:i - 1]) = 0.15727775968739824
3200/16384
mean(sgnprob[1:i - 1]) = 0.1453579243513598
3328/16384
mean(sgnprob[1:i - 1]) = 0.14697926059513075
3456/16384
mean(sgnprob[1:i - 1]) = 0.15426917510853835
3584/16384
mean(sgnprob[1:i - 1]) = 0.13591962042980743
3712/16384
mean(sgnprob[1:i - 1]) = 0.1441659929938022
3840/16384
mean(sgnprob[1:i - 1]) = 0.15342537119041416
3968/16384
mean(sgnprob[1:i - 1]) = 0.1353667759011848
4096/16384
mean(sgnprob[1:i - 1]) = 0.13797313797313798
4224/16384
mean(sgnprob[1:i - 1]) = 0.12431920435709211
4352/16384
mean(sgnprob[1:i - 1]) = 0.12571822569524246
4480/16384
mean(sgnprob[1:i - 1]) = 0.12837686983701718
4608/16384
mean(sgnprob[1:i - 1]) = 0.11786411981766877
4736/16384
mean(sgnprob[1:i - 1]) = 0.12143611404435058
4864/16384
mean(sgnprob[1:i - 1]) = 0.10713551305778327
4992/16384
mean(sgnprob[1:i - 1]) = 0.11079943899018233
5120/16384
mean(sgnprob[1:i - 1]) = 0.09474506739597578
5248/16384
mean(sgnprob[1:i - 1]) = 0.08557270821421765
5376/16384
mean(sgnprob[1:i - 1]) = 0.088
5504/16384
mean(sgnprob[1:i - 1]) = 0.07650372524077775
5632/16384
mean(sgnprob[1:i - 1]) = 0.08044752264251465
5760/16384
mean(sgnprob[1:i - 1]) = 0.08282687966660879
5888/16384
mean(sgnprob[1:i - 1]) = 0.07321216239171055
6016/16384
mean(sgnprob[1:i - 1]) = 0.0630091438071488
6144/16384
mean(sgnprob[1:i - 1]) = 0.051929024906397524
6272/16384
mean(sgnprob[1:i - 1]) = 0.05660979110189762
6400/16384
mean(sgnprob[1:i - 1]) = 0.062040943897483984
6528/16384
mean(sgnprob[1:i - 1]) = 0.05438945916960319
6656/16384
mean(sgnprob[1:i - 1]) = 0.0608564988730278
6784/16384
mean(sgnprob[1:i - 1]) = 0.06560518944419873
6912/16384
mean(sgnprob[1:i - 1]) = 0.05686586601070757
7040/16384
mean(sgnprob[1:i - 1]) = 0.05213808779656201
7168/16384
mean(sgnprob[1:i - 1]) = 0.04423050090693456
7296/16384
mean(sgnprob[1:i - 1]) = 0.04866346812885538
7424/16384
mean(sgnprob[1:i - 1]) = 0.04351340428398222
7552/16384
mean(sgnprob[1:i - 1]) = 0.0372136140908489
7680/16384
mean(sgnprob[1:i - 1]) = 0.041541867430655036
7808/16384
mean(sgnprob[1:i - 1]) = 0.03599333931087485
7936/16384
mean(sgnprob[1:i - 1]) = 0.03969754253308128
8064/16384
mean(sgnprob[1:i - 1]) = 0.03336227210715614
8192/16384
mean(sgnprob[1:i - 1]) = 0.038212672445366865
8320/16384
mean(sgnprob[1:i - 1]) = 0.030652722683014784
8448/16384
mean(sgnprob[1:i - 1]) = 0.03445010062744169
8576/16384
mean(sgnprob[1:i - 1]) = 0.03883381924198251
8704/16384
mean(sgnprob[1:i - 1]) = 0.035045386648282204
8832/16384
mean(sgnprob[1:i - 1]) = 0.03906692333824029
8960/16384
mean(sgnprob[1:i - 1]) = 0.03382073892175466
9088/16384
mean(sgnprob[1:i - 1]) = 0.03686585231649609
9216/16384
mean(sgnprob[1:i - 1]) = 0.03613673358654368
9344/16384
mean(sgnprob[1:i - 1]) = 0.04099325698383817
9472/16384
mean(sgnprob[1:i - 1]) = 0.04635202196177806
9600/16384
mean(sgnprob[1:i - 1]) = 0.043650380247942495
9728/16384
mean(sgnprob[1:i - 1]) = 0.03916932250436928
9856/16384
mean(sgnprob[1:i - 1]) = 0.04069000507356672
9984/16384
mean(sgnprob[1:i - 1]) = 0.04397475708704798
10112/16384
mean(sgnprob[1:i - 1]) = 0.0390663633666304
10240/16384
mean(sgnprob[1:i - 1]) = 0.04072663346029886
10368/16384
mean(sgnprob[1:i - 1]) = 0.04369634416899778
10496/16384
mean(sgnprob[1:i - 1]) = 0.046403049070986184
10624/16384
mean(sgnprob[1:i - 1]) = 0.049797608961686904
10752/16384
mean(sgnprob[1:i - 1]) = 0.04678634545623663
10880/16384
mean(sgnprob[1:i - 1]) = 0.04954499494438827
11008/16384
mean(sgnprob[1:i - 1]) = 0.05005905332969928
11136/16384
mean(sgnprob[1:i - 1]) = 0.045711719802424784
11264/16384
mean(sgnprob[1:i - 1]) = 0.04767823847997869
11392/16384
mean(sgnprob[1:i - 1]) = 0.050654025107541044
11520/16384
mean(sgnprob[1:i - 1]) = 0.05495268686517927
11648/16384
mean(sgnprob[1:i - 1]) = 0.057096247960848286
11776/16384
mean(sgnprob[1:i - 1]) = 0.05936305732484076
11904/16384
mean(sgnprob[1:i - 1]) = 0.05486011929765605
12032/16384
mean(sgnprob[1:i - 1]) = 0.04978804754384507
12160/16384
mean(sgnprob[1:i - 1]) = 0.052553663952627686
12288/16384
mean(sgnprob[1:i - 1]) = 0.05688939529584113
12416/16384
mean(sgnprob[1:i - 1]) = 0.05259766411598872
12544/16384
mean(sgnprob[1:i - 1]) = 0.04919078370405804
12672/16384
mean(sgnprob[1:i - 1]) = 0.048851708625996366
12800/16384
mean(sgnprob[1:i - 1]) = 0.05133213532307211
12928/16384
mean(sgnprob[1:i - 1]) = 0.05407287073566953
13056/16384
mean(sgnprob[1:i - 1]) = 0.05139793182688625
13184/16384
mean(sgnprob[1:i - 1]) = 0.053933095653493135
13312/16384
mean(sgnprob[1:i - 1]) = 0.05146119750582225
13440/16384
mean(sgnprob[1:i - 1]) = 0.052756901555175234
13568/16384
mean(sgnprob[1:i - 1]) = 0.0485737451168276
13696/16384
mean(sgnprob[1:i - 1]) = 0.045198977729098214
13824/16384
mean(sgnprob[1:i - 1]) = 0.04724010706793026
13952/16384
mean(sgnprob[1:i - 1]) = 0.045086373736649706
14080/16384
mean(sgnprob[1:i - 1]) = 0.047517579373535054
14208/16384
mean(sgnprob[1:i - 1]) = 0.050468079115928766
14336/16384
mean(sgnprob[1:i - 1]) = 0.052389257063132195
14464/16384
mean(sgnprob[1:i - 1]) = 0.0544147134066238
14592/16384
mean(sgnprob[1:i - 1]) = 0.05064765951614009
14720/16384
mean(sgnprob[1:i - 1]) = 0.04844079081459338
14848/16384
mean(sgnprob[1:i - 1]) = 0.0500437798881929
14976/16384
mean(sgnprob[1:i - 1]) = 0.047345575959933224
15104/16384
mean(sgnprob[1:i - 1]) = 0.04429583526451698
15232/16384
mean(sgnprob[1:i - 1]) = 0.04602455518350732
15360/16384
mean(sgnprob[1:i - 1]) = 0.04264600559932287
15488/16384
mean(sgnprob[1:i - 1]) = 0.04590947246077355
15616/16384
mean(sgnprob[1:i - 1]) = 0.04297150176112712
15744/16384
mean(sgnprob[1:i - 1]) = 0.04541701073492981
15872/16384
mean(sgnprob[1:i - 1]) = 0.04215235334887531
16000/16384
mean(sgnprob[1:i - 1]) = 0.04494030876929808
16128/16384
mean(sgnprob[1:i - 1]) = 0.0473119613071247
16256/16384
mean(sgnprob[1:i - 1]) = 0.045955090741310364
16384/16384
mean(sgnprob[1:i - 1]) = 0.04840383324177501
729.356810 seconds (167.11 M allocations: 70.745 GiB, 1.42% gc time, 1.25% compilation time)
