## SLURM PROLOG ###############################################################
##    Job ID : 8833822
##  Job Name : sbatch_etgent.sh
##  Nodelist : node1736
##      CPUs : 8
##  Mem/Node : 4096 MB
## Directory : /oscar/home/trazzaz/AFQMC
##   Job Started : Thu Feb 27 11:18:16 PM EST 2025
###############################################################################
seed = 1376
U = 2.0
β = 6.0
Warming up
128/1024
256/1024
384/1024
512/1024
640/1024
768/1024
896/1024
1024/1024
Measuring
128/16384
mean(sgnprob[1:i - 1]) = 0.13385826771653545
256/16384
mean(sgnprob[1:i - 1]) = 0.23137254901960785
384/16384
mean(sgnprob[1:i - 1]) = 0.25326370757180156
512/16384
mean(sgnprob[1:i - 1]) = 0.2837573385518591
640/16384
mean(sgnprob[1:i - 1]) = 0.14241001564945227
768/16384
mean(sgnprob[1:i - 1]) = 0.12646675358539766
896/16384
mean(sgnprob[1:i - 1]) = 0.13966480446927373
1024/16384
mean(sgnprob[1:i - 1]) = 0.08895405669599218
1152/16384
mean(sgnprob[1:i - 1]) = 0.051259774109470024
1280/16384
mean(sgnprob[1:i - 1]) = 0.06489444878811572
1408/16384
mean(sgnprob[1:i - 1]) = 0.07889125799573561
1536/16384
mean(sgnprob[1:i - 1]) = 0.08403908794788274
1664/16384
mean(sgnprob[1:i - 1]) = 0.10523150932050511
1792/16384
mean(sgnprob[1:i - 1]) = 0.07202680067001675
1920/16384
mean(sgnprob[1:i - 1]) = 0.05054715997915581
2048/16384
mean(sgnprob[1:i - 1]) = 0.057156814851001464
2176/16384
mean(sgnprob[1:i - 1]) = 0.04183908045977011
2304/16384
mean(sgnprob[1:i - 1]) = 0.05340859748154581
2432/16384
mean(sgnprob[1:i - 1]) = 0.06787330316742081
2560/16384
mean(sgnprob[1:i - 1]) = 0.08323563892145369
2688/16384
mean(sgnprob[1:i - 1]) = 0.0867138072199479
2816/16384
mean(sgnprob[1:i - 1]) = 0.09626998223801066
2944/16384
mean(sgnprob[1:i - 1]) = 0.0764525993883792
3072/16384
mean(sgnprob[1:i - 1]) = 0.060240963855421686
3200/16384
mean(sgnprob[1:i - 1]) = 0.07283526101906845
3328/16384
mean(sgnprob[1:i - 1]) = 0.058611361587015326
3456/16384
mean(sgnprob[1:i - 1]) = 0.06222865412445731
3584/16384
mean(sgnprob[1:i - 1]) = 0.062238347753279376
3712/16384
mean(sgnprob[1:i - 1]) = 0.06709781729991916
3840/16384
mean(sgnprob[1:i - 1]) = 0.06746548580359468
3968/16384
mean(sgnprob[1:i - 1]) = 0.07083438366523821
4096/16384
mean(sgnprob[1:i - 1]) = 0.07692307692307693
4224/16384
mean(sgnprob[1:i - 1]) = 0.0651195832346673
4352/16384
mean(sgnprob[1:i - 1]) = 0.07193748563548609
4480/16384
mean(sgnprob[1:i - 1]) = 0.060058048671578476
4608/16384
mean(sgnprob[1:i - 1]) = 0.049706967657911875
4736/16384
mean(sgnprob[1:i - 1]) = 0.05216473072861669
4864/16384
mean(sgnprob[1:i - 1]) = 0.04092124203166769
4992/16384
mean(sgnprob[1:i - 1]) = 0.03466239230615107
5120/16384
mean(sgnprob[1:i - 1]) = 0.03027935143582731
5248/16384
mean(sgnprob[1:i - 1]) = 0.03640175338288546
5376/16384
mean(sgnprob[1:i - 1]) = 0.044093023255813955
5504/16384
mean(sgnprob[1:i - 1]) = 0.05178993276394694
5632/16384
mean(sgnprob[1:i - 1]) = 0.04457467590126088
5760/16384
mean(sgnprob[1:i - 1]) = 0.03802743531863171
5888/16384
mean(sgnprob[1:i - 1]) = 0.04637336504161712
6016/16384
mean(sgnprob[1:i - 1]) = 0.05336658354114713
6144/16384
mean(sgnprob[1:i - 1]) = 0.04834771284388735
6272/16384
mean(sgnprob[1:i - 1]) = 0.054377292297879125
6400/16384
mean(sgnprob[1:i - 1]) = 0.057040162525394594
6528/16384
mean(sgnprob[1:i - 1]) = 0.06082426842347173
6656/16384
mean(sgnprob[1:i - 1]) = 0.05394440270473328
6784/16384
mean(sgnprob[1:i - 1]) = 0.055285272003538256
6912/16384
mean(sgnprob[1:i - 1]) = 0.04847344812617566
7040/16384
mean(sgnprob[1:i - 1]) = 0.052990481602500354
7168/16384
mean(sgnprob[1:i - 1]) = 0.0447886144830473
7296/16384
mean(sgnprob[1:i - 1]) = 0.04921178889650445
7424/16384
mean(sgnprob[1:i - 1]) = 0.0534824195069379
7552/16384
mean(sgnprob[1:i - 1]) = 0.05787312938683618
7680/16384
mean(sgnprob[1:i - 1]) = 0.054564396405782
7808/16384
mean(sgnprob[1:i - 1]) = 0.058281029845010886
7936/16384
mean(sgnprob[1:i - 1]) = 0.06112161310649023
8064/16384
mean(sgnprob[1:i - 1]) = 0.06585638099962793
8192/16384
mean(sgnprob[1:i - 1]) = 0.0687339763154682
8320/16384
mean(sgnprob[1:i - 1]) = 0.06551268181271787
8448/16384
mean(sgnprob[1:i - 1]) = 0.0678347342251687
8576/16384
mean(sgnprob[1:i - 1]) = 0.06962099125364432
8704/16384
mean(sgnprob[1:i - 1]) = 0.07457198667126279
8832/16384
mean(sgnprob[1:i - 1]) = 0.06986751217302684
8960/16384
mean(sgnprob[1:i - 1]) = 0.06440450943185623
9088/16384
mean(sgnprob[1:i - 1]) = 0.06723891273247497
9216/16384
mean(sgnprob[1:i - 1]) = 0.06890938686923494
9344/16384
mean(sgnprob[1:i - 1]) = 0.06239965749759178
9472/16384
mean(sgnprob[1:i - 1]) = 0.0693696547355084
9600/16384
mean(sgnprob[1:i - 1]) = 0.07177831024065007
9728/16384
mean(sgnprob[1:i - 1]) = 0.0747404132826154
9856/16384
mean(sgnprob[1:i - 1]) = 0.07884322678843227
9984/16384
mean(sgnprob[1:i - 1]) = 0.08163878593609135
10112/16384
mean(sgnprob[1:i - 1]) = 0.08396795569182079
10240/16384
mean(sgnprob[1:i - 1]) = 0.07901162222873327
10368/16384
mean(sgnprob[1:i - 1]) = 0.07591395775055465
10496/16384
mean(sgnprob[1:i - 1]) = 0.07727489280609814
10624/16384
mean(sgnprob[1:i - 1]) = 0.07239009695942766
10752/16384
mean(sgnprob[1:i - 1]) = 0.07394660961770998
10880/16384
mean(sgnprob[1:i - 1]) = 0.0771210589208567
11008/16384
mean(sgnprob[1:i - 1]) = 0.0776778413736713
11136/16384
mean(sgnprob[1:i - 1]) = 0.07193533902110462
11264/16384
mean(sgnprob[1:i - 1]) = 0.06809908550119861
11392/16384
mean(sgnprob[1:i - 1]) = 0.06399789307347906
11520/16384
mean(sgnprob[1:i - 1]) = 0.059987846167202014
11648/16384
mean(sgnprob[1:i - 1]) = 0.054348759337168366
11776/16384
mean(sgnprob[1:i - 1]) = 0.05104033970276008
11904/16384
mean(sgnprob[1:i - 1]) = 0.0483071494581198
12032/16384
mean(sgnprob[1:i - 1]) = 0.046795777574598955
12160/16384
mean(sgnprob[1:i - 1]) = 0.04449379060778025
12288/16384
mean(sgnprob[1:i - 1]) = 0.040774802636933345
12416/16384
mean(sgnprob[1:i - 1]) = 0.04373741441804269
12544/16384
mean(sgnprob[1:i - 1]) = 0.0445666905843897
12672/16384
mean(sgnprob[1:i - 1]) = 0.04238023833951543
12800/16384
mean(sgnprob[1:i - 1]) = 0.044612860379717165
12928/16384
mean(sgnprob[1:i - 1]) = 0.046646553724762126
13056/16384
mean(sgnprob[1:i - 1]) = 0.04787437763309077
13184/16384
mean(sgnprob[1:i - 1]) = 0.051050595463854966
13312/16384
mean(sgnprob[1:i - 1]) = 0.052813462549770866
13440/16384
mean(sgnprob[1:i - 1]) = 0.055584492893816506
13568/16384
mean(sgnprob[1:i - 1]) = 0.05299624087860249
13696/16384
mean(sgnprob[1:i - 1]) = 0.05483753194596568
13824/16384
mean(sgnprob[1:i - 1]) = 0.0508572668740505
13952/16384
mean(sgnprob[1:i - 1]) = 0.04809691061572647
14080/16384
mean(sgnprob[1:i - 1]) = 0.04936430144186377
14208/16384
mean(sgnprob[1:i - 1]) = 0.05173506018160062
14336/16384
mean(sgnprob[1:i - 1]) = 0.05490059295430764
14464/16384
mean(sgnprob[1:i - 1]) = 0.057042107446587845
14592/16384
mean(sgnprob[1:i - 1]) = 0.058597765746007814
14720/16384
mean(sgnprob[1:i - 1]) = 0.06053400366872749
14848/16384
mean(sgnprob[1:i - 1]) = 0.06203273388563346
14976/16384
mean(sgnprob[1:i - 1]) = 0.06136894824707846
15104/16384
mean(sgnprob[1:i - 1]) = 0.06230550221810236
15232/16384
mean(sgnprob[1:i - 1]) = 0.06256975904405489
15360/16384
mean(sgnprob[1:i - 1]) = 0.06374112897975129
15488/16384
mean(sgnprob[1:i - 1]) = 0.061018919093433203
15616/16384
mean(sgnprob[1:i - 1]) = 0.06192763368555876
15744/16384
mean(sgnprob[1:i - 1]) = 0.05888331321857333
15872/16384
mean(sgnprob[1:i - 1]) = 0.06004662592149203
16000/16384
mean(sgnprob[1:i - 1]) = 0.06156634789674355
16128/16384
mean(sgnprob[1:i - 1]) = 0.06293793017920259
16256/16384
mean(sgnprob[1:i - 1]) = 0.06441095047677638
16384/16384
mean(sgnprob[1:i - 1]) = 0.06573887566379784
736.168591 seconds (167.11 M allocations: 70.745 GiB, 1.85% gc time, 1.28% compilation time)
