## SLURM PROLOG ###############################################################
##    Job ID : 8834031
##  Job Name : sbatch_etgent.sh
##  Nodelist : node1327
##      CPUs : 8
##  Mem/Node : 4096 MB
## Directory : /oscar/home/trazzaz/AFQMC
##   Job Started : Fri Feb 28 05:00:08 AM EST 2025
###############################################################################
seed = 1585
U = 2.0
β = 6.0
Warming up
128/1024
256/1024
384/1024
512/1024
640/1024
768/1024
896/1024
1024/1024
Measuring
128/16384
mean(sgnprob[1:i - 1]) = 0.5905511811023622
256/16384
mean(sgnprob[1:i - 1]) = 0.06666666666666667
384/16384
mean(sgnprob[1:i - 1]) = 0.21671018276762402
512/16384
mean(sgnprob[1:i - 1]) = 0.3150684931506849
640/16384
mean(sgnprob[1:i - 1]) = 0.14241001564945227
768/16384
mean(sgnprob[1:i - 1]) = 0.21773142112125163
896/16384
mean(sgnprob[1:i - 1]) = 0.2223463687150838
1024/16384
mean(sgnprob[1:i - 1]) = 0.10263929618768329
1152/16384
mean(sgnprob[1:i - 1]) = 0.035621198957428324
1280/16384
mean(sgnprob[1:i - 1]) = -0.022673964034401875
1408/16384
mean(sgnprob[1:i - 1]) = 0.00923951670220327
1536/16384
mean(sgnprob[1:i - 1]) = -0.03973941368078176
1664/16384
mean(sgnprob[1:i - 1]) = -0.07877330126277811
1792/16384
mean(sgnprob[1:i - 1]) = -0.042992741485203795
1920/16384
mean(sgnprob[1:i - 1]) = -0.006774361646690985
2048/16384
mean(sgnprob[1:i - 1]) = 0.025891548607718612
2176/16384
mean(sgnprob[1:i - 1]) = 0.04551724137931035
2304/16384
mean(sgnprob[1:i - 1]) = 0.06556665219279201
2432/16384
mean(sgnprob[1:i - 1]) = 0.09090909090909091
2560/16384
mean(sgnprob[1:i - 1]) = 0.06447831184056271
2688/16384
mean(sgnprob[1:i - 1]) = 0.08745813174544101
2816/16384
mean(sgnprob[1:i - 1]) = 0.10905861456483126
2944/16384
mean(sgnprob[1:i - 1]) = 0.13149847094801223
3072/16384
mean(sgnprob[1:i - 1]) = 0.1475089547378704
3200/16384
mean(sgnprob[1:i - 1]) = 0.12410128165051579
3328/16384
mean(sgnprob[1:i - 1]) = 0.14457469191463782
3456/16384
mean(sgnprob[1:i - 1]) = 0.12069464544138929
3584/16384
mean(sgnprob[1:i - 1]) = 0.13647781188947808
3712/16384
mean(sgnprob[1:i - 1]) = 0.15225006736728644
3840/16384
mean(sgnprob[1:i - 1]) = 0.1659286272466788
3968/16384
mean(sgnprob[1:i - 1]) = 0.17569952104865139
4096/16384
mean(sgnprob[1:i - 1]) = 0.1877899877899878
4224/16384
mean(sgnprob[1:i - 1]) = 0.1986739284868577
4352/16384
mean(sgnprob[1:i - 1]) = 0.17490232130544703
4480/16384
mean(sgnprob[1:i - 1]) = 0.18508595668676045
4608/16384
mean(sgnprob[1:i - 1]) = 0.19426958975472108
4736/16384
mean(sgnprob[1:i - 1]) = 0.20126715945089757
4864/16384
mean(sgnprob[1:i - 1]) = 0.20625128521488792
4992/16384
mean(sgnprob[1:i - 1]) = 0.21498697655780405
5120/16384
mean(sgnprob[1:i - 1]) = 0.22328579800742332
5248/16384
mean(sgnprob[1:i - 1]) = 0.23232323232323232
5376/16384
mean(sgnprob[1:i - 1]) = 0.21674418604651163
5504/16384
mean(sgnprob[1:i - 1]) = 0.22224241322914773
5632/16384
mean(sgnprob[1:i - 1]) = 0.23175279701651572
5760/16384
mean(sgnprob[1:i - 1]) = 0.2165306476818892
5888/16384
mean(sgnprob[1:i - 1]) = 0.22609138780363514
6016/16384
mean(sgnprob[1:i - 1]) = 0.23092269326683293
6144/16384
mean(sgnprob[1:i - 1]) = 0.23490151391828096
6272/16384
mean(sgnprob[1:i - 1]) = 0.21990113219582202
6400/16384
mean(sgnprob[1:i - 1]) = 0.22644163150492264
6528/16384
mean(sgnprob[1:i - 1]) = 0.23487053776620193
6656/16384
mean(sgnprob[1:i - 1]) = 0.23816679188580014
6784/16384
mean(sgnprob[1:i - 1]) = 0.24163349550346455
6912/16384
mean(sgnprob[1:i - 1]) = 0.22413543626103313
7040/16384
mean(sgnprob[1:i - 1]) = 0.22858360562579913
7168/16384
mean(sgnprob[1:i - 1]) = 0.23454723036137853
7296/16384
mean(sgnprob[1:i - 1]) = 0.23947909527073338
7424/16384
mean(sgnprob[1:i - 1]) = 0.2466657685571871
7552/16384
mean(sgnprob[1:i - 1]) = 0.23427360614488146
7680/16384
mean(sgnprob[1:i - 1]) = 0.23844250553457483
7808/16384
mean(sgnprob[1:i - 1]) = 0.2450365057000128
7936/16384
mean(sgnprob[1:i - 1]) = 0.2332703213610586
8064/16384
mean(sgnprob[1:i - 1]) = 0.22187771301004588
8192/16384
mean(sgnprob[1:i - 1]) = 0.2267122451471127
8320/16384
mean(sgnprob[1:i - 1]) = 0.23139800456785672
8448/16384
mean(sgnprob[1:i - 1]) = 0.22031490469989345
8576/16384
mean(sgnprob[1:i - 1]) = 0.22682215743440234
8704/16384
mean(sgnprob[1:i - 1]) = 0.2326783867631851
8832/16384
mean(sgnprob[1:i - 1]) = 0.22273808175744536
8960/16384
mean(sgnprob[1:i - 1]) = 0.21129590356066524
9088/16384
mean(sgnprob[1:i - 1]) = 0.21558270056124135
9216/16384
mean(sgnprob[1:i - 1]) = 0.2193163320672816
9344/16384
mean(sgnprob[1:i - 1]) = 0.22144921331478112
9472/16384
mean(sgnprob[1:i - 1]) = 0.21254355400696864
9600/16384
mean(sgnprob[1:i - 1]) = 0.21721012605479736
9728/16384
mean(sgnprob[1:i - 1]) = 0.22134265446694767
9856/16384
mean(sgnprob[1:i - 1]) = 0.22557077625570776
9984/16384
mean(sgnprob[1:i - 1]) = 0.2282880897525794
10112/16384
mean(sgnprob[1:i - 1]) = 0.2319256255563248
10240/16384
mean(sgnprob[1:i - 1]) = 0.23508155093270827
10368/16384
mean(sgnprob[1:i - 1]) = 0.239124143918202
10496/16384
mean(sgnprob[1:i - 1]) = 0.22877560743211053
10624/16384
mean(sgnprob[1:i - 1]) = 0.23166713734349995
10752/16384
mean(sgnprob[1:i - 1]) = 0.2365361361733792
10880/16384
mean(sgnprob[1:i - 1]) = 0.22713484695284494
11008/16384
mean(sgnprob[1:i - 1]) = 0.23048968838012174
11136/16384
mean(sgnprob[1:i - 1]) = 0.23466546924113157
11264/16384
mean(sgnprob[1:i - 1]) = 0.23714818432034093
11392/16384
mean(sgnprob[1:i - 1]) = 0.22886489333684487
11520/16384
mean(sgnprob[1:i - 1]) = 0.21955030818647453
11648/16384
mean(sgnprob[1:i - 1]) = 0.22434961792736327
11776/16384
mean(sgnprob[1:i - 1]) = 0.2278556263269639
11904/16384
mean(sgnprob[1:i - 1]) = 0.22002856422750566
12032/16384
mean(sgnprob[1:i - 1]) = 0.223173468539606
12160/16384
mean(sgnprob[1:i - 1]) = 0.21687638786084382
12288/16384
mean(sgnprob[1:i - 1]) = 0.21982583218035323
12416/16384
mean(sgnprob[1:i - 1]) = 0.21240434957712445
12544/16384
mean(sgnprob[1:i - 1]) = 0.2143825241170374
12672/16384
mean(sgnprob[1:i - 1]) = 0.21805698050666877
12800/16384
mean(sgnprob[1:i - 1]) = 0.22103289319478084
12928/16384
mean(sgnprob[1:i - 1]) = 0.22348572754699467
13056/16384
mean(sgnprob[1:i - 1]) = 0.2257372654155496
13184/16384
mean(sgnprob[1:i - 1]) = 0.22809679132215732
13312/16384
mean(sgnprob[1:i - 1]) = 0.2198933213131996
13440/16384
mean(sgnprob[1:i - 1]) = 0.2222635612768807
13568/16384
mean(sgnprob[1:i - 1]) = 0.22635807474017838
13696/16384
mean(sgnprob[1:i - 1]) = 0.23023001095290252
13824/16384
mean(sgnprob[1:i - 1]) = 0.23345149388699993
13952/16384
mean(sgnprob[1:i - 1]) = 0.23575370941151172
14080/16384
mean(sgnprob[1:i - 1]) = 0.23815611904254563
14208/16384
mean(sgnprob[1:i - 1]) = 0.24051523896670654
14336/16384
mean(sgnprob[1:i - 1]) = 0.24352982211370772
14464/16384
mean(sgnprob[1:i - 1]) = 0.2477356011892415
14592/16384
mean(sgnprob[1:i - 1]) = 0.24926324446576656
14720/16384
mean(sgnprob[1:i - 1]) = 0.25171546980093756
14848/16384
mean(sgnprob[1:i - 1]) = 0.253317168451539
14976/16384
mean(sgnprob[1:i - 1]) = 0.2558263772954925
15104/16384
mean(sgnprob[1:i - 1]) = 0.2582930543600609
15232/16384
mean(sgnprob[1:i - 1]) = 0.25152649202284816
15360/16384
mean(sgnprob[1:i - 1]) = 0.2534670225926167
15488/16384
mean(sgnprob[1:i - 1]) = 0.25627946019241943
15616/16384
mean(sgnprob[1:i - 1]) = 0.2577649695805315
15744/16384
mean(sgnprob[1:i - 1]) = 0.2593533633996062
15872/16384
mean(sgnprob[1:i - 1]) = 0.2531031440993006
16000/16384
mean(sgnprob[1:i - 1]) = 0.24645290330645667
16128/16384
mean(sgnprob[1:i - 1]) = 0.24908538475847958
16256/16384
mean(sgnprob[1:i - 1]) = 0.24306367271608736
16384/16384
mean(sgnprob[1:i - 1]) = 0.244949032533724
807.565335 seconds (167.11 M allocations: 70.745 GiB, 1.75% gc time, 1.24% compilation time)
