## SLURM PROLOG ###############################################################
##    Job ID : 8833831
##  Job Name : sbatch_etgent.sh
##  Nodelist : node1736
##      CPUs : 8
##  Mem/Node : 4096 MB
## Directory : /oscar/home/trazzaz/AFQMC
##   Job Started : Thu Feb 27 11:30:56 PM EST 2025
###############################################################################
seed = 1385
U = 2.0
β = 6.0
Warming up
128/1024
256/1024
384/1024
512/1024
640/1024
768/1024
896/1024
1024/1024
Measuring
128/16384
mean(sgnprob[1:i - 1]) = 0.4645669291338583
256/16384
mean(sgnprob[1:i - 1]) = 0.4823529411764706
384/16384
mean(sgnprob[1:i - 1]) = 0.5143603133159269
512/16384
mean(sgnprob[1:i - 1]) = 0.5146771037181996
640/16384
mean(sgnprob[1:i - 1]) = 0.5242566510172144
768/16384
mean(sgnprob[1:i - 1]) = 0.5202086049543677
896/16384
mean(sgnprob[1:i - 1]) = 0.5262569832402234
1024/16384
mean(sgnprob[1:i - 1]) = 0.38025415444770283
1152/16384
mean(sgnprob[1:i - 1]) = 0.2788879235447437
1280/16384
mean(sgnprob[1:i - 1]) = 0.31352619233776385
1408/16384
mean(sgnprob[1:i - 1]) = 0.326226012793177
1536/16384
mean(sgnprob[1:i - 1]) = 0.25993485342019546
1664/16384
mean(sgnprob[1:i - 1]) = 0.27961515333734216
1792/16384
mean(sgnprob[1:i - 1]) = 0.30541596873255167
1920/16384
mean(sgnprob[1:i - 1]) = 0.31943720687858257
2048/16384
mean(sgnprob[1:i - 1]) = 0.3326819736199316
2176/16384
mean(sgnprob[1:i - 1]) = 0.34160919540229884
2304/16384
mean(sgnprob[1:i - 1]) = 0.35214937038645244
2432/16384
mean(sgnprob[1:i - 1]) = 0.35664335664335667
2560/16384
mean(sgnprob[1:i - 1]) = 0.37084798749511527
2688/16384
mean(sgnprob[1:i - 1]) = 0.3278749534797172
2816/16384
mean(sgnprob[1:i - 1]) = 0.3399644760213144
2944/16384
mean(sgnprob[1:i - 1]) = 0.30207271491675164
3072/16384
mean(sgnprob[1:i - 1]) = 0.3096711169000326
3200/16384
mean(sgnprob[1:i - 1]) = 0.3222882150672085
3328/16384
mean(sgnprob[1:i - 1]) = 0.3291253381424707
3456/16384
mean(sgnprob[1:i - 1]) = 0.33545586107091174
3584/16384
mean(sgnprob[1:i - 1]) = 0.3022606754116662
3712/16384
mean(sgnprob[1:i - 1]) = 0.31015898679601184
3840/16384
mean(sgnprob[1:i - 1]) = 0.31700963792654335
3968/16384
mean(sgnprob[1:i - 1]) = 0.32593899672296445
4096/16384
mean(sgnprob[1:i - 1]) = 0.29865689865689865
4224/16384
mean(sgnprob[1:i - 1]) = 0.30381245560028414
4352/16384
mean(sgnprob[1:i - 1]) = 0.2797058147552287
4480/16384
mean(sgnprob[1:i - 1]) = 0.2864478678276401
4608/16384
mean(sgnprob[1:i - 1]) = 0.29194703711743
4736/16384
mean(sgnprob[1:i - 1]) = 0.27222808870116155
4864/16384
mean(sgnprob[1:i - 1]) = 0.275344437589965
4992/16384
mean(sgnprob[1:i - 1]) = 0.28230815467842113
5120/16384
mean(sgnprob[1:i - 1]) = 0.28657941004102366
5248/16384
mean(sgnprob[1:i - 1]) = 0.292548122736802
5376/16384
mean(sgnprob[1:i - 1]) = 0.2747906976744186
5504/16384
mean(sgnprob[1:i - 1]) = 0.25785934944575684
5632/16384
mean(sgnprob[1:i - 1]) = 0.2630083466524596
5760/16384
mean(sgnprob[1:i - 1]) = 0.24431324882792152
5888/16384
mean(sgnprob[1:i - 1]) = 0.23016816714795313
6016/16384
mean(sgnprob[1:i - 1]) = 0.21330008312551954
6144/16384
mean(sgnprob[1:i - 1]) = 0.22057626566824026
6272/16384
mean(sgnprob[1:i - 1]) = 0.22627970020730345
6400/16384
mean(sgnprob[1:i - 1]) = 0.23050476636974526
6528/16384
mean(sgnprob[1:i - 1]) = 0.23517695725448137
6656/16384
mean(sgnprob[1:i - 1]) = 0.23936889556724267
6784/16384
mean(sgnprob[1:i - 1]) = 0.24428718855963438
6912/16384
mean(sgnprob[1:i - 1]) = 0.22934452322384605
7040/16384
mean(sgnprob[1:i - 1]) = 0.23511862480465975
7168/16384
mean(sgnprob[1:i - 1]) = 0.24096553648667504
7296/16384
mean(sgnprob[1:i - 1]) = 0.24578478409869775
7424/16384
mean(sgnprob[1:i - 1]) = 0.2515155597467331
7552/16384
mean(sgnprob[1:i - 1]) = 0.2557277181830221
7680/16384
mean(sgnprob[1:i - 1]) = 0.2603203542127881
7808/16384
mean(sgnprob[1:i - 1]) = 0.2652747534264122
7936/16384
mean(sgnprob[1:i - 1]) = 0.27057340894770004
8064/16384
mean(sgnprob[1:i - 1]) = 0.2766960188515441
8192/16384
mean(sgnprob[1:i - 1]) = 0.2816505921132951
8320/16384
mean(sgnprob[1:i - 1]) = 0.28717393917538164
8448/16384
mean(sgnprob[1:i - 1]) = 0.27642950159820057
8576/16384
mean(sgnprob[1:i - 1]) = 0.2806997084548105
8704/16384
mean(sgnprob[1:i - 1]) = 0.28369527749052054
8832/16384
mean(sgnprob[1:i - 1]) = 0.2881893330313668
8960/16384
mean(sgnprob[1:i - 1]) = 0.27514231499051234
9088/16384
mean(sgnprob[1:i - 1]) = 0.2783096731594586
9216/16384
mean(sgnprob[1:i - 1]) = 0.2690179055887141
9344/16384
mean(sgnprob[1:i - 1]) = 0.27261051054265223
9472/16384
mean(sgnprob[1:i - 1]) = 0.2769506915848379
9600/16384
mean(sgnprob[1:i - 1]) = 0.278466506927805
9728/16384
mean(sgnprob[1:i - 1]) = 0.2671944073198314
9856/16384
mean(sgnprob[1:i - 1]) = 0.26900050735667175
9984/16384
mean(sgnprob[1:i - 1]) = 0.2721626765501352
10112/16384
mean(sgnprob[1:i - 1]) = 0.27405795668084265
10240/16384
mean(sgnprob[1:i - 1]) = 0.2772731712081258
10368/16384
mean(sgnprob[1:i - 1]) = 0.28060190990643386
10496/16384
mean(sgnprob[1:i - 1]) = 0.2707003334921391
10624/16384
mean(sgnprob[1:i - 1]) = 0.262920079073708
10752/16384
mean(sgnprob[1:i - 1]) = 0.2649986047809506
10880/16384
mean(sgnprob[1:i - 1]) = 0.26702821950546923
11008/16384
mean(sgnprob[1:i - 1]) = 0.2701008449168711
11136/16384
mean(sgnprob[1:i - 1]) = 0.2617871576111361
11264/16384
mean(sgnprob[1:i - 1]) = 0.26396164432211666
11392/16384
mean(sgnprob[1:i - 1]) = 0.2664384162935651
11520/16384
mean(sgnprob[1:i - 1]) = 0.2692073964753885
11648/16384
mean(sgnprob[1:i - 1]) = 0.2732892590366618
11776/16384
mean(sgnprob[1:i - 1]) = 0.2645435244161359
11904/16384
mean(sgnprob[1:i - 1]) = 0.26724355204570277
12032/16384
mean(sgnprob[1:i - 1]) = 0.26822375529881143
12160/16384
mean(sgnprob[1:i - 1]) = 0.2593140883296324
12288/16384
mean(sgnprob[1:i - 1]) = 0.26198421095466756
12416/16384
mean(sgnprob[1:i - 1]) = 0.25332259363672976
12544/16384
mean(sgnprob[1:i - 1]) = 0.2564777166547078
12672/16384
mean(sgnprob[1:i - 1]) = 0.2595690947833636
12800/16384
mean(sgnprob[1:i - 1]) = 0.26275490272677554
12928/16384
mean(sgnprob[1:i - 1]) = 0.26494933085789435
13056/16384
mean(sgnprob[1:i - 1]) = 0.26786671773266946
13184/16384
mean(sgnprob[1:i - 1]) = 0.2716377152393234
13312/16384
mean(sgnprob[1:i - 1]) = 0.27398392307114416
13440/16384
mean(sgnprob[1:i - 1]) = 0.27658307909814717
13568/16384
mean(sgnprob[1:i - 1]) = 0.2783961082037296
13696/16384
mean(sgnprob[1:i - 1]) = 0.2806133625410734
13824/16384
mean(sgnprob[1:i - 1]) = 0.2823554944657455
13952/16384
mean(sgnprob[1:i - 1]) = 0.27503404773851337
14080/16384
mean(sgnprob[1:i - 1]) = 0.2674195610483699
14208/16384
mean(sgnprob[1:i - 1]) = 0.26135003871331036
14336/16384
mean(sgnprob[1:i - 1]) = 0.26403906522497383
14464/16384
mean(sgnprob[1:i - 1]) = 0.2564474866901749
14592/16384
mean(sgnprob[1:i - 1]) = 0.2580357754780344
14720/16384
mean(sgnprob[1:i - 1]) = 0.2600040763638834
14848/16384
mean(sgnprob[1:i - 1]) = 0.253317168451539
14976/16384
mean(sgnprob[1:i - 1]) = 0.25435726210350584
15104/16384
mean(sgnprob[1:i - 1]) = 0.24796398066609282
15232/16384
mean(sgnprob[1:i - 1]) = 0.2506073140305955
15360/16384
mean(sgnprob[1:i - 1]) = 0.2534670225926167
15488/16384
mean(sgnprob[1:i - 1]) = 0.25640860076192934
15616/16384
mean(sgnprob[1:i - 1]) = 0.24956772334293947
15744/16384
mean(sgnprob[1:i - 1]) = 0.2424569650003176
15872/16384
mean(sgnprob[1:i - 1]) = 0.24529015184928485
16000/16384
mean(sgnprob[1:i - 1]) = 0.24757797362335146
16128/16384
mean(sgnprob[1:i - 1]) = 0.2413964159484095
16256/16384
mean(sgnprob[1:i - 1]) = 0.24343278991079667
16384/16384
mean(sgnprob[1:i - 1]) = 0.2383568333028139
742.994871 seconds (167.11 M allocations: 70.745 GiB, 1.77% gc time, 1.26% compilation time)
