## SLURM PROLOG ###############################################################
##    Job ID : 5899917
##  Job Name : etgent_2x2_seed1254
##  Nodelist : node1752
##      CPUs : 8
##  Mem/Node : 2048 MB
## Directory : /oscar/home/trazzaz/AFQMC
##   Job Started : Sun Nov 10 09:47:08 PM EST 2024
###############################################################################
U = 2.0
seed = 1254
λₖ = 0.0
Warming up
128/512
256/512
384/512
512/512
Measuring
128/1024
256/1024
384/1024
512/1024
640/1024
768/1024
896/1024
1024/1024
292.019841 seconds (210.26 M allocations: 1.099 TiB, 18.12% gc time, 2.65% compilation time)
λₖ = 0.2
Warming up
128/512
256/512
384/512
512/512
Measuring
128/1024
256/1024
384/1024
512/1024
640/1024
768/1024
896/1024
1024/1024
312.365379 seconds (208.41 M allocations: 1.099 TiB, 17.86% gc time, 0.02% compilation time)
λₖ = 0.4
Warming up
128/512
256/512
384/512
512/512
Measuring
128/1024
256/1024
384/1024
512/1024
640/1024
768/1024
896/1024
1024/1024
281.834334 seconds (208.41 M allocations: 1.099 TiB, 18.41% gc time)
λₖ = 0.6
Warming up
128/512
256/512
384/512
512/512
Measuring
128/1024
256/1024
384/1024
512/1024
640/1024
768/1024
896/1024
1024/1024
257.910179 seconds (208.41 M allocations: 1.099 TiB, 19.21% gc time)
λₖ = 0.8
Warming up
128/512
256/512
384/512
512/512
Measuring
128/1024
256/1024
384/1024
512/1024
640/1024
768/1024
896/1024
1024/1024
215.374278 seconds (208.41 M allocations: 1.099 TiB, 19.88% gc time)
