## SLURM PROLOG ###############################################################
##    Job ID : 7671076
##  Job Name : sbatch_etgent.sh
##  Nodelist : node1754
##      CPUs : 8
##  Mem/Node : 4096 MB
## Directory : /oscar/home/trazzaz/AFQMC
##   Job Started : Sun Jan 19 02:01:35 AM EST 2025
###############################################################################
seed = 1243
U = 2.0
β = 6.0
Warming up
128/1024
256/1024
384/1024
512/1024
640/1024
768/1024
896/1024
1024/1024
Measuring
128/16384
mean(sgnprob[1:i - 1]) = 0.2440944881889764
256/16384
mean(sgnprob[1:i - 1]) = -0.03529411764705882
384/16384
mean(sgnprob[1:i - 1]) = -0.044386422976501305
512/16384
mean(sgnprob[1:i - 1]) = 0.0019569471624266144
640/16384
mean(sgnprob[1:i - 1]) = 0.04225352112676056
768/16384
mean(sgnprob[1:i - 1]) = 0.024771838331160364
896/16384
mean(sgnprob[1:i - 1]) = 0.05698324022346369
1024/16384
mean(sgnprob[1:i - 1]) = 0.0772238514173998
1152/16384
mean(sgnprob[1:i - 1]) = 0.05821025195482189
1280/16384
mean(sgnprob[1:i - 1]) = 0.0836591086786552
1408/16384
mean(sgnprob[1:i - 1]) = 0.09594882729211088
1536/16384
mean(sgnprob[1:i - 1]) = 0.10488599348534201
1664/16384
mean(sgnprob[1:i - 1]) = 0.09200240529164161
1792/16384
mean(sgnprob[1:i - 1]) = 0.0943606923506421
1920/16384
mean(sgnprob[1:i - 1]) = 0.10265763418447107
2048/16384
mean(sgnprob[1:i - 1]) = 0.10600879335613092
2176/16384
mean(sgnprob[1:i - 1]) = 0.09517241379310344
2304/16384
mean(sgnprob[1:i - 1]) = 0.08467216673903603
2432/16384
mean(sgnprob[1:i - 1]) = 0.09008638420403127
2560/16384
mean(sgnprob[1:i - 1]) = 0.09886674482219616
2688/16384
mean(sgnprob[1:i - 1]) = 0.08894678079642725
2816/16384
mean(sgnprob[1:i - 1]) = 0.07353463587921848
2944/16384
mean(sgnprob[1:i - 1]) = 0.06422018348623854
3072/16384
mean(sgnprob[1:i - 1]) = 0.05177466623249756
3200/16384
mean(sgnprob[1:i - 1]) = 0.04282588308846515
3328/16384
mean(sgnprob[1:i - 1]) = 0.055605650736399156
3456/16384
mean(sgnprob[1:i - 1]) = 0.041968162083936326
3584/16384
mean(sgnprob[1:i - 1]) = 0.03265420039073402
3712/16384
mean(sgnprob[1:i - 1]) = 0.027216383724063594
3840/16384
mean(sgnprob[1:i - 1]) = 0.035686376660588694
3968/16384
mean(sgnprob[1:i - 1]) = 0.02747668263171162
4096/16384
mean(sgnprob[1:i - 1]) = 0.02026862026862027
4224/16384
mean(sgnprob[1:i - 1]) = 0.012550319677954062
4352/16384
mean(sgnprob[1:i - 1]) = 0.017697081130774533
4480/16384
mean(sgnprob[1:i - 1]) = 0.022103148024112524
4608/16384
mean(sgnprob[1:i - 1]) = 0.02539613631430432
4736/16384
mean(sgnprob[1:i - 1]) = 0.017529039070749736
4864/16384
mean(sgnprob[1:i - 1]) = 0.008842278428953321
4992/16384
mean(sgnprob[1:i - 1]) = 0.015027048687637748
5120/16384
mean(sgnprob[1:i - 1]) = 0.011525688611056847
5248/16384
mean(sgnprob[1:i - 1]) = 0.01429388221841052
5376/16384
mean(sgnprob[1:i - 1]) = 0.010976744186046512
5504/16384
mean(sgnprob[1:i - 1]) = 0.0179901871706342
5632/16384
mean(sgnprob[1:i - 1]) = 0.024329603977979043
5760/16384
mean(sgnprob[1:i - 1]) = 0.012328529258551832
5888/16384
mean(sgnprob[1:i - 1]) = 0.00730422965856973
6016/16384
mean(sgnprob[1:i - 1]) = 0.0024937655860349127
6144/16384
mean(sgnprob[1:i - 1]) = 0.0037440989744424546
6272/16384
mean(sgnprob[1:i - 1]) = 0.006219103811194387
6400/16384
mean(sgnprob[1:i - 1]) = 0.0026566651039224877
6528/16384
mean(sgnprob[1:i - 1]) = 0.008426535927685
6656/16384
mean(sgnprob[1:i - 1]) = 0.0019534184823441023
6784/16384
mean(sgnprob[1:i - 1]) = 0.004275394368273625
6912/16384
mean(sgnprob[1:i - 1]) = -0.001881059181015772
7040/16384
mean(sgnprob[1:i - 1]) = -0.005256428469953119
7168/16384
mean(sgnprob[1:i - 1]) = -0.011301799916282964
7296/16384
mean(sgnprob[1:i - 1]) = -0.016038382453735435
7424/16384
mean(sgnprob[1:i - 1]) = -0.012259194395796848
7552/16384
mean(sgnprob[1:i - 1]) = -0.007813534631174679
7680/16384
mean(sgnprob[1:i - 1]) = -0.013413204844380779
7808/16384
mean(sgnprob[1:i - 1]) = -0.008838222108364288
7936/16384
mean(sgnprob[1:i - 1]) = -0.011972274732199117
8064/16384
mean(sgnprob[1:i - 1]) = -0.006573235768324445
8192/16384
mean(sgnprob[1:i - 1]) = -0.002319619094127701
8320/16384
mean(sgnprob[1:i - 1]) = 0.002043514845534319
8448/16384
mean(sgnprob[1:i - 1]) = 0.003433171540191784
8576/16384
mean(sgnprob[1:i - 1]) = 0.0078134110787172
8704/16384
mean(sgnprob[1:i - 1]) = 0.012984028495920947
8832/16384
mean(sgnprob[1:i - 1]) = 0.01913713056279017
8960/16384
mean(sgnprob[1:i - 1]) = 0.022435539680767943
9088/16384
mean(sgnprob[1:i - 1]) = 0.024760647078243644
9216/16384
mean(sgnprob[1:i - 1]) = 0.019641888225718936
9344/16384
mean(sgnprob[1:i - 1]) = 0.01766028042384673
9472/16384
mean(sgnprob[1:i - 1]) = 0.015309893358673847
9600/16384
mean(sgnprob[1:i - 1]) = 0.01114699447859152
9728/16384
mean(sgnprob[1:i - 1]) = 0.017168705664644804
9856/16384
mean(sgnprob[1:i - 1]) = 0.015119228817858954
9984/16384
mean(sgnprob[1:i - 1]) = 0.013322648502454171
10112/16384
mean(sgnprob[1:i - 1]) = 0.015923251903867074
10240/16384
mean(sgnprob[1:i - 1]) = 0.019240160171891785
10368/16384
mean(sgnprob[1:i - 1]) = 0.022668081412173243
10496/16384
mean(sgnprob[1:i - 1]) = 0.019342544068604098
10624/16384
mean(sgnprob[1:i - 1]) = 0.021745269697825472
10752/16384
mean(sgnprob[1:i - 1]) = 0.02595107431866803
10880/16384
mean(sgnprob[1:i - 1]) = 0.02785182461623311
11008/16384
mean(sgnprob[1:i - 1]) = 0.02516580357954029
11136/16384
mean(sgnprob[1:i - 1]) = 0.022900763358778626
11264/16384
mean(sgnprob[1:i - 1]) = 0.020154488147030098
11392/16384
mean(sgnprob[1:i - 1]) = 0.020981476604336757
11520/16384
mean(sgnprob[1:i - 1]) = 0.023005469224759094
11648/16384
mean(sgnprob[1:i - 1]) = 0.02567184682750923
11776/16384
mean(sgnprob[1:i - 1]) = 0.02929936305732484
11904/16384
mean(sgnprob[1:i - 1]) = 0.0301604637486348
12032/16384
mean(sgnprob[1:i - 1]) = 0.024686227246280442
12160/16384
mean(sgnprob[1:i - 1]) = 0.023110453162266634
12288/16384
mean(sgnprob[1:i - 1]) = 0.02547407829413201
12416/16384
mean(sgnprob[1:i - 1]) = 0.027305678614579137
12544/16384
mean(sgnprob[1:i - 1]) = 0.03085386271226979
12672/16384
mean(sgnprob[1:i - 1]) = 0.03417251992739326
12800/16384
mean(sgnprob[1:i - 1]) = 0.03054926166106727
12928/16384
mean(sgnprob[1:i - 1]) = 0.03365049895567417
13056/16384
mean(sgnprob[1:i - 1]) = 0.03623132899272309
13184/16384
mean(sgnprob[1:i - 1]) = 0.03284533110824547
13312/16384
mean(sgnprob[1:i - 1]) = 0.033731500262940424
13440/16384
mean(sgnprob[1:i - 1]) = 0.03594017412009822
13568/16384
mean(sgnprob[1:i - 1]) = 0.037370089186997864
13696/16384
mean(sgnprob[1:i - 1]) = 0.03906535231836437
13824/16384
mean(sgnprob[1:i - 1]) = 0.04087390580915865
13952/16384
mean(sgnprob[1:i - 1]) = 0.04264927245358756
14080/16384
mean(sgnprob[1:i - 1]) = 0.04410824632431281
14208/16384
mean(sgnprob[1:i - 1]) = 0.04610403322305905
14336/16384
mean(sgnprob[1:i - 1]) = 0.04332054412277642
14464/16384
mean(sgnprob[1:i - 1]) = 0.045841111802530594
14592/16384
mean(sgnprob[1:i - 1]) = 0.044890686039339316
14720/16384
mean(sgnprob[1:i - 1]) = 0.04286976017392486
14848/16384
mean(sgnprob[1:i - 1]) = 0.0439819492153297
14976/16384
mean(sgnprob[1:i - 1]) = 0.042537562604340565
15104/16384
mean(sgnprob[1:i - 1]) = 0.04389856319936437
15232/16384
mean(sgnprob[1:i - 1]) = 0.04563062175825619
15360/16384
mean(sgnprob[1:i - 1]) = 0.04316687284328407
15488/16384
mean(sgnprob[1:i - 1]) = 0.044359785626654616
15616/16384
mean(sgnprob[1:i - 1]) = 0.045020813320525134
15744/16384
mean(sgnprob[1:i - 1]) = 0.047195578987486504
15872/16384
mean(sgnprob[1:i - 1]) = 0.05009136160292357
16000/16384
mean(sgnprob[1:i - 1]) = 0.052315769735608475
16128/16384
mean(sgnprob[1:i - 1]) = 0.05016432070440876
16256/16384
mean(sgnprob[1:i - 1]) = 0.0519840049215626
16384/16384
mean(sgnprob[1:i - 1]) = 0.05023499969480559
751.210909 seconds (167.10 M allocations: 70.745 GiB, 2.37% gc time, 1.44% compilation time)
