## SLURM PROLOG ###############################################################
##    Job ID : 5959486
##  Job Name : etgent_N(1,2)_seed1251
##  Nodelist : node1738
##      CPUs : 8
##  Mem/Node : 2048 MB
## Directory : /oscar/home/trazzaz/AFQMC
##   Job Started : Tue Nov 12 12:20:04 AM EST 2024
###############################################################################
U = 2.0
seed = 1251
λₖ = 0.0
Warming up
128/512
256/512
384/512
512/512
Measuring
0.48258110518070285
0.9164355646931851
1.0142452843197558
0.8702036424462294
0.5383927430920427
0.45603267538932896
0.5965531763678039
0.5382723573381347
1.1239292614005807
0.821249430225913
0.841037875612125
0.49930342647285775
1.6131039039236246
0.45016249784237466
0.9903883457063292
1.3719780306998635
0.8322481050937813
1.2502088854686857
0.8400968983299093
0.7157609859072828
0.4153413298242604
1.6811343585753202
0.45257133498240304
0.534255953107667
0.9713604592945835
0.8572211603354485
2.0692309205201798
0.7212799466603388
0.7335899746759369
1.7119865797757146
1.4517831447602505
0.565957867963533
0.7448381648468249
0.4165757833725697
0.53892998636689
1.0707517153865502
0.4135619488807583
0.491023741396763
0.6519675159177314
1.1827907558242632
1.3074537422743435
0.6951009364433006
0.5638936709137231
0.48535117117913085
0.677495756403252
0.47397623813462886
0.6781468991702523
0.7452404522032978
0.42580139116952903
0.4866154460446809
0.7005967207148136
0.7882572133967449
0.8392735628575735
0.8354741614727481
0.5494788801202574
0.4695911432769821
0.7979950250145731
0.9513981378204892
0.9422462618153682
1.1648454133535275
1.7780518287411473
1.0451287783656251
0.8683158382302283
0.47075806269926157
1.0944099279329942
0.9123857396736242
0.6586268729544553
0.8222595680750476
0.5007110990558595
0.7089191254749071
1.4072382052343033
0.7955493117948015
1.3220287920678806
0.43384526665541584
1.0534037804368137
1.1305683843635153
0.9227863546987334
0.5752757849315063
1.375602376246698
0.5936199019253348
0.706912635011961
1.0280979578996174
1.6112248091617754
1.021969109227776
0.9674364637001882
0.6407704381114858
1.0449211199850654
0.48441424164917635
0.6861887230698511
0.6644352463985512
0.5367530448268488
0.6036242821373929
0.8635818043281873
1.7197612758556762
0.40584561114036366
0.7920048084200004
0.6382180417202389
1.3485097999579536
0.8644655898354612
0.9516623707933681
0.6888743304336831
0.9823127105770486
0.811638883625078
1.1899731465653027
0.7301027780854886
0.9796527845725087
0.9423399542547938
0.6013213909337042
1.8807681190612242
0.9161619997890649
0.4344493294451986
0.44328300773373286
0.5296191027383677
0.90724118458207
0.6132942635349896
1.4998257831705413
0.41959748916633244
0.46757023952806587
0.7039851894023454
0.8703610232311608
0.860676502161253
0.5755812197204825
0.5736809059088955
0.8798784434553204
0.573603161174642
1.203008930406301
1.127356254495657
128/1024
0.5539205745330728
0.5783073487344386
1.1244996796744517
0.6808585465783208
0.6821791008442046
0.6555666490444488
1.8411936413834373
0.8371768721867341
0.49320017220493706
1.2039342545950342
0.4475066270440138
1.242847136546854
1.1337003827047762
0.371764377492467
0.565487105633975
0.5833700064575762
1.1832280108987405
0.44686073526996517
0.8560058794149787
0.9564913086342739
0.38617197955854377
0.5265708384758949
0.350433533057116
1.0095002874496266
0.7148528411463452
0.49256748210244694
1.1822459540030983
0.4702051026352768
0.49463429980547546
0.4359060959921067
1.3451303305828273
0.5828832941663249
0.45777161955361456
0.3626068897437886
0.8148036634272736
1.043838483442715
1.0337827728999929
1.284868531941043
0.35769976499088335
0.445617033458739
0.840694902304908
0.5780996780009973
0.7355644219726346
0.6986004810273646
1.1525832114667969
0.38317864474870417
1.2534137890477701
1.1670883890147947
0.7780657439238312
0.7147843822201343
0.6808355226448155
0.5076293123452652
1.0151135956958326
1.18441917782547
0.36907084707150595
0.5757058594042521
0.860754565230768
1.2812216011412312
0.3403704483519064
0.46907532667782037
0.5305572489771002
0.6245930390085663
0.3922429378694553
0.4273639097759987
0.7397053449927018
0.9861629622203794
0.6031085572855326
1.1779223384772775
0.6103922490817958
0.4306719379208088
0.44070889899046517
0.8195442964918221
1.7035971185200942
1.0379435793993377
0.48934106914205594
0.5410193750233153
0.8719866935058826
0.3525102815767243
1.168816893678586
0.6132373743741505
0.49683269109747297
0.6736981414030533
1.0679009518016773
0.6245406227808876
0.772934535257815
0.3492487617247971
0.38583132450525637
0.38035730448369937
0.7471426017923608
0.7536736392115222
0.47737235843798465
0.44037987581619614
0.7037054311305513
0.4648474881178198
0.9198145236863743
1.3112723951155536
0.7076625983436926
0.5317565004032985
0.9452620444253156
0.7812027257099233
1.4238413700621606
0.40538876774253463
0.3654481479696198
0.38509468205670416
0.4777686795748648
1.1215712786811736
0.4637639073621455
0.9114396636865867
0.6848327647450776
0.9096733678179806
1.1910577249451366
0.46867701584809957
0.7981522385281513
0.7116023985394639
0.35712437045647805
1.073674750980377
0.36598984190083106
0.44150486562302177
0.6856773711680109
0.40178896639014416
0.6912362095485777
0.7691253469438952
0.7841937386171098
0.42028252694845625
0.6472839197462574
0.41182111795136206
0.7888199567027111
1.1304736799078787
256/1024
0.397028375788243
1.5119224330906524
2.0331603449887297
0.3478724644851101
0.4067352429031757
1.1488604657899906
0.7508970779315026
1.510715610611174
0.8487629585264755
1.51809829496035
1.1815576088855195
0.3573895699622932
0.6829812960390628
1.058263939552974
0.32165996646989115
0.8259796361682568
0.4139288863276778
1.1507507405008421
1.1901776970545783
0.1984565817213746
0.5875627411965356
1.2172665505231293
1.681355145196064
1.6277046213108628
0.5002442794756721
0.4553732507131327
0.5205646255751768
0.7596613346279134
0.5722015994437133
0.28501226995977713
1.9973354562196528
0.9883791678691539
0.35489919367231443
0.3080330667957857
1.1149999238001185
0.9747080445641466
0.8226177808248875
1.1124909330268469
1.053686753568744
1.5151761747083352
1.65430435094428
1.6088420520351105
0.8956506076626275
0.6608896073942351
0.6027917193786705
0.7094468924651565
0.21398877550528778
1.258001558968957
1.1236434572691019
0.5929979824746748
0.31904486968032253
0.5452056709237554
1.6478555851366865
0.2584715422735456
0.19093330060303326
0.2166123731973314
1.8418450406914464
0.9823736537680647
0.653809043774868
0.833125211571465
0.570568293232362
0.30631322563098956
0.5614681430489281
1.0780204657788701
0.22902726518403205
1.6867767802202427
0.9198414025894057
0.3789658344802425
0.9333456438668809
0.4839183865009802
0.6270260299419619
0.5537373951689335
0.9851159031032267
1.0714678292743958
0.478083345909071
0.25827744933317376
0.8722441863036301
0.5663107185035605
1.0500855975717538
0.7369935815540763
0.3138196123597894
1.2001676919121849
0.5439089110533735
1.502474232707219
0.23262480356151843
0.6278092557298364
0.9927198856396472
0.22235220201230543
0.5704167834472345
0.8119291060908398
0.7277864321482023
0.5872131823654978
0.5482383692376596
0.922288541810182
0.773278713087908
0.3049917998457807
1.1662470878042013
0.594033009259039
0.5867974681313688
0.873598346066708
0.26226286422554146
1.4383728255963995
0.8875042263922457
0.4662302027977623
0.5934251745594172
0.5226215428733186
0.26744977788179414
0.23395596679630856
0.20977139025695646
1.9201924686731902
1.6562438847370398
0.39686497402674514
0.5225005779326565
0.21048925622571651
1.2426387327433852
1.2434568452886152
0.17086921498891816
1.315103893862489
0.24472158383524337
0.4535786766386185
1.4700568145873685
0.48095727426813384
0.9896307828946275
0.36359290576171066
0.8716947399822909
0.7395909430306828
0.49554016646712173
0.7174514564776658
384/1024
0.5678749537010384
0.5934025867327786
0.7345482720931837
0.5825159968084628
0.7200148370990456
0.5463029382139638
0.5631070517975703
0.7737800597698421
0.9566672231401199
0.9523499593532624
0.7245464352236461
0.28259509367291696
0.5601606713226979
0.762967488758098
0.6961178572598814
0.7458899196103308
0.7945581900317018
0.593912138931119
0.6062449187682954
0.5915696357427994
0.6843856911555135
0.7357517603929506
0.5751804342602208
0.6236185602134433
0.579554113448671
0.8707703498561148
0.6089149731772056
0.5944604477715056
0.6600764721345549
0.972264102564296
0.6639501564604547
0.6482340248426234
0.44586207401367767
0.5890379732077777
0.5928557799552584
0.641453357737049
0.5404562533985519
0.5452473901504776
0.8212697101080325
0.6379541218221287
0.572406305144707
0.8061945351625199
0.5866115546112491
0.7722899213580711
0.6185496276674431
0.7402359097835859
0.8797256652311192
0.6374268080140204
0.40774084051928233
0.8202885285039033
0.5391849003992492
0.6172588133103745
0.6096035259106906
0.6506588524541511
0.7787025800043781
0.6394569518067384
0.5064782532632142
0.6067193207311877
0.5831888613041329
0.6620045267922317
0.6538764091370171
0.896957232233276
0.7036498749354763
0.8082956922147654
0.5595536636166701
0.5229498271637183
0.7989755822513381
0.5457586601150392
0.5848749352583922
0.7030420264146438
1.2538058680931536
0.566498363125588
0.815061172048476
0.5492931535273564
0.6604175045813483
0.7542860861143822
0.5812436666631497
0.5955737244002713
0.7782525837098953
0.8022320147450615
0.6775462098653858
0.8407650688226399
0.6027560621462581
0.7196100747253764
0.5937005444404215
0.5883679685073405
0.7982781154921341
0.6203560180360302
0.616996307856178
0.5992567697282037
0.541395766958195
0.6326288293963225
0.7852218345304313
0.7156135923407361
0.7626891614160829
0.5442959137245216
0.5767327293199889
0.852664148137385
0.7292939917026245
0.7118860594345953
0.6326930962309085
0.8752825169055065
0.6145088090024604
0.8914171107434772
0.6098326389491203
0.5579260991946989
0.5393103746050135
0.851081728130875
0.6096639938577865
0.5731315023724037
0.46635168528794746
0.9384536954804384
0.6110174303393351
0.6927442774269736
0.6228490167989802
0.8342684352848222
1.3165201670223283
0.7566103461978154
0.8190012166353331
0.8216451452782607
0.5613623665115516
0.899575345240797
0.8624124318499046
1.0796829792864304
0.578955330891366
0.8049807392414926
0.534600117536781
0.6098147601098532
512/1024
0.6967197076987535
0.790396761574677
0.630065304001566
0.5610731266030071
0.780624645569295
0.5807929388135782
0.6436847868557656
0.8200718789985554
0.7868817534395636
0.6886889661162792
0.8480967105323092
0.7240341981056265
0.6122081948286847
0.7674551891470648
0.8933435730206648
0.4955497026139881
0.8559577109770278
0.6785923551957546
0.8416822993763984
0.8649829755743598
0.5474497087668934
0.4283184505466572
0.5500343722633642
0.7041830580781809
0.7800778708308181
0.6743068691057099
0.8908774824528688
0.7716656352800728
0.52998879199355
0.4927051826193934
0.8248907010448697
0.4798453140332173
0.7462843983005355
0.9023765141350186
0.8541735080919312
0.7394614770467614
0.8512202597623901
0.8577255352322668
0.8353427084922664
0.4699946187200654
0.8696071587297167
0.4661786873372482
0.471271811003169
0.7892752944144765
0.8052146208720419
0.8027882431462642
0.7192241065170015
0.5545084233909168
0.8056090536261403
0.5921582388765771
0.5795199636955534
0.9398899871721114
0.8088360030837383
0.7070167573169418
0.649512282779797
0.8606923603618313
0.8350713606675041
0.8659509167962471
0.9250478086445773
0.876854044870623
0.7995379560310634
0.6572209393588312
0.7387250696744102
0.5901969535017322
0.9213376356480688
0.8842690530609004
0.8860988075516097
0.8974918966479322
0.5799852218295293
0.5520549047501224
0.6862863922180215
0.8612220650528348
0.7727749747791063
0.772672102350581
0.8205208139446798
0.791165638302618
0.8826330565747942
0.738593795629602
0.6001475568255177
0.781101914642303
0.6378111345403852
0.7037294877104008
0.8602667299421469
0.7215278520538695
0.897936195767819
0.5673253779808666
0.4704768973969183
0.7998222030533825
0.6204686946307777
0.5246355159178541
0.9044759229958037
0.7456265113740073
0.6504115236808921
0.4771433713232668
0.6052954526039255
0.5725737325604202
0.6675941170745574
0.928619544497078
0.5567649433723214
0.8022472179910012
0.839870255455603
0.7726643758403393
0.5964905728874828
0.8026790353989353
0.5734407023161768
0.3905628134535999
0.6531825164209155
0.7242310667481393
0.819721327083598
0.8390144296490691
0.737567600132633
0.9188462380284188
0.7364846892287182
0.7133554266738444
0.8965479208291709
0.6271978520904619
0.7445905459824642
0.8922788791035579
0.6204558954021595
0.5020477366363628
0.7892797774741147
0.8733549900712849
0.7935058308952795
0.8216282308355759
0.8182827947598772
0.7539273933095407
0.8173355829660011
0.9412483596735989
640/1024
0.9019318738219189
0.35793769182632695
0.7139152905991688
0.9800966110067526
0.38600484663632384
0.8588511931187632
0.96630935289262
1.1589191372577483
0.9493354507281295
0.8221307375768852
0.6491455532144785
0.6928821960117373
0.9168414448134486
0.43633140127034487
0.6781027915771145
1.7507541171300298
0.6298806810431075
1.0391393006576437
0.579561578378208
0.8030725135619798
0.6989053193620267
0.7929376301916392
0.392178925669883
0.4631075030031638
0.6014669211637402
0.59946545318425
0.8379532816666704
0.7787180021586391
0.8627281626083713
1.0415872137176168
0.5705060473143886
0.37760585322730184
0.7599256748379601
0.7527914674696425
0.49491620739348696
0.37852071230886647
0.827974452314978
0.6801459451217498
1.0209185727822043
0.42218605044591107
0.5207617668769734
1.1764927415170638
0.9277672530338963
0.6381872358394312
1.24448177342875
1.5289690801204716
1.0819963350570903
1.0066715298922213
0.35289352744407215
0.6916532868353337
1.0133590111916126
1.472953801704865
0.8047539867646476
0.37881381361522776
0.7230652715316604
0.6245052719387504
0.39042832444421594
0.8547320176067768
1.1382704544368858
0.6387236524587514
0.6650521633290984
0.9649858283924997
0.650015189281645
1.2689648847057544
1.0812502883645723
0.5788493974973998
1.2431449895504048
0.9764270638760487
0.5096866224456902
0.5834886394628278
0.5735518850352068
0.9304692634155503
0.5565263552953816
0.8688910707470139
0.5163792839242498
0.9418138907743032
0.38182278409511816
0.5126730547901238
0.6884532006413393
0.36129735118036377
0.9477875791856918
0.7087751496442676
0.6309983312161939
0.5032045068609536
0.39602988923304666
0.48760072988275965
0.8766700496259319
0.6550496869895628
0.42844850648154054
1.2056803014042257
0.692870485812327
0.7459422744635658
1.0224288396134862
1.9026357391292572
1.3359488569257545
0.6222408168310207
1.1401205013787123
0.9968423072833535
1.0842218869578524
0.37705596851886297
1.1063468555405238
0.5029651384779645
0.6988804369296484
0.7436375022252303
0.4722595908518724
0.5363959261497333
0.5848943306756758
0.8526843996801936
0.7584136532375373
1.1064838604535385
0.9978899183033508
0.49809152199798756
0.5395664632159717
0.5071435523325896
1.0975397135961493
0.5803168673015855
1.1278448401445935
0.6526373281056563
0.9960297844067346
0.42012472392557476
0.44933147767935566
1.7423105343276875
0.6162184626352983
0.4089785920515019
0.6710418345899379
0.8796890433064646
0.5735768093677204
0.577165783509586
768/1024
0.6889413035322933
0.6896289509722155
0.574786569801746
0.6387380942336961
0.7051301504070138
0.652213898131514
-0.17638888385888096
0.6888689958815728
0.7074416301202479
0.667792289916578
0.7045986748400901
0.7952029829432087
0.7185904205421706
0.8874942461086543
0.5268981844266134
0.663414467173999
1.0629235522839677
0.6701476592517408
0.7105551125813852
0.7344770687096884
0.6798555589724308
0.5843433465544636
0.7474180547220475
0.5398175207968002
0.7472570466423535
0.6925453926251145
0.7084624646939912
0.9578124878598898
0.7010482059773788
0.5255073553550198
0.6668602047355627
0.7212533913549952
0.5395956363646919
0.7044912951058219
0.6777523015143377
0.6274404246350854
0.7059292047866957
0.9318246163607098
0.7118133015917988
0.7704307226775786
0.42670241318475377
0.7784970282661361
0.7468858634268298
0.8187788944638397
0.7616614730161415
0.685138577658271
0.624062284128421
0.8235509297906753
0.6380189868016464
0.6297701048411337
0.703772889606789
0.7035787717156254
0.6646660020911526
1.036471290525638
0.7280391410037141
0.6108022055104889
0.6750630518307064
0.9565758580491736
0.6639766565348373
1.0263950009745535
0.5982072093205009
0.7376742116546373
0.7310021433597639
0.5281063658039253
0.6582966809099424
0.6905791797822992
0.7710230459508806
0.4666039435697529
0.6058841644095246
0.6931095755453159
0.9434511767581588
0.7276502816364608
1.0559563789248592
0.7406973450162548
0.7271644155951643
1.2413450555052554
0.6824472977004359
1.1827020580195449
0.7613730539947052
0.641393086242289
0.32714009296891927
0.6697146615687058
1.0237382774658401
0.7133152651765058
0.7020644027322038
0.8232626612135867
0.9331968913754662
0.6978331571447944
0.6743503319906899
0.6861935568630572
0.7241930879165019
0.7231178722853526
1.1240754511405169
0.7305067689800894
0.6703905785369203
0.71081889358448
0.6313827386773141
0.7233142260230783
0.7220500198084325
0.8214187451810124
0.8437444174028033
0.695994305359489
0.7097653741773933
0.6753105128568979
0.7277284880275204
0.7202084648416881
0.6378009403926281
0.6299501074642523
0.7975857811491149
0.6387464014557851
0.6873256530265024
0.6432002468757304
0.6464103083196502
0.7125499811127758
0.6723696073525809
0.4397468270750373
1.019920463049241
0.8916339326958249
0.8681125677488364
0.7216359508183301
0.9575276949980003
0.7407923338832956
0.7024304548785396
1.0548260733146768
0.7862947588125555
0.6523121794974271
0.47035184167645416
0.7927694984548945
896/1024
0.6759449247268576
0.5099484590195495
0.786018628925605
1.232067559895425
0.523458274125288
1.2491873100095605
0.23759799353638272
0.4526528760223748
1.4235281030034945
0.6135532547813191
0.8487916535938624
0.7790829020088018
0.6476125056284514
0.3354973364695524
1.0051119296573703
1.066592195608262
0.1195107355395229
0.255626859841183
0.8095904450398608
0.7119724121680615
0.6585299854235732
1.113597223158014
0.6668382072793545
0.8478881362242083
0.30003078963841334
0.4287799725452018
0.9154432477031769
1.0163795404302662
1.229410658703002
0.4618252686583842
0.3748398575730296
0.916640526495483
0.41608860293489286
0.866782254422392
0.44012536147565107
0.3055323252960375
0.383308719809175
0.27333659546448924
0.9830968002699156
0.6157534708467218
0.6424596347041012
0.9000310280883521
1.0247541681634758
0.676490879729074
1.3478535769984332
0.9705960557556763
1.1853490247013951
0.835006580931568
0.8781445142995963
1.1788670408108026
0.7041900601617355
0.5779167053095886
1.1195443861392798
0.8518714082793641
1.1560650166287096
0.7167741686704905
1.0824999799037889
1.0962451483337348
1.0158445796570894
0.7986992190430706
1.2199937416041702
1.1577770634639108
0.5580352856210458
0.47379130311080864
0.9017259515524556
0.25873303870564446
0.8253541837297008
0.8399583206892456
0.8904473900224428
0.668469293628255
0.4856436390267909
0.4460718026849183
1.2043302836888783
0.4425381129887126
1.2426672815465962
0.8509928657220014
1.2563115473432673
0.86017214283879
1.074448465116684
0.9288786057724789
0.39037844670695604
0.2883022929703185
0.5596469142482238
1.3184715018471005
0.7837335926962014
1.0843970444653594
1.0890796569855397
0.4681123880983208
0.38257607255817083
0.6083687794755419
1.3387150945763273
1.0039835766158494
0.3642347208484725
0.9092460120326439
1.0088902498185526
0.2681869523060523
0.9998363532423342
0.9694773671703295
1.146837783118758
1.2287835668596272
1.1102521085609773
0.9261462830299291
1.1689251615392209
1.3011669644360713
0.9349743854196706
1.5105846920381654
0.342654847864966
1.2700392290904325
0.5636927044909779
1.4553667580605794
0.618960523418075
1.2592852389513827
0.9467767661257556
0.35379769248106374
0.5930123599343871
0.3879373250615184
0.5810768384841241
1.1133322193696398
1.3125354260043327
1.0805847662557455
0.4687567995731521
0.9499508982905527
0.6141089497600818
1.349746872347245
0.6222504625625829
1.409192707506855
0.8445759741645138
1.3585734404684193
1024/1024
0.3331799974495683
129.995843 seconds (80.46 M allocations: 13.057 GiB, 2.70% gc time, 6.69% compilation time)
λₖ = 0.2
Warming up
128/512
256/512
384/512
512/512
Measuring
0.9685449019385352
0.21733021061681979
0.8176838751617916
0.9270330039849026
0.2898448977138054
0.4396193061932386
0.6681684763432127
0.5827551108943316
0.42260006410292694
0.4898679227586076
1.0943906764709785
1.1219553323896467
0.5535953521151429
0.6662391877026602
0.34410729638089427
0.9904897626227929
1.1514037623757072
0.530382682706636
0.8455510011841288
0.5351287640530741
0.582707178717004
0.6670637989561039
0.7091779305367563
0.6077568347471358
0.9957013461884626
1.1201058592131352
0.746631043998497
0.3389043046677232
0.46986512794491664
0.49830084125861307
0.20777622447948707
0.4289075230850923
1.2292703729758276
0.2689023537736143
0.8264104473388105
0.6081261688678417
0.8221787291287097
0.7824063601555324
0.646251927786748
1.0156379910305495
0.8331701998652341
0.9232811974131809
0.6692859066265819
0.47363273867237005
0.8052588938901699
0.5800985378357151
0.33388514042891626
0.8781774922766863
0.5136071463139867
0.6627966879726012
0.5432787839160762
1.1086427603909268
0.9061333036090329
1.0868539760849343
0.2572843392331048
0.5242623838484066
0.012734975049206065
0.42680184149869105
-0.009012154735477118
0.4685523512557235
0.6889800331099518
0.3844880866928419
0.9317228278715204
0.49014814156185715
-0.49698624288795545
0.43728160797963933
0.8666423253059623
1.2057456423012667
0.5073368257213612
0.7931425265280623
0.8147559318854948
0.5469633112070069
0.908277817414967
0.8525135192001514
1.1574633334774913
-0.0900163652925643
0.7143122735437617
0.45147890372009014
0.9199697181485826
0.7619596731229237
0.6306350214973064
1.0364395509195212
1.1762456174823783
0.636393607492883
0.7415268564411783
0.3861759027101193
0.4307939070350884
0.8929557816503197
1.2158431389304818
0.5251633756812343
0.6151791229806697
0.6609526261601295
1.3495843861692354
0.42469268387235903
0.24540257529319778
0.985046187796605
0.4030956961274932
0.6564154763316947
0.3349613091259947
1.2998209093163862
1.2095201055319542
0.6583533411709424
0.988967082728485
0.6791968271449715
0.42307876762437924
1.2368221964941646
0.8954261311098679
0.3529793371877065
0.8440396055769952
1.1023236828343086
0.36435838329311887
0.815059980149015
1.175944224330037
0.7902731631637965
0.6542432677904984
0.9139993106307605
0.8125465231667302
1.317692129425865
0.2943605490880053
0.51490028389392
1.2822516762612193
0.7107982594748852
0.5216038976205064
0.7235822813826749
0.8213574817062219
0.7584160961910543
0.9909822648704207
128/1024
0.8699655989540795
0.7618276726586845
0.727421868545288
0.5178970666798381
1.5363681935038465
0.4712741740444295
0.4239169819526628
0.8272557410603588
0.34438366562760436
0.7761256991361931
0.5660732276863322
0.29707758310900045
1.0212592800301479
0.4992828390332889
0.32575221735550913
0.3880594635495036
1.1333838872176185
0.5894686708287485
0.7003740334811726
0.8697407878277416
1.0208024868959993
0.6029640546309303
0.8638741396378447
0.6721131340053474
0.49375013934431805
0.8756343765131462
0.3274605657106847
1.0054496301699822
0.30472680840509997
0.733145913216035
0.3013083433744903
1.1666993137936545
0.6857731068093624
0.7421261979100489
1.212840292175948
0.4271020416463702
0.8780685117441533
1.0766020758761445
1.3391296792081286
0.32112606813399697
0.7234626362287864
0.6595886262755976
0.8022281529979703
0.4394938237293232
1.1418702561949834
0.8929789808996556
0.6194602326029365
0.42746364722677294
0.9323809323825812
0.3286866025232098
0.6261952679294998
0.3700577118373446
0.6634371817695435
0.8632918614903404
0.839421918186132
1.1277318705110988
0.3848352389168924
0.297040685662687
1.2028867636423954
0.9891317052206458
0.38120171893389876
0.4591761255426653
0.3353341513087465
1.0320990836051238
0.3227537257106866
1.3137888700967
0.3501132392956273
1.121869593161772
0.3451592388864019
0.7728290232052806
1.0491277383941366
0.47322776734317
0.5692139448806736
1.020672517094045
0.42052960637305403
0.698953680715021
0.961444155317787
0.8631845136131215
0.812012640158809
0.2819820878520566
0.9597943001261855
0.8649007074847144
0.7231726838847264
1.3815571556884059
0.6679754647250722
0.5091956267919322
0.9528404251343967
0.30101317121644616
0.6431051396432412
0.5103992697792161
0.37984282313642703
0.6683686925726438
0.29325186954546706
0.6763238965722809
0.4692181161784741
0.5484837721832504
0.29695281470064405
0.33647792610520727
0.5551921548615003
0.8854396708224157
0.4956193723177361
0.9692067059071555
0.7418230840664828
0.9973139730255752
0.5975695238460356
0.4084847044791858
0.7256192079584918
0.4950652401374385
1.1698337275328554
0.3650496066218912
1.3466204098096866
0.5713039515012107
0.6557261270942674
1.0380919387859584
0.47753998761789934
0.6780554790082192
1.094982651699715
0.32458891174522286
0.5474882103642306
0.3974334598794995
0.5412137209349848
0.4812375436400347
1.6281702082808347
0.46640429929023375
1.363830108630063
1.0509933040240347
0.6531238396995009
0.5945131105294175
256/1024
0.342395200421912
0.2641959846010619
0.8903373996058982
0.4988725674880733
0.8927263946697762
0.15904108716032042
0.43234464774968456
0.9803102322423626
1.741200712404916
1.7126485094842536
0.337567894224849
0.5726094712815988
0.24035714026921007
0.4074816028583823
0.1858108920587324
0.8302730000025695
0.2752434079486431
1.5934240625688554
0.7281256076945954
1.4884111656672705
1.0468201523842753
0.7983038686715781
1.2805977199213567
0.5611545510674397
0.9315319790371255
1.463833961184441
0.3474476810781558
0.34495896233206474
0.9678122044490961
0.46214121677907144
1.5596575086366535
0.7272952192921127
0.6891846465751367
0.18983158323629856
0.5111112104339635
0.21498776290563365
0.6112206962346294
0.16662382186298708
0.48145823195634035
0.2629832465714849
1.5296674831241635
0.8450284370840015
0.560876178054728
0.45542363913576134
2.0134032285656787
1.781023899338516
0.6847876248714377
1.1702038092243356
0.21623248464563627
0.7353550575090203
0.7872622140153593
1.2981278273834258
0.7415683117554503
0.4961513292621062
0.31821345605171936
0.582513900636624
0.18969507055776622
1.329035976528053
0.28099187657554
1.1883516631708702
1.045197123785338
0.5161526946986396
0.6370937909594079
1.9478383536580135
0.6662628616829703
0.2151826457505558
0.16005365765240048
0.691958908004175
0.6951829263579039
0.3699179264559802
0.5345191324186582
0.46223368997962466
0.6037463862782328
0.2502985402477659
0.536581234861676
1.6022369233129656
0.5732995834559961
0.5889870288028949
1.0412014019990044
0.3671899532037911
1.8079624950173572
0.24858584851719012
1.0414086323385434
0.6827057453972808
0.6858426134893576
1.8446883401212575
0.538659870424167
0.7102401215558247
0.24510481352280508
1.110605672382054
0.6103089761566989
0.6026963661926181
2.076754517152729
1.3589807386304398
0.5275297334954849
0.2925662539013958
0.14742050914508587
1.2848419743817454
0.5986059849908315
1.47840420588637
0.20107726106557694
0.23955389991445403
0.8864604375874616
0.8892516212706351
1.0345732150232028
0.6496021142445112
0.7436958306974684
1.0943471069553523
0.23004728657898832
0.36551579386122346
0.8387509534644926
1.591135080544475
1.0347117019688368
0.6050724815701625
0.2343371289895732
1.219942429639645
0.6208615044076786
1.3482437424841796
1.6582611947391563
0.41851769695981755
0.7858415843675775
0.8813346151922827
0.4684864027256298
0.16451357656524823
0.5267724565483316
0.5229691503500054
0.3589138698311795
0.7086681658559546
384/1024
0.6160743648686657
0.758919649942292
0.630343190955056
0.6881696046957291
0.6124119201310227
0.5420904337337523
0.671778941269657
0.7021751334476318
0.5236719933670109
0.6989947459638676
1.008370539743988
0.20599158517530053
0.6256665803079813
0.5780230151965069
0.6587811951695131
0.6342828365456715
0.7472630111549772
0.41454109568403263
0.6900045365253941
0.9282782313933793
0.5087856601142814
0.7778251274930952
0.7574056145506494
0.5646545787413555
0.5403863481032434
0.632376902361864
0.5927512610891092
0.6495455017460673
0.5344518467168786
0.5784205171485709
0.5181143378076525
0.8989755533180644
1.0523467843754586
0.4243066807175898
0.6403142849306033
1.146483101089402
0.5842732053771859
0.5916624215990177
0.6034839813258017
0.6473114570044622
0.6162067339155795
0.7888453413742963
0.6160866101759996
0.6177339398765657
0.7279991418688546
0.6780772103751752
0.6020816536820468
1.054573905925437
0.6491747490154565
0.6369814600554271
0.7114112422938392
0.6544711490387713
0.6121137150881835
0.6611252704375625
0.814686811776426
0.6052862822090878
0.7938846662047864
0.8473960502770428
0.6172331608884065
0.39139304148584164
0.5458299760161146
0.7943067588204452
0.7341174753668536
0.20935804038742278
0.7935539661461811
0.7156276960294059
0.6168920584765772
0.6752920441218956
0.5869430858505318
0.6018782753937214
0.7364849337296703
0.8431262235850949
0.6017306155772144
0.7844777673783159
1.0642410023785387
0.9945993616372726
0.6382266484340351
0.7206374788931543
0.6383118673968975
0.5951393101617076
0.7037810291273128
0.6493102629978293
0.6290307149094974
0.5979914061653268
0.6139908200203343
0.08103240005269574
0.7318515837722198
0.4325277498280208
0.9039888943807015
0.6801322567369337
0.5416443254256629
0.7355392128512952
0.5558889414619649
0.5316238390654165
0.7431459802305354
0.7298715989922395
0.38085445954016284
0.6575471864591638
0.5023016877067442
0.6254175512736191
0.6069700956312365
0.5922680480274414
0.6035840580676827
0.8291181763890547
0.6106121122399027
0.5868216429583188
0.8314609495884567
0.9494476320193834
0.6905523514433874
0.7491298398979236
0.5693335036549034
0.6280911258451567
0.6318395705111111
0.7149059051353706
0.48318846020621387
0.654353009047495
0.7760678902849754
0.5839693445182264
0.5887843259555477
0.5970374210003805
0.6610268382826741
0.7660143539386993
0.6940399542380098
0.7395405913478001
0.8737766637180608
0.7206803049710943
1.028957901265237
0.774919951609033
512/1024
0.7115884722073763
0.9220929636871789
0.8381447609065423
0.6265869988924191
0.592128403780231
0.6784581476290392
0.7783126712641582
1.353477128731532
0.6928184426738789
0.8620385821072998
0.9237957097870336
0.5552495661778913
0.876223080376934
0.7975171539287789
0.6457296539951263
0.30194581456701886
0.7072214210215679
0.6961618104910665
0.5115874900368874
0.427035034298554
0.7875391890310256
0.39036272899626784
0.3105223526371592
0.516352606852583
0.32732412058534005
0.4956920209335225
0.2481533514012174
0.5520194825030269
0.9003430717019945
-0.1217146174160072
0.6023524405135388
1.0784566333885905
1.1968219330531797
0.5365969347791455
0.8968819764219852
0.7472946532912675
0.157535542817568
1.2561239647490154
1.0202780630021286
0.7248466605706805
1.4409419248076827
1.4396868526334456
-0.003434232705153417
0.5176123014300134
1.342713694751002
0.06731560592274882
1.4683079945707715
1.1786513044370786
0.8962963887222941
0.4632132310968161
1.2365250401060885
0.42085898935414745
0.7565523151319027
0.36075502303799484
1.4213295858505544
0.694716008835048
1.0624852002308636
1.106885409680148
0.5677820712809363
0.2954735273069897
1.0566548584812514
1.2325257275578332
1.0843541354278237
0.5503908731550738
0.9819559673488549
0.6629860960485532
0.23917390002873837
0.5200968214636983
1.0086345301252622
1.0711754740356785
0.12923932494874274
1.1094469329715162
0.8440869240358657
0.6301547169499326
0.9165308480950233
1.0999936080936306
1.4286942262326883
1.383652369596203
0.7767740580056719
0.7975218810268014
0.3055719029676043
0.4544642505792292
0.8254099442429778
0.5463856099084723
0.899565396776521
0.7268126120764766
1.170989208666351
0.3703741417514681
0.29925501536792026
-0.17935680025246514
1.2786973163999007
1.0001253745167957
0.8778041690946741
0.5236967469937276
0.6584617059787056
0.4528832075814384
0.6726370638506594
0.7358674220815877
0.41321215842597847
0.30970601816943494
1.2640369029799192
0.3068723971173239
0.7721526539054777
0.5309229225029316
0.8284045897425736
0.4475121611259229
1.0622154357138611
1.1122166653068133
0.5122608323847494
0.6289141598070205
0.4253053839247793
0.3753713624712722
0.7598965581932472
0.571476119250698
1.1825724642023938
1.157028586396083
1.1868354719779766
1.0549487344321598
1.289766778527016
1.3995539530104883
1.348500459878847
0.3910653025469407
1.2115062272695434
0.5754426416501692
0.5663426472240345
0.9815183832705396
1.0417715384276311
1.3844953785394685
640/1024
0.7427766643887836
0.6454744344688337
0.8822295561149408
0.5005670277418033
0.7037146090136902
0.6207539397529352
0.5898721239475194
0.7889770348157573
0.7422783283131111
0.670047277422194
0.6873702786772424
0.7147271607701275
0.6368303705986038
0.7921415609175596
0.6368718997664696
0.644885311415205
0.6155567792714469
0.6774181707471366
0.583291993131241
0.6507529238397591
0.8342897168123233
0.6459017770828925
0.592070943583686
0.6430773965472243
0.7820047172162153
0.6505974284494127
0.6971907927835272
0.6689115915027527
0.6634285951408824
0.9139234933176814
0.5953547754028633
0.8229925744957167
0.6796402677015202
0.6947789171702212
0.8283799236525755
0.7850321328072036
0.695634812781665
0.8625202923520067
0.5986594755544487
0.7463352976050465
0.646931224069293
0.7106163207710716
1.0231693340843262
0.8443945216636491
0.6335283589862957
0.7676046852095264
0.9815292074467243
1.0951490799812127
0.7154318804384674
0.8576933648360573
0.6553639113715239
1.0768820159212715
0.5706704837838115
0.7891542613170777
0.6673008411413635
0.48720689737598355
0.6598511104807552
0.7711220521453352
0.7773568097990957
0.7139417107869209
0.7225867451928178
0.678638475359606
0.7099121091499148
0.7319065370375899
0.6509665393067343
0.7277124437924857
0.667014861391201
0.6398475330898085
0.6066546366943991
0.6683658471091111
0.6385769760927655
0.6680180977714835
0.7023841021925858
0.7505645573464009
0.6527571970815531
0.6122252095428135
0.618779998875018
0.7064032173466172
0.9435213741497325
0.6662733960640579
0.702646512603049
0.755103331997421
0.735452953927955
0.7880124716424166
0.6888315832913422
0.863719274155692
0.7284041892040085
0.699637989149344
0.8500834320666342
0.774631756807922
0.6636700243456701
0.7186723013860975
0.6174393559055938
0.6323577850489261
0.6848300491703565
0.6669815143264537
0.6779349217581396
0.8958598132972638
0.6969484503229559
0.621902632511021
0.9561072449882916
0.6270360729397149
0.5342805996934389
0.6256215373109608
0.6248176068078544
0.7063540999119597
0.7600683683936886
0.8877896888813994
0.7235781346790318
0.6997073705576746
0.966429987556309
0.638716752265742
0.4319861056225519
0.7472210215762577
0.6743672855741732
0.6579730697806294
0.6249238006388573
0.6479065917197262
0.6493319491830468
0.6465211466749057
0.7464808440298447
0.705511031085537
0.6318085929369943
0.669931531318157
0.9835382181541854
0.7127611869055144
0.7657968413296419
0.7651874899783947
768/1024
0.7753908470297742
1.1355538715775026
0.9517650929920414
0.6902463824055752
0.3261595261044642
1.0890564072949462
0.6563403870474431
0.5952171455728612
1.0619405041308718
1.0471241709299983
0.7501766028716512
0.1893437815386368
0.8669423490180718
0.6413039439872276
1.3377057369506804
0.8407548521418072
0.7859541414853451
0.8444447247480551
0.6988946636559994
1.0205404932191007
0.42463360332388733
0.6717157342195932
0.8652221011282065
0.8530398327967111
0.33279183997398143
1.0383221071859494
0.8468933834657849
0.7322122005249107
1.2241795416670653
0.4527985778566471
0.4696186441377306
0.7150786344926586
0.5432305166423304
1.1187565869216967
0.7880922198240354
0.7870551635940903
0.6980414234260365
0.5840851620994331
1.0968864589368008
0.24855577719906213
0.17753552811721623
0.8429369538634698
0.6308977658669973
0.9491598591723249
0.6637253671864387
0.5807187153649135
1.0543482850023624
0.321243617977211
0.254881110868564
0.8475003751658565
0.6985471714826456
1.1211933356892871
0.3830997536017754
0.20415898682820988
0.38347494623759293
0.9325464433367042
0.8746850577262606
1.3422368708765706
1.2257422423741409
1.2472851671433889
1.0136290124550555
0.6216082270871232
1.217317325829101
0.6311056348107151
0.652870704862321
1.1188091155376414
0.7283987174667869
0.547799556404587
1.0117653249312277
0.3330041585053599
0.7686964268896104
1.0611122668133735
1.1418105789054573
0.2174916307208739
0.8065119873979434
-0.007701936490912442
1.1739170659909943
0.7347615602853292
0.2209867028615825
0.4773004939097661
0.4810659641457008
0.7277761407347125
0.5550545732294659
1.3366068356114142
1.2335430094181339
0.3341738345753585
0.8561731049421119
0.5398123800939316
0.5025913137174844
0.970883094083784
0.9669717969241176
0.5086973754078941
1.2640125940044213
1.1386442659351488
0.9729647535432745
1.0276882686364834
0.48971531845880767
1.0580550753534395
0.2919340856046789
0.5449545643034457
0.8373394750581222
1.092901334332014
0.3850337917833191
0.3731950906604777
1.106915233462281
0.4832904714939943
0.6228068214471907
0.4061976140422729
0.949200897720644
0.6719463401910275
0.46487937013195557
0.8836468351103898
0.5643985496118002
0.814509773142704
0.8302247932914579
0.5440232136623903
0.2991387335937892
0.7924117796709369
1.0444479083409102
0.7830328003932105
0.7491469611224714
0.7809500411408739
0.7244424381118277
1.1645109952044754
0.8388792372898506
0.47939590906423885
0.6023419054089539
1.1711840353889893
896/1024
0.3982018285799267
1.3245566273803766
1.2887169638940903
1.1346545543392583
1.3332070852116509
2.0889566869085434
1.9404260918012355
0.8697071733383249
0.9959533035647404
1.0058133329235819
1.3009811620672722
0.7989677466318135
2.036712563114336
1.0228851878740959
0.6877482066557115
0.502714033619605
0.7451714337722062
0.7069957997040428
0.8555860742319152
1.2541207486618235
0.9002636991158
0.6435028116421392
1.511520418997296
1.8026573304159
1.4395713414687854
0.48476987392496085
1.9619997304111763
0.805571468297373
1.6021421660304516
0.3776450283457918
0.3169691354712546
1.9636392993793224
0.4179160098143019
1.0870577775675137
0.2406905986226155
2.0674980837803747
1.2010907685281806
1.8002779177630275
0.4506297708586024
1.3495327113158184
0.8816443887522984
1.8685207544626596
1.578665249513018
1.796117505879823
0.7755094239092978
0.4077588885473996
0.6797801186951515
0.35814584916655745
1.4125994858954458
1.493874047119721
0.7863280455544914
0.8942585062392503
0.7161488371460673
1.653990032998884
0.26234838870782096
1.135928036415799
1.7448947561369674
1.5426629040177846
0.4988806284825453
1.5399783886955998
0.5018200545932997
0.46681974045523145
1.1180349445771476
0.5390972387997298
1.7793225462847975
1.4739421654504736
0.8881449502688208
1.4030350817298194
0.5244850994285967
0.6453815200522979
1.6361997743811572
0.771932035257095
0.9040388908799202
1.9680675098741562
0.4221642738627013
1.9863772891386822
0.8223277564437619
1.5195518267015686
1.1412465470658741
1.9883145836791791
1.109033399317955
1.3688097295933013
1.3964794634435576
1.2463651665174562
0.8048354314973456
1.5172267221435387
1.9144293277043447
0.8584817163930267
0.8956640023998477
0.5592450210411215
0.45267591496398274
1.3297648491918173
1.690626821051241
0.521088267346407
0.3409394285872685
0.46741306487347295
1.3255097994311027
2.0116240718901626
0.9570518598506608
1.295416645096813
0.24531185977423844
1.3963858188054998
1.6539352260901394
1.4054242636837313
0.23497518189409042
1.9518790507633037
1.0461990018740177
1.2731021345913724
1.334942524141214
1.3664231410280405
1.2967823052919176
1.2150623013260813
1.6577577139767954
1.1156253537501921
0.2021793944212464
1.5568772960198287
1.3164355103513525
0.8918906055933891
0.7648014514199171
0.3111680934920721
0.9838619724193289
1.2094646299477059
0.7136229385712938
1.9707071685023112
1.6561964645871963
2.2023418627835247
1.6852493719778319
1.155767125499225
1024/1024
0.9201989960325304
104.926571 seconds (76.83 M allocations: 12.896 GiB, 3.18% gc time)
λₖ = 0.4
Warming up
128/512
256/512
384/512
512/512
Measuring
0.9451590961868521
0.8811567690395945
1.14653312977342
1.4266934405825784
0.28858468432171147
1.3095190265806271
0.6191511535384191
0.7942309149509558
0.438186050209326
1.030102009369951
1.1504111052377302
0.5492265578103854
0.5546367798555637
1.1445390487446692
-0.4296661567956196
0.46328814886014047
0.5104958743996906
1.4265413130451472
0.42560903788708604
0.593759267376642
1.0478938103989894
0.7602970400580427
0.6039958493448099
0.6243993779579229
-0.3388173003068088
1.209693880872657
0.4933622206409226
0.8257329603666788
0.34315357395074064
0.8461139755062134
0.6919560309891247
0.2838158233563308
0.7903656984442482
0.33591713475679
0.3994002142398707
0.41358617209600135
1.235819191364679
1.1207713321272015
0.2549187130237921
0.5845370592431488
1.1381868530348065
0.7259965898693539
0.44918077786215427
1.2990822978941485
0.5486603254138989
0.6865990592787135
0.5659403274728824
1.2422853178263185
0.6244810500603533
0.6758138738811597
0.34160270136093873
0.6412080989810962
0.5336614147513908
0.5164951241723273
0.09346593021973026
0.6430609135769496
0.23435682761042909
1.0098082232861372
0.5740534307885408
0.48719459284657207
0.8356585017139333
0.6128708818413648
0.6930598392925199
1.054488591655172
0.8228381715040832
0.7256716389004628
0.2556867133990229
1.1345791079774856
0.7156401991005718
0.658772088525333
-0.0469195120648328
0.7989016961010417
0.023792040198190367
1.2564840868214735
0.5948289553655177
0.6081659519591499
1.2626258635631982
0.6012993970892244
0.7601159148914804
1.0198934512802478
0.3305325404822993
1.1990130865284983
0.5499861899100927
0.6349755276320304
0.5358207824777939
0.5661297239131098
1.1074696522798166
0.5855474471285529
0.8201755036538125
1.41263801360015
0.24099976797950143
1.0845057892396415
1.0824072819874182
0.3223748436854281
0.41070831104299543
1.229770244703507
0.39953706693791813
0.6486816424843077
0.9202856331929402
0.39135167317199304
0.9117546060184645
0.9028325098827166
0.9358341924302542
0.7263317182616914
0.5462147394777599
0.2974757366650269
0.9527357000778166
0.3507152028437821
0.8205006468271535
0.35100339207347797
0.977554713012329
0.5255130860360618
0.9103941762447677
0.0693710307872748
0.6989631636017989
0.2659732924545357
0.9882226114731336
0.7243366785934015
1.0186587423999247
0.08281566668730489
0.521550024278645
1.287936960697901
-0.19344329352327116
1.0520440311865809
0.5340383239894906
0.8175443681133674
0.9798451095823304
128/1024
0.8001685745978545
1.0599330588977007
0.5164291794711273
0.7612916272958711
0.8200642141426586
0.4547376098588788
0.7261025503839489
0.907160169338976
0.36374922286680333
0.6214203656839979
0.8605681903095146
0.9049195880610768
0.8504237121342817
0.51960673960396
0.4564761307993603
0.5061200237215193
0.49483408463401435
0.4854002419412683
0.8839177782482317
0.7067150309542035
0.5742286915574455
0.6604000006287476
0.7215924901562976
0.9696583186212083
0.6459055030263593
1.0517700067863411
0.8085020909136681
0.7803553646313697
0.6646680470476157
0.47623989581649306
0.4950833224531576
0.6359523762596679
0.4547208038663922
0.48636320375771486
0.5018192678035811
0.8481293482809967
0.4646253969834304
0.641177020299941
0.8818043162093295
0.9699219710549408
0.46775087542762
0.5277966509584833
0.5515047496308125
0.986812945605769
0.5756628560269925
0.8791097016807787
0.48096162385628816
0.44875750873160847
1.0810614836189447
0.6940578904411714
0.5879037123174826
0.5700970340267905
1.191003200620333
0.7051358829752715
0.7623838465156457
0.947105368461296
0.9753217937920746
0.8041420221651716
0.4477592529968406
0.7249550231014357
0.6607492120216057
0.595037102749379
0.66799877874414
1.7798213905608966
0.7634095065205548
0.7759243929496389
0.9026505293914114
0.5797009726246856
0.6871122598923785
0.7944735734673813
0.5604205892042542
0.8824908183625745
0.8313206709690473
0.5137357909605635
1.0485118915275136
0.6022052735847684
0.8289469155093099
0.6380598976615268
0.6704183746227094
0.6286823029953307
0.7730797584116551
0.4912975513701898
0.48975020282268567
0.6977742819282378
0.7449252736057115
0.5542439549324993
0.6222636195778489
0.6311621696982249
0.6472177610041003
0.4828724451959946
0.6522697511011735
0.4623100780572518
0.7040541922303823
1.382643104306421
0.6953270262073122
0.8824239253982802
0.4688722451620664
0.6018132933745471
0.6109867240989502
1.0919394747562847
0.7531605394834506
0.4722248678821645
0.5339828792729728
0.5489950169253491
1.1087779890974843
0.7394466985705161
0.49700092746561253
0.8308069800010491
0.650412945964569
0.744964620212635
0.8014237862590495
0.5658925677869058
0.5690675830445693
0.48819777873000664
0.5628389018298801
0.6590442825389216
0.7629950219953721
0.643455312481534
0.7414586485559789
0.4796977369818455
0.6424157920997139
1.0049899570285477
0.9746819165070505
0.507998558690067
0.5077340791058936
0.4481379061386231
0.9598960680880209
0.9016318278835409
256/1024
0.5306348390524805
0.33198321668500314
0.5330889655647834
1.0097079378757101
1.0523255716483029
0.944791167697179
0.4317937579167759
0.5935508205634061
0.371862456970227
1.384716502421693
0.29847863347489423
0.5191239439162448
1.037272519062897
0.7520898538160505
0.27609379246896315
0.6113118864603535
0.3507120873951207
0.3009986319651571
0.43862978840795425
0.8109791204395462
0.32449774262699094
0.5786100299832878
0.9656262775443958
0.26600569636323207
0.7049459583474789
1.2233915419072159
0.4344115940067371
0.44027295397408
0.5859202226476437
0.9515215622645234
0.6461322371636009
0.315454467438529
0.3820592941061425
0.37831072769681645
0.7559796824174025
0.6514243414269457
0.9769007852873777
0.5571242968152643
0.4174289095992204
0.7591798820630182
0.4114195965195889
0.8037736901037222
0.529860888049887
0.3638033817147771
0.7774886791370241
0.33824938380252884
0.3019530366530722
0.7512836758943251
0.8539758899073046
1.2399299972971582
0.8699107296294085
0.9655900016688481
1.1836696867296783
0.8415390781443792
0.8068886804819105
0.8765919724461827
0.5272351408533545
0.5551801446925808
0.8077807642242507
1.114969559974124
1.1484373047533796
0.7335271792891661
0.8613874224623574
0.5140301159186458
0.4215967355715342
0.31841390294112754
0.7609225866678373
0.8122121357674663
0.4374483675704739
0.9431204905455919
0.46670969218730757
0.34321016283976097
1.6673508154980723
0.4023959033008592
0.3229911187963528
0.6385126882495715
0.4225930223637693
0.8817270245545125
0.5675864745626689
0.3664677276120104
1.280766452001382
0.6858370041190747
0.4348014861927598
0.6727092878802886
0.6737398120907017
0.3289186655751495
0.8847919002523601
0.3287773877013239
1.5829753641149722
1.3009608454737998
1.365394338128315
0.7780911373834754
0.6318182419142873
1.0499219436673282
0.473238451973032
0.4016200399015357
1.0808163517001903
0.7408633101235576
0.614179207727203
1.430626211451423
1.3922444491537385
0.3342607980349154
0.9423758639503484
0.4682450065253322
0.8371860570128992
0.7117192622684543
0.5538129429308449
0.36875978486365085
0.2741947818867445
0.25694029886902386
0.2957189090291612
0.34534378679707955
0.2967011315530896
0.8542414862284737
1.2149296488228487
0.2928486519488026
0.9005579080267861
1.0665770247753166
0.41234223641904444
0.38423869989592163
0.5026967778758058
0.9009392960311247
0.7400005086393115
0.6934838460435486
0.3782508095922388
0.9948470126521203
0.4708790164213358
1.1619931106768138
384/1024
0.3335056964525259
0.22366741179860294
0.6901705377048418
1.4297938847029383
0.7165390364082861
0.46263867159562894
1.5777268118903858
1.6607367131896587
0.4618307251222512
0.25221723567247467
0.17758155471743975
0.21089714779639157
0.5073969317452864
0.19758114764806434
1.1706973108259884
0.7794897209342009
0.27185503724793036
1.3709422939240306
0.49735363132651234
0.17069832571334173
0.6648154503816318
0.5471587119616339
1.0985585178480974
1.3227881306013929
0.4190487447998551
0.455865646431974
0.5626258766763182
0.8458339503743321
0.9875933083452623
1.1127976921053102
0.6118427055874816
0.9201848756091623
0.6787560873537266
0.3878784576310491
0.9643913305328113
1.1845774902939912
0.2806754985260198
0.5700409650216418
0.8465995190629227
0.3792959102988034
0.20798466027142373
1.706892784310099
0.2374783420628594
0.6489716941220685
1.030367936987816
0.6591982116164962
1.505697466071519
0.3197556437710608
0.30510091610985074
0.9770807376836721
0.34301477447291806
0.5597985323314177
1.7794250753815837
0.3369007652230428
0.3833614624050004
0.4668383766822299
1.1289697688422284
1.6261453237339767
1.2902731981061721
0.964325432645302
0.3795693557953428
1.5064874433954025
0.7946509255878877
0.19331958925019752
0.3301673043133892
0.8392472574248049
1.585165138293951
0.7987003724577755
0.21540794561858845
0.9209349078443163
1.3196174053650078
0.39409932406282977
0.5618138956562876
0.802690898677485
1.1333109746210401
0.9075822657646202
0.6001539276298192
0.7315506422446088
0.5571829575287797
0.4249525621224651
0.6332620120776509
0.19113648496530677
0.232572548294169
0.5921203085831652
0.7419579160652918
1.4638984243822852
0.23581734839190657
0.2322931215097056
1.2244547299229258
0.9965138623575809
1.5281855704421452
0.35095639023000547
0.2989963161037593
0.21889466667093788
0.6198254204515836
0.38364910215540976
0.19902531440575363
0.8147689584125476
0.937815190488061
0.3499697235963871
0.5700189347437863
0.6492599232654501
0.6113347183507788
0.8325144666812776
0.5329532846676861
0.6763937873219755
0.5009120418709428
0.8316043596678013
0.8736918742843103
0.6736627125030235
0.28480984515291624
0.6346086591525938
2.2825910922058843
0.3173438315956595
0.1726579351226299
0.28477535901267637
0.6634074356088382
0.4063271416426465
0.7193212004385334
0.2578455893824462
0.9121924288497385
0.2872550142838668
1.1587165877777743
1.0921554976310563
1.916718171139823
0.45542163694034266
1.1159424868107195
1.265405485907681
512/1024
0.4382965130121449
0.5373716182173701
0.8220962582626616
0.5420410162443936
1.031877002824112
0.3698706251772394
0.44839272596734653
0.5422244126894519
0.5561562767432663
1.1643658751753456
0.6790103299121726
0.5383372591728101
0.5674243163562935
0.5225410630427498
1.2935864253186553
0.4225030905033861
0.6719485195381262
0.6869278186813698
0.7913667071596102
0.3949841776669243
0.7014104086458541
1.1503504097900883
0.8479244253181111
0.5898205766522715
0.5688294376648302
0.5979271105772198
0.9642078804755898
0.4861784901202815
0.6248233507157768
0.4501917824484755
1.2963763445234588
1.9001068098213116
0.691155595445501
0.8243282613587383
0.625102260413637
0.5699858726170486
1.0181867423318094
0.6251631973913119
0.7036883907509959
0.44617966307745294
0.9673310763594297
0.46423169944754156
0.4420336288614813
0.6502156485774901
0.44039924403648684
0.6006638181871604
0.4731916897431976
0.446493150281586
0.413149140146711
0.9090598478240629
0.9171856321423908
0.8152740188280905
0.4698812554605162
0.6271990781970401
0.5318810740759259
0.38275696992535746
1.3531712003834597
0.4698321337716762
0.3705931983510377
0.8216207489175377
1.121343078753398
0.4591996580640622
0.39849022168468307
0.48162203608716514
0.6159681462857571
0.4720135144149278
1.7171120060952352
0.4727643319790872
1.0319185697594233
0.6294702166450117
0.6940887489969563
0.9126205960891611
0.4863474359019138
1.1041692033822794
0.6250665704268507
1.2610149327479612
0.7287662329263351
0.8519767467635311
0.7009662260816073
0.4065493459608325
0.6612519516491309
0.8620813813829417
0.41286509659138015
0.8382667342125558
0.7492401837272393
0.5188965997078124
0.41732118709372756
0.5757586235301929
0.6271368981047561
0.503129711946554
0.7915255486220247
0.9877855073143563
0.9663814978830259
0.4519378219250877
0.4772241132712125
0.45106411779204564
0.7561098226097752
0.5283876367168256
0.3775269634555346
0.7625489746557791
0.9423598880487192
0.6076602638015252
0.8016304535574869
1.016720273828946
0.37115502914785775
0.41020666500072184
0.5464705807263325
0.48271255633358734
0.9526921807582045
1.2306381902292454
0.5000029228710189
0.8090841166583533
0.5497507499826849
0.36423482377858307
0.6542750978741747
0.3793764070714404
0.4055047780896223
0.46681442428560377
1.061829139100032
0.8394052969584894
0.6422729263740591
0.48146467669854903
0.5704418009846253
0.6711202276038004
0.4998166383885908
0.5325878079545358
0.6967897243928987
0.6773973315833947
640/1024
0.7139477036680602
0.26807961922701085
0.4571234797674103
0.6870869933708148
0.3319966735186444
0.6015234862520125
0.5210579902003768
0.6362860435225353
0.4561986762450045
0.5825496814251498
0.6762005707208014
0.679022002658636
0.6322196945711562
0.7000124010606344
0.28806440686193874
0.4594684322354026
0.5989813231007304
0.5969504808522531
0.5345206709934707
0.7353333881848819
0.6820968376943464
0.5350154267077388
0.7741885144770857
0.662422332428696
-0.25443221064448107
0.395903190525947
0.7531432746107851
0.6559907117593529
0.6642560320264308
0.7667473472372286
0.6404689788155477
0.6134294632149792
0.7825566153848019
0.9897090460476917
0.7072176891263867
0.5524586887042042
0.6579368849566625
0.7148408197599311
0.6849013178697465
0.8164134183607024
0.6591890401505989
0.8213698008509445
0.6577942411325446
0.6820984730762764
0.7480022413860385
0.7512459788180643
0.7192581524388787
0.6596707035878231
0.9010947195826308
0.7401484420845176
0.8203823959920241
0.6898971299547274
0.5814398166670347
0.641468992307039
0.8765078171405363
0.6974066614819976
0.6626736873781056
0.8136770424069113
0.4559706403640196
0.8241830776252599
0.32832202464727994
0.6206558121002901
0.19191644492053545
0.9139535844546043
0.5935049138502466
0.7084884649869811
0.4572503482441746
0.5569726601910647
0.6184627766006201
0.5613087205939249
0.8102583472517446
0.7212140282772374
0.7095429526713055
0.5826071059900311
0.6474965305048823
0.6734207320189567
0.5869981021321428
0.48851292380890343
0.6678342193089549
0.6753928051111501
0.38233347790080435
0.5846294990026132
0.7521879944338207
0.5642350940985993
0.03583844922875867
0.6381878844572346
0.5071943223335685
0.20336198139273332
0.7109161802309294
0.4679702059240741
0.19561610561932258
0.7695219604522594
0.6715257305795935
0.6869463264037865
0.7389344577697958
0.7042138145035497
0.6341939120424335
0.5790632369832103
0.7379619935550905
0.48145115452137355
0.611963319934312
0.4852321392858026
0.8793877900626458
0.6488503048252798
0.580084350106582
0.02886295556842744
0.5539852270028415
0.6783056152484278
0.38084615565422664
0.8554466911657708
0.5684170775552545
0.5810614325999359
0.6679685016781929
0.6082304408001558
0.7059259714206183
0.5737963749620124
0.6716436999824341
0.7257439884652306
0.8293145063791603
0.7884584540818699
0.1642979853153474
0.34763019799580097
0.6908134590969917
0.45284517347135944
0.7042364402526446
0.79169897583172
0.666156897595221
0.7686091099878912
768/1024
0.7042852217643465
0.6250143570908172
0.6180107727654949
0.7734538943892715
1.0917851345317828
0.894468324455066
0.6280366113794481
0.6368942476048247
0.8108334715328205
0.5265235034043082
0.5207155458323041
0.6403252019842406
0.9639850547527092
0.5121864935682909
0.7655301695434455
0.729255049279672
0.8748503512088205
0.5913624234037078
0.5803581501063088
0.6072788076771487
0.5988809851396177
0.7982893863568339
0.49917348026592095
0.41356702628485265
0.6774076482772
1.4072927064172693
0.5489945867922053
0.8675190064424381
0.8556012856042725
0.6064445237233669
0.6166518504366963
0.6648148887429506
0.5716918913146969
0.7957273433133191
0.5884434832328808
0.5759188276773406
0.5289300738088536
0.6206680088119907
0.6172892618932415
0.7597107612287132
0.5301270060920823
0.5515094108403633
0.5244946923253871
0.7915268789299357
0.5660580482172917
0.5034407909003147
0.567313176767184
0.8325995278606432
0.7247487165520543
0.5907519256474917
0.5568485303553746
0.5912727530542741
0.9701564497588016
0.5138645916060733
0.5041817178546706
0.5502287964016706
0.611269975602089
0.6921406965009944
0.5201853618919099
1.045241427679508
0.47218241465110966
0.5108784930854943
0.5873432899055016
0.5767876026730241
0.5774799210479928
0.7717920323527039
0.5269049301180511
0.5725995447688684
0.8716057697419459
0.7179132135419732
0.7167412196068136
0.5154692736333562
0.8631136257493517
0.7016469599084949
0.5592426928965241
0.5508564177234488
0.8301326641390306
0.9260834726140829
1.3451099718729544
0.830890905202898
1.1327838650867414
0.35245215984303774
0.7868253664826009
0.5717052566743955
0.6560992170888205
0.742750283602205
0.7808694519169408
0.9051429727722964
0.722080292460432
0.689784690316287
0.9030573581783963
0.8659140128000877
0.7204437709750228
0.7077034375099961
0.6890712934204981
0.8383041805093379
0.9762321712621974
0.5460399638151221
0.5644517762448991
0.5307716672545828
0.6897896617300805
1.1759351265125224
0.9824781607275993
0.5301290256696876
0.5226725349321075
0.581412040204146
0.5532897214924831
0.6564812616030751
0.520927788326063
0.5448786727804401
0.7550091314217717
0.5501048347408517
0.8683210028040008
0.7373412410625136
0.6250228792756536
0.6502773029230242
0.7009045003406091
1.0049628526801655
0.8690677011209216
0.7423307721961967
0.7020232906584242
0.5661231105375264
0.5749456369214158
0.769341475064117
0.5230934880789362
0.5615129404032587
0.7250607236407145
0.6533728440195983
896/1024
0.6023707703518991
0.511862150363178
0.7692440780770348
0.9152932312407575
0.6390088465398946
1.105555345917919
0.6588527351558002
0.9949491111384237
0.7572670192473292
0.512220805871796
0.3886131978315603
0.8328939612306835
0.8817917702294777
1.137525146667262
1.041617522912142
0.9994437370405072
0.6369965601381168
0.40759482331534536
0.4632974133014486
0.46088628673167
0.4627622476528892
0.7624816321211194
0.8405426680558863
0.5006480997882785
1.0127286246327647
0.7888073040855951
0.44366402533252014
0.8674480229917232
0.6107532970870052
0.9292051974508633
0.538816665355639
0.571573715977768
0.8663440830586895
0.8175507903450165
0.4143905599264578
0.8020691791479098
0.6596444723122042
0.7525981876824108
0.4679701704796981
1.1939397045680433
0.5222077895519697
1.2380723415025683
0.4397795825133422
0.48337160416469027
0.39714762735384823
0.44720712443302923
0.5333288778830291
0.4882377967911491
1.002749023255328
1.0849188029209782
0.5038540614645958
0.555406556332616
1.132351913628452
0.3686370258315695
0.6532660654130904
0.42932627645561766
0.5415760207076807
0.4005952997062965
0.5064751544713847
0.766427797703368
0.604948499114753
0.9762221923277316
0.5996976725405141
0.548815803888896
0.9232702267042816
0.9687559274821709
0.4682745284675302
0.48065458630011193
0.7276196389165523
0.5392248883252916
0.5969739955799062
0.539752980832264
0.5625588113903144
1.2873221600623221
0.41691811578081517
0.39417097389525874
1.0540381432468333
0.41616348085452376
0.5065709348117766
1.0016710090072285
0.80834700169284
0.9476934409383129
0.8742041533166212
0.5200086049614395
0.7079625311732453
0.5444059953950402
0.4648087849522293
0.4158107336022844
0.5150871542781914
1.056783378809346
0.4679335796609124
1.7092236019569502
0.8069499815655264
1.1268315008816954
0.6322472602399861
0.8552360225552101
1.111881702026636
0.9378684607725718
0.4554658278701007
0.5834293631857086
0.4952657303398722
0.6862903398655014
0.42041112216141635
0.8197437024662253
0.5758917190583538
0.6252094903897848
0.6748164886238324
0.6000720310351321
0.7222419860222988
0.5659890080572998
0.7874661708340589
0.7243965753505532
0.7464801437567598
0.6732533954837684
0.49206552300491596
0.40736214352285655
1.1062237561625619
0.621272718823205
0.6612799748152424
0.9547741098789614
0.5448594971825338
0.3957975975353699
0.7969703858328747
0.9614154139336234
0.9741817252426587
0.3829416252388112
0.6383097864154281
0.3834489257994311
1024/1024
1.0830339202313144
104.822791 seconds (76.83 M allocations: 12.896 GiB, 3.17% gc time)
λₖ = 0.6
Warming up
128/512
256/512
384/512
512/512
Measuring
0.8607336901384146
0.853518605311032
0.49164969556536287
0.8886102492439785
0.5632315335863305
0.4903611617970246
0.7820901694478641
0.48990229365169125
0.5559976511068725
0.6373481543616809
0.7851722220238383
0.5223401626478349
0.4960848469332757
0.7737335205859925
0.7855006448517854
0.46821962511561854
0.8870372261433245
0.6342562803988885
0.4594563023197627
0.584518709953323
0.5430655529521058
0.49251486445358483
0.6281794537328786
0.6397584306175245
0.6011770219893928
0.7883526459064872
0.7992084779164423
0.7872503222639798
0.576814920341727
0.5127579076125076
1.0225823580619973
0.811069745795103
0.6255101420451806
0.5798534767683517
0.7657438474811507
0.5125443997396493
0.553231551506128
0.6541486592083011
0.5518195371804823
0.5379621561143465
0.7529315232292824
1.4093233636559217
0.5462217610444494
0.5827247133765238
0.8734404890965328
0.6213293913447626
0.6956559525369694
0.5589446740641125
1.0009786296179568
0.5118554387664067
0.6767157151575953
1.012319108708652
0.6873155622602803
0.468566977888831
0.6580545251217986
0.7483493493985166
0.8200818650311745
0.6290166766230981
0.5893104881515412
0.7612097327771163
0.6581989703456519
0.6535200162335034
0.7276850273575871
0.5831047516430655
0.5498342107182892
0.5625068071060318
0.6602879711761462
0.6817555453621135
0.7741927584430326
0.6045042713849693
0.6648075618187831
0.5067166173325993
0.9561619935692656
0.97816274391355
0.5073342576105584
0.6298600188071064
0.5544374750741023
0.8620953171859708
0.7689837870532124
0.4574284889456161
0.927324538008805
0.5561470031757386
0.745981609245993
0.7808956507868657
0.8414108069372384
0.5144114195086561
0.43707195720311215
0.6718808088750599
0.5918648379128418
0.9247566169399115
0.5966391450367323
0.6727183938256435
0.8556439492377688
0.524105836587283
0.8965637712227446
0.5074217409375683
0.7455681930855261
0.4942297305369303
1.2483492618656542
0.6016252517531203
0.5271399314400895
0.6445913939146859
0.7120224153693204
0.49892999571248775
0.7646185806043202
0.4571033800437332
0.5952578582301644
0.44725268884889563
0.755451006660075
0.6717111615258972
0.9058479770354069
1.8722614577738361
0.5964639052504088
0.6409675201082581
0.5742693072651981
0.47252993953229344
1.069168467174919
0.8714634453580772
0.8337811635804822
0.7443586090852323
0.9515131225087976
0.6583650760746722
0.9204845237909572
0.5793439727116475
0.5240361996091347
0.9767182707004518
0.4965761662370915
128/1024
0.6540314199501736
0.459080629222954
0.984379217425521
0.16106995823328296
0.5993441971148795
0.6009505970207305
0.6487688762339421
0.9230909545865371
0.8226661181790923
0.4876152768919235
0.4997509228172513
0.9923455704670647
1.034220916034902
0.22827484641243323
0.4981538697692115
0.561176442441678
0.6777989333946952
0.27653986162067834
0.5592261188819738
0.5481587356554655
0.7033109435926774
1.030719321765622
0.6273298466204591
0.7802975976697741
0.5160463500016532
0.9387599381700563
0.6599449320895022
0.11762343608007053
0.5788216161098239
0.6175924956349378
0.48853888327982353
0.7795979132617193
0.5046826510506606
0.704543501729227
0.49518186095376104
0.7831843541589745
0.49890368041198596
0.5671773773775224
0.5703188356392648
0.5687495427290736
0.6131990467963033
0.5566045645406812
0.7836035466142088
0.8282067066446646
0.45652568332161647
0.7503188656812891
0.6431755973857258
0.6214468284435988
0.6809669700032297
0.6015830413131176
0.8526817848867307
0.9747600095768202
0.8074330366323688
0.46318014895309867
0.6032358796789028
1.0643973224131806
0.527910497008234
0.8319948976728901
0.8589577470985099
0.5801404560537649
0.7210432484985204
0.6277753423515601
0.5947270048768472
0.5054375624678693
0.4610974661226387
0.48133885720268266
0.5534438349882407
1.0875080142612124
0.5888298691033967
0.49366769273797523
0.5912951638301365
0.943622018395998
0.42502607252863445
0.7015738374730907
0.6904152297314885
0.7496867468374422
0.5184655126017403
1.1038745201003952
0.5426108962160942
0.8247912892031829
0.4935127883111911
0.44927193591289655
0.6502507054465044
0.6045606161013456
0.6144369058049473
0.6939597340088901
0.4708200047811038
0.6351478348263049
0.5971698415528416
0.7434127803796374
0.5489085846182078
0.6125288449321789
0.6834346509616905
0.25359689039859235
0.14801961572100464
0.5811034670619294
0.20842108823086813
0.6952630596534246
0.5475218386344849
0.9249024206545035
0.5849220650232734
1.1125683319263868
0.4965508194213154
0.6415209139960766
0.6473602121953888
0.8628626424329413
0.4938423962377298
0.5427604777860622
0.9177120208843508
0.731881543548573
1.3116310439704055
1.018353752577911
1.087444762774745
0.5773951421555765
0.4539631147961072
0.6951943513071301
0.42423406601640684
0.5312365355878614
0.9679369470495306
1.039663787757579
0.5414554494086876
0.3828072734338124
0.7892942842407391
0.5115422295913058
0.4430539496696052
0.6996079396472101
0.5124145102949178
0.5258106657903066
256/1024
0.5829298839900192
0.6225711174969386
0.7478105376288269
0.8154488507176783
0.3759003883703696
0.5653442328914046
1.1419229055625935
0.7474800681065176
0.974766866149197
0.7266629087943102
1.0587906545069679
0.405167256541655
0.7129119234285533
0.9249359961562771
0.48603097330311873
0.15136909560203093
0.3122128308216017
0.6818273470117053
0.7969006890700556
0.49406796635980066
0.5088763453940142
0.8725361854331359
0.5361768639586897
0.8645842111434237
0.7846799109669529
1.0258883754606825
1.0984123175239422
1.1018910931055967
1.147079627907716
0.4456823992697876
0.36529343612604587
0.9778211766469649
0.7369219888259537
0.7745434752769678
0.4413677694458565
0.4758656192453809
1.191709415002064
0.3460583484369293
0.38639598575621426
0.6648662154588794
0.7742565665912281
0.736380539561199
0.603471357243037
1.0217112952403686
0.9537627642071358
0.24031383203122153
0.806959190071881
1.017329173121806
0.6541704068734714
0.9877725788402295
1.2101180350228142
0.1711595950873322
0.8782793650710843
0.4600788699125272
0.34394551715534505
0.8811959517663324
0.018764271519504994
0.9047699117041224
0.8529619771577397
0.7325864281782818
0.4642247265791672
0.9025483046633171
0.49490442105297755
0.3987517807570119
1.1363168912337154
1.1152656361984181
0.6444112313745911
0.4875818760753639
0.8718858817246143
0.6641737120437736
0.6378862945935846
1.0010873579064743
0.930980240704366
0.9281560555472078
0.5725219729544286
0.7408153685843044
0.8962810719078336
1.0304649558237964
0.908016496022735
0.746699067347416
0.9467708612116827
0.8949990971035351
0.7049350039494533
0.9253668072440154
0.5924366252152597
0.4677401708094868
0.9294752319674504
0.4686798045437274
0.2635692604446076
0.8044283552925618
0.38928374564527535
0.39716221898045956
1.2641745225748855
0.7481761896079957
1.0738774132654247
0.7621720730338637
0.1942870056302053
0.16250175307719172
1.1252965564687463
1.1611713807648723
-0.03905991665767028
0.9377733587705973
0.5154537329390065
0.7000073889751575
0.9327913847142766
0.9410694335121812
0.9613894096366286
0.43237465819891974
0.9315013139393573
0.9609033889600458
0.4310688913174235
0.2687619587555079
0.8684906632621259
0.39372369852746547
0.8748595154421311
0.5991401137503515
0.5453874569709848
0.5501704361811268
0.4624664257347123
0.888775185865784
1.0161577470496745
0.4434506754257298
0.34835599074151
1.089442786890247
0.9323477206194831
0.9799928304113786
0.9941561079220497
0.7138479164939622
384/1024
0.45597543453364653
0.7956296628687807
0.5617027976088182
0.6165211835030175
0.6786648721886537
0.8176561384868524
0.6866668868601965
0.6037885310979708
0.9099311857187968
0.8659386304716371
0.83219826097122
0.7043410752493022
0.890263139517008
0.8427397508833032
0.6656643136673983
0.8083391275346745
1.1503568456347888
0.4926293009564523
0.6913184452567762
0.5822961858840586
0.8790229113816579
0.5865414120651574
0.6766833480363722
0.6830882622098342
0.3305835173054579
0.8775663809895374
0.20021812708716902
0.8870335224765731
0.8093089112415475
0.5324835916091576
0.7317717268130358
0.4900660507791207
0.7731790459977815
0.2375341550487391
0.5503870986488026
0.8829153218056744
0.512055688181702
0.6484060163567691
0.6393528458970346
0.5652217610878932
0.6078922209426615
0.6240906581562602
0.6600863465538344
0.6761061356505664
0.8457780394792492
0.655150571230457
0.4291730752950906
0.43091417089426587
0.879522724525285
0.6502787904705931
0.7082348464800502
0.8590013611720533
1.0664966214664806
0.6849055170605974
0.8439953169998478
0.7697356477239039
0.8506258572832613
0.5381501779038255
0.627947013005201
0.4643547591859263
0.5668811543941827
0.8482987628435543
0.47303510374367597
0.7718609230997054
0.37452663019267557
0.8442390518341387
0.7193500858681606
0.709317618188867
0.28155619474476684
0.8432536306555437
0.6509441955445445
0.7208220557691732
0.5667179398546541
0.8102820877753495
0.8536105722260016
0.8779610761318992
0.5224304075535638
0.7355090671464409
0.7054741321613069
0.8757039814102967
0.5506599551920605
0.6374780647948142
0.6421128256800965
0.830512215510617
0.6042458164235784
0.6446904283640713
0.5294940618727706
0.6302544694531622
0.8436441763854453
0.8088879318208022
0.6414968456706225
0.7959765784030102
0.809559066897197
0.6985963572397864
0.5394489697162617
0.6183819646536028
0.5492789832598917
0.7491348206283139
0.5403981356445362
0.760662233323605
0.5976380131405113
0.8083333394746705
0.8396973433369025
0.08576848083138833
0.6143834457503261
0.586782065174105
0.6739821793222103
0.6735117230902726
0.6768096244900325
0.7819702788989372
0.7898417957703825
0.6115371686653982
0.9182240624458524
0.7384609387089336
0.6621233096107844
0.7090766477350786
1.0416188269110378
0.5377527558131312
0.5096551305784784
0.8420721192036218
0.6878668537065145
0.750034166783413
0.831792863224737
0.2945844808334436
0.8323444093835969
0.8352153091748769
0.7056593606823223
0.6653692210673889
512/1024
0.7273991922257548
1.2139765564793124
0.5942740121917879
1.0667166244342
0.6049162443235176
1.0937181426014266
0.6220372715803766
0.66951503661404
0.8124600503525079
0.7057709687618159
0.5732198379919077
0.5701251282149568
0.5767238595831301
0.7429556926818821
0.5912768418417645
1.331530738461421
0.7685335831348542
0.6608791824105259
0.6525008175471613
0.7273684648596842
0.6319372028512457
0.7810213480507393
0.6896382042714435
0.6231178170022693
1.2438437572338483
0.6360413146354345
1.0833229429445634
0.12933776767456673
0.8791415648419736
0.7756524804329121
0.5981631868859165
0.6032401917149487
0.5859800309208453
0.6314430949839951
0.5223905743255984
0.6433932628625922
0.3628307175012002
0.7745328710878687
0.6910513562258958
0.6649696679634471
0.7511175005491929
1.0934827013357116
0.5836449650057962
0.6796720780049338
0.6809246399292292
0.7899647798283513
0.5740246869460556
1.3095958618626489
0.714680759324304
0.5816098472257232
1.014043095828083
0.6484742378294304
1.0773818034932647
0.5625474812637364
0.6393124832031054
1.090527859561391
1.1392646852035195
0.7018365986378808
0.7166424678082226
0.6816579140259436
0.8095926079346956
0.6518053789343505
0.7122139607087719
0.7991497755092679
0.8398060464479492
0.6631326226972508
0.6670107112863098
0.8075271381315032
0.62213349895583
0.6092501867278532
0.8227563845480312
0.7287973356575002
0.7121186692489186
0.7266699981346224
0.8191069436623843
0.7853472162800128
0.7315678414025859
0.6288434618309943
0.8717875350001684
0.6545079371251898
0.8533866143796678
0.599260553102024
0.6818300250630023
0.5592555371532726
0.7204247877697638
0.7257762232383083
0.6884620058952933
0.6771976245688812
0.7926155884266416
0.6598853608601754
0.6780547497008502
0.6663367600262011
0.6847299702301582
0.6245909134283549
0.6617566361698575
0.7977594236308249
0.7942044864852271
0.8412439587765618
0.635897629285292
0.5553465450379261
0.6115479893613612
0.6854106323373295
0.7064362851367821
0.6683064581187192
0.8955719678672787
0.6674743913033502
0.7201556477506827
0.7398606838429936
0.7449465978087102
0.5947655732081427
0.5691286379266602
0.6434856393522661
0.6976065759657433
0.60744504114889
0.6733071378562033
0.7663894503210174
0.7509955204940946
0.7733943868035065
0.8120378309415233
0.7736358844383053
0.638851601919588
0.6145586050402143
0.5840608002131373
0.590996985465466
0.7232342204517526
0.7464532098431386
0.8066895822228645
0.6257923490334052
640/1024
0.6597309215998576
0.7210362096433639
0.33474808190904826
0.6732458511173067
-0.46757425161203936
0.28623976639096904
0.6672945838157748
0.6562379332926154
0.6883683773451041
0.15417539781933948
0.6011831529653147
0.10521322004265188
0.6799153569333576
0.5645072975625107
0.7205273083294459
0.42075993568830883
0.4368222597125683
0.6488840257951819
0.45977119543258815
0.5544845622788346
0.1206548594807888
-0.384375709380964
0.4544191731396279
-0.2208695140961079
0.5263363774180244
-0.3868286434338034
0.6709619271185594
0.5904226235278444
0.47439637432281884
0.5904683884706636
-0.14597971785245067
0.3222704826652932
0.6466694791565493
0.6510349463724674
0.4976189942368574
0.719309385685844
0.6170037596775304
0.5765862791174973
0.035360329071149055
0.7273352901827956
0.632892713607419
0.7751686276997507
0.2675628228016519
0.20809799656049716
0.3106628128097642
0.5599997994859756
0.646451555176032
0.4421255718856876
0.6745121148697119
0.7069423595539752
0.5522250079533582
0.9470410404325487
0.4054186972021485
0.1880551246362533
-0.24878778717722339
0.5848470238492425
0.6734288684639873
0.7078092379788536
0.5048641678370758
0.11041162634447443
0.33254771190794613
0.6433766123696809
0.28867593315623225
0.5394247690593897
0.4729093472406837
0.6671080954695967
0.6868657853506307
0.5494754523735399
0.25102992800034163
0.6126569664963594
0.6182408433781126
0.4145807109768779
0.14994073770960897
0.22550097804388852
-0.007112553043200354
0.40787537910331334
0.6368234212652661
0.6614704846700932
0.6688778783531599
0.7144311455268685
0.41987156550265997
0.6764515136403318
0.4375183823616897
-0.03763358077574808
0.7517679979544256
0.6666570538809842
0.5664577187737158
0.5676599591168138
0.649040883083772
0.5894131828208083
0.5190735711312533
0.3108883103385781
0.5337501282428129
0.6415165935563751
0.7768982722206246
0.3401844305161358
-0.13541589555970546
0.1463086643464676
0.6286115340061
0.5762333564338556
0.40561269213729845
0.7740980513342153
0.4927530273627253
0.6883697155643007
0.821573790560198
0.2383355019281339
0.6957612212968964
0.9269922733783726
0.4360887148048323
0.25678543441468393
0.0813152314821991
0.07003662802730137
0.7470456573215485
0.06414208659353893
0.4053820077059641
0.4350527069320399
0.7004544267551231
0.6519426414804841
0.41895012498125317
-0.3912381589662344
0.5786946424518301
0.26209913754293607
0.6525664029267567
0.5378186094523849
0.45981674323853367
-0.2586196540819927
0.6925248131159176
0.5595749082279187
768/1024
-0.4476232979427457
-0.4713254170559791
0.4169660364262236
0.7493474753831257
-0.20930852808548417
0.6739993005112159
0.45311562684931267
0.2815507499412532
-0.3258969775009244
0.9576461160670098
0.6688028790171856
1.0352410317019831
0.9351682353903135
0.3656330921323857
1.1111467794542338
0.9349859051133381
-0.05035653152563446
0.19354655130498677
0.4795055901184583
1.0472459875719011
0.24509229973581576
0.09653318386384874
1.0816114352401314
0.44458325968466966
0.2341014653431296
0.7360483921284365
0.37514851875840866
-0.10617000467174398
-0.5171558533457109
0.5694088077165063
0.6367281804177479
0.1711165103503176
-0.10350460566787612
0.6625884687147696
-0.20085515800130338
0.7883654531280494
0.6966032007529204
-0.07914313418964336
-0.35410217511385855
1.0672732540278207
0.14197294386906523
-0.44836412625173505
0.17202684095987575
-0.14651139674883729
0.5633599481377759
0.09106455110085793
0.10744135269048793
0.1565646490462837
-0.2779079208836519
-0.4315383690007175
0.7713797856977634
0.15168521117806233
1.2901038793736754
-0.17186759914809735
0.5612905505343281
1.3522676660712065
0.006504848985779854
0.5451413760741318
0.16104215258450622
0.3573597532012445
0.43812760597329176
0.2740913829534231
-0.23530402558609276
0.6091054355735708
0.03668563363137556
-0.18296819855554192
1.3393242200486792
-0.7623359006589971
-0.06806497367877995
1.3362456745219606
0.7415081546232668
0.922060465042126
1.17313137206892
-0.46622081120837966
0.6421275574330911
0.20288031424604414
1.3187246174129825
0.3984030006755777
0.7350531489235839
0.32712217305157315
-0.08423922084234414
0.9898749995295697
0.4910298158657354
-0.44019185879420397
0.1494687685167978
0.5522820344659933
-0.32700303895133465
-0.07978694316556456
-0.47778836966851024
0.5553809646831824
-0.6016664352242321
1.2916945563982538
0.6504873901241812
0.32360277585929886
0.4124625155642443
0.09594351122533373
-0.5873429228154892
0.8080110105299099
0.39109045911966556
-0.2620645155190051
0.27379358382893704
0.7370371199613572
0.6325172686496734
-0.472923592305326
0.31885002774426113
0.8050712020732373
-0.8711554563431871
0.7898575093101987
0.008882425035645514
0.38368973013373614
0.5484477426511366
-0.0843113805502319
0.9261692097826997
0.42311312713738564
0.10375170166889658
0.4086176815138824
0.6389508637831425
0.679831369566389
0.27712130263704365
0.9747784576582051
0.048279134937570745
0.2433737088990892
1.1448587453777006
0.6967281123386466
-0.9380691864853449
-0.04705699570787847
-0.0656535894708209
0.6270765688134188
896/1024
-0.11296551989270265
0.48048771228716214
0.8729796213295257
0.8700167905227363
0.7042959550412063
0.7102035011189662
0.6541154098309953
0.7377395969226017
0.6933367387877909
0.7757575121361834
0.6520675879911372
0.774736366171898
0.30953004661380734
0.7859964356953025
0.6141646149561552
-0.21988812283643355
-0.1581834800503975
0.7744314554566789
0.8234851247986624
0.7251691335407199
0.5869965027840439
0.5896951480761135
0.37919742641599236
0.8908577586316309
0.6531364221310656
0.5960151977122263
0.642792290435096
0.6190443191497814
0.7166701255731001
0.6771037278084404
0.855420824893323
0.682072869151864
0.7482903106037895
0.9710342555919069
0.5435338288909429
0.6129267767469714
0.6212657344636481
0.5729702574696254
0.800396502532396
0.6432003206854144
0.9161145920436964
0.30861199743721335
0.9989784830851254
0.34538374027906504
0.5974951580540145
0.6889913727330501
0.8342751902509646
0.8463870207624417
0.8964937013731867
0.9091911289063814
0.5768119763953714
0.5638975076066676
0.5430424570433993
0.8711925068237052
0.920286934650605
0.3602596021769563
0.7373933553753697
0.7249711958822466
0.29394889905815413
0.26103399051085885
0.4966223410871401
0.7342924306328573
0.7354473303433984
0.6743743631143132
0.7529510488502705
0.9486625103350923
0.9220722699951147
0.9498481764620192
1.0062656091363602
0.7712690048479505
0.42370279159009167
0.62743516195278
0.8105125340515145
0.422314764957235
0.5497300177973967
0.7721598552128389
0.6998457295882319
0.9342237006636941
0.5973003380247268
0.6746111827839943
0.6194466099831604
0.7827434801217988
0.6637509772690489
0.887222901074717
0.6230129506187119
0.6536782978853559
0.05589359058832144
0.700104930465798
1.026634069214166
0.7363319926713427
0.8896877804636782
0.6491505103255097
0.38175868656893336
0.9006812866486025
1.0616330507810783
0.5196396884632011
0.4457675836104985
0.7959051990688001
0.5696581624332602
0.8503581103426148
0.5619642537718238
0.4713058382705242
0.7397417904067881
0.8475881095754814
0.6473647176324565
0.6170413407538985
1.052564739773355
0.5098774230368475
0.5831937915271999
1.0224346452643056
0.6507105293817821
0.33849714802171393
0.5558487400894171
0.5522244843762095
0.4469084864682867
0.6249648983298168
0.6832500472443487
1.0364939496801402
0.9372525721279588
0.9336486176334176
0.5604046342043575
0.6866950640508588
0.6825657971570982
0.8229687505641123
0.6039650112611332
1.0206595171368646
0.8788967761765981
1.0129908301693085
1024/1024
0.5967629584161636
102.986268 seconds (76.83 M allocations: 12.896 GiB, 3.24% gc time)
λₖ = 0.8
Warming up
128/512
256/512
384/512
512/512
Measuring
0.5956604672274346
0.8915368403881253
0.15896728280250888
0.06646510221707269
-0.2811082810050419
-0.5653708752244333
0.5765842480046887
0.8955753575532875
0.17916995107059147
0.1760335765380876
-0.06566521781752443
-0.04065394437265113
0.5248750563652946
0.13353548129461534
0.6840414114056007
-0.0169826294084906
0.04257961327403881
-0.08058150590801638
1.0491452247966935
0.22190024599087577
-0.14410973350958267
1.0188299061881025
0.255948350423133
0.48151512644235284
0.3403853551240972
-1.5617788243678208
-0.7779966293982404
-0.7465130193139567
0.09322774946353007
-0.4030984310757604
-0.04695213114269625
-0.7533744300531104
0.16478280694949105
0.35109739156093717
-0.808573718466647
0.5835256875418526
0.13741142807234996
0.4456345036775238
0.6536960392522041
-0.2278226525204069
0.23443149286033388
0.06901646401273742
0.25910197256973166
0.4975226633222513
0.3466834512053139
-0.5055633577592297
0.27670280373983625
0.6989523436865386
0.6541631799563328
0.48476347991156266
0.5664120749016567
0.4822656309608592
-0.08662884485846611
0.06118146101277522
0.8646327400765361
1.035593287035522
0.4796543141040509
-0.30256787909834915
0.6888289468851024
0.7310123319329963
0.0009080977697297765
0.705717740645209
0.08420335174107607
0.12155252955676954
0.023262816412085052
0.9069767656943405
0.8696459022256684
-0.7424618318536371
-0.12082242965947598
0.9460855431927404
-0.014253787019686048
0.4237215842257702
0.4744949686084806
0.7227779573869828
0.6709658735089326
-0.4398211662585688
-0.4984613237811212
0.6372282333528729
0.2445512487951782
0.9979009920434494
-0.46893009079444825
-0.20385880957937097
0.2583173407762844
-0.44329437320724385
0.5480234811627767
0.28605964157521885
-0.46862249752987595
0.9350518973098033
1.126299397312246
0.8295281295452466
0.7170660789997729
-0.299374791079299
-0.20167928196584095
1.1625597290303749
0.22896330747938604
-0.045085197696744905
-0.4196458920748569
0.5808713758636207
0.36072635339536724
-0.3080411136036505
0.49782344932967104
0.7098196598002451
0.24137256059000012
0.440092773741345
1.0084047337278106
1.0003833188887126
-0.29223716742225225
0.36445699538788334
0.8133581173246515
0.6702873442310855
-0.5820789194011111
0.27092970143125655
0.5631003565593621
-1.0045781590408245
0.48316091491929936
0.3033774954238078
0.6657551014864977
-0.32541277097227694
1.0142422474326045
0.31119876259993734
0.6360518520169061
0.42189838205416874
-0.5271900687571874
0.8869815564683218
0.45416841896594884
0.1009142914283534
-0.13025904309912528
128/1024
-0.34478065032662186
0.5824862351096934
-0.14945316235403916
0.45014033761695116
0.8331121026790429
-0.23307815670507992
0.7687134428168685
0.9191711042152776
0.444163379152984
0.845222695307787
0.6996922538400173
0.1920254071663235
-0.08395457264018436
0.2895739776716345
0.7050309642527135
0.5656066676318315
1.0174483404977694
0.23809060370633023
0.4726753399962364
0.1345116245091444
0.9379800603454624
0.8451908793512786
0.7438326456556975
0.8849548690262716
-0.1741954258862657
0.8242070778427216
0.5956542637313588
-0.23955667567892702
0.24724752799279
0.9024623577445368
0.8389606486790424
0.8687790002876827
0.6415551765989727
0.2955138593206756
0.6633094319975696
0.9237413496996504
0.5021397675640804
0.6122010093798897
0.5513772028080948
0.39197832112854797
0.9117429211943813
0.35775881730974873
0.35046587554606634
0.9051230911819304
0.9153118405279199
0.38674927309788043
0.917114956821673
0.858900704960861
0.42222651059011407
0.8724571754665134
0.2038674255222818
0.37395682332563407
0.8669848259431548
0.9688862473848965
0.210959345281733
0.37988805967251693
0.4874200628485705
0.4359937912904064
0.8057784527362741
0.26825063232232405
0.9527964339067476
0.9586752872054856
0.9088566736153343
0.6726238310322299
0.2626100151686834
1.0029289880410572
0.06313082409784534
0.8381854000064282
0.3111318033555222
0.7282922771190488
0.8206267234536095
-0.24042542503151998
0.7033421396439177
-0.34710875777145006
0.37042861328624654
0.24927617989842932
0.6815097788488731
0.7235993008919699
0.6248800743263244
0.8937062686142103
0.44409983859662583
0.7165759344964855
-0.06219071950570981
0.6843565291259639
0.07830870194813111
0.5597932438633232
0.07172161115693687
0.8919357123978889
0.9005825555307077
0.6141437422934658
0.08877262636480118
0.9589681660769878
0.5513293973470286
0.6435407090089871
0.16108180013020978
0.2641889904350471
0.5864134527470886
0.904701157054154
0.9977499515184836
0.4288884108953839
0.7545719552388409
0.020288308150515855
0.8616571984846966
0.4384100676637838
0.913579763602623
0.5686334283604622
0.7211240624375117
0.9861115336037625
0.9454807765383352
0.7274823884526884
0.7415671284931707
0.6095713642027077
0.8944057398210696
0.9588690040268576
0.7058818341825353
0.6778646244249212
0.34639144195564253
0.2629657339446809
0.8333622748444264
0.7617753222439588
0.254428586254622
0.4621138209151537
0.5546352213751019
-0.18095441345526136
0.965911228470223
0.44421830836144555
0.06812623424067388
0.16033358300366912
256/1024
0.7700638488024283
0.7784889838174947
0.7056050833982064
0.8095436682797569
0.5135502537909216
0.6541327820864093
0.6465382470331529
0.5401265704884124
0.27546920551880577
0.4360687675520873
0.825503156085014
-0.1960370207380253
0.7246922787686256
0.3625435137833123
0.5848101127455743
0.15283908275805785
0.5574570653425416
0.12748274377883528
0.8265014044017588
0.7444023688537551
0.07351104184737378
0.9700929965198458
0.3695795254265063
0.6792600532243743
0.4693207521717665
0.4728519272937387
0.5768697325972143
0.7381599583620211
0.6604521636495607
0.6105382807126547
0.6941067033486518
0.790453503054608
0.6444688437497257
0.7202696441492404
0.7111491503666018
0.7692417436621672
0.7291248329556645
0.6277798108716444
0.40604673682473946
0.45892406380989614
0.49091735169527306
0.7011892044196815
0.8029564539319676
0.38528578034099137
0.12938431533603967
0.5522446953162841
0.7556344030752123
0.7202164340221631
0.477338497623958
0.7574870395022322
0.7223090859683703
0.6766682675278664
0.7641598049995777
0.7193217699204835
0.4058335546807111
0.777801121719739
0.6644785756288853
0.6434437319273402
0.1909596109241657
0.6054774850977245
0.32203955810414436
0.44423280290956574
0.7341613078674699
0.7686048090853407
0.5610248109633404
0.04539162722507184
0.7495249498438101
0.7742853380005531
0.45251659410847633
0.27657548587729586
0.7154538682405176
-0.4140468134042069
0.718166169483639
0.7288699886029357
0.6978326070404827
1.1155075383038402
0.37817619110422995
0.42635374860130903
0.39528798768749507
0.6775852739297547
0.7574405116408406
0.4960376689323564
0.7132449664553518
0.3703648330002611
0.4844533499733074
0.6652614205995698
0.3271021011777183
0.6585959664236942
0.6665998687747168
0.6817096776976952
0.6632546309781691
0.7593996601944869
0.3786703998132731
0.7694751300998423
0.572944638242876
0.620913631031778
-0.06336827114554122
0.7418563578009821
0.7006129975302899
0.6781385258671215
0.6917356395091793
0.17749243586211466
0.40221512283901045
0.6060821240957123
0.2413371390178029
0.17529624089935208
0.8492127447802416
0.47205891941893674
0.6368994397934848
0.7041350557949474
0.26337861830554155
0.7571141254808962
0.021454071225735394
0.554297386104429
0.17512554071560493
0.6251057383374866
-0.1929954239451943
0.2228452049957943
0.7562492765157889
0.6524162972488197
0.9214090500644014
0.2601983563370052
0.7961939150921683
0.7809123662513202
0.6904257188119669
0.33347819060484274
0.7573175334971406
0.5212843807869015
384/1024
0.7447109380136504
0.5881517384456831
0.6425482656968643
0.5647156353918755
0.8752281997936369
0.7787576720245896
0.584879006478054
0.8837432159404519
0.7325286456794299
0.8760622791300245
0.744408265006655
0.6475686371948025
0.4672828092441953
0.8728047927307012
0.5385567194142837
0.8177900157677782
0.9098103978611729
0.5754747087317648
0.8412922169896336
0.753901458984054
0.8502755755494134
0.6295308294716744
0.3431163896191416
0.43025576704668056
0.6559657337805234
0.823337910042961
0.8738827573611726
0.7691666214858881
0.7431522088506617
0.7953017559600525
0.7063377395020785
0.7405351364289633
0.8182792853571338
0.8137666714471649
0.6880327297770716
0.5657822677969817
0.9008390634638987
0.8528344710816949
0.8456075139781317
1.02684504154085
1.5150208192462133
0.6844592319414096
1.1048107666603546
0.7437031831205185
0.6179670721507629
0.7996782241488724
0.7831532518448043
1.032269666620961
0.6982509164539802
1.0284869258179379
0.6456479187570571
0.6201967107405989
0.30596388293660054
-0.0008577098341822076
0.5790959090684639
0.8822367739697887
0.8373984626457813
0.8844371954369237
0.7993115310310697
0.6333342698811133
0.5329752490955544
1.3586842448749972
0.7667221137598961
0.8683742815296084
0.5202215023652708
0.8704372385726009
0.6174528369945594
0.8495076126205094
1.0042441440302199
0.4678387986045106
0.7032490183936473
0.39447529881199583
0.8700870814528106
0.8155474842383288
0.04847337685885689
0.8879294600097055
0.602946134832825
0.6056090886719535
0.5170924215437346
0.19200448325110364
0.7413451207792078
0.8236518727498952
0.8168169076094685
0.8625762098258938
0.9013111315542894
0.5415185139784622
0.9533553410362507
0.6470085992946538
0.8317660937182579
0.5875711364102265
0.8922156281376848
1.187226584094151
0.673063620640709
0.556222833589331
0.7551513046141699
0.7307455701035834
1.11110805587112
0.7293169966165308
0.9134726122524379
0.6997181468188451
1.044986753070975
0.6133498915561157
0.6774356987113884
0.47911439072604095
0.6357468521340399
0.899839604830567
0.8587544866388926
0.6484586016913871
0.6186105739559687
0.6997646737326187
0.5203601155699402
0.42598387581508784
0.8488271027789409
0.6350300633641762
0.7578078772015596
0.7180613986176474
1.2795096542717155
0.8063118018272833
0.584906678539474
0.47363706503410835
0.8230744619635753
0.6398866056745656
1.0601611769075867
0.674218752643121
0.8057057184815549
0.859306698386522
0.8931336715805819
0.6834914250088908
512/1024
0.49359693260361864
0.31422098406626525
0.41214036592258574
0.7852155166217276
1.041885491484617
0.7315122821483938
0.631245352654501
0.97727462961748
0.8414872965802155
0.9605437148136041
1.0689165222627075
0.2608164962431067
0.2783594398177698
1.054500130998786
0.3151232571018907
0.3071531617262319
0.41036628068417025
0.7736999480590858
0.2640562082467246
0.49630967466529025
0.6058958504108314
0.3700721774906268
0.9528732252306085
0.637283247960787
0.4442539475753504
0.4631509587142575
0.4965750933319166
0.6380784435037614
0.10029982263584808
0.6720711538669214
0.5876410106025943
0.4642627535228723
0.5395578763723656
1.149334906962255
1.4397068367667765
0.4542608539195098
0.23882036158952394
0.4631919201181809
0.7650346964788147
0.6864984278462265
0.9155387096638721
1.40811329441677
0.6709880771769648
0.2870615357188494
1.506710509173303
0.16444160936819197
1.0829897393129209
1.2748881214537673
0.6113395695345702
0.9663110676335231
1.331399442147398
0.6827062008665462
0.33412860460770694
0.4946744594822633
0.1993767931003833
0.9558204174555665
1.1305375877074093
0.7068397276167552
0.540536497026303
0.7490185775343577
0.5359085789703677
0.6347487579769802
1.0701696059483683
0.5314831540044231
1.1912411116242982
0.7080138071617303
0.847894432059584
1.2126214344507338
1.66433744443449
0.6969380603033766
0.7156829618688549
0.4302666895268179
0.9688674543179396
0.3631063710822667
0.36133092592199056
0.8251460242001882
0.32332976578523115
0.45953373355650207
1.132683258330056
0.7433926661449969
0.43980938944247394
0.27058827216806774
0.4527014858101587
1.6082191366599055
0.3933761861211176
0.6661063647181289
0.38913557575028856
0.458514507764281
0.3857069031902661
0.36418647311368396
0.9657780612015049
0.2441245977576942
1.1745938527067687
0.5729096081443996
0.23465849300523373
1.298972353859889
0.321090583697053
0.2750253392669348
1.3468434653740062
0.41803641488006155
1.2955402886713077
1.2070677308284832
0.6744662309512466
1.2091602640449766
1.1448139320502009
0.5112238123991082
0.46603305486851954
0.22353882336485853
0.8669880851711632
1.0827500194329338
1.0427698512171641
1.2228627342578677
0.5051768925467317
0.6541223036453351
0.2276142672419778
1.1377592907773926
1.2884339631136352
0.19552096224656262
0.5103983158480511
0.4800534942819944
0.36904046522204675
0.3566710775193074
0.7422378385570809
0.15021546217850135
0.44652023313869155
1.2919762887613153
-0.17082193539740553
0.806064132517641
640/1024
0.49422690285583626
0.6105373237755816
0.5136533476165335
0.8757593977814953
0.3278381972591284
0.8828361946873282
0.7450367922561862
0.9007399663691968
1.0215871993277645
0.6601433029701083
0.7675385726295024
0.7387770817128043
0.743670015009041
0.7396630384676834
0.22356878239499
0.20696442393949877
0.21974429661943862
1.0486085316508877
0.24227759573970947
0.9579602173159584
0.513060203750335
1.004309743044018
0.25662477233218883
0.7978215423227608
0.6214766500109137
0.7825128579849567
0.37802074256752205
0.72169189905156
0.713729578240839
0.9580284470957061
0.9421300313821039
0.4930119472787111
0.809655055446209
0.6517894439681742
0.7136249923454174
0.5100312300868887
0.7010624979516676
0.5742272138181929
0.8481741834566126
0.5954982226442265
0.4101508725361559
0.6551288995884603
1.0263709221806925
0.6293264120258623
0.6814420514244262
0.5909423380803444
0.49565713811497336
0.34419017846069994
0.5681473007409237
0.6116703308972748
0.796979245861186
0.5613699453501795
0.49541267909464853
0.6390610632053284
1.0138148058177678
0.8209620951221392
1.1048620584641378
0.5595935934543376
0.4696730622942148
0.4522005904169431
0.71850173680222
0.9114141715878039
0.8522453946825321
0.7586141326327839
0.4214486101058318
0.4501794331535225
0.8459197660139754
0.25624115819402044
0.4858472463620463
1.0150079812227861
0.6676471309065338
0.8641291080012432
0.45237100084309234
0.6695610287927871
-0.22061309825519715
0.9825141690149464
0.7150335876677978
0.4102349181522279
0.6522979048550879
0.6373267069792031
0.38650269936515214
0.33567304039075935
0.35264063331238343
0.9126510901694591
0.7112845839503137
0.6421573766743368
0.22787342237053482
-0.4871074727027652
0.771249088955172
0.606973442828258
0.9950567673045708
0.6535419686515545
0.9583601661437386
0.43202360831492326
1.0200144383724294
0.8034027639162921
0.47376863855956286
0.4980680201036354
0.6999352827405007
0.7863602465041039
0.7006315652313572
0.754490800183814
0.7379061036456009
0.42822917311437414
0.5012991664355775
0.5870391868093764
0.7277185254407328
0.8883733912935532
-0.02900082771023793
0.6952986258766382
0.5070163435498292
0.4148881720993749
0.5264474205427888
0.8056339454725631
0.938472889985309
0.6443832136797757
0.8814929088725986
0.4580733165846954
0.7305863206646062
0.9289896791587329
0.6247324978237313
1.0700547616688143
0.42342031559997856
0.6825886784239001
0.5288761398214844
0.48975281792866115
0.4734341764564244
0.696837212420424
768/1024
1.0759829431253727
0.30726725544453903
0.3592653669758177
0.7706009953007626
1.082110532329838
0.31402295814380066
0.2797275275785111
0.8720440938470644
0.33210128075873907
0.5436764366448461
0.3858955027496363
1.0287434759422975
0.25557435214655666
0.4328146037899446
1.110959561504459
1.0837778941585394
0.3219814263709986
0.3653202366731044
0.40469306548967987
0.23644209926660184
0.794307631074842
0.24367087193069276
0.9645866768693581
1.0137572517944973
0.7895291798674959
0.2986624306575738
0.24727484495861046
0.2884017345533716
0.4392030688304742
0.2596948846993585
0.29158310668223325
1.3351212789873077
0.4802246880358087
0.2675630451340705
0.3631242454983965
0.43792857226124915
0.9143330358780211
0.43106453047869764
0.3635957685366127
0.5601416592182337
0.9714215531160354
0.4784845399150246
0.6994810331866931
0.2897344807234535
0.8596371019390223
0.5971267173458323
0.26394059901743877
0.6518497671575798
0.2672600090750929
0.8310989047149698
0.38945513537464815
0.8613171059533855
0.9331326020353577
0.49377938989638526
0.4635913115417998
0.8429270498718793
0.8725618489673111
0.34121947181505036
1.3213657298613124
1.0091994501211323
0.8394224424534145
0.5127006472141704
0.36975681700999585
0.469765209089545
0.7174377313662748
0.5649956477584321
0.3123361666625327
0.5375589849635934
0.7656183643202582
1.5023563055448141
0.9808153662865883
0.9814310608678639
0.25764148197759096
0.3253976277041283
0.8949485791837182
0.5659536446049314
0.2923405175075496
0.27217889168559317
0.4866012666652008
1.044176048752162
1.1505725333857348
1.0911814629604342
0.2979022402504422
0.2742543687514736
1.110687624852642
0.7750991351068477
0.4654143346161679
1.872792258060944
0.44259374077703045
1.1671134881718634
0.22480832838685855
0.8529806372174847
0.2984946082920283
0.7563321357968794
0.2784257214938245
0.5927639542029813
0.8376626200105657
0.4092128650874671
0.3440190658759054
1.0725461813617034
0.6253946600847632
0.2645393564016344
0.4574860511267945
2.0119542149435468
0.9396700140229247
1.0315423519156148
0.967053946561673
0.45138079087743
0.2413808453505449
0.3976920909941797
0.7760577143846353
1.2698924038266983
0.4086894662888746
0.7815108255868624
0.3102343345668137
1.3280235703249303
1.621691116516848
0.7630922479453484
0.6930907576510991
0.3576251009328908
0.4193856627269544
0.463758895459915
1.1933110430740153
1.1029561833905337
0.39553548023869217
0.6509915432505993
0.3584318395050582
0.5396815453899245
896/1024
0.7552835998266021
0.7033931198954796
0.7034438109313559
0.7269048790755257
0.7468196308644277
0.6918886453936892
0.6964825158406158
0.7201833153153033
0.46879731420334664
1.2477211752479538
0.7230348047347517
0.6431143108303448
0.5013054205165605
0.7029397734301727
0.5102450301315764
0.6620361438875535
0.8444476195484688
0.698235799978014
0.6021870924037407
0.7148825997279429
0.7153753657505473
0.647252020326614
0.7238975087917028
0.5830536440763465
0.8299800636577273
0.7195947276760979
0.6369204045550207
0.7088740825684955
0.7116209491234173
0.6424145301499204
0.5420004304210093
0.7884129793007327
0.6644439143224588
0.7625457424781015
0.6811673136074321
0.718039883177073
0.777072077356951
0.6045772277692891
0.6855021637028211
0.7486516772028058
0.7279947136186407
0.6084512706470655
0.7150648580790744
0.722040128170994
0.7122608416344857
0.7515632678095701
0.6995980437910678
0.846997489773291
0.6975053120138941
0.7744261140558364
0.7155743085772315
0.8120606711284329
0.6132480780049723
0.9012241834308755
0.6531549867499682
0.6821438121644975
0.7175433156147978
0.5729954821563942
0.6833256475567794
0.8251262874005019
0.7209937215411271
0.7100858255171151
0.7055995409226057
0.7217255527489904
0.6950562081979601
0.7101789308993365
0.6458363046606578
0.7155651210907248
0.726188180240275
0.6377959055135105
0.8798038506811547
0.784379496157152
0.7175079812921735
0.6876658765075877
0.7221673259456709
0.5851176114809484
0.6043241677096821
0.7170175039064579
0.7171266365899829
0.48906669002205105
0.709792384521936
0.7167414347330265
0.8279631088393438
0.7060249565738193
0.6679165384850012
0.6356276900777242
0.7003025033194789
0.6944416309491526
0.6726862433305154
0.6406752286207216
0.7710183592062774
0.6270307866134986
0.7081883432867087
0.687365417365409
0.6961497904390185
0.6568589515094898
0.6847976803043886
0.6930420128076149
0.7770544263901246
0.7349722319452752
0.7611450962084785
0.5655561826659363
0.7572881856047804
0.6729129292669758
0.5848094822885874
0.6542569783603891
0.693100207927694
0.5511994538668374
0.6817248400874083
0.6537636311603676
0.706377525439883
0.6812652384775283
0.7093389164120711
0.7327859670849566
0.7007292126408401
0.7810670347109077
0.5246512301578097
0.7989940295195235
0.8235899460616372
0.71215703630947
0.5615505169342466
0.7082435817910615
0.7211014950186145
0.5954971262691782
0.8176567442033899
0.6929335275597306
0.8376391769017651
0.7280949038491484
1024/1024
0.5945568458082539
103.286598 seconds (76.83 M allocations: 12.896 GiB, 3.23% gc time)
