## SLURM PROLOG ###############################################################
##    Job ID : 5341797
##  Job Name : etgent_N2_U-5
##  Nodelist : node1704
##      CPUs : 8
##  Mem/Node : 2048 MB
## Directory : /oscar/home/trazzaz/AFQMC
##   Job Started : Wed Oct 23 11:24:59 AM EDT 2024
###############################################################################
U = -5.0
seed = 1234
λₖ = 0.0
Warming up
128/512
256/512
384/512
512/512
Measuring
128/1024
256/1024
384/1024
512/1024
640/1024
768/1024
896/1024
1024/1024
 36.070621 seconds (35.02 M allocations: 36.367 GiB, 6.61% gc time, 19.23% compilation time)
λₖ = 0.2
Warming up
128/512
256/512
384/512
512/512
Measuring
128/1024
256/1024
384/1024
512/1024
640/1024
768/1024
896/1024
1024/1024
 28.393499 seconds (33.17 M allocations: 36.268 GiB, 7.28% gc time, 0.24% compilation time)
λₖ = 0.4
Warming up
128/512
256/512
384/512
512/512
Measuring
128/1024
256/1024
384/1024
512/1024
640/1024
768/1024
896/1024
1024/1024
 27.947545 seconds (33.17 M allocations: 36.268 GiB, 7.15% gc time)
λₖ = 0.6
Warming up
128/512
256/512
384/512
512/512
Measuring
128/1024
256/1024
384/1024
512/1024
640/1024
768/1024
896/1024
1024/1024
 28.022299 seconds (33.17 M allocations: 36.268 GiB, 7.19% gc time)
λₖ = 0.8
Warming up
128/512
256/512
384/512
512/512
Measuring
128/1024
256/1024
384/1024
512/1024
640/1024
768/1024
896/1024
1024/1024
 27.933054 seconds (33.17 M allocations: 36.268 GiB, 7.08% gc time)
