## SLURM PROLOG ###############################################################
##    Job ID : 8834002
##  Job Name : sbatch_etgent.sh
##  Nodelist : node1735
##      CPUs : 8
##  Mem/Node : 4096 MB
## Directory : /oscar/home/trazzaz/AFQMC
##   Job Started : Fri Feb 28 04:10:18 AM EST 2025
###############################################################################
seed = 1556
U = 2.0
β = 6.0
Warming up
128/1024
256/1024
384/1024
512/1024
640/1024
768/1024
896/1024
1024/1024
Measuring
128/16384
mean(sgnprob[1:i - 1]) = 0.1968503937007874
256/16384
mean(sgnprob[1:i - 1]) = -0.050980392156862744
384/16384
mean(sgnprob[1:i - 1]) = -0.018276762402088774
512/16384
mean(sgnprob[1:i - 1]) = 0.05283757338551859
640/16384
mean(sgnprob[1:i - 1]) = -0.03599374021909233
768/16384
mean(sgnprob[1:i - 1]) = -0.061277705345501955
896/16384
mean(sgnprob[1:i - 1]) = 0.0011173184357541898
1024/16384
mean(sgnprob[1:i - 1]) = 0.01270772238514174
1152/16384
mean(sgnprob[1:i - 1]) = 0.03735881841876629
1280/16384
mean(sgnprob[1:i - 1]) = 0.06645817044566067
1408/16384
mean(sgnprob[1:i - 1]) = 0.07746979388770434
1536/16384
mean(sgnprob[1:i - 1]) = 0.08794788273615635
1664/16384
mean(sgnprob[1:i - 1]) = 0.057125676488274206
1792/16384
mean(sgnprob[1:i - 1]) = 0.07202680067001675
1920/16384
mean(sgnprob[1:i - 1]) = 0.0891089108910891
2048/16384
mean(sgnprob[1:i - 1]) = 0.10210063507572056
2176/16384
mean(sgnprob[1:i - 1]) = 0.11448275862068966
2304/16384
mean(sgnprob[1:i - 1]) = 0.10117238384715588
2432/16384
mean(sgnprob[1:i - 1]) = 0.10900863842040312
2560/16384
mean(sgnprob[1:i - 1]) = 0.0871434153966393
2688/16384
mean(sgnprob[1:i - 1]) = 0.0971343505768515
2816/16384
mean(sgnprob[1:i - 1]) = 0.07566607460035524
2944/16384
mean(sgnprob[1:i - 1]) = 0.08800543662928983
3072/16384
mean(sgnprob[1:i - 1]) = 0.07391729078476067
3200/16384
mean(sgnprob[1:i - 1]) = 0.06845889340418881
3328/16384
mean(sgnprob[1:i - 1]) = 0.05259993988578299
3456/16384
mean(sgnprob[1:i - 1]) = 0.058176555716353114
3584/16384
mean(sgnprob[1:i - 1]) = 0.06893664526932738
3712/16384
mean(sgnprob[1:i - 1]) = 0.05955268121800054
3840/16384
mean(sgnprob[1:i - 1]) = 0.06694451680125033
3968/16384
mean(sgnprob[1:i - 1]) = 0.07486765817998488
4096/16384
mean(sgnprob[1:i - 1]) = 0.08131868131868132
4224/16384
mean(sgnprob[1:i - 1]) = 0.08737864077669903
4352/16384
mean(sgnprob[1:i - 1]) = 0.08986439898873821
4480/16384
mean(sgnprob[1:i - 1]) = 0.09622683634739897
4608/16384
mean(sgnprob[1:i - 1]) = 0.10353809420447145
4736/16384
mean(sgnprob[1:i - 1]) = 0.09313621964097149
4864/16384
mean(sgnprob[1:i - 1]) = 0.09767633148262389
4992/16384
mean(sgnprob[1:i - 1]) = 0.10118212783009417
5120/16384
mean(sgnprob[1:i - 1]) = 0.10373119749951162
5248/16384
mean(sgnprob[1:i - 1]) = 0.10920526014865638
5376/16384
mean(sgnprob[1:i - 1]) = 0.1144186046511628
5504/16384
mean(sgnprob[1:i - 1]) = 0.11611848082863892
5632/16384
mean(sgnprob[1:i - 1]) = 0.12129284318948677
5760/16384
mean(sgnprob[1:i - 1]) = 0.12484806389998264
5888/16384
mean(sgnprob[1:i - 1]) = 0.12349244097163241
6016/16384
mean(sgnprob[1:i - 1]) = 0.1281795511221945
6144/16384
mean(sgnprob[1:i - 1]) = 0.13397362852026698
6272/16384
mean(sgnprob[1:i - 1]) = 0.13666081964598947
6400/16384
mean(sgnprob[1:i - 1]) = 0.13142678543522426
6528/16384
mean(sgnprob[1:i - 1]) = 0.13620346254021756
6656/16384
mean(sgnprob[1:i - 1]) = 0.1371900826446281
6784/16384
mean(sgnprob[1:i - 1]) = 0.13725490196078433
6912/16384
mean(sgnprob[1:i - 1]) = 0.13876428881493272
7040/16384
mean(sgnprob[1:i - 1]) = 0.13141071174882796
7168/16384
mean(sgnprob[1:i - 1]) = 0.12459885586716897
7296/16384
mean(sgnprob[1:i - 1]) = 0.12679917751884853
7424/16384
mean(sgnprob[1:i - 1]) = 0.11841573487808164
7552/16384
mean(sgnprob[1:i - 1]) = 0.11084624553039332
7680/16384
mean(sgnprob[1:i - 1]) = 0.10405000651126449
7808/16384
mean(sgnprob[1:i - 1]) = 0.10695529652875624
7936/16384
mean(sgnprob[1:i - 1]) = 0.10245746691871456
8064/16384
mean(sgnprob[1:i - 1]) = 0.096614163462731
8192/16384
mean(sgnprob[1:i - 1]) = 0.0919301672567452
8320/16384
mean(sgnprob[1:i - 1]) = 0.09580478422887366
8448/16384
mean(sgnprob[1:i - 1]) = 0.08914407481946253
8576/16384
mean(sgnprob[1:i - 1]) = 0.09107871720116618
8704/16384
mean(sgnprob[1:i - 1]) = 0.09410548086866598
8832/16384
mean(sgnprob[1:i - 1]) = 0.08775903068735137
8960/16384
mean(sgnprob[1:i - 1]) = 0.08449603750418573
9088/16384
mean(sgnprob[1:i - 1]) = 0.08374601078463739
9216/16384
mean(sgnprob[1:i - 1]) = 0.08714053174172545
9344/16384
mean(sgnprob[1:i - 1]) = 0.08872953012950872
9472/16384
mean(sgnprob[1:i - 1]) = 0.09112026185196917
9600/16384
mean(sgnprob[1:i - 1]) = 0.08552974268152932
9728/16384
mean(sgnprob[1:i - 1]) = 0.08358178266680374
9856/16384
mean(sgnprob[1:i - 1]) = 0.08533739218670726
9984/16384
mean(sgnprob[1:i - 1]) = 0.08845036562155664
10112/16384
mean(sgnprob[1:i - 1]) = 0.08891306497873604
10240/16384
mean(sgnprob[1:i - 1]) = 0.08955952729758765
10368/16384
mean(sgnprob[1:i - 1]) = 0.09019002604417864
10496/16384
mean(sgnprob[1:i - 1]) = 0.08680323963792282
10624/16384
mean(sgnprob[1:i - 1]) = 0.08368634095829804
10752/16384
mean(sgnprob[1:i - 1]) = 0.08027160264161473
10880/16384
mean(sgnprob[1:i - 1]) = 0.08061402702454269
11008/16384
mean(sgnprob[1:i - 1]) = 0.0765876260561461
11136/16384
mean(sgnprob[1:i - 1]) = 0.073551863493489
11264/16384
mean(sgnprob[1:i - 1]) = 0.07449169848175442
11392/16384
mean(sgnprob[1:i - 1]) = 0.07751733824949522
11520/16384
mean(sgnprob[1:i - 1]) = 0.08047573574094974
11648/16384
mean(sgnprob[1:i - 1]) = 0.07323774362496781
11776/16384
mean(sgnprob[1:i - 1]) = 0.06921443736730361
11904/16384
mean(sgnprob[1:i - 1]) = 0.07149458119801731
12032/16384
mean(sgnprob[1:i - 1]) = 0.07472363062089601
12160/16384
mean(sgnprob[1:i - 1]) = 0.07673328398717
12288/16384
mean(sgnprob[1:i - 1]) = 0.07902661349393668
12416/16384
mean(sgnprob[1:i - 1]) = 0.08175594039468385
12544/16384
mean(sgnprob[1:i - 1]) = 0.08363230487124293
12672/16384
mean(sgnprob[1:i - 1]) = 0.08562860074185147
12800/16384
mean(sgnprob[1:i - 1]) = 0.08133447925619189
12928/16384
mean(sgnprob[1:i - 1]) = 0.08284984915293572
13056/16384
mean(sgnprob[1:i - 1]) = 0.08479509766373038
13184/16384
mean(sgnprob[1:i - 1]) = 0.08624743988469999
13312/16384
mean(sgnprob[1:i - 1]) = 0.0872210953346856
13440/16384
mean(sgnprob[1:i - 1]) = 0.08847384478011756
13568/16384
mean(sgnprob[1:i - 1]) = 0.08999778875211911
13696/16384
mean(sgnprob[1:i - 1]) = 0.09251551661190216
13824/16384
mean(sgnprob[1:i - 1]) = 0.09426318454749331
13952/16384
mean(sgnprob[1:i - 1]) = 0.09526198838792918
14080/16384
mean(sgnprob[1:i - 1]) = 0.09112863129483628
14208/16384
mean(sgnprob[1:i - 1]) = 0.09284155697895403
14336/16384
mean(sgnprob[1:i - 1]) = 0.09354726194628532
14464/16384
mean(sgnprob[1:i - 1]) = 0.09631473414920833
14592/16384
mean(sgnprob[1:i - 1]) = 0.09738880131587965
14720/16384
mean(sgnprob[1:i - 1]) = 0.09762891500781302
14848/16384
mean(sgnprob[1:i - 1]) = 0.09490132686738062
14976/16384
mean(sgnprob[1:i - 1]) = 0.09636060100166945
15104/16384
mean(sgnprob[1:i - 1]) = 0.09249817916970138
15232/16384
mean(sgnprob[1:i - 1]) = 0.09447836648939663
15360/16384
mean(sgnprob[1:i - 1]) = 0.09030535842177224
15488/16384
mean(sgnprob[1:i - 1]) = 0.08813843869051463
15616/16384
mean(sgnprob[1:i - 1]) = 0.09010566762728146
15744/16384
mean(sgnprob[1:i - 1]) = 0.08848377056469542
15872/16384
mean(sgnprob[1:i - 1]) = 0.08966038686913239
16000/16384
mean(sgnprob[1:i - 1]) = 0.09219326207887993
16128/16384
mean(sgnprob[1:i - 1]) = 0.08984932101444781
16256/16384
mean(sgnprob[1:i - 1]) = 0.0903721931713319
16384/16384
mean(sgnprob[1:i - 1]) = 0.08917780626258927
725.718375 seconds (167.11 M allocations: 70.745 GiB, 1.45% gc time, 1.24% compilation time)
