## SLURM PROLOG ###############################################################
##    Job ID : 5955293
##  Job Name : etgent_N(1,3)_seed1258
##  Nodelist : node1739
##      CPUs : 8
##  Mem/Node : 2048 MB
## Directory : /oscar/home/trazzaz/AFQMC
##   Job Started : Mon Nov 11 10:25:53 PM EST 2024
###############################################################################
U = 2.0
seed = 1258
λₖ = 0.0
Warming up
128/512
256/512
384/512
512/512
Measuring
128/1024
256/1024
384/1024
512/1024
640/1024
768/1024
896/1024
1024/1024
124.231702 seconds (80.56 M allocations: 16.970 GiB, 3.78% gc time, 9.81% compilation time)
λₖ = 0.2
Warming up
128/512
256/512
384/512
512/512
Measuring
128/1024
256/1024
384/1024
512/1024
640/1024
768/1024
896/1024
1024/1024
111.306944 seconds (76.83 M allocations: 16.806 GiB, 4.02% gc time, 0.09% compilation time)
λₖ = 0.4
Warming up
128/512
256/512
384/512
512/512
Measuring
128/1024
256/1024
384/1024
512/1024
640/1024
768/1024
896/1024
1024/1024
111.455766 seconds (76.82 M allocations: 16.805 GiB, 3.70% gc time)
λₖ = 0.6
Warming up
128/512
256/512
384/512
512/512
Measuring
128/1024
256/1024
384/1024
512/1024
640/1024
768/1024
896/1024
1024/1024
109.749416 seconds (76.82 M allocations: 16.805 GiB, 3.55% gc time)
λₖ = 0.8
Warming up
128/512
256/512
384/512
512/512
Measuring
128/1024
256/1024
384/1024
512/1024
640/1024
768/1024
896/1024
1024/1024
111.615518 seconds (76.82 M allocations: 16.805 GiB, 3.35% gc time)
