## SLURM PROLOG ###############################################################
##    Job ID : 8833781
##  Job Name : sbatch_etgent.sh
##  Nodelist : node1711
##      CPUs : 8
##  Mem/Node : 4096 MB
## Directory : /oscar/home/trazzaz/AFQMC
##   Job Started : Thu Feb 27 10:14:36 PM EST 2025
###############################################################################
seed = 1335
U = 2.0
β = 6.0
Warming up
128/1024
256/1024
384/1024
512/1024
640/1024
768/1024
896/1024
1024/1024
Measuring
128/16384
mean(sgnprob[1:i - 1]) = -0.5118110236220472
256/16384
mean(sgnprob[1:i - 1]) = 0.00392156862745098
384/16384
mean(sgnprob[1:i - 1]) = -0.1227154046997389
512/16384
mean(sgnprob[1:i - 1]) = -0.22896281800391388
640/16384
mean(sgnprob[1:i - 1]) = -0.28325508607198746
768/16384
mean(sgnprob[1:i - 1]) = -0.17340286831812254
896/16384
mean(sgnprob[1:i - 1]) = -0.08826815642458101
1024/16384
mean(sgnprob[1:i - 1]) = -0.1495601173020528
1152/16384
mean(sgnprob[1:i - 1]) = -0.08079930495221546
1280/16384
mean(sgnprob[1:i - 1]) = -0.033620015637216574
1408/16384
mean(sgnprob[1:i - 1]) = -0.007818052594171997
1536/16384
mean(sgnprob[1:i - 1]) = 0.021498371335504887
1664/16384
mean(sgnprob[1:i - 1]) = 0.05111244738424534
1792/16384
mean(sgnprob[1:i - 1]) = 0.07761027359017308
1920/16384
mean(sgnprob[1:i - 1]) = 0.10891089108910891
2048/16384
mean(sgnprob[1:i - 1]) = 0.13922813873961895
2176/16384
mean(sgnprob[1:i - 1]) = 0.15954022988505748
2304/16384
mean(sgnprob[1:i - 1]) = 0.12462006079027356
2432/16384
mean(sgnprob[1:i - 1]) = 0.14685314685314685
2560/16384
mean(sgnprob[1:i - 1]) = 0.1621727237202032
2688/16384
mean(sgnprob[1:i - 1]) = 0.13881652400446595
2816/16384
mean(sgnprob[1:i - 1]) = 0.15168738898756662
2944/16384
mean(sgnprob[1:i - 1]) = 0.16615698267074414
3072/16384
mean(sgnprob[1:i - 1]) = 0.18332790621947248
3200/16384
mean(sgnprob[1:i - 1]) = 0.19224757736792747
3328/16384
mean(sgnprob[1:i - 1]) = 0.19987977156597536
3456/16384
mean(sgnprob[1:i - 1]) = 0.20752532561505066
3584/16384
mean(sgnprob[1:i - 1]) = 0.21964833938040748
3712/16384
mean(sgnprob[1:i - 1]) = 0.22770142818647265
3840/16384
mean(sgnprob[1:i - 1]) = 0.20604324042719457
3968/16384
mean(sgnprob[1:i - 1]) = 0.18578270733551802
4096/16384
mean(sgnprob[1:i - 1]) = 0.19316239316239317
4224/16384
mean(sgnprob[1:i - 1]) = 0.19962112242481647
4352/16384
mean(sgnprob[1:i - 1]) = 0.20891749023213055
4480/16384
mean(sgnprob[1:i - 1]) = 0.2167894619334673
4608/16384
mean(sgnprob[1:i - 1]) = 0.22075103103972216
4736/16384
mean(sgnprob[1:i - 1]) = 0.20126715945089757
4864/16384
mean(sgnprob[1:i - 1]) = 0.18445404071560764
4992/16384
mean(sgnprob[1:i - 1]) = 0.16930474854738528
5120/16384
mean(sgnprob[1:i - 1]) = 0.17952725141629225
5248/16384
mean(sgnprob[1:i - 1]) = 0.18582046883933676
5376/16384
mean(sgnprob[1:i - 1]) = 0.19293023255813954
5504/16384
mean(sgnprob[1:i - 1]) = 0.2007995638742504
5632/16384
mean(sgnprob[1:i - 1]) = 0.18913159296750134
5760/16384
mean(sgnprob[1:i - 1]) = 0.19569369682236498
5888/16384
mean(sgnprob[1:i - 1]) = 0.2060472226940717
6016/16384
mean(sgnprob[1:i - 1]) = 0.2113050706566916
6144/16384
mean(sgnprob[1:i - 1]) = 0.21666937978186554
6272/16384
mean(sgnprob[1:i - 1]) = 0.22022006059639612
6400/16384
mean(sgnprob[1:i - 1]) = 0.20643850601656508
6528/16384
mean(sgnprob[1:i - 1]) = 0.20851846177416883
6656/16384
mean(sgnprob[1:i - 1]) = 0.1963936889556724
6784/16384
mean(sgnprob[1:i - 1]) = 0.20389208314904908
6912/16384
mean(sgnprob[1:i - 1]) = 0.1917233396035306
7040/16384
mean(sgnprob[1:i - 1]) = 0.17886063361272908
7168/16384
mean(sgnprob[1:i - 1]) = 0.18292172457095018
7296/16384
mean(sgnprob[1:i - 1]) = 0.18574366004112405
7424/16384
mean(sgnprob[1:i - 1]) = 0.1749966320894517
7552/16384
mean(sgnprob[1:i - 1]) = 0.1799761620977354
7680/16384
mean(sgnprob[1:i - 1]) = 0.16968355254590442
7808/16384
mean(sgnprob[1:i - 1]) = 0.1730498270782631
7936/16384
mean(sgnprob[1:i - 1]) = 0.17781978575929427
8064/16384
mean(sgnprob[1:i - 1]) = 0.18095001860349746
8192/16384
mean(sgnprob[1:i - 1]) = 0.18447076059089243
8320/16384
mean(sgnprob[1:i - 1]) = 0.18764274552229834
8448/16384
mean(sgnprob[1:i - 1]) = 0.1933230732804546
8576/16384
mean(sgnprob[1:i - 1]) = 0.18180758017492712
8704/16384
mean(sgnprob[1:i - 1]) = 0.18533838906124325
8832/16384
mean(sgnprob[1:i - 1]) = 0.175857773751557
8960/16384
mean(sgnprob[1:i - 1]) = 0.16664806339993302
9088/16384
mean(sgnprob[1:i - 1]) = 0.1572576207769341
9216/16384
mean(sgnprob[1:i - 1]) = 0.16071622354856213
9344/16384
mean(sgnprob[1:i - 1]) = 0.15166434763994435
9472/16384
mean(sgnprob[1:i - 1]) = 0.14412416851441243
9600/16384
mean(sgnprob[1:i - 1]) = 0.13386811126158976
9728/16384
mean(sgnprob[1:i - 1]) = 0.12573249717281793
9856/16384
mean(sgnprob[1:i - 1]) = 0.13079654997463216
9984/16384
mean(sgnprob[1:i - 1]) = 0.13472903936692376
10112/16384
mean(sgnprob[1:i - 1]) = 0.13816635347641182
10240/16384
mean(sgnprob[1:i - 1]) = 0.14151772634046295
10368/16384
mean(sgnprob[1:i - 1]) = 0.14459342143339443
10496/16384
mean(sgnprob[1:i - 1]) = 0.13863744640304906
10624/16384
mean(sgnprob[1:i - 1]) = 0.12981267062035207
10752/16384
mean(sgnprob[1:i - 1]) = 0.1360803646172449
10880/16384
mean(sgnprob[1:i - 1]) = 0.12914789962312712
11008/16384
mean(sgnprob[1:i - 1]) = 0.12164985918052149
11136/16384
mean(sgnprob[1:i - 1]) = 0.12689717108217333
11264/16384
mean(sgnprob[1:i - 1]) = 0.1304270620616177
11392/16384
mean(sgnprob[1:i - 1]) = 0.13229742779387235
11520/16384
mean(sgnprob[1:i - 1]) = 0.13586248806319992
11648/16384
mean(sgnprob[1:i - 1]) = 0.1393491886322658
11776/16384
mean(sgnprob[1:i - 1]) = 0.13256900212314224
11904/16384
mean(sgnprob[1:i - 1]) = 0.13568008065193649
12032/16384
mean(sgnprob[1:i - 1]) = 0.13905743495968748
12160/16384
mean(sgnprob[1:i - 1]) = 0.14302163006826218
12288/16384
mean(sgnprob[1:i - 1]) = 0.14608936274110848
12416/16384
mean(sgnprob[1:i - 1]) = 0.13942811115585985
12544/16384
mean(sgnprob[1:i - 1]) = 0.14183209758430998
12672/16384
mean(sgnprob[1:i - 1]) = 0.1451345592297372
12800/16384
mean(sgnprob[1:i - 1]) = 0.14837096648175638
12928/16384
mean(sgnprob[1:i - 1]) = 0.1515432815038292
13056/16384
mean(sgnprob[1:i - 1]) = 0.1535810034469552
13184/16384
mean(sgnprob[1:i - 1]) = 0.15406204960934536
13312/16384
mean(sgnprob[1:i - 1]) = 0.15768912929156337
13440/16384
mean(sgnprob[1:i - 1]) = 0.160354193020314
13568/16384
mean(sgnprob[1:i - 1]) = 0.1535343111962851
13696/16384
mean(sgnprob[1:i - 1]) = 0.1551661190215407
13824/16384
mean(sgnprob[1:i - 1]) = 0.157491137958475
13952/16384
mean(sgnprob[1:i - 1]) = 0.16034692853558885
14080/16384
mean(sgnprob[1:i - 1]) = 0.1637190141345266
14208/16384
mean(sgnprob[1:i - 1]) = 0.16731188850566622
14336/16384
mean(sgnprob[1:i - 1]) = 0.1694454133240321
14464/16384
mean(sgnprob[1:i - 1]) = 0.17098803844292332
14592/16384
mean(sgnprob[1:i - 1]) = 0.17387430607908985
14720/16384
mean(sgnprob[1:i - 1]) = 0.1673347374142265
14848/16384
mean(sgnprob[1:i - 1]) = 0.16979861251431266
14976/16384
mean(sgnprob[1:i - 1]) = 0.17302170283806345
15104/16384
mean(sgnprob[1:i - 1]) = 0.17539561676488116
15232/16384
mean(sgnprob[1:i - 1]) = 0.17746700807563523
15360/16384
mean(sgnprob[1:i - 1]) = 0.17963409076111725
15488/16384
mean(sgnprob[1:i - 1]) = 0.18111964873765093
15616/16384
mean(sgnprob[1:i - 1]) = 0.1834774255523535
15744/16384
mean(sgnprob[1:i - 1]) = 0.18490757797116178
15872/16384
mean(sgnprob[1:i - 1]) = 0.18669270997416673
16000/16384
mean(sgnprob[1:i - 1]) = 0.1821988874304644
16128/16384
mean(sgnprob[1:i - 1]) = 0.18447324362869721
16256/16384
mean(sgnprob[1:i - 1]) = 0.1858505075361427
16384/16384
mean(sgnprob[1:i - 1]) = 0.18781663919916988
744.389894 seconds (167.11 M allocations: 70.745 GiB, 1.96% gc time, 1.33% compilation time)
