## SLURM PROLOG ###############################################################
##    Job ID : 8833835
##  Job Name : sbatch_etgent.sh
##  Nodelist : node1328
##      CPUs : 8
##  Mem/Node : 4096 MB
## Directory : /oscar/home/trazzaz/AFQMC
##   Job Started : Thu Feb 27 11:33:11 PM EST 2025
###############################################################################
seed = 1389
U = 2.0
β = 6.0
Warming up
128/1024
256/1024
384/1024
512/1024
640/1024
768/1024
896/1024
1024/1024
Measuring
128/16384
mean(sgnprob[1:i - 1]) = 0.33858267716535434
256/16384
mean(sgnprob[1:i - 1]) = 0.2784313725490196
384/16384
mean(sgnprob[1:i - 1]) = 0.1122715404699739
512/16384
mean(sgnprob[1:i - 1]) = 0.11154598825831702
640/16384
mean(sgnprob[1:i - 1]) = 0.1486697965571205
768/16384
mean(sgnprob[1:i - 1]) = 0.16036505867014342
896/16384
mean(sgnprob[1:i - 1]) = 0.17541899441340783
1024/16384
mean(sgnprob[1:i - 1]) = 0.1906158357771261
1152/16384
mean(sgnprob[1:i - 1]) = 0.1364031277150304
1280/16384
mean(sgnprob[1:i - 1]) = 0.11180609851446442
1408/16384
mean(sgnprob[1:i - 1]) = 0.07320540156361052
1536/16384
mean(sgnprob[1:i - 1]) = 0.04364820846905537
1664/16384
mean(sgnprob[1:i - 1]) = 0.03307276007215875
1792/16384
mean(sgnprob[1:i - 1]) = 0.012841987716359575
1920/16384
mean(sgnprob[1:i - 1]) = 0.0297029702970297
2048/16384
mean(sgnprob[1:i - 1]) = 0.04836345872007816
2176/16384
mean(sgnprob[1:i - 1]) = 0.049195402298850575
2304/16384
mean(sgnprob[1:i - 1]) = 0.057750759878419454
2432/16384
mean(sgnprob[1:i - 1]) = 0.06540518305224187
2560/16384
mean(sgnprob[1:i - 1]) = 0.05275498241500586
2688/16384
mean(sgnprob[1:i - 1]) = 0.06066244882768887
2816/16384
mean(sgnprob[1:i - 1]) = 0.06216696269982238
2944/16384
mean(sgnprob[1:i - 1]) = 0.04655113829425756
3072/16384
mean(sgnprob[1:i - 1]) = 0.04982090524259199
3200/16384
mean(sgnprob[1:i - 1]) = 0.05532979055954986
3328/16384
mean(sgnprob[1:i - 1]) = 0.05801021941689209
3456/16384
mean(sgnprob[1:i - 1]) = 0.06164978292329957
3584/16384
mean(sgnprob[1:i - 1]) = 0.07228579402735139
3712/16384
mean(sgnprob[1:i - 1]) = 0.0789544597143627
3840/16384
mean(sgnprob[1:i - 1]) = 0.06902839281062777
3968/16384
mean(sgnprob[1:i - 1]) = 0.07486765817998488
4096/16384
mean(sgnprob[1:i - 1]) = 0.06568986568986569
4224/16384
mean(sgnprob[1:i - 1]) = 0.052332465072223534
4352/16384
mean(sgnprob[1:i - 1]) = 0.06320386118133763
4480/16384
mean(sgnprob[1:i - 1]) = 0.06630944407233758
4608/16384
mean(sgnprob[1:i - 1]) = 0.07097894508356849
4736/16384
mean(sgnprob[1:i - 1]) = 0.0737064413938754
4864/16384
mean(sgnprob[1:i - 1]) = 0.07629035574748098
4992/16384
mean(sgnprob[1:i - 1]) = 0.08314966940492888
5120/16384
mean(sgnprob[1:i - 1]) = 0.07325649540925962
5248/16384
mean(sgnprob[1:i - 1]) = 0.06727653897465219
5376/16384
mean(sgnprob[1:i - 1]) = 0.05934883720930233
5504/16384
mean(sgnprob[1:i - 1]) = 0.060149009631110306
5632/16384
mean(sgnprob[1:i - 1]) = 0.053809270111880664
5760/16384
mean(sgnprob[1:i - 1]) = 0.0557388435492273
5888/16384
mean(sgnprob[1:i - 1]) = 0.06064209274673008
6016/16384
mean(sgnprob[1:i - 1]) = 0.0543640897755611
6144/16384
mean(sgnprob[1:i - 1]) = 0.05844050138368875
6272/16384
mean(sgnprob[1:i - 1]) = 0.05055015149099027
6400/16384
mean(sgnprob[1:i - 1]) = 0.05235192998906079
6528/16384
mean(sgnprob[1:i - 1]) = 0.04948674735713191
6656/16384
mean(sgnprob[1:i - 1]) = 0.04583020285499624
6784/16384
mean(sgnprob[1:i - 1]) = 0.040837387586613594
6912/16384
mean(sgnprob[1:i - 1]) = 0.0354507307191434
7040/16384
mean(sgnprob[1:i - 1]) = 0.03935218070748686
7168/16384
mean(sgnprob[1:i - 1]) = 0.04032370587414539
7296/16384
mean(sgnprob[1:i - 1]) = 0.04455106237148732
7424/16384
mean(sgnprob[1:i - 1]) = 0.039471911626027215
7552/16384
mean(sgnprob[1:i - 1]) = 0.041716328963051254
7680/16384
mean(sgnprob[1:i - 1]) = 0.04414637322568043
7808/16384
mean(sgnprob[1:i - 1]) = 0.04675291405149225
7936/16384
mean(sgnprob[1:i - 1]) = 0.05154379332073094
8064/16384
mean(sgnprob[1:i - 1]) = 0.046756790276571994
8192/16384
mean(sgnprob[1:i - 1]) = 0.047491148821877674
8320/16384
mean(sgnprob[1:i - 1]) = 0.04171174420002404
8448/16384
mean(sgnprob[1:i - 1]) = 0.04250029596306381
8576/16384
mean(sgnprob[1:i - 1]) = 0.045131195335276965
8704/16384
mean(sgnprob[1:i - 1]) = 0.0476847064230725
8832/16384
mean(sgnprob[1:i - 1]) = 0.051296568904993775
8960/16384
mean(sgnprob[1:i - 1]) = 0.05011720058042192
9088/16384
mean(sgnprob[1:i - 1]) = 0.05183228788379003
9216/16384
mean(sgnprob[1:i - 1]) = 0.049810092240911555
9344/16384
mean(sgnprob[1:i - 1]) = 0.05319490527667773
9472/16384
mean(sgnprob[1:i - 1]) = 0.055221201562664975
9600/16384
mean(sgnprob[1:i - 1]) = 0.05781852276278779
9728/16384
mean(sgnprob[1:i - 1]) = 0.057263287755731467
9856/16384
mean(sgnprob[1:i - 1]) = 0.06037544393708777
9984/16384
mean(sgnprob[1:i - 1]) = 0.0618050686166483
10112/16384
mean(sgnprob[1:i - 1]) = 0.06280288794382356
10240/16384
mean(sgnprob[1:i - 1]) = 0.05869713839242113
10368/16384
mean(sgnprob[1:i - 1]) = 0.06163788945693065
10496/16384
mean(sgnprob[1:i - 1]) = 0.057646498332539306
10624/16384
mean(sgnprob[1:i - 1]) = 0.06128212369387179
10752/16384
mean(sgnprob[1:i - 1]) = 0.06445912008185285
10880/16384
mean(sgnprob[1:i - 1]) = 0.06167846309403438
11008/16384
mean(sgnprob[1:i - 1]) = 0.05750885799945489
11136/16384
mean(sgnprob[1:i - 1]) = 0.05990121239335429
11264/16384
mean(sgnprob[1:i - 1]) = 0.054958714374500575
11392/16384
mean(sgnprob[1:i - 1]) = 0.056272495830041264
11520/16384
mean(sgnprob[1:i - 1]) = 0.05842521052174668
11648/16384
mean(sgnprob[1:i - 1]) = 0.05898514638962823
11776/16384
mean(sgnprob[1:i - 1]) = 0.06259023354564756
11904/16384
mean(sgnprob[1:i - 1]) = 0.06006889019574897
12032/16384
mean(sgnprob[1:i - 1]) = 0.0630870251849389
12160/16384
mean(sgnprob[1:i - 1]) = 0.06554815363105519
12288/16384
mean(sgnprob[1:i - 1]) = 0.062098152518922436
12416/16384
mean(sgnprob[1:i - 1]) = 0.05839710028191704
12544/16384
mean(sgnprob[1:i - 1]) = 0.059076775890935185
12672/16384
mean(sgnprob[1:i - 1]) = 0.056743745560729225
12800/16384
mean(sgnprob[1:i - 1]) = 0.0536760684428471
12928/16384
mean(sgnprob[1:i - 1]) = 0.055620020112941905
13056/16384
mean(sgnprob[1:i - 1]) = 0.056606664113366525
13184/16384
mean(sgnprob[1:i - 1]) = 0.05362967458089964
13312/16384
mean(sgnprob[1:i - 1]) = 0.05596874765231763
13440/16384
mean(sgnprob[1:i - 1]) = 0.05811444303891659
13568/16384
mean(sgnprob[1:i - 1]) = 0.05491265570870495
13696/16384
mean(sgnprob[1:i - 1]) = 0.0525009127418766
13824/16384
mean(sgnprob[1:i - 1]) = 0.04998914852058164
13952/16384
mean(sgnprob[1:i - 1]) = 0.04781019281771916
14080/16384
mean(sgnprob[1:i - 1]) = 0.04538674621777115
14208/16384
mean(sgnprob[1:i - 1]) = 0.04272541704793412
14336/16384
mean(sgnprob[1:i - 1]) = 0.04429717474712243
14464/16384
mean(sgnprob[1:i - 1]) = 0.04113945930996336
14592/16384
mean(sgnprob[1:i - 1]) = 0.04242341169213899
14720/16384
mean(sgnprob[1:i - 1]) = 0.043820911746721924
14848/16384
mean(sgnprob[1:i - 1]) = 0.04034485081161177
14976/16384
mean(sgnprob[1:i - 1]) = 0.04080133555926544
15104/16384
mean(sgnprob[1:i - 1]) = 0.03780705820035755
15232/16384
mean(sgnprob[1:i - 1]) = 0.03919637581248769
15360/16384
mean(sgnprob[1:i - 1]) = 0.040302103001497495
15488/16384
mean(sgnprob[1:i - 1]) = 0.04345580164008523
15616/16384
mean(sgnprob[1:i - 1]) = 0.04489273134806276
15744/16384
mean(sgnprob[1:i - 1]) = 0.04541701073492981
15872/16384
mean(sgnprob[1:i - 1]) = 0.04442064142146052
16000/16384
mean(sgnprob[1:i - 1]) = 0.042565160322520154
16128/16384
mean(sgnprob[1:i - 1]) = 0.04321944565015192
16256/16384
mean(sgnprob[1:i - 1]) = 0.04029529375576746
16384/16384
mean(sgnprob[1:i - 1]) = 0.0427882561191479
794.847471 seconds (167.11 M allocations: 70.745 GiB, 1.78% gc time, 1.22% compilation time)
