## SLURM PROLOG ###############################################################
##    Job ID : 6531921
##  Job Name : sbatch_etgent.sh
##  Nodelist : node1756
##      CPUs : 8
##  Mem/Node : 2048 MB
## Directory : /oscar/home/trazzaz/AFQMC
##   Job Started : Wed Nov 20 09:41:49 PM EST 2024
###############################################################################
seed = 1234
U = 2.0
λₖ = 0.0
Warming up
128/512
256/512
384/512
512/512
Measuring
128/8192
256/8192
384/8192
512/8192
640/8192
768/8192
896/8192
1024/8192
1152/8192
1280/8192
1408/8192
1536/8192
1664/8192
1792/8192
1920/8192
2048/8192
2176/8192
2304/8192
2432/8192
2560/8192
2688/8192
2816/8192
2944/8192
3072/8192
3200/8192
3328/8192
3456/8192
3584/8192
3712/8192
3840/8192
3968/8192
4096/8192
4224/8192
4352/8192
4480/8192
4608/8192
4736/8192
4864/8192
4992/8192
5120/8192
5248/8192
5376/8192
5504/8192
5632/8192
5760/8192
5888/8192
6016/8192
6144/8192
6272/8192
6400/8192
6528/8192
6656/8192
6784/8192
6912/8192
7040/8192
7168/8192
7296/8192
7424/8192
7552/8192
7680/8192
7808/8192
7936/8192
8064/8192
8192/8192
2892.915510 seconds (580.46 M allocations: 315.173 GiB, 1.47% gc time, 0.33% compilation time)
λₖ = 0.2
Warming up
128/512
256/512
384/512
512/512
Measuring
128/8192
256/8192
384/8192
512/8192
640/8192
768/8192
896/8192
1024/8192
1152/8192
1280/8192
1408/8192
1536/8192
1664/8192
1792/8192
1920/8192
2048/8192
2176/8192
2304/8192
2432/8192
2560/8192
2688/8192
2816/8192
2944/8192
3072/8192
3200/8192
3328/8192
3456/8192
3584/8192
3712/8192
3840/8192
3968/8192
4096/8192
4224/8192
4352/8192
4480/8192
4608/8192
4736/8192
4864/8192
4992/8192
5120/8192
5248/8192
5376/8192
5504/8192
5632/8192
5760/8192
5888/8192
6016/8192
6144/8192
6272/8192
6400/8192
6528/8192
6656/8192
6784/8192
6912/8192
7040/8192
7168/8192
7296/8192
7424/8192
7552/8192
7680/8192
7808/8192
7936/8192
8064/8192
8192/8192
2907.448554 seconds (576.74 M allocations: 315.009 GiB, 1.08% gc time, 0.00% compilation time: 19% of which was recompilation)
λₖ = 0.4
Warming up
128/512
256/512
384/512
512/512
Measuring
128/8192
256/8192
384/8192
512/8192
640/8192
768/8192
896/8192
1024/8192
1152/8192
1280/8192
1408/8192
1536/8192
1664/8192
1792/8192
1920/8192
2048/8192
2176/8192
2304/8192
2432/8192
2560/8192
2688/8192
2816/8192
2944/8192
3072/8192
3200/8192
3328/8192
3456/8192
3584/8192
3712/8192
3840/8192
3968/8192
4096/8192
4224/8192
4352/8192
4480/8192
4608/8192
4736/8192
4864/8192
4992/8192
5120/8192
5248/8192
5376/8192
5504/8192
5632/8192
5760/8192
5888/8192
6016/8192
6144/8192
6272/8192
6400/8192
6528/8192
6656/8192
6784/8192
6912/8192
7040/8192
7168/8192
7296/8192
7424/8192
7552/8192
7680/8192
7808/8192
7936/8192
8064/8192
8192/8192
2883.260921 seconds (576.73 M allocations: 315.008 GiB, 0.92% gc time)
λₖ = 0.6
Warming up
128/512
256/512
384/512
512/512
Measuring
128/8192
256/8192
384/8192
512/8192
640/8192
768/8192
896/8192
1024/8192
1152/8192
1280/8192
1408/8192
1536/8192
1664/8192
1792/8192
1920/8192
2048/8192
2176/8192
2304/8192
2432/8192
2560/8192
2688/8192
2816/8192
2944/8192
3072/8192
3200/8192
3328/8192
3456/8192
3584/8192
3712/8192
3840/8192
3968/8192
4096/8192
4224/8192
4352/8192
4480/8192
4608/8192
4736/8192
4864/8192
4992/8192
5120/8192
5248/8192
5376/8192
5504/8192
5632/8192
5760/8192
5888/8192
6016/8192
6144/8192
6272/8192
6400/8192
6528/8192
6656/8192
6784/8192
6912/8192
7040/8192
7168/8192
7296/8192
7424/8192
7552/8192
7680/8192
7808/8192
7936/8192
8064/8192
8192/8192
2889.941320 seconds (576.73 M allocations: 315.008 GiB, 0.89% gc time)
λₖ = 0.8
Warming up
128/512
256/512
384/512
512/512
Measuring
128/8192
256/8192
384/8192
512/8192
640/8192
768/8192
896/8192
1024/8192
1152/8192
1280/8192
1408/8192
1536/8192
1664/8192
1792/8192
1920/8192
2048/8192
2176/8192
2304/8192
2432/8192
2560/8192
2688/8192
2816/8192
2944/8192
3072/8192
3200/8192
3328/8192
3456/8192
3584/8192
3712/8192
3840/8192
3968/8192
4096/8192
4224/8192
4352/8192
4480/8192
4608/8192
4736/8192
4864/8192
4992/8192
5120/8192
5248/8192
5376/8192
5504/8192
5632/8192
5760/8192
5888/8192
6016/8192
6144/8192
6272/8192
6400/8192
6528/8192
6656/8192
6784/8192
6912/8192
7040/8192
7168/8192
7296/8192
7424/8192
7552/8192
7680/8192
7808/8192
7936/8192
8064/8192
8192/8192
2865.836166 seconds (576.73 M allocations: 315.008 GiB, 0.72% gc time)
