## SLURM PROLOG ###############################################################
##    Job ID : 5959492
##  Job Name : etgent_N(1,2)_seed1257
##  Nodelist : node1755
##      CPUs : 8
##  Mem/Node : 2048 MB
## Directory : /oscar/home/trazzaz/AFQMC
##   Job Started : Tue Nov 12 12:20:04 AM EST 2024
###############################################################################
U = 2.0
seed = 1257
λₖ = 0.0
Warming up
128/512
256/512
384/512
512/512
Measuring
0.8887442308766129
0.7474060259844102
0.7993931621475254
1.078403889676623
0.620327503792661
0.11890645331674116
0.5835264918170664
0.8552826047245815
0.6192953071480337
0.817479748071254
0.8363856182746776
1.0295278825652079
1.143507464529573
0.7196663085296413
0.6888139432210933
0.8011982535901598
0.6149518058877337
0.7351079320982012
0.6216311897646791
0.5581340129918617
0.7623199661690028
1.1109296093669188
0.800013206762241
0.6736373254933672
0.574744921200284
0.7996382138339722
0.6503496209126359
0.6108584363247067
0.35195889785826967
0.26799030550743336
0.865558204827628
0.7135899262285091
0.6728212779115441
1.0353940857981876
0.7913002793440895
0.3658525859383133
0.4190215875671076
0.8985528151497957
0.19240176604531106
0.9041899397405107
0.6622201154959841
0.9738747296993191
0.5041926271217687
0.6110257620028425
0.626996179084319
0.7584263007427157
0.5859018928112781
0.3980248763242941
0.6907881094728603
0.25272470197499924
0.7735425460659033
0.5889293333177402
0.5932648204809688
0.5768624007180756
0.7930550795772777
0.808678626890325
0.8501962729188266
0.6493933569731533
1.4548141469537228
0.7915466647194911
0.6522064746553098
0.2680450674587712
0.7513200855089814
0.828264858589536
-0.15541851077148883
0.34484946802303196
0.8312538976328192
0.7374392977254955
0.6639325470052535
0.6546574394823437
0.5758052526255437
0.5716291081477268
0.8562381761678077
0.6975865921657654
0.6529576093246141
0.9130834507535722
0.5398483561738641
0.5221491571772494
0.8611307704509261
0.7626626595899828
0.4397866705416088
1.4175072720974893
0.7855393419395658
0.7081887099111417
0.3217669172434348
0.6322639847111827
0.8051870917643049
0.7079890721762002
0.6030552271745486
0.5760474546937238
0.6464248034264815
1.0861817501113322
0.7388362290729149
0.7665169020140363
1.1706756918195997
0.37975836564358145
0.8492249063560808
0.34812663756622314
0.5694939211011936
0.6153032944516148
0.6235911110636183
0.5896788719574297
0.6348552148542572
0.9043503898344047
0.6712045792573842
0.38413345328935333
0.40664168514703825
0.8094478540434933
1.1945481638325606
0.8064656089084238
1.1122212350426286
0.8550026710467116
1.1636108671815881
0.618360937243039
0.6160944834150013
0.7864347151937133
0.5154872716562029
0.378277268609196
1.0071872750013813
0.7737557863915779
0.536515292293941
0.6038336867610997
0.7122422659061639
0.8327320222981285
0.909650348452067
0.36677761343292586
0.7273812891637728
128/1024
0.8290306705097421
0.9811337038494802
0.32742881034282256
0.31225100144457624
0.14108585130785445
2.0931397178890006
1.1130562737723566
0.19177747069075454
1.2863979341621488
0.9627808137931791
1.541929834065865
0.44648387710693277
0.2536376216976792
0.21878180180734158
0.3080218119965037
0.3359271410824895
1.71105776944179
0.1519903290454372
0.11443818043045854
2.007188240441352
0.4994049139264377
0.48264701139099886
0.29361106374770163
0.4331342788799798
0.8753807332196921
2.5496572628541165
1.457141008691409
0.8292379965329757
2.233615851647496
0.944851808614899
0.696278186628383
2.4141085935958575
0.33863582492600547
0.9049930730077604
0.770977898779613
0.9129683208986976
1.3284738292629297
0.35947132388153397
1.356665836856229
0.4090604518978409
0.746897098869637
1.8107867913343463
0.9246257466121705
0.5864408819375101
0.4461828572198748
0.3561489235963488
1.5435218571224174
0.18619970700195862
0.5047272083880819
1.6681368872245823
0.19898076352018923
0.24981795352781955
0.5776809322354286
0.6672468630344323
0.32974736641806834
0.932419162591266
1.7857984620985916
0.34281422757205093
0.3675122571976547
0.28612362156857335
0.8677394794903854
1.0607112175288267
0.378836627175528
0.28817804949256165
1.7967757046915158
1.1554081086073833
0.19582638473134756
2.0812133083049997
1.529871899243201
2.370763895297532
1.4258870784848825
0.3711417770105606
0.29464166866138125
0.23758513236098644
2.2262941524452717
1.0740023526659235
0.5536606805106354
0.18305916123821614
2.668842470047524
0.7139091199615408
1.025871724162042
0.8254029680069995
0.6433788725497782
2.106650561171629
1.5292121022176979
2.4068254702297702
0.23340249799578464
0.31117040438613414
1.5342112041397382
1.2054232471236954
2.0123635864551055
0.45698233991248716
0.340573929422912
0.9505247789255079
0.5737423330886046
0.6193472972150246
0.2490485215696056
0.08954269593628325
2.3713694557827627
1.2314274594974544
0.7557351637648777
1.8835999485841612
0.9779456365530841
1.1886264365905637
1.701657291559753
0.7951806590336794
0.2988755614400191
0.3363428718704584
0.6131502245429651
0.27503161149914174
0.4641200784378138
0.3444552554895337
1.209505820195167
1.355432589449792
0.21382869369818797
0.12395968810510682
0.6159265128059686
1.1044228533482576
1.1323210253552793
1.1956100007981438
1.3610324453308174
1.413752231497547
0.15719624412390076
1.3368676875339323
0.23971300645574184
0.13480039104188818
0.7051181338437645
0.27605454834449517
256/1024
0.5299040223530496
0.5942200422009817
0.722702677649377
0.7502359039590996
0.5600238180063829
0.722963152673678
0.6903196079043712
0.8124655901469511
0.591961383831756
0.5468068772843963
0.975474067813431
1.00032306182021
0.9601006907341281
0.912602675034158
0.8003132053746427
0.7093572210717387
0.8195028210289126
0.6091022522796652
0.9632905906639843
0.7747263792418633
0.8030420651885184
0.7977988034402907
0.7445086725386367
0.7753969229071334
0.826989686012537
0.8595610734618848
0.622415132895817
0.8315851677946214
0.6830595153414563
1.1288238191703304
0.5772858848020618
1.1015127582638704
1.335353236368863
1.7713425806846557
0.6463056802349769
0.60749532635407
0.8989218457133844
0.614789115910662
0.7946064089422296
0.8013091601730913
0.7050032515282505
0.5744134424387776
0.6867531763476236
0.8911253965528989
0.744904925602099
0.9956827323416511
0.5419505957320082
0.7394119032864515
0.8162000400347565
0.8944994416709615
1.0049657451632554
0.8304523019745307
0.859405547641164
0.743689446239458
1.2264240264860502
0.6554564231876402
0.8250870085396245
0.8950036311428873
0.5620487855758206
0.7503797629087091
0.8805208988323513
0.7772092607059805
1.3473452986175112
0.981051981184722
0.8527348905009213
0.5357193872692407
2.1428526851797827
0.5376519019051205
0.6069473580254734
0.9047126272908714
0.6108719182420456
1.3372564813780015
1.1847861860485032
1.0090852275325204
0.786421436376149
0.7704294216907274
0.6649396971752983
0.7613858810540775
1.0284157491819146
1.499748647113468
1.5541341351494937
0.7773914478569177
1.7672288806472818
0.5616093562029646
0.8913952003390319
0.7612784273177935
0.6216452961125911
0.7301729496440361
0.7764708880362813
0.8079032749202758
0.6164096882423425
0.6135593556361473
1.6715317054808156
0.5954429690252484
0.9572781144967333
0.7025090362039281
0.6694931776191767
0.8067201094125634
1.7518990332708988
1.5821908507371851
0.7257680315793643
0.6943615792692437
1.5021888579545384
0.8287859942102436
0.7816729074679128
0.5987519872830642
0.7336299797768902
0.6297338016334554
1.137734500527786
0.6126627432506495
0.8862130883317555
0.7159590946737806
0.6881698648740168
1.3147789255954523
0.729775305812542
0.7595436931817364
0.8634982929247831
0.5854833488533185
0.7786611202837501
0.5898466362889316
0.7413473921534338
0.9150803403026064
1.5811125016486436
0.793611692033658
0.783491551242157
0.6795718066570692
0.7023947166423095
0.5674579666579497
384/1024
1.1499868393502037
1.0574263170573788
0.9994363859943931
0.765089993810103
0.576356705066234
0.8446305393258206
0.9045532215799299
0.5092839888429588
0.8877390190430272
0.7285432423919699
0.9956759187466588
0.8226945142836595
0.9092109382875162
0.5652949744823599
0.9070803608521352
0.5802634611200673
0.5012112121907787
0.7530305553510092
0.7523758374175251
0.5466478058387799
0.8841436156962712
0.8987925687130216
1.1160081158158404
0.9440980962315004
1.0171655598962257
0.8602437078468101
0.5687069573147066
0.9658818584953267
0.8106448887996263
0.8795265164505555
0.8690817195193072
0.7138559913327043
0.5304915872880135
0.758837664367098
1.2278873889674187
0.897843536742892
1.001326592631494
1.0896043872834689
0.6258865142570815
0.6422319852772398
1.0519921771997542
0.8562945394709518
0.7104339035089547
0.9566572164170571
1.6213043459730319
0.8556097696973628
0.9628659170763186
1.1487244842070694
0.8566232172243922
0.8394447546827938
0.8781087487353797
0.5175759738697837
0.8786597643447969
0.5127872986931313
0.9305066227953837
0.610825729717753
0.462617060407419
0.8198717247123128
0.9993429276193313
0.8170756409736173
0.8628095650093237
1.6327509131004665
0.5686765275292094
0.8575924387648526
1.0000741947224334
0.7106101370222064
1.0829817467169587
0.4856426646611435
0.891348390565039
1.4994022799966418
0.5635456542186602
0.7923812678723652
0.8318505564452462
0.8802849711208859
1.1318559953550238
0.7759347239257384
0.944995117543039
0.5902858356982927
0.7578362512780407
0.6176564393453849
0.79937207049102
0.863120740133094
0.5350509647053644
0.7853525981906406
0.9465086601393653
0.7706994899613218
0.4874446422378269
0.480246115368545
0.466842624690379
1.095888583716071
0.8568778352766772
0.6202659091677201
0.9987878529617851
0.8902622368445313
0.681032457625998
0.7104590487969948
1.2977601194456536
1.1051013004095136
0.8065343534954106
0.6063559258473519
1.1574265768014576
0.9430019127139205
1.0692374987985396
0.940454553002023
0.9899399705792773
0.5274158568983939
0.9089910191138891
0.9040153976332403
0.46301491113706417
0.9822396451636665
0.9223001172198241
0.9348396030310071
0.5770665358964299
1.0746000393058623
0.6360323517593149
0.8838955504450032
0.8754198533677056
0.4267870951945571
0.5515730414519083
0.9088790507389948
0.9370698588229378
0.9216868738418981
0.6564164089652225
0.8807811817866966
0.5961418875556024
0.8074594976823339
0.9173532255042391
0.6546958515390446
512/1024
0.6375360314610689
0.5146563772690499
0.662303136133622
0.6318501338413027
0.2896845239431909
0.6877113875797671
0.6534437894935925
0.5251871604654065
0.9115834447348653
0.7089365704082394
0.5771606459080848
0.5718002068390458
0.6225567634781825
1.2060425275668103
0.6530089823112516
0.8631915072612211
0.7063494363808274
0.6163847626617158
0.7115322373057273
0.7928396537059055
0.5915413116328159
0.698432977669547
0.6873797800243532
0.6834391544936227
0.8268414081423521
0.5897347490057561
0.6503536875742508
0.7248021527699569
0.6522342776591096
0.8552214381792489
1.1040257186762972
0.5894495146943967
0.5876112502923655
0.46686635561501855
0.6981981844685551
0.6735515468316361
0.3513254383166526
0.42059718233555254
1.4680400838627288
0.682446113633194
0.5448649852374099
0.6907521947081986
0.6056044004605278
0.6016637182835813
0.7741468175681172
0.7210608532815397
0.6119933234131844
0.6297061058089083
0.7007473158633524
0.8299036123297983
0.7880240925489038
0.6118678312172364
0.6322667919365853
0.7397715607493709
0.6367599261993331
1.0810645326050077
0.6822949687656011
0.7530584636162794
0.6712603330751395
0.6063077120609823
0.5231084708058311
0.6222282613556531
1.0795347149116226
0.8371150170373685
0.59978892705574
0.7440352050127532
0.8000341280863061
0.6417562780642951
0.8401849988092978
0.8294569268139886
0.5559039597255097
0.6196484470160991
0.6771826856351035
0.7603448312288255
1.1500687381136503
0.7668607666756383
0.6082769027971617
0.642390484198991
0.5999860426505557
1.4489278254188938
0.6656000846430747
1.0345823591572691
0.6254691446513625
0.6887056945952049
0.6739659214782275
0.7494676711980284
0.7103089105379318
0.7991473102773571
0.6855951403366898
0.656863225113916
0.6231157208622181
0.6998915774067183
0.651950366554337
0.6988758964383194
0.7064458169433983
1.2376896404178683
0.7502862705454773
0.6793130828842211
0.24567916127842787
0.6135386631090264
0.7576661850331022
0.695677868642632
0.72277034061964
0.9307406999976704
0.5966535844948493
0.5463227532982771
0.7694689250173504
0.817188355429118
0.5889348383054104
0.5776530507892035
0.6715185532617011
0.6281113322306654
0.5976233559009685
0.613424243706292
0.6661315648426823
0.6589742340020268
0.7903484444114898
0.5634459367238348
0.6516667731129208
0.5858647537907063
0.7310794712027512
1.0749258375604631
0.6623304213607559
0.5926987679805094
1.0302928759150527
0.7237768120828422
0.8024025777046244
0.7252262292263254
640/1024
0.6571896378399816
0.6558330625615469
0.41819485998014994
1.1696507300732613
0.7903219820565547
0.7517442638017513
0.6100384630337987
0.36371134052780923
0.453909409530161
0.6817908975414445
0.9302816972951538
0.41739907464453413
0.5290903928359898
0.4590516094218332
0.5680372217516024
1.1360031244703488
0.6109872458301341
0.45183309075198885
0.4855422585222423
1.0018948203133922
0.9148184897389366
0.9928977643206776
0.5520784765807167
0.87664412825017
0.3834370547533532
0.9180921929354067
0.4274913721702674
1.7039095199481915
0.7233849716038091
0.6076981782178154
0.8029337852366185
0.8108908544058056
1.0792375541959187
0.4695085154297022
1.7972329430711333
1.497907388298194
0.519376284816239
0.45806278655250554
0.4920735820344931
0.4070216828079757
0.39573505052665
0.6958384319949285
0.5088381799258512
0.4541570426482343
0.978176363728689
0.7114442271736199
0.4696806204952298
0.40645956646622183
0.6443741323679759
0.8064506751948546
0.9506420909933648
0.9299724174727652
0.4780102537601457
0.5029718625162939
1.3983261670309635
0.936662040341413
0.8653604465451182
0.4629117178077888
0.7077480030336574
1.0657226974970828
0.45252032745838255
0.48263038321358204
0.899155633699702
0.678036004943958
0.9957421892909917
1.1853246933967012
0.7397600859253415
0.8203066945805872
0.5184201920331231
0.35718794031244255
1.0582269977949719
0.5373229717149994
0.535464767102636
0.6298505118222966
1.9828767158397307
0.548754617670941
0.47574771478538536
0.5359712766233728
0.9097109255280259
0.49726991849770763
0.5447007426060682
0.9832068341328927
0.3701320547488945
0.664260013656458
1.4798153414337039
0.6581554920327151
1.4906054884079554
1.0253038887040484
0.3600782558053486
0.4321549734283714
0.4240592926062072
0.5094570534590623
0.5881927815317132
0.6408206815366031
1.1879946372350532
0.4408594589709276
0.4720382575168387
0.6671062601316805
0.7430562807741963
0.666309819032575
1.5198967851941196
1.2134179013360966
0.4888093017052344
0.6637204519053392
0.5602404683211436
0.43729346757759735
0.402607075756755
1.0000110003129277
0.4945741116383191
0.4547657344555918
0.8750139456436142
0.9141098085741747
0.7793675881160409
0.5610590762771993
0.4422580891750645
0.780509654243462
0.572721673492956
0.5647749431573055
0.655730885875101
0.4000735653167634
0.3610553151908087
0.5373231289343416
0.9878617499933646
0.7192299937773751
0.49026512161724195
0.5420694661699178
1.5012478198837753
0.37998604510199946
768/1024
0.7720871064007631
0.6922559723765835
0.8246782141800053
0.6623800991564733
0.7092838883151278
0.589535616858357
0.7136578996739938
0.6345683472859373
0.7196842842691031
0.747548928655784
0.8458314482783915
0.7728369916108317
0.8459247024321548
0.7543075796735637
0.654146538134281
0.6239586221167667
0.6807036508204883
0.7366965544683945
0.9804537630028534
0.6593389350847566
0.6565713447313835
0.6151011481057156
0.6641592513670345
0.6480186082436481
0.7152797860845089
0.6155674381714129
0.709664369269983
0.8920690991699425
0.612956057132217
0.6210973503818262
0.7314868884647299
0.5655791836485188
0.82923906314636
0.6714914359263836
0.6395515389422428
0.6454925117085971
0.6579082727331361
0.520800820713395
0.6713772647165801
0.5106697457434602
0.702105862674722
0.6959637859082526
0.6454170142313524
0.6529993865896904
0.6988144742391553
0.7246278086703953
0.9504087821001301
0.7820257273110288
0.6109383572397211
0.7653335346321982
0.8322918387398643
0.7489438558099492
0.7611089576652039
0.7049815739645177
0.7028853565666877
0.6795743955621243
0.8204634896993911
0.9447443636154145
0.685735020944607
0.6144250876170222
0.8389514394974802
0.6319923337093138
0.8277453626337203
1.3927001329240716
0.6342603879882793
0.686468442536684
0.5846703171032004
1.289867257205369
0.7182818351105861
0.6794202026671465
0.9098336844766478
0.6341996357684333
0.6577898781664717
0.6248378354706805
0.6398976537901923
-0.0376097547396681
0.7225755733966512
0.9073750813323755
0.4763352141492839
0.7951697967575235
0.6005972265716937
0.6236380637586045
0.8179545200019742
0.632518207572322
0.6873430845824882
0.7528088584154138
0.7314054442789921
0.6122652908541878
0.629191636692973
0.6117172730393943
0.6311072057881898
0.6178079212102127
0.6151357647481545
0.6003789954755817
0.6195860518278444
0.6773342132021613
0.8882100359807654
0.6174359626455008
0.7258581998083742
0.6685074063225562
0.6575970040981419
0.7219718961925825
0.8589794860651467
0.8131890451712325
0.6430326952726738
0.3272319891413167
0.800527635160855
0.6994350984333398
0.6757885978728274
1.1046147720132462
0.6986757437909368
0.6180703420236199
0.6828667307578857
0.682846794789242
0.6438585044410238
0.9936089836098203
0.6280902055397184
1.228593251378302
0.8221489722697181
0.5193555669147225
0.659035722119842
0.7512323463956256
0.6230910282800557
0.803901594314552
0.4549656518400079
0.648121953491095
0.8202115098848843
0.7047119107793133
896/1024
0.6211642326090436
0.3516971048724248
0.3736853985003944
0.29876721373613674
0.9950476647691056
0.9192153878505795
0.8626751386046052
0.5838271693204825
0.9363885318901392
0.2441730962644059
0.262607410210708
0.728864329870011
1.3979827489730707
0.4923967249286521
1.021175859111338
0.3819271072261047
0.3478884701757853
0.3119647822126882
0.7940908749960167
0.9089150137896784
1.1550897538324558
0.6607686286149663
0.35101333900369874
0.7134178533486992
0.37895509908925584
0.9749120987380006
1.4618602624522605
0.5321708075678139
0.28578226818893265
1.6263708063494178
1.0745784060243433
0.4273411940084797
0.5540902771971061
0.7317694891040174
0.6367662252926966
1.1038139516275947
0.8253397442594096
0.6189285880148258
1.1781686672228229
0.46627916009471043
0.48710950323874147
0.49341840331164666
1.0941532508567318
0.32675586084815644
1.8023421455056123
0.30222980565769403
0.7139177767331829
0.26469344714332543
0.5832083088628318
0.4309773308535756
0.45593902479717496
0.5373163580907006
0.6492151376170872
0.6544666235337979
0.24577766519891958
0.41568557592431254
1.3007868397945326
1.0383344121716052
0.28188642816613446
0.263880846661102
1.1852350825894142
1.4190955671168362
0.3016280566920265
0.28657427815151487
0.3489052369773591
0.7203607419858487
0.35456240345514695
0.43737483389780796
0.3733289361606922
0.3611263088162856
1.163618685833118
0.27096852812316985
0.4059569293746855
1.8663531416072885
0.36549161909401895
0.3814555476261611
0.8209160983990689
1.6091544390334136
1.2678691712695391
0.27196684623917566
0.6429971905117992
1.6214653136304742
0.4846477614775245
0.9354425885110461
1.3051093084349583
0.5107055836047811
0.2943989322642454
1.187835345390543
0.541552250305074
0.5583430640743821
0.7547381196772887
0.3944329815506752
1.1486921507639616
1.0107347684717622
0.3007027055919857
0.7487794821142054
0.3648461120165042
0.3718587361467749
0.2731751417291777
0.3073112573452489
0.5216344959556198
1.157483650816408
0.8084129161085607
0.27695906913334023
0.6635047572280559
1.383480794059241
0.9888047306136701
0.8738261165764679
0.3074834755836457
0.5818766936674089
0.7723298866902342
0.6717656709124229
0.4858234006406392
0.3404006904054856
0.6127257760152236
0.9352794355224823
0.4880605476518921
0.5082874784842013
1.0297337117967147
1.4350317381907345
0.3085288566432166
0.31323981106150783
0.4209910144372623
0.5090171093313082
0.4210981503261133
0.5713033725983577
0.6373656346283261
0.6800715081760701
1024/1024
0.2647441541328192
106.810113 seconds (80.46 M allocations: 13.057 GiB, 2.18% gc time, 6.55% compilation time)
λₖ = 0.2
Warming up
128/512
256/512
384/512
512/512
Measuring
0.6154434403969203
1.6682258343742593
0.9240437613007815
0.4387241385917577
0.4438719207268529
0.48747426082764844
1.5926357904283803
1.4237165953878528
1.5316626662123765
0.21390006060465622
0.36326909837187804
0.9147837460544967
0.266129417969419
0.30368492798346747
0.7947423112128585
0.7434126282430237
1.3778478856007443
0.659593371584688
1.6295771531714942
0.9773154499268187
1.1734275598853574
0.5108836095645747
0.2855514124338854
1.5735140088455806
1.085836534652149
0.5090697250200881
0.43572464362536045
1.80596785778801
1.5922026223418582
0.9201903725262404
1.6893696947873624
1.3047907402261631
0.4236677989189427
1.1636664901032001
1.6381572277283292
0.4544534243146015
1.8023279201127451
1.326550165026615
1.4855519166838882
0.5079985567076611
0.9263191151339261
0.524847016455926
1.1179574121465299
0.47787466972381715
0.4114224955223562
1.9124536735589062
1.7591247113057835
1.518022260970598
0.9289401625740747
0.24443425968229018
1.9305355452043775
0.1788295059487727
1.3815130785067302
0.7189404034225453
0.981511747431237
0.5494428193226691
1.7175513482092337
1.5881625408512614
0.6509701408440589
1.8356348314765523
0.47215681298790235
0.438173886670389
1.932168911810205
0.7637020804156038
1.0149957324587218
0.8727386974689213
1.6587516938873301
0.4166124786257295
0.4001729626750721
0.4850256568907084
1.3125998492472655
0.7894529018812663
1.4634261212748745
0.46213222823575445
1.9099993422568444
0.3915750329984137
1.669495367404869
0.5872895195877736
1.3058463934974545
0.5129794816663173
0.17723410101017933
0.58920323664509
0.6497493170063371
0.7132321232417254
0.45140390782579487
1.5777233567846896
0.9973611952390146
0.347086509777206
1.4381698675654444
1.2633118783714092
1.5759879368347516
1.2774599729350928
0.37046551768811953
0.19370178219204462
0.4958431095108905
1.922118452953651
0.9037029898551492
0.678945089175447
0.4501487077815888
0.4641324096873717
0.44199302341691377
0.5643757892276605
0.5017615359994739
0.5086659302764039
1.758248068041926
0.8715325282571079
0.49863094996040735
1.3476741127918024
1.7779204218685294
1.900970677691367
1.0106121423987504
1.349002196891213
1.1088612603886525
0.5496399770650604
0.7804343377463278
1.6899204230027323
1.4584540289407897
0.8377028160062971
0.4587060034594953
0.21833807679220898
1.1538612766750949
0.20845035660845343
0.9023975260463922
0.5880440942734511
1.218758515970132
0.33362995352992303
1.271471810556163
128/1024
1.5814551963155048
1.67660724164161
0.3291554871289437
0.7876588082743605
1.044510319427144
0.27558527131694277
0.6423585274093778
0.6868079347183593
0.30474691102133045
1.1377454322532734
1.0526057809853009
0.26393859590161417
1.1391306048873897
1.8365365773933173
0.40340812846434554
0.20975633910729463
0.35824560990037113
1.3834484962198066
1.4648811615886692
1.2042442100240394
0.27766243762257287
0.20131619156258618
0.6963629817108205
1.290325470450154
1.5005812826562128
1.0652856629374776
1.5840242887163831
0.22466571719310544
0.4056644920732868
0.7755898079068614
0.2600464836729712
0.2303819058813776
0.6435255066726882
0.619090458732199
1.0625335910189173
0.3650028650919035
0.25982998800299917
0.8555259399752699
0.6061622262006283
0.35815331352574165
0.2288773572291077
0.2924269813657986
0.20312111952686407
0.43140911966390294
0.15986629975342925
0.6386984351693301
0.24963777191473302
0.30368677736647054
0.3228379814088044
0.6681853818473422
0.23844459565214476
0.19290915598150865
1.0970970538677065
1.6910719288263516
1.5021118798904407
0.1831250882171676
1.3710151774488795
0.5340985672975661
0.5477109275743418
1.5708573489543818
0.3131068275514116
1.239968037729871
0.5970976382717803
0.29252078411406635
0.19426232110142536
0.3430129318459275
0.3031341343997428
0.18376417474112558
0.40971574513107634
0.48374223421954804
0.5112021638432701
0.7304055531440118
0.3351944250548009
0.30573848257922265
0.8434927112243786
0.5721333133312227
0.2903471165217258
0.4606102083169574
0.2266412813099124
0.48773411470459943
1.0922379113533018
0.7163495204080257
1.03953996371374
0.49255601638107804
0.45231754257647705
1.2991099905025176
0.3285307408033996
0.28034563258576384
0.8207795466614123
0.5891347737446602
0.38304991622171086
1.161793349782133
0.4706810903892865
0.8809885732646292
0.7821533975237666
0.15668681895292488
0.24089809087788527
0.8377178147963726
2.028110933343686
0.31649195316584466
0.6468945732310217
0.17060329769517793
0.9840292653734735
1.2301047268919687
0.8067525273072105
1.137843660297595
0.452173608257378
0.28058218276665986
0.2539687792066322
1.5641166873094627
1.105802033350571
0.7968763250427732
0.3636616861299309
0.31903916340624194
0.852722738152329
1.491830135490301
0.8254429109284771
0.9274432068069132
0.6942030918764617
0.22227417026055124
0.8594586382886686
1.1935692104418199
1.3546956278725553
0.37709630997055243
0.4575862251121997
0.34777014185092714
1.4037161863541778
0.9675360306806297
256/1024
0.1710127327133526
0.6074962913727597
0.18598726295307308
0.2947567747683892
0.20575532400301372
0.6813164495049714
1.699622969161407
1.1827014603707513
0.22160219360985695
0.3072127891042813
1.061992877618198
1.8242392062644694
0.9336805749514997
0.24493725400983762
0.13742854011695133
1.0978421733314998
0.4346759584202976
0.8653533519825232
0.3375664010391134
0.5065452179653005
0.532612951181539
0.7068915292589755
0.6732153090063672
2.15094175651778
0.40200757985729463
2.8412914650257255
0.9908472128402694
1.1591136644862314
0.29447671911094697
0.1471763499587889
0.4008053765652242
0.32539913684690824
0.09206491177284758
0.18976128684222576
0.7072422443700142
0.18268224362738433
0.23709940238914234
0.8300458137875502
0.48357278267151854
1.4297860677109084
0.08374491593821323
0.8971353844907397
0.4816851193455616
0.3551051155584222
0.569022128006672
0.9153471435818465
0.5262994018258506
0.45351111057013826
1.3786651594836243
0.2745457154914001
0.3952402713444948
0.225016491605251
1.4143508246561214
0.8398568053373785
0.5338832545912492
1.5788617112446932
0.4198081227170608
1.069883732992864
0.606279642091974
0.534158585340234
0.3374889509173843
0.1582741500771357
1.1097632167464018
2.2039634376343114
0.5612945681466718
0.3228346687544848
0.7965505416694239
0.43069790190554447
0.25171815774535516
0.10364902241545884
0.46243317712922577
0.31784859350292605
0.1607842156519629
1.0565769678925334
1.6565310373134268
0.43874233592582534
0.12282988730792888
0.9441820875664566
2.088262715948245
0.2345241711588306
0.5118374847133652
0.08740281502185686
0.9502652950330955
0.7294547891561379
0.40968013130079484
0.714634920796855
1.058308803336499
0.23698279899855512
0.1421137356631525
0.700555072781992
0.42103767354183386
0.5508599757441899
0.7085834427626755
0.18838052112479
0.2569208750577272
1.224775148320449
0.10788360186980718
2.2608616914036834
0.250528440225252
0.8123736161916997
0.1520690592892314
0.11921603984153392
0.43740443802369805
0.7292471720892189
0.27795743426793285
0.6099307368366351
1.1478438385915808
0.16471544060059973
0.11793800376366755
0.30635670478058535
1.2684923875752707
0.5111074096819234
0.5010552198999533
0.45109895357415253
0.4823492960821042
0.4420688201233771
1.5243529864023446
0.5904783876577508
0.6042960793120733
0.725450981224166
1.0174276830210036
1.640945811596512
0.5300999855355336
0.3381885447913926
0.7598604078022287
0.5459791998196951
0.6732018097983217
0.18816231060817531
384/1024
0.23380479646407343
0.6595717612653182
0.9457532801776802
0.48523465310494046
1.4076458946034123
1.1103014801270454
0.4392650280698217
1.6625698806541571
0.3997300175507019
0.6279160741298826
1.1381321014291357
0.3569183102697649
0.3724829169508992
0.6965088330730128
0.48349637696839587
1.2682366884555938
1.028800142667983
0.29048501784331165
1.4363362660606223
0.37270271721037107
0.34788120520444055
0.5782392353065366
0.6673909589671699
0.8760024889663853
0.7124723504624078
0.9216044402553392
0.6604076018248197
1.0172959551298446
0.30639400254571475
0.4637780161421628
0.611045936880841
1.157377322475873
1.196236664706605
0.3689796208909796
0.9991988208407048
1.5267469901152229
0.26446143776656167
1.0059491982296316
0.5493035038263951
0.29426209041164025
0.48460329016699016
0.4009314339111916
1.0692234329407284
1.8126553571027444
0.9188206974011427
0.5534918946483451
0.5533907428083543
0.4355710905533192
0.4948908846632476
0.2372296150999923
0.971413974963687
0.2512080098844815
0.45531281150167047
0.5976111603804471
0.5034299579439894
0.67921699434381
0.7204858670536671
0.45082730922086955
1.485099160028813
0.751932888195316
0.4040281039677515
0.43467416765613465
1.141053723174163
1.0782332309431766
0.2713824700643824
0.22517765865332934
1.2079220242866637
0.5264019073872718
0.6617823557242593
1.084860616178126
1.222697901446567
0.26931001041454555
1.1871891927623834
0.36177399536191457
0.8793191086906785
1.2347401456848757
1.1246805851372064
0.5707913849817117
1.567326268443562
1.699072903721831
0.763129356468845
0.7118439087336388
0.7404678816363007
0.8454310990271419
0.6575012001814664
0.5287510791521368
0.315565342454295
0.47251129188671553
0.3058650410232577
0.8434667372311851
0.2945192198594464
0.2915120266236034
0.5651810758296791
0.7473296146655284
0.4971034398853136
0.4957209738426248
0.8443896703603848
0.43555914025040476
0.6473257598199342
0.7389994113209023
0.5551788325677256
1.0117062825553078
0.5297063531911395
0.8039885830922417
0.25890272833936945
1.4983733703865754
0.9199738378056752
1.6326887084701402
1.6124710093112147
1.6143452062286687
0.40919631221761
0.46811203881301516
1.031311387449373
0.5940494967072419
1.2013138346357215
0.3280628208069519
0.4758803414228807
1.3771202044564208
0.8067038841933503
1.077011511117103
0.36983207150545516
1.3345008505630829
1.558395342406633
0.896901792614651
0.8371462042814186
0.47970360999279227
0.4791023112141687
0.5538947264870836
512/1024
0.9942067857774692
0.8423711632784336
0.74792719707682
1.3023588336962226
1.0132681382857203
0.894818315601738
0.7317635441516341
0.6448898354307137
0.6131452756181636
0.8140460405490342
0.8962440809599417
0.8152195070320664
0.47470135742234165
0.53619443979153
0.985631524635171
0.9852509528147544
1.0064343283635702
0.6077680588191995
1.1286494841544883
0.6366829544728753
0.9989657016060598
0.5097021637818047
0.8167776120550448
0.9988095204076379
0.6264530960231764
0.5670943455542043
1.3166283727323442
0.5224050383050003
0.4594773002483983
0.420931659142161
0.7253231524440613
0.609068072307845
0.5685469803366583
0.7543713036894987
0.5371419193194324
0.5292187044874707
0.5340650852969182
1.0000677444283652
0.8585572707191989
0.9636765792483416
0.8382270959365632
0.9030230161404451
0.7327406627168529
0.5706342858328103
1.0372463612446494
0.6243323643501111
1.255733889954016
1.2141812486886927
0.48941701866959003
0.5766893905616188
0.5530334952549623
0.9755593312044629
0.39752189153075673
0.897416444600228
1.088052551608542
0.9163718789844447
-0.002590531205884594
0.926517479958632
0.8130389879477502
1.2374250463137524
0.544136329224437
0.7420975899110129
0.7081315919310954
0.2596097684406077
0.9872157881784536
0.7251009246827962
0.4551436590918228
0.954387826520995
1.036943662712691
0.8715872101860449
0.7633406703207586
0.47981800540512987
0.8944613088906195
0.8337732750573661
0.8413359045383741
0.874518840333778
0.7838699612062584
0.45628727766864324
0.9809033387138377
0.9288234514652853
0.9188347090620582
0.9466336292047732
0.9728524033825423
0.4905306991500276
0.7422379263241948
0.8837926935473307
0.4310231075016281
0.7673782955019247
0.48006323953299146
0.5220397962530756
1.0511587485192324
0.8089130257450375
0.8096978958530328
0.2264030217554243
0.4453424527995447
0.5187001310506374
0.824837221936069
1.0468130766940664
1.3811059679757975
0.6693235693378776
0.797870043248877
0.8973352845802975
0.6889965010590349
1.0950873867449975
1.0068405918506307
1.0036589071607653
0.8093599283718702
1.3397870602939288
0.8898435520639985
0.45194725936605595
1.3572903821249
0.8259761827283664
0.8792495245629812
0.38722236498180407
0.5666671200323041
1.1517912068671645
0.7497504886024553
0.9278344716691984
0.5453079816118405
0.36969124625197264
1.1522170931386193
0.8548643882201483
0.9288875505413685
0.6306138579368238
1.0723135181371526
1.2788930823834952
0.8617623295680099
0.9671867167477457
640/1024
0.4762731159120404
1.0762647019623328
1.0480534584103574
1.2294876016555722
1.3702865177635237
0.5232533067846415
1.210875427656245
1.3422340196960985
0.708178430413563
0.46405917706113714
0.8977158577374773
1.4985770492392825
1.0490971843694217
1.1675763777558505
0.2007056370643089
1.0694263312093806
0.8113851921967269
0.9792615873431111
1.213614936905334
1.4728797006684449
0.3617490649473919
1.1779520947063882
0.6911419014181142
0.4936075546213611
1.116262807218957
1.4133918141864354
1.316997790316851
0.19542226878971
1.2621825383365377
1.2104220628794247
0.7930387631081154
0.3066327009803179
0.23587357752547128
0.8308583583030181
1.3539187224573035
0.9481397902634444
0.5707163752055541
0.37807853729086116
1.2808818532104485
1.4734822276326653
1.464399848912673
1.3787517595507188
0.47669683863542145
0.9198467784458364
0.5984205299666593
0.9803677703729627
0.605680723949845
1.3826651170512694
0.19701587881660823
0.35491100179460533
1.0375641043167891
0.472596417809912
0.1485057820378093
0.2735001068943346
0.5605442014521607
1.2772358170755997
0.8462732459070162
1.0742536232595288
0.32518758379331253
1.2565623624049704
0.7787430377510236
1.185303019757478
1.4046866065800279
0.19524161376090535
1.1617951386154672
0.8478207220881001
1.0615148907389553
0.769317273493227
0.9479620743395487
0.41645411303874946
0.26567878917042154
0.606031618166456
1.2331875306738136
1.512330466959103
0.11464920660574773
1.3049441901250944
1.2055989315835105
1.0092954763083946
0.3231388449836249
1.3081784487778043
0.645136319211441
1.670552039900927
0.2861203094358512
0.5143438805832754
1.3973247492263383
0.5517046635963034
1.5385297469666686
0.36768766520417573
0.49840773854067777
1.2556112947688927
1.1583157070828913
0.16784455957102268
0.427923454151082
1.3228943713926435
1.1195635417332839
1.096908272686008
0.883827671729698
1.0433727788183782
1.268210300185178
0.2907116521966026
0.28131783533066396
0.7149857520880631
0.6795090357982032
1.091220538229675
0.2636581632869549
0.5469227130299698
0.6276515750334497
1.246842482141193
0.9004606784404071
0.8199477133144542
0.5726736784104541
0.42198975732792204
0.7719333930332101
1.006579511210836
0.9830342696701744
1.4282765915094107
0.984148111304816
0.6286733743081834
0.490808998832473
0.8178133747712688
0.8385537575968114
1.3588260073657317
0.5030364029872957
0.5983820710473098
0.2057759623445339
1.5093640049278985
0.3529877717347739
0.6643910323526683
768/1024
1.1879179711686447
0.8109339107572736
0.2643843377225411
0.2744234889187701
0.8071171194897252
0.3216780328835118
1.61907167093756
0.37843648256586504
1.0697630791078276
0.4799958009244757
0.2786810467733798
0.7870641678347936
1.4769984201855109
1.029371905063338
0.2581496633212266
0.8008979055256862
1.3129305035064667
0.33019493840811115
0.6465898040872121
0.37596525935537195
0.3228850893503542
0.5143996682439882
0.71342460368408
0.6928614160561264
0.29196122467341035
0.45071203344512434
0.5544136431278632
0.5115345335644681
0.31706506944324564
0.3741109059725032
1.1073421667256702
1.0827180590654222
0.736404585803752
1.310177495358286
1.1727775783624748
1.2035671662756746
0.65734487922663
0.35653979739114616
0.5135859362321086
1.2171893546034882
0.31700865474672424
1.2127689795892362
1.0084715714110848
1.0082871882043265
0.47952346834282644
1.1363142571859863
0.3754055817482371
0.2630980917334606
0.2649504166891848
0.3610802534935664
1.3013028615085271
0.4072554677411463
0.4300271214133249
0.8369927057403848
0.3687894077481401
0.5224710949833278
0.7291951582216604
0.5344381322084688
0.3968888600462087
1.345980126362981
0.430903249359717
1.4127395991451515
0.42350702006185453
0.40048783259972215
0.3422240728679624
0.5874107901512398
0.5052769650500818
0.6543445972494587
0.2638815965663493
0.41280826123034275
-0.024700685167336145
0.4379339406571019
0.6393445012123018
1.4369300210655411
0.7295596741082201
0.538716149282256
0.4017699898415542
1.0659096281063782
0.5934496733702335
0.6006461229756439
0.8770674300153047
0.532898199941972
0.28817855444992496
0.24955164200809687
0.5939553077890873
0.780173064066251
0.47509317114653415
0.3728956486646105
0.2439982290914941
1.4036020801097275
0.3851557773393817
0.4881784058462262
1.1957170235730665
0.9275200051771479
0.5332252958432642
1.2575861306133478
0.34315608985690216
0.3986429931781566
0.22141318673574012
0.5603964946851286
0.3575769631279946
0.34038996919773795
1.1173758638784994
0.23537395757285107
1.0869427204254154
0.3352878365223072
0.610675194040925
0.39297079486571873
0.42348427057999843
0.40284018074343364
0.5575646087139381
0.7748942774685226
0.4408432293443345
1.4581748337585556
0.4401364686711255
0.22989906476821576
1.379425529069828
0.980125396807055
0.6898136614210846
0.4054873503963387
0.460429133040449
1.1512310952367282
1.198520163973972
0.9778381609774154
0.7653343149792172
0.6721703751491312
0.2877959128140148
0.7619248984818567
896/1024
0.8792482493448068
1.2220565821427232
0.9188439998951392
1.274881681481967
0.7702538898855984
0.7302093447943715
1.0164414500721939
0.4927893700438268
0.581789293688689
0.8997955050267195
0.7123860158254802
1.7549872607208852
0.7464134818439907
0.8469086254148358
0.6618079391134037
0.5644092809857038
0.8718518855913892
0.6800157575850871
1.302229144402309
0.7060351903514143
1.0615889669847354
0.7988398136622361
0.7875573642035893
0.6985640285273887
0.8491366790263015
1.2696227283775108
1.0171894863724724
0.659437621235309
0.8584748469997103
1.0107679402732825
0.561284287474857
0.471581675988631
1.119078035088902
0.9357291397397262
0.734779830654928
0.6775479508741378
0.6526216336607967
0.8201350051735922
1.168425213710501
0.4917592887196198
0.341809441122335
0.9719995107704505
0.9066965498873072
0.5608519170554275
0.5331519710117292
1.8588009045137062
0.6048450232851847
0.8700827184532395
0.5205491289391212
0.5529792647673197
0.9280123995386117
0.5743749539401986
0.9147931474168411
0.7330774384141553
0.8605124913631373
1.064241242327046
0.586113313444973
0.8728851198324925
0.8909747420209866
0.9525043262962768
1.1534232650176206
0.9545045039288865
0.9825271495462545
0.5593529056173345
1.4865444628875655
0.916942479072817
0.8884673548024296
0.7238913562865239
0.5794636183620732
0.7880283964176732
0.7341496740142436
1.0561818605541824
1.1571204652624787
0.770163654285952
0.7720228394435343
1.2181122399827973
0.769822006651295
0.6049257788936867
0.8170285157082489
0.8641998685928047
0.8918859991177697
0.9012508843258181
1.0956822501433139
0.8919334372639376
0.7427539849278828
0.5865785355627435
0.5872682387362858
0.6125802252308569
1.0658017144343503
0.9612956795938671
0.7921962695464124
0.8029058103726248
0.8357753607996337
0.6491654866743685
0.9716444840534726
0.5531663447037118
0.8520840181432381
1.5750793541267902
0.9272222361238471
0.8635308353533231
0.5893960448861231
1.1699770790052648
0.6364927627336832
0.5603229815448385
0.7438157542426997
0.9719941684086283
0.8809696419656827
0.9849699476693415
0.7048097561535321
0.795242743377309
0.9662092647514874
1.011100070696668
1.0483420969153583
0.9642740692071383
0.6822621719314002
0.8454922957425324
0.7530524248884192
0.5322927118011916
0.7904680593324902
0.8716499252168357
0.8771481538208306
1.4026257510330096
0.8017798456693003
1.340993932789344
0.9806726577151892
0.6388403348772235
0.6817363955786
0.9066192122136854
1024/1024
0.7437378974255532
100.064892 seconds (76.83 M allocations: 12.896 GiB, 2.26% gc time)
λₖ = 0.4
Warming up
128/512
256/512
384/512
512/512
Measuring
0.6443031112024897
0.385746469681875
0.42521243724455604
0.6708841383973352
0.654068737855214
0.6371528284237797
0.4542529488904582
0.663346790929415
0.45884596285038537
0.7093932411249078
0.9644370207500494
0.6350148636838174
0.6764259155301799
0.7098037525456495
0.5889922501223582
0.6623532821951027
0.6521607002360439
0.5741153380950339
0.5914229462141788
0.8598792711947384
0.7429361928867029
0.4850001533914484
0.03933927771401169
0.6872394028069191
0.4614274880557102
0.41533749232493145
0.6407953471532248
0.6388423033141879
0.6153333174731199
0.6615560669025159
0.9458799701724072
0.6131099796738739
0.40620415120373227
0.5183243718347003
0.7461969412005844
0.6741665092070988
0.729530766766546
0.6624012291956912
0.8876229231613616
0.7432635409654386
0.7066361018659202
0.6738937011486946
0.6522272720887616
0.7035008437588903
0.6616718752535594
0.3572729677376395
0.5264439774496817
0.7325793538696811
0.6286085176001346
0.6381272890581483
0.6182517948812514
0.6427247385005304
0.5488590148845168
0.8169482988720224
0.5822903632395058
0.7714263681070145
0.7400371836066479
0.6260388913627881
0.47089573659126127
0.7137089522227109
0.8298887281949562
0.46617620185285746
0.5019513629238692
0.6360957651649698
0.3930290471607702
0.6690559663090564
0.4694316973431248
0.7378084852636881
0.3890554344133636
0.6929805689163939
0.609431024568539
0.34035400600891774
0.9550303651168661
0.6589213587266254
0.3912724552323241
0.9413345572724025
0.4201445547867027
1.152272307961994
0.6678941904592044
0.7684020007841508
0.8021060144393426
0.5577043354404849
0.6805432604417428
0.8761391550617339
0.6583073209991172
0.6682824700359686
0.6729186545603414
1.3154956218560119
0.6169206743090383
0.684629024202219
0.7488604464534593
0.7423462952842348
0.8948293317771443
0.6970018114539013
0.6165789066673405
0.6910340759982436
0.6732237890103335
0.5034187643259336
0.7382235482193685
0.7173386168426792
0.6534662682773003
0.6233262467297814
0.6155518189081559
0.6837276361409581
0.6138364064558531
0.31064428848600567
0.42232304213092586
0.5302943953650572
0.8191604880949654
0.48118445846226987
0.6254559096232908
0.7232609182349322
0.43688969477516626
0.44685650977946545
0.5926001556683964
0.6342934731677679
0.6631209993572673
0.7936645860813543
0.7113425136610434
0.5840690045731926
0.8299888587682468
0.36978198681471
0.6429224284679611
0.8548489743499067
0.6440255513327235
0.7229560701409354
0.6361861802943602
128/1024
0.6600147896647275
0.6938616204738726
0.6682241140703478
0.845650137902556
1.088519459025147
1.2578067176587222
1.0088864598817584
0.8674085458998465
0.4203024397646059
0.4987836720721285
1.30762772761529
0.41673498223638455
0.464072629949696
1.218877623586438
0.4425578617780561
0.551289875520673
0.7347858434381396
0.5372927939048529
0.8664352168956139
0.6765427529772358
0.7724728475905278
1.0963561234821613
1.2073265660645867
0.9308590234528145
0.9843415025408663
0.7671987252410575
1.0912628408974483
1.1131727795478623
0.6600262202716525
0.3788279394160048
0.5770045200327145
0.5219055444355295
0.4499213126618512
0.7626285495156901
0.528226318321196
0.5594864258612138
0.3870723740579822
0.6752023127889608
0.5450996816594669
0.9553341109143455
0.5478533771773468
0.9260549915254478
0.4949526760385018
0.6015779243707747
0.8075940704694128
0.8710904037594566
1.1590790684782255
0.6839030384532431
0.50661411925186
0.39181869957917614
0.789843304088462
0.4496379126522072
0.7478213096057147
0.6909097289376981
0.4325716901258813
0.9026478670409713
0.6310049983760267
0.9850056297348209
1.3702949011748031
0.762168465284615
1.2654082062361651
0.5970542746849645
0.43082035064937696
1.0307244090773378
0.5041705551751164
0.523385285829244
0.7722174563032782
0.5497801057731938
0.6979225928118724
0.6465002630772635
0.5597493627704337
0.7497170212465863
0.6270764716342002
0.4661250491332828
0.7888540686367222
0.4142321649815084
0.5075048743259312
0.6696263192143959
0.8540136951198504
0.47341748093332686
0.7279042748119448
0.674480668454309
0.7918149443998598
1.0042062235405032
0.9222217465885125
0.6985677163455867
0.8188550467181059
0.7473378514138294
0.9890392625937652
0.49826534767944214
0.5829776841228373
0.4587159817732873
0.5608976419476284
0.49837897020349026
0.4385128843605616
1.1405951734562174
0.42753511772426983
0.575273117622199
0.46188199822607906
0.998334527663203
0.658970321676747
0.7258491583099911
0.5661713440892373
0.42184055239789997
0.8570162633626701
0.6057141237522731
0.6088483290970255
0.516486524971848
1.0160550161109936
0.6331157430133278
0.6055062954817123
0.39954096017313073
0.9029759249696193
0.4093279800575248
0.6182977791242992
0.756929076900523
0.42573240435203297
0.518676762310558
0.7324586449410692
1.3790309461600228
0.5135424800599608
0.6743480565133179
0.44897229875191247
1.0609673191506048
0.40627703448165564
0.5500039048141909
0.7332517428090585
0.7416888294374132
256/1024
0.5356230019924949
0.7919761803426741
0.41806252269439315
0.4562985855921093
0.719614975017957
0.8204035178507798
0.934042122689537
0.48406043310074354
0.9318173417223937
0.8897291486105663
0.6756596913409488
1.41105776173293
0.5809383798294007
0.7063481468691621
0.7648055409306043
1.6228387440098357
0.4985884748381509
0.6068518574186155
0.6810633299800828
0.5739059222482502
0.42229486894376494
0.38581200227934076
0.4118857420010393
0.5727969366298304
0.4755472844375983
0.2899637270395619
0.396906108068522
0.9441278739075043
1.1278825736760858
0.42411558827440266
0.8842146413191322
0.5893633781103115
1.2743711971472684
0.3736573874801467
0.7708736417984102
0.7516939419418763
0.3935637749899177
0.46986506289442653
1.2697675924387366
0.6429553056951622
0.5500057422184409
0.43911216146834464
0.6283594659893948
0.7028377528149038
0.7477920023673741
0.854917531076701
0.6741275459300391
0.4067513159843075
1.2238007478803397
0.38478054701129816
0.4171078248512805
0.5810836917211537
0.5300002182200593
0.5833333380843594
0.6215131567990919
0.4323236830720506
0.7009006142186487
0.8037913317219785
0.4893881635189148
0.9551101443383769
0.7636618017967809
0.6360525316444665
0.41204711426260837
0.6219536460036938
0.448786101995331
0.6402376742848557
0.3969146010067766
0.43664774017375274
0.5102219867904674
0.8941321711790224
0.845182944007231
0.5709252639998326
0.6461614050516773
0.8104370100953342
0.745294471936303
0.7292042549156923
0.3899178790028166
0.7246012854249533
0.9708944164815725
0.4288208507550097
0.4145271974824428
0.5144171403106519
0.7857224236050131
0.3724701606703576
1.1486962562860161
1.2674192932388872
0.5223869733074008
1.0356867117266897
0.40264861806064967
0.949671912840272
0.5016586803780294
0.8818460413620984
0.743515653848342
0.7480289098783643
0.8366873065439822
1.0657337687289177
0.4184554905616541
0.8286762364083184
0.5881315382598067
0.4805843134465877
0.5561489330379739
0.6223295516601539
0.3963880862218542
0.42923305679998824
1.0077352261160923
0.5555711863454171
0.45327236901268775
0.6734086920964749
0.52742173386292
0.6497481695114904
0.47966305552952304
0.7673415340146772
0.7208421454916145
1.0628004627810865
0.4364331906643294
0.48292676797706713
0.4054176498333232
0.45126502815678365
0.8232194782632978
0.49968043793372874
0.8588369244619415
1.1067165497861984
0.8297640940499473
1.0475442716612307
0.6116094111419321
1.140844347227669
0.41831644681219615
0.4934934353088528
384/1024
0.4405183056559513
0.49005423682917815
0.46301931293799686
0.6419462425411806
0.2831722570327135
0.7553525900636596
0.7019720166205736
0.19980767347084824
1.150853124102765
0.22043817789571488
0.40299010965714727
0.5274310223736876
0.2337923180347467
0.7531308405366894
1.0827113274633124
0.2953629788728598
0.28326410079799114
0.3461947729199697
0.3251184482716164
1.381894027768469
0.20428232138739527
0.49110876683779836
0.3820926780461676
0.7497100199605108
0.43596666170138065
0.5749286482599589
0.7926523109568763
0.17826937714728944
1.6332722404439155
0.27949510705882225
0.6339064224907184
0.9967356386971784
0.23364117722141517
1.1339746392056482
0.8881267795650788
0.2963336966584566
0.7995089543984228
0.39527482113520307
0.306612794307779
0.6861810357158908
0.3979341515169295
0.50213765630017
0.38096809685086314
0.22786172654299985
0.8406514862408573
0.21937903292196798
0.8441794587235116
0.49882043507262624
0.6353919079103587
0.7428253507064154
0.39879437394843203
0.37966208916900945
0.41760277294303566
0.6828054190422017
0.21074904374525735
0.5444987298826376
0.6029214742580806
0.6701786787792062
0.5116731640675399
0.48947822349754233
1.8883666647727908
0.4160785256915249
0.9650510140722454
0.37026685292515227
0.37925738197341713
0.5833811244574498
0.6223826423211681
0.9842305337532694
0.22480954528805688
0.5927964954188014
0.344446093154
0.19275054619659115
0.3319305122679412
0.400646551769518
0.5442621341240107
1.0216917276078037
0.35094333612973794
1.1114500362874657
0.8730458809869495
0.9749616176162548
0.2508805149171526
0.9371525807833655
0.5240129262831525
0.6727804402160276
1.3921857360494323
0.8832006878788211
0.688919198303702
0.22088607159705112
0.3813718058822626
0.781413828510112
0.19334210008135944
0.5622312818583372
0.4005494430212149
0.7575777490556653
0.38843385290682164
0.8631753017152841
1.4043300457281758
2.0296737376150467
1.255362755119584
0.9676854423111119
1.1527488051160417
0.443174370407893
1.3605464088823798
0.28344238564344676
0.3139639476158486
1.3308162092674223
0.666115318356974
0.19114963617535694
1.5803646383615282
0.2093607721976381
0.25163616949760115
0.40306642270319293
1.0369732053109886
0.1831845776473685
0.5357810390111549
0.2226256645281087
0.3071661946353808
0.23051923980650818
1.0834322661586977
0.7925982156686091
0.3984061162481267
0.23262448613629283
0.40749610065162106
0.23536486545035762
0.2882488739242498
1.6507454477490242
0.46097045691384286
0.2749462005226252
512/1024
0.4311001839110872
0.4492140858111161
0.38020968350185613
0.45994145631299027
0.4012963475739796
0.40895335216579143
0.4277066977617585
0.3255229131570386
0.2835288978731565
0.03100419318112596
0.3381699449934848
0.5944033183197137
0.46459465049795956
0.8086777329128882
-0.1883801272376008
0.3395127997787202
0.3602790531009114
0.8080433999168555
0.49353480550316864
0.23416010925672984
0.35908094348012864
0.352016587481734
0.5737216526647873
0.45058143574165643
0.7667183183075419
0.2797955828788727
0.24895019272308416
0.3279685564369581
0.6733481697969008
0.4588908753210377
0.6357921279703638
0.4996061496139329
-0.11355718923469399
0.5324912467399153
0.5776610181175088
0.3432199966051699
0.6288037948822658
0.5645226230286843
0.6330760804896355
1.0789722235047443
0.6102811070714836
0.6862703413591708
0.6022009702436091
0.6135500074243061
0.4776905224182677
0.538443634603715
0.19663804277218003
0.40322567496424394
0.3607551145649313
0.28910501598000543
0.46788471493421446
0.7528006224926893
0.49817253956791896
0.41623260073747403
0.41665896781176537
0.03173675923280034
0.4444970119117227
0.7291050554883505
0.5028899729309315
0.9043116310601111
0.3589030511701967
0.37286760477424713
0.16808318581350482
1.2499574597933865
0.487886463458839
0.5178857600725697
0.5201822456423868
0.7167958505701058
0.6078888245982377
0.507312470570869
0.9649494791781856
0.9323113071647017
0.3621756482028086
0.5344032541335261
0.36467603960522277
0.3503440397269039
0.5014068890216077
0.996295203345627
0.8841684317280194
0.3567390608780988
0.4908575613529356
1.0041237566949457
0.7130217576980484
0.2770138965571739
0.5239988868719814
0.24719298170147677
1.086703780018333
0.6071576829851622
0.696236909738721
0.932579923980936
0.5585536565249247
0.3883935602319346
0.45949570992898614
0.5184711836676635
0.4096059591339499
0.5532134227260961
0.2433261888394546
1.3640112632250991
0.07198691229673473
0.5444531585770759
0.46044452164670857
0.5972443019770837
0.7310381378645334
0.5019860189320585
1.1785997664181997
0.3312362468345683
0.38543921913786383
0.8516714629419784
0.3560581459042391
1.1282414399135514
0.36948196667345845
0.043039146955259566
0.5393130573785947
0.37386518916358524
0.3507101780664077
0.4223168109972016
0.4324644729772016
0.3166286582239359
0.2773829239576481
0.3803158472189323
0.5106944717908644
0.7573664366782009
-0.2823678806051899
0.6067544747758357
0.5070846834679305
0.5127622040791248
0.4541997724947575
0.46699709832563413
640/1024
0.46952015140479714
0.9403301599897197
0.35920121428281226
0.35590619493138076
0.8327516371112953
0.4455503430980595
1.238751953328059
0.6024372049777786
0.4106449468023895
1.248927171999889
0.5130638332223669
0.6228564018407369
0.41610519296830917
0.5764417776577272
1.2447594823947266
0.5876686052671538
0.5343492907387724
1.0623783899835484
0.6535515584813426
0.44856228031906986
0.7749341161794254
0.41512548463733423
1.2053472128523055
0.3962508308190099
0.5340910858863942
0.5170876724229163
0.39364769125755816
0.9061589385623994
0.8788965748144071
0.8647836696067261
0.909847932326538
0.6392560071558497
0.5255123287935887
0.6174703683347271
1.147708594729304
0.6194360023047314
0.7618630392185004
0.7096044559776632
0.7682833056647695
0.5151555883255963
0.5829097822967826
0.5345780328489482
0.6556961123901378
0.5325318706111781
0.7771319675878486
0.425391393130392
0.7438032121251461
0.4727727877621846
0.5172794058684431
1.1344084805299188
0.5795336316046875
0.6400487449618326
0.8548230469165727
0.7140336716414588
0.7426611594763218
0.7223747608132014
0.658430079457902
1.3483001124814966
0.6841931455121908
1.288121906424816
0.5402100497390696
0.601156466978001
1.106877845621304
1.0249317503332285
0.6097879700526359
0.7419452599845815
0.9602131659501694
0.6599480006063971
0.6150880394219425
1.0234706791291455
0.6414030403608934
1.250906257415111
1.1031586606962984
0.8575541366579029
0.9643666144599154
0.342703957074376
0.8445065987127659
1.263519952483869
0.978029658723501
0.45616837818346967
0.46672843768084393
0.6157570811466812
0.840245402062342
0.373396572830892
1.0595913303526185
0.8969281868870659
0.8189975197343573
0.778092278801233
0.8717880380772938
0.6737192314246867
0.48531259547599237
1.182182150318117
0.37596338624037295
1.1472416598820239
0.6179507258620655
0.5526651053008049
0.8222265594918307
0.5874386945571666
0.5260576805707643
0.5503359950061821
1.2213907278902827
0.41652026583924007
0.402037843414159
0.6858540153747257
0.9337310285291022
1.3393075339041132
0.599366111815383
1.0757918246771592
1.2558838056265182
0.4527289275268871
0.5693840050862391
0.3652528192167799
0.4924447819340675
1.0725298239193708
1.246926024301238
1.2740732222719624
0.5835184180500487
0.3501430296134521
0.5137088075421395
0.6904548015141961
0.4229076751193007
1.1158490649895239
0.7327815430950957
1.2365690655912553
0.4085481074881884
1.3463283072963366
0.7405089832514955
0.6487202010591059
768/1024
1.2414530942376705
0.9662202747609583
0.6804730266856899
0.6982585490609767
0.976429667808989
0.7215246585220065
0.2600101533235228
0.7143504557686049
0.8316985285465196
0.5146234370011287
0.8600703140426731
0.4087014370365044
0.48188858324188566
0.21046788425913246
2.3394559189218116
0.15722843778113085
0.21425503592536724
0.5489482252385092
0.2528431144510996
0.16628131452484918
1.432835189719171
0.6299786338837725
1.2136500174601157
1.5828783706596847
0.4686845320681338
0.2489911610183319
1.0140340813053899
1.1339351629139778
0.9099007483938657
0.3348962039485878
1.1828775028628886
0.4999603664336306
0.19746184192017355
1.5636221094483163
0.5578780795400827
1.611750009030228
0.5244500954803109
1.0808161268292822
0.523362174749171
0.884861543164676
0.2816364723783708
0.5793487835153681
0.3400611291360288
1.0764935868190646
0.11017331481549995
0.21424737808365002
0.18779119867562427
0.16574034426190265
0.5830557527088887
1.4720279269295422
1.702717223635345
1.1288606313506369
0.24962025449430902
1.9354557441364928
0.7918483856324374
1.5149716110535385
2.2112185356368816
0.5285827696800663
0.6906846638068787
0.16465900424051128
0.9315098778322513
1.0945627274545258
0.44318821764461724
0.7427647680546732
0.5729518528114452
0.6028617765235801
0.11970081359946196
1.0607552902812158
0.510969986525269
1.274884229398957
0.1662710900473529
1.8900130645540782
1.0439370163942892
0.44969393298515253
0.4717045498393106
0.4956693152550907
0.3930986319750332
1.611816703774788
2.239212320373954
1.0098754471595355
0.6206713355793346
1.010514333415863
0.9173457730650282
1.3438232667755596
0.25289504767867965
1.609123281319285
0.3981997142082164
0.6372043176813884
0.26704294788837923
2.19957571839024
0.17941864852960487
0.12372926978468728
0.11425609707506648
0.17989346895727504
0.3821650817209793
1.0239783939670333
0.41059401976107374
0.26865329461609666
0.23635465799982164
0.816655483753341
0.18487525257677923
0.9727599373294823
1.325883606630018
1.7156299530019226
0.3183074821204219
1.1020077481588042
0.42089178854936304
0.36084143550166303
0.6708655345519534
1.69458429219159
0.7140001521118692
1.4039110603185911
0.4227928312759477
0.17373618676446223
0.15895870158498346
1.3588428799833938
0.2626002827522362
0.8471355907484341
0.12237200392685024
0.2204327162155187
0.16512737770782773
0.11061035999810961
0.13930323019382052
0.2860698021422372
0.1323525949425493
0.12494364736000774
0.28703872317756357
0.5199294762805913
896/1024
2.063862321227443
0.18330943783432402
0.24506094466931894
0.6935364141305065
1.3817334912610664
1.0591268780492542
0.33779380994345637
0.47268334477867874
0.23271277427371723
0.5891033784325462
1.5027989722714556
2.332496419980346
1.9969282006100673
0.23268606008028242
0.3479839079838724
1.7728613058522824
0.29364049578533546
0.8861298349703095
0.6883042197867115
0.16889264544027527
0.2530864918693738
0.1215219698336081
0.4511785366125769
0.6885371446039551
0.7403389037120873
0.428367856169753
0.4497560891778726
0.20467578073266887
0.24274803437149844
0.6093547821950089
0.25786940557997773
1.0638615928856687
1.2258570199040906
0.609596396966837
0.9314670419414879
0.37933588534466545
0.5654233920545211
0.9404157934106356
0.706806013487755
0.8718710232651556
0.3879119477031807
1.3704038948190735
0.21843015820746647
0.2697418795431505
0.3849437149577521
0.8591960164371117
0.2152217689682176
1.159281859310005
1.3932129062218175
0.18127492912103882
1.030951492069752
1.3996901960710062
0.6492742854494616
0.12117869947010315
1.4302037515126371
0.7874997408765123
0.41988116879831067
1.203884365107617
0.619907760632668
0.33173732853698706
0.3562473068994799
0.18710588747207782
0.9389450838730367
0.4971596214215678
0.4835167275499064
0.33164670236529686
0.21692529756799817
0.4989774159173158
1.8199917192372173
0.7157452853396612
2.0637170501340347
0.5731916265851791
0.3453202293927412
0.548815811991815
0.14037158745527936
0.2994309940928592
0.5513317315407503
2.1723476432784667
1.9960040878430778
0.16930436868012183
1.340495782337673
0.25749687219671785
0.27070608765748677
1.400315774385232
0.22480349350623952
0.5392874814554887
0.27095535432556617
0.8448040602502719
0.1481750333466864
0.1672730529998249
0.22688783952164437
0.6735123030977492
0.9662161784169635
1.1219717489422218
0.17287503063537446
0.7389471493598767
0.4710536677564352
0.18959272242124828
0.22669184720412056
0.18527845371355095
0.6760877277569305
0.2989240718792088
0.1587433636294353
0.951461343694502
0.6407513837360469
0.654086793125439
0.3068004374436371
1.2121110050812138
0.44126954068152074
0.5406278047493522
1.1674473616857144
0.6760456590096096
0.4292426173971474
0.1939228334869607
1.4431444526122714
0.4678861181052024
1.3266319296407643
0.6376521559520123
0.23897022782407387
0.6137648397927513
0.1312407601685201
0.8716713547358086
0.9307462570681979
0.3151787302277589
0.6381206886060193
0.3710043950210814
1.5113049644165566
0.3352072375848638
1024/1024
0.8743208036531658
103.662110 seconds (76.83 M allocations: 12.896 GiB, 2.19% gc time)
λₖ = 0.6
Warming up
128/512
256/512
384/512
512/512
Measuring
0.5019831191016064
1.1393755193209725
0.5053150271883835
0.4360938334828919
0.5685051220659124
0.9968255996336982
1.34844307330818
0.7211704930953381
0.5993065528891657
0.9947812654987455
1.184487300118751
1.4093308540535376
1.8735552156284263
1.1416103896178702
0.3852504940239606
1.1902603115118877
0.6782366125519078
1.1639300556537189
0.5794507514846816
0.58574177520815
1.433460926514114
0.30223143634486616
1.1684458932392723
0.9815587667677934
1.2476989628531965
0.5328310433298905
0.558061648443394
0.6588403363022355
1.541171534280181
0.6817709458695438
0.4928012581272033
1.2006250518109716
1.079523698628154
0.681661268236951
1.415475204991633
0.6526009440426742
0.7057225168037937
0.4410923283594175
0.5770350878057575
0.4142829482077792
0.591144510725092
0.8874201804853816
0.9883804526613216
0.5330802179029301
1.5271386046448003
1.0367875967946873
0.6765501889301004
0.5963270256441424
1.2364765624134253
0.2664383208543594
1.1459171952957177
0.6921451857598746
0.5073441096682216
0.5473427067521844
0.46266585062402943
0.38988360942859146
1.0361181931484604
0.6943990888443101
0.33311468025798
0.6146653637709386
0.767552064842828
0.30534064180921966
0.7473393629891056
0.8064654493049267
1.111222199829401
0.5204882414753875
0.6252281498291209
0.9480315419345855
1.0899227602802886
0.9827612672565114
1.0733618670801977
1.1084263295803747
0.38541981917229096
1.1498813746083922
0.54824820766369
0.3516105881097792
1.1711821646811225
0.31789043870392847
0.4108041955505408
0.47528978772621805
2.052673529851532
0.654495452116695
0.9930799872918639
0.7727651393631613
0.8746723538063181
1.1492160108359035
0.7647851545032668
1.0392037485997287
0.7950772142611064
1.3242023520896735
0.06085185266331511
0.5790657677934105
0.5741107820181347
1.4138999425181822
0.8814371674316764
1.0215998071657788
0.2762883664100741
1.083335197446636
0.5648342208573386
0.45948738979386994
0.27171225261475535
0.2733567666278486
0.5276214760985779
0.8892156101732389
0.3714223231632848
0.7683432211258886
0.42861581379090197
0.5414057608093821
0.2968124761458596
0.3145240193324399
0.7480968684588507
1.21855762219683
0.9615019019676796
0.6458281183524137
0.6494182993092944
0.8611594818881487
0.6503296638438695
1.154377814621779
0.4176232386258961
0.6270365946580938
1.442199168847655
0.5860998643545572
1.4627673430068007
1.3201860578268365
0.5604887164572007
1.277762370910544
1.4626539213136285
128/1024
0.5668834088585823
0.5146900329268759
0.5992782221334249
0.8631714692060937
0.7928233953019317
0.56327344954833
0.961540961226782
0.5704255384962319
1.4770638331689419
0.6301220216976274
0.6334313294921843
0.7656744610267289
1.2821082213921524
0.9150351768096253
1.1219895972790366
0.7077692773768172
0.8214851420626642
0.7554395367783538
0.9568836473529865
0.5558285745707681
0.6024521603350071
1.146738692677948
0.7073547273216488
0.8155139403168556
1.061797074945716
0.8401477299995415
0.8024182174674914
0.9177323188910473
1.3944920324847123
0.7294220448467704
0.9168248448331409
0.7706971558685001
0.7805545415204508
0.92987863657434
0.8219176856202872
0.5622653172688495
0.8673358871182844
0.5405604147340052
0.5946731667477326
0.867454450697291
0.9215313304944365
0.8487544516465786
0.9515749247110122
1.167438905967552
0.5847807573281384
1.2777499748903824
0.676691736632438
0.7444737367975994
0.9050501439495573
0.9425120775324191
0.9032832327868643
0.9849678246477497
1.406629952267865
0.9399440386932625
1.5901461089293059
0.7432544455575326
0.5307906943714191
0.4629177283998759
0.908997014795832
0.5909768548471709
0.8722100948655291
0.7405500584359385
0.6506719395270973
0.5474540656099024
0.5891879241884224
0.8915233893212562
0.6216500076601076
0.7196481292494553
0.8836697444581461
0.9994002655515781
0.5764325116400497
1.0905849261843432
0.8093680163479668
0.7934182380699425
1.0170607163526055
0.737544556797909
1.023820149483365
0.6197615459146467
0.4968792091817602
0.939292445580577
0.7993286607711958
0.520690495539211
0.7110695247200224
0.7103901740412919
0.5626266616169854
0.6783974743928771
1.0776351623276206
0.750936090774916
0.7956362107708774
0.916033086775947
0.8848465388915426
0.45636843212605693
0.8741316587722672
0.9708328892381355
0.6367764643450925
0.95152845750974
0.8456687425109756
0.8714148136664953
0.9232173507707371
0.7794551817605962
0.837382028317217
0.6823189981308873
0.667447015195468
0.9040278945669201
0.7392799448732632
1.0188135346687774
0.9461363864362812
0.818720346118728
0.9858244555658583
0.802244028767149
0.6808659163289964
0.5583765691797414
1.3967636805210795
0.5976176024692649
1.1756484932655489
1.23536830629824
0.6480941749959575
0.9301346730263567
0.5016723427340981
0.7902140275502427
0.8902191344897831
0.6777365824954202
0.6351717091080559
0.7492353950710104
0.7081497452306156
0.9109788476240073
0.9000719256960938
0.7871003456566634
256/1024
0.8250144489302934
0.6275529478654542
0.6202991130299025
0.8395904165285986
0.4589969336849424
0.46399228472875836
0.46711775860825466
0.35229991167412733
0.9010368458155145
0.8393028444483344
0.9845124672786871
0.972897408732853
0.4813497379861652
0.6596708683765587
0.4575841537407693
0.3591477327373481
0.5152585580633321
0.3054862918165294
0.687161546345485
0.45043283785190436
0.8387828607764221
0.60025213139491
0.6972468505241685
0.9003376038941847
0.6889289930055761
0.8719358480393021
0.8620522919935503
0.4099753679071896
0.6953758099967626
0.7757766905792682
0.5721169030146156
0.8268383968543991
0.6790734291422867
0.7422595573575388
0.781517194305736
1.03418424515389
0.36488934947383644
0.8228519521042855
0.6015113175198674
0.7185903086149501
0.3859518064480735
0.9723951013340153
0.744453467900972
0.5190360692512981
0.4700345017669638
0.9243305749847631
0.7656355234642289
0.7269097121714289
0.5666590173856021
0.9258976698214392
1.0134826798180836
0.8707058877670184
0.2739736471071533
0.6564325108665187
0.6390962442632662
0.4565776636174565
0.5939725983430948
0.9037734314458608
0.7562162628894665
0.40444662373925333
0.8379763733086305
1.0745433985917505
0.5342542400707913
0.4198764717663307
1.02349886074583
0.6637714980653482
0.7226272363913622
1.0800774485305562
0.04472653149357231
0.911898515939292
1.038922398821069
0.2860349781065936
-0.43733011454909454
0.41052323112078765
0.33732549247969756
0.7254574366370298
0.539759053041815
1.0386317494406012
0.9901575471109332
0.9678233013715698
0.5909713600318616
0.5427718540364893
0.49917650653399537
0.4279002741104535
0.39152566821930856
0.3275721478257696
0.596009738627483
0.9630206603371554
0.663984050438994
0.5320339907413933
0.9318337569516956
0.7860463736978467
-0.06110064566684015
0.6670024714652019
0.9728425601899794
0.3609141049031409
0.4963593937718212
0.49742787911484443
0.5281876461334643
0.41301114867509997
0.7415958839306903
0.2576761018840835
0.5894955144361983
0.9072995826825034
0.6578185065865718
0.27302716888543677
0.6645929540136425
0.74438683479118
0.5352286062806499
0.396238314064615
0.8949220425386644
0.8054481694348111
0.48366223070257264
0.7203872782605448
0.7062826221773819
0.2692877041408064
0.3653806351166883
0.6256321317907717
1.0088319086473545
0.5211570463250967
0.9086660226277783
0.7968746493384529
0.8384443126900841
0.4819320463303284
0.9078593790524725
0.8402265714179407
0.9941916836711255
0.8657991324679791
384/1024
0.6559517559068467
0.6451885761131931
0.6953134927323351
0.4387249180319285
-0.07444041603061047
0.6932152145212644
0.5979875364370382
0.6961682808767912
0.6804779949122004
0.6667726107397233
0.650186405737206
0.6457044338523664
0.5963133971645396
0.5174312012526895
0.6540317209804851
0.7136540334222152
0.33969305236253217
0.6596915594275522
0.583970536083531
0.6959305816133681
0.38692281638113657
0.6631966241571573
0.6124804926439644
0.7218062834991461
0.6839739146015025
0.59590278084877
0.5108007071082425
0.6982667751532107
0.40620215306710517
0.6042306525090219
0.28098453234935633
0.700187144562441
0.4211040086120178
0.6482229220752382
0.5660433469754914
0.6802840621526702
0.7196734137965369
0.3936628633677632
0.5252054721350013
0.6094896115671186
0.45538996621755656
0.7195760568710934
0.4800092223841124
0.34402324179950067
0.6500374071562487
0.6174350194255194
0.20241702271457584
0.5032051770667417
0.19027319939583842
-0.03811084947597565
0.6040344256397181
0.6677261547722901
0.6957523216845879
0.6644871308941975
0.7084180392404649
0.5388074625137504
0.6884369253038058
0.6672903485553244
0.6612401813028688
-0.5925287434021931
0.688567031595083
0.6388627683608978
0.4826448173695031
0.5401435993131952
0.6151512602278084
0.4830730718352791
0.7237964362391907
0.14063138941803938
0.5602662183100025
0.7041383467097801
0.8749368249448131
0.5001403707901975
0.6332734216300911
0.6107387649339073
0.13800827023118345
-0.1961376232314883
0.4755784157917948
0.6199540071761879
0.6843268779145422
0.39793616857304814
0.592406433603244
0.44114664033142914
0.715523808544977
0.41541720102316304
0.582659868616506
0.6607419949461255
-0.2712527370693065
0.5553595447566169
0.6430993899372234
0.6706922296214768
0.58532726522613
0.9653905321038018
0.762573124593748
0.39190567161860057
0.2629222675317404
0.4994163730449574
0.5524676360119881
0.6848934362305639
0.7335712697324361
0.7704350488310581
1.2213397297743882
0.674001341783997
0.589682338943135
-0.11070220455251534
0.7943903522055833
0.5126853262713973
0.7305193141703882
0.6158203849810725
0.7014145194070105
0.6414444945927444
0.6075743294788332
0.9505952075192222
0.6686236362350696
0.6434652935944188
0.6660081063822841
0.5643255080185791
0.1797461320421535
0.5665890498360316
0.6516314475181644
0.20234145657344754
-0.44131052152172534
0.699166631783793
0.5586895732095815
0.9009705029009617
0.5984603240077822
0.07781279641509364
0.7013251556615852
0.6735095695187292
512/1024
0.6483528383021495
0.09479042898573342
1.1704324019431143
0.7982269596082983
0.6223730596899775
0.9907007426345297
0.4002846092922934
0.48400572201111874
0.4118121835151451
1.1086277627728256
1.2026931863805927
0.5631368720305249
0.7447927559258911
0.9444233906883088
0.9804371929718367
0.5563148808662222
1.0414289883260817
1.1929897903463371
1.0418964967476256
1.2032580988549069
0.353206836831558
0.8307556516436521
1.3804353485041871
0.7644469390242055
1.110732461032373
0.43789568072294927
0.6856512825603481
0.9166721446322695
0.33149999561428783
0.8594267279320886
0.7271661022367678
0.6879541039418648
1.0063148901758094
1.1950660692793842
0.6071464143675792
0.7113078021150455
0.5613354546980831
0.8628342545580328
0.9460051871667626
0.4378754406638334
0.3779969243720692
0.8161627783098617
1.284870781869794
0.42204663712228385
0.7059298636175954
1.020754925189529
0.46218419805415384
0.7200492554233743
0.6503962158574793
0.46333661773842616
0.8611065160188999
0.7231508399671925
1.5350895678209806
0.2967857931497168
0.5284893775337761
0.6141805765877785
0.2599384894496694
0.6410851535577047
0.9792648827558712
0.7694775219724992
0.3776202732638576
1.099542453570608
1.1144499610104437
1.0314493337048627
0.9162815304121585
0.8771561284333729
1.252961178747654
0.17058444461023997
0.41326798920627683
0.6240606114245324
0.8100399660148447
0.3687410799613874
0.7373181321597682
0.40540831882767253
1.1828112205403654
1.2998693439278384
1.41887032553863
1.1602855605965703
0.9293096490399694
0.05630602674794616
0.4342563830472522
0.4658932570681573
0.45774947849869174
0.8074604253945626
0.5887058667040419
1.0336255330546613
0.527576078726985
1.0174082091031382
0.5237605926370761
0.6385370843916148
0.5454598528311221
0.3998959150053163
1.1436142246044114
0.9881284618462076
1.124605896972053
1.2104114070293668
1.0313171556447749
1.3141068103839357
0.6599075856642236
0.7962301036562224
0.8811697893156403
1.1369748429460649
0.6229561018343381
0.9891246462415875
0.7008536477046908
1.1389129464426273
1.0234401558430817
0.4459451377699025
0.7265041651411657
0.6393062973088649
0.934277589682991
1.0771910319296802
1.2283123117656067
1.2226557839083607
0.49507952402745903
0.8004473335819524
0.8209929805511775
0.45631008855785143
1.0569412663862936
0.5616193058954024
0.2799933909115207
0.30099490109886945
0.9984243243147177
0.5666071524283833
0.40996246752961507
0.9855091936567758
0.4446608905182623
0.6121052792192889
640/1024
1.0983434027833905
0.44887233013158456
0.4895066296247274
0.39214010295933655
1.3251745031515305
0.3598343155717555
0.8827841693840366
0.44532088577327267
0.8029031354387308
1.2302807742253714
0.7119807894377918
0.29126263093211213
0.5019501391538781
0.3641323945928607
0.5820343917160572
0.31615041553977985
1.0896628455124115
0.7165367209370574
0.5813221300534023
1.1531044867081985
1.3682860929010312
0.5599295300164845
0.32573423396632367
0.43352591431758736
0.4582437479605608
0.5765931541157725
0.42061219217408413
1.2014444206667227
0.3713714482313946
0.7756006108434793
1.010690100292355
0.7559281304733768
1.2294898114071722
0.5977156303361337
1.3408707533653221
0.616353923364249
0.8795227692027001
0.30430745935832726
0.9267474363069845
1.6425646966315248
0.2852008947766603
0.5967889389982507
1.244758078307476
0.30272449342710395
1.072893924722453
0.6803619309494333
0.5109506916227278
1.0691249331417434
0.7714104322826921
0.6121422915726703
0.5895959086221385
0.6819356652112669
0.6951251808794768
0.4359333682122121
0.5331007124487237
0.4298833103045836
0.6481072160581811
0.6393893371570719
1.3618184164151823
0.9906886621088454
0.526003070568393
0.3020899060854693
0.6081642343260864
0.40987522998016857
0.7883949730838806
0.9883811702662644
0.6130225917091094
1.1184689025895191
0.7553214763048952
0.499800341258123
0.374505484731241
0.74910347803209
0.6062488319409596
0.7747440771332212
0.46977738490706283
0.38258430447005437
0.37435514831431316
0.3262424506932917
0.5709629863846797
0.71180387569543
0.37400106240281317
0.804042857055641
0.3088361554176141
0.4113221642741367
0.8424930524862503
0.4501723639063816
1.287310755810556
0.8298684167584581
0.45264751400994685
0.38430738941378884
1.3104042800421507
0.6658265096748125
0.28740783677478876
0.46711451815167654
0.638920113904112
0.5657808810447886
0.8608463533924471
0.6169987825434937
1.0829557553145834
0.3854886674029976
0.5704359175293527
1.196266835260361
0.3112394274163849
0.9154650306740182
0.439460380739202
0.6979086995560284
1.2260069950404837
0.46294062072055603
0.6243275386905482
0.5177228092145147
0.5025924815002943
0.4433867482134564
0.3797830405137429
1.0483271800611265
0.6108786894680408
0.28221122336341875
0.9828222747183191
0.2863792697167881
0.8687894781540512
0.3916683391239299
1.3093470691154776
0.8204220644691429
0.3788154550200292
0.48746552949426253
1.1577231714090115
0.32032938289288926
0.8403798133886002
0.2858644606519118
768/1024
1.0221520785837783
1.1262800528806958
1.0793988513903339
0.8056980108943712
1.1364017239833288
0.6527847837040575
1.0886226545983684
0.48386214353518675
1.2862033164847033
0.551234113693603
1.1553410236066834
0.9150492870500324
1.1166414389132093
0.7865667564452703
0.4556941000509656
0.5525540584742316
0.885351670721652
0.9981494889707416
0.5566922303583177
0.6724511087336458
0.4916108622315194
0.4620461585656033
1.0201815297419963
0.7890362249660337
0.07520488779034318
0.9952161334239428
0.4159000428260391
0.8153126980492831
0.3835632567246032
0.604874328833803
0.570719336130981
0.4610693194570702
0.9814495541970506
0.6630477026219653
1.1176557581882327
0.5876057445390073
0.7214337975125169
1.0891161997970118
0.9098963571578342
0.5200403566192657
1.1472809774631196
1.062578469775509
0.9787809430930592
1.0513606102529505
0.5996672874817944
0.6342759608940315
0.695777687404755
0.6600387356853142
0.736693236759232
0.5275872673832769
1.0541135098592815
1.0644070237056602
0.9669521368488845
0.865358168362746
0.4856888050097604
0.955495832364405
0.847583721416732
0.9322678404426443
0.6649393182852901
0.6889517900752294
0.4976937576482757
0.6014462899816567
1.12945968979817
1.0387447618485197
1.3485606770127
0.6535149622726834
0.8213316626991762
0.410114840567271
0.5156167301038889
0.8474391610502248
0.5353862718959737
0.43658926577692436
0.8932760498925687
0.8848763580026286
0.9219002856953447
0.7216314405964178
0.9261273180089415
0.6236773011539171
0.4723323585903299
0.6879576252157273
0.7633660698629672
0.8390712818913824
0.5200946906500528
0.5334516195204433
0.554028761894427
0.3494767762357207
0.9733763140216385
0.8328941087633004
0.4073650526608017
1.0206357959656263
1.2492354442882734
0.5111277144357526
1.2561689909207767
0.5526143078275942
0.4740346529266898
0.695742957816244
1.0873458386958597
0.5168382687082402
0.6335137541268276
0.47308234782343805
0.7000907806217458
0.5438187172203519
1.0026415959837032
1.0609642034750006
0.9480098087052878
0.8534250986700653
0.8377017832558062
0.5119900792125567
1.0530354622241966
0.845971848117989
0.7984176992372352
0.4115863964334724
0.5002380962724324
0.8946924918905408
0.5122855661950811
0.6562807191113342
0.7748709526379034
0.8253584596779273
0.5431951944275325
0.9073119796788962
1.0013207350246547
0.8771661591982869
0.5476255178478708
0.646441541060137
0.8396585314117186
0.5126816859135461
0.9576137448126962
0.5895429510866625
896/1024
1.1438716428119462
0.11888427817612668
0.7127150273414342
0.1927714125864029
0.1819035612693589
0.4453977781418984
0.20626198738522253
0.22475736173595695
0.14652375339035262
0.2567744972936376
0.4354978049143505
1.5015963997011494
0.9311300112969025
0.6539722622723958
0.15095772804175794
1.4958388628034076
0.3944825815238036
0.8677968705629023
0.17248145041204074
0.4331880207002916
0.9588378135472538
1.4829794056245857
0.27396473115115894
0.19770341129400915
0.7661965576891497
0.8530836860091506
1.7431273336378625
0.2954784610165386
1.1524714697368814
0.5269984114429418
0.34772003584356626
0.2921372202783461
0.315939848834925
0.1310546039943224
0.6526635846702875
0.12841473351663818
0.9518323878422257
0.4417707181712721
0.666469209878175
0.295338571925034
0.48352962464713134
0.18102961667236905
0.8729555206323277
0.30600361646999696
0.22416141605399048
0.28366431927930796
0.2265521129782861
0.46189850136226995
0.4912920282605981
1.4247905095089142
0.38973746036106083
0.3587248084349688
0.30239423942155297
0.22642374701287638
0.36749911307718763
0.12612746113170087
0.10515759726550372
0.31162791123839595
0.19555071247225475
0.30123135444373317
0.5034941650269096
0.6733345446606666
0.5658879711041126
0.4070441095713017
0.33182686937675476
0.45633214864250615
0.2228770626347999
0.5348211108513385
0.47502001655139303
0.7417871449033991
2.0408898861260263
0.546281369599002
0.3924097494422712
0.22755584566814255
0.6275827396921447
0.838763436782192
0.47561456055525636
0.14211126374656902
1.6752347787769655
1.9555871872054271
1.0149964256122004
0.5730809617268872
0.36380543741289034
0.20134758002318004
0.30791043594841205
0.11673845321296228
0.38733831154019605
0.5375548699684749
0.8490320222936762
1.1417670238256432
0.5635859545973978
0.8679118029215398
0.9382436501708157
0.11746872462337932
0.10461976252855662
0.5651513941234879
0.5651534118189475
0.23642669722460347
0.1767539707189804
1.3044453167738803
1.0773942644968104
0.25381703087425755
0.3767453786935853
1.466020662771995
0.7794975555044444
1.4673073457735764
0.9633426406063461
0.2656571559655426
0.3083345777151325
0.15503242832097125
1.4778109006741418
0.12233934185263023
0.18747603575432406
1.8594338745370567
1.1401959220514222
0.17490303987802147
1.1916041403514295
0.44498633640692564
1.1092459163311275
0.9605088332699676
0.3242723625347012
0.15474967245419052
0.3867385381302787
0.5980034111396983
1.6181568785900595
0.12668319644237974
1.830939106947863
0.8918378906815262
1024/1024
0.7502255150113086
 99.336760 seconds (76.83 M allocations: 12.896 GiB, 2.31% gc time)
λₖ = 0.8
Warming up
128/512
256/512
384/512
512/512
Measuring
0.7919593632186228
0.7071311505066569
0.7375056643738547
0.7486112412519625
0.7269310276124521
0.6235101294593952
0.7588382286430202
0.7162286806621793
1.127266724543214
0.7150710791138057
0.7356055118231927
0.65800031945893
0.6825581881860947
0.7183992699213109
0.6616464175337111
0.8228544395931634
0.7287407348500466
0.7345122272601141
0.6626311666296825
0.7471232142753739
0.7858102588540832
0.7326232937581756
0.687130278162956
0.6563531430178529
0.5960150751057046
1.0008811365292387
0.6806594845562706
0.6601343614209221
0.6989361069619722
0.7326723667931604
0.6696064700256572
0.7522989950736787
0.6626797598028954
0.7608151195852038
1.3018025695203572
0.7455377936668259
1.053813960598072
1.2534055970845026
0.7621584468303785
0.7432868809899401
0.824486205380556
0.7039806928918133
0.7285513931130682
0.7033393726505313
1.097503557106938
0.8909035929986047
0.6084156356018278
0.739742939236997
0.7254652592046424
0.98863007906443
0.7081285467087035
0.8027929775039061
0.674453765854464
0.8181248331561366
0.7683079642816139
0.7410736042803413
0.7474086665540153
0.9484935363284073
1.0014359512461648
0.7110087549014472
0.986427707967731
0.8399068195059687
0.6801308538300902
0.6618021916921166
0.9710912226568988
0.7334412432099839
0.7407562729529158
0.746666862654773
1.679747714746852
0.9759948834829294
0.6516404932038968
0.6793197550687033
0.7108317712383323
0.8192871433423261
0.6656151906999798
0.766218422122479
2.216148383222279
0.7460758475997258
0.7017200813410825
1.152660609796997
0.8079474855079537
0.7608430549785944
0.7810569239057298
0.7925407276797112
0.8887755674942559
0.6642545648348499
0.7609724596772846
0.7463488760634734
0.775099887240589
0.9033301605185057
0.7071465106301864
1.0995137057011966
0.679234293859593
0.6557561211787345
0.7200144996068054
0.722117677063545
0.8647870534665908
0.8122408411589621
0.7716231440097234
0.7501679652598856
0.5153839357030572
0.8666790889757374
0.6696671590394883
0.6622522334266502
0.6888720855404455
0.684398774897
0.7982107482226763
0.7179459617937303
0.7489613042368829
0.7350921945004558
0.7381778215534871
0.8092936674514067
0.831462783013605
0.7297545757995348
0.7101462104966874
0.6773110547275506
0.690021226132092
0.9509951069760396
1.6268155225342595
0.8709214988944712
0.7293654125130911
0.7677311373743857
0.737462803515982
0.48536559524671075
0.7320808280967334
0.7331717004691034
0.9189400463482271
128/1024
0.6733097224543336
0.44159208009938455
0.6639560678886501
0.5346701269622851
0.5802078984257476
0.48982433542827725
0.9418520215934568
0.8937113467566009
0.7781303220560183
0.9099223982770929
0.565309262430828
0.562253779992833
1.0478997252525564
0.939569570544644
0.8259571294612146
0.5062380423154758
1.3655665598005884
0.5991624584689548
0.37201312373449913
0.49811298319899544
0.581210691891107
0.7282972401904502
0.7333902587566624
1.0606919686353355
1.133901198700082
0.6839957009250048
0.5875984102890965
0.5504495201017169
0.681892748411359
0.9062135762558987
0.9037302789937247
0.5965800794528378
0.7177113773719144
0.9242779072022378
0.541284205450529
0.5902439556537781
0.6147208770022865
0.9479169154316723
0.4432622166325151
0.5894254096393202
0.533455727053194
0.8867984836146711
0.44206554004246384
0.9388690001245584
0.8818102913692142
0.9995243350939218
0.8110754045351749
0.4865560952876532
0.7125585090056102
0.5776031034829303
0.7549372426176595
0.7985106266122044
0.8123526618707734
0.5759971151035603
0.4992520383112886
0.7925051948687003
0.8368893302859468
0.2516827522373707
0.8973451592387405
0.6455936298963159
0.8528675632446376
1.0602428309123417
0.912160713281449
0.8698584714922559
0.5272296573735596
0.7877201211353997
0.5516126802510789
0.47624465171851416
0.6221426055835497
0.5564202334280443
0.8589541074499404
0.6142955615505312
0.9016910732030996
0.6215006767198312
0.8233580946026187
0.6054559720336125
0.9091328643613135
0.5302178281198845
0.9287326227768956
0.5071380489254003
0.9713246933628753
0.7495903041593197
0.4839387559752153
1.0321356537791884
0.10709759648405792
0.5953418369787037
0.9060316872829204
0.48190079431845856
0.4684134791794025
1.0096861555542023
0.7053085258779119
1.067981670440198
0.48635042018233954
0.6860477694551212
0.9424328421017458
0.847883292950954
0.7619003365434744
0.9546203713089414
0.9927868221490876
0.6627143102691514
0.6703257451867488
0.9233104487650305
0.34126902524083813
0.47486155688580517
0.7690563741801608
0.7130577205234264
0.8692704691978219
0.8324095637193907
0.8969439195188842
0.7337267823341748
0.7776063830587889
0.7437448934373216
0.3939449905436061
0.48509842211005183
1.0885937027275991
0.814576923542863
1.1265759572802754
0.7403008132967946
0.9213247198628046
1.0210853504247646
0.5750588572588955
0.7515145923465965
0.7492616977857661
0.46278919116698164
0.48304697577170974
0.7684079613065778
0.4785658754155083
0.5514365532033926
256/1024
0.6404570788869386
0.7675581461773803
0.48638399856293624
0.024463084826039316
1.0130379180026745
0.525842348187189
0.7322291331742355
0.5364675766887799
0.9330574837698012
0.6732043632232236
0.8997001577913798
0.7023928482803765
0.47115463036049166
0.34991325763304876
0.9010382922961899
0.8894034495059787
0.8523225054660575
0.532240143733558
0.6393184012249663
0.8391097924552777
0.8803229153196194
0.6801541661614643
0.6354875573938694
0.7850025172168007
0.6781639096988418
0.4551379058095233
0.29800579018467127
0.8947791170998534
-0.0720156799172379
0.43907973260746447
0.26891282984946335
0.6533607167266536
0.8202924006809615
0.619157284375002
0.7875337400035223
0.9121934559259568
0.7515897473440826
0.46396327513556673
0.41513199529413725
0.7025005406925322
0.6119728578678948
0.6112014624733126
0.6120132173488452
0.3759318963193182
0.7090436499670504
0.5376618625518317
0.6870691228925436
0.5897846881869157
0.5082142918051848
0.6632583711902736
0.5126641933303036
0.6680730957846204
0.6382072782817273
0.6416070353273381
0.5893173086102046
0.8415770107118093
0.6959630841833419
0.7105675336853222
0.8901220528744213
0.8779593527516554
0.5392038928915388
0.5408715163696828
0.5950568888967646
0.6679169274145752
0.8123057286760166
0.4865222801893669
0.5700509881997257
1.2034295717175818
0.7446702304394829
0.5717058906228883
0.8839671305325572
0.22105063623826327
0.8316907111983967
0.9573570794713275
0.7003175036751448
0.6291057355458611
0.49389278792643626
0.8570520746137387
0.9220935102728558
0.09420029608610592
0.5825987636622372
0.5956234714963059
0.6592450347891576
0.7027432968893778
0.4396659847641233
0.5366434442280662
0.3358140804953996
0.4731940765294203
0.0672868578484529
0.7878805466635551
0.7318419842921837
0.8498885586395142
0.6040165592778647
0.39798351447005975
0.7897386536218804
0.6408491649539407
0.7917297856364977
0.5508001614058451
0.8120917251509636
0.5027198345173469
0.4735949777616014
0.6873026765772119
0.6108775045177138
0.1283086066327792
0.6676838669979751
0.6769985855224512
0.20905779332472563
0.5452468429191483
0.4155356394764427
0.11339958806110456
0.7383584462734567
0.8437072896974624
0.5032404997437019
0.549583078400757
0.891021498427971
0.6618865454619254
0.8113444707604431
0.2530443218243814
0.6780290337583798
0.5334704807534436
0.572353134696613
0.5932910817437699
0.8806376930648778
0.4825996793056597
0.669192992849949
0.612557537496895
0.9219200463295254
0.45039025287881806
384/1024
0.7229081120530421
0.5989692339675168
0.5277763903624733
0.9579324596136984
0.7578564819298579
0.44949007894638543
0.9254611674351279
0.6256394019157825
0.8816416009501356
0.6646277167893493
0.884993882845202
0.4935508092546448
0.6437554953539993
0.46665904253106244
0.5402447495383864
0.6845383653896191
0.6523088928228348
0.7188020670305902
0.682691344558992
0.47478445265965996
1.3230275286559339
0.8429438320732732
0.7988254916893255
0.6712525432016261
0.8416295648439059
0.9297473013268738
0.5980041325680295
0.5331279677496161
0.7433017576624217
0.6077875087298373
0.4697519743918478
0.8701687174931001
0.5779497347136867
0.5444195406502814
1.0121335988827314
1.045344992485487
0.8973788998058359
0.5822011901474472
0.5557428994777023
0.5976735289341735
0.610373677742703
0.5102097120081147
0.6135056915018918
0.6119486578303223
0.7527166603137626
0.8024764165017422
0.4607779975519859
0.5841012625039459
0.8684926975838562
0.7939614330026425
0.7192925352830546
1.181100684511533
0.8406361477244891
0.573140057523029
0.7934018892795123
0.9391895752289746
0.4886002152165805
0.45699010649920696
0.5098407496303552
0.6011222605828186
0.5839637376268343
0.6880146111941431
0.6020563298267616
0.7021561156350435
0.9335941227958561
0.8285248501222666
1.0879762822831132
0.6004765130531415
0.8991743360235978
0.5506409177845762
0.4787314577810527
0.5364642547980507
1.2510209697097658
0.5756055818062573
0.52257204466706
0.5769527437211738
0.6495780904097349
0.5137207074169756
0.7681031044606073
0.7921295195550335
0.5700215788976288
1.090587089651439
0.7620099392525862
0.529237577777266
0.4965438196510723
0.710846443240414
0.4455799131970146
0.762341303324253
0.5112864712962781
0.6381860641004924
0.48923406188773233
0.8017943816204604
0.6499795629595659
0.7613911766684692
0.7717203429266306
0.593020864541188
0.8787690886121802
0.46705026115760107
0.6095520456494585
0.5822780328555741
0.5973697083709448
1.0434765150206207
0.505427566189418
0.6279683273928002
0.9063610829402036
0.5430031433863481
0.5522382881906123
0.8456732286683102
0.694471535248456
0.7296991581529261
0.6341818276256257
0.6912053207590103
0.8224976711791616
1.0456112616047541
0.5645329543040059
0.4709275200721694
0.6617879138284684
0.7761036312643719
0.47981786288564743
1.1505861406160418
0.43762741699330077
0.5882001379688029
0.604934105010164
0.4918429783525289
0.6506124284094592
1.2584322615251884
0.695989398898563
0.5164212547866252
512/1024
0.45164421843970537
-0.15864742007167199
-0.4654121119339477
-0.0781904574521457
0.0036013050956248405
0.9877772804227607
0.18741660923817477
0.6406498503421943
0.2614150432329818
-0.725225205143716
-1.3893074767560907
-0.03165647962977214
0.3513816466550148
-0.7102322405435741
0.11656442006748347
-0.09254803971854408
0.06725026392128419
-0.27479129376789824
0.8127893221958952
-1.2909214795951744
0.6720643357756203
0.9486280314964392
-0.08027609372852906
0.6448242229666232
-0.9227679208025408
-1.0349791226300775
0.23549049083505885
0.5059564394170412
0.21259491358351013
-0.8536987048133382
-0.7779919995108382
0.7456077146478777
-0.7378789082284928
0.26122558793182227
-0.06750357374952232
0.5407321869681083
0.13512507180575983
-0.20887567534032914
-1.1046196828317025
0.16373581638557388
0.2648859097363859
0.7875058033772918
-1.3291098814353919
0.16570078356834594
0.8418035780127082
0.020301029899889245
0.4242372821144166
-0.6416285239949969
-0.7661584262858707
-1.0526070863387011
-0.7276340831971929
0.11453385379310532
0.6103672942041736
-0.3778440201709474
0.45168861010338934
-0.4481966994643305
-1.4775836821906168
-0.5057666550981205
-0.47201929017758204
-0.10332208042702629
-0.8113989697046124
0.6238475632715992
-0.3167509357810464
-0.08614269488239434
0.6934655428109515
0.5594015033869743
0.5784109304574399
-0.06077188122433197
0.6021219105163951
-0.24244804398624087
0.11622758218073281
-0.18252360070709428
0.28771966378924085
0.07231993802784276
-0.028671438450422304
-0.010629680896327875
0.3879824769167112
-0.2984292730162226
-1.3381149619022987
0.6360912685344557
-0.039151448746658324
-1.123177368354603
0.9552873353885167
-0.0913226876910419
-0.5212893288345961
0.5886310599947848
0.1504455681227309
0.6152176365785388
0.3744237876213247
-0.9775553904436923
-0.22995701341758013
-0.1970763058997298
0.8572806010086652
0.7610994703188285
-1.060481332745762
0.24342344174432012
-0.6904697715716525
-0.4724208153240792
0.3722745732631057
-0.9568603897741615
-0.8103639744911786
-0.7517726886752258
0.7140034475504636
-0.48350820148121987
-1.065009330376042
-0.47963377952993624
0.682604694269689
0.3206764537761479
-0.9364477687948821
0.10603525307269124
0.4805524696025105
0.19305808051709522
-0.27177698123780347
0.07884073157006666
-0.5487953393887848
0.04363020121436523
-0.2164367228964772
-0.3323311061290405
0.29017815132376046
-0.5746985014206362
0.5950291142754822
-0.022275287274897693
-0.0599304228155938
-1.565316564849141
-0.059153438220982735
-1.3708142702376025
-0.18844818491863302
0.6134066256112348
640/1024
-0.2950075199598676
1.1123784382712247
0.43121725237704256
0.4172621312334769
0.722687404624298
0.3605355721047654
0.647524923831513
0.31914299403605206
0.29788988079947526
0.33787281314425366
0.39577373764663015
0.4407516368660227
0.44214480251685906
0.6222594902705608
0.5204203988098809
0.5670842889284746
0.4900453578587243
0.853437756033926
0.35552492678170894
0.3155175438209238
0.39377618552172283
0.6717871749004358
0.3919001743300672
0.308245970168029
0.6477625676466137
0.34398187556667525
0.6384902626151061
0.1458261037905021
0.4330718440609769
0.5568861748540672
0.3619396180024739
0.37841338632375476
0.6302356300359356
0.4068325878771336
0.36518602264220396
1.1673436831715316
0.4218252667388463
0.3524694389010339
0.5342506503754146
0.6143140763861851
0.9014210099025071
0.646048203634586
0.35413209913934474
0.4043027914201125
0.5168018134370429
0.3451760920383142
0.5646806257143868
0.412608607700636
0.4220461382736266
0.1666845811135766
0.48149716868693954
0.2984573923842369
0.5096771838687064
0.5867364265209152
0.3567470206096848
0.4856791028759396
0.6543184499039778
0.9784699416859124
0.3817004902961648
0.40779015793192985
0.94461027806959
0.8520885625130867
0.48804300108604104
0.07734586194338405
1.0104069136797316
0.7336115474758563
0.38647572855111956
0.39736284720094067
0.6602713253235961
0.44957319877607127
0.4681366667460547
0.35503987516150687
0.4066140256715587
0.4076354435933679
0.4217503671225352
0.3616241340472634
0.7418742169237756
0.7447149766554824
0.6586553014234426
0.5765976349209424
0.3938172578131867
0.4549665312324159
0.6633707045111576
0.8362738077162017
0.5475899355218405
0.8092788140786393
0.34874064355035217
0.4027337189625726
0.7427403392459676
0.7909545207972554
0.47332432803842134
0.9377813227246813
0.2941395889740513
0.3386783662536881
0.4000842167734216
0.30010059091516017
0.36310200797736775
0.43720141645055977
0.40873738145207716
0.46461657338840046
0.3831097410168382
0.5742082712432213
0.3525357932225149
0.40580207462246615
0.8429728806535144
0.6910053701087977
0.5007236748877197
0.36793885028261253
0.4166312841332681
0.335792817404284
0.9306433608144454
0.4078535508932715
0.8156168452963276
0.2344371773002761
0.3766805723584879
-0.024898748139353777
0.36462397112472733
0.4465687886503602
0.42304353651350174
0.9692679235896592
0.8669753267038223
0.8666809611359089
0.3610974324721641
0.3626996636600945
0.565451229670022
0.31498236096287424
0.2945739191620545
0.6086370164565909
768/1024
0.3469605624017703
0.5337003199875334
0.8510366304745267
0.28111868482520674
0.28882046952572715
0.6037835624022727
0.37854881616006714
1.4211663294673258
0.21084763903061488
0.9369051515594475
0.9914512087412336
0.7101141228481601
0.4996285440059955
1.306505689542043
0.17914748397653474
0.16768335739995
0.6500254805044987
0.178037588051331
2.104733642954282
0.30997737617675175
0.3113931449140574
0.7808132433707937
0.5018664870359426
0.1677429013984414
0.3767225392450214
1.4976785176439913
0.638692508841541
0.4922902491721862
0.1803868185338495
0.15644580352181908
0.6231505343807535
1.9128633765931138
0.33630794995990637
1.6543905280748568
1.060087023791196
0.39067317151826575
0.23403048826437445
0.6986907336426302
0.30941947851152174
0.21053738877162126
0.6747613694786878
0.15219256802092024
0.9184677308973627
0.27444332541227634
0.18159378754526423
0.33088451774793004
0.36226776004981387
0.5919770867894142
1.210238443694708
0.35681731738586875
0.38863394264750845
0.15772261628838227
0.16318569053792592
0.2485749941251826
0.41425414578196795
0.5920076304138275
1.27134995818996
0.19092133516938806
0.2070100364462624
0.7863827271232307
0.9060544956721247
0.3460121397814977
1.1719363190677763
0.15447634625804055
0.159995748187153
0.20096247321106275
0.4176586742042575
0.4621547231151355
0.49664548725153085
0.9058608326173547
0.22855610384778463
0.6023719070581732
0.16165060114902846
0.49614607815820405
0.739088597747712
0.5330528003444248
0.7469912060311602
0.9133768811516758
1.4032998109341193
0.16244478462270118
0.5769600636656195
0.8687240829696639
1.3408776140735146
0.22544590101467066
0.4055689966985063
0.24916381609872626
1.1129286932601792
0.3982202930950062
0.44204329309331647
0.14335116077283078
0.849328061125269
0.41597283433756405
0.43501379521866235
0.3627575583019302
0.6955228653010417
0.5077840404049698
0.17933344148344899
0.47415346202387876
0.7110071710473214
0.2694866969185733
1.1941729491884359
0.829143013457087
0.4325037001552543
0.3118432424123213
0.35299346355439476
0.8292988420325507
0.5731335622329531
0.6570600646982674
0.2509769555118092
1.3206742730621959
0.5521699462086692
0.34607564604752944
0.5809536729392029
1.7384747475047784
0.27167650316355185
0.2874634695119286
1.2270338666201621
0.45827907212735663
0.7734120488066978
0.745554109220323
1.3236785084894425
0.46357613985448287
0.8825239076928536
0.5430541257894608
0.1643150969731563
0.8110032227832187
0.642054790074088
0.8359593681337621
896/1024
0.40106850883976325
0.3635326691478263
0.5352366963860926
0.45515821904845016
0.807002097536121
0.639408252000947
0.8721574117020457
0.5403448011309433
0.6820740593920671
0.7548769715109971
0.6467019636106168
0.8582013487162696
0.9442980775215954
0.501268035441203
0.9051636940370116
0.5774795802187428
0.7541612055869331
0.5915314119477972
0.7791118721748029
0.41463368209195023
1.069203391697849
0.941551736931826
1.033910539912232
0.5488838844976842
0.7003982584207362
0.457342822946663
1.2628911646792942
0.7790478047155797
0.7870179270123696
0.514854915984977
0.6410113744844615
0.37229710299678576
0.3836568275544895
0.7514597452108551
0.6001057067795365
0.8013805482495207
0.693879619093553
0.8489911632313554
0.4031224710705932
0.7062410213616238
0.5662307020602342
0.605371368752642
0.5545170340788759
0.44390330101996317
0.40097037302615635
0.6588729190201087
0.6525692160500839
1.0447200483869754
0.5098516364883139
0.4781230309631991
0.7539093785202386
1.0763413262659758
0.613123480333944
0.5827074829231979
0.5648830017177046
0.4982399751618324
0.44763660080959783
0.7129692283657967
0.46543126570590243
0.7536276326059381
0.8877275072502668
0.5510662924088269
0.7093454644031257
0.4739493142896015
1.391358410532251
1.1742755463065147
1.0094664030246505
0.509368533707548
0.45419442478955785
0.6921345406745574
0.434122447520075
0.37726180583493124
0.382011208518774
0.8493775349239722
0.37866999376562227
0.9440223092531158
1.120707189444408
1.2287138117891658
0.7178313812477588
0.5397865241465918
0.6543138865580306
0.5010700711231508
0.7531217322155677
0.630040343911356
0.6708967940967046
0.8829253153432256
0.5211095253823336
0.6773023911874356
0.6231940177888917
0.3645512210701557
1.3395533010926641
0.6871082596508551
0.8896167404750384
0.9508653651164969
0.3871616917392785
0.5239213196813577
0.5894467664704015
0.6168798154071296
0.40396182955876053
0.44603546853931886
0.800417958830762
0.7355977993858263
0.6043320378281878
1.3827729929639605
0.47755997853265186
0.9660082560942173
0.393868586882215
0.45546886124048236
0.661461487865972
0.5368670111846149
0.9032639186461355
0.46122165423823114
0.650727148568218
0.8899020085845575
0.8122262735692167
0.49057462173052724
0.5749412553290995
1.178273358136174
0.6850187191220637
1.0166056057745934
0.6605816075442584
1.0222584597817175
0.5644998448339751
0.7370351650477721
0.38774108551456904
1.1987290091141756
0.4051434596399831
0.5494643597224637
1024/1024
0.41488125485894733
 99.090197 seconds (76.83 M allocations: 12.896 GiB, 2.24% gc time)
