## SLURM PROLOG ###############################################################
##    Job ID : 5959482
##  Job Name : etgent_N(1,2)_seed1247
##  Nodelist : node1721
##      CPUs : 8
##  Mem/Node : 2048 MB
## Directory : /oscar/home/trazzaz/AFQMC
##   Job Started : Tue Nov 12 12:10:01 AM EST 2024
###############################################################################
U = 2.0
seed = 1247
λₖ = 0.0
Warming up
128/512
256/512
384/512
512/512
Measuring
0.8014633634651445
0.6540997659136176
0.6997591794768371
0.47002354890850667
0.6900246060738182
0.7048728752342204
0.5407754871976983
0.4217459244041961
0.794837835036171
0.8293741637735492
0.7838623430881287
0.7119135007342063
0.7249894748205572
0.5022037514976405
0.6936738526770366
0.2250567751091901
0.7090235915507724
0.703415877212092
0.49337386167485464
0.7007375153060083
0.7797105889892731
0.736110756947107
0.7070190099179408
0.7864066408478412
0.5846612587599912
0.6844817247567324
0.5128939920139418
0.35618261093026393
0.6940128175675186
0.8023198330001741
0.6393272491355173
0.6418503920132878
0.7014231550429941
0.7108951285306165
0.6976862203680436
0.9290701884356873
0.7419722335216343
0.7450964933825147
0.6967220737574019
0.6883481163565821
0.6974365127668163
0.961673007947263
0.8184405423684771
0.9940213956579073
0.6482207773662606
0.6444241935599764
0.6755579440534321
0.7074082582067219
0.9718998532062794
0.6361162811318384
0.7418896728200117
0.6792128741778736
0.7098500305162271
0.6903668017506552
0.596521397774163
0.7366998639472314
0.6211539660747156
0.08119710884150078
0.7021397767528726
0.5785413478852597
0.6877506414590981
0.10040277651902596
0.7122931805054117
0.6956065792450915
0.6405297753325035
0.8897323882225082
0.8002363647548506
0.6809045770193596
0.6878094227638294
0.7137511210519074
0.6946643746275388
0.6710394140888908
0.7041691468158928
0.8419947548532241
0.49040766937334435
0.705639452614613
0.3464274806311767
0.6374842304932018
0.7017606862724056
0.7181434095868278
0.4615017725060247
0.7618825603748038
0.7564413002191531
0.7177488675716894
0.6412515895622939
0.6120787212837816
0.6925916513881667
0.6524713943830628
0.8174655967487673
0.6305483180543753
1.0446532120358214
0.8394564361752601
1.1727899585017825
0.70303072427002
0.7371873652216033
0.5463620732091319
0.6724496844931108
0.7903597329282901
0.7786977123173198
0.705858997785076
0.49446284565768495
0.6771420344131074
0.6998844546976177
0.7630507812555638
0.6919870198941477
0.5605162511489433
0.8600325531444721
0.7230924980103117
0.7832440306015661
0.6683685055668602
0.8368137632581559
0.8810336307538343
0.6156101099947142
0.6884644097407651
0.5962127969742491
0.7017313768676146
0.8015238789209445
0.7932454975557595
1.3510912152278796
0.6513368152694939
0.6585435585123705
0.7093868160371524
0.746657692768085
0.761404541625244
0.7805530847031137
0.6633629616887493
0.6955261682865514
128/1024
0.06779001787833883
0.7584658257385118
-0.42791065515714943
0.7831625111742588
0.899466942715517
0.39265848946001436
0.4456616800270919
0.30883037723489787
0.26933522853448333
0.5932752801589771
0.9363186958073466
0.8086110935919261
0.7530641463495802
0.49008242726650225
1.0515760837110013
0.922145515600253
0.7729837250422531
0.8348186884221704
0.4828838597372861
0.6939652761455346
0.6439061143348235
0.7850801846880459
0.5584283086525539
0.4459738512658832
0.40182260355407484
0.13021661788545347
0.27370293057691264
0.208741844065439
0.2828014849749026
0.8571770582778254
1.2348186608398437
0.6073336515661208
0.3063762156216425
1.2520170925344247
-0.7188306142911783
1.3292376084842545
0.9635581615265023
0.4517242766259844
1.0378155474291708
0.8479090554942214
0.8588993612999591
1.0827083091947423
0.8319344277342652
-0.494383352499447
1.2161538226245028
0.8678136063642589
0.8957750711920713
0.046816764003741906
0.41429722564291305
0.4612701671662696
0.8283894780733516
1.3620140229106508
0.26406458748614114
0.375970981544682
-0.32751915533471687
0.6772335973795998
0.520062107710249
0.6921758422173083
0.44543453255987286
1.0979122906584737
-0.0026768365192060273
1.128846870595388
0.6876613335313764
0.7548113454988461
-0.048494219038084596
0.9536040080860282
0.0680913982638478
0.4772413654264055
1.0744347711238273
1.3141492158188441
0.7982079198853482
0.8580257246286335
0.571712981441753
1.1562796352948852
0.21691793593909203
1.0560605847008606
0.5132351391968117
0.5051210059841685
0.12445668779887464
0.1606933642487317
1.1650249832769346
1.1067432246849236
0.41231203313184495
-0.21491333278657276
0.0260983500786246
0.49123067050549585
0.7065169189247609
0.07148370085017197
0.3133101574118923
1.0343036686540006
0.8705631791486972
0.22800743573598475
-0.010370286501174664
0.07014976295870479
0.31918860748236455
1.1890598248015034
1.1861164338691
0.9988969124259744
0.3227033568441699
0.43441661478954907
0.4450684852843605
0.640261715801249
0.9652075148844239
0.5496937253828341
-0.41710036075047774
0.7317126458606695
0.1402450435634809
1.026448765587966
1.0440962830731786
-0.31335992940060886
0.619096313383269
0.645126812458736
0.371341379261659
0.6397895542962364
1.2058217425599378
0.1181024295337848
-0.45176231637387954
1.0036915588739115
0.5126440353445432
0.9791675327837783
1.0388699411145468
1.2933060277400843
0.41155232191413155
-0.07804482729929307
-0.46256024549054087
-0.1319390767127655
0.06634537079873531
0.24693811255914588
256/1024
0.09404230193288343
0.520405772487767
0.8217279658789445
0.8033430176946503
0.5914231906661522
0.6611693185303341
0.9987853386143379
0.6610819239854355
0.626958813253274
0.6796133532673267
0.6500669474944721
0.6699587032069513
0.6548984444007574
0.6466792136599083
0.6859439366755367
0.6949788902437551
0.6938978295220706
0.6855902930554619
0.6167429309161384
0.7693459890882259
0.6883473887217536
0.8319003981882539
0.8289351780351482
0.801259654424533
0.9373171080426361
0.689188677934671
0.6101369797522802
0.7061286400917786
0.7053950963824918
0.6895077140007312
0.7512266642527652
0.7910915802483633
0.250766956773751
0.7431094641280116
0.7023414552990009
0.6483775111593568
0.2700370834245487
0.5299168094247528
0.7877760681826202
0.6760194637729493
0.7155682430565956
0.6851003904676467
0.6394505199144261
0.3255227824301459
0.6743747994463033
0.6642951320520073
0.7363797847981094
0.7339222965193727
0.6644204818838836
0.6654901463052234
0.6737945250210675
0.6351900071224609
0.6948077851430786
0.868459027401122
0.7085055263833949
0.6936514682683403
0.7116711708784497
0.6656550805752184
1.0459560658380014
0.74288106705691
0.6716804515017596
0.9321435548971422
0.6273756642592156
0.4962287097390857
0.6761386403566579
0.41527165422181034
0.7498022529839925
0.5779790874310446
0.6875468942443504
0.6640113117770393
0.7725879707839443
0.7633994851778602
0.7027122534073061
0.7156467287410215
0.6818345541345276
0.9075668817045605
0.7326841949698993
0.6925285531405762
1.0500882723647094
0.6224959001664789
0.6812088742563461
0.49535759573045496
0.918783264464367
0.7149974236434886
0.528613450689056
0.6507013280178876
0.687732129957368
0.7661512811361962
0.7299780969049947
0.68353984320932
0.6776170149845641
0.698735144336295
0.819403502772037
0.524192555030288
0.667499366204745
0.6175373564762386
0.527563791822075
0.6872161179424766
0.6432412833165664
0.7376645354876328
0.6932596312787308
0.665183492892629
0.7583861740931754
0.6033026093643705
0.6634591378445076
0.6866810057528321
0.7107890929031387
1.0631080421820964
0.5279189276895457
0.6950566338752733
0.9371047530397405
0.6760134745031678
0.6611580677051649
0.7217981533784028
0.6960080756047413
0.6496064754211683
0.6907020444680202
0.6678666250397087
0.8141148161552303
0.7064869875972584
0.9354754037925541
0.8020754080677951
0.7430075512783518
0.7915306362025722
1.0602843717721089
0.7875513715429358
0.5898267661341683
0.6898130007763701
384/1024
1.0611240540091553
1.4461160972161466
0.8837201694558058
1.1685271120825809
1.3932037971697826
1.420947752765901
0.8598246505682945
1.3622397223147242
0.7713425421882727
1.949084271475391
0.6641109336395999
0.7068832730691794
1.2938664553787051
0.9627234641359246
0.5336240909448153
1.2828441813113627
1.5155791014210998
1.9500519440000148
0.7491569167588157
1.402157358465736
1.4259149971540612
1.3896544870528789
0.7317133235594095
0.9838759666947829
1.331056483956098
1.0909628368865718
0.4175589356543449
0.6012121929781499
0.9585762740409469
1.6009605955936461
1.1402586437715692
1.1212182607141659
1.5102693384866555
0.5860634066444649
1.2592764674085204
1.1913728816803235
1.2799472252742008
0.49217318221251916
0.6346674228722125
1.1319763806633922
1.1949661085882703
1.363108532108548
0.39800733221346296
0.4953478803123952
0.5723805670165899
1.4398975652390797
0.9777550930814927
1.0180720387718636
0.8441340373755414
0.532337760434588
1.318331486235643
1.3878866993530223
0.9483917869761326
1.355241372675697
0.31349555574023547
1.3322287164476034
1.884839464346253
0.9340539880952062
1.0361382070141691
1.4364436351456547
1.234345868168927
1.3639901127091627
0.9762327135378149
0.789242440607738
0.749376104539133
1.6510520204219445
0.512778717138109
1.6920037529159075
1.4040644980119776
1.4399982852698323
1.422631468643271
0.9602722007716105
0.35582801878393927
0.6871054576489717
1.300680696753626
0.49166225201429875
1.2526877414179323
1.0807815086325128
0.6403072032587112
0.5628118731449201
1.2839750640963237
1.3926615628073813
0.9349515050622619
0.9180620926286127
1.3376372920553086
1.4040742303458185
0.8821318833918051
1.1602961005096397
0.5846561419599586
0.7402185031766187
1.2845327676643339
1.2295104228119034
0.5508026577474251
0.8250669746189132
0.7107117247692336
1.4495034570031184
1.4399543946330282
1.418216449792347
1.1690175158669935
1.2541262387797238
0.6002548638314458
1.1891781974257285
0.9711439245967122
0.821595908010407
0.9444779186505599
1.9964492071629945
1.2320937291947311
0.7598508155237697
1.0549714211114924
1.174798330013766
0.3401078469901967
0.6029915063748217
1.3737676773366818
0.8041378818640427
1.0387615975325617
1.2224676763823583
1.0542982906971994
0.7960453133176532
1.3624837450458096
0.6182824619562344
1.8558431306188568
1.181835029783711
0.3036529158196981
0.5664935315278204
0.4214208655852673
0.47566519583480654
1.1533031845024233
1.4092238850989458
512/1024
1.1238528621799804
1.060847639247183
0.9450450299832907
1.106676049520641
0.48742915401909753
0.8255751087718327
0.8348165786747671
0.913196370713427
0.9690647865128036
0.832553858443341
0.7559639700022995
0.6668108212475454
1.3385625719890732
0.8442000368978926
0.5752658004348336
0.954437029897675
0.64107769350077
0.6863714875591445
0.3927395771807298
0.40462819010837536
1.3514970410709717
0.6795322089587901
0.7535859776245641
0.5415868921002452
1.0363173996098165
0.6090077839058503
0.3724254455532797
0.6411130729295456
0.3912304266705288
1.200686538305061
0.7901183697861408
0.6854698925785334
0.6312724165611019
0.449000365701281
1.117120477124683
0.42895586957057197
0.503887264815501
0.7716775847692345
1.11256769695571
0.8615555605188006
0.42837545995911597
1.0041320213976634
0.7416885067952051
0.9827347876316144
0.7111172982145009
0.880178578361926
0.880185798369624
0.5014202210151486
0.6460527764770321
0.8499410559842483
0.9042435258121257
0.6536657262924213
0.7256552744986454
0.8025774585210247
0.5440564331552011
0.586332617649119
0.41212854856783293
0.3596495584268208
0.5758016222710203
0.9519738620968459
0.6618308216594163
0.3906689239784643
0.8684537887884977
0.8340140885596492
1.3010882784152753
0.9996866825920527
0.606525012369679
0.3784703469558265
0.4160789003770704
1.1040958433957644
0.7409059776318098
0.3734205710814388
0.45461503844664886
0.4476057026514364
0.941141921782372
0.9361542001082754
0.7994095990013498
0.3940162923396073
0.9474457898459838
0.5059296672305207
1.0665982378792302
0.4390523105662034
0.9727067289101805
0.3949113204388439
0.4882169541644207
0.8909195242501526
0.8167940823017286
0.601508790877719
0.8935458425884407
1.1444903241723294
0.8031629775724367
0.9185816754155234
0.6790141202705109
0.5959615414625877
0.422944918030638
0.3764787093213201
0.40377948817847487
0.6376740708439532
1.3198670228747011
0.6273616067741528
0.626322975275631
0.7791501831096215
0.7810036105507838
0.8472057128848068
0.39642123631598236
0.4177683047138746
1.0345267937436722
0.6025359388319588
0.6248766524112969
0.46428285844921263
0.7487829445251439
0.6341422741660575
0.4940318529503266
0.7883788281243703
0.6627609952570355
0.379338892057122
0.5956456363579767
0.7122913818092478
0.6942173636874519
1.3392323895363913
1.075700561580403
0.8953631192498989
0.6952539967871003
0.870788961852145
1.0817333486792569
0.4360339475294621
0.7937133599645289
0.831409023547119
640/1024
0.7361955931014726
0.560386382170505
0.724231275848322
0.8211786172120729
0.7761787623470009
0.764120318207292
0.7116002600186684
0.7490084341746295
0.7396279169396588
0.6322309345939714
0.7481346920961842
1.1023829321807401
1.0280719023743492
0.6799914040534425
0.7050393544884566
0.7959648134081327
0.7044859144310677
0.7957046412675325
0.965989310424746
0.9668111545777018
0.7376741493010348
0.9836146743180477
0.680950463755057
0.7288272836568743
0.8424069437892527
0.7356463671052511
0.7325604657801987
0.8727299362992093
0.7148391521723052
0.660373045052686
0.7263156491327116
1.0000722836589595
0.7496386040003323
0.862788608554232
0.62032465420901
0.693900772790231
0.7426376985346625
0.8011679855601814
0.5631770250739891
0.6603354168844056
0.7184356211071361
0.9233583848496729
0.718243734013811
0.9531403597221489
0.7261262569512865
0.6652759694880785
0.720945122223721
0.7417157630049034
0.6842337985055921
0.44922204038500746
0.910816041267865
0.6369147181231669
0.6838372002386609
0.7415409680833844
0.6616759226641445
0.7167159674386754
0.8141307941315173
0.7203404307213733
0.7329632860231984
0.7307093065938977
0.7286566758584883
0.7342249338264935
0.7372138167891158
0.906386833140284
0.7924819494321003
0.6497681253809828
0.5199859408531642
0.7025968653350139
1.1613794621104057
0.7992213576676443
0.7379957018260143
0.7058601278884801
1.440303887362307
0.6841072161372276
0.6353873604229732
0.6790004543404902
0.6469034235257229
0.4895695578191087
0.6983222589048088
1.1165184323953166
0.5992348711551123
0.7068088888578754
1.030940113003461
0.749628371748722
0.6182927275213577
0.7203112786908928
0.6963943080409114
0.7410095451636317
0.6983316001698675
0.8007057296724908
0.6954103226569399
0.698586686364251
0.7419378009378346
1.0237030762256052
0.7407190737562515
0.7150717778734207
0.7404068350633274
0.775047967296823
0.5691208960689975
0.6741242637646236
0.8605293896100116
0.8153599617248684
0.7234165380086701
1.0184077831700915
1.1066113285676162
0.7956428804761867
0.7395564629804962
0.6821829046738745
0.6572142829937372
0.7160387489281302
0.7435430269804579
0.8885965807717244
0.7375070336194703
0.723690096907589
0.7185718338153319
0.7015534701068055
0.8008535290665009
0.6858416358420083
0.7063676990951149
0.7635271778193764
0.6883268267803297
0.7234113008769358
0.7171882760587975
0.9365995947191823
0.7336952083569775
0.7076121162489197
0.8191313360259123
0.8108698216588
768/1024
0.7106876244784859
0.6621131468229553
0.7592733269119194
0.8548518518224542
0.7349981206427925
0.5350574672350752
0.6933394117033124
0.8679699323574699
0.6922648872095808
0.6466768342256551
0.7515847436178578
0.729684937190203
0.7526333744524207
0.6184713558933049
0.5799779559102586
0.6033707071761566
0.7980399831280613
0.4968304227701391
0.6325325075895816
0.6497378259961821
0.5897348933378106
0.7999009112931348
0.7081412871490516
1.2103001018319817
1.3359741688042779
0.6254204084126683
1.0852778783672266
0.6557780520096493
0.6816922271961703
1.5621649664828472
0.5776046407777896
0.9687686974829777
1.1295010038855129
0.5900330002919378
0.6419938381179854
0.6832303931084482
1.3379458392838663
0.559111420862124
1.1633891714333133
0.5550461446153251
0.7156926121536964
0.6500724677587252
0.617285807474851
0.542046950246161
0.6751540583215874
1.3882431743121764
0.5929871521053401
0.690449762331043
0.5715180329650056
0.7212316324561561
0.7027142715106411
0.5262765991087139
0.9905854669818145
0.8541378557468671
1.2948718368966339
0.7407133002671
0.826326451286478
0.9580452048696081
0.752669235539539
0.648240369217456
0.6085500780596785
0.8681073132254084
0.7577142833130454
0.5224843231303595
0.8022018055385522
0.7800786398623376
0.8042082112834092
0.7818593093520744
0.6766660338672661
1.2418675025776142
0.5705379155729201
0.988413515945666
0.9079107258713502
0.6927755862944847
0.6718033354548467
0.7574132070540263
1.8939450085557983
1.430323556823359
0.7881843594201027
0.6256898983289229
0.6614799055277114
0.8171539282129855
0.8184197867578065
0.7796699708018229
0.932992019261962
0.5103106090576097
0.6552061313378293
0.5814919921652384
1.0773796164274976
0.6232080727459555
0.5339124911603219
0.6001780130824773
0.8014366258575294
0.6379027920337837
0.6832636595432712
1.0587716364495638
1.1254681864323461
0.6315846495578619
0.8539841567198118
0.8826168311861302
0.8840893073123854
0.5059936388775875
0.5679950852308205
0.5622276060537935
1.0161884514197561
0.564096613565038
1.0749329566813908
0.8122881727895446
0.7871558760273876
0.5086751171505655
0.5151927470699622
0.8594750123145625
1.5401713857659993
0.7888020340258225
0.8779348346441033
0.7530061030207433
0.5887201247844216
0.8168760910574417
0.6574299215070502
0.8124083535339417
0.7483447113281473
0.5325444709718424
0.8480276955066071
0.7639025097871747
0.560751602925821
1.0870316129060178
0.6935707121325911
0.8898510251729922
896/1024
1.0849856854419546
0.25977976829815463
0.3695380850798622
1.1406180303174167
1.3151503234712179
0.68258335086864
0.7895312590578261
0.9183085114968974
0.8904452742423802
0.9675750585832601
0.7442224615293433
0.46823225481816055
0.9078124697526544
0.04178617086447678
0.9258355966060534
1.0495360071898343
0.874909076221378
0.47221732181185483
1.129624274253582
1.1235615546459965
0.7005448746382346
0.712140481129325
0.4769614548575378
0.7027217933035974
0.508511541127518
1.0672447683629955
1.1939251112025218
1.1275502394422232
1.11400388575793
0.8045549741877462
1.1826394097529418
1.0165914992168716
0.672549883029485
0.703163553484597
0.6210922298141924
1.0930235621693472
0.5132018364104238
1.23544007210913
0.5700237447390905
1.1881113031492787
1.130412370537527
1.1780733363106126
0.7097018479408652
0.9226026545470509
1.24160044063456
0.9895157002698236
1.1734870900896395
1.0333421667503688
1.1310810380008165
1.1182728184606252
0.8715629527760017
0.8073461502188781
1.1404965164089913
0.5721062370444411
0.5070691519919371
0.3613179439484191
0.8741505484899716
0.47666150267904595
0.8481663972552217
1.0361143992681394
0.9502259765542322
1.2934853802287765
0.7807334428895356
0.885131135812792
0.5518605086196762
0.44548446560044586
1.1476583914466458
0.5890535052304342
0.2045203869467787
0.7578046420458603
0.41676944868303456
0.49265994277114106
1.1523179051293582
1.0657945777310363
0.9837690589673028
0.5787659497054178
1.257641090383839
0.2382595711124931
0.3928625999450568
1.0797349080912442
0.3446347658181228
1.239483835702715
0.9124431939206639
0.9335084270521669
0.8211194434851306
0.8766350676747701
1.0977634878337792
1.3042568467272613
0.7540689072738707
0.48481667562908376
0.46729234080158655
1.2301724430629384
0.7268264508941022
0.6893716140783869
0.3813261693301163
1.1744091247120148
0.3759025176752697
0.8860669860675701
0.5222816573211104
1.0645269267306734
0.8051391574430822
0.49730523227152423
1.0127461616701345
0.38333028508362826
0.4063040775977075
0.4669015470924972
0.3987785845171846
0.8610353695514048
0.82314846039988
0.9208199072729708
1.0164931859123252
0.9953362370145744
0.5416119165702161
0.4536865972534958
1.0703129869347587
0.2776766453985106
0.7381640073506341
1.2010375867638317
1.0333708012562028
1.1273963459582452
1.046153992588941
1.0274597614560594
0.7063465244547263
1.1542958973744721
0.9358008563046382
1.188583258649786
0.6907050443053697
0.6389663113222663
1024/1024
0.40752211214523115
110.438877 seconds (80.46 M allocations: 13.057 GiB, 2.60% gc time, 7.49% compilation time)
λₖ = 0.2
Warming up
128/512
256/512
384/512
512/512
Measuring
0.643210503498722
0.6251137426035189
0.6139728268114014
0.6112576482138192
0.5426104958673671
0.8475279919025691
0.48171880264067335
0.5038715364030608
0.5813583409476057
0.7758749518506972
0.5038333850878935
0.9370527683208401
0.6454516786132565
0.5011417664987218
0.5675521934843476
0.48326878735436674
0.703404116430391
0.8673994458185021
1.2021839690588252
0.5755754893410298
0.6117369019216077
0.4991782471040206
0.9693904559900908
0.7550942663952231
0.703349823292271
0.8843060885539479
0.6627814106022489
0.6963595634633597
0.4378261685694817
0.6867843398759815
0.6088933466952953
0.5332224679050823
0.6347818902580744
0.671506649382543
0.865479057827159
0.9561312798710002
0.5825603399631929
0.5565798356707143
1.3749382276760378
1.3974518766051627
0.7687992524236411
0.4879623969920991
1.4654168177092266
0.5088760961207931
0.9339852102937403
0.7972980405547051
0.5357274818873208
0.5345471404075195
0.5230837397654367
0.5638497595681804
0.7775033888305678
0.7137453068962774
0.6320863062268625
0.5436988745364197
0.5669432639554975
0.7845493365714549
0.47500524709256975
0.6925372294617642
1.294255691566157
0.5886307425605041
0.5985204713897975
0.7780105830873458
1.0580984602334365
0.968144449050374
0.8379962329581472
0.7277657585581006
0.5221339790852059
0.503107929898322
0.5127361215420524
0.8547199637514278
0.7032387808540734
0.6195642791470446
0.6845738844721393
1.2156023420834916
0.5507060060565605
0.49827490050235157
0.7783491073417806
0.7668060997624342
0.5658298816863525
0.7274558221408938
0.6704390893052219
0.9527701253399882
0.6231410005587423
1.0924237971375905
0.6540725558081812
0.4890671591845567
0.6974669587873978
0.8854152081661462
0.6905820781264945
0.8096660126558187
0.7814897226624942
0.6745775620489158
1.1598470936648018
1.0596862154145024
0.4958327510201137
0.6640331826804969
0.6527254897577228
0.734877422807271
0.5338076578780226
0.4791007541361437
0.752031971857565
0.5244352197627944
0.50949541972046
0.5786092048301092
0.6451704892739036
0.6739473795215496
0.5004310694077365
0.749297267643511
0.7285842031757065
0.4786616093771032
0.660575347037069
0.6875172080863765
0.6275965987691112
0.5355186101178776
0.9145993165789592
0.647615274676789
0.5127231198934884
0.553850868839371
0.485528069742871
0.5806983796951264
0.6849276815339903
0.9171419141125333
0.7461228428357971
0.828961990049701
0.9414742606604566
0.6661794088869195
0.8760314700573048
128/1024
0.6186010834662805
0.6709460434587329
0.6321899875407945
1.0017238433910118
0.627093044819627
0.4657114410501594
0.5097744434193816
0.7997320763954252
0.9476931441419801
0.544137443890027
0.7692505082421295
0.5931820873206033
0.4571051632236641
0.6000603856673081
1.2395472671210508
0.4487357219969808
0.4547261903051713
0.5743091214091636
0.7244317783024161
0.8179339769724332
0.6069188665961385
0.781608747633308
0.43812069555754707
1.3914408362394313
0.7705503353102612
0.8734122170713677
0.5436844750494318
0.4576634707346874
0.84222357347513
1.0023166233638243
0.4462613197673896
0.7928996065126102
1.0499387284896058
0.49706373822993966
1.6886624821609808
0.4622305989851059
0.5292605987291994
0.9177671357213057
0.6466563227261126
0.9723782979421698
1.0777613633052858
0.9352699384073316
1.0122467244676638
0.5095683421866317
0.8888840671580958
0.4461931587990379
0.47970132265809595
0.8864274077664925
0.5184592140054334
0.8142068519706834
0.8179950501770824
0.9786891649395264
0.8643704511465378
0.5330090364621788
0.48288421049188235
0.7511976764978547
0.7058221859589164
0.6412573109961459
0.5456331445940013
1.0133913355358946
0.5424935859655574
1.2297203306987599
1.148946514533002
0.9073066418142527
0.749044136018605
0.48950137905815605
0.8094066284763829
0.5218435455315773
0.9314722666241734
0.4893297057955109
0.4476537428948415
1.0057670310583038
0.474665844731471
0.48288183748248736
0.5422156234848673
0.7210917664147147
1.12827388491058
0.7480577194514769
0.756656929482761
0.8510072048441699
0.7307158344950857
1.0153244819803338
0.46159581503814007
0.7296904363292747
0.5263987887797158
0.6367709184353487
0.6353864671712596
0.8254048431391663
0.7215539799838504
1.4737947726928418
0.4750013255352511
0.45576767457484135
0.48982073413651617
0.5617424830626376
0.5468563591599997
0.5438476436616353
0.5393529668718995
1.2749455038643047
0.897160642149302
0.52288866632652
0.47271677464519507
0.4346447539777115
0.6031558496544596
0.655590106121259
0.8050573489152224
0.743718236120009
0.8836396830110468
0.5501351324619348
0.47527480521711524
1.0056067872290326
1.402312623800395
0.6613214288670014
0.47529140050859825
1.4967615601334
0.6512727154780109
0.49048528715282735
0.8693048052118106
0.6913635329429981
0.49709149620066695
0.9598047199892227
1.3698997140563238
1.4571678636883425
0.9966349970183257
0.715781344252977
1.5135076467858433
0.8466486206731122
0.5130666755998387
0.5523635587825843
256/1024
0.6448889072585033
0.9870716722232095
0.5391149659007197
1.3191826990015603
0.7035083812259193
0.5575016335326595
0.7099210534537602
0.6835881535310517
0.6187439557180585
0.5982789593483759
0.5826421094723501
0.8023198943328888
0.6569096372580463
0.599932062682884
0.8509278241386763
0.8550411789910853
0.6402585823002411
0.6751153779258087
0.8375996478865769
0.7892849394595711
0.6413239245805977
1.0161622154751462
0.6600930985880321
0.6988935843518257
1.2027133860876995
0.8218141720424688
0.6800735702415974
0.7932541768314433
0.6038620986295057
0.7568362649000597
0.8094996701236116
0.8229557318860027
0.9770630728450291
0.9622724937184031
1.409124132521601
0.608958457123725
0.8664692311490578
0.7012658670264171
0.6164776233033232
1.0632770499914037
0.8177510178710724
1.6969196199334342
0.5766691612604067
1.009627301158839
0.6695389981223687
0.9104617630892026
0.7173423775736283
0.5522854879017668
1.1793066695774632
0.6155858859638771
0.6732778255247218
0.6952845382782854
0.8565081511028529
0.6760908280559617
0.8201785528954978
1.018855843677749
0.5742367675985894
0.5557484133969406
0.5993032140580191
0.5648317351391909
0.6668143768075219
0.706624217383492
0.729066233252688
1.6027740602398524
0.6618978257280033
0.8284328420689883
1.1167875781254784
0.6704861370838076
0.6139893744854509
0.7135503355322288
0.7971474430756549
0.5871560224644007
1.1167361834741891
0.7598553259596729
0.7462900724091585
0.8230168134992527
1.0153228336411075
0.6880146236719554
1.155674672989537
1.3352193887980164
0.8146731447989566
0.6613695817927354
0.6445432138240309
1.214240674094577
0.8636889138156074
0.7113626760311059
0.8369507228037613
0.8525988705599501
0.8778253010203315
0.5330989033858001
0.9507566733718942
2.0694411173679885
0.6153006009667368
0.8841426148338372
0.6232420886525478
0.6692610091601765
0.7179407134153485
1.0386948272694618
1.0524537725288898
0.88847218004302
0.8190620159290484
0.786542100201162
0.857727153834847
0.9034712205452954
0.8057497734525447
0.8538103940429979
0.6145112666322792
0.6986286196247395
0.6599700502496295
0.6761159884714336
0.5700790327073372
0.7782154156913946
0.7363134486014408
0.7337395404202282
0.7230885723483906
1.8641220677909538
0.8359467864304887
0.5673363410750591
0.8899966467913143
0.5913307590857017
0.674454752841544
0.7550582730599776
0.7038845306930757
0.6020899819297665
1.1291309643067713
1.516984477096743
1.80085086762453
1.6256320143384262
384/1024
1.130540942172858
0.701002266776082
1.301997405730314
0.7340542451292379
0.9434636131573142
0.7591222295454063
0.6298955624671119
0.6562805593039372
0.610930801772535
0.6971732980463824
0.9247779142385211
0.7483412478692698
0.8364269863279716
0.7719197005465234
0.9154353139899383
0.6748880607154645
1.8061008605062432
0.8669780990179158
0.6077447730121167
0.7390617036344423
0.7618933677092709
0.7062953566522364
0.9455164299040375
1.8207768110593245
0.7829113351217043
0.66492818214732
0.7365250893569428
0.8334022172346065
0.8137967031722633
0.6715864728152877
0.7890232781739784
0.7688216695029542
0.8921729970678655
0.8028231061974446
0.637424801999872
0.8182084166125465
0.7921460663022297
0.6127972660116443
0.758561226417616
0.6048393136077249
0.7233809570980773
0.7720538153647366
1.0708942686947283
0.6500543748754573
0.7568031465367031
0.6464795266017691
0.6644030818191233
0.8598868197847064
1.614110826505444
0.9646783435412167
0.7069902627091432
1.0362748865627018
0.6739243564086763
0.7926261830144266
0.6082873713461485
0.7969468577024091
0.8156580596067647
0.8207317204378577
0.5897369886087623
0.6395081508957916
0.6631028302713976
0.7357533281329658
1.1062045265754343
1.0788579346323461
0.7262182826013268
0.6386111186972265
0.5812358801616749
0.7490351921715821
0.7406872748848196
0.7276762331655733
0.9509574409274144
0.7283548397032364
0.6390501106179493
0.6342338689237621
0.8727515725810082
0.6711199858136153
0.6286955056339608
0.7399544948566655
0.840458595825652
0.7485218967356473
0.4573721689244307
0.714523475617965
0.73297257509478
0.666517082112051
0.7000167184454154
0.8304032926008517
0.7689688333884275
0.7386481345627578
1.2744646236524393
0.6680066623570932
0.9126001306924427
0.6477462663010836
0.8168628424155404
0.7583420685846827
1.2665752490730864
0.70498960129835
0.5600750195769005
0.8926194526394204
0.9006736120587835
0.7957184337872195
0.851333892994994
0.7903807215170069
0.7531513197085434
0.7656676179792734
0.6738025708450895
0.9105182833150547
0.9994063577439221
0.7265618212549448
0.853810404367926
0.7535450073839545
0.8549164151574138
0.8887296670953198
0.7370760612776557
0.7640830743852773
0.6919921489135922
0.7667254518684821
0.8959411503139536
0.770539266175937
0.9825833414155687
0.9670791203846203
0.8111448217885469
1.087308838312323
1.0441647040612518
0.7393520238564544
0.7956949299416416
0.7743802217862963
0.7700074557940975
1.072692220510386
512/1024
0.7297319831670077
0.9852027526886541
1.0040010959981542
0.6852788867273446
1.5418341782773055
0.701803230000375
0.9434043351592596
0.45678234849547833
0.8153203154276725
0.5451794091902464
0.5094391204861618
0.854048150595812
0.9285249445138332
0.5073104509884994
1.3365459341365657
1.038476040053831
0.9182994539799552
0.7041883824986566
0.6325362799653074
0.721277957141804
0.8001454276602025
0.6472447352828752
0.8552711639426807
0.5027337667764038
0.8724318143454262
0.7667575224271157
0.7143810742891187
0.46077611928892215
0.7422084944257278
0.9075440932442402
0.707817919900326
0.6193526573502435
0.5342183224997413
0.48665671825268536
0.6618314894119879
0.8709111995845762
0.4663885883838543
0.44668064807615526
0.830580404171485
0.9096379838286888
0.9104542535270859
0.5893144984758217
0.5693482888699789
0.8137417526458762
0.6156084097045988
0.9209784284769581
0.9439693670668423
1.271585981636222
0.8176380935623082
0.7757076774112496
0.43245583870090876
0.6546198103835267
0.48293580712917666
0.46696321829969
0.702869801539372
0.6331362207938207
1.0513062621096776
0.5052940472421371
0.9724762081532936
1.1312302108875445
0.46324475210370764
0.7243191846673
0.45319123213523743
0.5241573422106215
0.6114318169894408
0.6968829490238073
0.732904345804896
0.6949819033676774
0.930531607302342
1.1566580778074167
1.0121159422293986
1.4123194351476671
0.5861823438317557
0.8045566753973763
0.7977101821304605
0.5828072596794294
0.43488753470950486
0.6728727629366575
0.8747937638616606
0.5922417152494418
0.6555780869023458
0.9830849737263243
0.7529421350673222
0.7548017919819183
0.45705139204347345
0.7525861232226492
0.5643198078238676
0.47713178083503754
0.5170594076956139
0.717576800953575
0.6590972060019327
0.7683354381659573
0.7630723647951264
1.5618144508102747
1.0205685168407195
1.6619551145809202
0.5886228416322221
0.9304640139002411
0.5989313280876304
0.7628045039974027
0.5403342142037966
1.3123922957681506
0.4386240152017865
0.4398099604081357
1.0119236085116157
0.6661028075171214
0.8167338134599862
1.0156622808087454
0.7563082591171275
0.6415768145228323
0.777363489410417
1.0170859035927506
0.7276347157013712
0.4636651085452663
0.8700578326550936
0.6903393408470009
0.850213132893687
0.8952387456393871
1.254402736067208
0.7920867874557933
0.4944209476412359
0.6240897109742247
0.43294500881853687
0.7972391474514762
0.8341376855268192
1.0180445631015553
0.8919379012247377
0.581815080398443
640/1024
0.684924163252121
0.7801092605844024
0.6638688046432819
0.804550219567223
0.714141199912379
0.7088603560061627
0.7124792042267283
0.8009877997566239
0.7661647134579899
0.5879740526147109
0.7498333748194472
0.9722760921476713
0.6481653893527675
0.6196934692213327
0.6405378760395513
0.6195293465523529
0.8995974768452377
0.746706350628998
0.5937684390541069
0.678863764055471
0.6167900112536234
0.9335901597899047
0.6220018204895461
0.6266344489940798
0.6778850238610818
0.861925524983232
0.6517335830549422
0.7048576429209263
0.6874522038861477
0.848527023692258
0.600186000529582
0.6877269790128262
0.5918677551973012
0.7784746556395559
0.6437960530297664
0.6267675520125344
0.6758270235517512
0.7963885776051143
0.7659022266061621
0.611314150813659
0.65429889223806
0.9829033246239385
0.8610197230494238
0.6930995999045619
0.912572263412731
0.6223030964845232
0.5981613684998139
0.6366496579389005
0.8209542791320289
0.5900560631247975
0.8692654446270682
0.6062292640891678
0.7940146784156451
0.7044930272174496
0.6565194637808668
0.5714898995038552
0.6066917964977538
0.6012424277877333
0.6290919154479333
0.820162021751333
1.031388104251933
0.9291247572968575
0.19575835116088502
0.6935843238934485
0.6361392135265922
0.6120508656947536
0.8612855296204716
0.6692286709386956
0.6707546024136719
0.6251395375224885
0.8996880500429955
0.9679229047235329
0.61036641038751
0.6660756536794816
0.6277146482263496
0.6154511627027913
0.7871529528390867
0.8239711725347844
0.7506659155952158
1.103572458529464
0.7202791452528282
0.6760954542371379
0.8014509559014362
0.667833395732427
0.7270116903000955
0.7168910651188967
0.6889775197740162
0.7473865610696829
0.6480122278982619
0.6231298590758618
0.6095732689719371
0.7620938813229394
0.6169552166412606
0.7114846048094929
0.7205412857593869
0.6448127889393879
0.6124742826796519
0.6414584661239489
0.8059131853729279
0.8915473590119035
0.6433643197775258
0.8468429344004418
0.603502577099514
0.6171024160713674
0.5183244927461037
0.7050385181062762
0.7731216236925971
0.7798539540810714
0.6556243014230674
0.8418526751414649
0.8220160330954345
0.7172323059242603
0.8191363791663921
0.606918172873509
0.6446322747501675
0.753995111577556
0.707918694062243
0.8886602249092913
0.6112637321073179
0.5889720876354438
0.9663684702208053
0.7640058129307843
0.6446188515655551
0.6441281352987256
0.615451830165648
0.6111665997524057
0.631456167999553
0.5391171574206183
768/1024
0.9456851616802223
0.5249566166684707
0.9309111534126453
0.7826742145791753
0.7749636752411733
0.25450062449182415
0.3139740465787891
1.2713374402558213
1.2468633744987987
0.1149621137588519
0.8098894393724623
1.227883048802736
0.3112382408273942
0.9881255383309469
0.5582179141700311
0.8192705525543291
0.9937878200250565
1.26290101311965
0.7124342195974207
0.6549453079384733
1.0474765741123324
1.5655005407696931
1.2660874723756632
0.5789067498794812
0.4097245145993594
1.712640619238047
1.0634928398985026
0.9083262760705451
0.5835192474332127
0.4532230979396836
1.6941772926871828
1.1076969133493553
0.2210557122023264
0.8682941684796883
1.4593500225489426
1.7234538006129045
0.8601769357081155
1.3501360590364442
1.2250095810612827
0.4676581127443632
0.3237068317849609
0.9121482937168939
1.649277196710474
1.344583754533074
1.1224089435101319
0.4984836816993688
1.0845653878314507
1.539606479035429
1.294509210983867
1.3545062242980905
1.2413276837577945
1.2998705380290045
1.0126206246748004
1.1912009312991017
1.366391086830025
0.45791639025883324
1.3963481956569157
0.23691869797793205
0.7155147664435485
0.6428382088116575
0.8259080642583461
0.9603333926433498
1.406218323670309
0.6895347764639663
1.0051095501553913
0.2867487896308875
1.312040257168465
1.334592984343271
1.4921367965375043
0.5350313659282879
0.8409457425566368
0.5121757124668169
1.2127819370926762
0.49243953942061586
0.4122152981258814
0.3489526338018033
0.9718225723031617
0.29191210434941867
1.2114584759623652
0.4862636113067917
1.1583854797577995
0.3287374597383538
0.9057015994908586
0.3313675702924024
1.4627859674163255
1.146711498746734
0.40403407703015104
1.4906729053685184
0.4271714100448652
0.2847365711915666
0.373614262266625
1.0313276952216317
0.7885307365727984
1.5317812388132672
0.9706315547769667
1.24444459257419
1.3548428286568666
1.2885790978148515
1.1795813106120887
0.99219924155669
1.208542824271734
0.8084397524047386
1.374639082702095
0.875530893433054
1.8429660372851953
1.405177372365947
1.009917219320426
0.9723401372847384
1.2473711005654955
1.6176927474934693
1.5756809688696867
1.494872807358169
0.036005378022696655
1.5024772268326443
1.1176472193477056
0.43697266223475734
1.6053564612712692
1.7755642037837964
1.5703552093184432
1.489741161564062
0.48443729557276
0.21778585533032738
1.432548741210677
0.7961674131595008
1.5845351060941906
0.8541441537784679
1.0366292274984703
1.351245441678178
896/1024
0.767017860108656
1.680857946150966
0.4522607062359121
0.9584593459036117
1.3952354035185772
0.34510305540526903
0.38999076736076654
0.45693898443546443
0.40326797272995124
0.4499419758821088
0.5947770897082709
0.8879963153784076
0.17425346929971325
0.4395453531787824
0.4079848259198678
0.6361143458509324
0.38431976598700557
1.2434322194431338
0.5164972619370787
0.5808278631781417
0.8953115609504978
1.8128621474441662
1.8017226521872804
1.1558424879219433
0.5572251546698243
1.6486821187288
0.6693569050804314
0.9804826895605859
0.8433418597880352
1.271179477184442
0.7692522434788087
0.26413457926217004
1.6998196165644552
0.8732168070719895
0.23989245726257535
1.0102398075272667
0.5999180792516763
1.0663670959604614
1.5489315108835218
0.45555972236897285
0.41801340124233916
0.3275073634474893
1.3278645067536765
0.6684403420423932
0.5187957471458586
0.7372924537176884
1.2568963607379784
1.7411752986757527
0.183176715485
0.4787276560190747
1.010469295372589
0.21181339099064433
0.3612170436923126
0.46867309087740927
1.2207860391437013
0.6931984048571745
1.1445802080205416
0.8976310276804553
0.39876626860474823
0.9931967845064167
0.31228102328136065
1.4779735457615033
0.9080266687277756
0.8466890229975524
0.7630872045554693
0.797957444637128
0.3724829065177247
0.6182616827565375
1.0782511583067471
0.3936913670514289
0.45837007623378223
0.28187196345158044
0.3636259580455371
0.5154664518138558
0.254769516699363
0.5856864041836639
0.5236749414368442
0.9468315695235111
1.2890106161760206
0.6483411996716759
0.27887056381676223
0.8780197007900872
0.9121175604172466
1.0059463148854149
0.6866575033986753
1.0175265957149155
1.296415247196673
0.08667042604304415
0.30048756813091565
0.39011220333165925
0.9747150395374371
1.0883191276422943
1.06194087547246
1.5393492640369457
0.5182886430658701
1.7340844147394665
0.22323243964824652
0.7648801372037651
0.8853953949150877
0.2735957068770402
0.5363901889344981
0.6940231469615008
-0.05984621203805368
0.4682198704468927
0.37386805343733237
1.0127702576488897
0.2567519121141546
1.316153501155385
0.8794358153869385
0.6004564349916192
0.9664447992641212
0.26832179144727686
1.108014221412663
1.8278539348289864
0.9162513201798665
0.46899810868100134
0.5100230998966537
0.16589557431286364
0.756588795537551
0.4690712928162551
1.3338850405045686
0.8162106389124233
0.819417387289944
1.1485546470211694
1.0128358888681315
0.38803449849819216
0.8587375620963837
1.117198949001624
1024/1024
0.7635283724341078
100.840064 seconds (76.83 M allocations: 12.896 GiB, 2.78% gc time)
λₖ = 0.4
Warming up
128/512
256/512
384/512
512/512
Measuring
0.4742772727900578
0.6765125359299186
0.4365555296902968
0.6466797118302228
0.4772652353942445
1.067331833870113
0.5317320336681276
0.3452228561061082
0.5120600916121671
0.6560361655577881
0.8769168330151653
0.7319266361803004
0.6746403087636487
0.435029899233974
0.7038817931149266
0.4419879443709879
0.700551895501965
0.6016385084644638
0.48730103499681915
0.5470621709857277
0.7321515848852316
0.4417111733976868
0.3284534763789706
0.6016112767084377
0.9930945481584093
0.49512072932295326
0.6479094608105632
0.6560844399089967
0.8189789780389363
0.574896051236021
0.49782671795882827
0.8003128070535512
0.7696502666118792
0.4605168163801532
0.9460004643969142
0.47349999353593625
0.6949501364210292
0.38893619945198654
0.658783687785309
0.760020115308182
0.503989673374653
0.534126168448835
0.6497091088889266
0.5503611108519502
0.4671569768008222
0.6472445320222666
0.52726996066653
0.4874211793777269
0.8254734659661452
0.6220032929139897
0.5351505263120901
1.0101788138525472
0.4619593431009138
0.5275354651200374
0.892309253908149
0.4539103959718118
0.4890272313217825
0.6717689674474602
0.4379189109244827
0.5085677612571975
0.46282644671552264
0.8932745668604508
0.39667855545262465
0.6337626632460065
0.5781401519049207
0.6260554490704446
0.5656865869753362
0.5442730874326456
0.5168037713432352
0.47475848346836047
0.6452051847782323
0.774969905579011
0.6695061530480272
0.5918796313293757
0.8029992929660303
0.6600339799950241
0.9411445883861164
1.2702131270599186
0.4892103335873529
0.5024753161687554
0.7453817348860222
0.7986285193231001
0.8118099629971014
0.17355069824078106
0.8871904303493484
0.9213228675525194
0.5657234401048548
0.4622923370477894
0.5109513485147463
0.4752857348016041
0.8413545351193408
0.9137806541382862
0.8202298872665522
0.4861604945535237
0.4928559861784083
0.672497172258213
1.284792338559041
1.5328352289271827
0.6381587588437581
0.4125050722934206
0.4896566196835884
0.7211688563921499
0.4642657582114009
0.7369331186924993
0.45880262590030474
0.9215007691092665
0.49434411636741427
0.5694897006221958
0.4710187360437763
0.4894710861810795
0.5680453801480313
0.5375785036638112
0.5554843539118364
0.4495097665053025
0.5300922890494719
0.5244957895259035
0.5670691780212015
0.5615381811540869
0.7944596060706541
0.7513809990165679
0.6561371872837919
0.5525721701267551
0.5489897889926818
1.1367081253584213
0.6836629485618915
0.3515714044662034
0.7495059619237465
128/1024
1.2486843443499338
0.9629428353136594
0.497742303828959
0.7238345325993101
0.5393952316911215
0.5472630113676669
1.0799206299163946
0.9585608344368945
1.0330799702691245
1.111389007015221
1.0398170528228128
0.5670938332943727
1.0784641281311231
1.2882011834225837
0.5527015808889245
1.1368419106786194
0.6188646187125545
1.0113231003416385
0.8834166522868032
0.5448630034434081
0.8507247287954603
0.5019096686391267
0.4821835640233172
0.694326838761991
0.7433832294338061
0.7559454248589104
0.7954717897364186
0.3714799125005815
-0.12389009553642383
0.6136418037093414
1.102385031954898
0.33027840348351656
1.134331041168282
0.791150781436537
0.7281079959745544
0.8707460695916739
0.990947614028777
0.3399531431920404
0.40594201520404116
0.9837044431838118
0.9423719672514982
0.8413318310142321
0.9906511191034193
0.6469503104446466
0.8801569870376638
0.7075023930372886
0.5035595725555089
0.4955145424864195
0.71933678760924
0.4065075743280653
0.38775743655351214
0.8438750672915107
0.49530967521377933
0.6088895149622403
0.7165765467410955
0.48842089469791855
1.084787594981757
1.1325074294418502
0.3557337137515315
0.9236108281948402
0.861616321907633
1.1989293532469962
0.30202612601941503
0.3572693342628349
1.080186756525712
1.0322262920089655
0.5739880034971776
1.1485477875696868
0.8475381462065303
1.4300585979953027
0.7831541239826704
0.6743702756790446
1.0416168914328159
1.0970472252787606
0.40783331289732677
0.5879749246584687
0.48917530181656654
1.1585451693944928
0.8816727563098381
0.8903762273163937
1.336002992489731
1.015509665998613
0.8630175918511829
0.7446686017565126
0.29957229349819514
1.0815565545656978
0.8340798702240979
1.269854846850787
1.0112124753947098
1.1825488158211048
0.867804496835324
0.701174369689509
1.1101492026189852
0.5325137071924139
1.015912317930604
1.1839768001892592
0.448488923345109
0.826536332757434
0.45782017614899506
0.9354987519651534
0.4101326098463435
0.593873931065797
1.1440044536001803
0.5554164178888216
0.9649627550201966
0.9802148913589549
0.9577140470180603
0.47219707830835966
1.2521531980102985
0.35470583634869035
0.7204708757432601
0.24114917201694905
1.2300720660553597
0.88487765640896
0.8443914180384521
1.2170959543525348
0.847092483537165
0.6173018479453125
0.6065410455084588
0.361975514307766
0.7574088603307472
1.144413680085804
0.6607009379587921
0.915547493185859
0.5132794268412976
1.1504179795420963
1.2136141311541078
0.9326178335763102
256/1024
1.1798038941521276
0.6632296579779433
0.5144514286680633
0.935496644392521
0.18588937732388158
0.4339094063714652
1.0723626699872795
0.5476498594877497
0.39372993025002506
0.21084699612375013
0.3785156644712767
0.7113602476118602
0.6157995145031221
0.11182126011270557
0.31599339626827283
0.8109966921743376
0.2902858277832881
1.3946056113445118
0.4466477111829089
2.2054135930691534
0.2850743453119099
0.2529266823384363
1.0082072221656448
0.9783228220084532
0.6391775516657537
0.32141241897016243
0.12870235650123318
0.8094634145343893
1.635815196381214
0.6685738164210168
0.33593172508132596
0.1652350112552132
0.7022056442757512
0.4720655125558353
0.6039779737625973
0.3230625139563495
0.38979666426843806
0.41956777460369066
0.5674049903548213
0.1556016093860838
0.3727896647666418
0.14506361507083362
0.4583533838597746
0.6476560391804991
0.7082272135127351
0.11033162444039407
0.6592834827256009
1.0104364670063453
0.2908983329301815
0.39636791891210543
0.6816798786625575
0.3687665216493502
1.0687004241128482
0.43964999472868677
0.44121333065991064
0.5343367440469523
0.49514541315318883
0.24729474636078114
0.1690819336706989
0.7066438016966252
2.0715903488093446
0.1519229371087466
1.381125468242822
0.22358529397721372
0.881315112113411
0.5935177855043008
0.5381600452439859
0.32722376361094513
1.0926764220938203
2.13011122493052
0.19994046678658756
0.4594712821398837
0.43870696913453994
0.2726980822693351
1.3692476739843356
0.6115084741459517
0.634759824350314
1.6048819328414352
0.3197960407824155
0.32755433796260885
0.21241989349113105
0.517320635827689
0.3496544957675958
1.082645586856876
0.8215046222616542
0.4358458744877003
1.0212250213147416
0.21653296644035894
0.4274061914908762
0.9802624635661442
0.23016447869624404
0.48005879687960384
0.8526934392957086
0.21922513843830616
0.2742483831272602
0.1945261619306516
0.18338870459925524
0.3179352683730894
0.6260049039224784
0.4085849241198388
0.1769577104735049
0.41021032824769654
0.47667060028478264
0.3049610487931049
0.8633305780947806
0.3659180413733082
2.0139525506591576
0.23743534456599613
1.2250758433979898
2.06010039892497
0.3472079903663532
0.9398446292964484
0.1920638627945091
1.753471905102503
0.21907545127531666
0.10882642060537477
0.6397327724825034
1.3663599876731152
0.6203196676677395
0.8494439750228444
0.46684374478221025
0.10250675324970461
0.3083191286282986
0.3189564796782346
0.44152072701052847
0.9673414817968748
0.7142894501010646
0.24944090342045405
384/1024
0.1848243497546035
0.20715460723928414
0.3223678631070086
0.8136282467015483
1.8458129148571734
0.604460415791022
1.4985810385337666
0.35113946452269107
0.45742125406264444
0.9748497460574603
0.8291782617342468
0.1964375944863974
0.5181077845220305
0.583260373986729
1.0406138096974185
1.0856852821142264
0.17437102689626321
1.1500928732568831
1.5190703658188498
0.24687115732044682
0.6631020056855977
1.0385966694711195
0.5108434396782855
1.1185217186957408
0.23292577525927172
0.8649532413427898
0.26818520667820134
0.3777575236299062
1.058017704596976
0.6212912432751313
1.539488000638145
1.5222766234064573
0.4018400498490535
0.8444188954715526
0.5415918007419219
0.3600842649713293
0.8364555509910928
0.3425075952116239
0.9585884653054055
0.2727218239814727
0.6725569264116988
0.9796010645863442
0.681617633648145
0.34688726610171305
0.2943492160243447
0.794726527155887
0.9513227839425487
1.366087233778861
0.7166418891192984
0.22887105796668394
0.8980657197540113
0.4093351589183294
0.7427095522293318
0.6023667342073648
0.929782591381985
0.3946423839520598
0.5014562183988661
0.48780550527318994
0.3624703359496047
0.5680511437388698
0.6162920899335238
0.48714382078275675
0.6847462890176947
1.4797785260748146
1.7960773330174167
0.5406582506924206
0.4496678749383861
0.44920624755301064
0.23793702235537081
0.5577810143270252
1.1791619425428448
0.5689252679143396
0.6658720673133605
0.45575996997089174
0.8158136931912872
1.7404850110962757
0.18421686567062923
0.22976652313205365
0.4666815807960577
0.25313506184377077
0.3595280454273136
0.49441199590631163
0.2951845326301332
0.32051932147295753
1.5785745976746972
0.1690195839781261
0.7021885651030373
0.6617714053664804
0.9287200251869792
0.9175281216546818
1.2432556002448638
0.8193925511995697
0.6257722324944192
0.6566227250305231
1.579737897084074
0.244176840037582
0.2834585940594736
0.22424141151798427
0.3665969052883197
0.429787244314813
1.5353121751513343
0.39851889114058725
1.1934011485569669
0.37363139148044877
0.25785383388080146
0.31874327639196565
0.325561865983641
1.322756312333302
0.5852715225810909
0.45397998586578026
1.877470921509484
0.6739314524469127
0.6924739180528121
1.5201363222055067
0.38976003798155495
1.3722032124700387
1.0552642242881571
0.2514950615338823
0.8107999877843449
0.5394175286704002
1.2500012971498788
1.0635874473408053
0.4060702553297904
1.018862459956006
0.8026438086843266
0.9453498791835979
0.4283012172829317
0.8989176809393843
512/1024
0.24409547566912526
0.6569290513963124
1.0153893907938596
0.3414620818676765
0.3960754803676498
0.3073121620136453
0.3150590116707027
0.1685619744804651
0.35741796030206285
0.9271825632645623
1.6074228881435197
0.4173464128699332
0.27375803129805093
0.5477672970226578
0.7561028334034147
1.0112655269849815
0.31315471591490035
0.501153512667912
0.5134631566165793
0.6425695484423217
0.4334553205629491
0.8554762573493356
0.3649512842955731
0.3554566456036866
0.3854014579162369
1.0021486266395505
0.16745354911057847
0.3376763257341056
1.0629415285499768
0.9582094729766167
0.32251055386586835
0.6633551570128273
0.20492311144691788
1.1396283841945691
0.7819093148131587
0.4959386887923878
0.5834702066335806
1.0943957957540003
0.5172205098189959
1.4103725405791032
1.5546910136501735
0.8482486099666317
0.31624882092709516
0.4304116286490185
0.3361748969015037
0.643162723226891
0.4449941723623676
0.2430467969385363
0.27069298915278717
1.0440040904109842
0.2821983835769307
0.44739908556165026
0.4043860156007053
1.371369390171218
0.23438040565577292
0.44697726652655106
0.959861264318923
1.4769596814755797
0.35913577653985695
0.8375178745403815
0.36633410982320447
0.8233472133991498
0.35514440279818593
1.022382546830395
0.17987854810652093
0.5466227141654166
0.24647186907186824
0.17010267946497315
0.3268017585360853
0.8180983371180758
0.8660791701136082
0.4562556292099571
0.24070698354450076
0.6344177659025626
1.3537465729811147
1.3695254410324755
0.26756904539518206
0.2977121317580099
1.1600742984711148
0.5255582740015527
0.17094632166422336
0.19781824168344078
1.3040891921635223
0.3107794341239575
0.2226488482053145
1.436745949810139
1.2186822431592623
0.17585556833761523
0.4072621526868
0.5350154621705616
0.1846240921066628
0.2930044125012118
0.8068194102296493
0.21108747867852506
0.3150449878099967
0.22359931046894327
0.743051383969701
0.7517168135948973
1.701556268026836
0.5136734316645712
0.4938305308689612
0.4072325704327726
0.5665305696302795
1.2165406612711682
0.7577847323479855
0.17682329032838462
0.30826077003481334
1.336592991199081
0.30735139713431314
1.3104982539020307
0.569628194914463
0.5233105340714153
0.18784890386329584
0.5911327166381947
0.6286695048902899
0.849881301763743
0.6415013740859028
0.8152334971373995
0.4331495566726709
0.35413834095883995
0.886452250570989
2.162656592293443
0.2312109615354585
1.3693883417685404
1.0736669222992927
0.8973015885573672
0.20218642865604086
0.4969724591796678
640/1024
1.158485987712226
0.6880968091619177
0.477425963581856
0.5063039572288462
0.97110501805015
0.6507945975282894
-0.08368992854483459
1.2005986938521516
0.866430902749174
0.6056656608712779
0.47202059109650896
0.8923277259363487
0.5732278544024616
1.243615592922418
0.6076708334199143
0.6481124902061289
1.2253292915847012
0.4835698737853264
0.6358955457937518
0.632609549576335
0.4400566728400369
0.6616267319167835
0.16384765279555036
0.5836991025873908
0.45621489013376754
0.7754822549659959
0.519333451692068
0.8066721183247458
0.7303662401406233
0.609174479101618
0.9993029417025332
0.9356040596967309
0.6595869996709514
1.050845459215608
0.6983062852772459
0.6460424858024301
0.18240054048864873
0.8225266105359096
0.33919645616704236
0.8371422617625022
0.17002186355681054
0.42872418071009005
0.7811396885033557
0.5979633047672366
0.4687580915597413
0.3932715350317618
0.1545272321567201
0.892611816398258
0.3304069244333472
0.6627970283205473
0.45037092492167213
-0.04028141991117362
0.584269137282522
0.1836848466147593
0.22901117205803118
0.6988497704413273
0.2981481457662957
0.7480763917880109
0.899370047515033
0.7086633333187159
0.9878590477081901
1.0979092023716457
0.5138771795752177
0.8659573735662822
0.8959862448458036
0.37407380848106886
1.0539691527761086
0.27062597667926086
0.5428591790366466
0.39333957189578017
0.9556090410258695
0.2714294361409231
0.6923746766501829
0.35656253147330336
-0.09253908187088566
0.3429861585617736
-0.022454882506353635
0.5352179653097586
0.15184104439426244
1.0586911744181995
0.554975580205416
0.3993155942871931
0.9782207968179992
0.5823838316968206
0.651567086407497
0.522521199565741
0.018833745523176404
-0.6236115657976142
0.07089541770446178
1.0429237142713035
0.42012033373871155
1.006008281516958
0.08922751997925982
0.5110262291084894
0.8728693763083051
0.5288830954478506
0.9360915037131525
0.6156391796941733
1.1200710227620325
0.8032770614043595
0.25198528688597255
0.5361558704691354
0.5467626030298994
0.8074533232257013
0.07091839851806037
0.9487222151397532
0.7339885144393625
-0.026893167762883863
0.45465971403152516
0.6213799673644416
0.6561118992214627
0.5892545262674446
0.4778464732689491
0.28707166651398086
0.711724743294458
0.10638173059621958
0.234434893115831
0.6244742306160933
0.48165310669638384
0.0255733086236275
0.6419874834062946
0.8570876588576108
1.0558771341115514
0.6354545920827317
0.9205796836017165
0.6585040961840536
0.9670663528199412
0.10561478685317233
768/1024
0.37643953313216105
0.7707794525373436
0.784093006593907
0.7852372746364193
0.649751340751733
0.7813735806781805
0.611596405513239
0.8081832783600761
0.7557173304980855
0.6439067105592509
0.7754168273135167
0.7480694248191962
0.764434650384052
0.7877609471670265
0.6647679230878172
0.7177061716202934
0.7220203018844414
0.6305224191613474
0.7062663162421718
0.4280443523950825
0.7137613595250856
0.7385147469119712
0.6909844278450235
0.5942637708667772
0.7155048014053714
0.8166072921583524
0.725528602548662
0.6245769850467399
0.6795581607091975
0.7346789234588829
0.7771779874657873
0.8622309854227335
0.7598131092908451
0.6030189053680493
0.7290712960446675
0.7893686975036822
0.25359559802945525
0.4499720233299205
0.5983223469255513
0.5560246669032936
0.6629004930108626
0.7616655706402254
0.5086940282106821
0.625087255888532
0.8194809003063472
0.9585793319588444
0.666640870275071
0.7048008883016882
0.7460740926350016
0.7990869298868145
0.6333175859369297
0.8075974148740304
0.6779895244783328
0.7399423033816781
0.7328286932841258
0.7823942743549767
0.24069474422205078
0.6497189506893144
0.7528450657638361
0.5896634767017557
0.5120922415506284
0.7879978335648019
0.7624971541704519
0.712745405537164
0.7230860628371966
0.7544474797906958
0.7405673349693244
0.6272908451002845
0.40688491709002494
0.6820159756692276
0.7626464916797925
0.6581822451719009
0.7077078751750497
0.792509326605591
0.7958208898832347
0.7172349047449145
0.5579583748981701
0.7207018185329819
0.6674196046106029
0.6960185193693547
0.784903328054904
0.3111049206672577
0.7107890102628399
0.724787721753778
0.8548524817790393
0.7221526874058388
0.6198023286427861
0.7597914367119493
0.8671477876006282
0.7524662794933581
0.5935151704598891
0.6821809093411901
0.550126598539451
0.7862161847682188
0.5475011287453891
0.6145864386110036
0.5923609024109902
0.8936742369332427
0.6530886968965989
0.8709072714265597
0.6877140960650587
0.7727043343453237
0.937039038984238
0.7844498551698245
0.7196201142682344
0.7333292352797374
0.802061560552789
0.7237431044220523
0.8017212067509095
0.7153721916801914
0.821247919241124
0.729799436435203
0.8048703992932527
0.6865302593898404
0.6943330993070835
0.6594186340375042
0.7692248379039595
0.7882095071316955
0.43090141858647585
0.6578918719174985
0.7170398847119845
0.7216085876061787
0.6880938190361834
0.8930291126272761
0.3660725903372776
0.7531313201109351
0.7729637723806415
0.7143667315819449
896/1024
0.7780262077480375
0.8125120881848165
0.8014392455155661
1.1266981224030121
1.5589612780501316
1.652670993040651
0.7344789637209115
0.616819842036464
0.7030753394391205
0.7154338275954678
0.8692735064385755
0.6341873942025836
0.8385766257097577
0.8919936641918528
0.6491411161851839
0.6952125561793364
0.5826607560962093
0.6562610015217
0.7043534141011105
0.614692093231411
0.853329199060534
0.7656278178932578
1.0999482191450793
0.7770514248406961
0.7306181212134882
0.7854844337596358
0.7346742824547152
0.7718444374668205
1.231436169318139
0.6050611152368944
0.6851158988393655
0.6705230222927466
0.791759358350686
0.7359178192029623
0.6683958834513053
0.6629845555921665
0.7426674612343409
0.7904731633808431
0.748136655242017
0.7520555423345705
0.6477493094258757
0.8334517670378658
0.8983695303208967
0.6304934984930626
0.6858970259673477
0.8163545218516308
0.8563453599262701
0.6534551767557334
0.828849390236366
0.8055451085495071
0.7752481184709199
0.877841742992507
0.7961390204056139
0.6365730655688541
0.7081717260113654
0.624784942324083
0.8105368402692482
0.6446584089445051
0.6396595500366004
0.6385054945284343
0.6252048704212956
0.6130424581981606
0.740797533260531
0.6969079520343697
0.5786587538442826
0.6310434571044542
0.7508541447636439
0.6666294631244273
0.5976213413455542
0.7584336063257728
0.606505819007779
0.6285924127014485
0.6517720065100278
0.9217347328197796
0.6255765439591416
0.7706875381332041
0.770230291535645
0.8404282333731794
0.7255555955741023
0.6247334192658254
0.7189838666169905
0.6886887679727677
0.7034003234271946
0.855967197027288
0.8306765678800268
0.784226835637384
0.8001787909005542
0.6304192278952943
0.5866454256030144
0.8541582049386979
0.6941205169888396
0.9845382363146529
0.958004109721325
0.7431526504920085
0.6828229964537399
1.533042404154412
0.6422701736586922
0.5762703162585705
0.7196928555925938
0.6317523811076021
1.139987952383237
0.7152014636990625
0.5690110266969822
0.7785219970787363
0.6377373984337851
0.9309625264328986
0.6933006412883655
0.6031301187770074
0.6079187187354596
0.601555161281285
0.5669040523563028
0.9245948435963045
0.5763414890719267
0.7834462874072252
0.6212137229101891
0.6267807418939646
0.6680290637215099
0.7212081269907938
0.6880327163526252
0.8111351518892795
0.7979462725659914
0.7057112994315782
0.6399106695673217
1.8624482452470579
0.5850203851951197
0.6149005613636542
0.7012839606209218
0.6260317655787473
1024/1024
0.6837290198753767
101.081304 seconds (76.83 M allocations: 12.896 GiB, 2.79% gc time)
λₖ = 0.6
Warming up
128/512
256/512
384/512
512/512
Measuring
0.3078999666727895
1.017098690380016
0.22332957888812716
0.28237671617286714
0.6922857846862083
1.8079473913430697
0.30558646211263313
1.5940161853703994
1.2603724428536593
0.2675532959221619
0.19215183423461585
0.5767109544018854
0.7510625902204591
0.5469928395397654
-0.8805208290598889
1.1789539245090257
0.9195307977620094
0.6166784094507762
0.12287073151414077
0.4382926661169125
0.5557666973522682
1.3418211024799518
1.4018476497800199
0.7218974917671449
0.57412835902383
0.2382766658513637
0.19486003163276017
0.3865989000699015
0.12972404922009848
0.2526525055375813
0.36772712739398644
0.5272574211596298
0.5088983456968852
0.18169165216691774
0.7121864249939676
0.40346731920674545
0.29593977730029936
0.25310314736127176
0.05249765150111474
0.33989806701057684
0.6415336784007328
-0.12572287443567615
0.26571324010177605
0.600537294418026
0.6242672894015089
0.304919569247529
0.32134089193786886
1.2557606469614786
0.46117305376471823
1.574732898956033
0.2084124351171815
0.19800354519846994
1.2866859183528372
1.3440686459519038
0.2221246889079486
0.39003650211648594
0.40353863841471727
0.028791179256313526
0.25792677898635946
0.24473839404910297
1.0017872403462866
-0.10267765561869735
0.8246437965943001
0.6344144950444641
0.6431848164051539
0.6066013233057942
0.7203431677963035
0.7996829566500802
-0.2832121625980042
0.18126846079542977
0.0014981475824708546
0.8637793332985944
0.24253239034022675
-0.09332591435800752
0.17294361147481963
0.2134209498011865
-0.26167600710513716
-0.047679504874469036
1.6326665907038036
1.0128242004868628
0.06372805660951364
1.1345491397554275
0.4172780087930398
1.1987997878567447
-0.3854637562803088
0.1829887619924423
0.8198225906027183
0.5653943646266317
0.5489180142894062
0.6366198087802847
1.0638791015385827
-0.021857542345677772
0.10239416606653656
0.23988120267385374
0.44510567494952313
0.06610131436605382
1.1720173820899837
-0.3663325492866124
-0.48755520693951504
0.4730574122436234
-0.3388190562962067
0.5999054591959091
0.38717642120393037
-0.11265904301619933
0.8866838040462561
0.36316044577973133
0.7572533675201557
0.38793875754417895
-0.23279411115681026
0.49966968383068205
0.5079493134910892
0.34150576064337457
0.23397537530578658
0.5334851984127233
0.7896605560946616
0.17685325540070362
0.5677280464783746
1.1160029364707769
0.4311232459542532
0.478404304997583
1.1492062035066448
0.4433415507802603
0.24600747806675938
-0.005374781683445851
0.5498977000255705
-0.04325900135064897
0.2242944696060011
128/1024
0.6463164120419014
0.6401265935685396
0.6648060049197115
0.6115546362933009
0.6714607353222728
0.9187843882723081
0.4635502093410198
0.690059888762746
1.1419237748837046
0.627149688792493
1.256637525606779
0.6085972812957737
0.6272375964715831
0.8195937388933112
0.9099527402254042
0.6157344679423122
0.9051504808863107
0.643260141715766
0.6626513087559434
0.6872914306255243
0.6720040597374388
0.6817849927006319
0.6248123012620566
0.7155666973437046
0.6558943337683545
0.6852947169996961
0.8348592509725301
0.7432720425554129
0.6877169110893766
0.7304065405362679
0.5979184544676266
0.6925039822108461
0.6169353902963983
1.0820264627212275
1.0035556447755762
0.7302679654101136
0.6858759110624719
0.5583077648560921
0.6428534221013076
0.6008026030779597
0.6790076841393284
0.6618670896431226
0.8330038755908863
0.7209741752145352
1.2400604366202401
0.665923476201624
0.9911303440018937
0.5984127056574702
0.6476951349567548
0.7072177593498576
0.5829423599725467
0.6636915716894252
0.7119803285512762
0.9535525413248171
0.9749310941340701
0.9798124374490288
0.6707223249462462
0.6138549950873714
0.6475539284898111
0.6561609526774663
0.5988812229050958
0.8993226043089264
0.6696519487987876
0.7987751517951838
0.8215554791156767
0.5541414245962599
0.7394206234738813
0.9213512339888724
0.6196577690943537
0.6648821807444382
0.6682771397430811
0.7847167280545787
0.8235068857623714
0.696541091933793
0.5947709798488905
0.6067596030913476
1.1262242219177148
0.6211039812144301
0.9125725456418777
0.6045629793484483
0.8357376600006317
0.6314836748272552
0.654068505608859
0.6849522191911556
0.7680192954450555
0.7687334096548795
0.599884405101565
0.5871061595717003
0.5677551047480641
0.7918260625222839
0.6026896652938489
0.7813597645826066
1.0044042587695912
0.5257933060639297
0.7523438457094226
0.4912115785947034
0.8566472316521613
0.625737450037052
0.7125118135292767
0.6595969507249175
0.6854465254601083
0.61310593269957
0.5967639736751709
0.7722816668621892
0.9887266381249815
0.7503960631815174
0.8217405370866506
0.5970309262339002
0.520731784469008
0.8184245740205895
0.7184039567908415
0.6606682834561168
0.8651052301476452
0.6937387132018975
0.6282939731296673
0.6552190520125689
0.6477817052447628
0.60230315835317
0.7917039833009656
0.7393730590132563
0.5935207349903203
0.6074846781332051
0.7214776584812532
0.6217098186792032
0.6211934911138943
0.46418907855801456
0.6214463516854726
0.5958049461076385
256/1024
0.6031502396103292
0.32829726590283903
0.2420409504999956
1.079792820035477
0.3443858997366094
0.18756033472467565
0.6503257875506305
1.3208423104479479
2.096633282345678
1.0318598961593684
0.38912880942252315
0.7155357438988837
0.1966829043746432
0.47618649693590936
1.4093783289796955
0.6802934235911349
0.42254142170907627
0.3188378628270654
0.3547570708923101
0.6232447819807918
0.30251297965818624
0.2829547722893348
1.011257784671481
1.2826870492130056
0.820831144204243
0.999026302694862
0.22247795546981491
0.22534549282127447
0.935461350136286
0.43899234835994005
0.35306854611431815
0.2031609632065467
1.1732576181305439
0.22189261756054734
0.47840658550149445
1.1482482812102524
0.425224526661483
0.3147257650078761
1.0558135504912802
1.1856714644481847
0.4247661747685384
0.38172800115138283
1.2499219245532307
0.4033626563652647
1.445628589440708
1.0154276590662432
0.5423265261309969
0.754411637495972
0.22957861264105095
0.4202864009304785
0.19789928347918084
0.41432804605530726
0.39521061486834963
0.8323857515091986
0.6442605694055148
0.22551881911375957
0.4844937794294175
1.2566205346439605
0.37478240134842183
1.5238721360036833
0.8502770755149935
0.20682108083992123
0.6245789891307205
1.2137263486029666
0.4211962707441547
0.3362284000330348
0.4504822429780262
1.1093857047168418
0.9560334627523462
0.551383204547924
1.2210977570114228
1.1368838215264154
0.6446296492275164
0.3436179493439884
1.40900799482684
0.5106941885675246
1.148845346052856
0.14319900459977342
0.8722044260708033
0.6856469718358805
0.22244613333322585
1.0980076646916865
1.264248046907165
1.2319972693718548
0.8392880246504458
0.3148055339106407
0.2583723410842922
0.8448302482307135
0.7593931376245555
0.254412416294924
0.9409948742663311
0.7146540575295465
0.7719559696478335
1.1713576919635644
0.3783671360629814
1.6184528211656926
0.39251285797724883
0.5146128477684362
0.36693670841608933
0.3787681103628322
1.7121481363352378
0.6197059531933375
1.3531411985575112
0.5636273263403235
1.061555675568159
0.3342473535558498
0.3839877231369161
0.9068019537236642
0.32981385729955637
0.6567282823119975
1.3382041532751043
0.9692498352857767
0.8605929378242405
0.20438144604598982
0.31619129046624117
0.22554361935255235
0.30091803424744396
0.8488041878246632
0.6569811538414911
0.5571198566294686
0.49563002411768975
0.9545220947839643
0.19101935858366964
0.22592184862374282
0.5587712047149423
0.191382253203696
0.19516458651945862
0.9188036664379589
384/1024
0.8841302041793204
0.593352896018818
0.7237829463694765
0.8035660596665066
0.7259349988563945
1.1413118440766368
0.683129343914299
0.831262857737183
0.5544994310895975
0.8079865182290937
0.7834836476643697
0.5018139134222444
0.9061191785445475
0.8153128133707498
0.5971319128485445
0.7592892230842556
0.781747477968388
0.8237583648532818
0.7283245094042861
0.7117180932433995
0.5780071832719558
0.5935714715303788
0.6551881744157808
0.8385472221885637
0.9537834214244318
0.5470473137747286
0.6450845430515073
0.9035221091363235
0.6746070792065127
0.7359181839063247
0.6518764970333483
0.7267457472550471
0.7044913204858794
0.7820445208845114
0.5669483866348264
0.8433225187356264
0.615982740929006
0.6317683819470401
0.5500868468682405
0.6203935977333196
0.6055261884696541
0.6348976443759434
0.9059105574286973
0.76536762489231
0.7061515131269388
0.8444721866483074
0.6990175984877994
0.4618795077077958
1.3743348707269245
0.6401376756886368
0.7045562683359065
0.7557003695758375
0.4817656930251366
0.805921138670139
0.7237240326905361
0.6900991168074841
1.2415038818066064
0.5455744357484948
0.9736111256813855
0.6549713429536806
0.7457098406481508
0.6251183154440724
0.7405595191783478
0.7551554404537765
0.7195411016776878
0.774329164155627
0.5273997961072571
0.8561091359812307
0.6790274322490528
0.8557725351531362
0.7994432706693343
0.723503213357876
0.8352941614607725
0.5581168210397951
0.8891284548250407
0.54820242810791
0.6522361175745874
0.575696150777891
0.6807160907068639
0.6478295831110665
0.6326639392729682
0.8646758975099691
0.9210983303646483
0.5611487435424392
0.8105409609570202
0.8971083074045951
0.6174803115502696
0.7750269965541087
0.5981473683431131
0.7182579412971766
0.7800965983370203
0.7147566180466138
0.7893713750913431
0.609685246161873
0.8452179206220312
0.6494330958436895
0.751864348747768
0.358467740404919
0.7088210575381158
0.6448798366924879
0.6573320403837177
0.7524900311755683
1.0113029795274504
0.9107695512269101
0.660703944012973
0.8858712659617533
0.9094493769835401
0.948659498114921
0.6668729986109349
0.7821310868343148
0.7479897686456083
1.0739762344066788
1.0553504987553932
0.8166961909431985
0.38503443873197996
0.6568799361256898
0.8690712269629604
0.9040061433871882
0.7923702311827737
0.7485808566639298
0.5794848333744514
0.641756252237895
0.8054468311914667
0.7153766333833492
1.1530479432946898
0.6435247033904783
0.6963101362351813
1.492199858480213
512/1024
1.0805910956008413
1.3278932973315696
0.749722808910158
0.41192010793292905
0.37805256152775985
0.4152399629906177
0.31045389952961955
0.3714746527860972
0.6705868718462831
1.1759281934819048
1.1553864270430108
0.7495586787681748
0.4143060413251368
0.7693317050255363
0.9304076030322572
0.8978030498885824
0.6375006148916804
1.0648606787766601
1.0638348265112683
0.6669548732020039
0.48983285625395795
0.43194691344146496
0.4341354173085479
0.5788694491612107
1.1369383244894566
0.6661377083736945
0.17961726833444447
0.9205891241713458
1.1292712040792627
0.7643855659689008
0.7924673577520827
0.7002256828083666
1.1637109093609568
0.9328009184306995
0.3268772030505186
1.0477697058742859
0.6441816809929589
1.1823405569882888
0.8094478387485468
0.6063027944187143
0.4399193610001398
0.4513111305702979
0.3706531434110798
0.9326608972011285
0.7328379710922751
1.1184253551723802
0.7602165087261823
0.7062151389402198
1.0434867279868425
0.8583968228024663
0.5388667644480574
1.0148257483783403
0.7006130807209683
0.12352044072391075
0.35856398179853627
1.1893865229964533
0.6109145797444525
0.326262476464632
0.9183793242539001
0.6038379405865743
1.139538197615256
0.8635379251458251
1.0220326515565885
1.156186071901438
0.7564533786162511
0.14060396982475792
1.2092745150317634
1.1922164408697542
1.0949702730251205
0.7915212551660334
1.1362713280348373
0.5018339637808883
0.4155966329763221
0.4399475967031218
0.21243956800114794
1.1851861790793774
0.7574462027758813
0.8947104377585933
0.9563317163767012
0.5799354945622129
0.8478337147443857
0.44301605068407357
0.5262584861167433
0.027722597156264822
0.8411661695888647
1.1154929660911277
0.4374609591252577
1.1814066784564767
0.9710348414752435
0.5239703429715581
0.2968651224202533
0.9387611440226261
0.857489890523229
0.6726353616774259
0.4271417758331409
1.1212966366964072
0.9104508644426387
0.9076777175777129
1.1378163173797924
0.36661547407880724
0.5506926287407635
1.0987183224247952
0.7479840472757033
1.1096591745020996
0.590713511276372
1.1091932067435997
1.0494172665843158
0.9406031763373716
0.316321960836599
0.8410078311794367
1.01769189653042
0.642761332563884
1.1975512242976418
1.0466356092769842
0.4857564171901745
0.334120258111481
1.2065760727066446
0.709131193763338
0.08547549490803572
0.812525118439164
1.1909308476737435
0.8027542649344378
1.1127867744221906
0.6253786201980975
0.6660158725679111
0.5375034371888349
0.4629267008944106
0.8354564512941764
640/1024
0.867820126318025
0.8068656672739221
0.7972191285436672
0.7681974306518466
0.6765366327340584
0.7111512805756011
0.6751023007584378
0.6716869340354628
0.8068120961986334
0.6989739264771975
0.7497521538003092
0.6926618996142132
0.7198171370578352
0.6990986132091257
0.7170140956712496
1.0108099207193404
0.714652235017692
0.6791214191462059
0.6883409024605822
0.7073356602524434
0.6759770197023043
0.6789274182722195
0.7058278973719234
0.7763502647183235
0.6937373989685529
0.7391417794215707
0.6857907865720749
0.7015408500898832
0.7563240977534251
0.7091224224815273
0.6942554661326992
0.7003466559157256
0.6923854110681695
0.6853011017099695
0.7378704990041663
0.6896079106535207
0.655878214771171
0.48099717618840937
0.5220836548630315
0.6941433629854297
0.9400133284962054
0.6890197698972809
0.710830610004668
0.7001717854860865
0.7225514743917155
0.3745773520840264
0.8447546521016749
0.2404313134336764
0.6793121681245096
0.7006055074892455
0.776304238682931
0.34421641281808246
0.8281571881905638
0.5812320029697975
0.66055275589644
0.6547596898780568
0.693685857797584
0.7560414449993327
0.45791504283761186
0.7132909041184234
0.27316756180050655
0.6941715435531457
0.7950949344874416
0.7155061157950611
0.6244138436345956
0.7002527828909577
1.4274961530867916
0.6978950184987448
0.8034950648281655
0.48542000347297837
0.7555851968234865
0.7096640542008181
0.6873638324808218
0.6516256018136047
0.7032150172070821
0.691436932061997
0.6966397728207911
0.706393258696034
0.6982325038292976
0.6714358356147231
0.41370802209456425
0.6748493328924949
0.564312189859745
0.7595878458811371
0.6740493818907578
0.6050140596439902
0.6727918370692918
0.7391379931547064
0.7140832532663954
0.6147714165572382
0.6701619552387966
0.6928477913161354
0.326181820121026
0.4904346881331794
0.6762722224788003
0.6981022691125942
0.6747383070699043
0.7645467037786725
0.6843219770967063
0.8220222999496403
0.6943976258561421
0.7871860173306751
0.7630310085964944
0.715913722030748
0.611935055087268
0.5635392224453827
0.6832228845917934
0.8174302313063352
0.41080747617850705
0.8561246776773481
0.6944921980908435
0.7052099845567565
0.7107348469242126
0.9884927953040237
0.696205807711745
0.801470509662759
0.7201048316464278
0.7527258530265968
0.679917787009489
0.7196405577754124
0.7091409994502613
0.6537046158068903
0.7139589822734631
0.6323007159196329
0.7513957885048386
0.8450816054755481
0.6893012607181539
0.6581778506490721
768/1024
0.5290547482645782
0.3972332431860195
0.9422157025217004
0.07894853272520747
0.3294370687678613
0.5530779382604365
0.42447082234275013
0.22114326881283455
0.44788517398842365
0.5659825000289775
-0.005175911779629949
0.848200941129136
0.4520086695375254
0.7822954666090043
0.10434265463517944
0.6830443697162781
0.42004483637458934
0.8593583673994372
-0.3562237449010556
0.05691979818227011
0.6889389612063794
0.3992015033771444
0.6177921436192458
0.48224689324811604
0.912995400452445
0.6180724516215923
0.5400959929002889
0.7498132944066553
0.5961837700184847
0.2547507100005575
0.7816490016671022
-0.6753699545315717
0.7907681152560532
0.7191090854331745
0.15909907981966542
0.11698155749520955
0.07697995728853113
0.7659768048169588
0.5250198436115079
0.2529095118026166
0.8482053271885563
0.7951605843173236
0.41105367216704103
0.22492374182673874
1.1045977286358706
0.3849732969201863
0.14265879858979502
0.8402853581984848
0.5595725794652147
0.10126309172898773
0.44835953877024903
0.5322948231358156
0.4309808897866423
0.9148318727726885
0.854100840672468
0.7988665893064828
0.7648040766353668
0.9040544910543081
0.43245007921511025
0.9106735286761782
1.2121305761748222
0.3869984164937946
0.7669605545350152
0.23086423100000147
0.4963893291068363
-0.27411869422148405
0.2821310226104272
0.3926738182144723
0.8959314371164226
0.4177724461390062
0.4374728366760004
0.4404786941684905
0.3946251393828548
1.1307784356838073
0.4500535961238136
0.386913602579264
-1.018721827485979
-0.26177048386606294
0.4023537857413622
0.8002362808081256
0.14451334304524954
0.6401667568967313
0.21950257379095095
1.1254911149365394
0.7492673785002999
0.5723641659674262
0.4457475494303448
-0.27201403422220394
-0.08767785529634398
-0.08652475469349796
0.04212679914598205
0.7456690645436095
0.29075903193047803
-0.7889151647784444
0.4056500946103188
0.35754100127201305
-0.02321595131496268
0.3461289255102113
-0.20437736727057532
0.27760012043386395
0.6441634648907657
0.8987257284727163
0.21087529854949816
0.9068393584531745
0.3046320702285407
-0.008117577424377576
-0.8352840588764356
-0.34687972201011186
0.10879912110688422
0.49276936775845664
0.6964930436657722
0.08041597523472754
0.7799038631619515
0.4523952436987746
0.16489004556325154
0.48511932378936873
0.19256498440870012
-0.15523887695770222
0.5936188955945825
0.955829638394875
0.7631991947401743
-0.6609325715845555
0.4922100950414312
0.9603892579003935
0.7324976181445002
0.10722820132492805
0.8272282905703081
0.8052133851486905
896/1024
0.6473655015869416
0.8317653881531191
0.7866359213791134
0.4845901553672639
0.3874593350473854
0.665340802964398
0.40340479400722906
0.3870624287358094
0.8211149332068681
1.8669866278148013
1.039262115039087
0.950947484687042
0.5113745109911627
0.9301973574307844
0.6379452433070267
0.5665924955093465
1.0125719067711763
0.48524140815185823
0.5103601630129311
0.6520191491134638
0.4008491233843434
0.35063833953081397
0.7627546047358467
0.7883330271687127
0.7750268371517257
1.0090765732836213
0.49232706873093
0.5305209628975021
0.34349316449699013
0.778033197387432
0.4917605704083079
0.4677821819597247
0.4317942073652949
0.7104877747811363
0.3874865280009652
1.3782464642142247
0.40320591322619276
0.4834781687460395
0.9464337619345642
0.8636380246046489
0.5583498277468372
0.3994992601316689
0.5053622727422619
0.3861823419855117
1.3087035151792796
0.7362722072913476
0.42810016852507426
1.1991412099374983
0.7812521354728306
0.7612825721779114
1.4155644776503646
0.7050844514706434
0.8781028247169852
0.5593433188222394
0.4779734560033207
0.6021175848250494
0.9900806470684869
0.38731850824131747
0.4123707624404966
0.6230908922682262
0.5612826234267293
0.9826461081645173
0.8636697684535414
0.4427428187588974
0.4732772868280667
0.6107485398621859
0.6325211489099472
0.7069117655180837
0.44116434880914435
0.9596283078392137
0.5169295572706384
0.5614595434414819
0.6663919439436089
0.7860099414652023
0.9819343922561623
0.8444914176142811
0.37698250595301264
1.297988693979763
1.0857012051446955
0.7021937636704579
0.9178909105487244
0.7361820816652042
1.0669124568495383
0.5471452216150455
0.4610113827131096
0.38569812477551
1.4698433317399464
0.6097546398995272
0.34022643809381914
1.6992539101851587
0.5064481096993272
0.3558886724968363
0.37121221400025955
0.9681073193531153
0.6548853467502889
1.0483617138959862
0.7542443456644277
0.5769933447713695
0.40769728480300604
0.5127036043465141
0.8085919047885491
1.066514398784332
0.4522897279914855
0.6998988252570314
1.000728292454081
0.3412035119264082
0.6157669408628161
0.40146505578169883
0.6035067191520811
0.366396518467318
0.9265975409137351
1.271464917310093
1.2517717482759316
0.6504382295708374
0.34466513733724374
0.4109477387175326
1.057799699925346
0.6079349013258694
0.717757441625804
0.4226100945236664
0.4738608286193348
0.4502501294427127
0.5999704562822444
1.0447815430536425
0.7178099102870192
0.6062373472605819
0.5625502056278244
0.37653199042248153
1024/1024
0.7061330305165847
100.712749 seconds (76.83 M allocations: 12.896 GiB, 2.81% gc time)
λₖ = 0.8
Warming up
128/512
256/512
384/512
512/512
Measuring
0.21549125682333398
0.1853388703422812
0.18477932282820062
0.5784238432243973
0.3339920712493349
0.31252899722727817
0.26823118528330536
0.12441123640661741
0.22190403153566624
0.18836225855352245
0.32286826835346105
0.24963902372251545
0.32211047565251105
0.11349407180279142
1.5924191389198732
0.16771469782533888
0.7075591381021784
0.2640495641188376
0.36645083949736246
0.5764983169198824
0.5859459522926665
0.8250172118528319
0.4552652675365756
0.920107120025575
0.6173437584779802
0.359233561708295
0.7202992142339797
0.16915549707688543
1.0525082472904397
1.466790069985989
0.22332328710880797
0.6773020418921007
0.7137347511043124
0.2277762416119774
0.2908438704890827
0.5495651936901393
0.2349021409563575
1.1223838198303824
1.5697168718003467
0.5421935555083465
0.6758571298142497
2.0542061046474958
0.15440233701474487
0.7021664860992125
0.17900395675380035
0.13354710956635474
0.37572843984685944
1.6024272383644989
0.4495293534205561
0.7546332601486323
0.1811419437311743
0.6244992430769851
0.22628133342177245
0.8564401428182041
0.16425018437836902
1.3950684366824087
0.22308621682684587
0.14512305421704866
0.25225712795397726
0.23773472476939939
0.9779534190282253
0.3223453915756016
0.19545993695261288
0.2613901073542182
0.25203012764312316
0.3245051667400076
0.6808014671735689
0.41062315151500006
0.17325511127907403
1.320336195319639
0.8438479949532356
0.9483469914703423
0.5820723922010517
0.4214027169458838
0.5625692522957271
0.41165487623376773
0.31991945394176535
0.16020861968613143
0.585747060254078
0.38579844740648167
0.17552858324228954
0.40300065695365117
0.18340197208415374
0.1481014739253398
2.0291187100221593
0.4582086383437134
0.2617666302999574
0.2019666283038013
0.2629337542629282
0.366054150254684
0.393081164755617
0.6774068569552972
0.3118306383436438
0.2289066188157795
0.18744964597363328
0.13847850864802075
0.8760749295663489
0.3462868315462425
0.5121843687790149
0.35636467764164326
0.19381208558487242
0.24269543921266676
0.1410424015100456
0.4223338610938389
1.1026299100379815
1.0159705146604705
0.34929114551544665
0.14792536042485427
1.1009222240976007
0.1628296599716077
0.2465012513761597
0.1508630949225296
1.0386558978373708
0.9861222553681792
0.24005349290254005
0.19821492620033626
0.35964018452408086
0.4349690705919092
0.19133370214113352
0.1618098110658073
0.13884890304370606
0.23795496810978128
0.2766514433280253
0.21349829929344272
0.2569197601309826
0.18925267675434615
0.20509914514705746
128/1024
0.9816419146698069
0.26069519821463455
0.7706301184247104
0.8574306077123127
0.9520700079275973
0.6243826931745499
0.47866992199897196
0.9308236995896165
0.9284161123601062
0.5899841267505259
1.0608316043979082
0.8713507886508827
1.1022612581889
0.7076815068381681
0.4965514395315264
0.7071915286127191
0.49348316480516874
0.5436411540552428
0.7598182925807606
0.8109238872622763
0.9016480053834777
0.54454291980523
0.9314287547629299
0.5150613790356254
1.3004762623673536
1.1117321453498623
1.0464413525467475
0.804321511451543
0.507447049607829
0.9058855227285064
0.6432226923296098
0.9404585703045518
0.8490053349703932
1.0145671522750073
0.16163333172500327
0.6603484993913364
0.5674705725826789
1.0938104414266099
0.6437787441087838
0.7632237650857676
0.7930474708077986
1.0432163440912998
0.457291442324731
1.2645569427790686
0.8042724532773345
0.9687362449933794
0.652751015800594
1.0243995946755513
0.7901930123430777
1.0148985361224274
1.2529092530911736
0.6652485135973291
1.0166215712950715
0.6495380193922398
0.8414047036936743
0.2930801064444908
0.9832626466296136
0.41247848261705944
0.9331648290706486
0.4828002503246508
1.0435776612114933
1.2340642328145686
1.055715073558738
0.8082892158448957
0.29576214165227116
0.49868012815442125
0.50625497660757
0.49302937654402507
1.4056735709358272
0.39404280636217914
1.0200701075611436
0.6801605055103634
1.001766686767768
1.196851956235056
0.6643071016672948
0.5290103301558412
0.7309159288729082
1.0782069825839982
0.7365396210551577
0.9311600551464765
0.9222178469284622
0.9537192092183022
0.4322648424994209
0.8991863568185834
0.5935812793589945
0.7531806831580872
0.6083035561498492
0.812169918082887
0.48119932851498404
0.9457869930993781
0.5779602427759192
0.5727528389157246
0.9785774211644416
0.4377321059858022
0.5410710055888606
0.5374319760619903
1.4203978342839716
0.5868790684538546
0.948447681866774
0.9869243341655243
1.0611103008948768
0.5867950343891069
1.0797324265128105
0.8012472369547152
-0.29179513857110095
0.8982412014582323
0.5129544062753959
0.6144127952538885
0.5813844280818216
0.4640125185286589
0.4299728759488792
0.9616499552040543
0.03786689201717819
0.8282725433127843
1.0879548889135675
0.46741107893407147
0.997250037954252
1.4688095182157377
0.7630487924399267
0.4517994259613621
0.6862626722645869
0.5385940218030518
1.0463155082235964
0.6813334224941704
-0.09354023952964757
0.44220123374639797
0.7563375645284679
0.9798862082008734
256/1024
1.1434793766596023
0.4744328695095185
0.3422145255826631
1.1450283629936915
0.3326245679079677
0.8409667771853337
0.4282492686520068
0.5806824915635012
0.3932610067484016
0.5861223733214178
0.5410311681525596
0.2896740336164385
0.753053671916544
0.31330679480744744
0.45336502010854085
0.37152638848186653
0.31931160926703117
0.30657199837148186
0.7918332623846961
0.5605144432306042
0.37906196636776124
0.24870044939304548
1.2764831553992275
0.4635277148785225
0.3255643765814917
1.1607208051190023
0.6413964810180421
1.2522627859272037
0.6646585787370487
0.28575890140742516
0.5665576026402922
0.33210514940865626
0.9156792937866371
0.39991997748095465
0.5071297093428986
0.2673337507402156
0.8183373499008931
0.3969076505242042
1.4624878926319744
0.3485672485448955
0.3199019680262586
0.9802451445209343
1.0244011789199088
0.45631020131258865
0.43805502636552945
0.38376838763594756
1.131000243752869
0.886014621665602
0.2866157317618832
0.40019788052359473
0.3684318152485234
0.4148014011747453
0.37379035628641516
1.2737943979450512
0.7994162895670142
1.892720297913687
0.8515889819765221
0.27783086816218955
0.2855707241049863
0.9524626559569178
0.3927755719092169
0.3560712410350125
0.383109115855319
0.7646259970605638
0.9351498928366943
0.4907510337466059
0.24975983709384086
0.773925124990404
0.53612516214532
0.4238637901809468
0.34975746541665625
0.3656725160010296
0.35331718372509385
0.4781278243190166
1.309789888484866
1.6307942388205965
0.9087698642041147
0.406384043023988
0.34629098179505935
0.9039223045898059
0.42405804051853757
0.9500323639470014
0.2911340502081006
0.7258983334675829
1.009498125893284
0.8595613112986787
0.4413344528170064
1.184161781365837
0.3560201644072242
1.332837769236576
0.5959648212309363
0.7406071430814831
0.5720357349989134
0.7886256848207494
0.9353227380311682
0.8771320494255059
1.0667383061428606
1.0318400547011808
1.1506480314381369
0.40556173801288575
0.7164482017600008
0.5901307045848432
0.9928116205013423
1.0052260367228203
0.9980718218003617
0.7242873474881446
0.6323878523008817
0.4733685027958666
1.346544058934557
0.9193988016152523
0.40180898047509817
0.608361061275813
0.24720538311618406
0.2564247437738249
0.5737133989007743
0.4703379510400413
1.2881813850401798
0.34232739550763613
0.8904525417679302
1.5344862669244583
0.7336423722443219
0.5055668765330292
0.5967507313369507
0.2902294442292802
1.1025327263121234
0.3426255331802306
0.47860556736783727
0.3352525267064811
384/1024
0.42817114282387214
0.696849169688655
0.4617793842043083
0.3423297133999511
0.37414834511496275
0.38297047191009415
0.4635025620507597
0.6918187915524008
0.8945831205656335
0.3981747857357957
0.44183670076176074
0.46981373910237584
0.6041099159162557
0.48313956325956775
0.5089192876677642
0.7243895854196877
0.8338923188331892
0.445150972016226
0.9235878025392013
0.6892473880019652
0.5692494780675394
0.7789791500440015
0.37622678108692104
0.5066361705294933
0.392689104622175
0.4405788716826501
0.8551752297505408
0.40000006259404225
0.3198720168883097
0.3423937271069693
0.92062882446281
0.3298928279299721
0.30250154404997226
0.5994864709284504
0.619555657790752
0.6660304373913213
0.3843373552947764
0.3576151349989619
0.5494905716297109
0.5780663986835387
0.519436651639416
0.7260097473761482
0.3565306123937579
0.7625374900611349
1.2119830955349629
0.4823219820057392
0.3406978521254158
0.3789307055688187
0.33701083763183487
0.9438313765908518
0.7115251869156357
1.143395133831024
0.9596209748440281
0.4032549249621274
0.5860427611398882
0.43304477869489677
0.8715479961756323
0.4570503764704935
0.4926321096446191
0.39198231044182624
0.554294121408372
0.4431449993178501
0.539872755021189
0.4768466375281477
0.5745382627924995
0.36523372450620045
0.8487549254141818
0.6524067092410387
0.970181405464414
1.0052697556754786
0.42633027394175005
0.3118638888619288
1.3993280459184636
0.9156136229756443
0.6548650718263881
0.7360652023976522
0.37320700592456063
0.7380682221361714
0.640596182629124
0.5016963149955214
0.38152227057064336
0.3458448161401928
1.2143513682066955
0.6942177267566552
0.5205788008509588
0.3408559873785036
0.3463357240719094
0.311972923879401
0.7926827295796236
0.40690840238898063
0.7408941574972652
0.9831602146036542
0.6798469756833725
0.4079125707124778
0.5933997985438483
0.2981951011120463
0.558102945890858
0.593885269265063
0.33621818794933256
0.4857042155227137
0.8960332581282543
0.6271642783195179
0.8896476883706567
0.7964675835202845
1.027968175503017
0.32255192927301213
0.850158040737411
0.47894585030862113
0.34583044851833766
0.9653469981534918
0.6704915886502457
0.616012098887819
0.7041451720988718
0.3455917827111924
0.44041021391299506
1.7153892802739523
0.35049363178681925
1.0103548002016038
0.5191754490683883
0.40043259315210283
0.6087347685001874
0.8663198816748968
0.7056822614331252
0.34102336131486455
0.33300987960874995
0.5335527176110346
0.4812271311189317
1.4288781554537564
512/1024
0.5015667329582502
0.5866927023378641
0.8397759480162039
0.5204396445852645
0.6154466930099423
0.4790666748526193
0.6411315039189067
0.9348732604473899
0.42109047761230733
0.8130089284904469
0.539045761363469
0.6874409171197305
0.38782180865729216
1.1195280318221597
0.9180767885325914
0.5837320913789198
0.942196431384763
0.6063125237665559
0.8286926963200586
0.7844419520890931
0.39381150809533705
0.48235860691220733
0.879003494760171
0.622575315005167
0.4560460790649484
0.42904747843267743
0.546697257524078
1.4061713753230214
0.6568520472622109
0.47441853386595395
1.0925809588031352
0.41095080332087575
0.7273428905634776
0.585690893696792
0.8165600832153722
1.4475156839377024
0.5100697097715144
0.7281238770433922
0.5852100794161008
0.5035055883856823
0.8451028087384174
0.4526806008016027
0.8324515721240197
0.49340956387435986
0.48457642929967104
0.6342292138311014
0.5099305854224438
0.44633746279202763
0.770264938277715
0.7023754964573224
0.6063389999928729
0.6400670734161813
0.5600772580831059
0.9953354086387609
0.6493247730273123
0.5533679268439291
0.4342405090078143
0.5983998535874927
0.7730610642525161
0.5186033461626341
0.4960944412176699
0.6650559489925716
0.6061333006647555
1.153455524677059
0.47188046223784796
0.9718233566457788
0.8494240207312852
0.7632994487317075
0.6001672324556527
0.8286972335557392
0.40867392517863377
0.6955200672486279
0.5873058791878306
0.4277234754737207
0.7033309455816277
0.5643511521972477
0.5281034661295239
0.7170410904274056
0.7378118536053582
0.6269140959124003
0.6899024335294541
0.49170131881731094
0.4965880187477224
0.4058014271267485
0.5724804033007715
0.6418296678806437
0.6672194838315069
0.6353692146040977
0.575713416082465
0.8032284848032576
0.7171768919579385
0.608019675149023
0.4630608921185013
0.6371868965664554
0.9820972820614233
0.737363298581834
0.6956263243716692
0.801927480007933
0.486540038487682
0.6222084867388474
0.8483646774269549
0.4631572895620889
0.4912703506776348
0.9545124901537458
0.5840361293271226
0.8374439791982764
0.6483763000189976
0.5241591637567291
0.6010206190788374
0.6717418564513102
0.5737385853163501
0.6644574161957139
0.5991795951920961
0.5463583453047476
0.8226989112809732
1.333402813041554
0.6823008015257737
0.8228536005534179
0.4371860186520474
0.915236915667318
0.38726909735507287
0.44237166487535673
0.5647581221629165
0.8310951447646231
0.7034249955297219
0.4969557933469678
1.0436697526546845
0.809174797189174
640/1024
0.690464299986427
0.6379663328473714
0.59131008693439
0.6936185632697539
0.7065134782200144
0.6054650162999198
0.2611313577824104
0.5752482034652343
0.831179845590924
0.689603813845134
0.7006097806444866
0.6977303448980388
0.912680062617875
0.7354850297099711
0.6216623696111396
0.7653165760357229
0.7120541450574598
0.7230938011744137
0.7137710884045735
0.7556498363406197
0.83601203915919
0.6971374912796515
0.4787154615147581
0.5320879611938496
0.8150626686780648
0.7133916899925109
0.7251172392549047
0.675123601309297
0.7005403503666038
0.7526992612622772
0.4265872536102808
0.5478778360303305
0.6966549425806844
0.7260309583615119
0.5903932996218009
0.702457181033402
0.7165973746073877
0.7114919123555107
0.7124404336972759
0.7172028034591615
0.7018275891636814
0.7402984357922152
0.7215975778273069
0.6967769789133764
0.6867038709697553
0.755639120520697
0.8471245523103489
0.7078270899402832
0.7266385772152855
0.7236339262338666
0.6515192472107023
0.6904967302219979
0.7793781718093101
0.6173514371400901
0.7315711684475359
0.7239424223041198
0.7247230090377703
0.7074382643698969
0.6886955568744946
0.6918016069709259
0.7126384929596068
0.6961473503603378
0.6961491698148956
0.7440096120340267
0.6747207474860055
0.9544936252982912
0.6996394797763354
0.8568569562154329
0.7257891057215092
0.641632685658639
0.7100750028740888
0.5799208864110881
0.8637189824032148
0.6815692507139846
0.7427050174216591
1.0546978736485424
0.6521549678491771
0.666762842558049
0.7277378124443351
0.3967598433194553
0.3956622834516187
1.1598676509762957
1.04200704765754
0.6944530476132665
0.6963728515268532
0.7378402730430788
0.7897828288397388
0.7035341604590656
0.7232340246991633
0.7642793025099103
0.7010410958408984
0.7099688635522061
0.7490326340493956
0.6734944779629113
0.7056787138676482
0.6477120700418001
0.6990543348551025
0.9370789641148138
0.672304914145097
0.6956185918773834
0.8162799596852306
0.6738929448605057
0.6767214142660739
0.6781308882236612
0.6871577193027985
0.718756734339899
0.6383054837267936
0.7251715338226338
0.6053634539359258
0.6621435363647792
0.7068383552204909
0.6913125836853498
0.7738629400612335
0.6861097479115159
0.6536038475860715
0.8490946932037247
0.5225232017992713
0.6865196627649067
0.7265122064874704
0.6907439649564995
0.6623521826368647
0.7346510859637356
0.7530951068051016
0.6635970362909097
0.6557479276973601
0.7155298819699587
0.686785607418799
0.6750242131052113
768/1024
0.6948817399548686
0.7816995149407356
0.427130487134879
0.7427953159661123
0.6067588049869372
0.7518771096149091
0.7077250109725037
0.6098578109929046
0.6788214337665714
0.3557691954711434
0.6072289372669093
0.7146256816255563
0.647646057214566
0.667426709969545
1.1123160664362943
0.7015109777265133
0.7114862730032149
0.6811960033419904
0.7012856116151455
0.735822933125655
0.8434841483104976
0.7564593608504532
0.6174192763465586
0.6892303139339887
0.7324765624445049
0.6980615440409846
0.7413160516907179
0.7284583073749508
0.6520518260602884
0.6795500778976928
0.6010468636515846
0.6820828750301249
0.7393905368305093
0.6971868768587713
0.998640713255443
0.6858812449715262
0.6775500076108669
0.6581159028781814
0.9056390783013701
0.6855157990198079
0.6790411300296527
0.7724277619184148
0.7553220834237573
0.6923163930666507
0.6492183167033649
0.4782230963141898
0.7390874473156536
0.9556142221890702
0.745631138283467
0.6950937820455956
0.5585894237274072
0.7324537655440487
0.5551901977904192
0.8264090759492209
0.579648521354347
0.7485616237667085
0.7704737931739674
0.822372090663135
0.5643072650455042
0.9119977852748657
0.7377742964732055
1.0262737293306579
0.6896045811871354
0.7507599085029611
0.7427636372253137
0.6851218675343667
0.804749705821334
0.8196443915941112
0.9267558282238609
0.7087482898988863
1.1852783445410433
0.7668626644466363
1.0730448589762702
0.6631648708858422
1.049889840842181
1.0298740684397807
0.6927129336840805
0.665990303571734
0.7489319029174797
0.6906470785473637
0.7136563875836504
0.7947375764626602
0.5179650775229581
0.7579607191472316
0.34375704338667534
0.6999362555686017
0.6951690720103444
0.6583999395674089
0.7163035098766297
1.022594859402525
0.6200758818787279
0.7428373637447708
0.7393926261750814
0.6823125689048678
0.7444755730636033
0.9307778876343689
0.6981740647614846
0.7709947225965099
0.8004189087098043
0.7867105608237052
0.9698968748263735
0.7356108424174267
1.504309884364496
0.6096296672111892
0.7445934274043422
0.6951106473484573
0.7231637077421103
0.6463188909929899
0.7395444450766696
0.7003202084145429
0.7242684175503882
0.7592406519962868
0.68989592877104
0.6782108193227535
0.7710246534357077
0.8967083645281886
0.7398023027488083
0.6463425381982127
0.6517586992188578
0.6519387047680244
0.8742484395931691
1.061408211435036
0.680411325675389
0.7427367120568179
0.8439713935016563
0.710315175228623
0.6061971951087306
0.6015466162559946
896/1024
0.7112165478179296
0.774147760023302
0.7981310851768344
0.9915910175994131
0.5918777977963413
0.9346164860898745
0.9034872980471172
0.774985259596339
0.9959792859671694
0.7853260183648266
0.914966713223432
0.999181802341607
0.8607781215302005
0.9832617390007526
0.6363331939974298
0.9797030807987656
0.7895332976851761
0.7230122206254915
1.1258823450615938
0.6649670626738755
0.6439620185102628
0.8194345584316902
0.865711461771018
0.7462522989029099
0.6741897659875639
0.932922600519578
0.9647243636509231
0.8991329951869784
0.9869758705727802
0.6977952679386293
0.7535752393225402
0.8407738698177691
0.8943936177478358
0.9130797000055066
0.9478212848360485
0.5889407794600539
0.6234154660498458
0.5486880797519046
0.9253171504508603
0.8005432773214434
0.629065631662298
0.6943929020526142
0.5112989528317129
1.3102463057661802
0.7610522314389608
0.7812340569966586
0.9934182358332501
1.0224115716636288
0.4436776644619632
0.9251402165931699
0.8653545882686988
0.9781089003614978
0.5674811222602331
0.6436260627311063
0.802225519032455
0.6702041789896414
1.0042297690075184
1.0465107613958315
0.9654221604509052
1.0255081256435594
1.02119617818687
1.0195893353512526
0.9914299263031423
0.773243145662672
0.5676751695923119
0.7998716710968607
1.3647761154961182
0.6901186120834288
0.8579053165158971
0.9834927776433086
0.8777745158881382
0.5358746469826148
0.9090611599008207
0.9851682045673772
0.6441127796826545
0.8531096167696902
0.5368747370989001
0.5639323869838874
0.7935443080523028
0.7617545482729785
0.6014280779427564
0.7213566852317039
0.5987349691940321
0.9488431751187301
0.992258871250108
1.338679765409199
0.7430463606767981
0.6784504289202827
0.9466973582451165
0.4965116395317477
0.9550274880375313
0.8831168334377502
0.9558700991923524
0.49972138675528543
0.9652154385904468
0.832378853524703
1.0821910050840713
1.4347030850868028
0.710954316072748
0.7002328624986262
0.7936508214231183
0.542987392316225
0.5009528753130883
0.7515464102977188
0.8686101681157263
0.5413164050214121
1.116787519190739
0.5983353862084423
0.7001896759915998
0.8908723933304821
0.5372396562788727
0.6781467637534135
0.5796741378150374
0.6798682441427586
1.3098300528401658
0.7847241330756322
0.7221530996325389
0.8672006676010097
0.7895435863565219
0.947640285792244
0.6567449655522364
0.6386144396913717
0.6816943458418512
0.6531566669816558
0.890269876192564
1.0586056199629696
0.653064035243613
0.9627463974371409
1024/1024
0.909007284385942
102.457631 seconds (76.83 M allocations: 12.896 GiB, 2.76% gc time)
