## SLURM PROLOG ###############################################################
##    Job ID : 8822255
##  Job Name : sbatch_etgent.sh
##  Nodelist : node1705
##      CPUs : 8
##  Mem/Node : 4096 MB
## Directory : /oscar/home/trazzaz/AFQMC
##   Job Started : Thu Feb 27 05:59:11 PM EST 2025
###############################################################################
seed = 1250
U = 2.0
β = 6.0
Warming up
128/1024
256/1024
384/1024
512/1024
640/1024
768/1024
896/1024
1024/1024
Measuring
128/16384
mean(sgnprob[1:i - 1]) = 0.5118110236220472
256/16384
mean(sgnprob[1:i - 1]) = 0.4980392156862745
384/16384
mean(sgnprob[1:i - 1]) = 0.5352480417754569
512/16384
mean(sgnprob[1:i - 1]) = 0.5225048923679061
640/16384
mean(sgnprob[1:i - 1]) = 0.539906103286385
768/16384
mean(sgnprob[1:i - 1]) = 0.3924380704041721
896/16384
mean(sgnprob[1:i - 1]) = 0.26256983240223464
1024/16384
mean(sgnprob[1:i - 1]) = 0.3040078201368524
1152/16384
mean(sgnprob[1:i - 1]) = 0.3344917463075586
1280/16384
mean(sgnprob[1:i - 1]) = 0.3385457388584832
1408/16384
mean(sgnprob[1:i - 1]) = 0.35323383084577115
1536/16384
mean(sgnprob[1:i - 1]) = 0.35765472312703583
1664/16384
mean(sgnprob[1:i - 1]) = 0.3662056524353578
1792/16384
mean(sgnprob[1:i - 1]) = 0.310999441652708
1920/16384
mean(sgnprob[1:i - 1]) = 0.2652423137050547
2048/16384
mean(sgnprob[1:i - 1]) = 0.28480703468490476
2176/16384
mean(sgnprob[1:i - 1]) = 0.2983908045977012
2304/16384
mean(sgnprob[1:i - 1]) = 0.31046461137646547
2432/16384
mean(sgnprob[1:i - 1]) = 0.27025915261209377
2560/16384
mean(sgnprob[1:i - 1]) = 0.27002735443532627
2688/16384
mean(sgnprob[1:i - 1]) = 0.2355787123185709
2816/16384
mean(sgnprob[1:i - 1]) = 0.2483126110124334
2944/16384
mean(sgnprob[1:i - 1]) = 0.21508664627930682
3072/16384
mean(sgnprob[1:i - 1]) = 0.2276131553239987
3200/16384
mean(sgnprob[1:i - 1]) = 0.23726164426383245
3328/16384
mean(sgnprob[1:i - 1]) = 0.2497745716862038
3456/16384
mean(sgnprob[1:i - 1]) = 0.2231548480463097
3584/16384
mean(sgnprob[1:i - 1]) = 0.23137036003349148
3712/16384
mean(sgnprob[1:i - 1]) = 0.2433306386418755
3840/16384
mean(sgnprob[1:i - 1]) = 0.25240948163584265
3968/16384
mean(sgnprob[1:i - 1]) = 0.22510713385429795
4096/16384
mean(sgnprob[1:i - 1]) = 0.23028083028083027
4224/16384
mean(sgnprob[1:i - 1]) = 0.23987686478806536
4352/16384
mean(sgnprob[1:i - 1]) = 0.24615031027350034
4480/16384
mean(sgnprob[1:i - 1]) = 0.22304085733422638
4608/16384
mean(sgnprob[1:i - 1]) = 0.2307358367701324
4736/16384
mean(sgnprob[1:i - 1]) = 0.23632523759239704
4864/16384
mean(sgnprob[1:i - 1]) = 0.2473781616286243
4992/16384
mean(sgnprob[1:i - 1]) = 0.2546583850931677
5120/16384
mean(sgnprob[1:i - 1]) = 0.2600117210392655
5248/16384
mean(sgnprob[1:i - 1]) = 0.2658662092624357
5376/16384
mean(sgnprob[1:i - 1]) = 0.27106976744186045
5504/16384
mean(sgnprob[1:i - 1]) = 0.27239687443212796
5632/16384
mean(sgnprob[1:i - 1]) = 0.2555496359438821
5760/16384
mean(sgnprob[1:i - 1]) = 0.2602882444868901
5888/16384
mean(sgnprob[1:i - 1]) = 0.24545608968914556
6016/16384
mean(sgnprob[1:i - 1]) = 0.24921030756442228
6144/16384
mean(sgnprob[1:i - 1]) = 0.23066905420804168
6272/16384
mean(sgnprob[1:i - 1]) = 0.21734970499122946
6400/16384
mean(sgnprob[1:i - 1]) = 0.20268791998749805
6528/16384
mean(sgnprob[1:i - 1]) = 0.18860119503600428
6656/16384
mean(sgnprob[1:i - 1]) = 0.19489105935386927
6784/16384
mean(sgnprob[1:i - 1]) = 0.20064868052484153
6912/16384
mean(sgnprob[1:i - 1]) = 0.20619302561134423
7040/16384
mean(sgnprob[1:i - 1]) = 0.1967609035374343
7168/16384
mean(sgnprob[1:i - 1]) = 0.204688154039347
7296/16384
mean(sgnprob[1:i - 1]) = 0.19369431117203564
7424/16384
mean(sgnprob[1:i - 1]) = 0.19762899097399972
7552/16384
mean(sgnprob[1:i - 1]) = 0.20328433320090053
7680/16384
mean(sgnprob[1:i - 1]) = 0.1913009506446152
7808/16384
mean(sgnprob[1:i - 1]) = 0.19789932112206993
7936/16384
mean(sgnprob[1:i - 1]) = 0.2045368620037807
8064/16384
mean(sgnprob[1:i - 1]) = 0.20749100830956219
8192/16384
mean(sgnprob[1:i - 1]) = 0.19814430472469785
8320/16384
mean(sgnprob[1:i - 1]) = 0.20182714268541893
8448/16384
mean(sgnprob[1:i - 1]) = 0.20752930034331715
8576/16384
mean(sgnprob[1:i - 1]) = 0.19720116618075803
8704/16384
mean(sgnprob[1:i - 1]) = 0.20280363093186257
8832/16384
mean(sgnprob[1:i - 1]) = 0.20711131242214925
8960/16384
mean(sgnprob[1:i - 1]) = 0.19678535550842727
9088/16384
mean(sgnprob[1:i - 1]) = 0.20039617035325188
9216/16384
mean(sgnprob[1:i - 1]) = 0.20412371134020618
9344/16384
mean(sgnprob[1:i - 1]) = 0.19511934068286418
9472/16384
mean(sgnprob[1:i - 1]) = 0.19712807517685565
9600/16384
mean(sgnprob[1:i - 1]) = 0.20179185331805397
9728/16384
mean(sgnprob[1:i - 1]) = 0.20509920838902027
9856/16384
mean(sgnprob[1:i - 1]) = 0.20750887874175544
9984/16384
mean(sgnprob[1:i - 1]) = 0.21125914053891615
10112/16384
mean(sgnprob[1:i - 1]) = 0.20205716546335675
10240/16384
mean(sgnprob[1:i - 1]) = 0.20500048832893839
10368/16384
mean(sgnprob[1:i - 1]) = 0.21037908748914827
10496/16384
mean(sgnprob[1:i - 1]) = 0.21086231538828012
10624/16384
mean(sgnprob[1:i - 1]) = 0.21265179327873482
10752/16384
mean(sgnprob[1:i - 1]) = 0.21644498186215236
10880/16384
mean(sgnprob[1:i - 1]) = 0.21978122989245336
11008/16384
mean(sgnprob[1:i - 1]) = 0.22176796583992006
11136/16384
mean(sgnprob[1:i - 1]) = 0.22317018410417602
11264/16384
mean(sgnprob[1:i - 1]) = 0.22560596643878186
11392/16384
mean(sgnprob[1:i - 1]) = 0.21727679747168818
11520/16384
mean(sgnprob[1:i - 1]) = 0.22302283184304192
11648/16384
mean(sgnprob[1:i - 1]) = 0.22555164420022322
11776/16384
mean(sgnprob[1:i - 1]) = 0.22751592356687897
11904/16384
mean(sgnprob[1:i - 1]) = 0.21952448962446441
12032/16384
mean(sgnprob[1:i - 1]) = 0.2220098079960103
12160/16384
mean(sgnprob[1:i - 1]) = 0.2236203635167366
12288/16384
mean(sgnprob[1:i - 1]) = 0.2256856840563197
12416/16384
mean(sgnprob[1:i - 1]) = 0.22690293999194522
12544/16384
mean(sgnprob[1:i - 1]) = 0.22761699752850195
12672/16384
mean(sgnprob[1:i - 1]) = 0.22247652119011918
12800/16384
mean(sgnprob[1:i - 1]) = 0.2147824048753809
12928/16384
mean(sgnprob[1:i - 1]) = 0.21807070472654136
13056/16384
mean(sgnprob[1:i - 1]) = 0.21087705859823822
13184/16384
mean(sgnprob[1:i - 1]) = 0.2130774482287795
13312/16384
mean(sgnprob[1:i - 1]) = 0.21403350612275562
13440/16384
mean(sgnprob[1:i - 1]) = 0.2166083785995982
13568/16384
mean(sgnprob[1:i - 1]) = 0.22001916414830103
13696/16384
mean(sgnprob[1:i - 1]) = 0.2221978824388463
13824/16384
mean(sgnprob[1:i - 1]) = 0.21579975403313317
13952/16384
mean(sgnprob[1:i - 1]) = 0.2171170525410365
14080/16384
mean(sgnprob[1:i - 1]) = 0.22011506499041125
14208/16384
mean(sgnprob[1:i - 1]) = 0.22207362567748293
14336/16384
mean(sgnprob[1:i - 1]) = 0.22511335891175444
14464/16384
mean(sgnprob[1:i - 1]) = 0.22657816497268893
14592/16384
mean(sgnprob[1:i - 1]) = 0.22952504968816392
14720/16384
mean(sgnprob[1:i - 1]) = 0.23201304436442693
14848/16384
mean(sgnprob[1:i - 1]) = 0.23432343234323433
14976/16384
mean(sgnprob[1:i - 1]) = 0.23712854757929883
15104/16384
mean(sgnprob[1:i - 1]) = 0.2394888432761703
15232/16384
mean(sgnprob[1:i - 1]) = 0.24089028954106756
15360/16384
mean(sgnprob[1:i - 1]) = 0.2344553681880331
15488/16384
mean(sgnprob[1:i - 1]) = 0.22851423774778848
15616/16384
mean(sgnprob[1:i - 1]) = 0.23112391930835735
15744/16384
mean(sgnprob[1:i - 1]) = 0.23165851489550912
15872/16384
mean(sgnprob[1:i - 1]) = 0.23281456745006615
16000/16384
mean(sgnprob[1:i - 1]) = 0.2268266766672917
16128/16384
mean(sgnprob[1:i - 1]) = 0.2286228064736157
16256/16384
mean(sgnprob[1:i - 1]) = 0.2238695785912027
16384/16384
mean(sgnprob[1:i - 1]) = 0.218702313373619
728.728159 seconds (167.11 M allocations: 70.745 GiB, 1.33% gc time, 1.22% compilation time)
