## SLURM PROLOG ###############################################################
##    Job ID : 8834052
##  Job Name : sbatch_etgent.sh
##  Nodelist : node1733
##      CPUs : 8
##  Mem/Node : 4096 MB
## Directory : /oscar/home/trazzaz/AFQMC
##   Job Started : Fri Feb 28 05:27:52 AM EST 2025
###############################################################################
seed = 1606
U = 2.0
β = 6.0
Warming up
128/1024
256/1024
384/1024
512/1024
640/1024
768/1024
896/1024
1024/1024
Measuring
128/16384
mean(sgnprob[1:i - 1]) = 0.48031496062992124
256/16384
mean(sgnprob[1:i - 1]) = -0.00392156862745098
384/16384
mean(sgnprob[1:i - 1]) = 0.15404699738903394
512/16384
mean(sgnprob[1:i - 1]) = 0.23679060665362034
640/16384
mean(sgnprob[1:i - 1]) = 0.10172143974960876
768/16384
mean(sgnprob[1:i - 1]) = 0.02998696219035202
896/16384
mean(sgnprob[1:i - 1]) = 0.08826815642458101
1024/16384
mean(sgnprob[1:i - 1]) = 0.11436950146627566
1152/16384
mean(sgnprob[1:i - 1]) = 0.14856646394439618
1280/16384
mean(sgnprob[1:i - 1]) = 0.16497263487099295
1408/16384
mean(sgnprob[1:i - 1]) = 0.10874200426439233
1536/16384
mean(sgnprob[1:i - 1]) = 0.1270358306188925
1664/16384
mean(sgnprob[1:i - 1]) = 0.15574263379434755
1792/16384
mean(sgnprob[1:i - 1]) = 0.18257956448911222
1920/16384
mean(sgnprob[1:i - 1]) = 0.2058363731109953
2048/16384
mean(sgnprob[1:i - 1]) = 0.1617000488519785
2176/16384
mean(sgnprob[1:i - 1]) = 0.17885057471264368
2304/16384
mean(sgnprob[1:i - 1]) = 0.1923577941815024
2432/16384
mean(sgnprob[1:i - 1]) = 0.20773344302756067
2560/16384
mean(sgnprob[1:i - 1]) = 0.2246971473231731
2688/16384
mean(sgnprob[1:i - 1]) = 0.236323036844064
2816/16384
mean(sgnprob[1:i - 1]) = 0.2468916518650089
2944/16384
mean(sgnprob[1:i - 1]) = 0.2599388379204893
3072/16384
mean(sgnprob[1:i - 1]) = 0.2334744382937154
3200/16384
mean(sgnprob[1:i - 1]) = 0.2378868396373867
3328/16384
mean(sgnprob[1:i - 1]) = 0.20529005109708445
3456/16384
mean(sgnprob[1:i - 1]) = 0.1808972503617945
3584/16384
mean(sgnprob[1:i - 1]) = 0.1889478090985208
3712/16384
mean(sgnprob[1:i - 1]) = 0.1953651306925357
3840/16384
mean(sgnprob[1:i - 1]) = 0.2034383954154728
3968/16384
mean(sgnprob[1:i - 1]) = 0.1807411141920847
4096/16384
mean(sgnprob[1:i - 1]) = 0.16288156288156289
4224/16384
mean(sgnprob[1:i - 1]) = 0.16694293156523798
4352/16384
mean(sgnprob[1:i - 1]) = 0.14594346127327051
4480/16384
mean(sgnprob[1:i - 1]) = 0.15248939495423086
4608/16384
mean(sgnprob[1:i - 1]) = 0.13001953548947254
4736/16384
mean(sgnprob[1:i - 1]) = 0.13748680042238648
4864/16384
mean(sgnprob[1:i - 1]) = 0.14579477688669545
4992/16384
mean(sgnprob[1:i - 1]) = 0.150470847525546
5120/16384
mean(sgnprob[1:i - 1]) = 0.15882008204727485
5248/16384
mean(sgnprob[1:i - 1]) = 0.1652372784448256
5376/16384
mean(sgnprob[1:i - 1]) = 0.15051162790697675
5504/16384
mean(sgnprob[1:i - 1]) = 0.1353807014355806
5632/16384
mean(sgnprob[1:i - 1]) = 0.11951695968744451
5760/16384
mean(sgnprob[1:i - 1]) = 0.12519534641430805
5888/16384
mean(sgnprob[1:i - 1]) = 0.13402412094445387
6016/16384
mean(sgnprob[1:i - 1]) = 0.12053200332502079
6144/16384
mean(sgnprob[1:i - 1]) = 0.10792772261110206
6272/16384
mean(sgnprob[1:i - 1]) = 0.11593047360867485
6400/16384
mean(sgnprob[1:i - 1]) = 0.1067354274105329
6528/16384
mean(sgnprob[1:i - 1]) = 0.09636892906388847
6656/16384
mean(sgnprob[1:i - 1]) = 0.10262960180315553
6784/16384
mean(sgnprob[1:i - 1]) = 0.09066784608580274
6912/16384
mean(sgnprob[1:i - 1]) = 0.09651280567211691
7040/16384
mean(sgnprob[1:i - 1]) = 0.10299758488421651
7168/16384
mean(sgnprob[1:i - 1]) = 0.10841356215989954
7296/16384
mean(sgnprob[1:i - 1]) = 0.10075394105551748
7424/16384
mean(sgnprob[1:i - 1]) = 0.10575239121648929
7552/16384
mean(sgnprob[1:i - 1]) = 0.11349490133757119
7680/16384
mean(sgnprob[1:i - 1]) = 0.11889568954290923
7808/16384
mean(sgnprob[1:i - 1]) = 0.12411938004355066
7936/16384
mean(sgnprob[1:i - 1]) = 0.13043478260869565
8064/16384
mean(sgnprob[1:i - 1]) = 0.1221629666377279
8192/16384
mean(sgnprob[1:i - 1]) = 0.12733487974606275
8320/16384
mean(sgnprob[1:i - 1]) = 0.13282846495973075
8448/16384
mean(sgnprob[1:i - 1]) = 0.12229193796614182
8576/16384
mean(sgnprob[1:i - 1]) = 0.11253644314868805
8704/16384
mean(sgnprob[1:i - 1]) = 0.11593703320694014
8832/16384
mean(sgnprob[1:i - 1]) = 0.1076888234628015
8960/16384
mean(sgnprob[1:i - 1]) = 0.09945306395803102
9088/16384
mean(sgnprob[1:i - 1]) = 0.1057554748541873
9216/16384
mean(sgnprob[1:i - 1]) = 0.11036353771025502
9344/16384
mean(sgnprob[1:i - 1]) = 0.11484533875628813
9472/16384
mean(sgnprob[1:i - 1]) = 0.10759159539647345
9600/16384
mean(sgnprob[1:i - 1]) = 0.11344931763725388
9728/16384
mean(sgnprob[1:i - 1]) = 0.11894726020355711
9856/16384
mean(sgnprob[1:i - 1]) = 0.10989345509893456
9984/16384
mean(sgnprob[1:i - 1]) = 0.11168987278373234
10112/16384
mean(sgnprob[1:i - 1]) = 0.11660567698546138
10240/16384
mean(sgnprob[1:i - 1]) = 0.11964058990135755
10368/16384
mean(sgnprob[1:i - 1]) = 0.12568727693643292
10496/16384
mean(sgnprob[1:i - 1]) = 0.12834683182467843
10624/16384
mean(sgnprob[1:i - 1]) = 0.13338981455332768
10752/16384
mean(sgnprob[1:i - 1]) = 0.13682448144358664
10880/16384
mean(sgnprob[1:i - 1]) = 0.14109752734626343
11008/16384
mean(sgnprob[1:i - 1]) = 0.13455074043790316
11136/16384
mean(sgnprob[1:i - 1]) = 0.1391109115401886
11264/16384
mean(sgnprob[1:i - 1]) = 0.14250199769155641
11392/16384
mean(sgnprob[1:i - 1]) = 0.14704591344043544
11520/16384
mean(sgnprob[1:i - 1]) = 0.1407240211823943
11648/16384
mean(sgnprob[1:i - 1]) = 0.14518760195758565
11776/16384
mean(sgnprob[1:i - 1]) = 0.13800424628450106
11904/16384
mean(sgnprob[1:i - 1]) = 0.13971267747626648
12032/16384
mean(sgnprob[1:i - 1]) = 0.14221594214944727
12160/16384
mean(sgnprob[1:i - 1]) = 0.14598239986841022
12288/16384
mean(sgnprob[1:i - 1]) = 0.1493448360055343
12416/16384
mean(sgnprob[1:i - 1]) = 0.1513491743858236
12544/16384
mean(sgnprob[1:i - 1]) = 0.15395041058757872
12672/16384
mean(sgnprob[1:i - 1]) = 0.15634125167705784
12800/16384
mean(sgnprob[1:i - 1]) = 0.1597781076646613
12928/16384
mean(sgnprob[1:i - 1]) = 0.15417343544519224
13056/16384
mean(sgnprob[1:i - 1]) = 0.1578705476828801
13184/16384
mean(sgnprob[1:i - 1]) = 0.16104073427899568
13312/16384
mean(sgnprob[1:i - 1]) = 0.16445045451130644
13440/16384
mean(sgnprob[1:i - 1]) = 0.16675347868144952
13568/16384
mean(sgnprob[1:i - 1]) = 0.16149480356747992
13696/16384
mean(sgnprob[1:i - 1]) = 0.1646586345381526
13824/16384
mean(sgnprob[1:i - 1]) = 0.16761918541561166
13952/16384
mean(sgnprob[1:i - 1]) = 0.1705254103648484
14080/16384
mean(sgnprob[1:i - 1]) = 0.1730946800198878
14208/16384
mean(sgnprob[1:i - 1]) = 0.1751953262476244
14336/16384
mean(sgnprob[1:i - 1]) = 0.17781653296128358
14464/16384
mean(sgnprob[1:i - 1]) = 0.17237087741132545
14592/16384
mean(sgnprob[1:i - 1]) = 0.17538208484682338
14720/16384
mean(sgnprob[1:i - 1]) = 0.1779332835111081
14848/16384
mean(sgnprob[1:i - 1]) = 0.18165285916346738
14976/16384
mean(sgnprob[1:i - 1]) = 0.1845075125208681
15104/16384
mean(sgnprob[1:i - 1]) = 0.18016288154671256
15232/16384
mean(sgnprob[1:i - 1]) = 0.17562865209112993
15360/16384
mean(sgnprob[1:i - 1]) = 0.17807148902923367
15488/16384
mean(sgnprob[1:i - 1]) = 0.1806030864596113
15616/16384
mean(sgnprob[1:i - 1]) = 0.18334934357989113
15744/16384
mean(sgnprob[1:i - 1]) = 0.17855554849774502
15872/16384
mean(sgnprob[1:i - 1]) = 0.174217125574948
16000/16384
mean(sgnprob[1:i - 1]) = 0.1683230201887618
16128/16384
mean(sgnprob[1:i - 1]) = 0.17008743101630805
16256/16384
mean(sgnprob[1:i - 1]) = 0.1651799446324208
16384/16384
mean(sgnprob[1:i - 1]) = 0.16779588597936887
731.780287 seconds (167.11 M allocations: 70.745 GiB, 1.39% gc time, 1.27% compilation time)
