## SLURM PROLOG ###############################################################
##    Job ID : 8822260
##  Job Name : sbatch_etgent.sh
##  Nodelist : node1720
##      CPUs : 8
##  Mem/Node : 4096 MB
## Directory : /oscar/home/trazzaz/AFQMC
##   Job Started : Thu Feb 27 05:59:42 PM EST 2025
###############################################################################
seed = 1255
U = 2.0
β = 6.0
Warming up
128/1024
256/1024
384/1024
512/1024
640/1024
768/1024
896/1024
1024/1024
Measuring
128/16384
mean(sgnprob[1:i - 1]) = 0.4330708661417323
256/16384
mean(sgnprob[1:i - 1]) = 0.4745098039215686
384/16384
mean(sgnprob[1:i - 1]) = 0.48825065274151436
512/16384
mean(sgnprob[1:i - 1]) = 0.22504892367906065
640/16384
mean(sgnprob[1:i - 1]) = 0.08607198748043818
768/16384
mean(sgnprob[1:i - 1]) = 0.14471968709256844
896/16384
mean(sgnprob[1:i - 1]) = 0.20893854748603352
1024/16384
mean(sgnprob[1:i - 1]) = 0.13587487781036167
1152/16384
mean(sgnprob[1:i - 1]) = 0.17115551694178974
1280/16384
mean(sgnprob[1:i - 1]) = 0.20093823299452698
1408/16384
mean(sgnprob[1:i - 1]) = 0.2224591329068941
1536/16384
mean(sgnprob[1:i - 1]) = 0.23257328990228013
1664/16384
mean(sgnprob[1:i - 1]) = 0.2603728202044498
1792/16384
mean(sgnprob[1:i - 1]) = 0.27749860413176997
1920/16384
mean(sgnprob[1:i - 1]) = 0.30276185513288173
2048/16384
mean(sgnprob[1:i - 1]) = 0.31314118221787984
2176/16384
mean(sgnprob[1:i - 1]) = 0.32229885057471264
2304/16384
mean(sgnprob[1:i - 1]) = 0.27225358228397745
2432/16384
mean(sgnprob[1:i - 1]) = 0.28342245989304815
2560/16384
mean(sgnprob[1:i - 1]) = 0.29269245799140287
2688/16384
mean(sgnprob[1:i - 1]) = 0.30703386676590994
2816/16384
mean(sgnprob[1:i - 1]) = 0.2682060390763766
2944/16384
mean(sgnprob[1:i - 1]) = 0.2769283044512402
3072/16384
mean(sgnprob[1:i - 1]) = 0.24584825789645068
3200/16384
mean(sgnprob[1:i - 1]) = 0.24601437949359176
3328/16384
mean(sgnprob[1:i - 1]) = 0.2515779981965735
3456/16384
mean(sgnprob[1:i - 1]) = 0.2532561505065123
3584/16384
mean(sgnprob[1:i - 1]) = 0.2609545073960368
3712/16384
mean(sgnprob[1:i - 1]) = 0.26650498517919696
3840/16384
mean(sgnprob[1:i - 1]) = 0.2748111487366502
3968/16384
mean(sgnprob[1:i - 1]) = 0.2830854550037812
4096/16384
mean(sgnprob[1:i - 1]) = 0.2923076923076923
4224/16384
mean(sgnprob[1:i - 1]) = 0.29955008287946955
4352/16384
mean(sgnprob[1:i - 1]) = 0.27510917030567683
4480/16384
mean(sgnprob[1:i - 1]) = 0.28064300066979236
4608/16384
mean(sgnprob[1:i - 1]) = 0.25851964401996963
4736/16384
mean(sgnprob[1:i - 1]) = 0.26673706441393874
4864/16384
mean(sgnprob[1:i - 1]) = 0.24696689286448695
4992/16384
mean(sgnprob[1:i - 1]) = 0.2538569424964937
5120/16384
mean(sgnprob[1:i - 1]) = 0.2607931236569643
5248/16384
mean(sgnprob[1:i - 1]) = 0.26739089003239946
5376/16384
mean(sgnprob[1:i - 1]) = 0.26995348837209304
5504/16384
mean(sgnprob[1:i - 1]) = 0.2731237506814465
5632/16384
mean(sgnprob[1:i - 1]) = 0.2537737524418398
5760/16384
mean(sgnprob[1:i - 1]) = 0.25889911442958846
5888/16384
mean(sgnprob[1:i - 1]) = 0.264141328350603
6016/16384
mean(sgnprob[1:i - 1]) = 0.26982543640897755
6144/16384
mean(sgnprob[1:i - 1]) = 0.27201692983884096
6272/16384
mean(sgnprob[1:i - 1]) = 0.2594482538670069
6400/16384
mean(sgnprob[1:i - 1]) = 0.2626972964525707
6528/16384
mean(sgnprob[1:i - 1]) = 0.2685766814769419
6656/16384
mean(sgnprob[1:i - 1]) = 0.2736288504883546
6784/16384
mean(sgnprob[1:i - 1]) = 0.27908005307386113
6912/16384
mean(sgnprob[1:i - 1]) = 0.28288236145275647
7040/16384
mean(sgnprob[1:i - 1]) = 0.28597812189231425
7168/16384
mean(sgnprob[1:i - 1]) = 0.28840519045625784
7296/16384
mean(sgnprob[1:i - 1]) = 0.2915695681973955
7424/16384
mean(sgnprob[1:i - 1]) = 0.2787282769769635
7552/16384
mean(sgnprob[1:i - 1]) = 0.26632234141173355
7680/16384
mean(sgnprob[1:i - 1]) = 0.26839432217736686
7808/16384
mean(sgnprob[1:i - 1]) = 0.27219162290252336
7936/16384
mean(sgnprob[1:i - 1]) = 0.2753623188405797
8064/16384
mean(sgnprob[1:i - 1]) = 0.2799206250775146
8192/16384
mean(sgnprob[1:i - 1]) = 0.28335978513002075
8320/16384
mean(sgnprob[1:i - 1]) = 0.2869335256641423
8448/16384
mean(sgnprob[1:i - 1]) = 0.2906357286610631
8576/16384
mean(sgnprob[1:i - 1]) = 0.2953935860058309
8704/16384
mean(sgnprob[1:i - 1]) = 0.2984028495920947
8832/16384
mean(sgnprob[1:i - 1]) = 0.3017778281055373
8960/16384
mean(sgnprob[1:i - 1]) = 0.3039401718941846
9088/16384
mean(sgnprob[1:i - 1]) = 0.2941564872895345
9216/16384
mean(sgnprob[1:i - 1]) = 0.2972327726532827
9344/16384
mean(sgnprob[1:i - 1]) = 0.3002247672053944
9472/16384
mean(sgnprob[1:i - 1]) = 0.28856509344314224
9600/16384
mean(sgnprob[1:i - 1]) = 0.2920095843317012
9728/16384
mean(sgnprob[1:i - 1]) = 0.29577464788732394
9856/16384
mean(sgnprob[1:i - 1]) = 0.2852359208523592
9984/16384
mean(sgnprob[1:i - 1]) = 0.2877892417109085
10112/16384
mean(sgnprob[1:i - 1]) = 0.29008011077044804
10240/16384
mean(sgnprob[1:i - 1]) = 0.29309502881140737
10368/16384
mean(sgnprob[1:i - 1]) = 0.2942992186746407
10496/16384
mean(sgnprob[1:i - 1]) = 0.28499285373987615
10624/16384
mean(sgnprob[1:i - 1]) = 0.2875835451379083
10752/16384
mean(sgnprob[1:i - 1]) = 0.2914147521160822
10880/16384
mean(sgnprob[1:i - 1]) = 0.2929497196433496
11008/16384
mean(sgnprob[1:i - 1]) = 0.29372217679658397
11136/16384
mean(sgnprob[1:i - 1]) = 0.28405927256398744
11264/16384
mean(sgnprob[1:i - 1]) = 0.2866909349196484
11392/16384
mean(sgnprob[1:i - 1]) = 0.2885611447634097
11520/16384
mean(sgnprob[1:i - 1]) = 0.2910842955117632
11648/16384
mean(sgnprob[1:i - 1]) = 0.29372370567528117
11776/16384
mean(sgnprob[1:i - 1]) = 0.2954564755838641
11904/16384
mean(sgnprob[1:i - 1]) = 0.2874065361673528
12032/16384
mean(sgnprob[1:i - 1]) = 0.2898345939655889
12160/16384
mean(sgnprob[1:i - 1]) = 0.2810264001973847
12288/16384
mean(sgnprob[1:i - 1]) = 0.2826564661837715
12416/16384
mean(sgnprob[1:i - 1]) = 0.2850583971002819
12544/16384
mean(sgnprob[1:i - 1]) = 0.28581679024156903
12672/16384
mean(sgnprob[1:i - 1]) = 0.2876647462710126
12800/16384
mean(sgnprob[1:i - 1]) = 0.28166262989296037
12928/16384
mean(sgnprob[1:i - 1]) = 0.28320569350970837
13056/16384
mean(sgnprob[1:i - 1]) = 0.28410570662581386
13184/16384
mean(sgnprob[1:i - 1]) = 0.277251005082303
13312/16384
mean(sgnprob[1:i - 1]) = 0.27849147321763956
13440/16384
mean(sgnprob[1:i - 1]) = 0.2718208200014882
13568/16384
mean(sgnprob[1:i - 1]) = 0.27367877939116975
13696/16384
mean(sgnprob[1:i - 1]) = 0.2756480467323841
13824/16384
mean(sgnprob[1:i - 1]) = 0.2759892932069739
13952/16384
mean(sgnprob[1:i - 1]) = 0.26886961508135615
14080/16384
mean(sgnprob[1:i - 1]) = 0.26926628311669865
14208/16384
mean(sgnprob[1:i - 1]) = 0.27148588723868516
14336/16384
mean(sgnprob[1:i - 1]) = 0.27199162888036277
14464/16384
mean(sgnprob[1:i - 1]) = 0.27387125769204174
14592/16384
mean(sgnprob[1:i - 1]) = 0.26694537728736895
14720/16384
mean(sgnprob[1:i - 1]) = 0.2693797132957402
14848/16384
mean(sgnprob[1:i - 1]) = 0.2717720751667003
14976/16384
mean(sgnprob[1:i - 1]) = 0.272787979966611
15104/16384
mean(sgnprob[1:i - 1]) = 0.27484605707475335
15232/16384
mean(sgnprob[1:i - 1]) = 0.27595036438841836
15360/16384
mean(sgnprob[1:i - 1]) = 0.276254964515919
15488/16384
mean(sgnprob[1:i - 1]) = 0.2783624975786143
15616/16384
mean(sgnprob[1:i - 1]) = 0.27249439641370476
15744/16384
mean(sgnprob[1:i - 1]) = 0.2665946769993013
15872/16384
mean(sgnprob[1:i - 1]) = 0.26797303257513705
16000/16384
mean(sgnprob[1:i - 1]) = 0.26982936433527094
16128/16384
mean(sgnprob[1:i - 1]) = 0.27227630681465864
16256/16384
mean(sgnprob[1:i - 1]) = 0.2663180559827745
16384/16384
mean(sgnprob[1:i - 1]) = 0.26704510773362633
731.667714 seconds (167.11 M allocations: 70.745 GiB, 1.27% gc time, 1.22% compilation time)
