## SLURM PROLOG ###############################################################
##    Job ID : 8833997
##  Job Name : sbatch_etgent.sh
##  Nodelist : node1736
##      CPUs : 8
##  Mem/Node : 4096 MB
## Directory : /oscar/home/trazzaz/AFQMC
##   Job Started : Fri Feb 28 03:59:58 AM EST 2025
###############################################################################
seed = 1551
U = 2.0
β = 6.0
Warming up
128/1024
256/1024
384/1024
512/1024
640/1024
768/1024
896/1024
1024/1024
Measuring
128/16384
mean(sgnprob[1:i - 1]) = 0.48031496062992124
256/16384
mean(sgnprob[1:i - 1]) = -0.011764705882352941
384/16384
mean(sgnprob[1:i - 1]) = 0.1174934725848564
512/16384
mean(sgnprob[1:i - 1]) = 0.22113502935420742
640/16384
mean(sgnprob[1:i - 1]) = 0.28012519561815336
768/16384
mean(sgnprob[1:i - 1]) = 0.32985658409387225
896/16384
mean(sgnprob[1:i - 1]) = 0.3474860335195531
1024/16384
mean(sgnprob[1:i - 1]) = 0.36656891495601174
1152/16384
mean(sgnprob[1:i - 1]) = 0.39009556907037357
1280/16384
mean(sgnprob[1:i - 1]) = 0.29163408913213446
1408/16384
mean(sgnprob[1:i - 1]) = 0.3034825870646766
1536/16384
mean(sgnprob[1:i - 1]) = 0.30814332247557
1664/16384
mean(sgnprob[1:i - 1]) = 0.3253156945279615
1792/16384
mean(sgnprob[1:i - 1]) = 0.3344500279173646
1920/16384
mean(sgnprob[1:i - 1]) = 0.34966128191766543
2048/16384
mean(sgnprob[1:i - 1]) = 0.3600390815828041
2176/16384
mean(sgnprob[1:i - 1]) = 0.3618390804597701
2304/16384
mean(sgnprob[1:i - 1]) = 0.3738601823708207
2432/16384
mean(sgnprob[1:i - 1]) = 0.32455779514603045
2560/16384
mean(sgnprob[1:i - 1]) = 0.32942555685814773
2688/16384
mean(sgnprob[1:i - 1]) = 0.34201711946408636
2816/16384
mean(sgnprob[1:i - 1]) = 0.34991119005328597
2944/16384
mean(sgnprob[1:i - 1]) = 0.35575942915392456
3072/16384
mean(sgnprob[1:i - 1]) = 0.3578638879843699
3200/16384
mean(sgnprob[1:i - 1]) = 0.36355110972178806
3328/16384
mean(sgnprob[1:i - 1]) = 0.3694018635407274
3456/16384
mean(sgnprob[1:i - 1]) = 0.3759768451519537
3584/16384
mean(sgnprob[1:i - 1]) = 0.3781747139268769
3712/16384
mean(sgnprob[1:i - 1]) = 0.35057935866343304
3840/16384
mean(sgnprob[1:i - 1]) = 0.3550403750976817
3968/16384
mean(sgnprob[1:i - 1]) = 0.35870935215528105
4096/16384
mean(sgnprob[1:i - 1]) = 0.32893772893772893
4224/16384
mean(sgnprob[1:i - 1]) = 0.33317546767700684
4352/16384
mean(sgnprob[1:i - 1]) = 0.33900252815444726
4480/16384
mean(sgnprob[1:i - 1]) = 0.3422638981915606
4608/16384
mean(sgnprob[1:i - 1]) = 0.3470805296288257
4736/16384
mean(sgnprob[1:i - 1]) = 0.35205913410770856
4864/16384
mean(sgnprob[1:i - 1]) = 0.3575981904174378
4992/16384
mean(sgnprob[1:i - 1]) = 0.3624524143458225
5120/16384
mean(sgnprob[1:i - 1]) = 0.3662824770462981
5248/16384
mean(sgnprob[1:i - 1]) = 0.34553077949304367
5376/16384
mean(sgnprob[1:i - 1]) = 0.3495813953488372
5504/16384
mean(sgnprob[1:i - 1]) = 0.355260766854443
5632/16384
mean(sgnprob[1:i - 1]) = 0.3571301722606997
5760/16384
mean(sgnprob[1:i - 1]) = 0.3387740927244313
5888/16384
mean(sgnprob[1:i - 1]) = 0.34092067266859183
6016/16384
mean(sgnprob[1:i - 1]) = 0.342975893599335
6144/16384
mean(sgnprob[1:i - 1]) = 0.3455966140322318
6272/16384
mean(sgnprob[1:i - 1]) = 0.3506617764311912
6400/16384
mean(sgnprob[1:i - 1]) = 0.35396155649320205
6528/16384
mean(sgnprob[1:i - 1]) = 0.3583575915428221
6656/16384
mean(sgnprob[1:i - 1]) = 0.33974455296769346
6784/16384
mean(sgnprob[1:i - 1]) = 0.3427686864219372
6912/16384
mean(sgnprob[1:i - 1]) = 0.32947475039791635
7040/16384
mean(sgnprob[1:i - 1]) = 0.33257564995027705
7168/16384
mean(sgnprob[1:i - 1]) = 0.3364029580019534
7296/16384
mean(sgnprob[1:i - 1]) = 0.32364633310486635
7424/16384
mean(sgnprob[1:i - 1]) = 0.3269567560285599
7552/16384
mean(sgnprob[1:i - 1]) = 0.3304198119454377
7680/16384
mean(sgnprob[1:i - 1]) = 0.3353301211095195
7808/16384
mean(sgnprob[1:i - 1]) = 0.32060970923530163
7936/16384
mean(sgnprob[1:i - 1]) = 0.3224952741020794
8064/16384
mean(sgnprob[1:i - 1]) = 0.3091901277440159
8192/16384
mean(sgnprob[1:i - 1]) = 0.3141252594310829
8320/16384
mean(sgnprob[1:i - 1]) = 0.3193893496814521
8448/16384
mean(sgnprob[1:i - 1]) = 0.30934059429383215
8576/16384
mean(sgnprob[1:i - 1]) = 0.2981924198250729
8704/16384
mean(sgnprob[1:i - 1]) = 0.30139032517522696
8832/16384
mean(sgnprob[1:i - 1]) = 0.3042690522024686
8960/16384
mean(sgnprob[1:i - 1]) = 0.3066190423038285
9088/16384
mean(sgnprob[1:i - 1]) = 0.3095631121382194
9216/16384
mean(sgnprob[1:i - 1]) = 0.31394465545306566
9344/16384
mean(sgnprob[1:i - 1]) = 0.30279353526704483
9472/16384
mean(sgnprob[1:i - 1]) = 0.30524759793052475
9600/16384
mean(sgnprob[1:i - 1]) = 0.3074278570684446
9728/16384
mean(sgnprob[1:i - 1]) = 0.2939241287138892
9856/16384
mean(sgnprob[1:i - 1]) = 0.2830035514967022
9984/16384
mean(sgnprob[1:i - 1]) = 0.28558549534208155
10112/16384
mean(sgnprob[1:i - 1]) = 0.28869548017011176
10240/16384
mean(sgnprob[1:i - 1]) = 0.2919230393593124
10368/16384
mean(sgnprob[1:i - 1]) = 0.29545673772547504
10496/16384
mean(sgnprob[1:i - 1]) = 0.2969985707479752
10624/16384
mean(sgnprob[1:i - 1]) = 0.2992563306034077
10752/16384
mean(sgnprob[1:i - 1]) = 0.30034415403218306
10880/16384
mean(sgnprob[1:i - 1]) = 0.3036124643809174
11008/16384
mean(sgnprob[1:i - 1]) = 0.3057145452893613
11136/16384
mean(sgnprob[1:i - 1]) = 0.30794791198922317
11264/16384
mean(sgnprob[1:i - 1]) = 0.31048566101393943
11392/16384
mean(sgnprob[1:i - 1]) = 0.3012027038890352
11520/16384
mean(sgnprob[1:i - 1]) = 0.3032381283097491
11648/16384
mean(sgnprob[1:i - 1]) = 0.3062591225208208
11776/16384
mean(sgnprob[1:i - 1]) = 0.3080254777070064
11904/16384
mean(sgnprob[1:i - 1]) = 0.31093001764261113
12032/16384
mean(sgnprob[1:i - 1]) = 0.3132740420580168
12160/16384
mean(sgnprob[1:i - 1]) = 0.31392384242125176
12288/16384
mean(sgnprob[1:i - 1]) = 0.3155367461544722
12416/16384
mean(sgnprob[1:i - 1]) = 0.30648409182440595
12544/16384
mean(sgnprob[1:i - 1]) = 0.3079805469186
12672/16384
mean(sgnprob[1:i - 1]) = 0.2999763238891958
12800/16384
mean(sgnprob[1:i - 1]) = 0.30103914368310025
12928/16384
mean(sgnprob[1:i - 1]) = 0.3030092055387948
13056/16384
mean(sgnprob[1:i - 1]) = 0.2948295672156262
13184/16384
mean(sgnprob[1:i - 1]) = 0.29773192748236366
13312/16384
mean(sgnprob[1:i - 1]) = 0.30042821726391705
13440/16384
mean(sgnprob[1:i - 1]) = 0.3032219659200833
13568/16384
mean(sgnprob[1:i - 1]) = 0.2957912582000442
13696/16384
mean(sgnprob[1:i - 1]) = 0.2972617743702081
13824/16384
mean(sgnprob[1:i - 1]) = 0.2898791868624756
13952/16384
mean(sgnprob[1:i - 1]) = 0.2913769622249301
14080/16384
mean(sgnprob[1:i - 1]) = 0.2936998366361247
14208/16384
mean(sgnprob[1:i - 1]) = 0.2956993031604139
14336/16384
mean(sgnprob[1:i - 1]) = 0.2978025810952215
14464/16384
mean(sgnprob[1:i - 1]) = 0.29903892691696055
14592/16384
mean(sgnprob[1:i - 1]) = 0.30107600575697346
14720/16384
mean(sgnprob[1:i - 1]) = 0.29478904816903323
14848/16384
mean(sgnprob[1:i - 1]) = 0.29655822725129655
14976/16384
mean(sgnprob[1:i - 1]) = 0.29629382303839735
15104/16384
mean(sgnprob[1:i - 1]) = 0.2891478514202476
15232/16384
mean(sgnprob[1:i - 1]) = 0.2913137679732125
15360/16384
mean(sgnprob[1:i - 1]) = 0.29344358356663847
15488/16384
mean(sgnprob[1:i - 1]) = 0.294892490475883
15616/16384
mean(sgnprob[1:i - 1]) = 0.29644572526416907
15744/16384
mean(sgnprob[1:i - 1]) = 0.28958902369306994
15872/16384
mean(sgnprob[1:i - 1]) = 0.2830949530590385
16000/16384
mean(sgnprob[1:i - 1]) = 0.27707981748859306
16128/16384
mean(sgnprob[1:i - 1]) = 0.2786011037390711
16256/16384
mean(sgnprob[1:i - 1]) = 0.28083666564134113
16384/16384
mean(sgnprob[1:i - 1]) = 0.2829152169932247
729.711942 seconds (167.11 M allocations: 70.745 GiB, 1.40% gc time, 1.22% compilation time)
