## SLURM PROLOG ###############################################################
##    Job ID : 5960422
##  Job Name : etgent_N(1,2)_seed1248
##  Nodelist : node1722
##      CPUs : 8
##  Mem/Node : 2048 MB
## Directory : /oscar/home/trazzaz/AFQMC
##   Job Started : Tue Nov 12 12:52:13 AM EST 2024
###############################################################################
U = 2.0
seed = 1248
λₖ = 0.0
Warming up
128/512
256/512
384/512
512/512
Measuring
128/1024
256/1024
384/1024
512/1024
640/1024
768/1024
896/1024
1024/1024
108.042672 seconds (80.56 M allocations: 13.061 GiB, 2.07% gc time, 8.47% compilation time)
λₖ = 0.2
Warming up
128/512
256/512
384/512
512/512
Measuring
128/1024
256/1024
384/1024
512/1024
640/1024
768/1024
896/1024
1024/1024
100.281568 seconds (76.83 M allocations: 12.896 GiB, 2.12% gc time, 0.07% compilation time)
λₖ = 0.4
Warming up
128/512
256/512
384/512
512/512
Measuring
128/1024
256/1024
384/1024
512/1024
640/1024
768/1024
896/1024
1024/1024
100.352262 seconds (76.82 M allocations: 12.896 GiB, 2.14% gc time)
λₖ = 0.6
Warming up
128/512
256/512
384/512
512/512
Measuring
128/1024
256/1024
384/1024
512/1024
640/1024
768/1024
896/1024
1024/1024
100.388048 seconds (76.82 M allocations: 12.896 GiB, 2.10% gc time)
λₖ = 0.8
Warming up
128/512
256/512
384/512
512/512
Measuring
128/1024
256/1024
384/1024
512/1024
640/1024
768/1024
896/1024
1024/1024
100.243960 seconds (76.82 M allocations: 12.896 GiB, 2.11% gc time)
