## SLURM PROLOG ###############################################################
##    Job ID : 8822283
##  Job Name : sbatch_etgent.sh
##  Nodelist : node1323
##      CPUs : 8
##  Mem/Node : 4096 MB
## Directory : /oscar/home/trazzaz/AFQMC
##   Job Started : Thu Feb 27 06:37:41 PM EST 2025
###############################################################################
seed = 1278
U = 2.0
β = 6.0
Warming up
128/1024
256/1024
384/1024
512/1024
640/1024
768/1024
896/1024
1024/1024
Measuring
128/16384
mean(sgnprob[1:i - 1]) = -0.023622047244094488
256/16384
mean(sgnprob[1:i - 1]) = 0.1450980392156863
384/16384
mean(sgnprob[1:i - 1]) = 0.018276762402088774
512/16384
mean(sgnprob[1:i - 1]) = -0.03718199608610567
640/16384
mean(sgnprob[1:i - 1]) = 0.026604068857589983
768/16384
mean(sgnprob[1:i - 1]) = 0.03259452411994785
896/16384
mean(sgnprob[1:i - 1]) = 0.05251396648044693
1024/16384
mean(sgnprob[1:i - 1]) = 0.07135874877810362
1152/16384
mean(sgnprob[1:i - 1]) = 0.028670721112076455
1280/16384
mean(sgnprob[1:i - 1]) = -0.00547302580140735
1408/16384
mean(sgnprob[1:i - 1]) = 0.012082444918265814
1536/16384
mean(sgnprob[1:i - 1]) = -0.0071661237785016286
1664/16384
mean(sgnprob[1:i - 1]) = 0.009019843656043296
1792/16384
mean(sgnprob[1:i - 1]) = 0.018425460636515914
1920/16384
mean(sgnprob[1:i - 1]) = 0.02344971339239187
2048/16384
mean(sgnprob[1:i - 1]) = 0.00537371763556424
2176/16384
mean(sgnprob[1:i - 1]) = 0.013333333333333334
2304/16384
mean(sgnprob[1:i - 1]) = 0.02127659574468085
2432/16384
mean(sgnprob[1:i - 1]) = 0.04072398190045249
2560/16384
mean(sgnprob[1:i - 1]) = 0.05041031652989449
2688/16384
mean(sgnprob[1:i - 1]) = 0.053963528098250835
2816/16384
mean(sgnprob[1:i - 1]) = 0.059325044404973354
2944/16384
mean(sgnprob[1:i - 1]) = 0.07509344206591913
3072/16384
mean(sgnprob[1:i - 1]) = 0.08042982741777922
3200/16384
mean(sgnprob[1:i - 1]) = 0.06845889340418881
3328/16384
mean(sgnprob[1:i - 1]) = 0.05320108205590622
3456/16384
mean(sgnprob[1:i - 1]) = 0.05991316931982634
3584/16384
mean(sgnprob[1:i - 1]) = 0.053307284398548704
3712/16384
mean(sgnprob[1:i - 1]) = 0.043384532471032064
3840/16384
mean(sgnprob[1:i - 1]) = 0.05027350872623079
3968/16384
mean(sgnprob[1:i - 1]) = 0.05570960423493824
4096/16384
mean(sgnprob[1:i - 1]) = 0.06031746031746032
4224/16384
mean(sgnprob[1:i - 1]) = 0.05043807719630594
4352/16384
mean(sgnprob[1:i - 1]) = 0.0558492300620547
4480/16384
mean(sgnprob[1:i - 1]) = 0.06363027461486939
4608/16384
mean(sgnprob[1:i - 1]) = 0.06880833514217495
4736/16384
mean(sgnprob[1:i - 1]) = 0.06990496304118268
4864/16384
mean(sgnprob[1:i - 1]) = 0.07464528069093153
4992/16384
mean(sgnprob[1:i - 1]) = 0.06792226006812262
5120/16384
mean(sgnprob[1:i - 1]) = 0.0689587810119164
5248/16384
mean(sgnprob[1:i - 1]) = 0.062321326472269865
5376/16384
mean(sgnprob[1:i - 1]) = 0.056
5504/16384
mean(sgnprob[1:i - 1]) = 0.059058695257132476
5632/16384
mean(sgnprob[1:i - 1]) = 0.0527437400106553
5760/16384
mean(sgnprob[1:i - 1]) = 0.058517103663830526
5888/16384
mean(sgnprob[1:i - 1]) = 0.06132155597078308
6016/16384
mean(sgnprob[1:i - 1]) = 0.0656691604322527
6144/16384
mean(sgnprob[1:i - 1]) = 0.06071951815074068
6272/16384
mean(sgnprob[1:i - 1]) = 0.05629086270132355
6400/16384
mean(sgnprob[1:i - 1]) = 0.058290357868416943
6528/16384
mean(sgnprob[1:i - 1]) = 0.05255094223992646
6656/16384
mean(sgnprob[1:i - 1]) = 0.05454545454545454
6784/16384
mean(sgnprob[1:i - 1]) = 0.049388176323160844
6912/16384
mean(sgnprob[1:i - 1]) = 0.05049920416726957
7040/16384
mean(sgnprob[1:i - 1]) = 0.05526353175166927
7168/16384
mean(sgnprob[1:i - 1]) = 0.056229942793358446
7296/16384
mean(sgnprob[1:i - 1]) = 0.05880740233036326
7424/16384
mean(sgnprob[1:i - 1]) = 0.06129597197898424
7552/16384
mean(sgnprob[1:i - 1]) = 0.06555423122765197
7680/16384
mean(sgnprob[1:i - 1]) = 0.06654512306289881
7808/16384
mean(sgnprob[1:i - 1]) = 0.06929678493659536
7936/16384
mean(sgnprob[1:i - 1]) = 0.07347195967233774
8064/16384
mean(sgnprob[1:i - 1]) = 0.07304973334986978
8192/16384
mean(sgnprob[1:i - 1]) = 0.07483823708948846
8320/16384
mean(sgnprob[1:i - 1]) = 0.07921625195335978
8448/16384
mean(sgnprob[1:i - 1]) = 0.08227773173907896
8576/16384
mean(sgnprob[1:i - 1]) = 0.08291545189504373
8704/16384
mean(sgnprob[1:i - 1]) = 0.0862920831897047
8832/16384
mean(sgnprob[1:i - 1]) = 0.08753255576944853
8960/16384
mean(sgnprob[1:i - 1]) = 0.08873758231945529
9088/16384
mean(sgnprob[1:i - 1]) = 0.08352591614394189
9216/16384
mean(sgnprob[1:i - 1]) = 0.07976125881714596
9344/16384
mean(sgnprob[1:i - 1]) = 0.07545756181098148
9472/16384
mean(sgnprob[1:i - 1]) = 0.07633829585049097
9600/16384
mean(sgnprob[1:i - 1]) = 0.07802896135014065
9728/16384
mean(sgnprob[1:i - 1]) = 0.07967513107844146
9856/16384
mean(sgnprob[1:i - 1]) = 0.08249619482496195
9984/16384
mean(sgnprob[1:i - 1]) = 0.08304116998898127
10112/16384
mean(sgnprob[1:i - 1]) = 0.08060528137671842
10240/16384
mean(sgnprob[1:i - 1]) = 0.08350424846176384
10368/16384
mean(sgnprob[1:i - 1]) = 0.08131571332111508
10496/16384
mean(sgnprob[1:i - 1]) = 0.07670319199618866
10624/16384
mean(sgnprob[1:i - 1]) = 0.07540242869245976
10752/16384
mean(sgnprob[1:i - 1]) = 0.07171425913868477
10880/16384
mean(sgnprob[1:i - 1]) = 0.06884823972791616
11008/16384
mean(sgnprob[1:i - 1]) = 0.07168165712728264
11136/16384
mean(sgnprob[1:i - 1]) = 0.07211495285136955
11264/16384
mean(sgnprob[1:i - 1]) = 0.06809908550119861
11392/16384
mean(sgnprob[1:i - 1]) = 0.07049424984636994
11520/16384
mean(sgnprob[1:i - 1]) = 0.07179442659953121
11648/16384
mean(sgnprob[1:i - 1]) = 0.07426805185884777
11776/16384
mean(sgnprob[1:i - 1]) = 0.07634819532908704
11904/16384
mean(sgnprob[1:i - 1]) = 0.07367890447786273
12032/16384
mean(sgnprob[1:i - 1]) = 0.07372620729781398
12160/16384
mean(sgnprob[1:i - 1]) = 0.07492392466485731
12288/16384
mean(sgnprob[1:i - 1]) = 0.07007406201676569
12416/16384
mean(sgnprob[1:i - 1]) = 0.07209021345147
12544/16384
mean(sgnprob[1:i - 1]) = 0.06800605915650164
12672/16384
mean(sgnprob[1:i - 1]) = 0.06463578249546208
12800/16384
mean(sgnprob[1:i - 1]) = 0.06242675209000703
12928/16384
mean(sgnprob[1:i - 1]) = 0.06459348650112168
13056/16384
mean(sgnprob[1:i - 1]) = 0.06702412868632708
13184/16384
mean(sgnprob[1:i - 1]) = 0.06864901767427747
13312/16384
mean(sgnprob[1:i - 1]) = 0.06964164976335362
13440/16384
mean(sgnprob[1:i - 1]) = 0.07106183495795818
13568/16384
mean(sgnprob[1:i - 1]) = 0.07186555612884205
13696/16384
mean(sgnprob[1:i - 1]) = 0.07221613727637824
13824/16384
mean(sgnprob[1:i - 1]) = 0.06995587065036533
13952/16384
mean(sgnprob[1:i - 1]) = 0.06730700308221634
14080/16384
mean(sgnprob[1:i - 1]) = 0.06385396690105831
14208/16384
mean(sgnprob[1:i - 1]) = 0.0649679735341733
14336/16384
mean(sgnprob[1:i - 1]) = 0.06648064178583886
14464/16384
mean(sgnprob[1:i - 1]) = 0.06644541243172232
14592/16384
mean(sgnprob[1:i - 1]) = 0.06490302241107532
14720/16384
mean(sgnprob[1:i - 1]) = 0.06393097357157415
14848/16384
mean(sgnprob[1:i - 1]) = 0.06176331918906176
14976/16384
mean(sgnprob[1:i - 1]) = 0.06323873121869783
15104/16384
mean(sgnprob[1:i - 1]) = 0.06045156591405681
15232/16384
mean(sgnprob[1:i - 1]) = 0.056923379948788655
15360/16384
mean(sgnprob[1:i - 1]) = 0.054625952210430366
15488/16384
mean(sgnprob[1:i - 1]) = 0.056498999160586295
15616/16384
mean(sgnprob[1:i - 1]) = 0.055011207172590455
15744/16384
mean(sgnprob[1:i - 1]) = 0.05329352728196659
15872/16384
mean(sgnprob[1:i - 1]) = 0.05109948963518367
16000/16384
mean(sgnprob[1:i - 1]) = 0.05144071504469029
16128/16384
mean(sgnprob[1:i - 1]) = 0.05165250821603522
16256/16384
mean(sgnprob[1:i - 1]) = 0.0519840049215626
16384/16384
mean(sgnprob[1:i - 1]) = 0.05316486601965452
798.607032 seconds (167.11 M allocations: 70.745 GiB, 1.49% gc time, 1.19% compilation time)
