## SLURM PROLOG ###############################################################
##    Job ID : 5955280
##  Job Name : etgent_N(1,3)_seed1245
##  Nodelist : node1736
##      CPUs : 8
##  Mem/Node : 2048 MB
## Directory : /oscar/home/trazzaz/AFQMC
##   Job Started : Mon Nov 11 10:14:53 PM EST 2024
###############################################################################
U = 2.0
seed = 1245
λₖ = 0.0
Warming up
128/512
256/512
384/512
512/512
Measuring
128/1024
256/1024
384/1024
512/1024
640/1024
768/1024
896/1024
1024/1024
117.697761 seconds (80.56 M allocations: 16.970 GiB, 2.93% gc time, 9.75% compilation time)
λₖ = 0.2
Warming up
128/512
256/512
384/512
512/512
Measuring
128/1024
256/1024
384/1024
512/1024
640/1024
768/1024
896/1024
1024/1024
107.666496 seconds (76.83 M allocations: 16.806 GiB, 2.95% gc time, 0.09% compilation time)
λₖ = 0.4
Warming up
128/512
256/512
384/512
512/512
Measuring
128/1024
256/1024
384/1024
512/1024
640/1024
768/1024
896/1024
1024/1024
107.486080 seconds (76.82 M allocations: 16.805 GiB, 2.74% gc time)
λₖ = 0.6
Warming up
128/512
256/512
384/512
512/512
Measuring
128/1024
256/1024
384/1024
512/1024
640/1024
768/1024
896/1024
1024/1024
107.462040 seconds (76.82 M allocations: 16.805 GiB, 2.68% gc time)
λₖ = 0.8
Warming up
128/512
256/512
384/512
512/512
Measuring
128/1024
256/1024
384/1024
512/1024
640/1024
768/1024
896/1024
1024/1024
106.731639 seconds (76.82 M allocations: 16.805 GiB, 2.50% gc time)
