## SLURM PROLOG ###############################################################
##    Job ID : 8833836
##  Job Name : sbatch_etgent.sh
##  Nodelist : node1733
##      CPUs : 8
##  Mem/Node : 4096 MB
## Directory : /oscar/home/trazzaz/AFQMC
##   Job Started : Thu Feb 27 11:43:31 PM EST 2025
###############################################################################
seed = 1390
U = 2.0
β = 6.0
Warming up
128/1024
256/1024
384/1024
512/1024
640/1024
768/1024
896/1024
1024/1024
Measuring
128/16384
mean(sgnprob[1:i - 1]) = 0.2125984251968504
256/16384
mean(sgnprob[1:i - 1]) = 0.058823529411764705
384/16384
mean(sgnprob[1:i - 1]) = 0.15926892950391644
512/16384
mean(sgnprob[1:i - 1]) = 0.18590998043052837
640/16384
mean(sgnprob[1:i - 1]) = 0.20500782472613457
768/16384
mean(sgnprob[1:i - 1]) = 0.11864406779661017
896/16384
mean(sgnprob[1:i - 1]) = 0.1441340782122905
1024/16384
mean(sgnprob[1:i - 1]) = 0.17302052785923755
1152/16384
mean(sgnprob[1:i - 1]) = 0.1746307558644657
1280/16384
mean(sgnprob[1:i - 1]) = 0.1931196247068022
1408/16384
mean(sgnprob[1:i - 1]) = 0.20113717128642503
1536/16384
mean(sgnprob[1:i - 1]) = 0.20390879478827362
1664/16384
mean(sgnprob[1:i - 1]) = 0.17859290438965725
1792/16384
mean(sgnprob[1:i - 1]) = 0.15131211613623674
1920/16384
mean(sgnprob[1:i - 1]) = 0.16102136529442418
2048/16384
mean(sgnprob[1:i - 1]) = 0.12750366389838788
2176/16384
mean(sgnprob[1:i - 1]) = 0.09977011494252873
2304/16384
mean(sgnprob[1:i - 1]) = 0.0864090316977855
2432/16384
mean(sgnprob[1:i - 1]) = 0.059646236116824354
2560/16384
mean(sgnprob[1:i - 1]) = 0.06525986713559985
2688/16384
mean(sgnprob[1:i - 1]) = 0.05098622999627838
2816/16384
mean(sgnprob[1:i - 1]) = 0.06287744227353463
2944/16384
mean(sgnprob[1:i - 1]) = 0.0472307169554876
3072/16384
mean(sgnprob[1:i - 1]) = 0.03353956366004559
3200/16384
mean(sgnprob[1:i - 1]) = 0.022194435761175368
3328/16384
mean(sgnprob[1:i - 1]) = 0.03456567478208596
3456/16384
mean(sgnprob[1:i - 1]) = 0.018234442836468887
3584/16384
mean(sgnprob[1:i - 1]) = 0.028746860173039353
3712/16384
mean(sgnprob[1:i - 1]) = 0.03799514955537591
3840/16384
mean(sgnprob[1:i - 1]) = 0.023704089606668404
3968/16384
mean(sgnprob[1:i - 1]) = 0.032014116460801614
4096/16384
mean(sgnprob[1:i - 1]) = 0.04322344322344322
4224/16384
mean(sgnprob[1:i - 1]) = 0.049964480227326545
4352/16384
mean(sgnprob[1:i - 1]) = 0.04022063893357849
4480/16384
mean(sgnprob[1:i - 1]) = 0.04710872962714892
4608/16384
mean(sgnprob[1:i - 1]) = 0.052745821575862814
4736/16384
mean(sgnprob[1:i - 1]) = 0.048785638859556495
4864/16384
mean(sgnprob[1:i - 1]) = 0.05367057371992597
4992/16384
mean(sgnprob[1:i - 1]) = 0.045882588659587255
5120/16384
mean(sgnprob[1:i - 1]) = 0.050205118187145924
5248/16384
mean(sgnprob[1:i - 1]) = 0.056222603392414715
5376/16384
mean(sgnprob[1:i - 1]) = 0.05972093023255814
5504/16384
mean(sgnprob[1:i - 1]) = 0.06669089587497729
5632/16384
mean(sgnprob[1:i - 1]) = 0.05913692061800746
5760/16384
mean(sgnprob[1:i - 1]) = 0.052960583434624064
5888/16384
mean(sgnprob[1:i - 1]) = 0.0558858501783591
6016/16384
mean(sgnprob[1:i - 1]) = 0.058354114713216956
6144/16384
mean(sgnprob[1:i - 1]) = 0.06039394432687612
6272/16384
mean(sgnprob[1:i - 1]) = 0.06394514431510126
6400/16384
mean(sgnprob[1:i - 1]) = 0.06797937177684013
6528/16384
mean(sgnprob[1:i - 1]) = 0.07062969204841428
6656/16384
mean(sgnprob[1:i - 1]) = 0.0743801652892562
6784/16384
mean(sgnprob[1:i - 1]) = 0.06943830163644406
6912/16384
mean(sgnprob[1:i - 1]) = 0.06294313413398929
7040/16384
mean(sgnprob[1:i - 1]) = 0.05838897570677653
7168/16384
mean(sgnprob[1:i - 1]) = 0.04981163666806195
7296/16384
mean(sgnprob[1:i - 1]) = 0.042631939684715556
7424/16384
mean(sgnprob[1:i - 1]) = 0.03758588171898154
7552/16384
mean(sgnprob[1:i - 1]) = 0.04357038802807575
7680/16384
mean(sgnprob[1:i - 1]) = 0.04701132960020836
7808/16384
mean(sgnprob[1:i - 1]) = 0.042141667734084794
7936/16384
mean(sgnprob[1:i - 1]) = 0.04675488342785129
8064/16384
mean(sgnprob[1:i - 1]) = 0.04229195088676671
8192/16384
mean(sgnprob[1:i - 1]) = 0.03650347942864119
8320/16384
mean(sgnprob[1:i - 1]) = 0.03281644428416877
8448/16384
mean(sgnprob[1:i - 1]) = 0.026163134840771873
8576/16384
mean(sgnprob[1:i - 1]) = 0.029970845481049564
8704/16384
mean(sgnprob[1:i - 1]) = 0.035504998276456395
8832/16384
mean(sgnprob[1:i - 1]) = 0.041331672517268714
8960/16384
mean(sgnprob[1:i - 1]) = 0.04587565576515236
9088/16384
mean(sgnprob[1:i - 1]) = 0.04853086827335754
9216/16384
mean(sgnprob[1:i - 1]) = 0.049376017362995114
9344/16384
mean(sgnprob[1:i - 1]) = 0.05383709729209034
9472/16384
mean(sgnprob[1:i - 1]) = 0.048463731390560656
9600/16384
mean(sgnprob[1:i - 1]) = 0.04323367017397645
9728/16384
mean(sgnprob[1:i - 1]) = 0.04451526678318084
9856/16384
mean(sgnprob[1:i - 1]) = 0.04576357179096905
9984/16384
mean(sgnprob[1:i - 1]) = 0.04998497445657618
10112/16384
mean(sgnprob[1:i - 1]) = 0.0471763425971714
10240/16384
mean(sgnprob[1:i - 1]) = 0.04893055962496338
10368/16384
mean(sgnprob[1:i - 1]) = 0.05064145847400405
10496/16384
mean(sgnprob[1:i - 1]) = 0.05307289185326346
10624/16384
mean(sgnprob[1:i - 1]) = 0.05488091876117857
10752/16384
mean(sgnprob[1:i - 1]) = 0.056831922611850064
10880/16384
mean(sgnprob[1:i - 1]) = 0.060391580108465855
11008/16384
mean(sgnprob[1:i - 1]) = 0.06386844735168529
11136/16384
mean(sgnprob[1:i - 1]) = 0.0670857656039515
11264/16384
mean(sgnprob[1:i - 1]) = 0.06401491609695463
11392/16384
mean(sgnprob[1:i - 1]) = 0.06487577912386973
11520/16384
mean(sgnprob[1:i - 1]) = 0.06797465057730706
11648/16384
mean(sgnprob[1:i - 1]) = 0.06430840559800807
11776/16384
mean(sgnprob[1:i - 1]) = 0.06479830148619957
11904/16384
mean(sgnprob[1:i - 1]) = 0.06191716374023355
12032/16384
mean(sgnprob[1:i - 1]) = 0.06524810905161665
12160/16384
mean(sgnprob[1:i - 1]) = 0.06817994900896455
12288/16384
mean(sgnprob[1:i - 1]) = 0.07105070399609344
12416/16384
mean(sgnprob[1:i - 1]) = 0.07241240434957713
12544/16384
mean(sgnprob[1:i - 1]) = 0.07470302160567648
12672/16384
mean(sgnprob[1:i - 1]) = 0.07568463420408808
12800/16384
mean(sgnprob[1:i - 1]) = 0.07695913743261193
12928/16384
mean(sgnprob[1:i - 1]) = 0.07434052757793765
13056/16384
mean(sgnprob[1:i - 1]) = 0.07560321715817694
13184/16384
mean(sgnprob[1:i - 1]) = 0.07820678146097246
13312/16384
mean(sgnprob[1:i - 1]) = 0.07339794155209976
13440/16384
mean(sgnprob[1:i - 1]) = 0.07478234987722301
13568/16384
mean(sgnprob[1:i - 1]) = 0.07658288494140193
13696/16384
mean(sgnprob[1:i - 1]) = 0.07250821467688938
13824/16384
mean(sgnprob[1:i - 1]) = 0.07386240324097519
13952/16384
mean(sgnprob[1:i - 1]) = 0.07132105225431869
14080/16384
mean(sgnprob[1:i - 1]) = 0.07209318843667874
14208/16384
mean(sgnprob[1:i - 1]) = 0.069332019427043
14336/16384
mean(sgnprob[1:i - 1]) = 0.07136379490756889
14464/16384
mean(sgnprob[1:i - 1]) = 0.07308303948005254
14592/16384
mean(sgnprob[1:i - 1]) = 0.07120827907614283
14720/16384
mean(sgnprob[1:i - 1]) = 0.07221958013452001
14848/16384
mean(sgnprob[1:i - 1]) = 0.07388698053478818
14976/16384
mean(sgnprob[1:i - 1]) = 0.07378964941569283
15104/16384
mean(sgnprob[1:i - 1]) = 0.07554790438985633
15232/16384
mean(sgnprob[1:i - 1]) = 0.07714529577834679
15360/16384
mean(sgnprob[1:i - 1]) = 0.07454912429194609
15488/16384
mean(sgnprob[1:i - 1]) = 0.07212500807128559
15616/16384
mean(sgnprob[1:i - 1]) = 0.07038104386807557
15744/16384
mean(sgnprob[1:i - 1]) = 0.07196849393381186
15872/16384
mean(sgnprob[1:i - 1]) = 0.07378237036103585
16000/16384
mean(sgnprob[1:i - 1]) = 0.07606725420338771
16128/16384
mean(sgnprob[1:i - 1]) = 0.0779438209214361
16256/16384
mean(sgnprob[1:i - 1]) = 0.0794217163949554
16384/16384
mean(sgnprob[1:i - 1]) = 0.08063236281511323
730.765149 seconds (167.11 M allocations: 70.745 GiB, 1.49% gc time, 1.24% compilation time)
