## SLURM PROLOG ###############################################################
##    Job ID : 5875846
##  Job Name : etgent_1x10_LA2
##  Nodelist : node1738
##      CPUs : 8
##  Mem/Node : 2048 MB
## Directory : /oscar/home/trazzaz/AFQMC
##   Job Started : Sat Nov  9 07:09:12 PM EST 2024
###############################################################################
U = 2.0
seed = 1234
λₖ = 0.0
Warming up
128/512
256/512
384/512
512/512
Measuring
128/1024
256/1024
384/1024
512/1024
640/1024
768/1024
896/1024
1024/1024
561.657353 seconds (130.87 M allocations: 715.362 GiB, 9.20% gc time, 1.35% compilation time)
λₖ = 0.2
Warming up
128/512
256/512
384/512
512/512
Measuring
128/1024
256/1024
384/1024
512/1024
640/1024
768/1024
896/1024
1024/1024
455.610674 seconds (129.02 M allocations: 715.263 GiB, 9.22% gc time, 0.02% compilation time)
λₖ = 0.4
Warming up
128/512
256/512
384/512
512/512
Measuring
128/1024
256/1024
384/1024
512/1024
640/1024
768/1024
896/1024
1024/1024
434.624805 seconds (129.02 M allocations: 715.263 GiB, 9.16% gc time)
λₖ = 0.6
Warming up
128/512
256/512
384/512
512/512
Measuring
128/1024
256/1024
384/1024
512/1024
640/1024
768/1024
896/1024
1024/1024
418.002669 seconds (129.02 M allocations: 715.263 GiB, 9.29% gc time)
λₖ = 0.8
Warming up
128/512
256/512
384/512
512/512
Measuring
128/1024
256/1024
384/1024
512/1024
640/1024
768/1024
896/1024
1024/1024
419.014121 seconds (129.02 M allocations: 715.263 GiB, 9.26% gc time)
