## SLURM PROLOG ###############################################################
##    Job ID : 8834045
##  Job Name : sbatch_etgent.sh
##  Nodelist : node1736
##      CPUs : 8
##  Mem/Node : 4096 MB
## Directory : /oscar/home/trazzaz/AFQMC
##   Job Started : Fri Feb 28 05:18:57 AM EST 2025
###############################################################################
seed = 1599
U = 2.0
β = 6.0
Warming up
128/1024
256/1024
384/1024
512/1024
640/1024
768/1024
896/1024
1024/1024
Measuring
128/16384
mean(sgnprob[1:i - 1]) = 0.4015748031496063
256/16384
mean(sgnprob[1:i - 1]) = 0.34901960784313724
384/16384
mean(sgnprob[1:i - 1]) = 0.1174934725848564
512/16384
mean(sgnprob[1:i - 1]) = 0.0019569471624266144
640/16384
mean(sgnprob[1:i - 1]) = 0.06729264475743349
768/16384
mean(sgnprob[1:i - 1]) = 0.121251629726206
896/16384
mean(sgnprob[1:i - 1]) = 0.16201117318435754
1024/16384
mean(sgnprob[1:i - 1]) = 0.08308895405669599
1152/16384
mean(sgnprob[1:i - 1]) = 0.1103388357949609
1280/16384
mean(sgnprob[1:i - 1]) = 0.13682564503518374
1408/16384
mean(sgnprob[1:i - 1]) = 0.1613361762615494
1536/16384
mean(sgnprob[1:i - 1]) = 0.17654723127035832
1664/16384
mean(sgnprob[1:i - 1]) = 0.13048707155742634
1792/16384
mean(sgnprob[1:i - 1]) = 0.08654383026242322
1920/16384
mean(sgnprob[1:i - 1]) = 0.10265763418447107
2048/16384
mean(sgnprob[1:i - 1]) = 0.11577918905715681
2176/16384
mean(sgnprob[1:i - 1]) = 0.1347126436781609
2304/16384
mean(sgnprob[1:i - 1]) = 0.13764654798089448
2432/16384
mean(sgnprob[1:i - 1]) = 0.153434800493624
2560/16384
mean(sgnprob[1:i - 1]) = 0.16295427901524032
2688/16384
mean(sgnprob[1:i - 1]) = 0.1700781540751768
2816/16384
mean(sgnprob[1:i - 1]) = 0.18010657193605684
2944/16384
mean(sgnprob[1:i - 1]) = 0.19198097179748555
3072/16384
mean(sgnprob[1:i - 1]) = 0.1937479648323022
3200/16384
mean(sgnprob[1:i - 1]) = 0.1716161300406377
3328/16384
mean(sgnprob[1:i - 1]) = 0.17643522693116923
3456/16384
mean(sgnprob[1:i - 1]) = 0.1808972503617945
3584/16384
mean(sgnprob[1:i - 1]) = 0.15936366173597544
3712/16384
mean(sgnprob[1:i - 1]) = 0.13985448666127728
3840/16384
mean(sgnprob[1:i - 1]) = 0.14196405313883823
3968/16384
mean(sgnprob[1:i - 1]) = 0.1494832367027981
4096/16384
mean(sgnprob[1:i - 1]) = 0.13064713064713065
4224/16384
mean(sgnprob[1:i - 1]) = 0.13710632251953586
4352/16384
mean(sgnprob[1:i - 1]) = 0.13766950126407723
4480/16384
mean(sgnprob[1:i - 1]) = 0.12480464389372628
4608/16384
mean(sgnprob[1:i - 1]) = 0.11091816800520947
4736/16384
mean(sgnprob[1:i - 1]) = 0.11974656810982048
4864/16384
mean(sgnprob[1:i - 1]) = 0.12235245733086572
4992/16384
mean(sgnprob[1:i - 1]) = 0.13163694650370666
5120/16384
mean(sgnprob[1:i - 1]) = 0.1377222113694081
5248/16384
mean(sgnprob[1:i - 1]) = 0.14351057747284163
5376/16384
mean(sgnprob[1:i - 1]) = 0.1464186046511628
5504/16384
mean(sgnprob[1:i - 1]) = 0.14846447392331455
5632/16384
mean(sgnprob[1:i - 1]) = 0.13656544130705026
5760/16384
mean(sgnprob[1:i - 1]) = 0.14082305955895122
5888/16384
mean(sgnprob[1:i - 1]) = 0.14591472736538136
6016/16384
mean(sgnprob[1:i - 1]) = 0.13649210307564422
6144/16384
mean(sgnprob[1:i - 1]) = 0.12876444733843398
6272/16384
mean(sgnprob[1:i - 1]) = 0.13506617764311912
6400/16384
mean(sgnprob[1:i - 1]) = 0.13892795749335834
6528/16384
mean(sgnprob[1:i - 1]) = 0.129768653286349
6656/16384
mean(sgnprob[1:i - 1]) = 0.12156273478587529
6784/16384
mean(sgnprob[1:i - 1]) = 0.124281291463954
6912/16384
mean(sgnprob[1:i - 1]) = 0.11619157864274346
7040/16384
mean(sgnprob[1:i - 1]) = 0.1203295922716295
7168/16384
mean(sgnprob[1:i - 1]) = 0.11176224361657597
7296/16384
mean(sgnprob[1:i - 1]) = 0.1177518848526388
7424/16384
mean(sgnprob[1:i - 1]) = 0.11033274956217162
7552/16384
mean(sgnprob[1:i - 1]) = 0.1166732883061846
7680/16384
mean(sgnprob[1:i - 1]) = 0.12280244823544732
7808/16384
mean(sgnprob[1:i - 1]) = 0.11720251056743948
7936/16384
mean(sgnprob[1:i - 1]) = 0.12136105860113422
8064/16384
mean(sgnprob[1:i - 1]) = 0.11472156765471908
8192/16384
mean(sgnprob[1:i - 1]) = 0.11585886949090465
8320/16384
mean(sgnprob[1:i - 1]) = 0.12032696237528549
8448/16384
mean(sgnprob[1:i - 1]) = 0.11305789037528116
8576/16384
mean(sgnprob[1:i - 1]) = 0.11486880466472303
8704/16384
mean(sgnprob[1:i - 1]) = 0.11869470297598529
8832/16384
mean(sgnprob[1:i - 1]) = 0.12195674329068056
8960/16384
mean(sgnprob[1:i - 1]) = 0.12512557205045205
9088/16384
mean(sgnprob[1:i - 1]) = 0.1286453174865192
9216/16384
mean(sgnprob[1:i - 1]) = 0.13119913185024418
9344/16384
mean(sgnprob[1:i - 1]) = 0.12405009097720218
9472/16384
mean(sgnprob[1:i - 1]) = 0.1274416640270299
9600/16384
mean(sgnprob[1:i - 1]) = 0.1301177205958954
9728/16384
mean(sgnprob[1:i - 1]) = 0.13457386655700626
9856/16384
mean(sgnprob[1:i - 1]) = 0.13708777270421105
9984/16384
mean(sgnprob[1:i - 1]) = 0.1315235901031754
10112/16384
mean(sgnprob[1:i - 1]) = 0.12610028681633864
10240/16384
mean(sgnprob[1:i - 1]) = 0.1212032425041508
10368/16384
mean(sgnprob[1:i - 1]) = 0.12202179994212405
10496/16384
mean(sgnprob[1:i - 1]) = 0.12472606002858504
10624/16384
mean(sgnprob[1:i - 1]) = 0.12792996328720702
10752/16384
mean(sgnprob[1:i - 1]) = 0.12994140079992558
10880/16384
mean(sgnprob[1:i - 1]) = 0.13282470815332292
11008/16384
mean(sgnprob[1:i - 1]) = 0.12691923321522666
11136/16384
mean(sgnprob[1:i - 1]) = 0.13120790300853166
11264/16384
mean(sgnprob[1:i - 1]) = 0.1338009411346888
11392/16384
mean(sgnprob[1:i - 1]) = 0.13668685804582564
11520/16384
mean(sgnprob[1:i - 1]) = 0.13048007639552045
11648/16384
mean(sgnprob[1:i - 1]) = 0.13299562119000602
11776/16384
mean(sgnprob[1:i - 1]) = 0.1364755838641189
11904/16384
mean(sgnprob[1:i - 1]) = 0.1316474838276065
12032/16384
mean(sgnprob[1:i - 1]) = 0.13390408112376362
12160/16384
mean(sgnprob[1:i - 1]) = 0.1366066288346081
12288/16384
mean(sgnprob[1:i - 1]) = 0.13827622690648653
12416/16384
mean(sgnprob[1:i - 1]) = 0.14136125654450263
12544/16384
mean(sgnprob[1:i - 1]) = 0.14374551542693137
12672/16384
mean(sgnprob[1:i - 1]) = 0.13897877042064558
12800/16384
mean(sgnprob[1:i - 1]) = 0.14071411829049144
12928/16384
mean(sgnprob[1:i - 1]) = 0.14303395992883114
13056/16384
mean(sgnprob[1:i - 1]) = 0.14484871696667942
13184/16384
mean(sgnprob[1:i - 1]) = 0.148903891375256
13312/16384
mean(sgnprob[1:i - 1]) = 0.15167906242956952
13440/16384
mean(sgnprob[1:i - 1]) = 0.1478532628915842
13568/16384
mean(sgnprob[1:i - 1]) = 0.14837473280754773
13696/16384
mean(sgnprob[1:i - 1]) = 0.15136911281489596
13824/16384
mean(sgnprob[1:i - 1]) = 0.15329523258337555
13952/16384
mean(sgnprob[1:i - 1]) = 0.15547272596946454
14080/16384
mean(sgnprob[1:i - 1]) = 0.1569003480360821
14208/16384
mean(sgnprob[1:i - 1]) = 0.15942845076370804
14336/16384
mean(sgnprob[1:i - 1]) = 0.15493547261946286
14464/16384
mean(sgnprob[1:i - 1]) = 0.15632994537786074
14592/16384
mean(sgnprob[1:i - 1]) = 0.15934480159002123
14720/16384
mean(sgnprob[1:i - 1]) = 0.16176370677355797
14848/16384
mean(sgnprob[1:i - 1]) = 0.15713612177544284
14976/16384
mean(sgnprob[1:i - 1]) = 0.1596661101836394
15104/16384
mean(sgnprob[1:i - 1]) = 0.16175594252797457
15232/16384
mean(sgnprob[1:i - 1]) = 0.1645985161840982
15360/16384
mean(sgnprob[1:i - 1]) = 0.16700306009505828
15488/16384
mean(sgnprob[1:i - 1]) = 0.16872215406469943
15616/16384
mean(sgnprob[1:i - 1]) = 0.1697726544988793
15744/16384
mean(sgnprob[1:i - 1]) = 0.1715683160769866
15872/16384
mean(sgnprob[1:i - 1]) = 0.17270493352655789
16000/16384
mean(sgnprob[1:i - 1]) = 0.16919807487967997
16128/16384
mean(sgnprob[1:i - 1]) = 0.16574688410739752
16256/16384
mean(sgnprob[1:i - 1]) = 0.1671485696708705
16384/16384
mean(sgnprob[1:i - 1]) = 0.1680400415064396
722.666380 seconds (167.11 M allocations: 70.745 GiB, 1.33% gc time, 1.23% compilation time)
