## SLURM PROLOG ###############################################################
##    Job ID : 5902709
##  Job Name : etgent_N6_seed1237
##  Nodelist : node1648
##      CPUs : 8
##  Mem/Node : 2048 MB
## Directory : /oscar/home/trazzaz/AFQMC
##   Job Started : Sun Nov 10 10:54:11 PM EST 2024
###############################################################################
U = 2.0
seed = 1237
λₖ = 0.0
Warming up
128/512
256/512
384/512
512/512
Measuring
128/1024
256/1024
384/1024
512/1024
640/1024
768/1024
896/1024
1024/1024
323.400867 seconds (210.26 M allocations: 1.107 TiB, 19.88% gc time, 2.60% compilation time)
λₖ = 0.2
Warming up
128/512
256/512
384/512
512/512
Measuring
128/1024
256/1024
384/1024
512/1024
640/1024
768/1024
896/1024
1024/1024
361.633104 seconds (208.41 M allocations: 1.107 TiB, 19.48% gc time, 0.02% compilation time)
λₖ = 0.4
Warming up
128/512
256/512
384/512
512/512
Measuring
128/1024
256/1024
384/1024
512/1024
640/1024
768/1024
896/1024
1024/1024
305.455882 seconds (208.41 M allocations: 1.107 TiB, 20.68% gc time)
λₖ = 0.6
Warming up
128/512
256/512
384/512
512/512
Measuring
128/1024
256/1024
384/1024
512/1024
640/1024
768/1024
896/1024
1024/1024
312.326426 seconds (208.41 M allocations: 1.107 TiB, 20.47% gc time)
λₖ = 0.8
Warming up
128/512
256/512
384/512
512/512
Measuring
128/1024
256/1024
384/1024
512/1024
640/1024
768/1024
896/1024
1024/1024
305.899139 seconds (208.41 M allocations: 1.107 TiB, 20.72% gc time)
