## SLURM PROLOG ###############################################################
##    Job ID : 7671157
##  Job Name : sbatch_etgent.sh
##  Nodelist : node1320
##      CPUs : 8
##  Mem/Node : 4096 MB
## Directory : /oscar/home/trazzaz/AFQMC
##   Job Started : Sun Jan 19 03:58:26 AM EST 2025
###############################################################################
seed = 1267
U = 2.0
β = 6.0
Warming up
128/1024
256/1024
384/1024
512/1024
640/1024
768/1024
896/1024
1024/1024
Measuring
128/16384
mean(sgnprob[1:i - 1]) = 0.18110236220472442
256/16384
mean(sgnprob[1:i - 1]) = -0.06666666666666667
384/16384
mean(sgnprob[1:i - 1]) = -0.10182767624020887
512/16384
mean(sgnprob[1:i - 1]) = -0.03718199608610567
640/16384
mean(sgnprob[1:i - 1]) = -0.051643192488262914
768/16384
mean(sgnprob[1:i - 1]) = -0.06910039113428944
896/16384
mean(sgnprob[1:i - 1]) = -0.09273743016759776
1024/16384
mean(sgnprob[1:i - 1]) = -0.05571847507331378
1152/16384
mean(sgnprob[1:i - 1]) = -0.06689834926151172
1280/16384
mean(sgnprob[1:i - 1]) = -0.027365129007036748
1408/16384
mean(sgnprob[1:i - 1]) = -0.006396588486140725
1536/16384
mean(sgnprob[1:i - 1]) = 0.012377850162866449
1664/16384
mean(sgnprob[1:i - 1]) = 0.04028863499699339
1792/16384
mean(sgnprob[1:i - 1]) = 0.01507537688442211
1920/16384
mean(sgnprob[1:i - 1]) = 0.03595622720166754
2048/16384
mean(sgnprob[1:i - 1]) = 0.05129457743038593
2176/16384
mean(sgnprob[1:i - 1]) = 0.05931034482758621
2304/16384
mean(sgnprob[1:i - 1]) = 0.04298740772904907
2432/16384
mean(sgnprob[1:i - 1]) = 0.04401480872069107
2560/16384
mean(sgnprob[1:i - 1]) = 0.04962876123485736
2688/16384
mean(sgnprob[1:i - 1]) = 0.056196501674730184
2816/16384
mean(sgnprob[1:i - 1]) = 0.0650088809946714
2944/16384
mean(sgnprob[1:i - 1]) = 0.055385660890248045
3072/16384
mean(sgnprob[1:i - 1]) = 0.06284597850862911
3200/16384
mean(sgnprob[1:i - 1]) = 0.06595811190997186
3328/16384
mean(sgnprob[1:i - 1]) = 0.0616170724376315
3456/16384
mean(sgnprob[1:i - 1]) = 0.06454413892908828
3584/16384
mean(sgnprob[1:i - 1]) = 0.06837845380965671
3712/16384
mean(sgnprob[1:i - 1]) = 0.07410401509027216
3840/16384
mean(sgnprob[1:i - 1]) = 0.06225579578015108
3968/16384
mean(sgnprob[1:i - 1]) = 0.0642803125787749
4096/16384
mean(sgnprob[1:i - 1]) = 0.05543345543345543
4224/16384
mean(sgnprob[1:i - 1]) = 0.04617570447549136
4352/16384
mean(sgnprob[1:i - 1]) = 0.049873592277637324
4480/16384
mean(sgnprob[1:i - 1]) = 0.055592766242464835
4608/16384
mean(sgnprob[1:i - 1]) = 0.056652919470371176
4736/16384
mean(sgnprob[1:i - 1]) = 0.06230200633579725
4864/16384
mean(sgnprob[1:i - 1]) = 0.06683117417232161
4992/16384
mean(sgnprob[1:i - 1]) = 0.07152875175315568
5120/16384
mean(sgnprob[1:i - 1]) = 0.0763821058800547
5248/16384
mean(sgnprob[1:i - 1]) = 0.06994473032208881
5376/16384
mean(sgnprob[1:i - 1]) = 0.072
5504/16384
mean(sgnprob[1:i - 1]) = 0.0634199527530438
5632/16384
mean(sgnprob[1:i - 1]) = 0.06659563132658497
5760/16384
mean(sgnprob[1:i - 1]) = 0.061295363778433753
5888/16384
mean(sgnprob[1:i - 1]) = 0.06437914047902157
6016/16384
mean(sgnprob[1:i - 1]) = 0.06134663341645885
6144/16384
mean(sgnprob[1:i - 1]) = 0.06332410874165717
6272/16384
mean(sgnprob[1:i - 1]) = 0.0645830011162494
6400/16384
mean(sgnprob[1:i - 1]) = 0.057665260196905765
6528/16384
mean(sgnprob[1:i - 1]) = 0.06204994637658955
6656/16384
mean(sgnprob[1:i - 1]) = 0.06596543951915852
6784/16384
mean(sgnprob[1:i - 1]) = 0.06855373728438743
6912/16384
mean(sgnprob[1:i - 1]) = 0.07162494573867748
7040/16384
mean(sgnprob[1:i - 1]) = 0.07373206421366671
7168/16384
mean(sgnprob[1:i - 1]) = 0.07548486116924794
7296/16384
mean(sgnprob[1:i - 1]) = 0.07717614804660726
7424/16384
mean(sgnprob[1:i - 1]) = 0.08231173380035026
7552/16384
mean(sgnprob[1:i - 1]) = 0.07773804794067012
7680/16384
mean(sgnprob[1:i - 1]) = 0.07800494856101055
7808/16384
mean(sgnprob[1:i - 1]) = 0.07083386704239784
7936/16384
mean(sgnprob[1:i - 1]) = 0.07372400756143667
8064/16384
mean(sgnprob[1:i - 1]) = 0.07627433957584026
8192/16384
mean(sgnprob[1:i - 1]) = 0.07361738493468441
8320/16384
mean(sgnprob[1:i - 1]) = 0.07128260608246184
8448/16384
mean(sgnprob[1:i - 1]) = 0.06617734106783474
8576/16384
mean(sgnprob[1:i - 1]) = 0.06798833819241983
8704/16384
mean(sgnprob[1:i - 1]) = 0.06882684131908537
8832/16384
mean(sgnprob[1:i - 1]) = 0.06941456233722115
8960/16384
mean(sgnprob[1:i - 1]) = 0.06998548945194777
9088/16384
mean(sgnprob[1:i - 1]) = 0.06393749312204247
9216/16384
mean(sgnprob[1:i - 1]) = 0.06717308735756918
9344/16384
mean(sgnprob[1:i - 1]) = 0.06946376966713047
9472/16384
mean(sgnprob[1:i - 1]) = 0.07148136416429099
9600/16384
mean(sgnprob[1:i - 1]) = 0.07302844046254818
9728/16384
mean(sgnprob[1:i - 1]) = 0.07638531921455742
9856/16384
mean(sgnprob[1:i - 1]) = 0.07945205479452055
9984/16384
mean(sgnprob[1:i - 1]) = 0.082840829409997
10112/16384
mean(sgnprob[1:i - 1]) = 0.08594599940658688
10240/16384
mean(sgnprob[1:i - 1]) = 0.08194159585897061
10368/16384
mean(sgnprob[1:i - 1]) = 0.08420951094820102
10496/16384
mean(sgnprob[1:i - 1]) = 0.08375416865173892
10624/16384
mean(sgnprob[1:i - 1]) = 0.08500423609149958
10752/16384
mean(sgnprob[1:i - 1]) = 0.08734071249186122
10880/16384
mean(sgnprob[1:i - 1]) = 0.08465851640775807
11008/16384
mean(sgnprob[1:i - 1]) = 0.08530934859634778
11136/16384
mean(sgnprob[1:i - 1]) = 0.07965873372249663
11264/16384
mean(sgnprob[1:i - 1]) = 0.07662256947527302
11392/16384
mean(sgnprob[1:i - 1]) = 0.071898867526995
11520/16384
mean(sgnprob[1:i - 1]) = 0.07457244552478513
11648/16384
mean(sgnprob[1:i - 1]) = 0.07083369107924788
11776/16384
mean(sgnprob[1:i - 1]) = 0.0738004246284501
11904/16384
mean(sgnprob[1:i - 1]) = 0.07065445685961522
12032/16384
mean(sgnprob[1:i - 1]) = 0.07173136065164991
12160/16384
mean(sgnprob[1:i - 1]) = 0.07311456534254462
12288/16384
mean(sgnprob[1:i - 1]) = 0.07088793033287213
12416/16384
mean(sgnprob[1:i - 1]) = 0.07209021345147
12544/16384
mean(sgnprob[1:i - 1]) = 0.06816551064338675
12672/16384
mean(sgnprob[1:i - 1]) = 0.07016020834977507
12800/16384
mean(sgnprob[1:i - 1]) = 0.07195874677709196
12928/16384
mean(sgnprob[1:i - 1]) = 0.07325752301384698
13056/16384
mean(sgnprob[1:i - 1]) = 0.06962849482956722
13184/16384
mean(sgnprob[1:i - 1]) = 0.07198664947280589
13312/16384
mean(sgnprob[1:i - 1]) = 0.07354819322364961
13440/16384
mean(sgnprob[1:i - 1]) = 0.07582409405461715
13568/16384
mean(sgnprob[1:i - 1]) = 0.07275005528119702
13696/16384
mean(sgnprob[1:i - 1]) = 0.07017159547280029
13824/16384
mean(sgnprob[1:i - 1]) = 0.06879837951240686
13952/16384
mean(sgnprob[1:i - 1]) = 0.07103433445631138
14080/16384
mean(sgnprob[1:i - 1]) = 0.06768946658143334
14208/16384
mean(sgnprob[1:i - 1]) = 0.065671851903991
14336/16384
mean(sgnprob[1:i - 1]) = 0.06648064178583886
14464/16384
mean(sgnprob[1:i - 1]) = 0.0693493742653668
14592/16384
mean(sgnprob[1:i - 1]) = 0.06627373038174217
14720/16384
mean(sgnprob[1:i - 1]) = 0.06814321625110402
14848/16384
mean(sgnprob[1:i - 1]) = 0.06472688085135044
14976/16384
mean(sgnprob[1:i - 1]) = 0.0657762938230384
15104/16384
mean(sgnprob[1:i - 1]) = 0.06535125471760578
15232/16384
mean(sgnprob[1:i - 1]) = 0.06335762589455715
15360/16384
mean(sgnprob[1:i - 1]) = 0.06517351390064458
15488/16384
mean(sgnprob[1:i - 1]) = 0.06295602763608188
15616/16384
mean(sgnprob[1:i - 1]) = 0.06154338776817163
15744/16384
mean(sgnprob[1:i - 1]) = 0.06282157149209172
15872/16384
mean(sgnprob[1:i - 1]) = 0.06344905803036986
16000/16384
mean(sgnprob[1:i - 1]) = 0.06169135570973186
16128/16384
mean(sgnprob[1:i - 1]) = 0.06318596143114033
16256/16384
mean(sgnprob[1:i - 1]) = 0.060719778529683174
16384/16384
mean(sgnprob[1:i - 1]) = 0.05817005432460477
819.112769 seconds (167.10 M allocations: 70.745 GiB, 2.34% gc time, 1.31% compilation time)
