## SLURM PROLOG ###############################################################
##    Job ID : 5959497
##  Job Name : etgent_N(1,2)_seed1262
##  Nodelist : node1749
##      CPUs : 8
##  Mem/Node : 2048 MB
## Directory : /oscar/home/trazzaz/AFQMC
##   Job Started : Tue Nov 12 12:30:07 AM EST 2024
###############################################################################
U = 2.0
seed = 1262
λₖ = 0.0
Warming up
128/512
256/512
384/512
512/512
Measuring
0.7296226308834048
0.46785282310658305
1.5275714253827843
0.7627519639122147
1.0646589374869815
0.6915765176944613
1.010169053301743
0.40608520464624115
0.472222286853071
1.3740639551984788
0.6056685619710354
0.9004646764799666
1.1892791292931313
0.4615062828783647
0.39824498528347163
0.377155290467314
0.7128387081128109
0.33580527061386
0.6632385648317806
0.5782961561259485
1.0227098827714778
0.5919586508561306
0.4405451947829917
0.2989050874634708
0.6056203124786209
1.3798981658197436
1.1643684385485864
1.3390516573003455
0.9077625325856135
0.5527365923665151
1.24159330455331
0.5916589584926482
0.9835427969101617
0.7084865690954496
0.7762898770132756
0.9261862052139402
0.9046970590102263
0.3327375997256346
0.8417976042449513
0.3924583501286615
0.5068638718127546
1.294633358513863
0.7616664972054417
0.6345555393835882
0.43446905007001835
0.47456617014168007
0.8788733393957407
0.7141754432078056
0.432122629683932
1.0842275411223765
0.4737962207118781
0.4888013712253482
0.5155904436092051
0.9711541007916724
0.387218554102049
1.164257284274022
0.4802054500764594
0.8739389603728616
0.4134730591196737
0.8620585585170136
0.5376706599272958
0.4395738019523586
0.8325791900175064
0.611597624084845
0.5404077797567746
1.1128579613269154
0.7386111311764574
0.691554251399514
0.5806420006925025
0.31011783822482636
1.0661368972335399
1.0598806726890526
1.2456260945609803
0.5384619392500326
0.7025028995887049
1.3577988724986128
0.9542402893863969
0.3295566689735332
0.9192847379036683
0.4212562727452751
0.44460830472343565
0.5585264333810996
0.5248030540321332
0.6578525573836065
0.5059373812802438
0.38650684388180323
0.5020371700428221
0.35981891458930026
0.3444597353374538
1.0330230014394206
0.9425806367838695
0.6315561411122692
0.6586905488262923
0.72606689789732
0.753047982836839
0.5112360491326872
0.3466605105937416
0.9700266680769867
0.9883225849052314
0.5773688968779177
1.2779286648016701
0.799627978287226
0.6161825735699163
0.5867836626993193
0.7446774247529728
0.3347220680963844
0.9334105118964762
0.34345038775419795
0.8995451748369135
0.6119603888940957
1.0760369826282
0.5159631867473761
0.3305429760576115
0.7118151709593598
0.9372355795543892
1.3241179898958644
0.369554120653339
0.9996355205914806
1.0151240972136266
1.1239950223240778
0.6342258312323035
0.5433642891594654
0.44470337320995945
0.3499496389166964
0.6856634546363406
0.5750245213405839
1.1610279788341098
128/1024
0.346280922036434
1.0003508297075308
0.19555606627867783
0.2773347829669993
0.9887397232199862
0.8374771802731167
1.1935984203047099
2.0290457198665695
0.9432438313274274
0.2880362977097804
0.8951824102403765
1.4311549681393634
0.15782687660411454
0.39670167414332946
0.5003903377051028
0.42482525210299854
0.5303114092286472
1.4022887208944785
1.092680408395068
0.5480789104385055
0.5206740403657424
2.1158369875239513
1.8631021971234052
0.12643951416322644
0.5390544323712858
0.19536732111528698
0.3916231038503802
0.8808038038433497
0.29789200580196695
0.47363196401936697
1.955952231045035
0.46179686316900886
0.40349391601171414
2.060578177092498
0.6420036331074093
2.0716970658374954
1.6014511860389562
0.9390251509021837
0.3254921766817036
0.9811360765976966
1.0050375165448784
0.6262952547498035
0.39960869755674594
0.4278203925268764
0.15402497494488826
0.9822888091093852
0.3375700341996949
0.636887333853084
1.478774196895945
1.3642658615549852
0.9758274904086622
0.2811064134649024
1.681755547878215
0.6122205764691164
0.37361904054080786
0.28908611452863625
1.8666186539608804
1.9744649690313079
1.8272898894051255
1.5413250700719323
0.5500302559676744
0.2835306758820026
0.3011962444548237
1.1127221030816528
0.2660979732320759
0.2788385909815919
0.8857919882669437
0.6617508113100247
0.5189786276704834
0.5622666570146273
1.7385050187184408
0.36279917367319336
2.003462352257797
0.39068301228478064
1.3474572716030986
1.6095247863141857
0.4077717682576151
0.28830255376847924
0.36323676868617916
1.1013052485632788
1.2065505051003833
0.1713993535828663
0.6260588774749164
1.0947772477040294
0.5479037981450612
0.6244171799144864
0.3164168526306109
0.6903556078566406
0.38981225560791066
0.37920330129298163
0.8278897727363772
0.13986594779892922
1.5775556305048326
0.1677344619979076
0.5546046537999114
0.5991992837745788
0.4151163903327495
0.7256654447685301
0.293335142998168
0.4463353500806675
0.12724361115920838
1.7305857350991316
0.4798747065215154
0.3158188758476531
0.6772303821137944
2.374094684544357
0.6756768997856112
0.9842985297642146
1.399813533791002
0.35575686037103177
0.519171610188943
0.7457059989611635
1.8644248941610486
0.18765802515086288
0.25234674185185507
0.669199083645802
0.2494840852653
1.349844516245165
0.8478343265371693
0.666383541007537
1.3156394628716654
0.2735640869066316
2.1173757448370316
0.7933154867485332
0.5632026510057615
0.8633865836550675
0.7712462043590869
0.7789516966763539
256/1024
1.9341328272659752
0.20969055669124637
0.6212743680877354
1.6033137454752588
0.532460719002061
1.4405683431605962
1.0658419638089998
0.5788309543078433
1.4739517913535645
1.5916551281372207
1.2302217287206565
-0.6153996840670763
1.3011893617292987
1.0611524205666942
0.6594808192347574
2.147196092366917
0.5113658229322293
1.4292209051947051
0.22779179724409993
0.2927328434208007
0.2961466583157126
1.2594857069361982
0.4945392849258214
0.20264301989835173
1.9189487394150424
2.1724252335694
0.16088720923351685
1.4130741594885485
0.807057141578901
0.4769033026696803
0.39678611403461983
0.48276283797973524
1.5688684710527083
0.2053743343241105
0.8453268332571697
0.4798200613540327
0.7477555648678231
1.212227675438683
0.5564313724885258
1.3337436898737558
1.6678886169739489
0.6152826119934939
0.028770036941290544
0.30614813233299537
1.8939942279234006
0.18031616869835335
-0.28691989418204333
0.6669417884020923
0.912870489928052
0.18386833626437926
1.237323799061583
1.0255098785903423
1.5914816391251874
0.5672965731019538
0.3585284380139804
0.35227138211134973
1.384566912013664
0.38090351634607406
0.029237452164546263
0.2662085873122251
1.4250789675527304
0.9963403440156178
1.280888328560185
2.01398345512463
0.10397956305001932
0.8112868308205691
0.34017558352262084
2.1591586829581284
0.29122697621554655
1.55113418200453
0.7012153837626258
0.9960670724496437
0.72121807820206
0.08192730458435282
0.5092735592635025
0.5747530372182212
0.964407597996829
1.1127039990508327
-0.26597228359440817
0.5254911264404984
0.2494334855923801
0.6251322140718846
0.276775608185355
0.7560292623848404
0.5520855412401453
0.39585594248811556
1.4210642879465556
0.21302509339328274
1.2140592024913919
0.05003502300882495
0.9104557049295674
0.611421899725565
0.4994609114578554
0.5071915323754767
0.1465133123098794
0.8386851868287815
0.5507774172260909
-0.017274112039572964
0.6593714287537795
0.5323474629955396
0.9167479725778777
1.1532172228544102
0.9058042388797831
0.9340307340183297
0.34931530829765056
0.27064659146089776
1.7752163483642045
1.0025789208423126
0.18462346177635114
1.4380571732162042
0.4393233576858325
1.0356693559466086
0.6324939056129867
0.8561992950438572
1.0151881575822423
1.0398211260537211
0.851281702180011
0.6711412097450975
0.8265607998054393
0.9131952584734538
0.13391192453413603
0.4733031431043159
1.5737007357709518
1.6287804840824924
1.2305772066540495
0.1990257803950653
0.9606887061044234
0.7201573034533532
384/1024
0.14587154705514943
0.5451991187475492
0.5236312734920636
0.6006894997851531
1.054294467386224
1.5626829024019389
0.796463023580803
0.8683166291472807
0.3768233310544208
1.219323316512133
0.6078745817375909
0.9584141576965357
0.5758324653651646
1.423057340473679
1.5630495871495893
0.9216142772387046
0.8622132085301708
1.5613478909234313
0.16874767977907545
0.7941942136091534
1.2741837302054781
1.391766492644064
0.8368760928192575
0.9293286062078536
0.786078081123279
0.49537985506985344
0.29503763149222395
0.752611803734512
0.051508875989382474
0.27842712411423365
1.4105771063336219
0.9363956210951749
0.875919981088155
1.5478346066677118
0.7444793184307479
1.5475216689430744
1.4310565286784618
0.28691642969082565
1.0438934350144773
1.1794670714275397
-0.17030697602795575
0.34020478946823124
0.9563712768875483
0.3269613639215274
0.5872621624926713
1.1758733428355876
0.03780421727841787
1.5000280494191442
1.5235839097393362
0.9533902638839139
0.2754242698592705
0.8693127725931381
1.1281748727305736
0.7853440384336798
0.6930637886301942
1.6801424594119696
0.0017422856991432534
0.6842534321176428
0.48796055065938637
0.854336793511963
0.43404645955388166
0.8887141844048578
0.38950387728208413
1.5228977461893871
0.7867834641243454
0.2734394404960713
0.5218682565277092
0.8149374301550361
1.4642146467995878
1.2863037169672895
-0.7429798709796643
0.5901158643738811
0.46702996826537685
0.04302614153775963
1.1877361501970882
0.7237025855162786
0.9220214679456191
0.8617422024040905
0.5356203721437212
0.6181008691343445
1.1448185617436504
1.5993270024838775
0.8848267042733147
-0.3658789631477837
0.5557335996231549
0.45110052177824517
1.4044270055478547
1.1829199762946807
0.9711491035997206
0.2831426049990875
0.8886740372376135
1.0584822337461488
0.01883158442100008
1.3970138748162682
1.072456526514395
1.3970441530412756
0.3533366131193603
0.8330057591065292
0.6090254013317397
0.8606392307184634
1.2600356317785038
0.8514286362833305
0.8025898818637671
0.9901253520547606
0.7712345949203798
0.4468505496330514
0.9340498574321928
0.6284504885253085
0.380824852940284
1.0334894476607654
1.0493016936848554
0.3847428554346243
0.8234632749219291
-0.2674012171110881
0.8773923361154248
0.20220360765877934
0.6261108200379675
0.8726444087314966
1.4152489787141602
0.22659366543919096
0.3100946465654445
1.4516789449960117
0.4357160872434478
1.3864570952275292
0.3744417120202682
1.1952749568352001
0.5016924539118581
0.9726000568646673
512/1024
0.580854311651165
1.0006023930249777
1.0196934586207658
1.0523635501602837
1.0338246137080975
0.6108036916475162
0.8742886389599658
1.8352874659310097
0.6419890055350889
0.9388527135280812
0.7537689995090798
0.9255560869134762
0.7054683533652002
0.665715520494486
1.3660532183017606
1.039086443943019
0.731534473549536
0.9812764808866191
0.8121466023473293
1.1140704388160652
0.9186685735958784
1.9764471827996524
0.5524808429218595
1.0234865126628598
1.031516337706331
0.8966076235358468
1.1183814636089884
0.7914566448035024
0.7070411645010943
1.1286138702244726
1.2776976921969516
0.8299150920027973
0.6474774140329345
1.010861686927272
0.8659077818212554
0.8845731783578265
1.0083736295081365
0.5256519446385474
0.6892865008112257
0.6336166318583477
0.6625661127103255
0.9600552038778507
0.6566277368489875
1.108199966991503
1.154391055969674
1.1587910960093122
0.6156239213804149
0.5791787805399512
0.5954994623023229
0.628548309607594
1.1810225579601006
2.4201978396726473
1.158109835245167
1.7936738999402082
1.1307552086258603
1.7099041946613311
1.3130810455635915
0.8420977968112837
1.0764622105156725
1.11627866784963
1.031269223735296
0.8185598481616315
1.2567822017215826
0.5972009074056239
0.8865198945793664
0.8943717746200424
1.0479596791609334
1.157659415511433
1.3689050729516539
1.0162167571233078
0.5564819210344767
0.7949665609269986
1.2230073014714558
0.5290487089005929
0.9306743462999725
0.9405157834980594
1.3887587290579133
1.087647086365592
0.5379624258441864
2.0688285814897154
0.8410567189999054
0.6858501484839526
0.8732950339654304
1.0815321847879515
1.0416944991319286
1.066533833373562
1.0929555744783175
0.9735752299185427
0.8978061917518355
0.7816590294076777
0.8661765337076829
1.0788852569542953
1.4179242585095673
0.9926855891704383
0.9098007473132682
1.1619885219826052
1.0453142946645282
1.0857007722195884
0.80986388652965
0.634890182583198
1.4250265694673172
0.9877681742056175
1.0218290471506823
1.5349820065905742
0.7600048194134574
2.106222972306518
1.0763644864455444
1.0105482218750355
0.9831303197635126
0.5734257407494117
0.9865226089594111
0.5045557139979597
0.7732997030084602
0.8935411433308603
1.1142055153961015
0.7505091856148527
1.011132282581229
0.5781319455258354
1.0306694005527408
1.3389501948998457
1.0848780607638324
1.1494881980907254
1.036633768292647
1.125918632944242
1.0044125203793288
0.6607938485293054
0.8215265416671618
2.186515553906174
640/1024
1.348592817454246
0.6868290238743109
1.1414109524280978
0.8591800682234985
0.9005021788128159
0.6583626676959033
0.6110873228976332
0.7859492686605472
0.6025600347269178
0.9989261005617974
0.6456274253138589
0.6304348268597008
0.7645342416079027
0.6620540598118592
0.8067391228520187
0.9177511408092532
1.4343225934936579
0.6305082037777565
0.7051984338701383
0.7051081796888223
0.7316225067677099
0.77146250001338
0.6764076986808312
0.7718799383401709
0.7184864705692868
0.7858072027278369
0.6956695312811617
1.565613307426399
1.6613874184151194
0.7110262094376432
0.7733104324096395
0.6668592740175459
0.7107871793944718
0.9344981839723201
0.7929132637108542
1.098389997683828
0.7772755300263019
0.767931203354411
0.7796098640381242
0.5764414326963578
0.7228407711161848
0.832409730230011
0.627829029983794
1.2579425569982
0.8417509288271807
0.6037993240763015
0.5840130436775114
1.2447813261690495
0.6991671026532202
1.4041595002391436
0.801697305170713
0.7180940756874657
0.7735060030614931
0.7521642432587858
0.8570113649292401
0.7736752422390084
0.7826161138357174
1.084685000949314
0.7251518045759855
0.5959521380743752
0.5853355293918396
0.5454512460507966
0.6619683691598836
0.6037560087300611
0.5923259819685075
0.71957276884717
0.8765086976170678
0.7385443002502832
0.605189908936472
0.6940868084216265
0.6532020660364924
1.160158189143016
0.6029324576589121
0.7867720834099402
0.6048173912529817
0.7188048272786803
0.6681053867543462
0.7452471689064062
0.7187035677276833
0.8658466176657984
0.7715388642685176
0.8401765558079487
1.0941790887647938
0.6528606833471666
0.8022552093819006
0.7952893683502407
1.3668941349098438
1.00380588302888
0.6899417812334864
1.5145961817405706
0.7431033478803591
0.9639490803071145
0.7154872404190057
0.8622013193740855
0.7357631315676574
0.6289822316433131
1.1064227140103655
0.6721093557594363
0.8787348362717748
1.317330289224467
1.2774596986187845
0.7973409330144742
0.5864049475563718
0.7833462011238861
0.6373468761354174
0.6247272785237743
0.7478973564830221
1.467643891129303
0.7979733681122018
0.6775161623166698
0.6989715410936921
1.093237674071489
1.2801154266984704
1.6589428879508425
0.5907294534081062
0.7845567029349914
1.8067172767936324
0.7273411716677872
0.6492382269705458
0.7979587436162063
0.9734803260222307
0.5942159457573732
0.8468779060849064
1.3529842248524855
0.6774567366206438
0.7147815938248648
0.6033662293051549
1.045430349236615
768/1024
0.6156121259350268
1.1630860752976155
1.492985578561124
0.9323954812384158
0.6838826735617274
2.000695087622515
0.8207830008835759
1.5898180189467381
0.38133741364270857
0.22406317660793001
1.1529074823582475
0.538188269501743
0.600342093896505
0.387865945993062
1.0807509154921981
0.6947192508864951
1.098529124604234
0.32258779484861033
1.075233491624818
1.4905613853233564
0.5411894034844044
0.7380288811934468
1.269820687731692
0.6087889229214482
0.3076589196545579
0.3072172354557716
0.5004510169487174
1.1879071287299559
0.7818389864207784
0.2426090056285332
0.475898569740043
0.9539503965535898
0.5231445277292126
1.5330105691736209
0.4158981326030484
0.45654683494926585
1.5696998837943112
1.297168876898684
0.2568902051923351
1.2757983959625308
0.2854044444268766
1.0692961619938366
0.7782197604701215
1.8968150883576391
0.9729180291734194
1.5666171749034818
0.36874908407141443
0.2876849558052223
0.3685270875845489
0.8983109369168303
0.42842509110045035
0.398626514908329
0.760387300132134
0.48889483895878005
0.8450922333094226
1.056005465311256
1.178494686896273
0.5085528883513037
1.1534330135237947
0.27104296287699703
1.2338131104853955
1.3619031220174733
2.1502781144682226
0.9300412209337194
0.6169397987835694
0.8330601451753874
1.0836703005595936
1.2197511841100783
0.3853894832225719
0.35436230457220363
1.0129269260000222
0.4747335502647422
0.494696213980527
0.5145148610923206
0.4060304749641215
0.5130471882965526
0.6821273102112893
0.5578461735213062
1.2085178146228297
1.0779586528813538
0.5415910690536305
1.0804857015212501
0.9869384481940029
0.3966446698550136
0.7766159383431439
0.2832260213103855
0.8558773902711659
1.3335150665469016
0.23127687798646523
0.5348834689685912
0.5591773825384572
0.37044223278204513
0.22073175496445813
0.8692122745591795
0.7655712052550401
0.30371986571847237
0.4377611442641165
1.1889755551735788
0.6306256872169851
0.7290134620374943
0.5442534965120212
0.5451885097419258
0.40661685567281963
1.4503819825002715
0.9260155060657456
1.0734011027235295
0.3306801243782367
0.5961529589923473
0.3779323712842273
0.5979755609081695
0.3473943994388665
1.448268056458498
1.2631085174258692
0.887895555934778
0.6123941842709097
1.1555247449138173
1.2336752503855613
0.46720564385267604
0.2510971066965144
0.5848539413692231
0.5251699192368335
0.4826521490881446
0.6152553638298135
0.4943130892297295
0.7509273257596567
1.306413862424583
0.48461214558252397
0.626970748756603
896/1024
0.5291288908552468
0.5728324489771173
0.9015205071079762
0.744514406104281
0.5748328080531317
0.4782195076792806
0.6278411486697576
0.6829439243645586
0.5604933894634261
0.574681235075275
0.5467586745271935
0.7393479691678365
0.7173007744912014
0.4896704787329472
0.6679137493943399
0.8197117578316977
0.9649625279233806
0.6484764341595848
0.587984970307151
0.5417101811983472
0.7469698257469599
0.5893434716744099
1.2083806966712272
0.6354045854799854
0.5232790276221834
0.530888402550829
1.0473683160713572
0.7574163834526692
0.6138464463123218
1.3277677550613782
0.937396313544116
0.5835470514430369
0.7333333464521538
0.8411869831593742
0.6533061471997326
1.1338882133700667
0.8687034319119696
0.5521391415876377
1.251848383497057
0.6424513106397827
1.0684003072316024
0.7384834567908334
1.1861142142766237
0.6075284982862235
0.9569084334355182
0.7105530420880739
1.2856144002632952
0.7867765503678333
0.6517183556275492
0.7882334563679707
0.5740841046629704
0.6377220139732876
0.8262621087360016
0.5390289925587723
0.8753213651993044
0.7093987830958379
0.9854003800354443
1.0792262650287667
0.5567838331946895
0.9032842073768377
0.7759544194521156
0.4633044504119101
0.5553613424479807
0.5564095558720388
1.3411644950117116
0.9928979034618313
0.4887981499185185
0.7829500255304193
0.8604249578129681
0.7189443304874745
0.6419051076777307
0.4743644953653848
0.6618565294786389
0.7690040902595005
1.1063668353874117
0.6902771906804837
0.9979892690267935
0.6282140118410305
0.5560567096892098
0.7310144591539945
0.8888113329104238
0.5298124279600893
0.6269091989698119
0.5438272736230743
0.8568238697332284
0.6822171634323028
0.5460476282918282
0.6882537269064264
0.7435309225720242
0.5519047053304683
0.49445706639960135
0.5384516496998041
0.5968279836708604
0.5805400352290097
0.47451591337195637
0.920349674359684
0.9814102296254026
0.6455901240776692
0.4994996607798017
0.5390787031619759
0.5594883800099648
0.6907384935712506
0.5742275274088698
0.7672479835707272
1.115281526074233
1.4064675055002969
0.5556643920673989
0.6184276496389044
0.49727728231631263
0.7107249103005497
0.8604571510932609
0.9563558998567537
1.088172659010501
0.6462428966745104
0.5039011201846351
0.8647142524862917
0.7816119105598107
0.4675565492566043
0.5049448394970951
0.7099230532824721
1.1292992148172947
0.7652237025546529
1.5146981685016367
0.49320355707941976
0.5747389638808376
0.46912433003288145
0.7572994743959145
0.6038440933597159
1024/1024
0.814779053004285
118.184866 seconds (80.46 M allocations: 13.057 GiB, 2.79% gc time, 7.69% compilation time)
λₖ = 0.2
Warming up
128/512
256/512
384/512
512/512
Measuring
0.6826994771028945
0.5053635484217207
0.4569133858498875
1.0244661129307648
0.29409586139426486
0.6157117319702041
1.7890796964654148
0.963093703306701
0.5925187169417817
0.2592493869644751
1.5445597882540367
0.9293819702674551
0.6072731386156123
0.3505110214078925
0.288128485941687
0.9364207636543176
0.3546776251678323
0.3581050472435973
1.2304756336911087
1.9416768486977256
0.8454185242649003
0.5037691385782027
0.8040074369869421
0.4423107288371829
0.361840161971821
1.0588459577532137
0.9703576638312407
1.3392029862363999
0.3554905688060529
1.8083921981847113
0.42952492694158967
0.3565020003422219
0.26553202630605893
0.335145777624508
0.29813392094682656
1.0846357217668103
0.23918067871975307
0.3084422024806862
1.0284921532857703
1.288255171457022
0.8378430979121396
0.7057198630475334
1.3798162487082082
1.353146872126153
0.2526884315387672
0.967389468440206
1.1662679371236282
0.6679792313785968
0.3741915872670525
0.8153761054705204
0.26145242947404645
0.41779467903670775
1.1003454367845404
0.329790943386266
0.3836034415921914
0.526253351596236
0.335670801189017
1.895575916335802
0.5103373308880551
0.5023561642836715
0.8800278785692235
0.3912289208134677
0.7413333076560026
0.3201980360477258
1.2460596384595433
1.4738852880477409
1.5419850256933036
0.9230346087959187
0.3361329846516221
1.213525035899205
0.28208115756145946
0.350755196310105
0.42474873314306166
0.43639180367664276
0.37963515239385726
0.4044660321357396
0.6502800405388198
0.4822348600966268
0.7774411555588431
0.7344429586967451
1.1792941221129258
1.1019657267987446
0.2869822680434654
1.667930396751985
0.3036940534198621
0.6074377380944482
0.9028924404442144
1.397996350179199
1.45922209371505
0.7009357933240383
0.49439925725061973
0.9421412324974027
0.20557134283331407
0.2992722166227104
0.3101668422991437
2.0725283198304525
0.8561338284373275
0.2741989565558221
0.5182251355879951
0.5421019867640808
0.4163679684045687
0.5618538950870036
0.6613668650623412
0.3264793237357284
0.975238712887476
1.3549539284489387
0.24342600677244453
1.5962087886590561
0.4040037785505689
0.64535019993422
0.6020022814146466
1.1767997929596297
1.2663289586903754
1.3727619230523624
0.24420924530875665
0.4025935202071573
0.3125339896957908
0.4370111184844797
1.1954395017699846
1.5249278148482295
1.4647194779641446
0.8171253971683937
1.3251886335917333
1.4384841802693966
0.2988053219895818
0.3144987461009564
0.7040289149174579
128/1024
0.5534786166769495
0.5353174572959114
0.5174113798185367
0.5418858910884885
0.8245460644586299
0.745345325461017
0.5559437458922627
0.7867820906305725
0.9710962729212131
0.6146205921119391
1.0033568670862536
0.5337758006893771
0.5864999660422844
0.7489937543208594
1.147405181947461
0.7557019428118965
0.9758703331572619
0.48969241912222317
0.5787824123725771
0.5432292385174631
0.7295566838402081
0.8839105203062267
0.95872626925055
0.5101963128420524
0.7886388833003639
0.8051616549848821
0.6173898784990697
0.586323704228781
0.7172367121534086
0.7007847018770037
1.0558208837368261
0.6529018523616988
1.1269512205821344
0.7123066491251345
1.0290736249531127
0.7909746467138117
1.011815330063245
0.5880027857337231
0.5891372639651613
0.8416911629276662
0.6541462791214894
0.5921775496630104
0.681347526417408
0.5595966122329121
0.6553312643992719
1.134312351109277
0.4871842519968264
0.5133829201476068
0.7230492857109189
0.6534165711768474
0.8353705891036388
0.5153171595699361
0.5171951500068152
0.620388944674388
0.5627914400138327
0.5396066164529298
0.7906587096817399
0.5575503852809682
0.6051485178236456
0.6369533944288616
0.5647060187487811
0.5711840997750757
0.6775201781094784
0.49795378141326313
0.6175360198888702
0.5328030575963947
0.6309825980035721
0.6999321646742168
0.7171433181297948
0.6385566618415305
0.6022393250873597
0.7936815483645634
0.4557000612097426
0.7035551995948379
0.6271421662801402
0.7606720166192261
0.7837939142075325
0.5199106582100227
0.6110844536429427
0.4778262704414181
0.5665344958757511
0.537631130157469
0.6385402740493837
1.0023086558029142
0.5944801018347421
0.5279235191715697
0.5329702026873977
0.7391873205174342
0.6458841407336414
0.40779349939232923
0.8072596752408729
0.49998341856828593
0.8314020676263276
0.8393730435953388
0.5929410857298546
0.671556119260514
0.9276991968592023
0.8730341533286368
0.7057464687496593
0.6175926976351329
0.8964773446345005
0.8024871575636245
0.6101436493112286
0.6073067535485983
0.552269709688591
0.6358808687410593
0.8232125045637484
0.7032508838082332
0.4951503829214591
0.6294278944662313
0.5532003384456433
0.788831317228555
0.50325048600141
0.4550653752588962
0.9698055074957549
0.5650088017729615
0.9048567475466736
0.5776616917937145
0.8625178209378401
0.576631841302732
0.6580003832020493
0.5963010226407028
0.6929668357870231
0.7933736465936649
0.5695643170787303
0.7164389383975986
0.5193235657098272
0.6279949917324126
256/1024
0.6291568741301197
0.45049071484244163
0.6032303215058524
0.7040523292210701
1.1225463264191247
0.4133437680231291
0.814918188891988
0.6106241590723674
0.5645698676603831
1.348572107722416
0.8674238257203523
0.7376634647092225
0.3756856104997676
0.765547346252017
1.1953372823636101
0.8374241854116525
0.35192659727970615
1.1470399963579658
0.8371939343404509
0.6836476317295359
0.9657077550311272
0.5107131458423295
0.5223226633412116
0.45744515374315486
0.3546046835051631
0.3977308495382838
1.2713876694437944
0.515380772468528
1.1992770413923102
1.185590756324462
1.1640218300490899
1.111521527768435
0.36940651963321663
0.35972905541247585
0.4007696936149684
0.9011532049218769
1.4051539481255708
0.46619697200075044
0.42606951004030447
1.1463513285604718
0.6680099591314311
0.5441970282254387
1.3673956345543183
1.1115691838257369
0.37488177472374096
0.8052060904933058
0.42531340257748046
0.5190087756561262
0.3702432048745712
0.6920861033138732
0.5114330533930576
0.7212444347068098
1.0557253795025097
0.835185553808864
1.3592405856893368
0.7136580186663699
0.6233215126746051
0.7033783525092527
1.1784108790328391
0.6320538618983491
1.0835850726220737
0.565730475551756
0.6500252893001148
0.6359343285286954
0.39824073050692654
0.411086438469382
0.6350190952514595
0.6289193119185998
0.934201586418258
0.46937553648836094
1.1299039491357212
0.6439192773146603
0.5404182171748876
0.8201197052536626
0.4848012538739208
0.40476882373487677
0.6342520995752089
1.6232638989779906
0.3375924395362548
0.6122024871123712
0.6582084643624262
0.4148675257916425
0.8409200467315459
0.5789429261737441
0.4259097823429271
1.0571120830044982
0.77095684850534
0.4474047154862978
0.6257506129463813
0.9296707494880824
0.5098433155033466
0.529309948376753
0.5519240058937674
0.3388681947837773
0.3915150030073662
0.8917481524805345
0.4309464319114587
0.4185204745348405
0.7813777011562784
0.39486892884266617
0.3761391993870144
0.5395703690093879
0.42666835187913493
0.7720182095408635
0.5488924044587603
0.8442054787205301
0.6696893180807995
0.3835313741476348
1.1035090437796706
0.7755264283905652
0.5771116743360281
1.0008471552069338
0.3481303391477037
0.8067214847695021
0.6247432351507503
0.9379935720244228
1.8647131261166605
0.6055406873171567
1.7279302391213647
0.7661883797264003
0.48144778152189815
0.6296694347316378
0.6826746300768486
0.4244930322478145
0.38225370286755017
0.377140542105682
0.35800453964168494
0.9329526943688715
384/1024
0.3845532012357322
1.4124261341342552
0.49477626369523187
1.1919681717405757
0.29689770000731663
0.19055091591791176
0.794907410618755
0.7699782710113867
0.6777865860747604
1.5680915987188442
0.4281981877320552
1.4465143552022244
0.48354987557834433
0.28122027770774977
0.5221658299406683
0.8309238100718704
0.7176351062452396
0.35695927724835363
0.5613274309376893
0.32782826493900774
0.29886100578984376
0.4476144214030623
1.1553104433586399
1.142129099801809
2.3962550535950067
0.2319641506067223
0.3820580431606555
0.5300403791009711
0.28915163485660467
0.3220452616186862
1.4897071318743291
0.4157604713532847
0.24949395999587035
1.536473182259344
1.475149700763166
0.324568068305258
1.3303799803353895
0.2940462165978456
0.2577740590266497
0.25661656549511414
0.568318906095756
0.33477984723365617
1.238576632952726
1.0161126022813978
1.3494866848574023
0.798335815631448
0.4808696716564342
0.27095716095354616
0.5377398522461868
0.6954823751266659
0.34555539371414284
0.3605203425095285
0.6152860323270253
0.3546493962470443
0.28684248536900214
0.9256740823902794
0.28544533866169547
0.3321194158663099
0.6787977493484804
1.2639581093142778
1.2866194096563095
0.5310313531480853
0.989473965555431
0.38520731143051223
1.1207455350961841
0.7065722277948555
1.2198559628163035
0.22922291785241128
0.2444571086236352
0.3611082524243372
0.35193422990251855
0.27892606805206893
1.6562818544019342
1.6390502678180845
0.26362828137933947
0.6007049468174042
1.0911360266750354
0.3993405608084819
0.49858436220581404
0.29272084188375797
0.450788796397762
0.42313863011184527
0.46830979187822896
0.432319872968293
0.9296137233495562
0.9609654751806027
0.3966405622980296
0.9462835196620812
0.5862534730747775
1.7546019123021632
1.049162514610475
0.23586033011684382
0.2881900157569157
1.2264885907387817
0.5826939006658042
1.105030326696546
0.44329999695972677
0.23010853292725478
0.6815171022695106
1.4400395712101326
1.4889590901150551
1.3959538400433567
0.4036843042355164
0.1858265646068265
0.3487665936093903
0.248095600790933
0.6779570219453868
1.591724657385993
1.6910576946902711
0.6249912782062477
1.4295176194915897
0.8306215184296931
1.0545564790108597
1.3515565832227783
1.2799387798046165
0.3969599369200471
1.5701507355397957
0.2217670033907192
0.26840709258351486
0.556077293237842
0.8356981295165407
1.1579075656699676
0.1587293907712764
0.9227468209599996
1.4796425021395412
0.1781766044251934
0.3264442199326151
0.9046935389549966
512/1024
0.40500194874025797
0.6136208623875498
1.3284179757153887
0.6970747747443056
0.8311469539801035
1.0296091443121584
0.575996568495375
1.264650152450345
0.7001551833550718
0.46084914348280914
0.34917041584715114
0.6314551032610751
0.9736813270891186
0.7789219940814432
0.4737275258295532
1.3732930023890577
0.3534685916922321
0.756769649557936
0.793079639928401
0.6671669288522311
0.4646838452173465
0.44643667854920344
0.8842266962461836
0.6773270293774613
0.6942281477689177
0.6708535346508339
1.1295920838110545
0.7937138569890513
0.6488972170396239
0.5933938655732828
0.7050530369891561
0.9864269701702492
0.689413991804942
0.5891851647536167
1.1009821920002711
0.9884103864534306
0.5181135642964532
0.5078555083227905
0.5187956519721277
0.5046721867426084
0.9251235362632193
1.2790625569113117
1.2187946615028418
0.7740030223146294
0.52495951497667
0.3753505377454731
0.6785524779818825
0.7272130830443229
1.148685580553365
1.1015284921160715
0.6475735053262097
0.8381328738173457
1.0292361688849425
1.0169819317187314
1.0230500656337407
1.016917489583936
0.4830795003222821
1.1948046379929884
0.648949178471723
1.828156434611515
0.5432318156223054
0.739201416984393
1.0105175199243157
0.995028357614009
0.3789919189649029
1.1770261366088404
0.7001167361959075
0.4913198399273957
0.4671150182250008
0.9362108777120721
1.19841412007037
0.45930720159069205
0.47913201743840106
0.5316752772912535
0.44941305335811466
0.7203408435873664
0.5176912056522567
0.7844204080939164
1.0952255501945625
0.8713419757495755
0.5462148056150524
0.8968092850690671
0.41814112144747817
1.2826761847468764
0.5386645599664198
0.4307534950596954
0.9562831831007984
0.7689130529459551
0.495078424121923
1.081547576087512
0.9498331287897622
0.4430154043608962
0.4658909944443521
0.5958649681326366
0.47432572301456977
0.5771326209995856
0.6677990982167559
0.5067456658313239
0.3921806169314707
0.9563584341833956
0.5307317132538114
0.5773356360426983
0.6244600028273031
0.597041813959422
0.7623382296893968
0.4882778283692434
0.3327561881154662
0.648907907810284
0.7268081608247545
0.5917447750643798
1.3464047028066672
0.9104082469079543
0.45722107261714723
0.6440382571533098
0.9479204886515664
0.5044489356475488
0.47891944173605605
1.0738388505274545
0.8976176395197342
0.6836682767013997
0.5905766885268677
1.0729432916148627
0.9305853472453097
1.317453911756837
0.5086788686452617
0.4902395723094747
1.1484422857049328
0.468068953076419
640/1024
0.8761114576205127
0.5861054844955222
0.689949189777185
0.6921715569922573
0.9983023933180543
0.6182718741123708
0.8791339839075696
0.8207442641217342
0.7014569761116596
0.7200820135617861
0.9614087426041
0.6301044888558671
0.793616793810118
0.5864059992550751
0.8606673504546798
0.8974691361645663
0.7785252446216621
0.6173666546047083
0.13219252199936038
0.7454359961470435
0.8711049102489324
0.6329890201366225
0.4938894888320962
0.7971200223528662
0.6671952268451391
0.7464564337878279
-0.02562432980856888
0.6186150451573693
-0.1343922453246943
0.4884758645537803
0.6751581442210479
0.4482202396144632
0.6644136696067257
0.6991352572142074
0.8057957054158633
0.8613256987847906
0.5615868081490608
0.5696531220507023
0.7753203551565442
0.8454957946989019
0.590966090176595
0.3113725809659429
0.7320174643334063
0.8803105045767381
0.7891780534892537
0.5087851578846736
0.8142373202024444
0.7205735696635687
0.5177259061434253
0.5794049685665056
0.5565590512506192
0.443233306743031
0.41289736311028913
0.6938031886823977
0.8581693691132666
0.7939017940123267
0.690547937101265
-0.021484825523131468
0.5641756763685863
0.8704372092159746
0.9989666262884004
0.7779305716090935
0.7609794225720312
0.7421620968710865
0.4983801624331078
0.45663683172022573
0.7833341880201272
0.6306552205176761
0.989752429056068
0.9528592906559977
0.10634307678009436
0.1602280486949741
0.7100258175627867
0.8549417567519811
0.7570121405713344
0.9459263509163656
0.12059917894057304
0.7434001497527959
0.7618773137554594
0.5762298813542077
0.9073429188936701
0.6275217673228827
0.8639729240079105
0.8650244154290057
0.6259596232833076
0.7310204205360912
0.7181510391882205
0.7537908365171726
0.8603792608884793
0.6766695394028494
0.4697496773095218
0.7639872779382014
0.6542684328121112
0.7548860110711362
0.8038511687607203
0.5976916304899994
0.8059522903585944
0.937470877758511
0.30021549369723033
0.9495538041819949
0.794168682586444
0.7957519719577579
0.5019620214764497
0.6407883877660389
0.2604743216805552
0.8330675840966288
0.7139663080241463
0.6810036618740827
0.9251305408198729
0.30254818633485
0.663845457091095
0.8214883778652609
0.5257341578473296
0.718238512695413
0.8984844855586092
0.6521809474108943
0.7452243040130058
0.7586805985281659
0.7053769972155688
0.9711947298875201
0.4433045139308813
0.977499382739101
0.6273460780089269
0.7922020036365607
0.8009622143695962
0.7922402090395384
0.8240781560116901
0.312315001704722
768/1024
0.6504145705120208
1.2850647538651905
0.416177670772466
1.0368226486365708
0.3362992902398043
1.607189298770644
0.5901366285605472
0.776251427828033
1.258608802203022
1.388615351240079
0.43789585541341547
1.5253203120413397
1.3689985399038442
1.4204187649760585
0.22246553851514927
1.1553004091409775
0.6671992708587947
1.2847875458957012
1.1906612122994351
1.3093125537374246
1.0869002741797469
0.26596172987122313
0.4340471479430284
0.900314222185813
0.43755216715735495
1.235548945049264
1.0105957586756968
1.151497878943817
1.0578657625513312
1.1403590442936369
1.603195677602768
0.9836951610627892
0.6137245918083838
0.4117565075828052
1.5272922989085778
0.8688002769097236
1.503014025663652
1.3794312571846545
0.9593078673563613
0.745174679796836
0.7128110371599425
0.7026000892394474
1.3588443775917205
1.6302878010827375
0.27627051965804306
0.7594764884421402
1.5513005957419765
0.2268196512927749
1.0129186828802124
0.2297680126049883
0.6250871270864973
0.6765733735198166
1.7128981414984996
0.44098764699172643
1.1482553697960116
1.4556208019033654
1.5828106657890961
1.6943759127876798
1.1275411301453822
0.9645590126784971
0.22852972317545694
1.2337241751872008
0.7578813408867087
0.5047460808442997
0.7589796124249376
1.0536203509973563
0.5989678252762751
0.9563984596143799
1.6138686031814842
0.41950567137628425
0.4783793806654513
0.4877315086492481
1.0326027260991264
1.7300930093500693
1.6719525901652037
1.379250542255252
0.9631537493598452
0.46711132545510026
0.5569315595684202
1.4523738881543817
0.40242393318743014
1.742334764296222
0.5525530215327108
1.0688727309368713
1.346582091794541
0.8929900826767426
1.282863949556175
1.1248949466265326
1.6978171708338032
0.8253263749515714
0.7461051250475188
0.735083759974987
1.6967760844714939
0.37267669687707217
1.1920721107602206
1.127571464217533
0.9373151784477787
1.3891022284603194
0.9264804350717112
0.46642794935412335
0.4469242774466027
1.2610364789006443
0.44695458431437024
1.1266963863810202
0.7791036067119343
1.0633458487074976
1.8241239618279637
1.377090211860629
1.0210433835474662
0.24377414452947452
1.3884830958291812
1.7152761429475596
1.1189454205907088
1.1108576018847742
0.6391194491262961
1.0634957020198255
0.4244201145742044
0.4478322853977755
1.3620545328630798
1.4019926611652298
1.7102033594165689
0.7993579448208759
1.3575047609606783
1.0593008469312213
1.6193556653003225
1.6981010159798673
0.4171196236437494
1.255539004586614
896/1024
1.6443319634255094
0.614833799256735
0.9467207344019746
1.1857087704563138
0.7878072589774591
0.7701720761313428
1.471159331137973
0.4098018855895554
0.47501909507646267
0.7544770944379865
0.5956541813425278
1.125559544645541
0.5846954516355872
0.8368986652863363
0.5174508062744272
0.387636121461539
1.3680868914374589
0.8643402253923766
0.8875344367823415
0.8805682021995778
1.237108877044228
1.011129517214616
0.8972563436933345
0.7655920660410922
0.6716133553336269
1.0005691100933183
0.8485234369825647
0.7869347128845067
0.8322175024443115
0.9095364093477452
0.8228720438792829
0.7926109870264566
0.874950905411489
0.9082069904632122
0.7143898333939738
0.620105522346575
1.2707740083575652
0.9003386783597154
0.7675375847991727
0.7632603925813293
0.8667105573533407
0.7428679520571373
1.0102817142663207
0.9629127120357253
0.8828408916248942
0.555808100463876
0.8169472500903678
0.6904357694938847
0.7317737234988838
0.6931596297458674
0.5156561458904382
0.7904376106813857
0.8806794505985677
0.7476063026424705
0.82824451081059
0.846373586295374
0.8839229991930079
1.1621332664058106
0.7831145385586213
1.0769145411747356
0.8804033446613191
1.0772425351350154
0.6619907706694959
0.9107066803573756
0.5286917100306575
0.6847746466137254
0.8697441226181313
0.3061756443172637
0.4156970953751961
0.6125861405455874
0.9344063142324022
0.9859356047382645
0.6068829646219447
0.7340611316175966
0.9591850148351968
0.9805519566572412
0.619783813366648
0.49483699636811146
0.802315516602911
0.7949238315915124
0.859963450349312
0.5788027659742955
0.7313016014190921
0.8037626093630266
0.8441616352037163
0.8321552844091904
0.5966061055980252
0.6719207113960353
0.8055350986786005
0.5206677712211608
0.3756783530621658
1.6173866624852467
0.7300269631277674
1.201053780682053
0.15238156196873148
0.8506578023764189
0.9149125449250368
1.049915088898575
0.9784887827269306
0.8166453680963354
0.6598048294069332
0.8038417167887181
0.6313191324068435
0.91499138950206
0.7187330888806193
1.0655754677902247
0.8510052265943803
0.8141642060203551
0.8531731091164352
0.720827081203806
0.8964015881240546
0.8129692905756293
0.8211694849831244
0.5448116277980524
1.0080678798018903
0.6116100318305638
1.3416403272791464
1.4393531333348788
1.1503432720600362
0.22495170205473675
1.1009679301939765
1.4147709051279778
0.801356428884932
0.6612713722548555
0.6251408125779234
0.573265746111831
0.6790925449334281
1.664627848298288
1024/1024
0.8630170014699998
106.741510 seconds (76.83 M allocations: 12.896 GiB, 3.12% gc time)
λₖ = 0.4
Warming up
128/512
256/512
384/512
512/512
Measuring
0.33479382143556036
1.1912495054075276
1.0291454974311254
0.2585190409631827
0.48820101246110625
0.8547720654782303
1.5492846976256098
0.34543109022726914
1.7189813376716854
1.2758061113031456
1.3526521249601624
0.6612619211368294
1.0344814486783962
0.2769313879731413
0.6391977568586523
0.23587194637543307
0.557464165073466
0.16375759289628422
0.22060764738653546
1.530739780169924
0.44584888225450264
0.3069591970205356
0.8244515728863455
0.27549324356269994
0.2323049292065738
0.9155564498363845
0.31616896349591844
0.18546775963947554
1.6375318497932003
0.44555244185899673
0.3564401986307074
0.44061566470043734
0.8323682449868619
0.5357214039123511
1.1656811173940693
0.9586001899829228
0.7751742059676987
0.46620934169174816
1.3565278274404848
1.9615274532815459
0.3561545949023882
0.1554339983424241
0.45080255713825546
0.37824112167043045
0.8347010605406524
0.19601708102674842
1.4541292012303457
0.3465019420084122
0.3431175173997548
0.5964777307401483
0.41298000846997296
0.4216903065372649
0.3622230626787212
0.43579999888855653
1.4582027922462895
0.14615031769551
0.22561157509192314
0.5910797836832882
0.18565593064018618
0.15974913701018106
0.515373799145156
0.47217935947256706
1.0143987020577352
1.274551768977193
0.27308727088625195
0.48112845020765016
0.9447122697284087
1.4610474823480668
1.1585015979498563
0.40072056796848643
1.206250015056531
0.1693008635359367
0.6708018383668435
0.7163148242038347
1.3902302430252989
1.1008022546197562
0.8272983106161917
0.9907577746134519
0.6028118307238586
1.7783849309522552
0.6440656736767181
0.733292531526609
1.0571831940133474
0.6472130193655268
0.910473490696184
1.2876569554332624
0.811160937691286
0.3668750081321913
1.5122080210644768
0.7361939716519138
1.3843714969966605
0.3571305733120452
0.5493552581240174
0.24635779081823767
0.8638076050642549
0.3190820793073392
1.6313560597151775
0.9603390585577779
0.1892688035390861
1.472129505328385
0.5758127436148353
1.0315982473199719
1.4299408107834863
0.42492656851419564
0.6547394313117051
1.0551688885585748
1.706447325396436
0.5894219353567568
0.27211589470595
1.0169706066350022
1.1290886580385793
0.27065654002286
0.3891885293790462
0.8257825205616023
0.1686228080913041
0.2590920306886508
1.2424906461870218
1.4821195939256608
0.27762996592032496
0.32276113506328313
0.3494011082787404
0.23659712152607934
1.5393605575182687
0.6416904948292411
0.8807359260660852
0.9337453756959213
1.2962726811039238
128/1024
0.8018088930061618
0.7252629690893486
0.9910029862813815
0.9024199904972867
0.9173012552640717
0.6154904539279284
0.6147191108501537
0.595613093276701
0.7611930308431069
0.8774190468194181
0.7321091366178573
0.8282311144619694
0.5467054629982805
0.7000342668312349
0.7175724839677516
0.5884648837444401
0.6449894891676702
0.7313783698547358
0.6170642152759593
1.0447086534614214
0.7538792624336343
0.874234216540398
0.6503905700028503
0.7957957330141923
0.8334626838864558
0.6342880160093868
0.8183985971337475
0.5861637460780709
0.7668652740181849
0.81696232284286
0.8340340698739035
0.10362926474429845
0.7760350160444969
1.0046965393758893
0.7563485546914198
1.1791862375208253
0.6377281762385276
0.935612310867256
0.6383292878550173
0.749799567050792
0.8676681444534562
0.6657597857694408
0.6066874632588193
0.7870427459338643
0.9513785925518176
0.6972962855997037
0.6711463797706074
0.7296367009349818
0.6726304396308435
0.920375983218173
0.7737726550385092
0.8108366111923422
0.5861033722892806
0.9501124926759151
0.6583103101016221
0.6389711546919683
0.7306574829543815
0.9218949269771232
0.7832392814220607
0.6204786505754336
0.7564473310286909
0.610539008533024
0.626317527962033
0.6225378724684232
0.7948816432425122
0.8663396067812877
0.695706597065761
0.7060641584482308
0.6305804170302027
0.621049022509242
0.9536955390970174
0.849104874149196
0.9060136581557957
0.9279829521543385
0.303555121838821
0.8223915357905174
0.8361171349128131
0.8645582771601035
0.6974074666227923
0.802328127027341
0.9900333219017883
0.6252630822893523
0.8301090333188232
0.7128393653841014
0.6079504364578524
0.839756772232096
0.6524449559533854
0.6178619846241108
0.6878338044822425
0.6224951335079083
0.8471710092292895
0.7955431909472837
0.6162608308360719
0.7823512372880472
0.4330228154060303
0.8045043479319549
1.1633354135029639
0.5491782989858252
1.1790370468168603
0.6354966295444084
0.6598542220791075
0.795213585460857
0.793272744604225
0.6718991765731785
0.7725097553510764
0.8692454620958465
0.9221329368257702
1.0099183216343781
0.7177751979402001
1.1233778945681032
0.7968352458648089
0.6799890221057774
1.1215267827544158
0.8165898811851853
0.4236022381714263
0.7271061873945306
1.0355593548338224
0.7309726225949797
0.7831732155958174
0.606708673596489
0.5972450766083462
0.9695952593508895
0.9462167722983423
0.6065333301884202
0.5415404373083818
0.9309179401767543
0.8112047970781496
0.7609382449213218
256/1024
0.7828907794157857
0.5172998018816813
0.6738548159171293
0.2796670324680839
0.373098942513327
0.5330235077665467
0.693910575077679
0.905408171083796
0.6811053507757596
0.37565478271652347
0.5445571055616585
0.25857925930821646
0.3382035276317351
1.195451880251595
0.5310244227569239
0.5623267624323532
1.3734375391772216
0.6035599384050067
0.6022454990546809
1.3085201232269166
-0.41025195506194
0.5825844041451319
1.3285374661004163
1.1559849037791252
0.5842909215972323
0.8797141844178217
1.066428755934105
0.4204774591303351
1.2211253790337673
0.9686348726040733
1.2092394766034567
0.4138491679442327
1.3762976298824863
0.4628376836625586
0.4705599784718909
0.4008434017433968
1.3869520106416589
0.7956217259825201
1.3549360674459598
0.7796008666599805
0.8009416656323955
0.5635667942146829
0.3983013866451741
0.6323741715080159
0.5312640602176952
0.5013230228894932
0.9076107978401086
0.5278047151732883
0.2857177650073553
0.8473601178861958
0.5336826376015349
0.45036545314577864
0.39579646805063406
0.7165618787649302
1.3960340167433292
0.9423557781113777
0.4227301147734417
0.514060068713883
0.6597169266827401
-0.054728049069454276
1.4699094201430107
0.31500202293834134
1.1225029157764874
1.1465567122857894
0.7202610807636635
0.7957800542103002
0.713933008995761
1.0447968999572104
0.7557996294855212
0.9525439306466945
0.3988252878991948
0.9512853440611104
0.6760297420440188
0.43860529842704044
0.8265099164781237
0.2506446668323778
0.20442840810154317
0.6967379550537208
0.7336789476072857
0.7376353053783611
0.36486219847131357
0.8452509847370028
0.8258473065735884
0.30317023676464794
0.7377994143952468
0.5154415521428561
1.0501974047898115
0.7723540763277991
0.12291074954059833
0.4132006271085451
0.4242146275157298
0.1775244760776467
-0.05024035189303444
0.8990499912994624
1.3079037324470892
0.30985978716335155
1.2577857790847216
0.23233399617779749
0.4557085789695511
1.1060990809919693
0.384928419291266
0.31820421224015105
0.35239648351090047
0.46978445529497126
0.7643671744365182
0.3591306647216117
0.7122827143497654
0.20873415456574818
0.4352791667185371
0.5250218556270169
0.6392671434085282
0.39252734145399787
0.6842487481656412
-0.0639890579574266
1.0507710017907468
0.6460744125561525
0.23590082056253942
0.37144369516498166
0.6539991002985064
1.0975010064924862
0.2630451177070547
0.9638322266601511
-0.22376042081904024
0.3384207932866723
0.4894355757355752
0.2837553917487585
0.6050081064731512
0.4801039314754252
384/1024
0.901018075444063
0.8128941670711194
1.110972735640044
1.0092759429709675
0.4999459118682431
1.2857592951299546
0.8364293570851125
1.351510600167201
0.8099558855732458
0.3190068758426264
0.36192459029910895
1.6861141307759797
0.23533985647397182
0.2904218978936751
0.300302606030626
0.3321581531989502
0.35997323993478014
0.5238493640543707
0.8792677318955897
0.46084707782542045
0.45468539195461316
0.4224681949084707
0.3072670022600436
0.8327654266653988
0.8102077161791787
0.30818631368616856
1.0382923578950898
0.3336261573474655
0.6945681219549015
0.5461797974938598
0.4396715715076239
1.1414923764221945
1.0004446830325298
0.2590260576190276
0.4036294611586268
0.5418009565258154
0.7029499097510861
0.44520194721989664
0.43499160634372097
0.549288822807703
0.4093295563282343
0.5539283646467207
0.3918324822372032
0.8620549690644989
0.41017953275139885
0.4084747185081103
0.7254541445707667
0.3620559341983848
0.4820843910357399
0.33779553884582125
0.4190293075614314
0.32682324767590915
0.7997289812515193
0.3209230372450919
0.46286533872416924
0.6280200726286063
0.38297005469915074
0.5760517820799016
0.34042387633083465
0.41928161282893883
0.6085648359209507
0.42674305572461313
0.747261524352552
1.0922247345752911
0.4249995057226811
0.7922998574612629
0.5692153004433742
0.5953029743336083
0.3167923620594665
0.44375063579361895
0.4119286429954938
0.7304871237492144
0.3080901069406203
0.5547795178150197
1.0204695046070604
0.4284980664758735
0.7220478547219085
0.7021687331609123
1.2034660679378537
0.7581251079286782
0.9643481466282489
0.5880220729763405
0.547123313731096
0.2974767402992459
0.37593796610580027
0.3375333081517879
0.2590857139779231
1.2823175907493185
0.3614239469899302
0.6270296279404944
0.38210035783725027
0.7966180883047207
0.25943923640477096
0.9463030136733847
0.3258351453299222
0.539459728397824
0.6543261476105683
0.31380703937987386
1.2713111091702332
0.7771499467869131
1.2413133181782896
0.3003734796789777
0.292509680603292
0.33089999338380066
0.9417597290526448
0.8044676897363425
0.32924361396876484
0.2502895391402904
0.4143188641237191
0.33475233052197123
0.5660371922564065
0.40699021054485596
0.350141547756346
1.2348932308159437
0.28558779916169846
0.6327027689145295
0.36976770381707147
0.32040473976803974
0.3371646280593156
0.3816839750855757
0.6034657044781931
0.2735674220794673
0.4819772613583274
0.5268957019467504
0.3905162903864931
0.8055248120470443
0.842122485519295
1.366859220812856
512/1024
0.5237304570524322
0.5874691420188044
0.6154047731651382
0.6223918303198162
0.7340363381707437
0.8152491762370097
0.526888490992704
0.6985014815734663
0.6033316071427731
0.4775280933354319
0.8862581393377973
0.6193253109171856
0.5243368793317709
0.5490722901844984
0.5803556428891732
0.5655002387695454
0.6208706449430439
0.5786170805796021
0.5186381283955277
0.812131288332963
0.501468542524149
0.815047774449722
0.8989981690471688
0.500478371896405
1.2274880806833748
0.46388240917680035
0.5546209645936321
0.6496386358089423
0.5108542269771787
1.0589803498788173
0.8281408794610747
1.104038637938176
0.5422777303738248
0.619039526823711
0.5555566252474933
1.1584560658478782
0.4632049702643717
0.5555205589535028
0.6108260444616568
1.050250055998326
0.6027585819696984
0.8825858202833458
0.8163180150266287
0.5920702660630819
1.0463352837038287
0.600781347991459
0.602045069460195
0.46374530473379466
0.6965473218552822
0.4827050231042269
0.5560314106455015
0.8940584023697179
0.7694416990864547
0.7390047692426753
0.936235064183177
0.5128251275260194
0.9772546306644768
0.4817986974298061
0.8024980882575925
0.5118393994879972
0.7246018232512675
1.1305256648964621
0.8737449390513206
0.9575839243734829
0.898982122046507
0.9800612021796491
0.5383288156443589
0.8246257379081173
0.8438278945208723
0.6152849717915342
0.725393563909831
1.2635563270190144
1.0641777110533048
0.9504857285163337
0.5118875184471708
0.6394740411878976
0.6934640058801889
0.5025908187896783
0.8014530892751752
0.529539119592263
0.7840640129407638
0.5665685786217585
0.4660535293053324
0.8517638633603498
0.532408674518073
0.946914295478831
0.47245331755561415
0.5254365495224355
0.871620736971931
0.5849602321116012
0.8899715747752943
0.8350439874492082
0.7464284690913364
0.7140617878708925
1.0777256701368974
0.9033828046252659
0.5892672843606662
0.5820449208027176
0.956542429571883
0.5817907040489344
0.7816731737425633
0.8143960231046159
0.47945480597236323
0.4989107682339853
0.6283580283942766
0.5380551832688518
0.4692090478736224
0.5609416130634082
0.8700998785712615
0.6223098965110242
0.6732168284519424
0.4997276860846187
0.5977775607076496
0.7433069221728944
1.041313006253799
1.0004493220469535
0.478248407542206
0.6042303289493993
0.7528638825197647
0.5155289740835464
0.7557642690811879
0.49653396119078486
0.6929692169276997
1.1924212321075451
0.49379524896369775
0.7118538420088241
0.6688132171133941
0.5675883575679437
640/1024
0.6817401231077884
0.7507329455031846
0.8282905038432583
0.7307790158538567
0.5398899012905178
0.9869007892459368
0.6848600928509305
0.6207288728706277
0.705425887471015
0.7011604544752923
0.5937810495040198
0.779635189059631
0.6174449876319412
0.5898394965106745
0.7769857257061802
0.5311673289219525
0.719937069418728
0.7111393559897798
0.6739238971150928
0.5950711145648742
0.6341143175451395
0.8259892746460378
0.733996950691312
0.6518878554852984
0.6557129178539804
0.3728436243889554
0.6788845273689954
0.7091954990594531
0.4975850957160745
0.6624101938412268
0.70942985855098
0.6717627472337893
0.6895951058508846
0.6076363884135916
0.48484064602135024
0.650609867841883
0.6980103602602168
0.722335540316555
0.6898293885563624
0.901527910668017
0.7772553404750117
0.5175621099878638
0.7101892348806529
0.7352644607649905
0.41812798851445554
0.5581918007558273
0.6906413643726079
1.099868613375633
0.6939587454177103
0.7370454041579526
0.6944468910606516
0.30180920942091405
0.5572779929783265
0.11975675658708373
0.21334693167049612
0.49035779805245805
0.6865764985774518
0.7147952022411077
0.7524743271543485
0.735033410933279
0.5049732100613356
0.5899240477474987
0.5329516623524707
0.5375271786589315
0.7018356699837499
0.5380164162705932
0.7122235594130546
0.7819714032934723
0.27207117090605937
0.6508437948331905
0.6815598611560068
0.7046619310022393
0.7347670107685768
0.7437652985998031
0.6785997399059394
0.7607841246347062
0.7613040949670671
0.7571683300079202
0.7170720840186644
0.6294372832835748
0.6365090976546877
1.2254295878124122
0.584268111794816
0.9934788951499586
0.7228023887911519
0.731779067300927
0.8128875652531125
0.461390087526298
0.7093271771404593
0.6959561736077244
0.7550890251641911
0.716633977876903
0.7823104701233442
0.4439559696191865
0.7077943091598369
0.7286983576665784
0.7176493184142234
0.6088796190285688
0.8314717432055152
0.6983647226415564
0.5684258165232637
0.669491366003005
0.7076054663735518
0.3057068363077778
0.9391288708925158
1.1144710233772197
0.7665501200406231
0.5804099113499348
0.6650543409635261
1.1869682919613498
0.7644904547136206
0.6761116956737685
0.7010031670242894
0.7880563554194966
0.6900926029496894
0.7715548693644125
0.6980127882434859
0.709794552288105
0.7604889351419953
0.4838116780964243
0.700641702949737
0.984148097938849
0.6588906841606037
0.7387923039157649
0.5817806790640458
0.10364315208228408
0.6695566254804417
0.30615174877190054
768/1024
0.5878440438072021
0.5745687171911987
0.7190554702153027
0.7892232859673951
0.7262493486702017
0.3011623379541086
0.5469155210110466
0.9797397446040641
0.6080577409318968
1.3239313672347715
0.48164342355666967
0.5276729756275813
0.5954840740661909
0.5242475198399655
0.45656265418247943
0.6193970069699324
0.6226752781748227
0.6290680814910645
0.3495156770167989
0.5667218883729171
0.6399303351289148
0.5040084022460971
0.696676718484209
0.8941652094664957
1.4586825107936128
0.4461226148707077
0.764451170209999
0.5911131105840512
0.7414166935291873
0.7509898805809674
0.6915084436391788
0.45878838477127515
0.4805571988982861
0.5641514074835438
0.5109743525638981
0.4812283802777664
0.6360145469120299
0.496538626785789
0.4433772203701446
0.9592300302969013
0.5035515619386166
0.493540794370379
0.7491683188933637
0.37793221505133
0.4705351912563517
0.563322709053607
0.5258714363741439
0.7461519814522124
0.7523137837982634
0.3711262148566083
0.4667417501243671
0.6240972483489563
0.6689896513293007
0.521389727445056
1.0014716891564082
0.9475763986294696
0.5249773297633834
0.5391463512993749
0.5035808603417025
0.48063622344034057
0.8399965156354339
0.46787423621482443
0.5132533660125811
0.7466713512501229
0.8357297028138542
0.5294245220962053
0.7937312573407824
0.299183541325146
0.43527136422497775
0.7737203116487534
0.8600655869581014
0.8891831381422555
0.6208311202992468
0.6706306884120479
0.5515631069519717
0.8301630214832596
0.4185908064866972
0.553764998473427
0.4971094499417782
1.1089324134924048
0.8431080919628258
0.9058525823711868
0.5175637487520179
0.6447521314670281
0.9457129710430294
0.848917749774602
0.6353514777593379
0.5013753530143104
0.5925224551060322
0.5832301306941077
0.45492959471232236
0.6592330382837962
0.7757675486492164
0.6816080489005086
0.737498074308258
0.571368689764839
0.5010401782137653
0.6410752969735984
0.9939098862549798
0.7855195961164618
0.5393225023179348
0.9628564205970833
0.521726871841972
0.3151184385005568
0.47503831769737215
0.48087188721471263
0.5611549805837295
0.5834205992221296
0.927956101265847
0.622560849862081
0.8007258644519338
0.840785384009687
0.5084617844258282
0.4694031538615177
0.601440113188923
0.8598569167501707
0.5778504953092174
0.5367057931536976
1.0612072469724874
0.6037304261774816
0.44829302646241515
0.5876645804299162
0.4830682722347984
0.5311131746626405
0.5854334238679422
0.42516181193046726
0.6601643426924011
0.649622057431967
896/1024
1.156352713559528
0.7580144216617617
1.3185370512324672
0.7488597605260165
0.27290748196778813
0.475248636608497
1.1586885508251583
0.425420807989746
0.5709348142011652
0.31512906176882727
0.9608266378796217
0.8850785232543823
1.6590462960751933
0.7416117100031254
0.8456752363830095
0.6638107887672082
0.23780431391688286
0.5764061830585299
1.0553368376165246
0.4677142029419929
0.14810549150590668
0.8043721566939832
0.3259472471493083
1.5090963838164844
1.4282319377739674
0.5340960631875216
1.2521461186862064
0.7401594867817081
0.5206631854734505
-0.1178806073470734
0.752350857624997
0.969845459673546
0.1583824763768194
-0.20244707363745484
0.4508119194077378
1.0353503875173002
1.3837048452238436
1.5192819914427838
1.0542919531728296
0.6688613902504021
0.36298146307055523
1.358038054063294
0.2624775514155841
0.7358290833407923
0.9105116084133521
0.9990072452653687
1.181251792582397
0.5050486788198532
1.5103657801557142
1.2448824141752688
0.49947799930375647
0.6832289666077558
0.7952850811295131
1.3071936435336367
0.4254503336385854
0.5376413533607387
0.26948693364665843
0.9888881334598756
0.6628152092923613
0.8016867267259598
1.007253402073825
0.4820101901487634
1.3055627289697056
0.21256289576019727
0.5527933884095522
0.878587723014338
0.46836954906149064
0.7550493679923792
1.3274761082222364
0.49471125177216735
0.3975555771653682
0.977479363455825
0.24061696998842985
1.5206377865973897
1.0622880136735702
0.5115167395187894
1.3149506973837803
0.5451037153645297
0.2342988274751189
1.009704733237792
0.7357622125859139
0.48978931296983286
0.9556841544883523
0.14079382685360642
0.7396438899228024
0.6229428672808922
0.8979743786089931
1.040326573257745
0.39433129595044564
0.8748842855771772
0.7935475246966055
1.27322383348727
0.38772422250943595
0.9734236716499522
0.8804205714912832
0.4758931323728339
0.8990563765495155
1.0977410088874973
1.4459417145210947
1.0715886199957962
0.5264979290179176
1.5347465951321047
0.7871488521235311
1.4696692243086171
0.7836221488312378
0.30023260614504543
1.1205147853939201
1.3181340610366807
1.19150901741121
1.337089957124257
0.9622982863549929
0.9123815005026761
0.7129006027642316
0.6667572700785072
0.2230515441296357
0.7064893664317287
0.8802265589153033
0.5979092191275581
0.7875579892930614
0.8297403887248351
1.3595852894042895
1.005340243328253
0.2518513098782631
0.5068673921558787
0.24323448003860904
0.25403162707220334
0.43299727957791156
0.36143299618820374
1024/1024
0.9836115127068463
103.061775 seconds (76.83 M allocations: 12.896 GiB, 3.19% gc time)
λₖ = 0.6
Warming up
128/512
256/512
384/512
512/512
Measuring
0.23512493442944268
0.19505239591109436
1.0444316023903757
0.5813203820721907
0.14814156840127402
0.40244610459098884
0.6441098614714263
0.26657837676702145
0.18454026004895407
1.473479116299867
0.9105524174173336
1.123197942773274
0.5405902823154882
0.3420981905348881
1.5224805830816235
0.13418351277468377
0.8319013887758823
0.4579044740059059
1.4373216986612445
0.309347702492971
0.3672327636820485
0.2841974752123238
0.5096641672729858
1.5860881954833643
0.17614480574100547
0.3258381665419968
0.28425897708576503
0.2607715422327208
0.652833223210437
0.49835293491180094
0.23830140912396042
0.9159638407571502
0.2532032299998916
0.1831457974131565
0.2676811247383435
0.2799542904329251
0.40241235866621883
1.1596209913230089
1.7331255109601031
0.7763217875934354
0.17900583097333675
0.18110058852393882
0.34208658612050746
0.7620810175900967
0.472454652509429
0.5006455069861997
0.3814854388968181
0.33466960686271774
0.35064145467328306
0.7294339043125471
0.19475583576035116
0.2977883562021418
0.34633573777836246
0.8312433775327854
0.7266514304422022
0.9096623597790282
0.6973837003733041
1.0648514361532961
0.3163694240369946
0.47850804380857204
0.20669258629515874
0.3557610952202178
0.27352881689177433
1.5408359541282874
0.5088261887728617
0.8114036046191186
0.6576168842030901
0.8831110411297507
0.9903280481572942
1.4027221283363893
0.42074273967656994
0.2598147509701404
0.5476977572940018
0.4091732787127216
0.44807455099152516
0.6472931910642475
0.30006487627069317
0.4599746333080373
0.9037194156448107
1.1010550624357949
0.8648054174103618
0.4555140209910272
0.3090668789540656
0.6374377492517449
0.26161831961899384
0.42424078041673186
0.572100686037328
1.1863040218548553
0.35413996068923437
0.6089555415364641
0.30688124806686007
1.2434521694886669
0.2176196010253748
0.8020766047798711
0.9458116667892087
0.3364350888584128
0.25499830950851426
0.6082683623079833
0.7881122607480037
1.0450777753418148
0.28599145820138017
0.1743194881783579
0.649074283719055
1.223025826689963
0.5095568575576379
0.23826767348423405
0.3777714159631975
1.0348366199625898
0.43074937673412694
0.6235913786134553
0.1930525908165278
1.1083441641206115
0.555242709087428
0.17305173699509113
0.7654661136165111
1.3205279968653332
0.42484034294723355
0.34624088804731246
0.23386440083824733
0.6629769193722033
0.8801821430528102
0.2592830141714492
0.19171936495730973
0.5631957370935994
1.0735480427272315
0.32072393642970953
1.2396223098146932
128/1024
0.401544244304867
1.3736353301015876
0.3492756395514526
0.8113049915886485
0.6076653402867398
0.7933007400233512
0.5378642712178276
0.4153912266568385
0.4343937934753216
0.6015850659896654
0.704713089220027
0.49218628394031483
0.772007625425744
0.7199889590592459
0.5191717785059313
0.3589585162326459
0.514053711847427
0.410789089361556
0.7652285550665022
0.6196876972514965
0.3956895063104907
0.9177139458322804
0.7075994097450413
0.4186611760591805
0.6080658063341993
0.7002153312997743
0.46400316434963607
0.7380655829763206
0.9486047635938074
0.4337204358668197
0.5665543887819782
0.42982104814730293
1.008345173137366
0.6742265271910697
1.0935159451798726
0.7561509448211392
0.9240932510728737
0.40586108290328227
0.44592574712025146
0.7620217777847945
1.073593328547811
0.6406465427791797
1.0142019818066592
0.40128108745473456
0.6178383717738716
0.4626143891062149
0.43491420999219377
1.4427891231956038
0.4203475935907122
0.42294836970819405
0.7765326347715549
0.6885181270804563
0.6034399979932856
0.6353413041195675
0.3400935859486947
0.4595531421484924
0.3698049907033349
1.1017128614299403
0.5822145709386332
0.6142680329550327
0.9640172469392966
0.8021932014280945
1.2473001307685507
0.4456413137197378
0.6422324748252349
0.7746688501871009
0.9019455016074787
0.6306462204528689
0.9561200161254195
0.98449085378774
0.5962396111469339
0.6688208403493322
0.6090486146210569
0.5846725582458928
0.3531737643217742
0.8110421577726268
0.6566330406530156
0.9303641041750838
0.8422477237042714
1.1078030088089206
0.8986229256665031
0.7651105331759251
0.5269048781387285
0.5523570367622361
0.37552353916166126
0.366948031798218
0.3448641945121088
0.7151679580558777
0.3730183868765631
0.9795257491722636
0.7979402562229423
0.6778795616535905
0.5622129461215128
0.8600924758472253
1.161656334987771
0.714892796253098
1.109248358866214
0.6782406185347564
0.38184329459658106
0.5777592943409549
0.700030002110516
0.5497248344454182
0.6691438606658402
0.6047878415513565
0.7821932519535987
0.6598268415328599
0.8115808210574192
0.41071941665669176
1.0431453543088967
1.06450032987753
0.9543021112957084
0.679686857898204
0.9781420765599385
0.487744805634859
0.928483837976712
1.1341767959882874
0.7114205174062221
0.6258387141244827
1.0350845910140267
1.1185370269075892
0.5386991336125456
0.6560390129887703
0.6839849191994896
1.1641066538826288
0.9782099917029912
0.6468360272145313
0.7484463130372436
1.0470879623764466
256/1024
0.7221737916301572
0.6192283583038107
0.5208042329188127
0.5250125663758424
0.6212959955190904
0.5527659918474626
0.6771094173040311
0.20267449979937296
0.7741133126782299
0.6551528975793929
0.675547804744384
0.5246898244104948
0.6810982220257649
0.7324209318249404
0.6247531026453843
0.40128055139756325
0.7026642491321988
0.37993615587787943
0.6910945249412764
0.6498301281007332
0.4755280900993194
0.3831467878317927
0.7159561827046625
0.6943846269417786
0.5969069362358184
0.3726356175258121
0.6158035451996211
0.6677597414888287
0.7230169065469805
0.6514124812464164
-0.22471511221289847
0.39024073472255005
0.6845581407146496
0.00043869711536148603
0.6468322321902924
0.5011240283796603
0.7203371334432638
0.6165007824881616
0.7216755869417416
-0.11038792589630456
0.43057099548336186
0.45036404148175146
0.6897153297135741
0.1007190102941371
0.6797371297038081
0.6876886508803883
1.0461421980395373
0.7070859351388316
0.6217118609086696
0.7104448699425729
0.7056838342889589
-0.5813269068064871
0.6419697757813853
0.41836171466020566
0.6698831981203146
0.07761691555915567
0.6266310325339474
0.32493629973138927
0.31404706962989787
0.723254788960004
0.6487389610449641
0.7155472543438808
0.8075911460020736
0.5755869710540811
0.7251640603227087
-0.22891652400824328
0.6585775214931616
0.41590280250433115
0.6511920277907861
0.7405731112392344
0.5802706095689569
0.6163438057950655
0.4224788147270297
0.15004575428487998
0.7641371002592507
0.7039289288483759
0.6546622079333494
0.7913386283854426
0.4364789825186747
0.7117206904649295
0.8964142743954184
0.7889752596615586
0.7471591861781184
0.6543418637278926
0.6498888717059628
0.6427152351245776
0.6766610518328013
0.6880528205923047
0.47802759475201817
0.6919411174674859
0.6415785050772884
0.5621806452071002
0.6306104043527317
-0.5313746340297022
0.7107511051101977
0.43247443805832086
0.5677272346784018
0.6693634292503564
0.5550586951060373
0.7096992096120245
0.7128071967111851
-0.0016249548212088072
-0.09367988266269295
0.24369841746803345
0.6973508619185407
0.6915157982118451
0.7270730453191785
0.7536310893050895
0.6181704108594774
0.4211468045972988
0.6866456622249864
0.6660014243246124
1.0171874183770546
0.35885411651331195
0.6616643523465132
0.6865209659546746
0.6821603392050997
0.8271247455534954
0.1413508629428018
0.5634414885841129
0.7569603259949913
0.5487631023966386
0.5811406434310644
-0.04591213797786872
0.684722823215006
0.5226163261210709
0.62969739706637
0.6426280583000091
384/1024
0.6942384475083779
0.7118624403326259
0.48671551103052435
0.860018259401671
0.9239633261148172
0.723458796495429
0.6686946917133518
0.40958459943443737
0.8515705631982067
0.702761855397793
0.4747788704400559
0.5799000305214607
0.9267322491971004
0.24038767403049455
0.9245643534728791
0.90041411358795
0.6349844265736184
0.8934339811058227
0.534239532300426
-0.35409069451131847
0.7502384969120416
0.6036078237721036
0.7981887278692101
0.9179014639427205
0.630554070798367
0.6018518837173638
0.9257023656637344
0.6580458396025164
0.7253966958485522
0.8999770183537514
0.6627017105010073
0.9053144800302542
0.8151315846136633
0.7967166946232498
0.6179769565755957
0.811245140070992
0.872836159959589
0.6405684672277342
0.5614449449583425
0.5580496522895402
0.8123642929250744
0.8587025906273886
0.6784639851198639
0.49924762979873405
0.7513513975914882
0.26616470939457754
0.8237219438681664
0.8238394423836646
0.685659915078989
0.8744558499851078
0.5938144336753437
0.7106735047738088
0.7828930088320865
0.7440768110126408
0.821314227813972
0.8993016929408277
0.8343615939173645
0.8682320452848473
0.5838813928128683
0.16607636606800874
0.7643013924271914
0.9140740507282963
0.9062925986190751
0.7154520038123249
0.5747412638257372
0.8245188079835746
0.563923855047111
0.8489664454300955
0.7809920627256937
0.8366498681189765
0.7090648194741773
0.8519733120977918
0.7699087382244041
0.6512631850320297
0.42626161105318183
0.6455797854449405
0.18757585754396333
0.4468570626421214
0.8869327102063527
0.8383998913819732
0.8665893383709284
0.7465282151247443
0.6318699829153102
0.6812431756299171
0.3111187185725649
0.83273406866485
0.46411245152403446
0.9373709811051227
0.8032977210912535
0.6539617600257642
0.9227637842630463
0.863997764088045
0.8443619530763566
0.5518805766693557
0.7968899104015046
0.8886221638397349
0.7145455682635251
0.7140670039695036
0.8156566659582867
0.8422625081451427
0.7139962438850795
0.7448309579229484
0.758003313136021
0.846629226141571
0.6921588221125292
0.7283668974831967
0.7417041964287758
0.7368135483135005
0.780911805593788
0.8042541641487281
0.8659549648467404
0.8527774060006545
0.7041401823999368
0.9439144435046326
0.5204302104911195
0.5248207197611632
0.5438276099045323
0.5857321523250737
0.6212430764222583
0.7434836495236294
0.8329085521926529
0.4686961342613734
0.7035643716420932
0.683420782329148
0.9121198408869232
0.6906538658664904
0.6667086467498368
0.43153756296493523
512/1024
0.8599484878257904
0.44401760645144395
0.31923926321216883
1.7794218249338427
0.902534895826812
1.5300056223731668
0.6981985307054813
1.5373867389508558
0.6560616920812832
0.5720533273765116
0.7749615264132675
1.7070436120106394
0.6718282555749018
1.7502365181810209
1.2629992839270525
0.5772662881288101
1.1279993109896491
0.9441724519874822
1.7590028677966685
1.726235101434276
1.2221053498749999
1.585235547262175
1.9578375573687028
0.5514261171968018
0.35597667367427316
0.6979780094778969
0.5239272157976937
0.2872455963472772
1.7085394443120083
1.757586844293506
1.6505119187061037
0.3057045200968925
0.48763368672092494
0.4362264032771002
1.018944385658303
0.37338494949589
0.590832279854574
0.3987472951845667
0.5203139747333796
0.3233082546076696
0.2340328947943096
1.2774188918685525
1.838752010347338
0.729974649413984
0.32998023996327414
0.8000559822967751
0.4566044505531572
0.7112753757864766
1.3228163266032666
0.3469711421214293
0.8110843881647886
1.4999291238895276
0.9323610551356928
0.3492848818033065
0.5322078373726551
0.3425402231799491
0.7674310862808417
1.242405315365109
1.1837256750685317
1.4136915277603412
0.3258800618997439
1.0118627444418828
1.5178377610377536
1.264831013367563
1.5811669877715666
1.1395213503915875
1.5801397024404762
1.7022289418200962
1.6037887149923788
1.073454519735755
1.3699113274676076
0.8173550474388687
1.3368554560497479
1.2597350131529068
0.7130850610720503
1.1704238388585027
0.7461294206090123
1.7972395159865686
0.22494076940711055
0.5545253544033752
0.6125325755205727
1.2777404110753903
1.0342350116963368
0.42427405539802565
0.593709780040099
1.2929216111073554
1.2235174573949148
1.3059565896575889
1.559389425500224
0.6041643974850651
1.1980094749838883
0.6384083980421136
1.9199350211501662
1.4377513447941046
1.6885727628829295
1.1349851110635725
0.5724515384505316
0.37790096071593543
0.7343258722960496
1.0534311030902435
0.590965050273397
1.5630879642332003
1.7017410222212552
1.2317871696143274
0.7734652039354977
0.9568434071577717
0.7279306876526618
1.523737278440938
1.3665088224223945
0.675512050752864
1.6736422637033361
0.5284081842393784
1.2712540362495122
0.42593544919326265
0.9635072171473382
1.2839283008036078
0.8227919530445164
0.9033588440139627
1.2198907764147078
1.9585733309508275
1.0993840667074384
1.4588140302757557
0.3805839074300108
0.5435221563674786
0.3261378104110826
0.5432476810028111
0.8428879560580637
0.49585280863778664
640/1024
1.4274502149195103
0.4590786273631958
0.9271697736125353
0.5963141948194648
0.8182373039613808
0.681039110148862
0.482241858429848
0.9141667803645084
0.5445345974628288
0.8590319849304417
0.5396554169232683
0.5034212460302854
0.7871316808103906
0.6220191141114586
0.4864943651774868
0.9943597497434602
0.9892018751223771
0.6036885224507235
0.4468919930463967
0.8372352749619949
0.42793678342124786
0.45136127567009626
0.5088117640425724
0.4623682420191151
0.542457533552887
0.6903210443032539
0.45086661013866647
0.8382321813655709
1.2118186128744688
0.4664585561116157
0.49343494598515847
0.8964089090499339
0.7680895106471474
0.4693160881704231
0.4534107950554366
0.741846944306633
0.8126911193323751
1.114782888028325
0.5288943182961348
1.119640197851436
0.4550923199303595
0.6843035436846467
0.6417237040167183
0.7982808853881256
0.5653593423419272
0.5914849907111552
0.8084463565590252
0.47125667724692877
0.5007027651034229
0.963074418546535
0.6362089893749648
0.6909281841177888
0.48982103812103284
0.6927255958023926
0.710670800461157
0.8131349693014711
0.48838632479123845
1.1149184316017857
0.49496543395813375
0.44833347347714586
1.131547729187497
0.9039608093623138
0.5438204126556307
0.8036829197154906
0.9081808622780081
0.4921266488692154
0.6111764928470114
0.5624620197243466
0.5166974304505774
0.59003791722901
0.48027825956180636
0.5945117754338907
0.5165675310887532
0.4735857239718151
0.5775984815847292
0.6178975349637001
1.0516868646870836
1.1057353855616028
0.43073114231461773
0.7899650317565121
0.5333294300584075
0.3872326560151031
0.7135472826439477
0.5848202049389509
0.4613742137212947
0.5936888253426151
0.9897211647429457
1.034986783685684
0.5654922459908011
0.6490839642974686
0.6416297994713269
0.6390209189282676
0.651319424495114
0.4794870707744504
0.4010660966638002
0.5869375083173345
0.9219017957055567
1.0476467529061775
0.5881218421645464
0.6362307777641858
0.8789302239187277
0.7573615177492922
0.9682713279821864
0.4648941554817075
0.85163197864337
0.9455296342042263
0.6961264965256183
0.5760253849066312
0.591528321106539
0.6923479556477584
0.5879550902661748
0.8077109891521338
0.9465824463960769
0.5266681930691942
1.013985324909347
0.49277155708441994
0.8922691844924138
1.161269199906411
1.134378008201691
1.4329693630563805
0.5421127705345021
0.4519063465862595
0.4886093192644374
0.5414988877432151
0.449281835397138
0.4945062899586377
0.5151964919985379
1.0273916942948609
768/1024
0.7222220485516885
-0.3388231555185569
0.35163721280269183
-0.4051260050724801
0.06452793358796155
0.6665755930271855
0.4228125678865126
0.7103825446504458
0.3954874292275459
0.26029591171568256
0.824105159107433
0.39657861485331036
0.849502941867309
-0.29701848127178865
0.174422207277106
0.41529555037957006
0.07295072158404314
0.8477099934174961
0.8000207711141776
-0.9909314959891191
-0.15012743601028156
0.2961265778590146
0.5821671903460344
0.23300610861402313
0.6118191220993167
0.17237370820734044
0.5492476613271406
-0.267280313484073
-0.6798456180491425
-0.022115043539331247
0.09503595143711413
0.709956163732696
0.2544473492937051
0.5794148576190348
0.5343615315178418
0.18949703236308696
0.4490058693854714
0.8088634827990273
0.9364025888436606
1.0754429892764046
0.1842867915591258
0.7851747107464708
0.306759308144573
0.4632892240704251
0.2718721275725573
0.6413872300446577
0.27744319499352527
0.561020699808975
0.5519177486660841
-0.2748580065958446
0.26693496116279536
0.2625759752776867
-0.6633835076370383
0.37730532359582813
-0.5399806092171022
0.5980749461645896
0.7575810686680707
1.0565531547338023
0.7245807845779446
0.18367471855147205
0.3597367361687458
0.39438141892229517
-0.6220084820177376
0.6749779958984261
0.7242717115303186
0.018129705633654347
0.5854056438526969
0.47596649227079946
1.0259976322110924
0.42199379781247404
0.01484462354669236
-1.0832477061019667
0.6978590528236476
0.8985222067226811
0.37638176496126197
0.2502376743105908
0.20728436788091553
0.17143741222779801
0.27658018491627806
-0.6078783145665594
0.7944808260041114
0.21190132461014383
0.36683974079203757
0.3986337651570367
-0.346337144706346
-0.2239392267333632
1.034957013800183
0.8165110618136757
0.5436312724659198
0.014312167632405504
0.22330613117348935
0.5922240599702486
0.8835930696920188
-0.4714272856130488
0.4798394251117768
1.0294181918861844
0.14193397868600777
0.5940100116538518
0.525375986015259
0.6430364110362532
0.8121468639375429
0.7796442817756115
0.9615599301688645
0.8019183457106355
-0.3620089537577442
-0.3025184134223803
0.1308783447038745
0.6220766646894589
0.14592310859709634
0.16452302558685794
0.1365611879802187
-0.30130478025462526
1.0259621680111712
0.3609314470660152
0.5912270949739943
0.2977968720469372
-0.35189882609096834
0.007957428426504931
0.20214663093784763
-0.8189978632142861
-0.11900429358973375
-0.5150132000071658
0.6300611378936537
0.6543986845064258
0.618235306045293
0.2628862282835154
0.21544788061544745
0.9965409785165438
896/1024
-0.2940451501060505
0.5506417939849563
0.5427273939124176
0.9605570696884329
0.03532339220476899
1.0016827824090138
0.31797251517464087
1.1104689656907567
0.5711359014643551
0.37426387499796776
0.2438505896017479
0.6499699324697794
1.1355240935744475
0.07070683008635203
0.4032356860409183
1.1574667788220252
0.7489181949701945
-0.29157882791648837
0.6004340128810821
0.7078092268827181
1.0385245130438414
1.0243739626695043
0.2442659724774115
0.8065929716030833
0.39384123411871164
0.9565613205998307
0.503534384427133
0.4722367252996912
1.1373895678196373
0.6819246604415652
1.1154916111786455
0.9664901887778395
0.10651563261769775
1.186893310692626
0.4436896081828986
0.48565098715779337
0.3411780028841828
0.5199089912648027
0.5030271631047534
0.5420065988672644
1.0581997913043986
0.5061170720929618
0.9777869237590016
0.6564067137863989
0.9068153147649377
0.7906238211279525
0.5366241253428414
0.48756030948318907
0.6043793430790957
0.4692449877978843
0.5871432662239976
0.25949142269885994
0.8989349303464618
0.9167587174885181
0.5463724542170801
1.0015477341379362
0.42250179767378826
0.10222152517993477
0.9708818078515373
0.503290925476354
0.9433547447632886
1.1238822299540638
0.9596991731378577
0.3936750426126269
0.9160085221998278
1.1129544683854338
-0.07472840166049621
1.1458678427794164
0.9987594905023685
0.4587083072518033
0.5192510995258784
0.385490943707788
0.47362568305451364
0.9976093295673418
0.2977663848151103
0.5821630201027629
0.2181920982848528
0.07975368415582706
0.7400911848262027
0.5519746630003233
0.6551825789878031
0.18964139434906874
0.6778402792392115
0.45733145356407534
0.5402709958572308
0.20426679878024961
0.10936128263088224
0.625687560194109
0.6806707128578469
1.1000167432666343
0.6501517814259734
0.6865294329425291
0.39101780952729953
0.9719472406883385
0.23831076208626073
0.8166488848710922
0.9176475003254572
-0.04348824347594493
0.6759614297667459
1.0036270522630946
0.7307256034100592
1.1731728574103373
0.9014879936117464
0.7124383410550833
0.33133518665740014
0.5680773865487535
0.374743069669489
1.3343766212906805
-0.06567235460797805
0.9841274605957895
0.27194527688675907
0.333634367238787
0.5229182619644187
0.1387812131110272
0.533921664283208
0.2840611640151237
0.6313987531107251
0.37462024133115823
0.6163248132948046
0.6772857037651039
0.43245204965226014
-0.2218800942425344
0.6768741708216999
0.5145017458859656
0.8947118106785109
0.27600911063225214
0.7291605734954374
1.1459317732327376
1024/1024
0.21768921629983007
102.993852 seconds (76.83 M allocations: 12.896 GiB, 3.14% gc time)
λₖ = 0.8
Warming up
128/512
256/512
384/512
512/512
Measuring
0.5042706445407195
0.4372441070473445
0.8842217945572973
0.8155758670989365
0.31259577553399565
0.3996671999379557
0.8448768128880745
0.3455740099730776
0.5776640374430384
0.6320021743662894
0.4573245035736816
0.32439271905433087
0.9350424370999614
0.6964222567621592
0.3679611291303043
0.7426522975655777
0.8741767544205552
1.1973838501643028
0.6390001078107387
0.6733581129236033
0.7166353393194546
1.0378908598164054
0.588847064171337
0.3470971308568976
0.4673095495660558
0.34415700214762307
0.5931952361829186
0.5050031360436593
0.3450224344869072
0.5104614215149326
0.3058219485523872
1.2092688459042704
0.7360411905973743
0.7463644652566412
0.5953183916630371
0.6254978874837156
0.6833245864274523
0.47582930066362006
0.5716726018741594
0.8207609482287299
0.8665366518188753
0.691101263385532
0.7578407661221269
0.3400582044107623
0.6484502266160286
0.6595135618472368
0.48861508682142973
0.48838490206317636
0.9824781692256814
0.8814247756996382
0.3240847740587619
0.5109165919973373
0.3270660685833822
0.721708736257797
0.3131564580038356
0.38022842787709354
0.26350855682671087
0.7914802545940929
1.3112971358646512
0.7105302647021071
0.32324553610916895
0.8433178994006763
0.651979894461133
0.9746099422090408
0.5830702206773779
0.9108853023309083
0.28439200370116147
0.4177887502848069
0.37323872298870575
0.2826455943220312
0.875492463983155
0.2787275953686458
0.641862976290005
0.32732675106671827
0.6329912835305495
0.6896294031997671
1.1867918456408957
0.2846024782738831
0.7579560442831652
0.6227020947355622
1.0039422856893094
0.764256748729429
0.27748555884729786
1.224459448852803
0.7473778378829646
0.2823224646389495
0.8692361058939957
0.7655604603714685
0.5374255675115316
0.9585890689329102
0.6976809778704182
0.361361584316804
0.2987410888366979
0.5703771106265307
0.2953874738809828
1.042618057075834
0.3178773499678924
0.4600634735122481
0.3957117394551507
0.41278529359324545
0.5651616228133057
0.7706861914334683
0.5082290855978939
0.9319663285107556
0.44591877501206684
0.9669218781593677
0.6428891710343902
0.8497002203050744
1.29496963426336
0.6154352205591125
0.8449425328380935
0.5476560565069393
0.6963632263071102
0.32199690649799984
1.0342867413614998
0.34126217031530004
0.4654611167060277
0.4971114536569855
0.7139343728491316
0.798041147026989
0.7922668631153573
0.38012077707799974
0.5510308545741074
0.5212203039248088
0.8158084432986887
0.6437375085042714
1.1953533820724294
128/1024
0.4969488551379758
0.692661708896451
0.7181067781590035
0.6722585554275932
0.5135614017753994
0.6858437725832394
0.6907104227774303
0.6310469814411517
0.4426456670211256
0.42989554666729635
0.9388141715414056
0.5017431949764826
0.7903676612092663
0.601798155628263
1.4980480937111615
0.8416899386387956
0.5656374977770161
0.4568007102631333
0.5441405525327894
0.6268543750871608
0.5171646521485308
0.5096596136900758
0.8070991526132877
0.5902547407988149
0.6719637442940571
0.750935111776208
0.755672229560084
0.8718510789501027
0.8512216549987925
0.546445921793201
0.8334958392236751
0.5926325128126005
0.5209608458736339
0.9289905072887044
0.6944739745690336
1.2225259378062319
0.49413950845818266
0.6447810429309087
0.5370208414345752
0.550297906744173
0.904749938790978
0.4773017317749223
0.4121339355899276
0.494486191357415
0.6288998665648224
1.286657914933338
0.8909086943975656
0.6133750367112509
0.8724607826828445
0.662210277456099
0.9115075290718636
0.666996410774507
0.4656619565241876
0.7933880284641355
0.612062994972365
1.0726771911707569
0.4944391369570067
0.5670790599065813
0.6171149842634607
0.9593223661986309
1.089630604876297
0.5973331200994509
0.75242736073504
0.5046163613830785
0.7193482424353068
0.6530509516689884
0.730634645184784
0.44958139403595604
0.46386352087310057
0.8214652238585776
0.77569401538454
0.7982859876583338
0.4743778755588143
0.8046923542850599
0.458264796092439
0.5424847784093179
0.43277954300680255
0.9142252759006335
0.5352717581946737
1.461005563301366
0.46113571349879484
0.5720816816246216
0.753291958824791
0.829385067296163
1.1759548489785892
0.6261174358355528
0.5902699246129061
0.8644710162148849
0.6816681199922746
0.4159469211374241
0.8692713994177067
0.5247531903154461
1.2763669642467783
0.7011804077896047
0.8277122648711543
0.9789722196260948
1.0288656322183345
0.8779387005082139
0.6707711765028126
0.4797437730718255
0.5326289721380788
1.0272043016451866
0.8028418333183601
0.6198222751771658
0.442634759844104
0.9348022063677139
1.1270209463054788
0.46310728770699083
0.7796997801779093
0.783152087266526
1.035342569159126
0.6419585554906506
0.8122460488303398
0.885526644966695
0.9492119329815458
0.40112782960818166
1.0174416147014138
0.4508488189125625
0.5400772653657201
0.4947578257232316
0.9034829599179435
0.7929073089437921
0.4260929858404671
0.7461957511630548
0.5170583261287898
0.7749302256622099
0.5723986451253522
0.6900006389383089
256/1024
0.4555122355211924
0.6337622563197773
1.0783427137150574
0.7373966906649714
0.6916037453956018
0.2909238823210228
0.43026285439463874
0.9714992034780143
0.29048485927833173
0.44259688916224305
0.42911484317403437
0.9831760979287222
0.33903772704566026
0.6231984225995133
0.8569313118387434
0.7412550001024154
0.4711870403897383
0.3213485719279626
1.1593549218375774
0.3748210278538903
0.6196241329526015
0.8233238891980962
0.3582561715888848
0.7942891984463356
0.4771317835962532
0.6874625065563067
1.0545775732606049
0.3532382534146226
0.3383708147894497
0.49202535074244086
0.42223031496551566
0.8011246921406525
0.5484670061843798
1.151573376822939
1.302903251855908
0.6387980585027726
0.3753769485465838
0.40395288567636994
0.2790804267854703
0.3197330686164349
0.9287187286885014
0.44998850405817864
0.6827071874500115
0.503690306515818
1.4063264731268448
0.3076823080221459
1.1282136064763981
0.41574327884438134
0.5548723264114632
0.2975219507749463
0.489272927561087
0.3247496656826154
0.8198894448115667
1.01094022975663
0.581399148730041
0.4334922586373132
0.48343489017719077
0.6527241278697896
0.608356202447193
0.713956911519914
0.7433318149832273
0.7861535863354068
1.4883824101444985
0.5477617457098801
0.4989324918924624
0.5393550853752203
0.5144093678838938
0.7166541965230191
0.37410723581068817
0.48482544138676353
0.4624720824460523
0.7314783628615824
0.30518844040449644
0.7717761035406312
0.327589960808931
0.39617926725807034
0.5303247887390347
0.7382684819361811
0.4425388735701646
0.38876136012977186
0.6894166434750156
0.6059954085699785
0.5819236148219211
0.30426683402440435
0.2971016019689051
0.48595651112963584
1.5560345337352173
1.0229509628455866
0.40955046868390543
0.3329074146268731
0.3997327466085039
0.7306433378045276
1.3174249962258613
0.40166387251849345
0.2969936655062158
0.6876919523319001
0.4882937488774596
0.794866081985639
0.804359943396054
0.3358365519824005
0.920661688140493
0.7026554537567639
0.3516564301532311
0.5089348963021848
0.4418060555900776
1.3332274822349877
0.6261448440688886
0.6092747437389647
0.31210550438754214
0.40759976900937883
0.3266025562303817
1.0177356245082556
0.36508666282331304
0.4896635454102889
0.27632302125356123
0.5461361863756087
0.5163082761413684
0.7960282531351487
0.3063025047287558
0.3979836338169875
0.4892116828655213
0.7589721221913348
0.6878400888476985
0.4815319023346313
0.3373407271693708
0.4141029571032133
0.9343146251075625
0.4249400380848366
384/1024
0.7609432969485932
0.736674796800735
0.7767905259210586
0.6318302547079087
0.1370499889261534
1.0628447849532425
0.23722816313603334
0.5047800235451485
0.4686253278914232
0.6352921721866012
-0.37521126185809506
0.33317509817241775
1.0459355599002609
1.0288541077861997
0.6713720155587481
0.2441516036992517
0.9516860350502365
0.890954955974518
0.5604034166614035
0.3803796075701663
0.4431826733566667
0.4981093545865479
0.796429836707152
0.7008020752508947
0.2895882909987936
1.0365091304107832
0.2930296502194095
1.0629497500552858
0.9609219164822089
0.8060323033572601
0.9886450481145077
0.5585583494472077
0.6280099839118479
0.43233472047850424
0.8685695792120147
0.6183711628285491
0.9317036416490987
-0.12171529251038582
0.24057072805637247
0.9316194667414153
0.6684057954890987
0.46954613047353577
0.9639634976770712
0.45217682797560516
0.9280994814761779
0.744865788481863
0.49951921846063474
0.3717141515817456
1.0335910545286806
0.7922814968250319
0.5962713537026285
0.8885313544189986
0.9699365935998652
0.7556815917040433
0.8770073969697788
0.5552422969937485
0.6157935999785001
0.7168804986070805
0.33946468688309694
0.30145471033497756
0.6646432021434063
0.6685546446791153
0.6850642019463338
0.41887454123241824
0.20333581333197812
0.451888032300926
0.711996268945172
0.6188465456983809
0.5532777485115052
0.7830622956907549
0.6448331322532523
0.6961817868453177
0.8616284289879063
0.5964347769382137
0.4379166125006368
0.4935024027758878
0.7992971282748527
0.716692168051404
0.8256716344195698
1.0182747463733495
0.30702564308887303
0.5016719001034403
0.6488498526840631
0.9259731333964504
0.22046617416584818
0.7323175048442672
0.9544553874794928
0.45220433169046526
0.5858416374885692
0.6956751879542573
0.6030413755072696
0.7455720825746756
0.4665430509567111
0.6151679027513606
0.5574393560795341
1.0276740701620726
0.37017334621025294
0.7076774253353548
0.5752527340085201
0.5224595398890166
1.0503035615985785
0.8177280896183626
0.5771401946458654
0.7202631006331797
0.32504490576128425
0.801072342707033
0.17930395784420783
0.583977173730385
0.38529491901472174
0.8936636497079786
0.8238769332198659
0.6875345344337979
0.23830230767575114
0.8941217748531376
0.6203866359936079
0.8124636613229277
1.040624268556384
0.4567029756146644
0.4248574358461118
1.025587288556261
0.997231128344376
0.694219055594443
0.698156873815008
0.29205007010723705
0.5707499379861005
0.4115485100544034
0.7705166629774302
0.2760869243537453
512/1024
0.5089332881011085
0.889284422308795
0.7606336858968125
0.5434857079758606
0.5882676074238351
0.9156813873848955
0.41867054274414794
0.559226093070424
0.7166483026707418
0.37578882129223096
0.5956682629353373
0.4852249671957958
0.8651627278854939
0.9690692638356884
0.952962513775303
0.8497723549363194
0.5640633054948888
0.6487560538223069
0.9251100036190365
0.933079438389776
0.9906202712439689
0.6425619375902851
0.48333276440635314
0.9197494660950798
0.7623572862980481
0.3520485153358517
0.6277957771741834
0.947994263168585
0.12314314515260305
0.624329169909969
0.5556356262757578
1.007622225873391
0.860949613507651
0.4407288949732585
0.8840366083979976
0.6904872222947495
0.7879147790569985
0.7440091321971859
0.34004910243025177
0.4907912526579426
0.8103857290646563
0.4654140609335797
0.9377192751503405
0.8340739170195627
0.7826500719748579
0.408247379439642
0.6784849104848804
0.8505483739901547
0.6472172375870404
0.755977930411172
0.43860144828694664
0.8852596725418014
0.6504244665508903
0.7862780714086242
0.9651862729109771
0.8896218020640514
0.8506000584659857
0.631197780634955
0.8556082477385207
0.34331903800617436
0.8795618712400515
0.4076190341882499
0.8516185666232454
0.6236711300112038
0.520868860002823
0.7784149173368589
0.4595332790540065
0.8284156170285943
0.8324556030015411
0.6689284439547898
0.6951935409056582
0.853437382381321
0.9893089224045809
0.5614230267898246
0.9054996285628749
0.8487770084649399
0.47081486673506223
0.5209712672266387
0.9638326595225661
0.7130848265153095
0.638214333543225
0.8940456310062369
0.7208392448385184
0.5149401258995154
-0.06332225032918426
0.47262724550284835
0.47873590298881863
0.546493664394772
0.8726714417302386
0.8054550957753179
0.6951295212590582
0.46496093200330646
0.6389328710105329
0.5882775791575088
0.5924161658115252
0.5564408730632843
0.5218741393544392
0.6477561694472885
0.632237075538444
0.8515310895171351
-0.22539651630472968
0.8480612263081571
-0.36555457285871107
0.9575169621401207
0.379012485500828
0.4663083756018915
0.7393273991122885
0.7487982540531322
0.8880732677750751
0.9052104181931984
0.9343089494990067
0.5239878981887295
0.9512395468157657
0.9740026378237914
0.6202741175770027
0.42360135060048965
0.30587922523691924
0.6004956624929708
0.3950069244111719
0.6637193080625251
0.8848827432810309
0.6170347728564219
0.8503086612352446
0.9601267604100837
0.7841213593000576
0.5105568748541573
0.6427030932227304
0.44583096901893704
640/1024
0.7309007303527879
0.7796198988021157
0.49413894165494154
0.6455762756987136
0.7484220256048457
0.4413629021702786
1.352055925448674
0.3026991203431217
0.6310190270150058
0.491675055379176
0.46090186637718294
0.2051665781928892
0.9921046184679567
0.38050776160460376
0.8929374647056761
0.5040292655145641
0.8527939903267944
0.029135098441175677
0.35065705617965137
0.9513686903027194
0.6823498456959823
0.2917146599510218
0.9997980443903195
0.9729006694054925
0.9254992420071239
1.3406669021428697
0.8116990164217668
0.4001916436586337
-0.11128515382757354
0.12531635287685788
0.408057113029582
0.9210255083130875
0.942413969294801
0.45862529112846984
1.144149975152936
0.3479169159611575
0.4717437052099412
0.8170277654694407
0.3011245680047476
0.6214467986176877
0.9382601845166911
1.3048679121867153
1.3137839164270482
-0.04129128282471339
0.46945061786218983
0.9531266633116828
0.730215792950464
0.10508547363183168
1.002726623094987
0.4732375938622029
0.5304454066362249
0.5186542709636554
0.1624615353841869
0.3004859537379491
1.5108255353982585
1.0763652332572498
0.9456769498132833
0.7857223527468539
0.7593978305230699
0.6667314404331758
0.6290462556713485
0.6997301180359551
0.12012255447708298
0.48446692909975947
0.44101361957771185
0.8417638689115035
1.0353339643322474
0.9979538498251975
0.8891281425127736
0.8175972121192514
-0.05817166215781411
0.4820962621198236
1.00639829468827
0.4639438113249984
1.0878952380059712
0.6569844596419216
0.12651008280440235
0.6560344849930395
1.190175884153873
0.35697609409200115
0.025278565511951068
1.0875245311600812
0.03626680502639845
0.8302871322763391
0.6580097971066817
0.7085294661381605
0.3775986197114205
1.2795430169111017
0.9157799791868805
0.8674157619686511
0.41841032900213404
0.7752744467408371
0.34893759165089366
0.39033512478231425
1.1186016366138145
0.49496892546958765
0.4047568465169954
0.9078721715558242
1.1329690252261344
0.7183923634440115
0.5464373711736255
0.7781964336144369
0.30856727792107175
0.9438306950424028
0.3467954424615527
1.3723283978393812
-0.11777957539099104
0.708352242919326
0.7824705605747101
0.425674337630514
0.2181070682404485
0.8917586018558133
0.7255093809027822
0.639186970992012
0.3905142950862356
-0.00035760484667257675
0.720690472661148
0.7725506900382443
0.999955687309248
0.49752798039939683
1.2556006154283859
0.3895869257364336
0.666888869422986
0.3132401633919801
0.866519655317357
0.38933298032897423
0.23976490159234357
0.9707783819022472
768/1024
0.3665938533977913
0.6300481523667506
0.8059361521877187
0.40196396558139613
0.38971067372573553
0.9429393953749327
0.4045706339686303
0.64910385489303
1.0150578652468836
0.9242860982619389
0.6081174318099539
0.633282417789649
1.8226020251972266
0.6808628777646097
1.024857653871406
0.38693369953320733
1.0638025403759468
0.5313163973802069
0.6800057178981815
0.46549712023357026
1.0740308261840799
0.4937716167068825
1.3875678641355873
1.2451720131290946
0.9531415552993331
0.9139499862697958
0.80483199923418
0.6960178119325814
1.0154399541081998
0.7903448041506004
0.503071477051451
0.6218769012973353
1.0336351943790216
0.44329523619430344
0.5390186125439144
0.274614147153462
0.46267963485232033
1.1576839068304796
0.5064984834189513
0.671537404132753
1.2222781629044184
0.7860111973375798
0.9749423584358281
0.45106623522569467
0.4115346686120997
1.2479120914302897
0.4351416962306278
0.4946855505596994
0.7702816208910334
0.6161284881612905
0.45332245151854383
0.32215356754560587
0.7582853910845779
0.29478692733390727
1.053594404686956
1.2811430450738168
0.36050932062077384
0.4827551663660164
0.45329431882333143
0.45233047735458504
0.5392911116065432
0.45829190491689475
0.35270357675541303
0.4274397497886673
0.5909887339604699
0.6704730818712653
0.6345810766709502
1.3315851196008137
0.7920659643374816
1.1974172528422842
0.801042927188727
0.4167733252857211
0.5043080569853986
1.1295168769351833
0.7506919044437554
0.33773078752021113
0.6379601322688243
0.9778287845681495
0.4262554455693887
0.6867111240453483
0.7070367804687521
0.06179550234231712
1.1995358868626993
1.1012019272092377
0.5534347398822093
0.4939205524435498
1.1424826684636318
0.43847025943861406
0.940382794628281
0.7588238465447079
0.4010782734140191
0.4319175378789413
1.3011340664688467
0.3364678814941214
0.39742896665722977
0.43321371540270576
0.5552576834952452
0.39830080250897887
1.0333740138447713
0.9188654614715869
1.1210503529971374
0.4542630534325663
1.009646276524402
0.3151941578099058
1.326453814541082
1.336462552338641
1.2713093777636477
0.6250110797823557
1.2001205574324918
0.9178723709582095
0.6497263581963154
0.9130544057844117
1.3983473809932967
0.5180380258618835
1.3156161954360739
1.3883859430765724
1.278758345372935
0.6536305212202986
1.151843311837055
0.508546923646987
0.5490906533066808
1.0737997762755929
1.2196955226765385
0.3129528959068871
0.9719737731242594
1.0312723479350334
0.567287172270266
0.5936795059169759
896/1024
0.6608872177754526
0.532523512454135
0.16530689803569093
0.8980880027824417
0.6864114852799892
0.7340237225146553
0.40189670708515435
0.6580061370549397
0.38003022762224437
0.5574667551882854
0.791108145304574
-0.065279701272552
0.784700229645106
-0.6149498208486501
0.5228013753250023
0.9124370389142222
0.5518059817742847
0.5388950618933317
0.5744136326977682
-0.024462559109696136
0.10483958638634339
0.7881172854478617
0.8219729271583126
1.1277165696737925
0.8508291251245301
0.3488963802560832
0.611959893211645
0.5889760375763026
0.7969411655943792
0.7633464736153374
0.2156160610636882
0.7074004272419132
0.8697774869013575
0.8608790948718368
0.867931437328963
0.26212223228878145
0.7744790209026121
0.5133874673875449
0.888210754454508
0.6126762103949029
0.7700158812572063
0.44059286627026417
1.0757376098195293
0.8721929123346167
0.5977802268834003
0.7360605888679286
0.751889952598435
0.8673134439156832
0.5948215622631269
0.33161749948986846
0.841897485872358
0.9191487202867233
0.6820847229538162
0.45003171033476524
0.577124205247413
0.8091396463137369
0.8522588179853501
-0.23591789732523627
0.03830563663685155
0.7169592403980041
0.4809401832357798
0.7630259164261662
0.47264774119785335
1.0138262098694308
0.9040321610995714
0.3577630488728141
0.16765976690558548
0.7769920221005212
0.4194839465464308
0.018754537903509227
0.4639742661236519
0.7381567422365078
0.8525067219291396
0.5796013588402792
0.7216048726349019
0.8351928555001329
0.6491065639672111
0.7768973440411511
0.6884934175200804
0.6298739496581512
-0.016106970679389487
0.6065946918151583
0.8389845617019377
0.6496186794632226
0.17443966065615213
0.4279291553726376
0.5633757160326119
0.4900905350521341
0.6300441160158683
0.22544351458963768
0.556434722425434
-0.6533319242120774
-0.15592433820472085
0.7156030093842122
0.6013331794739825
0.41927755319139093
0.7085723947467458
-0.35985519993615445
0.6100427729809279
0.5667715630170217
0.569721206276371
0.8216731035107817
0.646551209452803
0.6504091943555935
0.8513546175926465
0.8801539636558027
0.9169176210111813
0.9069438769907818
0.5074079364804353
0.8640614983862304
0.48170138953792874
0.5202237266328071
0.7235810160183722
-0.2787582776487123
0.7161845903856403
0.5839366243962851
0.8727896464197507
0.39870644808667344
0.45442826370524075
-0.40636696131732797
0.8460714715955722
0.27323063147707
0.5000109587256725
0.8441652830644825
0.5256773595103938
0.8664039759632478
1.1061167031117394
0.9058346851197443
1024/1024
0.6163214494846156
102.909505 seconds (76.83 M allocations: 12.896 GiB, 3.14% gc time)
