## SLURM PROLOG ###############################################################
##    Job ID : 8822249
##  Job Name : sbatch_etgent.sh
##  Nodelist : node1711
##      CPUs : 8
##  Mem/Node : 4096 MB
## Directory : /oscar/home/trazzaz/AFQMC
##   Job Started : Thu Feb 27 05:46:40 PM EST 2025
###############################################################################
seed = 1244
U = 2.0
β = 6.0
Warming up
128/1024
256/1024
384/1024
512/1024
640/1024
768/1024
896/1024
1024/1024
Measuring
128/16384
mean(sgnprob[1:i - 1]) = 0.4330708661417323
256/16384
mean(sgnprob[1:i - 1]) = 0.42745098039215684
384/16384
mean(sgnprob[1:i - 1]) = 0.4151436031331593
512/16384
mean(sgnprob[1:i - 1]) = 0.20156555772994128
640/16384
mean(sgnprob[1:i - 1]) = 0.21752738654147105
768/16384
mean(sgnprob[1:i - 1]) = 0.23859191655801826
896/16384
mean(sgnprob[1:i - 1]) = 0.26033519553072626
1024/16384
mean(sgnprob[1:i - 1]) = 0.18866080156402737
1152/16384
mean(sgnprob[1:i - 1]) = 0.12250217202432667
1280/16384
mean(sgnprob[1:i - 1]) = 0.14777169663799844
1408/16384
mean(sgnprob[1:i - 1]) = 0.1656005685856432
1536/16384
mean(sgnprob[1:i - 1]) = 0.1244299674267101
1664/16384
mean(sgnprob[1:i - 1]) = 0.153337342152736
1792/16384
mean(sgnprob[1:i - 1]) = 0.11222780569514237
1920/16384
mean(sgnprob[1:i - 1]) = 0.0859822824387702
2048/16384
mean(sgnprob[1:i - 1]) = 0.10503175378602833
2176/16384
mean(sgnprob[1:i - 1]) = 0.12
2304/16384
mean(sgnprob[1:i - 1]) = 0.13243595310464612
2432/16384
mean(sgnprob[1:i - 1]) = 0.09502262443438914
2560/16384
mean(sgnprob[1:i - 1]) = 0.1098085189527159
2688/16384
mean(sgnprob[1:i - 1]) = 0.08522515816896167
2816/16384
mean(sgnprob[1:i - 1]) = 0.06003552397868561
2944/16384
mean(sgnprob[1:i - 1]) = 0.07169554875976894
3072/16384
mean(sgnprob[1:i - 1]) = 0.052425919895799415
3200/16384
mean(sgnprob[1:i - 1]) = 0.06970928415129728
3328/16384
mean(sgnprob[1:i - 1]) = 0.08145476405169823
3456/16384
mean(sgnprob[1:i - 1]) = 0.061070911722141824
3584/16384
mean(sgnprob[1:i - 1]) = 0.04437622104381803
3712/16384
mean(sgnprob[1:i - 1]) = 0.05308542171921315
3840/16384
mean(sgnprob[1:i - 1]) = 0.0382912216723105
3968/16384
mean(sgnprob[1:i - 1]) = 0.052684648348878246
4096/16384
mean(sgnprob[1:i - 1]) = 0.05982905982905983
4224/16384
mean(sgnprob[1:i - 1]) = 0.045702107506511956
4352/16384
mean(sgnprob[1:i - 1]) = 0.0319466789243852
4480/16384
mean(sgnprob[1:i - 1]) = 0.043536503683858
4608/16384
mean(sgnprob[1:i - 1]) = 0.054482309528977646
4736/16384
mean(sgnprob[1:i - 1]) = 0.0631467793030623
4864/16384
mean(sgnprob[1:i - 1]) = 0.050791692370964425
4992/16384
mean(sgnprob[1:i - 1]) = 0.039871769184532155
5120/16384
mean(sgnprob[1:i - 1]) = 0.04981441687829654
5248/16384
mean(sgnprob[1:i - 1]) = 0.06079664570230608
5376/16384
mean(sgnprob[1:i - 1]) = 0.07013953488372093
5504/16384
mean(sgnprob[1:i - 1]) = 0.0743230964928221
5632/16384
mean(sgnprob[1:i - 1]) = 0.08293375954537383
5760/16384
mean(sgnprob[1:i - 1]) = 0.07206112172252127
5888/16384
mean(sgnprob[1:i - 1]) = 0.07694921012400203
6016/16384
mean(sgnprob[1:i - 1]) = 0.08495428096425603
6144/16384
mean(sgnprob[1:i - 1]) = 0.08871886700309295
6272/16384
mean(sgnprob[1:i - 1]) = 0.08212406314782332
6400/16384
mean(sgnprob[1:i - 1]) = 0.0876699484294421
6528/16384
mean(sgnprob[1:i - 1]) = 0.09330473418109392
6656/16384
mean(sgnprob[1:i - 1]) = 0.10142749812171299
6784/16384
mean(sgnprob[1:i - 1]) = 0.10659000442282177
6912/16384
mean(sgnprob[1:i - 1]) = 0.11069309795977428
7040/16384
mean(sgnprob[1:i - 1]) = 0.11549936070464555
7168/16384
mean(sgnprob[1:i - 1]) = 0.12069206083437979
7296/16384
mean(sgnprob[1:i - 1]) = 0.12542837559972583
7424/16384
mean(sgnprob[1:i - 1]) = 0.12919304863262832
7552/16384
mean(sgnprob[1:i - 1]) = 0.13283008872996954
7680/16384
mean(sgnprob[1:i - 1]) = 0.13686677952858445
7808/16384
mean(sgnprob[1:i - 1]) = 0.14282054566414756
7936/16384
mean(sgnprob[1:i - 1]) = 0.14606175173282923
8064/16384
mean(sgnprob[1:i - 1]) = 0.15093637603869528
8192/16384
mean(sgnprob[1:i - 1]) = 0.15565864973751678
8320/16384
mean(sgnprob[1:i - 1]) = 0.1477341026565693
8448/16384
mean(sgnprob[1:i - 1]) = 0.15070439209186692
8576/16384
mean(sgnprob[1:i - 1]) = 0.14285714285714285
8704/16384
mean(sgnprob[1:i - 1]) = 0.13501091577616914
8832/16384
mean(sgnprob[1:i - 1]) = 0.13871588721549089
8960/16384
mean(sgnprob[1:i - 1]) = 0.1311530304721509
9088/16384
mean(sgnprob[1:i - 1]) = 0.13370749422251568
9216/16384
mean(sgnprob[1:i - 1]) = 0.1272924579489962
9344/16384
mean(sgnprob[1:i - 1]) = 0.13132826715187843
9472/16384
mean(sgnprob[1:i - 1]) = 0.1341991341991342
9600/16384
mean(sgnprob[1:i - 1]) = 0.13720179185331804
9728/16384
mean(sgnprob[1:i - 1]) = 0.1413591035262671
9856/16384
mean(sgnprob[1:i - 1]) = 0.14419076610857431
9984/16384
mean(sgnprob[1:i - 1]) = 0.14694981468496443
10112/16384
mean(sgnprob[1:i - 1]) = 0.13915537533379488
10240/16384
mean(sgnprob[1:i - 1]) = 0.14327571051860533
10368/16384
mean(sgnprob[1:i - 1]) = 0.13687662776116524
10496/16384
mean(sgnprob[1:i - 1]) = 0.1315864697474988
10624/16384
mean(sgnprob[1:i - 1]) = 0.13338981455332768
10752/16384
mean(sgnprob[1:i - 1]) = 0.13645242303041577
10880/16384
mean(sgnprob[1:i - 1]) = 0.13061862303520544
11008/16384
mean(sgnprob[1:i - 1]) = 0.1314617970382484
11136/16384
mean(sgnprob[1:i - 1]) = 0.1349797934440952
11264/16384
mean(sgnprob[1:i - 1]) = 0.13024948947882448
11392/16384
mean(sgnprob[1:i - 1]) = 0.13229742779387235
11520/16384
mean(sgnprob[1:i - 1]) = 0.13395260005208787
11648/16384
mean(sgnprob[1:i - 1]) = 0.12835923413754616
11776/16384
mean(sgnprob[1:i - 1]) = 0.12237791932059448
11904/16384
mean(sgnprob[1:i - 1]) = 0.12543056372343106
12032/16384
mean(sgnprob[1:i - 1]) = 0.12742082952373035
12160/16384
mean(sgnprob[1:i - 1]) = 0.129698165967596
12288/16384
mean(sgnprob[1:i - 1]) = 0.13257914869374135
12416/16384
mean(sgnprob[1:i - 1]) = 0.13395086588803867
12544/16384
mean(sgnprob[1:i - 1]) = 0.13657019851710117
12672/16384
mean(sgnprob[1:i - 1]) = 0.13929445189803488
12800/16384
mean(sgnprob[1:i - 1]) = 0.14212047816235643
12928/16384
mean(sgnprob[1:i - 1]) = 0.1453546839947397
13056/16384
mean(sgnprob[1:i - 1]) = 0.1472998851014937
13184/16384
mean(sgnprob[1:i - 1]) = 0.14769020708488204
13312/16384
mean(sgnprob[1:i - 1]) = 0.1500262940425212
13440/16384
mean(sgnprob[1:i - 1]) = 0.1457697745367959
13568/16384
mean(sgnprob[1:i - 1]) = 0.1488169823837252
13696/16384
mean(sgnprob[1:i - 1]) = 0.1506389193136181
13824/16384
mean(sgnprob[1:i - 1]) = 0.1451927946176662
13952/16384
mean(sgnprob[1:i - 1]) = 0.14687119202924523
14080/16384
mean(sgnprob[1:i - 1]) = 0.1482349598693089
14208/16384
mean(sgnprob[1:i - 1]) = 0.1509819103258957
14336/16384
mean(sgnprob[1:i - 1]) = 0.153819323334496
14464/16384
mean(sgnprob[1:i - 1]) = 0.15550024199681947
14592/16384
mean(sgnprob[1:i - 1]) = 0.15043519978068673
14720/16384
mean(sgnprob[1:i - 1]) = 0.1527957062300428
14848/16384
mean(sgnprob[1:i - 1]) = 0.15471138950629756
14976/16384
mean(sgnprob[1:i - 1]) = 0.15659432387312186
15104/16384
mean(sgnprob[1:i - 1]) = 0.1584453419850361
15232/16384
mean(sgnprob[1:i - 1]) = 0.1535683802770665
15360/16384
mean(sgnprob[1:i - 1]) = 0.15567419753890227
15488/16384
mean(sgnprob[1:i - 1]) = 0.15102989604184155
15616/16384
mean(sgnprob[1:i - 1]) = 0.1520973422990714
15744/16384
mean(sgnprob[1:i - 1]) = 0.15302039001460968
15872/16384
mean(sgnprob[1:i - 1]) = 0.1555667569781362
16000/16384
mean(sgnprob[1:i - 1]) = 0.15719732483280205
16128/16384
mean(sgnprob[1:i - 1]) = 0.15942208718298506
16256/16384
mean(sgnprob[1:i - 1]) = 0.1616118117502307
16384/16384
mean(sgnprob[1:i - 1]) = 0.16303485320148936
745.654428 seconds (167.11 M allocations: 70.745 GiB, 2.04% gc time, 1.35% compilation time)
