## SLURM PROLOG ###############################################################
##    Job ID : 8833946
##  Job Name : sbatch_etgent.sh
##  Nodelist : node1322
##      CPUs : 8
##  Mem/Node : 4096 MB
## Directory : /oscar/home/trazzaz/AFQMC
##   Job Started : Fri Feb 28 02:41:06 AM EST 2025
###############################################################################
seed = 1500
U = 2.0
β = 6.0
Warming up
128/1024
256/1024
384/1024
512/1024
640/1024
768/1024
896/1024
1024/1024
Measuring
128/16384
mean(sgnprob[1:i - 1]) = 0.2125984251968504
256/16384
mean(sgnprob[1:i - 1]) = -0.0196078431372549
384/16384
mean(sgnprob[1:i - 1]) = 0.0391644908616188
512/16384
mean(sgnprob[1:i - 1]) = 0.05675146771037182
640/16384
mean(sgnprob[1:i - 1]) = 0.09859154929577464
768/16384
mean(sgnprob[1:i - 1]) = 0.11342894393741851
896/16384
mean(sgnprob[1:i - 1]) = 0.13072625698324022
1024/16384
mean(sgnprob[1:i - 1]) = 0.0967741935483871
1152/16384
mean(sgnprob[1:i - 1]) = 0.06516072980017376
1280/16384
mean(sgnprob[1:i - 1]) = 0.033620015637216574
1408/16384
mean(sgnprob[1:i - 1]) = 0.051883439943141436
1536/16384
mean(sgnprob[1:i - 1]) = 0.06449511400651466
1664/16384
mean(sgnprob[1:i - 1]) = 0.07997594708358388
1792/16384
mean(sgnprob[1:i - 1]) = 0.057509771077610274
1920/16384
mean(sgnprob[1:i - 1]) = 0.07764460656591975
2048/16384
mean(sgnprob[1:i - 1]) = 0.06008793356130923
2176/16384
mean(sgnprob[1:i - 1]) = 0.07402298850574712
2304/16384
mean(sgnprob[1:i - 1]) = 0.0864090316977855
2432/16384
mean(sgnprob[1:i - 1]) = 0.07939119703825587
2560/16384
mean(sgnprob[1:i - 1]) = 0.0605705353653771
2688/16384
mean(sgnprob[1:i - 1]) = 0.07033866765909937
2816/16384
mean(sgnprob[1:i - 1]) = 0.07566607460035524
2944/16384
mean(sgnprob[1:i - 1]) = 0.06557934080869861
3072/16384
mean(sgnprob[1:i - 1]) = 0.05177466623249756
3200/16384
mean(sgnprob[1:i - 1]) = 0.060331353547983746
3328/16384
mean(sgnprob[1:i - 1]) = 0.045987376014427414
3456/16384
mean(sgnprob[1:i - 1]) = 0.05180897250361795
3584/16384
mean(sgnprob[1:i - 1]) = 0.058331007535584706
3712/16384
mean(sgnprob[1:i - 1]) = 0.06440312584209108
3840/16384
mean(sgnprob[1:i - 1]) = 0.07111226882000521
3968/16384
mean(sgnprob[1:i - 1]) = 0.0627678346357449
4096/16384
mean(sgnprob[1:i - 1]) = 0.06617826617826618
4224/16384
mean(sgnprob[1:i - 1]) = 0.07127634383139948
4352/16384
mean(sgnprob[1:i - 1]) = 0.07377614341530683
4480/16384
mean(sgnprob[1:i - 1]) = 0.07657959365929895
4608/16384
mean(sgnprob[1:i - 1]) = 0.08139787280225744
4736/16384
mean(sgnprob[1:i - 1]) = 0.09017951425554382
4864/16384
mean(sgnprob[1:i - 1]) = 0.09726506271848653
4992/16384
mean(sgnprob[1:i - 1]) = 0.08755760368663594
5120/16384
mean(sgnprob[1:i - 1]) = 0.09201015823403008
5248/16384
mean(sgnprob[1:i - 1]) = 0.08633504859919955
5376/16384
mean(sgnprob[1:i - 1]) = 0.09134883720930233
5504/16384
mean(sgnprob[1:i - 1]) = 0.08813374522987462
5632/16384
mean(sgnprob[1:i - 1]) = 0.09465459065885277
5760/16384
mean(sgnprob[1:i - 1]) = 0.08699426983851363
5888/16384
mean(sgnprob[1:i - 1]) = 0.07932733140818753
6016/16384
mean(sgnprob[1:i - 1]) = 0.07630922693266833
6144/16384
mean(sgnprob[1:i - 1]) = 0.06951001139508384
6272/16384
mean(sgnprob[1:i - 1]) = 0.07574549513634189
6400/16384
mean(sgnprob[1:i - 1]) = 0.07985622753555242
6528/16384
mean(sgnprob[1:i - 1]) = 0.0853378274858281
6656/16384
mean(sgnprob[1:i - 1]) = 0.08039068369646882
6784/16384
mean(sgnprob[1:i - 1]) = 0.08152734778121776
6912/16384
mean(sgnprob[1:i - 1]) = 0.08435826942555347
7040/16384
mean(sgnprob[1:i - 1]) = 0.07770990197471232
7168/16384
mean(sgnprob[1:i - 1]) = 0.07967071299009348
7296/16384
mean(sgnprob[1:i - 1]) = 0.07278958190541467
7424/16384
mean(sgnprob[1:i - 1]) = 0.0763842112353496
7552/16384
mean(sgnprob[1:i - 1]) = 0.08144616607071911
7680/16384
mean(sgnprob[1:i - 1]) = 0.0855580153665842
7808/16384
mean(sgnprob[1:i - 1]) = 0.08799795055719227
7936/16384
mean(sgnprob[1:i - 1]) = 0.08758664146187775
8064/16384
mean(sgnprob[1:i - 1]) = 0.09016495101079003
8192/16384
mean(sgnprob[1:i - 1]) = 0.09534855329019656
8320/16384
mean(sgnprob[1:i - 1]) = 0.08979444644789038
8448/16384
mean(sgnprob[1:i - 1]) = 0.08535574760269918
8576/16384
mean(sgnprob[1:i - 1]) = 0.0859475218658892
8704/16384
mean(sgnprob[1:i - 1]) = 0.08767091807422728
8832/16384
mean(sgnprob[1:i - 1]) = 0.09070320462008832
8960/16384
mean(sgnprob[1:i - 1]) = 0.09364884473713585
9088/16384
mean(sgnprob[1:i - 1]) = 0.09761197314845384
9216/16384
mean(sgnprob[1:i - 1]) = 0.09820944112859468
9344/16384
mean(sgnprob[1:i - 1]) = 0.09964679439152306
9472/16384
mean(sgnprob[1:i - 1]) = 0.09449899693802133
9600/16384
mean(sgnprob[1:i - 1]) = 0.0907386186061048
9728/16384
mean(sgnprob[1:i - 1]) = 0.0928343785339776
9856/16384
mean(sgnprob[1:i - 1]) = 0.08838153221714866
9984/16384
mean(sgnprob[1:i - 1]) = 0.09085445256936793
10112/16384
mean(sgnprob[1:i - 1]) = 0.08772623874987637
10240/16384
mean(sgnprob[1:i - 1]) = 0.08916886414688935
10368/16384
mean(sgnprob[1:i - 1]) = 0.09115462525320729
10496/16384
mean(sgnprob[1:i - 1]) = 0.09175797999047165
10624/16384
mean(sgnprob[1:i - 1]) = 0.09422950202391038
10752/16384
mean(sgnprob[1:i - 1]) = 0.09664217282113292
10880/16384
mean(sgnprob[1:i - 1]) = 0.09734350583693355
11008/16384
mean(sgnprob[1:i - 1]) = 0.09875533751249205
11136/16384
mean(sgnprob[1:i - 1]) = 0.09995509654243377
11264/16384
mean(sgnprob[1:i - 1]) = 0.10112758590073692
11392/16384
mean(sgnprob[1:i - 1]) = 0.10227372487051181
11520/16384
mean(sgnprob[1:i - 1]) = 0.09766472784095842
11648/16384
mean(sgnprob[1:i - 1]) = 0.09865201339400705
11776/16384
mean(sgnprob[1:i - 1]) = 0.09588110403397028
11904/16384
mean(sgnprob[1:i - 1]) = 0.09703436108544064
12032/16384
mean(sgnprob[1:i - 1]) = 0.09849555315435125
12160/16384
mean(sgnprob[1:i - 1]) = 0.10189982728842832
12288/16384
mean(sgnprob[1:i - 1]) = 0.09839667941727029
12416/16384
mean(sgnprob[1:i - 1]) = 0.09899315344341522
12544/16384
mean(sgnprob[1:i - 1]) = 0.10149087140237582
12672/16384
mean(sgnprob[1:i - 1]) = 0.09872938205350801
12800/16384
mean(sgnprob[1:i - 1]) = 0.09617938901476678
12928/16384
mean(sgnprob[1:i - 1]) = 0.09321574998066064
13056/16384
mean(sgnprob[1:i - 1]) = 0.08923783990808119
13184/16384
mean(sgnprob[1:i - 1]) = 0.08624743988469999
13312/16384
mean(sgnprob[1:i - 1]) = 0.08902411539328375
13440/16384
mean(sgnprob[1:i - 1]) = 0.09115261552198824
13568/16384
mean(sgnprob[1:i - 1]) = 0.08926070612515663
13696/16384
mean(sgnprob[1:i - 1]) = 0.09222343921139102
13824/16384
mean(sgnprob[1:i - 1]) = 0.0893438472111698
13952/16384
mean(sgnprob[1:i - 1]) = 0.08780732563973909
14080/16384
mean(sgnprob[1:i - 1]) = 0.0885716315079196
14208/16384
mean(sgnprob[1:i - 1]) = 0.0887590624340114
14336/16384
mean(sgnprob[1:i - 1]) = 0.08936170212765958
14464/16384
mean(sgnprob[1:i - 1]) = 0.09119822996612044
14592/16384
mean(sgnprob[1:i - 1]) = 0.092454252621479
14720/16384
mean(sgnprob[1:i - 1]) = 0.09396018751273864
14848/16384
mean(sgnprob[1:i - 1]) = 0.09476661951909476
14976/16384
mean(sgnprob[1:i - 1]) = 0.09649415692821368
15104/16384
mean(sgnprob[1:i - 1]) = 0.09766271601668543
15232/16384
mean(sgnprob[1:i - 1]) = 0.09552885562339965
15360/16384
mean(sgnprob[1:i - 1]) = 0.09317012826355883
15488/16384
mean(sgnprob[1:i - 1]) = 0.09485374830503003
15616/16384
mean(sgnprob[1:i - 1]) = 0.0962536023054755
15744/16384
mean(sgnprob[1:i - 1]) = 0.0963602871117322
15872/16384
mean(sgnprob[1:i - 1]) = 0.09759939512318064
16000/16384
mean(sgnprob[1:i - 1]) = 0.09569348084255266
16128/16384
mean(sgnprob[1:i - 1]) = 0.09679419606870465
16256/16384
mean(sgnprob[1:i - 1]) = 0.093940326053522
16384/16384
mean(sgnprob[1:i - 1]) = 0.09406091680400415
814.724792 seconds (167.11 M allocations: 70.745 GiB, 2.22% gc time, 1.32% compilation time)
