## SLURM PROLOG ###############################################################
##    Job ID : 5341810
##  Job Name : etgent_N2_U8
##  Nodelist : node1701
##      CPUs : 8
##  Mem/Node : 2048 MB
## Directory : /oscar/home/trazzaz/AFQMC
##   Job Started : Wed Oct 23 11:30:23 AM EDT 2024
###############################################################################
U = 8.0
seed = 1234
λₖ = 0.0
Warming up
128/512
256/512
384/512
512/512
Measuring
128/1024
256/1024
384/1024
512/1024
640/1024
768/1024
896/1024
1024/1024
 35.782058 seconds (35.02 M allocations: 36.367 GiB, 6.82% gc time, 19.55% compilation time)
λₖ = 0.2
Warming up
128/512
256/512
384/512
512/512
Measuring
128/1024
256/1024
384/1024
512/1024
640/1024
768/1024
896/1024
1024/1024
 27.589870 seconds (33.17 M allocations: 36.268 GiB, 7.66% gc time, 0.25% compilation time)
λₖ = 0.4
Warming up
128/512
256/512
384/512
512/512
Measuring
128/1024
256/1024
384/1024
512/1024
640/1024
768/1024
896/1024
1024/1024
 26.371082 seconds (33.17 M allocations: 36.268 GiB, 7.26% gc time)
λₖ = 0.6
Warming up
128/512
256/512
384/512
512/512
Measuring
128/1024
256/1024
384/1024
512/1024
640/1024
768/1024
896/1024
1024/1024
 26.521622 seconds (33.17 M allocations: 36.268 GiB, 7.43% gc time)
λₖ = 0.8
Warming up
128/512
256/512
384/512
512/512
Measuring
128/1024
256/1024
384/1024
512/1024
640/1024
768/1024
896/1024
1024/1024
 26.500833 seconds (33.17 M allocations: 36.268 GiB, 7.42% gc time)
