## SLURM PROLOG ###############################################################
##    Job ID : 8834018
##  Job Name : sbatch_etgent.sh
##  Nodelist : node1734
##      CPUs : 8
##  Mem/Node : 4096 MB
## Directory : /oscar/home/trazzaz/AFQMC
##   Job Started : Fri Feb 28 04:35:38 AM EST 2025
###############################################################################
seed = 1572
U = 2.0
β = 6.0
Warming up
128/1024
256/1024
384/1024
512/1024
640/1024
768/1024
896/1024
1024/1024
Measuring
128/16384
mean(sgnprob[1:i - 1]) = 0.5905511811023622
256/16384
mean(sgnprob[1:i - 1]) = 0.5607843137254902
384/16384
mean(sgnprob[1:i - 1]) = 0.5822454308093995
512/16384
mean(sgnprob[1:i - 1]) = 0.5968688845401174
640/16384
mean(sgnprob[1:i - 1]) = 0.5774647887323944
768/16384
mean(sgnprob[1:i - 1]) = 0.5749674054758801
896/16384
mean(sgnprob[1:i - 1]) = 0.4346368715083799
1024/16384
mean(sgnprob[1:i - 1]) = 0.2903225806451613
1152/16384
mean(sgnprob[1:i - 1]) = 0.3205907906168549
1280/16384
mean(sgnprob[1:i - 1]) = 0.3385457388584832
1408/16384
mean(sgnprob[1:i - 1]) = 0.34754797441364604
1536/16384
mean(sgnprob[1:i - 1]) = 0.3550488599348534
1664/16384
mean(sgnprob[1:i - 1]) = 0.3613950691521347
1792/16384
mean(sgnprob[1:i - 1]) = 0.361250697934115
1920/16384
mean(sgnprob[1:i - 1]) = 0.36946326211568525
2048/16384
mean(sgnprob[1:i - 1]) = 0.315095261358085
2176/16384
mean(sgnprob[1:i - 1]) = 0.3167816091954023
2304/16384
mean(sgnprob[1:i - 1]) = 0.267042987407729
2432/16384
mean(sgnprob[1:i - 1]) = 0.28177704648292884
2560/16384
mean(sgnprob[1:i - 1]) = 0.2903477921062915
2688/16384
mean(sgnprob[1:i - 1]) = 0.24897655377744696
2816/16384
mean(sgnprob[1:i - 1]) = 0.25186500888099467
2944/16384
mean(sgnprob[1:i - 1]) = 0.22460074753652734
3072/16384
mean(sgnprob[1:i - 1]) = 0.2380332139368284
3200/16384
mean(sgnprob[1:i - 1]) = 0.2435135979993748
3328/16384
mean(sgnprob[1:i - 1]) = 0.2551848512173129
3456/16384
mean(sgnprob[1:i - 1]) = 0.26483357452966716
3584/16384
mean(sgnprob[1:i - 1]) = 0.26932737929109685
3712/16384
mean(sgnprob[1:i - 1]) = 0.28213419563459985
3840/16384
mean(sgnprob[1:i - 1]) = 0.25449335764522013
3968/16384
mean(sgnprob[1:i - 1]) = 0.2609024451726746
4096/16384
mean(sgnprob[1:i - 1]) = 0.2713064713064713
4224/16384
mean(sgnprob[1:i - 1]) = 0.27823821927539666
4352/16384
mean(sgnprob[1:i - 1]) = 0.28292346586991496
4480/16384
mean(sgnprob[1:i - 1]) = 0.2904666220138424
4608/16384
mean(sgnprob[1:i - 1]) = 0.29542001302365967
4736/16384
mean(sgnprob[1:i - 1]) = 0.3013727560718057
4864/16384
mean(sgnprob[1:i - 1]) = 0.3061895949002673
4992/16384
mean(sgnprob[1:i - 1]) = 0.3083550390703266
5120/16384
mean(sgnprob[1:i - 1]) = 0.3154913068958781
5248/16384
mean(sgnprob[1:i - 1]) = 0.321135887173623
5376/16384
mean(sgnprob[1:i - 1]) = 0.32465116279069767
5504/16384
mean(sgnprob[1:i - 1]) = 0.3280029075049973
5632/16384
mean(sgnprob[1:i - 1]) = 0.328360859527615
5760/16384
mean(sgnprob[1:i - 1]) = 0.3342594200382011
5888/16384
mean(sgnprob[1:i - 1]) = 0.3385425513844063
6016/16384
mean(sgnprob[1:i - 1]) = 0.34131338320864507
6144/16384
mean(sgnprob[1:i - 1]) = 0.3221552987139834
6272/16384
mean(sgnprob[1:i - 1]) = 0.32801785999043215
6400/16384
mean(sgnprob[1:i - 1]) = 0.33270823566182217
6528/16384
mean(sgnprob[1:i - 1]) = 0.3176037996016547
6656/16384
mean(sgnprob[1:i - 1]) = 0.3217129977460556
6784/16384
mean(sgnprob[1:i - 1]) = 0.32419283502874835
6912/16384
mean(sgnprob[1:i - 1]) = 0.3268702069165099
7040/16384
mean(sgnprob[1:i - 1]) = 0.3109816735331723
7168/16384
mean(sgnprob[1:i - 1]) = 0.31463652853355656
7296/16384
mean(sgnprob[1:i - 1]) = 0.3011651816312543
7424/16384
mean(sgnprob[1:i - 1]) = 0.30594099420719384
7552/16384
mean(sgnprob[1:i - 1]) = 0.3076413720037081
7680/16384
mean(sgnprob[1:i - 1]) = 0.3116291183747884
7808/16384
mean(sgnprob[1:i - 1]) = 0.31420520046112466
7936/16384
mean(sgnprob[1:i - 1]) = 0.3030875866414619
8064/16384
mean(sgnprob[1:i - 1]) = 0.30670966141634626
8192/16384
mean(sgnprob[1:i - 1]) = 0.3072884873641802
8320/16384
mean(sgnprob[1:i - 1]) = 0.3116961173217935
8448/16384
mean(sgnprob[1:i - 1]) = 0.31502308511897714
8576/16384
mean(sgnprob[1:i - 1]) = 0.31988338192419824
8704/16384
mean(sgnprob[1:i - 1]) = 0.3082844995978398
8832/16384
mean(sgnprob[1:i - 1]) = 0.3119691994111652
8960/16384
mean(sgnprob[1:i - 1]) = 0.31420917513115304
9088/16384
mean(sgnprob[1:i - 1]) = 0.3179267084846484
9216/16384
mean(sgnprob[1:i - 1]) = 0.31958762886597936
9344/16384
mean(sgnprob[1:i - 1]) = 0.3207749116985979
9472/16384
mean(sgnprob[1:i - 1]) = 0.3240418118466899
9600/16384
mean(sgnprob[1:i - 1]) = 0.32888842587769557
9728/16384
mean(sgnprob[1:i - 1]) = 0.3169528117610774
9856/16384
mean(sgnprob[1:i - 1]) = 0.3197361745306951
9984/16384
mean(sgnprob[1:i - 1]) = 0.321847140138235
10112/16384
mean(sgnprob[1:i - 1]) = 0.32331124517851845
10240/16384
mean(sgnprob[1:i - 1]) = 0.32532473874401796
10368/16384
mean(sgnprob[1:i - 1]) = 0.3261309925725861
10496/16384
mean(sgnprob[1:i - 1]) = 0.31681753215817055
10624/16384
mean(sgnprob[1:i - 1]) = 0.3175185917349148
10752/16384
mean(sgnprob[1:i - 1]) = 0.30852943912194214
10880/16384
mean(sgnprob[1:i - 1]) = 0.3104145601617796
11008/16384
mean(sgnprob[1:i - 1]) = 0.31171072953574996
11136/16384
mean(sgnprob[1:i - 1]) = 0.3025594970812753
11264/16384
mean(sgnprob[1:i - 1]) = 0.30409304803338366
11392/16384
mean(sgnprob[1:i - 1]) = 0.29470634711614435
11520/16384
mean(sgnprob[1:i - 1]) = 0.2968139595450994
11648/16384
mean(sgnprob[1:i - 1]) = 0.2880570103889414
11776/16384
mean(sgnprob[1:i - 1]) = 0.2908704883227176
11904/16384
mean(sgnprob[1:i - 1]) = 0.28337393934302274
12032/16384
mean(sgnprob[1:i - 1]) = 0.2838500540270967
12160/16384
mean(sgnprob[1:i - 1]) = 0.2853030676864874
12288/16384
mean(sgnprob[1:i - 1]) = 0.28672580776430373
12416/16384
mean(sgnprob[1:i - 1]) = 0.28940797422472814
12544/16384
mean(sgnprob[1:i - 1]) = 0.2907597863350076
12672/16384
mean(sgnprob[1:i - 1]) = 0.2925578091705469
12800/16384
mean(sgnprob[1:i - 1]) = 0.29463239315571527
12928/16384
mean(sgnprob[1:i - 1]) = 0.29635646321652354
13056/16384
mean(sgnprob[1:i - 1]) = 0.29819992340099577
13184/16384
mean(sgnprob[1:i - 1]) = 0.2902981112038231
13312/16384
mean(sgnprob[1:i - 1]) = 0.29246487867177523
13440/16384
mean(sgnprob[1:i - 1]) = 0.29444155071061834
13568/16384
mean(sgnprob[1:i - 1]) = 0.2954964251492592
13696/16384
mean(sgnprob[1:i - 1]) = 0.2965315808689303
13824/16384
mean(sgnprob[1:i - 1]) = 0.2982709976126745
13952/16384
mean(sgnprob[1:i - 1]) = 0.3001218550641531
14080/16384
mean(sgnprob[1:i - 1]) = 0.3033596136089211
14208/16384
mean(sgnprob[1:i - 1]) = 0.29654395720419513
14336/16384
mean(sgnprob[1:i - 1]) = 0.2971049877921172
14464/16384
mean(sgnprob[1:i - 1]) = 0.29903892691696055
14592/16384
mean(sgnprob[1:i - 1]) = 0.2917551915564389
14720/16384
mean(sgnprob[1:i - 1]) = 0.29261498743121134
14848/16384
mean(sgnprob[1:i - 1]) = 0.2964235199030107
14976/16384
mean(sgnprob[1:i - 1]) = 0.29923205342237064
15104/16384
mean(sgnprob[1:i - 1]) = 0.2927233000066212
15232/16384
mean(sgnprob[1:i - 1]) = 0.28527345545269517
15360/16384
mean(sgnprob[1:i - 1]) = 0.27781756624780257
15488/16384
mean(sgnprob[1:i - 1]) = 0.28120359010783236
15616/16384
mean(sgnprob[1:i - 1]) = 0.28325328210054435
15744/16384
mean(sgnprob[1:i - 1]) = 0.2850155624722099
15872/16384
mean(sgnprob[1:i - 1]) = 0.28687543318001385
16000/16384
mean(sgnprob[1:i - 1]) = 0.2800800050003125
16128/16384
mean(sgnprob[1:i - 1]) = 0.27401252557822287
16256/16384
mean(sgnprob[1:i - 1]) = 0.27579206398031375
16384/16384
mean(sgnprob[1:i - 1]) = 0.27827626197888056
733.014571 seconds (167.11 M allocations: 70.745 GiB, 1.32% gc time, 1.21% compilation time)
