## SLURM PROLOG ###############################################################
##    Job ID : 5959488
##  Job Name : etgent_N(1,2)_seed1253
##  Nodelist : node1748
##      CPUs : 8
##  Mem/Node : 2048 MB
## Directory : /oscar/home/trazzaz/AFQMC
##   Job Started : Tue Nov 12 12:20:04 AM EST 2024
###############################################################################
U = 2.0
seed = 1253
λₖ = 0.0
Warming up
128/512
256/512
384/512
512/512
Measuring
1.3148262013901997
0.9907142810774213
0.18928714723396495
0.33836392566926804
0.30215468712091986
1.041354572140156
1.1350918311150375
0.6522393228870251
0.21729867860934324
2.2652761112956745
0.38203175526260535
1.1534190630139602
1.301155010877449
1.722377208971238
0.9332241146903587
0.5595452016157918
0.2542012797321729
0.5170256166693188
1.194096802093551
1.159874081017961
0.6305982362135487
1.1464019761941102
0.5517315535134906
0.34632988687407446
0.9752234974034428
1.781484068881674
1.0299583203496991
1.1439753312520569
0.39346171092731513
0.7709150763264712
0.846115926684864
0.4194037981148506
0.8799475634963881
1.0296417789310977
1.6228709112259914
0.31971452186302757
1.1857008839779142
0.17897386565760223
0.8262376771917936
0.81103952992361
0.6066373407365501
0.47533181918321993
1.1203194825784213
1.359123813704687
0.4184757486879567
0.7885635611532873
1.4557617718388554
0.7270027318018605
0.6948071657258682
0.26589999567161704
0.6379853163843108
0.8060304441523019
0.9328006890836387
1.398615059887245
0.39544199735479874
0.6312711232857495
0.9019025963210275
0.23160192835810872
0.29838527659465686
0.5069882295885164
0.7221736080747383
0.7140311502671266
0.2631368200544463
0.7353945373673784
0.5106721619601726
0.2315858637951122
0.9211571254726219
0.6413846110568303
0.5522889416886313
0.6305440354917261
0.19526028903776832
0.6752737048060378
1.6382808751002185
0.6180094104730611
0.7115362171740867
0.32686143268302903
1.5578902590262553
0.43213149632467296
0.441751958270918
0.37470314374444924
2.0967349597649263
1.9146379821720885
0.9565206704147666
0.2791531191578318
0.5658438202973362
0.30273482739134955
1.2658066811219724
0.702329100228527
0.3556384050097027
0.4889015664387122
0.8665335895169111
0.40053545735718754
0.5806020154265987
1.2888946145206077
0.22297546455095113
0.44287421902615154
0.8581041093136078
0.3898572265874193
1.3105002112664845
0.26752164627059183
0.3125306659381095
1.7969310056798458
0.3626066280173872
0.6118881524480817
1.1491460904512063
0.2988355281691359
0.820019513214451
0.8767686995120834
0.29642294877336806
0.9084350415280485
1.104250943934943
1.2690098854101264
0.45063131061145556
0.8435737499953369
0.7976527576227922
0.39661604060827627
0.9296958189207394
0.48430773653263737
0.9302437834409931
0.21846035460460195
0.8584267363779173
0.9442442123266608
0.5300000450458786
1.3441689415003069
0.9632169823465402
1.3424486578545345
0.21269412725744408
128/1024
0.6239730584846801
0.6941749627953051
0.644421131176924
0.6516411873551807
0.6856423763898741
0.7006398620975631
0.8501638985402994
0.7321161102090563
0.651943305008115
0.851683245465569
0.6083081654222822
0.7789695090848852
0.7028930755423104
0.7405501660742531
0.7617142133402882
0.6639281895327496
0.7462592317543377
0.7101312176995547
0.7429797256612916
0.7816353899387475
0.6176308024016717
0.7535427117224642
0.7091203945410658
0.6356747202269128
0.6978582336029349
0.6367418098652999
0.7017255391583503
1.0232139900917885
0.42311118935655057
1.227535824539017
0.7265978418679506
0.6394680930602661
0.6354269312183511
0.6699638395764116
0.9037894870032948
0.698742313745819
0.6441216860468315
0.7385126499800148
0.6761483296943346
0.6256532060333813
0.7206188454153797
0.6799621742620613
0.7237744304821543
0.7085602769701951
0.8147626263247686
0.6279113634006288
0.6460645623689203
0.9465737710207522
0.8085286449098167
0.7366911069358999
0.6295955376803597
0.6311956852323696
1.1908496672227067
0.7994085076005976
0.5643004548433128
0.7285833810886624
0.6104674665587644
0.6615624500693449
1.0156893736934676
0.7145020858681488
0.5334643768470191
0.636940716542188
0.7128126622608456
0.4816652544352141
0.7024587423251711
0.4928090549244643
0.6800864125675208
0.7862761954040419
0.6511453892552412
0.6230746828831091
0.8515766082289221
0.6309879042922767
0.624938830385299
0.8217189844590865
0.7010133373760341
0.6210204673038817
0.7820088126197722
0.7935896083296068
0.45472061561784305
0.7920442611123376
0.9051290969122933
0.4717186939058591
1.0604261970959883
0.6242423573558136
0.8643344564132224
0.5073489043873095
0.6312750660915842
0.784949952672507
0.7475702820772114
1.1897244914967084
0.628062823698047
1.1822497081397148
0.6500102726185457
0.6573403585111872
0.7127262879630543
0.6643460859829219
0.6745428554186462
0.7287401781085505
0.7586604701509991
0.6589243322024962
0.9698757664467187
0.6277036243715604
0.7166765789272487
0.8889446888066405
1.2820331199547548
0.6473880326942916
0.8427893986438545
0.8630233338654967
0.8210748927717018
0.6025493820822287
0.6961249655106623
0.6200003353289116
0.6416789945107866
0.6918306457148646
0.7019543840109946
0.7311186833236057
0.8174731441467851
0.8743535791855588
0.6878619804940395
0.6228710968033141
0.6292728629350224
0.5862389417204251
0.7544568426514747
1.294178007755276
0.619928609503356
0.6182009469632851
0.8360798497626096
0.8018127124411897
256/1024
0.6815579647580092
0.557333337867339
0.7121995096384807
0.5811508010789044
0.6042369212678254
0.7032508437904175
0.6320686242778326
0.8943223739733709
0.9511915457928892
0.6118759060418834
0.5628603214361938
0.966355030265811
0.7169203215918564
0.5869987118682174
0.9656698648377615
0.953882901489155
0.8345843313284937
0.7557028265136629
0.7233381267634303
0.7687777745931763
0.8278987099418649
0.7622611078733964
0.7134570078038052
0.7744100122415071
0.8959424769566251
0.7010335555457922
0.6255957400294865
0.815443029793669
0.6059404479942764
0.5584438411438302
0.8254206641359445
0.7406610590772502
0.7935750519119094
0.6535360832620909
0.83195753501502
0.815065311744491
0.6411875736805902
0.5476192637680464
0.5679901317906583
0.6684400714922607
0.7724615872952771
0.7425584348044354
0.8526465986840434
0.565571701565373
0.8231754018421534
0.7220251071983113
0.6097780909466319
0.8786142601455931
0.674495001608376
0.5641852946444396
0.6308754120286812
0.7663257527310372
0.6800388026399116
0.5903243101685365
0.7707554465002125
0.600008854734479
0.6481170561089876
0.6969167017102635
0.5940864809754087
0.790960013752886
0.6038587274078318
0.9592796402160799
0.5878030465945989
0.9315682848155176
1.364795257614534
0.6499439037655312
0.7760076394292195
0.6696482175206349
0.6611034029900122
1.08554975408072
0.5811182042472592
0.8535842254033904
0.5848308732755138
0.6048119127184666
0.5932362275592703
0.573794681520715
0.6316140343107753
0.5742254768842517
0.9076707407786548
0.737396697683647
0.8948851403649151
0.6419453560420348
0.7166708508364747
0.750928042075437
0.6755297578992174
0.5911511669729778
0.9276280224125582
0.589136425740167
0.61949724780095
0.5705571248419999
0.6075151549608288
0.6702479698337639
1.201091168389027
0.7539849708072763
0.5640399193906397
0.5523544790190166
0.6484126449732021
0.8191826220217396
0.7641128697603565
0.9274417672527195
0.8414109750925767
1.0151263146358174
0.8031822097571042
0.6188424146039855
0.5699027578928672
1.0077366533764915
0.8088797118618685
0.7648557412142847
0.7110625500533281
0.7062008635962006
0.6927929248800396
0.7764503103769531
0.7649866415071317
0.5734419481926927
0.5830535514282239
0.9434128595247868
0.6176017234239697
0.549968784499457
0.7784383756716683
0.7171518994270765
0.7570810921290189
0.7869431169201998
1.0474583959005686
0.6533800594912409
0.8103020027774103
0.7339959472479627
0.7014724624448246
0.8058694138325913
384/1024
0.9609281130381714
0.6324890461786182
0.6057226065249721
0.34848286565400016
0.8057665006610923
0.8011488734090226
1.5327364387635967
-0.007265261955636204
0.9080627871394862
0.6102061765703118
1.7019735776842375
1.6211552739691368
1.8822705311250674
0.31965645349466504
0.42844162447081763
0.5589519357493268
1.4158456204798047
1.0134219686735069
0.8104361983593883
0.4099991782879535
0.015776001541000007
0.709515926017676
1.3708190323328273
0.7822634300839257
1.6779034943640956
0.9072874927351784
1.207419372925208
1.2479033224778169
-0.16307394242065298
0.6578568203934805
0.3146667937255479
0.2784217187417235
1.2740718228796548
0.9723987953558098
1.4048674530290473
0.8224851095181714
0.9078376271410136
0.8376215972032153
1.4993534734250966
0.9247466686073276
1.2460434477989852
0.8993082911577928
0.25885263957453253
0.4129087363467096
0.8340471704620651
1.3742402244672587
1.1298970468249872
1.393945863201193
0.7747960916931024
0.5800243797389286
0.4555024436281964
1.296996867353652
0.4549430805064274
1.4679952435556434
1.2158575359181436
0.6230229712884799
1.3425257255253804
0.13659508342755633
0.21100089373283887
1.7144416200338457
1.0115953009901566
1.2650829021252843
0.0012715816446390305
1.943329159438677
0.5386766547422956
0.8215932513631455
0.20258118966230781
0.5468066090422306
0.9620676083592056
1.2235627398425075
0.46474759127577003
1.131415619558497
1.8841979481040636
0.42731964848432813
1.1346817990238645
0.7334114903568664
0.30021303785751097
1.1977190013735162
1.8730087412243606
1.0290725027868783
0.690607567717518
1.1312020465242845
1.0103906659035755
0.5988672256240031
1.5527415886053983
0.36720178971553374
0.1204697676297643
1.2266031683010228
0.8498221712467096
1.059841967240989
0.20615115750430635
0.3023558139729456
1.6475914378802274
0.6609754531516461
0.5509712937062453
0.18902255240971222
0.26114823630145834
0.8619756103234679
1.9459628862343572
0.9181371323648916
0.627366444823342
1.2000322349314028
0.04345957631864872
0.6685175652108011
0.543191449531768
0.32204331067307246
1.7181630057062525
0.8931471892476902
1.055434119260878
0.8163360100692115
0.704523220502874
0.9533874817682763
0.7267074747525077
0.5751631585381283
1.5227904974703634
0.8112467846394318
1.0596297275827506
0.41055788283477834
1.898521685167744
0.5934895198157357
1.6471523794187684
1.1571890779575573
0.2164025830808159
1.5306257326739174
0.3817962501221394
1.6450396417112585
0.33448284332715894
0.31944582846525216
512/1024
0.8225760725497795
0.6653049885079207
0.7342988085232866
0.8951231220340683
0.543946288612298
0.7041224529983525
1.1082171016515645
0.6390287550382256
0.8048083860062609
0.5617687486756918
0.6110102847624468
0.6831013550627303
1.0204363282511655
0.5916993939038397
0.4399361591845292
0.8250151198775655
0.7974116691082744
0.5602821525621784
0.7566050056014544
0.7127598025324453
0.8594386782507109
0.6148960124381602
0.6778064612573824
0.7742971186954848
0.8315983731092993
0.7144213454939305
1.15853750698382
0.7683530641941334
0.8088618667212764
0.6789348690700298
0.6913722760804951
0.9055477176190583
0.6642505548682706
0.5468869590254735
0.5990832791241508
0.970409157225855
0.6891247172488457
0.40537088239417457
0.7909078146817934
1.2735246189437548
0.7299203212180592
0.595346247552631
0.6612244753433368
0.7586507243400915
0.5455044475109861
0.71110999135391
0.5995475778369848
0.648054696598606
0.5859029081601339
0.5587393460477917
1.1295944534075653
0.8260920201157462
0.7214753654527379
0.5738135636039471
0.5908869167441716
0.5541569464837239
0.6639740901536473
0.850566162014358
0.8461707676453489
0.7429486681879417
0.5831713143294035
0.6185787385585263
0.7849067049660183
0.7541760515076659
0.8788530004681729
0.5596441255201813
0.6244576821481079
0.7662986669769686
0.5532278143134727
0.974410153834916
0.8018318153267748
0.787343651187856
0.5781021017598442
0.5685658798037128
0.6901631238584336
0.7825738251202381
0.649698571343353
1.095314187696857
0.8983385474091452
0.7952164868200189
0.5904476232977517
0.815690411356618
0.7030369482583465
0.7052500366133967
0.7931956106204895
0.5668363911489849
0.46618889254571305
0.9180358447274342
0.5989986065865684
0.8819182993008893
0.6695033899290765
0.6162594519843198
0.8866217268750805
0.566760296259242
0.9546213486448384
0.5975906939784497
0.7117926316283276
0.9092444992966016
0.7937886783302925
0.6615833676901008
0.851737516254961
1.1036185884915304
0.6080335914689107
0.7904855888871282
0.6334173651462387
1.1547555307933002
0.6027510983925998
1.271197785837986
0.6584347346819763
0.6392131785206785
0.8116873518137364
0.8990787100618206
0.6862376518153632
0.884470038016888
0.6223614161098934
0.5805439160129983
0.6823262545901609
1.015602463378086
0.6009803261358182
1.2496946846163772
0.84560337725221
0.6526250214530269
0.5898684765572315
0.8365147267847372
0.5506949821660633
0.5729560233040599
0.6110682464736634
0.5765980881109911
640/1024
0.7260244544198116
0.5672609475561613
0.8480450000688373
0.9512128036070018
0.6696960582331786
1.0734332516932523
0.834950754685133
0.49946841126631625
0.9246124794164314
0.9740868097328315
1.0376120434319673
0.8937481630944185
0.44409278879109493
0.9792331035879398
0.8258118622989736
1.116381037936821
1.0078792374719252
0.7300558007970955
0.9643574686298382
0.45315290406408437
0.3926296213910357
0.4488399527164034
0.809656903721791
0.7986496103889789
0.8715732810417709
1.070288150019101
0.4747163824644505
1.015058055920425
0.7498983108002631
0.8928801373131905
1.0253368093844784
0.7730078392264731
1.035293992613243
0.740115922644724
0.43368378689049475
0.7804951628334109
0.7685350834010451
0.8933798481053574
0.8335512993933268
0.7691910522684153
0.4463637330723037
0.6677781184053638
0.9094173548523417
0.5980710590067964
0.5872904468585252
0.315297611678822
0.9285816433912638
1.0096483503857803
0.8968739518362789
1.0083597124017554
0.7860930669102542
0.7808545339994994
0.9307494184959885
0.8844897618139678
0.9346626609407387
0.37652367740011944
0.7884968041122573
1.1579750724534044
0.8541597744121326
1.0213612945402355
0.9425167827214942
0.9969849590700184
1.1111642077463464
1.1037346997337907
0.8417604010209836
0.5556541741925408
0.6764185406035393
0.8155765591840749
0.6889910294743732
0.997023184932568
0.8767945508296296
0.9295644468509223
0.5864541834658041
0.5484998491280022
0.9884603318660224
0.6353277566911246
0.9964525726762943
0.579478613772797
1.0866529388127564
0.7026849468924128
1.0408887394815338
0.9398601950540473
0.7852001876425913
0.44296643517105616
0.4610996892908572
0.39228052289918164
0.6587986090771971
0.8966169881749602
0.9419335641927258
0.8023422401406614
0.3927837158500753
1.0894129773407324
1.0188383810148078
1.0737040094306183
0.705050608485937
0.33344400905402183
0.43586053367862665
0.4396324641160964
0.2940836728455855
0.4673811626007952
1.050942454406699
0.9191535311930704
0.6923958799373731
0.9956298786983597
0.7527253252281413
0.820989773567304
1.036857464096408
1.0426081796758688
1.0537914573028142
1.02154241392831
0.7034567866554049
0.7870453781257405
0.6191923489191338
0.6087631067643302
0.9889648608520545
0.8216753998464219
1.0920295987329875
1.2249044773909248
0.7296455427258592
0.5101300824064816
0.7187880495890115
0.7208925810877231
1.071071289401783
0.796332140425169
0.9906398780662478
1.1220031658745562
0.3169897407343707
0.4573734855385835
768/1024
0.6317535322760044
0.18372708134054583
0.7494379921045539
0.6251783587826772
1.5060123401407717
0.40634168652087677
0.6364147529480544
0.48130600197205153
0.9205385402549746
1.2770978678082394
0.8441517454048668
0.6664461034301707
0.5996515274510711
0.2558029740922132
0.6807272368723004
0.35632331437617276
0.2822544831226468
1.498284238012539
0.8585185203642238
0.43058001939947277
0.7586108599933277
0.8654350475124581
0.7961923998326904
1.0116422002555874
0.7965490010416638
1.4369037737028374
1.5277641006139957
0.4525907299194296
1.2392571942651338
0.8899871538174206
0.688463206507748
0.6415620792023486
1.4185539963871348
0.4125654140452752
0.5726580174159974
0.8809672017180555
1.4613816891512175
0.4575338038900123
0.7831877295438263
0.6940332478847839
1.1475600665839045
0.9768012297318095
0.7001638566184633
0.9745334675869167
1.6617246121344391
0.9999020800966814
0.8126157456535845
0.6393607641702763
0.5857364141120031
0.30248412316807904
0.4388051688821324
1.2341899483239962
0.7886666930061468
1.4564458955934678
1.218410355067645
0.9506944812620448
0.534762842367762
0.26119182867993246
0.3632109193831852
1.1595128479566343
0.5094241278114049
0.8206364380470059
0.9371547717406243
0.6332806381016561
0.845037167007939
1.5204280631215026
1.080681109674896
0.22049586063708745
0.946697358777329
1.5060377897897792
1.1078542147156727
0.12041481764436429
0.6981298505236169
1.4382089640129365
1.3686574587985927
1.0145122994369544
0.2406974216450489
0.5550665673207342
0.8138271647603741
0.7495443645513077
1.461452548287056
1.5649647181604331
0.4999445987515531
0.5942111218690258
0.25344388709338583
0.5500216985446212
0.9857371546178407
0.37571447174895956
1.1088579436293773
0.7264922880897238
1.620291660830306
1.3304998574450269
0.7037451927962908
0.34562776101128323
0.22620211576751598
1.1420881074732518
0.3900189990821305
0.9566282019231498
0.9117458818316297
0.4579667368797887
0.5745036985848644
1.0469252965769198
0.3545735727355519
0.7365075205907613
1.3029102893378477
0.5204519900734408
0.42746366218510784
0.44892984940427927
0.9223536768692346
0.6270612410162133
0.8645535781291964
0.8822761378259267
0.3459896246394683
0.5504436898562964
0.4466236862361752
1.2065256535761375
0.04645050112786986
0.7959185020456844
0.9930394507030722
0.6864021757395085
0.4867484564824994
0.5093905967639717
0.8587069499245823
0.8377893540445482
0.4906525224217956
0.9465851964096488
1.4957607215805808
0.5235746181101293
896/1024
0.9079745407331999
0.6319397641431226
0.7343379905745628
1.2692552941899307
0.7831546007963073
0.8579334494148674
0.7506435297549388
0.7647156439221967
0.7601078869073854
0.808155739635164
0.7045407421189446
0.7873600156249538
1.273210831372762
0.7354361997454897
0.7294751835229514
0.7608293557827093
1.3187738456765892
0.7700065422856985
0.727893562834395
0.7755563820356127
0.8467980205601511
1.092907344001727
0.9300285853150361
0.6881560686097208
0.7813343138946839
0.6306397189922901
1.7974592906595426
0.6599843025713652
0.7119911845774645
0.7068288492437682
0.7608949980914166
1.2130625858225685
0.7175747415318923
0.8633745847090623
0.8789517362900203
1.7634962349232053
0.9004411338127254
1.2550383098185272
0.7429365946078711
0.7007185515746481
0.7648830496585055
0.9383587843029011
0.9605609487620733
0.6966649195127915
0.7498888401000702
0.6696012037142575
0.72062995771189
0.798199162800248
0.845484866953372
1.4804294523789183
0.9103587986776431
1.106659268962553
0.679171883563898
0.7229317143559163
0.647376637006333
1.2742303370185972
0.7714882473278095
0.640741791211001
0.7010536671952836
0.7263826204491493
0.9744531331154793
1.0338076350433272
0.7163222001173701
0.6804545769811441
0.7808592793663349
1.8013425463639254
0.6390934574741781
0.8072440173516358
0.6996187707462684
0.6797235514788816
1.0315875051132664
0.8537463371134635
0.7985129898232066
1.1582093650535128
0.7315554832052183
0.7701027633857515
0.6129133617402128
1.3077836121368325
0.6372539069225442
0.7464934330130171
0.9552055809083548
0.7082119652642467
0.6960582544139707
0.7554500922012355
0.7203124963368596
0.7768016414094854
1.4687923399424516
0.8003072289058426
0.6382335301951488
0.6961832564070651
0.6644038036552637
1.3260738580894493
0.7414750359800437
0.9250006940902439
1.0145158400352128
0.6205517989202456
0.7504663098043148
1.0359822705858504
1.124921199355732
0.691028234674594
0.6814698983714493
0.709969425948582
0.6297487440498445
1.0025120551319482
0.8494648475388218
0.6709076581484773
0.6654307875922408
1.32304575411101
1.225630886040384
0.7886154402705035
0.897219389624665
0.6424654124739475
0.6618408500916431
0.7655657004598949
1.0579641617340418
0.7480087543876254
0.7731079446106092
0.6548420494563088
1.9456621223770851
0.6470301978099418
1.1572154132868397
0.7522361313027738
0.7284144601897913
0.6281155139658241
1.030597812421221
0.7012456881295177
0.7297421887780899
0.7494683422383677
1024/1024
0.7454000530608393
109.530459 seconds (80.46 M allocations: 13.057 GiB, 3.15% gc time, 6.74% compilation time)
λₖ = 0.2
Warming up
128/512
256/512
384/512
512/512
Measuring
0.9016722972297614
0.6475760715608077
0.5142486766997335
0.5431728478620388
0.7678214529627918
0.6357926435833324
0.7114365418051825
0.7292859338778576
0.6263095191326977
0.60786227363402
0.6067495105201939
0.4815631063196645
0.5782079713080749
0.6538093781803143
1.18158510992667
0.7377527680441889
0.4663843987382474
0.662801288824955
0.7154160481438722
0.6347427888113679
0.8478064188551979
0.6591354156120527
0.6485790613240583
0.651661474246936
0.6233334772989966
0.6497956083880487
0.6128753624024574
0.7017450995875459
0.7895872668903678
0.7396991179223202
1.0864433193377339
0.6674052226408524
0.9520156809278675
0.6601032983231867
0.6147692367940002
0.7182300800218451
0.6526501948160651
0.6204199994711507
0.6485584498961593
0.6558991816057553
0.6976631585652611
0.702731103665361
0.30744318446272945
0.6032276746671459
0.48162979185480165
0.27876915873815705
0.5669110275646603
0.5967239188819502
0.4859733187854067
0.6375530416562005
0.6866259873258169
0.5900214111134886
0.6517131960983393
0.344481513767
0.6846665652531536
0.7785955990213356
0.5566335725162163
0.4561861525161945
0.7779623260385401
0.7386286545903298
0.7377763416716691
0.6913933125984097
0.6573309048262548
0.7052225443024933
0.7548015180559571
0.6816508148348701
0.6897953787976583
0.6375244764994344
0.6401722583293398
0.5141456949722367
0.6415120586066176
0.7042973704290622
0.6978126254175134
0.5348998796262782
0.6805736689773646
0.9390425215456408
0.8142455203982044
0.3209563051520317
0.6882071232574185
0.5017763304007148
0.7661064627785704
0.6003964324804046
0.34061135059476033
0.6662954009590023
0.658239536669746
0.6495569276622375
0.6774690366146066
0.6363253348524308
0.7086312740424482
0.7009094586918921
0.6497646274829834
0.9244166303570395
0.7011092547838214
0.6252870425378134
0.7941434140150844
0.6636431420223522
0.6608703903195678
0.827390423881998
0.6664134148272916
0.5806815457327541
0.5093873569615054
0.6800055230289483
0.572572150155772
0.6631567864965027
0.58674298158317
0.7415964384979988
0.7532821410148929
0.4771000672946023
0.6098034762653922
0.6437512481024364
0.6571479536397997
0.5299524479874365
0.724548840584124
0.5505546276536126
0.6965499591715738
0.6368857707510349
0.6678757712768884
0.6503436510668095
0.3979115434113488
0.3506999250560357
0.6409184517677122
0.6488743847307858
0.5730561653067463
0.6473112843830402
0.6737262913842056
0.6488345727121785
0.6747325267959752
128/1024
0.4933360106520762
0.847078696755952
0.7402207831077321
0.46352211995869663
0.5477554621078462
0.5371521793903233
0.5603678101912188
0.731892447254728
0.5471655634357662
0.5834803433714142
0.6830555037880772
1.1704145561363148
0.5804234284750467
0.6167075022285653
0.5258522787716592
0.7840260663359798
1.0477261670833566
0.5378034775745895
0.7846511174305212
0.5236286582489302
0.5352894266063193
0.5600878972789262
0.5829176776883657
1.0922805809178944
0.8308166209065261
0.5026607768364756
0.8829063805112705
0.5366043819320762
0.4959700157765683
1.0289741596520683
0.6119301792035241
0.8268087011174583
0.6616717202227037
0.7534193074853874
0.6645934116583477
0.5575796778480233
0.49783850868893104
0.47751966016998093
0.7313039630652033
0.9193949428136138
0.300555777826497
0.8363367058182554
0.5177472683571283
0.4853149733098388
1.150170936790552
0.7380883191847695
0.9236668374234718
0.5367815221698736
0.5109615095553598
0.5195760159359806
0.6395141092729983
0.8807265622615673
0.5562970440504238
0.23477181227319585
0.12995799900244187
0.5478873032270482
0.3025808513809985
0.43004510088590087
0.5414071473758124
0.9313290500833717
0.5793694358475782
0.686766738283254
0.6184612360697284
0.8628481486831749
0.45934876835335164
0.498320206626909
0.7635910594215441
0.6135334308328825
0.8291322444828453
0.6323851987288016
0.9794818721722255
0.31909417549799246
0.5323095044961026
0.4787317325820304
0.860631143021246
0.46902206573423955
1.334747782125663
1.1349535650340612
0.688962399287302
0.6875887180518312
0.4860813016120542
1.2722697012221094
0.9279317062477195
0.7239892363196468
1.254015520141024
0.4783613634750166
1.013438946884773
0.941190123010041
0.9435106325678962
0.5216514318670471
0.4915270982813458
0.2345894125434863
0.7503237769993247
0.8127873139504885
0.5825353324548882
0.4966488797849642
0.5641109876671918
0.5593471742242524
1.239965601817383
0.5676612461035357
0.3860276970795653
0.5181318785065596
0.5649455904874663
0.5843021962147273
0.48728746760603986
0.9318677878760184
0.9395530368812512
0.4999275610225458
0.5691026386678109
0.74329074523823
0.5864554572809692
0.6336750640652136
0.4802173321360048
0.5793646332441144
0.4874708419245216
0.5098075285116377
0.5516447617900787
0.6897197846194607
0.4871773748962638
0.5336561821476555
0.5768730141635928
0.3917182454092924
1.0976037129733052
0.5876903951148545
0.5542312490717729
0.687688553996725
0.7911610825117458
0.6505501207418182
256/1024
0.6061140128322351
0.5009065131220187
0.7222442379593641
0.8361983060163946
0.9724969967573717
0.4807610299481878
0.6323919600581054
0.8484776827183261
0.8123276621663702
0.568890186304062
0.6066896767804935
0.5811400100008379
1.0122839225940534
0.48612237765773864
0.4166631315724991
0.8607249212272485
0.41826443385634515
0.6022954131484056
0.7353307942899299
0.5950105636668059
0.5502157092897696
1.3812397864563526
1.033087162813234
0.4971431661828227
0.6469898235973812
0.6396801524581917
1.7095653155058046
0.8100409077248254
1.4343862645086658
0.8525463239155016
0.47270588177743356
0.8667399973212737
0.5402280035985632
0.8207685358801403
0.5475778158096942
0.8244036248761522
1.1733731947836783
0.8732256521949247
0.60846710502289
0.5630441062649645
1.1555800008385662
0.7716113622583871
1.9514929838207098
0.5781896852566097
0.49652237264344173
1.0454315882704983
0.7286406935374167
1.0319254177856632
0.6822172239261534
0.9438487898916968
0.7653659109303601
0.5443288217530344
0.43977871643625255
0.5699172195633884
0.49923370166567593
0.8483476659808639
1.1364848180528535
0.41731464833470616
0.6967770377947032
0.4844177328056015
0.3894321014892768
0.46809349604993233
0.869478568008642
1.0850457934488595
0.9694811042040389
0.7308485207841084
0.6881609943618736
0.8756330723474555
0.6010425852508563
0.7092627438171658
0.6874062780943162
1.5096667573558828
0.7731425082081951
0.5807673293080637
0.42208621293677995
0.7041711783410832
1.0595469867118827
0.930237385272524
1.3997350383721914
0.5669026111163868
0.7573633240920519
0.5402432386050596
0.7722137806854935
0.7742874629320912
1.0495714383418095
1.0541087540124785
0.7266303652400097
0.6045429498496416
0.5126949392510323
0.6439824047858895
1.4487472791682918
0.4141396976648643
0.7631493389959207
0.8834422761936913
0.9921819006552282
0.5115948564370859
0.7531668085305608
0.4516322209017051
0.43070859977208525
0.42642266171501747
0.916270897822582
0.998328897555377
0.9531510738750544
0.46833727514245616
0.4850561556485289
0.7271357946794317
0.5745089987287691
0.5721663377227693
1.285775656431878
1.8930065582663593
0.44430062611195875
1.2897428853308237
0.936506698764684
0.4357838522483619
0.5562210551636944
0.8793785020824589
0.77245501649672
0.4336826705731407
0.9263189700078767
0.6261233288661706
0.43219983214939445
0.5939726088688702
0.9346098505987686
0.5474836362726851
0.5349942117265076
0.8809288153914456
0.6740647182563972
0.6155792527592057
384/1024
0.8541939451541266
0.6942412874690385
1.108598891519668
1.2689440156905167
1.436711077656478
0.9421901352927717
1.7127168186368742
0.47963668904663764
0.5278174528372067
0.8814110899300496
0.7956843810362714
0.9008340735790971
0.5191617139314287
0.5341512369586868
1.3319297107895365
0.6899365847017547
1.0961669003013368
0.7888008662525525
0.4576487413617176
0.8113371749174724
0.672736069966066
1.0496164359985662
1.1953262104853275
1.1366595594468525
0.7210944982502189
0.6935200091880074
1.0387920974561138
0.7086934952850807
0.8876857692190645
0.6604690846388743
0.5944374703646058
0.8767420150730081
0.5770266438346839
0.5373369300388299
0.7473185288747567
1.416891721791491
1.5877324914396875
2.081342656099158
1.1888416299276898
1.0310205071735916
0.4662947259105373
1.1190482369491392
0.42489026583897666
1.6213865686671476
1.121313605595176
0.9070201979940148
0.5466402275469104
0.8069996920184709
1.0602345050708168
0.9592654566071421
1.2667105150158586
0.48357406719453466
1.022201315204711
1.097476077752818
1.3085417534901582
0.7534045912218212
0.5604859919028675
1.2014629092094404
0.6682690979952919
1.0739154284089325
0.9803837849861825
0.550399830654331
0.870114682953373
0.9743775794292173
1.077338309401722
1.077788991236455
0.9041576639722568
1.0562959035058344
1.2525582629393324
0.8206775659109509
0.5912754548236552
0.3895029103752861
0.8818277736636498
0.823946511263296
1.1119515338639085
0.4140397188242203
0.8589300076689685
1.0898245239607216
0.7906769102828455
0.4224095232983725
0.8530250217477077
0.8341264002680466
1.50652864959346
1.0123759372027112
1.380915592121832
1.2856380867885542
1.1849456224120982
0.7253270070684972
1.0327250490116189
1.4066202164157318
0.8794864697355462
0.7421508551194694
0.727111832085019
0.6936821925546283
0.8546747396232156
0.8549655409156272
0.3494016441191792
0.9545186472006721
1.1141921414281355
1.088178914685221
0.45067893833279854
0.8144349558088924
1.007832636368158
0.8751824087307964
1.1252203005755914
0.8255864002956567
1.12853743458191
1.2199073626274342
0.9173723019209711
0.5724610330829392
0.5037292004691036
0.829759280092951
0.711232711624844
0.69314670264761
1.6574011801836934
0.856483616848154
1.0642434801589378
0.7879885056581559
0.9641192969176946
0.44308259257303595
0.6589726362208344
1.2013174154734962
1.1129080164369678
1.0558304015661597
0.8580550479270741
0.9400557740108069
1.0217328019189398
0.658739787470464
512/1024
1.3729953517684432
0.573697966907695
0.7673751886358602
0.7475492771493113
0.7289661982814085
0.749266953883196
0.7547032699183789
0.5548955404423883
0.6567095399999551
0.6036833081889063
0.5791177303264039
0.8365099220184364
0.820895078167103
0.7285528618079072
1.2003898342434423
0.5861202870125317
1.5619877965231284
0.7554932424517093
1.0166330352544062
0.6947343798688057
0.6497346338652311
1.2327438671808522
0.5684602772655007
0.6899514826069578
0.7478843523437444
0.7679293890811361
0.5688196956351238
0.5958553963094007
0.8731349598544391
0.7177468042003843
1.0763576551248215
0.9688879154033447
0.7845302505101783
0.6356145215958318
0.8293091278467657
0.7452121003736005
1.0147536073718237
0.6270642055029598
0.7132091087463542
0.6372166401081326
0.6083507728219717
0.9757356929741978
0.9670352719456363
0.5736329399017192
0.6609338348312784
1.3295329953563593
0.7440022371292895
0.782898051661481
0.9412749793658801
0.6603919306303293
0.7362379742665988
0.891282390924995
0.5735093129377987
0.5873374787461951
0.635118885775156
0.8135434017267047
0.7191100596596047
0.6991526601017362
1.4862640543842343
0.7661732448464578
0.605884872640938
0.6452610117428368
0.7062151932899857
0.5811593292855266
0.6865908780199086
0.6183838866452854
0.6574795311148474
0.7583035682374217
0.5966454323158316
0.7397784985734709
0.8301506613990396
0.6524124695212102
0.6753571660264684
0.9487561845777087
0.5955561500563414
0.7967654395628768
1.1934709793516562
0.9459319240638815
0.5899900455145479
0.7301885015262114
0.71911430134116
0.7428893516731837
1.0444602134207845
0.9213468872459072
0.643060027429226
0.6822415388918918
0.7092831772563042
0.6297732868739103
0.6634094602656416
0.6956616321256885
0.7306100433337013
0.7797430655640271
0.8460436272637211
1.038581474057826
0.5871027397965548
0.7771143402514185
0.9337200157181786
0.8572314592326111
0.6066959361303793
0.6171611060611246
1.027965846791248
0.6684630236417239
1.1166381962954013
0.668304239692235
0.6382434579768776
0.6555678656317332
0.7359119184826537
1.012352389155033
1.0311609707721108
0.7222881836721524
0.5854681939559053
0.6963375831794608
0.6939270951664956
0.5329694605309987
0.9901897738244523
0.5893541478041374
0.7643457264551534
0.5730678195555607
0.7932573664311606
0.7314623131695468
0.9166994259903058
0.6386232906988606
0.6547500040573524
0.6576244891339882
0.8351889365023344
0.9285474928265666
0.6626437235092546
0.6174018084285235
640/1024
0.5846692246209808
0.6547433550889046
0.2860944985533803
1.873785831632886
0.5781555121782544
0.6945303110196117
0.17012325970764824
1.7076654144199337
0.34759469419676414
0.6689757821619484
0.14196433087738333
0.8593577833977506
0.8815813793661034
1.4845931424682473
0.9954737077905859
0.6369490128912358
0.2387920242438263
0.6159419902059031
0.4451680900444008
1.665913132095465
1.429978581579113
0.6424146465212819
0.5797588975278081
0.13666050008262878
1.7782676583497734
0.26198554412777675
0.20059402147334837
0.328943454115456
0.5278729356461935
2.168003181122082
0.3791366773655527
1.5669437272193214
0.8567804472003901
1.83909114816058
1.1557737661038276
0.462781066549775
0.13369314890052575
1.6214379058843444
1.2120559339054344
0.7332447913052981
0.4733950412869431
1.08769919314914
0.21922107227591198
0.5629074093469228
0.525748451170248
0.2661020217745278
0.3619524972934881
0.3044610419849568
0.34423555384409404
0.7747848466724445
1.3604585679571368
0.7243617982190677
0.18184843326488062
0.4999896199830286
0.19994294269451943
0.529633023770578
1.0999032643220168
0.18028940862590517
2.1045829808609553
1.7504354500263601
0.9563021400226299
0.13727481725017068
0.2815230881145493
1.1123124327401341
0.18466966512998315
0.7043911826329632
1.5108303670440824
0.562153752422553
0.17254392544864666
0.22637114317629806
0.43730327198401925
0.34447252948332313
0.6219407651569624
0.6112543868237333
0.329824152945168
0.268941435371065
1.5668760493638454
1.9893646821577382
0.6665487135004109
0.19511421769062098
0.6649109037718096
1.4233847394589754
0.4670486776684364
0.14662268872232734
0.3252568820588699
0.28735187583479516
1.8032997628382488
0.1370203960322765
0.7369603741473489
1.2316348623967293
0.5648361803763207
0.7019498960862809
0.7298522283439898
0.1528846524761845
1.5401033789405738
0.4704256301215814
1.5305807802464941
1.5168775070326455
1.0264760524526244
0.23340828974243794
0.623880440821559
2.1813311232225177
0.6923835126978974
1.0538231360037655
0.1701545019324338
0.3655206428771077
1.7838681372937137
0.1820890770299613
0.6531800073477486
0.15395570330254535
0.6575724969985948
0.6150739161929366
0.17196495988127852
0.14136840384371546
0.46373341720612843
0.7328578970091342
0.11766243475006918
1.384463882865013
0.9885795737715264
0.4618997912451044
0.6334485866388576
1.2836669162944376
0.24412350569754393
1.10021118647883
0.585757665559851
0.24425196819671863
0.4038733033348276
1.478791152326194
768/1024
0.7245217726509073
0.7325793984295349
0.6484679502372447
0.7447097012022905
0.7115110433205473
0.705344667555096
0.8848052278405993
0.741954942992487
0.9464785046032338
0.6467107475311817
1.2530694512010152
0.7126710092449118
0.7695282271934176
1.0323341707672793
1.1269635736648982
0.7070692630395188
0.702713814660282
1.2226331869952631
1.1250421480261887
0.6989714468106347
0.73376129177457
0.8254421553325206
0.7176691347400076
0.7177990652095418
1.9383443813378387
0.6798416362368209
0.7036371890749681
0.889375461699116
0.9789974485215889
0.8759108784862054
0.7503921473654898
0.826147375932938
0.8460791927963562
1.125313991287572
0.6534315006332547
0.7016825245270815
0.8347054396775326
0.7356890753743575
0.842179934614211
1.6462892910734495
0.7688035289588948
1.0087066515137055
0.6786566903799246
0.9031722205358708
0.7277135955088095
0.8674080316822586
0.8034550055356036
0.7379647900005043
0.7973232191900079
0.8406148487075673
0.8184471518160455
0.706370892545626
0.7373205369855971
0.7568910816091095
0.7340145327197387
0.8602124553844439
1.5261369305959989
0.7483506851699526
0.7669204067998687
0.7761817467473486
1.0350554109115802
0.7619322021735426
0.7201774593594752
0.7093613052792572
0.7154396073657936
0.8344241219926086
0.7755666838991552
0.7558882355877434
1.4116822301954846
1.5388406008770537
1.547644597654699
0.7199109682704923
0.7327759634481718
0.6839430285453696
1.0957831699704785
0.7831053526793801
0.8022572240855644
0.6855945096923189
0.8236642528716283
0.6768099479578872
0.7072525182960809
0.7535065489248371
0.7645590364974434
0.6816650294848513
0.6908677115946884
0.7164126822354423
0.7352593361314659
0.726547722990526
0.8507314924187073
0.721277396176769
0.7689624008820314
1.4125903960495831
0.6788603169479446
0.8412540620368603
1.065107970632323
0.713397190907761
0.7567210067530538
0.7430566937920778
1.3115075837245487
0.9284335846500467
0.9101697833360131
1.0293817744281668
0.482715807386395
0.7432723200188998
0.7300022397183884
1.8789866858494852
0.7071961686289099
0.7217422407783937
0.795076913347978
0.7161605896684683
0.727971750512323
0.7605766861394234
0.7484144973634781
0.7164605231768355
0.7229346694135041
0.519092098680598
1.2189031820116825
0.7007244255698133
0.6930076346587147
0.7311251575970259
0.7147135291542402
0.6985232758228073
0.7903475500254425
1.7584710653155529
1.3493629795901763
0.7426341815171207
0.6813360134763288
0.6750669141684456
896/1024
0.7147055508478777
0.682526933181026
0.7501295399216024
1.34590939862659
0.3003208202334472
0.6055152281585815
0.27340574167508475
1.1073589010265241
0.9684033363360107
0.7410010905233168
1.4868604669997565
0.7539892219573807
0.9479599106709408
0.8133761224140086
0.2812363766339316
0.7775155262110918
0.6977964831552301
0.27688102099566253
0.8373970417501824
0.14732988566849453
1.3762114349299002
1.104594509872065
1.1171285906590078
0.27527122489618955
1.2089911901178283
1.5145387968126054
0.30446452466075175
1.1830555792009094
1.144559289350573
0.3636359492575448
0.7320809999579736
0.4454668923661059
0.3806639866115467
0.6919778005575764
0.20203116913431018
1.3644108703121043
0.8695322172728768
1.3334953228579232
0.14898250307285338
1.6051580725683658
1.468974438930789
0.9318982991147728
0.9126773890507323
0.949474031943178
0.7678691686544347
0.38079891002962385
0.7331143379832569
1.8515381512835505
1.797379878802508
0.23542319204191886
1.1190293660697266
0.6581952194698195
1.1108271587912295
0.4347260834708522
0.14269563309565958
-0.3024313191279806
0.21372574481289214
1.0979238999046221
0.7486248217559097
0.3487697306162497
2.027927139666672
1.6684817387816597
1.0969776101721747
1.1566001349444606
2.1168947073599704
1.25782807735659
1.675815438331084
0.9257058666288979
2.0826485276095257
1.641595944378044
1.069999799867965
0.07281799391732224
2.042251187731109
0.747893796737522
1.0835881597722856
1.3476691919567032
0.6664695673145922
1.2070615464337473
1.1861091045293974
1.138412180973214
1.4205473190498477
1.6702157933842128
1.4442463972916388
0.2107977508985831
0.9464623199337999
0.30878337054574667
0.5689500702190187
1.0224280143590145
1.3567006756698508
0.8556667562689779
0.5924331269120258
0.9998588425707522
0.40916462420411875
1.3664519581366532
0.4563533522002794
1.316901919156884
0.5320870872736355
0.7462627322447954
0.28099673881294895
1.3672314177880867
1.0445359519322925
1.4435647488923076
0.25081411235156703
1.6497240734249303
1.0145859539418005
1.655707140586849
0.9134697311557053
0.9432957363797309
0.9989421026695939
2.0398687457204545
0.49491479438536495
1.2479391107228135
0.5825758588693564
0.8091311264883438
2.281941492414498
0.7681935522050595
0.19185736915152793
1.262783939978471
0.2830489078066742
0.9520885595515881
0.4786341896886022
0.5165988796546219
0.5977927545766903
1.2930117370245373
1.436750181659134
1.5032221173438922
0.8061268635509565
0.7151834300287065
1024/1024
1.0373943460338941
102.810793 seconds (76.83 M allocations: 12.896 GiB, 3.35% gc time)
λₖ = 0.4
Warming up
128/512
256/512
384/512
512/512
Measuring
0.14837118625656429
0.15704349134115375
0.6697850171401446
0.5696259023208097
0.17972583410921314
0.7815702495390623
1.1581965518329504
0.1747906010019993
0.4454520959286826
1.5775126663236134
0.1583248206707027
1.086235643048932
2.103069467649406
0.31231884046469216
0.9655042591578854
1.3743247498561466
0.7624794665147527
0.46495561677788055
0.7583615108169331
0.5977698471880186
1.4169118912260497
0.5125302299806229
0.2591330219418414
0.16558725672108876
0.8348932889030193
0.4822286590843145
0.7104399018435281
0.2402436527740027
0.19295195782141408
0.825901786755896
0.4434315995343999
1.292815961736778
0.9197350362672904
0.22137930264749486
0.8955350595474544
0.813957553148468
0.2956167316256649
0.4927640650835458
0.823963912369552
0.1290944873171609
0.36702325777047873
0.20528647567726493
0.15554011220170277
0.4078519236721445
0.7359468856635516
0.20238864185908295
1.1848000253836126
0.8152729269134079
0.6650529773687969
0.5395050990638122
0.8735207204876307
0.20101298547212026
1.0318590090522086
0.5236009789596977
0.5372369353992332
0.25259631073382427
0.33320611350614776
2.013686147855605
0.5178281785955128
1.078196703600744
0.6727966796026619
0.9048642364198831
0.45378978628009664
0.207382126934733
0.44108533286092755
0.5806689993517586
1.0589794731647935
0.09597181306466113
0.1568748591897807
0.9842565419599825
0.14789438741523436
0.6264766255368184
0.3207399828544313
0.7555455574993275
0.9308944352630799
0.43686130102182513
1.0718998158410313
0.39986607041398137
0.3166027420235623
0.26456521870348015
0.8509872063558043
0.3688707108456731
1.00806194550455
1.3396631598628694
1.6152416172407165
0.5544693044692738
0.3700551019341849
0.46809736102804456
0.8385739424048301
0.5991849715392538
0.23959806215167248
0.12781201092454275
1.5077605370212819
0.3295437366896615
0.9419761607697126
1.3562907990222126
0.7196102428741058
0.7175965141954197
0.3676819659736492
0.2414860098824625
0.4887924542051908
0.3444758083820741
0.35165703832608813
0.8922390735597479
0.3976751523300576
0.5466959846903572
0.3786669783580246
0.27492355964183757
0.8761172677885045
0.2479880483316336
2.0439437868829695
0.27726574224388145
1.2219718340560732
0.29774649251996044
0.6904832418194627
0.33299756063987745
0.27806513190596427
0.27327310560062656
0.42876279394951056
0.08741721200313779
0.301242828274466
0.6454586116643801
0.16977588478810512
0.08908394366018607
0.806582704841715
1.7128475168952644
0.1881293228182293
128/1024
1.8891482998074158
1.005685158909486
1.0692841796302592
0.9104464835663019
0.30540998722016494
0.9984002538525888
1.0386784439543084
1.5525050417571786
1.371867667304588
0.6553329680712773
0.3546357422181891
1.4029680741501305
1.5103195150833577
0.3752328780164836
1.5202063204176222
1.6598168856724203
1.0228925000363756
1.7778861579362528
0.5217313829487009
0.9290294308684051
0.48753148494287557
1.2070335422164287
0.7892657026175149
1.2261458455041532
0.4828932828752118
0.5198151505843397
1.6607673551339026
1.309008588031928
1.5398406751175915
1.3827669874099382
1.32294031984335
1.0906934205996839
1.1606326398661175
0.3912402213943203
0.7934496663842512
1.053502318026595
1.044107295799669
0.8183065078241181
1.6997725741394782
0.3312654518240097
0.18736701762703478
0.7973790942254568
0.12363816578259512
0.9325909262367247
1.1649901570429535
0.3464569031839838
0.6537611425285996
0.4554868620123531
1.2021240028673794
0.3128062498086526
0.9764536034239497
1.7708946568282535
0.27201582625996396
1.8886757870647664
0.4896920759190489
0.7211221082346493
1.1231090358666267
1.0190870586230005
0.3843473658621444
1.7343585791548504
1.5204803860520373
0.9446196337352172
0.6621549654306884
0.526252675463805
0.6160167391391377
1.6613786555415917
0.7237780774501942
0.4493850560172834
0.3208386255616575
1.3472069764041008
1.5860601817803828
1.3029034418169323
1.445491776478464
0.3510625773946535
1.055264627066332
0.5708005888921612
1.2451769833275907
0.9959507456950092
0.9166160004327286
0.46128503281151845
1.214903277569022
1.3649175995297067
0.368411194301684
1.0824901613035862
0.9575960194180918
1.7039909474075983
0.0909480627723914
1.1356674258914339
0.7985160062053741
1.3304852257056745
1.4634705723205117
0.2258649902720573
1.3884926460047784
0.6789118179754167
0.6914936340207748
0.34808981980431225
1.614901407892475
1.0676277640618603
0.8635948534242233
0.694378786707912
0.6785046797353851
0.18374537664302426
1.141300793432695
1.767107894794973
1.0806638383446405
0.44823518508684557
0.37911717140518936
1.060829153872361
1.6499972474182716
1.0182670695941745
0.40146609528098187
1.1431407901333472
0.6388943523790549
0.834526154220394
0.5775944900457223
1.0234527591687317
0.9630602834622445
0.4596459402692299
1.54090222983462
1.6218948192710259
1.7530366521880212
0.11592318416352039
1.029255620858828
0.4243944749303995
0.7987474348351064
0.9773700111123482
1.1457158502564195
1.0538318162719338
256/1024
0.3838957276085297
0.33178110330511495
0.5323611940808108
1.1908898317140755
0.7534481069451893
0.7976496363807578
0.5518534688035903
1.104672293347251
1.1201068848542772
0.7652766113159677
0.9199773415321925
0.32867435353601104
1.1627844962449099
1.0632910230011632
0.88347836542264
0.39783030415223974
1.0232598797057713
0.5318682690874748
0.5255633528038723
0.33640561255618406
0.3785024988378325
0.8513222413363069
0.7061495282878173
0.8427677391212814
0.9585911945148546
0.3743137657579957
0.4346262750247769
1.1385525811509463
0.4046668309156863
0.41865365744312233
0.7158228962183464
0.8124596757264031
1.1977418772247006
0.8501223258646972
0.8615177785048111
1.1924777945637182
0.9294141539195332
1.2850341601750765
0.9871154079180825
1.034592216908987
0.7795418665557636
0.5061520428182269
0.360251220783929
1.0299713855828263
0.4319057139953156
0.4360445812922836
1.1030717678641948
0.54482043392306
0.7734800941632047
0.5017588751405658
1.0452244926778356
1.090725758557151
0.9548055721776648
0.5965775567216229
0.4712308641575245
1.2129635177028466
0.7416301090304883
0.2819083422505742
0.6383719936412955
0.48207519633301577
0.5280427615152505
1.0887633091840243
0.5716505792539924
0.9294972797420803
0.48046121837295463
0.35901958216506014
0.5389556720913318
0.1973185415109604
1.110939931959055
0.9891728502649375
0.8548877381184944
1.350964492565823
0.4577469690660503
0.5369625291758229
0.7746746516620594
1.1640311994394306
0.96864033526488
1.2080249255911297
0.4812621332750108
1.0938289501568188
1.2415320913515093
0.5285930214676955
0.3351721124476625
0.8413210872544609
1.10290758452635
1.0256057448580997
1.187555925296321
1.099715152896259
0.7899851052285974
0.35632091879649475
0.43931727058479914
0.9096465197876533
0.9880353994030247
1.243375215365402
0.6242708667844521
0.9846468425152446
0.30995822809427453
0.8492093230333678
0.5370808283826476
1.1755980107361035
0.6038133087575698
1.346747754229407
1.029092227906975
0.41770732242980424
0.5945313125562238
0.284088603886945
1.2482998973687394
0.44343967740188195
0.2229452668394049
0.9369043815512844
1.2902594337240563
0.7670850337864719
0.5167329607447448
0.6261531961297874
0.5595910727010112
1.0979922538202982
1.1212507240986938
0.7215224413907699
0.31625459306588033
0.8720707522299234
0.3235628658987407
1.0880761994241253
0.5517071495541328
1.1346535890643714
1.2140868429404628
0.5151189257960431
1.1649786555554082
1.3005346500858022
384/1024
0.4225567769328913
0.5596376176941988
1.1564741281867406
1.292359342995534
0.5607254309084027
1.2563495749912503
1.2597192542614666
0.33422964902823293
0.24306489044300847
0.48523866888619377
0.6401985560403752
0.5644627472715101
1.3386733608291115
0.28308980227472463
0.3219815743681215
0.4707569193129273
0.4786852191606086
0.5666346870990245
0.28851755035183907
0.6257397919919397
0.34308706659447963
0.9470154604988428
0.4867431076353583
0.6566877495141847
1.3039221072586487
0.38836113779686865
0.8227474060409186
0.3439468308043935
0.5475822648496933
0.5445698436400958
0.9590612288233678
0.6468416032394531
0.5596720763104295
0.7180671758420993
1.075404544993948
0.9905252136332136
1.026374646839637
1.1150942061722344
0.5189866371988319
0.9864377163170286
0.5756065674312417
1.0105718008081097
0.9800371790931646
1.3228433295279869
1.09059113701505
0.04262087559698252
-0.250667947390099
0.07372339950733392
1.2864679140910313
0.20748746299516685
0.4006694236930029
0.5536645712864374
0.6232251964744215
0.8072151404528258
0.8214485866219017
1.0498629436797535
1.0455148782876258
0.4263003395543396
1.1634857582916385
0.4664919489476351
0.6527769713525277
0.38768608302977053
-0.1331860180061475
0.8275035192894877
0.73467113967075
1.012734712549126
0.768130002226411
1.3131246915847945
0.533042621994303
0.8542746391743213
0.5429896807063668
0.39756114257738207
0.732898879270867
0.2055329447407406
1.1136892066836253
0.46920568773943205
0.3783053635420436
1.2694426840458939
-0.019807786115910164
0.6640724111313514
0.3450526067847594
1.256531413912452
1.0289433618972075
0.7327748022738967
0.979733137069581
1.2121538862401557
0.5301810345304225
0.7744713864443353
0.9961323232683612
0.39147648578539107
0.42621130559225795
0.33397229994342903
0.7673467139699321
0.8819806800803525
0.9457631131633046
0.8159044727974819
0.48650254955856087
0.9803850871426916
0.9396953981346037
0.48159506678879926
0.9151959263571132
0.8535334273280349
1.149013694250397
0.7598662746875544
0.46544867554140956
0.42886043974999133
1.2290090461320022
0.3571040274224907
0.5528828200118681
0.8077997631661595
0.3837149405613759
1.3224614741194674
0.7842703002418586
0.8095985626841895
0.9829777950190419
0.9433191076150994
0.15075992842137967
0.3821630434793417
0.7409934247585105
0.21675654374232436
1.0043349288556072
0.22691791589951954
1.2562215220085198
0.40602756048563116
0.7429764492041995
0.27803121135981934
0.9618136254697804
0.38901876688850145
512/1024
0.9081159488232013
0.4682967760944729
0.37600790648574745
1.489043500285339
0.19730343471858308
0.20835029525812707
0.7847239677344703
1.527808097314654
1.138912866503127
0.07896117837886835
1.070329671708737
0.7809534332930212
0.3070601926593946
0.4106935397624143
0.946603552522042
0.04209064752859626
1.2700966985975337
0.35618530901380363
1.4926296272482493
1.2394762333487779
0.27787520649280695
1.15989732556636
0.8288493785730084
0.2724289846527678
0.7919533232631532
0.8725552342448084
0.6221584585546575
1.2659839790825982
0.6406705019223765
0.27328955798984655
0.42680624130640077
0.5912546266480432
1.2102912619260229
0.46583118963029035
0.6563648216165264
1.1435121059644602
0.6667537770644659
0.8061518375388068
1.2398520541278408
0.4565328140932731
0.4357585800399851
0.7328146998141611
1.3221639756987582
1.405249856172585
0.3636759231715542
0.8713371080007615
1.335426481344314
0.2788611298181301
0.9788504104771949
0.2894963851468075
1.0769879899987083
0.9075857083078155
0.7281047047154641
1.4042798427899932
1.4436509975139724
0.11531909984960664
1.314962211553798
0.9381337940415077
0.5875874026849943
1.3548415756201835
0.28663991649718157
0.3897920143479636
1.3501102638598859
0.9547746237831705
0.898862528632005
0.4645250917744005
0.5430260485646815
0.9175637023417789
0.5278166257241069
0.43947419478524397
1.3977348212736653
0.3737401646515254
0.827554101752546
1.3024465405699233
1.3997315481709578
0.6311011221835556
0.3111126325650263
1.584634490477178
0.6562064695965089
1.0001418679767842
1.430179178529964
1.3946186470878108
0.3093557425105941
0.6544879774552654
1.1008714252956535
0.4443740291845391
1.192632696569766
0.9711475991397751
0.9490938088133474
1.4352676878681312
0.3593459519082656
0.7857260457732617
0.44021882955601804
0.36583012159306766
0.7922813738279868
1.4234332352583063
0.9900557033829656
1.183717572180715
0.48316252194768095
1.2210529451543304
0.8744104472877295
0.25314163609669127
0.6180196515570617
1.3456010728332464
0.7544095231642243
0.8733494697988995
0.9244954607159608
0.5631073630030277
0.4815667891629961
0.8506617062754855
0.4652918365621302
1.421211265215657
0.20781684303670278
1.257508250170081
1.4182615517645047
1.4381697008056105
1.2703877359350866
1.203969347910927
1.127396247544774
1.4085741060958634
0.691155564716314
0.7026325208297626
0.30373737345873786
1.3142560821610663
0.8892002080094382
1.0624998922809907
1.1058087622463622
0.31516553108742473
640/1024
0.5773510332000866
0.7061195406733809
0.31857213592830297
0.5064995225900757
1.1944746264880415
0.31695427336151893
-0.11743827998496092
0.6743223850677074
1.3508049304876508
0.29590322889650333
0.3626565625075724
0.5472852083985865
0.5633729848744294
0.552262661001454
0.32308999616867007
0.3179421013292872
0.7891149521738478
0.6294840174405815
-0.3343051292710775
0.32996530527018575
0.6247611381786172
0.80418749239425
0.3850811069130104
0.8106270460271077
0.1083105916560897
0.7164269514937905
0.9124840401987144
0.7874226847798985
0.6686359369060406
0.3279690723090445
0.7204505964231346
1.2412046156651604
0.8669914506282967
0.6322399596145415
1.2987359779264502
0.7071777008965294
0.4407276347046416
0.5893816527035394
0.5166638049200497
1.1600783094697293
0.9708155797699878
0.8862993008047635
0.6985216005687429
0.5859796849353135
0.4048367321861409
0.31340593747404666
1.0109895259951
0.5740933491265713
1.0826034433780687
0.8464186057409588
1.000307251712623
0.6658969165276231
0.7734949301438041
1.2325875714259955
1.1075624096111483
0.9581628003771939
0.9937921357502248
1.3043948090347366
0.9859835359445049
0.7562141560899387
0.8092952365936414
0.7431809682957917
1.0376155573670838
0.8323571800375499
0.40477766036246116
1.1809047602289076
0.8268069908411697
0.9656161485628905
0.36170525862246744
0.5383978391321831
0.7928039268865297
0.8152183464458429
0.6786055783460585
1.1431173204321516
0.42989722854002155
0.34555150837288284
0.9722288137755395
0.7889397493210337
0.4460567891514283
0.556064868083365
0.9264492860461478
0.4961407926240607
0.48834995206977955
0.9856054838201549
1.2327146836229235
0.9099229844868062
0.5801802968630545
0.8216637818104374
0.6087458072581213
0.4177478449759135
0.6541281005831513
0.711729313305269
1.1652657450765374
0.8471088289943869
1.2096539506434731
0.447792879518089
0.4976683931331411
1.0149250597996349
0.5649283068899875
0.07082238757663761
0.6055353061358616
0.835659252173256
0.3741707061225822
0.8398990011059012
1.2996342845527473
1.0926249941253325
0.822814413211701
0.478370122372369
0.4494126471435437
0.28224923059748774
0.23014806072224334
0.6772648600838426
0.3151503553777446
0.7618496512912842
0.7755620800211058
1.0541176553845628
0.4224712980635259
0.7753300616502359
0.5229399356784208
0.5096148421685075
0.7362402454305625
0.19854935673336596
0.6997238818889242
1.2095625512702
0.6535564361589267
0.5350222086652378
0.7463460976529627
0.46869544576741734
768/1024
0.36595882650575007
0.34848900322671733
0.5189284415476849
0.2917411125778989
0.6177236552781474
1.0635984979148765
1.184876966895318
-0.12296703592675395
1.2872329767381276
1.3431974135398668
0.8704678846026042
0.39110566984653977
0.7066299322125997
0.14971855659573757
1.0846989210747162
0.7079885741295173
0.6686355568134092
0.6499308981835826
0.22066000263833804
1.285706168802912
0.4203330679709147
0.5292971332199433
0.6186230766834487
0.15069734482355174
0.5796953532104439
1.032664017306844
1.4665086988043154
1.213143749366278
0.2651036695500137
0.06877630377947669
0.6819542366828258
0.7682706562435397
0.28777381552191494
0.8617402363134157
0.6829985065512738
0.6189188732870158
0.420763061866749
0.8541237837654332
1.2211819561779582
1.5063030579047516
1.7698902470580637
1.3753669336311884
1.0682133819793505
0.37871105792031134
0.0676055035490411
0.47319640383183115
0.6712059930595626
1.093259304479413
1.3402363910440744
0.4041344271459147
0.2892267782764675
0.1609471601450932
0.1834898153732179
0.8189464321380453
0.2746876073491691
0.767589913045171
0.15567411580697033
0.15662583335246805
0.2854718792811046
1.2993164619766455
1.1735426610262971
0.23298162042117682
0.20066461539256103
0.4037916436245119
0.953390266302267
1.5238828534745712
0.8836147884860418
0.125481965066617
0.939645869195354
0.3717739686736016
0.2929309435058206
0.8331507517696706
0.42933916991904175
1.5273064776140244
0.2070111490247526
0.6282716395083818
0.5148601407144864
0.39653622241212116
-0.14996391929839148
1.051314852000024
0.15622795200731435
0.877973788078847
0.7827934285865016
0.36231696968716354
0.3469597072730038
1.4518305946973382
0.5326290535132359
0.9736041854574462
0.3744156081093202
0.9623264269633569
0.6683029577201677
0.5294656017371031
1.3474027268459867
1.2659331516808985
1.5441793233039414
0.9503621145510003
0.5762495598543969
0.9073904445983718
0.31191047893604196
1.1128025687723961
1.615418674502617
0.5647976787802914
0.8131797439806672
1.0046972930237086
0.49218171564522584
0.2512368073009072
1.6479632110693676
0.5487906650880996
0.46813456999782016
0.8192488868506678
0.45226107812685856
0.4435731895066205
0.6367436562325421
0.35738857256958767
1.9062551994157089
1.641296840298748
1.1293705659196887
0.6921861690605645
0.4099826282202267
0.20139538113014502
0.48959926985600444
0.9445092253477383
1.1322318192610261
0.7094217210563314
0.6911892007320066
0.33245431603681413
0.7736227691411943
0.8405600237161643
896/1024
1.3227418249316243
1.1793726629100183
0.9157549105136391
0.3267889532052122
0.7032553853485645
0.5853219909575964
0.5568807902838722
0.9965171692101612
0.2705391875552083
1.0233596592867575
1.1261597495997786
0.7744677797549251
1.4380758512133376
1.2353413347938929
0.6558460802376509
0.9283542015586442
0.6250715585128168
0.30188928721590746
0.6284869904819741
0.7920938387536252
0.36755810223868735
0.6429790067900318
0.5815051999038947
0.5955401983103001
0.3065645966201328
1.092297874724993
1.320738825496891
1.0319004897434398
0.3340369897687896
1.0949901356259102
1.138188357818472
0.4878716063993239
0.8248643912568083
0.6611312521322077
0.33718767764514745
0.8493093784663184
1.1524421780011431
0.5266719785773312
1.0356587763621286
0.6219910572959935
0.38788853894492503
0.4067790202158521
1.5844577145079992
0.7100700943320238
0.6793617728449329
0.6561605784434478
0.5370472993269748
0.5676935947528536
0.30246212914254245
0.3326214773068963
0.3178301584611166
0.4661111887747279
0.4691898446272701
0.5112126640593609
0.27554467332281996
0.8232453253544825
0.9674397231466032
0.4264404872388151
0.44073888984081255
1.3269225278196686
0.258246322527852
0.5231930406128282
1.2593152555020641
0.8365992876967623
0.4571347207415046
0.8774841051176979
0.512612704680619
1.4483828443793374
0.4250549221847489
0.37935927067231145
1.1717193010857136
0.2775587921956355
0.3395879023356421
0.7883493828556827
0.4282672380581506
0.3690218649094962
0.5138401796694528
1.4998721846221956
0.4634579676618801
0.605614569179024
0.3915922778014922
0.5141539887234892
1.3145512115742606
1.1586206052881145
0.3466581301071059
0.47675567974405086
0.4218545505754757
1.2916993788266553
0.7395999421004759
0.7123118456101916
1.1642364098452846
1.1734698014803617
0.3659154339717912
0.28123830360125324
0.34415714484298954
0.32298289708569433
0.3320733378141718
0.4738576374022673
0.5689749280555535
0.31827441892930675
0.6058116789215029
0.4668559166453202
0.5135126001665155
1.3854874563077937
0.49082091086412044
1.311171941171269
0.78087790499213
1.0005153738188015
0.689886192908675
0.34451377926852667
0.937850630913223
0.3822230943568522
0.4140336290214623
1.3652497820320786
0.8905872054272465
0.5180941414531138
0.4325227186521833
0.5825708462504957
0.9825767099717295
0.7838039602615825
1.1774200876132745
0.40223627457167616
0.7881414583504665
0.3690455151688289
0.48366917532860476
0.4438181239429374
0.4870579319218587
0.45704144005539477
1024/1024
1.8045181246425153
102.936966 seconds (76.83 M allocations: 12.896 GiB, 3.29% gc time)
λₖ = 0.6
Warming up
128/512
256/512
384/512
512/512
Measuring
0.5763472886591863
0.29432430741926696
0.3493708816371697
0.6739802502360823
0.42090929298899
0.6651979496702158
0.6227653923062926
0.34508528049586257
0.29668673089961894
1.056783311117795
0.17571721254216843
0.9927398756037094
0.21874954650643927
1.7315927243411378
0.7711528369215745
0.2054091484114751
0.36425679439309755
1.0702674465054
1.1916198363060442
0.9149636687898259
1.9378846402524645
0.6145272279528285
0.8867196450889407
0.7028288365002167
0.620963251286368
0.3339615548744995
0.29074922395177266
0.6455240564250644
0.2642714069621932
0.3017768012146182
1.0601365785440338
0.9909168013903095
0.37172083865744415
1.2884241620816401
0.7939581671641986
0.330374380334621
0.5205958920974401
1.4787323694078116
0.44028921070945914
0.33721106668727924
0.9362219875777746
0.5280665475237183
0.43263789718909174
0.21840248061008644
0.2012995466727869
1.6317797162878929
0.9581019892400604
1.6337521430543143
1.2662801414041018
1.2211942788893486
0.48018198869021755
0.8601315518918684
0.6629599421765684
0.2570367949433504
0.8064114374370156
0.28818771700736023
0.6005200650839296
0.809041600288218
0.33234560776849514
0.5336392045845679
0.6957734162101392
1.5288832334672526
1.276295647055337
0.35544321530082407
1.9834239449960624
0.920700454664839
0.9228885023628925
0.45041527900486633
0.7600459993621962
0.7313300569570396
0.6557884246747345
0.4121124427253712
0.6788470894934029
0.2992762323526082
0.4626751998059073
0.24882927920839928
0.8777109657445598
0.49499540265774455
0.8273990159374788
0.5522431743490064
0.2486882373897979
0.9126463396651863
0.4997617157255435
0.21207195673563384
0.701480827970577
0.2937346139329495
0.5412066049260595
0.4227733876002108
1.2261851054278052
1.501892716474581
0.9901647370305046
0.7553331405598874
1.06586163133145
0.19265870767155285
0.23819876677218266
0.4755887438329802
0.23896389760792608
0.45157085982234707
0.6897999789103086
0.590739307794606
0.6471298227288529
0.29454062151478416
0.24102859180626857
0.28167491422335067
0.7017169370191729
0.7708056544952053
1.6030712898269543
1.0074906722720458
0.9095273589267258
0.320313903382705
0.3221341721692199
0.40225119894755035
0.6659771913478938
0.1483794314170673
1.276206881761418
0.6365803079867961
0.8532611594022246
1.2565749009327893
1.325436062064819
0.5523679105073952
0.21946166800710817
1.1136753225387166
0.3118292525013959
0.4306490184647242
1.0569133177104537
0.7382221745508564
0.7032291978780443
128/1024
1.415744917133543
0.24379127657065558
0.8126151591900834
0.820711212036506
1.4956962903353268
0.322215335893952
0.22249966669141896
0.3331905324324649
0.7858826589733585
1.3622032712115102
0.6964606076986235
1.1259654861513253
0.8387879744343473
0.37300221477333007
0.877700070268911
0.6976315152068396
0.9482250755293489
0.8981958994112222
0.45165824630961404
1.3589103640609919
1.4497644322871472
1.1634577713431582
1.383227750809571
0.206426325649192
1.2164421377641301
0.7934802292315508
1.4943370883921205
1.5304436083524708
1.283066028673676
1.355140849510556
1.1791088226994548
0.8736327426818628
0.8334470821002177
0.7320392861686108
0.1005697698217074
0.7759244854055463
1.2014869987904673
0.3226669043668998
0.3571480264166247
0.7291451427735927
1.4358135261979728
0.8838255985829364
0.8480042614236303
0.5656544411667024
0.2771337635264357
0.6173312952317777
0.4212026960446532
0.9972994287582962
0.24023286021508286
1.1956509639078043
0.7289202383913181
0.3992212398883789
0.6181580879115505
0.4375305566044708
0.5289046091391496
1.2943499969762513
0.5024369782934621
1.0483505399248547
0.5211880512182214
1.1443588575898993
0.7507518923291706
0.5691528749306517
0.6499185863693784
0.3529121896357277
1.169312604568113
0.22561963412682345
0.441155578895601
0.7973616897656881
1.085700944660204
0.7023764246664228
0.9216084472365473
0.346003965891494
1.1940704865517673
0.21576490826460573
0.6587892348219113
0.8328553026033495
0.5241933799580037
0.7164015838927243
0.8637698178250741
0.5920200350211288
1.4698502791448504
0.9281437471844856
0.05388429606502737
0.5675012136674109
1.6186266484432843
1.0495815575484242
1.3799785773255515
0.4432948166793614
1.1933661261057715
-0.06555221554874491
1.0556576917767058
0.8784456361233849
0.4368327994822377
1.4321192091242527
1.038886575001617
0.1832145604571967
1.2388984019304354
1.4525634748859688
1.3809321416903717
1.0995741035075557
1.3085982470322317
0.2843220892343138
0.2534283818192116
1.5680122565607506
0.7753017873599302
1.0433860926990999
0.33704409483470577
1.1434424520331794
1.592368037634646
1.320810679794699
0.8641095598957159
0.5888208649860388
1.1171670983626965
1.2596096431952417
0.13139311900424816
1.0446515797680118
0.10889460870496692
1.345289707512526
-0.00016370118095176966
0.3729430287260509
0.6113255908687085
0.713332881660248
1.3373402405390946
1.373304023746843
1.334162264091219
0.49614795742024564
1.2227089741136214
0.7000582131192145
256/1024
1.3097565913837361
0.509773315995363
1.0310597136395507
0.5208875155727525
1.020638150687144
0.369127901829001
0.4682317174704379
0.727975630712629
0.9819341179269457
1.013388386911259
0.6355938974273538
0.9340346689920773
0.8481885357011765
0.47007033323050584
0.4279962827824003
0.7813591521717651
0.816454568847825
0.35302898773312236
0.8985929973511597
0.3443742332107052
0.6696003657710106
0.43867365313650575
0.7723890740733438
0.5436337609021706
0.7266783866321718
0.5052003979145844
0.3884092595485985
0.390922864479206
0.620344800454097
0.6603296221975383
0.6407131823712597
0.5052928718369345
1.0045617879994535
0.6760283923160303
0.8923445299252544
0.45879065189842605
0.7032848660130375
0.5127689128342541
0.9170640004653099
0.37637464240682517
1.1063823949044127
0.7212836640509029
0.6869614851166699
0.5129284455195477
0.7507145284549086
0.5094586249672038
0.8027276619323163
0.7646577045200766
0.6497102228424005
0.9952502310926457
0.7568007249724029
0.6988582843228324
0.5348435638038282
0.38998520216582977
0.5279454964180614
0.5730104480806806
0.45056817440290314
0.4197759158271235
0.7564379442578347
0.9316685903214551
0.48420964066895134
0.44433254556945706
0.6999636882412624
0.8624298492614507
0.36578500651205614
0.734325367094704
0.5991737669612536
0.38405809271182767
1.2205914183450104
0.6551278966189121
0.8078473387879526
0.6869860692003968
0.6255242509635366
0.8785038201940103
0.5205721886237782
0.3908275118065215
0.45500465457775263
0.5727197571016398
0.6611137947699597
0.45599155355710996
0.3901332969076932
0.40387467574530794
0.35245579536114374
0.9064631265047094
0.5614955217926751
0.5821555324616452
0.8770514448982418
0.4891180963257379
0.4577911986885844
0.9668381625180017
0.5540058985063618
0.3945989835321978
0.5003324342532818
0.3354195765419049
0.7234557377151434
1.2374206554392941
0.39691045047570434
0.6093856578262197
0.36490823411849954
0.9901985404618405
0.40689176126088933
0.6816569407164061
0.5253064844479725
0.4341367426524111
0.5584422796925239
0.5240500013789033
0.8071619580799729
0.6397437371959982
0.9396375397349138
0.8098063642699955
0.38013707860718415
0.4090973180427341
0.6117376793140002
0.39896799861980825
0.5886325225841617
0.3716471950035954
0.5764884196297195
0.7025387724816937
0.7446146077313408
0.9935004374617733
0.411930057155392
0.48967163394333657
0.5856789931281638
1.0290429747693535
0.3919187834438774
0.4246633337735223
0.9436008049399833
0.481250831915472
384/1024
0.7555124442051301
0.2654135625536142
0.621897710980712
0.7378337841542061
0.3626341333664761
0.6934847295611188
0.7146419441262226
0.5895211487800328
-0.1020550658966195
0.6637525955783377
0.4941433605602032
0.4721312106515871
0.6443559398729376
0.7387645015598545
0.6842322849725393
0.8652993450662972
0.6204824669730822
0.8713703844886351
0.7974193929172775
0.8656361007283484
0.5384120736559662
0.8275298760426729
0.4028670882770917
0.45882283440155147
0.8070148190148192
0.857092616944412
0.7233373038642998
0.39452932127156015
0.5475037497166217
0.6544932085359166
0.8129191550190946
0.7857649691079436
0.06428278204992599
0.6258181836477917
0.5745161248802416
0.5971212450490327
0.704171099612515
0.8750552938554935
0.4571083336302111
0.1996903772197418
0.7628718562801647
0.34488954614282047
0.13670639656802314
0.9942467350529164
0.655146165966507
0.3877536960080047
0.5314605372707611
0.8368045737395146
0.6679251474213305
0.23143474492114818
0.7627353501419792
0.5184530086754662
0.37110409131487604
0.8001176239210082
0.7692691569613015
0.607097289977254
0.6964482964616638
0.7836016687242996
0.6104725332205191
0.3670430545195954
0.5673888026448579
0.5246030020897166
0.5167003206712865
0.7448898601099142
0.49529929981904375
0.6571542876592699
0.3554561550180184
0.8687875977598736
0.7633627977493135
0.4263182823692341
0.4949538289648574
0.8243131275047642
0.5517585814228734
0.948654253843334
0.7238202773681537
0.12657597876342785
0.5990980505588298
0.17932951239031053
0.5764913553558338
0.4614721446486025
0.42917360539379523
0.9293912989606609
0.48162385412441655
0.8686671173474644
0.5489521227137253
0.689386070652779
0.8793922492857568
0.8406102170913583
0.43129906318249583
0.444421060816406
0.6873705832431152
0.5300189133009808
0.6591103925843526
0.6878280641533916
0.5447012466450976
0.7729270223788454
0.8177786379773583
0.5481041908748991
0.5308433446686971
0.16212097467182363
-0.30659656590870743
0.7086083412830618
0.342874878257297
0.7161962068802653
0.8093514375111073
0.3118022821070208
0.8376616361972076
0.5283136600922457
0.5097499342774052
0.752302041427492
0.7232792698041488
0.5971588335308718
0.5418740678837938
0.6425916231102016
0.6939372595588543
0.8850478606207495
0.5157068273819013
0.7679190961428841
0.8259672921551889
0.8999978339221517
0.652059565754414
0.8187375895082454
0.5192659758861543
0.387750793434662
0.699412467433652
0.6252236910860621
0.6772739918271065
0.802997898962502
512/1024
0.601431098363366
0.71637187148373
0.7345618218490464
0.5193566673139582
0.6517198904257744
0.9277434687581024
1.1611735136267458
1.3212216407483008
1.3888651003394012
0.5197275098385052
0.6477123887775927
1.336993485172588
1.1980562743572498
0.3560785282469561
0.8853183129208946
0.774110294786729
0.19943969363649197
1.2093103887547099
0.475177029027663
0.6084010028774327
0.8195268319260056
1.1592600373148665
0.6188675655632165
1.098470506055359
1.1331091678073408
0.4399131013189972
0.9086666470169336
0.37419786712937825
0.3109277279058748
0.5358549012804246
0.8929461942076494
0.8459569056198714
0.18246509390863602
0.3037722136275188
0.9439614403024517
0.13247521481707614
1.0731088971273728
0.8624359993601514
0.34449917807166053
0.6336434382083045
0.36536229910848816
1.2691584130637235
1.259377093255033
0.3553270885906674
0.6528802833524073
1.3457698415270734
1.2305515107252734
0.4374384739216146
0.6102114053076415
1.2608910854779933
1.1171918444365943
0.36933320127032343
1.1803042665400196
0.2646448186323625
1.1372053328440934
0.4192216612269082
0.5298219300799261
0.16459954794868842
0.9821926924218971
0.7121676643658456
0.7137916853145567
1.150963868018294
0.8273602705292872
0.6075796153402697
0.5913998759765148
0.22269980897276428
1.2125594082227953
0.8437889768948637
0.955781210210912
1.317528916833154
0.38284087528732713
0.3813480396701762
0.33525315256829624
0.5092673980171392
0.3410246224689193
1.0172689795405543
1.1823556389901342
0.25945178120470236
0.30420801440432865
1.0774184258556427
0.9011280500904428
1.1384843117280437
0.5945588479167112
0.508982541047187
0.7152737013914159
1.1060512211943017
0.8019923355068264
0.551581939347656
0.5102285681323117
0.9105354520972853
0.8325930654250948
0.3767288260564554
1.2498838148934357
0.47654186495546874
0.7303789866680375
0.8631248861741396
0.5129838865275874
0.425767988234659
0.32309549618803524
0.2595302311263325
0.6001008368576095
0.5093036307218317
0.45635268854841954
0.3934599976902947
1.118776387201124
1.1969434961968033
0.28742499761991297
0.5393386899707716
1.4473401518591889
1.013472139585546
0.6000650796254722
0.800269110442446
0.9543990677011838
0.7169520986811785
1.0392102535942467
0.46856799380132663
1.0403928350955671
1.0247130305470034
1.0483442655705635
0.30712205489459277
0.6379017725984304
0.28169073681997814
0.42173281292658765
0.3473448130105921
0.8577847680451686
0.356180885626449
0.3086105896986505
0.909987506896013
640/1024
0.672894765249092
0.3864686060263295
0.34269001806416305
0.49195092331168533
0.6270163261412297
0.22229329320054947
1.1031374530979667
0.1436492773842062
0.9237294666514249
0.7195890179128481
1.0108755743840476
0.7147155514154698
0.5073883553972756
0.49935890925850857
0.6097756943415245
0.41784464724678855
0.7681908110893163
0.7646169194895639
0.41840711880200093
0.1565448635024158
0.7878709364754477
0.48348288660225924
0.2787090362313767
1.1128923929328682
0.9365108506829383
0.3640539754468142
0.732368201870847
0.1541729882808362
0.44181632348180666
0.7216791264350955
0.5785501992641233
0.6336261974746652
0.27290625018781267
0.8142054978982497
0.8759560466540371
0.7104881362876656
0.6992399173248822
0.7998061045697091
1.1246593763465298
1.1500626025493017
1.1918075553684446
0.46597306167847063
0.5241556320303401
0.49766656099534634
0.3583621748726098
0.4462493313075164
0.653007432361487
0.9852703188570751
0.47567788570508546
0.24760857674903103
1.0565313360896669
0.5645935576100212
0.581430446146825
0.581810819402792
0.5301965977925612
0.45354056890126015
0.39814588726322214
0.9047383229584965
0.7513496721702129
0.482076027899823
0.46939529970460414
0.9025760897781698
0.8558719850584202
0.9871854370633781
0.533749494335556
0.7045405268273666
0.6903230488507153
0.8106703144448718
0.9796743722734544
1.0298381991156373
0.5631961854475818
0.6638068250281464
0.475169372852343
1.14681943550383
0.6640401731630092
0.7196686459366206
1.014135304613527
0.3281023097672725
1.1342018969969987
0.776295421382301
1.01461718513817
0.1890575649346069
0.4229067589133554
0.7021161667829126
0.671041237796658
0.2552097549085424
0.7647647225924801
0.5848621169272945
0.9592000054883014
0.16059041500918364
0.7193865665884531
0.6474346836216024
0.6772914931511801
0.5145225658826857
0.7536161669204486
0.5473091481672423
0.45059068890894005
0.4414841782790345
0.6553050710029968
0.8641891420887309
0.5767500572329857
0.5871134888343823
1.064038798705379
0.26868557177419605
0.6687722616343338
0.7101909723033736
0.5227832404803301
0.6088038215853706
0.738167489595458
0.9277637930886264
0.8486817641395727
0.8425853979240745
0.584588244126699
0.6048246218201643
0.7279784428919089
0.4482445580573484
0.5597358350480511
0.6066968628428112
0.9832245365328401
0.512875584135123
0.21172083340923775
0.33079012062328017
1.0024431864099146
0.8585534074024683
0.5090116663208859
0.8079371477867697
0.9325139967737329
0.635536039800079
768/1024
0.8528178215342468
0.4512572320251925
0.6704127746288382
0.46050290862128207
0.7608874194667611
1.182774308327662
0.4632819345194011
1.0416642972536836
0.5547321297850697
0.8925314407190671
1.128688435952441
1.28903862295981
0.43630542388566473
1.181175097562949
1.0349234417092366
0.479711074426286
1.2053526276103133
0.5117356507333621
0.9204767601434694
0.606327639731641
0.9358055200844592
0.43519938642389555
0.7887492193985628
0.44357784346024
0.8341677027085457
0.5251375620713142
0.7637445817702774
0.7755666718781518
1.2596984587838571
0.8315695290372922
0.4900777952347548
0.5636793915371403
1.0367381488519716
0.4711502552556366
1.2825223958891958
0.6568492663124348
0.8996098600653939
0.3761770191593719
0.5373962938255233
0.4551066189474659
0.5570394491281951
1.2611930969159326
1.118630762402745
0.536381970887567
1.242232999856561
0.8301029824423286
0.7710778266413216
0.4697416478760923
0.5831799736836384
0.4470617610516512
0.6009975013927681
0.7201164064301501
0.7476149971175056
0.4576051254985985
0.4424930806781415
0.6513113169606229
0.5137208651821215
0.5309041555255517
0.5543979133321504
1.1547034095101403
0.9528044597215424
0.4256166992544871
0.6920703797416297
1.2599835361316873
0.5179582429395978
0.7558016838704712
0.5382997516995616
0.7890679796611872
0.487061539117193
0.9904390291905613
1.0123701005140062
0.6736859701606848
0.8430005867553367
1.3022492334596543
0.8839237257211067
0.6260784241536346
0.7710579327648585
0.4981470484946765
0.4472811526921995
0.5939644680023005
0.4947227438241304
0.37397889626110203
0.5110765271155442
0.40246903475798645
0.5378667814062822
0.9769102855088052
0.6912635418660725
0.6968567939090158
0.6703593608981644
0.832676623912814
0.693934780297703
1.0915909802909134
0.46800688723666595
0.5815435944098226
1.2076933178748397
0.8085913516204299
0.4170292711569813
0.7565249774889646
0.8484602573868255
0.4907723277559871
0.9096857446795232
0.6815573102418397
0.9800397957425206
0.8839591389906503
1.0528758500282889
0.44918017968660096
0.6332632679711915
0.6242498592444727
0.5712724565120647
0.6018841745912056
0.7737260603740388
1.0313765562514425
1.1348075341594932
0.4509507110047074
0.3867252847573537
0.8315098865988881
0.6996589120168587
1.1574594922397883
0.48918610518156386
0.5285885169605808
0.46272593422997316
1.2397847306328647
0.6393613496412278
0.6072804350211822
0.6447201207323292
0.7724871689955188
0.47769129911092645
0.4867433963254482
896/1024
0.870579243257652
1.073125665841439
1.0228275025832767
1.0205364761569176
0.49901288465331545
0.8989697232223256
0.902380362084903
0.3787871619763058
0.6924693714519714
0.36477517721716113
0.7858010134588661
0.522119349381809
0.4067623547387554
1.0301985687767632
1.001035527517028
0.4507472136809615
0.4379601621428959
0.6760583498253045
0.45407782643157013
0.6407959049926251
0.9980309410080993
0.46316088339703765
0.638961198262209
0.3553831119930325
1.130773150645672
0.4435312241915922
0.6524764518789303
0.6083011381701054
0.23033493760554402
0.5682186966825707
0.7224390681924876
0.4749064924108452
0.5226434282778997
1.1814430390105968
0.48937607428266383
0.7170212934210177
0.4227114747843132
0.37428307642381364
0.6377024710081721
0.28347252651552285
0.7101744434749209
0.5711559331538609
0.40808785192305896
0.5795743171997876
1.2431573213014997
0.9393557179727193
0.750138266975118
0.4890236540904798
0.680908427609054
0.4989505668852428
1.20334478414179
0.5660622179121801
0.9717238478382578
0.8357899248542484
0.765421851247905
0.6585283060151694
0.9105252611109331
0.12050609937244094
0.4617177329823309
0.9213567694200149
0.9591411958871283
0.40776264500050974
0.8353009253698507
1.0671783904918117
0.8527321675554688
0.6188387247749607
0.5886054860147018
1.1012076344344268
1.2666702290975587
1.0198956174796812
0.5434150541873363
-0.10057989999843353
0.703525187594876
0.8357135759137944
0.7119600191432464
0.5520585123585112
1.1390123509610621
0.9891872001720698
0.6506376645892943
0.3782414223833298
-0.04069488160024226
1.014068979990864
1.0201779149533083
1.0049330074353258
0.5955121570219974
0.12081313043967784
0.3394883221891831
0.6363974163383146
-0.040878425941770824
0.24485538631255652
1.1111466762869382
0.9544190149230444
0.5873534731353365
0.9400993938879503
1.1397330103811227
0.873092156304492
0.10788578683161354
0.5408264825013478
1.075451238354978
1.001704038311317
1.1878090376712342
0.6572764927213129
0.8170329359215149
1.0062004936303994
1.1518051981023267
0.4804125605069634
0.4315732955597688
0.42938526116607856
0.8415651312602291
0.8731566667262539
0.873791650245597
0.43466574974587524
0.8617979337156821
0.7439383394364604
0.6902086070724587
0.617290945601771
0.11511712957295628
0.720044356613311
0.8185474312098944
0.694723040732877
0.20328532169239488
0.28650657861261275
0.3830058143548096
0.7118591815827049
0.07547035767139443
-0.31622968564382925
1.2149496737852985
0.6691159110802114
1024/1024
0.28518938073711875
103.020861 seconds (76.83 M allocations: 12.896 GiB, 3.31% gc time)
λₖ = 0.8
Warming up
128/512
256/512
384/512
512/512
Measuring
0.5010948965686801
0.5215318971984898
1.149912858868698
0.5445394403467094
0.5809418148596018
0.3483355895670954
0.4800036886031902
0.654237783732774
0.36977319820339827
0.42934226786293295
0.582738594632534
0.3966281447190433
1.0738416585928998
0.7489376750398421
0.390709236193815
0.5924848690887388
0.8928898413511441
1.0718572536553574
0.8670195538388337
0.6880147053899046
1.4349074923864835
0.7717594962505558
0.4648956228218298
0.42065698452797606
0.7106511888358195
0.3974474772789096
0.5590429552730426
0.607606820666168
0.49341662675150405
0.7139678384193265
0.6267253758993718
1.088843755669354
1.1173590072469772
0.6244262228222759
0.4543476724771307
0.4055231130633773
0.41179501370048777
0.7186698435974058
0.33956763163743897
1.1273360049878132
0.5779484263927855
0.37165488478929154
1.1790936311269822
0.5046763507456323
0.5006395569532264
0.7531127847728217
0.6014014462331623
1.051364351553671
0.7028217771770171
0.723480042145939
0.9728038223191335
0.55920609647714
0.6249837987674396
1.1082952812683597
0.7650788831822282
0.46879735098089
0.5713122649742373
0.6858757951657686
0.6708941173025307
0.38656461760642397
1.3317643319140926
0.46351733801766226
0.5949943901842504
0.5729978712184702
0.625485205482342
0.5088239694817184
0.8738411142589384
0.9110936546991915
1.086625378116859
0.9230128704359338
0.7291796680892039
0.5337847768300054
0.7375615500090018
1.0445257349290649
1.0861366623726265
0.4474646026528396
0.8609911054394999
0.7944088112074302
1.0152949652185497
1.032696760659418
1.035871665689196
1.036301117176368
0.4619125770761644
0.6487386906501795
1.0635568867539373
1.2384298480604072
0.2938647397251121
1.0253012994251431
0.5256772731315685
0.4271268192529335
0.5828451617311678
0.6675535960328688
0.541066606488358
0.8717132409142289
0.8170719399598994
0.9949469917486451
1.0692105426294447
0.44873912520295944
0.9769448694360001
0.7451403521996656
0.8344323495274792
0.7052403202411708
0.7695884096607705
1.0927172172082484
0.4178823525646494
1.112678212575696
0.5743739438584949
0.6477710092617046
0.9692721302853404
0.8208660307164451
0.7152440222337544
1.191640694598798
1.1561613227413499
0.5727968833528607
0.5578689774450722
1.4564115800810127
1.1258921353758906
1.01610938995816
0.41741660835682187
1.2501024351519923
0.9965589741533284
0.4952195052600132
0.9413340293519303
1.0474603337211963
0.8404408533377634
0.9693862657711455
0.6794987166366345
128/1024
0.43039538388314047
0.8062178874196984
1.1427458173042182
0.8004383685703849
1.1020803574424662
1.235723900301132
0.49023805358563577
1.162074948611539
0.762682224813062
0.6951064395178598
1.211723710064178
0.8129439723046143
1.2716279287616603
0.39523868439630017
0.3621858030315192
0.5173274602803523
0.7096884518275808
1.433913524770226
0.27988724343765825
0.9037885549673765
0.5857488161224909
0.30942663134741555
0.5661019493672237
0.7323630642510305
1.0367711763528251
0.9016995654311438
0.8762171551006067
0.15690419001665873
0.25992815479271736
0.2835795675574547
1.0493442830290434
0.663509981787685
1.0501365155348388
1.2876637348024536
0.1872378094429752
0.30640755118683555
1.1075438685164047
0.36975151210159585
0.4379251804785439
1.0157108162214021
0.8738021404803298
0.3845083834287002
0.9288909021467737
1.5604940859819747
0.597048464087703
0.26256685581967165
0.7181934405102605
1.5940657900668456
1.2393685338545983
0.6954095181016773
0.6943939871322274
0.4284115778030908
0.2490134439838353
0.5313842283842064
0.6061209047916742
1.070255590225438
0.9196222803229566
1.1102088834400532
1.3352513156881607
0.4017766287819575
0.8409108664249553
0.1844323669595806
0.999769480580041
0.47173988496881064
0.7666639524151688
0.22277178067454534
0.5951250634433252
1.1637366009119399
0.6411591958833154
0.3131995533809448
1.4929361553852898
0.6736173541899606
0.2568052127064661
0.309682664840771
0.9476271351936727
0.23174795576331894
0.15517244696970434
0.9968344520609044
0.5763617019453794
0.21916659710230954
0.9050090590350905
0.8370695976175982
0.9004162539325601
1.5761163837377077
0.6143597956621847
1.041362693289898
1.0305490986819277
0.4747648800744651
0.21017782730599213
0.6799416865364305
0.31188598852702976
1.5588395687581846
0.27221776140472165
0.40956177486925893
0.4730478136235026
0.1655083436062238
0.3766713637264148
0.2737368777839289
0.6864389092781958
0.5225105639603307
0.4510394039036628
0.5171798146152159
0.43042284282375537
1.3215642338728864
0.13829067295212208
0.34875835723735193
0.6567854641542495
0.5116259046800063
0.47592012161481445
0.645251710493949
0.7218022017137941
0.24620958108249344
0.26190088324285443
0.459727754994376
1.4037140730489945
0.39944209477011483
1.2036432723649892
1.1666164805138353
1.4879542886311996
1.646320995868161
0.032866987199913045
0.46693507093028797
0.5639294185232427
1.6164571736318327
0.3231070714107915
0.7156863218432654
0.2921783556772862
1.4564444125937777
256/1024
0.7205085896968966
1.5307731739353179
0.6880506270117878
0.747526603149096
0.7957024475572849
0.7621452390076008
0.6607293884012079
0.6588304581965992
0.6840002699914056
0.6876240543931534
0.695714794214121
0.65544141380711
0.7534856230039677
0.6918332293754462
0.7824034256647947
0.7251973801791253
0.7162491220886883
0.6791173481187193
0.6985629055724334
0.6775637823268625
0.6848743141024534
0.6747303284401813
0.675037490896917
0.6505971041610966
0.6715346518608352
0.6922243638537959
0.735649422485407
0.7250831685152626
0.7141474045727682
0.855489024867751
0.7916000158109041
0.7168940015204714
1.2004668636087845
0.6561258300785778
0.7832358502812506
0.6859021352784509
0.7209314505927719
1.0884481852529766
0.8054183289360428
0.6352683453627043
0.8264574150854184
0.7545683908697425
0.7140344116966496
0.7056647132344064
0.824704290392394
0.715513106673677
0.6823369800676911
0.7034590032827895
0.9439890479754627
0.6791728599489933
0.788424590458151
0.7233158754673256
0.6777175274852839
0.8769101288682555
0.8119782629024043
0.7567370448230002
0.6862018104512129
0.9880106448544572
0.7181722682075903
0.693822446796903
0.6904134498292832
0.6704114919719117
0.6611511563651575
0.6667084146900031
0.6906359965683374
0.85039863887219
0.7306048660791292
0.7418306492537973
0.7236237335422967
0.7168265280186146
0.7438550758161924
0.7390837286336689
0.7018502954710708
0.7114719084543073
0.9013026398675545
0.7094935785954264
0.8341888978245813
0.6880945692952006
0.7989899084721231
1.8637063128999987
0.7369560280114397
0.7073078515387177
0.6889962732580931
0.6862083387865422
0.8376486768420589
0.7684551741658048
0.8366933624721107
0.7053159190714446
0.6711307350828988
0.7520303200988977
0.921044365845324
0.9497673128181051
0.8089989263389299
0.6704974624873027
0.8476858110704136
0.7174216067526361
0.6845690628681591
0.7147033985977693
0.6593859391200896
0.6733879892209979
0.8855391363116362
0.776100960239613
0.6779017748147182
0.6921984309530487
0.6901027617542956
0.6901972392319928
1.1244362971851658
1.271702068229706
0.6622614201648707
0.7921828796010364
0.9005938386516182
0.4099161299950256
0.7705683429349355
0.6838574626710439
0.6942340537470499
0.6956319970001077
0.7004374663785952
0.6176986300326273
0.8998126769320938
0.6880520527655998
0.7305678964119388
0.72795430033352
0.7076052170378653
0.7150062452428917
0.7394125126277621
0.7919192013316471
0.7770595430596012
0.680186358924175
384/1024
0.6997204001976183
0.36775125111768336
1.1522068650828234
0.3697911941538281
0.6352823954116728
0.5499144484769256
0.8017654569391011
1.2031822803130705
0.796338028608506
0.768449390561165
0.4916570465463168
0.595722041902349
0.8438347484031274
0.7287713790472649
1.2200650973382592
0.9000702325351608
1.2489874871925992
0.5402727429097698
0.4953185055243726
0.9096176629073526
0.4499991655483884
0.6999079647596631
0.49390099187986825
0.37281711045687665
0.7357773176643009
1.2540649718190353
0.7107488485442601
1.5461644064530204
0.4783247361457321
0.9273178251358494
0.5300355155009139
0.8069175742939586
0.9927756008220967
1.0898816670023277
0.5238095392531346
1.2684987364846663
0.6125204197846517
0.3546326484871746
0.40048356140772845
0.4159362008439486
1.1482079463530122
0.58220020280524
0.8674426704514562
0.7325913930776567
1.0614392339186787
0.36927801796057086
1.5435035380497657
0.9081076578415255
0.3531634454453626
0.7722701575004189
0.8574439551011441
0.8778472067732946
0.4503998652852204
0.8053409098740165
0.9260657144666358
0.9312922134381336
0.46269906650339543
0.7387294727808587
0.650147548596622
0.5637043371812852
0.17917114426865594
0.8639574619332053
0.72989977910675
0.6651454560160672
0.8944865767391643
1.214847489434535
0.39218974564243536
0.7865822699915023
1.3188569109924015
0.4982912136534694
0.6149240430843692
0.46173649353414503
0.848335311332462
1.175740263759606
1.2467830327753926
0.7782213234663011
1.0255530407439877
1.2270401995942504
0.6898438416691983
0.3398664348566054
0.48925920766044145
1.1212417718008492
1.2322572525023063
0.6283501975997607
0.8643854342226635
1.0318222645909165
1.053697246720169
1.0124791781394151
0.6181144606425975
0.927734842269357
1.3907830029517985
0.4386023853414948
-0.061741895707208894
0.48995231408305856
0.7706377562456412
1.247089071454112
0.8164112792177491
0.4327336122813937
0.9700028138845433
0.8153837082292944
1.15069689122341
0.49452392397705497
1.2251102568106391
0.3555065395910473
0.42260080361196806
0.7831061834003592
1.0483493219525535
0.991727881759472
1.3109693043497992
0.6286043210356907
1.225784419462128
0.6219198752312458
0.9003505284130963
0.4351024771101035
1.2368123477936261
0.7313236098080801
0.8414052044654126
0.47902432772115044
0.982949678587438
0.3756164075809001
0.42005055124164586
1.1854154950422964
0.5798585112640481
1.167624487978116
1.0383942065150777
0.7831880761888066
0.5716185877271955
1.207805191364391
512/1024
0.26241582256451595
-0.24527058452266176
0.293172316274805
0.900101152457836
-0.15416462137442222
0.022359372324129767
-0.23799738858356534
-0.4479806664166691
0.4682766279863665
0.9770685099592029
0.9526389632097069
-0.6966095288141511
-0.3845101374617406
-0.062031318334776486
0.44682968465999284
-0.5569414903286178
0.7184781950794192
-0.5210230159931912
-0.5718827754779352
0.8705598721134626
0.5332118342179744
0.9253658829178412
0.13448358288417794
0.09825796559950406
0.5920108776503251
-0.11887779704688939
0.5865775606465933
-0.2614911064642639
0.10324096873753269
-1.0605402605925431
0.4016990759012891
1.0114091998198087
-1.1615259090508456
0.6432951310627866
-0.552416071802488
-0.5848257715885297
-1.0641736996229767
0.7437425396821777
-0.38890958579377277
0.420103139557474
-0.5184079239396084
-0.12020298512802274
0.45495839437151875
0.785328953982604
-0.07309045195412023
0.5389528047978124
0.07798868847502793
-0.7945248024888469
0.6079069358223954
0.42895846447815567
-0.6523512514538498
0.7275434639847881
-0.1571225146801951
-0.013689104822722342
0.1429333634215334
0.2612034189367002
0.6555389562531236
0.04548125838187611
0.38792559361493256
-0.4523704344083877
0.6068642246883043
-0.25413900819068613
0.3007012375342524
-0.44918402011387426
-0.2766547621572902
-0.11670402661062729
0.6374538148457666
0.4296369075642242
-0.3477981848321601
0.3739201495101613
0.8125059502331091
-0.3504744919901054
-0.6836530844428079
0.43151988573916106
1.0440873804079243
0.5395376416505714
0.500773459781263
-0.15627573526314387
0.5838941297229341
0.8104379489939557
-0.25444855582437265
0.8536930026119983
0.6645717355447365
-0.20235814971779026
-0.06295202919836207
1.0156453546025996
0.6630425012671167
0.4844426113141018
0.6132512781806339
0.3765101309642124
0.2152280296832244
-1.1598529845925172
-0.057608268414675146
0.1454675014427737
0.1647161834385487
0.1748622111592113
0.19667937453429563
-1.0773059328404677
0.2742200194271796
-0.13467641478344872
0.4815800379692434
0.9505925789405001
0.5918889017887635
-0.5780119025052269
0.6036568527168502
0.8803052851595151
0.8659577665859093
0.017423582142192973
0.283979738761593
0.36054970327348457
1.0337542790879608
0.08879753833487086
-0.13234839626876072
0.44035803657366557
-1.0567807371915
0.4596489239116562
0.09806329235555666
-0.056832457024301064
0.45460529320562154
-0.09021150473776907
0.17715131456862115
0.16702485055853655
0.6057258767609884
-0.5795544138814906
-0.17250070428606862
-0.048073999740048945
-0.0830118421633863
0.37776294685916145
640/1024
-0.9996234267708834
-0.7792034539290249
1.0741528843060208
0.2995336036826067
0.4713857425741218
-0.29247147782811517
0.4859520385050125
0.7620608691428814
0.7050631454770653
0.4266899646209798
-1.4438103161153335
-0.14575560071307236
0.1512141468896075
0.750225669726579
0.4848600381057678
0.4656585698857939
-0.18142419704795623
0.6038396139908218
1.2112800817619038
-0.1072166350020588
0.4068974442877893
0.25126195203692714
0.8730769881634008
0.591086974113299
-0.6319908097307076
0.05795930451961756
-0.4751884060389674
0.9845970783040212
-0.27434805074848895
-0.15405882462968326
-0.8762449917458079
0.7192617332455371
-0.3672054526752444
-0.004977256500185101
-0.17972159351319905
0.4872078226422994
1.0166696609513493
0.25899672541443686
-0.5278655045028356
0.13354384985150664
-0.3080560375982131
0.00838326025414593
-1.3540307290571625
-0.6108015542758604
1.1972935796607442
1.5058949222152607
0.029758998553198412
0.4460153169749313
0.34874933916740514
0.3672235583591618
0.3797085673076792
0.5347574702081186
-0.6285912123531263
0.09774278095722327
-0.04657722040623495
-1.0236543737131187
0.48701860946465053
0.7039109888435124
0.34341192168674517
0.4306300737513755
-0.10665653468197511
0.757291711508119
0.963425098185196
-0.6447255374686399
-0.20013347199835296
-0.20926794337956256
0.8096187285943665
-0.16832286610715597
-0.3242675330355059
-0.8401617951446315
0.9099778200526749
-0.12603663965749232
-0.7034558374782813
0.6851150757387353
0.9796931544433476
0.403540120618643
-0.5143644558941701
0.9273145619703418
0.5552813592224417
0.7253936784428536
0.8065351635649878
0.2747656406473424
0.18698168218003214
0.8711330884715296
0.408694354162285
-0.10996708666938981
0.983370780032421
0.6680135341786841
0.07799096579530762
-0.5642365726276957
0.33503757359266095
-0.5109218520504925
-1.124473663887452
0.22935309047898422
0.253283196094271
1.2622619245609732
-0.723186200064225
1.2601998956959388
-0.9010213202902473
-0.5777828151691036
0.9304984497785243
-0.14751522638568954
-0.41839432484008615
-0.3327179652421831
0.08840500512099628
0.8966396253189145
0.8527511218542618
-0.17286575987182
-0.5789000007383647
0.2887947782721788
-0.8811867913797814
-0.46169405868803115
-0.48691915941766617
0.18372772510445723
-0.19250812941232065
0.5868899712753078
-0.370507006130085
-0.6094055601891847
0.8609120379685854
0.3391054354425997
0.8172585370237173
0.0524029775869288
-0.2224217226988249
-0.5748861428275178
-0.0150563268624051
-0.5326047437210105
0.09846449531038798
0.5913756573461342
768/1024
0.4706752187938696
0.5364490360491189
0.5760964571679841
0.627757262811982
0.5243600516058149
0.8187170480602299
0.5564213669822216
0.9251592744455381
0.6078088042174805
0.6256436143603235
0.7893215132882847
0.5569208680323269
0.7026017806066502
0.5878584672079233
0.5692119334221805
0.5306047519078211
0.6221782658488652
0.6822297913982864
0.6655872478319611
0.7300520396879255
0.6116584873741184
0.8163737461057793
0.7325239205822431
0.6883369780861308
0.5669304586488001
0.5723352942366631
0.9149578661639219
0.5558676082809729
0.7136720394996505
0.5238078755322877
0.6156819750623465
0.4030744381458285
1.2999190472326667
0.8371912027702502
0.5758766889576297
0.5865190464165424
0.6479907112731254
1.095313494250281
0.5796706760049934
0.6007011673731579
0.5632157775729192
0.42763592297773045
0.9091767124169072
0.6645913449264164
0.7422729142317875
0.5437467931366409
0.7127360102681893
0.6284558351723728
0.5888941903884091
0.6250225883146561
0.5353459496253273
0.58235919914675
0.527831600117677
0.6938288473115063
0.7555105498969141
0.5059446124697105
0.7724764936143338
1.0698226474877517
0.6811480345163334
0.6080571309692668
0.6982530063069725
0.6762904508695172
0.6695132214271631
0.7043418386129071
0.3706665038680314
0.6814109596060529
0.6356662726359721
0.5956875872762375
0.7305552094420501
0.7886886644724471
1.3254128425457066
0.6788503328941509
0.8230832947231648
0.36287111192066346
0.6198827943068204
0.862852671317081
0.5539675145456946
0.7170067827900491
0.6910573582136512
1.461847449567008
0.5431665919658534
0.7045348145637718
0.7115370743178615
0.6155785124643007
0.7732410081405422
0.8339937998671105
0.6066108424380335
1.0109642595080994
0.6624384350531228
0.6099397193545723
0.7967895979358404
0.7017862404181259
0.5929974556227164
0.7155870585686341
0.6354782284720162
0.7656560717988274
0.6424198623449586
0.61976245151334
0.6090721212820189
0.6217412944560439
0.6639202296596121
0.5904852007659009
0.8262913582732395
0.628666216318381
0.7787291460563686
0.7121843467056824
0.7619151478538226
0.6429095662014394
0.8832641241931184
0.657153972955882
1.0365812332313113
0.6211847031661725
0.7469521917243285
0.6104174931628785
0.6713614884620152
0.6933665305922636
0.5289346918491794
0.6362103229263116
0.5998500277255479
0.5392236806782538
0.44537908359082234
0.5341051778125734
1.4641788980724113
1.316919061807141
0.8417012698495849
0.6079293733208766
1.0360080074756515
0.5675761364836849
896/1024
0.5644020703351585
0.6545705975562462
0.7030382384729267
0.4063381314344575
0.44122641381911143
0.9508039270309845
0.23828535912513835
0.3241246989061854
0.45994795154095336
1.112253552803724
0.449045885383259
0.4505369151219285
0.4700073940707943
0.7036269191205897
0.47621766471188565
0.3413714253420493
0.5442062249935972
0.4941072096971547
0.4795688922670862
0.4367884082856525
0.3647605294646097
0.3730400268700612
1.0014695138530594
0.6350150012106787
0.5112128629524284
1.1777454439552524
0.6131182391267037
0.5850544526088355
0.32341246278882024
0.5679920178822279
0.48339353247741007
1.4203872599592495
2.2085433999622164
0.8854935960727041
0.5953577904637969
0.40517576943174627
0.9644906307696068
0.6666107472612076
0.3234510257508344
0.6500160152677715
0.4741234233626847
1.2635573875886557
0.649469804293246
0.6283691948370294
0.3960156239288224
0.38324304877873405
0.980981153163351
0.38011444005373435
0.34089582202928875
0.45043742536445136
0.5861414103335382
0.6762677969140335
1.3006800440872142
1.2623277636107963
0.7990939067196674
0.29802641909384464
0.5331991517981416
0.6749737620657448
0.511478215125147
0.4482286607448209
0.3929057125007908
0.44238780642061737
0.7240115466649905
0.3780166279874022
0.9561144541793402
0.7291790819449233
0.5894815449735102
0.6650508410330356
1.0895065877170056
0.5474031004228467
0.47875107153248453
0.2909322934758908
0.40495835532730495
0.5120838704233095
0.30003311751562406
0.2921174903845923
1.4510809147666404
0.2929189413872345
0.8193090989465178
0.8448999310876306
0.49627817777887695
0.983452192166147
0.6878663897856099
0.3232124722679454
0.4636349808533092
0.44249254338776184
1.398467946363768
0.8602730876997479
0.6787884109060471
0.29858352414992345
0.8372596598547097
0.6933096217073951
0.8305307552312831
1.3937233988370419
0.2850619320514012
0.44550744831661415
0.774543452481557
0.7757129560636065
0.39433911241175373
1.0231204271613175
0.46228845936429924
0.6438352440988804
0.38098757054566035
0.5099282664615572
1.2943483324958154
0.7283013928511052
0.9333862979642693
0.7189698170388846
0.6694528866379941
0.8395108202228613
0.520653033208731
1.0206636785261556
0.5266487804044856
1.4566841474730723
0.9357902665693756
0.6992233098606747
1.362865727694008
1.1036732112365712
1.2139725579655345
0.8325567329947913
0.2503987861115858
0.696161583237394
0.7029726881915712
1.0739893052147258
1.0174694668593345
0.557307144727313
0.24555852902258743
1.1125945188930122
1024/1024
0.8079016558827259
102.922609 seconds (76.83 M allocations: 12.896 GiB, 3.38% gc time)
