## SLURM PROLOG ###############################################################
##    Job ID : 8833876
##  Job Name : sbatch_etgent.sh
##  Nodelist : node1733
##      CPUs : 8
##  Mem/Node : 4096 MB
## Directory : /oscar/home/trazzaz/AFQMC
##   Job Started : Fri Feb 28 12:47:00 AM EST 2025
###############################################################################
seed = 1430
U = 2.0
β = 6.0
Warming up
128/1024
256/1024
384/1024
512/1024
640/1024
768/1024
896/1024
1024/1024
Measuring
128/16384
mean(sgnprob[1:i - 1]) = -0.33858267716535434
256/16384
mean(sgnprob[1:i - 1]) = 0.058823529411764705
384/16384
mean(sgnprob[1:i - 1]) = 0.1801566579634465
512/16384
mean(sgnprob[1:i - 1]) = 0.033268101761252444
640/16384
mean(sgnprob[1:i - 1]) = 0.09546165884194054
768/16384
mean(sgnprob[1:i - 1]) = 0.00651890482398957
896/16384
mean(sgnprob[1:i - 1]) = -0.054748603351955305
1024/16384
mean(sgnprob[1:i - 1]) = -0.01270772238514174
1152/16384
mean(sgnprob[1:i - 1]) = -0.06168549087749783
1280/16384
mean(sgnprob[1:i - 1]) = -0.0946051602814699
1408/16384
mean(sgnprob[1:i - 1]) = -0.10732054015636106
1536/16384
mean(sgnprob[1:i - 1]) = -0.0736156351791531
1664/16384
mean(sgnprob[1:i - 1]) = -0.04990980156343957
1792/16384
mean(sgnprob[1:i - 1]) = -0.06309324399776661
1920/16384
mean(sgnprob[1:i - 1]) = -0.03804064616988015
2048/16384
mean(sgnprob[1:i - 1]) = -0.05129457743038593
2176/16384
mean(sgnprob[1:i - 1]) = -0.02620689655172414
2304/16384
mean(sgnprob[1:i - 1]) = -0.0004342162396873643
2432/16384
mean(sgnprob[1:i - 1]) = 0.008638420403126285
2560/16384
mean(sgnprob[1:i - 1]) = 0.023055881203595155
2688/16384
mean(sgnprob[1:i - 1]) = 0.007815407517677708
2816/16384
mean(sgnprob[1:i - 1]) = 0.020959147424511545
2944/16384
mean(sgnprob[1:i - 1]) = 0.03499830105334693
3072/16384
mean(sgnprob[1:i - 1]) = 0.05047215890589384
3200/16384
mean(sgnprob[1:i - 1]) = 0.05720537668021257
3328/16384
mean(sgnprob[1:i - 1]) = 0.06822963630898708
3456/16384
mean(sgnprob[1:i - 1]) = 0.0813314037626628
3584/16384
mean(sgnprob[1:i - 1]) = 0.09182249511582473
3712/16384
mean(sgnprob[1:i - 1]) = 0.09943411479385611
3840/16384
mean(sgnprob[1:i - 1]) = 0.11018494399583224
3968/16384
mean(sgnprob[1:i - 1]) = 0.09150491555331484
4096/16384
mean(sgnprob[1:i - 1]) = 0.09987789987789988
4224/16384
mean(sgnprob[1:i - 1]) = 0.11295287710158655
4352/16384
mean(sgnprob[1:i - 1]) = 0.10273500344748333
4480/16384
mean(sgnprob[1:i - 1]) = 0.09533377986157625
4608/16384
mean(sgnprob[1:i - 1]) = 0.10223572823963534
4736/16384
mean(sgnprob[1:i - 1]) = 0.0880675818373812
4864/16384
mean(sgnprob[1:i - 1]) = 0.0919185687847008
4992/16384
mean(sgnprob[1:i - 1]) = 0.08234822680825486
5120/16384
mean(sgnprob[1:i - 1]) = 0.07286579410041023
5248/16384
mean(sgnprob[1:i - 1]) = 0.0779493043643987
5376/16384
mean(sgnprob[1:i - 1]) = 0.08465116279069768
5504/16384
mean(sgnprob[1:i - 1]) = 0.089950935853171
5632/16384
mean(sgnprob[1:i - 1]) = 0.0808026993429231
5760/16384
mean(sgnprob[1:i - 1]) = 0.08699426983851363
5888/16384
mean(sgnprob[1:i - 1]) = 0.07491082045184304
6016/16384
mean(sgnprob[1:i - 1]) = 0.08229426433915212
6144/16384
mean(sgnprob[1:i - 1]) = 0.0883932931792284
6272/16384
mean(sgnprob[1:i - 1]) = 0.09520012757136023
6400/16384
mean(sgnprob[1:i - 1]) = 0.1042350367244882
6528/16384
mean(sgnprob[1:i - 1]) = 0.11107706450130228
6656/16384
mean(sgnprob[1:i - 1]) = 0.11945905334335086
6784/16384
mean(sgnprob[1:i - 1]) = 0.1251658558160106
6912/16384
mean(sgnprob[1:i - 1]) = 0.12979308349008825
7040/16384
mean(sgnprob[1:i - 1]) = 0.1322631055547663
7168/16384
mean(sgnprob[1:i - 1]) = 0.13464490023719827
7296/16384
mean(sgnprob[1:i - 1]) = 0.12679917751884853
7424/16384
mean(sgnprob[1:i - 1]) = 0.13027078000808298
7552/16384
mean(sgnprob[1:i - 1]) = 0.12303006224341147
7680/16384
mean(sgnprob[1:i - 1]) = 0.11446802969136606
7808/16384
mean(sgnprob[1:i - 1]) = 0.10849237863455873
7936/16384
mean(sgnprob[1:i - 1]) = 0.11178323881537493
8064/16384
mean(sgnprob[1:i - 1]) = 0.11372938112365125
8192/16384
mean(sgnprob[1:i - 1]) = 0.11781223293859114
8320/16384
mean(sgnprob[1:i - 1]) = 0.11143166245943022
8448/16384
mean(sgnprob[1:i - 1]) = 0.114004972179472
8576/16384
mean(sgnprob[1:i - 1]) = 0.11790087463556852
8704/16384
mean(sgnprob[1:i - 1]) = 0.11984373204642078
8832/16384
mean(sgnprob[1:i - 1]) = 0.12308911788019476
8960/16384
mean(sgnprob[1:i - 1]) = 0.12579528965286305
9088/16384
mean(sgnprob[1:i - 1]) = 0.1308462638934742
9216/16384
mean(sgnprob[1:i - 1]) = 0.12273467173087357
9344/16384
mean(sgnprob[1:i - 1]) = 0.12790324306967785
9472/16384
mean(sgnprob[1:i - 1]) = 0.1215288776264386
9600/16384
mean(sgnprob[1:i - 1]) = 0.11636628815501615
9728/16384
mean(sgnprob[1:i - 1]) = 0.1181248072375861
9856/16384
mean(sgnprob[1:i - 1]) = 0.12288178589548453
9984/16384
mean(sgnprob[1:i - 1]) = 0.12611439447060002
10112/16384
mean(sgnprob[1:i - 1]) = 0.11858372070022748
10240/16384
mean(sgnprob[1:i - 1]) = 0.11182732688739135
10368/16384
mean(sgnprob[1:i - 1]) = 0.11372624674447766
10496/16384
mean(sgnprob[1:i - 1]) = 0.11824678418294426
10624/16384
mean(sgnprob[1:i - 1]) = 0.12077567542125577
10752/16384
mean(sgnprob[1:i - 1]) = 0.12398846618919171
10880/16384
mean(sgnprob[1:i - 1]) = 0.12583877194595092
11008/16384
mean(sgnprob[1:i - 1]) = 0.12928136640319796
11136/16384
mean(sgnprob[1:i - 1]) = 0.12240682532555007
11264/16384
mean(sgnprob[1:i - 1]) = 0.1254550297434076
11392/16384
mean(sgnprob[1:i - 1]) = 0.1182512509876218
11520/16384
mean(sgnprob[1:i - 1]) = 0.12162514107127355
11648/16384
mean(sgnprob[1:i - 1]) = 0.12440971924100627
11776/16384
mean(sgnprob[1:i - 1]) = 0.12611464968152866
11904/16384
mean(sgnprob[1:i - 1]) = 0.12761488700327647
12032/16384
mean(sgnprob[1:i - 1]) = 0.13124428559554485
12160/16384
mean(sgnprob[1:i - 1]) = 0.12525701126737396
12288/16384
mean(sgnprob[1:i - 1]) = 0.12151053959469357
12416/16384
mean(sgnprob[1:i - 1]) = 0.11655255739025372
12544/16384
mean(sgnprob[1:i - 1]) = 0.11727656860400223
12672/16384
mean(sgnprob[1:i - 1]) = 0.12019572251598137
12800/16384
mean(sgnprob[1:i - 1]) = 0.12243143995624658
12928/16384
mean(sgnprob[1:i - 1]) = 0.12493231221474434
13056/16384
mean(sgnprob[1:i - 1]) = 0.11926464955955572
13184/16384
mean(sgnprob[1:i - 1]) = 0.12159599484184176
13312/16384
mean(sgnprob[1:i - 1]) = 0.11591916460070618
13440/16384
mean(sgnprob[1:i - 1]) = 0.11957734950517152
13568/16384
mean(sgnprob[1:i - 1]) = 0.12287167391464583
13696/16384
mean(sgnprob[1:i - 1]) = 0.11705001825483753
13824/16384
mean(sgnprob[1:i - 1]) = 0.11857049844462128
13952/16384
mean(sgnprob[1:i - 1]) = 0.1210665902085872
14080/16384
mean(sgnprob[1:i - 1]) = 0.12209673982527168
14208/16384
mean(sgnprob[1:i - 1]) = 0.12592384036038573
14336/16384
mean(sgnprob[1:i - 1]) = 0.12103243808859435
14464/16384
mean(sgnprob[1:i - 1]) = 0.11761045426260112
14592/16384
mean(sgnprob[1:i - 1]) = 0.12027962442601604
14720/16384
mean(sgnprob[1:i - 1]) = 0.12222297710442286
14848/16384
mean(sgnprob[1:i - 1]) = 0.1182056981208325
14976/16384
mean(sgnprob[1:i - 1]) = 0.11318864774624374
15104/16384
mean(sgnprob[1:i - 1]) = 0.11474541481824803
15232/16384
mean(sgnprob[1:i - 1]) = 0.11614470487820891
15360/16384
mean(sgnprob[1:i - 1]) = 0.1183019727846865
15488/16384
mean(sgnprob[1:i - 1]) = 0.11396655259249694
15616/16384
mean(sgnprob[1:i - 1]) = 0.11047070124879924
15744/16384
mean(sgnprob[1:i - 1]) = 0.10728577780600902
15872/16384
mean(sgnprob[1:i - 1]) = 0.10780669144981413
16000/16384
mean(sgnprob[1:i - 1]) = 0.11044440277517345
16128/16384
mean(sgnprob[1:i - 1]) = 0.11242016494078254
16256/16384
mean(sgnprob[1:i - 1]) = 0.10784374038757305
16384/16384
mean(sgnprob[1:i - 1]) = 0.10968687053653177
741.459944 seconds (167.11 M allocations: 70.745 GiB, 1.72% gc time, 1.27% compilation time)
