## SLURM PROLOG ###############################################################
##    Job ID : 5902708
##  Job Name : etgent_N6_seed1236
##  Nodelist : node1648
##      CPUs : 8
##  Mem/Node : 2048 MB
## Directory : /oscar/home/trazzaz/AFQMC
##   Job Started : Sun Nov 10 10:54:11 PM EST 2024
###############################################################################
U = 2.0
seed = 1236
λₖ = 0.0
Warming up
128/512
256/512
384/512
512/512
Measuring
128/1024
256/1024
384/1024
512/1024
640/1024
768/1024
896/1024
1024/1024
310.922420 seconds (210.26 M allocations: 1.107 TiB, 20.37% gc time, 2.72% compilation time)
λₖ = 0.2
Warming up
128/512
256/512
384/512
512/512
Measuring
128/1024
256/1024
384/1024
512/1024
640/1024
768/1024
896/1024
1024/1024
357.800649 seconds (208.41 M allocations: 1.107 TiB, 19.54% gc time, 0.02% compilation time)
λₖ = 0.4
Warming up
128/512
256/512
384/512
512/512
Measuring
128/1024
256/1024
384/1024
512/1024
640/1024
768/1024
896/1024
1024/1024
305.794280 seconds (208.41 M allocations: 1.107 TiB, 20.47% gc time)
λₖ = 0.6
Warming up
128/512
256/512
384/512
512/512
Measuring
128/1024
256/1024
384/1024
512/1024
640/1024
768/1024
896/1024
1024/1024
301.370047 seconds (208.41 M allocations: 1.107 TiB, 20.90% gc time)
λₖ = 0.8
Warming up
128/512
256/512
384/512
512/512
Measuring
128/1024
256/1024
384/1024
512/1024
640/1024
768/1024
896/1024
1024/1024
303.781100 seconds (208.41 M allocations: 1.107 TiB, 20.65% gc time)
