## SLURM PROLOG ###############################################################
##    Job ID : 8833953
##  Job Name : sbatch_etgent.sh
##  Nodelist : node1733
##      CPUs : 8
##  Mem/Node : 4096 MB
## Directory : /oscar/home/trazzaz/AFQMC
##   Job Started : Fri Feb 28 02:53:17 AM EST 2025
###############################################################################
seed = 1507
U = 2.0
β = 6.0
Warming up
128/1024
256/1024
384/1024
512/1024
640/1024
768/1024
896/1024
1024/1024
Measuring
128/16384
mean(sgnprob[1:i - 1]) = -0.6062992125984252
256/16384
mean(sgnprob[1:i - 1]) = 0.027450980392156862
384/16384
mean(sgnprob[1:i - 1]) = -0.16449086161879894
512/16384
mean(sgnprob[1:i - 1]) = 0.021526418786692758
640/16384
mean(sgnprob[1:i - 1]) = 0.1298904538341158
768/16384
mean(sgnprob[1:i - 1]) = 0.1864406779661017
896/16384
mean(sgnprob[1:i - 1]) = 0.2245810055865922
1024/16384
mean(sgnprob[1:i - 1]) = 0.2883675464320626
1152/16384
mean(sgnprob[1:i - 1]) = 0.31364031277150306
1280/16384
mean(sgnprob[1:i - 1]) = 0.3385457388584832
1408/16384
mean(sgnprob[1:i - 1]) = 0.35181236673773986
1536/16384
mean(sgnprob[1:i - 1]) = 0.3667752442996743
1664/16384
mean(sgnprob[1:i - 1]) = 0.2988574864702345
1792/16384
mean(sgnprob[1:i - 1]) = 0.3232830820770519
1920/16384
mean(sgnprob[1:i - 1]) = 0.341323606044815
2048/16384
mean(sgnprob[1:i - 1]) = 0.34733756717147046
2176/16384
mean(sgnprob[1:i - 1]) = 0.3645977011494253
2304/16384
mean(sgnprob[1:i - 1]) = 0.3747286148501954
2432/16384
mean(sgnprob[1:i - 1]) = 0.3879062114356232
2560/16384
mean(sgnprob[1:i - 1]) = 0.39663931223134036
2688/16384
mean(sgnprob[1:i - 1]) = 0.40379605508001487
2816/16384
mean(sgnprob[1:i - 1]) = 0.41172291296625224
2944/16384
mean(sgnprob[1:i - 1]) = 0.42235813795446825
3072/16384
mean(sgnprob[1:i - 1]) = 0.4262455226310648
3200/16384
mean(sgnprob[1:i - 1]) = 0.43357299155986245
3328/16384
mean(sgnprob[1:i - 1]) = 0.44033663961526903
3456/16384
mean(sgnprob[1:i - 1]) = 0.44370477568740957
3584/16384
mean(sgnprob[1:i - 1]) = 0.4512977951437343
3712/16384
mean(sgnprob[1:i - 1]) = 0.4562112638102937
3840/16384
mean(sgnprob[1:i - 1]) = 0.42172440739775985
3968/16384
mean(sgnprob[1:i - 1]) = 0.3899672296445677
4096/16384
mean(sgnprob[1:i - 1]) = 0.39096459096459096
4224/16384
mean(sgnprob[1:i - 1]) = 0.3649064645986266
4352/16384
mean(sgnprob[1:i - 1]) = 0.33854286370949205
4480/16384
mean(sgnprob[1:i - 1]) = 0.3150256753739674
4608/16384
mean(sgnprob[1:i - 1]) = 0.3197308443672672
4736/16384
mean(sgnprob[1:i - 1]) = 0.32544878563885954
4864/16384
mean(sgnprob[1:i - 1]) = 0.3037219823154431
4992/16384
mean(sgnprob[1:i - 1]) = 0.3087557603686636
5120/16384
mean(sgnprob[1:i - 1]) = 0.31197499511623367
5248/16384
mean(sgnprob[1:i - 1]) = 0.31579950447874977
5376/16384
mean(sgnprob[1:i - 1]) = 0.322046511627907
5504/16384
mean(sgnprob[1:i - 1]) = 0.3054697437761221
5632/16384
mean(sgnprob[1:i - 1]) = 0.309536494405967
5760/16384
mean(sgnprob[1:i - 1]) = 0.2898072582045494
5888/16384
mean(sgnprob[1:i - 1]) = 0.29233905214880246
6016/16384
mean(sgnprob[1:i - 1]) = 0.29443059019118867
6144/16384
mean(sgnprob[1:i - 1]) = 0.27624938954908024
6272/16384
mean(sgnprob[1:i - 1]) = 0.2801785999043215
6400/16384
mean(sgnprob[1:i - 1]) = 0.28332551961243946
6528/16384
mean(sgnprob[1:i - 1]) = 0.2863490117971503
6656/16384
mean(sgnprob[1:i - 1]) = 0.2907588279489106
6784/16384
mean(sgnprob[1:i - 1]) = 0.29588677576293676
6912/16384
mean(sgnprob[1:i - 1]) = 0.28027781797135004
7040/16384
mean(sgnprob[1:i - 1]) = 0.28427333428043755
7168/16384
mean(sgnprob[1:i - 1]) = 0.28868424724431424
7296/16384
mean(sgnprob[1:i - 1]) = 0.2951336531871145
7424/16384
mean(sgnprob[1:i - 1]) = 0.2992051731106022
7552/16384
mean(sgnprob[1:i - 1]) = 0.30154946364719903
7680/16384
mean(sgnprob[1:i - 1]) = 0.30407605156921474
7808/16384
mean(sgnprob[1:i - 1]) = 0.3078006916869476
7936/16384
mean(sgnprob[1:i - 1]) = 0.3116572148708255
8064/16384
mean(sgnprob[1:i - 1]) = 0.3171276199925586
8192/16384
mean(sgnprob[1:i - 1]) = 0.3209620314979856
8320/16384
mean(sgnprob[1:i - 1]) = 0.3217934847938454
8448/16384
mean(sgnprob[1:i - 1]) = 0.3263880667692672
8576/16384
mean(sgnprob[1:i - 1]) = 0.3313119533527697
8704/16384
mean(sgnprob[1:i - 1]) = 0.33448236240376883
8832/16384
mean(sgnprob[1:i - 1]) = 0.33733439021628353
8960/16384
mean(sgnprob[1:i - 1]) = 0.33943520482196676
9088/16384
mean(sgnprob[1:i - 1]) = 0.32563002090899085
9216/16384
mean(sgnprob[1:i - 1]) = 0.33000542593597393
9344/16384
mean(sgnprob[1:i - 1]) = 0.3327624959862999
9472/16384
mean(sgnprob[1:i - 1]) = 0.3367120684193855
9600/16384
mean(sgnprob[1:i - 1]) = 0.33909782268986355
9728/16384
mean(sgnprob[1:i - 1]) = 0.33957026832528014
9856/16384
mean(sgnprob[1:i - 1]) = 0.34287163876204974
9984/16384
mean(sgnprob[1:i - 1]) = 0.34448562556345785
10112/16384
mean(sgnprob[1:i - 1]) = 0.34823459598457124
10240/16384
mean(sgnprob[1:i - 1]) = 0.33548198066217405
10368/16384
mean(sgnprob[1:i - 1]) = 0.32593807273078035
10496/16384
mean(sgnprob[1:i - 1]) = 0.32882324916626965
10624/16384
mean(sgnprob[1:i - 1]) = 0.3316388967335028
10752/16384
mean(sgnprob[1:i - 1]) = 0.32006324993023905
10880/16384
mean(sgnprob[1:i - 1]) = 0.3238349112969942
11008/16384
mean(sgnprob[1:i - 1]) = 0.31425456527664214
11136/16384
mean(sgnprob[1:i - 1]) = 0.31621014818140997
11264/16384
mean(sgnprob[1:i - 1]) = 0.30711178194086836
11392/16384
mean(sgnprob[1:i - 1]) = 0.30927925555262925
11520/16384
mean(sgnprob[1:i - 1]) = 0.312093063633996
11648/16384
mean(sgnprob[1:i - 1]) = 0.3160470507426805
11776/16384
mean(sgnprob[1:i - 1]) = 0.31940552016985135
11904/16384
mean(sgnprob[1:i - 1]) = 0.32117953457111653
12032/16384
mean(sgnprob[1:i - 1]) = 0.3126090931759621
12160/16384
mean(sgnprob[1:i - 1]) = 0.31573320174356445
12288/16384
mean(sgnprob[1:i - 1]) = 0.307560836656629
12416/16384
mean(sgnprob[1:i - 1]) = 0.31099476439790574
12544/16384
mean(sgnprob[1:i - 1]) = 0.30399425974647215
12672/16384
mean(sgnprob[1:i - 1]) = 0.30628995343698207
12800/16384
mean(sgnprob[1:i - 1]) = 0.3096335651222752
12928/16384
mean(sgnprob[1:i - 1]) = 0.3124468167401563
13056/16384
mean(sgnprob[1:i - 1]) = 0.3138261202604366
13184/16384
mean(sgnprob[1:i - 1]) = 0.31593719183797314
13312/16384
mean(sgnprob[1:i - 1]) = 0.3074900458267598
13440/16384
mean(sgnprob[1:i - 1]) = 0.30962125158121884
13568/16384
mean(sgnprob[1:i - 1]) = 0.3010982531141741
13696/16384
mean(sgnprob[1:i - 1]) = 0.29258853596202994
13824/16384
mean(sgnprob[1:i - 1]) = 0.29421977862981985
13952/16384
mean(sgnprob[1:i - 1]) = 0.29682460038706904
14080/16384
mean(sgnprob[1:i - 1]) = 0.2982456140350877
14208/16384
mean(sgnprob[1:i - 1]) = 0.30175265714084604
14336/16384
mean(sgnprob[1:i - 1]) = 0.30422043948378097
14464/16384
mean(sgnprob[1:i - 1]) = 0.2972412362580378
14592/16384
mean(sgnprob[1:i - 1]) = 0.29847166061270647
14720/16384
mean(sgnprob[1:i - 1]) = 0.3004959576058156
14848/16384
mean(sgnprob[1:i - 1]) = 0.30262005792415975
14976/16384
mean(sgnprob[1:i - 1]) = 0.3051085141903172
15104/16384
mean(sgnprob[1:i - 1]) = 0.30702509435211545
15232/16384
mean(sgnprob[1:i - 1]) = 0.3066771715580067
15360/16384
mean(sgnprob[1:i - 1]) = 0.3088091672634937
15488/16384
mean(sgnprob[1:i - 1]) = 0.3107767805256021
15616/16384
mean(sgnprob[1:i - 1]) = 0.31373679154658984
15744/16384
mean(sgnprob[1:i - 1]) = 0.31575938512354695
15872/16384
mean(sgnprob[1:i - 1]) = 0.31724529015184927
16000/16384
mean(sgnprob[1:i - 1]) = 0.3198324895305957
16128/16384
mean(sgnprob[1:i - 1]) = 0.32138649469833197
16256/16384
mean(sgnprob[1:i - 1]) = 0.3231621039680098
16384/16384
mean(sgnprob[1:i - 1]) = 0.3244216565952512
736.178310 seconds (167.11 M allocations: 70.745 GiB, 1.48% gc time, 1.23% compilation time)
