## SLURM PROLOG ###############################################################
##    Job ID : 8833800
##  Job Name : sbatch_etgent.sh
##  Nodelist : node1704
##      CPUs : 8
##  Mem/Node : 4096 MB
## Directory : /oscar/home/trazzaz/AFQMC
##   Job Started : Thu Feb 27 10:40:06 PM EST 2025
###############################################################################
seed = 1354
U = 2.0
β = 6.0
Warming up
128/1024
256/1024
384/1024
512/1024
640/1024
768/1024
896/1024
1024/1024
Measuring
128/16384
mean(sgnprob[1:i - 1]) = 0.48031496062992124
256/16384
mean(sgnprob[1:i - 1]) = 0.45098039215686275
384/16384
mean(sgnprob[1:i - 1]) = 0.4255874673629243
512/16384
mean(sgnprob[1:i - 1]) = 0.40117416829745595
640/16384
mean(sgnprob[1:i - 1]) = 0.18622848200312989
768/16384
mean(sgnprob[1:i - 1]) = 0.20990873533246415
896/16384
mean(sgnprob[1:i - 1]) = 0.26256983240223464
1024/16384
mean(sgnprob[1:i - 1]) = 0.15933528836754643
1152/16384
mean(sgnprob[1:i - 1]) = 0.19548218940052128
1280/16384
mean(sgnprob[1:i - 1]) = 0.21970289288506645
1408/16384
mean(sgnprob[1:i - 1]) = 0.21961620469083157
1536/16384
mean(sgnprob[1:i - 1]) = 0.16091205211726384
1664/16384
mean(sgnprob[1:i - 1]) = 0.17739025856885146
1792/16384
mean(sgnprob[1:i - 1]) = 0.14126186487995535
1920/16384
mean(sgnprob[1:i - 1]) = 0.16935904116727463
2048/16384
mean(sgnprob[1:i - 1]) = 0.19101123595505617
2176/16384
mean(sgnprob[1:i - 1]) = 0.20551724137931035
2304/16384
mean(sgnprob[1:i - 1]) = 0.22796352583586627
2432/16384
mean(sgnprob[1:i - 1]) = 0.24475524475524477
2560/16384
mean(sgnprob[1:i - 1]) = 0.2598671355998437
2688/16384
mean(sgnprob[1:i - 1]) = 0.21697059918124303
2816/16384
mean(sgnprob[1:i - 1]) = 0.23268206039076378
2944/16384
mean(sgnprob[1:i - 1]) = 0.2415902140672783
3072/16384
mean(sgnprob[1:i - 1]) = 0.2067730380983393
3200/16384
mean(sgnprob[1:i - 1]) = 0.2172553923100969
3328/16384
mean(sgnprob[1:i - 1]) = 0.22753231139164412
3456/16384
mean(sgnprob[1:i - 1]) = 0.23878437047756873
3584/16384
mean(sgnprob[1:i - 1]) = 0.24420876360591684
3712/16384
mean(sgnprob[1:i - 1]) = 0.2568040959310159
3840/16384
mean(sgnprob[1:i - 1]) = 0.2638707996874186
3968/16384
mean(sgnprob[1:i - 1]) = 0.2689689942021679
4096/16384
mean(sgnprob[1:i - 1]) = 0.27423687423687426
4224/16384
mean(sgnprob[1:i - 1]) = 0.25313757991948854
4352/16384
mean(sgnprob[1:i - 1]) = 0.26269823029188694
4480/16384
mean(sgnprob[1:i - 1]) = 0.27081937932574235
4608/16384
mean(sgnprob[1:i - 1]) = 0.2732797916214456
4736/16384
mean(sgnprob[1:i - 1]) = 0.2747624076029567
4864/16384
mean(sgnprob[1:i - 1]) = 0.27863458770306393
4992/16384
mean(sgnprob[1:i - 1]) = 0.2594670406732118
5120/16384
mean(sgnprob[1:i - 1]) = 0.26118382496581366
5248/16384
mean(sgnprob[1:i - 1]) = 0.24375833809796074
5376/16384
mean(sgnprob[1:i - 1]) = 0.24948837209302327
5504/16384
mean(sgnprob[1:i - 1]) = 0.25422496819916407
5632/16384
mean(sgnprob[1:i - 1]) = 0.2608772864500089
5760/16384
mean(sgnprob[1:i - 1]) = 0.2658447647160965
5888/16384
mean(sgnprob[1:i - 1]) = 0.26923730253100053
6016/16384
mean(sgnprob[1:i - 1]) = 0.27581047381546137
6144/16384
mean(sgnprob[1:i - 1]) = 0.2817841445547778
6272/16384
mean(sgnprob[1:i - 1]) = 0.2865571679158029
6400/16384
mean(sgnprob[1:i - 1]) = 0.2933270823566182
6528/16384
mean(sgnprob[1:i - 1]) = 0.29738011337521064
6656/16384
mean(sgnprob[1:i - 1]) = 0.30247933884297523
6784/16384
mean(sgnprob[1:i - 1]) = 0.28586171310629516
6912/16384
mean(sgnprob[1:i - 1]) = 0.27246418752713064
7040/16384
mean(sgnprob[1:i - 1]) = 0.2595539139082256
7168/16384
mean(sgnprob[1:i - 1]) = 0.26524347704757917
7296/16384
mean(sgnprob[1:i - 1]) = 0.2529129540781357
7424/16384
mean(sgnprob[1:i - 1]) = 0.23966051461673177
7552/16384
mean(sgnprob[1:i - 1]) = 0.24513309495431068
7680/16384
mean(sgnprob[1:i - 1]) = 0.2509441333506967
7808/16384
mean(sgnprob[1:i - 1]) = 0.2373510951710004
7936/16384
mean(sgnprob[1:i - 1]) = 0.24209199747952112
8064/16384
mean(sgnprob[1:i - 1]) = 0.24593823638844103
8192/16384
mean(sgnprob[1:i - 1]) = 0.24697839091685997
8320/16384
mean(sgnprob[1:i - 1]) = 0.2503906719557639
8448/16384
mean(sgnprob[1:i - 1]) = 0.23807268852847166
8576/16384
mean(sgnprob[1:i - 1]) = 0.23918367346938776
8704/16384
mean(sgnprob[1:i - 1]) = 0.24256003676893026
8832/16384
mean(sgnprob[1:i - 1]) = 0.24787679764466086
8960/16384
mean(sgnprob[1:i - 1]) = 0.2519254381069316
9088/16384
mean(sgnprob[1:i - 1]) = 0.2554198305271267
9216/16384
mean(sgnprob[1:i - 1]) = 0.2590341833966359
9344/16384
mean(sgnprob[1:i - 1]) = 0.26254950230118806
9472/16384
mean(sgnprob[1:i - 1]) = 0.26554746066941187
9600/16384
mean(sgnprob[1:i - 1]) = 0.25596416293363894
9728/16384
mean(sgnprob[1:i - 1]) = 0.24539940372159968
9856/16384
mean(sgnprob[1:i - 1]) = 0.23693556570268898
9984/16384
mean(sgnprob[1:i - 1]) = 0.24070920564960432
10112/16384
mean(sgnprob[1:i - 1]) = 0.23034319058451191
10240/16384
mean(sgnprob[1:i - 1]) = 0.2206270143568708
10368/16384
mean(sgnprob[1:i - 1]) = 0.22311179704832643
10496/16384
mean(sgnprob[1:i - 1]) = 0.22572653644592663
10624/16384
mean(sgnprob[1:i - 1]) = 0.21641720794502495
10752/16384
mean(sgnprob[1:i - 1]) = 0.22035159520044648
10880/16384
mean(sgnprob[1:i - 1]) = 0.22364187884915893
11008/16384
mean(sgnprob[1:i - 1]) = 0.2244935041337331
11136/16384
mean(sgnprob[1:i - 1]) = 0.22748091603053436
11264/16384
mean(sgnprob[1:i - 1]) = 0.22915741809464618
11392/16384
mean(sgnprob[1:i - 1]) = 0.23220086032832937
11520/16384
mean(sgnprob[1:i - 1]) = 0.23587116937234134
11648/16384
mean(sgnprob[1:i - 1]) = 0.23825877908474286
11776/16384
mean(sgnprob[1:i - 1]) = 0.22989384288747347
11904/16384
mean(sgnprob[1:i - 1]) = 0.22204486263967066
12032/16384
mean(sgnprob[1:i - 1]) = 0.22616573850885213
12160/16384
mean(sgnprob[1:i - 1]) = 0.2186857471831565
12288/16384
mean(sgnprob[1:i - 1]) = 0.21282656466183772
12416/16384
mean(sgnprob[1:i - 1]) = 0.21465968586387435
12544/16384
mean(sgnprob[1:i - 1]) = 0.2185282627760504
12672/16384
mean(sgnprob[1:i - 1]) = 0.21963538789361534
12800/16384
mean(sgnprob[1:i - 1]) = 0.22322056410657082
12928/16384
mean(sgnprob[1:i - 1]) = 0.21590469559836
13056/16384
mean(sgnprob[1:i - 1]) = 0.21869015702795863
13184/16384
mean(sgnprob[1:i - 1]) = 0.222331790942881
13312/16384
mean(sgnprob[1:i - 1]) = 0.21673803621065285
13440/16384
mean(sgnprob[1:i - 1]) = 0.21913832874469827
13568/16384
mean(sgnprob[1:i - 1]) = 0.22178816245301097
13696/16384
mean(sgnprob[1:i - 1]) = 0.22380430814165753
13824/16384
mean(sgnprob[1:i - 1]) = 0.22708529262822832
13952/16384
mean(sgnprob[1:i - 1]) = 0.21941079492509497
14080/16384
mean(sgnprob[1:i - 1]) = 0.21301228780453157
14208/16384
mean(sgnprob[1:i - 1]) = 0.21489406630534244
14336/16384
mean(sgnprob[1:i - 1]) = 0.20851063829787234
14464/16384
mean(sgnprob[1:i - 1]) = 0.21012238124870358
14592/16384
mean(sgnprob[1:i - 1]) = 0.21197998766362827
14720/16384
mean(sgnprob[1:i - 1]) = 0.2147564372579659
14848/16384
mean(sgnprob[1:i - 1]) = 0.21708089176264564
14976/16384
mean(sgnprob[1:i - 1]) = 0.21936560934891486
15104/16384
mean(sgnprob[1:i - 1]) = 0.22068463219227968
15232/16384
mean(sgnprob[1:i - 1]) = 0.21515330575799357
15360/16384
mean(sgnprob[1:i - 1]) = 0.21752718275929422
15488/16384
mean(sgnprob[1:i - 1]) = 0.21973267902111449
15616/16384
mean(sgnprob[1:i - 1]) = 0.2219020172910663
15744/16384
mean(sgnprob[1:i - 1]) = 0.224036079527409
15872/16384
mean(sgnprob[1:i - 1]) = 0.2248755591960179
16000/16384
mean(sgnprob[1:i - 1]) = 0.22695168448028002
16128/16384
mean(sgnprob[1:i - 1]) = 0.22949091585539777
16256/16384
mean(sgnprob[1:i - 1]) = 0.23199015687480776
16384/16384
mean(sgnprob[1:i - 1]) = 0.23383995605200514
734.248482 seconds (167.11 M allocations: 70.745 GiB, 1.19% gc time, 1.21% compilation time)
