## SLURM PROLOG ###############################################################
##    Job ID : 5898733
##  Job Name : etgent_2x2_seed1249
##  Nodelist : node1748
##      CPUs : 8
##  Mem/Node : 2048 MB
## Directory : /oscar/home/trazzaz/AFQMC
##   Job Started : Sun Nov 10 08:33:05 PM EST 2024
###############################################################################
U = 2.0
seed = 1249
λₖ = 0.0
Warming up
128/512
256/512
384/512
512/512
Measuring
128/1024
256/1024
384/1024
512/1024
640/1024
768/1024
896/1024
1024/1024
411.834122 seconds (210.26 M allocations: 1.099 TiB, 23.41% gc time, 2.28% compilation time)
λₖ = 0.2
Warming up
128/512
256/512
384/512
512/512
Measuring
128/1024
256/1024
384/1024
512/1024
640/1024
768/1024
896/1024
1024/1024
400.849769 seconds (208.41 M allocations: 1.099 TiB, 22.63% gc time, 0.03% compilation time)
λₖ = 0.4
Warming up
128/512
256/512
384/512
512/512
Measuring
128/1024
256/1024
384/1024
512/1024
640/1024
768/1024
896/1024
1024/1024
352.712105 seconds (208.41 M allocations: 1.099 TiB, 22.19% gc time)
λₖ = 0.6
Warming up
128/512
256/512
384/512
512/512
Measuring
128/1024
256/1024
384/1024
512/1024
640/1024
768/1024
896/1024
1024/1024
336.707154 seconds (208.41 M allocations: 1.099 TiB, 23.53% gc time)
λₖ = 0.8
Warming up
128/512
256/512
384/512
512/512
Measuring
128/1024
256/1024
384/1024
512/1024
640/1024
768/1024
896/1024
1024/1024
299.162156 seconds (208.41 M allocations: 1.099 TiB, 25.07% gc time)
