## SLURM PROLOG ###############################################################
##    Job ID : 8833998
##  Job Name : sbatch_etgent.sh
##  Nodelist : node1322
##      CPUs : 8
##  Mem/Node : 4096 MB
## Directory : /oscar/home/trazzaz/AFQMC
##   Job Started : Fri Feb 28 04:04:43 AM EST 2025
###############################################################################
seed = 1552
U = 2.0
β = 6.0
Warming up
128/1024
256/1024
384/1024
512/1024
640/1024
768/1024
896/1024
1024/1024
Measuring
128/16384
mean(sgnprob[1:i - 1]) = 0.5275590551181102
256/16384
mean(sgnprob[1:i - 1]) = 0.5058823529411764
384/16384
mean(sgnprob[1:i - 1]) = 0.5091383812010444
512/16384
mean(sgnprob[1:i - 1]) = 0.49902152641878667
640/16384
mean(sgnprob[1:i - 1]) = 0.5023474178403756
768/16384
mean(sgnprob[1:i - 1]) = 0.4941329856584094
896/16384
mean(sgnprob[1:i - 1]) = 0.4860335195530726
1024/16384
mean(sgnprob[1:i - 1]) = 0.4897360703812317
1152/16384
mean(sgnprob[1:i - 1]) = 0.3796698523023458
1280/16384
mean(sgnprob[1:i - 1]) = 0.39171227521501173
1408/16384
mean(sgnprob[1:i - 1]) = 0.3091684434968017
1536/16384
mean(sgnprob[1:i - 1]) = 0.30944625407166126
1664/16384
mean(sgnprob[1:i - 1]) = 0.3132892363199038
1792/16384
mean(sgnprob[1:i - 1]) = 0.3322166387493021
1920/16384
mean(sgnprob[1:i - 1]) = 0.3423658155289213
2048/16384
mean(sgnprob[1:i - 1]) = 0.29360039081582806
2176/16384
mean(sgnprob[1:i - 1]) = 0.24597701149425288
2304/16384
mean(sgnprob[1:i - 1]) = 0.25835866261398177
2432/16384
mean(sgnprob[1:i - 1]) = 0.27025915261209377
2560/16384
mean(sgnprob[1:i - 1]) = 0.28487690504103164
2688/16384
mean(sgnprob[1:i - 1]) = 0.29810197245999254
2816/16384
mean(sgnprob[1:i - 1]) = 0.26465364120781526
2944/16384
mean(sgnprob[1:i - 1]) = 0.23751274209989806
3072/16384
mean(sgnprob[1:i - 1]) = 0.2556170628459785
3200/16384
mean(sgnprob[1:i - 1]) = 0.2603938730853392
3328/16384
mean(sgnprob[1:i - 1]) = 0.2341448752629997
3456/16384
mean(sgnprob[1:i - 1]) = 0.2434153400868307
3584/16384
mean(sgnprob[1:i - 1]) = 0.2157409991627128
3712/16384
mean(sgnprob[1:i - 1]) = 0.22824036647803828
3840/16384
mean(sgnprob[1:i - 1]) = 0.23990622557957803
3968/16384
mean(sgnprob[1:i - 1]) = 0.21552810688177465
4096/16384
mean(sgnprob[1:i - 1]) = 0.22637362637362637
4224/16384
mean(sgnprob[1:i - 1]) = 0.20388349514563106
4352/16384
mean(sgnprob[1:i - 1]) = 0.21489312801654792
4480/16384
mean(sgnprob[1:i - 1]) = 0.22348738557713776
4608/16384
mean(sgnprob[1:i - 1]) = 0.23247232472324722
4736/16384
mean(sgnprob[1:i - 1]) = 0.2375923970432946
4864/16384
mean(sgnprob[1:i - 1]) = 0.2157104667900473
4992/16384
mean(sgnprob[1:i - 1]) = 0.2246042877178922
5120/16384
mean(sgnprob[1:i - 1]) = 0.2314905254932604
5248/16384
mean(sgnprob[1:i - 1]) = 0.2338479130931961
5376/16384
mean(sgnprob[1:i - 1]) = 0.21339534883720931
5504/16384
mean(sgnprob[1:i - 1]) = 0.2196983463565328
5632/16384
mean(sgnprob[1:i - 1]) = 0.22464926300834664
5760/16384
mean(sgnprob[1:i - 1]) = 0.22972738322625455
5888/16384
mean(sgnprob[1:i - 1]) = 0.2359436045524036
6016/16384
mean(sgnprob[1:i - 1]) = 0.22061512884455528
6144/16384
mean(sgnprob[1:i - 1]) = 0.22806446361712518
6272/16384
mean(sgnprob[1:i - 1]) = 0.23425291022165523
6400/16384
mean(sgnprob[1:i - 1]) = 0.2392561337709017
6528/16384
mean(sgnprob[1:i - 1]) = 0.24406312241458555
6656/16384
mean(sgnprob[1:i - 1]) = 0.24778362133734033
6784/16384
mean(sgnprob[1:i - 1]) = 0.25195341294412504
6912/16384
mean(sgnprob[1:i - 1]) = 0.257994501519317
7040/16384
mean(sgnprob[1:i - 1]) = 0.2606904389828101
7168/16384
mean(sgnprob[1:i - 1]) = 0.26273196595507187
7296/16384
mean(sgnprob[1:i - 1]) = 0.2507196710075394
7424/16384
mean(sgnprob[1:i - 1]) = 0.2555570524046881
7552/16384
mean(sgnprob[1:i - 1]) = 0.24433849821215733
7680/16384
mean(sgnprob[1:i - 1]) = 0.23323349394452403
7808/16384
mean(sgnprob[1:i - 1]) = 0.23683873446906623
7936/16384
mean(sgnprob[1:i - 1]) = 0.24133585381222433
8064/16384
mean(sgnprob[1:i - 1]) = 0.24569018975567405
8192/16384
mean(sgnprob[1:i - 1]) = 0.2499084360883897
8320/16384
mean(sgnprob[1:i - 1]) = 0.25447770164683253
8448/16384
mean(sgnprob[1:i - 1]) = 0.2442287202557121
8576/16384
mean(sgnprob[1:i - 1]) = 0.2473469387755102
8704/16384
mean(sgnprob[1:i - 1]) = 0.25014362863380446
8832/16384
mean(sgnprob[1:i - 1]) = 0.23836485109274147
8960/16384
mean(sgnprob[1:i - 1]) = 0.24366558767719612
9088/16384
mean(sgnprob[1:i - 1]) = 0.2468361395400022
9216/16384
mean(sgnprob[1:i - 1]) = 0.24991861096039067
9344/16384
mean(sgnprob[1:i - 1]) = 0.2402868457668843
9472/16384
mean(sgnprob[1:i - 1]) = 0.2433745116671946
9600/16384
mean(sgnprob[1:i - 1]) = 0.24762996145431815
9728/16384
mean(sgnprob[1:i - 1]) = 0.252595867173846
9856/16384
mean(sgnprob[1:i - 1]) = 0.25540334855403346
9984/16384
mean(sgnprob[1:i - 1]) = 0.25793849544225184
10112/16384
mean(sgnprob[1:i - 1]) = 0.2613984769063396
10240/16384
mean(sgnprob[1:i - 1]) = 0.2657486082625256
10368/16384
mean(sgnprob[1:i - 1]) = 0.26921963923989584
10496/16384
mean(sgnprob[1:i - 1]) = 0.2720343020485946
10624/16384
mean(sgnprob[1:i - 1]) = 0.2745928645392074
10752/16384
mean(sgnprob[1:i - 1]) = 0.2770905032090038
10880/16384
mean(sgnprob[1:i - 1]) = 0.28063241106719367
11008/16384
mean(sgnprob[1:i - 1]) = 0.2717361678931589
11136/16384
mean(sgnprob[1:i - 1]) = 0.26250561293219576
11264/16384
mean(sgnprob[1:i - 1]) = 0.2653822249844624
11392/16384
mean(sgnprob[1:i - 1]) = 0.2571328241594241
11520/16384
mean(sgnprob[1:i - 1]) = 0.25010851636426773
11648/16384
mean(sgnprob[1:i - 1]) = 0.2533699665149824
11776/16384
mean(sgnprob[1:i - 1]) = 0.25690021231422505
11904/16384
mean(sgnprob[1:i - 1]) = 0.25901033352936237
12032/16384
mean(sgnprob[1:i - 1]) = 0.2620729781398055
12160/16384
mean(sgnprob[1:i - 1]) = 0.26490665350768977
12288/16384
mean(sgnprob[1:i - 1]) = 0.2660535525351998
12416/16384
mean(sgnprob[1:i - 1]) = 0.26830447039871125
12544/16384
mean(sgnprob[1:i - 1]) = 0.2693932870924021
12672/16384
mean(sgnprob[1:i - 1]) = 0.27266987609502014
12800/16384
mean(sgnprob[1:i - 1]) = 0.27322447066177047
12928/16384
mean(sgnprob[1:i - 1]) = 0.27485108687243753
13056/16384
mean(sgnprob[1:i - 1]) = 0.27751819226350055
13184/16384
mean(sgnprob[1:i - 1]) = 0.27922324205416066
13312/16384
mean(sgnprob[1:i - 1]) = 0.2822477650063857
13440/16384
mean(sgnprob[1:i - 1]) = 0.2756901555175236
13568/16384
mean(sgnprob[1:i - 1]) = 0.2772167760005897
13696/16384
mean(sgnprob[1:i - 1]) = 0.2788608981380066
13824/16384
mean(sgnprob[1:i - 1]) = 0.28177674889676624
13952/16384
mean(sgnprob[1:i - 1]) = 0.2753207655365207
14080/16384
mean(sgnprob[1:i - 1]) = 0.27736344910860145
14208/16384
mean(sgnprob[1:i - 1]) = 0.27908777363271625
14336/16384
mean(sgnprob[1:i - 1]) = 0.2807813044994768
14464/16384
mean(sgnprob[1:i - 1]) = 0.28327456267717627
14592/16384
mean(sgnprob[1:i - 1]) = 0.27599204989377013
14720/16384
mean(sgnprob[1:i - 1]) = 0.2782118350431415
14848/16384
mean(sgnprob[1:i - 1]) = 0.28012393076042297
14976/16384
mean(sgnprob[1:i - 1]) = 0.2813355592654424
15104/16384
mean(sgnprob[1:i - 1]) = 0.2823942263126531
15232/16384
mean(sgnprob[1:i - 1]) = 0.28487952202744404
15360/16384
mean(sgnprob[1:i - 1]) = 0.286281658962172
15488/16384
mean(sgnprob[1:i - 1]) = 0.28753147801381806
15616/16384
mean(sgnprob[1:i - 1]) = 0.288248479026577
15744/16384
mean(sgnprob[1:i - 1]) = 0.2806961824302865
15872/16384
mean(sgnprob[1:i - 1]) = 0.28271690504694097
16000/16384
mean(sgnprob[1:i - 1]) = 0.2758297393587099
16128/16384
mean(sgnprob[1:i - 1]) = 0.2699200099212501
16256/16384
mean(sgnprob[1:i - 1]) = 0.2716087357736081
16384/16384
mean(sgnprob[1:i - 1]) = 0.2732710736739303
799.544200 seconds (167.11 M allocations: 70.745 GiB, 1.93% gc time, 1.31% compilation time)
