## SLURM PROLOG ###############################################################
##    Job ID : 8833956
##  Job Name : sbatch_etgent.sh
##  Nodelist : node1736
##      CPUs : 8
##  Mem/Node : 4096 MB
## Directory : /oscar/home/trazzaz/AFQMC
##   Job Started : Fri Feb 28 02:54:27 AM EST 2025
###############################################################################
seed = 1510
U = 2.0
β = 6.0
Warming up
128/1024
256/1024
384/1024
512/1024
640/1024
768/1024
896/1024
1024/1024
Measuring
128/16384
mean(sgnprob[1:i - 1]) = 0.5748031496062992
256/16384
mean(sgnprob[1:i - 1]) = 0.011764705882352941
384/16384
mean(sgnprob[1:i - 1]) = 0.22193211488250653
512/16384
mean(sgnprob[1:i - 1]) = 0.32289628180039137
640/16384
mean(sgnprob[1:i - 1]) = 0.3489827856025039
768/16384
mean(sgnprob[1:i - 1]) = 0.37157757496740546
896/16384
mean(sgnprob[1:i - 1]) = 0.394413407821229
1024/16384
mean(sgnprob[1:i - 1]) = 0.41348973607038125
1152/16384
mean(sgnprob[1:i - 1]) = 0.42137271937445697
1280/16384
mean(sgnprob[1:i - 1]) = 0.32447224394057855
1408/16384
mean(sgnprob[1:i - 1]) = 0.3461265103056148
1536/16384
mean(sgnprob[1:i - 1]) = 0.36938110749185665
1664/16384
mean(sgnprob[1:i - 1]) = 0.39266386049308477
1792/16384
mean(sgnprob[1:i - 1]) = 0.40815187046342827
1920/16384
mean(sgnprob[1:i - 1]) = 0.42678478374153206
2048/16384
mean(sgnprob[1:i - 1]) = 0.43917928676111384
2176/16384
mean(sgnprob[1:i - 1]) = 0.44275862068965516
2304/16384
mean(sgnprob[1:i - 1]) = 0.44941380807642206
2432/16384
mean(sgnprob[1:i - 1]) = 0.4586589880707528
2560/16384
mean(sgnprob[1:i - 1]) = 0.46463462289957014
2688/16384
mean(sgnprob[1:i - 1]) = 0.47152958689988833
2816/16384
mean(sgnprob[1:i - 1]) = 0.4294849023090586
2944/16384
mean(sgnprob[1:i - 1]) = 0.43051308188922865
3072/16384
mean(sgnprob[1:i - 1]) = 0.4353630739172908
3200/16384
mean(sgnprob[1:i - 1]) = 0.4379493591747421
3328/16384
mean(sgnprob[1:i - 1]) = 0.44334235046588516
3456/16384
mean(sgnprob[1:i - 1]) = 0.4454413892908828
3584/16384
mean(sgnprob[1:i - 1]) = 0.45241417806307566
3712/16384
mean(sgnprob[1:i - 1]) = 0.4551333872271625
3840/16384
mean(sgnprob[1:i - 1]) = 0.45975514456889816
3968/16384
mean(sgnprob[1:i - 1]) = 0.4630703302243509
4096/16384
mean(sgnprob[1:i - 1]) = 0.46373626373626375
4224/16384
mean(sgnprob[1:i - 1]) = 0.46957139474307363
4352/16384
mean(sgnprob[1:i - 1]) = 0.46908756607676394
4480/16384
mean(sgnprob[1:i - 1]) = 0.4704175039071221
4608/16384
mean(sgnprob[1:i - 1]) = 0.4699370523116996
4736/16384
mean(sgnprob[1:i - 1]) = 0.4720168954593453
4864/16384
mean(sgnprob[1:i - 1]) = 0.4698745630269381
4992/16384
mean(sgnprob[1:i - 1]) = 0.4718493287918253
5120/16384
mean(sgnprob[1:i - 1]) = 0.44715764797812074
5248/16384
mean(sgnprob[1:i - 1]) = 0.45149609300552696
5376/16384
mean(sgnprob[1:i - 1]) = 0.45376744186046514
5504/16384
mean(sgnprob[1:i - 1]) = 0.4570234417590405
5632/16384
mean(sgnprob[1:i - 1]) = 0.4338483395489256
5760/16384
mean(sgnprob[1:i - 1]) = 0.4134398333043931
5888/16384
mean(sgnprob[1:i - 1]) = 0.4143027008663156
6016/16384
mean(sgnprob[1:i - 1]) = 0.4164588528678304
6144/16384
mean(sgnprob[1:i - 1]) = 0.3954094090835097
6272/16384
mean(sgnprob[1:i - 1]) = 0.3959496093127093
6400/16384
mean(sgnprob[1:i - 1]) = 0.39928113767776213
6528/16384
mean(sgnprob[1:i - 1]) = 0.4037076758081814
6656/16384
mean(sgnprob[1:i - 1]) = 0.4070623591284748
6784/16384
mean(sgnprob[1:i - 1]) = 0.40881615804216426
6912/16384
mean(sgnprob[1:i - 1]) = 0.4113731732021415
7040/16384
mean(sgnprob[1:i - 1]) = 0.41554198039494245
7168/16384
mean(sgnprob[1:i - 1]) = 0.4187247104785824
7296/16384
mean(sgnprob[1:i - 1]) = 0.4012337217272104
7424/16384
mean(sgnprob[1:i - 1]) = 0.38272935470833896
7552/16384
mean(sgnprob[1:i - 1]) = 0.3865713150576083
7680/16384
mean(sgnprob[1:i - 1]) = 0.3715327516603724
7808/16384
mean(sgnprob[1:i - 1]) = 0.3744075829383886
7936/16384
mean(sgnprob[1:i - 1]) = 0.3766855702583491
8064/16384
mean(sgnprob[1:i - 1]) = 0.37963537144983256
8192/16384
mean(sgnprob[1:i - 1]) = 0.38078378708338423
8320/16384
mean(sgnprob[1:i - 1]) = 0.3641062627719678
8448/16384
mean(sgnprob[1:i - 1]) = 0.3668758138984255
8576/16384
mean(sgnprob[1:i - 1]) = 0.36956268221574345
8704/16384
mean(sgnprob[1:i - 1]) = 0.3742387682408365
8832/16384
mean(sgnprob[1:i - 1]) = 0.3771939757671838
8960/16384
mean(sgnprob[1:i - 1]) = 0.37961826096662576
9088/16384
mean(sgnprob[1:i - 1]) = 0.3667877187190492
9216/16384
mean(sgnprob[1:i - 1]) = 0.36820401519262075
9344/16384
mean(sgnprob[1:i - 1]) = 0.3708658889007813
9472/16384
mean(sgnprob[1:i - 1]) = 0.37366698342308097
9600/16384
mean(sgnprob[1:i - 1]) = 0.3784769246796541
9728/16384
mean(sgnprob[1:i - 1]) = 0.38089852986532335
9856/16384
mean(sgnprob[1:i - 1]) = 0.3828513444951801
9984/16384
mean(sgnprob[1:i - 1]) = 0.38535510367624964
10112/16384
mean(sgnprob[1:i - 1]) = 0.38720205716546335
10240/16384
mean(sgnprob[1:i - 1]) = 0.38997949018458833
10368/16384
mean(sgnprob[1:i - 1]) = 0.3799556284363847
10496/16384
mean(sgnprob[1:i - 1]) = 0.36884230585993333
10624/16384
mean(sgnprob[1:i - 1]) = 0.3711757507295491
10752/16384
mean(sgnprob[1:i - 1]) = 0.37270951539391683
10880/16384
mean(sgnprob[1:i - 1]) = 0.3756779115727549
11008/16384
mean(sgnprob[1:i - 1]) = 0.37748705369310437
11136/16384
mean(sgnprob[1:i - 1]) = 0.3801526717557252
11264/16384
mean(sgnprob[1:i - 1]) = 0.3811595489656397
11392/16384
mean(sgnprob[1:i - 1]) = 0.3710824335001317
11520/16384
mean(sgnprob[1:i - 1]) = 0.37199409670978384
11648/16384
mean(sgnprob[1:i - 1]) = 0.3730574396840388
11776/16384
mean(sgnprob[1:i - 1]) = 0.37613588110403395
11904/16384
mean(sgnprob[1:i - 1]) = 0.3783079895824582
12032/16384
mean(sgnprob[1:i - 1]) = 0.38010140470451337
12160/16384
mean(sgnprob[1:i - 1]) = 0.38202154782465664
12288/16384
mean(sgnprob[1:i - 1]) = 0.38325059005452916
12416/16384
mean(sgnprob[1:i - 1]) = 0.3838099073701168
12544/16384
mean(sgnprob[1:i - 1]) = 0.38483616359722556
12672/16384
mean(sgnprob[1:i - 1]) = 0.3859995264777839
12800/16384
mean(sgnprob[1:i - 1]) = 0.3885459801546996
12928/16384
mean(sgnprob[1:i - 1]) = 0.3799025295892318
13056/16384
mean(sgnprob[1:i - 1]) = 0.3803140559172731
13184/16384
mean(sgnprob[1:i - 1]) = 0.38223469619965106
13312/16384
mean(sgnprob[1:i - 1]) = 0.3838178949740816
13440/16384
mean(sgnprob[1:i - 1]) = 0.38492447354713893
13568/16384
mean(sgnprob[1:i - 1]) = 0.38615758826564456
13696/16384
mean(sgnprob[1:i - 1]) = 0.3886820007301935
13824/16384
mean(sgnprob[1:i - 1]) = 0.39072560225710773
13952/16384
mean(sgnprob[1:i - 1]) = 0.38111963300121854
14080/16384
mean(sgnprob[1:i - 1]) = 0.38220044037218553
14208/16384
mean(sgnprob[1:i - 1]) = 0.3836840993876258
14336/16384
mean(sgnprob[1:i - 1]) = 0.3851412626438786
14464/16384
mean(sgnprob[1:i - 1]) = 0.37813731590956234
14592/16384
mean(sgnprob[1:i - 1]) = 0.370022616681516
14720/16384
mean(sgnprob[1:i - 1]) = 0.3710170527889123
14848/16384
mean(sgnprob[1:i - 1]) = 0.3625648279113626
14976/16384
mean(sgnprob[1:i - 1]) = 0.36373956594323875
15104/16384
mean(sgnprob[1:i - 1]) = 0.3656889359729855
15232/16384
mean(sgnprob[1:i - 1]) = 0.36786816361368263
15360/16384
mean(sgnprob[1:i - 1]) = 0.3687089003190312
15488/16384
mean(sgnprob[1:i - 1]) = 0.370827145347711
15616/16384
mean(sgnprob[1:i - 1]) = 0.37214217098943325
15744/16384
mean(sgnprob[1:i - 1]) = 0.3738169345105761
15872/16384
mean(sgnprob[1:i - 1]) = 0.3745825719866423
16000/16384
mean(sgnprob[1:i - 1]) = 0.3762110131883243
16128/16384
mean(sgnprob[1:i - 1]) = 0.3781856513920754
16256/16384
mean(sgnprob[1:i - 1]) = 0.37028606582589974
16384/16384
mean(sgnprob[1:i - 1]) = 0.37178782884697553
728.624543 seconds (167.11 M allocations: 70.745 GiB, 1.31% gc time, 1.23% compilation time)
