## SLURM PROLOG ###############################################################
##    Job ID : 8834041
##  Job Name : sbatch_etgent.sh
##  Nodelist : node1736
##      CPUs : 8
##  Mem/Node : 4096 MB
## Directory : /oscar/home/trazzaz/AFQMC
##   Job Started : Fri Feb 28 05:13:17 AM EST 2025
###############################################################################
seed = 1595
U = 2.0
β = 6.0
Warming up
128/1024
256/1024
384/1024
512/1024
640/1024
768/1024
896/1024
1024/1024
Measuring
128/16384
mean(sgnprob[1:i - 1]) = -0.44881889763779526
256/16384
mean(sgnprob[1:i - 1]) = -0.0196078431372549
384/16384
mean(sgnprob[1:i - 1]) = 0.13315926892950392
512/16384
mean(sgnprob[1:i - 1]) = -0.009784735812133072
640/16384
mean(sgnprob[1:i - 1]) = -0.10172143974960876
768/16384
mean(sgnprob[1:i - 1]) = -0.02216427640156454
896/16384
mean(sgnprob[1:i - 1]) = -0.08156424581005586
1024/16384
mean(sgnprob[1:i - 1]) = -0.022482893450635387
1152/16384
mean(sgnprob[1:i - 1]) = 0.021720243266724587
1280/16384
mean(sgnprob[1:i - 1]) = 0.0727130570758405
1408/16384
mean(sgnprob[1:i - 1]) = 0.09594882729211088
1536/16384
mean(sgnprob[1:i - 1]) = 0.04495114006514658
1664/16384
mean(sgnprob[1:i - 1]) = 0.07636800962116656
1792/16384
mean(sgnprob[1:i - 1]) = 0.10776102735901731
1920/16384
mean(sgnprob[1:i - 1]) = 0.12975508077123502
2048/16384
mean(sgnprob[1:i - 1]) = 0.09330727894479726
2176/16384
mean(sgnprob[1:i - 1]) = 0.11724137931034483
2304/16384
mean(sgnprob[1:i - 1]) = 0.08033000434216239
2432/16384
mean(sgnprob[1:i - 1]) = 0.058823529411764705
2560/16384
mean(sgnprob[1:i - 1]) = 0.07307542008597108
2688/16384
mean(sgnprob[1:i - 1]) = 0.08522515816896167
2816/16384
mean(sgnprob[1:i - 1]) = 0.10408525754884547
2944/16384
mean(sgnprob[1:i - 1]) = 0.11926605504587157
3072/16384
mean(sgnprob[1:i - 1]) = 0.13318137414522957
3200/16384
mean(sgnprob[1:i - 1]) = 0.1453579243513598
3328/16384
mean(sgnprob[1:i - 1]) = 0.15359182446648634
3456/16384
mean(sgnprob[1:i - 1]) = 0.16816208393632417
3584/16384
mean(sgnprob[1:i - 1]) = 0.1805749372034608
3712/16384
mean(sgnprob[1:i - 1]) = 0.1608730800323363
3840/16384
mean(sgnprob[1:i - 1]) = 0.16801250325605627
3968/16384
mean(sgnprob[1:i - 1]) = 0.17721199899168136
4096/16384
mean(sgnprob[1:i - 1]) = 0.15897435897435896
4224/16384
mean(sgnprob[1:i - 1]) = 0.1655221406582998
4352/16384
mean(sgnprob[1:i - 1]) = 0.1730636635256263
4480/16384
mean(sgnprob[1:i - 1]) = 0.18285331547220363
4608/16384
mean(sgnprob[1:i - 1]) = 0.18949424788365532
4736/16384
mean(sgnprob[1:i - 1]) = 0.19493136219640972
4864/16384
mean(sgnprob[1:i - 1]) = 0.17993008431009666
4992/16384
mean(sgnprob[1:i - 1]) = 0.16249248647565617
5120/16384
mean(sgnprob[1:i - 1]) = 0.16858761476850948
5248/16384
mean(sgnprob[1:i - 1]) = 0.15494568324757005
5376/16384
mean(sgnprob[1:i - 1]) = 0.1415813953488372
5504/16384
mean(sgnprob[1:i - 1]) = 0.12629474831909868
5632/16384
mean(sgnprob[1:i - 1]) = 0.12946190729888118
5760/16384
mean(sgnprob[1:i - 1]) = 0.13804479944434797
5888/16384
mean(sgnprob[1:i - 1]) = 0.14693392220146084
6016/16384
mean(sgnprob[1:i - 1]) = 0.15344970906068162
6144/16384
mean(sgnprob[1:i - 1]) = 0.15936838678170276
6272/16384
mean(sgnprob[1:i - 1]) = 0.15037474087067454
6400/16384
mean(sgnprob[1:i - 1]) = 0.15330520393811534
6528/16384
mean(sgnprob[1:i - 1]) = 0.160104182626015
6656/16384
mean(sgnprob[1:i - 1]) = 0.1669421487603306
6784/16384
mean(sgnprob[1:i - 1]) = 0.15789473684210525
6912/16384
mean(sgnprob[1:i - 1]) = 0.14484155693821443
7040/16384
mean(sgnprob[1:i - 1]) = 0.13709333712175026
7168/16384
mean(sgnprob[1:i - 1]) = 0.14022603599832567
7296/16384
mean(sgnprob[1:i - 1]) = 0.1435229609321453
7424/16384
mean(sgnprob[1:i - 1]) = 0.13485113835376533
7552/16384
mean(sgnprob[1:i - 1]) = 0.12726791153489603
7680/16384
mean(sgnprob[1:i - 1]) = 0.12019794244042192
7808/16384
mean(sgnprob[1:i - 1]) = 0.11182272319713078
7936/16384
mean(sgnprob[1:i - 1]) = 0.11581600504095778
8064/16384
mean(sgnprob[1:i - 1]) = 0.10752821530447725
8192/16384
mean(sgnprob[1:i - 1]) = 0.10096447320229521
8320/16384
mean(sgnprob[1:i - 1]) = 0.1059021517009256
8448/16384
mean(sgnprob[1:i - 1]) = 0.11163726766899491
8576/16384
mean(sgnprob[1:i - 1]) = 0.11533527696793003
8704/16384
mean(sgnprob[1:i - 1]) = 0.10582557738710789
8832/16384
mean(sgnprob[1:i - 1]) = 0.11153889706714981
8960/16384
mean(sgnprob[1:i - 1]) = 0.11798191762473491
9088/16384
mean(sgnprob[1:i - 1]) = 0.12248266754704523
9216/16384
mean(sgnprob[1:i - 1]) = 0.11427021161150298
9344/16384
mean(sgnprob[1:i - 1]) = 0.10478433051482393
9472/16384
mean(sgnprob[1:i - 1]) = 0.09682187730968218
9600/16384
mean(sgnprob[1:i - 1]) = 0.09094697364308782
9728/16384
mean(sgnprob[1:i - 1]) = 0.09509612419039787
9856/16384
mean(sgnprob[1:i - 1]) = 0.09974632166412989
9984/16384
mean(sgnprob[1:i - 1]) = 0.1044776119402985
10112/16384
mean(sgnprob[1:i - 1]) = 0.09623182672337059
10240/16384
mean(sgnprob[1:i - 1]) = 0.09053618517433343
10368/16384
mean(sgnprob[1:i - 1]) = 0.09443426256390469
10496/16384
mean(sgnprob[1:i - 1]) = 0.10014292520247738
10624/16384
mean(sgnprob[1:i - 1]) = 0.10345476795632119
10752/16384
mean(sgnprob[1:i - 1]) = 0.09533996837503488
10880/16384
mean(sgnprob[1:i - 1]) = 0.08851916536446365
11008/16384
mean(sgnprob[1:i - 1]) = 0.09275915326610339
11136/16384
mean(sgnprob[1:i - 1]) = 0.09564436461607544
11264/16384
mean(sgnprob[1:i - 1]) = 0.09935186007280476
11392/16384
mean(sgnprob[1:i - 1]) = 0.10297603371082434
11520/16384
mean(sgnprob[1:i - 1]) = 0.10773504644500391
11648/16384
mean(sgnprob[1:i - 1]) = 0.11187430239546664
11776/16384
mean(sgnprob[1:i - 1]) = 0.11439490445859872
11904/16384
mean(sgnprob[1:i - 1]) = 0.11686129547172981
12032/16384
mean(sgnprob[1:i - 1]) = 0.11212700523647244
12160/16384
mean(sgnprob[1:i - 1]) = 0.11538777860021383
12288/16384
mean(sgnprob[1:i - 1]) = 0.11841783999348905
12416/16384
mean(sgnprob[1:i - 1]) = 0.12106322996375353
12544/16384
mean(sgnprob[1:i - 1]) = 0.12477078848760265
12672/16384
mean(sgnprob[1:i - 1]) = 0.12808775945071424
12800/16384
mean(sgnprob[1:i - 1]) = 0.12227517774826158
12928/16384
mean(sgnprob[1:i - 1]) = 0.12493231221474434
13056/16384
mean(sgnprob[1:i - 1]) = 0.12860972807353505
13184/16384
mean(sgnprob[1:i - 1]) = 0.13176060077372373
13312/16384
mean(sgnprob[1:i - 1]) = 0.1345503718728871
13440/16384
mean(sgnprob[1:i - 1]) = 0.1285065853114071
13568/16384
mean(sgnprob[1:i - 1]) = 0.13142183238741062
13696/16384
mean(sgnprob[1:i - 1]) = 0.12654253377144944
13824/16384
mean(sgnprob[1:i - 1]) = 0.1298560370397164
13952/16384
mean(sgnprob[1:i - 1]) = 0.12551071607770053
14080/16384
mean(sgnprob[1:i - 1]) = 0.12948362809858655
14208/16384
mean(sgnprob[1:i - 1]) = 0.12423453227282326
14336/16384
mean(sgnprob[1:i - 1]) = 0.12772933379839554
14464/16384
mean(sgnprob[1:i - 1]) = 0.13033257277190072
14592/16384
mean(sgnprob[1:i - 1]) = 0.12452881913508328
14720/16384
mean(sgnprob[1:i - 1]) = 0.11991303757048713
14848/16384
mean(sgnprob[1:i - 1]) = 0.12063043038997777
14976/16384
mean(sgnprob[1:i - 1]) = 0.11639398998330551
15104/16384
mean(sgnprob[1:i - 1]) = 0.11977752764351453
15232/16384
mean(sgnprob[1:i - 1]) = 0.12179108397347516
15360/16384
mean(sgnprob[1:i - 1]) = 0.12416172927924995
15488/16384
mean(sgnprob[1:i - 1]) = 0.12675146897397818
15616/16384
mean(sgnprob[1:i - 1]) = 0.128786423310919
15744/16384
mean(sgnprob[1:i - 1]) = 0.1321857333418027
15872/16384
mean(sgnprob[1:i - 1]) = 0.13515216432486926
16000/16384
mean(sgnprob[1:i - 1]) = 0.13044565285330334
16128/16384
mean(sgnprob[1:i - 1]) = 0.13226266509580206
16256/16384
mean(sgnprob[1:i - 1]) = 0.13491233466625654
16384/16384
mean(sgnprob[1:i - 1]) = 0.13727644509552586
730.117655 seconds (167.11 M allocations: 70.745 GiB, 1.32% gc time, 1.22% compilation time)
