## SLURM PROLOG ###############################################################
##    Job ID : 8834023
##  Job Name : sbatch_etgent.sh
##  Nodelist : node1327
##      CPUs : 8
##  Mem/Node : 4096 MB
## Directory : /oscar/home/trazzaz/AFQMC
##   Job Started : Fri Feb 28 04:46:27 AM EST 2025
###############################################################################
seed = 1577
U = 2.0
β = 6.0
Warming up
128/1024
256/1024
384/1024
512/1024
640/1024
768/1024
896/1024
1024/1024
Measuring
128/16384
mean(sgnprob[1:i - 1]) = 0.4330708661417323
256/16384
mean(sgnprob[1:i - 1]) = -0.050980392156862744
384/16384
mean(sgnprob[1:i - 1]) = -0.16971279373368145
512/16384
mean(sgnprob[1:i - 1]) = -0.03718199608610567
640/16384
mean(sgnprob[1:i - 1]) = 0.07668231611893583
768/16384
mean(sgnprob[1:i - 1]) = 0.13689700130378096
896/16384
mean(sgnprob[1:i - 1]) = 0.19106145251396647
1024/16384
mean(sgnprob[1:i - 1]) = 0.2179863147605083
1152/16384
mean(sgnprob[1:i - 1]) = 0.2580364900086881
1280/16384
mean(sgnprob[1:i - 1]) = 0.29007036747458953
1408/16384
mean(sgnprob[1:i - 1]) = 0.3248045486851457
1536/16384
mean(sgnprob[1:i - 1]) = 0.3485342019543974
1664/16384
mean(sgnprob[1:i - 1]) = 0.3613950691521347
1792/16384
mean(sgnprob[1:i - 1]) = 0.38023450586264657
1920/16384
mean(sgnprob[1:i - 1]) = 0.30797290255341325
2048/16384
mean(sgnprob[1:i - 1]) = 0.31998045920859797
2176/16384
mean(sgnprob[1:i - 1]) = 0.26804597701149424
2304/16384
mean(sgnprob[1:i - 1]) = 0.22448979591836735
2432/16384
mean(sgnprob[1:i - 1]) = 0.24146441793500617
2560/16384
mean(sgnprob[1:i - 1]) = 0.20281359906213364
2688/16384
mean(sgnprob[1:i - 1]) = 0.2162262746557499
2816/16384
mean(sgnprob[1:i - 1]) = 0.17939609236234458
2944/16384
mean(sgnprob[1:i - 1]) = 0.19130139313625552
3072/16384
mean(sgnprob[1:i - 1]) = 0.2054705307717356
3200/16384
mean(sgnprob[1:i - 1]) = 0.22038136917786808
3328/16384
mean(sgnprob[1:i - 1]) = 0.23354373309287646
3456/16384
mean(sgnprob[1:i - 1]) = 0.20347322720694647
3584/16384
mean(sgnprob[1:i - 1]) = 0.2190901479207368
3712/16384
mean(sgnprob[1:i - 1]) = 0.23470762597682565
3840/16384
mean(sgnprob[1:i - 1]) = 0.24094816358426674
3968/16384
mean(sgnprob[1:i - 1]) = 0.2523317368288379
4096/16384
mean(sgnprob[1:i - 1]) = 0.25567765567765566
4224/16384
mean(sgnprob[1:i - 1]) = 0.26166232536111766
4352/16384
mean(sgnprob[1:i - 1]) = 0.26683521029648355
4480/16384
mean(sgnprob[1:i - 1]) = 0.2721589640544764
4608/16384
mean(sgnprob[1:i - 1]) = 0.24810071630128067
4736/16384
mean(sgnprob[1:i - 1]) = 0.253220696937698
4864/16384
mean(sgnprob[1:i - 1]) = 0.26012749331688256
4992/16384
mean(sgnprob[1:i - 1]) = 0.26387497495491885
5120/16384
mean(sgnprob[1:i - 1]) = 0.2701699550693495
5248/16384
mean(sgnprob[1:i - 1]) = 0.278063655422146
5376/16384
mean(sgnprob[1:i - 1]) = 0.28669767441860466
5504/16384
mean(sgnprob[1:i - 1]) = 0.2949300381610031
5632/16384
mean(sgnprob[1:i - 1]) = 0.301722606996981
5760/16384
mean(sgnprob[1:i - 1]) = 0.30508768883486714
5888/16384
mean(sgnprob[1:i - 1]) = 0.3086461695260744
6016/16384
mean(sgnprob[1:i - 1]) = 0.29310058187863675
6144/16384
mean(sgnprob[1:i - 1]) = 0.29871398339573496
6272/16384
mean(sgnprob[1:i - 1]) = 0.304736086748525
6400/16384
mean(sgnprob[1:i - 1]) = 0.3080168776371308
6528/16384
mean(sgnprob[1:i - 1]) = 0.3133139267657423
6656/16384
mean(sgnprob[1:i - 1]) = 0.31870773854244927
6784/16384
mean(sgnprob[1:i - 1]) = 0.32094943240454077
6912/16384
mean(sgnprob[1:i - 1]) = 0.32542323831572856
7040/16384
mean(sgnprob[1:i - 1]) = 0.32916607472652365
7168/16384
mean(sgnprob[1:i - 1]) = 0.3302637086647133
7296/16384
mean(sgnprob[1:i - 1]) = 0.33324194653872513
7424/16384
mean(sgnprob[1:i - 1]) = 0.33638690556378825
7552/16384
mean(sgnprob[1:i - 1]) = 0.3394252416898424
7680/16384
mean(sgnprob[1:i - 1]) = 0.3428831879150931
7808/16384
mean(sgnprob[1:i - 1]) = 0.34648392468297684
7936/16384
mean(sgnprob[1:i - 1]) = 0.348708254568368
8064/16384
mean(sgnprob[1:i - 1]) = 0.35111000868163217
8192/16384
mean(sgnprob[1:i - 1]) = 0.3400073251129288
8320/16384
mean(sgnprob[1:i - 1]) = 0.3431902872941459
8448/16384
mean(sgnprob[1:i - 1]) = 0.3450929324020362
8576/16384
mean(sgnprob[1:i - 1]) = 0.3460058309037901
8704/16384
mean(sgnprob[1:i - 1]) = 0.34941974031943007
8832/16384
mean(sgnprob[1:i - 1]) = 0.35182878496206543
8960/16384
mean(sgnprob[1:i - 1]) = 0.3539457528742047
9088/16384
mean(sgnprob[1:i - 1]) = 0.3568834598877517
9216/16384
mean(sgnprob[1:i - 1]) = 0.3593054801953337
9344/16384
mean(sgnprob[1:i - 1]) = 0.3593064326233544
9472/16384
mean(sgnprob[1:i - 1]) = 0.3603632140217506
9600/16384
mean(sgnprob[1:i - 1]) = 0.3628502969059277
9728/16384
mean(sgnprob[1:i - 1]) = 0.352112676056338
9856/16384
mean(sgnprob[1:i - 1]) = 0.3410451547437849
9984/16384
mean(sgnprob[1:i - 1]) = 0.34368426324752077
10112/16384
mean(sgnprob[1:i - 1]) = 0.34566313915537533
10240/16384
mean(sgnprob[1:i - 1]) = 0.3347006543607774
10368/16384
mean(sgnprob[1:i - 1]) = 0.3375132632391241
10496/16384
mean(sgnprob[1:i - 1]) = 0.3393044306812768
10624/16384
mean(sgnprob[1:i - 1]) = 0.34331168219900215
10752/16384
mean(sgnprob[1:i - 1]) = 0.34629336805878524
10880/16384
mean(sgnprob[1:i - 1]) = 0.34718264546373745
11008/16384
mean(sgnprob[1:i - 1]) = 0.34823294267284455
11136/16384
mean(sgnprob[1:i - 1]) = 0.35087561742254153
11264/16384
mean(sgnprob[1:i - 1]) = 0.35292550830151825
11392/16384
mean(sgnprob[1:i - 1]) = 0.35563163901325606
11520/16384
mean(sgnprob[1:i - 1]) = 0.35897213299765607
11648/16384
mean(sgnprob[1:i - 1]) = 0.3490169142268395
11776/16384
mean(sgnprob[1:i - 1]) = 0.35065817409766453
11904/16384
mean(sgnprob[1:i - 1]) = 0.35260018482735445
12032/16384
mean(sgnprob[1:i - 1]) = 0.354334635524894
12160/16384
mean(sgnprob[1:i - 1]) = 0.34451846368944816
12288/16384
mean(sgnprob[1:i - 1]) = 0.34678928949296006
12416/16384
mean(sgnprob[1:i - 1]) = 0.3486910994764398
12544/16384
mean(sgnprob[1:i - 1]) = 0.34943793350873
12672/16384
mean(sgnprob[1:i - 1]) = 0.351432404703654
12800/16384
mean(sgnprob[1:i - 1]) = 0.3424486287991249
12928/16384
mean(sgnprob[1:i - 1]) = 0.3433898042856038
13056/16384
mean(sgnprob[1:i - 1]) = 0.33573343546533896
13184/16384
mean(sgnprob[1:i - 1]) = 0.32928771903208676
13312/16384
mean(sgnprob[1:i - 1]) = 0.3310795582600856
13440/16384
mean(sgnprob[1:i - 1]) = 0.3320931616935784
13568/16384
mean(sgnprob[1:i - 1]) = 0.33382472175130834
13696/16384
mean(sgnprob[1:i - 1]) = 0.33566995253742243
13824/16384
mean(sgnprob[1:i - 1]) = 0.3371916371265283
13952/16384
mean(sgnprob[1:i - 1]) = 0.33940219339115474
14080/16384
mean(sgnprob[1:i - 1]) = 0.33219688898359256
14208/16384
mean(sgnprob[1:i - 1]) = 0.32512141901879354
14336/16384
mean(sgnprob[1:i - 1]) = 0.3264039065224974
14464/16384
mean(sgnprob[1:i - 1]) = 0.3287699647376063
14592/16384
mean(sgnprob[1:i - 1]) = 0.33040915632924406
14720/16384
mean(sgnprob[1:i - 1]) = 0.33215571710034647
14848/16384
mean(sgnprob[1:i - 1]) = 0.3255203071327541
14976/16384
mean(sgnprob[1:i - 1]) = 0.3258096828046745
15104/16384
mean(sgnprob[1:i - 1]) = 0.31801628815467126
15232/16384
mean(sgnprob[1:i - 1]) = 0.3207274637252971
15360/16384
mean(sgnprob[1:i - 1]) = 0.312845888404193
15488/16384
mean(sgnprob[1:i - 1]) = 0.31542584102795895
15616/16384
mean(sgnprob[1:i - 1]) = 0.31719500480307394
15744/16384
mean(sgnprob[1:i - 1]) = 0.31868131868131866
15872/16384
mean(sgnprob[1:i - 1]) = 0.31976561023249955
16000/16384
mean(sgnprob[1:i - 1]) = 0.32208263016438526
16128/16384
mean(sgnprob[1:i - 1]) = 0.32411483846964717
16256/16384
mean(sgnprob[1:i - 1]) = 0.31762534604737
16384/16384
mean(sgnprob[1:i - 1]) = 0.31880607947262407
797.921015 seconds (167.11 M allocations: 70.745 GiB, 1.61% gc time, 1.21% compilation time)
