## SLURM PROLOG ###############################################################
##    Job ID : 5959498
##  Job Name : etgent_N(1,2)_seed1263
##  Nodelist : node1752
##      CPUs : 8
##  Mem/Node : 2048 MB
## Directory : /oscar/home/trazzaz/AFQMC
##   Job Started : Tue Nov 12 12:30:07 AM EST 2024
###############################################################################
U = 2.0
seed = 1263
λₖ = 0.0
Warming up
128/512
256/512
384/512
512/512
Measuring
0.2568642129134735
1.1717958453879849
1.6363925889694997
1.3332761988873967
1.0234106227685766
0.6389069247918668
1.1301256249632743
0.24898261095085697
0.4728639031815151
1.9321861527011848
0.4627311581124238
0.35941659759123606
2.1084039453762777
1.8306622828215307
0.8710841422386414
0.2858840260118704
0.37134448672735787
0.7672026290495843
2.3128214158314924
0.4845678328564887
0.477634572956007
0.7233695406523091
1.2962653474684696
2.0985597604513155
1.7052260743004877
1.1912824387084444
1.7212668968138034
0.983559452470084
0.45037398913030996
1.4891143350089449
1.2418346975128647
0.2588222725112937
0.16873925305654996
0.616721269626453
0.44472385764954225
1.3626334308318622
0.4464757365306432
0.24035666417065926
0.40563029674870144
0.9844452794746091
0.3907080028361237
1.9716303749632176
1.2015504397454304
0.15965786337362664
0.6082524556073737
1.7360153477044356
0.18319302061069584
0.2538791848066354
1.047459845883153
0.7974736140185679
1.6875038985259523
0.6027704132397376
0.8996635814669196
0.714913231944951
0.632377006518432
0.41933334006165335
1.0626492095812714
0.3731328941800771
0.330349550778714
0.3950101046934129
0.3285307211082417
1.5015503239782468
0.28849574334514644
1.2610955515170348
1.9833971363252996
1.2587778823648534
0.5911060940415365
0.6500795970507129
1.4318813310142584
1.824331126157416
1.3110238631957838
1.0103223212177324
0.5057863751006796
0.8961409757043637
0.8457621971649629
1.5751870649106303
0.8182039946842554
1.5420908138136662
1.0095763688073363
0.3140219847554879
1.071117713607923
0.36405674052137715
1.3759894077046275
0.20419672986622087
0.6611141969028524
0.16071672599561918
0.25568565461378134
0.6808603576177741
1.1008621583506661
0.7340893080661844
1.4302500183247786
0.696633445391646
0.6057897072346909
1.1219592414032378
0.2807213435057312
0.4399992943841592
1.0048719251104803
0.44398416707186594
0.6534400456957555
1.9528796747642612
1.8013699683600004
0.1704332639712442
0.8938826301349999
0.9036930276945169
0.3974373086042207
1.0021658321852445
0.8426137830230265
0.881669715529461
1.2040093463556274
1.015010995920586
0.5617888615401493
0.4818622279103616
1.1191299864756774
0.4795383400394929
0.23402041515671726
1.0339857983072283
0.2678519039232849
1.290463115612572
1.1700585105050159
0.3742318636109827
0.37868819795481456
1.1391608011184724
0.4305089399844373
1.286182593816123
0.3883470684930499
0.6194578746598213
1.0306099860787508
128/1024
0.47993232439992833
0.6479629070521554
0.5270708783174904
0.8118945421003145
0.48648614057280204
0.4396049356527998
0.5213217644385448
0.7063767184090471
0.567972806996445
0.9589454140101987
0.9498763272409998
0.6629941216021055
0.4737515141810873
0.7543494497937442
0.48087656543823676
1.0154967337212888
0.5256957543793244
0.7272161014935312
1.2178771919482418
1.1968607700317817
0.9361268095723877
0.48291980094675224
0.6996705698103449
0.4585091707030985
0.6109556490918433
1.14367491064748
0.7989500645507875
0.8651141830067082
0.8925375810857272
1.0047612719077512
0.8844873492814759
0.4891948449631286
0.7947370821979232
0.7200011136132449
0.9802525171212537
0.9014451498644462
0.8569590736731182
0.6262874030999891
0.8559852314825619
0.7308893781870762
0.7725911831616471
0.7932353792574629
0.49293027151195223
0.5720058266845711
0.5533195149094983
0.9324353952626314
0.6626423859248867
0.6838801986382413
0.9340906681178466
0.4855788073412684
0.9276519716579154
0.6575310792682632
0.49615523942947387
0.5532964149813451
1.584032767351354
0.5648601418947611
0.7514506057672199
0.9646875631877667
1.0631355039310584
0.5699617472770881
0.8403823379837833
0.7280344425630068
0.9957801982921877
0.8598320255169134
0.7510207149011802
0.8657843611034105
0.5247939160425293
0.6340685129468719
0.8154522571650438
0.4636691511604443
0.8492582993123794
0.8774809717591306
0.877088789850742
0.6909108175764926
0.7284610739442353
0.9725858496182209
1.1017760104779004
0.630808483483953
0.5964298206706409
1.5240691373778674
0.7056334896030648
0.6867580750257454
0.4730447178056665
0.49075973293439373
0.5261683179814991
0.6962222936514615
0.6446137014465919
0.5831046754440983
0.48409700189516974
0.6133097964971803
0.6349722401773373
0.6182191949777965
0.8411349298690693
0.4528028333696339
0.7128018555478873
0.6986045661852145
0.5923583673805035
0.6217397552410296
0.4502459885073411
0.6034849884250543
0.8222031357338497
0.8707238537970572
0.44087121212869296
0.7515312277557427
1.0177431969393584
0.8091017782765092
0.44221773686351096
0.9754831095998782
0.6479160256017329
0.5585389936944811
0.5725251955098529
0.5137393522660934
0.8306901918576386
0.681717138414891
0.7266228223625588
0.9446223650415178
0.4675253192343205
0.7251220702095433
0.6988242841727313
0.9751919626776963
0.9535792707068662
0.523271300091589
0.9200776587916459
0.5293445328280572
0.5848037893235611
0.9487459435641401
0.9913352321842582
0.6724404855992041
256/1024
0.6974072315732973
1.1170191462481551
0.6490871293221299
0.7060427406381342
0.8497002640012856
1.4297974402721523
0.8086576167086015
0.7483199008801225
0.7011673129754152
0.7051454646177042
0.7345749752504156
0.7054304023931751
0.6000040854868174
0.7321139286261451
0.6940300866617017
0.7550649973248648
0.7405185998059798
0.7802152999278686
0.6225146529251452
1.1772790201201422
0.5800213519039817
1.1036111273503602
0.8988211230863853
0.6491312418306121
0.6774939737580105
0.6587332625605257
1.2400695992251882
0.6783307458763879
0.6943079769712084
0.725554506081139
0.8149471028092931
0.3991572122188724
0.7627236436612445
0.4742774869116298
0.7723893735644476
0.761208768328766
1.1221035772356243
0.7451958107903689
1.1811552540811445
0.7376727923520718
0.6492745758325242
0.7780386013320733
0.7333965164614578
0.6938873111894444
0.7343990402474152
1.0074731385123075
0.7408947349751882
0.6262892149545806
0.7185654667236613
0.6338773672517735
0.2969251046248075
0.6746711080570094
0.7203596543005114
0.644849771931704
0.7025844267502369
1.1519675704973569
0.837551529178431
0.7326358916417979
0.6999944855082092
0.7990781117302966
0.6378381941234255
0.6611065513208628
0.6710551821974355
0.9041218259363164
1.0456294642873694
0.6617208041003138
0.5771775062910958
0.6658726963523349
0.6538884349012674
0.6496629557906165
0.7074389651001418
0.7396985881708857
0.7403981671582194
0.5280121957996424
0.742777363641304
0.3543733407167845
0.7807453888622715
0.6294719429681725
0.7046122806729489
0.7430947193593951
0.7859841027231105
0.8317063165802647
0.7129011199397997
0.7395071357267
0.6399616921837278
0.7355070852399042
0.95287916332598
0.7903828325074553
0.7121126343234194
0.7491259956074597
0.7231256747730312
0.8363598702404657
0.8397160368429564
0.6790670996963079
0.663145997835302
0.7268111812119402
0.437192484285023
0.7780037663271655
0.6442403475813341
0.6671540766481905
0.7300512091077608
0.4618787702241634
0.750734288394068
0.7472508951628728
0.9813802927663657
0.6909772127747673
1.054744649685642
0.7514696754851249
0.7721845403052912
0.730582686135821
0.6974157025232611
0.6300696415659266
0.9997403012061323
0.6523941021596005
0.6772435130536226
0.6387628373433378
0.7635931427198627
0.6382435915614048
0.6982909306237073
1.0691685995236908
0.6358509918151921
0.6888763502185007
0.7139853740092057
0.6726295847388175
0.7395259494379753
0.8606190015188604
0.44361949260553496
0.8937821303724371
384/1024
0.7357958489950772
0.6666380226866737
0.6082741269434586
0.49577980136985145
1.4758504556246956
0.8175082138104137
0.4167521671573768
0.7550961172239479
0.7702543593480857
0.5873288421883655
1.32724694169199
0.26943142817151366
1.373179565828722
1.1826290079344637
0.3356460335895949
1.3123897480751037
0.4988024748653844
0.46942117092319124
0.3517436345104767
0.6705472828047296
0.4541516426642369
0.7549182598767028
0.6822285253946848
1.1576764053288193
1.5659151817988772
0.4157104327047583
0.9576624588711369
0.8571214455450424
1.0180626972701474
1.5036965738222317
0.2751544470433669
1.7401097607555185
0.2707325156925454
1.3276958038402527
0.21067059908169733
0.8540803615429157
0.369803376006202
1.4240031372735316
0.9919954498659032
1.205954134665416
0.22931153431711182
0.7058021155525387
1.1390755388077953
1.3179912671523935
0.36560495932924814
0.25524997241520947
0.3916918776332694
0.3449143558372205
1.1446219094146173
0.21853792611536338
0.9302070495703135
1.2003769292016468
0.6783967258885578
0.6102101710866866
0.342724728558197
0.5482634159257029
0.5439028904030268
0.6990714939433923
1.134207870796438
1.2219518290475058
1.1754618692584753
1.3799325053159104
1.9342463201621953
0.5132561185828319
0.24798304572105387
0.2527375495875347
0.5736634916392237
0.5087195908426907
0.34042257333545406
0.5778511654547203
0.2254669472045011
0.47552984032247303
0.5088714449676831
1.6437445490598974
1.2352364231626098
0.5641581003153905
0.8141116097414286
0.2444965950512521
0.627510463409556
0.3052039659768371
0.2701544704554635
1.136719092128952
0.41281058021247863
0.2659621525124837
0.26750219548612253
0.6185883511919065
0.7769744560227569
1.302526986446583
0.46486023351498373
1.1267447822663943
0.275526792543908
0.48883494218307166
0.9015610409749067
0.8999544678611852
0.48605128559108973
1.5468618834942323
0.2995365908678773
0.46968456675153697
0.2349549916152503
1.5898588571874015
1.1936933901171103
1.2489106028356833
0.27599864035645794
0.43638521713486644
0.9831558688848212
0.4546180806966968
1.0518230433532159
0.2753744861531836
0.48048454713421956
0.5711714881242772
0.7606749352442393
0.22684801477075184
1.5767855709853424
0.6973645586208825
1.7492297515588326
0.29624905201035834
0.40296368527179216
0.41031554418279137
0.9346630137143603
0.8837611979692397
0.5324243450879251
0.48498886546377484
0.24099643737361345
0.9441886387087683
0.5351062180635052
1.3350576136172958
1.272018962718447
0.43088939241163704
512/1024
0.3571481545920729
0.6405165477389382
0.6011305644522045
0.9348591360597781
0.48528396205571467
1.3593231942553166
0.6498582752634561
1.095817800191608
0.4500135926047411
1.002452848571143
0.9761625960378173
0.4111786995636222
0.8227393817479962
0.48188058843363807
0.4134448678395324
0.8498363745527023
1.0221718412156027
1.1420932926312024
1.0508454478488622
0.5729281515222958
0.4421669140469839
0.3167350141706664
0.5138095827318094
0.40191875556700724
1.3637822067079335
0.6194771475821468
0.5950657512107671
1.0764134505831489
0.7240130840713465
0.42532062378894786
1.1111454039246036
1.1897884556338418
0.7853105609296039
0.9391927409415464
1.0608474711966243
1.4985185925861215
1.2104043302614487
1.1487907421562098
1.3362733372748115
0.7050716239493537
0.9343423396041035
1.2046270405192003
1.2553987434154321
0.511686136194682
1.095169388824095
0.8746345824184927
0.34850825433962596
0.6182643386131506
0.38568726945130194
0.3420708131008945
0.30627779493014673
1.1479445730581552
0.6560790345458064
1.053045853623573
0.6688864551051787
0.32109470017036035
0.5302837164482112
0.34007505932671667
0.4367732324743543
0.7484510691311892
0.40700865904456907
0.47254146418488785
0.4723027152214003
1.1064322411456615
1.1284798282259303
0.445052450970602
0.6040392765036912
1.029038813038939
0.8441084382349138
1.1748848807545844
0.7043908793956242
0.767881296857257
0.7989897837557608
0.9500389128526238
0.32160853340964135
0.5231344319484975
0.6037116302959744
0.3300574881241002
0.5377158870173
0.988367265415567
0.28424372596049197
0.6829588000275082
1.2456806350405702
0.33695683997001113
0.6527278382402131
0.9351125572284824
0.38326081534550727
0.537563226011994
0.37886601837504563
1.0628777434457721
1.2151267700261401
0.5960328862000334
0.9310748184781641
1.236818075541882
0.3250000751422094
0.4336367413606459
1.2638262749010742
0.7869032283952033
0.5835046786673878
0.34161418253871684
0.6378904994602637
1.7052095792951762
0.9316748038612541
0.9352885165046149
0.7879898299999366
1.2825419545215828
0.938625639004661
1.099734576248359
0.4249498160130709
0.6277731470911986
0.2966707121490877
0.6480445764338633
1.4132206745068396
0.4834726033336722
0.6173284845582403
0.5915211019007687
0.5886324461802654
0.5014035378855335
0.873165074471171
0.6397026095307836
0.6666083980742101
1.168590965061028
0.4329436248044549
0.6751721419177705
1.2623346278547274
0.7363852011415974
1.6218560387451775
0.3531790386961554
640/1024
0.48576328233046184
0.8877553436291813
0.726352031578526
0.38052849936326905
1.169476777999769
0.8007636645030627
0.6062975734593739
0.7371456591626714
0.638336570352721
0.3784369809597529
0.6463738052598544
0.8474630668008116
0.38078633828443376
1.2178043574471906
0.4959668004366491
0.5871013443174268
0.40476934973020523
0.6482381035248924
0.625154138968187
1.3646114129368159
0.38365894826771285
0.5566494029244964
1.2815754364715986
0.5736423652469325
0.7523304974717369
0.49029837392024356
1.196911187382921
0.688854179367123
0.9141359391914468
0.6465041104898614
0.4600671221638602
0.41126349354790814
1.068442851956832
0.6873437545677448
0.5793852390302661
0.540678980527089
0.40551449952423774
0.4110489206016365
0.5888098233639278
1.3381121628572976
0.645678064541293
0.3842202044108507
1.344437092211048
1.042318039669109
0.7867039234816212
0.9308165467110823
0.6533851562634712
0.7239692759902714
0.5399636108724515
0.8700956791939916
0.989850185857728
0.4312007158913331
0.5997444179738826
0.5412911563958955
1.0440861814286786
0.5028564597143682
0.8142076614202339
0.7152457999035369
1.0954359558925562
1.1833698609924168
1.2934929152865082
0.45386227542451646
0.7197396132914944
0.9725058357065712
1.043962999464352
1.502549511676953
0.8922816394783265
0.97811791487016
0.715000025837446
1.5732601920670417
0.4888998754759296
0.6492697403131142
0.5444949092562478
1.0226341536103536
0.745549763002089
0.3745155622541837
0.3975993585975164
0.49617462772158893
0.48938627231962006
0.3558773656378602
0.7890590841234224
1.0131405383800298
0.5699675803989346
0.9385746049464669
0.39470979659471184
0.4898336675077386
0.6194875881683539
0.8445779041644288
0.42409271390759223
0.4146223041709138
0.39769893201698414
0.9860078727968775
0.8636313235802903
0.37688787501180865
1.0181098103203952
0.8411543978431596
0.5928917533847406
0.4461278176692407
0.4201937411470429
0.5817566979639932
0.821502106931072
0.5767941544150597
0.48903187264521814
0.6421105838786766
0.4016891717560014
0.752072413679566
0.4926354181641675
0.500216914827391
0.5983973390646473
0.736265675881645
1.1639031834734541
0.6309356428419068
0.4602167884965974
0.6371500054255005
0.7557466486595278
0.4000274804038805
1.1444600634494022
1.4615751754019466
0.4783899100746576
1.269004525427676
0.6755256050489951
0.8989650917640142
0.5235335978605032
0.4950885818188372
0.946044914183101
0.7631334321830004
0.3596286924153652
0.7951575067658961
768/1024
0.45795953554633995
0.33187050525060313
0.7245241319092974
0.47336735662831286
1.8060785350886848
1.0249998861047005
0.8452441709946641
0.548823731860436
0.9143266220715238
0.42344874788760983
0.8071142659772053
0.7072042625144092
1.1848673354088464
0.910959063069399
0.2506593850133892
0.9779364500209236
0.4832853054973895
0.7649020953840064
0.38592461776907894
0.7409100986224586
0.47460665061675983
0.7890032956719979
0.5749710395159076
1.066753952811915
0.6061772089795928
1.0785044989418793
0.7518455965614583
1.3427877345624772
0.43174391491364317
0.5669826752094478
0.6130316239620186
0.31653682279253825
0.7461390022031715
0.3120485314436866
1.3164232204934012
0.515348449496016
1.1137768556289924
0.6546292405242498
0.3969087768488506
1.512915914676063
0.7907904683555291
0.743369897697346
1.1386804508024326
0.36715197536609445
0.8282930221754354
0.539246877948478
0.34306208075056566
1.0338477192998443
1.4265412932939772
0.5922736515828535
0.34212947309010633
1.0855057497319531
0.42816494735695887
0.5092520033950236
0.524686887421137
1.1107958199543335
0.9535448696768317
0.6467653724802077
0.7808926666676173
0.6454993394434918
0.4869104456223137
0.5607250795138794
0.2945291186292145
0.3832250272936053
0.9604793733908822
0.7078738754483275
0.2588437642314868
0.4975010756181252
0.5358224247671539
0.45355924522587343
0.6744715931296754
0.9243798365696383
0.8681041460032717
1.7971082191588947
0.7751574489435893
0.6776957215875168
0.5116232356888384
0.40546802387392067
0.6990314179710378
0.6409899310601127
0.6874374837857473
0.4148356560218407
0.4049137310478676
0.32449661093122567
1.1660075315590408
1.3204097618756903
0.7714398165983574
1.4422130777354758
0.7834461823980546
0.3732820033337085
0.7192171061260021
1.2236668861851583
0.4259462690172057
1.5149706588955796
1.0156213115614594
0.9736456467872621
0.5790611052132981
1.1128860789616246
1.0907720145308106
0.31622913291902544
1.4111182673507279
1.417254280008085
0.44439984491543116
0.8910419763037548
0.5965081096717603
0.7819587874962781
0.4901814155906916
0.4875694313836378
0.6647547422745005
0.5425817800351598
0.4048992884531455
0.934813751978915
0.6230406821995502
0.4464991398891277
1.4879909779396838
0.6098679579057583
1.0194825799086493
0.5134012202340231
0.7705182043860845
1.0816839945005228
0.5156338542562091
1.10430170263538
1.2359301886865415
0.6040791714190112
0.7330798920454732
0.3449403622495065
0.5379740472923784
0.3532845111064392
896/1024
0.8698687874902411
0.829323663249772
0.5787600310075091
0.5468566085519221
0.6029839960738838
0.568806945319984
0.5873628401684367
0.8002843501005937
0.6936330629942626
0.7061282858852851
0.8932439064111881
0.8206475521598098
0.7968235311388507
0.4781401525703074
0.8175538449778758
0.944897000010616
0.49638270074401397
0.6512368886933568
0.808778312603099
0.9636652589390552
0.79240031576029
0.24655879041728848
0.6571665372264732
0.7297459239153017
0.8598335395454835
0.7265913193669724
0.7549121829999188
0.5049735267908346
0.9002313339969529
0.9240490663662512
0.8856041928065354
0.9938583568637935
0.8576722549131492
0.6450302368395537
0.7557177495211784
0.9199801928899626
0.5440014606487116
0.6618298610617572
0.8906289533944728
0.8182194490057135
0.8184829769235944
0.5926104231940701
0.7722598655976662
0.9204278875891556
0.498006428304946
0.7962987714067353
0.6253931396334591
0.6424147649291966
0.9013970685248937
0.7627032321131226
0.6237434365690273
0.9054886247427103
0.771205152487865
0.7759012126757491
0.7693161795195692
0.8800909753391846
0.9357465358743637
0.26214699364150523
0.5819381690973873
0.8555428093310486
0.670261183045692
0.9066217585350479
0.9170827401393689
0.8905539939036757
0.8130058622943412
0.7835805182171213
0.5028890105348518
0.5428037172569226
0.7844763525631152
0.6184557671879463
0.8896571894598413
0.5318227317724564
0.676274983266687
0.4879515209919628
0.6445000139033968
0.679874071085007
0.6954162042372787
0.8758947974593563
0.7564613958345521
0.8538561183200417
0.945487608261053
0.7946518168986887
0.46081045720229374
0.8848969832450225
0.6577618615785034
1.0260743502668226
0.6415149526502324
0.6257595453062359
0.8304234445657692
0.9458629463493257
0.7838874792680035
0.4993077371171455
1.003075079309311
0.5707410031463773
0.8552711588560254
0.8682931752101319
0.6051552212291568
0.9288095731960456
0.7527110980092551
0.6294580073523219
0.8025771601821063
0.7267853255683071
0.5985354703344945
0.48658165030234246
0.7639212830372308
0.6262165695458163
0.732589322909131
0.5310868079253346
0.8820528227634676
0.8352377370778608
0.8539675631605881
0.6742206912495923
0.5938450722629725
0.5705684789765337
0.7913981600694754
0.9203332066668628
0.8978256535898772
0.8511083996230075
0.7663895074455579
0.6018497774198455
0.6901229514058612
0.7612061803585638
0.8948839018699355
0.8620771491657555
0.8572861421655005
0.8976202510233255
0.5403031667667373
0.5390938078595398
1024/1024
0.9092167891868392
106.723562 seconds (80.46 M allocations: 13.057 GiB, 1.54% gc time, 6.36% compilation time)
λₖ = 0.2
Warming up
128/512
256/512
384/512
512/512
Measuring
0.7663665427093854
0.6178294911199622
1.0359453088038388
1.0610382997040075
0.5633782153708593
0.848867737235975
0.2973581146419756
0.3864511250275884
0.3279330026896087
0.808645340421499
0.778816211670775
0.20592051722472102
0.3780272243974382
0.7485171822049291
1.0285161055666638
1.615204814948344
0.6048580351747037
0.9256602428964652
0.3390222102835886
1.223917716462184
0.30069966192811265
0.22840085868298926
1.7660267362896258
0.9817451718268605
0.519527779282675
1.3705271528470329
0.5407978820971107
0.2624897473551936
0.760696825697202
0.19827379870998252
0.842716345515541
0.3588761851892761
0.22812512296584156
0.5300042887561947
0.7714212805370707
1.345345222706174
0.8167080901310709
1.127112099853444
0.5110133190989663
0.9845053084976687
0.5137705679145765
1.1336478880346466
0.2532325031286358
0.36816665613196964
2.2404949674187877
0.7805738176013627
0.2973219068534777
0.4414006764232131
0.5906272049077724
0.37298434942791375
0.3353585989302582
0.7216979931411517
0.6669922445368726
1.78425855727047
0.21456749016907062
0.6190922572961655
0.737067092187539
0.4074697294032377
0.3548436016522408
1.2547652965880185
0.7829877542165062
0.33734381221127563
0.5509283952593084
0.36058949784980054
1.2168363812028669
0.5874727161390003
0.3951406367217212
1.5186064872699925
0.3341427469125955
2.290097372495704
0.24655587378952926
0.3218202944040558
0.32484464925619183
0.31005700901386724
0.6588109408503933
0.9121244832633639
0.7877837425478108
0.21575226955259613
0.891628673341719
0.9039510873542296
0.42306809394772205
1.6367811441712279
0.25859803613673976
0.6052332167640602
0.449990157934811
0.6498448062485835
1.0090321929264772
0.3842615896639181
0.5787651311975412
0.7555707348581301
0.3122622984741853
0.4056171924025479
0.6588006536660889
0.34214132839326866
0.5226316689527937
0.9472024871372688
0.38544311282682453
0.4400952446314701
0.23436743917206934
0.41993166908741053
0.525026967160881
0.8420832132281443
0.43248408874369115
0.30758681684540234
0.8032626047088874
0.19745871767301126
1.609245009607382
0.786059011678323
1.002046235920467
0.2874584603284281
1.2540769902378748
0.8509310048776344
0.5610354567027402
0.2217049391367892
0.21095870675900386
0.7402745522641722
0.3740683406118506
1.4034824435018323
0.22882954762346044
0.41904602041586014
0.3301220007139363
1.7773791894527724
0.9842962567399973
0.4538309184140784
1.2484662411956657
0.3227239600690699
0.6168160159496231
128/1024
1.1736011052627733
0.9556945153672729
0.9695700167670654
-0.021504458274556437
1.2365601662628969
0.9577887297144733
0.9360334566347821
0.8582971410439968
1.0229940762000056
0.3697646902063771
1.1921641314024565
0.5619930829083483
0.7656322063154297
1.0320987739174134
0.3934295193903636
1.086332425969876
0.9232243410828143
0.6722042696678356
-0.3521153944446593
0.782025438129189
1.1289474960137182
0.431393490286835
0.3542347761146373
0.7156623499667712
1.1166771979940502
1.0765508907679455
0.6970021566200255
0.8011662513863902
0.46134453439474005
1.04310128792318
1.1111627039912877
-0.008358147256448789
0.6219223494586368
0.5388490895360384
0.8990548382630854
0.8599322449699386
1.1923053460043833
0.7097302505790757
0.9195482358060748
0.8980026177875297
0.14807041043866623
0.46132447917962294
0.6278102171726703
0.7406774253227536
1.297467682849092
0.8580651108164477
0.5240267807335773
1.0190798713223974
0.9722496768743345
0.8466172848308479
0.3739944084992132
1.1938533237883022
0.533953899623316
0.9053390159732821
0.5988564955904254
0.5250234128903613
1.077770559951431
0.7651334381794189
0.38978981485895153
1.1256794566259156
0.8054507345501654
0.6442920248607973
0.8061137166078816
0.834479318680326
0.8578847241172309
0.9516019685288454
0.474603773486293
1.1324835529438058
0.6370237771826069
0.6678978051458407
0.8106185422749785
0.9345747508326503
0.7669083374922389
0.5956717870489384
0.43067070632095045
0.26670035209906123
0.6579118995738452
0.9507212260451952
0.9732443183634776
0.5193800165050355
1.1508581849061268
1.3236774549412234
0.31928949809706053
0.8210961024453521
0.5546960611235372
0.8503545915714696
0.35152976752514253
0.7937647544210162
0.7166934736403199
1.0671067079317422
1.0758632673162585
0.8540949016131163
1.189907320347372
0.9638671319195182
0.9261482772560727
0.20390115652095409
0.47793262439108075
-0.1375030517588653
0.4897689425695346
0.7304319136240169
0.45520105040581393
0.4787437243610209
0.608169828853928
0.8760287425896575
0.912187852345791
0.9262750230271786
0.7351086142023322
0.674011484465135
0.7392597695313401
1.2822583533397744
1.202634204038214
0.8062071261604987
0.6911043559501435
0.82375799809869
0.5589005603971469
1.1816989095970196
0.7588725327676129
0.6439821168946709
1.1622219435994086
0.5858288235209143
0.8776988246916713
0.9156771399001957
0.41892882877947457
0.6073722263237268
1.1627444083216045
0.5298805095739632
0.5064622196465761
1.1034564334309223
256/1024
0.8814306574941484
0.4142376165134222
0.8425108568605136
0.4814932264500601
0.5480182002317049
0.419748384303976
0.5977983308346357
0.5469991682958417
0.7794372876280349
0.7400325047824035
0.575402399901854
0.6767852512774718
0.532709326519144
0.5553269718288469
0.8531233375694921
1.2087150358635965
0.5217290324480267
0.5096846398296662
0.4144442572798918
0.5678120330554024
0.5770536188332344
1.087500032420182
1.066150092523758
0.46347270426414255
0.5589444563298549
0.719469411566438
0.6572250020060515
0.44580079932573935
0.6470600692808226
1.3703678352540556
0.42725613424816344
0.5217617021702526
0.5198008167014795
0.715012717072798
0.5423033282766226
0.4781957536426193
0.5881935102953285
0.7027268724813531
0.44783736284331815
0.5358442975806217
1.2327361542981738
0.7366313075597527
0.6764540796403659
0.5287582351481449
0.8182791706067181
1.17234278207477
0.4254291246874549
0.7097059185220724
0.44474007055376163
0.565380257919464
0.8041495720234497
0.8675811276866158
0.6787826115194215
0.7801676075255464
0.8678759388708372
0.9927756830242315
0.4829398381721104
0.6231340557782532
0.6269276070369852
1.0880347559157095
0.688951046698699
0.6711028605576076
0.49293759467359155
1.294952257656299
0.5014988487684898
0.7841726854085087
0.8800088663775485
0.6918563783347602
0.9037816242945187
0.8136053595172587
0.8281706560523671
0.43865122789838923
1.0526061227426626
0.5883779508958525
0.605911501846237
0.9854026090068603
0.7523862680223423
0.8591727507958918
0.6087586293767033
0.5865809342867245
1.02091448083399
0.9122457754180442
0.5451837661523488
0.47675723124429126
0.7501341916623687
0.5087653984553099
0.45893189309742954
0.6371989927926943
0.4399517799371683
0.5974725244561043
0.5316123199538687
0.9274358442675492
0.44693227917097444
1.1815506612069924
0.9791383851334281
0.6457370211662039
0.6308991112094817
0.5579375925725181
0.7942951554326688
0.4625036301757689
0.8036114224675854
0.5509496901107617
0.5269205716887722
0.5400057396819447
1.1920501457394004
0.7879213455191991
0.4360811425677319
0.5796210379692566
0.6375479338469515
0.5480806025805935
0.9740098583613971
1.0802276998552154
0.5035370989628671
1.1767322384585754
0.5781716641914352
0.7001678936968372
0.8033057434666958
0.6991031376749222
0.855014584393625
0.8449637843024356
0.4274542440428003
0.43737203312810774
0.8114352212418467
0.8806614921394749
0.7817471034171183
0.7673418237577277
0.9795263077535235
0.43733435871443027
384/1024
0.6493088847408688
0.8256374257655243
0.5780879783197662
0.8826865923951528
0.6422488271250646
0.5729985249594757
0.6734146131675507
0.7262732192631149
0.7172666416901409
0.6586771759411525
0.7929355709595535
0.722922063070975
1.472286085029552
1.0445193811661593
0.6770819971370827
1.0007480212372735
1.0489745442280318
0.8939892560184426
0.7789163687094656
0.5782510938749742
0.6320152869920165
0.8505414949881133
0.760116843418511
0.6774772441826424
0.989121363686991
0.6710883167718681
0.5745969742690997
0.5601129203776805
0.6187965369500864
0.6315486082290642
0.5740126791866542
0.7614792229290701
0.7935443489595745
0.8499643370121442
0.5520146670369862
0.5611442502818003
0.8626814056947885
0.6686390219009255
0.5978709064327575
0.639498846888941
1.199358154552631
0.7737543332214245
1.1732025481686448
0.7866195723203522
0.55233188593068
0.8481913259394266
0.5818589741397819
0.8982412318172026
0.5868791372857822
0.6079394170134894
0.7726636086258367
0.9075406700330432
0.8691236839528588
0.8687765691296059
0.7295154204208901
0.6477780647195198
0.6141164763228453
0.6539624565899
0.5965385439886787
0.9139901084220686
0.7330056695148436
0.68734285696362
0.6314435314571112
0.7310762240476543
0.6357137629495462
0.5867675390916427
0.657348590579196
0.7027912551666087
0.6451459382170733
0.5890123006756202
0.7180378398072691
0.6507280179596977
0.5505171239096937
0.5936140004422599
0.7183113831133837
0.7468769485306355
0.7997746195555855
0.7628545102530141
0.5577771499734603
0.5597615352188983
0.7516888628759886
0.6227908706021308
0.7111708172106612
0.6602371635458286
0.6465144814554085
0.7009525844440975
0.5823757443227123
1.2951082422921287
0.7908980992312693
0.7495688524177471
0.6214980471642019
0.5861851288726834
0.7215868622260289
0.7447985192389864
1.1339845302025209
0.7941691047302051
1.2748803281362673
0.5335594415942608
0.5471563308509071
0.8172679409452348
0.7768493291512839
0.7171199935796112
0.6911736272129332
0.7808599555423067
0.5981101826949757
0.5861030721840541
0.5906758826156882
0.6079325603700385
0.5749500926534574
0.5924337652453391
0.6007928465117132
0.5478510019632991
0.49306698075593663
0.7503827217959924
0.5519293043613671
1.1073054166184253
0.6216717017897864
0.7275382707293186
0.5262752795678043
0.7668999564089874
1.0155231617841893
0.7388186718845199
0.8461959311139696
0.7898130116747399
0.8369904917446725
0.7532409518981279
0.5780004878442737
0.565273441262928
512/1024
0.6895000432413385
0.5491985527594667
0.5039332266712113
0.6488409989785153
0.5172935580800229
0.40226046493088413
0.7777284432403422
0.710062443997006
1.085737074463108
0.8219815509957102
0.6588559816417873
0.7305124559142182
0.3977982753042505
0.40419453092958824
1.012281235560978
0.49598123994881427
1.0345777591585146
0.44314880950440066
0.9741622406353238
1.432676081383546
0.6642220943726345
0.4456980524353301
0.44999551390625836
0.9955641954215008
0.6032114595906233
0.3829297312864678
0.6641220224068121
0.3872611127186312
0.5565508478668194
0.5044669412960834
0.7078870449794954
1.3314997640640356
0.5858536894770112
0.6509412565231263
0.7152446814930865
0.2643701309045299
0.46499728674722873
0.6247879392615868
0.8933540377269696
0.5082244338988441
1.0205737580713246
0.37693479321522283
0.49636411712618644
0.47702206296295946
0.6518915211127103
0.4047626086010895
0.5693875236296418
0.38683667114311143
0.3788065835152642
0.44484599114306744
1.4018110099093422
0.6212791125331918
0.38902601355357525
0.38930499502890237
0.37699432219815904
0.61474285327211
1.392951183853319
0.5082045676206842
0.6119305534383477
0.9673601526564278
0.6941527304701633
0.7573897251908516
0.3708795076204825
0.8906501329123979
1.0238669563640055
0.6971313657449172
1.1221087762972455
1.006816848593042
0.40887909449539217
0.7487394060457805
0.3913860536954747
0.3969043214439523
0.8548924615555613
0.5144759550164689
0.7510041993972522
0.4977878970004994
0.8056176121929267
0.5913009699089641
0.711377886799756
0.6209042499223081
0.8353277925619476
0.6329505033228633
1.0876141487112614
0.6231017044805518
0.46516679515090703
0.6524737620769796
0.9517811264609045
0.5853250666529572
0.44821332388522206
0.7019028570214783
0.40289282215739114
0.5954511379224505
0.7343673178801012
0.949296822321228
0.6799378318765321
1.1752639656107493
0.8161666101755094
0.638959475315457
0.6732837475970064
0.4536363699612245
0.5539526326097516
0.43806269407133425
0.6680109313951632
0.5777794413086694
1.5241762216719223
0.7163293368716077
1.6774688992798517
0.8075320678976244
0.8309987178459359
0.37573396294488903
0.4784981198302958
0.779153026709924
0.45325462450277443
0.75329817406265
0.6919852741452386
0.5591631949863705
1.010040223025745
0.5621156649564024
0.7867152125909297
0.9498989316842599
0.7519961007376461
0.4120027682975119
0.95113584208532
0.40084447640917603
0.3692778507406708
0.48480146220777176
0.8874351193675252
0.7182599526955917
640/1024
1.4096981364979306
0.32152237558769026
0.7931011545994597
1.4058659704774414
1.2217035767763622
0.6107108986795289
1.5514135942232665
1.119698780179281
0.8507765835772338
0.379946893610372
1.3632051654736193
0.42860401777442203
0.41306535529570576
0.9311050699155293
1.6618970927969314
1.2401972250386952
0.7150839536518533
0.539369430717866
1.5704791227098571
1.2659109296827686
0.2305688654363409
0.9615070056660344
0.7470097703341885
0.6739528448177543
0.6841067382458571
1.3206510817223107
0.8775513125399553
0.3620431992241237
1.2472134539700408
0.8076855284695569
0.9216618812365646
1.1823786340305327
1.1955652299302604
0.6405574667399909
0.43568766419712807
1.1433199121942375
0.7763263138674722
1.3874618224441093
1.124256136591121
0.2396407546140149
0.5431860158370767
0.6539441936001369
0.23200742123438617
0.8708490720537666
1.0815431500181552
0.8143646641245432
1.457585822305091
0.2860017176841001
0.24697110137909328
0.4985452112513965
0.9672044828551888
1.0489915134025638
0.310582802420198
0.7428288160171923
0.4053911637338348
1.1490493958729207
0.30435681935130093
0.7686102175615335
0.47746870715043993
0.2859722069490963
0.615525334351196
1.6746453861430513
0.39236989905939157
0.311123576127247
0.8401475156402782
1.2371466272473401
0.2129070957578474
1.59524153194487
0.4659551708560901
1.038881354230925
0.4886764375499242
1.7587910466282852
1.2470319135867505
0.5130484772887706
0.5381887668070894
0.9195377416614823
1.3068512375854207
0.12266004639048356
1.7705829834207547
1.257317184343554
0.4682799612716278
0.2105398993250876
1.1669568462749744
1.2181604827501407
0.43422537074686385
0.8336602290989399
0.45007564122777655
1.5524744691395993
1.3397700561921202
1.2474999352327845
0.9330437362567523
1.2794848441976
1.2997789698556708
1.3328351744002276
0.9065152625300441
0.481236354662579
1.373802358659969
0.704511642444267
1.401239562611025
0.5780953722094951
0.04456043757076855
0.4561873437300577
1.5064601636245027
1.2826382701594017
0.49597147487536164
0.4732493172088673
1.7390749175523854
0.9622046779227339
0.839260122534669
0.17225646276928258
0.7297507849678806
1.2510721801584392
0.14978554644777786
0.6356838551852402
0.40585383970829514
0.17305183350736125
1.3529671908915515
1.7203107207173558
0.4966687584587369
1.1640950808575172
1.8288131691941465
0.8548324226919454
1.137689264783108
1.4647143834628165
1.31370515799752
0.9995466290207309
1.3184918245261827
0.19416077945591814
768/1024
0.859489469424007
0.7192694927246769
0.896141770166647
0.8367848580191515
0.9990835131420859
0.7352156303494404
0.699027704832007
0.553502362734409
0.5653208958043626
0.6911915039680095
0.5995980037170798
1.150579778525151
0.6221093394237026
0.6408216558082045
0.6229541165165811
0.5586708121656276
0.6281045055497151
0.5791689430813203
0.5400682037735227
0.617183981025071
0.6371792832392578
0.6842732613750502
0.8095482178709171
0.8456643415931135
0.5416842203455728
0.7066259258980238
1.0136970233119602
0.7029802915764168
0.7019793492910376
0.7981572402569524
0.7241129662090654
0.575526169820481
0.5924536167115971
0.6250969738757584
0.44061984143467725
0.733474765034531
0.6981022369801951
0.5627566298846003
0.5726923099403022
0.6407646019540622
0.7901713036604265
0.5457009616490747
0.7330315411566168
0.530872717696261
0.6357712601389476
0.6678437537672566
0.5296778453953102
0.55128386488538
0.5874824832529133
0.7166060752611147
0.5725526041324068
0.5836895451578006
0.8170698947412625
0.6620949496339746
0.606534691387398
1.01761660102081
0.8978369222014655
0.6223374420532045
0.6758462324938603
0.8200156578530645
0.8653794598134148
0.6337759036733119
0.6414564294706678
0.5942203321171459
0.6069078524118763
0.3707604182255753
0.5910921767564246
0.5350513609657963
0.5183408145369369
0.9980234489249411
0.5795298053139467
0.6612352103816445
0.8167855454091797
0.6395762743292888
0.7995178492143197
0.8211920712744231
0.5706845791865945
0.694758285205922
0.8464040372768085
0.6883929509644305
0.5368833965980115
1.089925381569578
0.5472796103469125
0.6166893706282195
0.727704435822039
0.610597291657084
0.6110281371791877
0.6477340385610031
0.777600469006481
0.6781839035813455
0.6275038688844585
0.5398341458249308
0.6239072248837535
0.6802978944433026
0.7410706032775698
0.7666734752406473
0.5619878211358655
0.5767991045090921
0.7005426854121924
0.638522426288225
0.9270069956603144
0.8810632045940036
0.6697579563457949
0.7588316757370972
0.7642943393687678
0.9771021082832922
0.8219301137508355
0.5493556968475171
0.5435994754564928
0.5960888036919756
0.5741941221680962
0.6818200458156464
0.7128796796528276
0.6624523249512988
0.5528719352152166
0.5418902030825866
0.5713166907962
0.6994144698970549
0.6967230036228749
0.5672005625779516
0.8458402655115129
0.6204984821430595
0.6311711724624304
0.6584128125223908
0.5827342275287459
0.7387587699866602
1.1072245235996607
1.0867118121100503
896/1024
1.0338017549098328
1.4118913633859111
1.22841920541328
1.1966524170648716
1.085575601608752
0.19641192330596213
0.4783510950246852
1.127499335030242
0.5888510242042929
0.5231018804060933
0.2552506094017675
0.49374558118774825
0.9749950096617721
0.27605787567994444
0.7005871231701256
0.3561672389336842
1.0619668525064083
1.1180213267382422
0.9772942860550653
0.9591695870753834
0.9341397288003513
0.8010041324720862
0.8568429527462463
0.4499214596752559
0.401129351591819
0.6202456998830862
0.3713274810606411
0.5890501737882341
0.16235599976242399
1.2352213502313292
0.9108265020456174
0.439210180075493
0.6434400675185021
0.5408124403237288
0.5702790597353603
0.7065832719165924
0.30669517439305083
1.2613942138231065
1.077889501536269
1.1086021317758894
0.3290454499782983
0.45900162490815494
1.1479739797776254
1.1957776445873027
0.9725887534165498
1.2272053762957855
0.8586158879707618
1.0728571550252002
0.6663468158474732
0.7046264021937421
1.0490500758854147
0.6798926801546089
0.3482078896138619
1.0022912474003438
0.7925696558200435
1.010427823884368
0.8553756021183386
0.794995790707058
0.7584735628061053
0.8613433254119209
0.9143246769012392
1.1857727115993943
1.0623339877077977
1.1493110442066414
0.6982919260041772
0.7533349866871195
0.49916743863184954
0.9653617963171068
1.131555487820894
1.1422124817733432
0.9414332478402647
0.5046388150685618
1.388456627747793
0.9267997566654156
0.9565982953801894
0.8361906897503384
0.6911435191056744
0.3704015361485319
0.7000864568987624
0.846121060249676
0.7590157743075605
0.34935690594493224
0.4001904312788059
0.6371873728601456
0.5201649711567765
0.6667671509422841
1.3838463393572134
0.5203958319748927
0.6104500685851383
0.9907905995527246
0.6416104240901018
0.4026223369143304
1.16559471476612
0.9744062666414643
0.8548560066488695
0.9144945162507516
1.1144501849106623
0.7492043319407662
0.8911227159029709
0.5961655190049293
1.0715020221201565
0.7515502721226628
0.6817375609405294
0.8954526240345638
0.44609052854023196
1.3323015708192023
0.2754146459632988
0.7268164402724038
0.16084566560304359
1.0483217836478262
0.9987995401065252
0.6692451950387884
0.9449490424662385
0.7783822788746005
0.7114722374600575
0.5582287912364392
0.607512508625363
0.7722114336269663
0.5471869407359996
0.8969977641114355
0.266451128172113
0.9846148264552079
0.5056765221898484
1.6749362204386715
1.0072922518744574
0.7296425369844002
0.5461053775574701
1.1481328908747868
1024/1024
0.6786497517793092
 96.868964 seconds (76.83 M allocations: 12.896 GiB, 1.67% gc time)
λₖ = 0.4
Warming up
128/512
256/512
384/512
512/512
Measuring
0.4231049069391648
0.9442915617465086
1.7494314462289042
1.4659782682864033
0.6499482268469435
0.47917068245461436
0.7108996496997645
0.488191173532465
0.6906166113855532
0.839671346324055
1.302674456019733
0.8571181434095148
0.9573406160128175
0.5167350581012538
0.6308137932084246
0.703036725565381
0.7371083105317529
0.3254209222478551
0.388824268738257
0.4577684885775186
1.143653722000695
0.48974010603706875
0.5606548846542397
0.3132022721409005
0.8940866276053813
1.3308136958007468
1.154200221357477
1.2434451494157492
0.35570676871129114
0.3783932024510261
1.2268626678720111
0.35784392659078285
0.3084067772155815
0.508198616105599
0.678912421239971
0.2991510010928705
1.200890308563276
1.0414538850616557
0.4023023064668923
0.3672723602334442
0.3539937688386717
1.1405720010554141
1.2466111102469664
0.6454884207336365
0.478665519932749
0.8328617556667748
0.27132458717915947
0.5318041291150863
0.6148546418143455
0.7942275060233519
0.31476547095249796
0.643904256553417
0.2842444662018182
0.4780964873616751
0.3513368709826851
0.2768218209511502
1.026659588711026
0.7771714746372825
0.9912235125568556
0.5345469247587817
0.25578702073924925
0.6981240382003144
0.7986063003660727
0.7974333941613421
0.9323240344078978
0.42095116468187166
0.623014978037129
0.3059276200339667
0.6681323271892674
0.34549562747827023
0.6623699047626529
1.5218167848126911
1.7724698866028004
0.9847146209070212
0.5816927540071976
0.3491889350151125
0.6794628461495669
1.0352427885582052
0.620925696330652
0.8801011419019926
0.36449747143534644
0.8769800070130873
0.8544319559678845
0.864738937742721
0.5539577134333197
0.5175590700285921
0.6487472207195044
0.3154938697606459
1.1693557145203572
0.46174494442085323
0.3847032604120484
0.3834831091470199
0.8781524581556299
1.3109404568267509
0.794461122476046
0.7881236312708658
0.4888166671783112
1.117745167770218
0.5639293112803713
0.6668798096700519
0.3076186209920909
0.602291178990557
0.42404105347642973
0.2971915314418103
0.5544749863617469
0.9773827947412135
0.7314006985135348
1.466060806911189
1.0531956941159883
0.9760813913948414
0.6255917968015441
0.4482597752241333
0.5269751097938273
0.5067200917800005
0.7102905809155078
0.6203252507139733
0.5970451230171467
0.9558663273629274
0.6114810257434717
0.5689540130878923
0.3122777979652095
0.28600479343352414
1.3821953907787292
0.4131776460010409
0.4142254075153176
1.122582458354736
1.6670698982567855
128/1024
1.2242992152135563
0.7103394971694209
1.0862932121930926
1.2175786151754255
0.6775767567089106
0.9960356144413659
0.6580475922649847
0.7155473272127043
0.6032742812655397
0.7025722500202504
1.117816939130153
0.8190800928799095
0.3666085633135453
0.9125998988519837
0.6256598485039429
0.8330519897230039
0.322602105225261
-0.33417648843139935
0.7288878581938274
1.1976879396574516
0.990005705208742
0.8465024231567135
0.3866612135910855
0.2711595237055723
1.0258438484950598
1.224136371665906
0.32475464869475784
0.9951182872442567
0.7891146717720335
0.8860182003938383
0.3766644498394727
1.2046176788215681
1.0205752814888474
1.0752184532044207
0.6877608649528997
0.39878780487684273
0.5437325482488635
0.4101403747842586
1.0453681509273673
0.5467007961342988
0.5282560283333557
0.5075885082463902
1.1839468940887556
0.696380681323346
0.16216416254304805
1.0715625700257312
0.7946549752684707
0.853729551146268
0.4177179790270958
1.2650965659145466
1.0593749338650869
0.7653376401780875
0.08519523092718795
0.4778057461939247
0.8921759145830598
1.315204795278
0.9876050916834804
0.7378315060004754
0.9530407123679775
0.6203123510086116
0.8316704646834732
0.7064957225065663
0.8842101986791211
0.9999171182078515
1.160367136720071
1.0232385100297534
0.725752845057535
0.930773839259004
1.0757086831420943
0.7239202210427538
0.8930879759063086
1.2221427455642118
0.7198302100047729
1.2792101167463785
0.6893088096087508
0.7473513353116713
1.0061030155814534
0.7606615213312613
0.675025947265657
0.4869180886321414
1.1245791814373733
0.4850917087017257
0.6674802943696847
1.2388715815772209
0.877753220334078
0.4943679124211116
0.6094257578980214
1.2643277799670072
1.1603298714581411
0.47974968689106057
1.3247460176603352
0.7729748608122505
0.35283737735347037
1.2148407012129585
0.7773772286185372
1.2344394033161032
0.9002142805179892
0.8392124178535173
0.860095971889951
1.504250533441305
1.010865371537314
0.42793536905981466
1.09655646309844
0.40137118908402525
0.7568566080228345
0.2658330153263804
0.8572213599283143
0.9079241673090536
1.1741787370607666
1.1631857429481907
0.8051164232390965
0.6201426637317091
1.1942009090617987
0.599399686731254
0.715924484638908
0.6192693478447379
0.9107723144328336
0.4193063514381362
1.5299450502966294
0.919424001914282
0.21659010588290012
1.0137238618166104
0.440645008827655
0.4433903967973054
0.7631634482730358
1.1665040332635865
1.4101137924068725
0.488712856097443
256/1024
1.1994945169363178
0.9531423851293557
1.2413943716247409
0.9475186961278632
0.9148109507004828
0.9408075280753517
0.32804542116715935
1.2712009984554737
1.3245770556985292
0.2723435019027005
0.5154220351851706
0.48674799191459983
0.36740468616068883
1.2759346506093427
1.13407298861951
1.4138620990612223
0.4520315139286047
0.4575518636017626
1.1859704332235022
0.8955654505977828
0.4748259997045987
1.1962302625646388
0.22048174395768982
1.0492458087972907
0.48157230663368567
1.0309385553946828
1.2375800471916347
1.0023228099674528
0.7335832433204384
0.6167769120038039
1.0308831571772583
1.2735062243121538
0.8440559714692725
1.0195625168799098
1.1739448111804298
1.0522802195848038
1.4215329177477238
1.15364018935485
0.3359825367393216
0.740453285424226
1.307290600370052
0.562127022190391
0.5663258844956367
1.3950904528778896
0.930104147108545
1.2627898857713244
0.4445281596498722
1.5139322845683068
1.3709714218909057
1.2210084294494261
0.8205428997466109
0.7295756837538769
0.8673244986902401
0.6950484670453339
1.3272931777213217
0.5416777224007402
1.0304942895034956
0.8092355695074634
1.0597040468235113
0.507020526820308
0.9026177328697131
1.2385398336646858
0.3995774798956749
0.26881217753566267
1.0758451432874443
1.0674795670103185
0.3426459599867296
1.4736633822270138
1.1127332089677089
1.0469121458359814
1.282604496307703
0.9520425052654107
1.1510437653024892
0.46359821465713114
0.6226313015854346
0.3080626820040542
0.5900678789565481
1.2716311751961653
1.1458509634576464
0.7450387001574819
1.2872981882181436
0.7331972808718574
1.4190830615193424
0.929683050582485
0.9982081016927431
0.256629415688397
1.178962291498751
0.39016605975764773
1.1496050164507643
1.1797336633706939
1.060428742711171
0.6781037659260888
1.2908184036836754
0.9871740576385254
0.8057060982405695
0.9990578130915597
1.1945872694929616
0.41372771712798695
1.1941490277839886
1.087145716748183
0.39721716260392037
1.2422199121045465
1.0562743838393658
1.2405208530100997
0.6740507495622572
0.6296582563748314
1.1055869800537683
0.8719257138847523
0.8142287672594536
0.32679332411797646
1.173298313903395
0.522589597940691
0.9675883686190082
1.0867395400988016
1.2980272961152437
0.30061857479530474
0.6162802140467889
0.6811178537618695
0.9563701256571109
0.5254165261627953
1.1220749988262635
0.36629628198039993
0.3201357827847573
1.2446561731524075
1.1913185548032914
0.9711529940124346
1.3949419114554535
0.4257020494325168
384/1024
0.8620543345625855
0.5779278476349754
0.5365999153920997
0.5590707837026025
0.8587662925888347
1.093522311091143
0.5967818146459453
0.9590375230350934
0.687413991436132
0.5315338835604686
0.820673683050995
1.0664031585899607
0.6903857801501809
1.1022689902249652
0.7314329874671232
0.977082341443763
0.8843418600716165
1.0580731278375144
0.57261810469233
0.8422531935479455
0.5151494732009926
0.8870235810353945
0.5411877294457099
0.5126468635562493
0.5539415449567059
0.5947819266451361
0.8060803860175068
0.5156438120015386
0.6164861570544719
0.9624410987978211
0.5342296270705216
0.7386348489887952
0.669792400124146
0.557503641769967
1.5000040975787488
0.5897993509507138
0.6574695525775217
0.6302448202447808
0.7850314156276974
0.7688516851367024
0.5996846381576468
0.6296048306431339
0.9519288073603026
0.5656039316326797
1.3545550173272454
0.5182179906445188
0.6539080780420266
0.38284848350071476
0.5188340568396503
0.5365710396675991
0.6361574974493742
0.842875625295906
0.5924331600783103
0.5424712585087578
0.88664930619407
0.6301004756057487
0.7117754312595226
0.5261251066156185
0.716371774752055
0.6445290432590196
0.6008865229505953
0.8765103833972021
0.606281458409172
0.6775719024939768
0.6812922474711849
0.7999703431436671
0.8012568175042453
0.6341525214269896
0.5825537445390898
0.5324851253807342
0.7761244600850812
0.61613191121469
0.5538012730795155
0.5752459951496312
0.8297142854831693
0.9639275281873332
0.5611542401923091
0.5740138601560523
0.5414939901810022
0.5267944145276188
0.8259521452510956
0.912407495158873
0.6427920606985025
0.5765344466478866
0.6130415509176099
0.7501161706225635
0.5943831740218364
0.7108866402775178
1.062904848111979
0.6382095661567484
0.6087109352762274
0.5387102753560354
0.8689205027455726
0.5955764452280786
0.8524836994088129
0.9871659810799372
0.9263426834590778
0.6155226229778906
0.7351131647434929
0.7695564520181869
0.5787540459698609
0.7062101112157146
0.5572700973902316
0.6290714850106455
0.6096951047411896
0.762527994109617
0.5881879620110868
0.6506509561448605
0.5897347736272709
0.5711926142517108
0.5471922303534817
0.808625575213293
0.6685641285290225
0.6843088211024496
0.6675131500885805
0.7092925252367122
0.9107820605603849
0.8847149984151883
0.8492537568837257
0.8829505154331021
0.699191996161835
0.8027006292859469
0.5511933959113137
0.5793496167758488
0.5282373228819054
0.5230117629792781
0.6874858392768571
0.5493907011448216
512/1024
0.5416213885101115
0.5565071779448783
0.24053919366177004
1.3510263144270274
1.3188907344977714
0.21533770007133762
1.2882887067450528
0.4378349981955318
0.5328310587374967
1.3944087687259452
0.2575019766414451
0.8349660628809247
0.43946411421424925
1.4132318182460695
0.425127383565836
0.2343276764089704
0.6048180200215854
0.3393974134219159
1.6770121627774692
1.4880767159676955
0.36000121937657237
0.4486511159275469
0.9967473846089716
1.4806099429808544
0.32392858188052165
1.1465895159455646
0.3135124354406942
0.19285609739922277
0.20908014009554338
0.7140666766580678
1.3196711032621853
1.5428390557375704
1.2153671460769764
0.39729372592460943
1.2984494616619973
2.306833637050319
0.7753427147697973
0.18325365028079635
0.7020549941978809
0.22135111438808552
0.32568472955150335
0.5576027190714374
0.3589671513157889
0.5619035852263361
0.26666823803832995
0.6955637324767812
1.1078079113692119
2.041674201537515
1.1766811330452405
1.2610694995106069
1.5510837939808821
0.893052327150216
0.706322429536135
1.2036374584232745
0.24748302460487942
0.788165666769104
0.6143089379680677
0.20048042031164715
0.36572315492988117
0.19233364081965498
0.6334328645412397
0.5662474828555547
0.7898812232503494
0.19525487041012202
0.252153874458093
1.571756513907037
0.730617261426589
1.130209990593422
0.3732595011663522
0.6177547364946658
0.7450923245997965
0.810936575143091
0.26822295478192937
0.8997192294313843
0.8293986899961472
0.31296305196342356
0.5375421025242831
0.44594282406177566
0.7709809929628546
0.5100902576291025
1.073532607937092
0.3275300625468759
1.6821664502678493
0.9736710346871827
0.5900059145291539
0.6447267489283207
1.35059177132378
1.208086226495749
0.9443306373297349
0.47025585273065595
0.26426992911727576
0.45200972409753004
1.3000654529182034
0.3051137205960448
1.479319962054496
1.722501873694898
0.7579249834190112
0.23668347423054698
0.5742212281016104
0.4141549481019637
0.8077905359512766
1.1988341613443345
1.117155389982162
0.1782373240455529
0.6741641761047561
0.7596361404488977
0.2031271339394187
1.939960815682412
0.549364073012133
0.47578246463616997
0.8668667375168373
0.4939556635283805
1.40748825880092
0.37583619940301455
0.8920974711333719
1.1284906555279188
0.9361709117533152
1.0566245649778545
1.863254503828652
1.11071539609654
1.0449022304219282
1.1148937934498073
0.8584672188592768
0.3610389463297723
0.2170268407163517
0.24814315067391585
0.1968262336686844
1.566551293419294
640/1024
0.30009222335711083
1.3340640384493483
0.35349289395972766
1.35709232749507
0.38545744074415345
1.033189032622519
1.0869180715894546
0.2539451815888665
0.7690763760456081
1.1106547443247683
0.5091420722384468
0.3675675874306538
0.9396714375028243
0.3376539435212662
1.1603817961415928
0.5012748187584463
0.3859110714149104
0.40797159140022865
0.8520410591617571
1.3071955958793389
0.8866151690636763
0.5808545470742046
1.671424983777015
0.3379435376197882
0.5967332708880765
0.5696835186399982
0.2935246039154776
0.7298559983696068
0.781129696225563
0.38246057399945776
0.7416525644328424
1.2245707224999518
0.5685552883366918
0.9511670133788526
0.5816716666379674
0.5187711375203681
0.24287583674430427
1.2493666416409621
1.2564164405971021
0.7447268280661468
0.4138260654936759
0.4378450636266613
0.34862565165822057
0.34007315006068495
0.31611275908836756
0.8547064264296824
0.3422035575549862
0.35812961066845106
0.8120822287506818
0.38054342483752035
0.4810450308193482
0.8797324858423788
0.6200111936016981
0.5035298107165502
0.4404145412963342
0.8342104405794672
0.26415615195417
1.3530763630002696
0.23146845798985136
0.6092205820579457
0.32797269009633173
0.7334314313756017
0.39623034703171567
1.111748107564302
0.43924867856716654
0.7442677927243908
0.8686456977131732
0.6184372281597311
0.6211224682692341
0.5263274397644351
1.5567174407865523
0.8518242947515204
1.5569449624568095
0.5411352502468523
0.5371463663404298
0.48453883886853044
1.1105761804677372
0.5716826960754202
1.2052840675929462
0.702733862762212
0.6333087531818826
1.0785492894645141
0.3148769740114311
0.7992246227528329
1.2587782653668893
0.7242942404080377
1.4808242797714661
0.31165583725033547
0.6829943174207551
0.22276044745837326
0.31166426806450875
1.2926532088151226
0.3075744932831275
0.2781076500653279
0.3339298561095921
0.4606072882864109
1.2443025909346148
0.40886618172444883
0.5453226706570709
0.6910489136615665
0.6802203818355184
0.2308833825957091
0.9907822237413428
0.5742991476883766
0.30820420394351783
0.8322493972083189
0.3036585072505226
1.3844346220556798
0.8318585151944898
0.7790383709401171
0.7373938066471888
0.6726910990224255
0.6219831762851369
0.36633107148935695
1.255034496536494
0.7795154381912698
0.3708463193254494
0.2592238570828864
0.6070525873039281
0.9304716087046814
0.9010079306725792
0.7563420893283165
0.32889382152239055
0.41086806650031216
0.8369417527934808
0.39372803780222265
1.2853116091643448
0.3535977371797822
768/1024
1.5204247686489032
0.48629029925270423
1.5946330649986598
0.3184866534186601
0.5668237892975835
1.7468751104531184
1.7000664734334237
0.5768611596145399
0.8989265544393826
0.9660530445668081
1.7364268414372714
1.232239607053469
1.0391590384090315
1.6813367465312934
1.0460856392356461
0.6651824066578416
0.4198632652876706
1.809993335493473
1.5281300737256143
0.7747211615199001
0.4484916241425347
1.3621464312547458
0.8795491925232211
0.6569742246950554
0.1970932769240227
0.8867478589323369
0.5406295251650675
0.4464895269658935
1.6345855550017998
0.43013994069038014
0.7978885718806428
1.6169667811140396
0.5704805002330696
1.1318042431437771
0.3126220942145157
1.494972613440165
0.5061877728187468
1.0443800233881615
0.45176321126944874
0.27037566884526854
0.658397863735213
1.1158760234278602
0.7776812727120049
0.3466511729681162
0.3636345814928078
1.3018703809725334
1.7179691273857796
0.9812236681909821
1.7144887964976943
1.4621628788492076
1.1716060817426905
0.6117490775299859
0.920916381740919
1.4621363959584683
0.6914185011054574
0.27310882882370413
0.6192567907365158
0.6448657779902379
0.7704238997903043
1.7371354908350842
0.8902978868972564
0.41417390038797974
0.3196926692843471
1.2075161506868237
1.405481795825903
0.32353303603829564
1.7309115865734552
0.273652492079829
0.8732625650513577
0.4193030838403419
1.127517656009909
0.20763630355763874
0.8446675810831239
0.3555131422050511
0.32508088256572787
1.115191431609758
1.1841482155236431
0.23290358435490827
1.2664164997920087
1.2008077844965994
0.881238541036209
1.2332135277308303
0.29090231957585916
1.1165877417921126
1.4740532372973374
0.4295245214708776
0.6820840088849269
1.8472173968500245
0.39410586360198024
1.1238331786576146
0.7952360432033291
1.5005738401927522
1.387463611885228
1.2049726133326122
1.0565616585371154
1.704675201607874
0.6565392688786801
0.9243130770443228
0.27955928378186706
0.7946209972071989
0.26085184293617864
0.2941377389562474
1.9293386268812511
1.1098006137097902
1.3923617393521726
1.1860695291534273
0.47200138105869965
0.5958178039184421
1.5737899672010218
0.7314390409232528
0.7880507119304622
1.0194780940909403
0.268118576403204
0.7163565907743301
1.4311249908833399
1.5579273725381622
1.3609902044854971
0.5306619886534786
0.6980710504088473
1.5549206196152756
0.18236596995486132
0.6009850321185191
0.23354340273321383
1.3831358935181646
1.3355189040406863
1.2175690098841505
1.140888804651345
0.3844266218068192
896/1024
0.4936041565393643
0.5845213677648464
0.5632765444377531
0.7313722932798409
0.24113291273666837
0.8437773531464952
0.4164201165615212
0.8318230088937008
0.5354120230190093
0.23762734084577825
0.04515231298754552
0.6604329791679387
0.5612136609890808
-0.16173603854173102
0.8913395211056904
0.6571550133212292
0.44900851206423
0.5440239229611888
0.7057497018787039
0.6357894724982862
0.1658359160755699
0.5035672367495221
0.3867285209920155
0.12932453783477005
0.6471470388294804
0.7797752487325565
-0.08116993796305849
0.4099442689251978
0.44663192591248724
0.17227776406918727
0.5095288639221525
0.8246927943819267
0.4698035468943677
0.8445691993464743
0.7601791512403036
0.7215610448524016
0.7883993652073245
-0.019604562628060207
0.4296474231245457
0.7690686519689692
0.9668623830082514
0.5787711483223343
-0.06859009745709643
0.8731515162737746
0.1317394013419596
0.7154768559802935
0.32567275967314235
0.7360984616722019
0.3394701798018194
0.5914864483252066
0.8071396480531183
0.07110774032877076
0.589168414606104
0.5098848149514357
0.04311683673562483
0.41662461613659374
0.390811591462238
-0.14283506811844615
0.7049473325190148
0.2680241058781497
-0.26673008951842014
0.6192292211097001
-0.004578672782742044
0.8261824518794074
1.0547360000147976
0.5393653705171926
0.7617856834241739
0.297403010872636
0.17656076840782514
0.45413311495467557
0.5404054908589191
0.22898806557887424
0.6668713034470944
0.45110933494289623
0.9436841876843485
0.3883423654562788
0.9340405735416586
0.907293891462699
0.7404485869229667
0.7789008907718337
0.7194817937980128
-0.18278039701621496
0.6440984320723837
-0.6907756796966064
0.7371600985131979
0.6520582727216826
0.6031374002367624
0.7219439349627058
-0.11739720422980826
0.17648015252655774
0.7870386117543933
0.2792878442641509
0.14986137299354263
0.7527102943093561
0.4941949737332567
0.7212202163170025
0.08713589978689429
0.2394746013453219
0.4356334555853636
0.9452484727206087
0.46406722917240495
0.7006530960457761
0.685086645148223
0.04234923972900362
0.5961360175396659
0.5054812361838272
0.16417238146854285
0.9911263025509531
0.4289025781872418
0.7445990871503948
0.8607025686469773
0.49048136095429207
-0.573857719344533
0.6227881849429526
0.7030783162775466
0.8906921501089102
0.7862835070263247
-0.7435511408783158
0.30550628156812437
0.7207293200574796
0.7646669533511085
-0.10405674610532056
0.7026438894022289
0.9668398700752963
0.7567952679953982
0.7043600165616052
0.46911722673016787
0.4929123136676685
1024/1024
0.06920787445400323
 96.721191 seconds (76.83 M allocations: 12.896 GiB, 1.67% gc time)
λₖ = 0.6
Warming up
128/512
256/512
384/512
512/512
Measuring
0.8306017591548934
0.5823612664471564
1.029586145761505
0.6219088699638938
0.7973635083352802
0.5500983790088189
0.520431757493699
0.81652093717082
0.7261977812066754
0.5683364272876757
0.7254225568914056
0.4404325712376817
0.4445968619754257
0.9811742610501463
0.8765102431504272
1.0090300444064522
0.7214905377856534
0.539455850687808
0.680472638054217
0.8090691831849988
0.5067383518708819
0.5743872847313615
1.0556589103151388
0.7125961260097974
0.7844774975063473
0.6401175901542009
0.7045975586128002
0.7331003574210461
0.8130162350445134
0.9857370052592844
0.44029859885941713
0.7393976730905023
0.6091093780151045
0.8219712048886216
0.5540343566291799
0.925832998162593
0.6000772676609111
0.44651321129409405
0.4893528007574923
0.5966888894342837
1.0277366521233748
0.6212224623024877
0.7243012081280606
0.5676273373115825
0.9012256419946829
0.4899932000380496
0.9020982852019914
0.5961789997696989
0.7379263647490313
0.6893940680508673
0.5195436443883958
0.8149580187354928
0.582395359091184
0.8388567219034442
0.675353556849602
0.8879734295757495
0.6773119725308299
0.8022648389833309
0.8991256021074197
0.8538756310338995
0.6552556627408532
0.44413345694877926
0.44566977958818815
0.5901473907735594
0.6245630892427843
0.5740340244277171
0.433105119782825
0.5616778590319449
0.6490544092334565
0.9856242703205538
0.7210795908422709
0.8772263178365708
0.6950164813266729
0.5503104224818187
0.8603611661227765
0.48382108646350314
0.5103250678128487
0.5425223652164685
0.7978343117368226
0.6018145682600553
1.2141033494331288
0.8360709170732714
0.8113096456350005
0.656446795737617
0.6031915446769414
0.7941710937011296
0.5832295698996175
0.6257108001479094
0.7242373524964396
0.7946403376164937
0.9370393971664226
0.6466843551170345
0.6354365724842248
0.6325593027363479
0.6450471030556393
0.776734567842462
0.49958371508992816
0.5870586761106031
0.9761166835249601
0.9590682092989711
0.49567051763841774
0.9496175486049526
0.4812808043329987
0.48518283911786664
0.5363432086422018
0.5437865013260403
0.671489761619189
0.9112904200177172
0.7841097567988927
0.49054568654962705
1.0212729271184724
0.5568610407452028
0.49781233122312296
0.7197661173197164
1.0130330928471523
0.8360963925139226
1.0127124832259733
0.7230580222466473
0.572427868470274
0.46730261063184475
0.7009015378222163
0.5828223911594161
0.6428236768026001
0.5188077608095695
0.45210612961033325
0.7490809132599769
0.4900482292064253
128/1024
0.7469249776916862
0.6559378438551174
0.6437609736479326
0.6979195146538755
0.8742312313253936
0.7634040563837527
2.1535451269582793
0.7872325067964687
0.7998626831229529
0.8840557395720712
2.110796246825179
0.7628113442176575
0.6785551749609016
0.8733203382794124
0.7518817582788366
0.7827264072548823
0.8867269156375766
0.7568517693862583
0.798955828613289
0.786558713040942
0.7594128009160566
0.7773103032197564
0.7701762566569764
1.3365165882217025
0.7112353199577078
0.8546648865887807
0.6715791127225592
0.7653812859313899
0.6296190929339531
0.7491085740957465
0.8789754417882228
0.7379321185702685
0.6355486429958153
0.7767745611399383
0.7333435593482339
0.8462674712977911
0.6317882612490001
0.7160356711103206
0.680902494084436
0.6462670887386464
0.890898132894468
0.6564364687609819
0.6221800333719838
0.7412118054144177
0.6214114455170856
0.657901514815507
1.6102992328074568
0.989074162869332
0.7394935916241036
0.7382187302281119
0.7835711019114604
0.9580850802971171
0.7083958149376257
0.7534499328426254
1.329861403255906
0.7080384825415246
0.8049143214447252
0.8258770562913096
0.7726319905262905
0.821181777739213
0.8314476710866777
0.7186732491133011
1.6819940155668411
0.8861553123932785
0.7707986906881759
1.0178385216622803
0.8816104803153593
0.7717527536422347
0.7857455046934751
2.277641925923695
0.8637040684653587
0.7441386505918859
1.3124080420378914
0.7584871398064794
0.9411721880854236
0.7965413643554814
0.8706770678720013
0.7076366775887531
0.8753754674420957
0.7236567814751897
0.8632564451590546
0.7533452956016424
0.7970400345559548
1.6535277837785198
1.4109790439249053
1.0307305436105305
0.9303734106510784
0.827822593690985
0.7889064056631344
0.814342890671155
0.7841951598539925
1.2114063944953117
0.7550009758161792
0.8987756570238251
0.6660102689599786
0.7575949196851808
0.7671714565239892
0.8923621917677758
0.7891070633101214
0.8125462584790735
0.8349741854234113
0.7277819416582703
1.060849139163431
0.944998038750082
0.7239455567410544
0.7716836317595155
1.1411851179644876
0.6666484279960497
0.8378206603280692
0.6197942194543825
0.7805480621665024
1.4675844527985609
0.7954317829512098
0.8807904781508755
1.6000306618744289
0.7791368293685875
0.8427241236076606
0.7636059773706112
0.6891246952513819
0.7737264877956048
0.6960820345145423
0.9254696364698325
1.2160487301309464
1.4124655333668605
0.8940520218487426
1.0917928414395053
0.775180286606902
1.053659126473419
256/1024
0.7986144152686279
0.5892631722767977
0.5062643629203909
0.5516414804841359
0.3230416490237007
0.8387621477995
0.4889443328851755
0.32659309237039563
0.2369969913016044
0.4358060848303433
0.3934461200408525
1.1273308273376208
0.8037122357459541
0.24759888027087582
0.7632002115781102
1.4421820927627018
0.36188338688326144
0.5276170243550429
0.8699790068015762
1.1614689258176139
0.3319596747868515
0.9263982290522332
0.7107681768887828
0.9564826762394463
0.5840826964308499
0.3137553208392797
0.5543187109350666
1.0598045923140442
1.12451789162389
0.9485992167423222
0.9025722889790262
-0.2674473213359093
0.3261448666205726
-0.07549477292218887
0.3569263912892218
0.14411261462234365
0.923437107476553
0.8403936218342453
0.048048179144466685
0.5691377249447002
1.3780758801452118
0.26294705433434135
0.36408211421673414
0.2606840505942616
0.8614165092557208
0.4826862173488078
1.276623111078282
0.8837466120389523
0.9883769260802444
0.3982703352981821
1.3028862675976236
1.182495723032146
0.9513334895332993
0.7607814839329166
0.5780506428433156
1.2200220782355342
1.2710422854081118
0.1456721032462615
1.3022438256100863
0.7030993960670273
0.4189711011258422
0.2516829862948308
0.3738034949702446
1.2271389979329708
-0.09686793585121178
0.7018178605764922
0.4823094620284466
0.4258617844920898
0.9139181610065135
-0.2706711798497088
0.544438520867715
0.4146716013511893
-0.1873164177569796
0.5728756702005113
1.21858627327456
1.0959968118175625
0.8541237238921995
0.4470713874286534
0.9693321875739815
0.9322673198262535
0.4230043529660088
0.7913899913509399
0.33659348338052497
0.5009063777669777
1.447836076583852
0.3198325976993607
1.3576771752958896
0.8839051732100436
0.8943166869843914
1.1018614166547245
0.6755208744602939
0.6647869618799526
-0.10647033029709507
0.2673921733623715
0.7035593255247604
0.4689912489097756
0.8040203572597358
0.5264933533669154
0.18101483528487322
0.6064432444185357
0.3526479686434131
1.1936332259587636
1.090463800930392
0.1767944737616986
0.6107559841230956
0.10543644135885283
1.3590582057344738
1.2137730566927774
1.4661564003750565
1.009921479013364
0.8475935838354814
0.26926037781960704
1.2026148007273234
0.4524388741997767
1.4409796679208426
0.5529994850320173
0.4816562607511262
0.5451329346352981
0.9358303810238268
0.6901335931502026
0.8337477357938512
1.4942435641202803
0.3309568585394005
1.4911584436596794
0.45438352470804866
1.4496454785027382
0.6803875502962224
0.4334545836233997
384/1024
0.6680216921747405
0.6951753273143718
0.7808056601654597
0.7364580227832279
0.6355858456818784
0.689853616629617
0.6451655784188554
0.6859451031973609
0.7730760651274617
0.8290910243741444
1.1488879911244263
0.5528333739038862
0.5010115048300328
0.5988660077491659
0.8163261345581068
0.5922518948651971
0.6790693418138176
0.7031536454659298
0.7886255393544154
0.8802048656801991
0.8989055315997466
0.7618467257979976
0.4875416916519081
0.8779044472774546
0.6330709939544248
0.7785311171539941
0.6567765370207224
0.7848309288192856
0.7718753495352312
0.6149585498273482
0.8454752178553655
0.6146828634581354
1.4708118519874556
0.6966824699542761
0.9170877201480001
0.8527476403659005
0.7199271825306565
0.8017636258502945
0.6186743658137314
0.5946562158169733
0.8354627769919241
1.3277087531740461
0.2966700724822427
0.8123059854735291
0.663962007853357
0.7754632712030955
0.6519698445700239
0.5699593729721397
0.7873100866288196
0.684252794448055
0.8998039353380993
0.6327802106743393
0.6294552371445086
0.4673060976160468
0.7149718167107695
0.8183234523075045
0.9204524162852091
1.1500957728752144
0.8178463026710954
0.6903925356739015
1.1118772135656236
1.1343553481761939
1.0652439237095135
0.714499303526197
0.5960477755146645
0.7069177654764065
0.6439904184194083
0.984574253885786
0.6052125657039472
0.7003599779791909
0.8137831192691759
0.7309009084229978
0.743090279664629
0.7340823423680198
0.7151445151455451
0.6900933837101444
0.6629637987225688
0.7493056848518622
0.8751977079652395
0.6740264357819614
1.7446370372890345
0.7364889394568817
0.7582617629619943
0.6570958417078017
0.7255582971106167
0.7239991052780549
0.7940844535401004
0.23831602115363348
0.7819945481323174
0.7040700860236
0.73614867245897
0.7401807830480224
0.6637965264707384
0.7801362314096232
0.6944438823191517
0.7179482679779382
0.7391628956657518
0.6046759691513076
1.1496891111823235
0.8439817639804743
0.7233788974769079
0.7485868463964602
1.0202017567995072
0.722646066246625
0.6443721603191106
0.6816346846291759
0.6510380803632628
0.7106351494795137
0.7297576647855616
1.1471973776649935
0.673074771272103
0.7743998955673101
0.7663588785733018
1.1041669946600692
0.7451495328973743
0.9642632236991395
0.6692304690904745
0.7671263114077742
0.6745983041017485
0.7312466408447452
0.6626236600779359
0.6323382381557866
0.6906117172188411
0.5723555403145602
0.8003703108783373
0.6353516293671925
0.8427148226319553
0.7087028689884342
512/1024
0.5585788741339504
0.43759188297008766
-0.10921387755801792
0.6534806949111662
0.5923809889859172
0.2482147898861003
0.7263766073959088
0.48461894600203914
-0.23856943322908203
0.5383418538183949
0.5266376551705128
0.6886232899452058
0.3644390022225761
0.15056281845671615
0.15319369543903544
-0.2751305563245813
0.6820285540517269
0.19660319395547265
0.6393453965787415
0.7228686243891032
0.4657850365595391
0.4358948833590997
0.4698220278079545
0.32822926215084536
0.6036828729573871
0.21827124761481637
0.7185208143728599
0.6435579881179869
0.5104771665803621
0.048163362687529965
-0.08830884712195053
0.7318761437215618
0.10282444895722737
0.6183855810573198
0.36345777040150995
0.2173485952993418
0.7015163525434399
0.5993842257800222
0.6904624961026624
0.6923163066233968
0.7345624370374269
0.6208005129905381
0.8230952378790144
0.5906191904462395
0.7032181584076842
0.4194552042889101
0.5966844467129229
0.5426425093403051
0.26951079293341496
0.6462941343883577
0.29226142277807277
0.6752483169321115
0.9408193274084335
0.6696374654804278
0.6204838844959124
-0.07880748453538416
0.5448975234378244
0.0402270681733744
0.565709492125128
0.7120718285453593
0.4750291936443868
0.38539224987587173
0.10173812729202053
-0.13102053653794932
0.3290128219891656
0.6765502757320703
0.6578875818657524
0.7571962496764836
0.7238673323669518
0.7049783389886152
0.5309055785088859
0.6186506850346264
0.41209929856798516
0.06970424693326172
0.6881094064702633
0.3341909622775392
0.6778110442978813
0.4938018799517268
-0.07636623423552763
0.32563214816451735
0.3697291884606737
0.7051010059677296
0.6869567904450004
0.36954991970000933
0.4617342422380745
0.6902184872522461
0.19011811519254362
0.4967157429569593
0.7832937608780431
0.453273382367092
0.7034149186991663
-0.2798391756471108
0.7446906964127646
0.6266521184275227
0.6633255978202606
0.6080876718259984
-0.20506177518091173
0.6019913546227569
0.7313810470112816
0.023476673505114953
0.6928303154936779
0.21005204385011422
0.638571851418696
0.2755456244868408
0.5842605615552503
-0.12483750410219285
0.5188838882139095
0.6616692774307353
0.7297828909473069
0.5525734237686023
0.6385397472130375
0.7024825711959097
0.7920483799470839
0.7454307426218855
0.6935986472393909
0.28452813259177107
0.7149361762852396
0.6610788417217545
0.699515788883076
0.6130363342634845
0.5736652696545952
0.5183541550293644
0.5075913937078504
0.7250555033401016
0.7057257491208473
0.7059852332934593
0.5109857968097373
0.7329057613783976
640/1024
0.6415658694398589
0.805639754516754
0.6724013031818994
0.646970765286495
0.7904035040702745
0.850082440110443
0.5888421196329912
0.9746513242454752
0.6328632979129456
0.7494587951392402
0.9005326620195148
0.5126783474388678
0.6534378374746395
0.6298547032083759
0.749420388447831
0.6637022219210612
0.89038532714916
0.8035608164699921
0.7488476737393598
0.8139302246116127
0.7547702090751119
0.5231610970662706
0.6748570856377221
0.6875711524949685
1.0818400311139
0.7292968799931636
0.6408730219050152
0.7993456244578968
0.5754573614961509
0.5837750874621065
0.956384507724688
0.6254448796251675
0.5671762217157703
0.5183874869497389
0.8306123168291517
0.5716616433195774
0.82017442017784
1.0977717478205586
0.6362572456615878
0.743114748853849
0.5328037303932917
0.7749161521617718
0.8951322968163083
0.6771679129769641
0.5198372389765967
0.5617090357028002
0.91523924593482
0.4508339846661061
0.7585511763436059
1.0412896450671971
0.5282738547274923
0.6641885329270976
0.6749243611341773
0.674948522487002
0.5545195871196554
0.696148000887107
0.8579248976264008
0.5443240871966462
0.5275637825074232
0.7081482545910553
0.5415463685267033
0.7031348308765619
0.6311312138949472
0.5424704248280785
0.5916927614068666
0.5788987665044081
0.6092984805900674
0.8793484616464613
0.8296950812375617
0.5835479206357661
0.5076454983383487
0.423323498215392
0.5508867735408021
0.07562547030252642
0.5924392844253239
0.5104385213941744
0.5431007707122304
0.9467345424868545
0.9689971949502827
0.63233537703957
0.5166479419063269
0.7440510318766275
0.7709244284752039
0.5894582675512199
0.706009173642596
0.6956617763158612
0.6780733791434717
0.7367581229276011
0.7484061949913137
0.7828588868838697
0.6711700270000301
0.5012683383746389
0.5937583881893348
0.9696386712560823
0.8343873252105025
0.8534001407146419
0.523208035509102
0.7410080954364646
0.5543241247631672
0.37337775411500357
0.6353182903951857
0.8639366116016434
0.6031236710954442
0.6876577588456954
0.4981396919715317
0.9554535378232285
0.5509860306249152
0.7404819491261672
0.6035263196224252
0.5110579129186387
0.5968638684182928
0.5264262587264271
0.7712597273798528
0.7004553734258689
0.7805118591555688
0.8150837229781055
0.5770355324938841
0.9379541801473126
0.0370229833892205
1.1131126243266867
0.5892142354823138
0.5224750276611699
0.6545574771799605
0.49477536450305115
0.7441322595253823
0.6934813736572291
0.5433718672138578
0.576430604320266
768/1024
0.6163896107411038
0.6627927397744536
1.0367305348502687
0.644259054648507
0.5291877478869961
0.7240138534310178
0.5236730108302556
0.820433533084171
0.4901302603232553
1.1704737095345445
0.5916402453318251
0.5175952196671706
0.6860713297121928
0.6536736487544608
0.7237787646526279
0.5657075130982657
1.0079881321628195
0.8122410385768166
0.5798406692402374
0.8386360504073516
0.6256522820192225
0.9039359608788722
0.5377678222407056
0.5538855985703651
0.5644459470960316
0.6922547432921593
0.4966397026447835
0.9275715389687538
0.7358914149282111
0.4975738331930164
0.7291592915358676
0.6585465483202736
0.7358614576893252
0.5586939309584611
0.5520870283898688
0.5502734679434977
0.5416368919730796
0.6985422227334135
0.49608361273215884
0.4643025360535597
1.8838392891180304
0.6317213580608672
0.5944088292970716
0.7908990258086004
0.5010604512731709
0.6286986604136537
0.6544017749186501
1.0584713306176028
0.7389523774017825
0.5393880743016697
0.6673130789768293
0.901552593125123
0.6738786078444328
0.49461670038099204
0.7623553664375108
0.5466662158908067
0.5238739576750097
1.0324091755747449
0.5880020844039059
0.5241453330547658
0.7332019355465097
1.0863970348480287
0.9395726264124864
0.869108623528384
0.9193335462158299
0.550172910187778
1.033186893825106
0.6316668374429961
0.6642501897752436
0.5036678577932657
0.9670273311203579
0.513991954310753
0.632433469732216
0.46336878728379843
0.6736710831585446
0.4985467600144113
0.6989045216257779
0.8613935945464577
0.5859905082701521
0.5220460254055646
0.8256384346474488
0.9020167717116232
0.47966146392529296
0.5703536721024312
0.5391454196006372
0.5485382702275805
0.7648718965719017
0.4912705460713592
0.4548659800244763
0.5124879706435581
1.0010032722659896
0.4932272245748464
0.5965201931425934
0.5200272544139584
0.6442000181449516
0.9523286991025229
0.5297529934369385
0.9274385688920366
0.6213236366920663
0.8878291655576579
0.6593871664663298
0.6304584901880775
0.4807930002780917
0.8858643087332054
0.48032875357783994
0.6275925189960222
0.6237567040448825
0.7062931289135128
0.9348865608328933
0.4952609039200816
1.10554843124946
0.5452676429801491
0.4519880916759147
0.5775398128126759
0.9949763885908107
0.7345814956086101
0.5316088703808293
0.521218636354977
0.4853521485950058
0.5573932382121385
0.649203627182532
0.7534027196110027
0.5605187666403404
1.0806012781545022
0.4958541466800417
0.45860676873435313
0.41631278660463367
0.9636798994210269
896/1024
0.5478668442275577
1.0112688000202208
0.37574347404855934
0.3106044985705412
0.4192065218064085
1.3127565388907776
0.8571226418795959
0.8626114315418005
0.4492026986629809
0.5338550574591036
0.8752878935385374
0.3606695197484142
0.837567213800218
0.26820692993205586
0.6124791090021879
0.5619782958544606
0.9238430909898261
0.5766694691498406
0.6952803024213101
0.46994092499707474
1.0975923819162272
0.2997022008544683
0.7619666344083738
0.6697821667045645
0.6955402816675069
0.6960423754923267
1.4091365324014626
0.36092595191850274
0.4048356351095256
0.7346164085193423
1.0931816168335273
0.4776397062398564
0.2913937777935449
1.0917270190692565
0.2834677402629908
0.8689980870901891
0.31404018707265763
1.8675227153467726
0.43505231449895787
0.7291769764819627
0.39238661747903214
0.8078854896611264
0.5169775437661455
0.4697374071641368
0.7777975977857097
0.8440532046724856
0.5145462084613713
0.37620883888567197
0.28511194965296593
0.3774294039573556
1.251807211092758
0.347314233825723
0.7446776926264762
0.5059126221875525
1.020405969900679
1.1374756443532499
1.2687468663816244
0.32637826546223725
0.40766219144321414
1.0067615169929331
0.4197651985544501
0.7122280291707387
0.9758507019355367
1.2279339177398971
0.5734415041915273
0.8342031790469113
0.6669912776370759
0.6633556978006414
0.5148253756182096
0.6069066990755095
0.3446737755835888
0.4743994008323772
0.4072137022079403
0.7256898047613004
1.2824272320219188
1.1515144584996877
0.3531767452694807
1.0295697860962227
0.45496710498795384
0.31320707089143845
0.5323437634512002
0.7632027700441665
0.8172222942918684
0.4297995559103315
0.6675813594728923
0.8663739937259425
0.639454703773699
1.248623537129691
1.575630693336631
0.637071433803264
0.3888486941220508
0.3724275978255981
0.35707629487851666
0.38090049254518515
0.49209722727923844
0.6398256671048952
0.4787426432166343
0.5651787532811352
0.44627249283540393
0.3714512998970575
0.5540477774783367
0.3937072548311055
1.012229580993643
0.7642897256742154
1.401551203285951
0.37366571550815797
0.8372723793124635
1.0846308550044772
0.9119376129013625
1.4109178263073456
0.9156507858536285
0.7428909886320696
0.48193827646953197
1.061953163904271
0.3554772527125468
0.4885712167853195
1.362696751904877
0.4302277086806512
0.6567104851541882
0.7888246977369513
0.43617169181354554
0.5555756824883226
0.7442734384899073
0.6464422875265912
0.30676950198887476
0.44093565634418336
1.1191920343505055
0.5225749333348196
1024/1024
0.38136222333480235
 96.796847 seconds (76.83 M allocations: 12.896 GiB, 1.67% gc time)
λₖ = 0.8
Warming up
128/512
256/512
384/512
512/512
Measuring
0.9144080641640553
0.8742854423635097
0.6406270111305625
0.11717978020659622
0.8599854890468304
0.7967417105520793
0.470708001165417
0.8066595980500578
0.8156245446743182
0.9247676899138062
0.45998275734558275
0.6720411250235853
0.9142064805731798
0.8195737922895273
0.46797711393916974
0.7582012009843475
-0.08983294102470182
0.76799536390368
0.04493440614432437
0.8599115102083059
0.2646265134954814
0.5056553135690678
0.979957961061904
0.4659802601345999
0.6419785429827731
0.3090061827409585
-0.32918820356569894
0.878824122432681
0.43447537707670225
0.939471922013958
0.39861881373552477
0.6952002838032763
0.51744868143509
0.2143606240095563
0.6249798078233507
0.9088549544777248
0.39495995715916477
0.21067986041799752
0.5797982263392796
0.8453012930233407
0.9362030009334172
0.21607849723055447
0.49563579988232553
0.9641016740144654
0.7602297198350829
0.1379517712597529
-0.1099741194597999
0.33039921399596006
-0.025766269037133138
-0.2809751598440818
0.15195826766575615
0.9026863781400981
0.7323667186207136
0.5864098660722002
0.7997897852026695
0.5233194132918337
0.599954438638217
-0.30966189182198983
0.5787135824268446
0.6355187377961726
0.5013874349466436
0.7391598289981989
0.8862878225791055
0.5223910163190956
0.8534016527325183
0.1343088975731141
0.36738399015616885
0.22361125951994826
-0.03758527183209076
0.19120867854414206
0.7137476656889872
0.959567222208274
0.5698067799929212
0.66828372868735
0.9644889114222752
0.6404078932478248
0.6674556037394679
0.7806761159608977
0.5664890933629633
0.72706239339477
0.25412758857789813
0.7452871794728609
0.8228874985134869
0.8160134946385639
0.8760722850201844
-0.1611004229842196
0.11218016875383024
0.5623089029019467
0.6852015739980092
0.4347682739649557
0.5307997249673035
1.1137612967344044
0.7026197565600174
0.6406146149631963
0.8689438391024328
0.8028775746898204
0.5966113532900583
0.9516401942152839
0.7686979118916587
0.6348469269363616
0.575952901800538
0.6324326385839851
1.0014354499295137
0.6883613810020586
0.8212860072581027
0.7173710595722265
0.4216997069419594
0.6598939021041548
0.9939341720164547
0.9622565603653639
0.47747761455489374
0.7843504336505566
0.4577664239271463
0.5247171991312171
-0.7296044894151149
0.9878403496847729
0.3509642106148372
0.013334535863653352
0.6207262859332929
0.6500566940721625
0.5016241066452851
0.6381405457847942
0.8681623230573561
0.3779143177687073
0.5137698465945542
0.7459110082307345
0.429443897174941
128/1024
0.6603027231410876
0.5114668220884065
0.9140634626660866
0.616017199708274
0.46705610344289605
1.0217376501070672
0.9708593793414699
0.7587747583321206
1.5973575606691917
0.2857078296363841
1.5071044373155278
0.9072834638927975
0.352409920851382
1.0347918080035279
0.9845300311130012
-0.4128857620167231
0.9195572893706998
0.6944065594780564
1.5104765284919053
0.4110539758461691
1.1626702565431364
1.3188849156457725
0.47156480570045156
0.6003846213520273
0.5405535760971326
1.1196924019326469
0.07440629697406964
0.7074082491148042
0.07923306329905616
0.4233726444130063
1.2689869326910868
1.3049805142634336
1.161282787120312
0.16004382000350298
1.4069374120002995
0.2483352341632195
0.7549960122462691
0.8644153297069601
0.5801708133215215
0.3063928180609573
0.3943650376813572
1.0362600462534235
0.6112055992235712
-0.012887194579336736
0.41132318272402574
0.5223592362097151
0.2680054192671167
0.7252985640903465
1.0303447425621737
0.31234629850326256
0.6364760451922281
0.16881403566672915
0.813503257118601
0.2380021231893127
0.7927788490984389
0.5137646805009309
1.185738823535966
0.2580930377774777
0.6028006711560314
0.2755961302016754
0.35437576819383604
0.7445428341699254
1.592389027194414
0.8802984070835993
1.0501324039919855
0.3298734858549647
1.256689177459461
0.3777003861726001
0.7380571283241224
0.5262707469021319
-0.05844905377378706
1.1402946774847922
0.46165754906649675
0.4286799220457797
0.7445008926305572
0.3806223871502799
0.6701288612168611
0.41467284766132395
0.3970594115095433
1.3794710537466135
1.3474332811646355
0.8249149352893839
1.202180646068882
0.48087401614036757
0.20894514280513182
0.6135418411102174
0.36637786202485323
0.7570905600954347
0.5329069994517515
0.70312770065507
0.8492639686710431
0.5967551628042826
0.9271102723890583
0.5179362414525613
0.3466131606250015
0.6096791383585354
0.2775141846633165
0.22898710120419669
0.9381509571479306
1.0391005259058108
0.8687888289285299
0.9953506080998058
0.5067580988451403
0.37462369366256665
1.1261558669782459
1.0965175135650436
0.9915649131900832
0.27683525977081613
1.130024671362644
0.15378082043221503
1.0315927025741165
0.7507877256586075
0.5314759362281571
0.4835329783056682
0.31917832046823885
0.32514662359282503
0.5487713878153669
0.8099231908952851
0.8075225441521149
0.5523947111944741
0.5527543869119733
0.405960344497561
0.6818312664834196
1.1333509111682896
0.38898475507834296
0.8272785531603131
0.4501308787901125
0.30274292850491785
256/1024
0.07326024079591664
1.0658395186462122
0.946550722227692
0.2850036321684186
0.42156749064712545
-0.483309772381994
0.10270232877690055
0.4016663369392541
0.04029947211292062
1.046998994084368
0.39071565812964526
0.7368000772322503
0.30921215328870494
-0.2796560773825093
-0.49193925047690135
0.25519664828627875
0.06747894993773784
0.5604161958203902
0.016802785751393157
0.6546141415282172
0.7149332690060897
-0.49094222840576307
0.5326644425256593
0.07086305331270715
0.029258612271138018
0.8879313125585933
-0.008167681735141485
0.35351733575498384
1.0598936891588229
-0.16436727250874417
0.4321999780663018
0.1180333582442199
0.6985546178481038
-0.27611137684815124
0.5364125179791202
0.9696602127152425
0.3432358590532792
-0.4453618174688363
0.6985294336359751
0.7630705409696579
0.31519268526735206
0.7600730518211772
1.122474978091129
0.2842610742480685
0.14772623918962996
0.06042401364879413
-0.23305012068550002
0.37643621152139267
-0.6248707838105156
0.4949301313584301
-0.4889624975533903
0.6972597687410235
0.804529150718695
-0.22584726499270602
1.012278396286804
-0.32111731963077983
0.5082597669921156
0.45733351624040086
-0.0883655170609503
-0.9979263798881443
-0.6404866712572014
0.5592434566840884
0.6667974811382749
0.2298029388595434
0.09868123807431184
-0.18875728507418899
0.14548234012521893
0.4996703782168969
0.6397109071125034
-0.5022659809212313
0.15025707389249343
0.30857041822179004
-0.005607046807525218
0.5592345147873293
0.4634403439939499
-0.3557948424866123
0.5499931907782449
0.7817153486138049
0.19313327386275403
0.08382025678688565
0.7781286855233791
0.32924212490779503
0.28437432678912994
0.4954080437276345
0.7219558381533465
0.5994603413916351
0.21101761114968143
0.7653026842620264
0.165874260168145
0.38608478897550563
1.0950505778590096
0.43436422400666347
0.363701612496906
0.059175237237881206
0.5927462695127196
0.21630040870364042
0.7030423948150255
0.29298213695664105
0.3819440131946936
0.032737887073897465
0.43809894053735055
-0.6451439804770547
0.9837751310664311
-0.04093468300205061
0.828040712166374
-0.5210961563595938
0.7799411677318431
0.05134415829758332
0.6049055096100246
0.9404234966916551
0.2676460999143521
0.5216076629224093
0.9610085152084201
0.3923042872794536
0.5177148882384319
0.3746002023056883
0.13033121784366036
0.3408800062350305
0.7333767158180773
0.34335467429307537
-0.044422917944494045
0.5987724975251925
0.5240445561096316
-0.46768612244304086
0.5714014050091702
0.028169855395892562
-0.03332386615922078
0.40077016403458854
384/1024
-0.8461291858174522
-0.5934875974503484
0.8659817022563969
0.7493441312790716
0.4896394387559142
-0.030338274531124032
-0.6373383559096233
0.2515763821295228
-0.2822148904457572
-1.116612433850861
0.5730451468388138
0.41234498867160607
-0.3520225481707565
0.011729340111913289
0.8260259189583015
0.6537013682598269
-0.48293990162952316
0.5074443921838689
0.7494329418694514
-0.42684520110638624
0.2670341584474049
-0.20504598058718626
0.6657795257014357
0.30950792922812237
0.07345376690363681
0.5390299626282089
0.1696563302286485
0.656102716041432
0.4336384650768665
0.4473962806187068
-0.16743076246364008
-0.4040002035022259
-0.21814234802367805
0.44850085859096167
1.004323639685634
-0.10671815970633347
0.7611957570342355
0.17137404766382336
0.5324482647460969
-0.005406894294532005
-0.0019940269339994154
0.39055811910145866
-0.9564974353849015
-0.057296175432553165
0.40891134762866876
-0.3344154641929935
1.0105229371945912
0.11266543767166615
-0.25480722005207945
-1.2214548944423282
-0.9081610546169571
0.2530850350712227
0.999335435735476
-0.1902795150620542
-1.0824335129927247
-0.22393619997859138
-0.15421848240223257
-0.3786474814329769
-0.6499637055332129
-0.2834681424904272
0.40401661729199134
-0.3888709852460084
-1.2381376508936506
0.4312406744692604
0.2112768581247264
0.5964918598286185
-0.49089788025367564
0.8903108238838399
0.6458594167178826
0.42918169669199224
-0.2292728624859729
0.8130399016853413
0.06889836155260376
0.6000531686831492
0.29625866129704564
0.7460204092368775
0.3559292368140363
-0.050902733155108515
0.1523796089365489
-0.1731948794018663
0.24933146338959583
-0.2604324252696574
-0.4059942645010791
0.38502952685723246
-0.27811436251414334
0.40710732640936975
0.540811455608505
0.4402857685478654
-0.4428011907045285
-0.8076757493325097
-0.1381145083306674
0.3421687368641321
-0.027894557451308866
-0.547619636153363
0.31257136905730387
0.19579235470051104
-0.19779939664275725
0.22958405035382923
0.05414864399298125
-0.04896383612583288
-0.045825922242509365
0.38122279453095914
0.6115873057142047
-0.15363515697819452
0.6346633561452217
0.46855413456093575
0.6362063484138133
-0.4772905191466573
0.4135050505334253
0.4507075244836978
-0.07415560411470346
-0.5661042146082229
-0.5003159359250358
0.8522269063213412
0.25433122582421575
0.35236370240779014
-0.5918692263589833
0.6426384607496867
0.3274893069137573
0.14548390355408258
-0.22892838351266565
-0.43349760136611293
0.07071607079961417
-0.26133861247463863
0.5408815824165732
-0.16746169964954827
0.04129104144122919
0.2818284129218304
512/1024
-1.4889254367870248
1.17938605880634
-0.042663628612356286
0.5684378293237291
-0.7255653428356122
0.6177189100614551
0.16859753533201904
-0.8217652315111896
0.378221060409514
-0.4615945680995841
1.1207779843196488
-0.04269732875381815
0.12450893692254061
-1.056764435062124
-0.19348662893911261
-1.4626696199887954
-0.5220470265512228
-0.13116603517610081
-0.17857365434595196
-0.26698791621831663
-0.28069541792629704
-0.8383411342127782
-1.2119465759338266
-0.8790302281323875
-1.4584137072951413
-0.05940414391881266
-0.3976192570595326
0.5064625784187473
0.7213995350442863
-0.36938182779387385
-0.14694266507480036
-0.7818171312596645
0.28286034615254274
-0.37363768565435096
0.04129114277649304
0.920995058420763
-0.4790715169711234
0.26219807264930817
-0.7649637526997666
-0.709872673305902
0.7041025754371624
-0.4525191655018036
-0.15459996619614325
-1.0661979879505465
0.39436099408569864
-0.8848415604659134
-1.414450416442023
-0.25834857654416
-0.7474660424164381
0.10787848011716661
0.047754575241055086
0.10959912803607641
0.9176769597313571
0.40361264870969793
-1.5623382614931896
0.22013916870792238
-1.510852787717615
0.0913685974202828
0.2932227251543401
0.37966956584463435
-0.6369230086511176
-0.692070439806871
-0.6977572520619337
0.61093800280266
0.40998792284287444
-0.7681534202072772
-0.36913155403431974
0.6057353759339261
-0.859324369853685
-1.029523232391788
0.22131311910628826
-0.7934220672612645
0.1787415708771123
-0.09672242730045466
0.8972889904236507
-0.46765521648027375
0.3059806268045081
-0.5165006832751641
0.08529274841860235
-1.4393233526178184
-1.2543355844885342
-0.20089228200698828
-0.7193165624806355
-1.4187009370425203
-1.0053415966518384
-0.3399946955825274
0.2917939267046634
-0.6179393256727519
-0.7875275641289008
-1.0332323919076831
0.19148402121074581
-0.49942427862291683
-1.289299336774337
-0.6288269851344148
-0.8337250663036534
0.8540650125277579
-0.6535374242126347
-0.9283365078064931
-0.9801700278107642
-0.8220994313144113
0.5039038688123272
0.02809698666012772
-1.5418712598653648
-1.0481012012194835
-0.425876152371249
-0.024197905236520878
-0.2848686389198407
-0.07425293306923575
-1.434237118351071
0.4508710800124156
0.8075687326361819
-0.7542922506817866
-0.016477161163014564
-0.9991367040580791
1.3499305883736108
0.43919273387306323
0.08455885595095614
0.28801889550735393
0.5622323321337697
0.1609525606776368
-0.29392705451244827
-0.3777653359194324
-0.6144111877209575
1.137466225850266
0.6491536514504945
-0.05291283955915338
-0.24553751805686697
-0.6324737620642581
640/1024
-0.03374494201602607
0.5212095379908148
0.8537263968641788
0.8476832712924698
0.47855812817806564
0.7450953835203167
0.5768732794401552
0.7659013600378397
0.8038888998841545
0.6763276968126573
0.5873488028239252
0.6693295139980602
0.7168142032002084
0.6629941309668057
0.7514077776568616
0.5431469176035708
0.6734895565234723
0.946260858741459
0.6053303805253923
0.5335329919232781
0.5653151424538623
0.5978789989836866
0.8019480834940698
0.594047629110686
0.5802805939041449
0.5569866328003804
0.5879507601482458
0.8758887576602858
0.7832046202478791
0.6155632684741383
0.5671563969493025
0.5196526971420586
0.7276395527207583
0.5417732897301434
0.529114662228002
0.6470375705443369
0.5065298940129295
0.5998106318195437
0.7732886946846568
0.691038279544483
0.7820716512237385
0.5934517883677909
0.7447851401454055
0.9199443427383495
0.08320510306514717
0.5266347769429294
0.7745379155506745
0.6979115787926944
0.6378703932082567
0.8566285325148301
0.4499070227413927
0.6585577701273815
0.46404396162372297
0.5910207803323407
0.9873170061964338
0.5613966855908654
0.5362807909279386
1.0705462556638838
0.672443381140181
0.9645018236574858
0.753603540057473
0.7185448023748793
0.5799320253212716
0.6990292429975299
0.6620196028946992
0.5652763432270529
0.7646397700956296
0.6386385678235497
0.5619557311582177
0.5970016367172372
0.5705227202292057
0.6452650363268716
0.6032635675562352
0.5378357672219333
0.5882549182215624
1.077993430290818
0.5841211380474628
0.5282158520590625
0.5712751275956004
0.6501368809254959
0.6020482929841532
0.7026814226994064
0.8278008440199197
0.6471497385278019
0.8223149216570148
0.5236648886247439
0.6047340398345813
0.6695268345295453
0.7643870335519541
0.6797459467926461
0.794638210295894
0.6697186559520061
0.34295879003166674
0.7937764194662498
0.6793423071312258
0.5601454294589845
0.6112429057899744
0.6892509281572442
0.4886583147944296
0.5713914037676414
0.6367802406369085
0.7715815537858782
0.6378340463419471
0.645029529079092
0.38914698772056533
0.6300350686661732
0.6756478811036324
0.5244393608330141
0.6301641644884511
0.5721799897514881
0.6177992780889763
0.7377046845938073
0.7726311099482925
0.7818662947796415
0.5964964133908778
0.5825782621663491
1.1334132083016966
0.5875163548612039
0.5146341783077392
0.7375814679964594
0.6289233760952212
0.5803846968816643
0.611446020969671
0.7230378912664401
0.917734817714122
0.5655326705741778
1.0436655781903839
0.6905078424961232
768/1024
0.6711503409942314
0.8872446235667469
0.6857320905471537
0.6737056087089495
0.6564509945587386
0.6660199117421237
0.7989705228738938
0.6397753484888578
0.39589496110120204
0.637668921827627
0.7839527076192623
0.18569827704649206
0.6181927919741941
0.6690568450000367
0.20687480618871368
0.6591166297461879
0.6304767736641185
0.1578912954536959
0.6692681490734942
0.6541195333851721
0.6500938663166653
0.6229297910406273
0.6716581826230945
0.674624130602668
0.5725104907814351
0.6863064170226252
0.6423790004244057
0.801769271905036
0.6428749420434451
0.7984828069506578
0.5044470271474203
0.6802243894515903
0.17634187011376146
0.8019647333937859
0.6424046734318185
0.5210504303799416
0.7430182909745415
0.6754649282291929
0.5228985977508471
0.7526319684354373
0.35992107646709437
0.8795597732640231
0.6518819036996035
0.7528893575523137
0.6774705097813054
0.6517341213012355
0.7993814189226511
0.5753202699304473
0.8308283142164201
0.39822902041041774
0.796431293168072
0.7035534011126556
0.6079022249722023
0.5582064466294232
0.675564374663675
0.741464264092014
0.7691886166127031
0.6454585633690875
0.6564019928057176
0.7024969453341303
0.6762833653684692
0.69661179287107
0.6711387706218387
0.6165627624616589
0.8159053347835308
0.7450333555388816
0.6896059361433342
0.9455586392829165
0.5446256262431071
0.6568773034230615
0.7890936510388918
0.4422836631342513
0.6560435437245945
0.577464012377547
0.6631789664188399
0.9300431135052799
0.6479554843849138
0.6471779012818115
0.14395952543823765
0.6802975778006319
0.6935300357419747
0.769025856223507
0.6589566421529612
0.6605023305449196
0.6856453972475506
0.9379156243722999
0.7151470340396431
0.5751849292445086
0.37676735332277944
0.6705375294872067
0.812750643924103
0.3971899145089467
0.6507108065082753
0.2786152031303822
0.7183851595976959
0.1505795803340061
0.674898366788261
0.7764523903869037
0.8488291763737137
0.3170821190103151
0.6571687498402567
0.4102318495287761
0.6154214946342333
0.6934017555057356
0.7066903701660339
0.7375502417165346
0.11940478512533798
0.4717799328764565
0.8087742051681286
0.6659517757527271
0.6742679362802371
0.7821813409988057
0.153563729362372
0.9229415982897412
0.673253998576929
0.7893966962167406
0.6669613276760437
0.560425361312933
0.47244033375282424
0.7019648180604785
0.6588324076506191
0.4965932148505513
0.6573991311924193
0.5565677111285365
0.6797750786863404
0.9616589893968727
0.6306780730869543
0.8043910905414053
896/1024
0.6679092077600647
0.7724925072169077
0.2934589008657926
0.8100671657115098
0.4641428701632703
-0.6421601690370328
0.4249926434071299
0.34336921879540694
0.4418255942805719
0.2408835139497778
0.5626967090030812
0.7704831074808086
-0.02686383789843083
0.4893213590873461
0.6845184927271916
0.8277782615497279
0.6083898998342435
0.4751067976293282
0.47354381817660995
0.578647759321717
0.5341309628349998
0.6773111424451358
0.2535089947667016
-0.13183828849243462
-0.3945234367909435
0.2725774029364946
0.7394989738186328
0.6060200120543012
0.37053382429846055
0.31616634234689517
-0.31806879543239786
0.43877160132722604
0.7252807034020561
0.21992261790623435
0.6882611788993664
0.5578060794764657
-0.21810371385649863
0.46588328650892785
0.6968476892361706
0.07639853802310281
0.4341056102618017
0.14873814620893677
-0.032378271031968
0.7116466547500738
0.23974245447423526
-0.20338275003843587
0.43751206733153736
0.7243662093723825
0.630165040276702
0.022685145260681883
0.3047224141638246
0.6077056775736223
0.18954940608944132
0.8765231238958209
0.40860446700368735
0.3715433562800424
0.8265233711500564
0.31991435208673025
0.5445263551824485
0.1229052476658703
-0.4011435194247771
0.7615248226530328
0.016999955279330736
-0.36554849209842033
0.735802623393313
-0.1548512641691
-0.06155548634856123
0.8079225939752974
0.38893825000374604
-0.1497872254608994
0.3179583636962357
-0.37741811174478257
-0.2135103559990742
0.5442664996988967
0.31277665664009596
-0.08839056239793808
-0.060962211796552146
0.6673931188471557
-0.10022419968592622
0.6130575719994525
0.4439301549099307
-0.6755233893221319
0.29530168422051206
-0.06172637689846361
-0.035858971732416034
-0.5402262740767724
0.5446708324715166
0.787874931159941
-0.05260170772194339
-0.22322943112129456
0.3890837366602036
-0.4495546298598213
0.2624436676352585
0.7611471553972147
0.044694454750290435
-0.04407093718869193
0.06007137074174085
0.05649308589999358
-0.11648100948975004
-0.33087295610644185
-0.47518892667853674
0.32147604142715036
-0.04272715710158992
0.6435703144108313
-0.2946227400265753
0.45290267735768147
-0.5165614601619868
0.4985497157916886
0.2655269118487379
0.4080231993179627
0.6020731582220059
0.20951434446552986
0.869756268347035
-0.1064928670420685
0.598879262694731
0.4300938049637466
0.39901285953962373
-0.21300972171825872
0.6945064723264448
0.5546922487079767
0.61747545152928
0.3368325958255809
0.44758477119050144
-0.1424019649151429
0.5081739558283487
0.7507331794976333
-0.13207566021566175
-0.1479836540463738
1024/1024
0.1482501691026461
 97.159372 seconds (76.83 M allocations: 12.896 GiB, 1.67% gc time)
