## SLURM PROLOG ###############################################################
##    Job ID : 5902755
##  Job Name : etgent_N2_seed1243
##  Nodelist : node1736
##      CPUs : 8
##  Mem/Node : 2048 MB
## Directory : /oscar/home/trazzaz/AFQMC
##   Job Started : Mon Nov 11 12:35:17 AM EST 2024
###############################################################################
U = 2.0
seed = 1243
λₖ = 0.0
Warming up
128/512
256/512
384/512
512/512
Measuring
128/1024
256/1024
384/1024
512/1024
640/1024
768/1024
896/1024
1024/1024
278.091084 seconds (203.81 M allocations: 1.089 TiB, 21.83% gc time, 2.95% compilation time)
λₖ = 0.2
Warming up
128/512
256/512
384/512
512/512
Measuring
128/1024
256/1024
384/1024
512/1024
640/1024
768/1024
896/1024
1024/1024
306.632809 seconds (201.96 M allocations: 1.089 TiB, 21.12% gc time, 0.03% compilation time)
λₖ = 0.4
Warming up
128/512
256/512
384/512
512/512
Measuring
128/1024
256/1024
384/1024
512/1024
640/1024
768/1024
896/1024
1024/1024
236.675457 seconds (201.96 M allocations: 1.089 TiB, 23.66% gc time)
λₖ = 0.6
Warming up
128/512
256/512
384/512
512/512
Measuring
128/1024
256/1024
384/1024
512/1024
640/1024
768/1024
896/1024
1024/1024
238.141806 seconds (201.96 M allocations: 1.089 TiB, 23.85% gc time)
λₖ = 0.8
Warming up
128/512
256/512
384/512
512/512
Measuring
128/1024
256/1024
384/1024
512/1024
640/1024
768/1024
896/1024
1024/1024
238.674120 seconds (201.96 M allocations: 1.089 TiB, 24.03% gc time)
