## SLURM PROLOG ###############################################################
##    Job ID : 8833792
##  Job Name : sbatch_etgent.sh
##  Nodelist : node1751
##      CPUs : 8
##  Mem/Node : 4096 MB
## Directory : /oscar/home/trazzaz/AFQMC
##   Job Started : Thu Feb 27 10:27:33 PM EST 2025
###############################################################################
seed = 1346
U = 2.0
β = 6.0
Warming up
128/1024
256/1024
384/1024
512/1024
640/1024
768/1024
896/1024
1024/1024
Measuring
128/16384
mean(sgnprob[1:i - 1]) = 0.16535433070866143
256/16384
mean(sgnprob[1:i - 1]) = -0.011764705882352941
384/16384
mean(sgnprob[1:i - 1]) = 0.08616187989556136
512/16384
mean(sgnprob[1:i - 1]) = -0.009784735812133072
640/16384
mean(sgnprob[1:i - 1]) = 0.048513302034428794
768/16384
mean(sgnprob[1:i - 1]) = 0.07953063885267275
896/16384
mean(sgnprob[1:i - 1]) = 0.09050279329608939
1024/16384
mean(sgnprob[1:i - 1]) = 0.04007820136852395
1152/16384
mean(sgnprob[1:i - 1]) = 0.021720243266724587
1280/16384
mean(sgnprob[1:i - 1]) = -0.022673964034401875
1408/16384
mean(sgnprob[1:i - 1]) = -0.04051172707889126
1536/16384
mean(sgnprob[1:i - 1]) = -0.05928338762214984
1664/16384
mean(sgnprob[1:i - 1]) = -0.06674684305472038
1792/16384
mean(sgnprob[1:i - 1]) = -0.053042992741485204
1920/16384
mean(sgnprob[1:i - 1]) = -0.06201146430432517
2048/16384
mean(sgnprob[1:i - 1]) = -0.03761602344894968
2176/16384
mean(sgnprob[1:i - 1]) = -0.019770114942528734
2304/16384
mean(sgnprob[1:i - 1]) = -0.006513243595310464
2432/16384
mean(sgnprob[1:i - 1]) = -0.013574660633484163
2560/16384
mean(sgnprob[1:i - 1]) = -0.006643220007815553
2688/16384
mean(sgnprob[1:i - 1]) = -0.016002977298101972
2816/16384
mean(sgnprob[1:i - 1]) = -0.023090586145648313
2944/16384
mean(sgnprob[1:i - 1]) = -0.008494733265375467
3072/16384
mean(sgnprob[1:i - 1]) = 0.0016281341582546401
3200/16384
mean(sgnprob[1:i - 1]) = 0.014066895904970303
3328/16384
mean(sgnprob[1:i - 1]) = 0.021340547039374814
3456/16384
mean(sgnprob[1:i - 1]) = 0.028075253256150505
3584/16384
mean(sgnprob[1:i - 1]) = 0.022606754116662017
3712/16384
mean(sgnprob[1:i - 1]) = 0.028294260307194827
3840/16384
mean(sgnprob[1:i - 1]) = 0.022662151601979683
3968/16384
mean(sgnprob[1:i - 1]) = 0.016385177716158307
4096/16384
mean(sgnprob[1:i - 1]) = 0.025152625152625153
4224/16384
mean(sgnprob[1:i - 1]) = 0.030547004499171207
4352/16384
mean(sgnprob[1:i - 1]) = 0.03654332337393702
4480/16384
mean(sgnprob[1:i - 1]) = 0.027461486939048894
4608/16384
mean(sgnprob[1:i - 1]) = 0.030605600173648797
4736/16384
mean(sgnprob[1:i - 1]) = 0.04160506863780359
4864/16384
mean(sgnprob[1:i - 1]) = 0.03721982315443142
4992/16384
mean(sgnprob[1:i - 1]) = 0.04307753957122821
5120/16384
mean(sgnprob[1:i - 1]) = 0.04903301426059777
5248/16384
mean(sgnprob[1:i - 1]) = 0.04288164665523156
5376/16384
mean(sgnprob[1:i - 1]) = 0.03627906976744186
5504/16384
mean(sgnprob[1:i - 1]) = 0.04088678902416863
5632/16384
mean(sgnprob[1:i - 1]) = 0.03640561179186645
5760/16384
mean(sgnprob[1:i - 1]) = 0.043236673033512765
5888/16384
mean(sgnprob[1:i - 1]) = 0.03652114829284865
6016/16384
mean(sgnprob[1:i - 1]) = 0.03940149625935162
6144/16384
mean(sgnprob[1:i - 1]) = 0.045743122252970864
6272/16384
mean(sgnprob[1:i - 1]) = 0.05118800829213842
6400/16384
mean(sgnprob[1:i - 1]) = 0.05360212533208314
6528/16384
mean(sgnprob[1:i - 1]) = 0.04764823042745519
6656/16384
mean(sgnprob[1:i - 1]) = 0.043726521412471825
6784/16384
mean(sgnprob[1:i - 1]) = 0.04437564499484004
6912/16384
mean(sgnprob[1:i - 1]) = 0.0470264795253943
7040/16384
mean(sgnprob[1:i - 1]) = 0.05242221906520812
7168/16384
mean(sgnprob[1:i - 1]) = 0.056508999581414816
7296/16384
mean(sgnprob[1:i - 1]) = 0.0590815627141878
7424/16384
mean(sgnprob[1:i - 1]) = 0.06210427051057524
7552/16384
mean(sgnprob[1:i - 1]) = 0.06555423122765197
7680/16384
mean(sgnprob[1:i - 1]) = 0.06758692538090898
7808/16384
mean(sgnprob[1:i - 1]) = 0.0716024080952991
7936/16384
mean(sgnprob[1:i - 1]) = 0.07473219911783238
8064/16384
mean(sgnprob[1:i - 1]) = 0.0760262929430733
8192/16384
mean(sgnprob[1:i - 1]) = 0.07923330484678305
8320/16384
mean(sgnprob[1:i - 1]) = 0.07320591417237649
8448/16384
mean(sgnprob[1:i - 1]) = 0.07375399550136143
8576/16384
mean(sgnprob[1:i - 1]) = 0.07102040816326531
8704/16384
mean(sgnprob[1:i - 1]) = 0.072733540158566
8832/16384
mean(sgnprob[1:i - 1]) = 0.06782923791190126
8960/16384
mean(sgnprob[1:i - 1]) = 0.0708784462551624
9088/16384
mean(sgnprob[1:i - 1]) = 0.06745900737317047
9216/16384
mean(sgnprob[1:i - 1]) = 0.06261530113944655
9344/16384
mean(sgnprob[1:i - 1]) = 0.06496842555924222
9472/16384
mean(sgnprob[1:i - 1]) = 0.06493506493506493
9600/16384
mean(sgnprob[1:i - 1]) = 0.06802791957495573
9728/16384
mean(sgnprob[1:i - 1]) = 0.06322607175902129
9856/16384
mean(sgnprob[1:i - 1]) = 0.06666666666666667
9984/16384
mean(sgnprob[1:i - 1]) = 0.06841630772312932
10112/16384
mean(sgnprob[1:i - 1]) = 0.07071506280288795
10240/16384
mean(sgnprob[1:i - 1]) = 0.07158902236546538
10368/16384
mean(sgnprob[1:i - 1]) = 0.07533519822513746
10496/16384
mean(sgnprob[1:i - 1]) = 0.07670319199618866
10624/16384
mean(sgnprob[1:i - 1]) = 0.08010919702532242
10752/16384
mean(sgnprob[1:i - 1]) = 0.07710910612966236
10880/16384
mean(sgnprob[1:i - 1]) = 0.07804026105340564
11008/16384
mean(sgnprob[1:i - 1]) = 0.07985827200872173
11136/16384
mean(sgnprob[1:i - 1]) = 0.07696452626852268
11264/16384
mean(sgnprob[1:i - 1]) = 0.07875344046879162
11392/16384
mean(sgnprob[1:i - 1]) = 0.08102888245105785
11520/16384
mean(sgnprob[1:i - 1]) = 0.08377463321468878
11648/16384
mean(sgnprob[1:i - 1]) = 0.07856100283334765
11776/16384
mean(sgnprob[1:i - 1]) = 0.08025477707006369
11904/16384
mean(sgnprob[1:i - 1]) = 0.07687137696379064
12032/16384
mean(sgnprob[1:i - 1]) = 0.07339373285678663
12160/16384
mean(sgnprob[1:i - 1]) = 0.06966033390903857
12288/16384
mean(sgnprob[1:i - 1]) = 0.06746968340522504
12416/16384
mean(sgnprob[1:i - 1]) = 0.06886830447039871
12544/16384
mean(sgnprob[1:i - 1]) = 0.06704935023519094
12672/16384
mean(sgnprob[1:i - 1]) = 0.06984452687238576
12800/16384
mean(sgnprob[1:i - 1]) = 0.07164622236112196
12928/16384
mean(sgnprob[1:i - 1]) = 0.07093679894793842
13056/16384
mean(sgnprob[1:i - 1]) = 0.07238605898123325
13184/16384
mean(sgnprob[1:i - 1]) = 0.06986270196465144
13312/16384
mean(sgnprob[1:i - 1]) = 0.07069341146420254
13440/16384
mean(sgnprob[1:i - 1]) = 0.07225239973212293
13568/16384
mean(sgnprob[1:i - 1]) = 0.07422422053512198
13696/16384
mean(sgnprob[1:i - 1]) = 0.0755750273822563
13824/16384
mean(sgnprob[1:i - 1]) = 0.07733487665485062
13952/16384
mean(sgnprob[1:i - 1]) = 0.0731847179413662
14080/16384
mean(sgnprob[1:i - 1]) = 0.07379785496128986
14208/16384
mean(sgnprob[1:i - 1]) = 0.07580770042936581
14336/16384
mean(sgnprob[1:i - 1]) = 0.07261946285315661
14464/16384
mean(sgnprob[1:i - 1]) = 0.07087049713060914
14592/16384
mean(sgnprob[1:i - 1]) = 0.07175656226440957
14720/16384
mean(sgnprob[1:i - 1]) = 0.07018139819281201
14848/16384
mean(sgnprob[1:i - 1]) = 0.06769044251363912
14976/16384
mean(sgnprob[1:i - 1]) = 0.06764607679465777
15104/16384
mean(sgnprob[1:i - 1]) = 0.06455671058730053
15232/16384
mean(sgnprob[1:i - 1]) = 0.061913203335303
15360/16384
mean(sgnprob[1:i - 1]) = 0.05983462465004232
15488/16384
mean(sgnprob[1:i - 1]) = 0.06088977852392329
15616/16384
mean(sgnprob[1:i - 1]) = 0.06256804354787064
15744/16384
mean(sgnprob[1:i - 1]) = 0.0609159626500667
15872/16384
mean(sgnprob[1:i - 1]) = 0.06344905803036986
16000/16384
mean(sgnprob[1:i - 1]) = 0.06256641040065004
16128/16384
mean(sgnprob[1:i - 1]) = 0.06393005518695355
16256/16384
mean(sgnprob[1:i - 1]) = 0.0630575207628422
16384/16384
mean(sgnprob[1:i - 1]) = 0.06256485381187817
724.950178 seconds (167.11 M allocations: 70.745 GiB, 1.48% gc time, 1.28% compilation time)
