## SLURM PROLOG ###############################################################
##    Job ID : 8833833
##  Job Name : sbatch_etgent.sh
##  Nodelist : node1741
##      CPUs : 8
##  Mem/Node : 4096 MB
## Directory : /oscar/home/trazzaz/AFQMC
##   Job Started : Thu Feb 27 11:31:09 PM EST 2025
###############################################################################
seed = 1387
U = 2.0
β = 6.0
Warming up
128/1024
256/1024
384/1024
512/1024
640/1024
768/1024
896/1024
1024/1024
Measuring
128/16384
mean(sgnprob[1:i - 1]) = -0.44881889763779526
256/16384
mean(sgnprob[1:i - 1]) = -0.03529411764705882
384/16384
mean(sgnprob[1:i - 1]) = -0.14882506527415143
512/16384
mean(sgnprob[1:i - 1]) = -0.025440313111545987
640/16384
mean(sgnprob[1:i - 1]) = -0.07355242566510173
768/16384
mean(sgnprob[1:i - 1]) = 0.02216427640156454
896/16384
mean(sgnprob[1:i - 1]) = 0.08156424581005586
1024/16384
mean(sgnprob[1:i - 1]) = 0.04007820136852395
1152/16384
mean(sgnprob[1:i - 1]) = 0.08253692441355343
1280/16384
mean(sgnprob[1:i - 1]) = 0.1352619233776388
1408/16384
mean(sgnprob[1:i - 1]) = 0.15849324804548684
1536/16384
mean(sgnprob[1:i - 1]) = 0.18566775244299674
1664/16384
mean(sgnprob[1:i - 1]) = 0.20986169573060734
1792/16384
mean(sgnprob[1:i - 1]) = 0.22278056951423786
1920/16384
mean(sgnprob[1:i - 1]) = 0.18603439291297552
2048/16384
mean(sgnprob[1:i - 1]) = 0.14997557401074743
2176/16384
mean(sgnprob[1:i - 1]) = 0.1503448275862069
2304/16384
mean(sgnprob[1:i - 1]) = 0.11506730351715154
2432/16384
mean(sgnprob[1:i - 1]) = 0.08350473056355409
2560/16384
mean(sgnprob[1:i - 1]) = 0.10433763188745604
2688/16384
mean(sgnprob[1:i - 1]) = 0.1269073315965761
2816/16384
mean(sgnprob[1:i - 1]) = 0.10195381882770871
2944/16384
mean(sgnprob[1:i - 1]) = 0.08936459395174992
3072/16384
mean(sgnprob[1:i - 1]) = 0.10387495929664604
3200/16384
mean(sgnprob[1:i - 1]) = 0.11347296030009378
3328/16384
mean(sgnprob[1:i - 1]) = 0.11692215208896904
3456/16384
mean(sgnprob[1:i - 1]) = 0.12821997105643995
3584/16384
mean(sgnprob[1:i - 1]) = 0.10410270722857941
3712/16384
mean(sgnprob[1:i - 1]) = 0.11236863379143087
3840/16384
mean(sgnprob[1:i - 1]) = 0.09455587392550144
3968/16384
mean(sgnprob[1:i - 1]) = 0.1000756238971515
4096/16384
mean(sgnprob[1:i - 1]) = 0.10476190476190476
4224/16384
mean(sgnprob[1:i - 1]) = 0.11011129528771016
4352/16384
mean(sgnprob[1:i - 1]) = 0.12433923236037693
4480/16384
mean(sgnprob[1:i - 1]) = 0.1319490957803081
4608/16384
mean(sgnprob[1:i - 1]) = 0.11656175385283264
4736/16384
mean(sgnprob[1:i - 1]) = 0.12270327349524815
4864/16384
mean(sgnprob[1:i - 1]) = 0.11248200699156899
4992/16384
mean(sgnprob[1:i - 1]) = 0.12201963534361851
5120/16384
mean(sgnprob[1:i - 1]) = 0.13264309435436608
5248/16384
mean(sgnprob[1:i - 1]) = 0.13817419477796836
5376/16384
mean(sgnprob[1:i - 1]) = 0.14604651162790697
5504/16384
mean(sgnprob[1:i - 1]) = 0.13429038706160276
5632/16384
mean(sgnprob[1:i - 1]) = 0.13727579470786716
5760/16384
mean(sgnprob[1:i - 1]) = 0.14186490710192742
5888/16384
mean(sgnprob[1:i - 1]) = 0.14659419058943435
6016/16384
mean(sgnprob[1:i - 1]) = 0.1484621778886118
6144/16384
mean(sgnprob[1:i - 1]) = 0.1538336317760052
6272/16384
mean(sgnprob[1:i - 1]) = 0.1573911656833041
6400/16384
mean(sgnprob[1:i - 1]) = 0.1617440225035162
6528/16384
mean(sgnprob[1:i - 1]) = 0.16807108932128084
6656/16384
mean(sgnprob[1:i - 1]) = 0.1720510894064613
6784/16384
mean(sgnprob[1:i - 1]) = 0.17558602388323752
6912/16384
mean(sgnprob[1:i - 1]) = 0.17754304731587325
7040/16384
mean(sgnprob[1:i - 1]) = 0.16664298906094616
7168/16384
mean(sgnprob[1:i - 1]) = 0.17259662341286452
7296/16384
mean(sgnprob[1:i - 1]) = 0.17806716929403701
7424/16384
mean(sgnprob[1:i - 1]) = 0.18307961740536172
7552/16384
mean(sgnprob[1:i - 1]) = 0.18792212951926898
7680/16384
mean(sgnprob[1:i - 1]) = 0.1933845552806355
7808/16384
mean(sgnprob[1:i - 1]) = 0.19661841936723454
7936/16384
mean(sgnprob[1:i - 1]) = 0.19899180844360428
8064/16384
mean(sgnprob[1:i - 1]) = 0.20228202902145603
8192/16384
mean(sgnprob[1:i - 1]) = 0.20498107679160055
8320/16384
mean(sgnprob[1:i - 1]) = 0.2075970669551629
8448/16384
mean(sgnprob[1:i - 1]) = 0.19758494139931337
8576/16384
mean(sgnprob[1:i - 1]) = 0.1876384839650146
8704/16384
mean(sgnprob[1:i - 1]) = 0.17913363208089164
8832/16384
mean(sgnprob[1:i - 1]) = 0.18129317178122523
8960/16384
mean(sgnprob[1:i - 1]) = 0.18517691706663691
9088/16384
mean(sgnprob[1:i - 1]) = 0.176625949158138
9216/16384
mean(sgnprob[1:i - 1]) = 0.16983179598480738
9344/16384
mean(sgnprob[1:i - 1]) = 0.1625816119019587
9472/16384
mean(sgnprob[1:i - 1]) = 0.1557385703727167
9600/16384
mean(sgnprob[1:i - 1]) = 0.16012084592145015
9728/16384
mean(sgnprob[1:i - 1]) = 0.16335972036599156
9856/16384
mean(sgnprob[1:i - 1]) = 0.1665144596651446
9984/16384
mean(sgnprob[1:i - 1]) = 0.17079034358409295
10112/16384
mean(sgnprob[1:i - 1]) = 0.1727821184848185
10240/16384
mean(sgnprob[1:i - 1]) = 0.16593417325910734
10368/16384
mean(sgnprob[1:i - 1]) = 0.17025176039355647
10496/16384
mean(sgnprob[1:i - 1]) = 0.1729394949976179
10624/16384
mean(sgnprob[1:i - 1]) = 0.17424456368257554
10752/16384
mean(sgnprob[1:i - 1]) = 0.17682076085945495
10880/16384
mean(sgnprob[1:i - 1]) = 0.17952017648680946
11008/16384
mean(sgnprob[1:i - 1]) = 0.1834287271736168
11136/16384
mean(sgnprob[1:i - 1]) = 0.17736865738661878
11264/16384
mean(sgnprob[1:i - 1]) = 0.17996981266092515
11392/16384
mean(sgnprob[1:i - 1]) = 0.18461943639715564
11520/16384
mean(sgnprob[1:i - 1]) = 0.18760309054605434
11648/16384
mean(sgnprob[1:i - 1]) = 0.18245041641624452
11776/16384
mean(sgnprob[1:i - 1]) = 0.1845435244161359
11904/16384
mean(sgnprob[1:i - 1]) = 0.18827186423590692
12032/16384
mean(sgnprob[1:i - 1]) = 0.1814479261906741
12160/16384
mean(sgnprob[1:i - 1]) = 0.18397894563697673
12288/16384
mean(sgnprob[1:i - 1]) = 0.18727109953609505
12416/16384
mean(sgnprob[1:i - 1]) = 0.19033427305678616
12544/16384
mean(sgnprob[1:i - 1]) = 0.19205931595312126
12672/16384
mean(sgnprob[1:i - 1]) = 0.1954857548733328
12800/16384
mean(sgnprob[1:i - 1]) = 0.199624970700836
12928/16384
mean(sgnprob[1:i - 1]) = 0.20027848688790903
13056/16384
mean(sgnprob[1:i - 1]) = 0.19310608962083492
13184/16384
mean(sgnprob[1:i - 1]) = 0.1869832359857392
13312/16384
mean(sgnprob[1:i - 1]) = 0.1815791450679889
13440/16384
mean(sgnprob[1:i - 1]) = 0.18371902671329712
13568/16384
mean(sgnprob[1:i - 1]) = 0.17771062136065452
13696/16384
mean(sgnprob[1:i - 1]) = 0.1797006206644761
13824/16384
mean(sgnprob[1:i - 1]) = 0.17253852275193518
13952/16384
mean(sgnprob[1:i - 1]) = 0.17511289513296538
14080/16384
mean(sgnprob[1:i - 1]) = 0.1703956246892535
14208/16384
mean(sgnprob[1:i - 1]) = 0.16590413176603083
14336/16384
mean(sgnprob[1:i - 1]) = 0.16805022671782352
14464/16384
mean(sgnprob[1:i - 1]) = 0.16296757242619098
14592/16384
mean(sgnprob[1:i - 1]) = 0.1660612706462888
14720/16384
mean(sgnprob[1:i - 1]) = 0.16801413139479585
14848/16384
mean(sgnprob[1:i - 1]) = 0.1699333198625985
14976/16384
mean(sgnprob[1:i - 1]) = 0.17275459098497495
15104/16384
mean(sgnprob[1:i - 1]) = 0.174865920678011
15232/16384
mean(sgnprob[1:i - 1]) = 0.17707307465038408
15360/16384
mean(sgnprob[1:i - 1]) = 0.17182108210169933
15488/16384
mean(sgnprob[1:i - 1]) = 0.1731129334280364
15616/16384
mean(sgnprob[1:i - 1]) = 0.16836375280179314
15744/16384
mean(sgnprob[1:i - 1]) = 0.16953566664549324
15872/16384
mean(sgnprob[1:i - 1]) = 0.16451389326444457
16000/16384
mean(sgnprob[1:i - 1]) = 0.16619788736796048
16128/16384
mean(sgnprob[1:i - 1]) = 0.16797916537483723
16256/16384
mean(sgnprob[1:i - 1]) = 0.1709627806828668
16384/16384
mean(sgnprob[1:i - 1]) = 0.17304522981138987
740.563373 seconds (167.11 M allocations: 70.745 GiB, 1.33% gc time, 1.22% compilation time)
