## SLURM PROLOG ###############################################################
##    Job ID : 8834013
##  Job Name : sbatch_etgent.sh
##  Nodelist : node1322
##      CPUs : 8
##  Mem/Node : 4096 MB
## Directory : /oscar/home/trazzaz/AFQMC
##   Job Started : Fri Feb 28 04:25:40 AM EST 2025
###############################################################################
seed = 1567
U = 2.0
β = 6.0
Warming up
128/1024
256/1024
384/1024
512/1024
640/1024
768/1024
896/1024
1024/1024
Measuring
128/16384
mean(sgnprob[1:i - 1]) = 0.1968503937007874
256/16384
mean(sgnprob[1:i - 1]) = -0.0196078431372549
384/16384
mean(sgnprob[1:i - 1]) = 0.08093994778067885
512/16384
mean(sgnprob[1:i - 1]) = 0.1232876712328767
640/16384
mean(sgnprob[1:i - 1]) = 0.054773082942097026
768/16384
mean(sgnprob[1:i - 1]) = 0.014341590612777053
896/16384
mean(sgnprob[1:i - 1]) = 0.030167597765363128
1024/16384
mean(sgnprob[1:i - 1]) = 0.047898338220918865
1152/16384
mean(sgnprob[1:i - 1]) = 0.04952215464813206
1280/16384
mean(sgnprob[1:i - 1]) = 0.07114933541829555
1408/16384
mean(sgnprob[1:i - 1]) = 0.08315565031982942
1536/16384
mean(sgnprob[1:i - 1]) = 0.08534201954397394
1664/16384
mean(sgnprob[1:i - 1]) = 0.08959711365003006
1792/16384
mean(sgnprob[1:i - 1]) = 0.06532663316582915
1920/16384
mean(sgnprob[1:i - 1]) = 0.07660239708181345
2048/16384
mean(sgnprob[1:i - 1]) = 0.09233023937469467
2176/16384
mean(sgnprob[1:i - 1]) = 0.09057471264367815
2304/16384
mean(sgnprob[1:i - 1]) = 0.09335649153278333
2432/16384
mean(sgnprob[1:i - 1]) = 0.08268202385849445
2560/16384
mean(sgnprob[1:i - 1]) = 0.08948808128175069
2688/16384
mean(sgnprob[1:i - 1]) = 0.0963900260513584
2816/16384
mean(sgnprob[1:i - 1]) = 0.09982238010657193
2944/16384
mean(sgnprob[1:i - 1]) = 0.11179068977234115
3072/16384
mean(sgnprob[1:i - 1]) = 0.12145880820579616
3200/16384
mean(sgnprob[1:i - 1]) = 0.11347296030009378
3328/16384
mean(sgnprob[1:i - 1]) = 0.09828674481514878
3456/16384
mean(sgnprob[1:i - 1]) = 0.10159189580318378
3584/16384
mean(sgnprob[1:i - 1]) = 0.11247557912363941
3712/16384
mean(sgnprob[1:i - 1]) = 0.1166801401239558
3840/16384
mean(sgnprob[1:i - 1]) = 0.12060432404271945
3968/16384
mean(sgnprob[1:i - 1]) = 0.1262919082430048
4096/16384
mean(sgnprob[1:i - 1]) = 0.1291819291819292
4224/16384
mean(sgnprob[1:i - 1]) = 0.1290551740468861
4352/16384
mean(sgnprob[1:i - 1]) = 0.13261319236957023
4480/16384
mean(sgnprob[1:i - 1]) = 0.12301853092208082
4608/16384
mean(sgnprob[1:i - 1]) = 0.12958541350119385
4736/16384
mean(sgnprob[1:i - 1]) = 0.1357972544878564
4864/16384
mean(sgnprob[1:i - 1]) = 0.1235862636232778
4992/16384
mean(sgnprob[1:i - 1]) = 0.12322179923862954
5120/16384
mean(sgnprob[1:i - 1]) = 0.1252197694862278
5248/16384
mean(sgnprob[1:i - 1]) = 0.12864493996569468
5376/16384
mean(sgnprob[1:i - 1]) = 0.12334883720930233
5504/16384
mean(sgnprob[1:i - 1]) = 0.12556787206978012
5632/16384
mean(sgnprob[1:i - 1]) = 0.11774107618540224
5760/16384
mean(sgnprob[1:i - 1]) = 0.11998610869942698
5888/16384
mean(sgnprob[1:i - 1]) = 0.11397995583489044
6016/16384
mean(sgnprob[1:i - 1]) = 0.11354945968412303
6144/16384
mean(sgnprob[1:i - 1]) = 0.10955559173042487
6272/16384
mean(sgnprob[1:i - 1]) = 0.112103332801786
6400/16384
mean(sgnprob[1:i - 1]) = 0.10611032973902172
6528/16384
mean(sgnprob[1:i - 1]) = 0.0988202849701241
6656/16384
mean(sgnprob[1:i - 1]) = 0.10082644628099173
6784/16384
mean(sgnprob[1:i - 1]) = 0.0950906678460858
6912/16384
mean(sgnprob[1:i - 1]) = 0.09651280567211691
7040/16384
mean(sgnprob[1:i - 1]) = 0.0987356158545248
7168/16384
mean(sgnprob[1:i - 1]) = 0.10283242639877214
7296/16384
mean(sgnprob[1:i - 1]) = 0.10623714873200822
7424/16384
mean(sgnprob[1:i - 1]) = 0.10117203287080695
7552/16384
mean(sgnprob[1:i - 1]) = 0.10316514368957753
7680/16384
mean(sgnprob[1:i - 1]) = 0.09858054434171117
7808/16384
mean(sgnprob[1:i - 1]) = 0.10157550915844754
7936/16384
mean(sgnprob[1:i - 1]) = 0.09993698802772527
8064/16384
mean(sgnprob[1:i - 1]) = 0.10479970234404068
8192/16384
mean(sgnprob[1:i - 1]) = 0.09803442803076548
8320/16384
mean(sgnprob[1:i - 1]) = 0.09941098689746364
8448/16384
mean(sgnprob[1:i - 1]) = 0.10500769503965905
8576/16384
mean(sgnprob[1:i - 1]) = 0.1055393586005831
8704/16384
mean(sgnprob[1:i - 1]) = 0.10835344134206595
8832/16384
mean(sgnprob[1:i - 1]) = 0.10247990035103613
8960/16384
mean(sgnprob[1:i - 1]) = 0.10436432637571158
9088/16384
mean(sgnprob[1:i - 1]) = 0.1057554748541873
9216/16384
mean(sgnprob[1:i - 1]) = 0.10059685295713511
9344/16384
mean(sgnprob[1:i - 1]) = 0.09729209033501017
9472/16384
mean(sgnprob[1:i - 1]) = 0.09935592862422131
9600/16384
mean(sgnprob[1:i - 1]) = 0.10073966038128972
9728/16384
mean(sgnprob[1:i - 1]) = 0.10044206846920942
9856/16384
mean(sgnprob[1:i - 1]) = 0.10055809233891426
9984/16384
mean(sgnprob[1:i - 1]) = 0.09586296704397476
10112/16384
mean(sgnprob[1:i - 1]) = 0.09741865295223025
10240/16384
mean(sgnprob[1:i - 1]) = 0.09405215353061823
10368/16384
mean(sgnprob[1:i - 1]) = 0.09462718240571043
10496/16384
mean(sgnprob[1:i - 1]) = 0.0963315864697475
10624/16384
mean(sgnprob[1:i - 1]) = 0.09950108255671655
10752/16384
mean(sgnprob[1:i - 1]) = 0.09533996837503488
10880/16384
mean(sgnprob[1:i - 1]) = 0.09090909090909091
11008/16384
mean(sgnprob[1:i - 1]) = 0.08730807667847733
11136/16384
mean(sgnprob[1:i - 1]) = 0.08917826672653795
11264/16384
mean(sgnprob[1:i - 1]) = 0.08621148894610672
11392/16384
mean(sgnprob[1:i - 1]) = 0.08857870248441753
11520/16384
mean(sgnprob[1:i - 1]) = 0.09054605434499523
11648/16384
mean(sgnprob[1:i - 1]) = 0.0866317506654074
11776/16384
mean(sgnprob[1:i - 1]) = 0.08619957537154989
11904/16384
mean(sgnprob[1:i - 1]) = 0.08947324203982189
12032/16384
mean(sgnprob[1:i - 1]) = 0.08935250602609925
12160/16384
mean(sgnprob[1:i - 1]) = 0.08676700386544946
12288/16384
mean(sgnprob[1:i - 1]) = 0.08586310734923089
12416/16384
mean(sgnprob[1:i - 1]) = 0.08658880386629078
12544/16384
mean(sgnprob[1:i - 1]) = 0.08825639799091127
12672/16384
mean(sgnprob[1:i - 1]) = 0.08910109699313393
12800/16384
mean(sgnprob[1:i - 1]) = 0.09071021173529183
12928/16384
mean(sgnprob[1:i - 1]) = 0.08671772259611665
13056/16384
mean(sgnprob[1:i - 1]) = 0.08877824588280353
13184/16384
mean(sgnprob[1:i - 1]) = 0.08488204505802928
13312/16384
mean(sgnprob[1:i - 1]) = 0.08241304184509053
13440/16384
mean(sgnprob[1:i - 1]) = 0.083562765086688
13568/16384
mean(sgnprob[1:i - 1]) = 0.08528045993955922
13696/16384
mean(sgnprob[1:i - 1]) = 0.08521358159912376
13824/16384
mean(sgnprob[1:i - 1]) = 0.08153078202995008
13952/16384
mean(sgnprob[1:i - 1]) = 0.08436671206365134
14080/16384
mean(sgnprob[1:i - 1]) = 0.0861566872647205
14208/16384
mean(sgnprob[1:i - 1]) = 0.08355036249736046
14336/16384
mean(sgnprob[1:i - 1]) = 0.08168817579351238
14464/16384
mean(sgnprob[1:i - 1]) = 0.08234806056834681
14592/16384
mean(sgnprob[1:i - 1]) = 0.07984373929134397
14720/16384
mean(sgnprob[1:i - 1]) = 0.07819824716353013
14848/16384
mean(sgnprob[1:i - 1]) = 0.07954468916279384
14976/16384
mean(sgnprob[1:i - 1]) = 0.07592654424040067
15104/16384
mean(sgnprob[1:i - 1]) = 0.07687214460703172
15232/16384
mean(sgnprob[1:i - 1]) = 0.07465038408508962
15360/16384
mean(sgnprob[1:i - 1]) = 0.07637215964581028
15488/16384
mean(sgnprob[1:i - 1]) = 0.07238328921030542
15616/16384
mean(sgnprob[1:i - 1]) = 0.07371117515209734
15744/16384
mean(sgnprob[1:i - 1]) = 0.07501746808105189
15872/16384
mean(sgnprob[1:i - 1]) = 0.07277424232877576
16000/16384
mean(sgnprob[1:i - 1]) = 0.07369210575660978
16128/16384
mean(sgnprob[1:i - 1]) = 0.07124697711911701
16256/16384
mean(sgnprob[1:i - 1]) = 0.06687173177483852
16384/16384
mean(sgnprob[1:i - 1]) = 0.06464017579197949
799.923572 seconds (167.11 M allocations: 70.745 GiB, 1.54% gc time, 1.18% compilation time)
