## SLURM PROLOG ###############################################################
##    Job ID : 8822330
##  Job Name : sbatch_etgent.sh
##  Nodelist : node1736
##      CPUs : 8
##  Mem/Node : 4096 MB
## Directory : /oscar/home/trazzaz/AFQMC
##   Job Started : Thu Feb 27 07:56:41 PM EST 2025
###############################################################################
seed = 1325
U = 2.0
β = 6.0
Warming up
128/1024
256/1024
384/1024
512/1024
640/1024
768/1024
896/1024
1024/1024
Measuring
128/16384
mean(sgnprob[1:i - 1]) = 0.3228346456692913
256/16384
mean(sgnprob[1:i - 1]) = 0.42745098039215684
384/16384
mean(sgnprob[1:i - 1]) = 0.15926892950391644
512/16384
mean(sgnprob[1:i - 1]) = 0.2054794520547945
640/16384
mean(sgnprob[1:i - 1]) = 0.27386541471048514
768/16384
mean(sgnprob[1:i - 1]) = 0.31681877444589307
896/16384
mean(sgnprob[1:i - 1]) = 0.3452513966480447
1024/16384
mean(sgnprob[1:i - 1]) = 0.364613880742913
1152/16384
mean(sgnprob[1:i - 1]) = 0.37271937445699393
1280/16384
mean(sgnprob[1:i - 1]) = 0.3885848318999218
1408/16384
mean(sgnprob[1:i - 1]) = 0.39729921819474057
1536/16384
mean(sgnprob[1:i - 1]) = 0.4019543973941368
1664/16384
mean(sgnprob[1:i - 1]) = 0.3962717979555021
1792/16384
mean(sgnprob[1:i - 1]) = 0.3936348408710218
1920/16384
mean(sgnprob[1:i - 1]) = 0.3423658155289213
2048/16384
mean(sgnprob[1:i - 1]) = 0.3444064484611627
2176/16384
mean(sgnprob[1:i - 1]) = 0.34436781609195405
2304/16384
mean(sgnprob[1:i - 1]) = 0.3452019105514546
2432/16384
mean(sgnprob[1:i - 1]) = 0.3517071164129988
2560/16384
mean(sgnprob[1:i - 1]) = 0.3622508792497069
2688/16384
mean(sgnprob[1:i - 1]) = 0.3665798288053591
2816/16384
mean(sgnprob[1:i - 1]) = 0.37406749555950264
2944/16384
mean(sgnprob[1:i - 1]) = 0.37342847434590554
3072/16384
mean(sgnprob[1:i - 1]) = 0.37675024422012376
3200/16384
mean(sgnprob[1:i - 1]) = 0.3816817755548609
3328/16384
mean(sgnprob[1:i - 1]) = 0.3826269912834385
3456/16384
mean(sgnprob[1:i - 1]) = 0.38929088277858176
3584/16384
mean(sgnprob[1:i - 1]) = 0.3541724811610382
3712/16384
mean(sgnprob[1:i - 1]) = 0.3317165184586365
3840/16384
mean(sgnprob[1:i - 1]) = 0.30450638187027873
3968/16384
mean(sgnprob[1:i - 1]) = 0.30829342072094784
4096/16384
mean(sgnprob[1:i - 1]) = 0.31477411477411477
4224/16384
mean(sgnprob[1:i - 1]) = 0.3213355434525219
4352/16384
mean(sgnprob[1:i - 1]) = 0.3247529303608366
4480/16384
mean(sgnprob[1:i - 1]) = 0.33065416387586516
4608/16384
mean(sgnprob[1:i - 1]) = 0.3349251139570219
4736/16384
mean(sgnprob[1:i - 1]) = 0.33896515311510034
4864/16384
mean(sgnprob[1:i - 1]) = 0.34238124614435533
4992/16384
mean(sgnprob[1:i - 1]) = 0.31757162893207774
5120/16384
mean(sgnprob[1:i - 1]) = 0.2951748388357101
5248/16384
mean(sgnprob[1:i - 1]) = 0.2773013150371641
5376/16384
mean(sgnprob[1:i - 1]) = 0.28148837209302324
5504/16384
mean(sgnprob[1:i - 1]) = 0.2840268944212248
5632/16384
mean(sgnprob[1:i - 1]) = 0.2896465991830936
5760/16384
mean(sgnprob[1:i - 1]) = 0.29258551831915264
5888/16384
mean(sgnprob[1:i - 1]) = 0.29743502632919994
6016/16384
mean(sgnprob[1:i - 1]) = 0.2994181213632585
6144/16384
mean(sgnprob[1:i - 1]) = 0.30327201692983885
6272/16384
mean(sgnprob[1:i - 1]) = 0.30346037314622865
6400/16384
mean(sgnprob[1:i - 1]) = 0.3064541334583529
6528/16384
mean(sgnprob[1:i - 1]) = 0.31024973188294774
6656/16384
mean(sgnprob[1:i - 1]) = 0.3154019534184823
6784/16384
mean(sgnprob[1:i - 1]) = 0.31918030370042755
6912/16384
mean(sgnprob[1:i - 1]) = 0.31992475763275935
7040/16384
mean(sgnprob[1:i - 1]) = 0.3246199744281858
7168/16384
mean(sgnprob[1:i - 1]) = 0.3277521975722059
7296/16384
mean(sgnprob[1:i - 1]) = 0.33159698423577794
7424/16384
mean(sgnprob[1:i - 1]) = 0.33288427859356057
7552/16384
mean(sgnprob[1:i - 1]) = 0.3314792742683088
7680/16384
mean(sgnprob[1:i - 1]) = 0.3184008334418544
7808/16384
mean(sgnprob[1:i - 1]) = 0.30600742923017804
7936/16384
mean(sgnprob[1:i - 1]) = 0.3058601134215501
8064/16384
mean(sgnprob[1:i - 1]) = 0.2910827235520278
8192/16384
mean(sgnprob[1:i - 1]) = 0.280429739958491
8320/16384
mean(sgnprob[1:i - 1]) = 0.280923187883159
8448/16384
mean(sgnprob[1:i - 1]) = 0.2832958446785841
8576/16384
mean(sgnprob[1:i - 1]) = 0.285131195335277
8704/16384
mean(sgnprob[1:i - 1]) = 0.2876019763300012
8832/16384
mean(sgnprob[1:i - 1]) = 0.2897746574566867
8960/16384
mean(sgnprob[1:i - 1]) = 0.2903225806451613
9088/16384
mean(sgnprob[1:i - 1]) = 0.293056014086057
9216/16384
mean(sgnprob[1:i - 1]) = 0.29658166033640804
9344/16384
mean(sgnprob[1:i - 1]) = 0.30086695922080703
9472/16384
mean(sgnprob[1:i - 1]) = 0.30461408510189
9600/16384
mean(sgnprob[1:i - 1]) = 0.29430148973851444
9728/16384
mean(sgnprob[1:i - 1]) = 0.28364346663925155
9856/16384
mean(sgnprob[1:i - 1]) = 0.28361237950279045
9984/16384
mean(sgnprob[1:i - 1]) = 0.2867875388159872
10112/16384
mean(sgnprob[1:i - 1]) = 0.2882998714271585
10240/16384
mean(sgnprob[1:i - 1]) = 0.27824982908487156
10368/16384
mean(sgnprob[1:i - 1]) = 0.26921963923989584
10496/16384
mean(sgnprob[1:i - 1]) = 0.2718437351119581
10624/16384
mean(sgnprob[1:i - 1]) = 0.27383978160594935
10752/16384
mean(sgnprob[1:i - 1]) = 0.27727653241558925
10880/16384
mean(sgnprob[1:i - 1]) = 0.27787480466954684
11008/16384
mean(sgnprob[1:i - 1]) = 0.2804578904333606
11136/16384
mean(sgnprob[1:i - 1]) = 0.28316120341266277
11264/16384
mean(sgnprob[1:i - 1]) = 0.28473763650892303
11392/16384
mean(sgnprob[1:i - 1]) = 0.2859274866122377
11520/16384
mean(sgnprob[1:i - 1]) = 0.28709089330671067
11648/16384
mean(sgnprob[1:i - 1]) = 0.2904610629346613
11776/16384
mean(sgnprob[1:i - 1]) = 0.2915498938428875
11904/16384
mean(sgnprob[1:i - 1]) = 0.29295135680080653
12032/16384
mean(sgnprob[1:i - 1]) = 0.2941567616989444
12160/16384
mean(sgnprob[1:i - 1]) = 0.2974751213093182
12288/16384
mean(sgnprob[1:i - 1]) = 0.2893301863758444
12416/16384
mean(sgnprob[1:i - 1]) = 0.28183648811921064
12544/16384
mean(sgnprob[1:i - 1]) = 0.28326556645140716
12672/16384
mean(sgnprob[1:i - 1]) = 0.2849814537132034
12800/16384
mean(sgnprob[1:i - 1]) = 0.2865067583404953
12928/16384
mean(sgnprob[1:i - 1]) = 0.28042082463061807
13056/16384
mean(sgnprob[1:i - 1]) = 0.28226733052470315
13184/16384
mean(sgnprob[1:i - 1]) = 0.2751270575741485
13312/16384
mean(sgnprob[1:i - 1]) = 0.26842461122379985
13440/16384
mean(sgnprob[1:i - 1]) = 0.27137435821117645
13568/16384
mean(sgnprob[1:i - 1]) = 0.27294169676420726
13696/16384
mean(sgnprob[1:i - 1]) = 0.2756480467323841
13824/16384
mean(sgnprob[1:i - 1]) = 0.2765680387759531
13952/16384
mean(sgnprob[1:i - 1]) = 0.26915633287936347
14080/16384
mean(sgnprob[1:i - 1]) = 0.27068683855387454
14208/16384
mean(sgnprob[1:i - 1]) = 0.2640247765186176
14336/16384
mean(sgnprob[1:i - 1]) = 0.266829438437391
14464/16384
mean(sgnprob[1:i - 1]) = 0.267510198437392
14592/16384
mean(sgnprob[1:i - 1]) = 0.2692755808375026
14720/16384
mean(sgnprob[1:i - 1]) = 0.27168965282967594
14848/16384
mean(sgnprob[1:i - 1]) = 0.2728497339529871
14976/16384
mean(sgnprob[1:i - 1]) = 0.27425709515859764
15104/16384
mean(sgnprob[1:i - 1]) = 0.2676951599020062
15232/16384
mean(sgnprob[1:i - 1]) = 0.2692534961591491
15360/16384
mean(sgnprob[1:i - 1]) = 0.27195780975323913
15488/16384
mean(sgnprob[1:i - 1]) = 0.27306773422870795
15616/16384
mean(sgnprob[1:i - 1]) = 0.2755683637528018
15744/16384
mean(sgnprob[1:i - 1]) = 0.269897732325478
15872/16384
mean(sgnprob[1:i - 1]) = 0.2641925524541617
16000/16384
mean(sgnprob[1:i - 1]) = 0.2673292080755047
16128/16384
mean(sgnprob[1:i - 1]) = 0.26954796304334344
16256/16384
mean(sgnprob[1:i - 1]) = 0.2639803137496155
16384/16384
mean(sgnprob[1:i - 1]) = 0.2652139412805957
746.340878 seconds (167.11 M allocations: 70.745 GiB, 1.49% gc time, 1.25% compilation time)
