## SLURM PROLOG ###############################################################
##    Job ID : 5895172
##  Job Name : etgent_2x2_seed1237
##  Nodelist : node1704
##      CPUs : 8
##  Mem/Node : 2048 MB
## Directory : /oscar/home/trazzaz/AFQMC
##   Job Started : Sun Nov 10 03:07:56 PM EST 2024
###############################################################################
U = 2.0
seed = 1237
λₖ = 0.0
Warming up
128/512
256/512
384/512
512/512
Measuring
128/1024
256/1024
384/1024
512/1024
640/1024
768/1024
896/1024
1024/1024
361.997836 seconds (210.26 M allocations: 1.099 TiB, 20.47% gc time, 2.49% compilation time)
λₖ = 0.2
Warming up
128/512
256/512
384/512
512/512
Measuring
128/1024
256/1024
384/1024
512/1024
640/1024
768/1024
896/1024
1024/1024
358.645682 seconds (208.41 M allocations: 1.099 TiB, 20.62% gc time, 0.03% compilation time)
λₖ = 0.4
Warming up
128/512
256/512
384/512
512/512
Measuring
128/1024
256/1024
384/1024
512/1024
640/1024
768/1024
896/1024
1024/1024
327.449293 seconds (208.41 M allocations: 1.099 TiB, 21.12% gc time)
λₖ = 0.6
Warming up
128/512
256/512
384/512
512/512
Measuring
128/1024
256/1024
384/1024
512/1024
640/1024
768/1024
896/1024
1024/1024
302.079465 seconds (208.41 M allocations: 1.099 TiB, 21.79% gc time)
λₖ = 0.8
Warming up
128/512
256/512
384/512
512/512
Measuring
128/1024
256/1024
384/1024
512/1024
640/1024
768/1024
896/1024
1024/1024
253.693302 seconds (208.41 M allocations: 1.099 TiB, 22.69% gc time)
