## SLURM PROLOG ###############################################################
##    Job ID : 8833889
##  Job Name : sbatch_etgent.sh
##  Nodelist : node1322
##      CPUs : 8
##  Mem/Node : 4096 MB
## Directory : /oscar/home/trazzaz/AFQMC
##   Job Started : Fri Feb 28 01:02:35 AM EST 2025
###############################################################################
seed = 1443
U = 2.0
β = 6.0
Warming up
128/1024
256/1024
384/1024
512/1024
640/1024
768/1024
896/1024
1024/1024
Measuring
128/16384
mean(sgnprob[1:i - 1]) = 0.6377952755905512
256/16384
mean(sgnprob[1:i - 1]) = 0.592156862745098
384/16384
mean(sgnprob[1:i - 1]) = 0.5822454308093995
512/16384
mean(sgnprob[1:i - 1]) = 0.5225048923679061
640/16384
mean(sgnprob[1:i - 1]) = 0.49608763693270735
768/16384
mean(sgnprob[1:i - 1]) = 0.4941329856584094
896/16384
mean(sgnprob[1:i - 1]) = 0.4770949720670391
1024/16384
mean(sgnprob[1:i - 1]) = 0.3567937438905181
1152/16384
mean(sgnprob[1:i - 1]) = 0.3796698523023458
1280/16384
mean(sgnprob[1:i - 1]) = 0.3885848318999218
1408/16384
mean(sgnprob[1:i - 1]) = 0.40014214641080315
1536/16384
mean(sgnprob[1:i - 1]) = 0.41368078175895767
1664/16384
mean(sgnprob[1:i - 1]) = 0.42273000601322913
1792/16384
mean(sgnprob[1:i - 1]) = 0.4271356783919598
1920/16384
mean(sgnprob[1:i - 1]) = 0.42782699322563833
2048/16384
mean(sgnprob[1:i - 1]) = 0.4352711284807035
2176/16384
mean(sgnprob[1:i - 1]) = 0.44551724137931037
2304/16384
mean(sgnprob[1:i - 1]) = 0.4485453755970473
2432/16384
mean(sgnprob[1:i - 1]) = 0.4520773344302756
2560/16384
mean(sgnprob[1:i - 1]) = 0.45212973817897617
2688/16384
mean(sgnprob[1:i - 1]) = 0.4596203944919985
2816/16384
mean(sgnprob[1:i - 1]) = 0.4145648312611012
2944/16384
mean(sgnprob[1:i - 1]) = 0.4169215086646279
3072/16384
mean(sgnprob[1:i - 1]) = 0.3760989905568219
3200/16384
mean(sgnprob[1:i - 1]) = 0.3854329477961863
3328/16384
mean(sgnprob[1:i - 1]) = 0.35136759843703036
3456/16384
mean(sgnprob[1:i - 1]) = 0.3580318379160637
3584/16384
mean(sgnprob[1:i - 1]) = 0.36366173597543955
3712/16384
mean(sgnprob[1:i - 1]) = 0.3667475074104015
3840/16384
mean(sgnprob[1:i - 1]) = 0.37171138317270125
3968/16384
mean(sgnprob[1:i - 1]) = 0.37837156541467104
4096/16384
mean(sgnprob[1:i - 1]) = 0.3797313797313797
4224/16384
mean(sgnprob[1:i - 1]) = 0.3824295524508643
4352/16384
mean(sgnprob[1:i - 1]) = 0.3854286370949207
4480/16384
mean(sgnprob[1:i - 1]) = 0.3882563072114311
4608/16384
mean(sgnprob[1:i - 1]) = 0.39309746038636856
4736/16384
mean(sgnprob[1:i - 1]) = 0.3651531151003168
4864/16384
mean(sgnprob[1:i - 1]) = 0.3678799095208719
4992/16384
mean(sgnprob[1:i - 1]) = 0.3708675616108996
5120/16384
mean(sgnprob[1:i - 1]) = 0.3487009181480758
5248/16384
mean(sgnprob[1:i - 1]) = 0.35429769392033544
5376/16384
mean(sgnprob[1:i - 1]) = 0.3387906976744186
5504/16384
mean(sgnprob[1:i - 1]) = 0.34217699436670906
5632/16384
mean(sgnprob[1:i - 1]) = 0.32196767892026285
5760/16384
mean(sgnprob[1:i - 1]) = 0.32418822712276435
5888/16384
mean(sgnprob[1:i - 1]) = 0.32903006624766434
6016/16384
mean(sgnprob[1:i - 1]) = 0.3113881961762261
6144/16384
mean(sgnprob[1:i - 1]) = 0.3156438222366922
6272/16384
mean(sgnprob[1:i - 1]) = 0.3210014351778026
6400/16384
mean(sgnprob[1:i - 1]) = 0.32583216127519926
6528/16384
mean(sgnprob[1:i - 1]) = 0.3274092232265972
6656/16384
mean(sgnprob[1:i - 1]) = 0.3277235161532682
6784/16384
mean(sgnprob[1:i - 1]) = 0.3106295149638803
6912/16384
mean(sgnprob[1:i - 1]) = 0.2979308349008826
7040/16384
mean(sgnprob[1:i - 1]) = 0.3021736042051428
7168/16384
mean(sgnprob[1:i - 1]) = 0.3057067113157528
7296/16384
mean(sgnprob[1:i - 1]) = 0.31048663468128856
7424/16384
mean(sgnprob[1:i - 1]) = 0.3148322780546949
7552/16384
mean(sgnprob[1:i - 1]) = 0.31691166732883064
7680/16384
mean(sgnprob[1:i - 1]) = 0.3017319963536919
7808/16384
mean(sgnprob[1:i - 1]) = 0.30447034712437554
7936/16384
mean(sgnprob[1:i - 1]) = 0.3073724007561437
8064/16384
mean(sgnprob[1:i - 1]) = 0.31241473396998637
8192/16384
mean(sgnprob[1:i - 1]) = 0.3146136002930045
8320/16384
mean(sgnprob[1:i - 1]) = 0.31722562808029814
8448/16384
mean(sgnprob[1:i - 1]) = 0.31975849413993135
8576/16384
mean(sgnprob[1:i - 1]) = 0.32151603498542275
8704/16384
mean(sgnprob[1:i - 1]) = 0.3225324600712398
8832/16384
mean(sgnprob[1:i - 1]) = 0.3103838749858453
8960/16384
mean(sgnprob[1:i - 1]) = 0.29880567027570043
9088/16384
mean(sgnprob[1:i - 1]) = 0.3003191372290085
9216/16384
mean(sgnprob[1:i - 1]) = 0.30244167118827997
9344/16384
mean(sgnprob[1:i - 1]) = 0.2923043990153056
9472/16384
mean(sgnprob[1:i - 1]) = 0.2957449055010031
9600/16384
mean(sgnprob[1:i - 1]) = 0.2963850401083446
9728/16384
mean(sgnprob[1:i - 1]) = 0.29700832733628046
9856/16384
mean(sgnprob[1:i - 1]) = 0.29964485032978183
9984/16384
mean(sgnprob[1:i - 1]) = 0.3036161474506661
10112/16384
mean(sgnprob[1:i - 1]) = 0.2932449807140738
10240/16384
mean(sgnprob[1:i - 1]) = 0.2962203340169938
10368/16384
mean(sgnprob[1:i - 1]) = 0.2989292948779782
10496/16384
mean(sgnprob[1:i - 1]) = 0.289947594092425
10624/16384
mean(sgnprob[1:i - 1]) = 0.28005271580532803
10752/16384
mean(sgnprob[1:i - 1]) = 0.2720677146311971
10880/16384
mean(sgnprob[1:i - 1]) = 0.27419799613935103
11008/16384
mean(sgnprob[1:i - 1]) = 0.26428636322340326
11136/16384
mean(sgnprob[1:i - 1]) = 0.26645711719802423
11264/16384
mean(sgnprob[1:i - 1]) = 0.2692888218059132
11392/16384
mean(sgnprob[1:i - 1]) = 0.27100342375559655
11520/16384
mean(sgnprob[1:i - 1]) = 0.27302717249761266
11648/16384
mean(sgnprob[1:i - 1]) = 0.2758650296213617
11776/16384
mean(sgnprob[1:i - 1]) = 0.27660297239915077
11904/16384
mean(sgnprob[1:i - 1]) = 0.277829118709569
12032/16384
mean(sgnprob[1:i - 1]) = 0.2805253096168232
12160/16384
mean(sgnprob[1:i - 1]) = 0.28283575951969736
12288/16384
mean(sgnprob[1:i - 1]) = 0.285749165784976
12416/16384
mean(sgnprob[1:i - 1]) = 0.2782923882400322
12544/16384
mean(sgnprob[1:i - 1]) = 0.28023598820059
12672/16384
mean(sgnprob[1:i - 1]) = 0.2822981611553942
12800/16384
mean(sgnprob[1:i - 1]) = 0.2847878740526604
12928/16384
mean(sgnprob[1:i - 1]) = 0.2861452773265259
13056/16384
mean(sgnprob[1:i - 1]) = 0.2882420528533129
13184/16384
mean(sgnprob[1:i - 1]) = 0.27891982098156715
13312/16384
mean(sgnprob[1:i - 1]) = 0.2816467583201863
13440/16384
mean(sgnprob[1:i - 1]) = 0.2846193913237592
13568/16384
mean(sgnprob[1:i - 1]) = 0.285324684897177
13696/16384
mean(sgnprob[1:i - 1]) = 0.28806133625410735
13824/16384
mean(sgnprob[1:i - 1]) = 0.2887216957245171
13952/16384
mean(sgnprob[1:i - 1]) = 0.29109024442692283
14080/16384
mean(sgnprob[1:i - 1]) = 0.29313161446125435
14208/16384
mean(sgnprob[1:i - 1]) = 0.2952769761385233
14336/16384
mean(sgnprob[1:i - 1]) = 0.29752354377397977
14464/16384
mean(sgnprob[1:i - 1]) = 0.2911567447970684
14592/16384
mean(sgnprob[1:i - 1]) = 0.2927146871359057
14720/16384
mean(sgnprob[1:i - 1]) = 0.2943814117806916
14848/16384
mean(sgnprob[1:i - 1]) = 0.2873981275678588
14976/16384
mean(sgnprob[1:i - 1]) = 0.28841402337228716
15104/16384
mean(sgnprob[1:i - 1]) = 0.28967754750711777
15232/16384
mean(sgnprob[1:i - 1]) = 0.29052590112271026
15360/16384
mean(sgnprob[1:i - 1]) = 0.2933133667556482
15488/16384
mean(sgnprob[1:i - 1]) = 0.2947633499063731
15616/16384
mean(sgnprob[1:i - 1]) = 0.2979827089337176
15744/16384
mean(sgnprob[1:i - 1]) = 0.2996252302610684
15872/16384
mean(sgnprob[1:i - 1]) = 0.30262743368407785
16000/16384
mean(sgnprob[1:i - 1]) = 0.2960810050628164
16128/16384
mean(sgnprob[1:i - 1]) = 0.29707943200843306
16256/16384
mean(sgnprob[1:i - 1]) = 0.2906797908335897
16384/16384
mean(sgnprob[1:i - 1]) = 0.2846243056827199
833.021729 seconds (167.11 M allocations: 70.745 GiB, 2.36% gc time, 1.32% compilation time)
