## SLURM PROLOG ###############################################################
##    Job ID : 8833849
##  Job Name : sbatch_etgent.sh
##  Nodelist : node1633
##      CPUs : 8
##  Mem/Node : 4096 MB
## Directory : /oscar/home/trazzaz/AFQMC
##   Job Started : Thu Feb 27 11:57:03 PM EST 2025
###############################################################################
seed = 1403
U = 2.0
β = 6.0
Warming up
128/1024
256/1024
384/1024
512/1024
640/1024
768/1024
896/1024
1024/1024
Measuring
128/16384
mean(sgnprob[1:i - 1]) = 0.3228346456692913
256/16384
mean(sgnprob[1:i - 1]) = -0.10588235294117647
384/16384
mean(sgnprob[1:i - 1]) = -0.22193211488250653
512/16384
mean(sgnprob[1:i - 1]) = -0.021526418786692758
640/16384
mean(sgnprob[1:i - 1]) = -0.12050078247261346
768/16384
mean(sgnprob[1:i - 1]) = -0.009126466753585397
896/16384
mean(sgnprob[1:i - 1]) = -0.07709497206703911
1024/16384
mean(sgnprob[1:i - 1]) = -0.004887585532746823
1152/16384
mean(sgnprob[1:i - 1]) = -0.07732406602953953
1280/16384
mean(sgnprob[1:i - 1]) = -0.019546520719311962
1408/16384
mean(sgnprob[1:i - 1]) = 0.024875621890547265
1536/16384
mean(sgnprob[1:i - 1]) = 0.06319218241042346
1664/16384
mean(sgnprob[1:i - 1]) = 0.0968129885748647
1792/16384
mean(sgnprob[1:i - 1]) = 0.0463428252372976
1920/16384
mean(sgnprob[1:i - 1]) = 0.08285565398645128
2048/16384
mean(sgnprob[1:i - 1]) = 0.11187103077674646
2176/16384
mean(sgnprob[1:i - 1]) = 0.13195402298850575
2304/16384
mean(sgnprob[1:i - 1]) = 0.15848892748588797
2432/16384
mean(sgnprob[1:i - 1]) = 0.1246400658165364
2560/16384
mean(sgnprob[1:i - 1]) = 0.14107073075420085
2688/16384
mean(sgnprob[1:i - 1]) = 0.15742463714179383
2816/16384
mean(sgnprob[1:i - 1]) = 0.17300177619893428
2944/16384
mean(sgnprob[1:i - 1]) = 0.14509004417261298
3072/16384
mean(sgnprob[1:i - 1]) = 0.11690003256268316
3200/16384
mean(sgnprob[1:i - 1]) = 0.12847764926539543
3328/16384
mean(sgnprob[1:i - 1]) = 0.10610159302675083
3456/16384
mean(sgnprob[1:i - 1]) = 0.07959479015918958
3584/16384
mean(sgnprob[1:i - 1]) = 0.062238347753279376
3712/16384
mean(sgnprob[1:i - 1]) = 0.07679870654810024
3840/16384
mean(sgnprob[1:i - 1]) = 0.05496222974733003
3968/16384
mean(sgnprob[1:i - 1]) = 0.06528863120746156
4096/16384
mean(sgnprob[1:i - 1]) = 0.04566544566544566
4224/16384
mean(sgnprob[1:i - 1]) = 0.05612124082405873
4352/16384
mean(sgnprob[1:i - 1]) = 0.037462652263847394
4480/16384
mean(sgnprob[1:i - 1]) = 0.05068095557043983
4608/16384
mean(sgnprob[1:i - 1]) = 0.061428261341436946
4736/16384
mean(sgnprob[1:i - 1]) = 0.053009503695881734
4864/16384
mean(sgnprob[1:i - 1]) = 0.04174377955994242
4992/16384
mean(sgnprob[1:i - 1]) = 0.029853736726106993
5120/16384
mean(sgnprob[1:i - 1]) = 0.040046884157061924
5248/16384
mean(sgnprob[1:i - 1]) = 0.05012388031255956
5376/16384
mean(sgnprob[1:i - 1]) = 0.06344186046511628
5504/16384
mean(sgnprob[1:i - 1]) = 0.07359622024350354
5632/16384
mean(sgnprob[1:i - 1]) = 0.06126798082045818
5760/16384
mean(sgnprob[1:i - 1]) = 0.05052960583434624
5888/16384
mean(sgnprob[1:i - 1]) = 0.03957873280108714
6016/16384
mean(sgnprob[1:i - 1]) = 0.04605153782211139
6144/16384
mean(sgnprob[1:i - 1]) = 0.0555103369689077
6272/16384
mean(sgnprob[1:i - 1]) = 0.06617764311911976
6400/16384
mean(sgnprob[1:i - 1]) = 0.07673073917799657
6528/16384
mean(sgnprob[1:i - 1]) = 0.08472498850926918
6656/16384
mean(sgnprob[1:i - 1]) = 0.07588279489105935
6784/16384
mean(sgnprob[1:i - 1]) = 0.08359133126934984
6912/16384
mean(sgnprob[1:i - 1]) = 0.08898856894805383
7040/16384
mean(sgnprob[1:i - 1]) = 0.0950419093621253
7168/16384
mean(sgnprob[1:i - 1]) = 0.09976280173015209
7296/16384
mean(sgnprob[1:i - 1]) = 0.10760795065113091
7424/16384
mean(sgnprob[1:i - 1]) = 0.1130270780008083
7552/16384
mean(sgnprob[1:i - 1]) = 0.1206462720169514
7680/16384
mean(sgnprob[1:i - 1]) = 0.10977991926032035
7808/16384
mean(sgnprob[1:i - 1]) = 0.11643396951453823
7936/16384
mean(sgnprob[1:i - 1]) = 0.12110901071203528
8064/16384
mean(sgnprob[1:i - 1]) = 0.12712389929306708
8192/16384
mean(sgnprob[1:i - 1]) = 0.13026492491759248
8320/16384
mean(sgnprob[1:i - 1]) = 0.12104820290900349
8448/16384
mean(sgnprob[1:i - 1]) = 0.12442287202557122
8576/16384
mean(sgnprob[1:i - 1]) = 0.13096209912536444
8704/16384
mean(sgnprob[1:i - 1]) = 0.12260140181546593
8832/16384
mean(sgnprob[1:i - 1]) = 0.11289774657456687
8960/16384
mean(sgnprob[1:i - 1]) = 0.11708896082152026
9088/16384
mean(sgnprob[1:i - 1]) = 0.12204247826565423
9216/16384
mean(sgnprob[1:i - 1]) = 0.12642430819316333
9344/16384
mean(sgnprob[1:i - 1]) = 0.11741410681793857
9472/16384
mean(sgnprob[1:i - 1]) = 0.108858621053743
9600/16384
mean(sgnprob[1:i - 1]) = 0.10178143556620481
9728/16384
mean(sgnprob[1:i - 1]) = 0.10640485247249923
9856/16384
mean(sgnprob[1:i - 1]) = 0.11050228310502283
9984/16384
mean(sgnprob[1:i - 1]) = 0.11629770610037063
10112/16384
mean(sgnprob[1:i - 1]) = 0.12095737315794679
10240/16384
mean(sgnprob[1:i - 1]) = 0.1260865318878797
10368/16384
mean(sgnprob[1:i - 1]) = 0.1301244332979647
10496/16384
mean(sgnprob[1:i - 1]) = 0.13387327298713672
10624/16384
mean(sgnprob[1:i - 1]) = 0.128306504753836
10752/16384
mean(sgnprob[1:i - 1]) = 0.13180169286577992
10880/16384
mean(sgnprob[1:i - 1]) = 0.13613383583049912
11008/16384
mean(sgnprob[1:i - 1]) = 0.1296447715090397
11136/16384
mean(sgnprob[1:i - 1]) = 0.1331836551414459
11264/16384
mean(sgnprob[1:i - 1]) = 0.13628695729379384
11392/16384
mean(sgnprob[1:i - 1]) = 0.14248090597840402
11520/16384
mean(sgnprob[1:i - 1]) = 0.14680093758138726
11648/16384
mean(sgnprob[1:i - 1]) = 0.15016742508800549
11776/16384
mean(sgnprob[1:i - 1]) = 0.1529511677282378
11904/16384
mean(sgnprob[1:i - 1]) = 0.1558430647735865
12032/16384
mean(sgnprob[1:i - 1]) = 0.15950461308286926
12160/16384
mean(sgnprob[1:i - 1]) = 0.16374701866929847
12288/16384
mean(sgnprob[1:i - 1]) = 0.1672499389598763
12416/16384
mean(sgnprob[1:i - 1]) = 0.17132501006846557
12544/16384
mean(sgnprob[1:i - 1]) = 0.1756358128039544
12672/16384
mean(sgnprob[1:i - 1]) = 0.1782811143556152
12800/16384
mean(sgnprob[1:i - 1]) = 0.18118603015860615
12928/16384
mean(sgnprob[1:i - 1]) = 0.18465227817745802
13056/16384
mean(sgnprob[1:i - 1]) = 0.18774415932592875
13184/16384
mean(sgnprob[1:i - 1]) = 0.1909277099294546
13312/16384
mean(sgnprob[1:i - 1]) = 0.19389978213507625
13440/16384
mean(sgnprob[1:i - 1]) = 0.19621995684202695
13568/16384
mean(sgnprob[1:i - 1]) = 0.19952826711874402
13696/16384
mean(sgnprob[1:i - 1]) = 0.1918218327856882
13824/16384
mean(sgnprob[1:i - 1]) = 0.18613904362294725
13952/16384
mean(sgnprob[1:i - 1]) = 0.188588631639309
14080/16384
mean(sgnprob[1:i - 1]) = 0.18247034590524897
14208/16384
mean(sgnprob[1:i - 1]) = 0.18533117477299924
14336/16384
mean(sgnprob[1:i - 1]) = 0.18758283920474364
14464/16384
mean(sgnprob[1:i - 1]) = 0.1900712162068727
14592/16384
mean(sgnprob[1:i - 1]) = 0.19183058049482557
14720/16384
mean(sgnprob[1:i - 1]) = 0.19423873904477207
14848/16384
mean(sgnprob[1:i - 1]) = 0.19647066747491077
14976/16384
mean(sgnprob[1:i - 1]) = 0.20013355592654425
15104/16384
mean(sgnprob[1:i - 1]) = 0.2026749652386943
15232/16384
mean(sgnprob[1:i - 1]) = 0.20648677040246866
15360/16384
mean(sgnprob[1:i - 1]) = 0.20164073181847778
15488/16384
mean(sgnprob[1:i - 1]) = 0.1964873765093304
15616/16384
mean(sgnprob[1:i - 1]) = 0.19923150816522575
15744/16384
mean(sgnprob[1:i - 1]) = 0.20282030108619703
15872/16384
mean(sgnprob[1:i - 1]) = 0.20446096654275092
16000/16384
mean(sgnprob[1:i - 1]) = 0.2067004187761735
16128/16384
mean(sgnprob[1:i - 1]) = 0.2014633843864327
16256/16384
mean(sgnprob[1:i - 1]) = 0.2036911719470932
16384/16384
mean(sgnprob[1:i - 1]) = 0.1981932490996765
752.376444 seconds (167.11 M allocations: 70.745 GiB, 1.34% gc time, 1.31% compilation time)
