## SLURM PROLOG ###############################################################
##    Job ID : 5960435
##  Job Name : etgent_N(1,2)_seed1261
##  Nodelist : node1701
##      CPUs : 8
##  Mem/Node : 2048 MB
## Directory : /oscar/home/trazzaz/AFQMC
##   Job Started : Tue Nov 12 01:11:56 AM EST 2024
###############################################################################
U = 2.0
seed = 1261
λₖ = 0.0
Warming up
128/512
256/512
384/512
512/512
Measuring
128/1024
256/1024
384/1024
512/1024
640/1024
768/1024
896/1024
1024/1024
136.652965 seconds (80.56 M allocations: 13.061 GiB, 2.15% gc time, 7.81% compilation time)
λₖ = 0.2
Warming up
128/512
256/512
384/512
512/512
Measuring
128/1024
256/1024
384/1024
512/1024
640/1024
768/1024
896/1024
1024/1024
106.996229 seconds (76.83 M allocations: 12.896 GiB, 2.60% gc time, 0.08% compilation time)
λₖ = 0.4
Warming up
128/512
256/512
384/512
512/512
Measuring
128/1024
256/1024
384/1024
512/1024
640/1024
768/1024
896/1024
1024/1024
108.762783 seconds (76.82 M allocations: 12.896 GiB, 2.60% gc time)
λₖ = 0.6
Warming up
128/512
256/512
384/512
512/512
Measuring
128/1024
256/1024
384/1024
512/1024
640/1024
768/1024
896/1024
1024/1024
110.765487 seconds (76.82 M allocations: 12.896 GiB, 2.62% gc time)
λₖ = 0.8
Warming up
128/512
256/512
384/512
512/512
Measuring
128/1024
256/1024
384/1024
512/1024
640/1024
768/1024
896/1024
1024/1024
105.432451 seconds (76.82 M allocations: 12.896 GiB, 2.69% gc time)
