## SLURM PROLOG ###############################################################
##    Job ID : 5902749
##  Job Name : etgent_N2_seed1237
##  Nodelist : node1735
##      CPUs : 8
##  Mem/Node : 2048 MB
## Directory : /oscar/home/trazzaz/AFQMC
##   Job Started : Mon Nov 11 12:20:16 AM EST 2024
###############################################################################
U = 2.0
seed = 1237
λₖ = 0.0
Warming up
128/512
256/512
384/512
512/512
Measuring
128/1024
256/1024
384/1024
512/1024
640/1024
768/1024
896/1024
1024/1024
248.700986 seconds (203.81 M allocations: 1.089 TiB, 18.96% gc time, 3.03% compilation time)
λₖ = 0.2
Warming up
128/512
256/512
384/512
512/512
Measuring
128/1024
256/1024
384/1024
512/1024
640/1024
768/1024
896/1024
1024/1024
259.930863 seconds (201.96 M allocations: 1.089 TiB, 18.91% gc time, 0.03% compilation time)
λₖ = 0.4
Warming up
128/512
256/512
384/512
512/512
Measuring
128/1024
256/1024
384/1024
512/1024
640/1024
768/1024
896/1024
1024/1024
203.169055 seconds (201.96 M allocations: 1.089 TiB, 20.35% gc time)
λₖ = 0.6
Warming up
128/512
256/512
384/512
512/512
Measuring
128/1024
256/1024
384/1024
512/1024
640/1024
768/1024
896/1024
1024/1024
202.750034 seconds (201.96 M allocations: 1.089 TiB, 20.43% gc time)
λₖ = 0.8
Warming up
128/512
256/512
384/512
512/512
Measuring
128/1024
256/1024
384/1024
512/1024
640/1024
768/1024
896/1024
1024/1024
205.382049 seconds (201.96 M allocations: 1.089 TiB, 20.62% gc time)
