## SLURM PROLOG ###############################################################
##    Job ID : 7671081
##  Job Name : sbatch_etgent.sh
##  Nodelist : node1703
##      CPUs : 8
##  Mem/Node : 4096 MB
## Directory : /oscar/home/trazzaz/AFQMC
##   Job Started : Sun Jan 19 02:01:35 AM EST 2025
###############################################################################
seed = 1248
U = 2.0
β = 6.0
Warming up
128/1024
256/1024
384/1024
512/1024
640/1024
768/1024
896/1024
1024/1024
Measuring
128/16384
mean(sgnprob[1:i - 1]) = 0.08661417322834646
256/16384
mean(sgnprob[1:i - 1]) = 0.12941176470588237
384/16384
mean(sgnprob[1:i - 1]) = 0.16971279373368145
512/16384
mean(sgnprob[1:i - 1]) = 0.09980430528375733
640/16384
mean(sgnprob[1:i - 1]) = 0.004694835680751174
768/16384
mean(sgnprob[1:i - 1]) = -0.04563233376792699
896/16384
mean(sgnprob[1:i - 1]) = 0.0033519553072625698
1024/16384
mean(sgnprob[1:i - 1]) = -0.01857282502443793
1152/16384
mean(sgnprob[1:i - 1]) = 0.014769765421372719
1280/16384
mean(sgnprob[1:i - 1]) = 0.04769351055512119
1408/16384
mean(sgnprob[1:i - 1]) = 0.019189765458422176
1536/16384
mean(sgnprob[1:i - 1]) = 0.031921824104234525
1664/16384
mean(sgnprob[1:i - 1]) = 0.004209260372820205
1792/16384
mean(sgnprob[1:i - 1]) = 0.018425460636515914
1920/16384
mean(sgnprob[1:i - 1]) = 0.027618551328817093
2048/16384
mean(sgnprob[1:i - 1]) = 0.03761602344894968
2176/16384
mean(sgnprob[1:i - 1]) = 0.022528735632183907
2304/16384
mean(sgnprob[1:i - 1]) = 0.02822405557967868
2432/16384
mean(sgnprob[1:i - 1]) = 0.016042780748663103
2560/16384
mean(sgnprob[1:i - 1]) = 0.022274325908558032
2688/16384
mean(sgnprob[1:i - 1]) = 0.03386676590993673
2816/16384
mean(sgnprob[1:i - 1]) = 0.025932504440497335
2944/16384
mean(sgnprob[1:i - 1]) = 0.03431872239211689
3072/16384
mean(sgnprob[1:i - 1]) = 0.021165744057310323
3200/16384
mean(sgnprob[1:i - 1]) = 0.0315723663644889
3328/16384
mean(sgnprob[1:i - 1]) = 0.04238052299368801
3456/16384
mean(sgnprob[1:i - 1]) = 0.029811866859623733
3584/16384
mean(sgnprob[1:i - 1]) = 0.020373988277979347
3712/16384
mean(sgnprob[1:i - 1]) = 0.02667744543249798
3840/16384
mean(sgnprob[1:i - 1]) = 0.02995571763480073
3968/16384
mean(sgnprob[1:i - 1]) = 0.03705570960423494
4096/16384
mean(sgnprob[1:i - 1]) = 0.02612942612942613
4224/16384
mean(sgnprob[1:i - 1]) = 0.03149419843713
4352/16384
mean(sgnprob[1:i - 1]) = 0.02321305447023673
4480/16384
mean(sgnprob[1:i - 1]) = 0.01629828086626479
4608/16384
mean(sgnprob[1:i - 1]) = 0.006728890818319948
4736/16384
mean(sgnprob[1:i - 1]) = 0.0031678986272439284
4864/16384
mean(sgnprob[1:i - 1]) = 0.009664815957228049
4992/16384
mean(sgnprob[1:i - 1]) = 0.002604688439190543
5120/16384
mean(sgnprob[1:i - 1]) = -0.0021488571986716157
5248/16384
mean(sgnprob[1:i - 1]) = 0.002858776443682104
5376/16384
mean(sgnprob[1:i - 1]) = 0.006883720930232558
5504/16384
mean(sgnprob[1:i - 1]) = 0.011811739051426495
5632/16384
mean(sgnprob[1:i - 1]) = 0.006215592257147931
5760/16384
mean(sgnprob[1:i - 1]) = 0.003646466400416739
5888/16384
mean(sgnprob[1:i - 1]) = 0.010022082554781722
6016/16384
mean(sgnprob[1:i - 1]) = 0.005486284289276808
6144/16384
mean(sgnprob[1:i - 1]) = 0.010255575451733681
6272/16384
mean(sgnprob[1:i - 1]) = 0.00430553340774996
6400/16384
mean(sgnprob[1:i - 1]) = 0.008595092983278638
6528/16384
mean(sgnprob[1:i - 1]) = 0.012716408763597364
6656/16384
mean(sgnprob[1:i - 1]) = 0.004357625845229151
6784/16384
mean(sgnprob[1:i - 1]) = 0.0060445230723868495
6912/16384
mean(sgnprob[1:i - 1]) = 0.0021704529011720448
7040/16384
mean(sgnprob[1:i - 1]) = -0.003551640858076431
7168/16384
mean(sgnprob[1:i - 1]) = -0.0006976419701409237
7296/16384
mean(sgnprob[1:i - 1]) = -0.004249485949280329
7424/16384
mean(sgnprob[1:i - 1]) = -0.0014818806412501683
7552/16384
mean(sgnprob[1:i - 1]) = -0.008608131373328037
7680/16384
mean(sgnprob[1:i - 1]) = -0.004557885141294439
7808/16384
mean(sgnprob[1:i - 1]) = -0.009606763161265531
7936/16384
mean(sgnprob[1:i - 1]) = -0.006679269061121613
8064/16384
mean(sgnprob[1:i - 1]) = -0.0008681632146843607
8192/16384
mean(sgnprob[1:i - 1]) = 0.0028079599560493222
8320/16384
mean(sgnprob[1:i - 1]) = 0.005890131025363625
8448/16384
mean(sgnprob[1:i - 1]) = 0.010062744169527642
8576/16384
mean(sgnprob[1:i - 1]) = 0.014577259475218658
8704/16384
mean(sgnprob[1:i - 1]) = 0.010685970355049982
8832/16384
mean(sgnprob[1:i - 1]) = 0.008266334503453742
8960/16384
mean(sgnprob[1:i - 1]) = 0.01194329724299587
9088/16384
mean(sgnprob[1:i - 1]) = 0.013315725762077693
9216/16384
mean(sgnprob[1:i - 1]) = 0.010309278350515464
9344/16384
mean(sgnprob[1:i - 1]) = 0.013379000321096008
9472/16384
mean(sgnprob[1:i - 1]) = 0.013409354872769508
9600/16384
mean(sgnprob[1:i - 1]) = 0.010105219293676424
9728/16384
mean(sgnprob[1:i - 1]) = 0.013262054076282512
9856/16384
mean(sgnprob[1:i - 1]) = 0.015119228817858954
9984/16384
mean(sgnprob[1:i - 1]) = 0.011519583291595713
10112/16384
mean(sgnprob[1:i - 1]) = 0.010780338245475226
10240/16384
mean(sgnprob[1:i - 1]) = 0.00810626037698994
10368/16384
mean(sgnprob[1:i - 1]) = 0.010707051220217999
10496/16384
mean(sgnprob[1:i - 1]) = 0.015150071462601238
10624/16384
mean(sgnprob[1:i - 1]) = 0.01835639649816436
10752/16384
mean(sgnprob[1:i - 1]) = 0.020556227327690448
10880/16384
mean(sgnprob[1:i - 1]) = 0.022888133100468794
11008/16384
mean(sgnprob[1:i - 1]) = 0.02425729081493595
11136/16384
mean(sgnprob[1:i - 1]) = 0.02074539739559946
11264/16384
mean(sgnprob[1:i - 1]) = 0.02175264139216905
11392/16384
mean(sgnprob[1:i - 1]) = 0.023439557545430603
11520/16384
mean(sgnprob[1:i - 1]) = 0.0247417310530428
11648/16384
mean(sgnprob[1:i - 1]) = 0.02756074525628917
11776/16384
mean(sgnprob[1:i - 1]) = 0.029129511677282376
11904/16384
mean(sgnprob[1:i - 1]) = 0.03100058808703688
12032/16384
mean(sgnprob[1:i - 1]) = 0.03466046047710082
12160/16384
mean(sgnprob[1:i - 1]) = 0.03117032650711407
12288/16384
mean(sgnprob[1:i - 1]) = 0.032961666802311385
12416/16384
mean(sgnprob[1:i - 1]) = 0.031655255739025376
12544/16384
mean(sgnprob[1:i - 1]) = 0.03356453798931675
12672/16384
mean(sgnprob[1:i - 1]) = 0.03101570515350012
12800/16384
mean(sgnprob[1:i - 1]) = 0.03226814594890226
12928/16384
mean(sgnprob[1:i - 1]) = 0.0345787885820376
13056/16384
mean(sgnprob[1:i - 1]) = 0.03684412102642665
13184/16384
mean(sgnprob[1:i - 1]) = 0.040582568459379506
13312/16384
mean(sgnprob[1:i - 1]) = 0.04244609721283149
13440/16384
mean(sgnprob[1:i - 1]) = 0.04397648634571025
13568/16384
mean(sgnprob[1:i - 1]) = 0.03958133706788531
13696/16384
mean(sgnprob[1:i - 1]) = 0.040379700620664476
13824/16384
mean(sgnprob[1:i - 1]) = 0.03769080517977284
13952/16384
mean(sgnprob[1:i - 1]) = 0.03533796860440112
14080/16384
mean(sgnprob[1:i - 1]) = 0.03288585837062291
14208/16384
mean(sgnprob[1:i - 1]) = 0.03667206306750193
14336/16384
mean(sgnprob[1:i - 1]) = 0.038855946982908965
14464/16384
mean(sgnprob[1:i - 1]) = 0.0362995229205559
14592/16384
mean(sgnprob[1:i - 1]) = 0.03351380988280447
14720/16384
mean(sgnprob[1:i - 1]) = 0.030912426115904612
14848/16384
mean(sgnprob[1:i - 1]) = 0.029298848252172157
14976/16384
mean(sgnprob[1:i - 1]) = 0.030383973288814693
15104/16384
mean(sgnprob[1:i - 1]) = 0.030788585049327948
15232/16384
mean(sgnprob[1:i - 1]) = 0.032499507583218436
15360/16384
mean(sgnprob[1:i - 1]) = 0.03457256331792435
15488/16384
mean(sgnprob[1:i - 1]) = 0.03493252405243107
15616/16384
mean(sgnprob[1:i - 1]) = 0.03362151777137368
15744/16384
mean(sgnprob[1:i - 1]) = 0.03499968239852633
15872/16384
mean(sgnprob[1:i - 1]) = 0.0327011530464369
16000/16384
mean(sgnprob[1:i - 1]) = 0.030314394649665604
16128/16384
mean(sgnprob[1:i - 1]) = 0.032306070564891175
16256/16384
mean(sgnprob[1:i - 1]) = 0.03488157490003076
16384/16384
mean(sgnprob[1:i - 1]) = 0.03692852346945004
738.291280 seconds (167.10 M allocations: 70.745 GiB, 1.53% gc time, 1.25% compilation time)
