## SLURM PROLOG ###############################################################
##    Job ID : 8833855
##  Job Name : sbatch_etgent.sh
##  Nodelist : node1327
##      CPUs : 8
##  Mem/Node : 4096 MB
## Directory : /oscar/home/trazzaz/AFQMC
##   Job Started : Fri Feb 28 12:09:25 AM EST 2025
###############################################################################
seed = 1409
U = 2.0
β = 6.0
Warming up
128/1024
256/1024
384/1024
512/1024
640/1024
768/1024
896/1024
1024/1024
Measuring
128/16384
mean(sgnprob[1:i - 1]) = -0.5275590551181102
256/16384
mean(sgnprob[1:i - 1]) = 0.00392156862745098
384/16384
mean(sgnprob[1:i - 1]) = 0.1906005221932115
512/16384
mean(sgnprob[1:i - 1]) = 0.30724070450097846
640/16384
mean(sgnprob[1:i - 1]) = 0.3333333333333333
768/16384
mean(sgnprob[1:i - 1]) = 0.38461538461538464
896/16384
mean(sgnprob[1:i - 1]) = 0.2424581005586592
1024/16384
mean(sgnprob[1:i - 1]) = 0.28641251221896386
1152/16384
mean(sgnprob[1:i - 1]) = 0.32754126846220677
1280/16384
mean(sgnprob[1:i - 1]) = 0.35418295543393274
1408/16384
mean(sgnprob[1:i - 1]) = 0.2736318407960199
1536/16384
mean(sgnprob[1:i - 1]) = 0.28859934853420194
1664/16384
mean(sgnprob[1:i - 1]) = 0.30126277811184604
1792/16384
mean(sgnprob[1:i - 1]) = 0.248464544946957
1920/16384
mean(sgnprob[1:i - 1]) = 0.266284523189161
2048/16384
mean(sgnprob[1:i - 1]) = 0.28676111382510994
2176/16384
mean(sgnprob[1:i - 1]) = 0.30114942528735633
2304/16384
mean(sgnprob[1:i - 1]) = 0.24706904038211028
2432/16384
mean(sgnprob[1:i - 1]) = 0.21266968325791855
2560/16384
mean(sgnprob[1:i - 1]) = 0.2278233685033216
2688/16384
mean(sgnprob[1:i - 1]) = 0.2355787123185709
2816/16384
mean(sgnprob[1:i - 1]) = 0.2483126110124334
2944/16384
mean(sgnprob[1:i - 1]) = 0.2619775739041794
3072/16384
mean(sgnprob[1:i - 1]) = 0.2738521654184305
3200/16384
mean(sgnprob[1:i - 1]) = 0.2435135979993748
3328/16384
mean(sgnprob[1:i - 1]) = 0.21370604147880973
3456/16384
mean(sgnprob[1:i - 1]) = 0.2260492040520984
3584/16384
mean(sgnprob[1:i - 1]) = 0.23918504046888084
3712/16384
mean(sgnprob[1:i - 1]) = 0.20829964969011047
3840/16384
mean(sgnprob[1:i - 1]) = 0.22219327949986975
3968/16384
mean(sgnprob[1:i - 1]) = 0.23317368288379128
4096/16384
mean(sgnprob[1:i - 1]) = 0.24346764346764346
4224/16384
mean(sgnprob[1:i - 1]) = 0.2569263556713237
4352/16384
mean(sgnprob[1:i - 1]) = 0.2691335325212595
4480/16384
mean(sgnprob[1:i - 1]) = 0.27707077472650143
4608/16384
mean(sgnprob[1:i - 1]) = 0.28847406121120034
4736/16384
mean(sgnprob[1:i - 1]) = 0.2637803590285111
4864/16384
mean(sgnprob[1:i - 1]) = 0.2728768250051409
4992/16384
mean(sgnprob[1:i - 1]) = 0.25025045081146063
5120/16384
mean(sgnprob[1:i - 1]) = 0.25336979878882593
5248/16384
mean(sgnprob[1:i - 1]) = 0.2620545073375262
5376/16384
mean(sgnprob[1:i - 1]) = 0.26995348837209304
5504/16384
mean(sgnprob[1:i - 1]) = 0.2778484463020171
5632/16384
mean(sgnprob[1:i - 1]) = 0.2818327117741076
5760/16384
mean(sgnprob[1:i - 1]) = 0.2870289980899462
5888/16384
mean(sgnprob[1:i - 1]) = 0.29403771020893493
6016/16384
mean(sgnprob[1:i - 1]) = 0.27581047381546137
6144/16384
mean(sgnprob[1:i - 1]) = 0.2808074230831841
6272/16384
mean(sgnprob[1:i - 1]) = 0.28464359751235846
6400/16384
mean(sgnprob[1:i - 1]) = 0.26863572433192684
6528/16384
mean(sgnprob[1:i - 1]) = 0.278075685613605
6656/16384
mean(sgnprob[1:i - 1]) = 0.28534936138241923
6784/16384
mean(sgnprob[1:i - 1]) = 0.2681704260651629
6912/16384
mean(sgnprob[1:i - 1]) = 0.27564751844884966
7040/16384
mean(sgnprob[1:i - 1]) = 0.2839892030117914
7168/16384
mean(sgnprob[1:i - 1]) = 0.27082461280870657
7296/16384
mean(sgnprob[1:i - 1]) = 0.27539410555174776
7424/16384
mean(sgnprob[1:i - 1]) = 0.2787282769769635
7552/16384
mean(sgnprob[1:i - 1]) = 0.28327373857767185
7680/16384
mean(sgnprob[1:i - 1]) = 0.2879281156400573
7808/16384
mean(sgnprob[1:i - 1]) = 0.2919175099269886
7936/16384
mean(sgnprob[1:i - 1]) = 0.2801512287334594
8064/16384
mean(sgnprob[1:i - 1]) = 0.28512960436562074
8192/16384
mean(sgnprob[1:i - 1]) = 0.2889757050421194
8320/16384
mean(sgnprob[1:i - 1]) = 0.2922226229114076
8448/16384
mean(sgnprob[1:i - 1]) = 0.2799810583639162
8576/16384
mean(sgnprob[1:i - 1]) = 0.283265306122449
8704/16384
mean(sgnprob[1:i - 1]) = 0.28714236470182697
8832/16384
mean(sgnprob[1:i - 1]) = 0.29226588155361793
8960/16384
mean(sgnprob[1:i - 1]) = 0.29523384306284184
9088/16384
mean(sgnprob[1:i - 1]) = 0.29877847474414
9216/16384
mean(sgnprob[1:i - 1]) = 0.3015735214324471
9344/16384
mean(sgnprob[1:i - 1]) = 0.3051482393235577
9472/16384
mean(sgnprob[1:i - 1]) = 0.3084151620736987
9600/16384
mean(sgnprob[1:i - 1]) = 0.3128450880300031
9728/16384
mean(sgnprob[1:i - 1]) = 0.3165415852780919
9856/16384
mean(sgnprob[1:i - 1]) = 0.31993911719939117
9984/16384
mean(sgnprob[1:i - 1]) = 0.3220474807172193
10112/16384
mean(sgnprob[1:i - 1]) = 0.32528928889328457
10240/16384
mean(sgnprob[1:i - 1]) = 0.3296220334016994
10368/16384
mean(sgnprob[1:i - 1]) = 0.3328831870357866
10496/16384
mean(sgnprob[1:i - 1]) = 0.3366364935683659
10624/16384
mean(sgnprob[1:i - 1]) = 0.338416643132825
10752/16384
mean(sgnprob[1:i - 1]) = 0.3399683750348805
10880/16384
mean(sgnprob[1:i - 1]) = 0.330085485798327
11008/16384
mean(sgnprob[1:i - 1]) = 0.3316980103570455
11136/16384
mean(sgnprob[1:i - 1]) = 0.33542882801975754
11264/16384
mean(sgnprob[1:i - 1]) = 0.33800941134688806
11392/16384
mean(sgnprob[1:i - 1]) = 0.34123430778684927
11520/16384
mean(sgnprob[1:i - 1]) = 0.33136556992794514
11648/16384
mean(sgnprob[1:i - 1]) = 0.33390572679659997
11776/16384
mean(sgnprob[1:i - 1]) = 0.33673036093418257
11904/16384
mean(sgnprob[1:i - 1]) = 0.3257162059984878
12032/16384
mean(sgnprob[1:i - 1]) = 0.32707173136065165
12160/16384
mean(sgnprob[1:i - 1]) = 0.3303725635331853
12288/16384
mean(sgnprob[1:i - 1]) = 0.3318141124766013
12416/16384
mean(sgnprob[1:i - 1]) = 0.3343536045106726
12544/16384
mean(sgnprob[1:i - 1]) = 0.3371601690185761
12672/16384
mean(sgnprob[1:i - 1]) = 0.3378581011759135
12800/16384
mean(sgnprob[1:i - 1]) = 0.32791624345652004
12928/16384
mean(sgnprob[1:i - 1]) = 0.32018256362651815
13056/16384
mean(sgnprob[1:i - 1]) = 0.32286480275756413
13184/16384
mean(sgnprob[1:i - 1]) = 0.32519153455207467
13312/16384
mean(sgnprob[1:i - 1]) = 0.3276237698144392
13440/16384
mean(sgnprob[1:i - 1]) = 0.32926557035493714
13568/16384
mean(sgnprob[1:i - 1]) = 0.32085206751676865
13696/16384
mean(sgnprob[1:i - 1]) = 0.32238043081416573
13824/16384
mean(sgnprob[1:i - 1]) = 0.3149099327208276
13952/16384
mean(sgnprob[1:i - 1]) = 0.3170382051465845
14080/16384
mean(sgnprob[1:i - 1]) = 0.3187016123304212
14208/16384
mean(sgnprob[1:i - 1]) = 0.3206165974519603
14336/16384
mean(sgnprob[1:i - 1]) = 0.3226369026857342
14464/16384
mean(sgnprob[1:i - 1]) = 0.31425015556938396
14592/16384
mean(sgnprob[1:i - 1]) = 0.30683297923377423
14720/16384
mean(sgnprob[1:i - 1]) = 0.30851280657653374
14848/16384
mean(sgnprob[1:i - 1]) = 0.3109719135178824
14976/16384
mean(sgnprob[1:i - 1]) = 0.31392320534223705
15104/16384
mean(sgnprob[1:i - 1]) = 0.3157650797854731
15232/16384
mean(sgnprob[1:i - 1]) = 0.31757599632328803
15360/16384
mean(sgnprob[1:i - 1]) = 0.3112832866723094
15488/16384
mean(sgnprob[1:i - 1]) = 0.31400529476334993
15616/16384
mean(sgnprob[1:i - 1]) = 0.315145693243676
15744/16384
mean(sgnprob[1:i - 1]) = 0.3179190751445087
15872/16384
mean(sgnprob[1:i - 1]) = 0.31989162623653206
16000/16384
mean(sgnprob[1:i - 1]) = 0.3217076067254203
16128/16384
mean(sgnprob[1:i - 1]) = 0.32324672908786506
16256/16384
mean(sgnprob[1:i - 1]) = 0.32488465087665336
16384/16384
mean(sgnprob[1:i - 1]) = 0.3264969785753525
788.845662 seconds (167.11 M allocations: 70.745 GiB, 1.57% gc time, 1.20% compilation time)
