## SLURM PROLOG ###############################################################
##    Job ID : 8834070
##  Job Name : sbatch_etgent.sh
##  Nodelist : node1734
##      CPUs : 8
##  Mem/Node : 4096 MB
## Directory : /oscar/home/trazzaz/AFQMC
##   Job Started : Fri Feb 28 06:03:39 AM EST 2025
###############################################################################
seed = 1624
U = 2.0
β = 6.0
Warming up
128/1024
256/1024
384/1024
512/1024
640/1024
768/1024
896/1024
1024/1024
Measuring
128/16384
mean(sgnprob[1:i - 1]) = 0.41732283464566927
256/16384
mean(sgnprob[1:i - 1]) = 0.45098039215686275
384/16384
mean(sgnprob[1:i - 1]) = 0.4412532637075718
512/16384
mean(sgnprob[1:i - 1]) = 0.19765166340508805
640/16384
mean(sgnprob[1:i - 1]) = 0.25821596244131456
768/16384
mean(sgnprob[1:i - 1]) = 0.1421121251629726
896/16384
mean(sgnprob[1:i - 1]) = 0.04357541899441341
1024/16384
mean(sgnprob[1:i - 1]) = 0.10654936461388075
1152/16384
mean(sgnprob[1:i - 1]) = 0.15377932232841007
1280/16384
mean(sgnprob[1:i - 1]) = 0.07740422204847537
1408/16384
mean(sgnprob[1:i - 1]) = 0.1044776119402985
1536/16384
mean(sgnprob[1:i - 1]) = 0.14397394136807817
1664/16384
mean(sgnprob[1:i - 1]) = 0.17257967528562837
1792/16384
mean(sgnprob[1:i - 1]) = 0.19374651032942491
1920/16384
mean(sgnprob[1:i - 1]) = 0.2037519541427827
2048/16384
mean(sgnprob[1:i - 1]) = 0.22618466047874938
2176/16384
mean(sgnprob[1:i - 1]) = 0.2450574712643678
2304/16384
mean(sgnprob[1:i - 1]) = 0.20104211897524968
2432/16384
mean(sgnprob[1:i - 1]) = 0.21266968325791855
2560/16384
mean(sgnprob[1:i - 1]) = 0.22704181320828448
2688/16384
mean(sgnprob[1:i - 1]) = 0.23930033494603647
2816/16384
mean(sgnprob[1:i - 1]) = 0.21207815275310835
2944/16384
mean(sgnprob[1:i - 1]) = 0.1783893985728848
3072/16384
mean(sgnprob[1:i - 1]) = 0.1846304135460762
3200/16384
mean(sgnprob[1:i - 1]) = 0.19537355423569866
3328/16384
mean(sgnprob[1:i - 1]) = 0.21190261496844004
3456/16384
mean(sgnprob[1:i - 1]) = 0.21968162083936324
3584/16384
mean(sgnprob[1:i - 1]) = 0.1939715322355568
3712/16384
mean(sgnprob[1:i - 1]) = 0.2050660199407168
3840/16384
mean(sgnprob[1:i - 1]) = 0.21021099244594946
3968/16384
mean(sgnprob[1:i - 1]) = 0.1837660700781447
4096/16384
mean(sgnprob[1:i - 1]) = 0.19267399267399268
4224/16384
mean(sgnprob[1:i - 1]) = 0.20293630120767228
4352/16384
mean(sgnprob[1:i - 1]) = 0.212594805791772
4480/16384
mean(sgnprob[1:i - 1]) = 0.21991515963384684
4608/16384
mean(sgnprob[1:i - 1]) = 0.22682873887562405
4736/16384
mean(sgnprob[1:i - 1]) = 0.23336853220696938
4864/16384
mean(sgnprob[1:i - 1]) = 0.24203166769483858
4992/16384
mean(sgnprob[1:i - 1]) = 0.25025045081146063
5120/16384
mean(sgnprob[1:i - 1]) = 0.2600117210392655
5248/16384
mean(sgnprob[1:i - 1]) = 0.26548503906994475
5376/16384
mean(sgnprob[1:i - 1]) = 0.27330232558139533
5504/16384
mean(sgnprob[1:i - 1]) = 0.2782118844266764
5632/16384
mean(sgnprob[1:i - 1]) = 0.25910140294796663
5760/16384
mean(sgnprob[1:i - 1]) = 0.24153498871331827
5888/16384
mean(sgnprob[1:i - 1]) = 0.24613555291319858
6016/16384
mean(sgnprob[1:i - 1]) = 0.23025768911055694
6144/16384
mean(sgnprob[1:i - 1]) = 0.23425036627055185
6272/16384
mean(sgnprob[1:i - 1]) = 0.21734970499122946
6400/16384
mean(sgnprob[1:i - 1]) = 0.22175339896858884
6528/16384
mean(sgnprob[1:i - 1]) = 0.22659721158265667
6656/16384
mean(sgnprob[1:i - 1]) = 0.23215627347858753
6784/16384
mean(sgnprob[1:i - 1]) = 0.2351466902550494
6912/16384
mean(sgnprob[1:i - 1]) = 0.2383157285486905
7040/16384
mean(sgnprob[1:i - 1]) = 0.24364256286404318
7168/16384
mean(sgnprob[1:i - 1]) = 0.23147760569275846
7296/16384
mean(sgnprob[1:i - 1]) = 0.23564084989718986
7424/16384
mean(sgnprob[1:i - 1]) = 0.24127711167991378
7552/16384
mean(sgnprob[1:i - 1]) = 0.24592769169646406
7680/16384
mean(sgnprob[1:i - 1]) = 0.2548508920432348
7808/16384
mean(sgnprob[1:i - 1]) = 0.24298706289227617
7936/16384
mean(sgnprob[1:i - 1]) = 0.24436042848141146
8064/16384
mean(sgnprob[1:i - 1]) = 0.24866674934887759
8192/16384
mean(sgnprob[1:i - 1]) = 0.25332682212184104
8320/16384
mean(sgnprob[1:i - 1]) = 0.24221661257362664
8448/16384
mean(sgnprob[1:i - 1]) = 0.24754350657038002
8576/16384
mean(sgnprob[1:i - 1]) = 0.25271137026239066
8704/16384
mean(sgnprob[1:i - 1]) = 0.25588877398598187
8832/16384
mean(sgnprob[1:i - 1]) = 0.2603329181293172
8960/16384
mean(sgnprob[1:i - 1]) = 0.2633106373479183
9088/16384
mean(sgnprob[1:i - 1]) = 0.2536590734015627
9216/16384
mean(sgnprob[1:i - 1]) = 0.2570808464460119
9344/16384
mean(sgnprob[1:i - 1]) = 0.2597666702344001
9472/16384
mean(sgnprob[1:i - 1]) = 0.26322458029775103
9600/16384
mean(sgnprob[1:i - 1]) = 0.25325554745285966
9728/16384
mean(sgnprob[1:i - 1]) = 0.2565025187622083
9856/16384
mean(sgnprob[1:i - 1]) = 0.24769152714358195
9984/16384
mean(sgnprob[1:i - 1]) = 0.2499248722828809
10112/16384
mean(sgnprob[1:i - 1]) = 0.2526950845613688
10240/16384
mean(sgnprob[1:i - 1]) = 0.2563726926457662
10368/16384
mean(sgnprob[1:i - 1]) = 0.260538246358638
10496/16384
mean(sgnprob[1:i - 1]) = 0.2646021915197713
10624/16384
mean(sgnprob[1:i - 1]) = 0.26743857667325616
10752/16384
mean(sgnprob[1:i - 1]) = 0.2698353641521719
10880/16384
mean(sgnprob[1:i - 1]) = 0.2714403897417042
11008/16384
mean(sgnprob[1:i - 1]) = 0.27537021895157626
11136/16384
mean(sgnprob[1:i - 1]) = 0.2777727885047149
11264/16384
mean(sgnprob[1:i - 1]) = 0.26911124922311996
11392/16384
mean(sgnprob[1:i - 1]) = 0.27223246422614344
11520/16384
mean(sgnprob[1:i - 1]) = 0.2756315652400382
11648/16384
mean(sgnprob[1:i - 1]) = 0.266420537477462
11776/16384
mean(sgnprob[1:i - 1]) = 0.2579193205944798
11904/16384
mean(sgnprob[1:i - 1]) = 0.26001848273544487
12032/16384
mean(sgnprob[1:i - 1]) = 0.2622392153603192
12160/16384
mean(sgnprob[1:i - 1]) = 0.25454395920717166
12288/16384
mean(sgnprob[1:i - 1]) = 0.2556360380890372
12416/16384
mean(sgnprob[1:i - 1]) = 0.25879983890455094
12544/16384
mean(sgnprob[1:i - 1]) = 0.260942358287491
12672/16384
mean(sgnprob[1:i - 1]) = 0.2617788651250888
12800/16384
mean(sgnprob[1:i - 1]) = 0.2638487381826705
12928/16384
mean(sgnprob[1:i - 1]) = 0.2558211495319873
13056/16384
mean(sgnprob[1:i - 1]) = 0.2568364611260054
13184/16384
mean(sgnprob[1:i - 1]) = 0.2500948190851855
13312/16384
mean(sgnprob[1:i - 1]) = 0.2521974306964165
13440/16384
mean(sgnprob[1:i - 1]) = 0.255450554356723
13568/16384
mean(sgnprob[1:i - 1]) = 0.24832313702366035
13696/16384
mean(sgnprob[1:i - 1]) = 0.2503833515881709
13824/16384
mean(sgnprob[1:i - 1]) = 0.2519713520943355
13952/16384
mean(sgnprob[1:i - 1]) = 0.25310013619095406
14080/16384
mean(sgnprob[1:i - 1]) = 0.2455430073158605
14208/16384
mean(sgnprob[1:i - 1]) = 0.24628704159921166
14336/16384
mean(sgnprob[1:i - 1]) = 0.2492500871991629
14464/16384
mean(sgnprob[1:i - 1]) = 0.25050127912604575
14592/16384
mean(sgnprob[1:i - 1]) = 0.24336920019189912
14720/16384
mean(sgnprob[1:i - 1]) = 0.23758407500509546
14848/16384
mean(sgnprob[1:i - 1]) = 0.23876877483666734
14976/16384
mean(sgnprob[1:i - 1]) = 0.24140233722871451
15104/16384
mean(sgnprob[1:i - 1]) = 0.2431967158842614
15232/16384
mean(sgnprob[1:i - 1]) = 0.2453548683605804
15360/16384
mean(sgnprob[1:i - 1]) = 0.23927339019467414
15488/16384
mean(sgnprob[1:i - 1]) = 0.24129915412926972
15616/16384
mean(sgnprob[1:i - 1]) = 0.24354787063720781
15744/16384
mean(sgnprob[1:i - 1]) = 0.2449977767896843
15872/16384
mean(sgnprob[1:i - 1]) = 0.2466763278936425
16000/16384
mean(sgnprob[1:i - 1]) = 0.24007750484405274
16128/16384
mean(sgnprob[1:i - 1]) = 0.24189247845228498
16256/16384
mean(sgnprob[1:i - 1]) = 0.23531221162719163
16384/16384
mean(sgnprob[1:i - 1]) = 0.2300555453824086
731.933245 seconds (167.11 M allocations: 70.745 GiB, 1.33% gc time, 1.23% compilation time)
