## SLURM PROLOG ###############################################################
##    Job ID : 5955292
##  Job Name : etgent_N(1,3)_seed1257
##  Nodelist : node1744
##      CPUs : 8
##  Mem/Node : 2048 MB
## Directory : /oscar/home/trazzaz/AFQMC
##   Job Started : Mon Nov 11 10:25:29 PM EST 2024
###############################################################################
U = 2.0
seed = 1257
λₖ = 0.0
Warming up
128/512
256/512
384/512
512/512
Measuring
128/1024
256/1024
384/1024
512/1024
640/1024
768/1024
896/1024
1024/1024
120.723568 seconds (80.56 M allocations: 16.970 GiB, 3.58% gc time, 9.60% compilation time)
λₖ = 0.2
Warming up
128/512
256/512
384/512
512/512
Measuring
128/1024
256/1024
384/1024
512/1024
640/1024
768/1024
896/1024
1024/1024
119.978486 seconds (76.83 M allocations: 16.806 GiB, 3.18% gc time, 0.07% compilation time)
λₖ = 0.4
Warming up
128/512
256/512
384/512
512/512
Measuring
128/1024
256/1024
384/1024
512/1024
640/1024
768/1024
896/1024
1024/1024
119.453491 seconds (76.82 M allocations: 16.805 GiB, 2.99% gc time)
λₖ = 0.6
Warming up
128/512
256/512
384/512
512/512
Measuring
128/1024
256/1024
384/1024
512/1024
640/1024
768/1024
896/1024
1024/1024
118.557450 seconds (76.82 M allocations: 16.805 GiB, 2.87% gc time)
λₖ = 0.8
Warming up
128/512
256/512
384/512
512/512
Measuring
128/1024
256/1024
384/1024
512/1024
640/1024
768/1024
896/1024
1024/1024
109.005750 seconds (76.82 M allocations: 16.805 GiB, 2.94% gc time)
