## SLURM PROLOG ###############################################################
##    Job ID : 8834037
##  Job Name : sbatch_etgent.sh
##  Nodelist : node1736
##      CPUs : 8
##  Mem/Node : 4096 MB
## Directory : /oscar/home/trazzaz/AFQMC
##   Job Started : Fri Feb 28 05:06:32 AM EST 2025
###############################################################################
seed = 1591
U = 2.0
β = 6.0
Warming up
128/1024
256/1024
384/1024
512/1024
640/1024
768/1024
896/1024
1024/1024
Measuring
128/16384
mean(sgnprob[1:i - 1]) = -0.14960629921259844
256/16384
mean(sgnprob[1:i - 1]) = -0.16862745098039217
384/16384
mean(sgnprob[1:i - 1]) = -0.033942558746736295
512/16384
mean(sgnprob[1:i - 1]) = 0.04892367906066536
640/16384
mean(sgnprob[1:i - 1]) = 0.02034428794992175
768/16384
mean(sgnprob[1:i - 1]) = 0.048239895697522815
896/16384
mean(sgnprob[1:i - 1]) = 0.08603351955307263
1024/16384
mean(sgnprob[1:i - 1]) = 0.053763440860215055
1152/16384
mean(sgnprob[1:i - 1]) = 0.009556907037358819
1280/16384
mean(sgnprob[1:i - 1]) = 0.019546520719311962
1408/16384
mean(sgnprob[1:i - 1]) = 0.0007107320540156361
1536/16384
mean(sgnprob[1:i - 1]) = 0.016286644951140065
1664/16384
mean(sgnprob[1:i - 1]) = -0.010222489476849068
1792/16384
mean(sgnprob[1:i - 1]) = -0.017308766052484645
1920/16384
mean(sgnprob[1:i - 1]) = -0.004689942678478374
2048/16384
mean(sgnprob[1:i - 1]) = -0.030776746458231558
2176/16384
mean(sgnprob[1:i - 1]) = -0.015172413793103448
2304/16384
mean(sgnprob[1:i - 1]) = 0.007381676074685193
2432/16384
mean(sgnprob[1:i - 1]) = 0.014397367338543809
2560/16384
mean(sgnprob[1:i - 1]) = 0.026963657678780773
2688/16384
mean(sgnprob[1:i - 1]) = 0.0323781168589505
2816/16384
mean(sgnprob[1:i - 1]) = 0.04227353463587922
2944/16384
mean(sgnprob[1:i - 1]) = 0.04858987427794767
3072/16384
mean(sgnprob[1:i - 1]) = 0.057635949202214265
3200/16384
mean(sgnprob[1:i - 1]) = 0.06283213504220068
3328/16384
mean(sgnprob[1:i - 1]) = 0.07123534715960325
3456/16384
mean(sgnprob[1:i - 1]) = 0.07670043415340087
3584/16384
mean(sgnprob[1:i - 1]) = 0.08344962322076473
3712/16384
mean(sgnprob[1:i - 1]) = 0.08326596604688763
3840/16384
mean(sgnprob[1:i - 1]) = 0.09038812190674655
3968/16384
mean(sgnprob[1:i - 1]) = 0.07638013612301488
4096/16384
mean(sgnprob[1:i - 1]) = 0.08278388278388278
4224/16384
mean(sgnprob[1:i - 1]) = 0.08595784986976084
4352/16384
mean(sgnprob[1:i - 1]) = 0.07699379452999311
4480/16384
mean(sgnprob[1:i - 1]) = 0.08193793257423532
4608/16384
mean(sgnprob[1:i - 1]) = 0.07445192098979814
4736/16384
mean(sgnprob[1:i - 1]) = 0.07877507919746568
4864/16384
mean(sgnprob[1:i - 1]) = 0.07094386181369525
4992/16384
mean(sgnprob[1:i - 1]) = 0.06231216189140453
5120/16384
mean(sgnprob[1:i - 1]) = 0.058409845672983005
5248/16384
mean(sgnprob[1:i - 1]) = 0.05431675242995998
5376/16384
mean(sgnprob[1:i - 1]) = 0.04706976744186046
5504/16384
mean(sgnprob[1:i - 1]) = 0.0397964746501908
5632/16384
mean(sgnprob[1:i - 1]) = 0.043153969099627064
5760/16384
mean(sgnprob[1:i - 1]) = 0.03594374023267929
5888/16384
mean(sgnprob[1:i - 1]) = 0.037880074740954645
6016/16384
mean(sgnprob[1:i - 1]) = 0.04106400665004156
6144/16384
mean(sgnprob[1:i - 1]) = 0.03467361224157578
6272/16384
mean(sgnprob[1:i - 1]) = 0.03237123265826822
6400/16384
mean(sgnprob[1:i - 1]) = 0.03578684169401469
6528/16384
mean(sgnprob[1:i - 1]) = 0.041826260150145546
6656/16384
mean(sgnprob[1:i - 1]) = 0.043726521412471825
6784/16384
mean(sgnprob[1:i - 1]) = 0.049388176323160844
6912/16384
mean(sgnprob[1:i - 1]) = 0.05107799160758211
7040/16384
mean(sgnprob[1:i - 1]) = 0.04645546242363972
7168/16384
mean(sgnprob[1:i - 1]) = 0.04953257988000558
7296/16384
mean(sgnprob[1:i - 1]) = 0.05222755311857437
7424/16384
mean(sgnprob[1:i - 1]) = 0.055907315101710896
7552/16384
mean(sgnprob[1:i - 1]) = 0.05045689312673818
7680/16384
mean(sgnprob[1:i - 1]) = 0.053522594087771845
7808/16384
mean(sgnprob[1:i - 1]) = 0.05879339054694505
7936/16384
mean(sgnprob[1:i - 1]) = 0.06288594833018274
8064/16384
mean(sgnprob[1:i - 1]) = 0.06511224110132705
8192/16384
mean(sgnprob[1:i - 1]) = 0.060188011231839825
8320/16384
mean(sgnprob[1:i - 1]) = 0.061185238610409906
8448/16384
mean(sgnprob[1:i - 1]) = 0.05789037528116491
8576/16384
mean(sgnprob[1:i - 1]) = 0.05935860058309038
8704/16384
mean(sgnprob[1:i - 1]) = 0.06308169596690796
8832/16384
mean(sgnprob[1:i - 1]) = 0.05809081644207904
8960/16384
mean(sgnprob[1:i - 1]) = 0.05949324701417569
9088/16384
mean(sgnprob[1:i - 1]) = 0.05447342357213602
9216/16384
mean(sgnprob[1:i - 1]) = 0.05718936516549105
9344/16384
mean(sgnprob[1:i - 1]) = 0.06068714545649149
9472/16384
mean(sgnprob[1:i - 1]) = 0.056699398162812796
9600/16384
mean(sgnprob[1:i - 1]) = 0.052818001875195336
9728/16384
mean(sgnprob[1:i - 1]) = 0.05376786265035468
9856/16384
mean(sgnprob[1:i - 1]) = 0.050634195839675294
9984/16384
mean(sgnprob[1:i - 1]) = 0.046378844034859264
10112/16384
mean(sgnprob[1:i - 1]) = 0.04737414696864801
10240/16384
mean(sgnprob[1:i - 1]) = 0.0440472702412345
10368/16384
mean(sgnprob[1:i - 1]) = 0.04601138227066654
10496/16384
mean(sgnprob[1:i - 1]) = 0.04411624583134826
10624/16384
mean(sgnprob[1:i - 1]) = 0.04509084062882425
10752/16384
mean(sgnprob[1:i - 1]) = 0.046228257836480324
10880/16384
mean(sgnprob[1:i - 1]) = 0.047890431105800164
11008/16384
mean(sgnprob[1:i - 1]) = 0.0447896792949941
11136/16384
mean(sgnprob[1:i - 1]) = 0.04660978895374944
11264/16384
mean(sgnprob[1:i - 1]) = 0.04235106099618219
11392/16384
mean(sgnprob[1:i - 1]) = 0.042753050654025106
11520/16384
mean(sgnprob[1:i - 1]) = 0.04522962062679052
11648/16384
mean(sgnprob[1:i - 1]) = 0.0467931656220486
11776/16384
mean(sgnprob[1:i - 1]) = 0.05104033970276008
11904/16384
mean(sgnprob[1:i - 1]) = 0.049819373267243554
12032/16384
mean(sgnprob[1:i - 1]) = 0.05128418252846812
12160/16384
mean(sgnprob[1:i - 1]) = 0.05304712558598569
12288/16384
mean(sgnprob[1:i - 1]) = 0.05461056401074306
12416/16384
mean(sgnprob[1:i - 1]) = 0.056786145791381394
12544/16384
mean(sgnprob[1:i - 1]) = 0.059076775890935185
12672/16384
mean(sgnprob[1:i - 1]) = 0.05627022334464525
12800/16384
mean(sgnprob[1:i - 1]) = 0.05711383701851707
12928/16384
mean(sgnprob[1:i - 1]) = 0.05360872592248782
13056/16384
mean(sgnprob[1:i - 1]) = 0.04986595174262735
13184/16384
mean(sgnprob[1:i - 1]) = 0.04831980581051354
13312/16384
mean(sgnprob[1:i - 1]) = 0.04650289234467733
13440/16384
mean(sgnprob[1:i - 1]) = 0.04427412753925143
13568/16384
mean(sgnprob[1:i - 1]) = 0.04194000147416525
13696/16384
mean(sgnprob[1:i - 1]) = 0.04315443592552026
13824/16384
mean(sgnprob[1:i - 1]) = 0.045793243145482165
13952/16384
mean(sgnprob[1:i - 1]) = 0.046376603827682605
14080/16384
mean(sgnprob[1:i - 1]) = 0.04808580154840543
14208/16384
mean(sgnprob[1:i - 1]) = 0.048919546702329834
14336/16384
mean(sgnprob[1:i - 1]) = 0.04722706662016045
14464/16384
mean(sgnprob[1:i - 1]) = 0.049021641429855496
14592/16384
mean(sgnprob[1:i - 1]) = 0.05092180111027346
14720/16384
mean(sgnprob[1:i - 1]) = 0.05224539710578164
14848/16384
mean(sgnprob[1:i - 1]) = 0.05408500033676837
14976/16384
mean(sgnprob[1:i - 1]) = 0.055626043405676125
15104/16384
mean(sgnprob[1:i - 1]) = 0.05621399721909554
15232/16384
mean(sgnprob[1:i - 1]) = 0.05521633510603375
15360/16384
mean(sgnprob[1:i - 1]) = 0.05371443453349827
15488/16384
mean(sgnprob[1:i - 1]) = 0.056369858591076384
15616/16384
mean(sgnprob[1:i - 1]) = 0.05244956772334294
15744/16384
mean(sgnprob[1:i - 1]) = 0.05087975608206822
15872/16384
mean(sgnprob[1:i - 1]) = 0.04744502551824081
16000/16384
mean(sgnprob[1:i - 1]) = 0.04481530095630977
16128/16384
mean(sgnprob[1:i - 1]) = 0.04681589880324921
16256/16384
mean(sgnprob[1:i - 1]) = 0.04730852045524454
16384/16384
mean(sgnprob[1:i - 1]) = 0.048647988768845754
726.075769 seconds (167.11 M allocations: 70.745 GiB, 1.32% gc time, 1.22% compilation time)
