## SLURM PROLOG ###############################################################
##    Job ID : 8833895
##  Job Name : sbatch_etgent.sh
##  Nodelist : node1736
##      CPUs : 8
##  Mem/Node : 4096 MB
## Directory : /oscar/home/trazzaz/AFQMC
##   Job Started : Fri Feb 28 01:13:25 AM EST 2025
###############################################################################
seed = 1449
U = 2.0
β = 6.0
Warming up
128/1024
256/1024
384/1024
512/1024
640/1024
768/1024
896/1024
1024/1024
Measuring
128/16384
mean(sgnprob[1:i - 1]) = 0.2440944881889764
256/16384
mean(sgnprob[1:i - 1]) = 0.2627450980392157
384/16384
mean(sgnprob[1:i - 1]) = 0.26370757180156656
512/16384
mean(sgnprob[1:i - 1]) = 0.10763209393346379
640/16384
mean(sgnprob[1:i - 1]) = 0.11737089201877934
768/16384
mean(sgnprob[1:i - 1]) = 0.035202086049543675
896/16384
mean(sgnprob[1:i - 1]) = 0.0659217877094972
1024/16384
mean(sgnprob[1:i - 1]) = 0.09872922776148582
1152/16384
mean(sgnprob[1:i - 1]) = 0.1259774109470026
1280/16384
mean(sgnprob[1:i - 1]) = 0.1383893666927287
1408/16384
mean(sgnprob[1:i - 1]) = 0.16417910447761194
1536/16384
mean(sgnprob[1:i - 1]) = 0.1791530944625407
1664/16384
mean(sgnprob[1:i - 1]) = 0.14732411304870716
1792/16384
mean(sgnprob[1:i - 1]) = 0.1457286432160804
1920/16384
mean(sgnprob[1:i - 1]) = 0.15685252735799896
2048/16384
mean(sgnprob[1:i - 1]) = 0.15583781143136297
2176/16384
mean(sgnprob[1:i - 1]) = 0.16413793103448276
2304/16384
mean(sgnprob[1:i - 1]) = 0.17238384715588362
2432/16384
mean(sgnprob[1:i - 1]) = 0.18387494858083092
2560/16384
mean(sgnprob[1:i - 1]) = 0.18952715904650255
2688/16384
mean(sgnprob[1:i - 1]) = 0.1611462597692594
2816/16384
mean(sgnprob[1:i - 1]) = 0.17015985790408525
2944/16384
mean(sgnprob[1:i - 1]) = 0.15324498810737344
3072/16384
mean(sgnprob[1:i - 1]) = 0.13253012048192772
3200/16384
mean(sgnprob[1:i - 1]) = 0.1172241325414192
3328/16384
mean(sgnprob[1:i - 1]) = 0.10429816651638113
3456/16384
mean(sgnprob[1:i - 1]) = 0.10795947901591896
3584/16384
mean(sgnprob[1:i - 1]) = 0.10856823890594473
3712/16384
mean(sgnprob[1:i - 1]) = 0.11506332524925895
3840/16384
mean(sgnprob[1:i - 1]) = 0.11643657202396457
3968/16384
mean(sgnprob[1:i - 1]) = 0.10662969498361483
4096/16384
mean(sgnprob[1:i - 1]) = 0.09108669108669108
4224/16384
mean(sgnprob[1:i - 1]) = 0.0959033862183282
4352/16384
mean(sgnprob[1:i - 1]) = 0.10411399678234888
4480/16384
mean(sgnprob[1:i - 1]) = 0.11140879660638535
4608/16384
mean(sgnprob[1:i - 1]) = 0.11656175385283264
4736/16384
mean(sgnprob[1:i - 1]) = 0.10707497360084477
4864/16384
mean(sgnprob[1:i - 1]) = 0.09438618136952498
4992/16384
mean(sgnprob[1:i - 1]) = 0.09917852133840914
5120/16384
mean(sgnprob[1:i - 1]) = 0.09044735299863255
5248/16384
mean(sgnprob[1:i - 1]) = 0.08099866590432628
5376/16384
mean(sgnprob[1:i - 1]) = 0.08651162790697674
5504/16384
mean(sgnprob[1:i - 1]) = 0.09249500272578594
5632/16384
mean(sgnprob[1:i - 1]) = 0.09998224116497957
5760/16384
mean(sgnprob[1:i - 1]) = 0.10678937315506164
5888/16384
mean(sgnprob[1:i - 1]) = 0.10854425004246646
6016/16384
mean(sgnprob[1:i - 1]) = 0.11221945137157108
6144/16384
mean(sgnprob[1:i - 1]) = 0.1160670682077161
6272/16384
mean(sgnprob[1:i - 1]) = 0.10795726359432307
6400/16384
mean(sgnprob[1:i - 1]) = 0.0995468041881544
6528/16384
mean(sgnprob[1:i - 1]) = 0.10311015780603647
6656/16384
mean(sgnprob[1:i - 1]) = 0.10503380916604058
6784/16384
mean(sgnprob[1:i - 1]) = 0.10953855226301047
6912/16384
mean(sgnprob[1:i - 1]) = 0.10259007379539864
7040/16384
mean(sgnprob[1:i - 1]) = 0.09617843443670976
7168/16384
mean(sgnprob[1:i - 1]) = 0.10032091530626483
7296/16384
mean(sgnprob[1:i - 1]) = 0.10568882796435915
7424/16384
mean(sgnprob[1:i - 1]) = 0.10844671965512596
7552/16384
mean(sgnprob[1:i - 1]) = 0.10104621904383525
7680/16384
mean(sgnprob[1:i - 1]) = 0.09337153275166037
7808/16384
mean(sgnprob[1:i - 1]) = 0.0874855898552581
7936/16384
mean(sgnprob[1:i - 1]) = 0.09035916824196598
8064/16384
mean(sgnprob[1:i - 1]) = 0.09190127744015875
8192/16384
mean(sgnprob[1:i - 1]) = 0.09486021242827494
8320/16384
mean(sgnprob[1:i - 1]) = 0.08787113835797572
8448/16384
mean(sgnprob[1:i - 1]) = 0.09151177932993962
8576/16384
mean(sgnprob[1:i - 1]) = 0.09527696793002915
8704/16384
mean(sgnprob[1:i - 1]) = 0.09617373319544985
8832/16384
mean(sgnprob[1:i - 1]) = 0.10180047559732759
8960/16384
mean(sgnprob[1:i - 1]) = 0.10436432637571158
9088/16384
mean(sgnprob[1:i - 1]) = 0.09893254099262683
9216/16384
mean(sgnprob[1:i - 1]) = 0.10341833966359197
9344/16384
mean(sgnprob[1:i - 1]) = 0.10628277855078669
9472/16384
mean(sgnprob[1:i - 1]) = 0.10949213388237779
9600/16384
mean(sgnprob[1:i - 1]) = 0.11136576726742368
9728/16384
mean(sgnprob[1:i - 1]) = 0.10537678626503547
9856/16384
mean(sgnprob[1:i - 1]) = 0.10481988838153222
9984/16384
mean(sgnprob[1:i - 1]) = 0.0992687568867074
10112/16384
mean(sgnprob[1:i - 1]) = 0.10177034912471565
10240/16384
mean(sgnprob[1:i - 1]) = 0.10167008496923528
10368/16384
mean(sgnprob[1:i - 1]) = 0.10446609433780264
10496/16384
mean(sgnprob[1:i - 1]) = 0.09995235826584088
10624/16384
mean(sgnprob[1:i - 1]) = 0.10345476795632119
10752/16384
mean(sgnprob[1:i - 1]) = 0.10501348711747745
10880/16384
mean(sgnprob[1:i - 1]) = 0.1085577718540307
11008/16384
mean(sgnprob[1:i - 1]) = 0.10983919324066503
11136/16384
mean(sgnprob[1:i - 1]) = 0.10462505612932196
11264/16384
mean(sgnprob[1:i - 1]) = 0.09828642457604546
11392/16384
mean(sgnprob[1:i - 1]) = 0.10034237555965236
11520/16384
mean(sgnprob[1:i - 1]) = 0.10235263477732442
11648/16384
mean(sgnprob[1:i - 1]) = 0.09779342319910707
11776/16384
mean(sgnprob[1:i - 1]) = 0.09384288747346073
11904/16384
mean(sgnprob[1:i - 1]) = 0.09669831135007981
12032/16384
mean(sgnprob[1:i - 1]) = 0.09799684149281024
12160/16384
mean(sgnprob[1:i - 1]) = 0.10074841681059298
12288/16384
mean(sgnprob[1:i - 1]) = 0.10311711565068772
12416/16384
mean(sgnprob[1:i - 1]) = 0.09786548530004027
12544/16384
mean(sgnprob[1:i - 1]) = 0.09367774854500518
12672/16384
mean(sgnprob[1:i - 1]) = 0.09667745245047747
12800/16384
mean(sgnprob[1:i - 1]) = 0.09805453551058677
12928/16384
mean(sgnprob[1:i - 1]) = 0.09909491761429566
13056/16384
mean(sgnprob[1:i - 1]) = 0.09459977020298736
13184/16384
mean(sgnprob[1:i - 1]) = 0.0968671774254722
13312/16384
mean(sgnprob[1:i - 1]) = 0.09894072571557358
13440/16384
mean(sgnprob[1:i - 1]) = 0.10023067192499442
13568/16384
mean(sgnprob[1:i - 1]) = 0.10267560993587381
13696/16384
mean(sgnprob[1:i - 1]) = 0.0995253742241694
13824/16384
mean(sgnprob[1:i - 1]) = 0.10149750415973377
13952/16384
mean(sgnprob[1:i - 1]) = 0.09669557737796573
14080/16384
mean(sgnprob[1:i - 1]) = 0.09269124227572981
14208/16384
mean(sgnprob[1:i - 1]) = 0.09396776237066234
14336/16384
mean(sgnprob[1:i - 1]) = 0.0966166724799442
14464/16384
mean(sgnprob[1:i - 1]) = 0.09244278503768236
14592/16384
mean(sgnprob[1:i - 1]) = 0.09437324378041258
14720/16384
mean(sgnprob[1:i - 1]) = 0.09083497520211971
14848/16384
mean(sgnprob[1:i - 1]) = 0.09166835050852024
14976/16384
mean(sgnprob[1:i - 1]) = 0.09475792988313857
15104/16384
mean(sgnprob[1:i - 1]) = 0.09580877971263987
15232/16384
mean(sgnprob[1:i - 1]) = 0.09211476593788984
15360/16384
mean(sgnprob[1:i - 1]) = 0.08952405755583046
15488/16384
mean(sgnprob[1:i - 1]) = 0.0900755472331633
15616/16384
mean(sgnprob[1:i - 1]) = 0.09189881524175472
15744/16384
mean(sgnprob[1:i - 1]) = 0.09318427237502382
15872/16384
mean(sgnprob[1:i - 1]) = 0.09482704303446537
16000/16384
mean(sgnprob[1:i - 1]) = 0.09694355897243578
16128/16384
mean(sgnprob[1:i - 1]) = 0.09406585229738947
16256/16384
mean(sgnprob[1:i - 1]) = 0.09147954475545986
16384/16384
mean(sgnprob[1:i - 1]) = 0.08881157297198315
733.273237 seconds (167.11 M allocations: 70.745 GiB, 1.37% gc time, 1.23% compilation time)
