## SLURM PROLOG ###############################################################
##    Job ID : 8833911
##  Job Name : sbatch_etgent.sh
##  Nodelist : node1736
##      CPUs : 8
##  Mem/Node : 4096 MB
## Directory : /oscar/home/trazzaz/AFQMC
##   Job Started : Fri Feb 28 01:38:33 AM EST 2025
###############################################################################
seed = 1465
U = 2.0
β = 6.0
Warming up
128/1024
256/1024
384/1024
512/1024
640/1024
768/1024
896/1024
1024/1024
Measuring
128/16384
mean(sgnprob[1:i - 1]) = 0.4330708661417323
256/16384
mean(sgnprob[1:i - 1]) = 0.38823529411764707
384/16384
mean(sgnprob[1:i - 1]) = 0.4360313315926893
512/16384
mean(sgnprob[1:i - 1]) = 0.42857142857142855
640/16384
mean(sgnprob[1:i - 1]) = 0.43661971830985913
768/16384
mean(sgnprob[1:i - 1]) = 0.44198174706649285
896/16384
mean(sgnprob[1:i - 1]) = 0.44581005586592176
1024/16384
mean(sgnprob[1:i - 1]) = 0.47214076246334313
1152/16384
mean(sgnprob[1:i - 1]) = 0.48392701998262383
1280/16384
mean(sgnprob[1:i - 1]) = 0.40109460516028145
1408/16384
mean(sgnprob[1:i - 1]) = 0.31769722814498935
1536/16384
mean(sgnprob[1:i - 1]) = 0.2495114006514658
1664/16384
mean(sgnprob[1:i - 1]) = 0.27480457005411907
1792/16384
mean(sgnprob[1:i - 1]) = 0.2908989391401452
1920/16384
mean(sgnprob[1:i - 1]) = 0.24752475247524752
2048/16384
mean(sgnprob[1:i - 1]) = 0.2633121641426478
2176/16384
mean(sgnprob[1:i - 1]) = 0.21655172413793103
2304/16384
mean(sgnprob[1:i - 1]) = 0.23404255319148937
2432/16384
mean(sgnprob[1:i - 1]) = 0.2472233648704237
2560/16384
mean(sgnprob[1:i - 1]) = 0.2629933567799922
2688/16384
mean(sgnprob[1:i - 1]) = 0.22664681801265352
2816/16384
mean(sgnprob[1:i - 1]) = 0.23268206039076378
2944/16384
mean(sgnprob[1:i - 1]) = 0.2402310567448182
3072/16384
mean(sgnprob[1:i - 1]) = 0.20872679908824487
3200/16384
mean(sgnprob[1:i - 1]) = 0.21600500156298844
3328/16384
mean(sgnprob[1:i - 1]) = 0.2269311692215209
3456/16384
mean(sgnprob[1:i - 1]) = 0.24225759768451519
3584/16384
mean(sgnprob[1:i - 1]) = 0.2503488696622942
3712/16384
mean(sgnprob[1:i - 1]) = 0.2266235516033414
3840/16384
mean(sgnprob[1:i - 1]) = 0.23209169054441262
3968/16384
mean(sgnprob[1:i - 1]) = 0.206957398537938
4096/16384
mean(sgnprob[1:i - 1]) = 0.18632478632478633
4224/16384
mean(sgnprob[1:i - 1]) = 0.1986739284868577
4352/16384
mean(sgnprob[1:i - 1]) = 0.20799816134222018
4480/16384
mean(sgnprob[1:i - 1]) = 0.212770707747265
4608/16384
mean(sgnprob[1:i - 1]) = 0.1951378337312785
4736/16384
mean(sgnprob[1:i - 1]) = 0.20633579725448786
4864/16384
mean(sgnprob[1:i - 1]) = 0.1873329220645692
4992/16384
mean(sgnprob[1:i - 1]) = 0.1945501903426167
5120/16384
mean(sgnprob[1:i - 1]) = 0.19984371947646024
5248/16384
mean(sgnprob[1:i - 1]) = 0.21021536115875739
5376/16384
mean(sgnprob[1:i - 1]) = 0.21488372093023256
5504/16384
mean(sgnprob[1:i - 1]) = 0.22006178448119207
5632/16384
mean(sgnprob[1:i - 1]) = 0.20440419108506483
5760/16384
mean(sgnprob[1:i - 1]) = 0.20854314985240494
5888/16384
mean(sgnprob[1:i - 1]) = 0.21488024460676067
6016/16384
mean(sgnprob[1:i - 1]) = 0.22360764754779716
6144/16384
mean(sgnprob[1:i - 1]) = 0.22904118508871887
6272/16384
mean(sgnprob[1:i - 1]) = 0.21416042098548876
6400/16384
mean(sgnprob[1:i - 1]) = 0.21987810595405533
6528/16384
mean(sgnprob[1:i - 1]) = 0.22261375823502375
6656/16384
mean(sgnprob[1:i - 1]) = 0.22584522915101427
6784/16384
mean(sgnprob[1:i - 1]) = 0.21362229102167182
6912/16384
mean(sgnprob[1:i - 1]) = 0.2012733323686876
7040/16384
mean(sgnprob[1:i - 1]) = 0.20755789174598666
7168/16384
mean(sgnprob[1:i - 1]) = 0.2113855169526999
7296/16384
mean(sgnprob[1:i - 1]) = 0.21864290610006853
7424/16384
mean(sgnprob[1:i - 1]) = 0.2232251111410481
7552/16384
mean(sgnprob[1:i - 1]) = 0.22897629453052576
7680/16384
mean(sgnprob[1:i - 1]) = 0.23453574684203674
7808/16384
mean(sgnprob[1:i - 1]) = 0.24016907903163828
7936/16384
mean(sgnprob[1:i - 1]) = 0.2272211720226843
8064/16384
mean(sgnprob[1:i - 1]) = 0.21394022076150315
8192/16384
mean(sgnprob[1:i - 1]) = 0.2037602246367965
8320/16384
mean(sgnprob[1:i - 1]) = 0.2068758264214449
8448/16384
mean(sgnprob[1:i - 1]) = 0.2117911684621759
8576/16384
mean(sgnprob[1:i - 1]) = 0.2144606413994169
8704/16384
mean(sgnprob[1:i - 1]) = 0.20372285418821096
8832/16384
mean(sgnprob[1:i - 1]) = 0.20869663684746914
8960/16384
mean(sgnprob[1:i - 1]) = 0.21241209956468357
9088/16384
mean(sgnprob[1:i - 1]) = 0.21734345768680532
9216/16384
mean(sgnprob[1:i - 1]) = 0.22170374389582204
9344/16384
mean(sgnprob[1:i - 1]) = 0.22637268543294445
9472/16384
mean(sgnprob[1:i - 1]) = 0.2311265969802555
9600/16384
mean(sgnprob[1:i - 1]) = 0.23429523908740493
9728/16384
mean(sgnprob[1:i - 1]) = 0.2246324663308317
9856/16384
mean(sgnprob[1:i - 1]) = 0.2280060882800609
9984/16384
mean(sgnprob[1:i - 1]) = 0.23129319843734347
10112/16384
mean(sgnprob[1:i - 1]) = 0.23370586489961429
10240/16384
mean(sgnprob[1:i - 1]) = 0.23508155093270827
10368/16384
mean(sgnprob[1:i - 1]) = 0.2256197549918009
10496/16384
mean(sgnprob[1:i - 1]) = 0.2175321581705574
10624/16384
mean(sgnprob[1:i - 1]) = 0.2211239762778876
10752/16384
mean(sgnprob[1:i - 1]) = 0.2129104269370291
10880/16384
mean(sgnprob[1:i - 1]) = 0.20599319790421913
11008/16384
mean(sgnprob[1:i - 1]) = 0.20850367947669665
11136/16384
mean(sgnprob[1:i - 1]) = 0.20017961383026492
11264/16384
mean(sgnprob[1:i - 1]) = 0.1923998934564503
11392/16384
mean(sgnprob[1:i - 1]) = 0.1937494513212185
11520/16384
mean(sgnprob[1:i - 1]) = 0.18690858581474087
11648/16384
mean(sgnprob[1:i - 1]) = 0.1798746458315446
11776/16384
mean(sgnprob[1:i - 1]) = 0.18284501061571126
11904/16384
mean(sgnprob[1:i - 1]) = 0.18457531714693776
12032/16384
mean(sgnprob[1:i - 1]) = 0.18842988945224837
12160/16384
mean(sgnprob[1:i - 1]) = 0.19006497244839213
12288/16384
mean(sgnprob[1:i - 1]) = 0.19264263042239765
12416/16384
mean(sgnprob[1:i - 1]) = 0.18582360048328636
12544/16384
mean(sgnprob[1:i - 1]) = 0.18759467432033805
12672/16384
mean(sgnprob[1:i - 1]) = 0.19090837345118775
12800/16384
mean(sgnprob[1:i - 1]) = 0.19399953121337604
12928/16384
mean(sgnprob[1:i - 1]) = 0.1968747582579098
13056/16384
mean(sgnprob[1:i - 1]) = 0.1918805055534278
13184/16384
mean(sgnprob[1:i - 1]) = 0.19472047333687326
13312/16384
mean(sgnprob[1:i - 1]) = 0.18999323867478027
13440/16384
mean(sgnprob[1:i - 1]) = 0.19383882729369745
13568/16384
mean(sgnprob[1:i - 1]) = 0.1967273531362866
13696/16384
mean(sgnprob[1:i - 1]) = 0.20029207740051114
13824/16384
mean(sgnprob[1:i - 1]) = 0.2021992331621211
13952/16384
mean(sgnprob[1:i - 1]) = 0.20450146942871478
14080/16384
mean(sgnprob[1:i - 1]) = 0.2060515661623695
14208/16384
mean(sgnprob[1:i - 1]) = 0.20884071232491025
14336/16384
mean(sgnprob[1:i - 1]) = 0.2106034182071852
14464/16384
mean(sgnprob[1:i - 1]) = 0.203899605890894
14592/16384
mean(sgnprob[1:i - 1]) = 0.2063600849838942
14720/16384
mean(sgnprob[1:i - 1]) = 0.20008152727766831
14848/16384
mean(sgnprob[1:i - 1]) = 0.20226308345120225
14976/16384
mean(sgnprob[1:i - 1]) = 0.19626043405676127
15104/16384
mean(sgnprob[1:i - 1]) = 0.19909951665232073
15232/16384
mean(sgnprob[1:i - 1]) = 0.19992121331494977
15360/16384
mean(sgnprob[1:i - 1]) = 0.20242203268441955
15488/16384
mean(sgnprob[1:i - 1]) = 0.1966165170788403
15616/16384
mean(sgnprob[1:i - 1]) = 0.1983349343579891
15744/16384
mean(sgnprob[1:i - 1]) = 0.19964428634948866
15872/16384
mean(sgnprob[1:i - 1]) = 0.20156259845000316
16000/16384
mean(sgnprob[1:i - 1]) = 0.20320020001250078
16128/16384
mean(sgnprob[1:i - 1]) = 0.20605196254728095
16256/16384
mean(sgnprob[1:i - 1]) = 0.20812057828360506
16384/16384
mean(sgnprob[1:i - 1]) = 0.2095464811084661
728.387023 seconds (167.11 M allocations: 70.745 GiB, 1.45% gc time, 1.24% compilation time)
