## SLURM PROLOG ###############################################################
##    Job ID : 8833794
##  Job Name : sbatch_etgent.sh
##  Nodelist : node1708
##      CPUs : 8
##  Mem/Node : 4096 MB
## Directory : /oscar/home/trazzaz/AFQMC
##   Job Started : Thu Feb 27 10:27:33 PM EST 2025
###############################################################################
seed = 1348
U = 2.0
β = 6.0
Warming up
128/1024
256/1024
384/1024
512/1024
640/1024
768/1024
896/1024
1024/1024
Measuring
128/16384
mean(sgnprob[1:i - 1]) = -0.5590551181102362
256/16384
mean(sgnprob[1:i - 1]) = -0.011764705882352941
384/16384
mean(sgnprob[1:i - 1]) = 0.15404699738903394
512/16384
mean(sgnprob[1:i - 1]) = 0.01761252446183953
640/16384
mean(sgnprob[1:i - 1]) = 0.0892018779342723
768/16384
mean(sgnprob[1:i - 1]) = 0.13428943937418514
896/16384
mean(sgnprob[1:i - 1]) = 0.18435754189944134
1024/16384
mean(sgnprob[1:i - 1]) = 0.1104594330400782
1152/16384
mean(sgnprob[1:i - 1]) = 0.05473501303214596
1280/16384
mean(sgnprob[1:i - 1]) = 0.022673964034401875
1408/16384
mean(sgnprob[1:i - 1]) = 0.0689410092395167
1536/16384
mean(sgnprob[1:i - 1]) = 0.10097719869706841
1664/16384
mean(sgnprob[1:i - 1]) = 0.1232711966325917
1792/16384
mean(sgnprob[1:i - 1]) = 0.15019542155220547
1920/16384
mean(sgnprob[1:i - 1]) = 0.1651902032308494
2048/16384
mean(sgnprob[1:i - 1]) = 0.1265266243282853
2176/16384
mean(sgnprob[1:i - 1]) = 0.14666666666666667
2304/16384
mean(sgnprob[1:i - 1]) = 0.1654363873208858
2432/16384
mean(sgnprob[1:i - 1]) = 0.18552036199095023
2560/16384
mean(sgnprob[1:i - 1]) = 0.19968737788198515
2688/16384
mean(sgnprob[1:i - 1]) = 0.21399330107927056
2816/16384
mean(sgnprob[1:i - 1]) = 0.2255772646536412
2944/16384
mean(sgnprob[1:i - 1]) = 0.19605844376486578
3072/16384
mean(sgnprob[1:i - 1]) = 0.21328557473135787
3200/16384
mean(sgnprob[1:i - 1]) = 0.22600812753985622
3328/16384
mean(sgnprob[1:i - 1]) = 0.23715058611361586
3456/16384
mean(sgnprob[1:i - 1]) = 0.21331403762662807
3584/16384
mean(sgnprob[1:i - 1]) = 0.22523025397711416
3712/16384
mean(sgnprob[1:i - 1]) = 0.20129345189975748
3840/16384
mean(sgnprob[1:i - 1]) = 0.2122948684553269
3968/16384
mean(sgnprob[1:i - 1]) = 0.2225863372825813
4096/16384
mean(sgnprob[1:i - 1]) = 0.199023199023199
4224/16384
mean(sgnprob[1:i - 1]) = 0.20719867392848687
4352/16384
mean(sgnprob[1:i - 1]) = 0.2181107791312342
4480/16384
mean(sgnprob[1:i - 1]) = 0.22259432909131502
4608/16384
mean(sgnprob[1:i - 1]) = 0.2307358367701324
4736/16384
mean(sgnprob[1:i - 1]) = 0.23801478352692715
4864/16384
mean(sgnprob[1:i - 1]) = 0.2465556241003496
4992/16384
mean(sgnprob[1:i - 1]) = 0.2538569424964937
5120/16384
mean(sgnprob[1:i - 1]) = 0.2588396171127173
5248/16384
mean(sgnprob[1:i - 1]) = 0.2628168477225081
5376/16384
mean(sgnprob[1:i - 1]) = 0.24539534883720932
5504/16384
mean(sgnprob[1:i - 1]) = 0.22805742322369615
5632/16384
mean(sgnprob[1:i - 1]) = 0.233528680518558
5760/16384
mean(sgnprob[1:i - 1]) = 0.23667303351276264
5888/16384
mean(sgnprob[1:i - 1]) = 0.22371326651944964
6016/16384
mean(sgnprob[1:i - 1]) = 0.22593516209476308
6144/16384
mean(sgnprob[1:i - 1]) = 0.23262249715122904
6272/16384
mean(sgnprob[1:i - 1]) = 0.23489076702280337
6400/16384
mean(sgnprob[1:i - 1]) = 0.21831536177527738
6528/16384
mean(sgnprob[1:i - 1]) = 0.22475869465297993
6656/16384
mean(sgnprob[1:i - 1]) = 0.21141998497370398
6784/16384
mean(sgnprob[1:i - 1]) = 0.21568627450980393
6912/16384
mean(sgnprob[1:i - 1]) = 0.2192157430183765
7040/16384
mean(sgnprob[1:i - 1]) = 0.22148032390964625
7168/16384
mean(sgnprob[1:i - 1]) = 0.20803683549602345
7296/16384
mean(sgnprob[1:i - 1]) = 0.21288553803975327
7424/16384
mean(sgnprob[1:i - 1]) = 0.2164892900444564
7552/16384
mean(sgnprob[1:i - 1]) = 0.2186465368825321
7680/16384
mean(sgnprob[1:i - 1]) = 0.22333637192342753
7808/16384
mean(sgnprob[1:i - 1]) = 0.22736006148328422
7936/16384
mean(sgnprob[1:i - 1]) = 0.23100189035916824
8064/16384
mean(sgnprob[1:i - 1]) = 0.23502418454669477
8192/16384
mean(sgnprob[1:i - 1]) = 0.23769991454034917
8320/16384
mean(sgnprob[1:i - 1]) = 0.2419761990623873
8448/16384
mean(sgnprob[1:i - 1]) = 0.2444654907067598
8576/16384
mean(sgnprob[1:i - 1]) = 0.2480466472303207
8704/16384
mean(sgnprob[1:i - 1]) = 0.23865333792944962
8832/16384
mean(sgnprob[1:i - 1]) = 0.22817347978711358
8960/16384
mean(sgnprob[1:i - 1]) = 0.21576068757673847
9088/16384
mean(sgnprob[1:i - 1]) = 0.2215252558600198
9216/16384
mean(sgnprob[1:i - 1]) = 0.22647856755290288
9344/16384
mean(sgnprob[1:i - 1]) = 0.21866638124799315
9472/16384
mean(sgnprob[1:i - 1]) = 0.2112765283496991
9600/16384
mean(sgnprob[1:i - 1]) = 0.21595999583289927
9728/16384
mean(sgnprob[1:i - 1]) = 0.22010897501799115
9856/16384
mean(sgnprob[1:i - 1]) = 0.22293252156265855
9984/16384
mean(sgnprob[1:i - 1]) = 0.22568366222578384
10112/16384
mean(sgnprob[1:i - 1]) = 0.23093660369894176
10240/16384
mean(sgnprob[1:i - 1]) = 0.23390956148061334
10368/16384
mean(sgnprob[1:i - 1]) = 0.23565158676569886
10496/16384
mean(sgnprob[1:i - 1]) = 0.2384945212005717
10624/16384
mean(sgnprob[1:i - 1]) = 0.24296338134237033
10752/16384
mean(sgnprob[1:i - 1]) = 0.23579201934703747
10880/16384
mean(sgnprob[1:i - 1]) = 0.23779759169041273
11008/16384
mean(sgnprob[1:i - 1]) = 0.2404833287907695
11136/16384
mean(sgnprob[1:i - 1]) = 0.24220925011225863
11264/16384
mean(sgnprob[1:i - 1]) = 0.23466216816123592
11392/16384
mean(sgnprob[1:i - 1]) = 0.22658238960582916
11520/16384
mean(sgnprob[1:i - 1]) = 0.2308360100703186
11648/16384
mean(sgnprob[1:i - 1]) = 0.233794110071263
11776/16384
mean(sgnprob[1:i - 1]) = 0.23736730360934183
11904/16384
mean(sgnprob[1:i - 1]) = 0.23985549861379485
12032/16384
mean(sgnprob[1:i - 1]) = 0.24262322333970576
12160/16384
mean(sgnprob[1:i - 1]) = 0.2349699810839707
12288/16384
mean(sgnprob[1:i - 1]) = 0.22796451534141776
12416/16384
mean(sgnprob[1:i - 1]) = 0.22948046717680226
12544/16384
mean(sgnprob[1:i - 1]) = 0.22123893805309736
12672/16384
mean(sgnprob[1:i - 1]) = 0.22295004340620314
12800/16384
mean(sgnprob[1:i - 1]) = 0.2261895460582858
12928/16384
mean(sgnprob[1:i - 1]) = 0.22967432505608418
13056/16384
mean(sgnprob[1:i - 1]) = 0.23416315587897357
13184/16384
mean(sgnprob[1:i - 1]) = 0.2365925813547751
13312/16384
mean(sgnprob[1:i - 1]) = 0.2382240252422808
13440/16384
mean(sgnprob[1:i - 1]) = 0.24101495646997545
13568/16384
mean(sgnprob[1:i - 1]) = 0.2335814844844107
13696/16384
mean(sgnprob[1:i - 1]) = 0.2267250821467689
13824/16384
mean(sgnprob[1:i - 1]) = 0.22896621572741083
13952/16384
mean(sgnprob[1:i - 1]) = 0.23073614794638378
14080/16384
mean(sgnprob[1:i - 1]) = 0.23304211946871226
14208/16384
mean(sgnprob[1:i - 1]) = 0.23544731470401914
14336/16384
mean(sgnprob[1:i - 1]) = 0.2382281130101151
14464/16384
mean(sgnprob[1:i - 1]) = 0.24026827075987
14592/16384
mean(sgnprob[1:i - 1]) = 0.23569323555616475
14720/16384
mean(sgnprob[1:i - 1]) = 0.23676880222841226
14848/16384
mean(sgnprob[1:i - 1]) = 0.23001279719808715
14976/16384
mean(sgnprob[1:i - 1]) = 0.22497495826377295
15104/16384
mean(sgnprob[1:i - 1]) = 0.2263788651261339
15232/16384
mean(sgnprob[1:i - 1]) = 0.22867835335828246
15360/16384
mean(sgnprob[1:i - 1]) = 0.2304186470473338
15488/16384
mean(sgnprob[1:i - 1]) = 0.23316329825014528
15616/16384
mean(sgnprob[1:i - 1]) = 0.2339417227025296
15744/16384
mean(sgnprob[1:i - 1]) = 0.2355967731690275
15872/16384
mean(sgnprob[1:i - 1]) = 0.23596496755087895
16000/16384
mean(sgnprob[1:i - 1]) = 0.23757734858428653
16128/16384
mean(sgnprob[1:i - 1]) = 0.23879208780306319
16256/16384
mean(sgnprob[1:i - 1]) = 0.23371270378345124
16384/16384
mean(sgnprob[1:i - 1]) = 0.22883476774705488
736.020199 seconds (167.11 M allocations: 70.745 GiB, 1.74% gc time, 1.33% compilation time)
