## SLURM PROLOG ###############################################################
##    Job ID : 5902729
##  Job Name : etgent_N6_seed1257
##  Nodelist : node1749
##      CPUs : 8
##  Mem/Node : 2048 MB
## Directory : /oscar/home/trazzaz/AFQMC
##   Job Started : Sun Nov 10 11:46:13 PM EST 2024
###############################################################################
U = 2.0
seed = 1257
λₖ = 0.0
Warming up
128/512
256/512
384/512
512/512
Measuring
128/1024
256/1024
384/1024
512/1024
640/1024
768/1024
896/1024
1024/1024
289.069172 seconds (203.81 M allocations: 1.089 TiB, 22.87% gc time, 3.07% compilation time)
λₖ = 0.2
Warming up
128/512
256/512
384/512
512/512
Measuring
128/1024
256/1024
384/1024
512/1024
640/1024
768/1024
896/1024
1024/1024
318.030500 seconds (201.96 M allocations: 1.089 TiB, 22.22% gc time, 0.03% compilation time)
λₖ = 0.4
Warming up
128/512
256/512
384/512
512/512
Measuring
128/1024
256/1024
384/1024
512/1024
640/1024
768/1024
896/1024
1024/1024
247.390196 seconds (201.96 M allocations: 1.089 TiB, 24.77% gc time)
λₖ = 0.6
Warming up
128/512
256/512
384/512
512/512
Measuring
128/1024
256/1024
384/1024
512/1024
640/1024
768/1024
896/1024
1024/1024
249.703031 seconds (201.96 M allocations: 1.089 TiB, 24.89% gc time)
λₖ = 0.8
Warming up
128/512
256/512
384/512
512/512
Measuring
128/1024
256/1024
384/1024
512/1024
640/1024
768/1024
896/1024
1024/1024
266.737094 seconds (201.96 M allocations: 1.089 TiB, 26.05% gc time)
