## SLURM PROLOG ###############################################################
##    Job ID : 8822263
##  Job Name : sbatch_etgent.sh
##  Nodelist : node1736
##      CPUs : 8
##  Mem/Node : 4096 MB
## Directory : /oscar/home/trazzaz/AFQMC
##   Job Started : Thu Feb 27 06:11:42 PM EST 2025
###############################################################################
seed = 1258
U = 2.0
β = 6.0
Warming up
128/1024
256/1024
384/1024
512/1024
640/1024
768/1024
896/1024
1024/1024
Measuring
128/16384
mean(sgnprob[1:i - 1]) = 0.25984251968503935
256/16384
mean(sgnprob[1:i - 1]) = 0.4196078431372549
384/16384
mean(sgnprob[1:i - 1]) = 0.4151436031331593
512/16384
mean(sgnprob[1:i - 1]) = 0.17025440313111545
640/16384
mean(sgnprob[1:i - 1]) = 0.22065727699530516
768/16384
mean(sgnprob[1:i - 1]) = 0.25684485006518903
896/16384
mean(sgnprob[1:i - 1]) = 0.1664804469273743
1024/16384
mean(sgnprob[1:i - 1]) = 0.20234604105571846
1152/16384
mean(sgnprob[1:i - 1]) = 0.2145960034752389
1280/16384
mean(sgnprob[1:i - 1]) = 0.24628616106333073
1408/16384
mean(sgnprob[1:i - 1]) = 0.27505330490405117
1536/16384
mean(sgnprob[1:i - 1]) = 0.21302931596091204
1664/16384
mean(sgnprob[1:i - 1]) = 0.22549609140108237
1792/16384
mean(sgnprob[1:i - 1]) = 0.24288107202680068
1920/16384
mean(sgnprob[1:i - 1]) = 0.24856696195935382
2048/16384
mean(sgnprob[1:i - 1]) = 0.2633121641426478
2176/16384
mean(sgnprob[1:i - 1]) = 0.2790804597701149
2304/16384
mean(sgnprob[1:i - 1]) = 0.2904906643508467
2432/16384
mean(sgnprob[1:i - 1]) = 0.3006993006993007
2560/16384
mean(sgnprob[1:i - 1]) = 0.30676045330207113
2688/16384
mean(sgnprob[1:i - 1]) = 0.3122441384443617
2816/16384
mean(sgnprob[1:i - 1]) = 0.31936056838365895
2944/16384
mean(sgnprob[1:i - 1]) = 0.28440366972477066
3072/16384
mean(sgnprob[1:i - 1]) = 0.2927385216541843
3200/16384
mean(sgnprob[1:i - 1]) = 0.2979055954985933
3328/16384
mean(sgnprob[1:i - 1]) = 0.30027051397655546
3456/16384
mean(sgnprob[1:i - 1]) = 0.3024602026049204
3584/16384
mean(sgnprob[1:i - 1]) = 0.30672620708903153
3712/16384
mean(sgnprob[1:i - 1]) = 0.2767448127189437
3840/16384
mean(sgnprob[1:i - 1]) = 0.2810627767647825
3968/16384
mean(sgnprob[1:i - 1]) = 0.28863120746155785
4096/16384
mean(sgnprob[1:i - 1]) = 0.29181929181929184
4224/16384
mean(sgnprob[1:i - 1]) = 0.2914989344068198
4352/16384
mean(sgnprob[1:i - 1]) = 0.27005286141116985
4480/16384
mean(sgnprob[1:i - 1]) = 0.27573118999776736
4608/16384
mean(sgnprob[1:i - 1]) = 0.2776210115042327
4736/16384
mean(sgnprob[1:i - 1]) = 0.28489968321013726
4864/16384
mean(sgnprob[1:i - 1]) = 0.2699979436561793
4992/16384
mean(sgnprob[1:i - 1]) = 0.25105189340813466
5120/16384
mean(sgnprob[1:i - 1]) = 0.2338347333463567
5248/16384
mean(sgnprob[1:i - 1]) = 0.23880312559557842
5376/16384
mean(sgnprob[1:i - 1]) = 0.24167441860465116
5504/16384
mean(sgnprob[1:i - 1]) = 0.24404870070870435
5632/16384
mean(sgnprob[1:i - 1]) = 0.2477357485348961
5760/16384
mean(sgnprob[1:i - 1]) = 0.251606181628755
5888/16384
mean(sgnprob[1:i - 1]) = 0.25632750127399356
6016/16384
mean(sgnprob[1:i - 1]) = 0.2595178719866999
6144/16384
mean(sgnprob[1:i - 1]) = 0.26290086277063324
6272/16384
mean(sgnprob[1:i - 1]) = 0.24605326104289588
6400/16384
mean(sgnprob[1:i - 1]) = 0.2483200500078137
6528/16384
mean(sgnprob[1:i - 1]) = 0.23548337674276085
6656/16384
mean(sgnprob[1:i - 1]) = 0.2249436513899324
6784/16384
mean(sgnprob[1:i - 1]) = 0.22983930414270973
6912/16384
mean(sgnprob[1:i - 1]) = 0.2316596729850962
7040/16384
mean(sgnprob[1:i - 1]) = 0.2342662309987214
7168/16384
mean(sgnprob[1:i - 1]) = 0.22226873168689829
7296/16384
mean(sgnprob[1:i - 1]) = 0.2257710760795065
7424/16384
mean(sgnprob[1:i - 1]) = 0.23076923076923078
7552/16384
mean(sgnprob[1:i - 1]) = 0.2170573433982254
7680/16384
mean(sgnprob[1:i - 1]) = 0.20901159005078787
7808/16384
mean(sgnprob[1:i - 1]) = 0.1996925835788395
7936/16384
mean(sgnprob[1:i - 1]) = 0.20302457466918714
8064/16384
mean(sgnprob[1:i - 1]) = 0.21021952126999877
8192/16384
mean(sgnprob[1:i - 1]) = 0.2130387010133073
8320/16384
mean(sgnprob[1:i - 1]) = 0.2176944344272148
8448/16384
mean(sgnprob[1:i - 1]) = 0.22220906830827514
8576/16384
mean(sgnprob[1:i - 1]) = 0.21002915451895043
8704/16384
mean(sgnprob[1:i - 1]) = 0.21314489256578192
8832/16384
mean(sgnprob[1:i - 1]) = 0.21775563356358282
8960/16384
mean(sgnprob[1:i - 1]) = 0.2202254715928117
9088/16384
mean(sgnprob[1:i - 1]) = 0.21206118631011334
9216/16384
mean(sgnprob[1:i - 1]) = 0.20347259902333154
9344/16384
mean(sgnprob[1:i - 1]) = 0.19426308466231404
9472/16384
mean(sgnprob[1:i - 1]) = 0.19628339140534262
9600/16384
mean(sgnprob[1:i - 1]) = 0.19970830294822378
9728/16384
mean(sgnprob[1:i - 1]) = 0.19008944176004935
9856/16384
mean(sgnprob[1:i - 1]) = 0.18315575849822424
9984/16384
mean(sgnprob[1:i - 1]) = 0.17319443053190423
10112/16384
mean(sgnprob[1:i - 1]) = 0.16328750865394126
10240/16384
mean(sgnprob[1:i - 1]) = 0.15499560503955465
10368/16384
mean(sgnprob[1:i - 1]) = 0.15771197067618403
10496/16384
mean(sgnprob[1:i - 1]) = 0.15102429728442116
10624/16384
mean(sgnprob[1:i - 1]) = 0.15447613668455237
10752/16384
mean(sgnprob[1:i - 1]) = 0.15784578178774067
10880/16384
mean(sgnprob[1:i - 1]) = 0.15176027208383122
11008/16384
mean(sgnprob[1:i - 1]) = 0.15435631870627783
11136/16384
mean(sgnprob[1:i - 1]) = 0.15886843286933094
11264/16384
mean(sgnprob[1:i - 1]) = 0.16416585279232887
11392/16384
mean(sgnprob[1:i - 1]) = 0.16811517864981126
11520/16384
mean(sgnprob[1:i - 1]) = 0.17128222936018753
11648/16384
mean(sgnprob[1:i - 1]) = 0.16545033055722502
11776/16384
mean(sgnprob[1:i - 1]) = 0.15906581740976644
11904/16384
mean(sgnprob[1:i - 1]) = 0.1620599848777619
12032/16384
mean(sgnprob[1:i - 1]) = 0.16366054359571108
12160/16384
mean(sgnprob[1:i - 1]) = 0.1662143268360885
12288/16384
mean(sgnprob[1:i - 1]) = 0.16806380727598275
12416/16384
mean(sgnprob[1:i - 1]) = 0.16294804671768023
12544/16384
mean(sgnprob[1:i - 1]) = 0.15602327991708523
12672/16384
mean(sgnprob[1:i - 1]) = 0.1495540999131876
12800/16384
mean(sgnprob[1:i - 1]) = 0.15259004609735136
12928/16384
mean(sgnprob[1:i - 1]) = 0.1564941595111008
13056/16384
mean(sgnprob[1:i - 1]) = 0.16001531980084258
13184/16384
mean(sgnprob[1:i - 1]) = 0.16240612910566637
13312/16384
mean(sgnprob[1:i - 1]) = 0.16475095785440613
13440/16384
mean(sgnprob[1:i - 1]) = 0.16660465808467892
13568/16384
mean(sgnprob[1:i - 1]) = 0.16916046288788975
13696/16384
mean(sgnprob[1:i - 1]) = 0.17225264695144213
13824/16384
mean(sgnprob[1:i - 1]) = 0.17543225059683137
13952/16384
mean(sgnprob[1:i - 1]) = 0.17754999641602753
14080/16384
mean(sgnprob[1:i - 1]) = 0.18076567938063784
14208/16384
mean(sgnprob[1:i - 1]) = 0.1830787639895826
14336/16384
mean(sgnprob[1:i - 1]) = 0.1843739100104639
14464/16384
mean(sgnprob[1:i - 1]) = 0.1867524026827076
14592/16384
mean(sgnprob[1:i - 1]) = 0.18867795216229183
14720/16384
mean(sgnprob[1:i - 1]) = 0.19057001154969766
14848/16384
mean(sgnprob[1:i - 1]) = 0.1847511281740419
14976/16384
mean(sgnprob[1:i - 1]) = 0.18771285475792987
15104/16384
mean(sgnprob[1:i - 1]) = 0.1838707541548037
15232/16384
mean(sgnprob[1:i - 1]) = 0.178780119493139
15360/16384
mean(sgnprob[1:i - 1]) = 0.18041539162705905
15488/16384
mean(sgnprob[1:i - 1]) = 0.18331503841931943
15616/16384
mean(sgnprob[1:i - 1]) = 0.1782260646813961
15744/16384
mean(sgnprob[1:i - 1]) = 0.1727116813822016
15872/16384
mean(sgnprob[1:i - 1]) = 0.17472118959107807
16000/16384
mean(sgnprob[1:i - 1]) = 0.17007312957059817
16128/16384
mean(sgnprob[1:i - 1]) = 0.16487877472561543
16256/16384
mean(sgnprob[1:i - 1]) = 0.1672716087357736
16384/16384
mean(sgnprob[1:i - 1]) = 0.1698712079594702
737.364583 seconds (167.11 M allocations: 70.745 GiB, 1.96% gc time, 1.33% compilation time)
