## SLURM PROLOG ###############################################################
##    Job ID : 8822300
##  Job Name : sbatch_etgent.sh
##  Nodelist : node1323
##      CPUs : 8
##  Mem/Node : 4096 MB
## Directory : /oscar/home/trazzaz/AFQMC
##   Job Started : Thu Feb 27 07:05:05 PM EST 2025
###############################################################################
seed = 1295
U = 2.0
β = 6.0
Warming up
128/1024
256/1024
384/1024
512/1024
640/1024
768/1024
896/1024
1024/1024
Measuring
128/16384
mean(sgnprob[1:i - 1]) = 0.3858267716535433
256/16384
mean(sgnprob[1:i - 1]) = 0.396078431372549
384/16384
mean(sgnprob[1:i - 1]) = 0.40992167101827676
512/16384
mean(sgnprob[1:i - 1]) = 0.436399217221135
640/16384
mean(sgnprob[1:i - 1]) = 0.45539906103286387
768/16384
mean(sgnprob[1:i - 1]) = 0.3194263363754889
896/16384
mean(sgnprob[1:i - 1]) = 0.23128491620111732
1024/16384
mean(sgnprob[1:i - 1]) = 0.15151515151515152
1152/16384
mean(sgnprob[1:i - 1]) = 0.18158123370981755
1280/16384
mean(sgnprob[1:i - 1]) = 0.20875684128225175
1408/16384
mean(sgnprob[1:i - 1]) = 0.15565031982942432
1536/16384
mean(sgnprob[1:i - 1]) = 0.10097719869706841
1664/16384
mean(sgnprob[1:i - 1]) = 0.060733613950691524
1792/16384
mean(sgnprob[1:i - 1]) = 0.08096035734226689
1920/16384
mean(sgnprob[1:i - 1]) = 0.11516414799374675
2048/16384
mean(sgnprob[1:i - 1]) = 0.1431362970200293
2176/16384
mean(sgnprob[1:i - 1]) = 0.11540229885057471
2304/16384
mean(sgnprob[1:i - 1]) = 0.13243595310464612
2432/16384
mean(sgnprob[1:i - 1]) = 0.14603044014808722
2560/16384
mean(sgnprob[1:i - 1]) = 0.15435717076983196
2688/16384
mean(sgnprob[1:i - 1]) = 0.1618905842947525
2816/16384
mean(sgnprob[1:i - 1]) = 0.17300177619893428
2944/16384
mean(sgnprob[1:i - 1]) = 0.1743119266055046
3072/16384
mean(sgnprob[1:i - 1]) = 0.18267665255617063
3200/16384
mean(sgnprob[1:i - 1]) = 0.1959987496092529
3328/16384
mean(sgnprob[1:i - 1]) = 0.16982266305981364
3456/16384
mean(sgnprob[1:i - 1]) = 0.14963820549927642
3584/16384
mean(sgnprob[1:i - 1]) = 0.12977951437343008
3712/16384
mean(sgnprob[1:i - 1]) = 0.13931554836971166
3840/16384
mean(sgnprob[1:i - 1]) = 0.15029955717634802
3968/16384
mean(sgnprob[1:i - 1]) = 0.12679606755734812
4096/16384
mean(sgnprob[1:i - 1]) = 0.13455433455433455
4224/16384
mean(sgnprob[1:i - 1]) = 0.12005683163627753
4352/16384
mean(sgnprob[1:i - 1]) = 0.13077453458974947
4480/16384
mean(sgnprob[1:i - 1]) = 0.11096226836347399
4608/16384
mean(sgnprob[1:i - 1]) = 0.12090297373561971
4736/16384
mean(sgnprob[1:i - 1]) = 0.12988384371700107
4864/16384
mean(sgnprob[1:i - 1]) = 0.11371581328398109
4992/16384
mean(sgnprob[1:i - 1]) = 0.12402324183530354
5120/16384
mean(sgnprob[1:i - 1]) = 0.13420589958976362
5248/16384
mean(sgnprob[1:i - 1]) = 0.140842386125405
5376/16384
mean(sgnprob[1:i - 1]) = 0.1493953488372093
5504/16384
mean(sgnprob[1:i - 1]) = 0.13574413956023987
5632/16384
mean(sgnprob[1:i - 1]) = 0.14189309181317705
5760/16384
mean(sgnprob[1:i - 1]) = 0.12866817155756208
5888/16384
mean(sgnprob[1:i - 1]) = 0.11465941905894343
6016/16384
mean(sgnprob[1:i - 1]) = 0.12252701579384871
6144/16384
mean(sgnprob[1:i - 1]) = 0.12876444733843398
6272/16384
mean(sgnprob[1:i - 1]) = 0.13506617764311912
6400/16384
mean(sgnprob[1:i - 1]) = 0.14361619002969214
6528/16384
mean(sgnprob[1:i - 1]) = 0.13283284816914356
6656/16384
mean(sgnprob[1:i - 1]) = 0.12186326070623592
6784/16384
mean(sgnprob[1:i - 1]) = 0.12899896800825594
6912/16384
mean(sgnprob[1:i - 1]) = 0.12053248444508755
7040/16384
mean(sgnprob[1:i - 1]) = 0.12743287398778236
7168/16384
mean(sgnprob[1:i - 1]) = 0.11483186828519604
7296/16384
mean(sgnprob[1:i - 1]) = 0.10404386566141192
7424/16384
mean(sgnprob[1:i - 1]) = 0.10871615249898962
7552/16384
mean(sgnprob[1:i - 1]) = 0.11428949807972454
7680/16384
mean(sgnprob[1:i - 1]) = 0.11785388722489908
7808/16384
mean(sgnprob[1:i - 1]) = 0.12514410144741897
7936/16384
mean(sgnprob[1:i - 1]) = 0.1306868304977946
8064/16384
mean(sgnprob[1:i - 1]) = 0.12042664020835916
8192/16384
mean(sgnprob[1:i - 1]) = 0.12684653888414113
8320/16384
mean(sgnprob[1:i - 1]) = 0.12922226229114075
8448/16384
mean(sgnprob[1:i - 1]) = 0.13578785367586124
8576/16384
mean(sgnprob[1:i - 1]) = 0.14169096209912538
8704/16384
mean(sgnprob[1:i - 1]) = 0.14673101229461105
8832/16384
mean(sgnprob[1:i - 1]) = 0.15139848261805006
8960/16384
mean(sgnprob[1:i - 1]) = 0.15637906016296463
9088/16384
mean(sgnprob[1:i - 1]) = 0.14625288874215914
9216/16384
mean(sgnprob[1:i - 1]) = 0.15116657623440044
9344/16384
mean(sgnprob[1:i - 1]) = 0.15508937172214493
9472/16384
mean(sgnprob[1:i - 1]) = 0.15869496357301235
9600/16384
mean(sgnprob[1:i - 1]) = 0.16116262110636526
9728/16384
mean(sgnprob[1:i - 1]) = 0.16521023953942635
9856/16384
mean(sgnprob[1:i - 1]) = 0.17037037037037037
9984/16384
mean(sgnprob[1:i - 1]) = 0.16137433637183213
10112/16384
mean(sgnprob[1:i - 1]) = 0.1642765305113243
10240/16384
mean(sgnprob[1:i - 1]) = 0.1682781521632972
10368/16384
mean(sgnprob[1:i - 1]) = 0.17391723738786535
10496/16384
mean(sgnprob[1:i - 1]) = 0.17789423535016674
10624/16384
mean(sgnprob[1:i - 1]) = 0.17198531488280147
10752/16384
mean(sgnprob[1:i - 1]) = 0.17570458561994234
10880/16384
mean(sgnprob[1:i - 1]) = 0.17731409136869197
11008/16384
mean(sgnprob[1:i - 1]) = 0.18142999909148724
11136/16384
mean(sgnprob[1:i - 1]) = 0.17539290525370455
11264/16384
mean(sgnprob[1:i - 1]) = 0.17819408683299298
11392/16384
mean(sgnprob[1:i - 1]) = 0.18145904661574927
11520/16384
mean(sgnprob[1:i - 1]) = 0.17458112683392657
11648/16384
mean(sgnprob[1:i - 1]) = 0.17008671760968488
11776/16384
mean(sgnprob[1:i - 1]) = 0.17384288747346072
11904/16384
mean(sgnprob[1:i - 1]) = 0.17768629757204066
12032/16384
mean(sgnprob[1:i - 1]) = 0.18045050286759207
12160/16384
mean(sgnprob[1:i - 1]) = 0.18397894563697673
12288/16384
mean(sgnprob[1:i - 1]) = 0.18759664686253763
12416/16384
mean(sgnprob[1:i - 1]) = 0.19017317760773259
12544/16384
mean(sgnprob[1:i - 1]) = 0.18281112971378458
12672/16384
mean(sgnprob[1:i - 1]) = 0.18380554020992818
12800/16384
mean(sgnprob[1:i - 1]) = 0.18806156730994608
12928/16384
mean(sgnprob[1:i - 1]) = 0.1902220159356386
13056/16384
mean(sgnprob[1:i - 1]) = 0.19279969360398314
13184/16384
mean(sgnprob[1:i - 1]) = 0.1956307365546537
13312/16384
mean(sgnprob[1:i - 1]) = 0.1884907219592818
13440/16384
mean(sgnprob[1:i - 1]) = 0.18252846193913239
13568/16384
mean(sgnprob[1:i - 1]) = 0.17667870568290706
13696/16384
mean(sgnprob[1:i - 1]) = 0.17006206644760863
13824/16384
mean(sgnprob[1:i - 1]) = 0.1729725819286696
13952/16384
mean(sgnprob[1:i - 1]) = 0.17711991971901656
14080/16384
mean(sgnprob[1:i - 1]) = 0.18019745720576746
14208/16384
mean(sgnprob[1:i - 1]) = 0.17308369113817132
14336/16384
mean(sgnprob[1:i - 1]) = 0.17516567840948727
14464/16384
mean(sgnprob[1:i - 1]) = 0.1772108138007329
14592/16384
mean(sgnprob[1:i - 1]) = 0.17949420875882394
14720/16384
mean(sgnprob[1:i - 1]) = 0.17440043481214756
14848/16384
mean(sgnprob[1:i - 1]) = 0.17639927258031926
14976/16384
mean(sgnprob[1:i - 1]) = 0.17943238731218697
15104/16384
mean(sgnprob[1:i - 1]) = 0.17446864861285838
15232/16384
mean(sgnprob[1:i - 1]) = 0.1699822729958637
15360/16384
mean(sgnprob[1:i - 1]) = 0.17156064847971872
15488/16384
mean(sgnprob[1:i - 1]) = 0.16549363982695164
15616/16384
mean(sgnprob[1:i - 1]) = 0.15965417867435158
15744/16384
mean(sgnprob[1:i - 1]) = 0.16305659658260815
15872/16384
mean(sgnprob[1:i - 1]) = 0.16451389326444457
16000/16384
mean(sgnprob[1:i - 1]) = 0.1599474967185449
16128/16384
mean(sgnprob[1:i - 1]) = 0.16153035282445588
16256/16384
mean(sgnprob[1:i - 1]) = 0.1635804367886804
16384/16384
mean(sgnprob[1:i - 1]) = 0.1654764084721968
796.860927 seconds (167.11 M allocations: 70.745 GiB, 1.66% gc time, 1.20% compilation time)
