## SLURM PROLOG ###############################################################
##    Job ID : 8834035
##  Job Name : sbatch_etgent.sh
##  Nodelist : node1736
##      CPUs : 8
##  Mem/Node : 4096 MB
## Directory : /oscar/home/trazzaz/AFQMC
##   Job Started : Fri Feb 28 05:00:48 AM EST 2025
###############################################################################
seed = 1589
U = 2.0
β = 6.0
Warming up
128/1024
256/1024
384/1024
512/1024
640/1024
768/1024
896/1024
1024/1024
Measuring
128/16384
mean(sgnprob[1:i - 1]) = -0.3858267716535433
256/16384
mean(sgnprob[1:i - 1]) = 0.12941176470588237
384/16384
mean(sgnprob[1:i - 1]) = -0.028720626631853787
512/16384
mean(sgnprob[1:i - 1]) = 0.1350293542074364
640/16384
mean(sgnprob[1:i - 1]) = 0.23943661971830985
768/16384
mean(sgnprob[1:i - 1]) = 0.3011734028683181
896/16384
mean(sgnprob[1:i - 1]) = 0.33854748603351953
1024/16384
mean(sgnprob[1:i - 1]) = 0.3587487781036168
1152/16384
mean(sgnprob[1:i - 1]) = 0.3779322328410078
1280/16384
mean(sgnprob[1:i - 1]) = 0.3854573885848319
1408/16384
mean(sgnprob[1:i - 1]) = 0.3006396588486141
1536/16384
mean(sgnprob[1:i - 1]) = 0.3289902280130293
1664/16384
mean(sgnprob[1:i - 1]) = 0.34215273601924234
1792/16384
mean(sgnprob[1:i - 1]) = 0.35678391959798994
1920/16384
mean(sgnprob[1:i - 1]) = 0.36633663366336633
2048/16384
mean(sgnprob[1:i - 1]) = 0.37664875427454814
2176/16384
mean(sgnprob[1:i - 1]) = 0.38666666666666666
2304/16384
mean(sgnprob[1:i - 1]) = 0.3964394268345636
2432/16384
mean(sgnprob[1:i - 1]) = 0.4060057589469354
2560/16384
mean(sgnprob[1:i - 1]) = 0.4091441969519343
2688/16384
mean(sgnprob[1:i - 1]) = 0.41719389653889094
2816/16384
mean(sgnprob[1:i - 1]) = 0.42380106571936055
2944/16384
mean(sgnprob[1:i - 1]) = 0.4291539245667686
3072/16384
mean(sgnprob[1:i - 1]) = 0.43145555193747964
3200/16384
mean(sgnprob[1:i - 1]) = 0.3904345107846202
3328/16384
mean(sgnprob[1:i - 1]) = 0.39525097685602645
3456/16384
mean(sgnprob[1:i - 1]) = 0.4037626628075253
3584/16384
mean(sgnprob[1:i - 1]) = 0.40664247837008094
3712/16384
mean(sgnprob[1:i - 1]) = 0.3699811371597952
3840/16384
mean(sgnprob[1:i - 1]) = 0.3732742901797343
3968/16384
mean(sgnprob[1:i - 1]) = 0.3778674061003277
4096/16384
mean(sgnprob[1:i - 1]) = 0.38168498168498166
4224/16384
mean(sgnprob[1:i - 1]) = 0.3814823585129055
4352/16384
mean(sgnprob[1:i - 1]) = 0.38450930820501034
4480/16384
mean(sgnprob[1:i - 1]) = 0.357445858450547
4608/16384
mean(sgnprob[1:i - 1]) = 0.33188626003907096
4736/16384
mean(sgnprob[1:i - 1]) = 0.33812038014783524
4864/16384
mean(sgnprob[1:i - 1]) = 0.34238124614435533
4992/16384
mean(sgnprob[1:i - 1]) = 0.31717090763374073
5120/16384
mean(sgnprob[1:i - 1]) = 0.32174252783746826
5248/16384
mean(sgnprob[1:i - 1]) = 0.30360205831903947
5376/16384
mean(sgnprob[1:i - 1]) = 0.2878139534883721
5504/16384
mean(sgnprob[1:i - 1]) = 0.2931128475377067
5632/16384
mean(sgnprob[1:i - 1]) = 0.27259811756348784
5760/16384
mean(sgnprob[1:i - 1]) = 0.2811251953464143
5888/16384
mean(sgnprob[1:i - 1]) = 0.287243077968405
6016/16384
mean(sgnprob[1:i - 1]) = 0.26982543640897755
6144/16384
mean(sgnprob[1:i - 1]) = 0.25411036952629007
6272/16384
mean(sgnprob[1:i - 1]) = 0.260086110668155
6400/16384
mean(sgnprob[1:i - 1]) = 0.2648851383028598
6528/16384
mean(sgnprob[1:i - 1]) = 0.267963842500383
6656/16384
mean(sgnprob[1:i - 1]) = 0.273328324567994
6784/16384
mean(sgnprob[1:i - 1]) = 0.27908005307386113
6912/16384
mean(sgnprob[1:i - 1]) = 0.2840399363333816
7040/16384
mean(sgnprob[1:i - 1]) = 0.2709191646540702
7168/16384
mean(sgnprob[1:i - 1]) = 0.274173294265383
7296/16384
mean(sgnprob[1:i - 1]) = 0.27813570938999316
7424/16384
mean(sgnprob[1:i - 1]) = 0.2835780681665095
7552/16384
mean(sgnprob[1:i - 1]) = 0.2861872599655675
7680/16384
mean(sgnprob[1:i - 1]) = 0.27230108086990495
7808/16384
mean(sgnprob[1:i - 1]) = 0.27731522992186497
7936/16384
mean(sgnprob[1:i - 1]) = 0.28191556395715184
8064/16384
mean(sgnprob[1:i - 1]) = 0.2858737442639216
8192/16384
mean(sgnprob[1:i - 1]) = 0.2911732389207667
8320/16384
mean(sgnprob[1:i - 1]) = 0.27899987979324437
8448/16384
mean(sgnprob[1:i - 1]) = 0.2828223037764887
8576/16384
mean(sgnprob[1:i - 1]) = 0.285597667638484
8704/16384
mean(sgnprob[1:i - 1]) = 0.2717453751579915
8832/16384
mean(sgnprob[1:i - 1]) = 0.26010644321141435
8960/16384
mean(sgnprob[1:i - 1]) = 0.2626409197455073
9088/16384
mean(sgnprob[1:i - 1]) = 0.2673049411246836
9216/16384
mean(sgnprob[1:i - 1]) = 0.25729788388497016
9344/16384
mean(sgnprob[1:i - 1]) = 0.2595526062292626
9472/16384
mean(sgnprob[1:i - 1]) = 0.2638580931263858
9600/16384
mean(sgnprob[1:i - 1]) = 0.25492238774872383
9728/16384
mean(sgnprob[1:i - 1]) = 0.2435488845481649
9856/16384
mean(sgnprob[1:i - 1]) = 0.24728564180618975
9984/16384
mean(sgnprob[1:i - 1]) = 0.2501252128618652
10112/16384
mean(sgnprob[1:i - 1]) = 0.25447532390465827
10240/16384
mean(sgnprob[1:i - 1]) = 0.25695868737181365
10368/16384
mean(sgnprob[1:i - 1]) = 0.24799845664126555
10496/16384
mean(sgnprob[1:i - 1]) = 0.25202477370176274
10624/16384
mean(sgnprob[1:i - 1]) = 0.2420220276757978
10752/16384
mean(sgnprob[1:i - 1]) = 0.2458375965026509
10880/16384
mean(sgnprob[1:i - 1]) = 0.25011490026656863
11008/16384
mean(sgnprob[1:i - 1]) = 0.2537476151539929
11136/16384
mean(sgnprob[1:i - 1]) = 0.25747642568477774
11264/16384
mean(sgnprob[1:i - 1]) = 0.25987747491787266
11392/16384
mean(sgnprob[1:i - 1]) = 0.26345360372223686
11520/16384
mean(sgnprob[1:i - 1]) = 0.2679920131955899
11648/16384
mean(sgnprob[1:i - 1]) = 0.27140036060788186
11776/16384
mean(sgnprob[1:i - 1]) = 0.2633545647558386
11904/16384
mean(sgnprob[1:i - 1]) = 0.2652272536335378
12032/16384
mean(sgnprob[1:i - 1]) = 0.26805751807829775
12160/16384
mean(sgnprob[1:i - 1]) = 0.25964306275187105
12288/16384
mean(sgnprob[1:i - 1]) = 0.2520550174981688
12416/16384
mean(sgnprob[1:i - 1]) = 0.25332259363672976
12544/16384
mean(sgnprob[1:i - 1]) = 0.25663716814159293
12672/16384
mean(sgnprob[1:i - 1]) = 0.24867808381343226
12800/16384
mean(sgnprob[1:i - 1]) = 0.25259785920775063
12928/16384
mean(sgnprob[1:i - 1]) = 0.2564400092828963
13056/16384
mean(sgnprob[1:i - 1]) = 0.2591344312523937
13184/16384
mean(sgnprob[1:i - 1]) = 0.26238337252522187
13312/16384
mean(sgnprob[1:i - 1]) = 0.26481857110660356
13440/16384
mean(sgnprob[1:i - 1]) = 0.2670585609048292
13568/16384
mean(sgnprob[1:i - 1]) = 0.2689614505786099
13696/16384
mean(sgnprob[1:i - 1]) = 0.2600219058050383
13824/16384
mean(sgnprob[1:i - 1]) = 0.2625334587282066
13952/16384
mean(sgnprob[1:i - 1]) = 0.26327861802021363
14080/16384
mean(sgnprob[1:i - 1]) = 0.265288727892606
14208/16384
mean(sgnprob[1:i - 1]) = 0.26712184134581546
14336/16384
mean(sgnprob[1:i - 1]) = 0.2612486920125567
14464/16384
mean(sgnprob[1:i - 1]) = 0.2540966604438913
14592/16384
mean(sgnprob[1:i - 1]) = 0.2470701117126996
14720/16384
mean(sgnprob[1:i - 1]) = 0.24125280250016984
14848/16384
mean(sgnprob[1:i - 1]) = 0.2351316764329494
14976/16384
mean(sgnprob[1:i - 1]) = 0.23859766277128547
15104/16384
mean(sgnprob[1:i - 1]) = 0.23194067403827054
15232/16384
mean(sgnprob[1:i - 1]) = 0.2341934213117983
15360/16384
mean(sgnprob[1:i - 1]) = 0.23666905397486815
15488/16384
mean(sgnprob[1:i - 1]) = 0.23858720216956156
15616/16384
mean(sgnprob[1:i - 1]) = 0.24098623118796028
15744/16384
mean(sgnprob[1:i - 1]) = 0.24334624912659594
15872/16384
mean(sgnprob[1:i - 1]) = 0.24554218385734988
16000/16384
mean(sgnprob[1:i - 1]) = 0.24832802050128133
16128/16384
mean(sgnprob[1:i - 1]) = 0.2498294785142928
16256/16384
mean(sgnprob[1:i - 1]) = 0.2520455244540141
16384/16384
mean(sgnprob[1:i - 1]) = 0.24555942135140085
729.302466 seconds (167.11 M allocations: 70.745 GiB, 1.30% gc time, 1.24% compilation time)
