## SLURM PROLOG ###############################################################
##    Job ID : 8833972
##  Job Name : sbatch_etgent.sh
##  Nodelist : node1736
##      CPUs : 8
##  Mem/Node : 4096 MB
## Directory : /oscar/home/trazzaz/AFQMC
##   Job Started : Fri Feb 28 03:20:00 AM EST 2025
###############################################################################
seed = 1526
U = 2.0
β = 6.0
Warming up
128/1024
256/1024
384/1024
512/1024
640/1024
768/1024
896/1024
1024/1024
Measuring
128/16384
mean(sgnprob[1:i - 1]) = -0.08661417322834646
256/16384
mean(sgnprob[1:i - 1]) = -0.13725490196078433
384/16384
mean(sgnprob[1:i - 1]) = -0.033942558746736295
512/16384
mean(sgnprob[1:i - 1]) = 0.0684931506849315
640/16384
mean(sgnprob[1:i - 1]) = 0.08294209702660407
768/16384
mean(sgnprob[1:i - 1]) = 0.024771838331160364
896/16384
mean(sgnprob[1:i - 1]) = 0.05921787709497207
1024/16384
mean(sgnprob[1:i - 1]) = 0.01466275659824047
1152/16384
mean(sgnprob[1:i - 1]) = -0.006081668114682885
1280/16384
mean(sgnprob[1:i - 1]) = 0.007036747458952306
1408/16384
mean(sgnprob[1:i - 1]) = -0.012082444918265814
1536/16384
mean(sgnprob[1:i - 1]) = 0.005863192182410423
1664/16384
mean(sgnprob[1:i - 1]) = -0.007817197835237523
1792/16384
mean(sgnprob[1:i - 1]) = -0.02512562814070352
1920/16384
mean(sgnprob[1:i - 1]) = -0.03595622720166754
2048/16384
mean(sgnprob[1:i - 1]) = -0.01709819247679531
2176/16384
mean(sgnprob[1:i - 1]) = -0.0004597701149425287
2304/16384
mean(sgnprob[1:i - 1]) = -0.025618758141554496
2432/16384
mean(sgnprob[1:i - 1]) = -0.017688194158782394
2560/16384
mean(sgnprob[1:i - 1]) = -0.021492770613520906
2688/16384
mean(sgnprob[1:i - 1]) = -0.014514328247115743
2816/16384
mean(sgnprob[1:i - 1]) = -0.0010657193605683837
2944/16384
mean(sgnprob[1:i - 1]) = -0.011892626571525655
3072/16384
mean(sgnprob[1:i - 1]) = -0.006186909801367633
3200/16384
mean(sgnprob[1:i - 1]) = 0.01031572366364489
3328/16384
mean(sgnprob[1:i - 1]) = 0.021941689209498048
3456/16384
mean(sgnprob[1:i - 1]) = 0.03328509406657019
3584/16384
mean(sgnprob[1:i - 1]) = 0.023723137036003348
3712/16384
mean(sgnprob[1:i - 1]) = 0.013203988143357586
3840/16384
mean(sgnprob[1:i - 1]) = 0.018494399583224796
3968/16384
mean(sgnprob[1:i - 1]) = 0.011847743887068314
4096/16384
mean(sgnprob[1:i - 1]) = 0.0231990231990232
4224/16384
mean(sgnprob[1:i - 1]) = 0.02486384087141842
4352/16384
mean(sgnprob[1:i - 1]) = 0.01723741668581935
4480/16384
mean(sgnprob[1:i - 1]) = 0.025228845724492074
4608/16384
mean(sgnprob[1:i - 1]) = 0.01931842847840243
4736/16384
mean(sgnprob[1:i - 1]) = 0.011615628299894404
4864/16384
mean(sgnprob[1:i - 1]) = 0.018712728768250052
4992/16384
mean(sgnprob[1:i - 1]) = 0.024644359847725908
5120/16384
mean(sgnprob[1:i - 1]) = 0.032232857980074234
5248/16384
mean(sgnprob[1:i - 1]) = 0.036020583190394515
5376/16384
mean(sgnprob[1:i - 1]) = 0.037395348837209304
5504/16384
mean(sgnprob[1:i - 1]) = 0.04270397964746502
5632/16384
mean(sgnprob[1:i - 1]) = 0.03640561179186645
5760/16384
mean(sgnprob[1:i - 1]) = 0.038722000347282515
5888/16384
mean(sgnprob[1:i - 1]) = 0.04093765924919314
6016/16384
mean(sgnprob[1:i - 1]) = 0.04405652535328346
6144/16384
mean(sgnprob[1:i - 1]) = 0.03988279342340876
6272/16384
mean(sgnprob[1:i - 1]) = 0.04225801307606442
6400/16384
mean(sgnprob[1:i - 1]) = 0.048913892795749335
6528/16384
mean(sgnprob[1:i - 1]) = 0.053470200704764825
6656/16384
mean(sgnprob[1:i - 1]) = 0.05394440270473328
6784/16384
mean(sgnprob[1:i - 1]) = 0.057054400707651484
6912/16384
mean(sgnprob[1:i - 1]) = 0.060049196932426566
7040/16384
mean(sgnprob[1:i - 1]) = 0.05469526921437704
7168/16384
mean(sgnprob[1:i - 1]) = 0.04925352309194921
7296/16384
mean(sgnprob[1:i - 1]) = 0.04647018505825908
7424/16384
mean(sgnprob[1:i - 1]) = 0.05024922538057389
7552/16384
mean(sgnprob[1:i - 1]) = 0.04515958151238247
7680/16384
mean(sgnprob[1:i - 1]) = 0.045969527282198205
7808/16384
mean(sgnprob[1:i - 1]) = 0.05033943896503138
7936/16384
mean(sgnprob[1:i - 1]) = 0.05330812854442344
8064/16384
mean(sgnprob[1:i - 1]) = 0.05568646905618256
8192/16384
mean(sgnprob[1:i - 1]) = 0.056525454767427666
8320/16384
mean(sgnprob[1:i - 1]) = 0.05902151700925592
8448/16384
mean(sgnprob[1:i - 1]) = 0.05386527761335386
8576/16384
mean(sgnprob[1:i - 1]) = 0.04956268221574344
8704/16384
mean(sgnprob[1:i - 1]) = 0.052280822704814434
8832/16384
mean(sgnprob[1:i - 1]) = 0.052881893330313665
8960/16384
mean(sgnprob[1:i - 1]) = 0.05056367898202924
9088/16384
mean(sgnprob[1:i - 1]) = 0.04787058435127105
9216/16384
mean(sgnprob[1:i - 1]) = 0.04438415626695605
9344/16384
mean(sgnprob[1:i - 1]) = 0.041849513004388314
9472/16384
mean(sgnprob[1:i - 1]) = 0.04022806461830852
9600/16384
mean(sgnprob[1:i - 1]) = 0.043650380247942495
9728/16384
mean(sgnprob[1:i - 1]) = 0.045132106507659094
9856/16384
mean(sgnprob[1:i - 1]) = 0.04028411973617453
9984/16384
mean(sgnprob[1:i - 1]) = 0.04137032956025243
10112/16384
mean(sgnprob[1:i - 1]) = 0.04124221145287311
10240/16384
mean(sgnprob[1:i - 1]) = 0.04287528078913956
10368/16384
mean(sgnprob[1:i - 1]) = 0.04543262274524935
10496/16384
mean(sgnprob[1:i - 1]) = 0.04525964745116722
10624/16384
mean(sgnprob[1:i - 1]) = 0.04151369669584863
10752/16384
mean(sgnprob[1:i - 1]) = 0.042879732117942514
10880/16384
mean(sgnprob[1:i - 1]) = 0.0438459417225848
11008/16384
mean(sgnprob[1:i - 1]) = 0.048423730353411465
11136/16384
mean(sgnprob[1:i - 1]) = 0.04643017512348451
11264/16384
mean(sgnprob[1:i - 1]) = 0.04430435940690757
11392/16384
mean(sgnprob[1:i - 1]) = 0.04661574927574401
11520/16384
mean(sgnprob[1:i - 1]) = 0.04384061116416356
11648/16384
mean(sgnprob[1:i - 1]) = 0.04232849660856873
11776/16384
mean(sgnprob[1:i - 1]) = 0.04441613588110403
11904/16384
mean(sgnprob[1:i - 1]) = 0.04040998067714022
12032/16384
mean(sgnprob[1:i - 1]) = 0.0428060842822708
12160/16384
mean(sgnprob[1:i - 1]) = 0.045645201085615594
12288/16384
mean(sgnprob[1:i - 1]) = 0.04712297550256368
12416/16384
mean(sgnprob[1:i - 1]) = 0.04905356423681031
12544/16384
mean(sgnprob[1:i - 1]) = 0.05078529857290919
12672/16384
mean(sgnprob[1:i - 1]) = 0.047904664193828425
12800/16384
mean(sgnprob[1:i - 1]) = 0.045706695835612154
12928/16384
mean(sgnprob[1:i - 1]) = 0.047884273226580024
13056/16384
mean(sgnprob[1:i - 1]) = 0.043891229414017616
13184/16384
mean(sgnprob[1:i - 1]) = 0.04407191079420466
13312/16384
mean(sgnprob[1:i - 1]) = 0.04079332882578319
13440/16384
mean(sgnprob[1:i - 1]) = 0.0427859215715455
13568/16384
mean(sgnprob[1:i - 1]) = 0.04503574850740768
13696/16384
mean(sgnprob[1:i - 1]) = 0.04592917123037605
13824/16384
mean(sgnprob[1:i - 1]) = 0.04362294726181003
13952/16384
mean(sgnprob[1:i - 1]) = 0.04408286144362411
14080/16384
mean(sgnprob[1:i - 1]) = 0.04297180197457206
14208/16384
mean(sgnprob[1:i - 1]) = 0.04610403322305905
14336/16384
mean(sgnprob[1:i - 1]) = 0.04792465992326474
14464/16384
mean(sgnprob[1:i - 1]) = 0.04998962870773698
14592/16384
mean(sgnprob[1:i - 1]) = 0.04653553560413954
14720/16384
mean(sgnprob[1:i - 1]) = 0.043685032950608056
14848/16384
mean(sgnprob[1:i - 1]) = 0.04411665656361555
14976/16384
mean(sgnprob[1:i - 1]) = 0.042537562604340565
15104/16384
mean(sgnprob[1:i - 1]) = 0.04363371515592929
15232/16384
mean(sgnprob[1:i - 1]) = 0.042085220930995995
15360/16384
mean(sgnprob[1:i - 1]) = 0.04316687284328407
15488/16384
mean(sgnprob[1:i - 1]) = 0.04126041195841674
15616/16384
mean(sgnprob[1:i - 1]) = 0.0430995837335895
15744/16384
mean(sgnprob[1:i - 1]) = 0.04414660484024646
15872/16384
mean(sgnprob[1:i - 1]) = 0.04530275344968811
16000/16384
mean(sgnprob[1:i - 1]) = 0.04669041815113444
16128/16384
mean(sgnprob[1:i - 1]) = 0.04483164878774726
16256/16384
mean(sgnprob[1:i - 1]) = 0.045585973546601044
16384/16384
mean(sgnprob[1:i - 1]) = 0.04779344442409815
754.988532 seconds (167.11 M allocations: 70.745 GiB, 1.39% gc time, 1.18% compilation time)
