## SLURM PROLOG ###############################################################
##    Job ID : 8834032
##  Job Name : sbatch_etgent.sh
##  Nodelist : node1733
##      CPUs : 8
##  Mem/Node : 4096 MB
## Directory : /oscar/home/trazzaz/AFQMC
##   Job Started : Fri Feb 28 05:00:18 AM EST 2025
###############################################################################
seed = 1586
U = 2.0
β = 6.0
Warming up
128/1024
256/1024
384/1024
512/1024
640/1024
768/1024
896/1024
1024/1024
Measuring
128/16384
mean(sgnprob[1:i - 1]) = 0.49606299212598426
256/16384
mean(sgnprob[1:i - 1]) = 0.5058823529411764
384/16384
mean(sgnprob[1:i - 1]) = 0.4621409921671018
512/16384
mean(sgnprob[1:i - 1]) = 0.46771037181996084
640/16384
mean(sgnprob[1:i - 1]) = 0.48982785602503914
768/16384
mean(sgnprob[1:i - 1]) = 0.30638852672750977
896/16384
mean(sgnprob[1:i - 1]) = 0.3318435754189944
1024/16384
mean(sgnprob[1:i - 1]) = 0.364613880742913
1152/16384
mean(sgnprob[1:i - 1]) = 0.25977410947002605
1280/16384
mean(sgnprob[1:i - 1]) = 0.2040656763096169
1408/16384
mean(sgnprob[1:i - 1]) = 0.22530206112295664
1536/16384
mean(sgnprob[1:i - 1]) = 0.23648208469055373
1664/16384
mean(sgnprob[1:i - 1]) = 0.2555622369212267
1792/16384
mean(sgnprob[1:i - 1]) = 0.26744835287548857
1920/16384
mean(sgnprob[1:i - 1]) = 0.20896300156331424
2048/16384
mean(sgnprob[1:i - 1]) = 0.22618466047874938
2176/16384
mean(sgnprob[1:i - 1]) = 0.24413793103448275
2304/16384
mean(sgnprob[1:i - 1]) = 0.26183239253148066
2432/16384
mean(sgnprob[1:i - 1]) = 0.27684080625257096
2560/16384
mean(sgnprob[1:i - 1]) = 0.28722157092614303
2688/16384
mean(sgnprob[1:i - 1]) = 0.24897655377744696
2816/16384
mean(sgnprob[1:i - 1]) = 0.21349911190053286
2944/16384
mean(sgnprob[1:i - 1]) = 0.22867821950390757
3072/16384
mean(sgnprob[1:i - 1]) = 0.24259198957994138
3200/16384
mean(sgnprob[1:i - 1]) = 0.21975617380431384
3328/16384
mean(sgnprob[1:i - 1]) = 0.23113916441238352
3456/16384
mean(sgnprob[1:i - 1]) = 0.238205499276411
3584/16384
mean(sgnprob[1:i - 1]) = 0.21295004186435948
3712/16384
mean(sgnprob[1:i - 1]) = 0.19105362436001078
3840/16384
mean(sgnprob[1:i - 1]) = 0.20083355040375098
3968/16384
mean(sgnprob[1:i - 1]) = 0.20947819510965465
4096/16384
mean(sgnprob[1:i - 1]) = 0.1873015873015873
4224/16384
mean(sgnprob[1:i - 1]) = 0.1963059436419607
4352/16384
mean(sgnprob[1:i - 1]) = 0.1758216501953574
4480/16384
mean(sgnprob[1:i - 1]) = 0.18642554141549453
4608/16384
mean(sgnprob[1:i - 1]) = 0.1690905144345561
4736/16384
mean(sgnprob[1:i - 1]) = 0.15311510031678988
4864/16384
mean(sgnprob[1:i - 1]) = 0.1634793337446021
4992/16384
mean(sgnprob[1:i - 1]) = 0.17331196153075537
5120/16384
mean(sgnprob[1:i - 1]) = 0.18187145926938855
5248/16384
mean(sgnprob[1:i - 1]) = 0.1877263198017915
5376/16384
mean(sgnprob[1:i - 1]) = 0.19516279069767442
5504/16384
mean(sgnprob[1:i - 1]) = 0.19970924950027258
5632/16384
mean(sgnprob[1:i - 1]) = 0.20511454448588173
5760/16384
mean(sgnprob[1:i - 1]) = 0.21305782253863517
5888/16384
mean(sgnprob[1:i - 1]) = 0.21827756072702564
6016/16384
mean(sgnprob[1:i - 1]) = 0.20199501246882792
6144/16384
mean(sgnprob[1:i - 1]) = 0.20787888653752237
6272/16384
mean(sgnprob[1:i - 1]) = 0.21320363578376655
6400/16384
mean(sgnprob[1:i - 1]) = 0.22112830129707767
6528/16384
mean(sgnprob[1:i - 1]) = 0.2262907920943772
6656/16384
mean(sgnprob[1:i - 1]) = 0.2318557475582269
6784/16384
mean(sgnprob[1:i - 1]) = 0.21981424148606812
6912/16384
mean(sgnprob[1:i - 1]) = 0.2064824193315005
7040/16384
mean(sgnprob[1:i - 1]) = 0.19136240943315813
7168/16384
mean(sgnprob[1:i - 1]) = 0.18041021347844285
7296/16384
mean(sgnprob[1:i - 1]) = 0.18574366004112405
7424/16384
mean(sgnprob[1:i - 1]) = 0.19331806547218106
7552/16384
mean(sgnprob[1:i - 1]) = 0.1950735001986492
7680/16384
mean(sgnprob[1:i - 1]) = 0.18296653210053393
7808/16384
mean(sgnprob[1:i - 1]) = 0.17023184321762522
7936/16384
mean(sgnprob[1:i - 1]) = 0.17580340264650285
8064/16384
mean(sgnprob[1:i - 1]) = 0.16482698747364505
8192/16384
mean(sgnprob[1:i - 1]) = 0.16884385300940055
8320/16384
mean(sgnprob[1:i - 1]) = 0.15711022959490323
8448/16384
mean(sgnprob[1:i - 1]) = 0.14786314667929443
8576/16384
mean(sgnprob[1:i - 1]) = 0.15335276967930028
8704/16384
mean(sgnprob[1:i - 1]) = 0.15845110881305297
8832/16384
mean(sgnprob[1:i - 1]) = 0.1634016532669007
8960/16384
mean(sgnprob[1:i - 1]) = 0.16687130260073668
9088/16384
mean(sgnprob[1:i - 1]) = 0.16033894574667107
9216/16384
mean(sgnprob[1:i - 1]) = 0.16657623440043406
9344/16384
mean(sgnprob[1:i - 1]) = 0.15937065182489565
9472/16384
mean(sgnprob[1:i - 1]) = 0.16334072431633406
9600/16384
mean(sgnprob[1:i - 1]) = 0.16782998228982185
9728/16384
mean(sgnprob[1:i - 1]) = 0.17158425002570166
9856/16384
mean(sgnprob[1:i - 1]) = 0.17483510908168443
9984/16384
mean(sgnprob[1:i - 1]) = 0.17980566963838526
10112/16384
mean(sgnprob[1:i - 1]) = 0.1830679458016022
10240/16384
mean(sgnprob[1:i - 1]) = 0.1735521046977244
10368/16384
mean(sgnprob[1:i - 1]) = 0.16485000482299605
10496/16384
mean(sgnprob[1:i - 1]) = 0.16817532158170556
10624/16384
mean(sgnprob[1:i - 1]) = 0.17273839781605949
10752/16384
mean(sgnprob[1:i - 1]) = 0.1634266579853037
10880/16384
mean(sgnprob[1:i - 1]) = 0.16738670833716335
11008/16384
mean(sgnprob[1:i - 1]) = 0.17034614336331425
11136/16384
mean(sgnprob[1:i - 1]) = 0.16174225415356983
11264/16384
mean(sgnprob[1:i - 1]) = 0.16611915120305426
11392/16384
mean(sgnprob[1:i - 1]) = 0.15810727767535773
11520/16384
mean(sgnprob[1:i - 1]) = 0.15027346123795468
11648/16384
mean(sgnprob[1:i - 1]) = 0.1537735039065854
11776/16384
mean(sgnprob[1:i - 1]) = 0.1570276008492569
11904/16384
mean(sgnprob[1:i - 1]) = 0.16054776106863816
12032/16384
mean(sgnprob[1:i - 1]) = 0.1634943063751974
12160/16384
mean(sgnprob[1:i - 1]) = 0.16539189078049182
12288/16384
mean(sgnprob[1:i - 1]) = 0.16985431757141695
12416/16384
mean(sgnprob[1:i - 1]) = 0.16278695126862666
12544/16384
mean(sgnprob[1:i - 1]) = 0.15602327991708523
12672/16384
mean(sgnprob[1:i - 1]) = 0.15081682582274486
12800/16384
mean(sgnprob[1:i - 1]) = 0.15243378388936635
12928/16384
mean(sgnprob[1:i - 1]) = 0.15664887444882802
13056/16384
mean(sgnprob[1:i - 1]) = 0.16032171581769436
13184/16384
mean(sgnprob[1:i - 1]) = 0.1637715239323371
13312/16384
mean(sgnprob[1:i - 1]) = 0.15798963263466306
13440/16384
mean(sgnprob[1:i - 1]) = 0.16169357839124934
13568/16384
mean(sgnprob[1:i - 1]) = 0.16488538365150734
13696/16384
mean(sgnprob[1:i - 1]) = 0.15940124132895217
13824/16384
mean(sgnprob[1:i - 1]) = 0.15228242783766185
13952/16384
mean(sgnprob[1:i - 1]) = 0.15489929037344993
14080/16384
mean(sgnprob[1:i - 1]) = 0.15817884792954046
14208/16384
mean(sgnprob[1:i - 1]) = 0.1618216372210882
14336/16384
mean(sgnprob[1:i - 1]) = 0.1644227415416812
14464/16384
mean(sgnprob[1:i - 1]) = 0.16725437322823758
14592/16384
mean(sgnprob[1:i - 1]) = 0.1616750051401549
14720/16384
mean(sgnprob[1:i - 1]) = 0.16434540389972144
14848/16384
mean(sgnprob[1:i - 1]) = 0.16723917289688153
14976/16384
mean(sgnprob[1:i - 1]) = 0.16901502504173624
15104/16384
mean(sgnprob[1:i - 1]) = 0.17195259220022513
15232/16384
mean(sgnprob[1:i - 1]) = 0.17510340752412842
15360/16384
mean(sgnprob[1:i - 1]) = 0.17729018816329187
15488/16384
mean(sgnprob[1:i - 1]) = 0.17233809001097694
15616/16384
mean(sgnprob[1:i - 1]) = 0.16733909702209415
15744/16384
mean(sgnprob[1:i - 1]) = 0.16165915009845647
15872/16384
mean(sgnprob[1:i - 1]) = 0.1647659252725096
16000/16384
mean(sgnprob[1:i - 1]) = 0.1683230201887618
16128/16384
mean(sgnprob[1:i - 1]) = 0.17107955602405903
16256/16384
mean(sgnprob[1:i - 1]) = 0.17354660104583206
16384/16384
mean(sgnprob[1:i - 1]) = 0.1759750961362388
738.149056 seconds (167.11 M allocations: 70.745 GiB, 1.64% gc time, 1.23% compilation time)
