## SLURM PROLOG ###############################################################
##    Job ID : 8822250
##  Job Name : sbatch_etgent.sh
##  Nodelist : node1717
##      CPUs : 8
##  Mem/Node : 4096 MB
## Directory : /oscar/home/trazzaz/AFQMC
##   Job Started : Thu Feb 27 05:46:40 PM EST 2025
###############################################################################
seed = 1245
U = 2.0
β = 6.0
Warming up
128/1024
256/1024
384/1024
512/1024
640/1024
768/1024
896/1024
1024/1024
Measuring
128/16384
mean(sgnprob[1:i - 1]) = 0.3543307086614173
256/16384
mean(sgnprob[1:i - 1]) = 0.38823529411764707
384/16384
mean(sgnprob[1:i - 1]) = 0.1122715404699739
512/16384
mean(sgnprob[1:i - 1]) = 0.21330724070450097
640/16384
mean(sgnprob[1:i - 1]) = 0.057902973395931145
768/16384
mean(sgnprob[1:i - 1]) = -0.003911342894393742
896/16384
mean(sgnprob[1:i - 1]) = -0.05027932960893855
1024/16384
mean(sgnprob[1:i - 1]) = 0.006842619745845552
1152/16384
mean(sgnprob[1:i - 1]) = 0.05994787141615986
1280/16384
mean(sgnprob[1:i - 1]) = 0.10242376856919469
1408/16384
mean(sgnprob[1:i - 1]) = 0.13717128642501777
1536/16384
mean(sgnprob[1:i - 1]) = 0.08794788273615635
1664/16384
mean(sgnprob[1:i - 1]) = 0.10883944678292243
1792/16384
mean(sgnprob[1:i - 1]) = 0.12674483528754885
1920/16384
mean(sgnprob[1:i - 1]) = 0.09015112037519542
2048/16384
mean(sgnprob[1:i - 1]) = 0.1079628724963361
2176/16384
mean(sgnprob[1:i - 1]) = 0.07770114942528736
2304/16384
mean(sgnprob[1:i - 1]) = 0.10551454624402953
2432/16384
mean(sgnprob[1:i - 1]) = 0.07939119703825587
2560/16384
mean(sgnprob[1:i - 1]) = 0.09886674482219616
2688/16384
mean(sgnprob[1:i - 1]) = 0.11127651656122069
2816/16384
mean(sgnprob[1:i - 1]) = 0.12682060390763766
2944/16384
mean(sgnprob[1:i - 1]) = 0.14169215086646278
3072/16384
mean(sgnprob[1:i - 1]) = 0.15727775968739824
3200/16384
mean(sgnprob[1:i - 1]) = 0.16661456705220382
3328/16384
mean(sgnprob[1:i - 1]) = 0.18304779080252478
3456/16384
mean(sgnprob[1:i - 1]) = 0.16237337192474674
3584/16384
mean(sgnprob[1:i - 1]) = 0.16996929946971812
3712/16384
mean(sgnprob[1:i - 1]) = 0.18081379682026408
3840/16384
mean(sgnprob[1:i - 1]) = 0.1596769992185465
3968/16384
mean(sgnprob[1:i - 1]) = 0.14141668767330476
4096/16384
mean(sgnprob[1:i - 1]) = 0.15018315018315018
4224/16384
mean(sgnprob[1:i - 1]) = 0.1593653800615676
4352/16384
mean(sgnprob[1:i - 1]) = 0.13996782348885314
4480/16384
mean(sgnprob[1:i - 1]) = 0.14847064076802857
4608/16384
mean(sgnprob[1:i - 1]) = 0.1343607553722596
4736/16384
mean(sgnprob[1:i - 1]) = 0.11932418162618796
4864/16384
mean(sgnprob[1:i - 1]) = 0.10384536294468436
4992/16384
mean(sgnprob[1:i - 1]) = 0.11079943899018233
5120/16384
mean(sgnprob[1:i - 1]) = 0.10021488571986716
5248/16384
mean(sgnprob[1:i - 1]) = 0.10768057937869259
5376/16384
mean(sgnprob[1:i - 1]) = 0.09693023255813954
5504/16384
mean(sgnprob[1:i - 1]) = 0.10630565146283845
5632/16384
mean(sgnprob[1:i - 1]) = 0.11134789557805008
5760/16384
mean(sgnprob[1:i - 1]) = 0.11512415349887133
5888/16384
mean(sgnprob[1:i - 1]) = 0.12077458807542042
6016/16384
mean(sgnprob[1:i - 1]) = 0.12784704904405653
6144/16384
mean(sgnprob[1:i - 1]) = 0.1352759238157252
6272/16384
mean(sgnprob[1:i - 1]) = 0.1385743900494339
6400/16384
mean(sgnprob[1:i - 1]) = 0.14549148304422566
6528/16384
mean(sgnprob[1:i - 1]) = 0.1493795005362341
6656/16384
mean(sgnprob[1:i - 1]) = 0.1555221637866266
6784/16384
mean(sgnprob[1:i - 1]) = 0.15966386554621848
6912/16384
mean(sgnprob[1:i - 1]) = 0.16509911734915353
7040/16384
mean(sgnprob[1:i - 1]) = 0.15669839465833216
7168/16384
mean(sgnprob[1:i - 1]) = 0.16143435189060973
7296/16384
mean(sgnprob[1:i - 1]) = 0.16710075394105553
7424/16384
mean(sgnprob[1:i - 1]) = 0.17041627374376936
7552/16384
mean(sgnprob[1:i - 1]) = 0.1728247914183552
7680/16384
mean(sgnprob[1:i - 1]) = 0.1774970699309806
7808/16384
mean(sgnprob[1:i - 1]) = 0.16715767900602024
7936/16384
mean(sgnprob[1:i - 1]) = 0.17051039697542533
8064/16384
mean(sgnprob[1:i - 1]) = 0.17375666625325561
8192/16384
mean(sgnprob[1:i - 1]) = 0.1771456476620681
8320/16384
mean(sgnprob[1:i - 1]) = 0.16696718355571583
8448/16384
mean(sgnprob[1:i - 1]) = 0.17225050313720847
8576/16384
mean(sgnprob[1:i - 1]) = 0.17690962099125365
8704/16384
mean(sgnprob[1:i - 1]) = 0.18005285533724003
8832/16384
mean(sgnprob[1:i - 1]) = 0.1833314460423508
8960/16384
mean(sgnprob[1:i - 1]) = 0.18763254827547718
9088/16384
mean(sgnprob[1:i - 1]) = 0.19181247936612744
9216/16384
mean(sgnprob[1:i - 1]) = 0.19631036353771025
9344/16384
mean(sgnprob[1:i - 1]) = 0.20047094081130257
9472/16384
mean(sgnprob[1:i - 1]) = 0.1926934853764122
9600/16384
mean(sgnprob[1:i - 1]) = 0.1944994270236483
9728/16384
mean(sgnprob[1:i - 1]) = 0.19913642438573045
9856/16384
mean(sgnprob[1:i - 1]) = 0.19147640791476409
9984/16384
mean(sgnprob[1:i - 1]) = 0.18441350295502354
10112/16384
mean(sgnprob[1:i - 1]) = 0.18840866383147067
10240/16384
mean(sgnprob[1:i - 1]) = 0.1809747045609923
10368/16384
mean(sgnprob[1:i - 1]) = 0.1827915501109289
10496/16384
mean(sgnprob[1:i - 1]) = 0.1761791329204383
10624/16384
mean(sgnprob[1:i - 1]) = 0.17800997834886567
10752/16384
mean(sgnprob[1:i - 1]) = 0.18054134499116362
10880/16384
mean(sgnprob[1:i - 1]) = 0.1717988785733983
11008/16384
mean(sgnprob[1:i - 1]) = 0.17525211229217771
11136/16384
mean(sgnprob[1:i - 1]) = 0.17844634036820836
11264/16384
mean(sgnprob[1:i - 1]) = 0.17162390126964397
11392/16384
mean(sgnprob[1:i - 1]) = 0.1739092265823896
11520/16384
mean(sgnprob[1:i - 1]) = 0.16642069624099315
11648/16384
mean(sgnprob[1:i - 1]) = 0.1604705074268052
11776/16384
mean(sgnprob[1:i - 1]) = 0.16263269639065817
11904/16384
mean(sgnprob[1:i - 1]) = 0.15634713937662775
12032/16384
mean(sgnprob[1:i - 1]) = 0.15883966420081455
12160/16384
mean(sgnprob[1:i - 1]) = 0.16210214655810512
12288/16384
mean(sgnprob[1:i - 1]) = 0.1654594286644421
12416/16384
mean(sgnprob[1:i - 1]) = 0.16794200563834072
12544/16384
mean(sgnprob[1:i - 1]) = 0.16989555927609026
12672/16384
mean(sgnprob[1:i - 1]) = 0.1642332886117907
12800/16384
mean(sgnprob[1:i - 1]) = 0.15774669896085633
12928/16384
mean(sgnprob[1:i - 1]) = 0.16005260307882727
13056/16384
mean(sgnprob[1:i - 1]) = 0.15404059747223287
13184/16384
mean(sgnprob[1:i - 1]) = 0.15603428658120305
13312/16384
mean(sgnprob[1:i - 1]) = 0.15904139433551198
13440/16384
mean(sgnprob[1:i - 1]) = 0.16124711660093757
13568/16384
mean(sgnprob[1:i - 1]) = 0.16429571754993735
13696/16384
mean(sgnprob[1:i - 1]) = 0.16801752464403066
13824/16384
mean(sgnprob[1:i - 1]) = 0.16284453447153296
13952/16384
mean(sgnprob[1:i - 1]) = 0.16593792559673143
14080/16384
mean(sgnprob[1:i - 1]) = 0.1676965693586192
14208/16384
mean(sgnprob[1:i - 1]) = 0.16998662631097347
14336/16384
mean(sgnprob[1:i - 1]) = 0.17223578653644925
14464/16384
mean(sgnprob[1:i - 1]) = 0.1748599875544493
14592/16384
mean(sgnprob[1:i - 1]) = 0.1779864299910904
14720/16384
mean(sgnprob[1:i - 1]) = 0.17969970786058836
14848/16384
mean(sgnprob[1:i - 1]) = 0.18205698120832492
14976/16384
mean(sgnprob[1:i - 1]) = 0.18357262103505842
15104/16384
mean(sgnprob[1:i - 1]) = 0.18638681056743694
15232/16384
mean(sgnprob[1:i - 1]) = 0.18902238854966844
15360/16384
mean(sgnprob[1:i - 1]) = 0.19070251969529267
15488/16384
mean(sgnprob[1:i - 1]) = 0.1852521469619681
15616/16384
mean(sgnprob[1:i - 1]) = 0.18821645853346142
15744/16384
mean(sgnprob[1:i - 1]) = 0.19125960744457854
15872/16384
mean(sgnprob[1:i - 1]) = 0.19185936613949972
16000/16384
mean(sgnprob[1:i - 1]) = 0.19457466091630726
16128/16384
mean(sgnprob[1:i - 1]) = 0.19724685310349105
16256/16384
mean(sgnprob[1:i - 1]) = 0.2
16384/16384
mean(sgnprob[1:i - 1]) = 0.19550753830189832
724.541311 seconds (167.11 M allocations: 70.745 GiB, 1.26% gc time, 1.22% compilation time)
