## SLURM PROLOG ###############################################################
##    Job ID : 5902719
##  Job Name : etgent_N6_seed1247
##  Nodelist : node1648
##      CPUs : 8
##  Mem/Node : 2048 MB
## Directory : /oscar/home/trazzaz/AFQMC
##   Job Started : Sun Nov 10 11:21:14 PM EST 2024
###############################################################################
U = 2.0
seed = 1247
λₖ = 0.0
Warming up
128/512
256/512
384/512
512/512
Measuring
128/1024
256/1024
384/1024
512/1024
640/1024
768/1024
896/1024
1024/1024
282.498430 seconds (203.81 M allocations: 1.089 TiB, 21.44% gc time, 3.04% compilation time)
λₖ = 0.2
Warming up
128/512
256/512
384/512
512/512
Measuring
128/1024
256/1024
384/1024
512/1024
640/1024
768/1024
896/1024
1024/1024
312.473543 seconds (201.96 M allocations: 1.089 TiB, 20.81% gc time, 0.03% compilation time)
λₖ = 0.4
Warming up
128/512
256/512
384/512
512/512
Measuring
128/1024
256/1024
384/1024
512/1024
640/1024
768/1024
896/1024
1024/1024
240.715316 seconds (201.96 M allocations: 1.089 TiB, 23.03% gc time)
λₖ = 0.6
Warming up
128/512
256/512
384/512
512/512
Measuring
128/1024
256/1024
384/1024
512/1024
640/1024
768/1024
896/1024
1024/1024
241.233833 seconds (201.96 M allocations: 1.089 TiB, 23.27% gc time)
λₖ = 0.8
Warming up
128/512
256/512
384/512
512/512
Measuring
128/1024
256/1024
384/1024
512/1024
640/1024
768/1024
896/1024
1024/1024
239.110406 seconds (201.96 M allocations: 1.089 TiB, 23.20% gc time)
