## SLURM PROLOG ###############################################################
##    Job ID : 8833826
##  Job Name : sbatch_etgent.sh
##  Nodelist : node1741
##      CPUs : 8
##  Mem/Node : 4096 MB
## Directory : /oscar/home/trazzaz/AFQMC
##   Job Started : Thu Feb 27 11:19:07 PM EST 2025
###############################################################################
seed = 1380
U = 2.0
β = 6.0
Warming up
128/1024
256/1024
384/1024
512/1024
640/1024
768/1024
896/1024
1024/1024
Measuring
128/16384
mean(sgnprob[1:i - 1]) = 0.33858267716535434
256/16384
mean(sgnprob[1:i - 1]) = 0.36470588235294116
384/16384
mean(sgnprob[1:i - 1]) = 0.07049608355091384
512/16384
mean(sgnprob[1:i - 1]) = 0.15851272015655576
640/16384
mean(sgnprob[1:i - 1]) = 0.0297339593114241
768/16384
mean(sgnprob[1:i - 1]) = 0.08735332464146023
896/16384
mean(sgnprob[1:i - 1]) = 0.1329608938547486
1024/16384
mean(sgnprob[1:i - 1]) = 0.17302052785923755
1152/16384
mean(sgnprob[1:i - 1]) = 0.21807124239791487
1280/16384
mean(sgnprob[1:i - 1]) = 0.1493354182955434
1408/16384
mean(sgnprob[1:i - 1]) = 0.17555081734186212
1536/16384
mean(sgnprob[1:i - 1]) = 0.12312703583061889
1664/16384
mean(sgnprob[1:i - 1]) = 0.15694527961515334
1792/16384
mean(sgnprob[1:i - 1]) = 0.17587939698492464
1920/16384
mean(sgnprob[1:i - 1]) = 0.19437206878582594
2048/16384
mean(sgnprob[1:i - 1]) = 0.21152906692721055
2176/16384
mean(sgnprob[1:i - 1]) = 0.16689655172413792
2304/16384
mean(sgnprob[1:i - 1]) = 0.18106817194963093
2432/16384
mean(sgnprob[1:i - 1]) = 0.2011517893870835
2560/16384
mean(sgnprob[1:i - 1]) = 0.217663149667839
2688/16384
mean(sgnprob[1:i - 1]) = 0.18273167100855972
2816/16384
mean(sgnprob[1:i - 1]) = 0.15808170515097691
2944/16384
mean(sgnprob[1:i - 1]) = 0.17227319062181448
3072/16384
mean(sgnprob[1:i - 1]) = 0.19114295017909474
3200/16384
mean(sgnprob[1:i - 1]) = 0.2066270709596749
3328/16384
mean(sgnprob[1:i - 1]) = 0.17883979561166216
3456/16384
mean(sgnprob[1:i - 1]) = 0.1918958031837916
3584/16384
mean(sgnprob[1:i - 1]) = 0.16662015071169411
3712/16384
mean(sgnprob[1:i - 1]) = 0.178119105362436
3840/16384
mean(sgnprob[1:i - 1]) = 0.19301901536858557
3968/16384
mean(sgnprob[1:i - 1]) = 0.19889084950844466
4096/16384
mean(sgnprob[1:i - 1]) = 0.2122100122100122
4224/16384
mean(sgnprob[1:i - 1]) = 0.2185650011839924
4352/16384
mean(sgnprob[1:i - 1]) = 0.22408641691565157
4480/16384
mean(sgnprob[1:i - 1]) = 0.2301853092208082
4608/16384
mean(sgnprob[1:i - 1]) = 0.2090297373561971
4736/16384
mean(sgnprob[1:i - 1]) = 0.217740232312566
4864/16384
mean(sgnprob[1:i - 1]) = 0.22722599218589348
4992/16384
mean(sgnprob[1:i - 1]) = 0.23862953315968743
5120/16384
mean(sgnprob[1:i - 1]) = 0.24555577261183825
5248/16384
mean(sgnprob[1:i - 1]) = 0.2529064227177435
5376/16384
mean(sgnprob[1:i - 1]) = 0.2372093023255814
5504/16384
mean(sgnprob[1:i - 1]) = 0.23896056696347448
5632/16384
mean(sgnprob[1:i - 1]) = 0.22251820280589593
5760/16384
mean(sgnprob[1:i - 1]) = 0.22660184059732594
5888/16384
mean(sgnprob[1:i - 1]) = 0.23254628843213862
6016/16384
mean(sgnprob[1:i - 1]) = 0.21795511221945138
6144/16384
mean(sgnprob[1:i - 1]) = 0.22383200390688587
6272/16384
mean(sgnprob[1:i - 1]) = 0.22978791261361825
6400/16384
mean(sgnprob[1:i - 1]) = 0.23581809657759026
6528/16384
mean(sgnprob[1:i - 1]) = 0.2425310249731883
6656/16384
mean(sgnprob[1:i - 1]) = 0.25048835462058605
6784/16384
mean(sgnprob[1:i - 1]) = 0.2540173964322571
6912/16384
mean(sgnprob[1:i - 1]) = 0.25886268267978585
7040/16384
mean(sgnprob[1:i - 1]) = 0.2479045318937349
7168/16384
mean(sgnprob[1:i - 1]) = 0.2524068647969862
7296/16384
mean(sgnprob[1:i - 1]) = 0.25675119945167924
7424/16384
mean(sgnprob[1:i - 1]) = 0.2595985450626431
7552/16384
mean(sgnprob[1:i - 1]) = 0.24937094424579526
7680/16384
mean(sgnprob[1:i - 1]) = 0.25406954030472717
7808/16384
mean(sgnprob[1:i - 1]) = 0.25938260535416935
7936/16384
mean(sgnprob[1:i - 1]) = 0.26200378071833647
8064/16384
mean(sgnprob[1:i - 1]) = 0.2655339203770309
8192/16384
mean(sgnprob[1:i - 1]) = 0.26944207056525454
8320/16384
mean(sgnprob[1:i - 1]) = 0.2573626637817045
8448/16384
mean(sgnprob[1:i - 1]) = 0.26364389724162424
8576/16384
mean(sgnprob[1:i - 1]) = 0.26857142857142857
8704/16384
mean(sgnprob[1:i - 1]) = 0.2726645984143399
8832/16384
mean(sgnprob[1:i - 1]) = 0.2766391122183218
8960/16384
mean(sgnprob[1:i - 1]) = 0.28027681660899656
9088/16384
mean(sgnprob[1:i - 1]) = 0.2717068339385936
9216/16384
mean(sgnprob[1:i - 1]) = 0.2737927292457949
9344/16384
mean(sgnprob[1:i - 1]) = 0.2758214706197153
9472/16384
mean(sgnprob[1:i - 1]) = 0.279484742899377
9600/16384
mean(sgnprob[1:i - 1]) = 0.2820085425565163
9728/16384
mean(sgnprob[1:i - 1]) = 0.28446591960522255
9856/16384
mean(sgnprob[1:i - 1]) = 0.2734652460679858
9984/16384
mean(sgnprob[1:i - 1]) = 0.2771711910247421
10112/16384
mean(sgnprob[1:i - 1]) = 0.26792602116506775
10240/16384
mean(sgnprob[1:i - 1]) = 0.2694599081941596
10368/16384
mean(sgnprob[1:i - 1]) = 0.27076299797434167
10496/16384
mean(sgnprob[1:i - 1]) = 0.27222486898523107
10624/16384
mean(sgnprob[1:i - 1]) = 0.2759107596724089
10752/16384
mean(sgnprob[1:i - 1]) = 0.2664868384336341
10880/16384
mean(sgnprob[1:i - 1]) = 0.2697858259031161
11008/16384
mean(sgnprob[1:i - 1]) = 0.2601072045062233
11136/16384
mean(sgnprob[1:i - 1]) = 0.2635832959137854
11264/16384
mean(sgnprob[1:i - 1]) = 0.26680280564680814
11392/16384
mean(sgnprob[1:i - 1]) = 0.2692476516548152
11520/16384
mean(sgnprob[1:i - 1]) = 0.2719854154006424
11648/16384
mean(sgnprob[1:i - 1]) = 0.2629861766978621
11776/16384
mean(sgnprob[1:i - 1]) = 0.26522292993630575
11904/16384
mean(sgnprob[1:i - 1]) = 0.25682601024951696
12032/16384
mean(sgnprob[1:i - 1]) = 0.258249522067991
12160/16384
mean(sgnprob[1:i - 1]) = 0.2598075499629904
12288/16384
mean(sgnprob[1:i - 1]) = 0.262798079270774
12416/16384
mean(sgnprob[1:i - 1]) = 0.26556584776480063
12544/16384
mean(sgnprob[1:i - 1]) = 0.2689149326317468
12672/16384
mean(sgnprob[1:i - 1]) = 0.2709336279693789
12800/16384
mean(sgnprob[1:i - 1]) = 0.27400578170169543
12928/16384
mean(sgnprob[1:i - 1]) = 0.26757948479925736
13056/16384
mean(sgnprob[1:i - 1]) = 0.27001148985063195
13184/16384
mean(sgnprob[1:i - 1]) = 0.27224455738451037
13312/16384
mean(sgnprob[1:i - 1]) = 0.27518593644354294
13440/16384
mean(sgnprob[1:i - 1]) = 0.27747600267877076
13568/16384
mean(sgnprob[1:i - 1]) = 0.2795754404068696
13696/16384
mean(sgnprob[1:i - 1]) = 0.2724351953267616
13824/16384
mean(sgnprob[1:i - 1]) = 0.2647037546118787
13952/16384
mean(sgnprob[1:i - 1]) = 0.267292667192316
14080/16384
mean(sgnprob[1:i - 1]) = 0.27082889409759214
14208/16384
mean(sgnprob[1:i - 1]) = 0.2730344196522841
14336/16384
mean(sgnprob[1:i - 1]) = 0.2671084757586327
14464/16384
mean(sgnprob[1:i - 1]) = 0.27055244416787666
14592/16384
mean(sgnprob[1:i - 1]) = 0.2639298197519019
14720/16384
mean(sgnprob[1:i - 1]) = 0.2650315918200965
14848/16384
mean(sgnprob[1:i - 1]) = 0.2669226106284098
14976/16384
mean(sgnprob[1:i - 1]) = 0.26918196994991656
15104/16384
mean(sgnprob[1:i - 1]) = 0.2719327285969675
15232/16384
mean(sgnprob[1:i - 1]) = 0.27371807497866196
15360/16384
mean(sgnprob[1:i - 1]) = 0.2667491373136272
15488/16384
mean(sgnprob[1:i - 1]) = 0.2676438303092917
15616/16384
mean(sgnprob[1:i - 1]) = 0.26839577329490877
15744/16384
mean(sgnprob[1:i - 1]) = 0.2622752969573779
15872/16384
mean(sgnprob[1:i - 1]) = 0.2640665364501292
16000/16384
mean(sgnprob[1:i - 1]) = 0.2650790674417151
16128/16384
mean(sgnprob[1:i - 1]) = 0.2671916661499349
16256/16384
mean(sgnprob[1:i - 1]) = 0.2609043371270378
16384/16384
mean(sgnprob[1:i - 1]) = 0.2635048525911005
731.135691 seconds (167.11 M allocations: 70.745 GiB, 1.47% gc time, 1.22% compilation time)
