## SLURM PROLOG ###############################################################
##    Job ID : 5902723
##  Job Name : etgent_N6_seed1251
##  Nodelist : node1752
##      CPUs : 8
##  Mem/Node : 2048 MB
## Directory : /oscar/home/trazzaz/AFQMC
##   Job Started : Sun Nov 10 11:40:13 PM EST 2024
###############################################################################
U = 2.0
seed = 1251
λₖ = 0.0
Warming up
128/512
256/512
384/512
512/512
Measuring
128/1024
256/1024
384/1024
512/1024
640/1024
768/1024
896/1024
1024/1024
240.672559 seconds (203.81 M allocations: 1.089 TiB, 18.71% gc time, 3.21% compilation time)
λₖ = 0.2
Warming up
128/512
256/512
384/512
512/512
Measuring
128/1024
256/1024
384/1024
512/1024
640/1024
768/1024
896/1024
1024/1024
271.401052 seconds (201.96 M allocations: 1.089 TiB, 18.53% gc time, 0.03% compilation time)
λₖ = 0.4
Warming up
128/512
256/512
384/512
512/512
Measuring
128/1024
256/1024
384/1024
512/1024
640/1024
768/1024
896/1024
1024/1024
220.915584 seconds (201.96 M allocations: 1.089 TiB, 22.55% gc time)
λₖ = 0.6
Warming up
128/512
256/512
384/512
512/512
Measuring
128/1024
256/1024
384/1024
512/1024
640/1024
768/1024
896/1024
1024/1024
205.270292 seconds (201.96 M allocations: 1.089 TiB, 20.54% gc time)
λₖ = 0.8
Warming up
128/512
256/512
384/512
512/512
Measuring
128/1024
256/1024
384/1024
512/1024
640/1024
768/1024
896/1024
1024/1024
205.586325 seconds (201.96 M allocations: 1.089 TiB, 20.76% gc time)
