## SLURM PROLOG ###############################################################
##    Job ID : 5902759
##  Job Name : etgent_N2_seed1247
##  Nodelist : node1752
##      CPUs : 8
##  Mem/Node : 2048 MB
## Directory : /oscar/home/trazzaz/AFQMC
##   Job Started : Mon Nov 11 12:46:17 AM EST 2024
###############################################################################
U = 2.0
seed = 1247
λₖ = 0.0
Warming up
128/512
256/512
384/512
512/512
Measuring
128/1024
256/1024
384/1024
512/1024
640/1024
768/1024
896/1024
1024/1024
243.244232 seconds (203.81 M allocations: 1.089 TiB, 19.00% gc time, 3.16% compilation time)
λₖ = 0.2
Warming up
128/512
256/512
384/512
512/512
Measuring
128/1024
256/1024
384/1024
512/1024
640/1024
768/1024
896/1024
1024/1024
268.025902 seconds (201.96 M allocations: 1.089 TiB, 19.19% gc time, 0.03% compilation time)
λₖ = 0.4
Warming up
128/512
256/512
384/512
512/512
Measuring
128/1024
256/1024
384/1024
512/1024
640/1024
768/1024
896/1024
1024/1024
205.737194 seconds (201.96 M allocations: 1.089 TiB, 21.13% gc time)
λₖ = 0.6
Warming up
128/512
256/512
384/512
512/512
Measuring
128/1024
256/1024
384/1024
512/1024
640/1024
768/1024
896/1024
1024/1024
208.341553 seconds (201.96 M allocations: 1.089 TiB, 21.43% gc time)
λₖ = 0.8
Warming up
128/512
256/512
384/512
512/512
Measuring
128/1024
256/1024
384/1024
512/1024
640/1024
768/1024
896/1024
1024/1024
209.193448 seconds (201.96 M allocations: 1.089 TiB, 21.53% gc time)
