## SLURM PROLOG ###############################################################
##    Job ID : 5955248
##  Job Name : etgent_N(1,2)_seed1247
##  Nodelist : node1749
##      CPUs : 8
##  Mem/Node : 2048 MB
## Directory : /oscar/home/trazzaz/AFQMC
##   Job Started : Mon Nov 11 09:34:52 PM EST 2024
###############################################################################
U = 2.0
seed = 1247
λₖ = 0.0
Warming up
128/512
256/512
384/512
512/512
Measuring
128/1024
256/1024
384/1024
512/1024
640/1024
768/1024
896/1024
1024/1024
122.475789 seconds (80.56 M allocations: 16.970 GiB, 4.08% gc time, 9.66% compilation time)
λₖ = 0.2
Warming up
128/512
256/512
384/512
512/512
Measuring
128/1024
256/1024
384/1024
512/1024
640/1024
768/1024
896/1024
1024/1024
111.753628 seconds (76.83 M allocations: 16.806 GiB, 4.10% gc time, 0.10% compilation time)
λₖ = 0.4
Warming up
128/512
256/512
384/512
512/512
Measuring
128/1024
256/1024
384/1024
512/1024
640/1024
768/1024
896/1024
1024/1024
111.923664 seconds (76.82 M allocations: 16.805 GiB, 3.83% gc time)
λₖ = 0.6
Warming up
128/512
256/512
384/512
512/512
Measuring
128/1024
256/1024
384/1024
512/1024
640/1024
768/1024
896/1024
1024/1024
110.387962 seconds (76.82 M allocations: 16.805 GiB, 3.69% gc time)
λₖ = 0.8
Warming up
128/512
256/512
384/512
512/512
Measuring
128/1024
256/1024
384/1024
512/1024
640/1024
768/1024
896/1024
1024/1024
123.087347 seconds (76.82 M allocations: 16.805 GiB, 3.13% gc time)
