## SLURM PROLOG ###############################################################
##    Job ID : 5902721
##  Job Name : etgent_N6_seed1249
##  Nodelist : node1649
##      CPUs : 8
##  Mem/Node : 2048 MB
## Directory : /oscar/home/trazzaz/AFQMC
##   Job Started : Sun Nov 10 11:22:13 PM EST 2024
###############################################################################
U = 2.0
seed = 1249
λₖ = 0.0
Warming up
128/512
256/512
384/512
512/512
Measuring
128/1024
256/1024
384/1024
512/1024
640/1024
768/1024
896/1024
1024/1024
274.563745 seconds (203.81 M allocations: 1.089 TiB, 20.13% gc time, 2.99% compilation time)
λₖ = 0.2
Warming up
128/512
256/512
384/512
512/512
Measuring
128/1024
256/1024
384/1024
512/1024
640/1024
768/1024
896/1024
1024/1024
293.383719 seconds (201.96 M allocations: 1.089 TiB, 20.18% gc time, 0.03% compilation time)
λₖ = 0.4
Warming up
128/512
256/512
384/512
512/512
Measuring
128/1024
256/1024
384/1024
512/1024
640/1024
768/1024
896/1024
1024/1024
224.530661 seconds (201.96 M allocations: 1.089 TiB, 21.46% gc time)
λₖ = 0.6
Warming up
128/512
256/512
384/512
512/512
Measuring
128/1024
256/1024
384/1024
512/1024
640/1024
768/1024
896/1024
1024/1024
223.925956 seconds (201.96 M allocations: 1.089 TiB, 21.47% gc time)
λₖ = 0.8
Warming up
128/512
256/512
384/512
512/512
Measuring
128/1024
256/1024
384/1024
512/1024
640/1024
768/1024
896/1024
1024/1024
224.484132 seconds (201.96 M allocations: 1.089 TiB, 21.62% gc time)
