## SLURM PROLOG ###############################################################
##    Job ID : 5902763
##  Job Name : etgent_N2_seed1251
##  Nodelist : node1736
##      CPUs : 8
##  Mem/Node : 2048 MB
## Directory : /oscar/home/trazzaz/AFQMC
##   Job Started : Mon Nov 11 12:57:18 AM EST 2024
###############################################################################
U = 2.0
seed = 1251
λₖ = 0.0
Warming up
128/512
256/512
384/512
512/512
Measuring
128/1024
256/1024
384/1024
512/1024
640/1024
768/1024
896/1024
1024/1024
279.603700 seconds (203.81 M allocations: 1.089 TiB, 22.04% gc time, 2.73% compilation time)
λₖ = 0.2
Warming up
128/512
256/512
384/512
512/512
Measuring
128/1024
256/1024
384/1024
512/1024
640/1024
768/1024
896/1024
1024/1024
295.415170 seconds (201.96 M allocations: 1.089 TiB, 21.37% gc time, 0.03% compilation time)
λₖ = 0.4
Warming up
128/512
256/512
384/512
512/512
Measuring
128/1024
256/1024
384/1024
512/1024
640/1024
768/1024
896/1024
1024/1024
229.508320 seconds (201.96 M allocations: 1.089 TiB, 23.47% gc time)
λₖ = 0.6
Warming up
128/512
256/512
384/512
512/512
Measuring
128/1024
256/1024
384/1024
512/1024
640/1024
768/1024
896/1024
1024/1024
227.260526 seconds (201.96 M allocations: 1.089 TiB, 23.29% gc time)
λₖ = 0.8
Warming up
128/512
256/512
384/512
512/512
Measuring
128/1024
256/1024
384/1024
512/1024
640/1024
768/1024
896/1024
1024/1024
253.857009 seconds (201.96 M allocations: 1.089 TiB, 25.39% gc time)
