## SLURM PROLOG ###############################################################
##    Job ID : 5959485
##  Job Name : etgent_N(1,2)_seed1250
##  Nodelist : node1734
##      CPUs : 8
##  Mem/Node : 2048 MB
## Directory : /oscar/home/trazzaz/AFQMC
##   Job Started : Tue Nov 12 12:20:04 AM EST 2024
###############################################################################
U = 2.0
seed = 1250
λₖ = 0.0
Warming up
128/512
256/512
384/512
512/512
Measuring
0.46152806809326863
0.7615295047797144
0.6769107505880185
1.1460935385759061
0.814646398076841
0.911317038169482
0.3192493607254026
0.9222530270641367
0.3543125869058099
0.689753061305757
0.5702356802779726
0.6883217332527307
1.1416341939474077
0.8923660551717485
0.6103619503521834
0.8596488836072236
0.4730241665791265
0.5043429461927871
1.2925740104599452
1.5082456356819285
1.022281620884005
0.6717717489571178
0.29780087439452646
1.0011424605968824
1.059639463453876
1.0333495374378263
0.6294165753648168
0.32073930005873186
0.6444264463674546
0.7164805886114897
1.1517831472406548
0.8419253655778517
0.8329207479968225
0.8183351485898349
1.2047099841813251
0.3749587679830263
0.6125758893910463
0.5222766429693138
0.41486891753246086
0.34951460462448225
0.7810190859363806
0.9391371983186464
0.40270455967757
0.8150647854415539
0.4126906842141913
0.32897607944667595
0.8893692631105716
0.4576244462958952
1.3604993291538179
1.3459489046103141
0.2981383374561134
0.536767667025483
0.368747709589152
0.42557365400303915
0.5688642676232438
0.3921151709019227
0.9888668058988352
0.5298453048217874
0.35710717587523755
0.78914002147645
0.42881341634664244
0.597879041264614
1.2770715732120412
1.5812100027102813
0.46643332192368536
0.5204127331881445
1.0083576490907378
0.7392790558104856
1.0342307439445895
0.33010563273261373
0.4009540882428188
1.1953681244824135
0.8411305975546284
1.5153882199670485
1.0287514315582404
0.5530356764494738
0.7867734006321413
0.5875171118787813
1.1221183356306903
0.5877695819181954
0.34523997890767544
0.41747034333262545
0.7303769736980795
0.5666907648927135
0.5594210292901015
1.5353522412563132
1.1429695667360138
0.49050028079050323
0.4367408653851752
1.075153265501984
0.7897962497376343
0.6161350666151134
0.5658062920978882
0.4418674790346345
1.459703296897662
0.31432733172138266
0.9369479037778695
0.6318813009380428
0.8566111437999642
0.8739843283213456
0.50856664586387
0.6075650854021604
0.7347236980733155
0.6360012920652535
0.3743473128148833
0.9604486093028763
0.5785889254138087
1.2490663298136102
0.43093165721755633
1.3133908169440496
0.4603025883528439
1.653395662626141
0.46153680909627004
1.3520994321425701
1.5833911731272037
0.6583235067977589
0.7987677791588795
0.4981294443489632
0.3775770544074636
0.9919154904293012
0.5115105691659838
1.065608583160207
0.7248918713524939
0.4252260234316537
0.7394382854764139
0.9675936268631298
1.3253966616841009
128/1024
1.4623366560760607
0.8457253759409317
0.5292665584290659
1.1071741200015746
0.9317687014103544
0.3030024829333726
1.0187956191905538
2.020928949412526
0.31268890207084915
0.6533535337775485
0.9466166003670914
0.5640771701204977
0.3907470288289867
0.6042382219719364
0.8570224660187825
1.2564422282269947
1.3443739052048918
2.155767017892479
1.4897979402930903
0.3125827337786393
1.2783183376647078
1.2175311367507868
1.3565430869926063
0.1718951238221878
1.9535663299672157
1.5924913873498245
0.664252275849745
0.880261163555253
1.1236398870582365
0.7443077940987526
0.4610935457116917
0.845902208403776
0.5909763041366306
1.3559874483419616
1.1356283823219215
0.5658815552675563
0.26659990607110107
0.5414398328808762
1.1703455750974017
0.5239973173570578
0.29791986667598447
0.1876957473213854
0.24253470677651834
0.9867132495522866
1.0869259833088716
0.2753953853462763
1.3304639298582759
1.9409779653422696
1.3252889875392975
0.34887068372746766
0.4700651052596056
2.0398280334198335
0.6440530017637134
1.2280303296489634
1.1526350859205523
1.9341923090329294
0.5772856497674064
0.5178867369220642
0.14293910087320855
1.365549704567366
0.9320489266861252
1.5851032826886582
0.09462857564492971
0.19785076724441117
1.6788521813678847
0.46758232451444265
0.1915013500060484
0.635198394753206
1.08824432632974
1.246697436726386
0.06847881378422799
1.4292567851564417
0.7568246196269763
0.4164929323356208
0.3663162624354128
0.9344351733051905
0.6366519546821583
0.21305057171474306
0.5787220075318045
1.0190813872918092
0.7211343930176591
1.1123269777134346
0.599077577615799
1.3306878174336207
0.6116010727581709
1.0974807271314502
0.7656517424365392
0.25108593623904296
0.8897860670190093
0.8531158975405814
0.6043682808862496
1.0086818199797225
1.7414373717675644
1.8184364733174763
0.7838614485342787
0.7099804199110764
0.3373190864675356
0.3225909979839225
0.714591758303917
0.8513066967113769
1.2091897888735268
0.045371273103883614
1.813060474496292
1.5680355675126574
0.33336658727098545
0.5079683972343763
0.44507091068069965
0.8256626960454395
0.34565779378619726
0.49217874448815513
0.4470906153864663
0.7617910879357158
0.5432112201021302
1.676548455455194
0.5776911018971318
0.32325574978469174
0.4002256844855586
1.5286806753746665
0.5707427895248591
0.42853861146206496
0.2676447441602805
1.0238874250884746
1.203185968297186
0.9184050566037913
1.3510880249961623
1.2022050293222963
1.0955719313640229
1.15015080324912
256/1024
1.3478439101025914
0.6970751043106149
0.42226296265866947
1.3580710899306643
0.32873093569424855
0.8514034073360632
0.3712571053935628
0.5451131052780682
0.6999660585518952
1.2184373922059746
0.5388747532115629
0.661519717102798
1.2121999592074566
0.3815991044054222
0.5778204611210439
0.602685846281122
0.6985198839055913
0.7600839425066511
1.0884069576488649
0.46633784569471687
1.294991888986492
0.32776628978123024
0.38188576168011434
0.8825612319478041
0.956358905142116
0.5318995756985018
0.7200226353850507
0.8440608058749091
1.6405396919791109
0.4408618316210007
0.4545622617452265
0.4657993286395697
0.49428386031008525
1.0192470775852858
0.5123369783215415
0.7579755519589995
0.40227214005941564
0.4229143062972506
0.7642832190418445
1.1406724359228317
0.3265491181887328
1.0684537088579273
0.4399941683280111
1.0326209858204356
0.7352435935955923
0.6659692356975964
0.6773404689541141
1.1080099855526147
0.4081462782376271
0.4948052419061957
0.8998971420338411
0.31021458724991846
0.6881469926245222
0.42568772096471713
0.40516743212097484
0.8912095413645014
0.8232999723154005
0.3635513216971258
0.4609876404316687
1.0661432032125098
0.5799475765056818
0.7834636587181474
0.38191613005787584
0.4444842035392659
0.4723036927842502
0.4789601333008141
0.3129062154334795
1.2020728930132807
0.7335112794459697
0.3142882455923856
0.7528174599995757
1.4359266143503988
0.6144875549242397
1.3552666382425889
1.531194650147282
0.3425083397983527
0.9643180599151883
0.5653356767197868
0.8126586257451787
0.45967353481803724
1.359635753843811
0.6589244761124877
0.9845368915075761
0.978612572353557
1.3687628760269692
0.8357482170629099
0.5234083580232121
0.6651855066931075
0.8070610457005435
1.1643969646828298
0.46485198167924113
0.5674723098227299
1.046547659812155
0.780794436939476
1.5116645448944452
0.3354787603909706
1.0466418709620648
0.3051399231850459
1.22433904140352
0.5259188492589443
1.1676622651084834
0.32655635154502705
0.7614751892345224
0.9346354076972194
0.7246970257167268
1.031368049712569
0.3589517228068879
0.5464877079622907
0.3894363823671425
0.6210888559107187
0.415879093080713
0.29360204337869206
0.6410742408991681
0.45418257737322787
0.4098549263348973
1.1782905120938953
0.3792500448192331
0.46015596368192496
0.9704790229856624
0.3635147481758706
0.37087027107853887
0.3752163227306514
1.4488868290662777
0.6203783780352552
1.212248211853005
1.1342206526130085
0.9072022184605072
1.3733029106047026
384/1024
0.7965594201591019
0.8945317313045308
0.9541137336621129
0.6305125878052438
0.7631223633123614
0.8041546999413032
0.8877078685058641
0.7273583395400554
0.6092064918821887
0.8187981299303461
1.2427039881184179
0.987564125521059
0.9492863917720318
0.8662399168319737
0.6030805262877199
0.8436711545891554
0.607856221768201
0.5630938606250324
0.9381187466609338
1.2971495492856202
0.7626551431552134
1.0681527174680985
1.2740228713669566
0.8244114744987883
0.9096446823021112
0.8311997464937448
0.8502547935887985
0.5850499411122603
0.760748403045248
0.758040795966847
0.8110040128236818
0.8132305192135755
0.8948596824687229
0.935701871656886
0.6320586668596426
0.5856753674549414
0.7776299269720276
0.6727649429599593
1.2241353766919392
1.0481486622680147
0.8417315246710693
0.9633820000697173
0.8889850470113243
0.8730282119781549
0.5370820288973049
0.7363514315908269
0.5687129051867915
0.9232524203626009
0.6429868069774217
0.6123849495793152
0.743750720329964
0.6127691549826214
0.8638291200831438
1.319348210506854
1.166428596586664
0.6413123795810407
0.598128153765207
0.8105102913468991
0.6616240908072817
0.5627171688075858
0.8827367763780771
0.8419284609071378
0.7297251910685051
0.9671171053720288
0.9691856342916375
0.7797588069603809
0.7417425954401184
1.3360756645967553
0.8576157835155105
0.5737315988841294
0.8663115909554907
0.9262783834357071
1.5730454770398223
0.9965125818210254
1.8391347306870147
0.5913989908950802
0.6217839041978737
0.8363355468589518
1.0341327898048078
0.7041794879426369
1.0271574464961895
0.6716523755194175
0.684811036083687
0.6801307545186597
0.8504459331639538
0.6509020950412452
0.7783101926289648
0.8003738129660912
1.1771949954601097
0.9511798453837303
0.9047215408481049
0.833721046724733
0.6473618031388597
0.855892544235412
1.167483003033324
0.6861397044052826
0.7561738722461037
0.8696848581836794
0.7659266240960505
0.7465466306016344
0.867017938735157
0.8985857868189894
0.9984692638444765
0.856696235767984
0.8417363635520871
0.7674082236052783
0.6635656467577622
0.7669954329080306
0.5169521089711373
0.5940744969194252
0.8906401591806532
0.8515992330054647
0.5363540401524778
1.095640094474895
0.6932577655847967
0.6550204632638728
0.7383494436389682
0.7721532546323182
0.7373097991476092
0.793757273026433
0.7831892101584441
0.7894284069121413
0.693296007054652
0.69574957008928
0.7975217844624493
0.6185264360822286
0.9351060741008618
0.8520807881362962
512/1024
0.8848640885870576
0.3893375136712341
1.1801029390261437
0.51320667496462
0.4903421514207156
0.7980541166461697
0.45349279327698244
0.7705792626580377
0.3198467096462635
0.44011796877842924
1.0365566224788527
0.3543381384249421
0.5569809808704604
0.6536285449865522
0.527576467208887
0.6532129662637726
0.8037889278995983
1.484474358292526
0.4722919754143562
1.0454986983230379
0.7395263685775426
1.009928416561854
0.7109052078873299
1.0508928557198858
0.7224699058332793
0.7218891868829433
0.3210219653646197
0.5965910587455812
0.9398507597687015
0.5583307391864286
1.108219451679272
0.4573792723031069
0.6245136421058494
0.6368422430912293
0.8735509171101468
1.3571196524314861
0.7571043217404441
1.4179779443998823
1.1761187590095357
0.34086716347333496
1.0887700109627754
0.8752789690254642
0.4987748417463064
1.0300716460586592
0.43114818412286804
0.4074436587746436
0.45554866855683795
0.8785818511413696
0.5032362296204812
1.082956174204353
0.36830792342850316
0.6701943451908725
0.9673853656117744
0.6885815004645979
1.0580542831225417
0.6949750740383567
0.9263916945592761
0.9000553470265376
0.5821388457276712
0.3085051750985596
0.5450725169654759
0.41685109782651986
0.9631666459394358
1.708039742850373
0.5328635130258879
0.321954327248789
0.6134829702671954
0.41385454395198673
0.7593260739952751
0.416428224172763
0.967757739603348
1.4489395244759962
0.7539258083593039
0.32385143074133804
0.6732063386401528
0.5243595958423464
0.9107631320752023
0.7804446999793503
0.47224148866278515
0.9147921850364427
0.49997484028634454
0.8788357271458431
1.1511588922684903
1.337513402815036
0.8107855283692358
0.7275108595711282
0.5648091929242961
0.8750892300556433
0.5968080554233882
0.4822977603947137
1.042637299506414
1.1845084368379002
1.1622085125425305
0.8050247543037663
0.8909343196890909
1.0911853492570236
0.9569407972805712
0.875231897295858
0.6064999399346579
0.5333874827661012
0.8667481234354388
0.38919402072252485
1.4327862122041883
0.8836120722076978
1.0428064707939184
0.8281559602289233
0.8875918111641392
1.145265245010862
0.3624898093567842
1.2424701971564165
0.7445427728786425
1.1798533586547524
0.7415989484257285
1.2392737702159724
0.3293671531745588
1.023811591506204
1.3257626303882482
0.4218887587215612
0.7014299868664915
1.8264246283924306
0.5482950256432784
0.4703313567218521
0.7302350407920175
0.6222264921486389
0.396720187742197
0.9645644485762663
0.4641788278717654
0.5397806510809926
640/1024
0.5697874234074309
0.5166653962319485
1.0916575779514643
0.632747154039331
1.002273679703156
0.49028987364525733
0.7991412856557487
0.6415185114325275
0.4716477631573918
0.5347089499120484
0.6593051629653898
1.2090618299902567
0.5536630807450773
0.6646561435670352
0.49970466223543847
0.9910099515178581
0.9330251968678178
0.6186246190795214
0.5139430630295843
0.6006396324016062
0.4758805965133136
0.5886019777681505
0.6707185304752965
0.5603911163401804
0.7162887492362562
0.8168357945030964
0.6827571821446063
0.7126445038430674
0.819211520848124
1.0197088658913795
0.8709429824579632
0.7859208368382874
0.7002978230953231
0.6705144785805601
0.7296849837475129
0.8898260608948557
0.6042770802811377
0.7960423993867457
0.8997577010633488
1.4228388644202405
0.6620284055580897
0.6579387201809664
0.7263570906610848
0.5676891276686795
0.48790001905696595
0.7379797052863388
0.754471055975024
0.868971622749928
0.6967519771111995
0.6297553280358437
0.5441148811629016
0.5777081296713971
0.569489639628565
0.6540367566445331
0.602964174029126
0.9102898677820168
0.6028176387081813
0.5118496760057692
1.0309851417325246
0.6841938631760944
0.822189372872596
0.6373592976299174
0.9298802521815281
1.0476444433111927
0.43369618952918954
0.7874183063767055
0.7801811615444751
0.5250071817361579
0.5448462547659967
0.7614270053661435
0.49272441990745114
0.8213981803564825
0.5325803316944759
0.6992845832412373
0.9832321576723051
0.9162414721184562
0.6018340490464018
0.4889438795840566
0.6786859380507336
1.0098749853383344
0.5014009576036629
0.481629718706222
0.7652419386595896
1.0605612904416915
0.7418915456499713
0.6464018430635796
0.9883088448826269
0.47627429728880866
0.5578948953944904
0.6252801472063527
0.5042273421301232
0.6503517322006162
0.43259969192278025
1.230044770307564
1.007541549491013
0.5342116753463858
0.5845655777426553
0.5184262036137803
0.9291933082505353
0.7467342567084004
0.629342793227137
0.8104670986059768
0.8121833273771071
0.48053290082779254
1.0088469934014392
0.5575561735727199
0.6861564861675088
0.6458970747558777
0.8175413028082278
0.9431708789940181
1.0043422027732147
0.5403024036036939
0.38766003544989985
0.6890029551629262
0.5481099867533481
0.5661565484625481
0.7153104548690095
0.4949474874048083
1.1602632516885492
1.0008446163063573
0.6653002839235374
1.0302758970765047
0.4907127213030984
0.6020088598766039
0.5539382122530996
0.4452419602310671
0.49341800638530386
0.84463514574665
768/1024
0.725695442113611
0.6564909442591622
0.5302176374281065
1.1342368793995687
0.6346549338212657
0.6014312541726102
0.8295297862768561
0.6327629414878652
0.8483395663709271
0.575220606731648
0.575493077149984
0.7127612054997697
0.642745673704511
0.49507555500804074
0.5656318575970798
0.4997015907991045
0.6262392727519663
0.7318822062800668
0.7101718255841362
1.104168463568819
1.4262259116148885
0.544644998472461
0.5333295213951516
0.5540297903583002
0.5564950959878667
0.5440440271963205
0.6239959880657684
0.5085547457321655
0.5606888407293206
0.549518962550751
1.0515007725444718
0.8033999915001757
0.500632106235546
0.674712074656658
0.6325391874187911
0.9074336721343005
0.559331538006886
0.8315659045341639
0.524634964376699
0.5698558350203043
0.6142787458959205
0.5957259886997458
1.359876064712418
0.6026750490048555
0.9513763931504918
1.3855554792005425
0.9103046394762578
0.5467934089214449
0.9131751969483438
0.546897349954589
0.8014986431025635
0.6386078702927217
0.7866086515948469
1.1204009484323156
0.6521407135068205
0.5555465084418071
0.867524962979749
1.0434764659584614
0.8903648242794164
0.5782931986904986
0.5956341572433591
1.2136661707954406
1.1024396131375642
0.6436799648406559
0.4601401743331806
1.1445598988462558
0.49456116343683165
1.5148306233370132
0.7840318254663624
0.6416494763134223
0.6291892814639558
0.6133697817928359
1.1004096290390262
0.6624017328070636
0.9338492263755647
0.8176287687236925
0.6459399382888472
0.9169869277774213
0.4967172328876229
0.7687749448426718
0.5927900521824847
1.0125659575068933
0.602856240570047
0.7963474141898004
0.5991035098885055
0.7745852457783903
0.6126090427162776
0.5890331973622933
0.6493709477826108
0.8054500182211133
0.7908330112454712
0.7554618579093145
0.8510172021217792
0.6265714681217222
0.5601901738960848
0.5441432817231776
1.0570536385209695
0.5559335000968657
0.5774697907361096
0.872091013628669
0.49821591890576034
0.8595694433163541
1.5556051962970523
0.6945898171218294
1.13398597394283
0.4771030550176013
0.4978900805290155
1.1824767428829597
0.8425231011276093
0.6644521471404546
0.5562263923174292
0.6816877815378068
0.8160858264614668
1.0327917762095504
0.6002868679291584
0.7262974013307884
2.0253707659885283
0.8764141626647206
0.9048100079437951
1.1998817637687114
0.6830651036223585
0.6939588369472655
0.6649107189020012
0.8286450249095259
1.3687508316135053
0.9579533414064407
0.9652695111882207
0.5800175018923274
896/1024
0.8911462740482667
1.2146808815920929
1.3127856586676168
0.36286293438248457
1.240853195336406
0.9810706934103328
0.19607381422692005
0.310194109838481
0.9282558113684827
0.788721622901061
1.007512112658232
0.6835879013594016
0.87595658439705
1.0458680740878725
0.2180670728101291
0.9914685567319528
0.6313019825724847
1.0678971806155693
1.1370071852235464
1.4277567757993568
0.6076312192164026
0.9133961111149895
0.9499628332748449
-0.0200496386952721
0.8116957448373551
0.7949610172792105
0.6507184041776453
0.8912847375347808
0.6246740385307881
0.6095976003763628
1.3340826066737257
0.2535840516542085
1.7808202977988663
0.4664367499795204
0.6849401173342814
0.7852160225189456
0.42280351902003915
0.7536785799802778
1.1426794927309307
0.3781614497950061
0.28916848448303567
1.0212753514244886
0.4419825069168062
0.6644468522069791
1.0714120920290262
1.514621035165757
1.6958452453876252
0.3518239050947879
1.1431022361355931
0.4160110960792872
1.013613030778766
0.5049496287880131
0.4444963114473625
0.3997020888439313
0.921774148676799
1.6826016648657687
-0.009973413975744805
0.32727387817649706
0.9110012122832062
1.706036861787808
0.48501715807110224
0.5208077008102953
0.20557204468923412
0.5725212491715577
1.6300574658280418
0.3074000420842976
0.40469905494727454
0.05267268924921076
1.2102834531721374
0.18564270049274906
1.2021366056965306
0.4083610769271492
1.7016711297386966
0.9827440675364665
1.3877802187626354
0.5725825220724555
0.9267527991173969
1.259055478837043
1.155777323527164
0.16782751583085076
0.9914430296282399
1.1321720039379788
0.4887843107423519
1.154072550921207
0.5848879614702732
0.49159958792693964
0.4133737725714598
0.9593577928257591
0.6975716713766176
1.3771770035742241
0.7935867186025044
1.4481931713321679
0.42405300215683644
1.0931121710294118
0.41266808566310487
1.074954363256159
0.5738351242189659
0.8592177478760272
0.16906507482063787
0.7475050512805371
0.737743055869117
1.4317597046930723
0.5720233772344745
0.3677486277339498
1.594243131825508
0.6683583716441889
1.6507392718584515
0.5435862129914371
0.3586119325276189
0.5412683423280653
1.0937221011414728
0.6876419924005691
1.0408410905164447
1.4153617347738732
1.4295384854123088
0.8136698435542311
1.6412318621428024
1.1997563981822164
1.5869310272813921
1.2411959407626778
1.0238856883230438
0.48773760468558863
1.2077034153961006
0.8801499280164532
1.580876352076221
1.0150144917785653
0.7591077845852188
0.6786463646381626
1024/1024
0.6581003962161645
113.482073 seconds (80.46 M allocations: 13.057 GiB, 3.47% gc time, 8.86% compilation time)
λₖ = 0.2
Warming up
128/512
256/512
384/512
512/512
Measuring
0.32599116524944904
1.470269313110563
0.2817554262730925
0.7284629607155294
0.7693449965289706
1.0791005475174602
0.9685079357210804
1.0399783993008582
0.5529823140935529
0.6353526491763536
0.4760079029994366
0.5600734385092291
0.8715790921235701
0.9817290540858694
0.4195643604302408
1.4859952849822478
0.4611187060700274
0.6343910807638089
1.0529106293628872
1.128080801413235
1.445724924261359
1.1001746625562232
0.6901427841125612
0.28128624546381287
0.15053681191206714
0.41163143835736704
0.7185061431954834
0.6191028158168084
0.5977355135692279
0.32467769308256456
0.39759295541441486
0.5346004397881353
0.3484198852624958
0.9511632332012715
0.3727899088537199
0.8338658152399294
1.4572334970028675
0.8488258726933245
0.3868228016347908
1.3863853048185595
0.3105654533528766
1.449239776110592
1.2846991435674346
1.0830325847979376
0.8651350684243064
1.0788729595593756
0.3618378514039616
1.4176343565473555
1.1673686926407367
0.6542841203410626
0.9219342722407396
1.0967354933197055
0.5695965821912418
0.2831368839482029
1.4647092108535682
1.2246496990277118
1.4789178452559963
0.6894408478810374
1.2575563268450218
0.7546794479341934
1.4556197479720467
0.7369105966083138
0.7928632333614926
0.8294966564938963
0.9733749629940208
0.8727877835892871
1.1394633360135085
0.8325675299012112
1.0120910337879419
1.4648646929900644
0.7142290933552852
1.1993333458789002
1.4367180625159024
1.2911817771098704
0.28632594268349015
0.44660324687724867
0.3472479245940069
0.9894206204312952
0.4868408246690046
0.46627868504207665
1.4816063359856075
0.43423729563401536
0.9818197650801104
1.3162284787848766
0.5047315196228943
1.1592851674035582
0.569170164526859
0.7107049635141837
1.020010581220897
1.195089427143506
1.0992045242701907
0.3734078559785189
1.053814672369477
0.3530757525440442
0.6366021235828162
0.39063468087836684
0.7641859976837753
0.7196926379183652
0.27494609014747085
1.1679169491176689
0.8035606030520389
1.2935725419756943
0.4843136267639106
0.8003643891009863
0.1966860715778183
0.32938718772103487
0.27889907065523023
0.6471922631835008
1.553358943967683
1.476683328533577
0.613820972914383
0.9171386530409704
0.8809876477309364
0.40939119949557995
0.9312734449319957
0.45597831836002056
0.8235784496829653
1.0093539393132507
0.8890116274381483
1.4123972039579522
1.23428079828774
0.46986569183526294
0.532296000867941
0.6686960732017082
0.6698174506175139
0.8617833240289883
1.0068571785498694
128/1024
1.2659546544702243
1.349591278833603
0.974204042021336
0.2671482041660064
0.7829457258576826
0.7541891946405379
0.8297744600782538
0.43465714176353526
0.5441111511769113
0.4288245630210464
1.440990598739044
0.3363843934648073
0.7086872927890778
0.42061173799892415
0.5578044163630049
0.5537552307285577
0.4442634240904845
0.4460655366765791
0.6894766135536605
1.0357438519862079
0.46764803966134977
0.34323668883083186
0.7898397260611869
0.6539570700691679
1.0621154865585436
0.3528573118511147
0.8614369688204829
0.6390329988493307
0.7725468770592647
0.27779538938402526
0.27266241677219455
0.3144375700429713
1.0057269181111443
0.4433298505832318
0.7573837521591815
0.6945751589139432
0.39389912823380757
0.7692476724145552
0.30799906151552625
0.6772744075038986
1.2132756622125365
0.6024422169944269
0.6864593575816114
1.1331878814331486
1.2454639547629627
0.880015750227058
0.27510050018181903
0.4774075443084473
0.83962420783822
0.28910715618553645
0.5965233358908617
1.609001466222787
0.2790400342426608
0.7552166604185234
1.0553682117074559
1.1756796057192318
0.4765121233139211
0.3862016626042872
0.3999829707245519
0.7436659884763444
1.0405643237096327
0.7917310285089583
1.322208291799814
0.5299170656123735
1.2654476721351373
0.8079775326363686
0.5563343630883362
0.941945686077157
1.0433210545519789
1.4520182897817324
1.277673776272516
0.4355165537122267
1.3663773367750256
1.2636281719808573
0.4777035482909374
0.6233552286978358
0.9293166065596533
0.902638342455792
1.2887713646676267
0.652031408912079
0.5275581138540855
0.6781007887091581
0.5289170621868914
0.5027751561599322
0.7214592990512456
0.4425150803345827
0.8146703801726963
1.243834983143811
0.31304494183335063
0.5226286399398763
1.0063602628705985
0.6438456043459299
1.6931902934114382
0.9697717181623478
0.5633613604285921
0.28456259448767346
1.1623533152073808
0.5242483977370762
0.7335054660884831
1.2713393431634383
0.31725339041124023
1.501879410154106
1.2554130609533551
1.120295636864006
0.8636699843515415
1.0786539212414579
0.3987230506938886
0.47273885060601717
0.3035859856813825
0.9092306728378416
0.7971908255168672
1.070043071607877
1.5275384860583356
0.3760507848411131
0.806502825242758
0.9183336305530653
0.5841852053855867
0.4469851795627932
0.8245573344999706
0.8363092763872362
0.363614557008506
0.7438849303470979
0.724118079282706
0.7018913736177588
0.30406832455072386
1.0838946896785362
0.3225353749287052
0.7657895426073295
256/1024
1.1021251791907298
1.158654012314135
0.9855184029886824
0.9689240029120074
1.0195555160884826
0.3982321658297361
1.404894169151964
0.9702379729527808
1.1920528106388937
0.3827669676270612
0.4360931887924199
1.0199949070532557
0.9421359838871708
0.5536955003234381
1.0781993288494653
1.0729807076593356
1.2724205803343858
1.1906654547442836
1.0713310074448699
0.3685501032154648
1.1667232461461103
0.8417096225750063
1.0199799127847307
1.0032520538766423
0.5268725202182505
1.2684062207136735
0.5916859365747217
1.1671003285660617
0.9852484936478327
0.5140087977990482
1.2325779155097274
1.1411569073877206
1.1602523187126736
0.46188831115287843
0.8422829968976516
0.35431326574663613
0.9739825361411677
0.6179569788171121
0.52129560970504
0.7349008875175904
1.1935514764479551
0.5406383320445269
0.8335419423940901
0.7222187659520856
1.1424116826415884
0.7716107536815227
0.8617506485175158
0.9877520595193385
0.9400169343955722
0.5935181622948316
0.8110455280554277
0.6027359749167803
0.8269912803511196
0.9063188698550518
1.1795928834455642
0.4042374323949793
0.5960015279795101
0.474000915994777
0.9788548403836153
0.9771483754319108
1.0330790060869077
1.1769750783871378
0.8542755754887256
0.895255296643968
1.3217013653262355
0.9950756686617563
0.5909255568172418
0.6452796192497371
0.7519187354383358
0.8441509943480244
0.6752833725061481
0.7834471018601549
1.3360034295020211
0.5878485897034685
0.5955243185626464
0.6447074067199872
0.4874302538397177
0.7597616825420583
0.730381959116705
0.8687514486275911
0.39033397165122274
1.1068311544492502
1.051322804863912
0.4427283774951578
0.7406942499955809
0.9925757230125049
1.044795519506785
1.3484479829687763
1.0186905056441975
0.9317667130473537
0.8638268609927262
0.6389678587097757
0.4339364042433077
1.2187628316877865
0.43521089625811205
0.7488780176045954
0.5965754265147648
1.1426380776088094
0.9354268074480045
0.40398006406377396
0.9478416831385275
0.44502035857200967
0.458926186386387
0.9382653249861717
0.8808483108598513
0.9397791841039504
0.9120817041416938
0.38783299045663927
1.0336776097945068
0.8374518344761115
0.45488705780192773
0.919919700239203
1.0669272787630955
0.989119124338276
1.0809447665037335
1.032374579478069
0.3975115170993581
0.4869481920090525
0.9551080124406788
1.236853899027273
0.8706083959066422
0.6882702215169002
1.0542856169343586
0.5415245976715922
1.177304430044313
0.7060405282861365
0.45034389606457814
0.928329714985493
384/1024
0.7324980921470803
0.5896045324627889
0.6197583816755027
0.6528892794375849
0.6601953857250068
0.7349580328856323
1.0485915415487685
0.5693731582002044
0.5016414259826452
0.5003389234463977
0.55219834199801
0.5865602287830811
0.6511073780858061
1.2341523442365332
0.5168158067332396
0.7774589047755661
0.3873426197206251
0.577737459297723
0.7111025225519914
0.6699548311011222
0.5957277418745692
0.6249448482879212
0.6984380511259691
0.5538409788202129
0.6922070546856395
0.6684092678556799
0.5797084710540378
0.7075149055667118
0.6267182669602803
1.0572630478336604
0.6728549889658675
0.6727763842512194
0.6181636946436095
0.7495246574629506
0.5984990520212907
1.1741919392791953
0.623692222152139
1.024459543922267
0.7738802643959088
1.5701979847617742
0.7596889411364491
0.6397835809251028
0.6179025917877394
0.8234142520631824
0.9488115060858789
0.6289418715043167
0.6530322885319718
0.5951698890116154
0.666918597741702
0.7101554415614687
0.6105374358488224
0.6565278105380902
0.7277375183106559
0.6157437008566106
1.2211491314257437
0.7894538915437938
0.5160537202780946
0.6196457983764592
0.8072192075844603
0.4036073433664795
0.5989814581903553
0.6417930215909229
0.515148661246078
0.7083841362305653
0.5680175690339718
0.8972059097621248
0.6215702234587047
0.8188395483419575
0.679295998080331
0.7789951606102825
0.6838114301958473
0.6837385639359987
0.28633854560353206
0.5905844443241884
0.995024619103823
1.188944133115587
0.6369913958113139
0.603928186399675
0.6001518523941388
1.0002057957000554
0.7872602223356909
0.6365103600274933
0.8109409126565117
0.6387011946935057
0.7546299910890549
0.6400840750055288
0.599159693166295
0.48694758482541045
0.5956103216866624
0.5394604455884672
0.8537530679912897
0.5964066863870316
0.5615024724692368
0.625654629711285
1.304780873819232
0.5560659745687672
0.7201543451801301
0.9350200189794438
1.0236595030175168
0.7406513329835975
0.9024247365876801
0.5582281617584097
0.6069178017922132
0.6225105821199712
0.47349342275258044
0.566771615382034
0.615249788658623
0.637962484540138
0.8306934806113482
0.5718981574129446
0.6357790197855576
0.561048631662922
1.2609108474595419
1.2379394346015777
0.7963169898589972
0.5896898492175755
0.8362515037983418
0.7232557221293474
0.7533126805682591
0.6792068189986517
0.7763708058796615
0.5757907778021099
0.5986705935288186
0.571861356177255
0.7902592424958492
0.8228824700652919
0.6469625706727531
0.738226156548281
512/1024
0.6714253572210047
0.7669420409232821
1.1334188589267022
1.0058194250726062
1.0205388616089677
1.3175433578318605
0.37576178474877464
0.5806233832551192
0.5599239627326056
1.1305796952539724
1.043069071583963
1.13971555447882
0.8922731902754639
0.7448850536272167
0.6749427315073147
0.6646666592139705
0.7807068647755893
0.9733964782102997
1.043206128707696
0.6712453847064748
1.0950433408940947
1.1208343075212253
1.1264049233360558
0.46248644700956654
1.3640754774953865
1.1057229675086044
1.1350490546190926
0.6213378532847397
1.020626330619791
1.165727991377473
1.1692571632214088
0.9236547920081826
0.7554764300754182
1.1802771446111935
0.6833563719611571
1.0554098236040799
0.6121841390362176
0.4524012330311248
1.1381219876213504
0.48965355672082866
0.9933194388524167
0.8035857688803627
0.9910635024863554
0.7453632656921247
0.7169835334992664
0.6460143429366222
0.5615132445006501
0.945993222961985
0.7233682074969788
0.9335486833203317
0.6773259344493532
0.44103693742799305
1.1518551649859696
1.0369812939723386
1.1211246677510416
0.43636750040190775
0.6572074968284998
0.9355902970362293
0.5934923859192283
0.4974242129105063
0.6466740322994842
0.9039388560802926
0.9537908198421469
0.14154911434217612
1.2307258088771655
0.898390727351986
0.9951945425455431
0.6082021705915783
0.740166643935633
0.4719881161983269
0.5086563114528991
1.0480494277099464
0.9310449627113233
0.9581436835091459
0.25802794215400743
0.424488953728377
0.872040888386106
0.7784959803146658
0.6522424583027042
0.3639105303934993
0.9859329683295301
0.7991997873534328
0.9635323772126477
0.9916092471695411
1.3461201423033626
0.6681734673641128
1.5353422637918828
0.9226058835789633
0.7820763951568939
0.9943285523342846
0.6856879351420102
0.48788150937311564
0.6756772685451853
0.8498596655859448
1.1686797798587305
0.9222360339420587
0.39637248307948264
0.7035619226417469
0.9744054080863972
0.4123379023497764
0.7109290783648592
1.1099329786285939
0.7691582561857078
0.7359609996470565
0.4281378991919623
0.8565592895524712
0.6281987772759985
0.9251766441312801
0.8876477734761067
0.524926039426406
1.1013699558152579
0.7144965302685293
0.8053672606384695
0.5379398869195241
0.8377059593032112
0.83666325851366
0.7822246898915347
0.8985063143952456
0.4732649445410767
0.9152339777756591
1.0482683977480032
0.5383617606811293
1.3221661427784919
1.415746243201918
0.45444127989377736
1.0501059070504102
1.1702368535355752
1.5831043448298165
640/1024
0.6265792503814429
0.7091372306200945
1.0515809309315316
0.7159104722489023
0.7793097041347185
0.8348627818992733
0.732891124841433
0.9703660979842232
0.7043757684270183
0.9870541556764989
0.8920140640546039
0.6834359992242908
0.7335143163281623
0.8419217045218099
0.7516413034959943
0.7107089935707744
0.7138791484587595
0.6569801769511674
0.883458183768232
0.514168354469559
0.7581028067189449
0.6884604789080081
0.7192351166018254
0.7651720992247769
0.6578129053828855
0.67840583958993
0.7434074805213293
0.7440376189678592
0.6805921485978885
1.1219202577880294
0.6177770232789386
0.7544447942178101
0.8961685140930208
1.0342002144641562
0.741333973287561
0.7428957496596954
0.7043873943135286
0.6416739783781136
1.3044589198201098
0.8505164067529046
1.0502074970131887
0.8608854567962287
0.4221209062299107
0.5017321582323703
0.7169414580558121
0.7060095351504674
0.70574550485465
0.7316721895243736
0.7567478211384667
1.0858878686134694
0.7560137295183798
0.672686613911077
0.4365408992859656
0.8510160760569355
0.7311968373695569
0.6528302826396601
1.0212725161783878
0.7521851635388246
0.6695977738959543
0.12497749283960707
0.723690510164302
0.5572751912561997
0.6750725085567992
0.637228204683881
0.6739931195581985
0.754736413645656
0.7107976527574311
0.7411098566891852
1.2632774007145966
0.7404336546988781
0.8123402494478453
0.7204332686544821
0.7226515835474268
0.6715196495872502
0.7340646000778408
0.5275355627794707
0.7136669062363288
0.6898914086026248
0.43679208803385616
0.654166441662686
0.5654344062636183
0.7550620573590008
0.46858209095622794
1.0578682568834477
1.1119224509711794
0.6453601955488251
0.9148775423300853
0.7002608163099554
0.639897598809021
0.6981670634767224
1.2174659022052514
0.7491837266101828
0.6997637773975669
0.756058539911303
0.5332622091836824
0.7135270113342453
0.6744682735714439
0.6911991165672662
0.691513149478465
0.7168026130768442
0.7098910478196638
0.7683260030774572
1.515676860833042
0.7490095615047343
0.7757931488272871
0.8366526099834546
0.6780394812609226
0.7402703499764982
0.6443949211581294
0.6674093200486696
0.6616442464615234
0.7301705007976365
0.7182486159667923
0.7567985422066317
0.6600306050880562
0.8854367617867145
0.7251206407318214
0.6624065298256776
0.6973918102366085
0.7635291336866993
0.8159829375568456
0.6711645252955756
0.758801999395907
0.8632107463063947
0.7508284326485001
0.7455682266437851
0.6964362746750765
0.12222353840952024
768/1024
0.7750158884641816
0.6003640768611225
0.7251436502978823
0.9648435492532099
0.7098505760758131
0.7500591553268996
0.8241807096988352
0.47995861980047216
0.7298861081401863
0.7775505612504747
1.554578251178966
0.49683648760522015
0.6772468512474504
0.5383776069384385
0.49838910431196803
0.4886165878017128
0.5131566876985671
0.4909479979566993
0.687841890014018
0.8777058574362575
0.6853207431747937
0.5434404598961616
0.8885371412520658
1.115545299213626
0.7564132846876435
0.5737056454915936
0.634903967851292
0.5523280669069709
0.5587190431083908
0.6121077267558473
0.5041263884193015
1.1916201416807113
0.5248432021699464
0.517330421567603
0.5306383183343653
0.7263531905690286
0.5957703749597658
0.561287092364988
0.46357695961098133
0.5847857575831681
0.708513714239605
0.7189573774870786
0.5272290899240877
0.7004330331415713
0.757938046784933
0.9289557883075027
0.7353274187206978
0.9467490989592459
0.4656547484649368
1.1535849524223893
0.6541426245614212
1.010223623268359
1.2115885082773095
0.5300819292191092
0.8034737805218508
0.6665515694979858
0.5445596787258564
1.1887972820718942
0.6032172447121611
0.5179979506068848
0.871793580371054
0.6141465033557013
0.5463851533590498
1.0746077031937074
1.1714900364345384
0.563940167686238
0.9684227781778514
0.27445450258434656
0.8700355302401128
0.47988564082992996
0.4955814206670087
0.545059191854423
0.5876156567627914
0.5079893590157245
0.6896265717363799
0.722054946096378
0.5238726174277909
0.4900073141407426
0.47081717363765185
0.5833070080100901
0.7878214084716549
1.1211631215575784
0.5960398824485401
0.5389903632629831
0.5325103175667223
1.4296281025231303
1.0482008221002506
0.43379371932152366
0.5027386288417866
0.537326242261801
0.6666412181094941
0.8238825536345096
0.4623215426542252
0.705888833486807
0.6412029109541135
0.5153003822160619
0.805862190441534
0.47848836379790544
0.6988672263598914
0.5220399686600692
0.8171544102875705
0.4826839769637441
0.6967604779684416
0.5211061299295142
0.9845883916671395
0.5968902066984113
0.6756353031902801
0.9479203996064568
0.9785860058483
0.49124235519021486
0.5272375194472088
0.5613262381732982
0.634901815159337
0.5024493773111015
0.5600099490019441
0.8190259451172743
0.5529563813679343
0.6734210057932315
0.5768969643705191
0.5670531455533985
0.6550425317961113
0.7606291557406553
0.8783570325504897
0.6766841790842584
1.06017619955494
1.0011988403723104
1.0236923464633167
0.5931609637621791
896/1024
0.6464308244812046
1.5806275444931526
0.5478058343992469
0.7484641282612801
0.8655787858505384
0.6355007467131625
0.8429144017375405
0.615318284133157
0.811798907798092
0.7965277775700241
0.6884983500784922
0.6984613535374457
0.7876074560999525
0.5846869543815809
0.7389319999890646
0.8082091688859545
0.7657872416094212
1.2849749473775003
1.0725671623791733
1.738904000903307
0.6972856096441123
0.7224550801294756
0.6541939555536929
0.5866118129619731
0.9511031526384305
0.7762255424809366
0.8315936976721974
0.8112794369954602
0.7317319820652634
0.9999358515608902
0.5479461523053617
0.6008105521770796
1.046962386880286
0.5804720130179033
1.737177559544393
0.9177077558921244
0.7053194610212384
0.7557109667737906
0.9079632073648137
1.013110812431673
0.5664150277204625
0.5259136451714711
0.5017639774900472
0.5589153327694729
0.7505962697319939
0.718572293514977
0.6383724298765217
0.8642376203467098
0.6645769109552063
0.9456716399002474
1.7024778527148656
0.7245306152375693
0.7880199811115565
0.524704266515588
0.9966445956563273
0.8843220557462539
0.7887893727384963
0.5801700157428075
0.8287183313834812
2.1164167166178065
0.5240430779192093
0.599175446411738
1.2399485070367904
0.5312274945786849
0.6408418333163851
0.5254784434778551
0.5547492308767236
1.4648974046768541
0.8255236519983007
0.7079781843939238
0.7010163049354199
0.9621749029130099
0.6655327962046451
0.5409431826400103
0.9545347167643158
0.9169052718846472
0.5043052820537941
0.8415617461330694
0.638838218173616
0.5545742635053489
0.5340175516545328
0.8518441049961435
0.6108729195156909
0.9631838115589293
0.6274700473707487
0.740400876309907
0.8696740477356766
1.2630835212572789
0.48120344384782604
0.8674579228511357
0.7621672768890386
0.4957896939201374
0.5436562790663109
0.46964736675677043
0.8937513285203962
1.046389153558172
0.916700460376841
0.5390485003847809
0.9383687178425448
0.6249196764440076
0.6382276055739132
0.644992208846685
1.1089177580096956
0.8970326147256829
0.5502860948464007
0.605757901994683
0.6354385503340227
0.5116347044404217
0.6400334575161359
0.7948559764666332
0.5823744733085218
1.5039965547256875
1.9315202582050246
0.5692223242603471
0.65612173771703
0.8715639966031106
0.9667473144090881
0.528973744752167
0.870961363867754
0.8958844399483243
0.5484627818619113
0.5436407908341343
0.6020631807690433
0.9070306135687161
0.5160778342007818
0.8377395759286677
0.5972969991412621
0.9532273649819086
1024/1024
0.7746919484803327
106.122940 seconds (76.83 M allocations: 12.896 GiB, 3.88% gc time)
λₖ = 0.4
Warming up
128/512
256/512
384/512
512/512
Measuring
0.9089105728009602
0.607158166168055
1.2051067228811378
0.37431104551147215
0.653188031306002
0.8763790384091233
0.5734727854668906
1.552662726637615
0.28394300522296295
1.532323880328116
0.2596899306005894
0.4294334378483245
0.3016279626785098
1.2735787259789455
0.936764775783087
0.861095417057632
0.7897817795235532
0.7555469127544618
1.6432090578237333
0.3476781129916996
0.7732556203687944
0.5644909138164481
1.2828926297580578
1.6535914045422846
1.029445032999956
0.4451294821672599
0.8743400112872748
1.3958731323666573
0.43406250747015995
0.2507644767357508
1.553185757511697
0.599712029080228
0.5069021022457827
0.6203317412476089
0.02714029357974096
0.511527982293782
0.9459055918939203
0.9590248814061147
1.4206335385808138
0.19813525911116373
0.8699553339795459
0.6359098230523772
1.4252761629278718
1.102747919035708
1.716389996445213
1.0530627555397503
0.6695370315958247
1.5217854427626996
0.3983621521897277
1.0448577674836939
1.3887162107436732
0.8139166041812861
0.6925575507079254
1.2982244723578313
1.2265550013723066
0.21928345205662664
1.0212213518330084
1.1225181926566559
0.9862645398216013
0.7180890986002145
0.5295403677694195
0.6765567654710015
0.8578387479382817
0.08824772029321087
1.1651314949137912
0.44190970855132033
0.4120929259698148
0.2665703196778086
1.0948660083296897
0.29459557066936565
0.7747837632515112
0.03581643452069738
1.4156818746473243
0.1591801971301344
1.4418330078100008
0.7981686434686559
0.6653106318735662
0.3240351106550603
1.0555305514166575
1.0159299658880843
1.52583689714381
0.8508572587353875
1.320382078950236
1.1412798584632988
0.6984442592052688
0.5904464906471436
0.35159394034760527
1.344588718952576
1.3301857107606923
0.7695300428612023
0.8851053446005429
1.265244161751052
1.368562204005793
0.8956092253579953
1.023891674488211
1.2445252860872553
0.40219613943970267
0.6707034499760399
1.4980372998789258
0.5327248673347974
0.8521431230174403
0.578082073316267
-0.20980232391057646
0.2561202012811057
0.27955579667947783
0.5684939307849843
0.7971144932188099
0.46143371569461256
0.5794927391267234
1.614033726354669
0.8137350925012623
1.7176961368626655
0.4679199286881011
0.8846700686493453
1.0212385139366043
1.234301463569751
1.3290594304705656
0.5820600871650157
1.4066550334406087
1.166841068379514
0.6775794378220612
0.8110394487299425
0.48569834104917
0.02315421648741338
1.0158176546676594
-0.12237212626864918
0.7104337922006375
128/1024
0.3734186973958392
0.139570205836275
0.6222181792543364
0.5380568637744955
0.5288345440937832
0.3726239372243955
0.6975526433057015
0.6825028943353553
0.22006102243191827
0.6588699027887216
0.6662367591255326
0.4075539038439354
-0.21052234535979308
0.6601015154434671
0.5635382661255461
0.23470540718317195
0.6136586853709087
0.5776415236749673
0.6350736971738031
0.5024625465680128
0.5175846826342813
0.7597948366373337
0.46126306642440623
0.6558586770150865
0.1572971182524996
0.5305976227401796
0.7021367670661673
0.6218636386727219
0.503589796692749
0.6804315295646846
0.6865417986698383
0.696834073000733
0.6395246100960781
0.49172314477461243
0.69593458778695
0.45481065120842046
0.5818325638503659
0.6695368211715945
0.5065965176298465
0.6334155033837097
0.6774309190281791
0.688798829835413
0.7327707866295392
0.12165725830666885
0.7695409355362706
0.6766333093499575
0.7247948100537247
0.6370548119432292
0.6398765455953533
0.44695509063303607
0.6581656380475138
0.707019477383245
0.36262815434144835
0.8261412836821738
0.5921373904978877
0.6391126472220803
0.21198884752942254
0.677191531187979
0.5358658786041328
0.1655019133660573
0.635783597993002
0.7953384700584925
0.7671222999933865
0.5811506152631866
0.6470650644908844
0.5384912780954133
0.6867521104582515
0.4823896182025069
0.6682998097912096
0.6051918718303957
0.6374238150680098
0.7202930219173729
0.5020613731422473
0.6781339917254245
0.7039521176210604
0.6153933888448021
0.6592184465042619
0.785646394395974
0.6011246810676236
0.6710872693506573
0.48785846805815214
0.7505362312221353
0.4657478945776137
0.6717250407289765
0.7479751041170123
0.6656706440822006
0.5977788622927482
0.8448504066860972
0.037802150650071364
0.3971770184433676
0.45979753731278855
0.6783396574862999
-0.2339359890645888
0.6792379297920337
0.8178259341584788
0.6422214503621309
0.5492589882301372
0.6676663013659034
0.6805386181242665
0.6771032201542416
0.4559502415690583
0.5795439676840697
0.7667844015870409
0.3611680236969007
0.6430013763340454
0.40653460491979077
0.6335114185996864
0.4002014679167558
0.5665605262612332
0.6636150905332305
0.7277055961149564
0.773203939607028
0.6619437548466178
0.8099948982795447
0.6136329555967042
0.4877862734565913
0.5845064410155545
0.5912140927030519
0.6502702135027203
0.6869774807567044
0.5610898756131564
0.3109976235917743
0.6167873753941311
0.35434540760124333
0.6328446612151347
0.4765513005580845
0.9736128096830031
0.6585404077620973
256/1024
0.533226858536618
0.7666131789020083
0.8915946442618456
0.7781066674635551
0.7106202784811546
0.6584360243473792
0.6516761533827665
0.7528095082026225
0.7540563733632102
0.7704359712159835
0.7026104103899771
0.7830682710950794
0.7103691633428694
0.8286240442918071
1.1760279770594637
0.7585526170357381
0.754034197840433
0.7754319800711211
0.7576106342412935
0.7634697817249048
0.5624702640732553
0.7993612199234226
0.7426850547239332
0.744064009557331
0.7758411054059776
0.7172018864365746
0.7470401502733834
0.6624027795360317
0.6264736774573336
0.7276777375776573
1.0495498810028332
0.8363021516028462
0.7318389861190931
1.054633593828202
0.7446429729007243
0.7004445615716458
0.5568381217934422
0.739105143261909
0.7809358861915665
0.9364790300878608
0.8083355566189216
0.7607283803447109
0.7722424471371749
0.6345916894345235
0.7679924711391407
0.6315397544338136
0.7834859672349446
0.7089726168048607
0.6720802299079643
0.5974896400446552
0.8314406005043203
0.7852937252938381
0.741971486665146
0.7563433556934522
0.6216476979609407
0.6874954504929739
0.5652411102590806
0.6002883939119522
0.7578187788392021
0.6034316390924972
0.7490021020127356
0.77542930613294
0.2574735044861659
0.6564920534425953
0.7293456605506876
0.7708320527155823
0.7355016288183626
0.8905916159380955
0.6752786537669317
0.7356500161644459
0.7211809541985046
0.576544674712621
0.7251913795896733
0.7198824607749834
0.7080861588845423
0.5991642679864919
0.6104484733928522
1.2095297523484825
0.7361770516992063
0.7162845848969739
0.5463413049477652
0.7041550270277525
0.6931418582142488
0.7738623554537185
0.6524304458973197
0.5344913750684835
0.19163693570583454
0.7555815157915146
0.761206401632383
0.852510183378395
0.7832272977721111
0.712841991620632
0.6789882998309891
0.7538195188600424
0.7539813062858547
0.6859928184604792
0.5944538129875778
0.7724317456527452
0.773301073196513
1.0329695072550025
0.7115071689740601
0.6990881823169692
0.7732964277497593
0.8903538212538289
0.8317355896216807
0.7216404873462905
0.7886442719691613
0.7628025332118034
0.6652433500185849
0.7525980050301871
0.6759660559571288
0.6026398004975371
0.9374247754617153
0.7636341280149185
0.7258859096821165
0.7702927647603839
0.7437868721087338
0.6630452486806765
0.6366471059740512
0.6225703363866488
0.5272974392560875
0.6704699989826762
0.711167181783379
0.6951083645751585
0.7557333135248795
0.8092554626976636
0.6990910537732649
0.7402819034698879
384/1024
0.6857780687253748
0.41125126363730435
0.38308433506504574
0.41688762756809594
0.9250120857329321
1.1049774061270365
0.7267820331303101
0.5134692622986884
0.5946819775278829
0.6845176656717162
0.9725031917070986
0.4774694891632838
1.1854616657600614
0.9054052978162217
0.8119837905736862
1.1740612143253912
0.6061107177012113
0.3361937235644019
0.48191448016055594
0.990719092578822
0.952660127756286
0.6280590444556561
0.9045718379548338
1.0053934201217538
0.46709481390813723
0.7802195420067655
0.8254613248243621
0.46916506194405383
0.7951597054655819
0.5434812314390084
0.16654518101663196
0.8098545005392732
0.5894497511784308
0.9496537729518427
0.9906009897854505
0.9054732234350608
0.7909866906011438
0.6406969970405543
0.8644416301332858
0.6946439872230841
0.5955496691517274
0.5795684466435359
0.9075017279229396
0.9407957363421248
0.5767517359680797
0.6866560439298643
0.7356364946447822
0.7514390862496791
0.7818652836856912
0.989522739654469
0.6224802784184189
0.8868208784579461
0.7570556131249909
0.9602242010027922
0.6791859397245903
0.6635714709439245
0.9400653264313946
0.80025335545361
0.479061042403158
0.8080026984923255
0.5643146737814051
0.5966816635254525
0.7770453546237015
0.5706978122478205
0.6480329838655386
0.46876719771724024
0.8527975299191577
0.5645021778673833
0.5722075547708741
1.0997241415118302
0.8184611507772274
0.40546942862909696
1.007833686985531
0.6574637887207769
1.0144649770154877
0.7091202689577744
0.696897872645477
1.0980884417864667
0.6655392874001238
0.9909834444023939
0.5353853376778313
0.8442400929742593
0.8052545756938441
0.6627900169696904
0.7495233948151606
0.9379970344157361
0.5700246677383938
0.9126206503600676
0.6578866085476438
0.6081877393466382
0.8904798674726679
0.9513576793972107
0.7394704547676622
0.4993403642419387
0.6970840084650854
0.7288277374425435
0.6604929303098842
0.5929985195862731
0.6224638549823023
0.5546232085200058
0.3346758718808837
0.5807392042959854
0.9017890579759483
0.7651491202271732
0.6996478321735972
0.6449406540717105
0.6288878444365786
0.5251805091456478
0.5635495891135127
0.6210293643612042
0.8302706365263097
0.8705803212833102
0.32036497568666517
0.7440175001580679
0.51537534300234
0.8046077524709183
0.5596825441009518
0.9159415820985672
0.5224762506009889
0.9964385096912902
0.7952487148232299
0.3161536514366119
0.7794572742868078
1.0149565668912066
0.922043173066847
0.8315031924075756
0.7847539403457474
0.7568343916075446
512/1024
0.9405127251302716
0.45401762419514874
0.33813590024080803
0.22884271089074268
0.4916616257038259
1.0980706649051437
0.6234465157669243
1.3681949761625753
1.8074339567176283
1.4922274745679194
0.39169086418732424
0.3590444193012966
0.8984986315511102
0.5131971488182101
0.8901821564171338
1.528981985899767
0.45548234613316985
1.3040316745832417
0.4716082705046032
0.2756114685412403
0.7300951171824133
0.17912774730379843
1.1504349205851467
0.9536961812955426
1.217972863914238
0.2930780663646306
0.4195567249401543
0.45738879415782874
0.30923541656719467
1.374027712481096
1.2525711271342148
1.0598822317885634
0.6212019072933688
0.699384773385594
0.6659835681278096
1.3419321306312324
0.4515064881434488
0.23595906282626572
0.518722019871531
0.4324334369008485
1.0392079650767663
0.443614027438047
1.1120431876432315
1.2143586722504958
1.5260282178910196
0.2330033824945876
0.1978141395440896
1.0236657437017769
1.1771904656945256
0.3700017132101826
0.304016951868578
0.25686812660840497
0.2417057256030343
0.2370814436819017
0.3862052016432418
0.43927977095391935
0.20212419504257084
0.46656900212323915
0.5670013896495145
0.40629928041225816
0.861202824981435
0.6140514723674478
1.0192291075383766
0.7098406715565176
0.8071061395445663
1.823620218891205
0.37260501205553115
1.0731847652719748
0.24893994604695774
0.22441763116255165
0.5908365028773018
0.3982260962429215
1.9357334602470166
0.4392552998492375
0.8643237636923864
1.0222911474913003
0.3696755729901349
0.9329916499989998
0.5765630188062206
1.1890003124290571
1.8349888573510138
1.0032467502472486
0.26981150343294913
0.4090677267859866
0.31174026469033755
1.0630471457910247
0.5599315879299556
0.2577368200765732
0.4059550851984134
0.6551333427045397
0.6987478592614077
0.23368859530271802
0.7693093704481319
0.21967929742755773
0.8201635447756307
0.22554461397133474
0.5591164218375517
0.31577100964924054
0.9029381131223634
0.6713182244586726
0.9817802685052219
0.7101063193774824
0.6390692067999475
0.4855170777682738
0.4011999972256427
0.7692265250992312
0.4751624050477886
0.4169851576382799
0.6022777793504199
0.3050745687368862
0.7463921936177387
1.072504064487777
1.4618890993366755
0.7623577832184527
0.5170789194517242
1.1714520675345723
0.6683851290140138
1.9360883248438292
0.45809392510782543
1.3292436396766194
1.482991098163341
0.8406176655598379
1.1318390807612588
0.6140795537402304
1.293742827541581
0.2354035179778624
0.3582146787646918
1.1700911053599166
640/1024
0.6363449249257569
0.6606265198197044
0.7253386520120819
0.6355482490365071
0.634959239326514
0.7163307669204696
0.756191420659581
0.7632800356649168
0.8644377629741011
0.649855865887021
0.7187015598895647
0.6275250144874625
0.6864527892217072
0.7471739938105924
0.8982680663340643
1.2525382008270247
0.7297656379737756
0.691008093997115
0.7456377241342316
1.314351301094973
0.7286169963371327
0.6252194235666099
0.6125157146332935
1.2698975063984148
0.7925188790017997
0.6508421245227736
0.6315834797198516
0.660607224218582
0.7658488291817291
0.8550610387111167
0.6409813950525933
0.6323263092248375
0.6566393671685754
0.7254219512155081
0.6442036180308273
0.7357807653619715
0.6801795795081276
0.5982735307503839
0.9300958644755082
0.6680383363704195
1.0968940509988152
0.5632812841976501
1.0251761611154206
0.7145889837067492
0.8915217634863939
0.6129691454893201
0.6580757092018332
0.6519626112599048
0.6793626761510664
0.6671186138588618
0.7650249837698981
0.7748501934966934
0.5127673780328519
0.9534303419168441
0.6034979876513185
0.6968889998801219
0.776696929556412
0.7259252782670983
0.6451525798217355
0.73186532838121
0.6782306193261092
0.622579607532947
0.635740443537561
0.7438616048117548
0.5774131218036657
0.6418403312122158
0.5588322228830952
0.8264609799191309
0.6973029919212999
0.6000328533935609
0.6535823750998121
0.6210116221674603
0.6677467340014795
0.6750638844772204
0.6138262739120977
1.0070255394817667
0.756682351039626
0.7884173511910905
0.6878591533969489
0.8497381871461104
0.6196175945123172
0.7710058427309943
0.4443636688637588
0.7152287139353792
1.2176018528945882
0.74094545125664
0.6623944772634428
0.697620294094731
0.8478371546427647
0.6625488895964421
0.670842914466004
0.7004918484134363
0.6541279283832111
0.5669990619011037
0.2752814682945918
0.6779098618086865
0.6418657578461502
0.635364417298211
0.7863321260435582
0.6312679711190009
0.5764992841845621
0.6107583996638736
0.7600357162825275
0.22755048836469371
0.6458287739450692
0.628707677121004
0.46608358238377107
0.6219639838947084
0.6469869387081363
0.6839376603393483
0.7454253878343597
0.6679758636544839
0.7035306839638242
0.6715291767798008
0.6661998727598262
1.0139542736289289
0.6457565656272506
0.7825845448823567
0.7787347002127869
0.6979717490933028
0.83097989306374
0.6200699480525317
0.6219054856919792
0.8619750525315775
0.700647972916465
0.463530349241269
0.7880854241293632
0.7086771485579736
768/1024
1.2354547641464935
0.7795021034506551
1.3747364439533596
1.5736573864015746
1.4770956491296807
0.05010905513515268
-0.001955148947103136
0.8485895896379748
0.2821858670271031
0.4318263764229227
0.19719530527520737
0.4690463894568914
0.8144248375932007
0.29619344664234515
1.652777425765688
0.5516473093232459
0.26118250803009685
0.2931650414322818
0.9208109909171074
1.2957905552137419
1.0920321193573057
0.18554700328518378
0.45425827450280176
0.17855169284614808
2.2310425713512165
0.5556248317329848
0.38440331849130915
0.5703288714033855
2.0245278872301498
0.6298075051989378
1.3193547881025856
0.7186940454751414
1.437281149408904
0.8478077886513891
1.1162080954136804
0.142097759665858
1.8076355559763775
1.1566558696698346
0.32792903656069616
0.4671610737540126
0.10108634951114326
0.5511316002935989
0.9097495872649829
0.7235235522255248
0.5566166048624701
1.1968233459856146
0.1649929365537497
1.8464711244062522
1.2946825880978179
0.8684623734543082
0.8585653183786297
0.09096898654824712
0.7077839905646053
0.36360112869557115
1.830588027599426
0.5654424260043865
0.2501312060993949
0.2845891362065708
1.7198276949935691
0.852222028506765
2.0400495840553603
0.2926846620488198
0.31311166632968723
1.5134804337337437
0.3323761523296539
0.25793716852130527
0.17930397226421646
0.5130622022659915
0.5305730028607084
1.514821259463374
-0.0011219046107411312
0.8711873011987271
1.91384135905684
0.35611918590617364
1.6332659880648976
0.4750288281835081
0.3162595069531873
0.6463804769223913
0.4478581672341736
1.492896337438394
0.6139303616982366
0.8870311298599998
0.7104383725422136
2.2098287878922727
1.0687468135326867
0.2566790669354869
0.22696127115854697
0.3617927743710323
1.6336884783654266
0.3413316578048533
0.637807737291924
0.4978813868102434
1.4700071032471047
0.15043409797060459
1.3991571035043606
1.0714506328418643
0.6498561397334731
0.9574894588239345
-0.080531016268449
1.5175313764765932
0.6773699488816936
1.1879804024737604
0.17619448195977866
0.1473223567409679
1.0905561504630825
0.5377878113722012
1.2165656022868765
-0.30981526253376923
0.5809770974179594
0.22688967546229896
0.7505796056205488
1.1088736725071593
1.2890466034697863
1.2285617422672979
1.2379323583384194
0.6342351528783627
1.325262249942607
1.0519149768353069
0.26210421033423575
0.5734596742542065
0.6533762895131577
1.070926719932302
1.6562403102740964
0.4073424455747261
0.11980301100808832
0.16664058806659654
0.7831577709731449
0.11761959904252312
896/1024
0.7610256962727335
0.6067698930149974
0.669068892198412
0.5725765202792918
0.44853214892745064
0.6501013041902673
0.4266472434658207
0.7395940146266349
0.7820388624077632
0.9006222339196626
0.6299223540604181
0.7822916108340647
0.30836420546975024
0.5606181064877319
0.5038787946442304
0.7307649007685049
0.24159521530628486
0.5595574667304543
0.5510759092017401
0.6487924432523727
0.604973422662206
0.8042663430439083
0.47157395325183876
0.7761728228360398
0.7019220428856718
0.8387128405059827
0.6852817165146798
0.9022740351870477
0.5393565659952794
0.5856629025699853
0.7502394783810933
0.3247866868078768
0.6904312061783339
0.7996232284128254
0.5336285958814548
0.9074010095747451
0.6004396781006611
0.512679688424964
1.1171418533162996
0.8703495648654183
0.5409944355782977
0.5053604185129383
0.4875946426363543
0.7857242248820265
0.862080188572149
0.4926148329720733
0.5394410498704221
0.49864645753880243
0.7577995891660999
0.8579517742950376
0.6318873352415673
0.7596151828338412
0.8959987973683458
0.7069418406506386
0.604885327591155
0.5241571000265143
0.8824817546267518
0.5724725827495852
0.665749736399231
0.5663515879793359
1.0918060844454596
0.4970594533736604
0.8291682540717962
0.6403219058638208
0.7318788168181245
1.0288110712250356
0.7053579519163881
0.7670997150523627
0.8127827485853968
0.7982139784001387
0.5759997145346918
0.5856078269507968
0.48948417225001767
0.9076924610045308
0.5000253544843882
0.6272616713680983
0.9930610368834357
0.7396342036860455
0.4975734327731096
0.6488377781615464
0.7195241361964932
0.6579924115620319
0.5157323975997151
0.44373463818752246
0.5935621010053376
0.8368417582081566
0.9886132240015382
0.5293248630929821
1.1641226130473856
1.142433846630075
0.4865465843306417
0.6341501379791519
0.5913965485187451
0.530684159618874
0.5022970647614406
0.7181601709099654
0.5622335869090801
0.6682338848939811
0.8939876961565743
0.6666065916693055
0.5764808919580856
0.9014569909020066
0.41092653102296495
0.9617035816503571
0.8049095397759628
0.8347106885594742
0.4800304337419593
1.0857986162099618
0.49587116981812845
0.5965787289300255
0.7188675459832913
0.600183528458111
0.8128154943569298
0.5139394353306527
0.9334676601281289
0.522071841081503
0.5909335167471367
0.6498896928472889
1.1652672968764801
0.7254722318389742
0.739434160052617
0.6456439965848075
0.5131459045111896
0.6839650980702268
0.5819310898755182
0.6877408915668608
1.0964857790422209
0.5559188530544952
1024/1024
0.7557698832943219
106.398032 seconds (76.83 M allocations: 12.896 GiB, 3.82% gc time)
λₖ = 0.6
Warming up
128/512
256/512
384/512
512/512
Measuring
0.15587963840226746
0.8162733714612758
0.6520638522808677
1.0866981114547851
0.5693047797235458
0.16554653098240438
1.250544887646337
0.7391651267070628
0.8167991729914839
0.99574938528526
0.10454917992935045
0.5537456717231741
1.1448220859564
0.3043582049212762
0.15983636826153336
0.1553407461832675
0.4337209070871465
1.1041436191480736
0.10371611122364138
1.3844905071976614
0.6406927001394143
1.8421042473104345
2.001290048555325
1.214027930533107
0.3391124681738091
1.6763484392295884
0.7498335850477855
0.8242447505464611
0.12105648247970736
0.34616508256257583
0.23416816599096563
0.5647538848857582
1.130716088213835
0.35128665894934513
0.5367815003872207
1.2943680106078181
1.981226706175939
1.784672286223179
0.23912450191448148
1.4895461350172046
2.1671008666196454
1.228005088800693
1.951513545080289
0.7394144562425435
0.5133358922514981
1.971975574637576
1.4027122573957165
0.2442901525297033
0.15948642127069254
0.8872493839346468
0.208925522280306
0.623313666531579
1.1151664794687568
0.4770730312077886
0.20500332364674836
0.8943661260425944
0.8153621004571642
1.22325326901662
0.07790084742653305
0.6386330247130151
0.17919574680847256
1.8984619569461834
1.9483980191174712
1.7301265130651584
1.3639874094257363
0.49521307776903134
0.09459072619606869
0.5468735783738696
0.6290357821874001
0.7002585323730373
0.22741380610685547
0.7480545225673786
1.6297553401624394
1.433301688008088
0.47217110666290885
0.5161614260534713
1.5209881782752284
0.423551940000331
0.7475538277590191
0.32357676132793095
0.1210078054398351
0.7156275858436889
0.4857227676520889
0.5693553255190396
0.3878699364657129
0.26172370013944085
0.8048839054859904
0.9842134516824743
0.65505347589487
0.8535432033427137
1.6686167786775588
0.16452948845229606
1.8381800263075736
0.27096053935538617
0.6637570936686752
0.7471220959368567
1.3069139259915599
1.1149258370525295
1.187303282636257
0.25186117489403076
0.38247725730052085
0.2064943697456033
0.12083553384674242
0.331044992876397
0.5502429194102884
1.5717900938608993
0.7044248336253364
1.2354938819125163
0.3407567282733587
0.15852227871342367
0.44075034788076456
1.8741567729611481
0.5940838068071709
0.25152113750892474
0.19006878447881415
1.6229663572458444
0.3915556164068188
0.580204072405469
1.6628881592905689
0.5217633540516649
2.202684085035965
1.4753353986714086
0.5297473736783365
0.7276463300376433
1.5647054331709855
0.7925057690181656
1.434306274252937
128/1024
1.0070496279285512
0.49991754013467515
0.6653721011527683
0.5133708221005739
0.5574258422029696
0.6911637519893534
0.5867738752285834
0.3760142342363694
0.9528945496411834
0.8576321505954143
0.49782068562963794
0.9848760664290577
0.5677875447215497
0.7011605323541572
0.5632107610458416
0.7532486224423711
0.3666475100088761
0.8367852001482271
0.9457460909355981
0.8946482220648122
0.614346901844536
0.5026597321698577
0.5603337453482451
0.6237654137488049
0.7529768132878002
0.6426235569338226
0.5180015869585087
0.5749811031194945
0.6018475239729029
0.5731096636087731
0.6621240424740018
0.8412840630509408
0.6728493291716686
0.6005701027102015
0.5658279768076082
0.6664405961957893
0.5492136334489833
0.6107174503293866
0.7433335319589687
0.5078469732518989
0.5675677764741551
1.0665850721687373
1.500125720693174
0.51907609143016
0.7791809002218023
0.5790223894691434
0.5575629179034769
0.6719045548115781
0.21682563714417952
1.4370874085016094
0.6967360806658824
0.7242903595617929
0.6478738596212166
0.6668116851238935
0.48037598189371955
0.7920926406011513
0.7929644230224614
0.7516883194738813
0.7864216486795844
0.9122918305591892
0.40939164681769236
0.5831607668968599
0.4001172855759564
0.4996989494709981
0.4957597466563906
0.8173646821065905
0.5871313251955462
1.2621420463946436
0.5567168266111353
0.5907376368512086
0.6452965738421247
0.5403518019538183
0.30425792725906375
0.6227953399840613
0.2640378936790492
0.5092162493216245
0.6601276602955688
0.710252141297095
0.3865368034972687
-0.04019605468346776
0.5706400051439264
0.5339960523835688
0.74638291850465
0.7227456148861483
0.5458849915197811
0.7489756668198941
0.5282689491872006
0.675520975130511
1.0380480284184204
0.6077507082213752
0.6241577071119895
0.6846558159254625
0.49784761084899287
0.5179954353822706
0.6025682128538802
0.8888763697420685
1.0458861200359748
0.7739559435427962
0.5871272795783723
0.7652868187791987
0.5713399318675727
0.7185567891000595
0.5047086178867554
0.7654569185649001
0.7367488809321067
0.5074945784080077
0.6334189602379772
0.5091850526534569
0.6382684740852952
0.8104285855990313
0.4773758421098643
0.7870075360603146
0.8098744554664177
0.6235432322237907
0.5285019753595543
0.5192708436352967
0.8692365855674541
0.4589348874087026
0.6591344872174021
0.5082714617745288
0.5127456796445198
0.5937253642949178
0.7443193643487382
0.4977379393074459
0.6734721127246827
0.7353407486040563
0.6150800727770329
0.3669512006995438
256/1024
0.3907667143011252
0.15213546620940774
0.7591860175146896
1.1291063840239584
0.5720361959113301
0.3785977871792988
1.0070957254275448
0.3488982759531992
0.4440755828214046
0.7542935068583225
0.7773061871520385
0.5793839145792843
0.15416717802015809
1.0518470051642457
0.37371664454111214
0.7369097291008712
0.5538848862496185
0.5304445891158973
0.33536682842115856
0.4506210387333101
0.7369078659952326
0.43462782440410463
0.3791447678156039
0.3999376811712103
0.8789278445587719
0.5324314645194679
0.5070860220019298
1.115636533078074
0.35476778282268007
0.465748537985057
0.07069156176409527
0.43940451822900617
0.6980045319513133
0.36105253650320446
0.3308468136755475
0.42195352624788574
0.5856171265750423
0.24340252575003984
0.39644427819607964
1.2092817381042336
0.3380181584915286
0.47485836545982657
0.5909897951542298
0.5463681470114342
0.8776032947662885
0.38464708648670715
0.4319958214450262
0.47206655296551786
0.5744198958112177
0.37610792966947815
0.5248866412570028
0.35880922435096063
0.89925971795631
0.7652368572450277
0.718248622465012
0.6899738997958538
0.4865192736615015
0.4053702281025232
0.5224174847058227
0.3880517279543868
0.5995994742025644
0.577265397116276
0.9497219438472103
0.6925664369736879
0.3983443195305716
0.5926079014937513
0.6981551987930704
0.5330864395225697
0.6005636489236643
0.4664016566625173
0.1832089089660472
0.7473628502574982
0.32922729758136243
0.7671651729388076
1.1179238310521609
1.0265544956414956
0.5609540947114111
0.4117668116307001
0.4915280385371259
0.3844868255297549
0.35587715086832106
-0.061195828123836865
0.2682425181854327
0.3802250554370961
0.5622604765150384
0.8857648630020156
0.91357918889689
0.43741699958460845
0.5262566364260381
0.4231639861082682
0.3556902464527447
0.4157310778892742
0.6466040418400514
0.3026490719268744
0.33452225100506194
0.468118584967293
0.5894219481040903
0.6389705787524009
0.35808221196567114
0.48119539982916837
0.5177408164070835
0.25226926406539796
0.5352094504929272
0.8677086961138216
0.3328511584146993
1.081042125813512
0.721283374075603
0.29400796625914166
0.6072062458747499
0.5267009823651672
0.37988277178521623
0.8316202716726675
0.6376683903895723
0.9729065254692139
0.4057576191675082
1.0429355079095013
0.4461946193548083
0.36745239946575936
0.5951333317540443
0.6426574174874204
0.30471157321739567
0.03622058471559139
0.36903286179289146
0.4802563763150508
0.44922141624791345
0.4752963244936257
0.8299751494719354
0.42406580173552433
384/1024
0.36971007312854737
0.37635113220110195
0.5043100363018997
0.5861314894430179
0.6417360822260616
0.3144498063337995
0.3305862180462991
0.2798002978138221
0.5680726400380103
0.8294261934241867
0.7135469530874557
0.4294085215176232
0.6672622864713454
0.49738607845823224
0.6336819069891179
1.069727240559619
1.066366048307425
1.4221532792579195
0.3866378448546538
0.44765127579352487
0.5589008483826445
0.7955500542643235
0.3381441999994652
0.35170378117227863
0.8084194716693168
1.3536357038262037
0.9191507043495217
0.4850044390628332
0.7089158782996212
1.331103663666857
0.8875868145523629
0.9696067482742091
0.32702678413819597
1.1842124697974816
0.5551419253079974
0.33947437608553266
0.5506027051090605
0.5396558078949233
0.9838284074993695
0.8799181323973181
0.8198058521162415
0.29140612983444486
0.4785769108739817
0.8981282665016451
0.254030024415598
1.0503914077436383
0.6342499872000606
0.7489877637355729
0.6212750475553531
0.8334958248371972
0.6382079010117797
0.7525930163632167
1.013869762258558
0.555341288436515
0.2858447289130992
0.3513299214831808
0.44770163374044003
1.0275013492910239
0.5686357892218231
0.388715045148087
1.290062072440307
0.4416375847008831
0.6188646758226787
0.523552031964905
0.34044419721753505
0.8966290983647358
0.40611832972024176
0.3930965369131138
1.2115275631349085
0.6694345305895418
0.24687121127220576
0.3638217695888236
1.614199236480696
0.532822999932187
1.0250481934106397
0.35009162993172993
0.7888272886728268
0.9305923174387202
0.3611908781789192
0.24342265229135024
0.9141084186650199
0.3995969822761133
1.2230797149177746
0.3359272952001836
0.4932449847791158
0.6048754597735256
0.3169156004389968
1.1012641920600343
0.5050556518615721
0.3687790371879175
0.6393825329318824
0.3979205778559973
0.5291584589521456
0.6448277999884939
0.7830227956761285
0.37674713664356696
0.3696608499166311
0.3358860804813558
0.4951715352320023
0.6133758696013213
0.5262883651376496
0.8917044815628257
0.3126309512334151
1.0351856539586928
0.4356400147006643
0.5533467474494145
0.5522874363461824
0.3963095136441087
1.2030234746455932
1.14664340443447
1.443763250952237
0.6253632357625045
0.2862139834618068
1.702236093170637
0.7279127748930009
0.35930726839839067
0.33133248324731907
1.4195702807680621
0.5739123070522764
1.1629487429406695
0.425707244815996
1.489900131381611
0.6055070862103252
0.6952938903527104
0.8035971894165128
0.47995526320946424
0.6289815172902168
0.47549759636306754
512/1024
0.3441972752225372
0.577428980968175
1.314365770284946
1.5986438272024035
1.4253652514800257
0.2884227629268803
0.2964348534029513
0.4497493599401813
0.43448064078252474
1.0528785631069297
0.3985027512864246
0.36840774858111547
0.43988921214628907
0.3368534641666623
0.4884517960555366
0.8098135038070406
0.5372277239927036
0.33434982143798575
0.6487048247305872
0.4002184258755452
0.47939116764399375
0.7301184450206861
0.4177579761867934
0.8742707832839195
0.9189687621934265
0.9293721958013976
0.6445082798293169
0.26117358267460583
0.21797345367907422
0.29100236177278116
0.24486340465492556
0.32239955867946957
1.116401467224021
0.5171976835855254
0.38441180283187204
0.2605789193588426
0.3675985709983839
0.26056862033519845
0.6766645608247381
0.28236555269049335
0.26938842426619347
0.46469416866839813
0.5333850134220324
0.6011671940787019
0.26159619583687554
1.1842826881293216
0.9914468502698472
0.27178283133253683
1.2811318746505231
0.40541657023736855
0.38465475200073396
0.4627107674978579
0.7441065956775681
0.34220601121315364
0.6583057444050149
0.5890606705233007
0.3226291634331976
0.6663530694529594
0.6348313627394498
0.5617955453369728
0.37544356664890505
0.34862909496851285
0.7260167395520617
0.5691941220971098
1.026933311999147
0.3769186658920043
0.36452592257468464
1.1555520348950357
1.2556787984465527
1.0010206120527423
1.1945692608778655
0.43612029504798866
0.5029283680877147
1.2618002409849347
0.33647055153382865
0.5435734031819706
0.290298516860825
1.1441792446911951
0.25440562316996257
0.4847368411467137
0.329127382907636
0.3691260370355536
0.25051283639323285
0.2765280917596858
1.1689585524051154
1.218119323936608
1.013662245368731
0.6811102501284876
0.747881397677037
1.1413168187168523
0.4465061640254183
0.24806964214238336
0.7479579384430692
0.23581084601558827
0.2554303498311849
0.5696761873520703
0.7644555493813829
0.2607805312546569
0.5263951305759368
0.4429714618786208
0.48925584648221965
0.5333127774235615
0.2773340233764787
0.5056065332327849
0.7670049426136074
0.21529950876295076
0.8717171283214393
0.3116153978517921
0.39752234254235813
0.6416219656280591
0.8733923849768634
0.33149557757387316
0.5167411022327597
0.2694635736432147
0.3064505462619415
1.0530115775336835
0.9229945771309025
0.38602436631648673
1.0590848818753433
0.3286635337713991
0.29299373903255094
0.43254291037948245
0.7292823648773845
0.8043579572589086
0.9389242954075936
0.23445396701138596
0.5311666733004816
0.4982470923385355
640/1024
0.4545788662406342
0.6564115275147381
0.7416582176973601
0.45788443173002
0.3777148378682994
0.5034991982748864
0.3857649788165378
0.8651854550425099
1.320673992289134
0.5141956831237613
0.6355752665401166
0.513352931556829
0.6639649895039106
0.7113792034457516
0.45458288682511483
0.7149342434184194
0.8751840123369659
0.4239386825000754
0.5724739985687392
0.48940525394055145
0.7548944594812484
0.553342644906113
0.76109504792128
0.40537154929595237
0.5470443842471011
0.379479101938205
0.9591889399716563
0.6013435120565289
0.7396057041007468
0.3727020004048431
0.7607877587664521
0.925654072279338
0.776689730586378
0.5808966663690278
0.9276913409914128
0.7087292113442545
0.4699299160214499
0.9822991759795823
0.6155840518342826
0.7836690873949286
0.867940264919541
0.6941246023820915
0.6160231510305029
0.6077807187436646
0.39436265253796926
0.44543301751335873
0.6156569360000729
0.4691730668761184
0.559105666947058
0.49940598365687383
0.8903215111297711
0.5745783459080165
0.5718260594606673
0.6013272160427795
0.447471930178639
0.7733972156254095
0.5095979384628377
0.8312742097503811
0.7129733966583456
1.1428672717402826
1.126815132633425
0.6132491265701256
0.9311584326008884
0.6129461949015329
0.937756457880385
0.48399132825047886
0.5990765179031281
0.4254416180165686
0.44428610306193017
0.718896044817936
0.46342641154106473
1.216459307959762
0.623929654349529
0.3766458992298175
0.5848386579767125
1.4429011843905413
0.6145664790835139
0.5161087933686401
1.0351064711612394
0.4003897280988651
0.49249092244663933
0.4372335786698518
0.3765610085568277
0.43876676645244506
0.868289209679693
0.5759187934582898
0.650775124135607
0.6149513416343493
0.7590508052053234
0.7288302533181722
0.4355221104111708
0.5455329007576303
0.9340384465233618
0.5935847961120561
0.38791681209010254
0.5644143834331833
0.43849543921726486
0.9311754962432472
0.9347506002614283
0.5204140047515725
0.7654797837251494
0.5923089720470546
0.5547161442003957
0.43464887284080833
0.45282918191256005
1.3766538726297943
0.4395447119509083
0.6015919893562578
0.8726810554155122
0.3874094393019293
0.9625474477849341
1.1857828463345008
1.1720062719936877
0.4850624308495131
0.4584250510580787
1.1987176971709161
0.5096998675354217
0.8678061279797084
0.6821565381674679
0.5701230953260429
0.8982968929282363
0.40162914817778417
0.8116585311806526
0.6756485155913553
0.5491331060309882
0.9574461509882662
0.7104652435403703
0.5351890227031699
768/1024
0.44194165531978047
0.2540547810738899
0.32658142177070804
1.119538456091873
0.4724544548804406
0.25718820803840803
0.40824410519803833
0.5511541860428294
0.6992385521861881
0.3696418838431392
0.8293350541694865
0.6034841120396192
0.8569622515230246
0.49163993715046117
0.7105426268485024
0.8979364718855543
0.6429983098516545
0.6668261778384792
0.8336550079093656
0.2630513956042099
0.8639118369162261
0.29541322006987447
0.3103944333066425
0.9829266365943499
0.3295759440570787
0.25858675768922756
0.6582057321583115
0.5687692834839557
0.2828693834597792
1.238093538371344
0.5539428657970225
0.694679665331548
0.8339677182334737
0.33855657150084734
0.22862857363146272
0.433199766563872
0.39509429175535404
0.25577969173865456
0.39904307343367146
1.0652181974852706
0.38318212527317225
1.0330553685268895
0.4004131107421376
0.398443572434938
0.3943135675249737
0.4733202289326213
0.8979630232348786
0.5862403124178647
0.5810968089906948
0.2491495628253545
0.868868367149957
0.333295924569359
0.7912685261688754
0.926389488006076
1.2703177755331128
0.4890099900629392
1.3827701440030662
0.28600430000833965
1.2721868997617993
0.3522239272996116
0.22997620258575038
0.7891729373699194
1.0831490315493144
1.2622596944008904
0.7057507775799503
0.39393428716722656
0.3288218694577084
0.46161362339525835
0.30359540588642914
0.7428044572684462
0.7180289708353906
0.39746063409130583
0.21992781735904263
0.6345140278940335
0.6767999964187085
0.6771001824665551
0.9400551994522802
0.42217170149719185
0.30736929181943917
0.8644733147856127
0.7241467071065314
0.3584785799785789
0.25375948366745305
1.032926343013793
0.49206309183881036
1.5275724361377125
1.0050372557773244
1.2731007498793154
0.4273502343136951
0.6412442772778306
0.5437860709387361
0.3052407140888007
0.8853567257725758
0.2852321090664457
0.8583382319425572
1.4111716735396689
1.4402370416958927
0.4022776358376461
0.5512165351834672
0.8539568142990434
0.38931122121652484
0.7470238733185615
0.5175486932108097
0.37110007860283967
0.5259978747928342
0.6692439683305411
0.8925059437155123
0.43604086773424994
0.27317740383022365
0.5067179522851469
0.23095458138188324
0.7226522148710056
0.44777123658774276
0.3763904451251542
0.20460920615291384
0.6736876509245271
0.22737087280584237
1.210399440752094
1.3749640889131145
1.0270772675331041
0.667753520536865
0.455803179330005
0.2890846442906492
0.4479666164272021
0.5974735802708602
0.9866163930077476
1.4011228081852107
0.3696353607954914
896/1024
0.8780785333696357
0.41210159430454346
0.7216937591868412
0.5588041157934296
0.6129146817901983
1.0721308237708853
0.5603834386250276
0.7060627171079525
0.8570031084572141
0.7753302198619159
0.5640438995512198
0.8424618506184476
0.8697366708371495
0.7742929772114063
0.634304939637002
0.8829067342004364
0.6415250265548584
0.9997923993697044
0.8946964842054355
0.7992282196386327
0.45872481470320503
0.8536064533055328
0.6408166895613828
0.7968736634038613
1.1244171036077555
0.9717515266227617
0.7839034435606587
0.753817081256746
0.873376957911926
0.8740391774943861
0.8100760989887024
0.8802844621822559
1.1488249052633313
1.1993917406417753
0.8965736571216694
0.5867433646736495
1.0085413766679552
0.8044981002506782
0.831967687451774
0.6139610364387589
0.8381515498885537
1.389392833067434
0.5770829052601171
0.8809676400560972
0.3863764546145485
0.5494365072534515
0.8493911664779763
0.710187010662339
0.8335316422505861
0.6297508060713054
0.6347108930587968
0.8101696264412428
0.7458824803586254
0.7816811230441681
0.3438962273763181
0.771961608504259
0.7594426593439342
0.975526466667334
0.7224999450653469
0.7693545532103825
0.7556244948001268
1.1108713973716453
1.6534978905199569
0.527824893065279
0.7325112416582209
0.885467773058718
0.5103353766281211
0.691538585483252
1.1347562451819266
1.0775219373223737
0.7996487850694782
0.277337768255619
0.6845925342197421
0.5040321923700672
1.097718278166355
0.5966029292621671
0.4017418872242382
0.7255485610042187
0.9406158439876382
0.5814957150426056
0.6426886314696012
0.6682045538735686
0.8215363536663185
0.5612534895926207
0.7953048352026162
0.5077602442817224
0.7867399673626846
1.1234190943808353
0.7897770546313088
0.3848144737927169
0.651410741044796
0.5735785606878342
0.7125378176852898
1.3024714406181195
0.5369151709890113
0.8443461162715833
0.807830667796067
0.9088767528265931
0.5774638877456217
0.7492405109808111
0.5547261855629023
0.9835198986129174
0.6725935852210361
0.8915496158766044
0.6780559889161235
0.8716004304592632
0.7544003674428864
0.8322558909745466
0.9161123034195945
0.38034361306553566
0.9041298087293802
0.5599250343104047
0.7558191204473762
1.321289868191922
0.8404159428867898
0.8555618386621111
0.9506526965481996
0.7557853934115052
0.939745447853332
1.4461786357859752
0.48594278595999885
0.618685540914611
1.8875734662182786
0.7406972401363088
0.5821648844991745
0.7791991681927382
0.5969486892711436
0.6732435606345583
1024/1024
0.8872312880969868
105.927274 seconds (76.83 M allocations: 12.896 GiB, 3.83% gc time)
λₖ = 0.8
Warming up
128/512
256/512
384/512
512/512
Measuring
0.49645130197363485
1.1056412054395257
0.3550774325879499
-0.24906175170891054
0.3840223362794171
1.110053284348238
0.5976304766570777
0.2878705325575086
0.1768117287224516
0.22400333372509457
0.5933367154579857
1.0196759338103165
0.43691253592265805
0.5486415255098165
0.7550235140291743
0.931747673597308
0.44727471468202584
0.8278836406853354
1.1720470524788893
0.8587268854817163
0.2816649992672598
0.8417490564976835
0.6150285384826448
0.5326919300778035
0.3853271970546247
0.3842004848909814
0.5871449513522392
0.7688111461619697
0.08564726273187084
0.8886292027783133
0.6877044221650552
-0.034027091199805404
0.6003994752813147
-0.027913701800831636
0.7969361528846349
-0.06501703836901152
0.41000329328087237
0.23397951738997413
0.6534238223551321
0.8619032016078387
0.396873432277749
0.7411539390092134
0.9958507114636179
0.2993398436495497
0.6278446983268238
0.644183062547868
0.07678613624228897
0.5176358773927549
1.0857496392256012
0.49808624560021836
0.45045099265796057
0.40902471363560106
1.1201565766496977
0.6854439702231467
0.9066973139569672
0.9133623555041717
0.477623938804162
0.6643036205201513
0.3310320081919762
0.7311701615746085
0.5888938095273791
0.9422029190543643
0.7625737087116008
0.9392512831564368
0.8201124858934432
0.7733972533732485
0.4924414129792741
-0.11230893346581095
0.8702209318390759
0.22457321932727936
-0.25255423828011236
-0.6103736906474354
0.35515316846197176
0.7999307381149903
1.0481122114536188
1.0596483999565423
0.5487912429648415
0.039963750717051494
0.5373691008283239
0.863662985860824
0.514883822579948
0.0012150445887187944
1.0392619289819431
1.237976045979925
0.4632719800383015
0.8837169392823037
0.4337792253471908
1.2387690830499145
0.8464134321766518
1.347274918663531
0.5055815170922708
0.5826361737384786
0.6538161136080108
0.8468967925777473
0.47383810648503155
1.0545151110556399
0.4000983220715306
1.003125456282079
0.2938347834068204
0.5747099814616277
0.4783057434351221
0.8200764253504482
0.5489834750219242
0.6438438136404045
0.9856742000742003
0.2496412163725023
0.927132715897004
0.5620383159525242
0.5341399170791583
0.7062714258597976
1.0094674381694115
0.44906747877143127
1.275772777798859
0.4314739422461058
1.1185348316899861
0.5891134889903138
0.11890723838832518
0.4612326584581432
1.0637284005856011
0.3742395092735305
0.30427973709157796
0.5174496271438963
0.43669167134140363
0.09490508722374247
0.5744929698749627
0.41491366290016
0.3555727901171537
128/1024
1.0743158769343184
0.47298700722873666
1.0500309269063617
0.44319117034788486
0.5774445291789365
0.5192234403154896
0.462437293526262
0.8934713535666077
0.9359986549420332
0.3960848976958653
0.4152834789639091
0.6169322177066112
0.7063979702184799
0.721788177228437
1.1646623491608374
0.31333228672921964
0.5148168855914453
0.4146471790858554
0.3689891615091091
0.35779598656041467
0.3238616802249937
0.4419788142257674
0.7237208208512884
0.5561371969586435
0.3807495653149403
0.3516396208224292
0.7736795981445224
0.46074840402594386
0.34437321963933376
0.9173185948541676
0.8241321144282678
0.9547222071381563
0.28462631096798735
0.4870048222198441
0.3004877480837692
1.2315183980674935
0.8612610726998321
0.4464773692739823
0.7614389204515307
1.060316244253654
0.5547749476603595
1.5211998686866333
0.742297440509099
0.9981355792383659
0.5757189135515498
0.3952653122810057
0.5110399927766367
1.123709251370438
0.5360573544140135
0.9144256287618889
0.45077376737494046
0.6094617707428818
0.3969582651601755
0.9487751500760925
0.9525290204621171
0.5080194632555863
1.2477286415404314
0.7676501991286988
0.5343324890362855
0.6130408816303792
0.8132933779529813
0.37131585034071674
1.0716047517972422
0.7717708941399
0.9173771876103953
0.3535395489849534
0.9364042532626495
0.3203944218041726
0.5413666610302293
0.42066716040749685
0.28655421974297157
0.9311606940397696
0.45669739873869775
0.5637561466820173
0.49951886977049387
1.1825780671835182
0.4495653991060884
0.6358344277740297
0.39036477234244127
0.4573153262008291
0.5130523924103795
0.7798156462605762
1.1484171177727953
0.48521743625342006
0.3010254362441216
0.8341318296137936
0.6153732775353032
0.8118307707649293
0.7323071406861246
0.3548655197032893
0.42649876637429907
0.6199957323610266
1.3940008465860585
0.4475726836989321
0.7341102955983061
0.3334431694333819
0.535659541304226
0.43468315626156445
0.4098502993782001
0.3520277040065364
0.6008869435803433
0.29266258738591816
0.4087946587740691
0.5313548515120115
0.52707180299458
0.5464331099861448
0.3425479242253927
1.2814024902112369
0.4736197869863861
0.6164341272764449
1.0266327029783189
0.3999353979993615
0.866415787545596
0.9008376199168631
0.47212774961857545
0.831118288033129
0.5779455477526638
0.5358003893089522
0.4778302484032445
1.1958340954532107
0.6039909364586838
1.2285743164126264
0.6831190375502627
0.5364455135468786
0.34303244875135447
0.5871299882241429
0.48070492618520644
0.7579578883865867
256/1024
0.27655416057112103
0.1397400319067441
0.43734366266584057
1.601218662005344
0.25476308693401417
0.1198697707083651
0.6717189282066601
0.4221254760025171
0.22310522762117876
0.75703683424963
0.8794519349282909
0.09283311008739224
1.4202643088736824
0.32038917837352837
1.1229648605724194
1.0371230938656837
0.8291854574677897
1.030461147724759
0.33094262508145356
0.16262927827727805
0.8358929785223503
1.717941185262596
0.5596580183851371
0.45106252865862373
0.8650310728184198
0.25785725550385163
0.45868802203092024
0.5678137422873294
0.4566026465674876
1.027282840973088
0.3415108421291566
0.7903204338569011
0.2262406184589763
1.1044644237742127
0.465694648633567
1.1448482138478808
2.092796914933013
1.1956496456295593
0.5851820163537884
0.3536565562976498
0.16271790303689973
0.1756936541735171
0.28473853237400437
0.611737250807121
0.8842306601621659
0.10781757322266267
0.5073645861816245
0.601042740379309
0.6948230454694284
1.3186520894002627
0.486236552353554
0.1257144463869281
0.5393471948788228
1.720810589429857
0.21881511079467075
0.664121919347966
0.516163291253835
1.3338235593489258
0.4010313892696157
0.6818089233919635
0.3997700690466207
1.5476407616257144
0.5599083227446404
1.1709662652008408
0.578052952673479
1.4876240190386634
1.1628972826207638
0.49915364794159944
0.7933766895739246
0.29631736167473216
0.2547317959881119
0.9379678942331009
0.4581213024580656
1.1002514818453717
1.421289304486416
0.1900362056745726
0.5305929867474989
0.39074868048889533
0.8398716991265773
0.7951000031401968
0.556527343520703
0.8497436457091809
0.14395006883120304
0.25922257434067264
1.5399565110611109
0.3071087419916977
1.8776788735433858
0.9147312612216044
0.35736745464831166
0.6558192733512803
1.3767087820418813
1.582729125630851
0.32572329976156367
0.8001202337158984
1.1303854799964097
0.8922841104804184
1.3593131609304652
0.41405644579188555
0.3701693795582456
0.5699965815786896
0.2411774205157769
0.2561300977426192
0.26146847509942694
2.3337561465827656
0.10209471967338954
0.7582040473313407
0.8722701935033985
0.15843977604100007
0.13380542180687205
0.34066434661276274
0.4059774050262541
1.4463018420809857
1.5231413654504566
0.21200724523025072
0.16327232154643412
0.1529269145673351
0.2194233841948891
0.341797366675541
1.1913212481421134
0.5757289041562847
0.5302021243425606
0.40549742901827196
0.4879760546168681
0.6282459301649896
0.14480348973372542
0.4281622830838756
1.3032282561283495
0.5372770173857452
384/1024
0.5323500803332093
0.7428206378072586
0.7661575549902526
0.7665276072149397
0.6245982046434397
0.8419830791323122
0.678352243064808
0.5504673388393304
0.7891181084454354
0.514789974461815
0.5449877686256145
0.8094948060475565
0.5847245253349195
0.5559087896992077
0.5273365829336827
0.6125916952519467
0.8823666357051678
0.7852176351430955
0.7854813570041642
0.7714507682899001
0.5786770052999499
0.7634963062768576
0.7338621462508927
0.646644558864504
0.721378774745835
0.8617465084850683
1.1652724072134437
0.7134633149252669
1.2430250638065523
0.6795750604440156
0.5764485209687908
0.6879824225182258
1.0564361960288746
0.6560399951198789
0.7329883023725494
0.5981325335232223
0.6415806608043709
0.6476808116485928
0.6993162581428597
0.5555391518109961
0.5992119274391905
0.6278574144647153
0.9447593960367868
0.5992611270146077
0.7602206950937158
0.6391796462429777
0.9130639852759915
0.7186955015548133
0.9495702676247546
0.5958144736333122
0.652463297736523
0.7608095493382884
0.7013115705612397
0.5400835018023182
1.0418363956033623
0.6588750046927381
1.0713820876643902
0.6527888321643132
0.8327473592473735
0.6143297653798434
0.6446606327632843
0.6134464768197289
0.6367702131362414
0.5434973958732653
0.5361241863203556
0.6064938838387146
0.7247536838785279
0.7123419871108364
0.6414888872857764
0.5703464168361507
0.7456930674770754
0.8193376969595847
0.7250592867959776
0.7101105425363521
0.6771221911242405
0.6787378532570756
0.73836932992794
0.8170510424431219
0.5406168084680418
0.7987303522617528
0.7403522745820035
1.2717020126160534
0.6282257832642737
1.2134345419058743
0.9893358469371021
0.6135065924070886
0.6534295897716869
0.8369733663716836
0.9275631043279238
0.6742276679920717
0.9128957902878999
0.6563191200455468
0.5243346817588546
0.8438485585941657
1.131396856976684
0.6117257364099298
0.7941172474085523
0.6875336764370603
1.0575399145542046
0.6710317370284388
0.8486398494678086
0.710024354436736
0.708737813787211
0.5243167218700439
0.779691467410054
0.577113651521897
1.234888798208861
0.8251805828722313
0.8840419634731174
0.5610681170416246
0.9031626233960688
0.5945511163605536
0.697048505508195
1.4429453552647016
0.6474255238987082
1.0057348998322087
0.7228972980519641
0.8345878670582222
0.6940058187769751
0.8759856636623616
0.9073014405835036
0.5487818406975482
0.5119923107780271
0.5471444580983376
0.7666089469305204
0.5528887592567823
0.7998383872241368
0.6621447987415974
512/1024
0.7190016581688148
0.6177678567552753
0.7502405375769676
0.567880585868458
0.7265347118411489
0.6713088003234219
0.7611161845772152
0.6405915747204243
1.0660823140976161
0.738682999093712
1.0237767069922838
0.8757061736691893
0.806693124365295
0.5979249044140307
0.5816242313845263
0.5780245451960686
0.42558381065773543
0.6176663759687661
0.5544877983436507
0.5736804252068141
0.6639771870952971
0.5762285641636749
0.7224064440438656
0.6176665657644544
0.5670016420603083
0.5963016919576862
0.48273254558236517
0.4444695657915104
1.1009093791648974
0.2647661150675595
0.6016691082017176
0.5753709142609709
0.7085956505987773
0.6051324816151382
0.5713076168893738
0.7209944085015842
0.5624392628710669
0.5924688058105361
0.8856474518287845
0.49138440207462475
0.5355801462072478
0.5802985998213923
0.53738070364023
0.6547124576510437
0.6625361612610183
0.6578853418761695
0.7703957552149086
0.7879725013261821
0.5786337701838394
0.8760139726699024
0.906168039114489
0.5775683859907095
0.7594525984002134
0.6198755801077482
1.114611775232213
0.736279573547534
0.5659915272762408
0.579580504496706
0.6753589552589148
0.6961606151883789
0.925061471335967
0.5855398302176489
0.7216590117920006
0.7238000943841386
0.6929909493894308
0.40367733278363427
0.7782483246810148
0.49783070063167073
0.759624611840489
1.1082100271295092
0.6533876289383765
0.5601441493302284
0.6687143517355089
1.0655205766215774
0.6495651457016409
0.6291527008332787
0.7599422542256278
0.658203852125694
0.7452523023015698
0.5217863198430813
0.7625907636250044
0.8782097955904193
0.8643231876414501
0.6748359963819809
0.7645631839020988
0.5784606247680376
0.5934873033985942
0.6071839018541708
1.0390909884758608
0.6630631512446951
0.8252816056661542
0.7773172180393639
0.5721531875551074
0.6763894448107461
0.6268252604187692
0.5034102711692382
0.5899293332349038
0.6542167439122925
1.0508470257882605
0.6044056027683303
1.2565079310404725
0.6384990362224765
0.7305176022930638
0.6339223870427995
0.5780964101136438
0.6555128086527438
0.5972741192753162
0.6117127199399551
0.7764067917848432
0.8312108156106846
0.5869417694786787
0.35011434481148973
0.659275198112763
0.6161031594226802
0.44887217590850403
0.848615783321067
0.6733930440348733
0.8118619344305906
0.9272981231151853
0.8245874292904396
0.6849638719715059
0.680112577669745
0.8495128993361968
0.5647188348071532
0.4359983194276913
0.7561364934536448
0.6632244399585758
0.5831384692160129
640/1024
0.7832692997104647
0.40410406135766996
0.668482924753143
0.39698674494212455
0.8070630488413799
0.5123225690580232
0.043570028277124584
1.3557868397212134
0.32167562759104795
1.3106640557433429
0.33442555411081415
1.0109160369108063
0.7360815691526474
0.7742898609167417
0.884543842748827
1.279618678151737
0.46033011785302436
0.48715567024091533
0.9166198210865577
0.5573351073861783
0.9481246599272966
0.5439142708560281
0.2755605448337638
0.8626360947915628
0.9003956361082197
-0.17968799093751053
0.9739347614533654
0.6771730295265617
0.44664447805384516
0.17732642769553963
0.39538019142551684
0.18780871859236667
1.423911040946569
1.2945773536672704
0.8441112253403373
0.3354343819904593
0.38174860594174476
1.1418885576296456
-0.07783202156750446
0.6040094055740105
0.31568813553060676
1.280613843889935
1.282528801249237
0.24246376871799735
1.141405260915243
0.34814925790378215
1.0465868581607223
0.17121746667177992
0.3085975836982861
0.7302330847847674
0.5892322905656563
0.41355834916009443
0.5172734175193818
-0.3284925266898882
0.24319525744856213
0.2865909489193442
1.5168636251184662
0.02490176111141859
0.25868799615223476
0.9717877621151033
1.3358443717304125
1.0114414186747298
0.36154576810946426
0.4012335349514156
0.7588222072041921
0.21535453433079357
0.6571905186033725
0.2455105665616117
0.12793082855400423
1.0366110178258794
0.4140675316293509
-0.1669381213927047
0.3785908730515264
1.3662157356217146
0.37634962940659583
0.7386617611512135
1.300462962694556
0.05463805526854634
1.2261010515484163
1.6016117539773949
1.0712717742462146
1.221369567172498
1.3753000407145926
0.3576872903734669
0.0963474205964227
-0.10721613884564951
0.5645035671291063
0.9336853260342273
0.6010525884859077
1.0110716239604165
0.3338136189161576
0.451730158704761
0.2685988701146799
0.6881514676201879
-0.20360454897400815
0.475228337033472
1.132977242032238
0.15846738015360598
0.4213758656481972
1.2314455865240188
0.6251978080786544
0.9034265237747369
0.1308001220507925
1.4026816715832637
0.36398594109133114
1.19676069593874
0.4036055732102606
1.2531023333268052
1.3629654475354198
1.0655802438001074
0.8393354038026356
1.182115334686694
1.631606829170297
0.1652656407548872
0.6553075103897725
1.1314784157285347
0.3784312180764271
0.30532765915404825
0.4143398428714281
1.3916299867155166
0.8357197964447303
0.8639426200708765
0.567390983034089
0.23747480975678018
0.5383329555697316
0.6589742861002146
0.8790946080372697
1.174091516247663
768/1024
1.2494611158370548
0.860740505675436
0.3619828489114526
0.5217052114333449
1.2155392741783557
1.0798479930134346
1.3337676576302293
0.8622165884706716
1.3975894488490546
0.8856853057141878
1.1923500420540623
0.9952311929178437
0.36182457040177524
0.4273065790606644
0.2928288842077984
0.44217401180861915
0.2519653163827645
0.33610458539248494
0.3484067136546617
0.8716063225749366
0.364077559405626
0.3167243808906812
1.3492045448890864
0.5421011806573204
0.949858643893791
1.227565822489057
0.40993338132164125
0.3926569341143334
0.3187462128316162
0.8432751463215205
1.3259914333770182
0.674365473195772
0.787052052811365
0.3342546509039688
0.3486895555231373
0.3471517140054372
0.3863662553430335
0.9056490048773241
0.3127097608877405
0.257516200982436
0.9469243123259898
0.6300242266075999
0.22850492519794935
0.8694409836170423
1.3132813899536049
0.26883215924546566
1.0070525314920475
0.6348808327077592
0.5635338483597138
0.3129855031872466
0.697843615095032
0.9857157285599285
0.22656519347429607
0.48558730345578405
0.43564385635464353
0.24331057747534543
0.32193303023262676
0.8907483095935448
0.6665287993942257
1.5385477190578623
0.5951018632176579
0.4632581341702454
0.5371869286872079
0.8321088430616753
1.0374344753464557
0.33887289076637417
0.754606347395719
0.9877092097454586
0.5100926944230149
0.3711818298439811
1.2779074865296414
0.9327343637870888
0.3060199427847535
0.45902539767048833
0.7257643509861753
0.2518172027003433
0.6683016346745054
0.2444974956951673
0.6778993875692136
0.8226880492648945
1.1190888817135518
0.8408079522010575
0.2659479216500198
0.7027616630894856
0.25651055059591743
0.44784839076656413
0.8023104857372896
0.4777753028577693
0.7185266536203643
0.48728031938508687
0.9184886098346955
0.25391318334376173
0.6159576347375638
0.6825347903063778
1.3044904269290898
1.525612501924623
0.6152455164309739
0.36291882183454643
0.5578319375883782
0.7078681876332997
0.41416517349327575
1.2156052839760232
0.9558090099531747
0.5805810579483393
0.35520705517608053
1.3681105854666216
1.079863690802501
0.6527524733225702
0.5964837859881285
0.281446715245594
0.24234423528048987
0.3522791939599899
0.5568252309204926
0.36278770450054354
0.3340587115967415
0.6788028610971993
0.3567924964534027
0.631404596043574
1.3501364106061222
0.3427334058275028
1.4200556075473572
0.34233649184300013
1.0013891124412815
0.28830240744907354
0.4873290109414927
0.7830310215239413
0.5964926383235888
0.23386174772254856
896/1024
0.6731107823068139
0.674495987303396
0.6948499363705674
0.7006946087778495
0.419677218685482
0.7080816511626737
0.7309093857217581
0.6351172618116623
0.16834931668396552
0.6767980563808186
0.7806676347154354
0.7161159341224046
0.6637145512899565
0.6845383425408762
0.7557243872763946
0.6522070816615084
0.714141592870705
0.8315368436947381
0.5278153628093968
0.7705192481413428
0.5851720428790081
0.7834852178386864
0.7854910778797403
0.6776472194524077
0.6467060818611989
0.6951960211922266
0.5762437059925283
0.5415680765928284
0.6398240368680903
0.6706032444834901
0.6424672923639588
0.6675860784597788
0.6813744176724564
0.6796085085513913
0.6626409637957605
0.7178437549761068
0.6653072164671605
0.7467278064934808
0.7190651195433051
0.7285713188808058
0.6400165554973984
0.6674144736734994
0.6671774858388575
0.5652486479480874
0.9612032424431929
0.7310834569838904
0.6661214044511431
0.9996195451854641
0.7014432865201163
0.4644844973722819
0.4843911483910637
0.7720616208593815
0.6972840756485784
0.7753808210184266
0.7246268378080682
0.6804769968577555
0.5998024362589341
0.8092340183093676
0.6462427916402431
0.6736138067012307
0.6698503284541725
0.7223412911496844
0.6256185381026387
0.5677221990877307
0.6756391104657976
0.6241420695595536
0.6692301550848498
0.6398827913800549
0.6626969413517232
0.5764815032666121
0.6965715230272385
0.7015186572566757
0.7227412185286883
0.6695127948179
0.6740878448288901
0.7684638661911507
0.5921762510329932
0.7565280740100353
0.7009222402820287
0.649797906440139
0.6891350433940129
0.6732301647573005
0.5291874381606501
0.6806603761572987
0.8756901986823036
0.7113164358068472
0.645196244333751
0.7170295927456982
0.6761110977507614
0.5774833467568641
0.2168674664179565
0.5678425387167019
0.6762797265389
0.7353322848664665
0.4805407277438899
0.6745214743733844
0.7457060191314666
0.6625949697547237
0.6445821901022497
0.6677007821914768
0.6148061563567503
0.783947085290007
0.7588827251878936
0.6957303294904266
0.7568483340882239
0.6729320985297069
0.904107397880862
0.6193201725469233
0.4277103899174298
0.6203367839171608
0.7649381023337164
0.5695884863488916
0.7263208086747592
0.6695378040121813
0.6736907049931047
0.774181420205626
0.9230523286226584
0.5978571637503756
0.9250497308779563
0.6829253197678192
0.7076088880651425
0.795912879035847
0.6676495283995189
0.776112158205263
0.8367200225718201
0.7499251295817275
0.6682508109639986
0.7757092997574784
1024/1024
0.6820556475470958
106.170875 seconds (76.83 M allocations: 12.896 GiB, 3.93% gc time)
