## SLURM PROLOG ###############################################################
##    Job ID : 6659239
##  Job Name : etgent_N(6,6)_seed1238
##  Nodelist : node1741
##      CPUs : 8
##  Mem/Node : 2048 MB
## Directory : /oscar/home/trazzaz/AFQMC
##   Job Started : Sun Nov 24 01:45:47 AM EST 2024
###############################################################################
seed = 1238
U = 2.0
λₖ = 0.0
Warming up
128/512
256/512
384/512
512/512
Measuring
128/8192
256/8192
384/8192
512/8192
640/8192
768/8192
896/8192
1024/8192
1152/8192
1280/8192
1408/8192
1536/8192
1664/8192
1792/8192
1920/8192
2048/8192
2176/8192
2304/8192
2432/8192
2560/8192
2688/8192
2816/8192
2944/8192
3072/8192
3200/8192
3328/8192
3456/8192
3584/8192
3712/8192
3840/8192
3968/8192
4096/8192
4224/8192
4352/8192
4480/8192
4608/8192
4736/8192
4864/8192
4992/8192
5120/8192
5248/8192
5376/8192
5504/8192
5632/8192
5760/8192
5888/8192
6016/8192
6144/8192
6272/8192
6400/8192
6528/8192
6656/8192
6784/8192
6912/8192
7040/8192
7168/8192
7296/8192
7424/8192
7552/8192
7680/8192
7808/8192
7936/8192
8064/8192
8192/8192
2708.463009 seconds (658.61 M allocations: 435.498 GiB, 2.07% gc time, 0.35% compilation time)
λₖ = 0.2
Warming up
128/512
256/512
384/512
512/512
Measuring
128/8192
256/8192
384/8192
512/8192
640/8192
768/8192
896/8192
1024/8192
1152/8192
1280/8192
1408/8192
1536/8192
1664/8192
1792/8192
1920/8192
2048/8192
2176/8192
2304/8192
2432/8192
2560/8192
2688/8192
2816/8192
2944/8192
3072/8192
3200/8192
3328/8192
3456/8192
3584/8192
3712/8192
3840/8192
3968/8192
4096/8192
4224/8192
4352/8192
4480/8192
4608/8192
4736/8192
4864/8192
4992/8192
5120/8192
5248/8192
5376/8192
5504/8192
5632/8192
5760/8192
5888/8192
6016/8192
6144/8192
6272/8192
6400/8192
6528/8192
6656/8192
6784/8192
6912/8192
7040/8192
7168/8192
7296/8192
7424/8192
7552/8192
7680/8192
7808/8192
7936/8192
8064/8192
8192/8192
2721.636018 seconds (654.89 M allocations: 435.334 GiB, 1.64% gc time, 0.00% compilation time: 20% of which was recompilation)
λₖ = 0.4
Warming up
128/512
256/512
384/512
512/512
Measuring
128/8192
256/8192
384/8192
512/8192
640/8192
768/8192
896/8192
1024/8192
1152/8192
1280/8192
1408/8192
1536/8192
1664/8192
1792/8192
1920/8192
2048/8192
2176/8192
2304/8192
2432/8192
2560/8192
2688/8192
2816/8192
2944/8192
3072/8192
3200/8192
3328/8192
3456/8192
3584/8192
3712/8192
3840/8192
3968/8192
4096/8192
4224/8192
4352/8192
4480/8192
4608/8192
4736/8192
4864/8192
4992/8192
5120/8192
5248/8192
5376/8192
5504/8192
5632/8192
5760/8192
5888/8192
6016/8192
6144/8192
6272/8192
6400/8192
6528/8192
6656/8192
6784/8192
6912/8192
7040/8192
7168/8192
7296/8192
7424/8192
7552/8192
7680/8192
7808/8192
7936/8192
8064/8192
8192/8192
2693.577971 seconds (654.87 M allocations: 435.333 GiB, 1.80% gc time)
λₖ = 0.6
Warming up
128/512
256/512
384/512
512/512
Measuring
128/8192
256/8192
384/8192
512/8192
640/8192
768/8192
896/8192
1024/8192
1152/8192
1280/8192
1408/8192
1536/8192
1664/8192
1792/8192
1920/8192
2048/8192
2176/8192
2304/8192
2432/8192
2560/8192
2688/8192
2816/8192
2944/8192
3072/8192
3200/8192
3328/8192
3456/8192
3584/8192
3712/8192
3840/8192
3968/8192
4096/8192
4224/8192
4352/8192
4480/8192
4608/8192
4736/8192
4864/8192
4992/8192
5120/8192
5248/8192
5376/8192
5504/8192
5632/8192
5760/8192
5888/8192
6016/8192
6144/8192
6272/8192
6400/8192
6528/8192
6656/8192
6784/8192
6912/8192
7040/8192
7168/8192
7296/8192
7424/8192
7552/8192
7680/8192
7808/8192
7936/8192
8064/8192
8192/8192
2703.102590 seconds (654.87 M allocations: 435.333 GiB, 1.92% gc time)
λₖ = 0.8
Warming up
128/512
256/512
384/512
512/512
Measuring
128/8192
256/8192
384/8192
512/8192
640/8192
768/8192
896/8192
1024/8192
1152/8192
1280/8192
1408/8192
1536/8192
1664/8192
1792/8192
1920/8192
2048/8192
2176/8192
2304/8192
2432/8192
2560/8192
2688/8192
2816/8192
2944/8192
3072/8192
3200/8192
3328/8192
3456/8192
3584/8192
3712/8192
3840/8192
3968/8192
4096/8192
4224/8192
4352/8192
4480/8192
4608/8192
4736/8192
4864/8192
4992/8192
5120/8192
5248/8192
5376/8192
5504/8192
5632/8192
5760/8192
5888/8192
6016/8192
6144/8192
6272/8192
6400/8192
6528/8192
6656/8192
6784/8192
6912/8192
7040/8192
7168/8192
7296/8192
7424/8192
7552/8192
7680/8192
7808/8192
7936/8192
8064/8192
8192/8192
2702.892387 seconds (654.87 M allocations: 435.333 GiB, 1.75% gc time)
