## SLURM PROLOG ###############################################################
##    Job ID : 8822247
##  Job Name : sbatch_etgent.sh
##  Nodelist : node1326
##      CPUs : 8
##  Mem/Node : 4096 MB
## Directory : /oscar/home/trazzaz/AFQMC
##   Job Started : Thu Feb 27 05:46:20 PM EST 2025
###############################################################################
seed = 1242
U = 2.0
β = 6.0
Warming up
128/1024
256/1024
384/1024
512/1024
640/1024
768/1024
896/1024
1024/1024
Measuring
128/16384
mean(sgnprob[1:i - 1]) = -0.2440944881889764
256/16384
mean(sgnprob[1:i - 1]) = -0.00392156862745098
384/16384
mean(sgnprob[1:i - 1]) = 0.08093994778067885
512/16384
mean(sgnprob[1:i - 1]) = 0.10763209393346379
640/16384
mean(sgnprob[1:i - 1]) = 0.04538341158059468
768/16384
mean(sgnprob[1:i - 1]) = 0.07431551499348109
896/16384
mean(sgnprob[1:i - 1]) = 0.03240223463687151
1024/16384
mean(sgnprob[1:i - 1]) = 0.0009775171065493646
1152/16384
mean(sgnprob[1:i - 1]) = 0.028670721112076455
1280/16384
mean(sgnprob[1:i - 1]) = 0.044566067240031274
1408/16384
mean(sgnprob[1:i - 1]) = 0.024875621890547265
1536/16384
mean(sgnprob[1:i - 1]) = 0.031921824104234525
1664/16384
mean(sgnprob[1:i - 1]) = 0.04630186410102225
1792/16384
mean(sgnprob[1:i - 1]) = 0.036292573981016193
1920/16384
mean(sgnprob[1:i - 1]) = 0.05158936946326212
2048/16384
mean(sgnprob[1:i - 1]) = 0.07083536883243771
2176/16384
mean(sgnprob[1:i - 1]) = 0.07770114942528736
2304/16384
mean(sgnprob[1:i - 1]) = 0.057750759878419454
2432/16384
mean(sgnprob[1:i - 1]) = 0.06375976964212259
2560/16384
mean(sgnprob[1:i - 1]) = 0.07073075420085971
2688/16384
mean(sgnprob[1:i - 1]) = 0.08448083364346855
2816/16384
mean(sgnprob[1:i - 1]) = 0.06714031971580817
2944/16384
mean(sgnprob[1:i - 1]) = 0.0744138634046891
3072/16384
mean(sgnprob[1:i - 1]) = 0.07717355910126994
3200/16384
mean(sgnprob[1:i - 1]) = 0.08596436386370741
3328/16384
mean(sgnprob[1:i - 1]) = 0.09287646528403967
3456/16384
mean(sgnprob[1:i - 1]) = 0.10043415340086831
3584/16384
mean(sgnprob[1:i - 1]) = 0.10410270722857941
3712/16384
mean(sgnprob[1:i - 1]) = 0.10697925087577473
3840/16384
mean(sgnprob[1:i - 1]) = 0.0950768429278458
3968/16384
mean(sgnprob[1:i - 1]) = 0.1000756238971515
4096/16384
mean(sgnprob[1:i - 1]) = 0.10427350427350428
4224/16384
mean(sgnprob[1:i - 1]) = 0.11105848922566895
4352/16384
mean(sgnprob[1:i - 1]) = 0.10962997012181108
4480/16384
mean(sgnprob[1:i - 1]) = 0.11274838133511944
4608/16384
mean(sgnprob[1:i - 1]) = 0.10223572823963534
4736/16384
mean(sgnprob[1:i - 1]) = 0.10369588173178458
4864/16384
mean(sgnprob[1:i - 1]) = 0.10713551305778327
4992/16384
mean(sgnprob[1:i - 1]) = 0.11240232418353036
5120/16384
mean(sgnprob[1:i - 1]) = 0.10802891189685486
5248/16384
mean(sgnprob[1:i - 1]) = 0.09700781398894606
5376/16384
mean(sgnprob[1:i - 1]) = 0.104
5504/16384
mean(sgnprob[1:i - 1]) = 0.10666908958749773
5632/16384
mean(sgnprob[1:i - 1]) = 0.10566506837151483
5760/16384
mean(sgnprob[1:i - 1]) = 0.10817850321236326
5888/16384
mean(sgnprob[1:i - 1]) = 0.10786478681841345
6016/16384
mean(sgnprob[1:i - 1]) = 0.11255195344970906
6144/16384
mean(sgnprob[1:i - 1]) = 0.11216018232134137
6272/16384
mean(sgnprob[1:i - 1]) = 0.10955190559719342
6400/16384
mean(sgnprob[1:i - 1]) = 0.11298640412564463
6528/16384
mean(sgnprob[1:i - 1]) = 0.10770645013022828
6656/16384
mean(sgnprob[1:i - 1]) = 0.10262960180315553
6784/16384
mean(sgnprob[1:i - 1]) = 0.09391124871001032
6912/16384
mean(sgnprob[1:i - 1]) = 0.09651280567211691
7040/16384
mean(sgnprob[1:i - 1]) = 0.09561017189941753
7168/16384
mean(sgnprob[1:i - 1]) = 0.09446072275708106
7296/16384
mean(sgnprob[1:i - 1]) = 0.09527073337902674
7424/16384
mean(sgnprob[1:i - 1]) = 0.09497507746194261
7552/16384
mean(sgnprob[1:i - 1]) = 0.08753807442722818
7680/16384
mean(sgnprob[1:i - 1]) = 0.08868342232061466
7808/16384
mean(sgnprob[1:i - 1]) = 0.08851031125912642
7936/16384
mean(sgnprob[1:i - 1]) = 0.09363579080025204
8064/16384
mean(sgnprob[1:i - 1]) = 0.08718839141758651
8192/16384
mean(sgnprob[1:i - 1]) = 0.08900012208521547
8320/16384
mean(sgnprob[1:i - 1]) = 0.09243899507152302
8448/16384
mean(sgnprob[1:i - 1]) = 0.0884337634663194
8576/16384
mean(sgnprob[1:i - 1]) = 0.09107871720116618
8704/16384
mean(sgnprob[1:i - 1]) = 0.09364586924049179
8832/16384
mean(sgnprob[1:i - 1]) = 0.09659155248556223
8960/16384
mean(sgnprob[1:i - 1]) = 0.09230940953231387
9088/16384
mean(sgnprob[1:i - 1]) = 0.09343017497523935
9216/16384
mean(sgnprob[1:i - 1]) = 0.08779164405860011
9344/16384
mean(sgnprob[1:i - 1]) = 0.08423418602162046
9472/16384
mean(sgnprob[1:i - 1]) = 0.08457396262274311
9600/16384
mean(sgnprob[1:i - 1]) = 0.07886238149807272
9728/16384
mean(sgnprob[1:i - 1]) = 0.07247866762619512
9856/16384
mean(sgnprob[1:i - 1]) = 0.06727549467275494
9984/16384
mean(sgnprob[1:i - 1]) = 0.062406090353601125
10112/16384
mean(sgnprob[1:i - 1]) = 0.06339630105825339
10240/16384
mean(sgnprob[1:i - 1]) = 0.061431780447309306
10368/16384
mean(sgnprob[1:i - 1]) = 0.06376000771679367
10496/16384
mean(sgnprob[1:i - 1]) = 0.06603144354454502
10624/16384
mean(sgnprob[1:i - 1]) = 0.06241174809375882
10752/16384
mean(sgnprob[1:i - 1]) = 0.06111059436331504
10880/16384
mean(sgnprob[1:i - 1]) = 0.06314918650611269
11008/16384
mean(sgnprob[1:i - 1]) = 0.06477696011628964
11136/16384
mean(sgnprob[1:i - 1]) = 0.06744499326448136
11264/16384
mean(sgnprob[1:i - 1]) = 0.06401491609695463
11392/16384
mean(sgnprob[1:i - 1]) = 0.06470020191379158
11520/16384
mean(sgnprob[1:i - 1]) = 0.059987846167202014
11648/16384
mean(sgnprob[1:i - 1]) = 0.061217480896368165
11776/16384
mean(sgnprob[1:i - 1]) = 0.06174097664543524
11904/16384
mean(sgnprob[1:i - 1]) = 0.06460556162312023
12032/16384
mean(sgnprob[1:i - 1]) = 0.06641176959521237
12160/16384
mean(sgnprob[1:i - 1]) = 0.0688378978534419
12288/16384
mean(sgnprob[1:i - 1]) = 0.0661674940994547
12416/16384
mean(sgnprob[1:i - 1]) = 0.06371325010068465
12544/16384
mean(sgnprob[1:i - 1]) = 0.06146854819421191
12672/16384
mean(sgnprob[1:i - 1]) = 0.05974271959592771
12800/16384
mean(sgnprob[1:i - 1]) = 0.061489178842097036
12928/16384
mean(sgnprob[1:i - 1]) = 0.05778602924112323
13056/16384
mean(sgnprob[1:i - 1]) = 0.058751436231328995
13184/16384
mean(sgnprob[1:i - 1]) = 0.057119016915724796
13312/16384
mean(sgnprob[1:i - 1]) = 0.05852302606866502
13440/16384
mean(sgnprob[1:i - 1]) = 0.05900736661954015
13568/16384
mean(sgnprob[1:i - 1]) = 0.05623940443723741
13696/16384
mean(sgnprob[1:i - 1]) = 0.05717415115005477
13824/16384
mean(sgnprob[1:i - 1]) = 0.05852564566302539
13952/16384
mean(sgnprob[1:i - 1]) = 0.06171600602107376
14080/16384
mean(sgnprob[1:i - 1]) = 0.06356985581362312
14208/16384
mean(sgnprob[1:i - 1]) = 0.061167030337157736
14336/16384
mean(sgnprob[1:i - 1]) = 0.05741192884548308
14464/16384
mean(sgnprob[1:i - 1]) = 0.05828666251814976
14592/16384
mean(sgnprob[1:i - 1]) = 0.05544513741347406
14720/16384
mean(sgnprob[1:i - 1]) = 0.0572729125619947
14848/16384
mean(sgnprob[1:i - 1]) = 0.05448912238162592
14976/16384
mean(sgnprob[1:i - 1]) = 0.05495826377295492
15104/16384
mean(sgnprob[1:i - 1]) = 0.051711580480699196
15232/16384
mean(sgnprob[1:i - 1]) = 0.05206486770402469
15360/16384
mean(sgnprob[1:i - 1]) = 0.05006836382576991
15488/16384
mean(sgnprob[1:i - 1]) = 0.04694259701685284
15616/16384
mean(sgnprob[1:i - 1]) = 0.04796669868715978
15744/16384
mean(sgnprob[1:i - 1]) = 0.049228228418979864
15872/16384
mean(sgnprob[1:i - 1]) = 0.04807510553840338
16000/16384
mean(sgnprob[1:i - 1]) = 0.04594037127320458
16128/16384
mean(sgnprob[1:i - 1]) = 0.04396353940596515
16256/16384
mean(sgnprob[1:i - 1]) = 0.045585973546601044
16384/16384
mean(sgnprob[1:i - 1]) = 0.04413111151803699
794.732680 seconds (167.11 M allocations: 70.745 GiB, 1.75% gc time, 1.21% compilation time)
