## SLURM PROLOG ###############################################################
##    Job ID : 8822311
##  Job Name : sbatch_etgent.sh
##  Nodelist : node1754
##      CPUs : 8
##  Mem/Node : 4096 MB
## Directory : /oscar/home/trazzaz/AFQMC
##   Job Started : Thu Feb 27 07:29:05 PM EST 2025
###############################################################################
seed = 1306
U = 2.0
β = 6.0
Warming up
128/1024
256/1024
384/1024
512/1024
640/1024
768/1024
896/1024
1024/1024
Measuring
128/16384
mean(sgnprob[1:i - 1]) = 0.3700787401574803
256/16384
mean(sgnprob[1:i - 1]) = 0.396078431372549
384/16384
mean(sgnprob[1:i - 1]) = 0.14360313315926893
512/16384
mean(sgnprob[1:i - 1]) = 0.2172211350293542
640/16384
mean(sgnprob[1:i - 1]) = 0.11424100156494522
768/16384
mean(sgnprob[1:i - 1]) = 0.1681877444589309
896/16384
mean(sgnprob[1:i - 1]) = 0.20670391061452514
1024/16384
mean(sgnprob[1:i - 1]) = 0.2238514173998045
1152/16384
mean(sgnprob[1:i - 1]) = 0.2371850564726325
1280/16384
mean(sgnprob[1:i - 1]) = 0.26035965598123534
1408/16384
mean(sgnprob[1:i - 1]) = 0.27221037668798864
1536/16384
mean(sgnprob[1:i - 1]) = 0.21693811074918568
1664/16384
mean(sgnprob[1:i - 1]) = 0.22309079975947083
1792/16384
mean(sgnprob[1:i - 1]) = 0.18034617532104968
1920/16384
mean(sgnprob[1:i - 1]) = 0.19437206878582594
2048/16384
mean(sgnprob[1:i - 1]) = 0.19980459208597948
2176/16384
mean(sgnprob[1:i - 1]) = 0.21563218390804598
2304/16384
mean(sgnprob[1:i - 1]) = 0.17933130699088146
2432/16384
mean(sgnprob[1:i - 1]) = 0.14849856026326613
2560/16384
mean(sgnprob[1:i - 1]) = 0.1590465025400547
2688/16384
mean(sgnprob[1:i - 1]) = 0.1663565314477112
2816/16384
mean(sgnprob[1:i - 1]) = 0.14316163410301955
2944/16384
mean(sgnprob[1:i - 1]) = 0.11858647638464152
3072/16384
mean(sgnprob[1:i - 1]) = 0.13187886681862585
3200/16384
mean(sgnprob[1:i - 1]) = 0.14160675211003437
3328/16384
mean(sgnprob[1:i - 1]) = 0.14878268710550044
3456/16384
mean(sgnprob[1:i - 1]) = 0.1287988422575977
3584/16384
mean(sgnprob[1:i - 1]) = 0.13703600334914876
3712/16384
mean(sgnprob[1:i - 1]) = 0.1473996227431959
3840/16384
mean(sgnprob[1:i - 1]) = 0.12893982808022922
3968/16384
mean(sgnprob[1:i - 1]) = 0.13788757247290143
4096/16384
mean(sgnprob[1:i - 1]) = 0.14627594627594628
4224/16384
mean(sgnprob[1:i - 1]) = 0.1276343831399479
4352/16384
mean(sgnprob[1:i - 1]) = 0.1330728568145254
4480/16384
mean(sgnprob[1:i - 1]) = 0.14400535833891492
4608/16384
mean(sgnprob[1:i - 1]) = 0.1274148035598003
4736/16384
mean(sgnprob[1:i - 1]) = 0.1307286166842661
4864/16384
mean(sgnprob[1:i - 1]) = 0.13756940160394818
4992/16384
mean(sgnprob[1:i - 1]) = 0.14245642155880586
5120/16384
mean(sgnprob[1:i - 1]) = 0.1318616917366673
5248/16384
mean(sgnprob[1:i - 1]) = 0.13703068420049552
5376/16384
mean(sgnprob[1:i - 1]) = 0.12669767441860466
5504/16384
mean(sgnprob[1:i - 1]) = 0.11684535707795748
5632/16384
mean(sgnprob[1:i - 1]) = 0.10459953827028946
5760/16384
mean(sgnprob[1:i - 1]) = 0.10956763326966487
5888/16384
mean(sgnprob[1:i - 1]) = 0.11465941905894343
6016/16384
mean(sgnprob[1:i - 1]) = 0.11920199501246882
6144/16384
mean(sgnprob[1:i - 1]) = 0.12583428292365295
6272/16384
mean(sgnprob[1:i - 1]) = 0.11624940200924892
6400/16384
mean(sgnprob[1:i - 1]) = 0.1208001250195343
6528/16384
mean(sgnprob[1:i - 1]) = 0.12793013635667227
6656/16384
mean(sgnprob[1:i - 1]) = 0.12997746055597295
6784/16384
mean(sgnprob[1:i - 1]) = 0.13637033760872772
6912/16384
mean(sgnprob[1:i - 1]) = 0.12718854000868182
7040/16384
mean(sgnprob[1:i - 1]) = 0.13283136809205853
7168/16384
mean(sgnprob[1:i - 1]) = 0.13576112738942375
7296/16384
mean(sgnprob[1:i - 1]) = 0.1259766963673749
7424/16384
mean(sgnprob[1:i - 1]) = 0.13027078000808298
7552/16384
mean(sgnprob[1:i - 1]) = 0.13494901337571183
7680/16384
mean(sgnprob[1:i - 1]) = 0.13816903242609715
7808/16384
mean(sgnprob[1:i - 1]) = 0.13769693864480595
7936/16384
mean(sgnprob[1:i - 1]) = 0.1412728418399496
8064/16384
mean(sgnprob[1:i - 1]) = 0.1320848319484063
8192/16384
mean(sgnprob[1:i - 1]) = 0.13441582224392626
8320/16384
mean(sgnprob[1:i - 1]) = 0.13763673518451738
8448/16384
mean(sgnprob[1:i - 1]) = 0.12915828104652538
8576/16384
mean(sgnprob[1:i - 1]) = 0.13142857142857142
8704/16384
mean(sgnprob[1:i - 1]) = 0.12489945995633689
8832/16384
mean(sgnprob[1:i - 1]) = 0.1296568904993772
8960/16384
mean(sgnprob[1:i - 1]) = 0.1311530304721509
9088/16384
mean(sgnprob[1:i - 1]) = 0.13480796742599319
9216/16384
mean(sgnprob[1:i - 1]) = 0.13749321758003255
9344/16384
mean(sgnprob[1:i - 1]) = 0.1294016911056406
9472/16384
mean(sgnprob[1:i - 1]) = 0.13124274099883856
9600/16384
mean(sgnprob[1:i - 1]) = 0.12324200437545578
9728/16384
mean(sgnprob[1:i - 1]) = 0.11421815564922382
9856/16384
mean(sgnprob[1:i - 1]) = 0.1082699137493658
9984/16384
mean(sgnprob[1:i - 1]) = 0.10107182209756586
10112/16384
mean(sgnprob[1:i - 1]) = 0.10493521906834141
10240/16384
mean(sgnprob[1:i - 1]) = 0.0985447797636488
10368/16384
mean(sgnprob[1:i - 1]) = 0.10369441497057973
10496/16384
mean(sgnprob[1:i - 1]) = 0.10757503573130062
10624/16384
mean(sgnprob[1:i - 1]) = 0.11117386802221595
10752/16384
mean(sgnprob[1:i - 1]) = 0.1135708306204074
10880/16384
mean(sgnprob[1:i - 1]) = 0.11830131445904954
11008/16384
mean(sgnprob[1:i - 1]) = 0.1134732442990824
11136/16384
mean(sgnprob[1:i - 1]) = 0.11468343062415806
11264/16384
mean(sgnprob[1:i - 1]) = 0.11693154576933322
11392/16384
mean(sgnprob[1:i - 1]) = 0.11315951189535599
11520/16384
mean(sgnprob[1:i - 1]) = 0.11502734612379546
11648/16384
mean(sgnprob[1:i - 1]) = 0.1166824074869065
11776/16384
mean(sgnprob[1:i - 1]) = 0.11269639065817409
11904/16384
mean(sgnprob[1:i - 1]) = 0.1086280769553894
12032/16384
mean(sgnprob[1:i - 1]) = 0.11013215859030837
12160/16384
mean(sgnprob[1:i - 1]) = 0.11226252158894647
12288/16384
mean(sgnprob[1:i - 1]) = 0.1141857247497355
12416/16384
mean(sgnprob[1:i - 1]) = 0.11687474828836085
12544/16384
mean(sgnprob[1:i - 1]) = 0.11871163198596826
12672/16384
mean(sgnprob[1:i - 1]) = 0.11325073001341646
12800/16384
mean(sgnprob[1:i - 1]) = 0.11602468942886163
12928/16384
mean(sgnprob[1:i - 1]) = 0.11827956989247312
13056/16384
mean(sgnprob[1:i - 1]) = 0.11390271926464957
13184/16384
mean(sgnprob[1:i - 1]) = 0.11704467875293939
13312/16384
mean(sgnprob[1:i - 1]) = 0.11246337615505972
13440/16384
mean(sgnprob[1:i - 1]) = 0.10796934295706526
13568/16384
mean(sgnprob[1:i - 1]) = 0.11019385273089113
13696/16384
mean(sgnprob[1:i - 1]) = 0.11383716684921504
13824/16384
mean(sgnprob[1:i - 1]) = 0.10771901902626058
13952/16384
mean(sgnprob[1:i - 1]) = 0.10945451938929109
14080/16384
mean(sgnprob[1:i - 1]) = 0.1128631294836281
14208/16384
mean(sgnprob[1:i - 1]) = 0.11536566481312029
14336/16384
mean(sgnprob[1:i - 1]) = 0.1182420648761772
14464/16384
mean(sgnprob[1:i - 1]) = 0.12065269999308581
14592/16384
mean(sgnprob[1:i - 1]) = 0.11534507573161538
14720/16384
mean(sgnprob[1:i - 1]) = 0.1184183708132346
14848/16384
mean(sgnprob[1:i - 1]) = 0.11376035562739947
14976/16384
mean(sgnprob[1:i - 1]) = 0.11492487479131887
15104/16384
mean(sgnprob[1:i - 1]) = 0.11143481427530955
15232/16384
mean(sgnprob[1:i - 1]) = 0.10774079180618476
15360/16384
mean(sgnprob[1:i - 1]) = 0.10293638908783125
15488/16384
mean(sgnprob[1:i - 1]) = 0.10544327500484277
15616/16384
mean(sgnprob[1:i - 1]) = 0.1063720781300032
15744/16384
mean(sgnprob[1:i - 1]) = 0.1083021025217557
15872/16384
mean(sgnprob[1:i - 1]) = 0.10364816331674123
16000/16384
mean(sgnprob[1:i - 1]) = 0.10544409025564097
16128/16384
mean(sgnprob[1:i - 1]) = 0.10721150865008991
16256/16384
mean(sgnprob[1:i - 1]) = 0.10353737311596432
16384/16384
mean(sgnprob[1:i - 1]) = 0.09955441616309589
765.581721 seconds (167.11 M allocations: 70.745 GiB, 2.26% gc time, 1.83% compilation time)
