## SLURM PROLOG ###############################################################
##    Job ID : 8833811
##  Job Name : sbatch_etgent.sh
##  Nodelist : node1742
##      CPUs : 8
##  Mem/Node : 4096 MB
## Directory : /oscar/home/trazzaz/AFQMC
##   Job Started : Thu Feb 27 10:53:41 PM EST 2025
###############################################################################
seed = 1365
U = 2.0
β = 6.0
Warming up
128/1024
256/1024
384/1024
512/1024
640/1024
768/1024
896/1024
1024/1024
Measuring
128/16384
mean(sgnprob[1:i - 1]) = 0.6062992125984252
256/16384
mean(sgnprob[1:i - 1]) = -0.050980392156862744
384/16384
mean(sgnprob[1:i - 1]) = 0.16449086161879894
512/16384
mean(sgnprob[1:i - 1]) = 0.23679060665362034
640/16384
mean(sgnprob[1:i - 1]) = 0.29264475743348983
768/16384
mean(sgnprob[1:i - 1]) = 0.30638852672750977
896/16384
mean(sgnprob[1:i - 1]) = 0.19329608938547485
1024/16384
mean(sgnprob[1:i - 1]) = 0.23949169110459434
1152/16384
mean(sgnprob[1:i - 1]) = 0.27715030408340574
1280/16384
mean(sgnprob[1:i - 1]) = 0.30258014073494915
1408/16384
mean(sgnprob[1:i - 1]) = 0.3191186922530206
1536/16384
mean(sgnprob[1:i - 1]) = 0.25732899022801303
1664/16384
mean(sgnprob[1:i - 1]) = 0.20384846662657846
1792/16384
mean(sgnprob[1:i - 1]) = 0.23283082077051925
1920/16384
mean(sgnprob[1:i - 1]) = 0.25273579989577905
2048/16384
mean(sgnprob[1:i - 1]) = 0.27796775769418663
2176/16384
mean(sgnprob[1:i - 1]) = 0.2864367816091954
2304/16384
mean(sgnprob[1:i - 1]) = 0.2948328267477204
2432/16384
mean(sgnprob[1:i - 1]) = 0.30234471410942
2560/16384
mean(sgnprob[1:i - 1]) = 0.3192653380226651
2688/16384
mean(sgnprob[1:i - 1]) = 0.3301079270561965
2816/16384
mean(sgnprob[1:i - 1]) = 0.3399644760213144
2944/16384
mean(sgnprob[1:i - 1]) = 0.34964322120285424
3072/16384
mean(sgnprob[1:i - 1]) = 0.35330511234125694
3200/16384
mean(sgnprob[1:i - 1]) = 0.31978743357299155
3328/16384
mean(sgnprob[1:i - 1]) = 0.28884881274421403
3456/16384
mean(sgnprob[1:i - 1]) = 0.2984081041968162
3584/16384
mean(sgnprob[1:i - 1]) = 0.3106335473067262
3712/16384
mean(sgnprob[1:i - 1]) = 0.322554567502021
3840/16384
mean(sgnprob[1:i - 1]) = 0.33107580098984113
3968/16384
mean(sgnprob[1:i - 1]) = 0.3370305016385178
4096/16384
mean(sgnprob[1:i - 1]) = 0.3426129426129426
4224/16384
mean(sgnprob[1:i - 1]) = 0.34643618280843
4352/16384
mean(sgnprob[1:i - 1]) = 0.35279246150310273
4480/16384
mean(sgnprob[1:i - 1]) = 0.35789238669345835
4608/16384
mean(sgnprob[1:i - 1]) = 0.3622747992185804
4736/16384
mean(sgnprob[1:i - 1]) = 0.36642027455121434
4864/16384
mean(sgnprob[1:i - 1]) = 0.37034752210569605
4992/16384
mean(sgnprob[1:i - 1]) = 0.37287116810258464
5120/16384
mean(sgnprob[1:i - 1]) = 0.378394217620629
5248/16384
mean(sgnprob[1:i - 1]) = 0.38441013912712024
5376/16384
mean(sgnprob[1:i - 1]) = 0.38976744186046514
5504/16384
mean(sgnprob[1:i - 1]) = 0.3697982918408141
5632/16384
mean(sgnprob[1:i - 1]) = 0.37630971408275615
5760/16384
mean(sgnprob[1:i - 1]) = 0.38010071192915434
5888/16384
mean(sgnprob[1:i - 1]) = 0.3850857822320367
6016/16384
mean(sgnprob[1:i - 1]) = 0.3659185369908562
6144/16384
mean(sgnprob[1:i - 1]) = 0.36773563405502196
6272/16384
mean(sgnprob[1:i - 1]) = 0.3726678360708021
6400/16384
mean(sgnprob[1:i - 1]) = 0.35458665416471324
6528/16384
mean(sgnprob[1:i - 1]) = 0.3396660027577754
6656/16384
mean(sgnprob[1:i - 1]) = 0.3439519158527423
6784/16384
mean(sgnprob[1:i - 1]) = 0.3489606368863335
6912/16384
mean(sgnprob[1:i - 1]) = 0.35349442917088697
7040/16384
mean(sgnprob[1:i - 1]) = 0.35644267651655065
7168/16384
mean(sgnprob[1:i - 1]) = 0.3581693874703502
7296/16384
mean(sgnprob[1:i - 1]) = 0.36312542837559975
7424/16384
mean(sgnprob[1:i - 1]) = 0.3668328169203826
7552/16384
mean(sgnprob[1:i - 1]) = 0.36935505231095217
7680/16384
mean(sgnprob[1:i - 1]) = 0.3730954551373877
7808/16384
mean(sgnprob[1:i - 1]) = 0.3741514025874215
7936/16384
mean(sgnprob[1:i - 1]) = 0.37542533081285445
8064/16384
mean(sgnprob[1:i - 1]) = 0.37789904502046384
8192/16384
mean(sgnprob[1:i - 1]) = 0.38151629837626666
8320/16384
mean(sgnprob[1:i - 1]) = 0.383098930159875
8448/16384
mean(sgnprob[1:i - 1]) = 0.38392328637386053
8576/16384
mean(sgnprob[1:i - 1]) = 0.38565597667638485
8704/16384
mean(sgnprob[1:i - 1]) = 0.3854992531311042
8832/16384
mean(sgnprob[1:i - 1]) = 0.3889706714981316
8960/16384
mean(sgnprob[1:i - 1]) = 0.39211965621163075
9088/16384
mean(sgnprob[1:i - 1]) = 0.39473973808737756
9216/16384
mean(sgnprob[1:i - 1]) = 0.39598480737927294
9344/16384
mean(sgnprob[1:i - 1]) = 0.38156908915765814
9472/16384
mean(sgnprob[1:i - 1]) = 0.36881005173688103
9600/16384
mean(sgnprob[1:i - 1]) = 0.3593082612772164
9728/16384
mean(sgnprob[1:i - 1]) = 0.36054281895754087
9856/16384
mean(sgnprob[1:i - 1]) = 0.362962962962963
9984/16384
mean(sgnprob[1:i - 1]) = 0.35209856756486024
10112/16384
mean(sgnprob[1:i - 1]) = 0.35436653150034614
10240/16384
mean(sgnprob[1:i - 1]) = 0.35774978025197773
10368/16384
mean(sgnprob[1:i - 1]) = 0.36027780457220027
10496/16384
mean(sgnprob[1:i - 1]) = 0.3635064316341115
10624/16384
mean(sgnprob[1:i - 1]) = 0.35272521886472746
10752/16384
mean(sgnprob[1:i - 1]) = 0.34313087154683286
10880/16384
mean(sgnprob[1:i - 1]) = 0.3444250390660906
11008/16384
mean(sgnprob[1:i - 1]) = 0.34714272735531937
11136/16384
mean(sgnprob[1:i - 1]) = 0.3494387067804221
11264/16384
mean(sgnprob[1:i - 1]) = 0.35168250022196573
11392/16384
mean(sgnprob[1:i - 1]) = 0.35563163901325606
11520/16384
mean(sgnprob[1:i - 1]) = 0.3582776282663426
11648/16384
mean(sgnprob[1:i - 1]) = 0.3500472224607195
11776/16384
mean(sgnprob[1:i - 1]) = 0.3520169851380042
11904/16384
mean(sgnprob[1:i - 1]) = 0.3420146181634882
12032/16384
mean(sgnprob[1:i - 1]) = 0.33338874574017124
12160/16384
mean(sgnprob[1:i - 1]) = 0.33547166707788467
12288/16384
mean(sgnprob[1:i - 1]) = 0.32709367624318386
12416/16384
mean(sgnprob[1:i - 1]) = 0.3293596455900121
12544/16384
mean(sgnprob[1:i - 1]) = 0.3314199154907119
12672/16384
mean(sgnprob[1:i - 1]) = 0.33406992344724173
12800/16384
mean(sgnprob[1:i - 1]) = 0.33572935385576996
12928/16384
mean(sgnprob[1:i - 1]) = 0.33782006652742325
13056/16384
mean(sgnprob[1:i - 1]) = 0.34078896974339334
13184/16384
mean(sgnprob[1:i - 1]) = 0.34278995676249713
13312/16384
mean(sgnprob[1:i - 1]) = 0.34324994365562317
13440/16384
mean(sgnprob[1:i - 1]) = 0.3340278294515961
13568/16384
mean(sgnprob[1:i - 1]) = 0.3352988870052333
13696/16384
mean(sgnprob[1:i - 1]) = 0.33742241694048924
13824/16384
mean(sgnprob[1:i - 1]) = 0.33892787383346595
13952/16384
mean(sgnprob[1:i - 1]) = 0.34097914128019496
14080/16384
mean(sgnprob[1:i - 1]) = 0.3439874991121529
14208/16384
mean(sgnprob[1:i - 1]) = 0.34637854578728794
14336/16384
mean(sgnprob[1:i - 1]) = 0.3483083362399721
14464/16384
mean(sgnprob[1:i - 1]) = 0.34010924427850375
14592/16384
mean(sgnprob[1:i - 1]) = 0.33301350147351105
14720/16384
mean(sgnprob[1:i - 1]) = 0.32536177729465315
14848/16384
mean(sgnprob[1:i - 1]) = 0.32781033205361354
14976/16384
mean(sgnprob[1:i - 1]) = 0.32968280467445743
15104/16384
mean(sgnprob[1:i - 1]) = 0.33205323445673046
15232/16384
mean(sgnprob[1:i - 1]) = 0.334252511325586
15360/16384
mean(sgnprob[1:i - 1]) = 0.33654534800442737
15488/16384
mean(sgnprob[1:i - 1]) = 0.33776715955317366
15616/16384
mean(sgnprob[1:i - 1]) = 0.3394812680115274
15744/16384
mean(sgnprob[1:i - 1]) = 0.34243790891189735
15872/16384
mean(sgnprob[1:i - 1]) = 0.335139562724466
16000/16384
mean(sgnprob[1:i - 1]) = 0.3364585286580411
16128/16384
mean(sgnprob[1:i - 1]) = 0.33800458857816085
16256/16384
mean(sgnprob[1:i - 1]) = 0.3405106121193479
16384/16384
mean(sgnprob[1:i - 1]) = 0.33406579991454555
748.846181 seconds (167.11 M allocations: 70.745 GiB, 2.06% gc time, 1.34% compilation time)
