## SLURM PROLOG ###############################################################
##    Job ID : 7671159
##  Job Name : sbatch_etgent.sh
##  Nodelist : node1734
##      CPUs : 8
##  Mem/Node : 4096 MB
## Directory : /oscar/home/trazzaz/AFQMC
##   Job Started : Sun Jan 19 03:58:58 AM EST 2025
###############################################################################
seed = 1269
U = 2.0
β = 6.0
Warming up
128/1024
256/1024
384/1024
512/1024
640/1024
768/1024
896/1024
1024/1024
Measuring
128/16384
mean(sgnprob[1:i - 1]) = -0.08661417322834646
256/16384
mean(sgnprob[1:i - 1]) = 0.050980392156862744
384/16384
mean(sgnprob[1:i - 1]) = 0.13315926892950392
512/16384
mean(sgnprob[1:i - 1]) = 0.05675146771037182
640/16384
mean(sgnprob[1:i - 1]) = 0.08294209702660407
768/16384
mean(sgnprob[1:i - 1]) = 0.11603650586701435
896/16384
mean(sgnprob[1:i - 1]) = 0.048044692737430165
1024/16384
mean(sgnprob[1:i - 1]) = 0.0772238514173998
1152/16384
mean(sgnprob[1:i - 1]) = 0.10338835794960903
1280/16384
mean(sgnprob[1:i - 1]) = 0.12431587177482409
1408/16384
mean(sgnprob[1:i - 1]) = 0.08599857853589196
1536/16384
mean(sgnprob[1:i - 1]) = 0.04625407166123779
1664/16384
mean(sgnprob[1:i - 1]) = 0.022248947684906796
1792/16384
mean(sgnprob[1:i - 1]) = 0.048576214405360134
1920/16384
mean(sgnprob[1:i - 1]) = 0.0286607608129234
2048/16384
mean(sgnprob[1:i - 1]) = 0.0180752320468979
2176/16384
mean(sgnprob[1:i - 1]) = 0.023448275862068966
2304/16384
mean(sgnprob[1:i - 1]) = 0.04038211029092488
2432/16384
mean(sgnprob[1:i - 1]) = 0.028383381324557796
2560/16384
mean(sgnprob[1:i - 1]) = 0.038686987104337635
2688/16384
mean(sgnprob[1:i - 1]) = 0.04503163379233346
2816/16384
mean(sgnprob[1:i - 1]) = 0.034458259325044406
2944/16384
mean(sgnprob[1:i - 1]) = 0.04043493034318722
3072/16384
mean(sgnprob[1:i - 1]) = 0.048518397915988276
3200/16384
mean(sgnprob[1:i - 1]) = 0.03407314785870585
3328/16384
mean(sgnprob[1:i - 1]) = 0.029756537421100092
3456/16384
mean(sgnprob[1:i - 1]) = 0.029811866859623733
3584/16384
mean(sgnprob[1:i - 1]) = 0.024839519955344683
3712/16384
mean(sgnprob[1:i - 1]) = 0.025599568849366747
3840/16384
mean(sgnprob[1:i - 1]) = 0.017452461578536076
3968/16384
mean(sgnprob[1:i - 1]) = 0.013360221830098312
4096/16384
mean(sgnprob[1:i - 1]) = 0.023687423687423687
4224/16384
mean(sgnprob[1:i - 1]) = 0.027231825716315414
4352/16384
mean(sgnprob[1:i - 1]) = 0.03240634336934038
4480/16384
mean(sgnprob[1:i - 1]) = 0.02567537396740344
4608/16384
mean(sgnprob[1:i - 1]) = 0.020186672454959843
4736/16384
mean(sgnprob[1:i - 1]) = 0.02808870116156283
4864/16384
mean(sgnprob[1:i - 1]) = 0.031873329220645695
4992/16384
mean(sgnprob[1:i - 1]) = 0.03706672009617311
5120/16384
mean(sgnprob[1:i - 1]) = 0.04551670248095331
5248/16384
mean(sgnprob[1:i - 1]) = 0.0512673908900324
5376/16384
mean(sgnprob[1:i - 1]) = 0.05562790697674418
5504/16384
mean(sgnprob[1:i - 1]) = 0.05978557150645103
5632/16384
mean(sgnprob[1:i - 1]) = 0.06375421772331735
5760/16384
mean(sgnprob[1:i - 1]) = 0.05782253863517972
5888/16384
mean(sgnprob[1:i - 1]) = 0.05045014438593511
6016/16384
mean(sgnprob[1:i - 1]) = 0.05403158769742311
6144/16384
mean(sgnprob[1:i - 1]) = 0.059417222855282434
6272/16384
mean(sgnprob[1:i - 1]) = 0.060118003508212406
6400/16384
mean(sgnprob[1:i - 1]) = 0.06329113924050633
6528/16384
mean(sgnprob[1:i - 1]) = 0.0684847556304581
6656/16384
mean(sgnprob[1:i - 1]) = 0.07197595792637115
6784/16384
mean(sgnprob[1:i - 1]) = 0.07415597818074599
6912/16384
mean(sgnprob[1:i - 1]) = 0.06844161481695847
7040/16384
mean(sgnprob[1:i - 1]) = 0.06463986361699105
7168/16384
mean(sgnprob[1:i - 1]) = 0.06209013534254221
7296/16384
mean(sgnprob[1:i - 1]) = 0.06483893077450309
7424/16384
mean(sgnprob[1:i - 1]) = 0.06857065876330325
7552/16384
mean(sgnprob[1:i - 1]) = 0.06211097867832075
7680/16384
mean(sgnprob[1:i - 1]) = 0.06654512306289881
7808/16384
mean(sgnprob[1:i - 1]) = 0.06980914563852952
7936/16384
mean(sgnprob[1:i - 1]) = 0.07397605545053561
8064/16384
mean(sgnprob[1:i - 1]) = 0.0747860597792385
8192/16384
mean(sgnprob[1:i - 1]) = 0.07825662312293981
8320/16384
mean(sgnprob[1:i - 1]) = 0.08113956004327443
8448/16384
mean(sgnprob[1:i - 1]) = 0.07706878181602936
8576/16384
mean(sgnprob[1:i - 1]) = 0.0719533527696793
8704/16384
mean(sgnprob[1:i - 1]) = 0.07549120992761117
8832/16384
mean(sgnprob[1:i - 1]) = 0.07009398709092968
8960/16384
mean(sgnprob[1:i - 1]) = 0.06797633664471481
9088/16384
mean(sgnprob[1:i - 1]) = 0.07010014306151645
9216/16384
mean(sgnprob[1:i - 1]) = 0.07238198589256646
9344/16384
mean(sgnprob[1:i - 1]) = 0.07246066573905598
9472/16384
mean(sgnprob[1:i - 1]) = 0.06979199662126491
9600/16384
mean(sgnprob[1:i - 1]) = 0.07282008542556516
9728/16384
mean(sgnprob[1:i - 1]) = 0.07494602652410816
9856/16384
mean(sgnprob[1:i - 1]) = 0.07620497209538306
9984/16384
mean(sgnprob[1:i - 1]) = 0.07723129319843734
10112/16384
mean(sgnprob[1:i - 1]) = 0.07249530214617743
10240/16384
mean(sgnprob[1:i - 1]) = 0.07530032229709932
10368/16384
mean(sgnprob[1:i - 1]) = 0.07147680138902286
10496/16384
mean(sgnprob[1:i - 1]) = 0.06812767984754645
10624/16384
mean(sgnprob[1:i - 1]) = 0.06918949449308105
10752/16384
mean(sgnprob[1:i - 1]) = 0.07152822993209934
10880/16384
mean(sgnprob[1:i - 1]) = 0.07068664399301407
11008/16384
mean(sgnprob[1:i - 1]) = 0.06677568819841918
11136/16384
mean(sgnprob[1:i - 1]) = 0.06169735069600359
11264/16384
mean(sgnprob[1:i - 1]) = 0.06348219834857498
11392/16384
mean(sgnprob[1:i - 1]) = 0.06522693354402599
11520/16384
mean(sgnprob[1:i - 1]) = 0.06311311745811268
11648/16384
mean(sgnprob[1:i - 1]) = 0.06413668755902807
11776/16384
mean(sgnprob[1:i - 1]) = 0.06615711252653927
11904/16384
mean(sgnprob[1:i - 1]) = 0.06628581029992439
12032/16384
mean(sgnprob[1:i - 1]) = 0.06691048125675339
12160/16384
mean(sgnprob[1:i - 1]) = 0.06850892343120323
12288/16384
mean(sgnprob[1:i - 1]) = 0.07202734597542118
12416/16384
mean(sgnprob[1:i - 1]) = 0.06999597261377366
12544/16384
mean(sgnprob[1:i - 1]) = 0.07310850673682533
12672/16384
mean(sgnprob[1:i - 1]) = 0.06984452687238576
12800/16384
mean(sgnprob[1:i - 1]) = 0.067895929369482
12928/16384
mean(sgnprob[1:i - 1]) = 0.070008509321575
13056/16384
mean(sgnprob[1:i - 1]) = 0.071313672922252
13184/16384
mean(sgnprob[1:i - 1]) = 0.07244178108169612
13312/16384
mean(sgnprob[1:i - 1]) = 0.07369844489519946
13440/16384
mean(sgnprob[1:i - 1]) = 0.07478234987722301
13568/16384
mean(sgnprob[1:i - 1]) = 0.07673030146679442
13696/16384
mean(sgnprob[1:i - 1]) = 0.07382256297918949
13824/16384
mean(sgnprob[1:i - 1]) = 0.07704550387036099
13952/16384
mean(sgnprob[1:i - 1]) = 0.07877571500250878
14080/16384
mean(sgnprob[1:i - 1]) = 0.08132679877832233
14208/16384
mean(sgnprob[1:i - 1]) = 0.07777855986485535
14336/16384
mean(sgnprob[1:i - 1]) = 0.07401464945936519
14464/16384
mean(sgnprob[1:i - 1]) = 0.07640185300421766
14592/16384
mean(sgnprob[1:i - 1]) = 0.07833596052361044
14720/16384
mean(sgnprob[1:i - 1]) = 0.07575242883348053
14848/16384
mean(sgnprob[1:i - 1]) = 0.07402168788307402
14976/16384
mean(sgnprob[1:i - 1]) = 0.07125208681135226
15104/16384
mean(sgnprob[1:i - 1]) = 0.07289942395550553
15232/16384
mean(sgnprob[1:i - 1]) = 0.07281202810058433
15360/16384
mean(sgnprob[1:i - 1]) = 0.07533042515788789
15488/16384
mean(sgnprob[1:i - 1]) = 0.07509524117001357
15616/16384
mean(sgnprob[1:i - 1]) = 0.07588856868395773
15744/16384
mean(sgnprob[1:i - 1]) = 0.07374706218636855
15872/16384
mean(sgnprob[1:i - 1]) = 0.0754205784134585
16000/16384
mean(sgnprob[1:i - 1]) = 0.0770673167072942
16128/16384
mean(sgnprob[1:i - 1]) = 0.07757177404352948
16256/16384
mean(sgnprob[1:i - 1]) = 0.07831436481082744
16384/16384
mean(sgnprob[1:i - 1]) = 0.08063236281511323
750.179525 seconds (167.10 M allocations: 70.745 GiB, 2.21% gc time, 1.48% compilation time)
