## SLURM PROLOG ###############################################################
##    Job ID : 8833996
##  Job Name : sbatch_etgent.sh
##  Nodelist : node1322
##      CPUs : 8
##  Mem/Node : 4096 MB
## Directory : /oscar/home/trazzaz/AFQMC
##   Job Started : Fri Feb 28 03:57:58 AM EST 2025
###############################################################################
seed = 1550
U = 2.0
β = 6.0
Warming up
128/1024
256/1024
384/1024
512/1024
640/1024
768/1024
896/1024
1024/1024
Measuring
128/16384
mean(sgnprob[1:i - 1]) = -0.3228346456692913
256/16384
mean(sgnprob[1:i - 1]) = 0.0196078431372549
384/16384
mean(sgnprob[1:i - 1]) = 0.1122715404699739
512/16384
mean(sgnprob[1:i - 1]) = -0.01761252446183953
640/16384
mean(sgnprob[1:i - 1]) = -0.09233176838810642
768/16384
mean(sgnprob[1:i - 1]) = -0.01694915254237288
896/16384
mean(sgnprob[1:i - 1]) = -0.07932960893854749
1024/16384
mean(sgnprob[1:i - 1]) = -0.12805474095796676
1152/16384
mean(sgnprob[1:i - 1]) = -0.08253692441355343
1280/16384
mean(sgnprob[1:i - 1]) = -0.10867865519937452
1408/16384
mean(sgnprob[1:i - 1]) = -0.06751954513148543
1536/16384
mean(sgnprob[1:i - 1]) = -0.020195439739413682
1664/16384
mean(sgnprob[1:i - 1]) = 0.02345159350571257
1792/16384
mean(sgnprob[1:i - 1]) = -0.009491903964265773
1920/16384
mean(sgnprob[1:i - 1]) = 0.008858780614903595
2048/16384
mean(sgnprob[1:i - 1]) = 0.033707865168539325
2176/16384
mean(sgnprob[1:i - 1]) = 0.05103448275862069
2304/16384
mean(sgnprob[1:i - 1]) = 0.03517151541467651
2432/16384
mean(sgnprob[1:i - 1]) = 0.05800082270670506
2560/16384
mean(sgnprob[1:i - 1]) = 0.04337631887456037
2688/16384
mean(sgnprob[1:i - 1]) = 0.06512839598064757
2816/16384
mean(sgnprob[1:i - 1]) = 0.07211367673179396
2944/16384
mean(sgnprob[1:i - 1]) = 0.08528712198436969
3072/16384
mean(sgnprob[1:i - 1]) = 0.06870726147834581
3200/16384
mean(sgnprob[1:i - 1]) = 0.0840887777430447
3328/16384
mean(sgnprob[1:i - 1]) = 0.06462278328824766
3456/16384
mean(sgnprob[1:i - 1]) = 0.07322720694645442
3584/16384
mean(sgnprob[1:i - 1]) = 0.08512419759977673
3712/16384
mean(sgnprob[1:i - 1]) = 0.09458367016976556
3840/16384
mean(sgnprob[1:i - 1]) = 0.08205261786923677
3968/16384
mean(sgnprob[1:i - 1]) = 0.09402571212503151
4096/16384
mean(sgnprob[1:i - 1]) = 0.08034188034188035
4224/16384
mean(sgnprob[1:i - 1]) = 0.09211461046649301
4352/16384
mean(sgnprob[1:i - 1]) = 0.10227533900252815
4480/16384
mean(sgnprob[1:i - 1]) = 0.10872962714891717
4608/16384
mean(sgnprob[1:i - 1]) = 0.11786411981766877
4736/16384
mean(sgnprob[1:i - 1]) = 0.120168954593453
4864/16384
mean(sgnprob[1:i - 1]) = 0.1272876825005141
4992/16384
mean(sgnprob[1:i - 1]) = 0.13123622520536968
5120/16384
mean(sgnprob[1:i - 1]) = 0.14084782184020317
5248/16384
mean(sgnprob[1:i - 1]) = 0.14922813036020582
5376/16384
mean(sgnprob[1:i - 1]) = 0.15125581395348836
5504/16384
mean(sgnprob[1:i - 1]) = 0.13647101580955842
5632/16384
mean(sgnprob[1:i - 1]) = 0.12768602379683894
5760/16384
mean(sgnprob[1:i - 1]) = 0.1310991491578399
5888/16384
mean(sgnprob[1:i - 1]) = 0.1347035841685069
6016/16384
mean(sgnprob[1:i - 1]) = 0.13848711554447216
6144/16384
mean(sgnprob[1:i - 1]) = 0.14243854794074556
6272/16384
mean(sgnprob[1:i - 1]) = 0.1321958220379525
6400/16384
mean(sgnprob[1:i - 1]) = 0.12361306454133458
6528/16384
mean(sgnprob[1:i - 1]) = 0.126398038915275
6656/16384
mean(sgnprob[1:i - 1]) = 0.11675432006010518
6784/16384
mean(sgnprob[1:i - 1]) = 0.12192245319180303
6912/16384
mean(sgnprob[1:i - 1]) = 0.12400520908696282
7040/16384
mean(sgnprob[1:i - 1]) = 0.11549936070464555
7168/16384
mean(sgnprob[1:i - 1]) = 0.12348262871494349
7296/16384
mean(sgnprob[1:i - 1]) = 0.11446196024674435
7424/16384
mean(sgnprob[1:i - 1]) = 0.1170685706587633
7552/16384
mean(sgnprob[1:i - 1]) = 0.12038140643623362
7680/16384
mean(sgnprob[1:i - 1]) = 0.12566740460997525
7808/16384
mean(sgnprob[1:i - 1]) = 0.1287306263609581
7936/16384
mean(sgnprob[1:i - 1]) = 0.13320730938878386
8064/16384
mean(sgnprob[1:i - 1]) = 0.1382859977675803
8192/16384
mean(sgnprob[1:i - 1]) = 0.13002075448663167
8320/16384
mean(sgnprob[1:i - 1]) = 0.12128861642024281
8448/16384
mean(sgnprob[1:i - 1]) = 0.11353143127737658
8576/16384
mean(sgnprob[1:i - 1]) = 0.11790087463556852
8704/16384
mean(sgnprob[1:i - 1]) = 0.12191198437320465
8832/16384
mean(sgnprob[1:i - 1]) = 0.11221832182085834
8960/16384
mean(sgnprob[1:i - 1]) = 0.11753543922312758
9088/16384
mean(sgnprob[1:i - 1]) = 0.12182238362495873
9216/16384
mean(sgnprob[1:i - 1]) = 0.12642430819316333
9344/16384
mean(sgnprob[1:i - 1]) = 0.13111420314674088
9472/16384
mean(sgnprob[1:i - 1]) = 0.13462147608489072
9600/16384
mean(sgnprob[1:i - 1]) = 0.136576726742369
9728/16384
mean(sgnprob[1:i - 1]) = 0.12799424282923821
9856/16384
mean(sgnprob[1:i - 1]) = 0.1320142059868087
9984/16384
mean(sgnprob[1:i - 1]) = 0.13693278573575077
10112/16384
mean(sgnprob[1:i - 1]) = 0.13994659281970132
10240/16384
mean(sgnprob[1:i - 1]) = 0.1417130579158121
10368/16384
mean(sgnprob[1:i - 1]) = 0.13436866981769074
10496/16384
mean(sgnprob[1:i - 1]) = 0.1289185326345879
10624/16384
mean(sgnprob[1:i - 1]) = 0.12265838275440083
10752/16384
mean(sgnprob[1:i - 1]) = 0.1163612687191889
10880/16384
mean(sgnprob[1:i - 1]) = 0.12013971872414744
11008/16384
mean(sgnprob[1:i - 1]) = 0.12328518215680931
11136/16384
mean(sgnprob[1:i - 1]) = 0.12456219128872924
11264/16384
mean(sgnprob[1:i - 1]) = 0.12723075557133978
11392/16384
mean(sgnprob[1:i - 1]) = 0.12948819243262225
11520/16384
mean(sgnprob[1:i - 1]) = 0.12475041236218422
11648/16384
mean(sgnprob[1:i - 1]) = 0.12818751609856616
11776/16384
mean(sgnprob[1:i - 1]) = 0.13019108280254776
11904/16384
mean(sgnprob[1:i - 1]) = 0.132655633033689
12032/16384
mean(sgnprob[1:i - 1]) = 0.12808577840578506
12160/16384
mean(sgnprob[1:i - 1]) = 0.1231186775228226
12288/16384
mean(sgnprob[1:i - 1]) = 0.12427769186945552
12416/16384
mean(sgnprob[1:i - 1]) = 0.11977446637132501
12544/16384
mean(sgnprob[1:i - 1]) = 0.11456589332695527
12672/16384
mean(sgnprob[1:i - 1]) = 0.11845947439034014
12800/16384
mean(sgnprob[1:i - 1]) = 0.1204000312524416
12928/16384
mean(sgnprob[1:i - 1]) = 0.11642299063974627
13056/16384
mean(sgnprob[1:i - 1]) = 0.11773266947529683
13184/16384
mean(sgnprob[1:i - 1]) = 0.11932033679739058
13312/16384
mean(sgnprob[1:i - 1]) = 0.12207948313424986
13440/16384
mean(sgnprob[1:i - 1]) = 0.11585683458590669
13568/16384
mean(sgnprob[1:i - 1]) = 0.11800692857669345
13696/16384
mean(sgnprob[1:i - 1]) = 0.1131069733479372
13824/16384
mean(sgnprob[1:i - 1]) = 0.11596614338421471
13952/16384
mean(sgnprob[1:i - 1]) = 0.11848613002652139
14080/16384
mean(sgnprob[1:i - 1]) = 0.11371546274593367
14208/16384
mean(sgnprob[1:i - 1]) = 0.11621031885690153
14336/16384
mean(sgnprob[1:i - 1]) = 0.11949773282176492
14464/16384
mean(sgnprob[1:i - 1]) = 0.11456820853211644
14592/16384
mean(sgnprob[1:i - 1]) = 0.1169899252964156
14720/16384
mean(sgnprob[1:i - 1]) = 0.11869012840546232
14848/16384
mean(sgnprob[1:i - 1]) = 0.11928335690711929
14976/16384
mean(sgnprob[1:i - 1]) = 0.12213689482470784
15104/16384
mean(sgnprob[1:i - 1]) = 0.12427994438191088
15232/16384
mean(sgnprob[1:i - 1]) = 0.11995272798896986
15360/16384
mean(sgnprob[1:i - 1]) = 0.11491633569893873
15488/16384
mean(sgnprob[1:i - 1]) = 0.11667850455220508
15616/16384
mean(sgnprob[1:i - 1]) = 0.11187960294588536
15744/16384
mean(sgnprob[1:i - 1]) = 0.11427301022676745
15872/16384
mean(sgnprob[1:i - 1]) = 0.11650179572805747
16000/16384
mean(sgnprob[1:i - 1]) = 0.1120695043440215
16128/16384
mean(sgnprob[1:i - 1]) = 0.11428039933031561
16256/16384
mean(sgnprob[1:i - 1]) = 0.11633343586588742
16384/16384
mean(sgnprob[1:i - 1]) = 0.1195751693828969
800.815871 seconds (167.11 M allocations: 70.745 GiB, 1.69% gc time, 1.30% compilation time)
