## SLURM PROLOG ###############################################################
##    Job ID : 8833890
##  Job Name : sbatch_etgent.sh
##  Nodelist : node1327
##      CPUs : 8
##  Mem/Node : 4096 MB
## Directory : /oscar/home/trazzaz/AFQMC
##   Job Started : Fri Feb 28 01:05:17 AM EST 2025
###############################################################################
seed = 1444
U = 2.0
β = 6.0
Warming up
128/1024
256/1024
384/1024
512/1024
640/1024
768/1024
896/1024
1024/1024
Measuring
128/16384
mean(sgnprob[1:i - 1]) = -0.29133858267716534
256/16384
mean(sgnprob[1:i - 1]) = -0.29411764705882354
384/16384
mean(sgnprob[1:i - 1]) = -0.15926892950391644
512/16384
mean(sgnprob[1:i - 1]) = -0.04500978473581213
640/16384
mean(sgnprob[1:i - 1]) = -0.08607198748043818
768/16384
mean(sgnprob[1:i - 1]) = -0.10039113428943937
896/16384
mean(sgnprob[1:i - 1]) = -0.05921787709497207
1024/16384
mean(sgnprob[1:i - 1]) = -0.008797653958944282
1152/16384
mean(sgnprob[1:i - 1]) = 0.016507384882710686
1280/16384
mean(sgnprob[1:i - 1]) = 0.03049257232212666
1408/16384
mean(sgnprob[1:i - 1]) = -0.0021321961620469083
1536/16384
mean(sgnprob[1:i - 1]) = 0.028013029315960912
1664/16384
mean(sgnprob[1:i - 1]) = 0.034275405892964524
1792/16384
mean(sgnprob[1:i - 1]) = 0.0496929089893914
1920/16384
mean(sgnprob[1:i - 1]) = 0.05471599791558103
2048/16384
mean(sgnprob[1:i - 1]) = 0.05813385442110405
2176/16384
mean(sgnprob[1:i - 1]) = 0.0703448275862069
2304/16384
mean(sgnprob[1:i - 1]) = 0.07511940946591403
2432/16384
mean(sgnprob[1:i - 1]) = 0.08185931715343481
2560/16384
mean(sgnprob[1:i - 1]) = 0.08479874951152794
2688/16384
mean(sgnprob[1:i - 1]) = 0.09266840342389282
2816/16384
mean(sgnprob[1:i - 1]) = 0.0941385435168739
2944/16384
mean(sgnprob[1:i - 1]) = 0.09616038056405028
3072/16384
mean(sgnprob[1:i - 1]) = 0.10322370563334418
3200/16384
mean(sgnprob[1:i - 1]) = 0.10847139731165989
3328/16384
mean(sgnprob[1:i - 1]) = 0.11030958821761347
3456/16384
mean(sgnprob[1:i - 1]) = 0.09638205499276412
3584/16384
mean(sgnprob[1:i - 1]) = 0.08624058051911805
3712/16384
mean(sgnprob[1:i - 1]) = 0.08919428725410941
3840/16384
mean(sgnprob[1:i - 1]) = 0.092471997916124
3968/16384
mean(sgnprob[1:i - 1]) = 0.09957146458280816
4096/16384
mean(sgnprob[1:i - 1]) = 0.09010989010989011
4224/16384
mean(sgnprob[1:i - 1]) = 0.09211461046649301
4352/16384
mean(sgnprob[1:i - 1]) = 0.09538037232820042
4480/16384
mean(sgnprob[1:i - 1]) = 0.10024559053360126
4608/16384
mean(sgnprob[1:i - 1]) = 0.09138267853266768
4736/16384
mean(sgnprob[1:i - 1]) = 0.08511087645195353
4864/16384
mean(sgnprob[1:i - 1]) = 0.08821714990746453
4992/16384
mean(sgnprob[1:i - 1]) = 0.09236625926668002
5120/16384
mean(sgnprob[1:i - 1]) = 0.09630787263137332
5248/16384
mean(sgnprob[1:i - 1]) = 0.08938441013912712
5376/16384
mean(sgnprob[1:i - 1]) = 0.09246511627906977
5504/16384
mean(sgnprob[1:i - 1]) = 0.09903688896965292
5632/16384
mean(sgnprob[1:i - 1]) = 0.08897176345231753
5760/16384
mean(sgnprob[1:i - 1]) = 0.09116166001041848
5888/16384
mean(sgnprob[1:i - 1]) = 0.09631391200951249
6016/16384
mean(sgnprob[1:i - 1]) = 0.08728179551122195
6144/16384
mean(sgnprob[1:i - 1]) = 0.08774214553149927
6272/16384
mean(sgnprob[1:i - 1]) = 0.09232977196619359
6400/16384
mean(sgnprob[1:i - 1]) = 0.09454602281606501
6528/16384
mean(sgnprob[1:i - 1]) = 0.08840202236862264
6656/16384
mean(sgnprob[1:i - 1]) = 0.09331329827197596
6784/16384
mean(sgnprob[1:i - 1]) = 0.0880141530296329
6912/16384
mean(sgnprob[1:i - 1]) = 0.08406887570539719
7040/16384
mean(sgnprob[1:i - 1]) = 0.08651797130274187
7168/16384
mean(sgnprob[1:i - 1]) = 0.08860053020789731
7296/16384
mean(sgnprob[1:i - 1]) = 0.09115832762165867
7424/16384
mean(sgnprob[1:i - 1]) = 0.0957833759935336
7552/16384
mean(sgnprob[1:i - 1]) = 0.08806780558866376
7680/16384
mean(sgnprob[1:i - 1]) = 0.09050657637713244
7808/16384
mean(sgnprob[1:i - 1]) = 0.08517996669655438
7936/16384
mean(sgnprob[1:i - 1]) = 0.08632640201638311
8064/16384
mean(sgnprob[1:i - 1]) = 0.08594815825375171
8192/16384
mean(sgnprob[1:i - 1]) = 0.08851178122329385
8320/16384
mean(sgnprob[1:i - 1]) = 0.0893136194254117
8448/16384
mean(sgnprob[1:i - 1]) = 0.08630282940689002
8576/16384
mean(sgnprob[1:i - 1]) = 0.08151603498542274
8704/16384
mean(sgnprob[1:i - 1]) = 0.07939790876709181
8832/16384
mean(sgnprob[1:i - 1]) = 0.0755293851205979
8960/16384
mean(sgnprob[1:i - 1]) = 0.07511999107043196
9088/16384
mean(sgnprob[1:i - 1]) = 0.07714317156377243
9216/16384
mean(sgnprob[1:i - 1]) = 0.07325013564839934
9344/16384
mean(sgnprob[1:i - 1]) = 0.07032002568768062
9472/16384
mean(sgnprob[1:i - 1]) = 0.07084785133565621
9600/16384
mean(sgnprob[1:i - 1]) = 0.06823627461193875
9728/16384
mean(sgnprob[1:i - 1]) = 0.0648709776909633
9856/16384
mean(sgnprob[1:i - 1]) = 0.06768138001014713
9984/16384
mean(sgnprob[1:i - 1]) = 0.07122107582890914
10112/16384
mean(sgnprob[1:i - 1]) = 0.07269310651765404
10240/16384
mean(sgnprob[1:i - 1]) = 0.07588631702314678
10368/16384
mean(sgnprob[1:i - 1]) = 0.07205556091444006
10496/16384
mean(sgnprob[1:i - 1]) = 0.07594092424964269
10624/16384
mean(sgnprob[1:i - 1]) = 0.07728513602560481
10752/16384
mean(sgnprob[1:i - 1]) = 0.07450469723746628
10880/16384
mean(sgnprob[1:i - 1]) = 0.0752826546557588
11008/16384
mean(sgnprob[1:i - 1]) = 0.07804124647951304
11136/16384
mean(sgnprob[1:i - 1]) = 0.07894027840143691
11264/16384
mean(sgnprob[1:i - 1]) = 0.08248246470744917
11392/16384
mean(sgnprob[1:i - 1]) = 0.08313580897199543
11520/16384
mean(sgnprob[1:i - 1]) = 0.08377463321468878
11648/16384
mean(sgnprob[1:i - 1]) = 0.08731862282132738
11776/16384
mean(sgnprob[1:i - 1]) = 0.0843312101910828
11904/16384
mean(sgnprob[1:i - 1]) = 0.08560867008317231
12032/16384
mean(sgnprob[1:i - 1]) = 0.08187183110298396
12160/16384
mean(sgnprob[1:i - 1]) = 0.07969405378731803
12288/16384
mean(sgnprob[1:i - 1]) = 0.07658500854561733
12416/16384
mean(sgnprob[1:i - 1]) = 0.07209021345147
12544/16384
mean(sgnprob[1:i - 1]) = 0.06864386510404209
12672/16384
mean(sgnprob[1:i - 1]) = 0.06463578249546208
12800/16384
mean(sgnprob[1:i - 1]) = 0.06539573404172201
12928/16384
mean(sgnprob[1:i - 1]) = 0.062427477372940354
13056/16384
mean(sgnprob[1:i - 1]) = 0.06319417847567982
13184/16384
mean(sgnprob[1:i - 1]) = 0.06622164909352954
13312/16384
mean(sgnprob[1:i - 1]) = 0.06768837803320563
13440/16384
mean(sgnprob[1:i - 1]) = 0.06808542302254632
13568/16384
mean(sgnprob[1:i - 1]) = 0.06921205867177711
13696/16384
mean(sgnprob[1:i - 1]) = 0.06739686016794451
13824/16384
mean(sgnprob[1:i - 1]) = 0.0695218114736309
13952/16384
mean(sgnprob[1:i - 1]) = 0.06745036198121998
14080/16384
mean(sgnprob[1:i - 1]) = 0.06527452233823425
14208/16384
mean(sgnprob[1:i - 1]) = 0.06722038431758992
14336/16384
mean(sgnprob[1:i - 1]) = 0.06452738053714685
14464/16384
mean(sgnprob[1:i - 1]) = 0.0661688446380419
14592/16384
mean(sgnprob[1:i - 1]) = 0.06668494277294222
14720/16384
mean(sgnprob[1:i - 1]) = 0.06501800394048508
14848/16384
mean(sgnprob[1:i - 1]) = 0.06661278372735233
14976/16384
mean(sgnprob[1:i - 1]) = 0.06791318864774624
15104/16384
mean(sgnprob[1:i - 1]) = 0.0701185194994372
15232/16384
mean(sgnprob[1:i - 1]) = 0.07110498325782942
15360/16384
mean(sgnprob[1:i - 1]) = 0.06868936779738265
15488/16384
mean(sgnprob[1:i - 1]) = 0.06721766642990895
15616/16384
mean(sgnprob[1:i - 1]) = 0.0675632404739033
15744/16384
mean(sgnprob[1:i - 1]) = 0.06866543860763515
15872/16384
mean(sgnprob[1:i - 1]) = 0.07101001827232059
16000/16384
mean(sgnprob[1:i - 1]) = 0.06944184011500719
16128/16384
mean(sgnprob[1:i - 1]) = 0.06802257084392634
16256/16384
mean(sgnprob[1:i - 1]) = 0.0684712396185789
16384/16384
mean(sgnprob[1:i - 1]) = 0.06976744186046512
804.257973 seconds (167.11 M allocations: 70.745 GiB, 1.64% gc time, 1.24% compilation time)
