## SLURM PROLOG ###############################################################
##    Job ID : 8834001
##  Job Name : sbatch_etgent.sh
##  Nodelist : node1734
##      CPUs : 8
##  Mem/Node : 4096 MB
## Directory : /oscar/home/trazzaz/AFQMC
##   Job Started : Fri Feb 28 04:09:47 AM EST 2025
###############################################################################
seed = 1555
U = 2.0
β = 6.0
Warming up
128/1024
256/1024
384/1024
512/1024
640/1024
768/1024
896/1024
1024/1024
Measuring
128/16384
mean(sgnprob[1:i - 1]) = 0.49606299212598426
256/16384
mean(sgnprob[1:i - 1]) = 0.5607843137254902
384/16384
mean(sgnprob[1:i - 1]) = 0.2010443864229765
512/16384
mean(sgnprob[1:i - 1]) = 0.2602739726027397
640/16384
mean(sgnprob[1:i - 1]) = 0.3364632237871675
768/16384
mean(sgnprob[1:i - 1]) = 0.17079530638852672
896/16384
mean(sgnprob[1:i - 1]) = 0.06368715083798883
1024/16384
mean(sgnprob[1:i - 1]) = 0.1495601173020528
1152/16384
mean(sgnprob[1:i - 1]) = 0.2059079061685491
1280/16384
mean(sgnprob[1:i - 1]) = 0.23221266614542613
1408/16384
mean(sgnprob[1:i - 1]) = 0.2622601279317697
1536/16384
mean(sgnprob[1:i - 1]) = 0.2964169381107492
1664/16384
mean(sgnprob[1:i - 1]) = 0.3265183403487673
1792/16384
mean(sgnprob[1:i - 1]) = 0.33668341708542715
1920/16384
mean(sgnprob[1:i - 1]) = 0.35487232933819696
2048/16384
mean(sgnprob[1:i - 1]) = 0.35906204201270153
2176/16384
mean(sgnprob[1:i - 1]) = 0.3664367816091954
2304/16384
mean(sgnprob[1:i - 1]) = 0.37646547980894485
2432/16384
mean(sgnprob[1:i - 1]) = 0.38379267791032495
2560/16384
mean(sgnprob[1:i - 1]) = 0.3950762016412661
2688/16384
mean(sgnprob[1:i - 1]) = 0.39486416077409753
2816/16384
mean(sgnprob[1:i - 1]) = 0.3996447602131439
2944/16384
mean(sgnprob[1:i - 1]) = 0.41216445803601764
3072/16384
mean(sgnprob[1:i - 1]) = 0.41973298599804626
3200/16384
mean(sgnprob[1:i - 1]) = 0.4304470146920913
3328/16384
mean(sgnprob[1:i - 1]) = 0.4349263600841599
3456/16384
mean(sgnprob[1:i - 1]) = 0.4390738060781476
3584/16384
mean(sgnprob[1:i - 1]) = 0.44236673178900365
3712/16384
mean(sgnprob[1:i - 1]) = 0.44327674481271895
3840/16384
mean(sgnprob[1:i - 1]) = 0.44620995050794476
3968/16384
mean(sgnprob[1:i - 1]) = 0.4151751953617343
4096/16384
mean(sgnprob[1:i - 1]) = 0.3865689865689866
4224/16384
mean(sgnprob[1:i - 1]) = 0.3928486857684111
4352/16384
mean(sgnprob[1:i - 1]) = 0.36612273040680304
4480/16384
mean(sgnprob[1:i - 1]) = 0.3703951774949766
4608/16384
mean(sgnprob[1:i - 1]) = 0.3757325808552203
4736/16384
mean(sgnprob[1:i - 1]) = 0.34910242872228087
4864/16384
mean(sgnprob[1:i - 1]) = 0.32510795805058607
4992/16384
mean(sgnprob[1:i - 1]) = 0.33079543177719894
5120/16384
mean(sgnprob[1:i - 1]) = 0.33776128150029305
5248/16384
mean(sgnprob[1:i - 1]) = 0.3436249285305889
5376/16384
mean(sgnprob[1:i - 1]) = 0.3209302325581395
5504/16384
mean(sgnprob[1:i - 1]) = 0.32509540250772306
5632/16384
mean(sgnprob[1:i - 1]) = 0.33155744983129104
5760/16384
mean(sgnprob[1:i - 1]) = 0.30960236152109744
5888/16384
mean(sgnprob[1:i - 1]) = 0.3147613385425514
6016/16384
mean(sgnprob[1:i - 1]) = 0.3210307564422278
6144/16384
mean(sgnprob[1:i - 1]) = 0.3280156275435455
6272/16384
mean(sgnprob[1:i - 1]) = 0.33248285759846913
6400/16384
mean(sgnprob[1:i - 1]) = 0.3364588216908892
6528/16384
mean(sgnprob[1:i - 1]) = 0.3182166385782136
6656/16384
mean(sgnprob[1:i - 1]) = 0.3211119459053343
6784/16384
mean(sgnprob[1:i - 1]) = 0.3265516733008993
6912/16384
mean(sgnprob[1:i - 1]) = 0.3100853711474461
7040/16384
mean(sgnprob[1:i - 1]) = 0.3143912487569257
7168/16384
mean(sgnprob[1:i - 1]) = 0.29817217803823076
7296/16384
mean(sgnprob[1:i - 1]) = 0.3019876627827279
7424/16384
mean(sgnprob[1:i - 1]) = 0.3054021285194665
7552/16384
mean(sgnprob[1:i - 1]) = 0.2896305125148987
7680/16384
mean(sgnprob[1:i - 1]) = 0.29365802838911315
7808/16384
mean(sgnprob[1:i - 1]) = 0.2978096579992315
7936/16384
mean(sgnprob[1:i - 1]) = 0.28468809073724005
8064/16384
mean(sgnprob[1:i - 1]) = 0.28959444375542603
8192/16384
mean(sgnprob[1:i - 1]) = 0.2936149432303748
8320/16384
mean(sgnprob[1:i - 1]) = 0.29775213366991227
8448/16384
mean(sgnprob[1:i - 1]) = 0.30105362850716233
8576/16384
mean(sgnprob[1:i - 1]) = 0.30448979591836733
8704/16384
mean(sgnprob[1:i - 1]) = 0.2910490635413076
8832/16384
mean(sgnprob[1:i - 1]) = 0.2927188313894236
8960/16384
mean(sgnprob[1:i - 1]) = 0.29411764705882354
9088/16384
mean(sgnprob[1:i - 1]) = 0.297457906899967
9216/16384
mean(sgnprob[1:i - 1]) = 0.3011394465545307
9344/16384
mean(sgnprob[1:i - 1]) = 0.3042919833030076
9472/16384
mean(sgnprob[1:i - 1]) = 0.29257734135782915
9600/16384
mean(sgnprob[1:i - 1]) = 0.2947181998124805
9728/16384
mean(sgnprob[1:i - 1]) = 0.28364346663925155
9856/16384
mean(sgnprob[1:i - 1]) = 0.28685946220192793
9984/16384
mean(sgnprob[1:i - 1]) = 0.2897926475007513
10112/16384
mean(sgnprob[1:i - 1]) = 0.293640589457027
10240/16384
mean(sgnprob[1:i - 1]) = 0.28410977634534623
10368/16384
mean(sgnprob[1:i - 1]) = 0.2736567956014276
10496/16384
mean(sgnprob[1:i - 1]) = 0.2621248213434969
10624/16384
mean(sgnprob[1:i - 1]) = 0.2533182716746682
10752/16384
mean(sgnprob[1:i - 1]) = 0.2573714073109478
10880/16384
mean(sgnprob[1:i - 1]) = 0.24827649600147073
11008/16384
mean(sgnprob[1:i - 1]) = 0.25120377941310074
11136/16384
mean(sgnprob[1:i - 1]) = 0.24292770543331837
11264/16384
mean(sgnprob[1:i - 1]) = 0.24655953120838142
11392/16384
mean(sgnprob[1:i - 1]) = 0.24870511807567378
11520/16384
mean(sgnprob[1:i - 1]) = 0.25236565674103656
11648/16384
mean(sgnprob[1:i - 1]) = 0.25577401906070235
11776/16384
mean(sgnprob[1:i - 1]) = 0.2585987261146497
11904/16384
mean(sgnprob[1:i - 1]) = 0.2615307065445686
12032/16384
mean(sgnprob[1:i - 1]) = 0.2527636937910398
12160/16384
mean(sgnprob[1:i - 1]) = 0.25602434410724567
12288/16384
mean(sgnprob[1:i - 1]) = 0.24766012859119393
12416/16384
mean(sgnprob[1:i - 1]) = 0.23946838501812323
12544/16384
mean(sgnprob[1:i - 1]) = 0.23287889659571076
12672/16384
mean(sgnprob[1:i - 1]) = 0.22437061005445505
12800/16384
mean(sgnprob[1:i - 1]) = 0.2260332838503008
12928/16384
mean(sgnprob[1:i - 1]) = 0.21961785410381374
13056/16384
mean(sgnprob[1:i - 1]) = 0.2226733052470318
13184/16384
mean(sgnprob[1:i - 1]) = 0.21474626412804368
13312/16384
mean(sgnprob[1:i - 1]) = 0.2176395462399519
13440/16384
mean(sgnprob[1:i - 1]) = 0.22092417590594537
13568/16384
mean(sgnprob[1:i - 1]) = 0.22444165991007592
13696/16384
mean(sgnprob[1:i - 1]) = 0.2163563344286236
13824/16384
mean(sgnprob[1:i - 1]) = 0.21985097301598786
13952/16384
mean(sgnprob[1:i - 1]) = 0.22313812629919003
14080/16384
mean(sgnprob[1:i - 1]) = 0.22679167554513815
14208/16384
mean(sgnprob[1:i - 1]) = 0.22010276624199338
14336/16384
mean(sgnprob[1:i - 1]) = 0.22343913498430415
14464/16384
mean(sgnprob[1:i - 1]) = 0.22782272004425086
14592/16384
mean(sgnprob[1:i - 1]) = 0.23062161606469742
14720/16384
mean(sgnprob[1:i - 1]) = 0.22426795298593655
14848/16384
mean(sgnprob[1:i - 1]) = 0.22664511349094094
14976/16384
mean(sgnprob[1:i - 1]) = 0.2194991652754591
15104/16384
mean(sgnprob[1:i - 1]) = 0.2230682645831954
15232/16384
mean(sgnprob[1:i - 1]) = 0.22644606394852604
15360/16384
mean(sgnprob[1:i - 1]) = 0.2305488638583241
15488/16384
mean(sgnprob[1:i - 1]) = 0.22425259895396138
15616/16384
mean(sgnprob[1:i - 1]) = 0.2271533781620237
15744/16384
mean(sgnprob[1:i - 1]) = 0.22886362192720575
15872/16384
mean(sgnprob[1:i - 1]) = 0.23180643941780607
16000/16384
mean(sgnprob[1:i - 1]) = 0.22532658291143196
16128/16384
mean(sgnprob[1:i - 1]) = 0.22899485335152228
16256/16384
mean(sgnprob[1:i - 1]) = 0.2239926176561058
16384/16384
mean(sgnprob[1:i - 1]) = 0.21796984679240677
726.380407 seconds (167.11 M allocations: 70.745 GiB, 1.32% gc time, 1.23% compilation time)
