## SLURM PROLOG ###############################################################
##    Job ID : 5955272
##  Job Name : etgent_N(1,3)_seed1237
##  Nodelist : node1736
##      CPUs : 8
##  Mem/Node : 2048 MB
## Directory : /oscar/home/trazzaz/AFQMC
##   Job Started : Mon Nov 11 10:04:53 PM EST 2024
###############################################################################
U = 2.0
seed = 1237
λₖ = 0.0
Warming up
128/512
256/512
384/512
512/512
Measuring
128/1024
256/1024
384/1024
512/1024
640/1024
768/1024
896/1024
1024/1024
116.439204 seconds (80.56 M allocations: 16.970 GiB, 2.88% gc time, 8.62% compilation time)
λₖ = 0.2
Warming up
128/512
256/512
384/512
512/512
Measuring
128/1024
256/1024
384/1024
512/1024
640/1024
768/1024
896/1024
1024/1024
108.145746 seconds (76.83 M allocations: 16.806 GiB, 2.82% gc time, 0.09% compilation time)
λₖ = 0.4
Warming up
128/512
256/512
384/512
512/512
Measuring
128/1024
256/1024
384/1024
512/1024
640/1024
768/1024
896/1024
1024/1024
107.872205 seconds (76.82 M allocations: 16.805 GiB, 2.58% gc time)
λₖ = 0.6
Warming up
128/512
256/512
384/512
512/512
Measuring
128/1024
256/1024
384/1024
512/1024
640/1024
768/1024
896/1024
1024/1024
108.167854 seconds (76.82 M allocations: 16.805 GiB, 2.48% gc time)
λₖ = 0.8
Warming up
128/512
256/512
384/512
512/512
Measuring
128/1024
256/1024
384/1024
512/1024
640/1024
768/1024
896/1024
1024/1024
109.339910 seconds (76.82 M allocations: 16.805 GiB, 2.39% gc time)
