## SLURM PROLOG ###############################################################
##    Job ID : 5955243
##  Job Name : etgent_N(1,2)_seed1242
##  Nodelist : node1738
##      CPUs : 8
##  Mem/Node : 2048 MB
## Directory : /oscar/home/trazzaz/AFQMC
##   Job Started : Mon Nov 11 09:34:52 PM EST 2024
###############################################################################
U = 2.0
seed = 1242
λₖ = 0.0
Warming up
128/512
256/512
384/512
512/512
Measuring
128/1024
256/1024
384/1024
512/1024
640/1024
768/1024
896/1024
1024/1024
116.899424 seconds (80.56 M allocations: 16.970 GiB, 3.38% gc time, 8.96% compilation time)
λₖ = 0.2
Warming up
128/512
256/512
384/512
512/512
Measuring
128/1024
256/1024
384/1024
512/1024
640/1024
768/1024
896/1024
1024/1024
110.496179 seconds (76.83 M allocations: 16.806 GiB, 3.31% gc time, 0.09% compilation time)
λₖ = 0.4
Warming up
128/512
256/512
384/512
512/512
Measuring
128/1024
256/1024
384/1024
512/1024
640/1024
768/1024
896/1024
1024/1024
107.685206 seconds (76.82 M allocations: 16.805 GiB, 3.26% gc time)
λₖ = 0.6
Warming up
128/512
256/512
384/512
512/512
Measuring
128/1024
256/1024
384/1024
512/1024
640/1024
768/1024
896/1024
1024/1024
106.696778 seconds (76.82 M allocations: 16.805 GiB, 3.09% gc time)
λₖ = 0.8
Warming up
128/512
256/512
384/512
512/512
Measuring
128/1024
256/1024
384/1024
512/1024
640/1024
768/1024
896/1024
1024/1024
111.282820 seconds (76.82 M allocations: 16.805 GiB, 2.83% gc time)
