## SLURM PROLOG ###############################################################
##    Job ID : 6742844
##  Job Name : sbatch_etgent.sh
##  Nodelist : node1733
##      CPUs : 8
##  Mem/Node : 2048 MB
## Directory : /oscar/home/trazzaz/AFQMC
##   Job Started : Tue Nov 26 12:39:38 AM EST 2024
###############################################################################
seed = 1239
U = -2.0
λₖ = 0.8
Warming up
128/512
256/512
384/512
512/512
Measuring
128/1024
256/1024
384/1024
512/1024
640/1024
768/1024
896/1024
1024/1024
30546.220845 seconds (55.36 M allocations: 343.303 GiB, 0.14% gc time, 0.03% compilation time)
