## SLURM PROLOG ###############################################################
##    Job ID : 8833813
##  Job Name : sbatch_etgent.sh
##  Nodelist : node1734
##      CPUs : 8
##  Mem/Node : 4096 MB
## Directory : /oscar/home/trazzaz/AFQMC
##   Job Started : Thu Feb 27 11:05:23 PM EST 2025
###############################################################################
seed = 1367
U = 2.0
β = 6.0
Warming up
128/1024
256/1024
384/1024
512/1024
640/1024
768/1024
896/1024
1024/1024
Measuring
128/16384
mean(sgnprob[1:i - 1]) = 0.49606299212598426
256/16384
mean(sgnprob[1:i - 1]) = 0.5137254901960784
384/16384
mean(sgnprob[1:i - 1]) = 0.17493472584856398
512/16384
mean(sgnprob[1:i - 1]) = 0.01761252446183953
640/16384
mean(sgnprob[1:i - 1]) = -0.09546165884194054
768/16384
mean(sgnprob[1:i - 1]) = 0.001303780964797914
896/16384
mean(sgnprob[1:i - 1]) = 0.09050279329608939
1024/16384
mean(sgnprob[1:i - 1]) = 0.15542521994134897
1152/16384
mean(sgnprob[1:i - 1]) = 0.20069504778453517
1280/16384
mean(sgnprob[1:i - 1]) = 0.1383893666927287
1408/16384
mean(sgnprob[1:i - 1]) = 0.17839374555792467
1536/16384
mean(sgnprob[1:i - 1]) = 0.2013029315960912
1664/16384
mean(sgnprob[1:i - 1]) = 0.22068550811785928
1792/16384
mean(sgnprob[1:i - 1]) = 0.17811278615298715
1920/16384
mean(sgnprob[1:i - 1]) = 0.20479416362688901
2048/16384
mean(sgnprob[1:i - 1]) = 0.22129946262823644
2176/16384
mean(sgnprob[1:i - 1]) = 0.2450574712643678
2304/16384
mean(sgnprob[1:i - 1]) = 0.25749023013460703
2432/16384
mean(sgnprob[1:i - 1]) = 0.2719045660222131
2560/16384
mean(sgnprob[1:i - 1]) = 0.2895662368112544
2688/16384
mean(sgnprob[1:i - 1]) = 0.2504652028284332
2816/16384
mean(sgnprob[1:i - 1]) = 0.2625222024866785
2944/16384
mean(sgnprob[1:i - 1]) = 0.22799864084267754
3072/16384
mean(sgnprob[1:i - 1]) = 0.2406382285900358
3200/16384
mean(sgnprob[1:i - 1]) = 0.2541419193497968
3328/16384
mean(sgnprob[1:i - 1]) = 0.22152088969041178
3456/16384
mean(sgnprob[1:i - 1]) = 0.23068017366136034
3584/16384
mean(sgnprob[1:i - 1]) = 0.2414178063075635
3712/16384
mean(sgnprob[1:i - 1]) = 0.25518728105631905
3840/16384
mean(sgnprob[1:i - 1]) = 0.26855952070851785
3968/16384
mean(sgnprob[1:i - 1]) = 0.2770355432316612
4096/16384
mean(sgnprob[1:i - 1]) = 0.2869352869352869
4224/16384
mean(sgnprob[1:i - 1]) = 0.2914989344068198
4352/16384
mean(sgnprob[1:i - 1]) = 0.27005286141116985
4480/16384
mean(sgnprob[1:i - 1]) = 0.24402768475106051
4608/16384
mean(sgnprob[1:i - 1]) = 0.24810071630128067
4736/16384
mean(sgnprob[1:i - 1]) = 0.2565997888067582
4864/16384
mean(sgnprob[1:i - 1]) = 0.2679415998354925
4992/16384
mean(sgnprob[1:i - 1]) = 0.24544179523141654
5120/16384
mean(sgnprob[1:i - 1]) = 0.2510255909357296
5248/16384
mean(sgnprob[1:i - 1]) = 0.2578616352201258
5376/16384
mean(sgnprob[1:i - 1]) = 0.264
5504/16384
mean(sgnprob[1:i - 1]) = 0.2705796838088316
5632/16384
mean(sgnprob[1:i - 1]) = 0.27686023796838927
5760/16384
mean(sgnprob[1:i - 1]) = 0.25994096197256467
5888/16384
mean(sgnprob[1:i - 1]) = 0.26583998641073553
6016/16384
mean(sgnprob[1:i - 1]) = 0.27248545303408145
6144/16384
mean(sgnprob[1:i - 1]) = 0.25411036952629007
6272/16384
mean(sgnprob[1:i - 1]) = 0.25881039706585873
6400/16384
mean(sgnprob[1:i - 1]) = 0.26426004063134867
6528/16384
mean(sgnprob[1:i - 1]) = 0.24743373678565958
6656/16384
mean(sgnprob[1:i - 1]) = 0.2513899323816679
6784/16384
mean(sgnprob[1:i - 1]) = 0.25844021819254015
6912/16384
mean(sgnprob[1:i - 1]) = 0.26320358848212994
7040/16384
mean(sgnprob[1:i - 1]) = 0.2677937206989629
7168/16384
mean(sgnprob[1:i - 1]) = 0.27361518068927027
7296/16384
mean(sgnprob[1:i - 1]) = 0.26031528444139823
7424/16384
mean(sgnprob[1:i - 1]) = 0.26337060487673447
7552/16384
mean(sgnprob[1:i - 1]) = 0.269500728380347
7680/16384
mean(sgnprob[1:i - 1]) = 0.27386378434692016
7808/16384
mean(sgnprob[1:i - 1]) = 0.2601511464070706
7936/16384
mean(sgnprob[1:i - 1]) = 0.26679269061121613
8064/16384
mean(sgnprob[1:i - 1]) = 0.27074289966513704
8192/16384
mean(sgnprob[1:i - 1]) = 0.257233549017214
8320/16384
mean(sgnprob[1:i - 1]) = 0.25928597187161917
8448/16384
mean(sgnprob[1:i - 1]) = 0.26317035633952884
8576/16384
mean(sgnprob[1:i - 1]) = 0.26763848396501455
8704/16384
mean(sgnprob[1:i - 1]) = 0.272894404228427
8832/16384
mean(sgnprob[1:i - 1]) = 0.27686558713622467
8960/16384
mean(sgnprob[1:i - 1]) = 0.2650965509543476
9088/16384
mean(sgnprob[1:i - 1]) = 0.2527786948387807
9216/16384
mean(sgnprob[1:i - 1]) = 0.2559956592512208
9344/16384
mean(sgnprob[1:i - 1]) = 0.2610510542652253
9472/16384
mean(sgnprob[1:i - 1]) = 0.24949846901066414
9600/16384
mean(sgnprob[1:i - 1]) = 0.2528388373788936
9728/16384
mean(sgnprob[1:i - 1]) = 0.25547445255474455
9856/16384
mean(sgnprob[1:i - 1]) = 0.2604769152714358
9984/16384
mean(sgnprob[1:i - 1]) = 0.26434939396974855
10112/16384
mean(sgnprob[1:i - 1]) = 0.2697062605083572
10240/16384
mean(sgnprob[1:i - 1]) = 0.2600839925774001
10368/16384
mean(sgnprob[1:i - 1]) = 0.26401080351114115
10496/16384
mean(sgnprob[1:i - 1]) = 0.26746069556931873
10624/16384
mean(sgnprob[1:i - 1]) = 0.2689447425397722
10752/16384
mean(sgnprob[1:i - 1]) = 0.259603757789973
10880/16384
mean(sgnprob[1:i - 1]) = 0.26371909182829306
11008/16384
mean(sgnprob[1:i - 1]) = 0.2670119015172163
11136/16384
mean(sgnprob[1:i - 1]) = 0.2709474629546475
11264/16384
mean(sgnprob[1:i - 1]) = 0.26271863624256414
11392/16384
mean(sgnprob[1:i - 1]) = 0.26468264419278376
11520/16384
mean(sgnprob[1:i - 1]) = 0.2679920131955899
11648/16384
mean(sgnprob[1:i - 1]) = 0.27071348845196186
11776/16384
mean(sgnprob[1:i - 1]) = 0.2740552016985138
11904/16384
mean(sgnprob[1:i - 1]) = 0.2759808451650844
12032/16384
mean(sgnprob[1:i - 1]) = 0.27769927686809076
12160/16384
mean(sgnprob[1:i - 1]) = 0.2698412698412698
12288/16384
mean(sgnprob[1:i - 1]) = 0.272890046390494
12416/16384
mean(sgnprob[1:i - 1]) = 0.27587595650422875
12544/16384
mean(sgnprob[1:i - 1]) = 0.2783225703579686
12672/16384
mean(sgnprob[1:i - 1]) = 0.27993055007497436
12800/16384
mean(sgnprob[1:i - 1]) = 0.2836940385967654
12928/16384
mean(sgnprob[1:i - 1]) = 0.2759340914365282
13056/16384
mean(sgnprob[1:i - 1]) = 0.27705859823822293
13184/16384
mean(sgnprob[1:i - 1]) = 0.2810437684897216
13312/16384
mean(sgnprob[1:i - 1]) = 0.2727819096987454
13440/16384
mean(sgnprob[1:i - 1]) = 0.27509487313044123
13568/16384
mean(sgnprob[1:i - 1]) = 0.2767745264244122
13696/16384
mean(sgnprob[1:i - 1]) = 0.27856882073749545
13824/16384
mean(sgnprob[1:i - 1]) = 0.2809086305432974
13952/16384
mean(sgnprob[1:i - 1]) = 0.2834922227797291
14080/16384
mean(sgnprob[1:i - 1]) = 0.28688117053768025
14208/16384
mean(sgnprob[1:i - 1]) = 0.2890828464841275
14336/16384
mean(sgnprob[1:i - 1]) = 0.29124520404604115
14464/16384
mean(sgnprob[1:i - 1]) = 0.28438083385189794
14592/16384
mean(sgnprob[1:i - 1]) = 0.28682064286203823
14720/16384
mean(sgnprob[1:i - 1]) = 0.2790271078198247
14848/16384
mean(sgnprob[1:i - 1]) = 0.2817404189398532
14976/16384
mean(sgnprob[1:i - 1]) = 0.2840066777963272
15104/16384
mean(sgnprob[1:i - 1]) = 0.28623452294246177
15232/16384
mean(sgnprob[1:i - 1]) = 0.27988969864092966
15360/16384
mean(sgnprob[1:i - 1]) = 0.28250537144345333
15488/16384
mean(sgnprob[1:i - 1]) = 0.28365726092852067
15616/16384
mean(sgnprob[1:i - 1]) = 0.2860710854947166
15744/16384
mean(sgnprob[1:i - 1]) = 0.2879374960299816
15872/16384
mean(sgnprob[1:i - 1]) = 0.28977380127276164
16000/16384
mean(sgnprob[1:i - 1]) = 0.28320520032502033
16128/16384
mean(sgnprob[1:i - 1]) = 0.27661685372356914
16256/16384
mean(sgnprob[1:i - 1]) = 0.2697631498000615
16384/16384
mean(sgnprob[1:i - 1]) = 0.2718061405115058
723.892629 seconds (167.11 M allocations: 70.745 GiB, 1.39% gc time, 1.23% compilation time)
