## SLURM PROLOG ###############################################################
##    Job ID : 8833966
##  Job Name : sbatch_etgent.sh
##  Nodelist : node1327
##      CPUs : 8
##  Mem/Node : 4096 MB
## Directory : /oscar/home/trazzaz/AFQMC
##   Job Started : Fri Feb 28 03:09:21 AM EST 2025
###############################################################################
seed = 1520
U = 2.0
β = 6.0
Warming up
128/1024
256/1024
384/1024
512/1024
640/1024
768/1024
896/1024
1024/1024
Measuring
128/16384
mean(sgnprob[1:i - 1]) = -0.3543307086614173
256/16384
mean(sgnprob[1:i - 1]) = -0.24705882352941178
384/16384
mean(sgnprob[1:i - 1]) = -0.25326370757180156
512/16384
mean(sgnprob[1:i - 1]) = -0.1350293542074364
640/16384
mean(sgnprob[1:i - 1]) = -0.057902973395931145
768/16384
mean(sgnprob[1:i - 1]) = -0.001303780964797914
896/16384
mean(sgnprob[1:i - 1]) = -0.05698324022346369
1024/16384
mean(sgnprob[1:i - 1]) = -0.03812316715542522
1152/16384
mean(sgnprob[1:i - 1]) = -0.006081668114682885
1280/16384
mean(sgnprob[1:i - 1]) = 0.03205629397967162
1408/16384
mean(sgnprob[1:i - 1]) = 0.014925373134328358
1536/16384
mean(sgnprob[1:i - 1]) = 0.038436482084690554
1664/16384
mean(sgnprob[1:i - 1]) = 0.012627781118460614
1792/16384
mean(sgnprob[1:i - 1]) = 0.03294249022892239
1920/16384
mean(sgnprob[1:i - 1]) = 0.018238665971860343
2048/16384
mean(sgnprob[1:i - 1]) = 0.02979970688812897
2176/16384
mean(sgnprob[1:i - 1]) = 0.017011494252873564
2304/16384
mean(sgnprob[1:i - 1]) = 0.026487190620929222
2432/16384
mean(sgnprob[1:i - 1]) = 0.05059646236116824
2560/16384
mean(sgnprob[1:i - 1]) = 0.03946854239937476
2688/16384
mean(sgnprob[1:i - 1]) = 0.030145143282471157
2816/16384
mean(sgnprob[1:i - 1]) = 0.015985790408525755
2944/16384
mean(sgnprob[1:i - 1]) = 0.023445463812436288
3072/16384
mean(sgnprob[1:i - 1]) = 0.012699446434386193
3200/16384
mean(sgnprob[1:i - 1]) = 0.024070021881838075
3328/16384
mean(sgnprob[1:i - 1]) = 0.031559963931469794
3456/16384
mean(sgnprob[1:i - 1]) = 0.022865412445730825
3584/16384
mean(sgnprob[1:i - 1]) = 0.030421434552051353
3712/16384
mean(sgnprob[1:i - 1]) = 0.04068984101320399
3840/16384
mean(sgnprob[1:i - 1]) = 0.05287835373795259
3968/16384
mean(sgnprob[1:i - 1]) = 0.0627678346357449
4096/16384
mean(sgnprob[1:i - 1]) = 0.0695970695970696
4224/16384
mean(sgnprob[1:i - 1]) = 0.0674875680795643
4352/16384
mean(sgnprob[1:i - 1]) = 0.060445874511606525
4480/16384
mean(sgnprob[1:i - 1]) = 0.06452333110069212
4608/16384
mean(sgnprob[1:i - 1]) = 0.06663772520078141
4736/16384
mean(sgnprob[1:i - 1]) = 0.06187961985216473
4864/16384
mean(sgnprob[1:i - 1]) = 0.06683117417232161
4992/16384
mean(sgnprob[1:i - 1]) = 0.07112803045481868
5120/16384
mean(sgnprob[1:i - 1]) = 0.07560070326235593
5248/16384
mean(sgnprob[1:i - 1]) = 0.06689536878216124
5376/16384
mean(sgnprob[1:i - 1]) = 0.07013953488372093
5504/16384
mean(sgnprob[1:i - 1]) = 0.06269307650372524
5632/16384
mean(sgnprob[1:i - 1]) = 0.06801633812821879
5760/16384
mean(sgnprob[1:i - 1]) = 0.07067199166521966
5888/16384
mean(sgnprob[1:i - 1]) = 0.059622897910650584
6016/16384
mean(sgnprob[1:i - 1]) = 0.06367414796342477
6144/16384
mean(sgnprob[1:i - 1]) = 0.05778935373595963
6272/16384
mean(sgnprob[1:i - 1]) = 0.059480146707064266
6400/16384
mean(sgnprob[1:i - 1]) = 0.061415846225972806
6528/16384
mean(sgnprob[1:i - 1]) = 0.06633981921250191
6656/16384
mean(sgnprob[1:i - 1]) = 0.060255447032306536
6784/16384
mean(sgnprob[1:i - 1]) = 0.054400707651481646
6912/16384
mean(sgnprob[1:i - 1]) = 0.055418897409926206
7040/16384
mean(sgnprob[1:i - 1]) = 0.04702372496093195
7168/16384
mean(sgnprob[1:i - 1]) = 0.04423050090693456
7296/16384
mean(sgnprob[1:i - 1]) = 0.04674434544208362
7424/16384
mean(sgnprob[1:i - 1]) = 0.051596389599892226
7552/16384
mean(sgnprob[1:i - 1]) = 0.055754204741093896
7680/16384
mean(sgnprob[1:i - 1]) = 0.05873160567782263
7808/16384
mean(sgnprob[1:i - 1]) = 0.05623158703727424
7936/16384
mean(sgnprob[1:i - 1]) = 0.06086956521739131
8064/16384
mean(sgnprob[1:i - 1]) = 0.057422795485551285
8192/16384
mean(sgnprob[1:i - 1]) = 0.05310706873397632
8320/16384
mean(sgnprob[1:i - 1]) = 0.04796249549224666
8448/16384
mean(sgnprob[1:i - 1]) = 0.04794601633716112
8576/16384
mean(sgnprob[1:i - 1]) = 0.046064139941690965
8704/16384
mean(sgnprob[1:i - 1]) = 0.047454900608985405
8832/16384
mean(sgnprob[1:i - 1]) = 0.04993771939757672
8960/16384
mean(sgnprob[1:i - 1]) = 0.046991851769170666
9088/16384
mean(sgnprob[1:i - 1]) = 0.04456916474083856
9216/16384
mean(sgnprob[1:i - 1]) = 0.04698860553445469
9344/16384
mean(sgnprob[1:i - 1]) = 0.04313389703521353
9472/16384
mean(sgnprob[1:i - 1]) = 0.038538697075282444
9600/16384
mean(sgnprob[1:i - 1]) = 0.04198353995207834
9728/16384
mean(sgnprob[1:i - 1]) = 0.03937493574586203
9856/16384
mean(sgnprob[1:i - 1]) = 0.0410958904109589
9984/16384
mean(sgnprob[1:i - 1]) = 0.03716317740158269
10112/16384
mean(sgnprob[1:i - 1]) = 0.04045099396696667
10240/16384
mean(sgnprob[1:i - 1]) = 0.04385193866588534
10368/16384
mean(sgnprob[1:i - 1]) = 0.045625542587055076
10496/16384
mean(sgnprob[1:i - 1]) = 0.04868985231062411
10624/16384
mean(sgnprob[1:i - 1]) = 0.05168031629483197
10752/16384
mean(sgnprob[1:i - 1]) = 0.05273928006697051
10880/16384
mean(sgnprob[1:i - 1]) = 0.05395716518062322
11008/16384
mean(sgnprob[1:i - 1]) = 0.05732715544653402
11136/16384
mean(sgnprob[1:i - 1]) = 0.05343511450381679
11264/16384
mean(sgnprob[1:i - 1]) = 0.05105211755304981
11392/16384
mean(sgnprob[1:i - 1]) = 0.05469230093933807
11520/16384
mean(sgnprob[1:i - 1]) = 0.05668894869346298
11648/16384
mean(sgnprob[1:i - 1]) = 0.05915686442860823
11776/16384
mean(sgnprob[1:i - 1]) = 0.06106157112526539
11904/16384
mean(sgnprob[1:i - 1]) = 0.0583886415189448
12032/16384
mean(sgnprob[1:i - 1]) = 0.061923364641343195
12160/16384
mean(sgnprob[1:i - 1]) = 0.05765276749732708
12288/16384
mean(sgnprob[1:i - 1]) = 0.060307642223488236
12416/16384
mean(sgnprob[1:i - 1]) = 0.05888038662907773
12544/16384
mean(sgnprob[1:i - 1]) = 0.06003348481224587
12672/16384
mean(sgnprob[1:i - 1]) = 0.05737510851550785
12800/16384
mean(sgnprob[1:i - 1]) = 0.0541448550668021
12928/16384
mean(sgnprob[1:i - 1]) = 0.05515587529976019
13056/16384
mean(sgnprob[1:i - 1]) = 0.05522788203753351
13184/16384
mean(sgnprob[1:i - 1]) = 0.05590533262535083
13312/16384
mean(sgnprob[1:i - 1]) = 0.05221245586357148
13440/16384
mean(sgnprob[1:i - 1]) = 0.05394746632933998
13568/16384
mean(sgnprob[1:i - 1]) = 0.055797154861059926
13696/16384
mean(sgnprob[1:i - 1]) = 0.05688207374954363
13824/16384
mean(sgnprob[1:i - 1]) = 0.053172249149967446
13952/16384
mean(sgnprob[1:i - 1]) = 0.05540821446491291
14080/16384
mean(sgnprob[1:i - 1]) = 0.055472689821720295
14208/16384
mean(sgnprob[1:i - 1]) = 0.05286126557330893
14336/16384
mean(sgnprob[1:i - 1]) = 0.05406348099058249
14464/16384
mean(sgnprob[1:i - 1]) = 0.05289359054138146
14592/16384
mean(sgnprob[1:i - 1]) = 0.05380028784867384
14720/16384
mean(sgnprob[1:i - 1]) = 0.051294245532984575
14848/16384
mean(sgnprob[1:i - 1]) = 0.05206439011248064
14976/16384
mean(sgnprob[1:i - 1]) = 0.04934891485809683
15104/16384
mean(sgnprob[1:i - 1]) = 0.04826855591604317
15232/16384
mean(sgnprob[1:i - 1]) = 0.04760028888451185
15360/16384
mean(sgnprob[1:i - 1]) = 0.04954749658180871
15488/16384
mean(sgnprob[1:i - 1]) = 0.05159165751920966
15616/16384
mean(sgnprob[1:i - 1]) = 0.05270573166826769
15744/16384
mean(sgnprob[1:i - 1]) = 0.05481801435558661
15872/16384
mean(sgnprob[1:i - 1]) = 0.055762081784386616
16000/16384
mean(sgnprob[1:i - 1]) = 0.05331583223951497
16128/16384
mean(sgnprob[1:i - 1]) = 0.050908414460221985
16256/16384
mean(sgnprob[1:i - 1]) = 0.05173792679175638
16384/16384
mean(sgnprob[1:i - 1]) = 0.04950253311359336
809.787575 seconds (167.11 M allocations: 70.745 GiB, 1.73% gc time, 1.23% compilation time)
