## SLURM PROLOG ###############################################################
##    Job ID : 8833898
##  Job Name : sbatch_etgent.sh
##  Nodelist : node1327
##      CPUs : 8
##  Mem/Node : 4096 MB
## Directory : /oscar/home/trazzaz/AFQMC
##   Job Started : Fri Feb 28 01:19:10 AM EST 2025
###############################################################################
seed = 1452
U = 2.0
β = 6.0
Warming up
128/1024
256/1024
384/1024
512/1024
640/1024
768/1024
896/1024
1024/1024
Measuring
128/16384
mean(sgnprob[1:i - 1]) = 0.14960629921259844
256/16384
mean(sgnprob[1:i - 1]) = 0.1843137254901961
384/16384
mean(sgnprob[1:i - 1]) = 0.195822454308094
512/16384
mean(sgnprob[1:i - 1]) = 0.1780821917808219
640/16384
mean(sgnprob[1:i - 1]) = 0.18935837245696402
768/16384
mean(sgnprob[1:i - 1]) = 0.21251629726205998
896/16384
mean(sgnprob[1:i - 1]) = 0.23128491620111732
1024/16384
mean(sgnprob[1:i - 1]) = 0.2434017595307918
1152/16384
mean(sgnprob[1:i - 1]) = 0.1746307558644657
1280/16384
mean(sgnprob[1:i - 1]) = 0.13369820172009383
1408/16384
mean(sgnprob[1:i - 1]) = 0.14712153518123666
1536/16384
mean(sgnprob[1:i - 1]) = 0.10749185667752444
1664/16384
mean(sgnprob[1:i - 1]) = 0.11846061334936861
1792/16384
mean(sgnprob[1:i - 1]) = 0.12786152987158012
1920/16384
mean(sgnprob[1:i - 1]) = 0.13705054715997916
2048/16384
mean(sgnprob[1:i - 1]) = 0.14509037616023449
2176/16384
mean(sgnprob[1:i - 1]) = 0.14758620689655172
2304/16384
mean(sgnprob[1:i - 1]) = 0.11419887103777682
2432/16384
mean(sgnprob[1:i - 1]) = 0.09831345125462773
2560/16384
mean(sgnprob[1:i - 1]) = 0.11137162954279015
2688/16384
mean(sgnprob[1:i - 1]) = 0.11350949013770004
2816/16384
mean(sgnprob[1:i - 1]) = 0.12255772646536411
2944/16384
mean(sgnprob[1:i - 1]) = 0.12878015630309209
3072/16384
mean(sgnprob[1:i - 1]) = 0.10973624226636275
3200/16384
mean(sgnprob[1:i - 1]) = 0.11159737417943107
3328/16384
mean(sgnprob[1:i - 1]) = 0.11752329425909228
3456/16384
mean(sgnprob[1:i - 1]) = 0.10159189580318378
3584/16384
mean(sgnprob[1:i - 1]) = 0.10856823890594473
3712/16384
mean(sgnprob[1:i - 1]) = 0.10158986796011857
3840/16384
mean(sgnprob[1:i - 1]) = 0.10653816097942173
3968/16384
mean(sgnprob[1:i - 1]) = 0.11368792538442148
4096/16384
mean(sgnprob[1:i - 1]) = 0.09987789987789988
4224/16384
mean(sgnprob[1:i - 1]) = 0.0935354013734312
4352/16384
mean(sgnprob[1:i - 1]) = 0.09859802344288669
4480/16384
mean(sgnprob[1:i - 1]) = 0.10158517526233535
4608/16384
mean(sgnprob[1:i - 1]) = 0.10397221619275017
4736/16384
mean(sgnprob[1:i - 1]) = 0.10960929250263991
4864/16384
mean(sgnprob[1:i - 1]) = 0.11165946946329426
4992/16384
mean(sgnprob[1:i - 1]) = 0.11681025846523743
5120/16384
mean(sgnprob[1:i - 1]) = 0.11779644461808947
5248/16384
mean(sgnprob[1:i - 1]) = 0.1069182389937107
5376/16384
mean(sgnprob[1:i - 1]) = 0.10809302325581395
5504/16384
mean(sgnprob[1:i - 1]) = 0.11030347083409049
5632/16384
mean(sgnprob[1:i - 1]) = 0.11276860237968389
5760/16384
mean(sgnprob[1:i - 1]) = 0.11929154367077617
5888/16384
mean(sgnprob[1:i - 1]) = 0.1251910990317649
6016/16384
mean(sgnprob[1:i - 1]) = 0.12684954280964256
6144/16384
mean(sgnprob[1:i - 1]) = 0.1320201855770796
6272/16384
mean(sgnprob[1:i - 1]) = 0.13060118003508212
6400/16384
mean(sgnprob[1:i - 1]) = 0.12236286919831224
6528/16384
mean(sgnprob[1:i - 1]) = 0.12793013635667227
6656/16384
mean(sgnprob[1:i - 1]) = 0.12607062359128474
6784/16384
mean(sgnprob[1:i - 1]) = 0.11838419578357659
6912/16384
mean(sgnprob[1:i - 1]) = 0.11127188540008681
7040/16384
mean(sgnprob[1:i - 1]) = 0.11038499786901548
7168/16384
mean(sgnprob[1:i - 1]) = 0.1142737547090833
7296/16384
mean(sgnprob[1:i - 1]) = 0.11665524331734065
7424/16384
mean(sgnprob[1:i - 1]) = 0.11006331671830796
7552/16384
mean(sgnprob[1:i - 1]) = 0.11296517017613561
7680/16384
mean(sgnprob[1:i - 1]) = 0.1061336111472848
7808/16384
mean(sgnprob[1:i - 1]) = 0.10003842705264507
7936/16384
mean(sgnprob[1:i - 1]) = 0.10321361058601135
8064/16384
mean(sgnprob[1:i - 1]) = 0.09686221009549795
8192/16384
mean(sgnprob[1:i - 1]) = 0.09070931510194115
8320/16384
mean(sgnprob[1:i - 1]) = 0.09195816804904436
8448/16384
mean(sgnprob[1:i - 1]) = 0.08796022256422399
8576/16384
mean(sgnprob[1:i - 1]) = 0.08268221574344023
8704/16384
mean(sgnprob[1:i - 1]) = 0.07641043318395956
8832/16384
mean(sgnprob[1:i - 1]) = 0.0766617597101121
8960/16384
mean(sgnprob[1:i - 1]) = 0.07244112066078803
9088/16384
mean(sgnprob[1:i - 1]) = 0.07076042698360295
9216/16384
mean(sgnprob[1:i - 1]) = 0.07498643516006512
9344/16384
mean(sgnprob[1:i - 1]) = 0.07032002568768062
9472/16384
mean(sgnprob[1:i - 1]) = 0.07127019322141273
9600/16384
mean(sgnprob[1:i - 1]) = 0.07532034586936139
9728/16384
mean(sgnprob[1:i - 1]) = 0.0790582913539632
9856/16384
mean(sgnprob[1:i - 1]) = 0.07559614408929477
9984/16384
mean(sgnprob[1:i - 1]) = 0.07723129319843734
10112/16384
mean(sgnprob[1:i - 1]) = 0.07941845514785877
10240/16384
mean(sgnprob[1:i - 1]) = 0.07412833284500439
10368/16384
mean(sgnprob[1:i - 1]) = 0.07514227838333172
10496/16384
mean(sgnprob[1:i - 1]) = 0.0727012863268223
10624/16384
mean(sgnprob[1:i - 1]) = 0.06881295302645203
10752/16384
mean(sgnprob[1:i - 1]) = 0.069667937866245
10880/16384
mean(sgnprob[1:i - 1]) = 0.07142200569905323
11008/16384
mean(sgnprob[1:i - 1]) = 0.06768420096302354
11136/16384
mean(sgnprob[1:i - 1]) = 0.07085765603951505
11264/16384
mean(sgnprob[1:i - 1]) = 0.06880937583237148
11392/16384
mean(sgnprob[1:i - 1]) = 0.07049424984636994
11520/16384
mean(sgnprob[1:i - 1]) = 0.07231530514801632
11648/16384
mean(sgnprob[1:i - 1]) = 0.06739933029964798
11776/16384
mean(sgnprob[1:i - 1]) = 0.0678556263269639
11904/16384
mean(sgnprob[1:i - 1]) = 0.07149458119801731
12032/16384
mean(sgnprob[1:i - 1]) = 0.07355997007730031
12160/16384
mean(sgnprob[1:i - 1]) = 0.07459495024261864
12288/16384
mean(sgnprob[1:i - 1]) = 0.07642223488239602
12416/16384
mean(sgnprob[1:i - 1]) = 0.07724526782118406
12544/16384
mean(sgnprob[1:i - 1]) = 0.07438411863190625
12672/16384
mean(sgnprob[1:i - 1]) = 0.07536895272669876
12800/16384
mean(sgnprob[1:i - 1]) = 0.07008360028127197
12928/16384
mean(sgnprob[1:i - 1]) = 0.07078208401021119
13056/16384
mean(sgnprob[1:i - 1]) = 0.06886250478743776
13184/16384
mean(sgnprob[1:i - 1]) = 0.06925585981946446
13312/16384
mean(sgnprob[1:i - 1]) = 0.07129441815040193
13440/16384
mean(sgnprob[1:i - 1]) = 0.0665972170548404
13568/16384
mean(sgnprob[1:i - 1]) = 0.06375764723225473
13696/16384
mean(sgnprob[1:i - 1]) = 0.06213946695874407
13824/16384
mean(sgnprob[1:i - 1]) = 0.064891846921797
13952/16384
mean(sgnprob[1:i - 1]) = 0.06730700308221634
14080/16384
mean(sgnprob[1:i - 1]) = 0.06811563321258612
14208/16384
mean(sgnprob[1:i - 1]) = 0.07059900049271486
14336/16384
mean(sgnprob[1:i - 1]) = 0.07192186955005232
14464/16384
mean(sgnprob[1:i - 1]) = 0.07377445896425361
14592/16384
mean(sgnprob[1:i - 1]) = 0.0742238366116099
14720/16384
mean(sgnprob[1:i - 1]) = 0.0771112167946192
14848/16384
mean(sgnprob[1:i - 1]) = 0.07900585976965044
14976/16384
mean(sgnprob[1:i - 1]) = 0.08020033388981636
15104/16384
mean(sgnprob[1:i - 1]) = 0.08137456134542806
15232/16384
mean(sgnprob[1:i - 1]) = 0.08266036373186265
15360/16384
mean(sgnprob[1:i - 1]) = 0.07949736310957745
15488/16384
mean(sgnprob[1:i - 1]) = 0.07612836572609286
15616/16384
mean(sgnprob[1:i - 1]) = 0.07665706051873199
15744/16384
mean(sgnprob[1:i - 1]) = 0.07793940163882361
15872/16384
mean(sgnprob[1:i - 1]) = 0.07516854640539349
16000/16384
mean(sgnprob[1:i - 1]) = 0.07306706669166822
16128/16384
mean(sgnprob[1:i - 1]) = 0.07409933651640106
16256/16384
mean(sgnprob[1:i - 1]) = 0.0758535835127653
16384/16384
mean(sgnprob[1:i - 1]) = 0.0768479521455167
797.131085 seconds (167.11 M allocations: 70.745 GiB, 1.69% gc time, 1.20% compilation time)
