## SLURM PROLOG ###############################################################
##    Job ID : 5902770
##  Job Name : etgent_N2_seed1258
##  Nodelist : node1736
##      CPUs : 8
##  Mem/Node : 2048 MB
## Directory : /oscar/home/trazzaz/AFQMC
##   Job Started : Mon Nov 11 01:19:05 AM EST 2024
###############################################################################
U = 2.0
seed = 1258
λₖ = 0.0
Warming up
128/512
256/512
384/512
512/512
Measuring
128/1024
256/1024
384/1024
512/1024
640/1024
768/1024
896/1024
1024/1024
385.574660 seconds (203.81 M allocations: 1.089 TiB, 21.81% gc time, 2.19% compilation time)
λₖ = 0.2
Warming up
128/512
256/512
384/512
512/512
Measuring
128/1024
256/1024
384/1024
512/1024
640/1024
768/1024
896/1024
1024/1024
311.895590 seconds (201.96 M allocations: 1.089 TiB, 23.83% gc time, 0.03% compilation time)
λₖ = 0.4
Warming up
128/512
256/512
384/512
512/512
Measuring
128/1024
256/1024
384/1024
512/1024
640/1024
768/1024
896/1024
1024/1024
253.653646 seconds (201.96 M allocations: 1.089 TiB, 25.91% gc time)
λₖ = 0.6
Warming up
128/512
256/512
384/512
512/512
Measuring
128/1024
256/1024
384/1024
512/1024
640/1024
768/1024
896/1024
1024/1024
257.479352 seconds (201.96 M allocations: 1.089 TiB, 26.15% gc time)
λₖ = 0.8
Warming up
128/512
256/512
384/512
512/512
Measuring
128/1024
256/1024
384/1024
512/1024
640/1024
768/1024
896/1024
1024/1024
255.548097 seconds (201.96 M allocations: 1.089 TiB, 26.02% gc time)
