## SLURM PROLOG ###############################################################
##    Job ID : 5902747
##  Job Name : etgent_N2_seed1235
##  Nodelist : node1749
##      CPUs : 8
##  Mem/Node : 2048 MB
## Directory : /oscar/home/trazzaz/AFQMC
##   Job Started : Mon Nov 11 12:10:16 AM EST 2024
###############################################################################
U = 2.0
seed = 1235
λₖ = 0.0
Warming up
128/512
256/512
384/512
512/512
Measuring
128/1024
256/1024
384/1024
512/1024
640/1024
768/1024
896/1024
1024/1024
316.753535 seconds (203.81 M allocations: 1.089 TiB, 24.50% gc time, 3.13% compilation time)
λₖ = 0.2
Warming up
128/512
256/512
384/512
512/512
Measuring
128/1024
256/1024
384/1024
512/1024
640/1024
768/1024
896/1024
1024/1024
339.083996 seconds (201.96 M allocations: 1.089 TiB, 23.82% gc time, 0.03% compilation time)
λₖ = 0.4
Warming up
128/512
256/512
384/512
512/512
Measuring
128/1024
256/1024
384/1024
512/1024
640/1024
768/1024
896/1024
1024/1024
267.518457 seconds (201.96 M allocations: 1.089 TiB, 25.94% gc time)
λₖ = 0.6
Warming up
128/512
256/512
384/512
512/512
Measuring
128/1024
256/1024
384/1024
512/1024
640/1024
768/1024
896/1024
1024/1024
275.464540 seconds (201.96 M allocations: 1.089 TiB, 26.25% gc time)
λₖ = 0.8
Warming up
128/512
256/512
384/512
512/512
Measuring
128/1024
256/1024
384/1024
512/1024
640/1024
768/1024
896/1024
1024/1024
271.878800 seconds (201.96 M allocations: 1.089 TiB, 26.22% gc time)
