## SLURM PROLOG ###############################################################
##    Job ID : 8833921
##  Job Name : sbatch_etgent.sh
##  Nodelist : node1322
##      CPUs : 8
##  Mem/Node : 4096 MB
## Directory : /oscar/home/trazzaz/AFQMC
##   Job Started : Fri Feb 28 01:58:52 AM EST 2025
###############################################################################
seed = 1475
U = 2.0
β = 6.0
Warming up
128/1024
256/1024
384/1024
512/1024
640/1024
768/1024
896/1024
1024/1024
Measuring
128/16384
mean(sgnprob[1:i - 1]) = 0.3228346456692913
256/16384
mean(sgnprob[1:i - 1]) = 0.36470588235294116
384/16384
mean(sgnprob[1:i - 1]) = 0.3368146214099217
512/16384
mean(sgnprob[1:i - 1]) = 0.14285714285714285
640/16384
mean(sgnprob[1:i - 1]) = 0.15805946791862285
768/16384
mean(sgnprob[1:i - 1]) = 0.18383311603650587
896/16384
mean(sgnprob[1:i - 1]) = 0.2245810055865922
1024/16384
mean(sgnprob[1:i - 1]) = 0.15542521994134897
1152/16384
mean(sgnprob[1:i - 1]) = 0.19200695047784536
1280/16384
mean(sgnprob[1:i - 1]) = 0.2071931196247068
1408/16384
mean(sgnprob[1:i - 1]) = 0.21819474058280028
1536/16384
mean(sgnprob[1:i - 1]) = 0.15830618892508144
1664/16384
mean(sgnprob[1:i - 1]) = 0.18220084185207455
1792/16384
mean(sgnprob[1:i - 1]) = 0.2037967615857063
1920/16384
mean(sgnprob[1:i - 1]) = 0.22042730588848358
2048/16384
mean(sgnprob[1:i - 1]) = 0.23009281875915974
2176/16384
mean(sgnprob[1:i - 1]) = 0.2367816091954023
2304/16384
mean(sgnprob[1:i - 1]) = 0.21233174120712114
2432/16384
mean(sgnprob[1:i - 1]) = 0.18140682846565198
2560/16384
mean(sgnprob[1:i - 1]) = 0.19265338022665104
2688/16384
mean(sgnprob[1:i - 1]) = 0.19910681056940827
2816/16384
mean(sgnprob[1:i - 1]) = 0.21563055062166964
2944/16384
mean(sgnprob[1:i - 1]) = 0.18518518518518517
3072/16384
mean(sgnprob[1:i - 1]) = 0.1950504721589059
3200/16384
mean(sgnprob[1:i - 1]) = 0.20225070334479525
3328/16384
mean(sgnprob[1:i - 1]) = 0.17643522693116923
3456/16384
mean(sgnprob[1:i - 1]) = 0.18668596237337193
3584/16384
mean(sgnprob[1:i - 1]) = 0.19843706391292212
3712/16384
mean(sgnprob[1:i - 1]) = 0.20937752627324172
3840/16384
mean(sgnprob[1:i - 1]) = 0.1914561083615525
3968/16384
mean(sgnprob[1:i - 1]) = 0.17317872447693472
4096/16384
mean(sgnprob[1:i - 1]) = 0.18144078144078143
4224/16384
mean(sgnprob[1:i - 1]) = 0.18588681032441393
4352/16384
mean(sgnprob[1:i - 1]) = 0.19558722132843023
4480/16384
mean(sgnprob[1:i - 1]) = 0.20384014288903773
4608/16384
mean(sgnprob[1:i - 1]) = 0.18385066203603212
4736/16384
mean(sgnprob[1:i - 1]) = 0.18817317845828935
4864/16384
mean(sgnprob[1:i - 1]) = 0.19555829734731647
4992/16384
mean(sgnprob[1:i - 1]) = 0.20416750150270488
5120/16384
mean(sgnprob[1:i - 1]) = 0.20961125219769486
5248/16384
mean(sgnprob[1:i - 1]) = 0.1964932342290833
5376/16384
mean(sgnprob[1:i - 1]) = 0.1791627906976744
5504/16384
mean(sgnprob[1:i - 1]) = 0.18626203888787934
5632/16384
mean(sgnprob[1:i - 1]) = 0.1916178298703605
5760/16384
mean(sgnprob[1:i - 1]) = 0.1960409793366904
5888/16384
mean(sgnprob[1:i - 1]) = 0.2036691014098862
6016/16384
mean(sgnprob[1:i - 1]) = 0.20698254364089774
6144/16384
mean(sgnprob[1:i - 1]) = 0.19192576916815887
6272/16384
mean(sgnprob[1:i - 1]) = 0.19917078615850742
6400/16384
mean(sgnprob[1:i - 1]) = 0.20518831067354273
6528/16384
mean(sgnprob[1:i - 1]) = 0.19381032633675502
6656/16384
mean(sgnprob[1:i - 1]) = 0.1987978963185575
6784/16384
mean(sgnprob[1:i - 1]) = 0.20330237358101136
6912/16384
mean(sgnprob[1:i - 1]) = 0.20706120677181306
7040/16384
mean(sgnprob[1:i - 1]) = 0.19789742861201876
7168/16384
mean(sgnprob[1:i - 1]) = 0.18487512208734477
7296/16384
mean(sgnprob[1:i - 1]) = 0.1890335846470185
7424/16384
mean(sgnprob[1:i - 1]) = 0.19574296106695407
7552/16384
mean(sgnprob[1:i - 1]) = 0.20275460203946497
7680/16384
mean(sgnprob[1:i - 1]) = 0.206667534835265
7808/16384
mean(sgnprob[1:i - 1]) = 0.21250160112719355
7936/16384
mean(sgnprob[1:i - 1]) = 0.21638311279143038
8064/16384
mean(sgnprob[1:i - 1]) = 0.21939724668237628
8192/16384
mean(sgnprob[1:i - 1]) = 0.2220730069588573
8320/16384
mean(sgnprob[1:i - 1]) = 0.21264575069118885
8448/16384
mean(sgnprob[1:i - 1]) = 0.21463241387474843
8576/16384
mean(sgnprob[1:i - 1]) = 0.21865889212827988
8704/16384
mean(sgnprob[1:i - 1]) = 0.22187751350109158
8832/16384
mean(sgnprob[1:i - 1]) = 0.21390555995923452
8960/16384
mean(sgnprob[1:i - 1]) = 0.2173233619823641
9088/16384
mean(sgnprob[1:i - 1]) = 0.2195444040937603
9216/16384
mean(sgnprob[1:i - 1]) = 0.22061855670103092
9344/16384
mean(sgnprob[1:i - 1]) = 0.2225195333404688
9472/16384
mean(sgnprob[1:i - 1]) = 0.21212121212121213
9600/16384
mean(sgnprob[1:i - 1]) = 0.21554328575893322
9728/16384
mean(sgnprob[1:i - 1]) = 0.21640793667112163
9856/16384
mean(sgnprob[1:i - 1]) = 0.2207001522070015
9984/16384
mean(sgnprob[1:i - 1]) = 0.2244816187518782
10112/16384
mean(sgnprob[1:i - 1]) = 0.22658490752645633
10240/16384
mean(sgnprob[1:i - 1]) = 0.2305889246996777
10368/16384
mean(sgnprob[1:i - 1]) = 0.23430114787305875
10496/16384
mean(sgnprob[1:i - 1]) = 0.2268699380657456
10624/16384
mean(sgnprob[1:i - 1]) = 0.22865480561046786
10752/16384
mean(sgnprob[1:i - 1]) = 0.22928099711654729
10880/16384
mean(sgnprob[1:i - 1]) = 0.23026013420351135
11008/16384
mean(sgnprob[1:i - 1]) = 0.23321522667393477
11136/16384
mean(sgnprob[1:i - 1]) = 0.23646160754378087
11264/16384
mean(sgnprob[1:i - 1]) = 0.2282695551806801
11392/16384
mean(sgnprob[1:i - 1]) = 0.22219295935387587
11520/16384
mean(sgnprob[1:i - 1]) = 0.21468877506728015
11648/16384
mean(sgnprob[1:i - 1]) = 0.2166223061732635
11776/16384
mean(sgnprob[1:i - 1]) = 0.20968152866242037
11904/16384
mean(sgnprob[1:i - 1]) = 0.20356212719482483
12032/16384
mean(sgnprob[1:i - 1]) = 0.2072146953702934
12160/16384
mean(sgnprob[1:i - 1]) = 0.2098034377827124
12288/16384
mean(sgnprob[1:i - 1]) = 0.20387401318466672
12416/16384
mean(sgnprob[1:i - 1]) = 0.19742247281514297
12544/16384
mean(sgnprob[1:i - 1]) = 0.20019134178426215
12672/16384
mean(sgnprob[1:i - 1]) = 0.20164154368242443
12800/16384
mean(sgnprob[1:i - 1]) = 0.20509414798031095
12928/16384
mean(sgnprob[1:i - 1]) = 0.1993501972615456
13056/16384
mean(sgnprob[1:i - 1]) = 0.2015319800842589
13184/16384
mean(sgnprob[1:i - 1]) = 0.20245771068800728
13312/16384
mean(sgnprob[1:i - 1]) = 0.20426714747201563
13440/16384
mean(sgnprob[1:i - 1]) = 0.2051491926482625
13568/16384
mean(sgnprob[1:i - 1]) = 0.1993808505933515
13696/16384
mean(sgnprob[1:i - 1]) = 0.20116830960204454
13824/16384
mean(sgnprob[1:i - 1]) = 0.19525428633437025
13952/16384
mean(sgnprob[1:i - 1]) = 0.188588631639309
14080/16384
mean(sgnprob[1:i - 1]) = 0.19141984515945734
14208/16384
mean(sgnprob[1:i - 1]) = 0.19321461251495742
14336/16384
mean(sgnprob[1:i - 1]) = 0.19595395884199512
14464/16384
mean(sgnprob[1:i - 1]) = 0.19020950010371293
14592/16384
mean(sgnprob[1:i - 1]) = 0.18511411143855802
14720/16384
mean(sgnprob[1:i - 1]) = 0.18608601127794008
14848/16384
mean(sgnprob[1:i - 1]) = 0.18811881188118812
14976/16384
mean(sgnprob[1:i - 1]) = 0.18984974958263773
15104/16384
mean(sgnprob[1:i - 1]) = 0.19141892339270344
15232/16384
mean(sgnprob[1:i - 1]) = 0.1863961657146609
15360/16384
mean(sgnprob[1:i - 1]) = 0.18002474119408815
15488/16384
mean(sgnprob[1:i - 1]) = 0.18241105443275005
15616/16384
mean(sgnprob[1:i - 1]) = 0.17681716298430997
15744/16384
mean(sgnprob[1:i - 1]) = 0.17207647843485993
15872/16384
mean(sgnprob[1:i - 1]) = 0.16716022934912733
16000/16384
mean(sgnprob[1:i - 1]) = 0.16919807487967997
16128/16384
mean(sgnprob[1:i - 1]) = 0.17169963415390338
16256/16384
mean(sgnprob[1:i - 1]) = 0.1672716087357736
16384/16384
mean(sgnprob[1:i - 1]) = 0.16266861991088324
807.468992 seconds (167.11 M allocations: 70.745 GiB, 2.21% gc time, 1.34% compilation time)
