## SLURM PROLOG ###############################################################
##    Job ID : 8822317
##  Job Name : sbatch_etgent.sh
##  Nodelist : node1328
##      CPUs : 8
##  Mem/Node : 4096 MB
## Directory : /oscar/home/trazzaz/AFQMC
##   Job Started : Thu Feb 27 07:33:09 PM EST 2025
###############################################################################
seed = 1312
U = 2.0
β = 6.0
Warming up
128/1024
256/1024
384/1024
512/1024
640/1024
768/1024
896/1024
1024/1024
Measuring
128/16384
mean(sgnprob[1:i - 1]) = -0.44881889763779526
256/16384
mean(sgnprob[1:i - 1]) = -0.4980392156862745
384/16384
mean(sgnprob[1:i - 1]) = -0.5248041775456919
512/16384
mean(sgnprob[1:i - 1]) = -0.26810176125244617
640/16384
mean(sgnprob[1:i - 1]) = -0.09233176838810642
768/16384
mean(sgnprob[1:i - 1]) = -0.01694915254237288
896/16384
mean(sgnprob[1:i - 1]) = 0.048044692737430165
1024/16384
mean(sgnprob[1:i - 1]) = 0.0967741935483871
1152/16384
mean(sgnprob[1:i - 1]) = 0.1416159860990443
1280/16384
mean(sgnprob[1:i - 1]) = 0.18373729476153244
1408/16384
mean(sgnprob[1:i - 1]) = 0.2125088841506752
1536/16384
mean(sgnprob[1:i - 1]) = 0.23257328990228013
1664/16384
mean(sgnprob[1:i - 1]) = 0.25315694527961513
1792/16384
mean(sgnprob[1:i - 1]) = 0.26521496370742603
1920/16384
mean(sgnprob[1:i - 1]) = 0.27462219906201146
2048/16384
mean(sgnprob[1:i - 1]) = 0.2877381533952125
2176/16384
mean(sgnprob[1:i - 1]) = 0.23954022988505747
2304/16384
mean(sgnprob[1:i - 1]) = 0.24793747286148501
2432/16384
mean(sgnprob[1:i - 1]) = 0.2595639654463184
2560/16384
mean(sgnprob[1:i - 1]) = 0.2246971473231731
2688/16384
mean(sgnprob[1:i - 1]) = 0.23483438779307778
2816/16384
mean(sgnprob[1:i - 1]) = 0.24404973357015985
2944/16384
mean(sgnprob[1:i - 1]) = 0.20761128100577642
3072/16384
mean(sgnprob[1:i - 1]) = 0.22110061869098013
3200/16384
mean(sgnprob[1:i - 1]) = 0.23226008127539857
3328/16384
mean(sgnprob[1:i - 1]) = 0.20108205590622183
3456/16384
mean(sgnprob[1:i - 1]) = 0.20752532561505066
3584/16384
mean(sgnprob[1:i - 1]) = 0.1789003628244488
3712/16384
mean(sgnprob[1:i - 1]) = 0.18943680948531394
3840/16384
mean(sgnprob[1:i - 1]) = 0.16332378223495703
3968/16384
mean(sgnprob[1:i - 1]) = 0.17469120241996472
4096/16384
mean(sgnprob[1:i - 1]) = 0.18339438339438338
4224/16384
mean(sgnprob[1:i - 1]) = 0.1877811982003315
4352/16384
mean(sgnprob[1:i - 1]) = 0.19328889910365432
4480/16384
mean(sgnprob[1:i - 1]) = 0.19982138870283545
4608/16384
mean(sgnprob[1:i - 1]) = 0.20816149337963968
4736/16384
mean(sgnprob[1:i - 1]) = 0.2105596620908131
4864/16384
mean(sgnprob[1:i - 1]) = 0.21858934813900885
4992/16384
mean(sgnprob[1:i - 1]) = 0.22500500901622922
5120/16384
mean(sgnprob[1:i - 1]) = 0.23109982418441102
5248/16384
mean(sgnprob[1:i - 1]) = 0.2144082332761578
5376/16384
mean(sgnprob[1:i - 1]) = 0.22269767441860466
5504/16384
mean(sgnprob[1:i - 1]) = 0.22660367072505905
5632/16384
mean(sgnprob[1:i - 1]) = 0.2289113834132481
5760/16384
mean(sgnprob[1:i - 1]) = 0.2140996700816114
5888/16384
mean(sgnprob[1:i - 1]) = 0.22031595039918464
6016/16384
mean(sgnprob[1:i - 1]) = 0.20698254364089774
6144/16384
mean(sgnprob[1:i - 1]) = 0.21211134624776168
6272/16384
mean(sgnprob[1:i - 1]) = 0.21607399138893318
6400/16384
mean(sgnprob[1:i - 1]) = 0.2201906547898109
6528/16384
mean(sgnprob[1:i - 1]) = 0.224145855676421
6656/16384
mean(sgnprob[1:i - 1]) = 0.2282494365138993
6784/16384
mean(sgnprob[1:i - 1]) = 0.23426212590299278
6912/16384
mean(sgnprob[1:i - 1]) = 0.23889451598900305
7040/16384
mean(sgnprob[1:i - 1]) = 0.24307430032675095
7168/16384
mean(sgnprob[1:i - 1]) = 0.2459885586716897
7296/16384
mean(sgnprob[1:i - 1]) = 0.25099383139136394
7424/16384
mean(sgnprob[1:i - 1]) = 0.25367102249764245
7552/16384
mean(sgnprob[1:i - 1]) = 0.2557277181830221
7680/16384
mean(sgnprob[1:i - 1]) = 0.2603203542127881
7808/16384
mean(sgnprob[1:i - 1]) = 0.2504162930703215
7936/16384
mean(sgnprob[1:i - 1]) = 0.23931947069943288
8064/16384
mean(sgnprob[1:i - 1]) = 0.24271363016247055
8192/16384
mean(sgnprob[1:i - 1]) = 0.24575753876205592
8320/16384
mean(sgnprob[1:i - 1]) = 0.2525543935569179
8448/16384
mean(sgnprob[1:i - 1]) = 0.25630401325914526
8576/16384
mean(sgnprob[1:i - 1]) = 0.25807580174927114
8704/16384
mean(sgnprob[1:i - 1]) = 0.2593358611972883
8832/16384
mean(sgnprob[1:i - 1]) = 0.2646359415694712
8960/16384
mean(sgnprob[1:i - 1]) = 0.2686683781672062
9088/16384
mean(sgnprob[1:i - 1]) = 0.2728073071420711
9216/16384
mean(sgnprob[1:i - 1]) = 0.27552902875746066
9344/16384
mean(sgnprob[1:i - 1]) = 0.2775339826608156
9472/16384
mean(sgnprob[1:i - 1]) = 0.279484742899377
9600/16384
mean(sgnprob[1:i - 1]) = 0.2820085425565163
9728/16384
mean(sgnprob[1:i - 1]) = 0.2848771460882081
9856/16384
mean(sgnprob[1:i - 1]) = 0.28888888888888886
9984/16384
mean(sgnprob[1:i - 1]) = 0.29059400981668837
10112/16384
mean(sgnprob[1:i - 1]) = 0.281970131539907
10240/16384
mean(sgnprob[1:i - 1]) = 0.2862584236741869
10368/16384
mean(sgnprob[1:i - 1]) = 0.2881257837368573
10496/16384
mean(sgnprob[1:i - 1]) = 0.27889471176750835
10624/16384
mean(sgnprob[1:i - 1]) = 0.28061752800527157
10752/16384
mean(sgnprob[1:i - 1]) = 0.2830434378197377
10880/16384
mean(sgnprob[1:i - 1]) = 0.2835738578913503
11008/16384
mean(sgnprob[1:i - 1]) = 0.28590896702098667
11136/16384
mean(sgnprob[1:i - 1]) = 0.28765154916928604
11264/16384
mean(sgnprob[1:i - 1]) = 0.2897096688271331
11392/16384
mean(sgnprob[1:i - 1]) = 0.29119480291458166
11520/16384
mean(sgnprob[1:i - 1]) = 0.29282055734004686
11648/16384
mean(sgnprob[1:i - 1]) = 0.29441057783120117
11776/16384
mean(sgnprob[1:i - 1]) = 0.2864543524416136
11904/16384
mean(sgnprob[1:i - 1]) = 0.2887507351087961
12032/16384
mean(sgnprob[1:i - 1]) = 0.2893358823040479
12160/16384
mean(sgnprob[1:i - 1]) = 0.2910601200756641
12288/16384
mean(sgnprob[1:i - 1]) = 0.2932367542931554
12416/16384
mean(sgnprob[1:i - 1]) = 0.28634716069271043
12544/16384
mean(sgnprob[1:i - 1]) = 0.27911982779239414
12672/16384
mean(sgnprob[1:i - 1]) = 0.2816667982006156
12800/16384
mean(sgnprob[1:i - 1]) = 0.28447534963669036
12928/16384
mean(sgnprob[1:i - 1]) = 0.2861452773265259
13056/16384
mean(sgnprob[1:i - 1]) = 0.2883952508617388
13184/16384
mean(sgnprob[1:i - 1]) = 0.29136008495790033
13312/16384
mean(sgnprob[1:i - 1]) = 0.28375028172188416
13440/16384
mean(sgnprob[1:i - 1]) = 0.2864052384850063
13568/16384
mean(sgnprob[1:i - 1]) = 0.27942802388147714
13696/16384
mean(sgnprob[1:i - 1]) = 0.2724351953267616
13824/16384
mean(sgnprob[1:i - 1]) = 0.2746871156767706
13952/16384
mean(sgnprob[1:i - 1]) = 0.2768977134255609
14080/16384
mean(sgnprob[1:i - 1]) = 0.269834505291569
14208/16384
mean(sgnprob[1:i - 1]) = 0.263884000844654
14336/16384
mean(sgnprob[1:i - 1]) = 0.2664108824555284
14464/16384
mean(sgnprob[1:i - 1]) = 0.268201617921593
14592/16384
mean(sgnprob[1:i - 1]) = 0.26132547460763483
14720/16384
mean(sgnprob[1:i - 1]) = 0.26326516747061623
14848/16384
mean(sgnprob[1:i - 1]) = 0.26409375631440696
14976/16384
mean(sgnprob[1:i - 1]) = 0.26637729549248745
15104/16384
mean(sgnprob[1:i - 1]) = 0.26637091968483084
15232/16384
mean(sgnprob[1:i - 1]) = 0.26794038474164533
15360/16384
mean(sgnprob[1:i - 1]) = 0.27000455758838465
15488/16384
mean(sgnprob[1:i - 1]) = 0.27216375024213857
15616/16384
mean(sgnprob[1:i - 1]) = 0.27364713416586617
15744/16384
mean(sgnprob[1:i - 1]) = 0.27561455885155306
15872/16384
mean(sgnprob[1:i - 1]) = 0.27654212084934787
16000/16384
mean(sgnprob[1:i - 1]) = 0.27057941121320084
16128/16384
mean(sgnprob[1:i - 1]) = 0.2720282755627209
16256/16384
mean(sgnprob[1:i - 1]) = 0.27382343894186406
16384/16384
mean(sgnprob[1:i - 1]) = 0.2672892632606971
817.540336 seconds (167.11 M allocations: 70.745 GiB, 2.17% gc time, 1.26% compilation time)
