## SLURM PROLOG ###############################################################
##    Job ID : 5955289
##  Job Name : etgent_N(1,3)_seed1254
##  Nodelist : node1738
##      CPUs : 8
##  Mem/Node : 2048 MB
## Directory : /oscar/home/trazzaz/AFQMC
##   Job Started : Mon Nov 11 10:24:52 PM EST 2024
###############################################################################
U = 2.0
seed = 1254
λₖ = 0.0
Warming up
128/512
256/512
384/512
512/512
Measuring
128/1024
256/1024
384/1024
512/1024
640/1024
768/1024
896/1024
1024/1024
135.986938 seconds (80.56 M allocations: 16.970 GiB, 3.37% gc time, 9.86% compilation time)
λₖ = 0.2
Warming up
128/512
256/512
384/512
512/512
Measuring
128/1024
256/1024
384/1024
512/1024
640/1024
768/1024
896/1024
1024/1024
120.727916 seconds (76.83 M allocations: 16.806 GiB, 3.47% gc time, 0.10% compilation time)
λₖ = 0.4
Warming up
128/512
256/512
384/512
512/512
Measuring
128/1024
256/1024
384/1024
512/1024
640/1024
768/1024
896/1024
1024/1024
108.591103 seconds (76.82 M allocations: 16.805 GiB, 3.08% gc time)
λₖ = 0.6
Warming up
128/512
256/512
384/512
512/512
Measuring
128/1024
256/1024
384/1024
512/1024
640/1024
768/1024
896/1024
1024/1024
113.280466 seconds (76.82 M allocations: 16.805 GiB, 2.79% gc time)
λₖ = 0.8
Warming up
128/512
256/512
384/512
512/512
Measuring
128/1024
256/1024
384/1024
512/1024
640/1024
768/1024
896/1024
1024/1024
106.206913 seconds (76.82 M allocations: 16.805 GiB, 2.87% gc time)
