## SLURM PROLOG ###############################################################
##    Job ID : 8833884
##  Job Name : sbatch_etgent.sh
##  Nodelist : node1733
##      CPUs : 8
##  Mem/Node : 4096 MB
## Directory : /oscar/home/trazzaz/AFQMC
##   Job Started : Fri Feb 28 12:59:42 AM EST 2025
###############################################################################
seed = 1438
U = 2.0
β = 6.0
Warming up
128/1024
256/1024
384/1024
512/1024
640/1024
768/1024
896/1024
1024/1024
Measuring
128/16384
mean(sgnprob[1:i - 1]) = 0.3543307086614173
256/16384
mean(sgnprob[1:i - 1]) = 0.38823529411764707
384/16384
mean(sgnprob[1:i - 1]) = 0.4255874673629243
512/16384
mean(sgnprob[1:i - 1]) = 0.42857142857142855
640/16384
mean(sgnprob[1:i - 1]) = 0.29890453834115804
768/16384
mean(sgnprob[1:i - 1]) = 0.2985658409387223
896/16384
mean(sgnprob[1:i - 1]) = 0.3139664804469274
1024/16384
mean(sgnprob[1:i - 1]) = 0.33528836754643204
1152/16384
mean(sgnprob[1:i - 1]) = 0.3344917463075586
1280/16384
mean(sgnprob[1:i - 1]) = 0.3385457388584832
1408/16384
mean(sgnprob[1:i - 1]) = 0.3461265103056148
1536/16384
mean(sgnprob[1:i - 1]) = 0.33941368078175893
1664/16384
mean(sgnprob[1:i - 1]) = 0.3361395069152135
1792/16384
mean(sgnprob[1:i - 1]) = 0.3478503629257398
1920/16384
mean(sgnprob[1:i - 1]) = 0.34966128191766543
2048/16384
mean(sgnprob[1:i - 1]) = 0.298485588666341
2176/16384
mean(sgnprob[1:i - 1]) = 0.2560919540229885
2304/16384
mean(sgnprob[1:i - 1]) = 0.228831958315241
2432/16384
mean(sgnprob[1:i - 1]) = 0.24064171122994651
2560/16384
mean(sgnprob[1:i - 1]) = 0.2504884720593982
2688/16384
mean(sgnprob[1:i - 1]) = 0.2601414216598437
2816/16384
mean(sgnprob[1:i - 1]) = 0.26465364120781526
2944/16384
mean(sgnprob[1:i - 1]) = 0.27217125382262997
3072/16384
mean(sgnprob[1:i - 1]) = 0.27971344838814716
3200/16384
mean(sgnprob[1:i - 1]) = 0.28290090653329164
3328/16384
mean(sgnprob[1:i - 1]) = 0.25578599338743613
3456/16384
mean(sgnprob[1:i - 1]) = 0.26078147612156294
3584/16384
mean(sgnprob[1:i - 1]) = 0.2676528049120848
3712/16384
mean(sgnprob[1:i - 1]) = 0.280517380759903
3840/16384
mean(sgnprob[1:i - 1]) = 0.25814014066163066
3968/16384
mean(sgnprob[1:i - 1]) = 0.2397277539702546
4096/16384
mean(sgnprob[1:i - 1]) = 0.2468864468864469
4224/16384
mean(sgnprob[1:i - 1]) = 0.2536111768884679
4352/16384
mean(sgnprob[1:i - 1]) = 0.25718225695242475
4480/16384
mean(sgnprob[1:i - 1]) = 0.2601027014958696
4608/16384
mean(sgnprob[1:i - 1]) = 0.26676796179726503
4736/16384
mean(sgnprob[1:i - 1]) = 0.2713833157338965
4864/16384
mean(sgnprob[1:i - 1]) = 0.25354719309068474
4992/16384
mean(sgnprob[1:i - 1]) = 0.25986776197154876
5120/16384
mean(sgnprob[1:i - 1]) = 0.26352803281890996
5248/16384
mean(sgnprob[1:i - 1]) = 0.2651038688774538
5376/16384
mean(sgnprob[1:i - 1]) = 0.2651162790697674
5504/16384
mean(sgnprob[1:i - 1]) = 0.2658549881882609
5632/16384
mean(sgnprob[1:i - 1]) = 0.26940152725981176
5760/16384
mean(sgnprob[1:i - 1]) = 0.2519534641430804
5888/16384
mean(sgnprob[1:i - 1]) = 0.25259045354170206
6016/16384
mean(sgnprob[1:i - 1]) = 0.25519534497090607
6144/16384
mean(sgnprob[1:i - 1]) = 0.2583428292365294
6272/16384
mean(sgnprob[1:i - 1]) = 0.2604050390687291
6400/16384
mean(sgnprob[1:i - 1]) = 0.26676043131739335
6528/16384
mean(sgnprob[1:i - 1]) = 0.2685766814769419
6656/16384
mean(sgnprob[1:i - 1]) = 0.2697220135236664
6784/16384
mean(sgnprob[1:i - 1]) = 0.27023440955329503
6912/16384
mean(sgnprob[1:i - 1]) = 0.273911156127912
7040/16384
mean(sgnprob[1:i - 1]) = 0.2638158829379173
7168/16384
mean(sgnprob[1:i - 1]) = 0.2669178177759174
7296/16384
mean(sgnprob[1:i - 1]) = 0.26881425633995887
7424/16384
mean(sgnprob[1:i - 1]) = 0.26768153037855313
7552/16384
mean(sgnprob[1:i - 1]) = 0.2544033902794332
7680/16384
mean(sgnprob[1:i - 1]) = 0.25771584841776274
7808/16384
mean(sgnprob[1:i - 1]) = 0.26194440886384013
7936/16384
mean(sgnprob[1:i - 1]) = 0.2650283553875236
8064/16384
mean(sgnprob[1:i - 1]) = 0.26528587374426393
8192/16384
mean(sgnprob[1:i - 1]) = 0.26748870711756806
8320/16384
mean(sgnprob[1:i - 1]) = 0.2698641663661498
8448/16384
mean(sgnprob[1:i - 1]) = 0.2693263880667693
8576/16384
mean(sgnprob[1:i - 1]) = 0.27230320699708455
8704/16384
mean(sgnprob[1:i - 1]) = 0.2641617832931173
8832/16384
mean(sgnprob[1:i - 1]) = 0.2669006907484996
8960/16384
mean(sgnprob[1:i - 1]) = 0.2697845741712245
9088/16384
mean(sgnprob[1:i - 1]) = 0.2697259821723341
9216/16384
mean(sgnprob[1:i - 1]) = 0.2694519804666305
9344/16384
mean(sgnprob[1:i - 1]) = 0.2728245745477898
9472/16384
mean(sgnprob[1:i - 1]) = 0.2761060078133249
9600/16384
mean(sgnprob[1:i - 1]) = 0.267632045004688
9728/16384
mean(sgnprob[1:i - 1]) = 0.2702786059422227
9856/16384
mean(sgnprob[1:i - 1]) = 0.2604769152714358
9984/16384
mean(sgnprob[1:i - 1]) = 0.2605429229690474
10112/16384
mean(sgnprob[1:i - 1]) = 0.25348630204727524
10240/16384
mean(sgnprob[1:i - 1]) = 0.2540287137415763
10368/16384
mean(sgnprob[1:i - 1]) = 0.24549049869779108
10496/16384
mean(sgnprob[1:i - 1]) = 0.24783230109575988
10624/16384
mean(sgnprob[1:i - 1]) = 0.2510590228748941
10752/16384
mean(sgnprob[1:i - 1]) = 0.2436052460236257
10880/16384
mean(sgnprob[1:i - 1]) = 0.24588657045684345
11008/16384
mean(sgnprob[1:i - 1]) = 0.24938675388389206
11136/16384
mean(sgnprob[1:i - 1]) = 0.2520880107768298
11264/16384
mean(sgnprob[1:i - 1]) = 0.2517091361093847
11392/16384
mean(sgnprob[1:i - 1]) = 0.2546747432183303
11520/16384
mean(sgnprob[1:i - 1]) = 0.25687993749457416
11648/16384
mean(sgnprob[1:i - 1]) = 0.25869322572336223
11776/16384
mean(sgnprob[1:i - 1]) = 0.25978768577494693
11904/16384
mean(sgnprob[1:i - 1]) = 0.25212131395446524
12032/16384
mean(sgnprob[1:i - 1]) = 0.2516000332474441
12160/16384
mean(sgnprob[1:i - 1]) = 0.2431943416399375
12288/16384
mean(sgnprob[1:i - 1]) = 0.23691706681858876
12416/16384
mean(sgnprob[1:i - 1]) = 0.22996375352396295
12544/16384
mean(sgnprob[1:i - 1]) = 0.22363071035637408
12672/16384
mean(sgnprob[1:i - 1]) = 0.21616289164233288
12800/16384
mean(sgnprob[1:i - 1]) = 0.20993827642784593
12928/16384
mean(sgnprob[1:i - 1]) = 0.21203682215517908
13056/16384
mean(sgnprob[1:i - 1]) = 0.21348142474147835
13184/16384
mean(sgnprob[1:i - 1]) = 0.20761586892209663
13312/16384
mean(sgnprob[1:i - 1]) = 0.20276463075651716
13440/16384
mean(sgnprob[1:i - 1]) = 0.20410744847086837
13568/16384
mean(sgnprob[1:i - 1]) = 0.20616201076140636
13696/16384
mean(sgnprob[1:i - 1]) = 0.20832420591456735
13824/16384
mean(sgnprob[1:i - 1]) = 0.20899949359762715
13952/16384
mean(sgnprob[1:i - 1]) = 0.21209949107590853
14080/16384
mean(sgnprob[1:i - 1]) = 0.21500106541657787
14208/16384
mean(sgnprob[1:i - 1]) = 0.21644259871894136
14336/16384
mean(sgnprob[1:i - 1]) = 0.2106034182071852
14464/16384
mean(sgnprob[1:i - 1]) = 0.21330291087602848
14592/16384
mean(sgnprob[1:i - 1]) = 0.21335069563429512
14720/16384
mean(sgnprob[1:i - 1]) = 0.20809837624838645
14848/16384
mean(sgnprob[1:i - 1]) = 0.20199366875463057
14976/16384
mean(sgnprob[1:i - 1]) = 0.20360601001669448
15104/16384
mean(sgnprob[1:i - 1]) = 0.19883466860888566
15232/16384
mean(sgnprob[1:i - 1]) = 0.20005252445670016
15360/16384
mean(sgnprob[1:i - 1]) = 0.20033856370857478
15488/16384
mean(sgnprob[1:i - 1]) = 0.2011364370116872
15616/16384
mean(sgnprob[1:i - 1]) = 0.20281780339417227
15744/16384
mean(sgnprob[1:i - 1]) = 0.2026932604967287
15872/16384
mean(sgnprob[1:i - 1]) = 0.20420893453468592
16000/16384
mean(sgnprob[1:i - 1]) = 0.2063253953372086
16128/16384
mean(sgnprob[1:i - 1]) = 0.20245550939418366
16256/16384
mean(sgnprob[1:i - 1]) = 0.19766225776684096
16384/16384
mean(sgnprob[1:i - 1]) = 0.20002441555270709
731.316185 seconds (167.11 M allocations: 70.745 GiB, 1.42% gc time, 1.23% compilation time)
