## SLURM PROLOG ###############################################################
##    Job ID : 5341808
##  Job Name : etgent_N2_U6
##  Nodelist : node1716
##      CPUs : 8
##  Mem/Node : 2048 MB
## Directory : /oscar/home/trazzaz/AFQMC
##   Job Started : Wed Oct 23 11:28:40 AM EDT 2024
###############################################################################
U = 6.0
seed = 1234
λₖ = 0.0
Warming up
128/512
256/512
384/512
512/512
Measuring
128/1024
256/1024
384/1024
512/1024
640/1024
768/1024
896/1024
1024/1024
 37.022425 seconds (35.02 M allocations: 36.367 GiB, 8.42% gc time, 22.71% compilation time)
λₖ = 0.2
Warming up
128/512
256/512
384/512
512/512
Measuring
128/1024
256/1024
384/1024
512/1024
640/1024
768/1024
896/1024
1024/1024
 28.956730 seconds (33.17 M allocations: 36.268 GiB, 10.50% gc time, 0.33% compilation time)
λₖ = 0.4
Warming up
128/512
256/512
384/512
512/512
Measuring
128/1024
256/1024
384/1024
512/1024
640/1024
768/1024
896/1024
1024/1024
 28.294552 seconds (33.17 M allocations: 36.268 GiB, 9.87% gc time)
λₖ = 0.6
Warming up
128/512
256/512
384/512
512/512
Measuring
128/1024
256/1024
384/1024
512/1024
640/1024
768/1024
896/1024
1024/1024
 28.217093 seconds (33.17 M allocations: 36.268 GiB, 10.36% gc time)
λₖ = 0.8
Warming up
128/512
256/512
384/512
512/512
Measuring
128/1024
256/1024
384/1024
512/1024
640/1024
768/1024
896/1024
1024/1024
 27.943440 seconds (33.17 M allocations: 36.268 GiB, 10.08% gc time)
