## SLURM PROLOG ###############################################################
##    Job ID : 8833924
##  Job Name : sbatch_etgent.sh
##  Nodelist : node1734
##      CPUs : 8
##  Mem/Node : 4096 MB
## Directory : /oscar/home/trazzaz/AFQMC
##   Job Started : Fri Feb 28 02:03:16 AM EST 2025
###############################################################################
seed = 1478
U = 2.0
β = 6.0
Warming up
128/1024
256/1024
384/1024
512/1024
640/1024
768/1024
896/1024
1024/1024
Measuring
128/16384
mean(sgnprob[1:i - 1]) = 0.5590551181102362
256/16384
mean(sgnprob[1:i - 1]) = 0.058823529411764705
384/16384
mean(sgnprob[1:i - 1]) = 0.16971279373368145
512/16384
mean(sgnprob[1:i - 1]) = 0.2328767123287671
640/16384
mean(sgnprob[1:i - 1]) = 0.25821596244131456
768/16384
mean(sgnprob[1:i - 1]) = 0.121251629726206
896/16384
mean(sgnprob[1:i - 1]) = 0.17541899441340783
1024/16384
mean(sgnprob[1:i - 1]) = 0.08504398826979472
1152/16384
mean(sgnprob[1:i - 1]) = 0.12771503040834056
1280/16384
mean(sgnprob[1:i - 1]) = 0.16653635652853793
1408/16384
mean(sgnprob[1:i - 1]) = 0.21108742004264391
1536/16384
mean(sgnprob[1:i - 1]) = 0.23778501628664495
1664/16384
mean(sgnprob[1:i - 1]) = 0.25676488274203246
1792/16384
mean(sgnprob[1:i - 1]) = 0.19821328866554996
1920/16384
mean(sgnprob[1:i - 1]) = 0.22042730588848358
2048/16384
mean(sgnprob[1:i - 1]) = 0.17440156326331216
2176/16384
mean(sgnprob[1:i - 1]) = 0.13839080459770114
2304/16384
mean(sgnprob[1:i - 1]) = 0.10204081632653061
2432/16384
mean(sgnprob[1:i - 1]) = 0.1262854792266557
2560/16384
mean(sgnprob[1:i - 1]) = 0.15044939429464635
2688/16384
mean(sgnprob[1:i - 1]) = 0.1656122069222181
2816/16384
mean(sgnprob[1:i - 1]) = 0.18650088809946713
2944/16384
mean(sgnprob[1:i - 1]) = 0.20761128100577642
3072/16384
mean(sgnprob[1:i - 1]) = 0.2184956040377727
3200/16384
mean(sgnprob[1:i - 1]) = 0.22975929978118162
3328/16384
mean(sgnprob[1:i - 1]) = 0.24075743913435527
3456/16384
mean(sgnprob[1:i - 1]) = 0.2492040520984081
3584/16384
mean(sgnprob[1:i - 1]) = 0.2637454646943902
3712/16384
mean(sgnprob[1:i - 1]) = 0.27297224467798437
3840/16384
mean(sgnprob[1:i - 1]) = 0.24615785360771034
3968/16384
mean(sgnprob[1:i - 1]) = 0.26039828585833125
4096/16384
mean(sgnprob[1:i - 1]) = 0.2713064713064713
4224/16384
mean(sgnprob[1:i - 1]) = 0.2815533980582524
4352/16384
mean(sgnprob[1:i - 1]) = 0.2608595725120662
4480/16384
mean(sgnprob[1:i - 1]) = 0.26367492743916054
4608/16384
mean(sgnprob[1:i - 1]) = 0.2719774256566095
4736/16384
mean(sgnprob[1:i - 1]) = 0.2781414994720169
4864/16384
mean(sgnprob[1:i - 1]) = 0.2531359243265474
4992/16384
mean(sgnprob[1:i - 1]) = 0.2610699258665598
5120/16384
mean(sgnprob[1:i - 1]) = 0.2654815393631569
5248/16384
mean(sgnprob[1:i - 1]) = 0.2700590813798361
5376/16384
mean(sgnprob[1:i - 1]) = 0.27330232558139533
5504/16384
mean(sgnprob[1:i - 1]) = 0.2534980919498455
5632/16384
mean(sgnprob[1:i - 1]) = 0.2608772864500089
5760/16384
mean(sgnprob[1:i - 1]) = 0.24535509637089772
5888/16384
mean(sgnprob[1:i - 1]) = 0.22609138780363514
6016/16384
mean(sgnprob[1:i - 1]) = 0.2339152119700748
6144/16384
mean(sgnprob[1:i - 1]) = 0.21992511802051115
6272/16384
mean(sgnprob[1:i - 1]) = 0.2246850582044331
6400/16384
mean(sgnprob[1:i - 1]) = 0.23081731520550086
6528/16384
mean(sgnprob[1:i - 1]) = 0.23885399111383485
6656/16384
mean(sgnprob[1:i - 1]) = 0.22283996994740796
6784/16384
mean(sgnprob[1:i - 1]) = 0.2301341589267286
6912/16384
mean(sgnprob[1:i - 1]) = 0.2351323976269715
7040/16384
mean(sgnprob[1:i - 1]) = 0.23852820002841313
7168/16384
mean(sgnprob[1:i - 1]) = 0.243197990791126
7296/16384
mean(sgnprob[1:i - 1]) = 0.24742974640164497
7424/16384
mean(sgnprob[1:i - 1]) = 0.2517849925905968
7552/16384
mean(sgnprob[1:i - 1]) = 0.25387365911799764
7680/16384
mean(sgnprob[1:i - 1]) = 0.25641359552025006
7808/16384
mean(sgnprob[1:i - 1]) = 0.2450365057000128
7936/16384
mean(sgnprob[1:i - 1]) = 0.25015752993068685
8064/16384
mean(sgnprob[1:i - 1]) = 0.2367605109760635
8192/16384
mean(sgnprob[1:i - 1]) = 0.2245147112684654
8320/16384
mean(sgnprob[1:i - 1]) = 0.23067676403413873
8448/16384
mean(sgnprob[1:i - 1]) = 0.23475790221380372
8576/16384
mean(sgnprob[1:i - 1]) = 0.24034985422740524
8704/16384
mean(sgnprob[1:i - 1]) = 0.24462828909571413
8832/16384
mean(sgnprob[1:i - 1]) = 0.24900917223417507
8960/16384
mean(sgnprob[1:i - 1]) = 0.25281839491014624
9088/16384
mean(sgnprob[1:i - 1]) = 0.24199405744470123
9216/16384
mean(sgnprob[1:i - 1]) = 0.2462289744981009
9344/16384
mean(sgnprob[1:i - 1]) = 0.2349352456384459
9472/16384
mean(sgnprob[1:i - 1]) = 0.23809523809523808
9600/16384
mean(sgnprob[1:i - 1]) = 0.24304615064069174
9728/16384
mean(sgnprob[1:i - 1]) = 0.24683869641204895
9856/16384
mean(sgnprob[1:i - 1]) = 0.2511415525114155
9984/16384
mean(sgnprob[1:i - 1]) = 0.2545327055995192
10112/16384
mean(sgnprob[1:i - 1]) = 0.2586292157056671
10240/16384
mean(sgnprob[1:i - 1]) = 0.24816876648110167
10368/16384
mean(sgnprob[1:i - 1]) = 0.2520497733191859
10496/16384
mean(sgnprob[1:i - 1]) = 0.2554549785612196
10624/16384
mean(sgnprob[1:i - 1]) = 0.2585898522074743
10752/16384
mean(sgnprob[1:i - 1]) = 0.2599758162031439
10880/16384
mean(sgnprob[1:i - 1]) = 0.2502987406930784
11008/16384
mean(sgnprob[1:i - 1]) = 0.25283910238938856
11136/16384
mean(sgnprob[1:i - 1]) = 0.25657835653345307
11264/16384
mean(sgnprob[1:i - 1]) = 0.25987747491787266
11392/16384
mean(sgnprob[1:i - 1]) = 0.26345360372223686
11520/16384
mean(sgnprob[1:i - 1]) = 0.25306016147235005
11648/16384
mean(sgnprob[1:i - 1]) = 0.2552588649437623
11776/16384
mean(sgnprob[1:i - 1]) = 0.24501061571125266
11904/16384
mean(sgnprob[1:i - 1]) = 0.23632697639250608
12032/16384
mean(sgnprob[1:i - 1]) = 0.23896600448840497
12160/16384
mean(sgnprob[1:i - 1]) = 0.2413849823176248
12288/16384
mean(sgnprob[1:i - 1]) = 0.24473020265321072
12416/16384
mean(sgnprob[1:i - 1]) = 0.24832863471606928
12544/16384
mean(sgnprob[1:i - 1]) = 0.2505780116399585
12672/16384
mean(sgnprob[1:i - 1]) = 0.24173309131086734
12800/16384
mean(sgnprob[1:i - 1]) = 0.24384717556059068
12928/16384
mean(sgnprob[1:i - 1]) = 0.24715711301926202
13056/16384
mean(sgnprob[1:i - 1]) = 0.2386058981233244
13184/16384
mean(sgnprob[1:i - 1]) = 0.2422058711977547
13312/16384
mean(sgnprob[1:i - 1]) = 0.24588686049132297
13440/16384
mean(sgnprob[1:i - 1]) = 0.23952675050226951
13568/16384
mean(sgnprob[1:i - 1]) = 0.2424264760079605
13696/16384
mean(sgnprob[1:i - 1]) = 0.24585615188024826
13824/16384
mean(sgnprob[1:i - 1]) = 0.24893293785719453
13952/16384
mean(sgnprob[1:i - 1]) = 0.2510931116049029
14080/16384
mean(sgnprob[1:i - 1]) = 0.25307195113289294
14208/16384
mean(sgnprob[1:i - 1]) = 0.25487435771098754
14336/16384
mean(sgnprob[1:i - 1]) = 0.25594698290896406
14464/16384
mean(sgnprob[1:i - 1]) = 0.25119269861024685
14592/16384
mean(sgnprob[1:i - 1]) = 0.25282708518950037
14720/16384
mean(sgnprob[1:i - 1]) = 0.2545689245193288
14848/16384
mean(sgnprob[1:i - 1]) = 0.2570889742035428
14976/16384
mean(sgnprob[1:i - 1]) = 0.259432387312187
15104/16384
mean(sgnprob[1:i - 1]) = 0.26080911077269414
15232/16384
mean(sgnprob[1:i - 1]) = 0.26308187249688136
15360/16384
mean(sgnprob[1:i - 1]) = 0.264926101959763
15488/16384
mean(sgnprob[1:i - 1]) = 0.2676438303092917
15616/16384
mean(sgnprob[1:i - 1]) = 0.26096701889209095
15744/16384
mean(sgnprob[1:i - 1]) = 0.2545258209998094
15872/16384
mean(sgnprob[1:i - 1]) = 0.25637956020414593
16000/16384
mean(sgnprob[1:i - 1]) = 0.25982873929620603
16128/16384
mean(sgnprob[1:i - 1]) = 0.2627271036150555
16256/16384
mean(sgnprob[1:i - 1]) = 0.2649646262688404
16384/16384
mean(sgnprob[1:i - 1]) = 0.2668009522065556
736.776208 seconds (167.11 M allocations: 70.745 GiB, 1.30% gc time, 1.22% compilation time)
