## SLURM PROLOG ###############################################################
##    Job ID : 8833916
##  Job Name : sbatch_etgent.sh
##  Nodelist : node1734
##      CPUs : 8
##  Mem/Node : 4096 MB
## Directory : /oscar/home/trazzaz/AFQMC
##   Job Started : Fri Feb 28 01:50:44 AM EST 2025
###############################################################################
seed = 1470
U = 2.0
β = 6.0
Warming up
128/1024
256/1024
384/1024
512/1024
640/1024
768/1024
896/1024
1024/1024
Measuring
128/16384
mean(sgnprob[1:i - 1]) = 0.4015748031496063
256/16384
mean(sgnprob[1:i - 1]) = 0.4588235294117647
384/16384
mean(sgnprob[1:i - 1]) = 0.15404699738903394
512/16384
mean(sgnprob[1:i - 1]) = 0.22896281800391388
640/16384
mean(sgnprob[1:i - 1]) = 0.29264475743348983
768/16384
mean(sgnprob[1:i - 1]) = 0.32985658409387225
896/16384
mean(sgnprob[1:i - 1]) = 0.36983240223463687
1024/16384
mean(sgnprob[1:i - 1]) = 0.3939393939393939
1152/16384
mean(sgnprob[1:i - 1]) = 0.40573414422241527
1280/16384
mean(sgnprob[1:i - 1]) = 0.41985926505082094
1408/16384
mean(sgnprob[1:i - 1]) = 0.43710021321961623
1536/16384
mean(sgnprob[1:i - 1]) = 0.36156351791530944
1664/16384
mean(sgnprob[1:i - 1]) = 0.28923631990378834
1792/16384
mean(sgnprob[1:i - 1]) = 0.3076493579006142
1920/16384
mean(sgnprob[1:i - 1]) = 0.3236060448150078
2048/16384
mean(sgnprob[1:i - 1]) = 0.26038104543234003
2176/16384
mean(sgnprob[1:i - 1]) = 0.2064367816091954
2304/16384
mean(sgnprob[1:i - 1]) = 0.2175423360833695
2432/16384
mean(sgnprob[1:i - 1]) = 0.23570547099958863
2560/16384
mean(sgnprob[1:i - 1]) = 0.25595935912465806
2688/16384
mean(sgnprob[1:i - 1]) = 0.2698176404912542
2816/16384
mean(sgnprob[1:i - 1]) = 0.233392539964476
2944/16384
mean(sgnprob[1:i - 1]) = 0.24430852871219844
3072/16384
mean(sgnprob[1:i - 1]) = 0.2575708238358841
3200/16384
mean(sgnprob[1:i - 1]) = 0.26914660831509846
3328/16384
mean(sgnprob[1:i - 1]) = 0.27562368500150286
3456/16384
mean(sgnprob[1:i - 1]) = 0.28683068017366137
3584/16384
mean(sgnprob[1:i - 1]) = 0.2955623778956182
3712/16384
mean(sgnprob[1:i - 1]) = 0.26650498517919696
3840/16384
mean(sgnprob[1:i - 1]) = 0.2722063037249284
3968/16384
mean(sgnprob[1:i - 1]) = 0.2815729770607512
4096/16384
mean(sgnprob[1:i - 1]) = 0.2898656898656899
4224/16384
mean(sgnprob[1:i - 1]) = 0.29860288894151077
4352/16384
mean(sgnprob[1:i - 1]) = 0.3054470236727189
4480/16384
mean(sgnprob[1:i - 1]) = 0.3141326188881447
4608/16384
mean(sgnprob[1:i - 1]) = 0.3227696982852181
4736/16384
mean(sgnprob[1:i - 1]) = 0.30348468848996835
4864/16384
mean(sgnprob[1:i - 1]) = 0.3090684762492289
4992/16384
mean(sgnprob[1:i - 1]) = 0.31396513724704467
5120/16384
mean(sgnprob[1:i - 1]) = 0.31978902129322134
5248/16384
mean(sgnprob[1:i - 1]) = 0.3268534400609872
5376/16384
mean(sgnprob[1:i - 1]) = 0.33432558139534885
5504/16384
mean(sgnprob[1:i - 1]) = 0.3123750681446484
5632/16384
mean(sgnprob[1:i - 1]) = 0.3212573255194459
5760/16384
mean(sgnprob[1:i - 1]) = 0.30196214620593853
5888/16384
mean(sgnprob[1:i - 1]) = 0.3072872430779684
6016/16384
mean(sgnprob[1:i - 1]) = 0.3103906899418121
6144/16384
mean(sgnprob[1:i - 1]) = 0.31727169135601496
6272/16384
mean(sgnprob[1:i - 1]) = 0.32036357837665447
6400/16384
mean(sgnprob[1:i - 1]) = 0.30270354742928585
6528/16384
mean(sgnprob[1:i - 1]) = 0.2842040753791941
6656/16384
mean(sgnprob[1:i - 1]) = 0.2895567242674681
6784/16384
mean(sgnprob[1:i - 1]) = 0.2932330827067669
6912/16384
mean(sgnprob[1:i - 1]) = 0.2773838807697873
7040/16384
mean(sgnprob[1:i - 1]) = 0.2808637590566842
7168/16384
mean(sgnprob[1:i - 1]) = 0.2649644202595228
7296/16384
mean(sgnprob[1:i - 1]) = 0.27018505825908157
7424/16384
mean(sgnprob[1:i - 1]) = 0.2752256500067358
7552/16384
mean(sgnprob[1:i - 1]) = 0.2790358892861873
7680/16384
mean(sgnprob[1:i - 1]) = 0.26396666232582366
7808/16384
mean(sgnprob[1:i - 1]) = 0.267836556936083
7936/16384
mean(sgnprob[1:i - 1]) = 0.27032136105860116
8064/16384
mean(sgnprob[1:i - 1]) = 0.25933275455785687
8192/16384
mean(sgnprob[1:i - 1]) = 0.24624587962397754
8320/16384
mean(sgnprob[1:i - 1]) = 0.25231398004567857
8448/16384
mean(sgnprob[1:i - 1]) = 0.25796140641647924
8576/16384
mean(sgnprob[1:i - 1]) = 0.2620408163265306
8704/16384
mean(sgnprob[1:i - 1]) = 0.2508330460760657
8832/16384
mean(sgnprob[1:i - 1]) = 0.2406296002717699
8960/16384
mean(sgnprob[1:i - 1]) = 0.24545150128362542
9088/16384
mean(sgnprob[1:i - 1]) = 0.2510179377132167
9216/16384
mean(sgnprob[1:i - 1]) = 0.2546934346174715
9344/16384
mean(sgnprob[1:i - 1]) = 0.24413999785935994
9472/16384
mean(sgnprob[1:i - 1]) = 0.23556118678069898
9600/16384
mean(sgnprob[1:i - 1]) = 0.2403375351599125
9728/16384
mean(sgnprob[1:i - 1]) = 0.231006476817107
9856/16384
mean(sgnprob[1:i - 1]) = 0.23571790969051243
9984/16384
mean(sgnprob[1:i - 1]) = 0.2401081839126515
10112/16384
mean(sgnprob[1:i - 1]) = 0.2445851053308278
10240/16384
mean(sgnprob[1:i - 1]) = 0.2489500927824983
10368/16384
mean(sgnprob[1:i - 1]) = 0.2524356130027973
10496/16384
mean(sgnprob[1:i - 1]) = 0.2569795140543116
10624/16384
mean(sgnprob[1:i - 1]) = 0.2597194766073614
10752/16384
mean(sgnprob[1:i - 1]) = 0.26313831271509625
10880/16384
mean(sgnprob[1:i - 1]) = 0.2659251769464105
11008/16384
mean(sgnprob[1:i - 1]) = 0.26864722449350414
11136/16384
mean(sgnprob[1:i - 1]) = 0.2723843735967669
11264/16384
mean(sgnprob[1:i - 1]) = 0.2760365799520554
11392/16384
mean(sgnprob[1:i - 1]) = 0.26749187955403386
11520/16384
mean(sgnprob[1:i - 1]) = 0.27077003212084383
11648/16384
mean(sgnprob[1:i - 1]) = 0.27534987550442175
11776/16384
mean(sgnprob[1:i - 1]) = 0.2791507430997877
11904/16384
mean(sgnprob[1:i - 1]) = 0.281861715533899
12032/16384
mean(sgnprob[1:i - 1]) = 0.2838500540270967
12160/16384
mean(sgnprob[1:i - 1]) = 0.2867834525865614
12288/16384
mean(sgnprob[1:i - 1]) = 0.2891674127126231
12416/16384
mean(sgnprob[1:i - 1]) = 0.28183648811921064
12544/16384
mean(sgnprob[1:i - 1]) = 0.28326556645140716
12672/16384
mean(sgnprob[1:i - 1]) = 0.2849814537132034
12800/16384
mean(sgnprob[1:i - 1]) = 0.28666302054848036
12928/16384
mean(sgnprob[1:i - 1]) = 0.2781001005647095
13056/16384
mean(sgnprob[1:i - 1]) = 0.2693986978169284
13184/16384
mean(sgnprob[1:i - 1]) = 0.2720928468482136
13312/16384
mean(sgnprob[1:i - 1]) = 0.2738336713995943
13440/16384
mean(sgnprob[1:i - 1]) = 0.2670585609048292
13568/16384
mean(sgnprob[1:i - 1]) = 0.2707304488833198
13696/16384
mean(sgnprob[1:i - 1]) = 0.26250456370938297
13824/16384
mean(sgnprob[1:i - 1]) = 0.2654271865731028
13952/16384
mean(sgnprob[1:i - 1]) = 0.26671923159630134
14080/16384
mean(sgnprob[1:i - 1]) = 0.25960650614390224
14208/16384
mean(sgnprob[1:i - 1]) = 0.2619131414091645
14336/16384
mean(sgnprob[1:i - 1]) = 0.264876177188699
14464/16384
mean(sgnprob[1:i - 1]) = 0.26861646961211366
14592/16384
mean(sgnprob[1:i - 1]) = 0.2705092180111027
14720/16384
mean(sgnprob[1:i - 1]) = 0.2734560771791562
14848/16384
mean(sgnprob[1:i - 1]) = 0.26651848858355226
14976/16384
mean(sgnprob[1:i - 1]) = 0.26944908180300503
15104/16384
mean(sgnprob[1:i - 1]) = 0.27140303251009734
15232/16384
mean(sgnprob[1:i - 1]) = 0.2731928304116604
15360/16384
mean(sgnprob[1:i - 1]) = 0.2754736636499772
15488/16384
mean(sgnprob[1:i - 1]) = 0.2779750758700846
15616/16384
mean(sgnprob[1:i - 1]) = 0.2803073967339097
15744/16384
mean(sgnprob[1:i - 1]) = 0.2832369942196532
15872/16384
mean(sgnprob[1:i - 1]) = 0.2766681368533804
16000/16384
mean(sgnprob[1:i - 1]) = 0.27820488780548785
16128/16384
mean(sgnprob[1:i - 1]) = 0.2792211818689155
16256/16384
mean(sgnprob[1:i - 1]) = 0.28145186096585667
16384/16384
mean(sgnprob[1:i - 1]) = 0.2829152169932247
727.823115 seconds (167.11 M allocations: 70.745 GiB, 1.37% gc time, 1.23% compilation time)
