## SLURM PROLOG ###############################################################
##    Job ID : 8822323
##  Job Name : sbatch_etgent.sh
##  Nodelist : node1327
##      CPUs : 8
##  Mem/Node : 4096 MB
## Directory : /oscar/home/trazzaz/AFQMC
##   Job Started : Thu Feb 27 07:45:00 PM EST 2025
###############################################################################
seed = 1318
U = 2.0
β = 6.0
Warming up
128/1024
256/1024
384/1024
512/1024
640/1024
768/1024
896/1024
1024/1024
Measuring
128/16384
mean(sgnprob[1:i - 1]) = -0.1968503937007874
256/16384
mean(sgnprob[1:i - 1]) = 0.050980392156862744
384/16384
mean(sgnprob[1:i - 1]) = 0.13315926892950392
512/16384
mean(sgnprob[1:i - 1]) = 0.1898238747553816
640/16384
mean(sgnprob[1:i - 1]) = 0.12363067292644757
768/16384
mean(sgnprob[1:i - 1]) = 0.17340286831812254
896/16384
mean(sgnprob[1:i - 1]) = 0.18212290502793296
1024/16384
mean(sgnprob[1:i - 1]) = 0.19452590420332355
1152/16384
mean(sgnprob[1:i - 1]) = 0.1259774109470026
1280/16384
mean(sgnprob[1:i - 1]) = 0.1164972634870993
1408/16384
mean(sgnprob[1:i - 1]) = 0.13290689410092396
1536/16384
mean(sgnprob[1:i - 1]) = 0.14397394136807817
1664/16384
mean(sgnprob[1:i - 1]) = 0.153337342152736
1792/16384
mean(sgnprob[1:i - 1]) = 0.13009491903964265
1920/16384
mean(sgnprob[1:i - 1]) = 0.09744658676393955
2048/16384
mean(sgnprob[1:i - 1]) = 0.07376648754274548
2176/16384
mean(sgnprob[1:i - 1]) = 0.07862068965517241
2304/16384
mean(sgnprob[1:i - 1]) = 0.09161962657403387
2432/16384
mean(sgnprob[1:i - 1]) = 0.07445495680789799
2560/16384
mean(sgnprob[1:i - 1]) = 0.056662758890191484
2688/16384
mean(sgnprob[1:i - 1]) = 0.06587272050614068
2816/16384
mean(sgnprob[1:i - 1]) = 0.07282415630550622
2944/16384
mean(sgnprob[1:i - 1]) = 0.07713217804960924
3072/16384
mean(sgnprob[1:i - 1]) = 0.08563985672419408
3200/16384
mean(sgnprob[1:i - 1]) = 0.06845889340418881
3328/16384
mean(sgnprob[1:i - 1]) = 0.05500450856627592
3456/16384
mean(sgnprob[1:i - 1]) = 0.059334298118668596
3584/16384
mean(sgnprob[1:i - 1]) = 0.04605079542283003
3712/16384
mean(sgnprob[1:i - 1]) = 0.034761519805982216
3840/16384
mean(sgnprob[1:i - 1]) = 0.044542849700442824
3968/16384
mean(sgnprob[1:i - 1]) = 0.04965969246281825
4096/16384
mean(sgnprob[1:i - 1]) = 0.03540903540903541
4224/16384
mean(sgnprob[1:i - 1]) = 0.02486384087141842
4352/16384
mean(sgnprob[1:i - 1]) = 0.03378533670420593
4480/16384
mean(sgnprob[1:i - 1]) = 0.022996204509935253
4608/16384
mean(sgnprob[1:i - 1]) = 0.015411330583894075
4736/16384
mean(sgnprob[1:i - 1]) = 0.010348468848996832
4864/16384
mean(sgnprob[1:i - 1]) = 0.013777503598601686
4992/16384
mean(sgnprob[1:i - 1]) = 0.02063714686435584
5120/16384
mean(sgnprob[1:i - 1]) = 0.012697792537605002
5248/16384
mean(sgnprob[1:i - 1]) = 0.005526967791118735
5376/16384
mean(sgnprob[1:i - 1]) = -0.00018604651162790697
5504/16384
mean(sgnprob[1:i - 1]) = 0.0012720334363074686
5632/16384
mean(sgnprob[1:i - 1]) = -0.00941218256082401
5760/16384
mean(sgnprob[1:i - 1]) = -0.005730161486369161
5888/16384
mean(sgnprob[1:i - 1]) = -0.0008493290300662477
6016/16384
mean(sgnprob[1:i - 1]) = -0.005486284289276808
6144/16384
mean(sgnprob[1:i - 1]) = 0.0004883607357968419
6272/16384
mean(sgnprob[1:i - 1]) = -0.004624461808324031
6400/16384
mean(sgnprob[1:i - 1]) = 0.0001562744178777934
6528/16384
mean(sgnprob[1:i - 1]) = -0.0035238241152137275
6656/16384
mean(sgnprob[1:i - 1]) = -0.009166040570999248
6784/16384
mean(sgnprob[1:i - 1]) = -0.001621701312103789
6912/16384
mean(sgnprob[1:i - 1]) = -0.003906815222109681
7040/16384
mean(sgnprob[1:i - 1]) = -0.0009944594402614007
7168/16384
mean(sgnprob[1:i - 1]) = -0.0057206641551555745
7296/16384
mean(sgnprob[1:i - 1]) = -0.013022618231665525
7424/16384
mean(sgnprob[1:i - 1]) = -0.017917284116933854
7552/16384
mean(sgnprob[1:i - 1]) = -0.012316249503377036
7680/16384
mean(sgnprob[1:i - 1]) = -0.00872509441333507
7808/16384
mean(sgnprob[1:i - 1]) = -0.013961829127705905
7936/16384
mean(sgnprob[1:i - 1]) = -0.009199747952110902
8064/16384
mean(sgnprob[1:i - 1]) = -0.015502914547935011
8192/16384
mean(sgnprob[1:i - 1]) = -0.019899890123306067
8320/16384
mean(sgnprob[1:i - 1]) = -0.015747084986176222
8448/16384
mean(sgnprob[1:i - 1]) = -0.010773055522670771
8576/16384
mean(sgnprob[1:i - 1]) = -0.005714285714285714
8704/16384
mean(sgnprob[1:i - 1]) = -0.0035619901183499944
8832/16384
mean(sgnprob[1:i - 1]) = 0.0021515117200770015
8960/16384
mean(sgnprob[1:i - 1]) = -0.002344011608438442
9088/16384
mean(sgnprob[1:i - 1]) = -0.005392318697039727
9216/16384
mean(sgnprob[1:i - 1]) = -0.007921866521975041
9344/16384
mean(sgnprob[1:i - 1]) = -0.00331799207963181
9472/16384
mean(sgnprob[1:i - 1]) = -0.0009502692429521698
9600/16384
mean(sgnprob[1:i - 1]) = -0.005521408480050005
9728/16384
mean(sgnprob[1:i - 1]) = -0.00812172303896371
9856/16384
mean(sgnprob[1:i - 1]) = -0.005377980720446474
9984/16384
mean(sgnprob[1:i - 1]) = -0.0023039166583191427
10112/16384
mean(sgnprob[1:i - 1]) = -0.006428642072989813
10240/16384
mean(sgnprob[1:i - 1]) = -0.001464986815118664
10368/16384
mean(sgnprob[1:i - 1]) = -0.004726536124240378
10496/16384
mean(sgnprob[1:i - 1]) = -0.007717960933777989
10624/16384
mean(sgnprob[1:i - 1]) = -0.0048009036995199095
10752/16384
mean(sgnprob[1:i - 1]) = -0.00827829969305181
10880/16384
mean(sgnprob[1:i - 1]) = -0.005790973435058369
11008/16384
mean(sgnprob[1:i - 1]) = -0.002271281911510857
11136/16384
mean(sgnprob[1:i - 1]) = -8.98069151324652e-5
11264/16384
mean(sgnprob[1:i - 1]) = 0.002929947616088076
11392/16384
mean(sgnprob[1:i - 1]) = 0.0076376086383987355
11520/16384
mean(sgnprob[1:i - 1]) = 0.004601093844951819
11648/16384
mean(sgnprob[1:i - 1]) = 0.0012878852923499614
11776/16384
mean(sgnprob[1:i - 1]) = -0.00059447983014862
11904/16384
mean(sgnprob[1:i - 1]) = 0.0027724103167268755
12032/16384
mean(sgnprob[1:i - 1]) = 0.005402709666694373
12160/16384
mean(sgnprob[1:i - 1]) = 0.002714038983469035
12288/16384
mean(sgnprob[1:i - 1]) = 0.005452917717913242
12416/16384
mean(sgnprob[1:i - 1]) = 0.004107933950865888
12544/16384
mean(sgnprob[1:i - 1]) = 0.006457785218847166
12672/16384
mean(sgnprob[1:i - 1]) = 0.009707205429721411
12800/16384
mean(sgnprob[1:i - 1]) = 0.009141339167122432
12928/16384
mean(sgnprob[1:i - 1]) = 0.011680977798406437
13056/16384
mean(sgnprob[1:i - 1]) = 0.007889697433933359
13184/16384
mean(sgnprob[1:i - 1]) = 0.010088750663733596
13312/16384
mean(sgnprob[1:i - 1]) = 0.007587709413267222
13440/16384
mean(sgnprob[1:i - 1]) = 0.009598928491703252
13568/16384
mean(sgnprob[1:i - 1]) = 0.012014446819488465
13696/16384
mean(sgnprob[1:i - 1]) = 0.014238773274917854
13824/16384
mean(sgnprob[1:i - 1]) = 0.011936627360196773
13952/16384
mean(sgnprob[1:i - 1]) = 0.014550928248871048
14080/16384
mean(sgnprob[1:i - 1]) = 0.016265359755664465
14208/16384
mean(sgnprob[1:i - 1]) = 0.018089674104314776
14336/16384
mean(sgnprob[1:i - 1]) = 0.019323334495988838
14464/16384
mean(sgnprob[1:i - 1]) = 0.020535158680771624
14592/16384
mean(sgnprob[1:i - 1]) = 0.021725721335069562
14720/16384
mean(sgnprob[1:i - 1]) = 0.0192268496501121
14848/16384
mean(sgnprob[1:i - 1]) = 0.022294066141308008
14976/16384
mean(sgnprob[1:i - 1]) = 0.02023372287145242
15104/16384
mean(sgnprob[1:i - 1]) = 0.023637687876580812
15232/16384
mean(sgnprob[1:i - 1]) = 0.02055019368393408
15360/16384
mean(sgnprob[1:i - 1]) = 0.018686112377107884
15488/16384
mean(sgnprob[1:i - 1]) = 0.020856201975850714
15616/16384
mean(sgnprob[1:i - 1]) = 0.02324687800192123
15744/16384
mean(sgnprob[1:i - 1]) = 0.024963475830527854
15872/16384
mean(sgnprob[1:i - 1]) = 0.026148320836746265
16000/16384
mean(sgnprob[1:i - 1]) = 0.027439214950934432
16128/16384
mean(sgnprob[1:i - 1]) = 0.026105289266447573
16256/16384
mean(sgnprob[1:i - 1]) = 0.024300215318363582
16384/16384
mean(sgnprob[1:i - 1]) = 0.026429835805408045
805.289349 seconds (167.11 M allocations: 70.745 GiB, 1.82% gc time, 1.20% compilation time)
