## SLURM PROLOG ###############################################################
##    Job ID : 8822248
##  Job Name : sbatch_etgent.sh
##  Nodelist : node1705
##      CPUs : 8
##  Mem/Node : 4096 MB
## Directory : /oscar/home/trazzaz/AFQMC
##   Job Started : Thu Feb 27 05:46:40 PM EST 2025
###############################################################################
seed = 1243
U = 2.0
β = 6.0
Warming up
128/1024
256/1024
384/1024
512/1024
640/1024
768/1024
896/1024
1024/1024
Measuring
128/16384
mean(sgnprob[1:i - 1]) = -0.4015748031496063
256/16384
mean(sgnprob[1:i - 1]) = 0.00392156862745098
384/16384
mean(sgnprob[1:i - 1]) = -0.14882506527415143
512/16384
mean(sgnprob[1:i - 1]) = -0.0136986301369863
640/16384
mean(sgnprob[1:i - 1]) = -0.10172143974960876
768/16384
mean(sgnprob[1:i - 1]) = -0.02216427640156454
896/16384
mean(sgnprob[1:i - 1]) = 0.05027932960893855
1024/16384
mean(sgnprob[1:i - 1]) = 0.09481915933528837
1152/16384
mean(sgnprob[1:i - 1]) = 0.03388357949609035
1280/16384
mean(sgnprob[1:i - 1]) = 0.07114933541829555
1408/16384
mean(sgnprob[1:i - 1]) = 0.09879175550817342
1536/16384
mean(sgnprob[1:i - 1]) = 0.1257328990228013
1664/16384
mean(sgnprob[1:i - 1]) = 0.14612146722790137
1792/16384
mean(sgnprob[1:i - 1]) = 0.17476270240089337
1920/16384
mean(sgnprob[1:i - 1]) = 0.13392391870766024
2048/16384
mean(sgnprob[1:i - 1]) = 0.15583781143136297
2176/16384
mean(sgnprob[1:i - 1]) = 0.1724137931034483
2304/16384
mean(sgnprob[1:i - 1]) = 0.19062092922275292
2432/16384
mean(sgnprob[1:i - 1]) = 0.20526532291238173
2560/16384
mean(sgnprob[1:i - 1]) = 0.1684251660805002
2688/16384
mean(sgnprob[1:i - 1]) = 0.1812430219575735
2816/16384
mean(sgnprob[1:i - 1]) = 0.1921847246891652
2944/16384
mean(sgnprob[1:i - 1]) = 0.20421338769962624
3072/16384
mean(sgnprob[1:i - 1]) = 0.2158905893845653
3200/16384
mean(sgnprob[1:i - 1]) = 0.22663332291341043
3328/16384
mean(sgnprob[1:i - 1]) = 0.23534715960324618
3456/16384
mean(sgnprob[1:i - 1]) = 0.24399421128798843
3584/16384
mean(sgnprob[1:i - 1]) = 0.21853195646106616
3712/16384
mean(sgnprob[1:i - 1]) = 0.2223120452708165
3840/16384
mean(sgnprob[1:i - 1]) = 0.23157072154206826
3968/16384
mean(sgnprob[1:i - 1]) = 0.20846987648096799
4096/16384
mean(sgnprob[1:i - 1]) = 0.21562881562881564
4224/16384
mean(sgnprob[1:i - 1]) = 0.1929907648591049
4352/16384
mean(sgnprob[1:i - 1]) = 0.20386118133762354
4480/16384
mean(sgnprob[1:i - 1]) = 0.2167894619334673
4608/16384
mean(sgnprob[1:i - 1]) = 0.2237898849576731
4736/16384
mean(sgnprob[1:i - 1]) = 0.23336853220696938
4864/16384
mean(sgnprob[1:i - 1]) = 0.24203166769483858
4992/16384
mean(sgnprob[1:i - 1]) = 0.24584251652975356
5120/16384
mean(sgnprob[1:i - 1]) = 0.2494627857003321
5248/16384
mean(sgnprob[1:i - 1]) = 0.23270440251572327
5376/16384
mean(sgnprob[1:i - 1]) = 0.23832558139534885
5504/16384
mean(sgnprob[1:i - 1]) = 0.22624023260039977
5632/16384
mean(sgnprob[1:i - 1]) = 0.21115254839282543
5760/16384
mean(sgnprob[1:i - 1]) = 0.21757249522486544
5888/16384
mean(sgnprob[1:i - 1]) = 0.22269407168337013
6016/16384
mean(sgnprob[1:i - 1]) = 0.228927680798005
6144/16384
mean(sgnprob[1:i - 1]) = 0.2329480709750936
6272/16384
mean(sgnprob[1:i - 1]) = 0.23744219422739596
6400/16384
mean(sgnprob[1:i - 1]) = 0.24113142678543523
6528/16384
mean(sgnprob[1:i - 1]) = 0.24620805883254174
6656/16384
mean(sgnprob[1:i - 1]) = 0.23245679939894817
6784/16384
mean(sgnprob[1:i - 1]) = 0.23632610939112486
6912/16384
mean(sgnprob[1:i - 1]) = 0.2403414845897844
7040/16384
mean(sgnprob[1:i - 1]) = 0.24506321920727375
7168/16384
mean(sgnprob[1:i - 1]) = 0.24766289940002792
7296/16384
mean(sgnprob[1:i - 1]) = 0.2512679917751885
7424/16384
mean(sgnprob[1:i - 1]) = 0.23750505186582244
7552/16384
mean(sgnprob[1:i - 1]) = 0.24010064892067276
7680/16384
mean(sgnprob[1:i - 1]) = 0.2410470113296002
7808/16384
mean(sgnprob[1:i - 1]) = 0.24401178429614448
7936/16384
mean(sgnprob[1:i - 1]) = 0.24788909892879646
8064/16384
mean(sgnprob[1:i - 1]) = 0.2501550291454793
8192/16384
mean(sgnprob[1:i - 1]) = 0.25332682212184104
8320/16384
mean(sgnprob[1:i - 1]) = 0.2573626637817045
8448/16384
mean(sgnprob[1:i - 1]) = 0.260565881378004
8576/16384
mean(sgnprob[1:i - 1]) = 0.2473469387755102
8704/16384
mean(sgnprob[1:i - 1]) = 0.24853498793519477
8832/16384
mean(sgnprob[1:i - 1]) = 0.25376514551013474
8960/16384
mean(sgnprob[1:i - 1]) = 0.2546043085165755
9088/16384
mean(sgnprob[1:i - 1]) = 0.25850115549686364
9216/16384
mean(sgnprob[1:i - 1]) = 0.24688008681497559
9344/16384
mean(sgnprob[1:i - 1]) = 0.23514930964358344
9472/16384
mean(sgnprob[1:i - 1]) = 0.2374617252666033
9600/16384
mean(sgnprob[1:i - 1]) = 0.2272111678299823
9728/16384
mean(sgnprob[1:i - 1]) = 0.21805284260306362
9856/16384
mean(sgnprob[1:i - 1]) = 0.22009132420091324
9984/16384
mean(sgnprob[1:i - 1]) = 0.22388059701492538
10112/16384
mean(sgnprob[1:i - 1]) = 0.2261892987835031
10240/16384
mean(sgnprob[1:i - 1]) = 0.22980759839828108
10368/16384
mean(sgnprob[1:i - 1]) = 0.23430114787305875
10496/16384
mean(sgnprob[1:i - 1]) = 0.2270605050023821
10624/16384
mean(sgnprob[1:i - 1]) = 0.2299727007436694
10752/16384
mean(sgnprob[1:i - 1]) = 0.23244349362849967
10880/16384
mean(sgnprob[1:i - 1]) = 0.23577534699880504
11008/16384
mean(sgnprob[1:i - 1]) = 0.23775779049695647
11136/16384
mean(sgnprob[1:i - 1]) = 0.228378985181859
11264/16384
mean(sgnprob[1:i - 1]) = 0.23057799875699192
11392/16384
mean(sgnprob[1:i - 1]) = 0.2334299007988763
11520/16384
mean(sgnprob[1:i - 1]) = 0.22475909367132563
11648/16384
mean(sgnprob[1:i - 1]) = 0.22744054262900318
11776/16384
mean(sgnprob[1:i - 1]) = 0.2200424628450106
11904/16384
mean(sgnprob[1:i - 1]) = 0.213307569520289
12032/16384
mean(sgnprob[1:i - 1]) = 0.21436289585238136
12160/16384
mean(sgnprob[1:i - 1]) = 0.2158894645941278
12288/16384
mean(sgnprob[1:i - 1]) = 0.21754700089525514
12416/16384
mean(sgnprob[1:i - 1]) = 0.22078131292790978
12544/16384
mean(sgnprob[1:i - 1]) = 0.2143825241170374
12672/16384
mean(sgnprob[1:i - 1]) = 0.21789913976797412
12800/16384
mean(sgnprob[1:i - 1]) = 0.22040784436284086
12928/16384
mean(sgnprob[1:i - 1]) = 0.22333101260926744
13056/16384
mean(sgnprob[1:i - 1]) = 0.22497127537342015
13184/16384
mean(sgnprob[1:i - 1]) = 0.2273382386406736
13312/16384
mean(sgnprob[1:i - 1]) = 0.23071144166478852
13440/16384
mean(sgnprob[1:i - 1]) = 0.22360294664781605
13568/16384
mean(sgnprob[1:i - 1]) = 0.2257684086386084
13696/16384
mean(sgnprob[1:i - 1]) = 0.21913106973347937
13824/16384
mean(sgnprob[1:i - 1]) = 0.22086377776170152
13952/16384
mean(sgnprob[1:i - 1]) = 0.22270804960217905
14080/16384
mean(sgnprob[1:i - 1]) = 0.2253711201079622
14208/16384
mean(sgnprob[1:i - 1]) = 0.22714154994017033
14336/16384
mean(sgnprob[1:i - 1]) = 0.23041506801534706
14464/16384
mean(sgnprob[1:i - 1]) = 0.23321579202101916
14592/16384
mean(sgnprob[1:i - 1]) = 0.235144952367898
14720/16384
mean(sgnprob[1:i - 1]) = 0.22861607446158028
14848/16384
mean(sgnprob[1:i - 1]) = 0.2290698457600862
14976/16384
mean(sgnprob[1:i - 1]) = 0.23125208681135226
15104/16384
mean(sgnprob[1:i - 1]) = 0.23366218632059857
15232/16384
mean(sgnprob[1:i - 1]) = 0.23550653272930208
15360/16384
mean(sgnprob[1:i - 1]) = 0.23732013802981966
15488/16384
mean(sgnprob[1:i - 1]) = 0.23277587654161555
15616/16384
mean(sgnprob[1:i - 1]) = 0.23419788664745436
15744/16384
mean(sgnprob[1:i - 1]) = 0.22848250015880073
15872/16384
mean(sgnprob[1:i - 1]) = 0.22273328712746518
16000/16384
mean(sgnprob[1:i - 1]) = 0.2237014813425839
16128/16384
mean(sgnprob[1:i - 1]) = 0.21857754077013702
16256/16384
mean(sgnprob[1:i - 1]) = 0.22054752383881882
16384/16384
mean(sgnprob[1:i - 1]) = 0.22346334615149852
728.755853 seconds (167.11 M allocations: 70.745 GiB, 1.37% gc time, 1.22% compilation time)
