## SLURM PROLOG ###############################################################
##    Job ID : 8822279
##  Job Name : sbatch_etgent.sh
##  Nodelist : node1322
##      CPUs : 8
##  Mem/Node : 4096 MB
## Directory : /oscar/home/trazzaz/AFQMC
##   Job Started : Thu Feb 27 06:37:21 PM EST 2025
###############################################################################
seed = 1274
U = 2.0
β = 6.0
Warming up
128/1024
256/1024
384/1024
512/1024
640/1024
768/1024
896/1024
1024/1024
Measuring
128/16384
mean(sgnprob[1:i - 1]) = 0.4645669291338583
256/16384
mean(sgnprob[1:i - 1]) = 0.43529411764705883
384/16384
mean(sgnprob[1:i - 1]) = 0.21148825065274152
512/16384
mean(sgnprob[1:i - 1]) = 0.2876712328767123
640/16384
mean(sgnprob[1:i - 1]) = 0.3302034428794992
768/16384
mean(sgnprob[1:i - 1]) = 0.34810951760104303
896/16384
mean(sgnprob[1:i - 1]) = 0.36983240223463687
1024/16384
mean(sgnprob[1:i - 1]) = 0.3587487781036168
1152/16384
mean(sgnprob[1:i - 1]) = 0.2788879235447437
1280/16384
mean(sgnprob[1:i - 1]) = 0.29945269741985925
1408/16384
mean(sgnprob[1:i - 1]) = 0.22956645344705046
1536/16384
mean(sgnprob[1:i - 1]) = 0.23517915309446255
1664/16384
mean(sgnprob[1:i - 1]) = 0.24473842453397474
1792/16384
mean(sgnprob[1:i - 1]) = 0.20714684533780012
1920/16384
mean(sgnprob[1:i - 1]) = 0.21521625846795206
2048/16384
mean(sgnprob[1:i - 1]) = 0.2144601856375183
2176/16384
mean(sgnprob[1:i - 1]) = 0.22482758620689655
2304/16384
mean(sgnprob[1:i - 1]) = 0.23143725575336518
2432/16384
mean(sgnprob[1:i - 1]) = 0.2365281777046483
2560/16384
mean(sgnprob[1:i - 1]) = 0.20593982024228213
2688/16384
mean(sgnprob[1:i - 1]) = 0.22218087085969482
2816/16384
mean(sgnprob[1:i - 1]) = 0.1936056838365897
2944/16384
mean(sgnprob[1:i - 1]) = 0.19537886510363575
3072/16384
mean(sgnprob[1:i - 1]) = 0.20156300879192446
3200/16384
mean(sgnprob[1:i - 1]) = 0.2047514848390122
3328/16384
mean(sgnprob[1:i - 1]) = 0.20889690411782386
3456/16384
mean(sgnprob[1:i - 1]) = 0.21620839363241678
3584/16384
mean(sgnprob[1:i - 1]) = 0.19843706391292212
3712/16384
mean(sgnprob[1:i - 1]) = 0.2050660199407168
3840/16384
mean(sgnprob[1:i - 1]) = 0.18103672831466527
3968/16384
mean(sgnprob[1:i - 1]) = 0.18931182253592135
4096/16384
mean(sgnprob[1:i - 1]) = 0.19511599511599512
4224/16384
mean(sgnprob[1:i - 1]) = 0.20104191333175467
4352/16384
mean(sgnprob[1:i - 1]) = 0.18455527464950586
4480/16384
mean(sgnprob[1:i - 1]) = 0.18776512614422863
4608/16384
mean(sgnprob[1:i - 1]) = 0.17343173431734318
4736/16384
mean(sgnprob[1:i - 1]) = 0.17972544878563887
4864/16384
mean(sgnprob[1:i - 1]) = 0.1860991157721571
4992/16384
mean(sgnprob[1:i - 1]) = 0.1709076337407333
5120/16384
mean(sgnprob[1:i - 1]) = 0.16194569251806992
5248/16384
mean(sgnprob[1:i - 1]) = 0.16866781017724414
5376/16384
mean(sgnprob[1:i - 1]) = 0.17693023255813953
5504/16384
mean(sgnprob[1:i - 1]) = 0.164819189532982
5632/16384
mean(sgnprob[1:i - 1]) = 0.1695968744450364
5760/16384
mean(sgnprob[1:i - 1]) = 0.1588817503038722
5888/16384
mean(sgnprob[1:i - 1]) = 0.14897231187361984
6016/16384
mean(sgnprob[1:i - 1]) = 0.1374896093100582
6144/16384
mean(sgnprob[1:i - 1]) = 0.1404851049975582
6272/16384
mean(sgnprob[1:i - 1]) = 0.14495295806091532
6400/16384
mean(sgnprob[1:i - 1]) = 0.1354899203000469
6528/16384
mean(sgnprob[1:i - 1]) = 0.14079975486440938
6656/16384
mean(sgnprob[1:i - 1]) = 0.14830954169797145
6784/16384
mean(sgnprob[1:i - 1]) = 0.15376676986584106
6912/16384
mean(sgnprob[1:i - 1]) = 0.1535233685429026
7040/16384
mean(sgnprob[1:i - 1]) = 0.1578349197329166
7168/16384
mean(sgnprob[1:i - 1]) = 0.160876238314497
7296/16384
mean(sgnprob[1:i - 1]) = 0.1522960932145305
7424/16384
mean(sgnprob[1:i - 1]) = 0.15721406439444968
7552/16384
mean(sgnprob[1:i - 1]) = 0.14951662031519003
7680/16384
mean(sgnprob[1:i - 1]) = 0.15483786951425968
7808/16384
mean(sgnprob[1:i - 1]) = 0.1581913667221724
7936/16384
mean(sgnprob[1:i - 1]) = 0.16068052930056712
8064/16384
mean(sgnprob[1:i - 1]) = 0.15192856256976311
8192/16384
mean(sgnprob[1:i - 1]) = 0.14320595775851544
8320/16384
mean(sgnprob[1:i - 1]) = 0.1347517730496454
8448/16384
mean(sgnprob[1:i - 1]) = 0.13791878773529065
8576/16384
mean(sgnprob[1:i - 1]) = 0.14309037900874635
8704/16384
mean(sgnprob[1:i - 1]) = 0.14719062392278526
8832/16384
mean(sgnprob[1:i - 1]) = 0.14233948590193635
8960/16384
mean(sgnprob[1:i - 1]) = 0.1351713360866168
9088/16384
mean(sgnprob[1:i - 1]) = 0.13744910311433917
9216/16384
mean(sgnprob[1:i - 1]) = 0.1422680412371134
9344/16384
mean(sgnprob[1:i - 1]) = 0.14524242748581825
9472/16384
mean(sgnprob[1:i - 1]) = 0.14813641642909936
9600/16384
mean(sgnprob[1:i - 1]) = 0.14136889259297844
9728/16384
mean(sgnprob[1:i - 1]) = 0.1444433021486584
9856/16384
mean(sgnprob[1:i - 1]) = 0.14824961948249618
9984/16384
mean(sgnprob[1:i - 1]) = 0.15115696684363417
10112/16384
mean(sgnprob[1:i - 1]) = 0.1524082682227277
10240/16384
mean(sgnprob[1:i - 1]) = 0.1573395839437445
10368/16384
mean(sgnprob[1:i - 1]) = 0.1501880968457606
10496/16384
mean(sgnprob[1:i - 1]) = 0.1523582658408766
10624/16384
mean(sgnprob[1:i - 1]) = 0.1458156829520851
10752/16384
mean(sgnprob[1:i - 1]) = 0.1487303506650544
10880/16384
mean(sgnprob[1:i - 1]) = 0.15176027208383122
11008/16384
mean(sgnprob[1:i - 1]) = 0.1539929136004361
11136/16384
mean(sgnprob[1:i - 1]) = 0.15599461158509206
11264/16384
mean(sgnprob[1:i - 1]) = 0.15901624789132557
11392/16384
mean(sgnprob[1:i - 1]) = 0.16302343955754542
11520/16384
mean(sgnprob[1:i - 1]) = 0.16364267731573923
11648/16384
mean(sgnprob[1:i - 1]) = 0.15806645488108526
11776/16384
mean(sgnprob[1:i - 1]) = 0.15261146496815287
11904/16384
mean(sgnprob[1:i - 1]) = 0.1551709653028648
12032/16384
mean(sgnprob[1:i - 1]) = 0.15052780317513093
12160/16384
mean(sgnprob[1:i - 1]) = 0.15206842667982565
12288/16384
mean(sgnprob[1:i - 1]) = 0.15553023520794335
12416/16384
mean(sgnprob[1:i - 1]) = 0.15070479258960934
12544/16384
mean(sgnprob[1:i - 1]) = 0.1461372877302081
12672/16384
mean(sgnprob[1:i - 1]) = 0.14118854076237078
12800/16384
mean(sgnprob[1:i - 1]) = 0.13680756309086647
12928/16384
mean(sgnprob[1:i - 1]) = 0.1301926200974704
13056/16384
mean(sgnprob[1:i - 1]) = 0.12569896591344312
13184/16384
mean(sgnprob[1:i - 1]) = 0.12872639004778882
13312/16384
mean(sgnprob[1:i - 1]) = 0.12343174817819848
13440/16384
mean(sgnprob[1:i - 1]) = 0.12463724979537168
13568/16384
mean(sgnprob[1:i - 1]) = 0.12699933662563573
13696/16384
mean(sgnprob[1:i - 1]) = 0.1290251916757941
13824/16384
mean(sgnprob[1:i - 1]) = 0.13188164653114376
13952/16384
mean(sgnprob[1:i - 1]) = 0.12809117625976632
14080/16384
mean(sgnprob[1:i - 1]) = 0.13090418353576247
14208/16384
mean(sgnprob[1:i - 1]) = 0.12676849440416696
14336/16384
mean(sgnprob[1:i - 1]) = 0.12786885245901639
14464/16384
mean(sgnprob[1:i - 1]) = 0.12922630159717902
14592/16384
mean(sgnprob[1:i - 1]) = 0.13055993420601741
14720/16384
mean(sgnprob[1:i - 1]) = 0.13309328079353216
14848/16384
mean(sgnprob[1:i - 1]) = 0.1358523607462787
14976/16384
mean(sgnprob[1:i - 1]) = 0.13268781302170285
15104/16384
mean(sgnprob[1:i - 1]) = 0.13381447394557372
15232/16384
mean(sgnprob[1:i - 1]) = 0.1295384413367474
15360/16384
mean(sgnprob[1:i - 1]) = 0.13275603880460968
15488/16384
mean(sgnprob[1:i - 1]) = 0.1338542002970233
15616/16384
mean(sgnprob[1:i - 1]) = 0.13442203009926354
15744/16384
mean(sgnprob[1:i - 1]) = 0.1302801244997777
15872/16384
mean(sgnprob[1:i - 1]) = 0.12683510805872344
16000/16384
mean(sgnprob[1:i - 1]) = 0.12282017626101631
16128/16384
mean(sgnprob[1:i - 1]) = 0.12544180566751412
16256/16384
mean(sgnprob[1:i - 1]) = 0.1266687173177484
16384/16384
mean(sgnprob[1:i - 1]) = 0.12726606848562536
803.444725 seconds (167.11 M allocations: 70.745 GiB, 1.55% gc time, 1.22% compilation time)
