## SLURM PROLOG ###############################################################
##    Job ID : 5902748
##  Job Name : etgent_N2_seed1236
##  Nodelist : node1752
##      CPUs : 8
##  Mem/Node : 2048 MB
## Directory : /oscar/home/trazzaz/AFQMC
##   Job Started : Mon Nov 11 12:19:16 AM EST 2024
###############################################################################
U = 2.0
seed = 1236
λₖ = 0.0
Warming up
128/512
256/512
384/512
512/512
Measuring
128/1024
256/1024
384/1024
512/1024
640/1024
768/1024
896/1024
1024/1024
334.985284 seconds (203.81 M allocations: 1.089 TiB, 17.60% gc time, 2.30% compilation time)
λₖ = 0.2
Warming up
128/512
256/512
384/512
512/512
Measuring
128/1024
256/1024
384/1024
512/1024
640/1024
768/1024
896/1024
1024/1024
268.189701 seconds (201.96 M allocations: 1.089 TiB, 19.23% gc time, 0.03% compilation time)
λₖ = 0.4
Warming up
128/512
256/512
384/512
512/512
Measuring
128/1024
256/1024
384/1024
512/1024
640/1024
768/1024
896/1024
1024/1024
207.045039 seconds (201.96 M allocations: 1.089 TiB, 21.14% gc time)
λₖ = 0.6
Warming up
128/512
256/512
384/512
512/512
Measuring
128/1024
256/1024
384/1024
512/1024
640/1024
768/1024
896/1024
1024/1024
203.008988 seconds (201.96 M allocations: 1.089 TiB, 20.62% gc time)
λₖ = 0.8
Warming up
128/512
256/512
384/512
512/512
Measuring
128/1024
256/1024
384/1024
512/1024
640/1024
768/1024
896/1024
1024/1024
206.256341 seconds (201.96 M allocations: 1.089 TiB, 21.06% gc time)
