## SLURM PROLOG ###############################################################
##    Job ID : 5960436
##  Job Name : etgent_N(1,2)_seed1262
##  Nodelist : node1701
##      CPUs : 8
##  Mem/Node : 2048 MB
## Directory : /oscar/home/trazzaz/AFQMC
##   Job Started : Tue Nov 12 01:11:56 AM EST 2024
###############################################################################
U = 2.0
seed = 1262
λₖ = 0.0
Warming up
128/512
256/512
384/512
512/512
Measuring
128/1024
256/1024
384/1024
512/1024
640/1024
768/1024
896/1024
1024/1024
114.387189 seconds (80.56 M allocations: 13.061 GiB, 2.49% gc time, 9.10% compilation time)
λₖ = 0.2
Warming up
128/512
256/512
384/512
512/512
Measuring
128/1024
256/1024
384/1024
512/1024
640/1024
768/1024
896/1024
1024/1024
103.170174 seconds (76.83 M allocations: 12.896 GiB, 2.72% gc time, 0.10% compilation time)
λₖ = 0.4
Warming up
128/512
256/512
384/512
512/512
Measuring
128/1024
256/1024
384/1024
512/1024
640/1024
768/1024
896/1024
1024/1024
103.174354 seconds (76.82 M allocations: 12.896 GiB, 2.73% gc time)
λₖ = 0.6
Warming up
128/512
256/512
384/512
512/512
Measuring
128/1024
256/1024
384/1024
512/1024
640/1024
768/1024
896/1024
1024/1024
102.765395 seconds (76.82 M allocations: 12.896 GiB, 2.72% gc time)
λₖ = 0.8
Warming up
128/512
256/512
384/512
512/512
Measuring
128/1024
256/1024
384/1024
512/1024
640/1024
768/1024
896/1024
1024/1024
103.209542 seconds (76.82 M allocations: 12.896 GiB, 2.76% gc time)
