## SLURM PROLOG ###############################################################
##    Job ID : 5955236
##  Job Name : etgent_N(1,2)_seed1235
##  Nodelist : node1744
##      CPUs : 8
##  Mem/Node : 2048 MB
## Directory : /oscar/home/trazzaz/AFQMC
##   Job Started : Mon Nov 11 09:24:55 PM EST 2024
###############################################################################
U = 2.0
seed = 1235
λₖ = 0.0
Warming up
128/512
256/512
384/512
512/512
Measuring
128/1024
256/1024
384/1024
512/1024
640/1024
768/1024
896/1024
1024/1024
111.374832 seconds (80.56 M allocations: 13.061 GiB, 2.92% gc time, 9.57% compilation time)
λₖ = 0.2
Warming up
128/512
256/512
384/512
512/512
Measuring
128/1024
256/1024
384/1024
512/1024
640/1024
768/1024
896/1024
1024/1024
103.139618 seconds (76.83 M allocations: 12.896 GiB, 3.20% gc time, 0.11% compilation time)
λₖ = 0.4
Warming up
128/512
256/512
384/512
512/512
Measuring
128/1024
256/1024
384/1024
512/1024
640/1024
768/1024
896/1024
1024/1024
103.022610 seconds (76.82 M allocations: 12.896 GiB, 3.19% gc time)
λₖ = 0.6
Warming up
128/512
256/512
384/512
512/512
Measuring
128/1024
256/1024
384/1024
512/1024
640/1024
768/1024
896/1024
1024/1024
102.541193 seconds (76.82 M allocations: 12.896 GiB, 3.32% gc time)
λₖ = 0.8
Warming up
128/512
256/512
384/512
512/512
Measuring
128/1024
256/1024
384/1024
512/1024
640/1024
768/1024
896/1024
1024/1024
102.716013 seconds (76.82 M allocations: 12.896 GiB, 3.27% gc time)
