## SLURM PROLOG ###############################################################
##    Job ID : 5895173
##  Job Name : etgent_2x2_seed1238
##  Nodelist : node1708
##      CPUs : 8
##  Mem/Node : 2048 MB
## Directory : /oscar/home/trazzaz/AFQMC
##   Job Started : Sun Nov 10 03:07:56 PM EST 2024
###############################################################################
U = 2.0
seed = 1238
λₖ = 0.0
Warming up
128/512
256/512
384/512
512/512
Measuring
128/1024
256/1024
384/1024
512/1024
640/1024
768/1024
896/1024
1024/1024
425.276838 seconds (210.26 M allocations: 1.099 TiB, 16.60% gc time, 1.71% compilation time)
λₖ = 0.2
Warming up
128/512
256/512
384/512
512/512
Measuring
128/1024
256/1024
384/1024
512/1024
640/1024
768/1024
896/1024
1024/1024
282.952409 seconds (208.41 M allocations: 1.099 TiB, 17.24% gc time, 0.03% compilation time)
λₖ = 0.4
Warming up
128/512
256/512
384/512
512/512
Measuring
128/1024
256/1024
384/1024
512/1024
640/1024
768/1024
896/1024
1024/1024
272.708203 seconds (208.41 M allocations: 1.099 TiB, 17.24% gc time)
λₖ = 0.6
Warming up
128/512
256/512
384/512
512/512
Measuring
128/1024
256/1024
384/1024
512/1024
640/1024
768/1024
896/1024
1024/1024
244.340266 seconds (208.41 M allocations: 1.099 TiB, 17.37% gc time)
λₖ = 0.8
Warming up
128/512
256/512
384/512
512/512
Measuring
128/1024
256/1024
384/1024
512/1024
640/1024
768/1024
896/1024
1024/1024
197.981168 seconds (208.41 M allocations: 1.099 TiB, 17.15% gc time)
