## SLURM PROLOG ###############################################################
##    Job ID : 7671147
##  Job Name : sbatch_etgent.sh
##  Nodelist : node1734
##      CPUs : 8
##  Mem/Node : 4096 MB
## Directory : /oscar/home/trazzaz/AFQMC
##   Job Started : Sun Jan 19 03:44:37 AM EST 2025
###############################################################################
seed = 1257
U = 2.0
β = 6.0
Warming up
128/1024
256/1024
384/1024
512/1024
640/1024
768/1024
896/1024
1024/1024
Measuring
128/16384
mean(sgnprob[1:i - 1]) = 0.08661417322834646
256/16384
mean(sgnprob[1:i - 1]) = -0.09019607843137255
384/16384
mean(sgnprob[1:i - 1]) = -0.0026109660574412533
512/16384
mean(sgnprob[1:i - 1]) = 0.04500978473581213
640/16384
mean(sgnprob[1:i - 1]) = 0.08294209702660407
768/16384
mean(sgnprob[1:i - 1]) = 0.10560625814863103
896/16384
mean(sgnprob[1:i - 1]) = 0.05027932960893855
1024/16384
mean(sgnprob[1:i - 1]) = 0.059628543499511244
1152/16384
mean(sgnprob[1:i - 1]) = 0.028670721112076455
1280/16384
mean(sgnprob[1:i - 1]) = 0.05394839718530102
1408/16384
mean(sgnprob[1:i - 1]) = 0.05046197583511016
1536/16384
mean(sgnprob[1:i - 1]) = 0.026710097719869708
1664/16384
mean(sgnprob[1:i - 1]) = 0.035478051713770296
1792/16384
mean(sgnprob[1:i - 1]) = 0.060859854829704074
1920/16384
mean(sgnprob[1:i - 1]) = 0.060969254820218866
2048/16384
mean(sgnprob[1:i - 1]) = 0.06497313141182218
2176/16384
mean(sgnprob[1:i - 1]) = 0.0464367816091954
2304/16384
mean(sgnprob[1:i - 1]) = 0.06382978723404255
2432/16384
mean(sgnprob[1:i - 1]) = 0.04895104895104895
2560/16384
mean(sgnprob[1:i - 1]) = 0.05431809300508011
2688/16384
mean(sgnprob[1:i - 1]) = 0.06363974692966133
2816/16384
mean(sgnprob[1:i - 1]) = 0.06927175843694494
2944/16384
mean(sgnprob[1:i - 1]) = 0.05742439687393816
3072/16384
mean(sgnprob[1:i - 1]) = 0.06479973949853468
3200/16384
mean(sgnprob[1:i - 1]) = 0.04782744607689903
3328/16384
mean(sgnprob[1:i - 1]) = 0.05801021941689209
3456/16384
mean(sgnprob[1:i - 1]) = 0.06685962373371925
3584/16384
mean(sgnprob[1:i - 1]) = 0.05777281607591404
3712/16384
mean(sgnprob[1:i - 1]) = 0.06440312584209108
3840/16384
mean(sgnprob[1:i - 1]) = 0.05652513675436312
3968/16384
mean(sgnprob[1:i - 1]) = 0.06377615326443156
4096/16384
mean(sgnprob[1:i - 1]) = 0.06617826617826618
4224/16384
mean(sgnprob[1:i - 1]) = 0.07174994080037887
4352/16384
mean(sgnprob[1:i - 1]) = 0.06228453229142726
4480/16384
mean(sgnprob[1:i - 1]) = 0.0560392944853762
4608/16384
mean(sgnprob[1:i - 1]) = 0.05014108964619058
4736/16384
mean(sgnprob[1:i - 1]) = 0.04794086589229145
4864/16384
mean(sgnprob[1:i - 1]) = 0.05038042360682706
4992/16384
mean(sgnprob[1:i - 1]) = 0.05630134241634943
5120/16384
mean(sgnprob[1:i - 1]) = 0.058409845672983005
5248/16384
mean(sgnprob[1:i - 1]) = 0.06270249666476081
5376/16384
mean(sgnprob[1:i - 1]) = 0.05674418604651163
5504/16384
mean(sgnprob[1:i - 1]) = 0.0634199527530438
5632/16384
mean(sgnprob[1:i - 1]) = 0.05878174391759901
5760/16384
mean(sgnprob[1:i - 1]) = 0.06164264629275916
5888/16384
mean(sgnprob[1:i - 1]) = 0.06573806692712757
6016/16384
mean(sgnprob[1:i - 1]) = 0.06899418121363259
6144/16384
mean(sgnprob[1:i - 1]) = 0.06332410874165717
6272/16384
mean(sgnprob[1:i - 1]) = 0.05820443310476798
6400/16384
mean(sgnprob[1:i - 1]) = 0.05985310204719487
6528/16384
mean(sgnprob[1:i - 1]) = 0.05622797609927992
6656/16384
mean(sgnprob[1:i - 1]) = 0.05785123966942149
6784/16384
mean(sgnprob[1:i - 1]) = 0.05941323897980245
6912/16384
mean(sgnprob[1:i - 1]) = 0.06323252785414557
7040/16384
mean(sgnprob[1:i - 1]) = 0.06776530757209831
7168/16384
mean(sgnprob[1:i - 1]) = 0.0612529649783731
7296/16384
mean(sgnprob[1:i - 1]) = 0.05524331734064428
7424/16384
mean(sgnprob[1:i - 1]) = 0.05024922538057389
7552/16384
mean(sgnprob[1:i - 1]) = 0.05178122103032711
7680/16384
mean(sgnprob[1:i - 1]) = 0.05560619872379216
7808/16384
mean(sgnprob[1:i - 1]) = 0.052132701421800945
7936/16384
mean(sgnprob[1:i - 1]) = 0.04725897920604915
8064/16384
mean(sgnprob[1:i - 1]) = 0.04303609078506759
8192/16384
mean(sgnprob[1:i - 1]) = 0.04114271761689659
8320/16384
mean(sgnprob[1:i - 1]) = 0.04363505228993869
8448/16384
mean(sgnprob[1:i - 1]) = 0.03871196874630046
8576/16384
mean(sgnprob[1:i - 1]) = 0.03440233236151603
8704/16384
mean(sgnprob[1:i - 1]) = 0.03159829943697576
8832/16384
mean(sgnprob[1:i - 1]) = 0.03408447514437776
8960/16384
mean(sgnprob[1:i - 1]) = 0.03493693492577297
9088/16384
mean(sgnprob[1:i - 1]) = 0.03708594695719159
9216/16384
mean(sgnprob[1:i - 1]) = 0.032230059685295714
9344/16384
mean(sgnprob[1:i - 1]) = 0.02707909664989832
9472/16384
mean(sgnprob[1:i - 1]) = 0.022067363530778164
9600/16384
mean(sgnprob[1:i - 1]) = 0.019272840920929263
9728/16384
mean(sgnprob[1:i - 1]) = 0.021486583735992597
9856/16384
mean(sgnprob[1:i - 1]) = 0.017351598173515982
9984/16384
mean(sgnprob[1:i - 1]) = 0.013923670239406992
10112/16384
mean(sgnprob[1:i - 1]) = 0.010384729502522005
10240/16384
mean(sgnprob[1:i - 1]) = 0.014356870788162907
10368/16384
mean(sgnprob[1:i - 1]) = 0.011671650429246647
10496/16384
mean(sgnprob[1:i - 1]) = 0.009242496426869938
10624/16384
mean(sgnprob[1:i - 1]) = 0.013649628165301703
10752/16384
mean(sgnprob[1:i - 1]) = 0.011068737791833318
10880/16384
mean(sgnprob[1:i - 1]) = 0.008732420259215001
11008/16384
mean(sgnprob[1:i - 1]) = 0.010447896792949942
11136/16384
mean(sgnprob[1:i - 1]) = 0.012483161203412663
11264/16384
mean(sgnprob[1:i - 1]) = 0.008789842848264229
11392/16384
mean(sgnprob[1:i - 1]) = 0.010797998419805109
11520/16384
mean(sgnprob[1:i - 1]) = 0.014150533900512198
11648/16384
mean(sgnprob[1:i - 1]) = 0.016914226839529492
11776/16384
mean(sgnprob[1:i - 1]) = 0.01740976645435244
11904/16384
mean(sgnprob[1:i - 1]) = 0.013526001848273544
12032/16384
mean(sgnprob[1:i - 1]) = 0.01521070567700108
12160/16384
mean(sgnprob[1:i - 1]) = 0.016037503084135207
12288/16384
mean(sgnprob[1:i - 1]) = 0.01766094245951005
12416/16384
mean(sgnprob[1:i - 1]) = 0.01973419250906162
12544/16384
mean(sgnprob[1:i - 1]) = 0.021127322012277766
12672/16384
mean(sgnprob[1:i - 1]) = 0.01901980901270618
12800/16384
mean(sgnprob[1:i - 1]) = 0.021798578013907336
12928/16384
mean(sgnprob[1:i - 1]) = 0.0177148603697687
13056/16384
mean(sgnprob[1:i - 1]) = 0.01876675603217158
13184/16384
mean(sgnprob[1:i - 1]) = 0.01828111962375787
13312/16384
mean(sgnprob[1:i - 1]) = 0.018255578093306288
13440/16384
mean(sgnprob[1:i - 1]) = 0.016444675943150532
13568/16384
mean(sgnprob[1:i - 1]) = 0.01776369130979583
13696/16384
mean(sgnprob[1:i - 1]) = 0.019788243884629426
13824/16384
mean(sgnprob[1:i - 1]) = 0.018158142226723576
13952/16384
mean(sgnprob[1:i - 1]) = 0.019711848613002653
14080/16384
mean(sgnprob[1:i - 1]) = 0.016691526386817247
14208/16384
mean(sgnprob[1:i - 1]) = 0.01907510382205955
14336/16384
mean(sgnprob[1:i - 1]) = 0.015416811998604814
14464/16384
mean(sgnprob[1:i - 1]) = 0.011823273179838207
14592/16384
mean(sgnprob[1:i - 1]) = 0.014049756699335206
14720/16384
mean(sgnprob[1:i - 1]) = 0.012161152252191046
14848/16384
mean(sgnprob[1:i - 1]) = 0.014885161985586313
14976/16384
mean(sgnprob[1:i - 1]) = 0.012220367278797996
15104/16384
mean(sgnprob[1:i - 1]) = 0.013970734291200423
15232/16384
mean(sgnprob[1:i - 1]) = 0.012408902895410676
15360/16384
mean(sgnprob[1:i - 1]) = 0.010742886906699655
15488/16384
mean(sgnprob[1:i - 1]) = 0.01297862723574611
15616/16384
mean(sgnprob[1:i - 1]) = 0.011975664425232149
15744/16384
mean(sgnprob[1:i - 1]) = 0.013656863367846026
15872/16384
mean(sgnprob[1:i - 1]) = 0.011656480373007372
16000/16384
mean(sgnprob[1:i - 1]) = 0.00943808988061754
16128/16384
mean(sgnprob[1:i - 1]) = 0.012339554783902772
16256/16384
mean(sgnprob[1:i - 1]) = 0.013472777606890187
16384/16384
mean(sgnprob[1:i - 1]) = 0.011780504181163401
767.441127 seconds (167.10 M allocations: 70.745 GiB, 2.42% gc time, 1.48% compilation time)
