## SLURM PROLOG ###############################################################
##    Job ID : 8833809
##  Job Name : sbatch_etgent.sh
##  Nodelist : node1741
##      CPUs : 8
##  Mem/Node : 4096 MB
## Directory : /oscar/home/trazzaz/AFQMC
##   Job Started : Thu Feb 27 10:53:00 PM EST 2025
###############################################################################
seed = 1363
U = 2.0
β = 6.0
Warming up
128/1024
256/1024
384/1024
512/1024
640/1024
768/1024
896/1024
1024/1024
Measuring
128/16384
mean(sgnprob[1:i - 1]) = 0.3543307086614173
256/16384
mean(sgnprob[1:i - 1]) = 0.2784313725490196
384/16384
mean(sgnprob[1:i - 1]) = 0.3263707571801567
512/16384
mean(sgnprob[1:i - 1]) = 0.30724070450097846
640/16384
mean(sgnprob[1:i - 1]) = 0.3082942097026604
768/16384
mean(sgnprob[1:i - 1]) = 0.2777053455019557
896/16384
mean(sgnprob[1:i - 1]) = 0.2782122905027933
1024/16384
mean(sgnprob[1:i - 1]) = 0.2903225806451613
1152/16384
mean(sgnprob[1:i - 1]) = 0.29105125977410945
1280/16384
mean(sgnprob[1:i - 1]) = 0.22439405785770133
1408/16384
mean(sgnprob[1:i - 1]) = 0.23809523809523808
1536/16384
mean(sgnprob[1:i - 1]) = 0.24560260586319219
1664/16384
mean(sgnprob[1:i - 1]) = 0.24714371617558628
1792/16384
mean(sgnprob[1:i - 1]) = 0.2573981016192071
1920/16384
mean(sgnprob[1:i - 1]) = 0.27149557060969254
2048/16384
mean(sgnprob[1:i - 1]) = 0.26624328285295557
2176/16384
mean(sgnprob[1:i - 1]) = 0.26620689655172414
2304/16384
mean(sgnprob[1:i - 1]) = 0.23404255319148937
2432/16384
mean(sgnprob[1:i - 1]) = 0.21513780337309749
2560/16384
mean(sgnprob[1:i - 1]) = 0.21844470496287613
2688/16384
mean(sgnprob[1:i - 1]) = 0.22887979158913285
2816/16384
mean(sgnprob[1:i - 1]) = 0.2291296625222025
2944/16384
mean(sgnprob[1:i - 1]) = 0.22663948352021746
3072/16384
mean(sgnprob[1:i - 1]) = 0.23282318463041354
3200/16384
mean(sgnprob[1:i - 1]) = 0.212253829321663
3328/16384
mean(sgnprob[1:i - 1]) = 0.21611061015930266
3456/16384
mean(sgnprob[1:i - 1]) = 0.2191027496382055
3584/16384
mean(sgnprob[1:i - 1]) = 0.2107172760256768
3712/16384
mean(sgnprob[1:i - 1]) = 0.19051468606844515
3840/16384
mean(sgnprob[1:i - 1]) = 0.19458192237561864
3968/16384
mean(sgnprob[1:i - 1]) = 0.19838669019410132
4096/16384
mean(sgnprob[1:i - 1]) = 0.20195360195360196
4224/16384
mean(sgnprob[1:i - 1]) = 0.20625147999052806
4352/16384
mean(sgnprob[1:i - 1]) = 0.20569983911744427
4480/16384
mean(sgnprob[1:i - 1]) = 0.21143112301853093
4608/16384
mean(sgnprob[1:i - 1]) = 0.21467332320382027
4736/16384
mean(sgnprob[1:i - 1]) = 0.2021119324181626
4864/16384
mean(sgnprob[1:i - 1]) = 0.1906230721776681
4992/16384
mean(sgnprob[1:i - 1]) = 0.18653576437587657
5120/16384
mean(sgnprob[1:i - 1]) = 0.18695057628443054
5248/16384
mean(sgnprob[1:i - 1]) = 0.17286068229464455
5376/16384
mean(sgnprob[1:i - 1]) = 0.17618604651162792
5504/16384
mean(sgnprob[1:i - 1]) = 0.16590950390695983
5632/16384
mean(sgnprob[1:i - 1]) = 0.16782099094299413
5760/16384
mean(sgnprob[1:i - 1]) = 0.15645077270359437
5888/16384
mean(sgnprob[1:i - 1]) = 0.1598437234584678
6016/16384
mean(sgnprob[1:i - 1]) = 0.16109725685785536
6144/16384
mean(sgnprob[1:i - 1]) = 0.16099625590102556
6272/16384
mean(sgnprob[1:i - 1]) = 0.16313187689363737
6400/16384
mean(sgnprob[1:i - 1]) = 0.16643225503984999
6528/16384
mean(sgnprob[1:i - 1]) = 0.16776466983300137
6656/16384
mean(sgnprob[1:i - 1]) = 0.16784372652141247
6784/16384
mean(sgnprob[1:i - 1]) = 0.16998378298687897
6912/16384
mean(sgnprob[1:i - 1]) = 0.1714657791925915
7040/16384
mean(sgnprob[1:i - 1]) = 0.16294928256854666
7168/16384
mean(sgnprob[1:i - 1]) = 0.15306264824891866
7296/16384
mean(sgnprob[1:i - 1]) = 0.15613433858807402
7424/16384
mean(sgnprob[1:i - 1]) = 0.14428128788899366
7552/16384
mean(sgnprob[1:i - 1]) = 0.1466030989272944
7680/16384
mean(sgnprob[1:i - 1]) = 0.13738768068758953
7808/16384
mean(sgnprob[1:i - 1]) = 0.14025874215447676
7936/16384
mean(sgnprob[1:i - 1]) = 0.1412728418399496
8064/16384
mean(sgnprob[1:i - 1]) = 0.13481334490884286
8192/16384
mean(sgnprob[1:i - 1]) = 0.1351483335368087
8320/16384
mean(sgnprob[1:i - 1]) = 0.1371559081620387
8448/16384
mean(sgnprob[1:i - 1]) = 0.1391026399905292
8576/16384
mean(sgnprob[1:i - 1]) = 0.14285714285714285
8704/16384
mean(sgnprob[1:i - 1]) = 0.137079168102953
8832/16384
mean(sgnprob[1:i - 1]) = 0.13282753935001698
8960/16384
mean(sgnprob[1:i - 1]) = 0.13383190088179484
9088/16384
mean(sgnprob[1:i - 1]) = 0.1354682513480797
9216/16384
mean(sgnprob[1:i - 1]) = 0.12859468258274553
9344/16384
mean(sgnprob[1:i - 1]) = 0.12212351493096436
9472/16384
mean(sgnprob[1:i - 1]) = 0.11751662971175167
9600/16384
mean(sgnprob[1:i - 1]) = 0.11240754245233879
9728/16384
mean(sgnprob[1:i - 1]) = 0.11586306158116583
9856/16384
mean(sgnprob[1:i - 1]) = 0.11841704718417047
9984/16384
mean(sgnprob[1:i - 1]) = 0.11229089452068516
10112/16384
mean(sgnprob[1:i - 1]) = 0.11007813272673327
10240/16384
mean(sgnprob[1:i - 1]) = 0.10655337435296415
10368/16384
mean(sgnprob[1:i - 1]) = 0.10253689591974535
10496/16384
mean(sgnprob[1:i - 1]) = 0.09728442115292997
10624/16384
mean(sgnprob[1:i - 1]) = 0.10100724842323261
10752/16384
mean(sgnprob[1:i - 1]) = 0.10278113663845223
10880/16384
mean(sgnprob[1:i - 1]) = 0.1067193675889328
11008/16384
mean(sgnprob[1:i - 1]) = 0.10039066048877987
11136/16384
mean(sgnprob[1:i - 1]) = 0.0995958688819039
11264/16384
mean(sgnprob[1:i - 1]) = 0.10272573914587588
11392/16384
mean(sgnprob[1:i - 1]) = 0.10402949697129313
11520/16384
mean(sgnprob[1:i - 1]) = 0.10026912058338397
11648/16384
mean(sgnprob[1:i - 1]) = 0.09693483300420709
11776/16384
mean(sgnprob[1:i - 1]) = 0.09944798301486199
11904/16384
mean(sgnprob[1:i - 1]) = 0.09569016214399731
12032/16384
mean(sgnprob[1:i - 1]) = 0.09683318094921453
12160/16384
mean(sgnprob[1:i - 1]) = 0.09893905748828029
12288/16384
mean(sgnprob[1:i - 1]) = 0.09432733783673801
12416/16384
mean(sgnprob[1:i - 1]) = 0.09512686266612969
12544/16384
mean(sgnprob[1:i - 1]) = 0.0970262297695926
12672/16384
mean(sgnprob[1:i - 1]) = 0.0976244968826454
12800/16384
mean(sgnprob[1:i - 1]) = 0.09914837096648176
12928/16384
mean(sgnprob[1:i - 1]) = 0.10017792217838632
13056/16384
mean(sgnprob[1:i - 1]) = 0.10241286863270778
13184/16384
mean(sgnprob[1:i - 1]) = 0.09656375635287871
13312/16384
mean(sgnprob[1:i - 1]) = 0.09803921568627451
13440/16384
mean(sgnprob[1:i - 1]) = 0.09621251581218841
13568/16384
mean(sgnprob[1:i - 1]) = 0.09294611925996904
13696/16384
mean(sgnprob[1:i - 1]) = 0.09047097480832421
13824/16384
mean(sgnprob[1:i - 1]) = 0.09165882948708674
13952/16384
mean(sgnprob[1:i - 1]) = 0.089097555730772
14080/16384
mean(sgnprob[1:i - 1]) = 0.09112863129483628
14208/16384
mean(sgnprob[1:i - 1]) = 0.08833673541212078
14336/16384
mean(sgnprob[1:i - 1]) = 0.0846180676665504
14464/16384
mean(sgnprob[1:i - 1]) = 0.08068865380626426
14592/16384
mean(sgnprob[1:i - 1]) = 0.08299636762387773
14720/16384
mean(sgnprob[1:i - 1]) = 0.08431279298865411
14848/16384
mean(sgnprob[1:i - 1]) = 0.08129588469050987
14976/16384
mean(sgnprob[1:i - 1]) = 0.08353923205342237
15104/16384
mean(sgnprob[1:i - 1]) = 0.084552737866649
15232/16384
mean(sgnprob[1:i - 1]) = 0.08620576455912284
15360/16384
mean(sgnprob[1:i - 1]) = 0.08900319031186926
15488/16384
mean(sgnprob[1:i - 1]) = 0.09059210951120295
15616/16384
mean(sgnprob[1:i - 1]) = 0.0925392251040666
15744/16384
mean(sgnprob[1:i - 1]) = 0.09394651591183382
15872/16384
mean(sgnprob[1:i - 1]) = 0.09470102703043287
16000/16384
mean(sgnprob[1:i - 1]) = 0.09619351209450591
16128/16384
mean(sgnprob[1:i - 1]) = 0.09778632107645563
16256/16384
mean(sgnprob[1:i - 1]) = 0.09455552137803752
16384/16384
mean(sgnprob[1:i - 1]) = 0.09650247207471159
732.138427 seconds (167.11 M allocations: 70.745 GiB, 1.42% gc time, 1.22% compilation time)
