## SLURM PROLOG ###############################################################
##    Job ID : 8833859
##  Job Name : sbatch_etgent.sh
##  Nodelist : node1322
##      CPUs : 8
##  Mem/Node : 4096 MB
## Directory : /oscar/home/trazzaz/AFQMC
##   Job Started : Fri Feb 28 12:14:09 AM EST 2025
###############################################################################
seed = 1413
U = 2.0
β = 6.0
Warming up
128/1024
256/1024
384/1024
512/1024
640/1024
768/1024
896/1024
1024/1024
Measuring
128/16384
mean(sgnprob[1:i - 1]) = -0.5433070866141733
256/16384
mean(sgnprob[1:i - 1]) = -0.043137254901960784
384/16384
mean(sgnprob[1:i - 1]) = 0.10182767624020887
512/16384
mean(sgnprob[1:i - 1]) = -0.0684931506849315
640/16384
mean(sgnprob[1:i - 1]) = 0.0297339593114241
768/16384
mean(sgnprob[1:i - 1]) = -0.06649282920469361
896/16384
mean(sgnprob[1:i - 1]) = 0.01675977653631285
1024/16384
mean(sgnprob[1:i - 1]) = 0.06744868035190615
1152/16384
mean(sgnprob[1:i - 1]) = 0.1103388357949609
1280/16384
mean(sgnprob[1:i - 1]) = 0.14464425332290853
1408/16384
mean(sgnprob[1:i - 1]) = 0.16986496090973702
1536/16384
mean(sgnprob[1:i - 1]) = 0.2013029315960912
1664/16384
mean(sgnprob[1:i - 1]) = 0.20625375826819
1792/16384
mean(sgnprob[1:i - 1]) = 0.22613065326633167
1920/16384
mean(sgnprob[1:i - 1]) = 0.24856696195935382
2048/16384
mean(sgnprob[1:i - 1]) = 0.26038104543234003
2176/16384
mean(sgnprob[1:i - 1]) = 0.2735632183908046
2304/16384
mean(sgnprob[1:i - 1]) = 0.28614850195397307
2432/16384
mean(sgnprob[1:i - 1]) = 0.2924722336487042
2560/16384
mean(sgnprob[1:i - 1]) = 0.30128956623681125
2688/16384
mean(sgnprob[1:i - 1]) = 0.30926684034238927
2816/16384
mean(sgnprob[1:i - 1]) = 0.32078152753108347
2944/16384
mean(sgnprob[1:i - 1]) = 0.327896704043493
3072/16384
mean(sgnprob[1:i - 1]) = 0.3272549658091827
3200/16384
mean(sgnprob[1:i - 1]) = 0.33166614567052205
3328/16384
mean(sgnprob[1:i - 1]) = 0.30207394048692515
3456/16384
mean(sgnprob[1:i - 1]) = 0.3065123010130246
3584/16384
mean(sgnprob[1:i - 1]) = 0.3106335473067262
3712/16384
mean(sgnprob[1:i - 1]) = 0.28482888709242793
3840/16384
mean(sgnprob[1:i - 1]) = 0.2638707996874186
3968/16384
mean(sgnprob[1:i - 1]) = 0.2689689942021679
4096/16384
mean(sgnprob[1:i - 1]) = 0.27277167277167275
4224/16384
mean(sgnprob[1:i - 1]) = 0.2801326071513142
4352/16384
mean(sgnprob[1:i - 1]) = 0.2870604458745116
4480/16384
mean(sgnprob[1:i - 1]) = 0.2926992632283992
4608/16384
mean(sgnprob[1:i - 1]) = 0.2923811591057087
4736/16384
mean(sgnprob[1:i - 1]) = 0.30095036958817317
4864/16384
mean(sgnprob[1:i - 1]) = 0.3094797450133662
4992/16384
mean(sgnprob[1:i - 1]) = 0.3127629733520337
5120/16384
mean(sgnprob[1:i - 1]) = 0.31705411213127566
5248/16384
mean(sgnprob[1:i - 1]) = 0.3218982275586049
5376/16384
mean(sgnprob[1:i - 1]) = 0.32651162790697674
5504/16384
mean(sgnprob[1:i - 1]) = 0.3061966200254407
5632/16384
mean(sgnprob[1:i - 1]) = 0.31131237790800925
5760/16384
mean(sgnprob[1:i - 1]) = 0.31342246917867683
5888/16384
mean(sgnprob[1:i - 1]) = 0.2991336843893324
6016/16384
mean(sgnprob[1:i - 1]) = 0.30374064837905235
6144/16384
mean(sgnprob[1:i - 1]) = 0.306853328992349
6272/16384
mean(sgnprob[1:i - 1]) = 0.3076064423536916
6400/16384
mean(sgnprob[1:i - 1]) = 0.2917643381778403
6528/16384
mean(sgnprob[1:i - 1]) = 0.27685000766048723
6656/16384
mean(sgnprob[1:i - 1]) = 0.27993989481592785
6784/16384
mean(sgnprob[1:i - 1]) = 0.2832080200501253
6912/16384
mean(sgnprob[1:i - 1]) = 0.2860656923744755
7040/16384
mean(sgnprob[1:i - 1]) = 0.292797272339821
7168/16384
mean(sgnprob[1:i - 1]) = 0.2990093484023999
7296/16384
mean(sgnprob[1:i - 1]) = 0.3014393420150788
7424/16384
mean(sgnprob[1:i - 1]) = 0.3054021285194665
7552/16384
mean(sgnprob[1:i - 1]) = 0.29016024367633425
7680/16384
mean(sgnprob[1:i - 1]) = 0.29287667665060557
7808/16384
mean(sgnprob[1:i - 1]) = 0.2978096579992315
7936/16384
mean(sgnprob[1:i - 1]) = 0.2988027725267801
8064/16384
mean(sgnprob[1:i - 1]) = 0.30075654222993925
8192/16384
mean(sgnprob[1:i - 1]) = 0.2892198754730802
8320/16384
mean(sgnprob[1:i - 1]) = 0.2785190527707657
8448/16384
mean(sgnprob[1:i - 1]) = 0.28163845152125017
8576/16384
mean(sgnprob[1:i - 1]) = 0.28303206997084546
8704/16384
mean(sgnprob[1:i - 1]) = 0.28599333563139145
8832/16384
mean(sgnprob[1:i - 1]) = 0.2886422828671725
8960/16384
mean(sgnprob[1:i - 1]) = 0.29188525505078694
9088/16384
mean(sgnprob[1:i - 1]) = 0.27919005172224054
9216/16384
mean(sgnprob[1:i - 1]) = 0.28269126424308194
9344/16384
mean(sgnprob[1:i - 1]) = 0.28566841485604194
9472/16384
mean(sgnprob[1:i - 1]) = 0.2877204096716292
9600/16384
mean(sgnprob[1:i - 1]) = 0.2920095843317012
9728/16384
mean(sgnprob[1:i - 1]) = 0.29412974195538194
9856/16384
mean(sgnprob[1:i - 1]) = 0.297818366311517
9984/16384
mean(sgnprob[1:i - 1]) = 0.3000100170289492
10112/16384
mean(sgnprob[1:i - 1]) = 0.29008011077044804
10240/16384
mean(sgnprob[1:i - 1]) = 0.291337044633265
10368/16384
mean(sgnprob[1:i - 1]) = 0.293334619465612
10496/16384
mean(sgnprob[1:i - 1]) = 0.2962363030014293
10624/16384
mean(sgnprob[1:i - 1]) = 0.2870187329379648
10752/16384
mean(sgnprob[1:i - 1]) = 0.28974048925681334
10880/16384
mean(sgnprob[1:i - 1]) = 0.2929497196433496
11008/16384
mean(sgnprob[1:i - 1]) = 0.2953574997728718
11136/16384
mean(sgnprob[1:i - 1]) = 0.29770992366412213
11264/16384
mean(sgnprob[1:i - 1]) = 0.30000887862913966
11392/16384
mean(sgnprob[1:i - 1]) = 0.3029584759898165
11520/16384
mean(sgnprob[1:i - 1]) = 0.293341435888532
11648/16384
mean(sgnprob[1:i - 1]) = 0.2954408860650811
11776/16384
mean(sgnprob[1:i - 1]) = 0.29868365180467094
11904/16384
mean(sgnprob[1:i - 1]) = 0.30051247584642526
12032/16384
mean(sgnprob[1:i - 1]) = 0.29199567783226665
12160/16384
mean(sgnprob[1:i - 1]) = 0.29303396660909614
12288/16384
mean(sgnprob[1:i - 1]) = 0.2960039065679173
12416/16384
mean(sgnprob[1:i - 1]) = 0.2976238421264599
12544/16384
mean(sgnprob[1:i - 1]) = 0.29809455473172286
12672/16384
mean(sgnprob[1:i - 1]) = 0.3002920053665851
12800/16384
mean(sgnprob[1:i - 1]) = 0.2926009844519103
12928/16384
mean(sgnprob[1:i - 1]) = 0.2932621644619788
13056/16384
mean(sgnprob[1:i - 1]) = 0.2856376867100728
13184/16384
mean(sgnprob[1:i - 1]) = 0.28741561101418495
13312/16384
mean(sgnprob[1:i - 1]) = 0.2891593418976786
13440/16384
mean(sgnprob[1:i - 1]) = 0.2907210357913535
13568/16384
mean(sgnprob[1:i - 1]) = 0.2837031031178595
13696/16384
mean(sgnprob[1:i - 1]) = 0.28470244614822926
13824/16384
mean(sgnprob[1:i - 1]) = 0.28727483180206903
13952/16384
mean(sgnprob[1:i - 1]) = 0.280194968102645
14080/16384
mean(sgnprob[1:i - 1]) = 0.28190922650756445
14208/16384
mean(sgnprob[1:i - 1]) = 0.28260716548180476
14336/16384
mean(sgnprob[1:i - 1]) = 0.2838507150331357
14464/16384
mean(sgnprob[1:i - 1]) = 0.27677521952568623
14592/16384
mean(sgnprob[1:i - 1]) = 0.27941881982043726
14720/16384
mean(sgnprob[1:i - 1]) = 0.2812011685576466
14848/16384
mean(sgnprob[1:i - 1]) = 0.27338856334613054
14976/16384
mean(sgnprob[1:i - 1]) = 0.2746577629382304
15104/16384
mean(sgnprob[1:i - 1]) = 0.26835728001059395
15232/16384
mean(sgnprob[1:i - 1]) = 0.26268793907163024
15360/16384
mean(sgnprob[1:i - 1]) = 0.26466566833778243
15488/16384
mean(sgnprob[1:i - 1]) = 0.2677729708788016
15616/16384
mean(sgnprob[1:i - 1]) = 0.268139609349984
15744/16384
mean(sgnprob[1:i - 1]) = 0.27040589468335136
15872/16384
mean(sgnprob[1:i - 1]) = 0.27213156070820993
16000/16384
mean(sgnprob[1:i - 1]) = 0.2729545596599787
16128/16384
mean(sgnprob[1:i - 1]) = 0.27624480684566255
16256/16384
mean(sgnprob[1:i - 1]) = 0.2782528452783759
16384/16384
mean(sgnprob[1:i - 1]) = 0.2722944515656473
808.860603 seconds (167.11 M allocations: 70.745 GiB, 2.24% gc time, 1.35% compilation time)
