## SLURM PROLOG ###############################################################
##    Job ID : 5341800
##  Job Name : etgent_N2_U-2
##  Nodelist : node1716
##      CPUs : 8
##  Mem/Node : 2048 MB
## Directory : /oscar/home/trazzaz/AFQMC
##   Job Started : Wed Oct 23 11:24:59 AM EDT 2024
###############################################################################
U = -2.0
seed = 1234
λₖ = 0.0
Warming up
128/512
256/512
384/512
512/512
Measuring
128/1024
256/1024
384/1024
512/1024
640/1024
768/1024
896/1024
1024/1024
 41.263038 seconds (35.02 M allocations: 36.367 GiB, 8.35% gc time, 21.10% compilation time)
λₖ = 0.2
Warming up
128/512
256/512
384/512
512/512
Measuring
128/1024
256/1024
384/1024
512/1024
640/1024
768/1024
896/1024
1024/1024
 32.896014 seconds (33.17 M allocations: 36.268 GiB, 10.16% gc time, 0.32% compilation time)
λₖ = 0.4
Warming up
128/512
256/512
384/512
512/512
Measuring
128/1024
256/1024
384/1024
512/1024
640/1024
768/1024
896/1024
1024/1024
 31.807845 seconds (33.17 M allocations: 36.268 GiB, 10.22% gc time)
λₖ = 0.6
Warming up
128/512
256/512
384/512
512/512
Measuring
128/1024
256/1024
384/1024
512/1024
640/1024
768/1024
896/1024
1024/1024
 31.682338 seconds (33.17 M allocations: 36.268 GiB, 10.14% gc time)
λₖ = 0.8
Warming up
128/512
256/512
384/512
512/512
Measuring
128/1024
256/1024
384/1024
512/1024
640/1024
768/1024
896/1024
1024/1024
 31.330598 seconds (33.17 M allocations: 36.268 GiB, 9.81% gc time)
