## SLURM PROLOG ###############################################################
##    Job ID : 8833991
##  Job Name : sbatch_etgent.sh
##  Nodelist : node1327
##      CPUs : 8
##  Mem/Node : 4096 MB
## Directory : /oscar/home/trazzaz/AFQMC
##   Job Started : Fri Feb 28 03:51:12 AM EST 2025
###############################################################################
seed = 1545
U = 2.0
β = 6.0
Warming up
128/1024
256/1024
384/1024
512/1024
640/1024
768/1024
896/1024
1024/1024
Measuring
128/16384
mean(sgnprob[1:i - 1]) = 0.4645669291338583
256/16384
mean(sgnprob[1:i - 1]) = 0.5294117647058824
384/16384
mean(sgnprob[1:i - 1]) = 0.5509138381201044
512/16384
mean(sgnprob[1:i - 1]) = 0.5146771037181996
640/16384
mean(sgnprob[1:i - 1]) = 0.5336463223787168
768/16384
mean(sgnprob[1:i - 1]) = 0.37157757496740546
896/16384
mean(sgnprob[1:i - 1]) = 0.3854748603351955
1024/16384
mean(sgnprob[1:i - 1]) = 0.40371456500488756
1152/16384
mean(sgnprob[1:i - 1]) = 0.4092093831450912
1280/16384
mean(sgnprob[1:i - 1]) = 0.4073494917904613
1408/16384
mean(sgnprob[1:i - 1]) = 0.4186211798152097
1536/16384
mean(sgnprob[1:i - 1]) = 0.41889250814332246
1664/16384
mean(sgnprob[1:i - 1]) = 0.4335538184004811
1792/16384
mean(sgnprob[1:i - 1]) = 0.3646007816862088
1920/16384
mean(sgnprob[1:i - 1]) = 0.36633663366336633
2048/16384
mean(sgnprob[1:i - 1]) = 0.3795798729848559
2176/16384
mean(sgnprob[1:i - 1]) = 0.392183908045977
2304/16384
mean(sgnprob[1:i - 1]) = 0.40338688666956146
2432/16384
mean(sgnprob[1:i - 1]) = 0.4043603455368161
2560/16384
mean(sgnprob[1:i - 1]) = 0.3559984368894099
2688/16384
mean(sgnprob[1:i - 1]) = 0.3665798288053591
2816/16384
mean(sgnprob[1:i - 1]) = 0.37406749555950264
2944/16384
mean(sgnprob[1:i - 1]) = 0.3380903839619436
3072/16384
mean(sgnprob[1:i - 1]) = 0.33767502442201236
3200/16384
mean(sgnprob[1:i - 1]) = 0.3479212253829322
3328/16384
mean(sgnprob[1:i - 1]) = 0.35858130447850917
3456/16384
mean(sgnprob[1:i - 1]) = 0.32735166425470336
3584/16384
mean(sgnprob[1:i - 1]) = 0.3346357800725649
3712/16384
mean(sgnprob[1:i - 1]) = 0.3398005928321207
3840/16384
mean(sgnprob[1:i - 1]) = 0.3086741338890336
3968/16384
mean(sgnprob[1:i - 1]) = 0.3143433324930678
4096/16384
mean(sgnprob[1:i - 1]) = 0.3225885225885226
4224/16384
mean(sgnprob[1:i - 1]) = 0.33080748283210987
4352/16384
mean(sgnprob[1:i - 1]) = 0.33440588370489543
4480/16384
mean(sgnprob[1:i - 1]) = 0.3436034829202947
4608/16384
mean(sgnprob[1:i - 1]) = 0.35098762752333407
4736/16384
mean(sgnprob[1:i - 1]) = 0.35374868004223864
4864/16384
mean(sgnprob[1:i - 1]) = 0.3296319144560971
4992/16384
mean(sgnprob[1:i - 1]) = 0.33520336605890605
5120/16384
mean(sgnprob[1:i - 1]) = 0.34244969720648566
5248/16384
mean(sgnprob[1:i - 1]) = 0.34781780064798934
5376/16384
mean(sgnprob[1:i - 1]) = 0.32613953488372094
5504/16384
mean(sgnprob[1:i - 1]) = 0.3054697437761221
5632/16384
mean(sgnprob[1:i - 1]) = 0.2864500088794175
5760/16384
mean(sgnprob[1:i - 1]) = 0.29466921340510505
5888/16384
mean(sgnprob[1:i - 1]) = 0.27331408187531847
6016/16384
mean(sgnprob[1:i - 1]) = 0.2791354945968412
6144/16384
mean(sgnprob[1:i - 1]) = 0.2834120136741006
6272/16384
mean(sgnprob[1:i - 1]) = 0.26710253548078455
6400/16384
mean(sgnprob[1:i - 1]) = 0.26926082200343804
6528/16384
mean(sgnprob[1:i - 1]) = 0.27317297380113376
6656/16384
mean(sgnprob[1:i - 1]) = 0.25920360631104433
6784/16384
mean(sgnprob[1:i - 1]) = 0.26581158779301195
6912/16384
mean(sgnprob[1:i - 1]) = 0.27362176240775576
7040/16384
mean(sgnprob[1:i - 1]) = 0.27802244637022305
7168/16384
mean(sgnprob[1:i - 1]) = 0.28198688433096136
7296/16384
mean(sgnprob[1:i - 1]) = 0.28608636052090475
7424/16384
mean(sgnprob[1:i - 1]) = 0.2927387848578742
7552/16384
mean(sgnprob[1:i - 1]) = 0.29757647993643227
7680/16384
mean(sgnprob[1:i - 1]) = 0.3004297434561792
7808/16384
mean(sgnprob[1:i - 1]) = 0.30216472396567184
7936/16384
mean(sgnprob[1:i - 1]) = 0.3045998739760554
8064/16384
mean(sgnprob[1:i - 1]) = 0.29058663028649384
8192/16384
mean(sgnprob[1:i - 1]) = 0.2938591136613356
8320/16384
mean(sgnprob[1:i - 1]) = 0.2967904796249549
8448/16384
mean(sgnprob[1:i - 1]) = 0.29939623534982834
8576/16384
mean(sgnprob[1:i - 1]) = 0.30495626822157434
8704/16384
mean(sgnprob[1:i - 1]) = 0.30552682982879464
8832/16384
mean(sgnprob[1:i - 1]) = 0.3081191258068169
8960/16384
mean(sgnprob[1:i - 1]) = 0.30840495591025785
9088/16384
mean(sgnprob[1:i - 1]) = 0.3113238692637834
9216/16384
mean(sgnprob[1:i - 1]) = 0.2987520347259902
9344/16384
mean(sgnprob[1:i - 1]) = 0.30065289521566946
9472/16384
mean(sgnprob[1:i - 1]) = 0.3044029141590117
9600/16384
mean(sgnprob[1:i - 1]) = 0.29346806959058236
9728/16384
mean(sgnprob[1:i - 1]) = 0.29700832733628046
9856/16384
mean(sgnprob[1:i - 1]) = 0.3004566210045662
9984/16384
mean(sgnprob[1:i - 1]) = 0.3036161474506661
10112/16384
mean(sgnprob[1:i - 1]) = 0.3082781129462961
10240/16384
mean(sgnprob[1:i - 1]) = 0.29895497607188204
10368/16384
mean(sgnprob[1:i - 1]) = 0.3016301726632584
10496/16384
mean(sgnprob[1:i - 1]) = 0.30424011434016196
10624/16384
mean(sgnprob[1:i - 1]) = 0.30622234773604445
10752/16384
mean(sgnprob[1:i - 1]) = 0.3100176727746256
10880/16384
mean(sgnprob[1:i - 1]) = 0.31096608144130894
11008/16384
mean(sgnprob[1:i - 1]) = 0.31461797038248385
11136/16384
mean(sgnprob[1:i - 1]) = 0.3163897620116749
11264/16384
mean(sgnprob[1:i - 1]) = 0.3172334191600817
11392/16384
mean(sgnprob[1:i - 1]) = 0.3199894653673953
11520/16384
mean(sgnprob[1:i - 1]) = 0.32303151315218337
11648/16384
mean(sgnprob[1:i - 1]) = 0.32480467073066027
11776/16384
mean(sgnprob[1:i - 1]) = 0.31498938428874734
11904/16384
mean(sgnprob[1:i - 1]) = 0.31714693774678654
12032/16384
mean(sgnprob[1:i - 1]) = 0.3189261075554817
12160/16384
mean(sgnprob[1:i - 1]) = 0.32033884365490584
12288/16384
mean(sgnprob[1:i - 1]) = 0.32204769268332384
12416/16384
mean(sgnprob[1:i - 1]) = 0.3246878775674587
12544/16384
mean(sgnprob[1:i - 1]) = 0.3267958223710436
12672/16384
mean(sgnprob[1:i - 1]) = 0.3190750532712493
12800/16384
mean(sgnprob[1:i - 1]) = 0.3201031330572701
12928/16384
mean(sgnprob[1:i - 1]) = 0.32296743250560844
13056/16384
mean(sgnprob[1:i - 1]) = 0.31290693220988125
13184/16384
mean(sgnprob[1:i - 1]) = 0.3125995600394447
13312/16384
mean(sgnprob[1:i - 1]) = 0.31470212606115244
13440/16384
mean(sgnprob[1:i - 1]) = 0.3169134608229779
13568/16384
mean(sgnprob[1:i - 1]) = 0.3193779022628437
13696/16384
mean(sgnprob[1:i - 1]) = 0.3212121212121212
13824/16384
mean(sgnprob[1:i - 1]) = 0.31245026405266585
13952/16384
mean(sgnprob[1:i - 1]) = 0.31445774496451867
14080/16384
mean(sgnprob[1:i - 1]) = 0.3158605014560693
14208/16384
mean(sgnprob[1:i - 1]) = 0.3083691138171324
14336/16384
mean(sgnprob[1:i - 1]) = 0.31021974189047785
14464/16384
mean(sgnprob[1:i - 1]) = 0.31217589711678073
14592/16384
mean(sgnprob[1:i - 1]) = 0.3046398464807073
14720/16384
mean(sgnprob[1:i - 1]) = 0.30688226102316735
14848/16384
mean(sgnprob[1:i - 1]) = 0.3096248400350239
14976/16384
mean(sgnprob[1:i - 1]) = 0.30230383973288816
15104/16384
mean(sgnprob[1:i - 1]) = 0.3041117658743296
15232/16384
mean(sgnprob[1:i - 1]) = 0.2969601470684788
15360/16384
mean(sgnprob[1:i - 1]) = 0.2896672960479198
15488/16384
mean(sgnprob[1:i - 1]) = 0.28365726092852067
15616/16384
mean(sgnprob[1:i - 1]) = 0.27672110150496315
15744/16384
mean(sgnprob[1:i - 1]) = 0.2800609794829448
15872/16384
mean(sgnprob[1:i - 1]) = 0.28347300107113604
16000/16384
mean(sgnprob[1:i - 1]) = 0.2779548721795112
16128/16384
mean(sgnprob[1:i - 1]) = 0.28058535375457305
16256/16384
mean(sgnprob[1:i - 1]) = 0.2824361734850815
16384/16384
mean(sgnprob[1:i - 1]) = 0.2851126167368614
800.738419 seconds (167.11 M allocations: 70.745 GiB, 1.64% gc time, 1.24% compilation time)
