## SLURM PROLOG ###############################################################
##    Job ID : 8822333
##  Job Name : sbatch_etgent.sh
##  Nodelist : node1736
##      CPUs : 8
##  Mem/Node : 4096 MB
## Directory : /oscar/home/trazzaz/AFQMC
##   Job Started : Thu Feb 27 08:00:04 PM EST 2025
###############################################################################
seed = 1328
U = 2.0
β = 6.0
Warming up
128/1024
256/1024
384/1024
512/1024
640/1024
768/1024
896/1024
1024/1024
Measuring
128/16384
mean(sgnprob[1:i - 1]) = 0.25984251968503935
256/16384
mean(sgnprob[1:i - 1]) = 0.011764705882352941
384/16384
mean(sgnprob[1:i - 1]) = 0.10704960835509138
512/16384
mean(sgnprob[1:i - 1]) = 0.009784735812133072
640/16384
mean(sgnprob[1:i - 1]) = -0.014084507042253521
768/16384
mean(sgnprob[1:i - 1]) = -0.024771838331160364
896/16384
mean(sgnprob[1:i - 1]) = 0.00782122905027933
1024/16384
mean(sgnprob[1:i - 1]) = -0.026392961876832845
1152/16384
mean(sgnprob[1:i - 1]) = 0.009556907037358819
1280/16384
mean(sgnprob[1:i - 1]) = 0.024237685691946835
1408/16384
mean(sgnprob[1:i - 1]) = -0.0021321961620469083
1536/16384
mean(sgnprob[1:i - 1]) = -0.018892508143322474
1664/16384
mean(sgnprob[1:i - 1]) = 0.003006614552014432
1792/16384
mean(sgnprob[1:i - 1]) = 0.027359017308766054
1920/16384
mean(sgnprob[1:i - 1]) = 0.01928087545596665
2048/16384
mean(sgnprob[1:i - 1]) = 0.0004885197850512946
2176/16384
mean(sgnprob[1:i - 1]) = 0.008735632183908045
2304/16384
mean(sgnprob[1:i - 1]) = 0.02127659574468085
2432/16384
mean(sgnprob[1:i - 1]) = 0.028383381324557796
2560/16384
mean(sgnprob[1:i - 1]) = 0.035560765924189136
2688/16384
mean(sgnprob[1:i - 1]) = 0.018980275400074433
2816/16384
mean(sgnprob[1:i - 1]) = 0.013854351687388987
2944/16384
mean(sgnprob[1:i - 1]) = 0.021406727828746176
3072/16384
mean(sgnprob[1:i - 1]) = 0.03353956366004559
3200/16384
mean(sgnprob[1:i - 1]) = 0.022819631134729602
3328/16384
mean(sgnprob[1:i - 1]) = 0.03216110610159303
3456/16384
mean(sgnprob[1:i - 1]) = 0.037916063675832126
3584/16384
mean(sgnprob[1:i - 1]) = 0.029863243092380688
3712/16384
mean(sgnprob[1:i - 1]) = 0.019671247642144975
3840/16384
mean(sgnprob[1:i - 1]) = 0.022141182599635323
3968/16384
mean(sgnprob[1:i - 1]) = 0.031005797832114948
4096/16384
mean(sgnprob[1:i - 1]) = 0.03833943833943834
4224/16384
mean(sgnprob[1:i - 1]) = 0.041439734785697374
4352/16384
mean(sgnprob[1:i - 1]) = 0.04573661227304068
4480/16384
mean(sgnprob[1:i - 1]) = 0.052020540299173926
4608/16384
mean(sgnprob[1:i - 1]) = 0.05621879748209247
4736/16384
mean(sgnprob[1:i - 1]) = 0.05850052798310454
4864/16384
mean(sgnprob[1:i - 1]) = 0.04667900472959079
4992/16384
mean(sgnprob[1:i - 1]) = 0.05389701462632739
5120/16384
mean(sgnprob[1:i - 1]) = 0.059581949599531156
5248/16384
mean(sgnprob[1:i - 1]) = 0.06460834762721555
5376/16384
mean(sgnprob[1:i - 1]) = 0.06827906976744186
5504/16384
mean(sgnprob[1:i - 1]) = 0.07177902962020716
5632/16384
mean(sgnprob[1:i - 1]) = 0.07654057893802167
5760/16384
mean(sgnprob[1:i - 1]) = 0.07970133703768015
5888/16384
mean(sgnprob[1:i - 1]) = 0.08170545269237303
6016/16384
mean(sgnprob[1:i - 1]) = 0.08595178719866998
6144/16384
mean(sgnprob[1:i - 1]) = 0.09034673612241576
6272/16384
mean(sgnprob[1:i - 1]) = 0.0932865571679158
6400/16384
mean(sgnprob[1:i - 1]) = 0.09985935302390998
6528/16384
mean(sgnprob[1:i - 1]) = 0.10402941627087482
6656/16384
mean(sgnprob[1:i - 1]) = 0.10383170548459805
6784/16384
mean(sgnprob[1:i - 1]) = 0.09833407047029338
6912/16384
mean(sgnprob[1:i - 1]) = 0.10056431775430473
7040/16384
mean(sgnprob[1:i - 1]) = 0.10299758488421651
7168/16384
mean(sgnprob[1:i - 1]) = 0.09725129063764476
7296/16384
mean(sgnprob[1:i - 1]) = 0.09993145990404387
7424/16384
mean(sgnprob[1:i - 1]) = 0.10332749562171628
7552/16384
mean(sgnprob[1:i - 1]) = 0.10687326181962654
7680/16384
mean(sgnprob[1:i - 1]) = 0.10092459955723401
7808/16384
mean(sgnprob[1:i - 1]) = 0.09619572178813884
7936/16384
mean(sgnprob[1:i - 1]) = 0.09867674858223062
8064/16384
mean(sgnprob[1:i - 1]) = 0.10380751581297284
8192/16384
mean(sgnprob[1:i - 1]) = 0.09998779147845197
8320/16384
mean(sgnprob[1:i - 1]) = 0.10181512200985696
8448/16384
mean(sgnprob[1:i - 1]) = 0.10335030188232508
8576/16384
mean(sgnprob[1:i - 1]) = 0.1039067055393586
8704/16384
mean(sgnprob[1:i - 1]) = 0.0996208204067563
8832/16384
mean(sgnprob[1:i - 1]) = 0.1033858000226475
8960/16384
mean(sgnprob[1:i - 1]) = 0.09699743274919076
9088/16384
mean(sgnprob[1:i - 1]) = 0.09188951249037086
9216/16384
mean(sgnprob[1:i - 1]) = 0.09430276722734672
9344/16384
mean(sgnprob[1:i - 1]) = 0.09087017018088409
9472/16384
mean(sgnprob[1:i - 1]) = 0.09323197128075177
9600/16384
mean(sgnprob[1:i - 1]) = 0.08928013334722366
9728/16384
mean(sgnprob[1:i - 1]) = 0.083376169425311
9856/16384
mean(sgnprob[1:i - 1]) = 0.08493150684931507
9984/16384
mean(sgnprob[1:i - 1]) = 0.0858459380947611
10112/16384
mean(sgnprob[1:i - 1]) = 0.08693502126396993
10240/16384
mean(sgnprob[1:i - 1]) = 0.08877820099619103
10368/16384
mean(sgnprob[1:i - 1]) = 0.08555994984084113
10496/16384
mean(sgnprob[1:i - 1]) = 0.08623153882801333
10624/16384
mean(sgnprob[1:i - 1]) = 0.08820483855784618
10752/16384
mean(sgnprob[1:i - 1]) = 0.08622453725234862
10880/16384
mean(sgnprob[1:i - 1]) = 0.08355547384869932
11008/16384
mean(sgnprob[1:i - 1]) = 0.08658126646679386
11136/16384
mean(sgnprob[1:i - 1]) = 0.08343062415806017
11264/16384
mean(sgnprob[1:i - 1]) = 0.08443576311817455
11392/16384
mean(sgnprob[1:i - 1]) = 0.08418927223246422
11520/16384
mean(sgnprob[1:i - 1]) = 0.07995485719246462
11648/16384
mean(sgnprob[1:i - 1]) = 0.08062161930110757
11776/16384
mean(sgnprob[1:i - 1]) = 0.07787685774946922
11904/16384
mean(sgnprob[1:i - 1]) = 0.0755271780223473
12032/16384
mean(sgnprob[1:i - 1]) = 0.0760535283850054
12160/16384
mean(sgnprob[1:i - 1]) = 0.07788469446500534
12288/16384
mean(sgnprob[1:i - 1]) = 0.07560836656628958
12416/16384
mean(sgnprob[1:i - 1]) = 0.0766008860249698
12544/16384
mean(sgnprob[1:i - 1]) = 0.078210954317149
12672/16384
mean(sgnprob[1:i - 1]) = 0.07663167863625601
12800/16384
mean(sgnprob[1:i - 1]) = 0.07852175951246192
12928/16384
mean(sgnprob[1:i - 1]) = 0.08099326990020886
13056/16384
mean(sgnprob[1:i - 1]) = 0.07805438529299119
13184/16384
mean(sgnprob[1:i - 1]) = 0.07517257073503755
13312/16384
mean(sgnprob[1:i - 1]) = 0.07475020659604838
13440/16384
mean(sgnprob[1:i - 1]) = 0.07612173524815835
13568/16384
mean(sgnprob[1:i - 1]) = 0.07717255104297192
13696/16384
mean(sgnprob[1:i - 1]) = 0.07382256297918949
13824/16384
mean(sgnprob[1:i - 1]) = 0.07429646241770961
13952/16384
mean(sgnprob[1:i - 1]) = 0.07562181922442836
14080/16384
mean(sgnprob[1:i - 1]) = 0.07266141061154911
14208/16384
mean(sgnprob[1:i - 1]) = 0.07369606531991271
14336/16384
mean(sgnprob[1:i - 1]) = 0.07094523892570631
14464/16384
mean(sgnprob[1:i - 1]) = 0.07100878102744936
14592/16384
mean(sgnprob[1:i - 1]) = 0.06901514632307587
14720/16384
mean(sgnprob[1:i - 1]) = 0.07072491337726748
14848/16384
mean(sgnprob[1:i - 1]) = 0.07227049235535798
14976/16384
mean(sgnprob[1:i - 1]) = 0.07005008347245409
15104/16384
mean(sgnprob[1:i - 1]) = 0.07104548765145997
15232/16384
mean(sgnprob[1:i - 1]) = 0.07215547239183245
15360/16384
mean(sgnprob[1:i - 1]) = 0.07051240315124682
15488/16384
mean(sgnprob[1:i - 1]) = 0.07186672693226577
15616/16384
mean(sgnprob[1:i - 1]) = 0.07012487992315082
15744/16384
mean(sgnprob[1:i - 1]) = 0.07222257511274853
15872/16384
mean(sgnprob[1:i - 1]) = 0.06962384222796295
16000/16384
mean(sgnprob[1:i - 1]) = 0.06994187136696044
16128/16384
mean(sgnprob[1:i - 1]) = 0.07025485211136603
16256/16384
mean(sgnprob[1:i - 1]) = 0.06810212242386958
16384/16384
mean(sgnprob[1:i - 1]) = 0.0685466642251114
740.751706 seconds (167.11 M allocations: 70.745 GiB, 1.40% gc time, 1.26% compilation time)
