## SLURM PROLOG ###############################################################
##    Job ID : 6710750
##  Job Name : etgent_LA8_seed1239
##  Nodelist : node1754
##      CPUs : 8
##  Mem/Node : 2048 MB
## Directory : /oscar/home/trazzaz/AFQMC
##   Job Started : Sun Nov 24 09:14:12 PM EST 2024
###############################################################################
seed = 1239
U = 2.0
λₖ = 0.0
Warming up
128/512
256/512
384/512
512/512
Measuring
128/1024
256/1024
384/1024
512/1024
640/1024
768/1024
896/1024
1024/1024
598.946875 seconds (89.16 M allocations: 47.812 GiB, 1.43% gc time, 1.64% compilation time)
λₖ = 0.2
Warming up
128/512
256/512
384/512
512/512
Measuring
128/1024
256/1024
384/1024
512/1024
640/1024
768/1024
896/1024
1024/1024
595.168459 seconds (85.43 M allocations: 47.648 GiB, 1.31% gc time, 0.01% compilation time)
λₖ = 0.4
Warming up
128/512
256/512
384/512
512/512
Measuring
128/1024
256/1024
384/1024
512/1024
640/1024
768/1024
896/1024
1024/1024
594.132547 seconds (85.43 M allocations: 47.648 GiB, 1.20% gc time)
λₖ = 0.6
Warming up
128/512
256/512
384/512
512/512
Measuring
128/1024
256/1024
384/1024
512/1024
640/1024
768/1024
896/1024
1024/1024
593.064724 seconds (85.43 M allocations: 47.648 GiB, 1.08% gc time)
λₖ = 0.8
Warming up
128/512
256/512
384/512
512/512
Measuring
128/1024
256/1024
384/1024
512/1024
640/1024
768/1024
896/1024
1024/1024
590.380191 seconds (85.43 M allocations: 47.648 GiB, 1.00% gc time)
