## SLURM PROLOG ###############################################################
##    Job ID : 5902754
##  Job Name : etgent_N2_seed1242
##  Nodelist : node1648
##      CPUs : 8
##  Mem/Node : 2048 MB
## Directory : /oscar/home/trazzaz/AFQMC
##   Job Started : Mon Nov 11 12:28:57 AM EST 2024
###############################################################################
U = 2.0
seed = 1242
λₖ = 0.0
Warming up
128/512
256/512
384/512
512/512
Measuring
128/1024
256/1024
384/1024
512/1024
640/1024
768/1024
896/1024
1024/1024
271.360841 seconds (203.81 M allocations: 1.089 TiB, 21.05% gc time, 2.78% compilation time)
λₖ = 0.2
Warming up
128/512
256/512
384/512
512/512
Measuring
128/1024
256/1024
384/1024
512/1024
640/1024
768/1024
896/1024
1024/1024
289.184414 seconds (201.96 M allocations: 1.089 TiB, 20.55% gc time, 0.03% compilation time)
λₖ = 0.4
Warming up
128/512
256/512
384/512
512/512
Measuring
128/1024
256/1024
384/1024
512/1024
640/1024
768/1024
896/1024
1024/1024
225.411600 seconds (201.96 M allocations: 1.089 TiB, 22.66% gc time)
λₖ = 0.6
Warming up
128/512
256/512
384/512
512/512
Measuring
128/1024
256/1024
384/1024
512/1024
640/1024
768/1024
896/1024
1024/1024
228.290911 seconds (201.96 M allocations: 1.089 TiB, 22.96% gc time)
λₖ = 0.8
Warming up
128/512
256/512
384/512
512/512
Measuring
128/1024
256/1024
384/1024
512/1024
640/1024
768/1024
896/1024
1024/1024
218.538582 seconds (201.96 M allocations: 1.089 TiB, 21.86% gc time)
