## SLURM PROLOG ###############################################################
##    Job ID : 8834014
##  Job Name : sbatch_etgent.sh
##  Nodelist : node1322
##      CPUs : 8
##  Mem/Node : 4096 MB
## Directory : /oscar/home/trazzaz/AFQMC
##   Job Started : Fri Feb 28 04:31:56 AM EST 2025
###############################################################################
seed = 1568
U = 2.0
β = 6.0
Warming up
128/1024
256/1024
384/1024
512/1024
640/1024
768/1024
896/1024
1024/1024
Measuring
128/16384
mean(sgnprob[1:i - 1]) = -0.30708661417322836
256/16384
mean(sgnprob[1:i - 1]) = -0.3411764705882353
384/16384
mean(sgnprob[1:i - 1]) = -0.09138381201044386
512/16384
mean(sgnprob[1:i - 1]) = 0.060665362035225046
640/16384
mean(sgnprob[1:i - 1]) = 0.12363067292644757
768/16384
mean(sgnprob[1:i - 1]) = 0.15514993481095177
896/16384
mean(sgnprob[1:i - 1]) = 0.19106145251396647
1024/16384
mean(sgnprob[1:i - 1]) = 0.21603128054740958
1152/16384
mean(sgnprob[1:i - 1]) = 0.15030408340573415
1280/16384
mean(sgnprob[1:i - 1]) = 0.1821735731039875
1408/16384
mean(sgnprob[1:i - 1]) = 0.20540156361051884
1536/16384
mean(sgnprob[1:i - 1]) = 0.2247557003257329
1664/16384
mean(sgnprob[1:i - 1]) = 0.2423331328923632
1792/16384
mean(sgnprob[1:i - 1]) = 0.25516471245114464
1920/16384
mean(sgnprob[1:i - 1]) = 0.2621156852527358
2048/16384
mean(sgnprob[1:i - 1]) = 0.22129946262823644
2176/16384
mean(sgnprob[1:i - 1]) = 0.1825287356321839
2304/16384
mean(sgnprob[1:i - 1]) = 0.19496309161962658
2432/16384
mean(sgnprob[1:i - 1]) = 0.16330728095433977
2560/16384
mean(sgnprob[1:i - 1]) = 0.17624071903087143
2688/16384
mean(sgnprob[1:i - 1]) = 0.18943059173799776
2816/16384
mean(sgnprob[1:i - 1]) = 0.19715808170515098
2944/16384
mean(sgnprob[1:i - 1]) = 0.21168875297315665
3072/16384
mean(sgnprob[1:i - 1]) = 0.21523933572126344
3200/16384
mean(sgnprob[1:i - 1]) = 0.22350734604563927
3328/16384
mean(sgnprob[1:i - 1]) = 0.23354373309287646
3456/16384
mean(sgnprob[1:i - 1]) = 0.2410998552821997
3584/16384
mean(sgnprob[1:i - 1]) = 0.24532514652525816
3712/16384
mean(sgnprob[1:i - 1]) = 0.21422797089733225
3840/16384
mean(sgnprob[1:i - 1]) = 0.1914561083615525
3968/16384
mean(sgnprob[1:i - 1]) = 0.19485757499369802
4096/16384
mean(sgnprob[1:i - 1]) = 0.17313797313797313
4224/16384
mean(sgnprob[1:i - 1]) = 0.18020364669666114
4352/16384
mean(sgnprob[1:i - 1]) = 0.18547460353941622
4480/16384
mean(sgnprob[1:i - 1]) = 0.16856441169903996
4608/16384
mean(sgnprob[1:i - 1]) = 0.18037768612980248
4736/16384
mean(sgnprob[1:i - 1]) = 0.16367476240760295
4864/16384
mean(sgnprob[1:i - 1]) = 0.16718075262183837
4992/16384
mean(sgnprob[1:i - 1]) = 0.1753155680224404
5120/16384
mean(sgnprob[1:i - 1]) = 0.18187145926938855
5248/16384
mean(sgnprob[1:i - 1]) = 0.19077568134171907
5376/16384
mean(sgnprob[1:i - 1]) = 0.17655813953488372
5504/16384
mean(sgnprob[1:i - 1]) = 0.18335453389060513
5632/16384
mean(sgnprob[1:i - 1]) = 0.18735570946545907
5760/16384
mean(sgnprob[1:i - 1]) = 0.19083174162180935
5888/16384
mean(sgnprob[1:i - 1]) = 0.1955155427212502
6016/16384
mean(sgnprob[1:i - 1]) = 0.18370739817123857
6144/16384
mean(sgnprob[1:i - 1]) = 0.18639101416246134
6272/16384
mean(sgnprob[1:i - 1]) = 0.1915165045447297
6400/16384
mean(sgnprob[1:i - 1]) = 0.19581184560087514
6528/16384
mean(sgnprob[1:i - 1]) = 0.18277922475869465
6656/16384
mean(sgnprob[1:i - 1]) = 0.16934635612321564
6784/16384
mean(sgnprob[1:i - 1]) = 0.16113813946631284
6912/16384
mean(sgnprob[1:i - 1]) = 0.1685718419910288
7040/16384
mean(sgnprob[1:i - 1]) = 0.17317800823980678
7168/16384
mean(sgnprob[1:i - 1]) = 0.16310869261894795
7296/16384
mean(sgnprob[1:i - 1]) = 0.1684715558601782
7424/16384
mean(sgnprob[1:i - 1]) = 0.15694463155058602
7552/16384
mean(sgnprob[1:i - 1]) = 0.16011124354390147
7680/16384
mean(sgnprob[1:i - 1]) = 0.14884750618570125
7808/16384
mean(sgnprob[1:i - 1]) = 0.15409248110669913
7936/16384
mean(sgnprob[1:i - 1]) = 0.15639571518588533
8064/16384
mean(sgnprob[1:i - 1]) = 0.14845590971102568
8192/16384
mean(sgnprob[1:i - 1]) = 0.1512635819802222
8320/16384
mean(sgnprob[1:i - 1]) = 0.1539848539487919
8448/16384
mean(sgnprob[1:i - 1]) = 0.15922812832958447
8576/16384
mean(sgnprob[1:i - 1]) = 0.1503206997084548
8704/16384
mean(sgnprob[1:i - 1]) = 0.14167528438469493
8832/16384
mean(sgnprob[1:i - 1]) = 0.145736609670479
8960/16384
mean(sgnprob[1:i - 1]) = 0.15146779774528407
9088/16384
mean(sgnprob[1:i - 1]) = 0.15483657972928358
9216/16384
mean(sgnprob[1:i - 1]) = 0.15984807379272925
9344/16384
mean(sgnprob[1:i - 1]) = 0.1638659959327839
9472/16384
mean(sgnprob[1:i - 1]) = 0.1553162284869602
9600/16384
mean(sgnprob[1:i - 1]) = 0.15762058547765392
9728/16384
mean(sgnprob[1:i - 1]) = 0.1598642952606148
9856/16384
mean(sgnprob[1:i - 1]) = 0.1636732623033993
9984/16384
mean(sgnprob[1:i - 1]) = 0.15676650305519382
10112/16384
mean(sgnprob[1:i - 1]) = 0.15873800810997923
10240/16384
mean(sgnprob[1:i - 1]) = 0.16066022072468014
10368/16384
mean(sgnprob[1:i - 1]) = 0.16504292466480178
10496/16384
mean(sgnprob[1:i - 1]) = 0.1670319199618866
10624/16384
mean(sgnprob[1:i - 1]) = 0.16050080015061657
10752/16384
mean(sgnprob[1:i - 1]) = 0.16249651195237652
10880/16384
mean(sgnprob[1:i - 1]) = 0.16701902748414377
11008/16384
mean(sgnprob[1:i - 1]) = 0.16980103570455166
11136/16384
mean(sgnprob[1:i - 1]) = 0.16425684777727886
11264/16384
mean(sgnprob[1:i - 1]) = 0.16753973186539997
11392/16384
mean(sgnprob[1:i - 1]) = 0.16969537354051445
11520/16384
mean(sgnprob[1:i - 1]) = 0.1714558555430159
11648/16384
mean(sgnprob[1:i - 1]) = 0.16510689447926505
11776/16384
mean(sgnprob[1:i - 1]) = 0.1570276008492569
11904/16384
mean(sgnprob[1:i - 1]) = 0.16121986053935983
12032/16384
mean(sgnprob[1:i - 1]) = 0.1641592552572521
12160/16384
mean(sgnprob[1:i - 1]) = 0.15831894070236038
12288/16384
mean(sgnprob[1:i - 1]) = 0.16041344510458208
12416/16384
mean(sgnprob[1:i - 1]) = 0.1639146194120016
12544/16384
mean(sgnprob[1:i - 1]) = 0.1651120146695368
12672/16384
mean(sgnprob[1:i - 1]) = 0.1572882961092258
12800/16384
mean(sgnprob[1:i - 1]) = 0.1607156809125713
12928/16384
mean(sgnprob[1:i - 1]) = 0.1626827570201903
13056/16384
mean(sgnprob[1:i - 1]) = 0.15633856759862122
13184/16384
mean(sgnprob[1:i - 1]) = 0.15133125995600394
13312/16384
mean(sgnprob[1:i - 1]) = 0.15438359251746675
13440/16384
mean(sgnprob[1:i - 1]) = 0.1564848575042786
13568/16384
mean(sgnprob[1:i - 1]) = 0.1581042234834525
13696/16384
mean(sgnprob[1:i - 1]) = 0.15239138371668492
13824/16384
mean(sgnprob[1:i - 1]) = 0.14765246328582796
13952/16384
mean(sgnprob[1:i - 1]) = 0.14314386065515017
14080/16384
mean(sgnprob[1:i - 1]) = 0.1458200156261098
14208/16384
mean(sgnprob[1:i - 1]) = 0.15013725628211444
14336/16384
mean(sgnprob[1:i - 1]) = 0.14489012905476106
14464/16384
mean(sgnprob[1:i - 1]) = 0.139597593860195
14592/16384
mean(sgnprob[1:i - 1]) = 0.13480912891508465
14720/16384
mean(sgnprob[1:i - 1]) = 0.13037570487125483
14848/16384
mean(sgnprob[1:i - 1]) = 0.13261938438741833
14976/16384
mean(sgnprob[1:i - 1]) = 0.1358931552587646
15104/16384
mean(sgnprob[1:i - 1]) = 0.13076872144607032
15232/16384
mean(sgnprob[1:i - 1]) = 0.133215153305758
15360/16384
mean(sgnprob[1:i - 1]) = 0.12676606549905592
15488/16384
mean(sgnprob[1:i - 1]) = 0.1293342803641764
15616/16384
mean(sgnprob[1:i - 1]) = 0.12648094780659622
15744/16384
mean(sgnprob[1:i - 1]) = 0.12824747506828432
15872/16384
mean(sgnprob[1:i - 1]) = 0.13162371621195892
16000/16384
mean(sgnprob[1:i - 1]) = 0.13344584036502283
16128/16384
mean(sgnprob[1:i - 1]) = 0.13635518075277486
16256/16384
mean(sgnprob[1:i - 1]) = 0.13909566287296216
16384/16384
mean(sgnprob[1:i - 1]) = 0.13507904535188917
827.820144 seconds (167.11 M allocations: 70.745 GiB, 1.90% gc time, 1.25% compilation time)
