## SLURM PROLOG ###############################################################
##    Job ID : 8833816
##  Job Name : sbatch_etgent.sh
##  Nodelist : node1736
##      CPUs : 8
##  Mem/Node : 4096 MB
## Directory : /oscar/home/trazzaz/AFQMC
##   Job Started : Thu Feb 27 11:05:43 PM EST 2025
###############################################################################
seed = 1370
U = 2.0
β = 6.0
Warming up
128/1024
256/1024
384/1024
512/1024
640/1024
768/1024
896/1024
1024/1024
Measuring
128/16384
mean(sgnprob[1:i - 1]) = 0.25984251968503935
256/16384
mean(sgnprob[1:i - 1]) = 0.3411764705882353
384/16384
mean(sgnprob[1:i - 1]) = 0.16449086161879894
512/16384
mean(sgnprob[1:i - 1]) = 0.04500978473581213
640/16384
mean(sgnprob[1:i - 1]) = 0.07668231611893583
768/16384
mean(sgnprob[1:i - 1]) = 0.11603650586701435
896/16384
mean(sgnprob[1:i - 1]) = 0.1418994413407821
1024/16384
mean(sgnprob[1:i - 1]) = 0.15347018572825025
1152/16384
mean(sgnprob[1:i - 1]) = 0.17115551694178974
1280/16384
mean(sgnprob[1:i - 1]) = 0.1743549648162627
1408/16384
mean(sgnprob[1:i - 1]) = 0.17697228144989338
1536/16384
mean(sgnprob[1:i - 1]) = 0.1752442996742671
1664/16384
mean(sgnprob[1:i - 1]) = 0.18701142513529764
1792/16384
mean(sgnprob[1:i - 1]) = 0.20603015075376885
1920/16384
mean(sgnprob[1:i - 1]) = 0.21104742053152684
2048/16384
mean(sgnprob[1:i - 1]) = 0.2154372252076209
2176/16384
mean(sgnprob[1:i - 1]) = 0.21839080459770116
2304/16384
mean(sgnprob[1:i - 1]) = 0.1923577941815024
2432/16384
mean(sgnprob[1:i - 1]) = 0.19786096256684493
2560/16384
mean(sgnprob[1:i - 1]) = 0.19968737788198515
2688/16384
mean(sgnprob[1:i - 1]) = 0.21473762560476367
2816/16384
mean(sgnprob[1:i - 1]) = 0.21989342806394316
2944/16384
mean(sgnprob[1:i - 1]) = 0.22663948352021746
3072/16384
mean(sgnprob[1:i - 1]) = 0.22956691631390427
3200/16384
mean(sgnprob[1:i - 1]) = 0.20100031259768678
3328/16384
mean(sgnprob[1:i - 1]) = 0.2058911932672077
3456/16384
mean(sgnprob[1:i - 1]) = 0.18726483357452967
3584/16384
mean(sgnprob[1:i - 1]) = 0.18838961763885012
3712/16384
mean(sgnprob[1:i - 1]) = 0.16680140123955808
3840/16384
mean(sgnprob[1:i - 1]) = 0.16957541026308934
3968/16384
mean(sgnprob[1:i - 1]) = 0.17317872447693472
4096/16384
mean(sgnprob[1:i - 1]) = 0.15506715506715507
4224/16384
mean(sgnprob[1:i - 1]) = 0.16315415581340278
4352/16384
mean(sgnprob[1:i - 1]) = 0.16892668352102966
4480/16384
mean(sgnprob[1:i - 1]) = 0.1743692788568877
4608/16384
mean(sgnprob[1:i - 1]) = 0.18341654004775343
4736/16384
mean(sgnprob[1:i - 1]) = 0.1932418162618796
4864/16384
mean(sgnprob[1:i - 1]) = 0.19679210363972857
4992/16384
mean(sgnprob[1:i - 1]) = 0.18052494490082147
5120/16384
mean(sgnprob[1:i - 1]) = 0.1834342645047861
5248/16384
mean(sgnprob[1:i - 1]) = 0.18963217076424624
5376/16384
mean(sgnprob[1:i - 1]) = 0.19144186046511627
5504/16384
mean(sgnprob[1:i - 1]) = 0.18008359076867164
5632/16384
mean(sgnprob[1:i - 1]) = 0.17066240454626178
5760/16384
mean(sgnprob[1:i - 1]) = 0.1606181628754992
5888/16384
mean(sgnprob[1:i - 1]) = 0.1649396976388653
6016/16384
mean(sgnprob[1:i - 1]) = 0.15577722360764754
6144/16384
mean(sgnprob[1:i - 1]) = 0.14634543382712029
6272/16384
mean(sgnprob[1:i - 1]) = 0.1487800988678042
6400/16384
mean(sgnprob[1:i - 1]) = 0.15268010626660417
6528/16384
mean(sgnprob[1:i - 1]) = 0.1460088861651601
6656/16384
mean(sgnprob[1:i - 1]) = 0.14710743801652892
6784/16384
mean(sgnprob[1:i - 1]) = 0.15022851245761462
6912/16384
mean(sgnprob[1:i - 1]) = 0.1419476197366517
7040/16384
mean(sgnprob[1:i - 1]) = 0.14504901264384146
7168/16384
mean(sgnprob[1:i - 1]) = 0.13380772987302916
7296/16384
mean(sgnprob[1:i - 1]) = 0.12762165867032213
7424/16384
mean(sgnprob[1:i - 1]) = 0.11976289909739997
7552/16384
mean(sgnprob[1:i - 1]) = 0.11534896040259568
7680/16384
mean(sgnprob[1:i - 1]) = 0.10925901810131528
7808/16384
mean(sgnprob[1:i - 1]) = 0.10055078775457922
7936/16384
mean(sgnprob[1:i - 1]) = 0.0941398865784499
8064/16384
mean(sgnprob[1:i - 1]) = 0.09636611682996403
8192/16384
mean(sgnprob[1:i - 1]) = 0.09022097424001953
8320/16384
mean(sgnprob[1:i - 1]) = 0.095323957206395
8448/16384
mean(sgnprob[1:i - 1]) = 0.09932520421451403
8576/16384
mean(sgnprob[1:i - 1]) = 0.09387755102040816
8704/16384
mean(sgnprob[1:i - 1]) = 0.09042858784327243
8832/16384
mean(sgnprob[1:i - 1]) = 0.09410032838863096
8960/16384
mean(sgnprob[1:i - 1]) = 0.09722067194999442
9088/16384
mean(sgnprob[1:i - 1]) = 0.09959282491471333
9216/16384
mean(sgnprob[1:i - 1]) = 0.10233315246880087
9344/16384
mean(sgnprob[1:i - 1]) = 0.1045702665096864
9472/16384
mean(sgnprob[1:i - 1]) = 0.09935592862422131
9600/16384
mean(sgnprob[1:i - 1]) = 0.10094801541827274
9728/16384
mean(sgnprob[1:i - 1]) = 0.10414310681607895
9856/16384
mean(sgnprob[1:i - 1]) = 0.10684931506849316
9984/16384
mean(sgnprob[1:i - 1]) = 0.1090854452569368
10112/16384
mean(sgnprob[1:i - 1]) = 0.10513302343981802
10240/16384
mean(sgnprob[1:i - 1]) = 0.09952143764039457
10368/16384
mean(sgnprob[1:i - 1]) = 0.10118645702710524
10496/16384
mean(sgnprob[1:i - 1]) = 0.09537875178656503
10624/16384
mean(sgnprob[1:i - 1]) = 0.09648875082368445
10752/16384
mean(sgnprob[1:i - 1]) = 0.09868849409357269
10880/16384
mean(sgnprob[1:i - 1]) = 0.09403437815975733
11008/16384
mean(sgnprob[1:i - 1]) = 0.09766512219496684
11136/16384
mean(sgnprob[1:i - 1]) = 0.09259092950157162
11264/16384
mean(sgnprob[1:i - 1]) = 0.09526769066856078
11392/16384
mean(sgnprob[1:i - 1]) = 0.09770871740848038
11520/16384
mean(sgnprob[1:i - 1]) = 0.09992186821772724
11648/16384
mean(sgnprob[1:i - 1]) = 0.09504593457542715
11776/16384
mean(sgnprob[1:i - 1]) = 0.09740976645435244
11904/16384
mean(sgnprob[1:i - 1]) = 0.10039485843904898
12032/16384
mean(sgnprob[1:i - 1]) = 0.10148782312359737
12160/16384
mean(sgnprob[1:i - 1]) = 0.09844559585492228
12288/16384
mean(sgnprob[1:i - 1]) = 0.10116383169203223
12416/16384
mean(sgnprob[1:i - 1]) = 0.10302053966975433
12544/16384
mean(sgnprob[1:i - 1]) = 0.10547715857450371
12672/16384
mean(sgnprob[1:i - 1]) = 0.10804198563649278
12800/16384
mean(sgnprob[1:i - 1]) = 0.11024298773341668
12928/16384
mean(sgnprob[1:i - 1]) = 0.11209097238338361
13056/16384
mean(sgnprob[1:i - 1]) = 0.11359632324779778
13184/16384
mean(sgnprob[1:i - 1]) = 0.11537586285367518
13312/16384
mean(sgnprob[1:i - 1]) = 0.11667042295845541
13440/16384
mean(sgnprob[1:i - 1]) = 0.11942852890840092
13568/16384
mean(sgnprob[1:i - 1]) = 0.11726984594973096
13696/16384
mean(sgnprob[1:i - 1]) = 0.11924059875867105
13824/16384
mean(sgnprob[1:i - 1]) = 0.12160891268176229
13952/16384
mean(sgnprob[1:i - 1]) = 0.12307361479463838
14080/16384
mean(sgnprob[1:i - 1]) = 0.12451168406847077
14208/16384
mean(sgnprob[1:i - 1]) = 0.12592384036038573
14336/16384
mean(sgnprob[1:i - 1]) = 0.1268922218346704
14464/16384
mean(sgnprob[1:i - 1]) = 0.1238332296204107
14592/16384
mean(sgnprob[1:i - 1]) = 0.12000548283188267
14720/16384
mean(sgnprob[1:i - 1]) = 0.11665194646375433
14848/16384
mean(sgnprob[1:i - 1]) = 0.11860982016569004
14976/16384
mean(sgnprob[1:i - 1]) = 0.11919866444073456
15104/16384
mean(sgnprob[1:i - 1]) = 0.12070449579553731
15232/16384
mean(sgnprob[1:i - 1]) = 0.12218501739872628
15360/16384
mean(sgnprob[1:i - 1]) = 0.12429194609024025
15488/16384
mean(sgnprob[1:i - 1]) = 0.12455607929230968
15616/16384
mean(sgnprob[1:i - 1]) = 0.12571245597182196
15744/16384
mean(sgnprob[1:i - 1]) = 0.12164136441593089
15872/16384
mean(sgnprob[1:i - 1]) = 0.12267657992565056
16000/16384
mean(sgnprob[1:i - 1]) = 0.12394524657791112
16128/16384
mean(sgnprob[1:i - 1]) = 0.12544180566751412
16256/16384
mean(sgnprob[1:i - 1]) = 0.1270378345124577
16384/16384
mean(sgnprob[1:i - 1]) = 0.12372581334309955
736.774603 seconds (167.11 M allocations: 70.745 GiB, 1.84% gc time, 1.24% compilation time)
