## SLURM PROLOG ###############################################################
##    Job ID : 5960431
##  Job Name : etgent_N(1,2)_seed1257
##  Nodelist : node1710
##      CPUs : 8
##  Mem/Node : 2048 MB
## Directory : /oscar/home/trazzaz/AFQMC
##   Job Started : Tue Nov 12 01:02:16 AM EST 2024
###############################################################################
U = 2.0
seed = 1257
λₖ = 0.0
Warming up
128/512
256/512
384/512
512/512
Measuring
128/1024
256/1024
384/1024
512/1024
640/1024
768/1024
896/1024
1024/1024
116.840353 seconds (80.56 M allocations: 13.061 GiB, 3.17% gc time, 9.62% compilation time)
λₖ = 0.2
Warming up
128/512
256/512
384/512
512/512
Measuring
128/1024
256/1024
384/1024
512/1024
640/1024
768/1024
896/1024
1024/1024
105.270178 seconds (76.83 M allocations: 12.896 GiB, 3.42% gc time, 0.08% compilation time)
λₖ = 0.4
Warming up
128/512
256/512
384/512
512/512
Measuring
128/1024
256/1024
384/1024
512/1024
640/1024
768/1024
896/1024
1024/1024
105.837095 seconds (76.82 M allocations: 12.896 GiB, 3.45% gc time)
λₖ = 0.6
Warming up
128/512
256/512
384/512
512/512
Measuring
128/1024
256/1024
384/1024
512/1024
640/1024
768/1024
896/1024
1024/1024
107.613418 seconds (76.82 M allocations: 12.896 GiB, 2.99% gc time)
λₖ = 0.8
Warming up
128/512
256/512
384/512
512/512
Measuring
128/1024
256/1024
384/1024
512/1024
640/1024
768/1024
896/1024
1024/1024
107.866671 seconds (76.82 M allocations: 12.896 GiB, 2.83% gc time)
