## SLURM PROLOG ###############################################################
##    Job ID : 5959480
##  Job Name : etgent_N(1,2)_seed1245
##  Nodelist : node1709
##      CPUs : 8
##  Mem/Node : 2048 MB
## Directory : /oscar/home/trazzaz/AFQMC
##   Job Started : Tue Nov 12 12:10:01 AM EST 2024
###############################################################################
U = 2.0
seed = 1245
λₖ = 0.0
Warming up
128/512
256/512
384/512
512/512
Measuring
0.6612915572247118
0.5288208628653265
0.77723703454489
0.7159252250043471
0.7480465341995074
1.3114900420810842
1.0405626204269969
0.7508057842159965
1.0698444345092826
0.7055482951990955
0.706066728445025
0.7690366155396029
0.9688511776985709
0.7317785518578116
0.7251420944012953
0.671531361517339
0.8325852057522465
0.6978029935900516
1.1471575961599343
0.734225183507722
0.8497232904340885
0.3050431743427302
0.7221855951346342
0.8081518867680916
0.7238846575218574
0.714247185994226
0.7238036702248202
0.7097489687231929
1.0282286257574538
0.9002776648014799
0.7378277238982989
1.0155436005985683
0.5441772969281201
0.6226273129727367
1.2513968655717358
0.6981184757846666
0.7184414258769363
0.7966585565348125
0.7537104972969644
0.8885936947256299
0.7511917731595527
0.7150061226053248
1.031863690074535
0.6990932379551269
0.9744585455930712
0.6143151540767379
0.6516271666630309
0.9190145049298888
0.6308068878204224
0.731928277612112
0.7287435694035324
0.6010199776628024
1.3216320987857189
0.8007841205141424
0.6513425794847436
0.7235565936829431
0.6778936354381223
1.6012592071988794
0.669461094597125
0.7015816039541428
0.8670758186819787
1.369748615832394
0.6073907369684546
0.6615160856018434
0.7634082245506668
0.7132909015444181
0.9368550110794365
0.734332272649866
0.9639660512424355
0.614609618715231
0.7367559112555133
1.0921142151127383
1.0676598844399918
0.3832985264474631
0.7341835104504857
0.7028127292038098
0.7150174557977284
0.6757955077899047
0.7020121133638676
0.6705591719930224
0.8395716907501647
0.6178986813318407
0.9536498587140572
0.6858764432386577
0.648493756876804
0.7984751617551166
0.9286875568357063
0.7172221676872736
0.8211000355833487
1.286938732042497
0.7298136757567374
0.7939118964159101
0.6715414608104731
0.4692496005946941
0.7471389806882882
0.6877698981021758
0.7086732272982599
0.7436534122739479
0.6999309204248205
0.7078389024068242
0.9660450182556625
0.5722369521470319
0.7419550694567343
0.6695724895652659
0.8339164206615219
0.7724376818018694
0.742564952286607
0.8988453933694246
0.6928026857116484
0.609697885339953
0.6933864039053168
0.7226252809575961
0.5981083751832211
0.7133608333336787
0.8215412698985041
1.1158486101787755
0.6758731329646873
0.7427733431897976
1.768306525651437
0.7369491946946704
0.6716963994098071
0.7195121845260181
0.689261479012514
0.6797832813195073
0.7154662618827741
0.5968885366616536
0.6945206872937396
128/1024
0.8812957181066099
0.40440639264671685
0.6808072351862836
0.3274856198175891
1.0463895409776096
1.2167482426216023
0.8137896847061846
1.239392534308613
0.9665427435885463
0.3471141396511883
0.9994050057814353
0.6272618771742808
0.9593552880621043
1.0854791058833801
0.45006813511849675
0.8901237357064729
0.6952374828138871
0.03950224810542846
0.6525080639873198
0.7535839136048672
0.7651015095439447
0.06445959785275712
0.3386931737290316
1.1345910330632667
0.2483536956231277
0.6558804429970473
0.8620593071589218
0.5049527954882194
0.8209593941856754
1.0941821650631045
1.1088476792836355
0.8910068867738509
0.7767951701258077
0.3944805744562643
1.095788715135761
0.8027984280651709
0.524850117938088
1.0050409057323775
0.561305093565117
0.6405501873448791
0.19361033131073702
0.9782745745443635
1.1978032623658157
0.971833023422469
1.1148084556962374
0.5978908131331052
1.0717296009576653
-0.056887412960220485
0.8676850462901949
0.9822031260236281
0.6961263095951568
1.1218402888714365
0.3009663850639162
0.7937674134433124
0.4715818131521118
0.4388074491045625
0.8887287120695498
1.1559638944795443
0.45981614094574585
1.0213050260873766
0.9496891540884898
0.3325083633343102
0.9491893303222222
0.9521709713229565
0.3284422053992252
0.7997583285481888
1.1382655737064593
1.1179209999890174
0.6308995924169633
0.7443984307972003
0.6313646567205713
-0.015015671328394875
0.972737022791557
0.726026739920561
0.8446721697501323
1.0523980210110435
0.6604142280714995
1.2677116149705911
0.7230727532224905
1.076009246795394
0.31083794853318625
1.006572439468659
1.2363423622974716
0.7182934560393255
0.5741534329277451
0.746391784637481
0.3487662801088427
0.40366435339082796
0.9648955618820064
0.6025901874780079
0.8037072614652863
1.1967910005431295
0.5569922888260126
0.8665430155184437
0.5431100349340762
0.7924396083391827
0.432970762551947
1.183102076592558
1.1347992869999775
0.9124942359754875
1.1368782149593697
1.1206929474241414
0.5120096341765712
0.9763453337773522
1.1210554574191238
0.8553692265717215
0.8256488556174657
0.47515855920668093
0.6857727655556677
0.8021575870451738
0.3800831608461434
0.5911688860813906
0.8666653944677288
0.7579180555181099
1.1182330966910936
0.766476575617508
0.9428672290978803
0.8540638140239061
1.2141669146456486
0.355739366744987
1.1597444251791198
0.9228096064751661
0.8711669818115892
0.852101024941922
0.3579124728101303
0.4575124640652215
0.6032459367631434
1.1068297458711527
256/1024
0.6244864400754395
0.741882175974278
0.662052880578853
0.7551493654575134
0.7661935006437679
0.8017497606415099
0.6063537553662954
0.7324197578307334
0.8020817146330766
0.7427233315301395
0.7694735211861471
0.5748103794126711
0.7478800260885583
0.8320063526876939
0.6926596543350123
0.7000313349759297
0.5797454651070435
0.7209294698954204
0.5504491261764317
0.7666364761862854
0.8868029629305867
0.8908774101166368
0.7212075263152347
1.01325016011339
0.8035844088973952
0.8273225391389732
0.7264022523819307
0.5689964671497614
0.6877937179693279
0.7146938860552428
0.6876749407362044
0.8200028974976279
0.7966114880785257
0.679501940890399
0.7716967345106917
0.8911854455188564
0.41467150971537514
0.6181932884328791
0.6816652175638205
0.8359339339796561
0.710476728630159
0.7008303078917975
0.7401043338021015
0.8165306215421704
0.7856512208258842
0.7229439961015218
0.7639408505485181
0.7429254197311177
0.7634509528803606
0.6785895670670455
0.7940966136883961
0.7361999147402987
0.676735839589011
0.7404440989543362
0.7519522883884602
0.5156102700981581
0.3917357339310046
0.749676430512258
0.6471591659222434
0.8981022280455251
0.751473196694952
0.7174760159697338
0.7070971686483256
0.7182339605120874
0.7112814601082105
0.6967884910087674
0.9137463180028935
0.7176429703997271
0.5552199620127397
0.7773226072964319
0.7441933300971754
0.6986246262063768
0.7205374689624283
0.7177365028699474
0.6915256978720461
0.7200843200459699
0.6468961038124105
0.6933542830223676
0.695142155054445
0.6357653473170233
0.7995482522233885
0.6343921163441544
0.8580354810956362
0.6637912509053171
0.6408458198278324
0.9847833016405574
0.7807986744551008
0.7160087160126101
0.6837751695723153
0.7293351484427504
0.6744597105557095
0.7443944698173406
0.6650561119455556
0.7040955766694847
0.5476703184658195
1.1026634156537594
0.9525863583766707
0.97517123499326
0.2626154669836538
0.5335086462370909
0.8198929879260254
0.5886297701449497
0.847107185711533
0.6948782813511514
0.5833535502814083
0.7446184754415905
0.7293465925583555
0.7249997839133144
0.7127897935797143
0.6948611882903957
0.7753334818557298
0.7725297809908501
0.7225978869468364
0.9154871492215064
0.7461938134717288
0.6501813883647055
0.846697004592518
0.7396546527312305
0.580104559654966
0.7249050446106394
0.7673809912781346
0.7569479804533368
0.6308490310511421
0.7025001503134789
0.7453768392146831
0.8962701362378412
0.755804155640323
0.7806453461828688
384/1024
0.7293700965421237
0.6896270025748898
0.5845134795980357
0.9138413974812034
0.7658299902995152
1.0450131964594893
0.851356535320063
0.7068048734849931
0.712747570958831
0.6155146213938032
0.583692308419753
0.6364173960802443
0.7557039396035773
0.7802639127741434
0.7282974177780255
0.5510033125502586
0.6136702488766982
0.6086540985088151
0.6345594449934242
0.6797873957583479
1.0099991900112406
0.6366693055671295
0.7328797954943447
0.6581136350015591
0.6151387155942858
0.6198364464395156
0.7969461614776193
0.731603117747689
0.6353560985622654
0.5933795252975
0.9028208058868947
0.44082317766793394
0.7420015896159234
0.7069961102305236
0.6554450870545597
0.7269270989610255
0.8724584367963747
0.7111087519081459
0.6369702382260517
0.6200935070073927
0.43039458265045205
0.6616518753062679
0.6702328142852608
0.6695558524266554
0.6191825497969707
0.9873209557900524
0.6912266712675602
0.7013032684512732
0.6979327414829514
0.6083137328090031
0.6485402320280876
0.8445167086879217
0.809200270249234
0.6491705001486219
0.36869535011863214
0.6599417429926928
0.7428154728036808
0.8853759553233155
1.0139104810775939
0.7881745274737086
0.6256818154609118
0.6147152822590103
0.6505332588820328
0.6982089777036296
0.7409513099637308
0.6685566466413801
0.9514765204118508
0.8769994167210958
0.7280320491178166
0.6843990205486521
0.8083623269750433
0.6915662993421797
0.6931817094999793
0.6609929578840003
1.296587597890371
1.0324299766822684
0.7575261146351151
0.6472428965488535
0.6652370051103215
0.8531137824367419
0.7300711262099507
0.5948636784703409
0.5395593742623233
0.7484386286280501
0.6126909067142196
0.7689266384076485
0.8434091178046517
0.6674130707350895
0.7612283690678646
0.7900847218938092
0.7360893415590448
0.8980386678552972
0.6268654374462991
0.7590722031886764
0.7229698069791712
0.6242526391621442
1.0142073525710944
1.2827737712547376
0.6087961596593404
0.6250882813838112
0.7357815525582256
0.622400999197751
0.677542291249604
0.8577196906135137
0.596664525594705
0.5252223372822757
0.6179336876207269
0.7616453446982345
0.6908449065071041
0.6399098489008415
0.9047608724369672
0.7856658166337316
0.5586821377468385
0.656383045474607
0.6270750174421672
0.6920712678797314
0.9193357185436413
0.6330830077559763
0.722137476476292
1.017755974100798
0.6655318079189851
0.624541285060188
0.742835602002226
1.0982382559205959
0.711289913975806
0.7462959117047021
0.6663470595990514
0.8597382236988371
512/1024
0.6020878007698248
1.6961517769197072
0.9202888375196271
0.19485724518671152
0.5342778475367554
1.7573834955275285
0.1953032409665853
0.22351813604139786
0.19746781020772008
1.4597765904506366
0.5518955643650538
0.9284937036303029
0.9617387469588038
0.7015404039463242
0.3269764299153247
0.40975712060096814
0.32801883416992195
0.9795556556203815
0.2193162717855555
0.600509100856312
0.25906592848236865
0.33690391068227404
0.8487871871972699
0.9568992486922372
1.1778815578422763
0.6377753378288087
1.0480823505221761
0.6325000425079127
1.5650813107426915
1.02426291281897
0.7175328897132811
0.3017719731501811
0.23939244718055114
0.6472161259072234
0.15506903540282443
0.7952518242950115
0.6467298043428096
0.5472910762460673
0.13403132139783053
0.6809173027971686
1.9986495610880464
1.771257730275824
0.9535563817601742
0.6707445221076628
0.5059110480680784
1.7981217715187985
0.36374931023328094
0.19299329840763765
2.2092080234052993
1.5343653632542358
1.0997960801670967
0.3980801137657376
0.4884710882460601
0.1579966183058739
0.33512160831837307
0.22614785474139956
0.3217105225421483
0.17192123111503493
1.8860076562177372
0.21443337782163346
0.508081661211812
0.4723729317911928
1.4136862814252034
0.2962963457205279
0.3447834491227566
0.45427814178839215
1.1114571531156876
1.4580843945758957
0.2980327682752996
1.5806261611712817
0.7767527016921227
0.3798600566095405
0.3974309204186773
0.17714660847980931
1.4333721689035641
0.5793901218963883
0.6387992025704101
0.4869983990702731
0.2989739955059948
0.7311874747370928
0.39867950671307584
0.7610069118209353
0.7705739523141152
1.4583925169804122
0.6487076347405283
0.7614458017388971
0.5235514529790974
2.836375153276069
2.114000901470791
1.9873978940959893
0.9276028404809266
1.7813035775940855
0.13545746829873853
0.4862038427309129
0.5786351244952074
0.5213608205731238
2.0848948000695025
0.7133422973304123
0.8955000177067922
0.24425295261277724
0.42120711945889067
0.17398097955762853
0.17508141652147305
0.49208146129424
0.345465862482224
0.6977130964065368
1.216980183962261
0.7621489926125433
0.8867312687135154
0.19127634528749365
0.5805085786415634
0.4096555181406408
0.32753243016342426
1.3806615644958669
1.5476526767016108
0.38435641789743497
0.17917443695393884
0.6206070831775907
0.3326602405835074
0.34864921734128557
1.8497784042244259
0.5406177992924741
1.420119564280895
0.5229723220263613
1.480613962418146
1.583673254396414
0.15241970173090813
0.466796090317337
640/1024
0.26345519768979975
0.4418557101132742
0.4583039731647447
0.3956013874262969
0.5680891574548866
1.311220893598724
0.23451380368287475
1.703753254011545
0.644595938864684
0.3097401216172451
0.40273047108866794
0.3768903330880573
0.5718929132090964
0.829329927596543
1.1340571998120343
0.8531397725648153
0.6271548853128562
0.29596232186328697
0.7778620555654217
1.2369196177890682
0.9948620236342611
0.6315569738321809
0.913266585645826
0.24404229600449154
0.5353785329146815
1.066404020253665
0.4174182642291605
1.27402471622105
0.5239052017712951
0.5727639817496231
0.2364281387782357
0.2738044732387901
1.8212074727840712
0.9890166556530823
0.43905193012460203
1.6148587572263748
0.25202852095140593
0.8563789421829723
0.9436274910334993
0.5096613918470393
0.22824007920884803
0.35045232781810665
0.5829562445527094
0.41689516407869887
1.6050441382507423
1.147706939433586
0.28502464426777213
1.5081399993185438
1.351524040343655
0.6523922959150144
0.4915827880945788
1.346742177967526
1.6758739574585435
0.22946292212499952
0.6294166571103763
1.301053088516625
1.1554971409838795
0.3169143138681512
0.2770013979506206
0.6174271263080778
0.3886329079970503
0.34972222557654276
0.9460904149397382
1.3389605577656756
1.0472212314877543
1.0841342748914469
0.3933083821855188
1.1569705285704965
0.6126506460315582
0.35591929475121575
0.7845406071217567
0.6525299634635905
1.1316511800006197
0.6541858095832572
0.9145538711777359
1.0609350635822765
0.5563803521400827
0.45569420239878233
1.6332595136295631
0.21997221479199924
1.4591651223908375
0.42641984969487595
1.5432750722170452
0.9358466175646059
0.5362691929424801
0.8759922783159506
0.9145081938352748
0.8965345791799797
0.5981100651966631
0.9095129382888093
0.8635680955060008
0.3397696030439902
0.3269099519438349
0.9417446367679982
1.150553640358477
0.44557700565032976
0.6804266090218689
0.6619607471224134
1.3328710295650623
0.8053783980626161
0.47074837172062733
1.9825812939838574
0.3235799290929131
1.6557569733924253
1.3305317918218857
0.354610458032886
0.9021536256096175
1.0699979090774265
1.0809824863384256
0.33247481855218686
0.8963721486948748
0.6059394190363429
1.696593159132975
0.9822486179050447
1.091714442412689
0.47441297491461076
1.6503814077715895
1.4206988551362119
1.4369539245157892
1.1552428977020952
1.0224374174751505
0.7488046114505177
1.0283500816378992
1.562441923210844
0.9346693580232159
0.3210698852236542
1.1721554926243687
0.835217219137373
768/1024
0.5246829111293241
0.8321654173092503
0.7703550443918079
1.3484524499569988
1.129003865971269
0.6444458890859126
0.9374583403808048
0.47637804061834155
1.372782808768329
1.254336152899053
0.4504332668614905
0.834132808273681
1.219912789588287
0.46177336811259684
0.6234146960867416
0.9373019867499945
0.6029830021673573
0.7976870982431252
0.7824275695031909
0.797384222293379
0.7278107325389358
0.7237542580242307
0.6920478172503938
0.7453652114508382
0.5229411478037759
0.6065557036838701
0.5802364057311185
0.5145935264444064
1.477318667155755
0.9721983051014832
0.5002263654217162
0.5967805519819096
1.0559431526877734
0.5340367268712143
0.5815665235039489
0.5478917880869464
0.5300397541626994
0.7291347218685064
1.3575550294617096
0.845215724331071
0.9295870527284672
1.1121317532139325
1.25931981767721
0.6956602053624688
0.8942274710695807
0.9356928678941211
0.8226100451664446
0.46720163797695174
0.7600183711431936
0.8148216534260343
0.5844141812832636
0.7651537980855788
1.0768382261634961
0.464839371165819
0.8689431798896216
0.5360095648150721
0.4689509186047712
0.936408587391336
0.6793749361496373
0.7178796519646007
0.5133867620868542
0.5068845357539123
0.539424736722238
1.44477954418906
0.9331023878514859
0.5924883589694719
0.7813031599629907
0.5061954234062361
0.6646983373967229
0.6974582518257466
0.4897532595156348
0.47651856594999403
0.7154942695719158
1.3404758459714867
0.8476311232044516
0.656502672746383
0.5620700319033458
1.4884630855566203
0.7241505188243305
1.0743123989661323
0.47128903058583216
0.9074058367988987
0.6961009137193048
0.9165495047651535
0.5229232283096261
0.950330071735253
0.8453199610558804
0.6082759720432478
0.9550657169172826
0.8420578791655084
1.2109490725808272
1.1653399867132006
0.6633044514183022
0.9790749505910241
0.46421067507287017
1.1228941900067562
1.2831580110416483
1.3641058485198005
1.3269876516178727
0.698338640735304
0.6327832738648547
0.546677685236741
0.6954771368227228
0.5623947595829321
0.5643395305263843
0.6940716562031131
0.7855917606141677
0.7526088641102868
0.45679593123411294
0.7517929130614944
0.863993651558614
0.8785749644476593
0.5584051821222682
0.691031117442332
0.5836506571383386
0.7460409824603381
0.9807821195746556
0.5285760180926179
0.8497150125749376
0.8253158509626459
1.0084734857761162
0.5944272191901486
0.5378687375987622
0.4958262823883036
0.4665635585732154
0.6523227573467754
1.1354103526688397
1.009069803736171
896/1024
0.5911985039164289
0.5667921129753913
0.4617240974975343
0.6213062537748707
0.46248478568000695
0.484208755076891
0.8961458453453712
0.9564030886198304
0.8316853003179394
0.4350266874956321
0.5595028914760828
0.5291843251953039
0.4368677701337592
1.798549508367747
0.6268875490717819
0.7363973584732804
0.7941674993481158
0.6164917907668886
0.6436642505801595
0.7083033691053957
0.8098122061703346
0.4470448339115142
0.8211134786161013
0.49484043561967317
0.4463159208279484
0.43450016247689804
1.267935866937043
0.4288899287704404
0.7803479219492472
1.0237257401878124
0.769580815144052
0.667488897407613
0.4874347706769783
0.5561288953160135
0.452943905280094
0.7218731204631819
0.5585551862448117
0.8594642626502704
0.4173378911208076
0.660925935517026
0.8019223545210563
1.037986467294695
0.5546081886794736
0.9301728181920204
0.9409858486933361
0.4972791805227311
0.6027453898223177
0.7895050437879118
0.7036932249862106
0.5315806501934578
1.3678405765063613
0.8402753300503764
0.40136621004646394
0.6012738719882376
0.6426804692829744
0.5994120415840143
1.1049318981961176
0.5564824484712204
0.5233446985881971
1.5409659298426093
0.6314367344952816
1.4420474765728484
0.4158824536513165
0.5509017947915336
1.0002724649668266
0.5397574335522598
0.7551345313610531
0.9296332251975654
0.577639254180333
0.6635026629987774
0.7714189580004925
0.6539388639901704
0.41788213324432266
0.5126492410123851
0.5058502270515116
1.1864871343733916
1.0657875585128194
0.6780918079518886
1.0243584389697162
1.044327043803011
0.8872723764159532
0.6897113382349727
0.842801537012811
1.447871029783255
0.6356922356967342
0.7471633751062087
0.615561943664401
0.5512784444231209
0.705083704471799
0.6078238000840356
1.5111656755639706
0.8821884898381188
0.5365710700663314
0.4691280311000369
0.47826675599152774
0.6041273303605348
0.8565550720658909
0.9667324071242884
1.510368053092867
0.766536053892373
0.7297799801151659
1.1402821328966166
0.6707554420496862
0.45869413714751095
1.0560379005896416
1.000922045375872
0.41347576066246894
0.5388301410173314
0.7874792177153909
0.8451450924947538
0.44412589666281205
1.1833356783002245
1.0027624224489133
1.159979509805867
0.7847443085521179
0.6643898517887679
0.7031616218179229
1.6512420498125397
1.3060852412218409
0.47587986047942105
0.5326091048682144
0.7047825491816808
0.5904941773182512
0.7562532948426494
0.5605787516894418
0.42813149482516766
0.7392090919094061
0.7164239333778837
1024/1024
0.7261472494972362
114.707846 seconds (80.46 M allocations: 13.057 GiB, 2.84% gc time, 8.03% compilation time)
λₖ = 0.2
Warming up
128/512
256/512
384/512
512/512
Measuring
0.7503736139825101
0.707126645619764
0.7091915909852285
0.6891088016406353
0.8919201196840499
0.6898452952540242
0.721147806418838
0.6768964592563634
0.7345297299493545
1.096585760328963
0.7310166198117826
1.3424544575307507
0.6901291618126666
0.7529791764058786
0.7023457292805337
0.9143878345940393
0.7484188258610351
0.8394492916662597
0.676872709542757
0.7703798127697713
0.894008795915114
0.7337644378007758
0.6438989734502367
1.2891560316555921
0.7641871543836156
0.7507223339410141
0.6908876798522785
0.6895964723421109
1.0776109750491694
0.7606438572424266
0.7798721482472419
0.7563194222184464
0.7537282209590923
0.9823281188538903
0.9539738572637437
1.0888370035018984
1.027390324303828
0.6977662919538323
0.7775902849202707
0.9383301207908621
0.7514784166495045
0.8001854215347045
1.1998013321526977
0.8184780435581289
0.6792693932219559
0.9847725705156002
0.7192638110552704
0.8363421533912758
0.710039787944519
0.7194202989316008
0.7920156114355298
0.6911033875994752
0.693953255846404
0.7006216202717302
0.7788156936510879
0.7547962874497702
1.046069610540998
0.8260240094056784
1.359269613599527
0.7047975860856297
0.7823250818350929
0.8663555635949896
0.6997978215747068
0.6972079720624694
0.7762430195556161
0.7596170900548598
1.037943587529357
1.1394497138862134
1.3356158760034553
0.7737368639518911
0.6978277277374323
1.0673296549797413
0.862989725070468
1.3090523873624451
0.9328958246663758
0.6963096396799537
0.7124607378056664
0.7537697954165572
1.1506327040105793
0.7019672916101927
0.7337163707127969
0.7175176919182595
0.7186725358092388
1.0004746293344853
0.7682148916326347
0.7622867278585006
0.7134784303847
0.824737492215665
1.1273508355281774
0.7639407282489923
1.0840029844912575
0.7534801800925178
0.8717146229551038
1.1998165532273561
0.6922185969948046
1.04819358279349
0.8588121538958156
0.8235403864541353
1.8431935821249685
0.750013733452462
0.7756893044378339
0.702295001602887
0.7630286691443711
0.7063681830072999
0.7600399592976839
0.9602462599354783
0.8083825938595532
0.7029612810682256
0.9185226774802122
0.9125782738913429
0.793982871360355
0.780126101024839
0.6853953920766309
0.9418319285051626
0.6779702123290198
0.8481684036229578
0.7456850079412035
0.6989258156689604
0.8130423793963087
0.6936640071688331
0.8195627474382321
1.4759939643263191
0.7153598472698107
0.8894834385266025
1.3379192238150202
1.1139287320142
0.7219217811453192
128/1024
0.7471643315924955
0.5451169890429272
0.8521836698911543
0.5807956201891389
0.7803203419050094
0.34197835275036065
0.820780677734841
1.5885540216996863
1.1894546232344327
0.9815036143515871
0.8301533812798042
0.48802300731598725
1.0876689566923254
0.659134536216371
0.47306962949291276
0.5582714374281184
0.5311243040681402
0.4894752278306763
0.9787179889885028
0.6325031197456369
0.9173849837722274
0.5096288525573852
0.4532062427286805
0.7259017991325052
0.7534967852695269
0.9022192705721087
0.5378258363990605
0.42828458001587
0.6410591579520002
0.46366001895725034
0.5534006348580652
1.0109857139759284
1.2624389352557084
0.3766574004844287
0.5443205646873399
0.4115519155395369
0.4202883085811298
1.1882687421711244
0.9862403768563428
0.9167560638558131
0.5251558102421241
1.5303072197138223
1.1455527363616276
0.39291288312667705
1.3974295330686584
0.8638855559270857
0.856756015596256
0.775989097666673
0.7222571545019061
0.7308421333768607
0.7897272551470873
0.452288103391258
0.801153329578094
0.40902917706216024
0.41834895114545345
1.3922293966050223
0.7624055110357719
0.6507197710818718
0.9810724219173137
0.6324192241135682
0.867372817149904
0.4704186941499807
0.48083899899092414
0.7243987468607491
0.4927697791659674
0.4495017484606201
0.6493098001230357
1.3222047513230042
0.5507895995503602
0.40429829602119405
1.0923434406488004
0.8839863068258444
0.803993888136622
0.9542296454907789
0.5122570168690591
0.8828090699401229
0.4900606205451462
0.618415819906546
0.446996762957581
0.48231017959671807
0.3895519932878472
0.37641719293119036
0.5567404134961095
0.48023852963881697
0.858450740023849
0.46080728444897
0.9881576447471445
0.7939189675885718
0.4043239229452106
0.3984351616863358
0.41238708299072646
1.2744003850283323
0.658473433727637
0.7139341449160681
0.9664958806166843
0.925289670638269
0.5231651164802887
0.40100510764315445
0.8481816605988012
0.4869843635672497
0.3390577473226435
0.6585496670415394
0.3677071583683792
0.8758393059940602
1.0208752955373415
1.4720835909073784
0.41583888279781256
0.719224310923412
0.6541345417859497
0.6801922708286512
1.1431797324649629
0.4113366988810546
1.3982685098166356
0.35808898989640436
0.40565454711985416
0.44180311720382165
0.6439262371305644
1.0054899172389675
0.7676318548652022
0.49881768325422465
0.7663906480367326
0.8420364730762148
0.6401187661101413
0.39484201318244594
0.5854664802606568
0.4474899984461218
0.8153700015333765
0.8533268144478356
256/1024
0.9132064328436413
1.0500450573929192
0.4147051088676553
1.0982223548065473
1.2321192958654417
0.43061938346330564
1.0781450828079204
1.1457255922614262
1.058557804897144
0.5252759713443667
0.41746228544795033
0.7891032535410285
1.1284551826273352
0.7276242026403847
1.1157235527296403
0.5308080856147068
0.7510659878318577
0.8794138548833595
0.5124695060709744
0.8303681747156866
0.2668297677318864
0.7834089366931484
0.5785966924590987
0.6787390124793321
0.4000018018099071
0.41219961910506986
0.9375812985843391
1.16137157151572
0.8459345226261594
0.47213207823207914
0.8594282377457472
0.8429054062424464
0.45145824589369543
1.052019736323175
1.1959550260829603
1.052052557594209
0.6663036908311579
1.0498653412040766
0.7879381438811092
1.367019635695281
1.0432900596161387
0.5959011669398089
1.316288066883387
0.6687647313764291
1.09539613819305
1.2176990055266708
0.47351426628309506
1.196473842779807
0.9239062033532197
1.095766331936309
0.8018670644263204
1.1210334527651968
1.1199239451886283
0.5157559981833123
1.0730183115747982
0.9593453657411772
0.9194083748461664
1.3420265266764186
1.1033538440330761
0.42194073595686415
1.1316650155990335
1.08110982570158
0.8562972648120604
1.0866495581018851
0.32066505204236395
1.093845107044027
0.7389634315079021
1.1676689295804348
1.1600811999979388
0.6000150379640636
1.2544628566566436
0.6478694838054824
0.4289121769290673
0.6461956018452465
1.1119017080680496
0.6211170650914108
0.6166859619589407
0.853459878550456
0.931530871319458
0.8518676344820328
1.4237933503130131
0.39693398147693343
0.8296962569321511
0.8612129245888442
0.9938114613534803
0.6094330896410927
0.8001812649169251
0.47321292603185827
0.8077467852166551
0.37364012668347885
0.9698175168102937
0.7254957360605552
0.4844344572280513
0.8173472155892127
0.9462062982514172
0.38077840432143417
0.4834437834383776
0.9483250965161035
0.6664209038929226
0.7097902990751629
0.8731578424343038
0.8453360777524402
1.099876479113829
1.0726789232435616
1.1941325281431787
0.5038549345896325
0.9945833965999744
1.0428803165151614
0.719270376270801
0.8346713041154057
0.45601671307477676
0.7888455151728231
1.0612531245326042
0.857618570618792
0.5472232733963167
0.46165799022072884
0.49922705847499166
0.4667989710771332
0.9247087397952197
1.016718102119274
0.9866496413240093
0.5090861591013182
1.432415255077324
1.1318327093403058
0.4942647826282022
0.8656351566669565
0.8834881785022637
1.3007362468429857
384/1024
0.22542720321356907
-0.1710298780934385
0.12279630574781014
0.42165618707261876
0.19921927468440098
-0.023204607410488187
0.5831469405350733
0.04240512660443152
0.16830031096116238
0.3261501653518749
0.9029954573744464
0.9156911396576115
0.22658551211074068
1.0600203039346512
-0.2377356826797673
1.1729709614218011
-0.20423323510985847
0.17232955241757197
-0.01122470390069441
0.12010596760851056
2.002089975537742
1.0150268615703333
0.5737051423549602
0.16831321398309654
0.5142078854655451
-0.8909909888938463
-0.017527144403893358
1.2105580048170472
-0.27723111484743235
1.2119025810991069
0.8363122559414895
0.3130615433572557
-0.057309484648158326
-0.09179967768702502
-0.0317674990356015
0.10388435227518289
-0.303882809190438
-0.006914571894988841
1.0509261995855013
0.34318903240437487
0.6719449267462365
0.5175427705049397
0.9094075274140432
0.3174343540449922
-0.06597332529162236
0.4857706612608324
0.8846207640642657
0.9566391190549908
-0.5065406642202323
0.375838285800658
0.44362278357775775
-0.027980977629063375
0.6379826791776773
0.9623621878105478
1.2279453080618314
0.8166868925015637
0.14113145522645842
0.287214594261355
0.47308559170225056
0.2822531661304696
-0.21686715832047065
0.6547629113180364
0.28153849800779907
0.5767713170100957
-0.44387635647780854
0.5869200080019469
0.9752539130934621
1.6553471898350116
0.26182615135903387
1.478875749265967
-0.003605176216302519
1.468586072374113
0.6043352226600419
0.8664870668775555
1.4321635959621255
-0.6354103793551678
0.6695320416173575
0.8230390545990867
-0.12404930680948068
0.3374306858615177
1.0206780233688317
0.6690182030637523
-0.05214708930589834
0.6938030919670339
0.4802327229258233
-0.7341477115365502
0.183745558365275
0.6377245709926135
0.31680528169688654
0.5137390672146277
-0.16172681659284138
0.1953946898307042
1.6690895071324743
-0.25784210096140026
0.39719718473476834
-0.042642942667013406
0.024569891451538983
0.7370214035254764
0.7360597680830397
-0.13278418941621228
1.790846763427952
1.905089910525123
0.2835715529091393
1.0327051907438773
0.46905499391613514
0.25838964280670645
0.5605025954100513
0.186076485149393
0.861729971190561
-0.5015871702312488
-0.5754036507021558
-0.06382659217211117
0.7223923254521514
0.5974725415629081
0.6243347604882944
1.1197382830022122
0.21399344767342265
0.030392405327093808
-0.09246542501821342
0.16110837292253066
0.16752200322664018
1.3395472078722583
1.1528115860102541
1.0446050036728856
-0.16952046604113047
-0.07905666339592277
0.6080013524172427
-0.06970659587744477
512/1024
0.005850146838012438
0.492742324934619
1.095475837442081
0.38507642002259557
2.037067030671409
0.289256605058971
1.2120382070130518
0.18389669065507883
1.2537334166012648
0.4795652331797373
0.024566207059691703
0.41909353263021454
1.2165760346599934
0.3639892948366601
0.23426017579301964
0.27980650417611785
0.6259904316113534
0.1937987904148507
1.0666194597268528
0.38803706969294527
1.0348038835776276
0.5793987842816157
0.4627701041723309
0.4912746733427379
0.9904752383571627
0.3429743414285853
1.54152226798782
1.3322008969845385
1.0845875176037743
0.5036959804580134
0.5409615965427745
0.5662090305824478
1.8308984677344067
1.5153736660053785
1.5989268664180147
1.5117165886948145
0.3316082717287203
1.2884848547976397
1.2111726483542449
1.052031674920607
1.173015750173206
1.3444395757526155
0.9536698045205818
0.9795500319958907
0.983358216119457
1.0877855817445674
0.18167721721347777
1.328455013253369
0.9060339526819641
2.225842761226647
0.935295787993412
0.6513412135104979
0.8756688529670176
1.2319026091808547
0.5485369942329597
1.4769790787596024
0.5729680631047853
1.9608772625795083
1.3970883002143082
0.6192812453028848
0.9778098060938902
1.9236453451939894
0.5792136017826373
0.6966927000691445
0.6765974711272639
0.7855021903370235
0.3844208500828359
1.9056249280665098
1.5723844405375402
0.7077792368582696
0.42623028737178326
0.2770502614585825
0.12251006708987891
1.1489230232409837
0.9663832791442938
0.866344293721641
1.230840237927188
1.14848461123148
1.6602375548687525
0.4561818565103417
0.5099652480032802
0.17527384128428422
1.0921532905841913
0.5950008031261927
0.9387819175090648
1.6908282118711946
1.5470175621416296
0.2607268815971854
1.15570481216711
0.4684932971534943
1.9139392215662951
0.18326730532237503
0.24817364390627397
1.074530017314963
0.33218669367282855
0.296269660510174
1.0702092573783175
0.7629706077595486
0.07607661424030093
0.14582239940832314
0.8460533948458231
0.4535327540407018
0.4854551817619828
0.7108365114822476
0.816059588332863
0.2623882897399169
1.9311810605101094
1.4771840373482599
1.8000803881334135
0.9134788020535601
0.6111198640368758
0.6252023500040995
1.914256097947315
0.42162876425480944
1.09412673514722
0.3081689490882042
1.5841049944210464
1.619411880030286
0.1294608378942962
1.447935667343363
0.49777962658419567
1.4124947191391102
1.3435997579202992
0.7929571522619971
0.7961830668407412
0.7804076881751684
0.7254075295625809
0.4243351973095223
640/1024
0.5525850971333162
0.8743421207261417
0.7666402073691339
0.6205708119907334
0.7713019272833594
0.5630794837426076
0.5221372717625962
0.4263611741341573
0.863645227226265
1.072228503173285
0.6941106981277536
0.42652233113224514
0.6867513010088147
0.5365481104020325
0.8812066540333294
0.9124222289722248
0.9708797060258176
-0.03307184476127145
1.0197075446732637
0.651007318565543
0.7445650555297113
0.9326747638702811
1.0969542350347656
0.3015149273659319
1.086206999016892
0.8009562174585287
0.4175778509681623
0.5518351679036433
0.9117285845474703
0.8733731691786394
0.4869860066335483
0.8602801763083082
1.0584534200100748
0.8733315855756767
0.6548105723247295
0.8725769378784042
0.44052443914313955
0.9923321121454005
0.7630867106382163
1.0878388628202655
0.651890265568103
0.5101179092147415
0.9645691927270821
0.786309641674408
0.7817179482612033
0.49474001367375825
0.5048618304313295
0.8353832062783255
-0.07772337113122596
0.6488608042515422
0.6556980171933333
0.6448201037784824
0.44119957817385685
0.2780696509375501
0.7221895191329866
0.6142569462197304
0.9887531974120899
0.8315248505241045
0.7445625792710797
0.7705037017406633
0.66787993171878
-0.021117214217265978
0.5279949387094136
0.7491542160702445
0.566406064802105
0.6203547915840328
0.5719427373434753
0.8060594796291287
0.7200725619948748
0.7771114625194204
0.7332849666393996
0.8454893023258433
0.6963923319418753
0.6176173493592599
0.8954155834859756
0.8000241188072326
0.033462568756867817
0.9700086248390041
0.5105881289069352
1.1049414429796978
0.3420814320621356
0.7478353429807764
1.0570331855403798
0.7004097906866116
0.8964290314731842
1.11767329068039
0.7720472734967794
1.059848655729888
0.4361320600209425
0.5963526768443437
0.5175826708577642
0.7881392762358987
0.45211151336988753
0.7815293984047174
0.9790994743861358
0.9118327740245832
0.4382826322163653
0.5693689040204946
0.8897265326238242
0.8663015367014624
0.7108528282363902
0.9962434207164624
0.9800316584426272
0.5401731557472911
0.7109351938317705
0.567271180396029
0.43480701044047443
0.8024924749633675
0.9433470233612793
1.052672034691854
0.1401299346081613
0.912061597757422
0.9491698574585234
0.7419553565360575
0.8438459740932593
1.02370564056675
0.8241899021489321
1.036749896491279
0.7812340790648459
0.9409052125670208
0.591687487888125
0.9035917908566578
0.6187666616353631
0.5905561952230012
0.7388842000107358
0.3425666277497402
0.12638851787989214
1.0397329987991288
768/1024
0.2742190765998399
1.4471986729090345
0.6763156415466395
0.7826843656832031
0.4807375146282423
0.25244449255145834
0.4562458604231553
0.40082352555815154
1.017357794753794
0.5256062040757173
1.5806500358160702
1.7768886607708292
1.640779705329769
1.0106929106127471
0.027646579070012334
0.4931035548222741
1.6574353916829618
1.1606040044366384
0.950451441063476
0.9557212272661084
0.9611288950475313
0.43970221386124114
0.9010163892573708
0.5305632191133185
0.6979699185396623
0.5306555357346585
0.38955337640357335
0.31012807714769863
0.8487584724395478
1.0279351401326187
1.1696360544174027
-0.015579633226836975
1.0204631711869825
0.8172560230032327
0.5868164363540529
0.6577499442846759
0.921411738083338
0.27158673083248164
0.5663933390608213
0.833082552703427
1.0439408609943301
0.13010598861166506
0.7597935215837796
1.1557370569954086
0.3509695473479131
0.3575094025829991
0.8089654783768766
0.5599731569067504
0.4332370115426492
0.07241664133991549
0.3955493121223144
1.2722411628329515
0.6567384945333001
0.8045419751454107
0.1632326783077324
0.4403068241852691
1.1384017254517764
0.7327780541821596
0.4367768830985046
0.1785464247141014
0.5831645227910514
1.3897529604652195
1.4174530403008738
1.1344617241148143
1.1292394902507987
-0.010515605390572835
0.6375765621716136
0.213121734227682
1.0981415471807363
0.9831455850376304
1.7244049521727314
1.2137038368143651
1.1169598400757952
0.5511607099867921
0.210978677556422
0.20637335902466342
1.7028150696836468
0.2240573971072246
0.17810760751444477
0.43793820285884183
0.1607437862087908
0.5869672817119764
0.9463112731245863
0.8013667036756049
0.10320714166841705
1.1755549903208984
0.9338813229657537
1.162559342319726
0.2871244097125284
0.6424892450006434
0.5147571020456794
0.7404773724957735
0.09763123034730747
0.6468420026169985
0.9427111569610899
0.4829160687978487
0.7580331565741392
0.7302725826044636
0.722852534775237
0.6318333625971326
1.3403228023172533
0.9730124024341693
0.7949048514251912
0.8036651659062025
0.5455910399559463
1.193969319509596
1.4979659369380351
0.7125846192144292
1.1913122373213563
0.42082576025718005
1.4538096978578026
0.0018342706749633342
0.18083664811148556
0.4465474227707978
1.0214848576962434
0.1471794200303641
0.4468700116645286
0.4577631196426898
1.317525451423093
0.8767263340213932
1.1770722207768696
0.548768806288853
0.38772483251653445
0.6738102448414449
1.1420741049161478
1.4790436095297983
0.3105524293597359
0.23741699423622709
896/1024
1.760246397535564
0.9129875575710317
0.6336358686107599
0.5381863366538449
0.8018008412371577
0.4427464975122768
0.3713546701523923
0.6559812265050634
0.21854207191757086
0.9888919341291358
0.23441288232165386
0.8542600714612638
0.13779166499890305
0.3067362975505711
0.6619084708087626
1.2158000964380262
0.5313673325577563
0.45641803909180734
0.9831120350035978
0.18323757832839682
0.16393356979192913
1.3280299025631899
0.9346809957376865
0.4865490744007469
0.5911340450275397
0.7559945878669247
0.8546460050610949
0.7698130061461916
0.7070892903841001
1.0748398775088248
1.6945464096414666
0.42363376146749576
0.6730580310094842
0.9565507342366046
0.8404440816083983
0.2944319344664398
0.26387015997814955
1.2201941378579768
1.1443264758719547
0.2831259773906053
0.17928714225654674
0.5584813916338027
0.5759642799118749
1.5009211409408665
0.20704891186329138
1.3936587744724827
0.31687462406454636
0.8681224975122919
0.5773010703229613
0.14190892420584852
0.7384709719208673
0.4131867448879026
1.8446804781749335
1.345619698180625
0.5322916864927696
0.22203243298277803
0.7583435919550298
0.5763189177737169
0.6261179060514078
0.6852058437241182
0.5580516140706118
0.5115119855103429
1.117554564373286
1.3696145164260403
0.35388554546444595
0.5805151540434534
0.17578391120528006
1.1117739637496136
0.9984195329739416
2.1454913662854516
0.9615835702239042
0.561368594132474
0.8463020856603799
0.2727249134641322
0.6895574855775837
1.9632826693193484
0.9306474888871038
1.1840918706645478
0.432154378374241
2.2408378727401366
0.22045846352679804
1.441650944088321
0.2579383748596018
1.3695113459773607
0.9813675205332709
0.7784184059660284
0.17850807775428254
1.3674687225364697
0.9393486998515079
0.12001496974446359
0.5948563466331296
0.36257672889154996
0.7323788376659793
0.8227208633477303
0.23072453576653384
0.2377283648751249
0.2167698497645037
2.4388784929264
0.18717031248504246
0.3780420257357312
0.15970996971885737
0.938191738671457
1.3810173784196578
0.3156623057585342
1.5960922635420138
0.5370010149715276
0.4084663115096725
0.5789198667418038
0.12093591771981621
1.8350110334973544
1.4406307428812573
0.4620723188516932
0.740837489327982
0.15764195762035027
0.5528695944429252
0.6500802874343973
0.7616886452838392
0.6387014831024949
0.303889733363767
2.045381624912469
0.402775731141645
0.22772110380678226
0.9273763275057871
0.49761702770273974
1.1913558327250715
1.4202330901500153
1.2518053351002312
0.36391417221746886
1024/1024
0.3986730271254033
105.269059 seconds (76.83 M allocations: 12.896 GiB, 3.06% gc time)
λₖ = 0.4
Warming up
128/512
256/512
384/512
512/512
Measuring
0.985696236359644
0.4980519040272543
0.548940345239485
0.37627965057971113
0.5332415059805199
0.9382912327274034
0.08779693932499405
0.9586525767255347
0.17282312426776597
0.8985274761513687
0.9972067613076321
0.11058406448648139
0.4638515291002595
0.2015679270935361
0.5398681267745655
0.8777545365444097
0.7782126944914277
0.6690744281892966
0.8594880260285331
0.7997617250740602
0.48325490248347047
0.43672078947144427
0.5921366502370635
0.7420960906416934
0.7967730437468579
1.0481607530166184
0.08060382203484118
0.6395557608117257
0.9339355005624889
0.6981208426994153
0.8531065099863988
1.0526632367540212
1.0195331726403942
0.5847636433600806
0.7474370913256692
0.6799222293385224
0.8237219680270657
0.6240598196671184
0.9709584999704435
0.6180982712906314
0.9123621292547122
0.47795747563204566
0.4856024600150083
0.5754763630045043
0.3783442816613973
0.8759134165958373
-0.3438552384593987
0.9319090517999191
0.5510277095900247
0.9983817309131195
0.5886054430996301
0.5280101618856373
0.9813187458739008
0.6290076101899253
0.6672258087723372
0.6155814767449483
0.654040604121316
0.563024587986591
0.5962434343349974
0.7568483827496724
0.8359662611751539
0.7253689550078584
0.9272308595120378
0.49863759171065564
0.5873135430611699
0.44297083779230845
0.42272378757031603
0.8057260497246506
0.6782250974572835
0.5943642509201943
0.4463339101130289
0.816002274607758
0.6944628980861294
0.34541376684008696
0.5789621117154241
0.47559864303114535
0.7151910995447889
0.4680895573068504
0.9472994296334305
0.7302678904121833
0.43014441010684423
0.4124703359768781
0.6389026488506292
0.3351870221683783
0.7171260971132751
0.923952559888091
0.6414050099505737
0.6660481941225493
0.9047488807336912
0.5994656962582763
0.44739292114284673
0.7754606425375961
0.536298436934949
0.6027463479037775
0.9467054428631685
0.8861256980686049
0.7843684177078698
0.8162267798163675
0.6514447183234827
0.8885028066274936
0.04961717273959554
0.914660580676981
0.239928181423663
0.8243223079091619
0.7302766107373813
0.848772539409935
0.8394816939032421
0.47343810815769194
1.050501173052377
0.3539371452141314
0.9786385807779916
0.4720909188804656
0.8793141664622144
0.6233772979726655
0.9737804286025491
0.05805417738377777
0.9915115429950316
0.8995515087400192
0.7777312006550761
0.8107023244168972
0.7146644168433249
0.7902517709865395
0.6141726478604743
0.9865038450419411
0.12883278119009045
0.7124279415108163
0.8301297788578883
128/1024
0.823401315640049
0.7706139576519906
0.43160680529609075
0.8461268355375721
0.4872182998228878
0.8659318347370487
0.7701077571104297
0.6635179968645741
0.3241923765361977
0.444291525843407
0.6592486218080692
0.850041897886246
0.3744224475219194
0.5411010947312072
0.39650789335059056
0.4951969816180673
1.4651653531735966
0.5355274423989735
1.192155360761012
0.45450052723115575
0.840539832108863
0.9748543660382867
0.7941865498627935
0.980351294711786
1.0459810378255603
0.38343351945501314
0.4013992074956134
1.1396968612612097
1.4667355193135172
0.565539765539812
0.551201201544354
0.35440935386654304
0.9870486563171192
0.6312084362286334
0.5016898466393491
0.6641626120545441
0.4585524690112225
0.6178831296094325
0.5271536734649708
0.3613558037294924
0.36875157293685534
0.5953054492769899
0.4563458202925712
0.4552123780709719
0.7378437934062915
0.4025037767690692
0.4734110755739891
1.088333234472486
0.45145769367714356
0.7465037997937705
0.5036391576539814
1.2013912957867743
0.7164096208792602
0.9202277566870158
1.2633038642218986
0.4898626934734458
0.6803980386856402
1.2382298021015523
0.7914539844682995
0.3270538734624733
0.4179336385987793
0.35453064429992365
1.0443877628624956
0.7589846313625829
0.38456411284337466
0.9359030483556571
0.5139270524732051
0.31346554119041325
1.0238534012343778
0.30018968754438613
0.40709400484049585
1.2383382072166915
0.37438299124667884
0.4951888133853992
1.194424687701662
0.614293594833264
0.3581822219559846
0.6299581798846999
0.7130107432835172
0.5572389728099139
0.32549839127714203
0.42495575901300797
0.34916451221225164
0.46579320935169644
0.6025228859545997
0.41641341455014624
0.8127727815536581
0.913630362331532
0.6521034518945915
0.3197147547378656
0.9587821107114257
0.5263672642017174
1.0993956299794045
0.3946264447624302
0.5980952611305691
0.4713880094774817
0.31947573435689025
0.6754009526490152
0.8669789472368477
0.5800076666745257
0.6542956350422398
0.5211817267140796
0.40975788386928963
1.7509635237642887
1.4565240702232203
1.1680280679467059
0.3993395775419313
0.2958860299250333
0.7838834583664978
0.536215884193853
1.3742267026684445
0.9980577845018438
0.78353945045475
0.5422171656761312
0.8841458125756313
0.5826991514216735
0.45263092418208556
0.5974178235312275
0.555157786629495
0.5053438134505699
0.5040361408051376
1.0089866058446413
0.4100719652434427
0.553853956193336
0.3895419951293101
0.6533132613919589
0.4644030955208367
1.1115672781760018
256/1024
0.6029007714487205
0.7744159730177713
0.5175190796196475
0.6129487391896002
0.5664410324725515
0.6654276524990947
0.6471333463308044
0.6001207643926775
0.609122400804839
0.7276230047534771
0.7735778534412304
0.7016664814632997
0.6866706146592826
0.5894907506738598
0.8151584341467372
0.8135827128366713
0.7515490302310184
0.7242180383578642
0.6771578644524171
0.5754924950681134
0.8078850222922183
0.48731725343137244
0.8579459793091917
0.6236111383545959
0.7262979639360134
0.7580376462908864
0.9334709751048261
0.5738366778759489
0.8061431648547437
1.1519528716544365
0.7481579835222559
0.599486177960716
0.6730074285930326
0.8174011182687598
0.6823924660248689
0.6161069053545242
0.6307666989441794
0.6377533255664903
0.6398230112684343
0.7518404044807406
0.6389020950349062
0.6064137606871292
0.8001148483138245
0.657729810596383
0.7001622983957887
0.6222821306383554
0.6559091516429316
0.46335188232939584
0.610405678804496
0.7210061546078224
0.5673772565820956
0.8557911170723072
0.804268889864093
0.7453237331819711
0.6385507275652604
0.5744029083637872
1.6987449686952298
0.5389746414749916
0.6212818437757941
0.6102923837432606
0.6848407667778269
0.742139297663774
0.7074562729523268
0.6505474725748226
0.7205375660241167
0.5982424482939883
0.6521015925595391
0.6230489559374021
0.5672583722620322
0.5680132954801421
0.38654270070175967
0.852690861828654
0.6571380203354655
0.5851037831869307
0.3875718586834123
0.8879849425847205
0.47974345368368587
0.7841385783988556
0.6285634631252087
0.4359713357978166
0.7829359774539688
1.027660760936706
0.6783157141829594
0.5743570784938474
0.7849661376521845
0.5782603097571767
0.49494285286000556
0.7488884897886201
0.6779968257519118
0.7975677688655036
0.8040223054481072
0.5533307554288688
0.5992545231367677
0.6463042564493636
0.6170650163613246
0.8069496630692368
0.6148471327495035
0.571607198888342
0.5788000283992065
0.5844664168029876
1.2659114416262316
0.765456259480618
0.9859915002650421
0.7190973442780151
0.5688311900263424
0.7548169008597971
0.8211477988751825
0.6454359973042266
0.8764502138176847
1.3507439339348275
0.5833046190870703
0.5586420079929929
0.7774130459233495
0.6884764101304378
0.6063222426246819
0.6031846160448457
0.7050904650937462
0.553148543208086
0.8488962662446581
0.615559811958887
0.6701448350613641
0.8042374696763606
0.5706205585609873
0.6288847054414994
0.5719372404671187
0.6146960496823317
0.6905037652266937
0.4063396027380136
384/1024
0.8245737858436746
0.5802382664568507
1.4131804343727938
0.7554143595766227
1.172312707459564
1.041010688657982
0.20644532488036924
1.0459528380430694
1.8298299352274743
0.9561367006779792
1.3113527435783245
0.2787016464709928
1.3596028364935364
0.5474565694188024
1.1421510804769541
0.5773838043670045
0.40884748376299146
0.23063184355539754
1.1004580423343795
0.9225887216225627
0.35342712930099046
0.8660614555745905
0.6045337046705173
1.135362581757841
1.0413329569547418
1.5035429085258438
0.13906246091906396
1.2007656952154977
1.817061667409424
1.5636221580115623
0.2619792247928391
1.3862317814194232
1.03952619067373
0.5694712702552
1.4672060249050727
1.0274900002095992
1.0516682956439831
1.0057671513016162
0.4748373320190783
0.957872408714962
0.5743688713072667
1.3741158054796454
0.485234009098766
1.5557419208525292
1.4808299771518614
0.9306843581930396
1.4326731777321555
1.2264976432965162
0.6230520073410047
1.5791704994740798
1.1677618643886387
0.3023343546010614
1.7421127812300332
0.7176340177032655
0.6156033759154699
0.4092857554996327
1.157421132525458
0.1815330759043132
0.1714585562416822
1.454490686213136
1.7879236981086357
0.9084087218173184
0.27107017950999324
1.6680560187427198
1.3394352234892315
1.9203485294482703
1.815997160263297
1.0807604350101905
0.4256595232069055
0.342884686178211
1.0730166270820847
1.3474881797691853
1.143087162290646
0.3574840343637144
1.083251154855647
0.6184089601172561
0.43707930345205365
0.5156681647453467
0.4207929548019306
0.9458363854431854
0.6173111118496961
0.9482836983319326
0.6232680926878486
1.5472046866371
1.200166899812722
0.2910803425501922
0.7023521387474361
0.840519653265823
0.8020530062485356
1.2793173440204022
1.2564165928771822
0.46754178582511285
0.6230365500235595
1.6059623587079337
1.803512674107541
0.7150004113765941
0.3524384092185358
0.7356447924582683
1.2767031092812673
1.2012742667318104
0.5882063959941584
0.5490575197015106
0.36392283188919106
0.6265063426351476
0.9092519431731207
0.48482042173139606
0.17102559159296352
0.9990255535455713
1.1450208348644948
1.1078330572954356
1.0056400149808935
0.22889819792112592
0.5633442576494216
0.9066200599612255
0.2909720979691425
0.4182349977433728
0.25116069735035007
1.3398530259926187
0.5966364599318397
1.2820296724123201
0.19031769637111096
1.4809729039214365
0.21446454074025484
1.5816244165912887
0.21180672379665774
0.12164274282847032
0.4697361986374474
0.3201671907250232
512/1024
1.1273004426752937
0.57220168686356
0.6185653452111988
0.4825942115569759
1.0833887743713029
1.1384597480782503
0.47191161223683725
0.8611446576904694
0.7414213160706071
1.1506382446952905
1.012248427886014
0.9697458672727347
0.8394413524553417
1.0072652817481103
0.7311624278356087
1.1596364096524412
0.49535586794457515
0.4718388071247681
0.5262958940780583
0.5618909090324824
0.4640487681974369
0.7382766597521013
0.6601066569659156
0.2501785769534343
0.9658092924736305
0.11889303344709834
0.6307226427604893
0.32129182998510064
0.7425129566163913
0.5609564059071342
1.178845638214531
0.4228938931708204
1.050186476586338
0.9933810653285653
1.0485069429763139
1.1751957961714807
0.6267229335078895
0.7620975719199377
0.581016525263659
0.6351192057744284
1.058486417124055
0.6614972121164114
0.19188199344265988
0.8510228455586315
0.9608370938319476
1.0026257835003587
0.8213577657343715
0.8003982291326347
0.9258569200543574
0.9964533315333701
0.828762701759197
0.9943950119968129
0.5601810276355164
0.7838708078864188
0.5208873012409421
0.35283966869178
1.028977085026347
0.4499593979016181
0.6974038406343858
1.068046842257561
0.49486366669652854
1.177798807491943
0.7365547695976085
0.6103021337580042
0.32591533466244615
0.49619742044140847
1.1546044274439733
0.7268002851788835
1.0384676189605124
0.8871049899803091
1.101632011934203
0.7960406173878195
1.025589510970191
0.5288067562939277
0.4613772399905618
0.8530766248829837
0.7503427416534911
0.7625473589408618
0.5761006844335527
0.9119397116258472
0.9733597354129604
1.1318644653491157
0.4200928671810644
0.2570610647025207
0.7327692616385283
0.9942551153415424
0.5105659753208555
0.5909604249288529
1.1339262071109886
0.9361067781117874
1.0660263277270188
1.0979886921213957
1.0736843187170233
0.5719438041313065
0.2880186539231976
1.0092819145091068
0.9625595989625053
0.432745052809014
1.017075572966448
1.144349565323514
0.9029858495617868
0.6844843940361748
0.04852260570752365
0.978423729217317
0.4634071414265871
0.5501205166832233
0.6148725322003508
0.9322980023066709
0.8790471804109603
1.0388498929653411
1.0017150631636673
0.16428180272659432
1.0178514441844093
0.7596028174349176
0.830118411415018
1.0453959101648655
1.0021392061518517
0.5782281423174425
0.8673564764965411
0.5296292634942874
1.0162649872635687
0.8660933403807995
1.1229780325687386
0.7428196828614257
1.1484402892434937
0.5547184742480903
0.4915020378532772
0.9208414970698617
640/1024
0.9595821013588359
0.7145388445963283
0.7514465142060993
0.6177321323644772
0.7770644956040001
0.7094014701201176
0.5248318425275689
0.7298769068665456
0.9207431994681674
1.3199502838672528
0.6322292736476403
0.7755151511419945
1.1571278698227492
0.7653952479918384
0.4958027938801337
1.4003142816590823
0.6802929764134026
0.7812345946653623
1.0071834263969295
0.7377372014843507
0.7609742888299577
0.9393391930925674
0.7313407456998489
0.8077341784307444
0.6816993871223351
0.8742652343602388
0.5189531381826853
0.7403992360650635
0.8482243446312507
0.9943044017295569
0.5518307203644301
0.6147147409999933
0.5932190186854465
0.6962329388554822
0.466020799087407
0.5907584356388086
0.6307316790414765
0.5201532400967421
0.4898747896508645
0.5805371928444744
0.5233376172109704
0.6117319222904127
0.7127445941991057
0.7422975939608883
0.6020529574129351
0.7107910377842861
0.9226465935395711
0.6315839565219918
0.4848280387383468
0.9116040106013892
0.8540118135343561
0.8762033332226968
0.5536637320881186
0.6081962557346181
0.5951214861262681
0.4762789524772739
0.836777916878827
0.5503055663118283
0.49572265924762177
0.22637274998456702
0.6326942737824548
0.5186722171232794
0.5554277759774747
0.7219861000063212
0.7072989963469187
0.7639005708570912
0.529289118001853
0.4726795672525387
0.5480995399488063
0.4773807853643496
0.6994793745691059
0.9610696828522063
0.6108371493009498
0.5234672488915647
0.497723072868795
0.779074382860212
0.7044927785354161
0.5087946583937046
0.8978794526417184
0.6706213797565459
1.1325774848496992
0.5555445147519467
0.6581109950951636
0.6090567377662235
0.6175504988234741
0.5447037454516069
0.5481690660786692
0.5422172059319312
0.8763559716763876
1.0786570752621722
0.9548134395889054
0.7775790365059025
1.2396466203345748
0.6304105308552785
0.682018940044707
0.7149219887338312
0.5207309538305225
0.801004403609305
0.8302894680055762
1.1791529910028924
0.6121486362265574
0.4910828866653909
0.6467467988401294
0.47998095183202216
0.5170429520224683
0.7151384792225417
0.7813834607551681
0.6148960394933028
0.5374434116333854
0.7473790017424992
0.6212822474227636
0.6107806716685598
0.7955549299667752
1.06395509770718
0.4955178323560757
0.5578126074980856
0.610439255268059
0.8901104474370325
0.6428303206209414
0.515377948512806
0.7778722817330439
0.48163380975742665
0.7046923909899843
0.4627278673962242
0.5726180742399676
0.6404116736392707
0.7614471169999665
0.5851267259196683
768/1024
0.6361684245444925
0.6859681006015488
0.5561132615947952
0.7889977935956429
0.6931379077425848
0.8884908680862587
0.8636624073810487
0.6956957213099522
0.5782017633053839
0.9347930149326138
0.5539423602120205
0.5264398255378654
0.7394866267833484
0.8620396774265301
0.7694103860526014
0.6016132150517906
0.6045204218877613
0.7788550337501527
0.5774259134543303
0.6311580010720088
0.6460506154729777
0.6039614179372477
0.7013254479138976
0.6600494928362399
0.6007144144859795
0.6014393222411503
0.6036571989347211
0.710829195701032
0.6584281511042922
0.513146873254371
0.6512777614278565
0.7635580272076087
0.5906692644449885
0.8248706635512317
0.7377266744066135
0.6182851547139734
0.8013374585960118
1.0018092124204903
0.8143487354301218
0.5486227347174849
0.8475145297838954
0.8112682319980034
0.7770083387364382
0.5689616727698681
0.5987082171952656
0.7949211684684403
0.9219592722455893
0.5585965365232084
1.036246108494926
0.821830929471564
0.5748607080248056
0.6832581404300132
0.5537733806883229
0.8298674819448667
1.0303719718665516
0.9497618788074504
0.885353808627439
0.6252212255023311
0.5796331371684547
0.6524557373782011
0.5665886353272532
0.5436068149355113
0.6082421769989864
0.6249650140783941
0.7916678607355241
0.9023918131098935
0.6427313674641097
0.7202708237627424
0.642776095671941
0.6889304181304843
0.8874381482376741
0.8137339804002053
0.6790562676934028
0.6838593186794718
0.7933434090679876
0.8335174076178061
1.0200095655401593
0.6304860862986087
0.5924254132155822
0.8975204685107033
0.738661487454072
1.2573480311561778
0.7060701571782952
0.7944261167011499
0.5387107427684643
0.7428226779866411
0.6072080501400867
0.572366453306141
0.663410412431964
0.6496100567959413
0.65655871843961
0.6904298775511679
0.6464481522248058
0.8537507344580844
0.5316977742745508
0.6254646309140631
0.528645895867183
0.7654407128100185
0.5481540624465837
0.5610470460184687
0.9479495305798817
0.55439023967283
0.7586229870980759
0.6546730768769049
0.9108847258203961
0.6280749107301269
0.6683375934237338
0.5468971867310728
0.5581196425903651
0.6042521705791479
0.5579246034017745
0.825942844841207
0.9322598980482539
0.8343440563595014
0.5238572848061686
0.6309826502529752
0.5263151274694325
0.6853414694736166
0.5678607884656219
0.5822345814164833
0.5621193881919794
0.7529215430287857
1.009681541209714
0.9380665999430114
0.8656123724450102
0.6078083170838392
0.6664818608206415
0.6036481861574595
896/1024
0.600293148000177
0.7159810564930527
0.447460877224385
0.6564994073334406
1.1201993195038984
0.9116623834934905
0.9902239717002387
0.46344640289333455
0.6825332682321086
0.3583668972320185
0.4340660150075829
1.4351333917648235
0.3272928651746505
0.9423509281030018
0.6801124849913448
0.5207336668997048
0.4980214887341486
0.39261629280704363
0.5070804375786543
0.3348187141149608
0.7093690266005624
0.7188842261520072
0.6065511233093253
0.3518455118785049
0.34474925241614107
0.3961113120776136
1.3334916844880162
1.170186959666512
0.41173866934411885
0.5058556106094009
0.7274863090846352
0.4526257297051513
0.7284265508644383
0.5241958278692926
0.37209871345057305
0.8949251268339282
0.47121557210515375
0.5064714038051038
0.46210593372169695
0.42147975764228623
0.7647181963482274
0.5045779906768315
0.5272283193231153
0.5366747393481675
0.4236178615569799
0.4811843957542434
0.6444915825888252
0.9119158304857011
0.6427538056475541
1.0455844466373034
0.618360121050499
1.2484585603216978
0.9799036458076376
0.66216468317598
0.41336469606948123
0.37694194786042245
0.30524071052526286
0.9826773712111087
0.7165844578112052
0.7813867413330282
0.5026982806942681
0.6986650294702372
0.9492975391479099
0.5853761443026522
0.5403654523175467
0.3765733160984719
0.3765584870356795
0.3941941511296754
1.049874468631476
0.5412333965864714
0.5780573207126745
0.7512797345872148
0.48085103274714175
0.44411495911557886
0.42126951313905386
0.6264226874728751
1.167148299448539
0.37479828928832293
1.349657794098195
0.6481808690904629
0.7697045984162243
0.8449524650257747
0.5072745049296175
0.7856524875349388
0.6749280662055794
0.34036141923413304
0.49614846262402157
0.5725983932136682
0.7341896989590724
0.760737194671399
0.6159950073918361
0.9748934845628575
0.8755724537611226
1.1398475370241572
0.5378072543512933
0.41287989630348837
1.302709075110249
0.47125182683286404
0.6353548296711332
0.8535593430364373
0.6584462425201136
0.5786332720343641
1.2345982155570288
0.9185384696883829
0.5220141438555329
0.5394588478625464
0.4098920977387352
0.6611765437726336
1.03399388857259
0.7439087013993233
0.47475872528597557
0.41674037919806484
1.380039062238709
0.5426795684928543
0.9617547221402631
0.6535688425867208
1.0585054599229224
0.680247314912489
0.4014348422880677
0.4016220485991188
0.7850235592028747
0.9848321367729191
1.1350476766491697
1.1102005947765639
1.1989184059769713
0.9233379055105111
0.3846100059269799
0.4531494227213798
1024/1024
0.4669739287980553
104.831094 seconds (76.83 M allocations: 12.896 GiB, 3.30% gc time)
λₖ = 0.6
Warming up
128/512
256/512
384/512
512/512
Measuring
0.41894125068294585
0.9203195158052644
0.6718818631499022
0.9434034811689536
0.5501487417960861
1.1735273300745013
1.2093394175534107
0.7748932675248906
0.7661038934503324
0.7438672778339183
0.5841537328771186
0.468396414199196
1.148913433412426
0.9811877480905246
0.647330038248128
0.4300266089154434
0.6153856298075058
1.0377630432225788
0.7324679579666964
0.5666675893475668
0.9624204180091023
1.0734485367501607
0.9404294592621543
1.1073441827187072
1.2599735444256264
0.576726635279857
1.0551102703664645
0.9963068364012871
0.6845688970166218
0.9550391191041494
1.1178749853128298
0.521820387560532
0.456250646844701
0.9208838533986037
0.3383534906911023
0.8258975999850904
0.5868993257917479
0.5167004006498805
0.7614791595289547
0.5352166198985117
1.0625130572766834
0.8518682370156797
1.1575717227118758
0.628224093496762
0.6514366049782019
0.8988956218919257
1.0265062813744072
0.2546655537241886
1.0401690727718185
0.4767180716676758
0.466496619354577
0.5098606362377881
0.4089328031335515
1.0109966658726692
0.691593956472961
0.327261741517316
0.6108045171512698
0.6190846958125645
0.9913988692679017
0.6299533148841899
0.743300119955645
1.1657101715784837
0.43772478037877816
0.86819044046641
1.1605043898706513
1.0145796361720594
0.6520699791725793
0.5249787868004765
0.7346082749160077
1.1624254700714176
0.9957052116070039
0.5704809034108744
1.140659899810256
1.1648269094713162
1.0811234254214837
0.4956581540442596
1.0441289861028007
0.5957931657085134
1.16042634079779
1.1329909640114466
0.3593108976266203
0.7472506995492106
0.5846245800316103
0.6786567472062617
0.539454539452141
0.7864212099799517
1.038908548297125
0.8599452536539278
1.1002638909553875
1.263008101480056
1.0206966648224007
1.0978961077753127
1.274425096907097
1.154385767752709
0.7616021671546581
0.4393890003545162
0.9440472625464988
0.745420791489904
0.4833576750789092
1.1221711931263973
0.8249286353507431
0.9659104437277366
0.553590459362176
0.6817158590098891
1.1492881310645011
0.7232423424307769
1.190226960521658
1.1272513908955586
0.8094590712771209
1.14776029235283
0.8729744285737575
0.5947311991369754
0.7958037620083641
0.48702621815625086
0.55246561799935
0.7480862394618255
0.7782727719869702
0.9533183810290995
0.8722070206364363
0.6282901113281928
0.8581574630723916
0.7747697237760307
1.172931018877796
0.7855723312679024
0.37556185610947534
0.6169126530561541
1.028145926789693
128/1024
1.1073292257313754
1.6269535670417037
0.2603881643177231
0.5624856033021252
0.8872829565358854
0.2706213808641964
0.7919285569309189
1.300937124260233
1.5676642583379738
0.3697870746536156
0.19620850881393315
0.8843714347423625
1.055119163715375
1.1624967789131997
0.21580076742185034
0.39675045280558385
0.865014270662006
0.7331485304636812
0.21924307623177966
0.5462475396460293
0.3536659237880142
0.17410034423355442
0.3574620919141205
0.46998031534040835
0.8440187015620444
0.3108849820049668
2.015385514248313
0.23455997491141017
0.3568873021712687
0.6613221285228544
0.19340846939932785
1.1767866340219109
0.18337323855599724
0.8060519914591989
0.6176832192086665
0.2412188222894055
0.4265573777831867
1.106513788312387
0.38115587297144404
0.6807948265355486
1.0186009435161198
0.20621637992407768
0.2480391132134426
0.17879660578906736
0.7767041570666704
0.6738818775158141
0.6280557774761253
0.20199374092224237
0.20725604902864658
0.4567393749341348
0.6065223810540756
1.3594161157390312
0.6814197654779941
0.22818581484240552
0.25161605106946033
0.25626076270916476
0.56845398009899
0.22757322946328407
0.34159266405431404
0.6933247728121428
0.6611617608077918
0.5867407186404643
0.8054645147028342
0.2459666633280751
0.28210176678939236
0.3291140799421289
0.5750017508141116
0.38055120729550107
0.40160815387824317
0.46753202341070604
0.5942216144704122
0.5082901665271367
0.47870849492570383
1.1000507746780612
0.3125270410494807
1.4456970607150441
0.5588644018223318
0.3781842922341577
0.6519963918671545
0.1838149554649567
0.7301804277609016
0.5104343320167948
0.16351198814978596
0.30712865997793004
1.2128390533498292
0.2769912438208355
0.7989847178874044
0.1828994869064819
0.9427769050814729
0.5844876436510347
0.15119539132469562
1.964124530028544
0.39824047195016277
0.1655286513122581
0.2486085379834535
1.902840573349238
0.5013320340856869
0.1615120856222823
0.31955238407099024
0.4750022008275363
0.8428052683734116
0.7523389556130394
0.1505755930003832
0.20425875898283752
0.6120682519134196
0.31909105663643283
0.8080973454486174
1.0739581529944802
0.28241142079622966
1.1773294456695031
0.14834039212200933
0.3017249020544451
0.1654927006953112
0.3542851302541661
0.7080957491578934
0.2738572983630093
0.3253473508227562
0.3217877900146537
0.8767545476933825
0.5847491379155756
0.7195410389480835
0.1658995007561283
0.7090688158854678
0.8260496205711065
0.24742980068979512
0.8660163904622714
0.814655948357623
0.8649387541928519
256/1024
0.24331940767326832
0.9328685653639628
0.36795278917999097
0.2603330383981714
0.3275698357533442
0.8600806082220563
0.44298299194359636
0.6374633245925148
0.3527805495739511
1.0347577689244924
0.3970787316943
0.21747280993740445
0.34016939646961
0.4220187390254457
0.48291643815665697
0.40417779293190437
0.5741352960550661
0.6763654725073689
0.6741719703493357
0.5983655649591387
0.8021810185849053
0.6577337526021519
0.2940605201514138
0.2178535363596081
1.124830381029657
0.2690802944898133
0.23031281874360945
0.8386152945888297
0.8922924230660876
1.0755162870603727
0.7418590688356755
0.4016063543970334
0.8545795409337633
0.6692341411593905
0.8424538234163222
1.8330302658067328
0.26938224051084014
1.1495236086907838
0.5296959386577444
1.3634064486601833
0.5743140214360314
0.5617472134231069
0.6029702457798798
0.3026076043345911
0.38031385855211985
0.8304252495408102
1.5666783955968309
0.6243633837791726
0.4883681107608507
0.2395996766871688
0.9097320293619455
0.5652022244045107
0.20617008003054427
0.6926878825755605
0.6993105099551737
1.2476869881582524
0.44013685289899657
0.24793661694071428
0.24727299546878861
0.35628534240517196
0.6067131964826294
0.9651024428162759
0.4380472668084461
0.4717333117952671
0.8517796825511728
0.8872107388406361
0.3235585587815699
0.44336582325985735
0.7891998570471113
0.2481942180824333
0.7908098691937597
0.5878227896703394
0.3480802534101155
0.8307715696632
0.9288286049684551
0.3447844754927031
0.540270341690146
0.5530765478222677
0.4532342800294846
0.31914514012246675
0.4304310100279116
0.32893902107948625
0.22797545934920857
0.2708565872673163
0.39424302536542793
1.0560928634340105
1.1721542359420392
0.4982590063749414
1.245262699667142
0.9032355058418473
0.6383024372063201
1.281137925191838
0.36898990412506594
0.5737041588628189
0.690093813839295
0.2683813774450712
1.1867869121091752
0.5940754467426648
1.247184211015361
0.3302874932665445
1.4041945315159023
0.9291815760777273
0.4008342956534312
0.7381911728401732
2.371579956666925
0.29340950145285677
0.351605551974737
0.287928149939746
0.9786477225411716
0.24845434167742533
0.4463237235959645
0.9134258921002689
0.59734278539002
0.7728476720729147
0.5026055139415198
0.3738527024502126
1.6163883888462178
0.6951153716810686
0.37836298067287505
0.5014133256490524
0.27797362972200296
1.4017854449692342
1.0539465020605878
0.6585556502197115
0.39577728518941374
0.4758003803010846
0.3007688814823507
0.6649543804546593
384/1024
0.5275473317131184
0.6433499794164849
0.5953634228481743
0.6904572817363728
0.5572983214169542
0.7240453405405067
0.8464317247658977
0.6476092703405814
0.6448434039797994
0.5209721225590644
0.7070716020580736
0.5999818500106627
0.772420189090725
0.96866380125325
0.6919314572532396
0.6577311886326597
0.5469897317780448
0.628276059603778
0.5915692605619856
0.5937658127054422
0.5289278581866779
0.5257657985386981
0.5690870110678058
0.5662065564280147
0.6396952103464834
0.5549892109231578
0.775518892166122
0.704165106473243
0.5285357798730217
0.5586740205480425
0.6003573271792535
0.5407841119627714
0.7566701843851449
0.5935767384029059
0.8017473752233445
0.5256509774973196
0.7389417506360143
0.9148013597472184
0.6018367916005865
0.6832126158323861
0.8777584515512731
0.8439953320402233
0.9527066133163324
0.7793848661508581
0.5621143473941668
0.7064325067314972
0.5867378238267749
0.8222812625921072
0.6779769771645185
0.57621665904231
0.5310866351604551
0.8463330944911909
0.6456528769938406
0.4946982957837172
0.5063892520215145
0.6031650324341837
0.5397390783712513
0.6620972824293945
0.6095232691916482
0.7238680230329442
0.6676254350356358
0.6167285926536901
0.6160066661319974
0.7870666834022397
0.5208251967996421
0.8987270424523968
0.9052103022381148
0.6543389944218698
0.8633839140012087
0.6766376315115632
0.5911259141252129
0.7453976060589923
0.8825996268263504
0.7958202421835506
0.5619427935158114
0.5518438350130245
0.44371147220168916
0.6486135009520642
0.6002575869311052
0.6503896286011656
0.5980192056831908
0.7425754776373941
0.5616492079611091
0.7076908726573516
0.5698742749671987
0.7396201409818196
0.7089543954013406
0.7082195389074506
1.1493642872110754
0.8403200596679163
0.6280625847078318
0.6132659027074079
0.5417904672994018
0.5963255310659132
0.49944506734708105
0.6335269244455354
1.0895496787198709
0.7705594227400105
0.6130890642667919
0.5864695732415744
0.6185321415203803
0.5228579845586736
1.1971579375810553
0.5925528879300213
0.642895255797677
0.5651423291290741
0.6491135475687149
0.8040258530613623
0.8037560319038096
0.5101411862836362
0.6984502474194795
0.6578634647832923
0.6598954295096093
0.6340288824583264
0.5885362548075616
0.5558009653066471
0.8044421089206486
0.7287834569170986
0.5733981247073994
0.5835437811685468
0.6178462657967869
0.5761704643106028
1.0448083517695628
0.7744741578174613
1.348916214666688
0.6346976790690602
0.5684555896878133
1.2680366140692676
512/1024
0.7214034676136778
0.5102177686891018
0.7004406836776529
0.8503098141804488
0.8328323659810067
1.0077268986427312
0.8739957328724475
0.7639768156129372
0.6478645328619004
0.7156588958494688
0.5492812701043599
0.8895274484735962
0.8226736527451917
0.5819465051249725
0.5497820160844534
0.6968835541405616
0.7357293901149189
0.8990205439890921
0.6676836308093526
0.6286661610486183
0.5897229382658843
0.8089050470718738
0.7375119784997042
0.5816103042964422
1.6980004555843737
0.8437341224401653
0.6856550211788065
0.7723251765260606
0.9982556939126193
0.7856737378165614
0.5950664522771086
0.5957826474119726
0.9131129096592936
0.8668207221213153
0.6841754655069114
0.7724131057092131
0.8319970264314511
0.5797265757613363
0.6253065561312035
0.6103038313712171
0.677897712044913
0.8093402662681266
0.9247011170786861
1.2264498083185522
0.8949531025565851
0.7776485037920996
0.8457788853862196
0.7111532835809825
0.6870981764108894
0.6423765263951001
0.555479322101036
0.4869323790671738
0.9310079272621836
0.6188584854780156
0.5452612127309463
0.7963592796823202
0.6692633976408147
0.4558253987596472
0.9214090033295207
0.5984522509791498
0.7489543206630932
0.5677966347175505
0.5670860179511983
0.8752261295872357
0.7398010876554851
0.8407901457707053
0.5686894934964459
0.6507545881358632
0.5658136247913222
0.5711234827962042
0.6882642186664207
0.6306667070825571
0.7313018139106862
0.6691647926581156
0.7948092917900639
0.8985315491834147
1.2675295541777198
0.5714359167509155
0.7264452022773664
0.6398946364098124
0.8387428741971668
0.8354520502383799
0.8347630878992265
0.6507477766359497
0.6588322703850523
0.8229454448972049
0.833177262909691
1.1028103863811922
1.0141787668042344
0.7696766143086797
0.6746455333609844
0.8085180406274148
0.44116545306543997
0.8028673598058642
1.0368194301260165
0.719721280254404
0.6079874293423908
0.7118412826562321
0.8464789890205442
0.7123581788927569
1.161270749574769
0.8964939239620302
0.65756175494008
0.6738957092274672
0.8012514175595555
0.6893678524209756
0.7764039688296243
0.6420829462951434
0.7391512558262557
0.6994727251833894
0.7889356450635111
0.6272240683344896
1.1446733083755418
0.5810817387151851
0.7581238369930435
0.5299668893404665
0.8781634654698776
0.5587546768056766
0.9629906276922149
0.5471519686564034
0.4979345840434001
0.8138186471856672
0.8233757089002826
0.7762467224545657
0.7093681963379044
0.8330530872623436
0.7272173561059427
0.46797017284149445
640/1024
0.6728368181883913
0.45715607573073386
0.6781038053357265
0.7924317239462644
0.6655447450318819
0.17014581149852054
0.6721889246698383
0.6522672747299856
0.6940979751892129
0.6354428342340611
0.4075126000512938
0.591003786043916
0.8273391644751311
0.8379034105349787
0.6293237029578819
0.6043954115999126
0.8326749003063252
0.8165148956098326
0.5829554373319867
0.6087844748368145
0.1906471114866522
0.5204895887393213
0.675096860691316
0.6409611271194708
0.730285798752077
0.8816767300627002
0.6992323647886496
0.6863950322806006
0.6583097879063801
0.6644492539626021
0.404005747143146
0.6777932468701312
0.7401451235059583
0.6856781369943665
0.09178642353266175
0.6324827391304563
0.36297023524088223
0.8803941762606813
0.7265966766062512
0.8417684057927249
-0.2833137963872332
0.7174323278907428
0.4456760655139322
0.6153475686654186
0.7003924398250028
0.8772944189136123
0.8033962054794977
0.28503179399582274
0.49697045967471865
0.8727963053831926
0.8741235731944602
0.8363276394697643
0.5537478439226502
0.8586467330542069
0.4546002882350573
0.8747870540108393
0.5738236849282208
0.8517988535262511
0.46978513513464326
0.6621019769189921
0.8763536317015284
0.3980409986762931
0.49193911903300525
0.49458592056507394
0.6848539177340893
0.6827108237310604
0.7095607036287642
0.667370699793398
0.793264079263547
0.1867150294750975
0.6316071174535041
0.9276873705131263
0.6718066885422094
0.7148520430543025
0.9156298285193947
0.9739983979592168
0.6180147765081095
0.8292411486327926
0.6565150704625581
0.6804745505042689
0.2504731185308667
0.7687879202029992
0.6536827095783896
0.692930396060402
0.5040899839953011
0.8860992531398553
0.8385631735422641
0.6488869130322281
0.6968356583907536
0.8239497222338356
0.4925706036420798
0.8643176961054522
0.5082296932122375
0.5902926405420944
0.9100281687330363
0.216409515322472
0.30266887706528756
0.6707119747747023
0.3502201566849547
0.7769511689292391
-0.2709256550262751
0.7275003911360034
0.5850696915565288
0.8217760994465656
0.8664350489018611
0.41345438772393245
0.7335642017344536
0.7513093111718541
0.7300443593710586
0.7725695999793833
0.8520149562764343
0.703798072247139
0.5261658519751389
0.6522966912966377
0.233601924074896
0.7150923510249321
0.5992399787685829
0.6175730481658954
0.6477654265368543
0.5771822561050989
0.6636243937910232
0.7147535562276032
0.773706311161632
0.5071109481649022
0.6824529032858554
0.5000609218452039
0.029920898972760623
0.2902205508963511
768/1024
0.8497769912702272
0.9046835275349842
0.8883609232529172
0.5476739636713649
0.9204888640738698
0.7072572722774179
0.5346049969229313
0.857105032199915
0.61801357773557
0.7923447431645905
0.7256367057742764
0.45524094765584594
0.6760518180859065
0.8022781898007518
0.9624324980388134
0.7081669527275427
0.6180139807199188
1.0106513772435242
0.6262500756875851
0.47998876834877274
0.8049452184569681
0.5287699616166576
0.5297231898183085
0.5845338203254291
0.6578584858570331
0.5321756831617335
0.7997639206509038
0.6025798156605771
0.9914654303053869
0.7411507241167679
0.5916741278567298
0.46585758592529125
0.5110709624571287
0.8812847173987131
0.6191325246000992
0.596321660118369
0.7219852400889107
0.5814525635601858
0.7840891918323072
0.8787312602329183
1.061360912765581
0.9182565248936096
0.934744370916536
0.7505914218022343
0.7205361269686784
0.5926442070900466
0.5695490229672722
1.043171944825029
0.7532091991519906
0.8313640284476851
0.5563040136677841
0.6460675513873504
0.7874023047741466
0.5590430150235193
1.2138023520015915
0.8600018322523159
0.670905277599071
0.6491629219650686
0.5163322199030504
0.49395816097451073
0.5908541010699443
0.5105056033433646
0.5998649657326167
0.5966942243241355
0.6802880353328702
0.47443751370940324
0.8305559730191807
0.9554417804859174
0.4842361813225242
0.556495204223195
0.6121381747464082
0.804159426026532
0.645747164605406
1.3501688678283592
0.7276025843766034
0.8393105625961472
0.5610599836528316
0.7347420678885419
0.7999174406453842
1.1508929541765884
0.7891027171294889
0.5094902987739959
0.7740870804175074
1.329518330265127
0.6073756267913004
0.5702988371715908
0.5350796527822649
0.9087697265062984
0.6945442343122047
0.6382385374916019
0.7945075743459225
0.49247712096547813
0.517399576281624
0.5407099379049781
0.5826679102095467
0.5577249031711852
0.7570692549129568
0.5316254221213986
0.529544737756207
0.7512134215852386
0.835426253295834
0.5639693966884809
0.7187162869036479
0.7010149496169
0.7096665893721079
0.5278012366673068
0.9224453608495367
0.8478882948517642
0.5971652656347957
0.7881094693495332
0.5857638373371348
0.6705998688873853
0.756006516732556
0.49608074791875845
0.4490554126816646
0.8754487721181934
0.5277788504208946
0.5532825636462684
0.5245054684965624
0.7230144769507454
0.4687918873732209
0.6012768733450206
0.6598802684463355
0.7155584453021919
0.6184756257315334
0.8485635765464947
0.5660139562228597
0.6532784737115281
896/1024
0.5451418938453192
0.3676924611167625
0.8520445779509599
0.6163044920498876
0.7785207967027383
0.8696759220436209
0.4105315280525528
0.41573756782944876
0.3088824340221011
0.6789594689857775
1.0963698731690457
0.3142927907239476
0.7337633444742004
0.983580753537915
1.0992151233128635
0.3102835905501249
0.4982769725336544
0.6101217991666993
0.3421804721422273
0.8729677489416285
0.9635139267157891
0.5719441509669843
0.5336559156596761
0.5822830151640583
0.3691177272778287
0.45325856961797883
0.6034816018825121
0.5356881169996749
1.2257735585983716
0.5918572742411609
0.3680732644666676
1.0649514441610566
0.5732069198738298
0.5849752024399734
0.3192870430784799
0.5629801564439181
0.36055067953460995
0.33889811929385716
0.6932005446519206
1.3266650672138618
0.891437239098515
0.8540906986069446
0.3409765650230141
0.8703124164232396
0.6302006903072901
0.87716222996187
0.6154689703007907
0.9886152196065796
0.6081302732715229
0.8869335327024519
0.42432759265439973
0.7467411074006969
0.6958031401537391
0.5765811528718844
0.9826104948057042
0.677753679969928
0.5825858672511685
0.3248153143856892
0.7312407925116896
0.5906014919986741
0.4167318385894372
0.919746857615635
0.8799851524541262
0.8765453523000212
1.0071025640895828
0.6845028570333185
0.738459093694986
0.3258927494910242
1.1616012676970446
0.7667521128737756
0.40285333627558334
0.4492864443197936
0.5301391870143446
0.5463182054681571
0.3701669381029593
1.0645830163448995
0.5687571293422382
0.4599833840070283
0.4562245030874655
0.7521834615575191
0.9997342656674362
0.6544347149446587
0.5540812667069184
0.9944196151605839
0.49473998944401043
0.3888775117921299
0.4241556288074094
0.6662837642214219
0.5228855423960045
0.43391954340735583
0.9365126484587664
0.7633179431805515
0.678245676951499
0.785355016013165
1.1998539548857927
0.40263359850287833
0.7550147803244156
0.5503669953791677
0.8811589000041049
0.6496240151148783
0.4111165047067096
0.4283202170626484
0.5840982108901682
0.583413156201485
0.8298317269047135
0.8391157812961572
0.5307476361402998
0.39436777114682686
0.4617849812746
0.6727941931229652
1.12426329550804
0.4952335074746108
0.4390188145281601
0.5954945022330331
0.813979024774212
0.3841047402469835
1.1478364237857444
1.0185219776942525
0.7659478423587401
0.5866074257344285
0.9634693270167394
0.5391607619317192
0.7570398550795885
0.8432977509733457
0.3380938080511086
0.29643222665777885
0.45875192247794994
1.255199102999836
1024/1024
0.6354549850999832
104.808506 seconds (76.83 M allocations: 12.896 GiB, 3.29% gc time)
λₖ = 0.8
Warming up
128/512
256/512
384/512
512/512
Measuring
0.5709067651619216
0.7178530851995674
0.8667679560004371
0.9002393374968869
0.4683290787059322
0.45070135903496206
0.7217378794405237
0.6646059668870354
0.6197984571856437
0.20473513504862695
0.9425842506100521
0.5396035720614636
0.5830240688738618
0.9241777329300468
0.6928002436725862
0.4976802301621263
1.0114123600232703
0.6124576191280571
0.8138115137532056
0.2932021972507462
0.6099816718351192
0.5500889287284056
0.6270639007865451
0.9072375414436206
0.5756744444358954
0.692725943663518
1.0287824931084142
0.17949247589086975
0.41574812415870627
0.61507003619173
0.7386810463339555
0.5879133928820884
0.47720767181821006
0.5473568063182797
0.5678072704316796
0.43209113584398307
0.20192103602678363
1.1133577904315657
0.9472491218365047
0.5845167578321766
0.6511046936592599
0.4833747539966439
0.7207920832025921
0.5318877050999979
0.6300639751773842
0.5784225057324102
0.47832267442528126
0.6360979347957076
0.7243490100329454
0.869592579437978
0.7444347691496556
0.5825918543243727
0.764716756632094
0.6081978095785394
0.8218177809047096
0.6317719964653046
0.6963104166287124
0.46509140852402814
0.5114941648482153
0.6366444283439557
0.829254912926513
0.7798885098688322
0.6891870694763327
0.9665225262750805
0.8783599955946952
0.6227620494867727
0.8145345204248602
0.6293898403358988
0.8207586475304716
0.49958792872378677
0.29154773600618666
0.64971240757263
0.7363295223186832
0.5448846044144927
0.8249685737150534
0.9376983344160621
1.0005269628941278
0.7271726046091572
0.4094269122398889
0.535377218403205
0.31893143266617263
0.5127146053364167
0.8792694579915998
0.6138333459269312
0.8033352303269448
0.41891393477029826
0.515679948951974
0.8401657401670654
0.5365628828508829
0.9676438781099754
0.9101237555642127
0.6732357777892117
0.606499040381695
0.7561562854817072
0.6011827228349451
0.28991021985619736
0.8394305480630636
0.3476889477259907
0.9128919322063778
0.9613889885896818
0.4638694471293127
0.697080208614586
0.5359176970417895
0.7252092304327487
0.554174323530596
1.0311350214510393
0.7214936988213858
0.57436927613872
0.8188460991098658
0.5061877122729006
0.741556136088949
0.5174975923636436
0.5221833185318238
1.1569743507509525
0.8108016477297819
0.7629828499221891
0.5752987919516761
0.3283924911292919
1.0650379732060316
0.891549255691348
0.6168207189077585
0.6740382700978098
0.6643190658413632
0.9909605593634288
0.649625874137109
0.7099372732573587
0.6924292587281693
128/1024
0.7454053220234809
0.8138547204019124
0.46203043954383516
0.9405275591071447
0.5237179156998132
1.2057411939228133
0.714944833733759
0.5426750706897052
0.8338873959731843
0.8876910025224942
1.239955566390193
0.39488587575969863
1.066747211325513
1.0339442915473473
0.7984955337619652
1.007766332057196
0.9735076249025257
1.0802839039044607
1.1811211826915895
0.8474357396657487
0.8777352627833328
0.9683906218851662
0.6171099313709323
0.906679316660253
0.5456242565331361
0.81756931985227
0.9030829525030551
0.8904896296971517
0.9023285787221155
0.9560831743266336
0.6019019151095732
0.608564916773175
0.7013984479091446
0.850545628130098
0.8743606103846271
0.8190404325580202
0.6799312003189775
0.7999520557853073
0.5162469392471865
1.0449037172199076
0.591346689514324
0.3781212421179137
0.5774078078391196
0.9722511072551767
0.5408073878099918
1.0311334582954037
1.0610044643975713
0.4193702979555751
0.8060468839888464
0.7367202563147857
0.9807972536016817
0.28072013451846217
0.9391999164147082
0.5605638064079306
0.7155349029723108
0.4452214031199221
0.7423203161336844
0.5334144262252304
0.7023519257573324
0.5065516556939507
0.5059363572514786
1.1591870535505593
0.6787659001801675
1.0544461058017944
1.062598056961326
0.9686053102373857
0.8944952898007279
0.4008474767299773
0.5925282792445924
1.022583245607272
1.0297642651104653
0.8974804186999082
0.7887488609591343
0.6428781602675067
0.6433759979858085
0.7503327172337857
1.0192826174474983
0.9208291462559857
0.6198025866617342
0.4650306563291918
0.9058571234434326
0.533932720503002
0.5675660390720667
0.3463883732644791
0.986862253061089
0.9946099974884889
0.6618460577190302
1.0494800859187083
0.7251790924433452
0.6952961213636806
0.8180782816238028
0.6002445655378751
0.5593449566592799
0.6708110293305398
0.8633480659617472
0.8607371539502167
0.6944327857401564
0.7835726704608839
1.0812309968048233
0.5906074968630689
0.8405762779472354
0.8461012209824537
1.015548460157549
0.9850382252383297
1.090658622623934
1.0681183082262657
0.7737207843910286
0.8483786126104459
0.40639050151166867
0.6599577403261256
0.521546821674732
0.8921975607885708
0.9499388124143685
0.5709409061311004
0.6796399378735563
0.8685431128087349
0.7472368750646476
0.5944396694477823
0.41168863207711603
0.6555148647726152
1.1304201013805604
0.8625084182372772
0.42048431311222384
0.501619015569591
0.6214686035520061
0.6731881573537469
0.7745172234735457
0.7227972028880196
256/1024
0.9144236221086345
0.7424232231342262
0.940793841430584
0.594820969905647
0.7333457850196781
0.6212508818300476
0.8777764772003359
0.9525875751155217
0.5591979498888512
0.746114180855391
0.7735054050800868
0.7848087918270235
0.8342310677343142
0.8569818736132591
0.9826364276188648
0.7667004708578284
0.5469946258948154
0.6817566292744721
0.5842509221940626
0.6209263215999186
0.7314550402648137
0.27060150504390384
0.9258262709369387
0.3832876523361898
0.6395888365467239
0.5510678136179212
0.9289895715536252
0.7649418796257123
0.8192493399405923
0.6582762999761528
0.7843818497586026
0.8423362130568198
0.6583921909957974
0.864644200096251
0.8080804798033803
1.002408869098987
0.4642792488274221
1.167896439064599
0.4782615221377002
0.891270983321117
0.38250437718764707
0.8724318260958038
0.7726206379908225
0.9390724146339429
0.4486348228881011
0.8196195091761711
0.8871082718789598
0.9407466329741634
0.8568042827709821
0.295343259777049
0.6078647646952747
0.4792769376714006
0.7968526893967893
0.3633783825400593
0.8303717255938761
0.6845740529195342
0.5524146523386291
0.674314272297047
0.6220429661923313
0.4544623736982908
0.9491652889985931
0.9207665482378804
0.9268035698452517
0.9347797113531302
0.7997312807466976
0.7092573756278701
0.761623708099572
0.6727881810156244
0.5616109252662489
0.5076010103959692
0.7747448296108651
0.8082225290578856
0.6939538154442766
0.7999625633621243
0.47054525262595354
0.9417864109969023
0.5858093317262935
0.8135980302323811
0.6012012369641935
0.9246180218334328
0.777196337970627
0.5300805862026093
0.3778045982694449
0.8058121771260178
0.4601621086462337
0.6079417236562805
0.7941380288616727
0.5287947999408502
0.6901011674903588
0.7470302718419584
0.8521676299060543
0.7124924738896048
0.22690825837738543
0.7685941489242599
0.2699958136339913
0.6311915683241651
0.7561500738943279
0.2994634098791201
0.5585037831091265
0.6933115523098999
0.7773739675848921
0.746516842391902
0.11292917122170892
0.8193151390462675
0.5518380172073158
0.6971485775293562
0.8156405400802091
0.7224573282361905
0.9315756046901125
0.8634317489255576
0.696652861403789
0.9772544031960397
0.6601954789413969
0.7578763775719496
0.8843968569649581
0.500896122383692
0.7720741188421973
0.7908262543809893
0.8441333621701661
0.8605120417193491
0.8905867346889413
0.8192071961494313
0.7958696646706331
0.5435849505003636
0.907132795480617
1.070165174355273
0.749619246333294
0.5912369513333017
384/1024
0.6333769002886411
0.663310127148605
0.6722539128640371
0.810976305492072
1.1029316523315709
0.3901303153693479
0.963589621858439
0.6065313255855089
0.6826400894321505
0.8403323977334777
0.7910096604566328
0.6979526119979808
1.0831483249158318
0.9486261623049573
0.5337927050760471
0.7090972163888902
0.6738482931857861
1.065611912745106
0.5508762214732728
0.5567805398966623
0.1405859036077466
0.6917496933743692
0.9312856272199201
0.824075252789586
0.5703440991216516
0.9794448627425815
0.5320227708563051
0.7719524473371921
1.0359013927390317
0.5181459795519507
0.9429474058462008
0.3763247162412437
0.29486976544294463
0.7645776384503371
0.5963005055686604
0.7431087926724438
0.9234970538864375
0.8758096338824165
0.4424641829023499
0.594197999398151
0.7306911254580882
0.5608753933252664
0.752819925455992
0.5069079072264285
0.5964471460113389
0.389975864965638
0.5300259537646643
0.38096477739368007
0.9147872082186932
0.6741178531384463
0.911399924259662
0.8928029888763178
0.7889775170454538
0.6659565367678226
0.6908962014658696
0.47422465164670113
0.7928057965225287
0.5568622867533295
0.8383493976944487
0.6263164117570198
0.6616689410420499
0.9556789327479078
0.6071112192060051
0.5450066957295
0.3839337622509935
0.7883324101451339
1.1113880618327303
0.5560757575042418
0.640115225400496
0.6448789145130837
0.5819456637542725
0.46031570026627666
0.4561648816798608
0.02864575417094284
0.4993287178348036
0.6575317742281166
0.5745554745145525
1.0021061783737846
0.9434758039422038
0.9017339334619322
0.6190842855668623
0.40932914004434334
0.7531739539548827
0.2629344339270182
0.727809434059371
-0.08775759387038418
0.45080879240376215
0.6874830354372378
0.723506163096405
0.7509808649647904
1.114229608243513
0.4926814491452345
1.116352370361515
0.8332550763981543
0.12948011237268975
0.6405165301312667
0.13822374662087433
0.02557536066562638
0.928754612071881
0.7548679517886052
0.9030646484421143
0.2773490253813653
0.9637396300070368
0.8733960586756797
0.860276314954714
0.6196792942075151
0.5077873952112847
0.6429104451272176
0.6771336503689955
0.8756249297782785
0.5593370557255135
0.8581805821374034
0.6200085281211423
0.6254736152273614
0.8021768079137724
1.0745125841959884
0.6484291365042517
0.9296098072768796
0.943081490025508
0.6020294187865902
0.4828043384135299
0.6398380145409299
0.872048125337523
1.0091828064625565
0.996620351521423
0.33052434814312615
0.595764876656491
0.6155002664460025
512/1024
0.3282245983511137
0.7770606913961544
1.056053213863978
0.9661954707972444
0.45962874958389166
0.6565582263614553
0.07699539932182453
0.8863520963215894
0.9666409283434078
0.7064139998228979
0.7398510334715926
0.9873254700779921
0.29949045791751305
0.23047186703759048
0.6896775851772763
0.7074474101713717
0.5404211955829481
0.5651794307926435
0.46349349847713406
0.7730637253627863
0.6818497082078647
0.14530754260529138
0.6946548139816102
0.9681671509916351
0.8979566643263504
0.4678110265468522
0.9222252350990452
0.18163795951691736
-0.12426027093726832
0.690791708848045
0.6033118561846148
0.8036418912738288
0.641224734420247
0.836126229879844
0.21175715653766675
0.3503944827105611
0.8201333070840082
0.012762366298417871
-0.11949163135210494
0.7940210521355602
0.21479722073675467
0.5051463188136536
0.33754731921796205
0.30288282131707917
0.586321670762143
0.5714518449946417
0.8404081015296175
0.8642312195040218
0.7896520407825924
0.8669046278551135
0.6843530847326553
0.9180736970176835
0.7995794861144845
0.6267487521233109
0.18789611701294445
1.0952382764246074
0.5404730901049706
0.34872606524327726
0.9041568616011908
0.6145985216676941
0.969136010443701
0.6599748423835976
0.3599472341333476
0.6183515372582633
0.8046288335764047
0.5136615539962843
-0.3001725556732653
0.2764980123204419
0.8007394997480546
0.8866620496021361
0.9305334866255989
0.5861738078755817
1.0300943096907222
0.42377240661827076
0.8809000166198606
0.8108774614580418
0.6911628689559557
0.8096346716957616
0.6933056216959117
-0.12150241259050987
0.647344830629472
0.443284395822623
0.9720549613019243
0.9621123628637178
0.9462161067557293
-0.4462820437215337
0.7456542154587483
0.5313770151564959
1.024806634322251
0.5237120809001503
0.7777853962665419
0.45184543531537796
0.5795883484452529
0.6192366768710046
0.8657703756981143
0.7933008145182219
0.5307265840893828
0.6614134542557619
0.6125716239067408
0.7470978259971638
0.16829380682783318
0.7312862054195328
0.804385053953551
0.5416653815637096
0.5241378107685261
0.7526687230089585
0.7763679896955977
0.8892756659689498
0.73605885311012
0.40188216726287257
0.6995588088583649
0.3655574541738472
0.7728268133979121
0.5268713841091873
0.7795765857575176
0.5656730590285604
1.0037458399837642
0.4565699279351239
0.6705036353646798
1.1010806277158873
0.2239202843725855
0.08099577915078265
0.6807272162024833
0.5530827877874169
0.38293297380968
0.36034851422743164
0.4507172930645933
0.23661025219797704
640/1024
0.725265925046759
0.6236170778810637
0.6821617179595562
0.6858994350612071
0.4665823977609901
0.9293516620494795
0.746613296181633
0.5609637484621477
0.5065268975535953
0.4966286040433829
0.6767502123056279
0.8105142423960051
0.4735197401849224
0.6892156789041706
0.6688848375313727
0.801582091669764
0.7161434054164927
0.9314093510154111
0.6920589205193487
0.752977300324533
1.1119040444213142
0.6673804279752751
0.643055119952043
0.8164062160710869
0.7084069529150687
0.8262477825212828
0.5043126392774445
0.7955359688463021
0.4760490990216553
0.43868449154493316
0.9924812213748125
0.9980599949809732
0.4810305424524539
0.8931202165045189
0.7637433767928434
0.552918588522036
1.4066926556996386
0.6179474223004725
1.127966943008326
0.8726904673311063
1.0427359210978793
1.2077582366387456
0.6445928656820799
1.0156900969572997
0.5681836759178144
0.6877952620749002
1.0399268038901817
0.98003968263634
0.6091519501961045
0.6730347531835534
0.7468895308827358
0.7613494924700892
0.5834129396205633
0.6133690634222622
0.9932451749341653
1.1161782830116516
0.5794108943585414
0.9645524460627943
0.9665377037144756
0.9593457048250219
0.6635409382231026
0.8116868088841929
0.5087515235471323
0.661049273025585
0.6547812106614208
0.6005666669996526
0.850182212896451
0.9255788639937679
0.9837379799148402
1.047102917339041
0.9014994565357416
0.8611938018833829
0.7443351363953774
0.8564108455980874
0.8793439327039573
0.8757560465210954
0.5182291777250251
0.5903294016869389
0.620056390506165
1.1061680354806944
0.4850109016118035
0.7845882518112661
0.8414461434110267
0.6563894918847953
0.5885261680693611
0.6879071252530871
0.5846174081252444
0.9121485528466149
0.5141923046199219
0.6627431098874356
0.8381435679631007
0.5767930162552655
0.620160610610047
0.5158236896083415
0.5329722622222219
0.7085108206349333
1.1358789406668088
1.0809826826589002
0.5228009570372738
0.8479932750932896
0.5876076977627673
0.7553069551183003
0.5638825780640355
1.0301157012932085
0.5897799243197183
0.9073860750881008
1.1463290879997876
1.0078821442464125
0.9590691086667962
1.8601714910872786
0.6330792492889289
0.5925347085232081
0.8355083056935286
0.7176642729117417
0.9675838350572483
0.9111485929958926
0.8973298015441282
0.6851246215785537
0.9049255824354114
0.9111385396349692
0.9441358040903682
0.9745892206809014
0.7853860187988477
0.8687385036675812
0.937293199235884
0.9813212310559721
0.5730813012782399
0.9487307945220247
768/1024
0.5510427907257163
0.5267405853545306
0.004361085658896258
0.9226494851551152
0.5610555182154274
0.451769463314303
0.5773220816707092
0.3780627094684421
0.15386280854863782
0.8809187342166503
0.682030136261511
0.495551541002584
-0.2541610663864984
0.45781248849659195
0.9843794528675691
0.5645452668135058
-0.2855817344656497
0.27002036146669073
0.19518789395352584
-0.8533212109644653
0.4101076480382464
0.6556946589641229
0.7162541579607183
0.42903393734679585
1.088508275877405
1.1860107196076353
0.40759027517561636
1.0889637395536438
0.9425785863449992
0.58088263099644
0.15512308979684603
0.6968200604211643
0.8301907397247077
0.564485503869516
1.0853365426889148
0.7408341422719968
0.1467583898265613
0.32781293162343567
0.5739793387995897
0.5466970008838707
0.42451307207281147
0.45341775984841026
0.917789213919304
0.5546965023370465
0.7793373069283809
0.2835835893383486
0.07037548536386573
1.073498839195432
0.029710691398696087
0.7093388578067343
0.27851126424382766
0.877650888144154
0.8842762407654539
0.052841093348052925
1.0645293736481616
-0.07397883329481036
-0.2878730483355032
0.7644555600409302
0.6644657062919709
0.4934117737464072
0.06164248196825489
-0.018290768774574362
0.7396699901571671
0.651736350403672
-0.16838558045346386
0.6380486235072043
0.34620995579759617
0.8745660430445106
0.49499497415384164
0.28860683917109076
0.24143421438627655
0.7750276464848544
0.46492403855206516
1.1594743750628058
-0.0650389175694156
0.668931689696947
0.44529148579125455
0.7228135799013999
1.0633906816670815
0.9275636193853564
0.4586602277995964
0.8899147801494184
-0.5870286896105311
0.4609197977409856
0.7212674026104497
1.0715450854879012
0.9147002832501611
0.8850367713990386
0.5808769986469627
1.0210159110985209
0.3165370522119381
0.29942113997145614
0.4107781455090722
0.4622138558840657
0.7526656159441865
0.7316472291753056
0.2439816247584205
0.38480115627624856
1.0259888363361784
0.43188595929754836
0.7049239518107941
0.3107459879193367
-0.34920118399041356
0.9185966782291515
0.6573803530219958
1.0670293804673614
0.7041875371467282
0.13415332439343597
0.8849950380766362
0.12493800682177503
0.536558612352961
0.2857111781230862
0.4957729002072143
0.5452682073374411
0.051563410888358474
0.7442960702107997
0.9573600804650528
1.0176139508566606
0.025189960965739
0.12772754173010514
0.6742604188422107
1.008328976545392
0.5389957372142422
0.13424137215234944
0.9069262601376664
0.9779625722122102
0.8141934887194417
0.7474697036511011
896/1024
1.0225366909217763
0.8858442317174811
0.7007098770921661
0.6187412709986718
1.0182733440376823
0.5563419011346094
0.7466277529132743
0.6450867765899706
0.6537184796578419
0.8296240814921649
0.9830420464329305
0.7750609510726842
0.8475728717974866
0.48200373671505875
0.9024179687269038
0.7828660142279056
0.444380823751724
0.6193199579343105
0.4693909701404788
1.4719051439762663
0.5316276493044103
0.5723807038958895
0.6171422839223385
0.5449556131810191
0.7721144614107732
0.7938686856415458
0.8730339315981048
0.8843884294799433
0.45209776325115014
0.549837200222528
0.5163340410350432
0.48571011161012273
0.48732702928052946
0.5441024263318136
0.7005293410922434
1.1139551243647106
0.6746049465634162
0.6642485722765779
0.49960852529227895
0.7231177836311966
0.45028319160688834
1.2102735247185719
0.5118643762128744
0.7068354786528677
0.9096348276875634
1.281834109355549
0.6241515579026468
0.4638374599075517
0.5048600159882161
0.506776571025807
0.626503794620394
0.6511084050574031
0.4248843325376275
0.4893060754978438
0.7232786918371867
0.7716298091289076
0.7868632845276646
0.6380232266916793
0.42174370578693654
0.49665008895460516
0.8186358082114533
1.3254979406332428
1.1576220790093203
0.8897215401887416
0.5584546574276291
1.6614922936833292
0.8357913845498595
0.8926462257275596
0.5400722254894492
0.9611332562881156
0.8223328355243118
0.5095319769375899
0.5283179329842833
0.6777334398850557
0.6425075558604567
0.6655618888439145
0.6987807495840112
0.5309338556729107
0.427906144464523
0.6438523141547795
0.47822221702618256
0.4685160026120265
0.41539157871407495
0.7469115855448111
0.7592346674054627
0.8246066666448642
0.7729109479505751
0.7272555420352831
0.8397648609856254
0.9397094407593631
0.6186400603132451
0.5102472714757361
0.7083313898663014
0.6778036612714289
0.5857510787112858
0.6382566754496684
0.601446345449109
0.8023057884684781
0.5295454866314935
0.6463505158448708
0.6416472583336701
0.5736681410107343
0.6113191317671467
0.8815432620104872
0.8303742345469174
0.9544619269445412
0.9971140536709583
0.48939818039408395
0.6348796098132923
0.5419979441813163
0.512016378125402
0.755528569478168
0.4794879045672242
0.6911136119034667
0.7178614984695084
0.5473852871794243
1.2439620876092827
0.5956805025471725
0.9663169564477649
0.5202266578983393
0.8681943096981509
0.43314532114143994
0.7882831618532358
0.9564768522621571
0.7134605633020853
0.5456405750607883
0.45096427735747624
0.5394065473893842
1024/1024
0.5703608435963092
104.222966 seconds (76.83 M allocations: 12.896 GiB, 3.20% gc time)
