## SLURM PROLOG ###############################################################
##    Job ID : 8833786
##  Job Name : sbatch_etgent.sh
##  Nodelist : node1336
##      CPUs : 8
##  Mem/Node : 4096 MB
## Directory : /oscar/home/trazzaz/AFQMC
##   Job Started : Thu Feb 27 10:14:36 PM EST 2025
###############################################################################
seed = 1340
U = 2.0
β = 6.0
Warming up
128/1024
256/1024
384/1024
512/1024
640/1024
768/1024
896/1024
1024/1024
Measuring
128/16384
mean(sgnprob[1:i - 1]) = -0.49606299212598426
256/16384
mean(sgnprob[1:i - 1]) = 0.043137254901960784
384/16384
mean(sgnprob[1:i - 1]) = -0.13315926892950392
512/16384
mean(sgnprob[1:i - 1]) = -0.22896281800391388
640/16384
mean(sgnprob[1:i - 1]) = -0.10172143974960876
768/16384
mean(sgnprob[1:i - 1]) = -0.15514993481095177
896/16384
mean(sgnprob[1:i - 1]) = -0.20893854748603352
1024/16384
mean(sgnprob[1:i - 1]) = -0.12023460410557185
1152/16384
mean(sgnprob[1:i - 1]) = -0.046046915725456126
1280/16384
mean(sgnprob[1:i - 1]) = -0.08678655199374512
1408/16384
mean(sgnprob[1:i - 1]) = -0.031982942430703626
1536/16384
mean(sgnprob[1:i - 1]) = 0.01758957654723127
1664/16384
mean(sgnprob[1:i - 1]) = -0.030667468430547205
1792/16384
mean(sgnprob[1:i - 1]) = -0.0664433277498604
1920/16384
mean(sgnprob[1:i - 1]) = -0.0297029702970297
2048/16384
mean(sgnprob[1:i - 1]) = -0.056179775280898875
2176/16384
mean(sgnprob[1:i - 1]) = -0.0832183908045977
2304/16384
mean(sgnprob[1:i - 1]) = -0.054277029960920535
2432/16384
mean(sgnprob[1:i - 1]) = -0.024269847799259565
2560/16384
mean(sgnprob[1:i - 1]) = -0.005861664712778429
2688/16384
mean(sgnprob[1:i - 1]) = 0.018235950874581318
2816/16384
mean(sgnprob[1:i - 1]) = 0.03872113676731794
2944/16384
mean(sgnprob[1:i - 1]) = 0.009174311926605505
3072/16384
mean(sgnprob[1:i - 1]) = 0.028980788016932595
3200/16384
mean(sgnprob[1:i - 1]) = 0.005939356048765239
3328/16384
mean(sgnprob[1:i - 1]) = 0.02554854223023745
3456/16384
mean(sgnprob[1:i - 1]) = 0.04775687409551375
3584/16384
mean(sgnprob[1:i - 1]) = 0.06279653921295004
3712/16384
mean(sgnprob[1:i - 1]) = 0.07679870654810024
3840/16384
mean(sgnprob[1:i - 1]) = 0.0950768429278458
3968/16384
mean(sgnprob[1:i - 1]) = 0.11167128812704814
4096/16384
mean(sgnprob[1:i - 1]) = 0.1203907203907204
4224/16384
mean(sgnprob[1:i - 1]) = 0.1318967558607625
4352/16384
mean(sgnprob[1:i - 1]) = 0.14502413238336015
4480/16384
mean(sgnprob[1:i - 1]) = 0.125697700379549
4608/16384
mean(sgnprob[1:i - 1]) = 0.11048404601693075
4736/16384
mean(sgnprob[1:i - 1]) = 0.11594508975712778
4864/16384
mean(sgnprob[1:i - 1]) = 0.12440880115155253
4992/16384
mean(sgnprob[1:i - 1]) = 0.1344419955920657
5120/16384
mean(sgnprob[1:i - 1]) = 0.14319202969329947
5248/16384
mean(sgnprob[1:i - 1]) = 0.15418334286258814
5376/16384
mean(sgnprob[1:i - 1]) = 0.1605581395348837
5504/16384
mean(sgnprob[1:i - 1]) = 0.171361075776849
5632/16384
mean(sgnprob[1:i - 1]) = 0.1561001598295152
5760/16384
mean(sgnprob[1:i - 1]) = 0.1658274005903803
5888/16384
mean(sgnprob[1:i - 1]) = 0.17377271955155427
6016/16384
mean(sgnprob[1:i - 1]) = 0.1827098919368246
6144/16384
mean(sgnprob[1:i - 1]) = 0.1714146182646915
6272/16384
mean(sgnprob[1:i - 1]) = 0.1781215117206187
6400/16384
mean(sgnprob[1:i - 1]) = 0.18612283169245195
6528/16384
mean(sgnprob[1:i - 1]) = 0.19289106787191665
6656/16384
mean(sgnprob[1:i - 1]) = 0.2009015777610819
6784/16384
mean(sgnprob[1:i - 1]) = 0.20802005012531327
6912/16384
mean(sgnprob[1:i - 1]) = 0.21255968745478224
7040/16384
mean(sgnprob[1:i - 1]) = 0.20045461002983378
7168/16384
mean(sgnprob[1:i - 1]) = 0.20831589228407982
7296/16384
mean(sgnprob[1:i - 1]) = 0.2131596984235778
7424/16384
mean(sgnprob[1:i - 1]) = 0.2191836184830931
7552/16384
mean(sgnprob[1:i - 1]) = 0.2059329890080784
7680/16384
mean(sgnprob[1:i - 1]) = 0.20953249120979295
7808/16384
mean(sgnprob[1:i - 1]) = 0.21455104393493019
7936/16384
mean(sgnprob[1:i - 1]) = 0.22117202268431002
8064/16384
mean(sgnprob[1:i - 1]) = 0.22485427260324942
8192/16384
mean(sgnprob[1:i - 1]) = 0.2291539494567208
8320/16384
mean(sgnprob[1:i - 1]) = 0.2174540209159755
8448/16384
mean(sgnprob[1:i - 1]) = 0.20776607079436488
8576/16384
mean(sgnprob[1:i - 1]) = 0.1974344023323615
8704/16384
mean(sgnprob[1:i - 1]) = 0.18579800068941743
8832/16384
mean(sgnprob[1:i - 1]) = 0.18876684407201902
8960/16384
mean(sgnprob[1:i - 1]) = 0.17959593704654536
9088/16384
mean(sgnprob[1:i - 1]) = 0.18498954550456698
9216/16384
mean(sgnprob[1:i - 1]) = 0.1754747693977211
9344/16384
mean(sgnprob[1:i - 1]) = 0.17949266830782404
9472/16384
mean(sgnprob[1:i - 1]) = 0.1821349382324992
9600/16384
mean(sgnprob[1:i - 1]) = 0.1857485154703615
9728/16384
mean(sgnprob[1:i - 1]) = 0.18803330934512183
9856/16384
mean(sgnprob[1:i - 1]) = 0.18964992389649923
9984/16384
mean(sgnprob[1:i - 1]) = 0.19342882900931585
10112/16384
mean(sgnprob[1:i - 1]) = 0.19790327366234794
10240/16384
mean(sgnprob[1:i - 1]) = 0.18976462545170428
10368/16384
mean(sgnprob[1:i - 1]) = 0.18163403106009454
10496/16384
mean(sgnprob[1:i - 1]) = 0.18532634587899
10624/16384
mean(sgnprob[1:i - 1]) = 0.18968276381436505
10752/16384
mean(sgnprob[1:i - 1]) = 0.19337736024555854
10880/16384
mean(sgnprob[1:i - 1]) = 0.19716885743174925
11008/16384
mean(sgnprob[1:i - 1]) = 0.19923684927773236
11136/16384
mean(sgnprob[1:i - 1]) = 0.192276605298608
11264/16384
mean(sgnprob[1:i - 1]) = 0.195418627363935
11392/16384
mean(sgnprob[1:i - 1]) = 0.18742867175840575
11520/16384
mean(sgnprob[1:i - 1]) = 0.17978991231877767
11648/16384
mean(sgnprob[1:i - 1]) = 0.18262213445522452
11776/16384
mean(sgnprob[1:i - 1]) = 0.18556263269639064
11904/16384
mean(sgnprob[1:i - 1]) = 0.18894396370662858
12032/16384
mean(sgnprob[1:i - 1]) = 0.18227911229324245
12160/16384
mean(sgnprob[1:i - 1]) = 0.17575458508100994
12288/16384
mean(sgnprob[1:i - 1]) = 0.16985431757141695
12416/16384
mean(sgnprob[1:i - 1]) = 0.17422472815142973
12544/16384
mean(sgnprob[1:i - 1]) = 0.17707087618592043
12672/16384
mean(sgnprob[1:i - 1]) = 0.17149396259174493
12800/16384
mean(sgnprob[1:i - 1]) = 0.1747792796312212
12928/16384
mean(sgnprob[1:i - 1]) = 0.1767618163533689
13056/16384
mean(sgnprob[1:i - 1]) = 0.17993106089620836
13184/16384
mean(sgnprob[1:i - 1]) = 0.18303876204202382
13312/16384
mean(sgnprob[1:i - 1]) = 0.17586958154909474
13440/16384
mean(sgnprob[1:i - 1]) = 0.17895676761663815
13568/16384
mean(sgnprob[1:i - 1]) = 0.18228053364782193
13696/16384
mean(sgnprob[1:i - 1]) = 0.1756115370573202
13824/16384
mean(sgnprob[1:i - 1]) = 0.17789191926499312
13952/16384
mean(sgnprob[1:i - 1]) = 0.18013045659809332
14080/16384
mean(sgnprob[1:i - 1]) = 0.18261240144896654
14208/16384
mean(sgnprob[1:i - 1]) = 0.18617582881678046
14336/16384
mean(sgnprob[1:i - 1]) = 0.18953610045343564
14464/16384
mean(sgnprob[1:i - 1]) = 0.1931134619373574
14592/16384
mean(sgnprob[1:i - 1]) = 0.19512027962442602
14720/16384
mean(sgnprob[1:i - 1]) = 0.19682043617093553
14848/16384
mean(sgnprob[1:i - 1]) = 0.1910823735434768
14976/16384
mean(sgnprob[1:i - 1]) = 0.1937228714524207
15104/16384
mean(sgnprob[1:i - 1]) = 0.19592134013109977
15232/16384
mean(sgnprob[1:i - 1]) = 0.19834547961394525
15360/16384
mean(sgnprob[1:i - 1]) = 0.20138029819649717
15488/16384
mean(sgnprob[1:i - 1]) = 0.20513979466649448
15616/16384
mean(sgnprob[1:i - 1]) = 0.1988472622478386
15744/16384
mean(sgnprob[1:i - 1]) = 0.1929111351076669
15872/16384
mean(sgnprob[1:i - 1]) = 0.19500976624031252
16000/16384
mean(sgnprob[1:i - 1]) = 0.19007437964872806
16128/16384
mean(sgnprob[1:i - 1]) = 0.19265827494264276
16256/16384
mean(sgnprob[1:i - 1]) = 0.19483235927406953
16384/16384
mean(sgnprob[1:i - 1]) = 0.1968503937007874
724.952074 seconds (167.11 M allocations: 70.745 GiB, 1.40% gc time, 1.25% compilation time)
