## SLURM PROLOG ###############################################################
##    Job ID : 8834058
##  Job Name : sbatch_etgent.sh
##  Nodelist : node1733
##      CPUs : 8
##  Mem/Node : 4096 MB
## Directory : /oscar/home/trazzaz/AFQMC
##   Job Started : Fri Feb 28 05:40:22 AM EST 2025
###############################################################################
seed = 1612
U = 2.0
β = 6.0
Warming up
128/1024
256/1024
384/1024
512/1024
640/1024
768/1024
896/1024
1024/1024
Measuring
128/16384
mean(sgnprob[1:i - 1]) = 0.5590551181102362
256/16384
mean(sgnprob[1:i - 1]) = 0.5294117647058824
384/16384
mean(sgnprob[1:i - 1]) = 0.1906005221932115
512/16384
mean(sgnprob[1:i - 1]) = 0.2446183953033268
640/16384
mean(sgnprob[1:i - 1]) = 0.3302034428794992
768/16384
mean(sgnprob[1:i - 1]) = 0.34810951760104303
896/16384
mean(sgnprob[1:i - 1]) = 0.39217877094972065
1024/16384
mean(sgnprob[1:i - 1]) = 0.4056695992179863
1152/16384
mean(sgnprob[1:i - 1]) = 0.4005212858384014
1280/16384
mean(sgnprob[1:i - 1]) = 0.4151681000781861
1408/16384
mean(sgnprob[1:i - 1]) = 0.42999289267945984
1536/16384
mean(sgnprob[1:i - 1]) = 0.3511400651465798
1664/16384
mean(sgnprob[1:i - 1]) = 0.36740829825616356
1792/16384
mean(sgnprob[1:i - 1]) = 0.3757677275265215
1920/16384
mean(sgnprob[1:i - 1]) = 0.37363210005211045
2048/16384
mean(sgnprob[1:i - 1]) = 0.31411822178798243
2176/16384
mean(sgnprob[1:i - 1]) = 0.3232183908045977
2304/16384
mean(sgnprob[1:i - 1]) = 0.3321754233608337
2432/16384
mean(sgnprob[1:i - 1]) = 0.34183463595228303
2560/16384
mean(sgnprob[1:i - 1]) = 0.34114888628370454
2688/16384
mean(sgnprob[1:i - 1]) = 0.3457387420915519
2816/16384
mean(sgnprob[1:i - 1]) = 0.3122557726465364
2944/16384
mean(sgnprob[1:i - 1]) = 0.32246007475365274
3072/16384
mean(sgnprob[1:i - 1]) = 0.3331162487788994
3200/16384
mean(sgnprob[1:i - 1]) = 0.34417005314160676
3328/16384
mean(sgnprob[1:i - 1]) = 0.3519687406071536
3456/16384
mean(sgnprob[1:i - 1]) = 0.3545586107091172
3584/16384
mean(sgnprob[1:i - 1]) = 0.32179737650013956
3712/16384
mean(sgnprob[1:i - 1]) = 0.32740501212611156
3840/16384
mean(sgnprob[1:i - 1]) = 0.29356603282104715
3968/16384
mean(sgnprob[1:i - 1]) = 0.26796067557348124
4096/16384
mean(sgnprob[1:i - 1]) = 0.24737484737484738
4224/16384
mean(sgnprob[1:i - 1]) = 0.2521903859815297
4352/16384
mean(sgnprob[1:i - 1]) = 0.2282233969202482
4480/16384
mean(sgnprob[1:i - 1]) = 0.23822281759321276
4608/16384
mean(sgnprob[1:i - 1]) = 0.24766659431300195
4736/16384
mean(sgnprob[1:i - 1]) = 0.2553326293558606
4864/16384
mean(sgnprob[1:i - 1]) = 0.26382891219411886
4992/16384
mean(sgnprob[1:i - 1]) = 0.24624323782809057
5120/16384
mean(sgnprob[1:i - 1]) = 0.25297909747997654
5248/16384
mean(sgnprob[1:i - 1]) = 0.2597674861825805
5376/16384
mean(sgnprob[1:i - 1]) = 0.2669767441860465
5504/16384
mean(sgnprob[1:i - 1]) = 0.2720334363074687
5632/16384
mean(sgnprob[1:i - 1]) = 0.2566151660451074
5760/16384
mean(sgnprob[1:i - 1]) = 0.2616773745441917
5888/16384
mean(sgnprob[1:i - 1]) = 0.2665194496347885
6016/16384
mean(sgnprob[1:i - 1]) = 0.2721529509559435
6144/16384
mean(sgnprob[1:i - 1]) = 0.27787725866840307
6272/16384
mean(sgnprob[1:i - 1]) = 0.2610428958698772
6400/16384
mean(sgnprob[1:i - 1]) = 0.26426004063134867
6528/16384
mean(sgnprob[1:i - 1]) = 0.2685766814769419
6656/16384
mean(sgnprob[1:i - 1]) = 0.2697220135236664
6784/16384
mean(sgnprob[1:i - 1]) = 0.27406752174554033
6912/16384
mean(sgnprob[1:i - 1]) = 0.26320358848212994
7040/16384
mean(sgnprob[1:i - 1]) = 0.26750958943031683
7168/16384
mean(sgnprob[1:i - 1]) = 0.2705455560206502
7296/16384
mean(sgnprob[1:i - 1]) = 0.25538039753255654
7424/16384
mean(sgnprob[1:i - 1]) = 0.25528761956082446
7552/16384
mean(sgnprob[1:i - 1]) = 0.25996556747450666
7680/16384
mean(sgnprob[1:i - 1]) = 0.2655293658028389
7808/16384
mean(sgnprob[1:i - 1]) = 0.2680927372870501
7936/16384
mean(sgnprob[1:i - 1]) = 0.2720856962822936
8064/16384
mean(sgnprob[1:i - 1]) = 0.2749596924221754
8192/16384
mean(sgnprob[1:i - 1]) = 0.26309363936027347
8320/16384
mean(sgnprob[1:i - 1]) = 0.2669792042312778
8448/16384
mean(sgnprob[1:i - 1]) = 0.27193086302829406
8576/16384
mean(sgnprob[1:i - 1]) = 0.2755685131195335
8704/16384
mean(sgnprob[1:i - 1]) = 0.28001838446512695
8832/16384
mean(sgnprob[1:i - 1]) = 0.2684860151738195
8960/16384
mean(sgnprob[1:i - 1]) = 0.27179372697845744
9088/16384
mean(sgnprob[1:i - 1]) = 0.2761087267525036
9216/16384
mean(sgnprob[1:i - 1]) = 0.2781334780249593
9344/16384
mean(sgnprob[1:i - 1]) = 0.28074494273787864
9472/16384
mean(sgnprob[1:i - 1]) = 0.2828634779854292
9600/16384
mean(sgnprob[1:i - 1]) = 0.2840920929263465
9728/16384
mean(sgnprob[1:i - 1]) = 0.28590521229567184
9856/16384
mean(sgnprob[1:i - 1]) = 0.28888888888888886
9984/16384
mean(sgnprob[1:i - 1]) = 0.29259741560653113
10112/16384
mean(sgnprob[1:i - 1]) = 0.29502522005736326
10240/16384
mean(sgnprob[1:i - 1]) = 0.28450043949604453
10368/16384
mean(sgnprob[1:i - 1]) = 0.2863895051606058
10496/16384
mean(sgnprob[1:i - 1]) = 0.289566460219152
10624/16384
mean(sgnprob[1:i - 1]) = 0.28306504753836015
10752/16384
mean(sgnprob[1:i - 1]) = 0.2856478467119338
10880/16384
mean(sgnprob[1:i - 1]) = 0.2887213898336244
11008/16384
mean(sgnprob[1:i - 1]) = 0.2919051512673753
11136/16384
mean(sgnprob[1:i - 1]) = 0.28316120341266277
11264/16384
mean(sgnprob[1:i - 1]) = 0.286335789754062
11392/16384
mean(sgnprob[1:i - 1]) = 0.288912299183566
11520/16384
mean(sgnprob[1:i - 1]) = 0.2803194721764042
11648/16384
mean(sgnprob[1:i - 1]) = 0.2731175409976818
11776/16384
mean(sgnprob[1:i - 1]) = 0.2745647558386412
11904/16384
mean(sgnprob[1:i - 1]) = 0.2665714525749811
12032/16384
mean(sgnprob[1:i - 1]) = 0.2678912808577841
12160/16384
mean(sgnprob[1:i - 1]) = 0.2698412698412698
12288/16384
mean(sgnprob[1:i - 1]) = 0.27256449906405145
12416/16384
mean(sgnprob[1:i - 1]) = 0.2753926701570681
12544/16384
mean(sgnprob[1:i - 1]) = 0.2658853543809296
12672/16384
mean(sgnprob[1:i - 1]) = 0.2583063688738063
12800/16384
mean(sgnprob[1:i - 1]) = 0.26166106727088057
12928/16384
mean(sgnprob[1:i - 1]) = 0.2638663262938037
13056/16384
mean(sgnprob[1:i - 1]) = 0.25576407506702414
13184/16384
mean(sgnprob[1:i - 1]) = 0.25904574072669345
13312/16384
mean(sgnprob[1:i - 1]) = 0.25294868905416573
13440/16384
mean(sgnprob[1:i - 1]) = 0.25425998958255824
13568/16384
mean(sgnprob[1:i - 1]) = 0.2568732954964251
13696/16384
mean(sgnprob[1:i - 1]) = 0.24936108068638188
13824/16384
mean(sgnprob[1:i - 1]) = 0.2512479201331115
13952/16384
mean(sgnprob[1:i - 1]) = 0.24449860225073472
14080/16384
mean(sgnprob[1:i - 1]) = 0.23744584132395766
14208/16384
mean(sgnprob[1:i - 1]) = 0.23910748222707115
14336/16384
mean(sgnprob[1:i - 1]) = 0.24129752354377398
14464/16384
mean(sgnprob[1:i - 1]) = 0.24386365207771554
14592/16384
mean(sgnprob[1:i - 1]) = 0.23720101432389828
14720/16384
mean(sgnprob[1:i - 1]) = 0.22983898362660507
14848/16384
mean(sgnprob[1:i - 1]) = 0.23203340742237488
14976/16384
mean(sgnprob[1:i - 1]) = 0.22631051752921535
15104/16384
mean(sgnprob[1:i - 1]) = 0.22823280143017943
15232/16384
mean(sgnprob[1:i - 1]) = 0.2294662202087847
15360/16384
mean(sgnprob[1:i - 1]) = 0.23198124877921739
15488/16384
mean(sgnprob[1:i - 1]) = 0.22593142635759023
15616/16384
mean(sgnprob[1:i - 1]) = 0.2277937880243356
15744/16384
mean(sgnprob[1:i - 1]) = 0.22314679540113067
15872/16384
mean(sgnprob[1:i - 1]) = 0.22537962321214794
16000/16384
mean(sgnprob[1:i - 1]) = 0.2267016688543034
16128/16384
mean(sgnprob[1:i - 1]) = 0.23011099398524215
16256/16384
mean(sgnprob[1:i - 1]) = 0.22436173485081515
16384/16384
mean(sgnprob[1:i - 1]) = 0.22651529023988282
738.242551 seconds (167.11 M allocations: 70.745 GiB, 1.37% gc time, 1.22% compilation time)
