## SLURM PROLOG ###############################################################
##    Job ID : 7671087
##  Job Name : sbatch_etgent.sh
##  Nodelist : node1745
##      CPUs : 8
##  Mem/Node : 4096 MB
## Directory : /oscar/home/trazzaz/AFQMC
##   Job Started : Sun Jan 19 02:14:35 AM EST 2025
###############################################################################
seed = 1254
U = 2.0
β = 6.0
Warming up
128/1024
256/1024
384/1024
512/1024
640/1024
768/1024
896/1024
1024/1024
Measuring
128/16384
mean(sgnprob[1:i - 1]) = -0.29133858267716534
256/16384
mean(sgnprob[1:i - 1]) = -0.050980392156862744
384/16384
mean(sgnprob[1:i - 1]) = -0.13838120104438642
512/16384
mean(sgnprob[1:i - 1]) = -0.021526418786692758
640/16384
mean(sgnprob[1:i - 1]) = 0.08294209702660407
768/16384
mean(sgnprob[1:i - 1]) = 0.1290743155149935
896/16384
mean(sgnprob[1:i - 1]) = 0.09050279329608939
1024/16384
mean(sgnprob[1:i - 1]) = 0.11241446725317693
1152/16384
mean(sgnprob[1:i - 1]) = 0.0738488271068636
1280/16384
mean(sgnprob[1:i - 1]) = 0.08991399530883502
1408/16384
mean(sgnprob[1:i - 1]) = 0.051883439943141436
1536/16384
mean(sgnprob[1:i - 1]) = 0.05537459283387622
1664/16384
mean(sgnprob[1:i - 1]) = 0.060733613950691524
1792/16384
mean(sgnprob[1:i - 1]) = 0.060859854829704074
1920/16384
mean(sgnprob[1:i - 1]) = 0.07347576862949452
2048/16384
mean(sgnprob[1:i - 1]) = 0.08158280410356619
2176/16384
mean(sgnprob[1:i - 1]) = 0.05655172413793103
2304/16384
mean(sgnprob[1:i - 1]) = 0.0377768128528007
2432/16384
mean(sgnprob[1:i - 1]) = 0.025915261209378856
2560/16384
mean(sgnprob[1:i - 1]) = 0.032434544744040644
2688/16384
mean(sgnprob[1:i - 1]) = 0.041310011164867884
2816/16384
mean(sgnprob[1:i - 1]) = 0.04937833037300177
2944/16384
mean(sgnprob[1:i - 1]) = 0.06286102616377846
3072/16384
mean(sgnprob[1:i - 1]) = 0.07391729078476067
3200/16384
mean(sgnprob[1:i - 1]) = 0.0772116286339481
3328/16384
mean(sgnprob[1:i - 1]) = 0.08385933273219116
3456/16384
mean(sgnprob[1:i - 1]) = 0.09753979739507959
3584/16384
mean(sgnprob[1:i - 1]) = 0.10186994138989673
3712/16384
mean(sgnprob[1:i - 1]) = 0.09081110212880625
3840/16384
mean(sgnprob[1:i - 1]) = 0.09611878093253451
3968/16384
mean(sgnprob[1:i - 1]) = 0.09452987143937484
4096/16384
mean(sgnprob[1:i - 1]) = 0.10085470085470086
4224/16384
mean(sgnprob[1:i - 1]) = 0.10726971347383377
4352/16384
mean(sgnprob[1:i - 1]) = 0.11330728568145254
4480/16384
mean(sgnprob[1:i - 1]) = 0.11408796606385353
4608/16384
mean(sgnprob[1:i - 1]) = 0.11786411981766877
4736/16384
mean(sgnprob[1:i - 1]) = 0.11932418162618796
4864/16384
mean(sgnprob[1:i - 1]) = 0.11865103845362944
4992/16384
mean(sgnprob[1:i - 1]) = 0.10959727509517131
5120/16384
mean(sgnprob[1:i - 1]) = 0.11037311974995116
5248/16384
mean(sgnprob[1:i - 1]) = 0.11720983419096627
5376/16384
mean(sgnprob[1:i - 1]) = 0.11925581395348837
5504/16384
mean(sgnprob[1:i - 1]) = 0.1117572233327276
5632/16384
mean(sgnprob[1:i - 1]) = 0.1141893091813177
5760/16384
mean(sgnprob[1:i - 1]) = 0.11859697864212537
5888/16384
mean(sgnprob[1:i - 1]) = 0.12247324613555291
6016/16384
mean(sgnprob[1:i - 1]) = 0.1228595178719867
6144/16384
mean(sgnprob[1:i - 1]) = 0.12453198762819469
6272/16384
mean(sgnprob[1:i - 1]) = 0.11784404401211927
6400/16384
mean(sgnprob[1:i - 1]) = 0.12111267385528988
6528/16384
mean(sgnprob[1:i - 1]) = 0.12302742454420101
6656/16384
mean(sgnprob[1:i - 1]) = 0.12697220135236664
6784/16384
mean(sgnprob[1:i - 1]) = 0.12811440365619933
6912/16384
mean(sgnprob[1:i - 1]) = 0.12342642164665027
7040/16384
mean(sgnprob[1:i - 1]) = 0.1243074300326751
7168/16384
mean(sgnprob[1:i - 1]) = 0.12850565089995813
7296/16384
mean(sgnprob[1:i - 1]) = 0.12762165867032213
7424/16384
mean(sgnprob[1:i - 1]) = 0.128654182944901
7552/16384
mean(sgnprob[1:i - 1]) = 0.13177062640709838
7680/16384
mean(sgnprob[1:i - 1]) = 0.1332204714155489
7808/16384
mean(sgnprob[1:i - 1]) = 0.13667221724093762
7936/16384
mean(sgnprob[1:i - 1]) = 0.1377441713925646
8064/16384
mean(sgnprob[1:i - 1]) = 0.1370457646037455
8192/16384
mean(sgnprob[1:i - 1]) = 0.13343914052008302
8320/16384
mean(sgnprob[1:i - 1]) = 0.12850102175742276
8448/16384
mean(sgnprob[1:i - 1]) = 0.12252870841718953
8576/16384
mean(sgnprob[1:i - 1]) = 0.12326530612244897
8704/16384
mean(sgnprob[1:i - 1]) = 0.12696771228312076
8832/16384
mean(sgnprob[1:i - 1]) = 0.12150379345487487
8960/16384
mean(sgnprob[1:i - 1]) = 0.11463332961267998
9088/16384
mean(sgnprob[1:i - 1]) = 0.11323869263783427
9216/16384
mean(sgnprob[1:i - 1]) = 0.11492132392837764
9344/16384
mean(sgnprob[1:i - 1]) = 0.1122765706946377
9472/16384
mean(sgnprob[1:i - 1]) = 0.11498257839721254
9600/16384
mean(sgnprob[1:i - 1]) = 0.1190749036357954
9728/16384
mean(sgnprob[1:i - 1]) = 0.11915287344504986
9856/16384
mean(sgnprob[1:i - 1]) = 0.11983764586504313
9984/16384
mean(sgnprob[1:i - 1]) = 0.12050485825904036
10112/16384
mean(sgnprob[1:i - 1]) = 0.12036396004351696
10240/16384
mean(sgnprob[1:i - 1]) = 0.12139857407949996
10368/16384
mean(sgnprob[1:i - 1]) = 0.1210572007330954
10496/16384
mean(sgnprob[1:i - 1]) = 0.12415435921867556
10624/16384
mean(sgnprob[1:i - 1]) = 0.12717688035394897
10752/16384
mean(sgnprob[1:i - 1]) = 0.12901125476699843
10880/16384
mean(sgnprob[1:i - 1]) = 0.13080246346171523
11008/16384
mean(sgnprob[1:i - 1]) = 0.1267375306623058
11136/16384
mean(sgnprob[1:i - 1]) = 0.12689717108217333
11264/16384
mean(sgnprob[1:i - 1]) = 0.1263428926573737
11392/16384
mean(sgnprob[1:i - 1]) = 0.12667895707137214
11520/16384
mean(sgnprob[1:i - 1]) = 0.12596579564198282
11648/16384
mean(sgnprob[1:i - 1]) = 0.12028848630548639
11776/16384
mean(sgnprob[1:i - 1]) = 0.12016985138004246
11904/16384
mean(sgnprob[1:i - 1]) = 0.12089389229605982
12032/16384
mean(sgnprob[1:i - 1]) = 0.11844401961599202
12160/16384
mean(sgnprob[1:i - 1]) = 0.11456534254461716
12288/16384
mean(sgnprob[1:i - 1]) = 0.1159762350451697
12416/16384
mean(sgnprob[1:i - 1]) = 0.1162303664921466
12544/16384
mean(sgnprob[1:i - 1]) = 0.11695766563023201
12672/16384
mean(sgnprob[1:i - 1]) = 0.11340857075211112
12800/16384
mean(sgnprob[1:i - 1]) = 0.11164934760528167
12928/16384
mean(sgnprob[1:i - 1]) = 0.10760423918929372
13056/16384
mean(sgnprob[1:i - 1]) = 0.10532363079279969
13184/16384
mean(sgnprob[1:i - 1]) = 0.10445270424030949
13312/16384
mean(sgnprob[1:i - 1]) = 0.10104424911727143
13440/16384
mean(sgnprob[1:i - 1]) = 0.10112359550561797
13568/16384
mean(sgnprob[1:i - 1]) = 0.09692636544556645
13696/16384
mean(sgnprob[1:i - 1]) = 0.09981745162468054
13824/16384
mean(sgnprob[1:i - 1]) = 0.10077407219850973
13952/16384
mean(sgnprob[1:i - 1]) = 0.10142642104508637
14080/16384
mean(sgnprob[1:i - 1]) = 0.09823140848071596
14208/16384
mean(sgnprob[1:i - 1]) = 0.09537551911029774
14336/16384
mean(sgnprob[1:i - 1]) = 0.09633763515870247
14464/16384
mean(sgnprob[1:i - 1]) = 0.09576159856184747
14592/16384
mean(sgnprob[1:i - 1]) = 0.09725173051881297
14720/16384
mean(sgnprob[1:i - 1]) = 0.09912358176506555
14848/16384
mean(sgnprob[1:i - 1]) = 0.09988549875395702
14976/16384
mean(sgnprob[1:i - 1]) = 0.10196994991652755
15104/16384
mean(sgnprob[1:i - 1]) = 0.09951665232073098
15232/16384
mean(sgnprob[1:i - 1]) = 0.09959950101766135
15360/16384
mean(sgnprob[1:i - 1]) = 0.09720684940425808
15488/16384
mean(sgnprob[1:i - 1]) = 0.09704913798669852
15616/16384
mean(sgnprob[1:i - 1]) = 0.0979186679474864
15744/16384
mean(sgnprob[1:i - 1]) = 0.09902813949056724
15872/16384
mean(sgnprob[1:i - 1]) = 0.09659126709092054
16000/16384
mean(sgnprob[1:i - 1]) = 0.09244327770485655
16128/16384
mean(sgnprob[1:i - 1]) = 0.09418986792335834
16256/16384
mean(sgnprob[1:i - 1]) = 0.09553983389726238
16384/16384
mean(sgnprob[1:i - 1]) = 0.0929622169321858
750.997866 seconds (167.10 M allocations: 70.745 GiB, 2.15% gc time, 1.31% compilation time)
