## SLURM PROLOG ###############################################################
##    Job ID : 8833787
##  Job Name : sbatch_etgent.sh
##  Nodelist : node1336
##      CPUs : 8
##  Mem/Node : 4096 MB
## Directory : /oscar/home/trazzaz/AFQMC
##   Job Started : Thu Feb 27 10:14:36 PM EST 2025
###############################################################################
seed = 1341
U = 2.0
β = 6.0
Warming up
128/1024
256/1024
384/1024
512/1024
640/1024
768/1024
896/1024
1024/1024
Measuring
128/16384
mean(sgnprob[1:i - 1]) = 0.4330708661417323
256/16384
mean(sgnprob[1:i - 1]) = 0.396078431372549
384/16384
mean(sgnprob[1:i - 1]) = 0.42036553524804177
512/16384
mean(sgnprob[1:i - 1]) = 0.44031311154598823
640/16384
mean(sgnprob[1:i - 1]) = 0.45539906103286387
768/16384
mean(sgnprob[1:i - 1]) = 0.439374185136897
896/16384
mean(sgnprob[1:i - 1]) = 0.4592178770949721
1024/16384
mean(sgnprob[1:i - 1]) = 0.3548387096774194
1152/16384
mean(sgnprob[1:i - 1]) = 0.3501303214596003
1280/16384
mean(sgnprob[1:i - 1]) = 0.35731039874902265
1408/16384
mean(sgnprob[1:i - 1]) = 0.2977967306325515
1536/16384
mean(sgnprob[1:i - 1]) = 0.2964169381107492
1664/16384
mean(sgnprob[1:i - 1]) = 0.24353577871316898
1792/16384
mean(sgnprob[1:i - 1]) = 0.25069793411501956
1920/16384
mean(sgnprob[1:i - 1]) = 0.2589890568004169
2048/16384
mean(sgnprob[1:i - 1]) = 0.22325354176844162
2176/16384
mean(sgnprob[1:i - 1]) = 0.22942528735632184
2304/16384
mean(sgnprob[1:i - 1]) = 0.19496309161962658
2432/16384
mean(sgnprob[1:i - 1]) = 0.16248457424928014
2560/16384
mean(sgnprob[1:i - 1]) = 0.17311449785072294
2688/16384
mean(sgnprob[1:i - 1]) = 0.1812430219575735
2816/16384
mean(sgnprob[1:i - 1]) = 0.1886323268206039
2944/16384
mean(sgnprob[1:i - 1]) = 0.19877675840978593
3072/16384
mean(sgnprob[1:i - 1]) = 0.20481927710843373
3200/16384
mean(sgnprob[1:i - 1]) = 0.21100343857455456
3328/16384
mean(sgnprob[1:i - 1]) = 0.2185151788397956
3456/16384
mean(sgnprob[1:i - 1]) = 0.2231548480463097
3584/16384
mean(sgnprob[1:i - 1]) = 0.20122802121127548
3712/16384
mean(sgnprob[1:i - 1]) = 0.17973592023713283
3840/16384
mean(sgnprob[1:i - 1]) = 0.15915603021620214
3968/16384
mean(sgnprob[1:i - 1]) = 0.1388958911015881
4096/16384
mean(sgnprob[1:i - 1]) = 0.12380952380952381
4224/16384
mean(sgnprob[1:i - 1]) = 0.13237035282974188
4352/16384
mean(sgnprob[1:i - 1]) = 0.13950815904389796
4480/16384
mean(sgnprob[1:i - 1]) = 0.14891716901093993
4608/16384
mean(sgnprob[1:i - 1]) = 0.16084219665726068
4736/16384
mean(sgnprob[1:i - 1]) = 0.16916578669482576
4864/16384
mean(sgnprob[1:i - 1]) = 0.1745835903763109
4992/16384
mean(sgnprob[1:i - 1]) = 0.18493287918252854
5120/16384
mean(sgnprob[1:i - 1]) = 0.18929478413752687
5248/16384
mean(sgnprob[1:i - 1]) = 0.1942062130741376
5376/16384
mean(sgnprob[1:i - 1]) = 0.17953488372093024
5504/16384
mean(sgnprob[1:i - 1]) = 0.18662547701253862
5632/16384
mean(sgnprob[1:i - 1]) = 0.19374889007281124
5760/16384
mean(sgnprob[1:i - 1]) = 0.19847195693696823
5888/16384
mean(sgnprob[1:i - 1]) = 0.18906064209274673
6016/16384
mean(sgnprob[1:i - 1]) = 0.19201995012468828
6144/16384
mean(sgnprob[1:i - 1]) = 0.17857724238971187
6272/16384
mean(sgnprob[1:i - 1]) = 0.16664008929995217
6400/16384
mean(sgnprob[1:i - 1]) = 0.1564306922956712
6528/16384
mean(sgnprob[1:i - 1]) = 0.16132986057913284
6656/16384
mean(sgnprob[1:i - 1]) = 0.16664162283996994
6784/16384
mean(sgnprob[1:i - 1]) = 0.15524104378593542
6912/16384
mean(sgnprob[1:i - 1]) = 0.1610476052669657
7040/16384
mean(sgnprob[1:i - 1]) = 0.1657905952550078
7168/16384
mean(sgnprob[1:i - 1]) = 0.16868982838007535
7296/16384
mean(sgnprob[1:i - 1]) = 0.17258396161754627
7424/16384
mean(sgnprob[1:i - 1]) = 0.17472719924558805
7552/16384
mean(sgnprob[1:i - 1]) = 0.17865183419414646
7680/16384
mean(sgnprob[1:i - 1]) = 0.18296653210053393
7808/16384
mean(sgnprob[1:i - 1]) = 0.1876521070833867
7936/16384
mean(sgnprob[1:i - 1]) = 0.1939508506616257
8064/16384
mean(sgnprob[1:i - 1]) = 0.18392657819670097
8192/16384
mean(sgnprob[1:i - 1]) = 0.18813331705530462
8320/16384
mean(sgnprob[1:i - 1]) = 0.17898785911768242
8448/16384
mean(sgnprob[1:i - 1]) = 0.1731975849413993
8576/16384
mean(sgnprob[1:i - 1]) = 0.17784256559766765
8704/16384
mean(sgnprob[1:i - 1]) = 0.1699413995174078
8832/16384
mean(sgnprob[1:i - 1]) = 0.17110180047559734
8960/16384
mean(sgnprob[1:i - 1]) = 0.1749079138296685
9088/16384
mean(sgnprob[1:i - 1]) = 0.1772862330802245
9216/16384
mean(sgnprob[1:i - 1]) = 0.18176885512750948
9344/16384
mean(sgnprob[1:i - 1]) = 0.18313175639516216
9472/16384
mean(sgnprob[1:i - 1]) = 0.17516629711751663
9600/16384
mean(sgnprob[1:i - 1]) = 0.17908115428690488
9728/16384
mean(sgnprob[1:i - 1]) = 0.18124807237586102
9856/16384
mean(sgnprob[1:i - 1]) = 0.1841704718417047
9984/16384
mean(sgnprob[1:i - 1]) = 0.18641690874486627
10112/16384
mean(sgnprob[1:i - 1]) = 0.18900207694590052
10240/16384
mean(sgnprob[1:i - 1]) = 0.19230393593124329
10368/16384
mean(sgnprob[1:i - 1]) = 0.1949455001446899
10496/16384
mean(sgnprob[1:i - 1]) = 0.1881848499285374
10624/16384
mean(sgnprob[1:i - 1]) = 0.1797044149486962
10752/16384
mean(sgnprob[1:i - 1]) = 0.18016928657799275
10880/16384
mean(sgnprob[1:i - 1]) = 0.18356466587002482
11008/16384
mean(sgnprob[1:i - 1]) = 0.18542745525574633
11136/16384
mean(sgnprob[1:i - 1]) = 0.1881454872025146
11264/16384
mean(sgnprob[1:i - 1]) = 0.19026902246293173
11392/16384
mean(sgnprob[1:i - 1]) = 0.18286366429637432
11520/16384
mean(sgnprob[1:i - 1]) = 0.1761437624793819
11648/16384
mean(sgnprob[1:i - 1]) = 0.1797029277925646
11776/16384
mean(sgnprob[1:i - 1]) = 0.1808067940552017
11904/16384
mean(sgnprob[1:i - 1]) = 0.17415777535075191
12032/16384
mean(sgnprob[1:i - 1]) = 0.17629457235475024
12160/16384
mean(sgnprob[1:i - 1]) = 0.17032650711407188
12288/16384
mean(sgnprob[1:i - 1]) = 0.17294701717262148
12416/16384
mean(sgnprob[1:i - 1]) = 0.1769633507853403
12544/16384
mean(sgnprob[1:i - 1]) = 0.17866539105477158
12672/16384
mean(sgnprob[1:i - 1]) = 0.17244100702391288
12800/16384
mean(sgnprob[1:i - 1]) = 0.16899757793577624
12928/16384
mean(sgnprob[1:i - 1]) = 0.17196565328382454
13056/16384
mean(sgnprob[1:i - 1]) = 0.1742627345844504
13184/16384
mean(sgnprob[1:i - 1]) = 0.16817112948494273
13312/16384
mean(sgnprob[1:i - 1]) = 0.1686575013147021
13440/16384
mean(sgnprob[1:i - 1]) = 0.1716645583748791
13568/16384
mean(sgnprob[1:i - 1]) = 0.1741726247512346
13696/16384
mean(sgnprob[1:i - 1]) = 0.17663380795910916
13824/16384
mean(sgnprob[1:i - 1]) = 0.17051291326050785
13952/16384
mean(sgnprob[1:i - 1]) = 0.16522113110171313
14080/16384
mean(sgnprob[1:i - 1]) = 0.16712834718374883
14208/16384
mean(sgnprob[1:i - 1]) = 0.16970507496304638
14336/16384
mean(sgnprob[1:i - 1]) = 0.17418904778514127
14464/16384
mean(sgnprob[1:i - 1]) = 0.1770725299038927
14592/16384
mean(sgnprob[1:i - 1]) = 0.17277773970255636
14720/16384
mean(sgnprob[1:i - 1]) = 0.1742645560160337
14848/16384
mean(sgnprob[1:i - 1]) = 0.16764329494173907
14976/16384
mean(sgnprob[1:i - 1]) = 0.17021702838063438
15104/16384
mean(sgnprob[1:i - 1]) = 0.17195259220022513
15232/16384
mean(sgnprob[1:i - 1]) = 0.17431554067362615
15360/16384
mean(sgnprob[1:i - 1]) = 0.17038869718080604
15488/16384
mean(sgnprob[1:i - 1]) = 0.17259637114999676
15616/16384
mean(sgnprob[1:i - 1]) = 0.1728466218379763
15744/16384
mean(sgnprob[1:i - 1]) = 0.17576065552944165
15872/16384
mean(sgnprob[1:i - 1]) = 0.1782496377039884
16000/16384
mean(sgnprob[1:i - 1]) = 0.18119882492655792
16128/16384
mean(sgnprob[1:i - 1]) = 0.1832330873690085
16256/16384
mean(sgnprob[1:i - 1]) = 0.1852353122116272
16384/16384
mean(sgnprob[1:i - 1]) = 0.18793871696270525
745.028664 seconds (167.11 M allocations: 70.745 GiB, 1.43% gc time, 1.21% compilation time)
