## SLURM PROLOG ###############################################################
##    Job ID : 5341806
##  Job Name : etgent_N2_U4
##  Nodelist : node1711
##      CPUs : 8
##  Mem/Node : 2048 MB
## Directory : /oscar/home/trazzaz/AFQMC
##   Job Started : Wed Oct 23 11:28:40 AM EDT 2024
###############################################################################
U = 4.0
seed = 1234
λₖ = 0.0
Warming up
128/512
256/512
384/512
512/512
Measuring
128/1024
256/1024
384/1024
512/1024
640/1024
768/1024
896/1024
1024/1024
 37.330337 seconds (35.02 M allocations: 36.367 GiB, 7.56% gc time, 20.10% compilation time)
λₖ = 0.2
Warming up
128/512
256/512
384/512
512/512
Measuring
128/1024
256/1024
384/1024
512/1024
640/1024
768/1024
896/1024
1024/1024
 28.596646 seconds (33.17 M allocations: 36.268 GiB, 9.69% gc time, 0.27% compilation time)
λₖ = 0.4
Warming up
128/512
256/512
384/512
512/512
Measuring
128/1024
256/1024
384/1024
512/1024
640/1024
768/1024
896/1024
1024/1024
 28.041599 seconds (33.17 M allocations: 36.268 GiB, 9.58% gc time)
λₖ = 0.6
Warming up
128/512
256/512
384/512
512/512
Measuring
128/1024
256/1024
384/1024
512/1024
640/1024
768/1024
896/1024
1024/1024
 27.393155 seconds (33.17 M allocations: 36.268 GiB, 8.87% gc time)
λₖ = 0.8
Warming up
128/512
256/512
384/512
512/512
Measuring
128/1024
256/1024
384/1024
512/1024
640/1024
768/1024
896/1024
1024/1024
 27.540147 seconds (33.17 M allocations: 36.268 GiB, 8.89% gc time)
