## SLURM PROLOG ###############################################################
##    Job ID : 8834072
##  Job Name : sbatch_etgent.sh
##  Nodelist : node1736
##      CPUs : 8
##  Mem/Node : 4096 MB
## Directory : /oscar/home/trazzaz/AFQMC
##   Job Started : Fri Feb 28 06:03:49 AM EST 2025
###############################################################################
seed = 1626
U = 2.0
β = 6.0
Warming up
128/1024
256/1024
384/1024
512/1024
640/1024
768/1024
896/1024
1024/1024
Measuring
128/16384
mean(sgnprob[1:i - 1]) = 0.2440944881889764
256/16384
mean(sgnprob[1:i - 1]) = 0.3176470588235294
384/16384
mean(sgnprob[1:i - 1]) = 0.3733681462140992
512/16384
mean(sgnprob[1:i - 1]) = 0.3816046966731898
640/16384
mean(sgnprob[1:i - 1]) = 0.4084507042253521
768/16384
mean(sgnprob[1:i - 1]) = 0.4002607561929596
896/16384
mean(sgnprob[1:i - 1]) = 0.2871508379888268
1024/16384
mean(sgnprob[1:i - 1]) = 0.2981427174975562
1152/16384
mean(sgnprob[1:i - 1]) = 0.3032145960034752
1280/16384
mean(sgnprob[1:i - 1]) = 0.2290852228303362
1408/16384
mean(sgnprob[1:i - 1]) = 0.1712864250177683
1536/16384
mean(sgnprob[1:i - 1]) = 0.17654723127035832
1664/16384
mean(sgnprob[1:i - 1]) = 0.13048707155742634
1792/16384
mean(sgnprob[1:i - 1]) = 0.09882747068676717
1920/16384
mean(sgnprob[1:i - 1]) = 0.11307972902553413
2048/16384
mean(sgnprob[1:i - 1]) = 0.07669760625305325
2176/16384
mean(sgnprob[1:i - 1]) = 0.04367816091954023
2304/16384
mean(sgnprob[1:i - 1]) = 0.018671298306556665
2432/16384
mean(sgnprob[1:i - 1]) = -0.0012340600575894694
2560/16384
mean(sgnprob[1:i - 1]) = 0.015240328253223915
2688/16384
mean(sgnprob[1:i - 1]) = 0.030145143282471157
2816/16384
mean(sgnprob[1:i - 1]) = 0.047957371225577264
2944/16384
mean(sgnprob[1:i - 1]) = 0.06422018348623854
3072/16384
mean(sgnprob[1:i - 1]) = 0.08108108108108109
3200/16384
mean(sgnprob[1:i - 1]) = 0.09221631759924977
3328/16384
mean(sgnprob[1:i - 1]) = 0.10429816651638113
3456/16384
mean(sgnprob[1:i - 1]) = 0.11722141823444283
3584/16384
mean(sgnprob[1:i - 1]) = 0.12866313145408875
3712/16384
mean(sgnprob[1:i - 1]) = 0.11236863379143087
3840/16384
mean(sgnprob[1:i - 1]) = 0.12112529304506382
3968/16384
mean(sgnprob[1:i - 1]) = 0.10511721704058483
4096/16384
mean(sgnprob[1:i - 1]) = 0.11648351648351649
4224/16384
mean(sgnprob[1:i - 1]) = 0.12384560738811272
4352/16384
mean(sgnprob[1:i - 1]) = 0.10411399678234888
4480/16384
mean(sgnprob[1:i - 1]) = 0.11274838133511944
4608/16384
mean(sgnprob[1:i - 1]) = 0.120468851747341
4736/16384
mean(sgnprob[1:i - 1]) = 0.12946145723336852
4864/16384
mean(sgnprob[1:i - 1]) = 0.13921447666049763
4992/16384
mean(sgnprob[1:i - 1]) = 0.12602684832698857
5120/16384
mean(sgnprob[1:i - 1]) = 0.1146708341472944
5248/16384
mean(sgnprob[1:i - 1]) = 0.12178387650085763
5376/16384
mean(sgnprob[1:i - 1]) = 0.13265116279069766
5504/16384
mean(sgnprob[1:i - 1]) = 0.13610757768489914
5632/16384
mean(sgnprob[1:i - 1]) = 0.14260344521399396
5760/16384
mean(sgnprob[1:i - 1]) = 0.1484632748741101
5888/16384
mean(sgnprob[1:i - 1]) = 0.1544080176660438
6016/16384
mean(sgnprob[1:i - 1]) = 0.16043225270157938
6144/16384
mean(sgnprob[1:i - 1]) = 0.14601986000325573
6272/16384
mean(sgnprob[1:i - 1]) = 0.15228831127411896
6400/16384
mean(sgnprob[1:i - 1]) = 0.14267854352242537
6528/16384
mean(sgnprob[1:i - 1]) = 0.13222000919258464
6656/16384
mean(sgnprob[1:i - 1]) = 0.12246431254695718
6784/16384
mean(sgnprob[1:i - 1]) = 0.13194751584844464
6912/16384
mean(sgnprob[1:i - 1]) = 0.1367385327738388
7040/16384
mean(sgnprob[1:i - 1]) = 0.126580480181844
7168/16384
mean(sgnprob[1:i - 1]) = 0.11594809543742152
7296/16384
mean(sgnprob[1:i - 1]) = 0.12405757368060315
7424/16384
mean(sgnprob[1:i - 1]) = 0.13080964569581033
7552/16384
mean(sgnprob[1:i - 1]) = 0.1336246854721229
7680/16384
mean(sgnprob[1:i - 1]) = 0.1358249772105743
7808/16384
mean(sgnprob[1:i - 1]) = 0.12565646214935314
7936/16384
mean(sgnprob[1:i - 1]) = 0.12841839949590422
8064/16384
mean(sgnprob[1:i - 1]) = 0.12166687337219398
8192/16384
mean(sgnprob[1:i - 1]) = 0.1146380173361006
8320/16384
mean(sgnprob[1:i - 1]) = 0.11744200024041351
8448/16384
mean(sgnprob[1:i - 1]) = 0.12323901977033266
8576/16384
mean(sgnprob[1:i - 1]) = 0.12653061224489795
8704/16384
mean(sgnprob[1:i - 1]) = 0.11639664483511433
8832/16384
mean(sgnprob[1:i - 1]) = 0.12014494394745782
8960/16384
mean(sgnprob[1:i - 1]) = 0.12400937604643375
9088/16384
mean(sgnprob[1:i - 1]) = 0.11720039617035326
9216/16384
mean(sgnprob[1:i - 1]) = 0.12099837221920781
9344/16384
mean(sgnprob[1:i - 1]) = 0.11484533875628813
9472/16384
mean(sgnprob[1:i - 1]) = 0.11962833914053426
9600/16384
mean(sgnprob[1:i - 1]) = 0.12407542452338785
9728/16384
mean(sgnprob[1:i - 1]) = 0.11730235427161509
9856/16384
mean(sgnprob[1:i - 1]) = 0.1204464738711314
9984/16384
mean(sgnprob[1:i - 1]) = 0.11389361915255936
10112/16384
mean(sgnprob[1:i - 1]) = 0.11719909009989121
10240/16384
mean(sgnprob[1:i - 1]) = 0.12139857407949996
10368/16384
mean(sgnprob[1:i - 1]) = 0.12510851741101572
10496/16384
mean(sgnprob[1:i - 1]) = 0.12796569795140544
10624/16384
mean(sgnprob[1:i - 1]) = 0.12943612915372305
10752/16384
mean(sgnprob[1:i - 1]) = 0.12398846618919171
10880/16384
mean(sgnprob[1:i - 1]) = 0.1278610166375586
11008/16384
mean(sgnprob[1:i - 1]) = 0.12873625874443537
11136/16384
mean(sgnprob[1:i - 1]) = 0.1315671306690615
11264/16384
mean(sgnprob[1:i - 1]) = 0.12492231199502797
11392/16384
mean(sgnprob[1:i - 1]) = 0.1259766482310596
11520/16384
mean(sgnprob[1:i - 1]) = 0.12995919784703533
11648/16384
mean(sgnprob[1:i - 1]) = 0.13402592942388597
11776/16384
mean(sgnprob[1:i - 1]) = 0.13766454352441615
11904/16384
mean(sgnprob[1:i - 1]) = 0.13920860287322523
12032/16384
mean(sgnprob[1:i - 1]) = 0.13107804837503118
12160/16384
mean(sgnprob[1:i - 1]) = 0.1254214984784933
12288/16384
mean(sgnprob[1:i - 1]) = 0.12134776593147228
12416/16384
mean(sgnprob[1:i - 1]) = 0.11606927104309303
12544/16384
mean(sgnprob[1:i - 1]) = 0.1126524754843339
12672/16384
mean(sgnprob[1:i - 1]) = 0.10804198563649278
12800/16384
mean(sgnprob[1:i - 1]) = 0.11180560981326666
12928/16384
mean(sgnprob[1:i - 1]) = 0.11425698151156494
13056/16384
mean(sgnprob[1:i - 1]) = 0.11681348142474147
13184/16384
mean(sgnprob[1:i - 1]) = 0.11901691572479708
13312/16384
mean(sgnprob[1:i - 1]) = 0.1133648861843588
13440/16384
mean(sgnprob[1:i - 1]) = 0.11451744921497135
13568/16384
mean(sgnprob[1:i - 1]) = 0.1162379302719835
13696/16384
mean(sgnprob[1:i - 1]) = 0.12011683096020445
13824/16384
mean(sgnprob[1:i - 1]) = 0.11509802503074586
13952/16384
mean(sgnprob[1:i - 1]) = 0.11619238764246291
14080/16384
mean(sgnprob[1:i - 1]) = 0.11811918460117907
14208/16384
mean(sgnprob[1:i - 1]) = 0.12071514042373478
14336/16384
mean(sgnprob[1:i - 1]) = 0.12424136728287409
14464/16384
mean(sgnprob[1:i - 1]) = 0.11996128050888474
14592/16384
mean(sgnprob[1:i - 1]) = 0.11644164210814886
14720/16384
mean(sgnprob[1:i - 1]) = 0.1184183708132346
14848/16384
mean(sgnprob[1:i - 1]) = 0.11362564827911363
14976/16384
mean(sgnprob[1:i - 1]) = 0.11652754590984975
15104/16384
mean(sgnprob[1:i - 1]) = 0.11169966231874462
15232/16384
mean(sgnprob[1:i - 1]) = 0.10760948066443438
15360/16384
mean(sgnprob[1:i - 1]) = 0.10371768995377303
15488/16384
mean(sgnprob[1:i - 1]) = 0.10066507393297605
15616/16384
mean(sgnprob[1:i - 1]) = 0.09599743836055075
15744/16384
mean(sgnprob[1:i - 1]) = 0.09877405831163057
15872/16384
mean(sgnprob[1:i - 1]) = 0.1023880032764161
16000/16384
mean(sgnprob[1:i - 1]) = 0.10444402775173449
16128/16384
mean(sgnprob[1:i - 1]) = 0.10497922738265021
16256/16384
mean(sgnprob[1:i - 1]) = 0.10772070132266995
16384/16384
mean(sgnprob[1:i - 1]) = 0.10944271500946103
760.398737 seconds (167.11 M allocations: 70.745 GiB, 1.23% gc time, 1.17% compilation time)
