## SLURM PROLOG ###############################################################
##    Job ID : 8834003
##  Job Name : sbatch_etgent.sh
##  Nodelist : node1736
##      CPUs : 8
##  Mem/Node : 4096 MB
## Directory : /oscar/home/trazzaz/AFQMC
##   Job Started : Fri Feb 28 04:10:48 AM EST 2025
###############################################################################
seed = 1557
U = 2.0
β = 6.0
Warming up
128/1024
256/1024
384/1024
512/1024
640/1024
768/1024
896/1024
1024/1024
Measuring
128/16384
mean(sgnprob[1:i - 1]) = -0.4645669291338583
256/16384
mean(sgnprob[1:i - 1]) = -0.44313725490196076
384/16384
mean(sgnprob[1:i - 1]) = -0.1801566579634465
512/16384
mean(sgnprob[1:i - 1]) = -0.029354207436399216
640/16384
mean(sgnprob[1:i - 1]) = 0.06416275430359937
768/16384
mean(sgnprob[1:i - 1]) = 0.1421121251629726
896/16384
mean(sgnprob[1:i - 1]) = 0.19329608938547485
1024/16384
mean(sgnprob[1:i - 1]) = 0.22580645161290322
1152/16384
mean(sgnprob[1:i - 1]) = 0.16246741963509992
1280/16384
mean(sgnprob[1:i - 1]) = 0.1962470680218921
1408/16384
mean(sgnprob[1:i - 1]) = 0.2224591329068941
1536/16384
mean(sgnprob[1:i - 1]) = 0.16872964169381108
1664/16384
mean(sgnprob[1:i - 1]) = 0.1809981960312688
1792/16384
mean(sgnprob[1:i - 1]) = 0.1970965940815187
1920/16384
mean(sgnprob[1:i - 1]) = 0.15581031787389266
2048/16384
mean(sgnprob[1:i - 1]) = 0.17440156326331216
2176/16384
mean(sgnprob[1:i - 1]) = 0.12735632183908047
2304/16384
mean(sgnprob[1:i - 1]) = 0.14459400781589232
2432/16384
mean(sgnprob[1:i - 1]) = 0.16495269436445906
2560/16384
mean(sgnprob[1:i - 1]) = 0.18014849550605705
2688/16384
mean(sgnprob[1:i - 1]) = 0.19315221436546334
2816/16384
mean(sgnprob[1:i - 1]) = 0.20710479573712257
2944/16384
mean(sgnprob[1:i - 1]) = 0.21508664627930682
3072/16384
mean(sgnprob[1:i - 1]) = 0.2158905893845653
3200/16384
mean(sgnprob[1:i - 1]) = 0.2222569552985308
3328/16384
mean(sgnprob[1:i - 1]) = 0.23294259092275324
3456/16384
mean(sgnprob[1:i - 1]) = 0.23704775687409552
3584/16384
mean(sgnprob[1:i - 1]) = 0.24365057214624616
3712/16384
mean(sgnprob[1:i - 1]) = 0.2497978981406629
3840/16384
mean(sgnprob[1:i - 1]) = 0.2518885126334983
3968/16384
mean(sgnprob[1:i - 1]) = 0.22661961179732795
4096/16384
mean(sgnprob[1:i - 1]) = 0.20537240537240536
4224/16384
mean(sgnprob[1:i - 1]) = 0.21335543452521905
4352/16384
mean(sgnprob[1:i - 1]) = 0.2231670880257412
4480/16384
mean(sgnprob[1:i - 1]) = 0.22973878097789685
4608/16384
mean(sgnprob[1:i - 1]) = 0.20816149337963968
4736/16384
mean(sgnprob[1:i - 1]) = 0.21393875395987327
4864/16384
mean(sgnprob[1:i - 1]) = 0.19350195352662966
4992/16384
mean(sgnprob[1:i - 1]) = 0.17691845321578842
5120/16384
mean(sgnprob[1:i - 1]) = 0.16194569251806992
5248/16384
mean(sgnprob[1:i - 1]) = 0.15113398132266057
5376/16384
mean(sgnprob[1:i - 1]) = 0.1572093023255814
5504/16384
mean(sgnprob[1:i - 1]) = 0.1630019989096856
5632/16384
mean(sgnprob[1:i - 1]) = 0.15006215592257147
5760/16384
mean(sgnprob[1:i - 1]) = 0.15367251258899114
5888/16384
mean(sgnprob[1:i - 1]) = 0.1601834550704943
6016/16384
mean(sgnprob[1:i - 1]) = 0.16608478802992518
6144/16384
mean(sgnprob[1:i - 1]) = 0.1717401920885561
6272/16384
mean(sgnprob[1:i - 1]) = 0.17780258332004464
6400/16384
mean(sgnprob[1:i - 1]) = 0.18205969682762932
6528/16384
mean(sgnprob[1:i - 1]) = 0.18676267810632757
6656/16384
mean(sgnprob[1:i - 1]) = 0.19368895567242675
6784/16384
mean(sgnprob[1:i - 1]) = 0.18207282913165265
6912/16384
mean(sgnprob[1:i - 1]) = 0.1876718275213428
7040/16384
mean(sgnprob[1:i - 1]) = 0.17601932092626793
7168/16384
mean(sgnprob[1:i - 1]) = 0.18403795172317566
7296/16384
mean(sgnprob[1:i - 1]) = 0.19067854694996572
7424/16384
mean(sgnprob[1:i - 1]) = 0.19277919978445374
7552/16384
mean(sgnprob[1:i - 1]) = 0.1985167527479804
7680/16384
mean(sgnprob[1:i - 1]) = 0.20093762208620913
7808/16384
mean(sgnprob[1:i - 1]) = 0.2037914691943128
7936/16384
mean(sgnprob[1:i - 1]) = 0.19571518588531822
8064/16384
mean(sgnprob[1:i - 1]) = 0.19756914299888378
8192/16384
mean(sgnprob[1:i - 1]) = 0.20180686118911
8320/16384
mean(sgnprob[1:i - 1]) = 0.2032696237528549
8448/16384
mean(sgnprob[1:i - 1]) = 0.20800284124541257
8576/16384
mean(sgnprob[1:i - 1]) = 0.1988338192419825
8704/16384
mean(sgnprob[1:i - 1]) = 0.19016431115707227
8832/16384
mean(sgnprob[1:i - 1]) = 0.1928433925942702
8960/16384
mean(sgnprob[1:i - 1]) = 0.19745507311083826
9088/16384
mean(sgnprob[1:i - 1]) = 0.18851105975569496
9216/16384
mean(sgnprob[1:i - 1]) = 0.1913185024416712
9344/16384
mean(sgnprob[1:i - 1]) = 0.19212244461093866
9472/16384
mean(sgnprob[1:i - 1]) = 0.19290465631929046
9600/16384
mean(sgnprob[1:i - 1]) = 0.19637462235649547
9728/16384
mean(sgnprob[1:i - 1]) = 0.19913642438573045
9856/16384
mean(sgnprob[1:i - 1]) = 0.1906646372399797
9984/16384
mean(sgnprob[1:i - 1]) = 0.192827807272363
10112/16384
mean(sgnprob[1:i - 1]) = 0.18366135891603205
10240/16384
mean(sgnprob[1:i - 1]) = 0.18507666764332453
10368/16384
mean(sgnprob[1:i - 1]) = 0.18761454615607215
10496/16384
mean(sgnprob[1:i - 1]) = 0.19199618866126728
10624/16384
mean(sgnprob[1:i - 1]) = 0.1849759954815024
10752/16384
mean(sgnprob[1:i - 1]) = 0.18686633801506836
10880/16384
mean(sgnprob[1:i - 1]) = 0.1874253148267304
11008/16384
mean(sgnprob[1:i - 1]) = 0.17979467611519942
11136/16384
mean(sgnprob[1:i - 1]) = 0.18239784463403683
11264/16384
mean(sgnprob[1:i - 1]) = 0.1753529255083015
11392/16384
mean(sgnprob[1:i - 1]) = 0.1760161531033272
11520/16384
mean(sgnprob[1:i - 1]) = 0.16867783661776195
11648/16384
mean(sgnprob[1:i - 1]) = 0.17128874388254486
11776/16384
mean(sgnprob[1:i - 1]) = 0.17333333333333334
11904/16384
mean(sgnprob[1:i - 1]) = 0.16642863143745273
12032/16384
mean(sgnprob[1:i - 1]) = 0.16814894854958026
12160/16384
mean(sgnprob[1:i - 1]) = 0.16210214655810512
12288/16384
mean(sgnprob[1:i - 1]) = 0.16415723935867177
12416/16384
mean(sgnprob[1:i - 1]) = 0.1671365283930729
12544/16384
mean(sgnprob[1:i - 1]) = 0.16957665630232002
12672/16384
mean(sgnprob[1:i - 1]) = 0.17338805145608083
12800/16384
mean(sgnprob[1:i - 1]) = 0.17493554183920618
12928/16384
mean(sgnprob[1:i - 1]) = 0.17041850390655217
13056/16384
mean(sgnprob[1:i - 1]) = 0.17303715051704327
13184/16384
mean(sgnprob[1:i - 1]) = 0.17560494576348326
13312/16384
mean(sgnprob[1:i - 1]) = 0.1784238599654421
13440/16384
mean(sgnprob[1:i - 1]) = 0.17999851179403228
13568/16384
mean(sgnprob[1:i - 1]) = 0.1831650328001769
13696/16384
mean(sgnprob[1:i - 1]) = 0.18583424607520993
13824/16384
mean(sgnprob[1:i - 1]) = 0.1883093395066194
13952/16384
mean(sgnprob[1:i - 1]) = 0.19002222062934557
14080/16384
mean(sgnprob[1:i - 1]) = 0.19312451168406847
14208/16384
mean(sgnprob[1:i - 1]) = 0.19546702329837404
14336/16384
mean(sgnprob[1:i - 1]) = 0.1899546564352982
14464/16384
mean(sgnprob[1:i - 1]) = 0.190900919587914
14592/16384
mean(sgnprob[1:i - 1]) = 0.19279007607429238
14720/16384
mean(sgnprob[1:i - 1]) = 0.1945104966369998
14848/16384
mean(sgnprob[1:i - 1]) = 0.19620125277833905
14976/16384
mean(sgnprob[1:i - 1]) = 0.19759599332220368
15104/16384
mean(sgnprob[1:i - 1]) = 0.1926107395881613
15232/16384
mean(sgnprob[1:i - 1]) = 0.1933556562274309
15360/16384
mean(sgnprob[1:i - 1]) = 0.19512989126896282
15488/16384
mean(sgnprob[1:i - 1]) = 0.19584167366178085
15616/16384
mean(sgnprob[1:i - 1]) = 0.19807877041306435
15744/16384
mean(sgnprob[1:i - 1]) = 0.1925300133392619
15872/16384
mean(sgnprob[1:i - 1]) = 0.18896099804675193
16000/16384
mean(sgnprob[1:i - 1]) = 0.18982436402275144
16128/16384
mean(sgnprob[1:i - 1]) = 0.19154213430892292
16256/16384
mean(sgnprob[1:i - 1]) = 0.18658874192556135
16384/16384
mean(sgnprob[1:i - 1]) = 0.18354391747543186
723.646396 seconds (167.11 M allocations: 70.745 GiB, 1.44% gc time, 1.24% compilation time)
