## SLURM PROLOG ###############################################################
##    Job ID : 8833823
##  Job Name : sbatch_etgent.sh
##  Nodelist : node1741
##      CPUs : 8
##  Mem/Node : 4096 MB
## Directory : /oscar/home/trazzaz/AFQMC
##   Job Started : Thu Feb 27 11:18:16 PM EST 2025
###############################################################################
seed = 1377
U = 2.0
β = 6.0
Warming up
128/1024
256/1024
384/1024
512/1024
640/1024
768/1024
896/1024
1024/1024
Measuring
128/16384
mean(sgnprob[1:i - 1]) = -0.16535433070866143
256/16384
mean(sgnprob[1:i - 1]) = 0.011764705882352941
384/16384
mean(sgnprob[1:i - 1]) = 0.10182767624020887
512/16384
mean(sgnprob[1:i - 1]) = 0.033268101761252444
640/16384
mean(sgnprob[1:i - 1]) = -0.0297339593114241
768/16384
mean(sgnprob[1:i - 1]) = 0.01694915254237288
896/16384
mean(sgnprob[1:i - 1]) = -0.012290502793296089
1024/16384
mean(sgnprob[1:i - 1]) = 0.03225806451612903
1152/16384
mean(sgnprob[1:i - 1]) = 0.035621198957428324
1280/16384
mean(sgnprob[1:i - 1]) = 0.046129788897576234
1408/16384
mean(sgnprob[1:i - 1]) = 0.024875621890547265
1536/16384
mean(sgnprob[1:i - 1]) = 0.016286644951140065
1664/16384
mean(sgnprob[1:i - 1]) = 0.04149128081779916
1792/16384
mean(sgnprob[1:i - 1]) = 0.06532663316582915
1920/16384
mean(sgnprob[1:i - 1]) = 0.07139134966128191
2048/16384
mean(sgnprob[1:i - 1]) = 0.08158280410356619
2176/16384
mean(sgnprob[1:i - 1]) = 0.08689655172413793
2304/16384
mean(sgnprob[1:i - 1]) = 0.0985670864090317
2432/16384
mean(sgnprob[1:i - 1]) = 0.10983134512546278
2560/16384
mean(sgnprob[1:i - 1]) = 0.11996873778819851
2688/16384
mean(sgnprob[1:i - 1]) = 0.12244138444361742
2816/16384
mean(sgnprob[1:i - 1]) = 0.12753108348134992
2944/16384
mean(sgnprob[1:i - 1]) = 0.13013931362555214
3072/16384
mean(sgnprob[1:i - 1]) = 0.13969391077824814
3200/16384
mean(sgnprob[1:i - 1]) = 0.14723351047202252
3328/16384
mean(sgnprob[1:i - 1]) = 0.13255184851217314
3456/16384
mean(sgnprob[1:i - 1]) = 0.12243125904486252
3584/16384
mean(sgnprob[1:i - 1]) = 0.12419759977672341
3712/16384
mean(sgnprob[1:i - 1]) = 0.12799784424683375
3840/16384
mean(sgnprob[1:i - 1]) = 0.13571242511070591
3968/16384
mean(sgnprob[1:i - 1]) = 0.12528358961431812
4096/16384
mean(sgnprob[1:i - 1]) = 0.1291819291819292
4224/16384
mean(sgnprob[1:i - 1]) = 0.1333175467677007
4352/16384
mean(sgnprob[1:i - 1]) = 0.13812916570903241
4480/16384
mean(sgnprob[1:i - 1]) = 0.14043313239562402
4608/16384
mean(sgnprob[1:i - 1]) = 0.14304319513783373
4736/16384
mean(sgnprob[1:i - 1]) = 0.13199577613516367
4864/16384
mean(sgnprob[1:i - 1]) = 0.135101789019124
4992/16384
mean(sgnprob[1:i - 1]) = 0.13724704468042476
5120/16384
mean(sgnprob[1:i - 1]) = 0.13967571791365502
5248/16384
mean(sgnprob[1:i - 1]) = 0.1297884505431675
5376/16384
mean(sgnprob[1:i - 1]) = 0.12223255813953489
5504/16384
mean(sgnprob[1:i - 1]) = 0.12047973832455025
5632/16384
mean(sgnprob[1:i - 1]) = 0.12271354999112058
5760/16384
mean(sgnprob[1:i - 1]) = 0.11442958847022053
5888/16384
mean(sgnprob[1:i - 1]) = 0.10718532359436045
6016/16384
mean(sgnprob[1:i - 1]) = 0.10091438071487947
6144/16384
mean(sgnprob[1:i - 1]) = 0.09620706495197787
6272/16384
mean(sgnprob[1:i - 1]) = 0.08754584595758252
6400/16384
mean(sgnprob[1:i - 1]) = 0.08391936240037506
6528/16384
mean(sgnprob[1:i - 1]) = 0.0853378274858281
6656/16384
mean(sgnprob[1:i - 1]) = 0.08009015777610819
6784/16384
mean(sgnprob[1:i - 1]) = 0.07916850950906679
6912/16384
mean(sgnprob[1:i - 1]) = 0.07480827666039647
7040/16384
mean(sgnprob[1:i - 1]) = 0.07231140787043615
7168/16384
mean(sgnprob[1:i - 1]) = 0.06822938467978233
7296/16384
mean(sgnprob[1:i - 1]) = 0.06237148732008225
7424/16384
mean(sgnprob[1:i - 1]) = 0.06533746463693925
7552/16384
mean(sgnprob[1:i - 1]) = 0.06820288703482982
7680/16384
mean(sgnprob[1:i - 1]) = 0.07149368407344707
7808/16384
mean(sgnprob[1:i - 1]) = 0.06775970283079288
7936/16384
mean(sgnprob[1:i - 1]) = 0.06339004410838059
8064/16384
mean(sgnprob[1:i - 1]) = 0.06585638099962793
8192/16384
mean(sgnprob[1:i - 1]) = 0.06751312416066414
8320/16384
mean(sgnprob[1:i - 1]) = 0.07080177905998317
8448/16384
mean(sgnprob[1:i - 1]) = 0.07446430685450456
8576/16384
mean(sgnprob[1:i - 1]) = 0.06962099125364432
8704/16384
mean(sgnprob[1:i - 1]) = 0.06514994829369183
8832/16384
mean(sgnprob[1:i - 1]) = 0.06239383988223304
8960/16384
mean(sgnprob[1:i - 1]) = 0.06775309744391116
9088/16384
mean(sgnprob[1:i - 1]) = 0.07120061626499395
9216/16384
mean(sgnprob[1:i - 1]) = 0.07368421052631578
9344/16384
mean(sgnprob[1:i - 1]) = 0.06882157765171787
9472/16384
mean(sgnprob[1:i - 1]) = 0.06958082567838665
9600/16384
mean(sgnprob[1:i - 1]) = 0.07052818001875195
9728/16384
mean(sgnprob[1:i - 1]) = 0.06589904389842706
9856/16384
mean(sgnprob[1:i - 1]) = 0.06159309994926433
9984/16384
mean(sgnprob[1:i - 1]) = 0.06400881498547531
10112/16384
mean(sgnprob[1:i - 1]) = 0.06616556225892592
10240/16384
mean(sgnprob[1:i - 1]) = 0.06201777517335677
10368/16384
mean(sgnprob[1:i - 1]) = 0.05700781325359313
10496/16384
mean(sgnprob[1:i - 1]) = 0.05955216769890424
10624/16384
mean(sgnprob[1:i - 1]) = 0.05506918949449308
10752/16384
mean(sgnprob[1:i - 1]) = 0.05087898800111618
10880/16384
mean(sgnprob[1:i - 1]) = 0.052854122621564484
11008/16384
mean(sgnprob[1:i - 1]) = 0.054601617152720994
11136/16384
mean(sgnprob[1:i - 1]) = 0.056668163448585544
11264/16384
mean(sgnprob[1:i - 1]) = 0.05957560152712421
11392/16384
mean(sgnprob[1:i - 1]) = 0.06276885260293213
11520/16384
mean(sgnprob[1:i - 1]) = 0.05877246288740342
11648/16384
mean(sgnprob[1:i - 1]) = 0.06035889070146819
11776/16384
mean(sgnprob[1:i - 1]) = 0.0564755838641189
11904/16384
mean(sgnprob[1:i - 1]) = 0.05368394522389314
12032/16384
mean(sgnprob[1:i - 1]) = 0.05710248524644668
12160/16384
mean(sgnprob[1:i - 1]) = 0.05502097211941771
12288/16384
mean(sgnprob[1:i - 1]) = 0.05705216895906243
12416/16384
mean(sgnprob[1:i - 1]) = 0.05517519130084575
12544/16384
mean(sgnprob[1:i - 1]) = 0.055728294666347766
12672/16384
mean(sgnprob[1:i - 1]) = 0.052482045615973485
12800/16384
mean(sgnprob[1:i - 1]) = 0.049769513243222124
12928/16384
mean(sgnprob[1:i - 1]) = 0.0506691421056703
13056/16384
mean(sgnprob[1:i - 1]) = 0.04680199157410954
13184/16384
mean(sgnprob[1:i - 1]) = 0.04801638473792005
13312/16384
mean(sgnprob[1:i - 1]) = 0.04515062730072872
13440/16384
mean(sgnprob[1:i - 1]) = 0.04799464245851626
13568/16384
mean(sgnprob[1:i - 1]) = 0.049605660794575075
13696/16384
mean(sgnprob[1:i - 1]) = 0.05074844833880979
13824/16384
mean(sgnprob[1:i - 1]) = 0.05331693554221226
13952/16384
mean(sgnprob[1:i - 1]) = 0.05540821446491291
14080/16384
mean(sgnprob[1:i - 1]) = 0.05419418992826195
14208/16384
mean(sgnprob[1:i - 1]) = 0.05539522770465263
14336/16384
mean(sgnprob[1:i - 1]) = 0.05573770491803279
14464/16384
mean(sgnprob[1:i - 1]) = 0.05344672612874231
14592/16384
mean(sgnprob[1:i - 1]) = 0.055033925022274006
14720/16384
mean(sgnprob[1:i - 1]) = 0.0564576397853115
14848/16384
mean(sgnprob[1:i - 1]) = 0.0574526840439146
14976/16384
mean(sgnprob[1:i - 1]) = 0.05869782971619365
15104/16384
mean(sgnprob[1:i - 1]) = 0.061378534066079585
15232/16384
mean(sgnprob[1:i - 1]) = 0.05928698050029545
15360/16384
mean(sgnprob[1:i - 1]) = 0.06139722638192591
15488/16384
mean(sgnprob[1:i - 1]) = 0.06373087105314135
15616/16384
mean(sgnprob[1:i - 1]) = 0.06461735510726865
15744/16384
mean(sgnprob[1:i - 1]) = 0.061805246776345045
15872/16384
mean(sgnprob[1:i - 1]) = 0.059290529897296954
16000/16384
mean(sgnprob[1:i - 1]) = 0.06056628539283705
16128/16384
mean(sgnprob[1:i - 1]) = 0.0610776957896695
16256/16384
mean(sgnprob[1:i - 1]) = 0.06244232543832667
16384/16384
mean(sgnprob[1:i - 1]) = 0.06439602026490875
736.925826 seconds (167.11 M allocations: 70.745 GiB, 1.35% gc time, 1.28% compilation time)
