## SLURM PROLOG ###############################################################
##    Job ID : 5902730
##  Job Name : etgent_N6_seed1258
##  Nodelist : node1735
##      CPUs : 8
##  Mem/Node : 2048 MB
## Directory : /oscar/home/trazzaz/AFQMC
##   Job Started : Mon Nov 11 12:00:16 AM EST 2024
###############################################################################
U = 2.0
seed = 1258
λₖ = 0.0
Warming up
128/512
256/512
384/512
512/512
Measuring
128/1024
256/1024
384/1024
512/1024
640/1024
768/1024
896/1024
1024/1024
249.958770 seconds (203.81 M allocations: 1.089 TiB, 19.36% gc time, 3.05% compilation time)
λₖ = 0.2
Warming up
128/512
256/512
384/512
512/512
Measuring
128/1024
256/1024
384/1024
512/1024
640/1024
768/1024
896/1024
1024/1024
271.434057 seconds (201.96 M allocations: 1.089 TiB, 19.10% gc time, 0.03% compilation time)
λₖ = 0.4
Warming up
128/512
256/512
384/512
512/512
Measuring
128/1024
256/1024
384/1024
512/1024
640/1024
768/1024
896/1024
1024/1024
212.059919 seconds (201.96 M allocations: 1.089 TiB, 20.97% gc time)
λₖ = 0.6
Warming up
128/512
256/512
384/512
512/512
Measuring
128/1024
256/1024
384/1024
512/1024
640/1024
768/1024
896/1024
1024/1024
210.597798 seconds (201.96 M allocations: 1.089 TiB, 20.87% gc time)
λₖ = 0.8
Warming up
128/512
256/512
384/512
512/512
Measuring
128/1024
256/1024
384/1024
512/1024
640/1024
768/1024
896/1024
1024/1024
210.279243 seconds (201.96 M allocations: 1.089 TiB, 21.03% gc time)
