## SLURM PROLOG ###############################################################
##    Job ID : 8833868
##  Job Name : sbatch_etgent.sh
##  Nodelist : node1733
##      CPUs : 8
##  Mem/Node : 4096 MB
## Directory : /oscar/home/trazzaz/AFQMC
##   Job Started : Fri Feb 28 12:34:29 AM EST 2025
###############################################################################
seed = 1422
U = 2.0
β = 6.0
Warming up
128/1024
256/1024
384/1024
512/1024
640/1024
768/1024
896/1024
1024/1024
Measuring
128/16384
mean(sgnprob[1:i - 1]) = 0.44881889763779526
256/16384
mean(sgnprob[1:i - 1]) = 0.403921568627451
384/16384
mean(sgnprob[1:i - 1]) = 0.1174934725848564
512/16384
mean(sgnprob[1:i - 1]) = 0.1780821917808219
640/16384
mean(sgnprob[1:i - 1]) = 0.2519561815336463
768/16384
mean(sgnprob[1:i - 1]) = 0.30378096479791394
896/16384
mean(sgnprob[1:i - 1]) = 0.3474860335195531
1024/16384
mean(sgnprob[1:i - 1]) = 0.386119257086999
1152/16384
mean(sgnprob[1:i - 1]) = 0.3987836663770634
1280/16384
mean(sgnprob[1:i - 1]) = 0.41204065676309615
1408/16384
mean(sgnprob[1:i - 1]) = 0.4214641080312722
1536/16384
mean(sgnprob[1:i - 1]) = 0.3511400651465798
1664/16384
mean(sgnprob[1:i - 1]) = 0.3577871316897174
1792/16384
mean(sgnprob[1:i - 1]) = 0.3646007816862088
1920/16384
mean(sgnprob[1:i - 1]) = 0.3069306930693069
2048/16384
mean(sgnprob[1:i - 1]) = 0.25842696629213485
2176/16384
mean(sgnprob[1:i - 1]) = 0.26804597701149424
2304/16384
mean(sgnprob[1:i - 1]) = 0.2236213634389926
2432/16384
mean(sgnprob[1:i - 1]) = 0.24064171122994651
2560/16384
mean(sgnprob[1:i - 1]) = 0.20672137553731926
2688/16384
mean(sgnprob[1:i - 1]) = 0.21548195013025678
2816/16384
mean(sgnprob[1:i - 1]) = 0.22486678507992897
2944/16384
mean(sgnprob[1:i - 1]) = 0.23547400611620795
3072/16384
mean(sgnprob[1:i - 1]) = 0.24649951155975253
3200/16384
mean(sgnprob[1:i - 1]) = 0.2535167239762426
3328/16384
mean(sgnprob[1:i - 1]) = 0.2660054102795311
3456/16384
mean(sgnprob[1:i - 1]) = 0.23994211287988423
3584/16384
mean(sgnprob[1:i - 1]) = 0.24923248674295284
3712/16384
mean(sgnprob[1:i - 1]) = 0.25464834276475345
3840/16384
mean(sgnprob[1:i - 1]) = 0.23104975253972387
3968/16384
mean(sgnprob[1:i - 1]) = 0.2397277539702546
4096/16384
mean(sgnprob[1:i - 1]) = 0.2463980463980464
4224/16384
mean(sgnprob[1:i - 1]) = 0.222827373904807
4352/16384
mean(sgnprob[1:i - 1]) = 0.20340151689266836
4480/16384
mean(sgnprob[1:i - 1]) = 0.21143112301853093
4608/16384
mean(sgnprob[1:i - 1]) = 0.19557195571955718
4736/16384
mean(sgnprob[1:i - 1]) = 0.17761351636747624
4864/16384
mean(sgnprob[1:i - 1]) = 0.1881554595928439
4992/16384
mean(sgnprob[1:i - 1]) = 0.19054297735924663
5120/16384
mean(sgnprob[1:i - 1]) = 0.19632740769681578
5248/16384
mean(sgnprob[1:i - 1]) = 0.2006861063464837
5376/16384
mean(sgnprob[1:i - 1]) = 0.20744186046511628
5504/16384
mean(sgnprob[1:i - 1]) = 0.19135017263310922
5632/16384
mean(sgnprob[1:i - 1]) = 0.19801101047771266
5760/16384
mean(sgnprob[1:i - 1]) = 0.20263934710887307
5888/16384
mean(sgnprob[1:i - 1]) = 0.18702225242058773
6016/16384
mean(sgnprob[1:i - 1]) = 0.171404821280133
6144/16384
mean(sgnprob[1:i - 1]) = 0.1590428129578382
6272/16384
mean(sgnprob[1:i - 1]) = 0.16568330409822996
6400/16384
mean(sgnprob[1:i - 1]) = 0.17112048757618378
6528/16384
mean(sgnprob[1:i - 1]) = 0.17419947908686992
6656/16384
mean(sgnprob[1:i - 1]) = 0.17926371149511644
6784/16384
mean(sgnprob[1:i - 1]) = 0.18236768391567154
6912/16384
mean(sgnprob[1:i - 1]) = 0.19027637100274924
7040/16384
mean(sgnprob[1:i - 1]) = 0.17857650234408295
7168/16384
mean(sgnprob[1:i - 1]) = 0.16841077159201898
7296/16384
mean(sgnprob[1:i - 1]) = 0.17368060315284442
7424/16384
mean(sgnprob[1:i - 1]) = 0.16233328842785935
7552/16384
mean(sgnprob[1:i - 1]) = 0.16752747980399946
7680/16384
mean(sgnprob[1:i - 1]) = 0.15405651777575205
7808/16384
mean(sgnprob[1:i - 1]) = 0.15870372742410657
7936/16384
mean(sgnprob[1:i - 1]) = 0.16345305608065533
8064/16384
mean(sgnprob[1:i - 1]) = 0.16879573359791641
8192/16384
mean(sgnprob[1:i - 1]) = 0.15956537663288975
8320/16384
mean(sgnprob[1:i - 1]) = 0.15061906479144127
8448/16384
mean(sgnprob[1:i - 1]) = 0.15330886705339172
8576/16384
mean(sgnprob[1:i - 1]) = 0.14518950437317785
8704/16384
mean(sgnprob[1:i - 1]) = 0.13638975066069173
8832/16384
mean(sgnprob[1:i - 1]) = 0.14075416147661646
8960/16384
mean(sgnprob[1:i - 1]) = 0.14633329612679988
9088/16384
mean(sgnprob[1:i - 1]) = 0.1519753494002421
9216/16384
mean(sgnprob[1:i - 1]) = 0.15637547476939773
9344/16384
mean(sgnprob[1:i - 1]) = 0.1619394198865461
9472/16384
mean(sgnprob[1:i - 1]) = 0.16671945940238622
9600/16384
mean(sgnprob[1:i - 1]) = 0.17012188769663505
9728/16384
mean(sgnprob[1:i - 1]) = 0.1598642952606148
9856/16384
mean(sgnprob[1:i - 1]) = 0.15169964485032977
9984/16384
mean(sgnprob[1:i - 1]) = 0.15436241610738255
10112/16384
mean(sgnprob[1:i - 1]) = 0.1581445949955494
10240/16384
mean(sgnprob[1:i - 1]) = 0.16241820490282255
10368/16384
mean(sgnprob[1:i - 1]) = 0.1663933635574419
10496/16384
mean(sgnprob[1:i - 1]) = 0.1586469747498809
10624/16384
mean(sgnprob[1:i - 1]) = 0.16219523675044714
10752/16384
mean(sgnprob[1:i - 1]) = 0.16547297925774346
10880/16384
mean(sgnprob[1:i - 1]) = 0.16904127217575146
11008/16384
mean(sgnprob[1:i - 1]) = 0.17089125102207686
11136/16384
mean(sgnprob[1:i - 1]) = 0.17593174674449932
11264/16384
mean(sgnprob[1:i - 1]) = 0.17996981266092515
11392/16384
mean(sgnprob[1:i - 1]) = 0.1821613554560618
11520/16384
mean(sgnprob[1:i - 1]) = 0.18586682871777063
11648/16384
mean(sgnprob[1:i - 1]) = 0.18914741993646433
11776/16384
mean(sgnprob[1:i - 1]) = 0.19150743099787687
11904/16384
mean(sgnprob[1:i - 1]) = 0.19482483407544315
12032/16384
mean(sgnprob[1:i - 1]) = 0.19823788546255505
12160/16384
mean(sgnprob[1:i - 1]) = 0.18973599802615346
12288/16384
mean(sgnprob[1:i - 1]) = 0.18255066330267763
12416/16384
mean(sgnprob[1:i - 1]) = 0.18662907772855417
12544/16384
mean(sgnprob[1:i - 1]) = 0.17962209997608228
12672/16384
mean(sgnprob[1:i - 1]) = 0.18270065503906557
12800/16384
mean(sgnprob[1:i - 1]) = 0.1864989452300961
12928/16384
mean(sgnprob[1:i - 1]) = 0.18882958149609344
13056/16384
mean(sgnprob[1:i - 1]) = 0.19157410953657603
13184/16384
mean(sgnprob[1:i - 1]) = 0.1945687628005765
13312/16384
mean(sgnprob[1:i - 1]) = 0.19855758395312148
13440/16384
mean(sgnprob[1:i - 1]) = 0.1924994419227621
13568/16384
mean(sgnprob[1:i - 1]) = 0.1954006044077541
13696/16384
mean(sgnprob[1:i - 1]) = 0.19853961299744433
13824/16384
mean(sgnprob[1:i - 1]) = 0.19178181292049482
13952/16384
mean(sgnprob[1:i - 1]) = 0.19417962870045158
14080/16384
mean(sgnprob[1:i - 1]) = 0.18772640102279992
14208/16384
mean(sgnprob[1:i - 1]) = 0.18223410994580136
14336/16384
mean(sgnprob[1:i - 1]) = 0.18479246599232646
14464/16384
mean(sgnprob[1:i - 1]) = 0.18633755099218696
14592/16384
mean(sgnprob[1:i - 1]) = 0.18922623535055857
14720/16384
mean(sgnprob[1:i - 1]) = 0.19179292071472248
14848/16384
mean(sgnprob[1:i - 1]) = 0.1847511281740419
14976/16384
mean(sgnprob[1:i - 1]) = 0.18717863105175292
15104/16384
mean(sgnprob[1:i - 1]) = 0.18916771502350527
15232/16384
mean(sgnprob[1:i - 1]) = 0.19072943339242335
15360/16384
mean(sgnprob[1:i - 1]) = 0.1852334136337001
15488/16384
mean(sgnprob[1:i - 1]) = 0.18680183379608703
15616/16384
mean(sgnprob[1:i - 1]) = 0.1893691962856228
15744/16384
mean(sgnprob[1:i - 1]) = 0.19164072921298356
15872/16384
mean(sgnprob[1:i - 1]) = 0.18593661394997166
16000/16384
mean(sgnprob[1:i - 1]) = 0.18119882492655792
16128/16384
mean(sgnprob[1:i - 1]) = 0.18248899361319526
16256/16384
mean(sgnprob[1:i - 1]) = 0.18412796062749923
16384/16384
mean(sgnprob[1:i - 1]) = 0.18610755050967467
732.860835 seconds (167.11 M allocations: 70.745 GiB, 1.49% gc time, 1.25% compilation time)
