## SLURM PROLOG ###############################################################
##    Job ID : 5955246
##  Job Name : etgent_N(1,2)_seed1245
##  Nodelist : node1746
##      CPUs : 8
##  Mem/Node : 2048 MB
## Directory : /oscar/home/trazzaz/AFQMC
##   Job Started : Mon Nov 11 09:34:52 PM EST 2024
###############################################################################
U = 2.0
seed = 1245
λₖ = 0.0
Warming up
128/512
256/512
384/512
512/512
Measuring
128/1024
256/1024
384/1024
512/1024
640/1024
768/1024
896/1024
1024/1024
135.147602 seconds (80.56 M allocations: 16.970 GiB, 2.86% gc time, 7.96% compilation time)
λₖ = 0.2
Warming up
128/512
256/512
384/512
512/512
Measuring
128/1024
256/1024
384/1024
512/1024
640/1024
768/1024
896/1024
1024/1024
113.321261 seconds (76.83 M allocations: 16.806 GiB, 3.02% gc time, 0.10% compilation time)
λₖ = 0.4
Warming up
128/512
256/512
384/512
512/512
Measuring
128/1024
256/1024
384/1024
512/1024
640/1024
768/1024
896/1024
1024/1024
105.795099 seconds (76.82 M allocations: 16.805 GiB, 2.92% gc time)
λₖ = 0.6
Warming up
128/512
256/512
384/512
512/512
Measuring
128/1024
256/1024
384/1024
512/1024
640/1024
768/1024
896/1024
1024/1024
107.003064 seconds (76.82 M allocations: 16.805 GiB, 2.77% gc time)
λₖ = 0.8
Warming up
128/512
256/512
384/512
512/512
Measuring
128/1024
256/1024
384/1024
512/1024
640/1024
768/1024
896/1024
1024/1024
106.926031 seconds (76.82 M allocations: 16.805 GiB, 2.67% gc time)
