## SLURM PROLOG ###############################################################
##    Job ID : 8822331
##  Job Name : sbatch_etgent.sh
##  Nodelist : node1717
##      CPUs : 8
##  Mem/Node : 4096 MB
## Directory : /oscar/home/trazzaz/AFQMC
##   Job Started : Thu Feb 27 07:57:52 PM EST 2025
###############################################################################
seed = 1326
U = 2.0
β = 6.0
Warming up
128/1024
256/1024
384/1024
512/1024
640/1024
768/1024
896/1024
1024/1024
Measuring
128/16384
mean(sgnprob[1:i - 1]) = 0.3700787401574803
256/16384
mean(sgnprob[1:i - 1]) = 0.44313725490196076
384/16384
mean(sgnprob[1:i - 1]) = 0.4046997389033943
512/16384
mean(sgnprob[1:i - 1]) = 0.18590998043052837
640/16384
mean(sgnprob[1:i - 1]) = 0.23943661971830985
768/16384
mean(sgnprob[1:i - 1]) = 0.27509778357235987
896/16384
mean(sgnprob[1:i - 1]) = 0.3139664804469274
1024/16384
mean(sgnprob[1:i - 1]) = 0.19648093841642228
1152/16384
mean(sgnprob[1:i - 1]) = 0.2319721980886186
1280/16384
mean(sgnprob[1:i - 1]) = 0.13995308835027365
1408/16384
mean(sgnprob[1:i - 1]) = 0.1712864250177683
1536/16384
mean(sgnprob[1:i - 1]) = 0.11661237785016286
1664/16384
mean(sgnprob[1:i - 1]) = 0.14612146722790137
1792/16384
mean(sgnprob[1:i - 1]) = 0.1702959240647683
1920/16384
mean(sgnprob[1:i - 1]) = 0.19332985930171964
2048/16384
mean(sgnprob[1:i - 1]) = 0.22032242305813385
2176/16384
mean(sgnprob[1:i - 1]) = 0.24597701149425288
2304/16384
mean(sgnprob[1:i - 1]) = 0.2548849326964828
2432/16384
mean(sgnprob[1:i - 1]) = 0.21842863019333608
2560/16384
mean(sgnprob[1:i - 1]) = 0.23798358733880423
2688/16384
mean(sgnprob[1:i - 1]) = 0.20357275772236696
2816/16384
mean(sgnprob[1:i - 1]) = 0.17797513321492006
2944/16384
mean(sgnprob[1:i - 1]) = 0.1946992864424057
3072/16384
mean(sgnprob[1:i - 1]) = 0.1650928036470205
3200/16384
mean(sgnprob[1:i - 1]) = 0.1841200375117224
3328/16384
mean(sgnprob[1:i - 1]) = 0.20048091373609858
3456/16384
mean(sgnprob[1:i - 1]) = 0.1768451519536903
3584/16384
mean(sgnprob[1:i - 1]) = 0.1515489813005861
3712/16384
mean(sgnprob[1:i - 1]) = 0.16033414174077068
3840/16384
mean(sgnprob[1:i - 1]) = 0.17478510028653296
3968/16384
mean(sgnprob[1:i - 1]) = 0.18628686664986135
4096/16384
mean(sgnprob[1:i - 1]) = 0.19658119658119658
4224/16384
mean(sgnprob[1:i - 1]) = 0.20435709211461048
4352/16384
mean(sgnprob[1:i - 1]) = 0.18133762353481958
4480/16384
mean(sgnprob[1:i - 1]) = 0.1868720696584059
4608/16384
mean(sgnprob[1:i - 1]) = 0.19470371174299977
4736/16384
mean(sgnprob[1:i - 1]) = 0.17930306230200635
4864/16384
mean(sgnprob[1:i - 1]) = 0.18897799712111865
4992/16384
mean(sgnprob[1:i - 1]) = 0.19575235423762774
5120/16384
mean(sgnprob[1:i - 1]) = 0.20922055088884547
5248/16384
mean(sgnprob[1:i - 1]) = 0.19153802172670098
5376/16384
mean(sgnprob[1:i - 1]) = 0.20074418604651162
5504/16384
mean(sgnprob[1:i - 1]) = 0.2073414501181174
5632/16384
mean(sgnprob[1:i - 1]) = 0.1916178298703605
5760/16384
mean(sgnprob[1:i - 1]) = 0.17520402847716618
5888/16384
mean(sgnprob[1:i - 1]) = 0.18022762018005775
6016/16384
mean(sgnprob[1:i - 1]) = 0.16641729010806317
6144/16384
mean(sgnprob[1:i - 1]) = 0.17369363503174345
6272/16384
mean(sgnprob[1:i - 1]) = 0.1816297241269335
6400/16384
mean(sgnprob[1:i - 1]) = 0.18862322237849663
6528/16384
mean(sgnprob[1:i - 1]) = 0.19748736019610846
6656/16384
mean(sgnprob[1:i - 1]) = 0.20540946656649137
6784/16384
mean(sgnprob[1:i - 1]) = 0.21244287188559635
6912/16384
mean(sgnprob[1:i - 1]) = 0.21950513673853278
7040/16384
mean(sgnprob[1:i - 1]) = 0.22659468674527633
7168/16384
mean(sgnprob[1:i - 1]) = 0.23343100320915305
7296/16384
mean(sgnprob[1:i - 1]) = 0.2375599725839616
7424/16384
mean(sgnprob[1:i - 1]) = 0.24370200727468677
7552/16384
mean(sgnprob[1:i - 1]) = 0.24778175076148853
7680/16384
mean(sgnprob[1:i - 1]) = 0.2522463862482094
7808/16384
mean(sgnprob[1:i - 1]) = 0.2586140643012681
7936/16384
mean(sgnprob[1:i - 1]) = 0.2627599243856333
8064/16384
mean(sgnprob[1:i - 1]) = 0.2677663400719335
8192/16384
mean(sgnprob[1:i - 1]) = 0.2709070931510194
8320/16384
mean(sgnprob[1:i - 1]) = 0.27587450414713305
8448/16384
mean(sgnprob[1:i - 1]) = 0.2780868947555345
8576/16384
mean(sgnprob[1:i - 1]) = 0.2678717201166181
8704/16384
mean(sgnprob[1:i - 1]) = 0.2708261519016431
8832/16384
mean(sgnprob[1:i - 1]) = 0.27505378779300194
8960/16384
mean(sgnprob[1:i - 1]) = 0.27916062060497826
9088/16384
mean(sgnprob[1:i - 1]) = 0.28535270166171456
9216/16384
mean(sgnprob[1:i - 1]) = 0.27552902875746066
9344/16384
mean(sgnprob[1:i - 1]) = 0.27796211067109067
9472/16384
mean(sgnprob[1:i - 1]) = 0.28054059761376837
9600/16384
mean(sgnprob[1:i - 1]) = 0.2836753828523805
9728/16384
mean(sgnprob[1:i - 1]) = 0.28878379767657036
9856/16384
mean(sgnprob[1:i - 1]) = 0.2915271435819381
9984/16384
mean(sgnprob[1:i - 1]) = 0.29440048081738956
10112/16384
mean(sgnprob[1:i - 1]) = 0.2970032637721294
10240/16384
mean(sgnprob[1:i - 1]) = 0.29973630237327864
10368/16384
mean(sgnprob[1:i - 1]) = 0.3027876917140928
10496/16384
mean(sgnprob[1:i - 1]) = 0.3055740828966174
10624/16384
mean(sgnprob[1:i - 1]) = 0.3092346794690765
10752/16384
mean(sgnprob[1:i - 1]) = 0.31280811087340715
10880/16384
mean(sgnprob[1:i - 1]) = 0.3172166559426418
11008/16384
mean(sgnprob[1:i - 1]) = 0.3200690469701099
11136/16384
mean(sgnprob[1:i - 1]) = 0.32159856308935786
11264/16384
mean(sgnprob[1:i - 1]) = 0.32220545147829177
11392/16384
mean(sgnprob[1:i - 1]) = 0.32525678166973926
11520/16384
mean(sgnprob[1:i - 1]) = 0.3292820557340047
11648/16384
mean(sgnprob[1:i - 1]) = 0.3301279299390401
11776/16384
mean(sgnprob[1:i - 1]) = 0.3319745222929936
11904/16384
mean(sgnprob[1:i - 1]) = 0.33697387213307567
12032/16384
mean(sgnprob[1:i - 1]) = 0.33987199734020446
12160/16384
mean(sgnprob[1:i - 1]) = 0.3423801299448968
12288/16384
mean(sgnprob[1:i - 1]) = 0.3451615528607471
12416/16384
mean(sgnprob[1:i - 1]) = 0.34756343133306483
12544/16384
mean(sgnprob[1:i - 1]) = 0.3500757394562704
12672/16384
mean(sgnprob[1:i - 1]) = 0.3400678715176387
12800/16384
mean(sgnprob[1:i - 1]) = 0.3419798421751699
12928/16384
mean(sgnprob[1:i - 1]) = 0.343544519223331
13056/16384
mean(sgnprob[1:i - 1]) = 0.34584450402144773
13184/16384
mean(sgnprob[1:i - 1]) = 0.34825153606918
13312/16384
mean(sgnprob[1:i - 1]) = 0.34910975884606715
13440/16384
mean(sgnprob[1:i - 1]) = 0.3506957362899025
13568/16384
mean(sgnprob[1:i - 1]) = 0.35254662047615537
13696/16384
mean(sgnprob[1:i - 1]) = 0.3539247900693684
13824/16384
mean(sgnprob[1:i - 1]) = 0.35498806337263983
13952/16384
mean(sgnprob[1:i - 1]) = 0.3567486201705971
14080/16384
mean(sgnprob[1:i - 1]) = 0.3472547766176575
14208/16384
mean(sgnprob[1:i - 1]) = 0.3491940592665587
14336/16384
mean(sgnprob[1:i - 1]) = 0.3515172654342518
14464/16384
mean(sgnprob[1:i - 1]) = 0.35283136278780336
14592/16384
mean(sgnprob[1:i - 1]) = 0.35316290864231376
14720/16384
mean(sgnprob[1:i - 1]) = 0.3548474760513622
14848/16384
mean(sgnprob[1:i - 1]) = 0.3552906311039267
14976/16384
mean(sgnprob[1:i - 1]) = 0.34784641068447414
15104/16384
mean(sgnprob[1:i - 1]) = 0.34979805336688075
15232/16384
mean(sgnprob[1:i - 1]) = 0.35132295975313504
15360/16384
mean(sgnprob[1:i - 1]) = 0.3536037502441565
15488/16384
mean(sgnprob[1:i - 1]) = 0.34564473429327824
15616/16384
mean(sgnprob[1:i - 1]) = 0.34819084213896895
15744/16384
mean(sgnprob[1:i - 1]) = 0.34104046242774566
15872/16384
mean(sgnprob[1:i - 1]) = 0.3411883309180266
16000/16384
mean(sgnprob[1:i - 1]) = 0.34183386461653853
16128/16384
mean(sgnprob[1:i - 1]) = 0.3339120729211881
16256/16384
mean(sgnprob[1:i - 1]) = 0.33632728391264227
16384/16384
mean(sgnprob[1:i - 1]) = 0.3377281328206067
728.266371 seconds (167.11 M allocations: 70.745 GiB, 1.32% gc time, 1.22% compilation time)
