## SLURM PROLOG ###############################################################
##    Job ID : 8822312
##  Job Name : sbatch_etgent.sh
##  Nodelist : node1322
##      CPUs : 8
##  Mem/Node : 4096 MB
## Directory : /oscar/home/trazzaz/AFQMC
##   Job Started : Thu Feb 27 07:29:56 PM EST 2025
###############################################################################
seed = 1307
U = 2.0
β = 6.0
Warming up
128/1024
256/1024
384/1024
512/1024
640/1024
768/1024
896/1024
1024/1024
Measuring
128/16384
mean(sgnprob[1:i - 1]) = -0.4645669291338583
256/16384
mean(sgnprob[1:i - 1]) = -0.043137254901960784
384/16384
mean(sgnprob[1:i - 1]) = -0.1801566579634465
512/16384
mean(sgnprob[1:i - 1]) = -0.033268101761252444
640/16384
mean(sgnprob[1:i - 1]) = 0.0892018779342723
768/16384
mean(sgnprob[1:i - 1]) = -0.00651890482398957
896/16384
mean(sgnprob[1:i - 1]) = 0.061452513966480445
1024/16384
mean(sgnprob[1:i - 1]) = 0.09090909090909091
1152/16384
mean(sgnprob[1:i - 1]) = 0.12076455256298871
1280/16384
mean(sgnprob[1:i - 1]) = 0.1493354182955434
1408/16384
mean(sgnprob[1:i - 1]) = 0.17270788912579957
1536/16384
mean(sgnprob[1:i - 1]) = 0.20521172638436483
1664/16384
mean(sgnprob[1:i - 1]) = 0.22309079975947083
1792/16384
mean(sgnprob[1:i - 1]) = 0.1702959240647683
1920/16384
mean(sgnprob[1:i - 1]) = 0.1818655549765503
2048/16384
mean(sgnprob[1:i - 1]) = 0.14118221787982413
2176/16384
mean(sgnprob[1:i - 1]) = 0.15862068965517243
2304/16384
mean(sgnprob[1:i - 1]) = 0.1741207121146331
2432/16384
mean(sgnprob[1:i - 1]) = 0.14685314685314685
2560/16384
mean(sgnprob[1:i - 1]) = 0.15826494724501758
2688/16384
mean(sgnprob[1:i - 1]) = 0.17677707480461483
2816/16384
mean(sgnprob[1:i - 1]) = 0.1872113676731794
2944/16384
mean(sgnprob[1:i - 1]) = 0.1946992864424057
3072/16384
mean(sgnprob[1:i - 1]) = 0.1742103549332465
3200/16384
mean(sgnprob[1:i - 1]) = 0.15286026883401063
3328/16384
mean(sgnprob[1:i - 1]) = 0.1602043883378419
3456/16384
mean(sgnprob[1:i - 1]) = 0.13748191027496381
3584/16384
mean(sgnprob[1:i - 1]) = 0.14429249232486743
3712/16384
mean(sgnprob[1:i - 1]) = 0.15332794395041768
3840/16384
mean(sgnprob[1:i - 1]) = 0.1596769992185465
3968/16384
mean(sgnprob[1:i - 1]) = 0.1666246533904714
4096/16384
mean(sgnprob[1:i - 1]) = 0.1711843711843712
4224/16384
mean(sgnprob[1:i - 1]) = 0.17736206488278475
4352/16384
mean(sgnprob[1:i - 1]) = 0.15881406573201562
4480/16384
mean(sgnprob[1:i - 1]) = 0.16275954454119224
4608/16384
mean(sgnprob[1:i - 1]) = 0.15172563490340785
4736/16384
mean(sgnprob[1:i - 1]) = 0.15649419218585006
4864/16384
mean(sgnprob[1:i - 1]) = 0.14456097059428336
4992/16384
mean(sgnprob[1:i - 1]) = 0.1572831095972751
5120/16384
mean(sgnprob[1:i - 1]) = 0.16389919906231687
5248/16384
mean(sgnprob[1:i - 1]) = 0.15113398132266057
5376/16384
mean(sgnprob[1:i - 1]) = 0.1568372093023256
5504/16384
mean(sgnprob[1:i - 1]) = 0.16227512266036706
5632/16384
mean(sgnprob[1:i - 1]) = 0.16533475404013498
5760/16384
mean(sgnprob[1:i - 1]) = 0.15297794756034033
5888/16384
mean(sgnprob[1:i - 1]) = 0.1598437234584678
6016/16384
mean(sgnprob[1:i - 1]) = 0.16608478802992518
6144/16384
mean(sgnprob[1:i - 1]) = 0.17564707797493082
6272/16384
mean(sgnprob[1:i - 1]) = 0.17780258332004464
6400/16384
mean(sgnprob[1:i - 1]) = 0.18424753867791843
6528/16384
mean(sgnprob[1:i - 1]) = 0.1876819365711659
6656/16384
mean(sgnprob[1:i - 1]) = 0.19188580015026296
6784/16384
mean(sgnprob[1:i - 1]) = 0.1959310039805396
6912/16384
mean(sgnprob[1:i - 1]) = 0.1853566777600926
7040/16384
mean(sgnprob[1:i - 1]) = 0.1930671970450348
7168/16384
mean(sgnprob[1:i - 1]) = 0.1991070182782196
7296/16384
mean(sgnprob[1:i - 1]) = 0.20246744345442083
7424/16384
mean(sgnprob[1:i - 1]) = 0.20625084197763707
7552/16384
mean(sgnprob[1:i - 1]) = 0.19560323136008476
7680/16384
mean(sgnprob[1:i - 1]) = 0.20171897382471676
7808/16384
mean(sgnprob[1:i - 1]) = 0.20430382989624696
7936/16384
mean(sgnprob[1:i - 1]) = 0.2085696282293636
8064/16384
mean(sgnprob[1:i - 1]) = 0.21195584769936748
8192/16384
mean(sgnprob[1:i - 1]) = 0.2152362348919546
8320/16384
mean(sgnprob[1:i - 1]) = 0.2174540209159755
8448/16384
mean(sgnprob[1:i - 1]) = 0.22055167515094115
8576/16384
mean(sgnprob[1:i - 1]) = 0.22355685131195335
8704/16384
mean(sgnprob[1:i - 1]) = 0.22348615419970125
8832/16384
mean(sgnprob[1:i - 1]) = 0.22794700486921074
8960/16384
mean(sgnprob[1:i - 1]) = 0.2304944748297801
9088/16384
mean(sgnprob[1:i - 1]) = 0.23385055573896776
9216/16384
mean(sgnprob[1:i - 1]) = 0.23667932718393922
9344/16384
mean(sgnprob[1:i - 1]) = 0.23750401370009633
9472/16384
mean(sgnprob[1:i - 1]) = 0.2391510928096294
9600/16384
mean(sgnprob[1:i - 1]) = 0.22971142827377852
9728/16384
mean(sgnprob[1:i - 1]) = 0.2328569959905418
9856/16384
mean(sgnprob[1:i - 1]) = 0.23754439370877728
9984/16384
mean(sgnprob[1:i - 1]) = 0.23750375638585597
10112/16384
mean(sgnprob[1:i - 1]) = 0.240431213529819
10240/16384
mean(sgnprob[1:i - 1]) = 0.230979587850376
10368/16384
mean(sgnprob[1:i - 1]) = 0.23275778913861292
10496/16384
mean(sgnprob[1:i - 1]) = 0.23392091472129586
10624/16384
mean(sgnprob[1:i - 1]) = 0.2363739056763626
10752/16384
mean(sgnprob[1:i - 1]) = 0.22853688029020555
10880/16384
mean(sgnprob[1:i - 1]) = 0.23173085761558967
11008/16384
mean(sgnprob[1:i - 1]) = 0.22522031434541656
11136/16384
mean(sgnprob[1:i - 1]) = 0.22748091603053436
11264/16384
mean(sgnprob[1:i - 1]) = 0.22880227292905975
11392/16384
mean(sgnprob[1:i - 1]) = 0.22043718725309455
11520/16384
mean(sgnprob[1:i - 1]) = 0.22250195329455683
11648/16384
mean(sgnprob[1:i - 1]) = 0.21610715205632353
11776/16384
mean(sgnprob[1:i - 1]) = 0.21868365180467092
11904/16384
mean(sgnprob[1:i - 1]) = 0.22103671343358816
12032/16384
mean(sgnprob[1:i - 1]) = 0.21369794697032665
12160/16384
mean(sgnprob[1:i - 1]) = 0.2158894645941278
12288/16384
mean(sgnprob[1:i - 1]) = 0.21819809554814032
12416/16384
mean(sgnprob[1:i - 1]) = 0.21933145388642772
12544/16384
mean(sgnprob[1:i - 1]) = 0.22155784102686757
12672/16384
mean(sgnprob[1:i - 1]) = 0.2245284507931497
12800/16384
mean(sgnprob[1:i - 1]) = 0.2268145948902258
12928/16384
mean(sgnprob[1:i - 1]) = 0.2273536009901756
13056/16384
mean(sgnprob[1:i - 1]) = 0.22849482956721562
13184/16384
mean(sgnprob[1:i - 1]) = 0.2293104756125313
13312/16384
mean(sgnprob[1:i - 1]) = 0.232213958380287
13440/16384
mean(sgnprob[1:i - 1]) = 0.23461567080883994
13568/16384
mean(sgnprob[1:i - 1]) = 0.22827448957028082
13696/16384
mean(sgnprob[1:i - 1]) = 0.2297918948521358
13824/16384
mean(sgnprob[1:i - 1]) = 0.23171525718006222
13952/16384
mean(sgnprob[1:i - 1]) = 0.23345996702745322
14080/16384
mean(sgnprob[1:i - 1]) = 0.22679167554513815
14208/16384
mean(sgnprob[1:i - 1]) = 0.22826775533187865
14336/16384
mean(sgnprob[1:i - 1]) = 0.22218346703871641
14464/16384
mean(sgnprob[1:i - 1]) = 0.22339763534536403
14592/16384
mean(sgnprob[1:i - 1]) = 0.22390514700842987
14720/16384
mean(sgnprob[1:i - 1]) = 0.22467558937427815
14848/16384
mean(sgnprob[1:i - 1]) = 0.21869737994207583
14976/16384
mean(sgnprob[1:i - 1]) = 0.22056761268781302
15104/16384
mean(sgnprob[1:i - 1]) = 0.2221412964311726
15232/16384
mean(sgnprob[1:i - 1]) = 0.2172542840259996
15360/16384
mean(sgnprob[1:i - 1]) = 0.2190897844911778
15488/16384
mean(sgnprob[1:i - 1]) = 0.2211532252857235
15616/16384
mean(sgnprob[1:i - 1]) = 0.22382324687800192
15744/16384
mean(sgnprob[1:i - 1]) = 0.22556056660102902
15872/16384
mean(sgnprob[1:i - 1]) = 0.22638775124440805
16000/16384
mean(sgnprob[1:i - 1]) = 0.22020126257891118
16128/16384
mean(sgnprob[1:i - 1]) = 0.2227940720530787
16256/16384
mean(sgnprob[1:i - 1]) = 0.2180867425407567
16384/16384
mean(sgnprob[1:i - 1]) = 0.21320881401452726
830.024873 seconds (167.11 M allocations: 70.745 GiB, 2.24% gc time, 1.31% compilation time)
