## SLURM PROLOG ###############################################################
##    Job ID : 7671114
##  Job Name : sbatch_etgent.sh
##  Nodelist : node1745
##      CPUs : 8
##  Mem/Node : 4096 MB
## Directory : /oscar/home/trazzaz/AFQMC
##   Job Started : Sun Jan 19 02:54:35 AM EST 2025
###############################################################################
seed = 1281
U = 2.0
β = 6.0
Warming up
128/1024
256/1024
384/1024
512/1024
640/1024
768/1024
896/1024
1024/1024
Measuring
128/16384
mean(sgnprob[1:i - 1]) = -0.10236220472440945
256/16384
mean(sgnprob[1:i - 1]) = 0.03529411764705882
384/16384
mean(sgnprob[1:i - 1]) = 0.1122715404699739
512/16384
mean(sgnprob[1:i - 1]) = 0.15459882583170254
640/16384
mean(sgnprob[1:i - 1]) = 0.1705790297339593
768/16384
mean(sgnprob[1:i - 1]) = 0.1760104302477184
896/16384
mean(sgnprob[1:i - 1]) = 0.1888268156424581
1024/16384
mean(sgnprob[1:i - 1]) = 0.19452590420332355
1152/16384
mean(sgnprob[1:i - 1]) = 0.20417028670721113
1280/16384
mean(sgnprob[1:i - 1]) = 0.21970289288506645
1408/16384
mean(sgnprob[1:i - 1]) = 0.21108742004264391
1536/16384
mean(sgnprob[1:i - 1]) = 0.17133550488599347
1664/16384
mean(sgnprob[1:i - 1]) = 0.1761876127480457
1792/16384
mean(sgnprob[1:i - 1]) = 0.1736460078168621
1920/16384
mean(sgnprob[1:i - 1]) = 0.1839499739447629
2048/16384
mean(sgnprob[1:i - 1]) = 0.1617000488519785
2176/16384
mean(sgnprob[1:i - 1]) = 0.135632183908046
2304/16384
mean(sgnprob[1:i - 1]) = 0.12027789839339992
2432/16384
mean(sgnprob[1:i - 1]) = 0.12957630604689427
2560/16384
mean(sgnprob[1:i - 1]) = 0.10824540836264165
2688/16384
mean(sgnprob[1:i - 1]) = 0.11425381466319315
2816/16384
mean(sgnprob[1:i - 1]) = 0.10053285968028419
2944/16384
mean(sgnprob[1:i - 1]) = 0.10091743119266056
3072/16384
mean(sgnprob[1:i - 1]) = 0.10973624226636275
3200/16384
mean(sgnprob[1:i - 1]) = 0.11534854642075648
3328/16384
mean(sgnprob[1:i - 1]) = 0.1073038773669973
3456/16384
mean(sgnprob[1:i - 1]) = 0.09753979739507959
3584/16384
mean(sgnprob[1:i - 1]) = 0.09852079263187273
3712/16384
mean(sgnprob[1:i - 1]) = 0.1026677445432498
3840/16384
mean(sgnprob[1:i - 1]) = 0.08986715290440218
3968/16384
mean(sgnprob[1:i - 1]) = 0.09705066801109151
4096/16384
mean(sgnprob[1:i - 1]) = 0.1028083028083028
4224/16384
mean(sgnprob[1:i - 1]) = 0.10679611650485436
4352/16384
mean(sgnprob[1:i - 1]) = 0.11330728568145254
4480/16384
mean(sgnprob[1:i - 1]) = 0.10649698593436034
4608/16384
mean(sgnprob[1:i - 1]) = 0.10570870414586499
4736/16384
mean(sgnprob[1:i - 1]) = 0.10834213305174234
4864/16384
mean(sgnprob[1:i - 1]) = 0.11042566317088218
4992/16384
mean(sgnprob[1:i - 1]) = 0.1027850130234422
5120/16384
mean(sgnprob[1:i - 1]) = 0.10724750927915609
5248/16384
mean(sgnprob[1:i - 1]) = 0.10806174957118353
5376/16384
mean(sgnprob[1:i - 1]) = 0.10176744186046512
5504/16384
mean(sgnprob[1:i - 1]) = 0.1008540795929493
5632/16384
mean(sgnprob[1:i - 1]) = 0.10495471497069792
5760/16384
mean(sgnprob[1:i - 1]) = 0.10956763326966487
5888/16384
mean(sgnprob[1:i - 1]) = 0.10242908102598947
6016/16384
mean(sgnprob[1:i - 1]) = 0.10324189526184539
6144/16384
mean(sgnprob[1:i - 1]) = 0.10304411525313364
6272/16384
mean(sgnprob[1:i - 1]) = 0.09424334236963802
6400/16384
mean(sgnprob[1:i - 1]) = 0.08923269260822003
6528/16384
mean(sgnprob[1:i - 1]) = 0.09115979776313773
6656/16384
mean(sgnprob[1:i - 1]) = 0.09000751314800902
6784/16384
mean(sgnprob[1:i - 1]) = 0.08270676691729323
6912/16384
mean(sgnprob[1:i - 1]) = 0.0808855447836782
7040/16384
mean(sgnprob[1:i - 1]) = 0.08396078988492683
7168/16384
mean(sgnprob[1:i - 1]) = 0.08608901911538998
7296/16384
mean(sgnprob[1:i - 1]) = 0.08074023303632626
7424/16384
mean(sgnprob[1:i - 1]) = 0.07934797251784993
7552/16384
mean(sgnprob[1:i - 1]) = 0.07429479539133889
7680/16384
mean(sgnprob[1:i - 1]) = 0.06941007943742675
7808/16384
mean(sgnprob[1:i - 1]) = 0.07365185090303573
7936/16384
mean(sgnprob[1:i - 1]) = 0.06666666666666667
8064/16384
mean(sgnprob[1:i - 1]) = 0.0603993550787548
8192/16384
mean(sgnprob[1:i - 1]) = 0.06385056769625198
8320/16384
mean(sgnprob[1:i - 1]) = 0.05998317105421325
8448/16384
mean(sgnprob[1:i - 1]) = 0.06238901385107139
8576/16384
mean(sgnprob[1:i - 1]) = 0.05912536443148688
8704/16384
mean(sgnprob[1:i - 1]) = 0.055957715730207976
8832/16384
mean(sgnprob[1:i - 1]) = 0.04993771939757672
8960/16384
mean(sgnprob[1:i - 1]) = 0.05346578859247684
9088/16384
mean(sgnprob[1:i - 1]) = 0.052052382524485526
9216/16384
mean(sgnprob[1:i - 1]) = 0.0524145415084102
9344/16384
mean(sgnprob[1:i - 1]) = 0.055335545328053085
9472/16384
mean(sgnprob[1:i - 1]) = 0.0598669623059867
9600/16384
mean(sgnprob[1:i - 1]) = 0.06198562350244817
9728/16384
mean(sgnprob[1:i - 1]) = 0.05705767451423872
9856/16384
mean(sgnprob[1:i - 1]) = 0.06098427194317605
9984/16384
mean(sgnprob[1:i - 1]) = 0.0565962135630572
10112/16384
mean(sgnprob[1:i - 1]) = 0.05785777865690832
10240/16384
mean(sgnprob[1:i - 1]) = 0.05518117003613634
10368/16384
mean(sgnprob[1:i - 1]) = 0.0568148934117874
10496/16384
mean(sgnprob[1:i - 1]) = 0.05212005717008099
10624/16384
mean(sgnprob[1:i - 1]) = 0.05337475289466252
10752/16384
mean(sgnprob[1:i - 1]) = 0.04920472514184727
10880/16384
mean(sgnprob[1:i - 1]) = 0.05009651622391764
11008/16384
mean(sgnprob[1:i - 1]) = 0.04697010993004452
11136/16384
mean(sgnprob[1:i - 1]) = 0.048944768747193536
11264/16384
mean(sgnprob[1:i - 1]) = 0.05158483530142946
11392/16384
mean(sgnprob[1:i - 1]) = 0.0520586427881661
11520/16384
mean(sgnprob[1:i - 1]) = 0.05425818213386579
11648/16384
mean(sgnprob[1:i - 1]) = 0.05778312011676827
11776/16384
mean(sgnprob[1:i - 1]) = 0.05613588110403397
11904/16384
mean(sgnprob[1:i - 1]) = 0.051667646811728134
12032/16384
mean(sgnprob[1:i - 1]) = 0.04945557310281772
12160/16384
mean(sgnprob[1:i - 1]) = 0.046961098774570276
12288/16384
mean(sgnprob[1:i - 1]) = 0.045658012533572066
12416/16384
mean(sgnprob[1:i - 1]) = 0.04760370519532823
12544/16384
mean(sgnprob[1:i - 1]) = 0.044088336123734355
12672/16384
mean(sgnprob[1:i - 1]) = 0.04048614947517954
12800/16384
mean(sgnprob[1:i - 1]) = 0.043519024923822175
12928/16384
mean(sgnprob[1:i - 1]) = 0.04633712384930765
13056/16384
mean(sgnprob[1:i - 1]) = 0.047567981616238986
13184/16384
mean(sgnprob[1:i - 1]) = 0.047712963665326555
13312/16384
mean(sgnprob[1:i - 1]) = 0.050259184133423486
13440/16384
mean(sgnprob[1:i - 1]) = 0.049631669022992785
13568/16384
mean(sgnprob[1:i - 1]) = 0.050637576472322546
13696/16384
mean(sgnprob[1:i - 1]) = 0.05074844833880979
13824/16384
mean(sgnprob[1:i - 1]) = 0.053027562757722635
13952/16384
mean(sgnprob[1:i - 1]) = 0.051680883090817864
14080/16384
mean(sgnprob[1:i - 1]) = 0.04808580154840543
14208/16384
mean(sgnprob[1:i - 1]) = 0.050749630463855847
14336/16384
mean(sgnprob[1:i - 1]) = 0.047366585280781304
14464/16384
mean(sgnprob[1:i - 1]) = 0.04459655673096868
14592/16384
mean(sgnprob[1:i - 1]) = 0.04269755328627236
14720/16384
mean(sgnprob[1:i - 1]) = 0.039472790271078195
14848/16384
mean(sgnprob[1:i - 1]) = 0.037381289149323094
14976/16384
mean(sgnprob[1:i - 1]) = 0.03519198664440735
15104/16384
mean(sgnprob[1:i - 1]) = 0.03608554591802953
15232/16384
mean(sgnprob[1:i - 1]) = 0.038277197820235045
15360/16384
mean(sgnprob[1:i - 1]) = 0.03613516504980793
15488/16384
mean(sgnprob[1:i - 1]) = 0.035061664621940984
15616/16384
mean(sgnprob[1:i - 1]) = 0.03400576368876081
15744/16384
mean(sgnprob[1:i - 1]) = 0.032458870609159626
15872/16384
mean(sgnprob[1:i - 1]) = 0.03408732909079453
16000/16384
mean(sgnprob[1:i - 1]) = 0.03218951184449028
16128/16384
mean(sgnprob[1:i - 1]) = 0.03280213306876666
16256/16384
mean(sgnprob[1:i - 1]) = 0.030698246693325132
16384/16384
mean(sgnprob[1:i - 1]) = 0.03204541292803516
772.531230 seconds (167.10 M allocations: 70.745 GiB, 2.12% gc time, 1.35% compilation time)
