## SLURM PROLOG ###############################################################
##    Job ID : 5955298
##  Job Name : etgent_N(1,3)_seed1263
##  Nodelist : node1746
##      CPUs : 8
##  Mem/Node : 2048 MB
## Directory : /oscar/home/trazzaz/AFQMC
##   Job Started : Mon Nov 11 10:35:32 PM EST 2024
###############################################################################
U = 2.0
seed = 1263
λₖ = 0.0
Warming up
128/512
256/512
384/512
512/512
Measuring
128/1024
256/1024
384/1024
512/1024
640/1024
768/1024
896/1024
1024/1024
120.091522 seconds (80.56 M allocations: 16.970 GiB, 3.19% gc time, 9.44% compilation time)
λₖ = 0.2
Warming up
128/512
256/512
384/512
512/512
Measuring
128/1024
256/1024
384/1024
512/1024
640/1024
768/1024
896/1024
1024/1024
110.298812 seconds (76.83 M allocations: 16.806 GiB, 3.32% gc time, 0.09% compilation time)
λₖ = 0.4
Warming up
128/512
256/512
384/512
512/512
Measuring
128/1024
256/1024
384/1024
512/1024
640/1024
768/1024
896/1024
1024/1024
112.338175 seconds (76.82 M allocations: 16.805 GiB, 3.09% gc time)
λₖ = 0.6
Warming up
128/512
256/512
384/512
512/512
Measuring
128/1024
256/1024
384/1024
512/1024
640/1024
768/1024
896/1024
1024/1024
109.753216 seconds (76.82 M allocations: 16.805 GiB, 2.95% gc time)
λₖ = 0.8
Warming up
128/512
256/512
384/512
512/512
Measuring
128/1024
256/1024
384/1024
512/1024
640/1024
768/1024
896/1024
1024/1024
129.380953 seconds (76.82 M allocations: 16.805 GiB, 2.38% gc time)
