## SLURM PROLOG ###############################################################
##    Job ID : 5959491
##  Job Name : etgent_N(1,2)_seed1256
##  Nodelist : node1754
##      CPUs : 8
##  Mem/Node : 2048 MB
## Directory : /oscar/home/trazzaz/AFQMC
##   Job Started : Tue Nov 12 12:20:04 AM EST 2024
###############################################################################
U = 2.0
seed = 1256
λₖ = 0.0
Warming up
128/512
256/512
384/512
512/512
Measuring
0.8960675086763188
0.6971184584474707
0.7890679176595399
0.7171015561722975
0.7151677999791991
0.3094420938748232
0.6761108857770207
0.7222159909434047
0.5055701672049076
0.7387103331683207
0.7400166866513043
0.7378465630698496
0.7707664241694363
0.7277921750821325
0.7223030335275189
0.7295383991615337
0.6819325354469455
0.7052828209444523
0.7352130253256233
0.7376071174645163
0.5236885244147905
0.7326399430048891
0.7409052771292477
0.7277852167207803
0.726268272495036
1.1416626639597953
0.7430560534887083
0.8628240922651742
0.6423434440328251
0.7068920656181695
0.5536525515111712
0.7014165588465969
0.7399576662664595
0.708142510488339
0.7785412839734105
0.6003657080506425
0.7926684139730007
0.7325228098234307
0.6620054200470615
0.808218625152525
0.8378169511301936
0.6670974003787515
0.707764969978683
0.7917343070250356
0.7353184645465365
0.7454733145677614
0.7615266402283056
0.6519846031409074
0.746888162197042
0.7021891693728011
0.7292111005249516
1.0033008975538378
0.907589968367421
0.736159571543765
0.7289128092338997
0.7238155962982276
0.7830489305687894
0.664393578290644
0.7370981462570672
0.6895086383794964
0.7379159259387725
0.7567096843512408
0.6569888395075039
0.4648412908266665
0.7201402706560003
0.7769187437681608
0.7215609516607029
0.7253347451280556
0.7150560076725199
0.6474098685985086
0.6444287928621171
0.7100671714298519
0.7200912493431754
0.8634185302827522
0.7440684420567965
0.6338655360734817
0.6805043374852424
0.9135032153843519
0.7211687252692203
0.7949907523709958
0.6862098639688408
0.7291353578874966
0.6482664854551465
0.8810357996156983
0.7512302427441202
0.7388764922907062
0.7535800882127146
0.6857861782619844
0.6946317338710755
0.6996720321643938
0.75038883486337
0.7208250063174532
0.7451914868335752
0.6816687312371565
0.552744674278601
0.9196628941707807
0.3330163303175192
0.7440656227937017
0.6794667479862673
0.6164247691844452
0.7344493637880785
0.6701111394530723
0.6792724581186234
0.7739679098894389
0.8647702039388545
0.7286932109406374
0.729676603619863
0.7370288704481398
0.7199065532830922
0.7448809302036363
0.6980218522522217
0.7259877557045885
0.6496816565353684
0.7113404854267084
0.6552336265087837
0.6668873668173396
0.7295894227505433
0.7460866505976793
0.7626722058774932
0.6450113991507249
0.6358069361554181
0.6775302190554409
0.6505515394639201
0.642646856811492
0.6177191945927305
0.7267116919047675
0.724123228458436
128/1024
0.7443857807887859
0.6113033036349904
1.5175427000386938
0.9460617042316026
1.2008467651924424
0.5573262759095878
0.9135528238488135
0.658630143759892
1.0779532554684512
0.6263014169139927
0.6630355933982808
0.6373362186012512
0.8180654829329398
0.8743213137238386
0.913123794711791
0.8087148662030713
0.45445261002966475
0.4937706056340593
0.46742443238231657
0.8612443469360587
0.4574510019228419
0.749427459562757
0.5466687485071038
0.6407115710274676
1.101612254120893
1.1023101647673241
0.8224671676065503
1.3494503500962978
1.1324516759120695
0.8633904331094339
1.091645814581849
0.657474905191863
0.8439837824366057
1.1266634252551178
0.7388694862575304
0.46474451837501135
0.8214875749943137
1.1079790755155146
0.7822968255595497
0.4770165302730256
0.5838404873908783
0.6929973858231021
1.055681312556952
0.6790089287169544
0.617431586863893
0.8812849809874904
0.49755358735217037
0.4867348146753372
1.4379716765792452
1.2105321717010895
0.9936102288992158
0.5642598581792575
0.7133429484182138
0.5551463367183331
0.5546677781982368
0.5421140356297378
0.5786917912096295
0.6220972585068053
0.7850716597462499
0.9368040796736392
0.48674233317910653
1.0104102321609953
0.5675569059881362
0.8697266715593912
0.497981288325242
0.4807954878952031
0.6267054215960921
0.7006219876796088
0.5874971768717508
0.9755855490920962
1.3257152170321163
0.59610801116198
0.6354701166277209
1.0134691880460343
0.9792078773224258
0.49627518743776
0.5173158002479743
1.121417511710083
0.608088615777034
1.4364965174362145
0.5247348309114556
0.8681854149725161
0.5006410092962441
0.5907828353629209
1.4582406588253276
0.6745821933004321
0.5111353383577721
0.7424496829039018
0.6367448371403704
0.5643588072478121
0.842117114665891
1.4480781546195542
0.7624528222261563
0.5258468926963364
0.49601202304461756
0.511839375285879
0.7526323533257381
0.9087841285212067
0.7434909654165378
0.7338486634937074
0.7563760345823543
0.5118184611423002
0.49689987886347853
0.6518048481470712
0.7885954969252935
0.4941197236709136
0.47305855357423177
0.5421487680376446
0.6603749214301571
0.5174654650213909
0.6219729504579002
0.8470356343884314
0.6318739018631332
0.9697642710105916
0.5696456440755449
0.5159787509062809
0.46823583496977583
1.10020196865623
0.7051409302049678
0.5168081344549155
0.9344923954413646
0.723125267133522
0.5362768022683061
0.4631156232086591
0.6995710742689203
0.5751577335479849
0.6188729666803824
1.0935191843381649
256/1024
0.9943698742647866
0.9167690842008858
0.7296200490821708
0.8182051163870501
0.3926125188458587
0.44166410358031616
0.5076206761103979
0.5654862396035637
0.46392294241113696
1.0858682256753116
0.8292792211306473
0.7196517223762544
-0.0616136694095315
1.0621475963254892
0.44949337918487453
0.7071473510160159
0.8988121813319342
0.9607110470329214
0.6408769965068979
0.781134125172327
0.6692777109277875
0.8695991460430681
0.27561573264536066
0.9279398445256561
0.9483823726783884
1.0250771203401101
1.1789353156900695
0.6417166180651395
0.899029818636464
0.4281549331880147
0.7680483434358749
0.9857844684305463
1.2137456425760402
0.6089046735008479
0.9409081349105882
1.1123425197563637
0.5826035329679339
0.8034611963025702
1.059379009792697
1.0759982604891751
1.107442088802037
1.0360516371129842
0.6727229561289708
0.44468288357963154
1.071744994591506
0.6640276163156985
1.031422124152248
0.7977424171807713
1.00698052415701
0.49270550960425447
0.5947763014199073
0.9215556451719696
1.0819741772532303
1.223067185786662
1.2790766928794304
0.7161409570680164
1.1383630838764627
1.0765410879515722
0.9039523102510635
0.6159090742638527
1.1572374584002334
0.819846362727367
0.6402209657986512
1.1041256254690819
1.3423697530742125
0.8117770435286444
1.0326188207098979
0.46025593111673013
1.0246604197993854
0.8672496629956732
0.8119957336999453
0.7956007289023529
0.7683440494417532
0.4864059352432034
0.9235259095626251
0.7083667403350784
1.033445353104872
0.4563676067135832
0.38748730359605105
0.6006201781009104
0.5989813913714315
0.4351118625819879
1.1346462344630064
0.980214385958915
0.38396176461324705
0.24708905192473118
0.6147222934293693
0.96316877289652
0.6899743223914677
0.44880646163185023
1.3089412087393084
0.5797296963193971
0.7792785052275054
0.9686919904671633
0.5689085080244926
0.8720976652496398
0.810632224172527
0.555686951640491
0.5593414510522268
0.5191961437998536
0.42298221539455455
1.0487571023986222
0.5258689812028072
1.3028838723722185
0.672504670728424
1.0006827457428056
0.4178243939173132
0.919617376915262
1.0778665409192165
0.7642701082735595
0.4294746686365586
1.0367852432127342
1.3043600177593917
0.9077584875942257
0.4815268049928103
0.6245390694141247
1.276760238708968
1.1893845853549716
0.5270503777506514
0.8138389979112189
0.5671858848072018
1.0182486425356454
0.9792271586197487
1.2787497697461938
0.6446146881141492
0.5288803460299611
0.3146877445458745
1.0375087612528735
384/1024
1.0709721066685614
0.2854061845517819
0.8654903393185157
1.5171352225824641
0.512735676620514
0.5115555436639877
0.4525405739115236
0.3452511833855232
0.7310401516172721
0.7100559770533268
0.4174712291460476
0.31289885589250377
0.3063949353347221
0.34623162457226775
0.851138340127883
0.5870075129867635
0.3123168630885612
1.0449042871239453
0.26793015090116434
0.434025305892348
0.6439643926321102
0.3327239383856966
1.102022664924916
1.5170780532090564
1.0743369017668911
0.28208639467220237
0.5699293892980161
0.9803385741716708
0.45588933208054055
0.8437232976198226
1.001606857347035
0.6332730369243698
0.2950482708215715
1.374554988427807
0.4114798445478697
0.37998321376368943
0.8427611631645124
0.2836422620235152
0.9177820232596001
1.1257624314816674
0.884691096618221
0.42963348276537766
0.523840366904865
0.46111081524630904
0.8669304692706316
0.6175731721621437
0.979049897149967
0.7761773945999937
1.3353119574165069
0.40942862658146095
0.359779954013012
0.39290446638265586
0.9669102575817348
0.7610314403917142
0.9227166801682715
1.4295220901701455
0.4313536783978355
0.43964690270571943
1.1611609226462145
0.5830820152161235
0.7320700007088597
1.516375519870637
0.42550894132049766
0.2715264364837601
0.43564614402409085
1.1868408395103167
0.5342800761704012
0.39086250788570676
0.48994127974275486
0.6872830333303663
0.5062579467749923
1.1978578818221208
1.0574927759427273
0.3215260500385544
0.7049339488254005
0.3816463524679822
1.1908118103550034
0.4828782024313356
0.32963013695699994
0.6924816663570912
0.33397831693525637
0.3334910586857124
1.378713715421981
0.8948708382628966
1.65700755039606
0.6890748528001246
0.2264828225741674
1.1719215448713023
0.8776905222196631
1.3247704267432012
0.3552507680615973
0.7383784343786556
0.4925065354722218
1.158996067406316
0.36514416829948143
1.3714686248640038
0.6181325746757275
1.1050048592243142
0.9403465020847008
1.1345451678868226
1.0206795236282122
0.40625659734424097
0.593252549499268
0.8072606867163902
0.8586330207878331
0.6101486138967349
1.105382294185219
0.6549850831868211
0.7517974251149144
1.0165841442007826
0.7425073492677285
1.077699109063219
0.4623660373859374
0.34128366885172645
0.40754460165574496
0.8957146714288082
0.3017155169823281
0.6166248190663148
1.5027203427509708
0.5694108729196127
0.25791971694355853
0.9372553319047434
0.39316857527299787
0.5896062579782175
1.1250068335748062
0.958006970768803
0.7186310134777949
0.6008600381930654
512/1024
0.6965686023999909
0.7066977548506497
0.6091141075188372
0.9905785275143024
0.838299349449015
0.715348747965274
0.6845222933788542
0.5420909854637539
0.6567757670157952
0.254067046048144
0.6474869077598183
0.8025141417894559
0.6266856304034168
0.7041840800202942
0.8099026629492345
1.004902043115205
0.7050271502000018
1.3748721231863947
0.6226635789750714
0.7495856954992894
0.45260718524433297
0.746318378753305
0.8554000296872878
0.7180078281650284
0.7015488908202359
0.7042472415814562
0.4898436402021402
0.705991165248825
0.6654351191516197
0.7083584527120006
0.6598183488809568
0.7121798183118817
0.6043048495728216
0.7492922778671083
0.6997410645335442
0.7158294479492316
0.6611129346169042
0.9305563800963994
1.0120831713897642
0.7165026579168706
0.6616684800237465
0.4872816866514714
0.7117951133473385
0.7489054062857834
0.7485329495405296
0.7106008632777794
0.7165647458521746
0.6079534813663843
0.6880491230830121
0.5680101582364669
0.6745240043586304
1.3723945390064205
0.6368051389606895
0.7448781077568558
0.9741141914047592
0.6629522379962232
0.9337216262915864
0.7127145288617178
0.6968501683590891
0.6506003819160922
0.5992898407287892
0.6957266595267684
0.547475705310917
0.6752249150113608
0.6781754357130814
0.707785817817469
0.7103985947381288
1.3112152865282973
0.696645885103711
0.6912846205568985
0.7101404639802411
0.6952239685020953
1.0048532030963289
1.1180334865166588
0.6947999075768196
0.7625818583927473
0.6925759572455892
0.7616044174467085
0.5862808378991856
0.7612755668172655
0.7711317879542883
0.37242255729483453
0.7064461854554037
0.6315731700666617
0.7036077526136886
0.6478311364546224
0.6790633819497883
0.802813722557662
0.7688422286919889
1.2795087885434744
0.7109049616832248
0.6296388485378613
1.1114180990670335
0.7224945876971257
0.9415485046382981
0.6590642231426918
0.611775509577676
0.7078589155795229
0.6737989572499644
0.48060380674283737
0.5822939575463969
0.6285206087126253
0.4298420175528994
0.6958358984396743
0.6859473212729869
0.7285347865127436
0.6814844662980383
0.6795309539399197
0.685848138503937
0.6874375418805594
0.6496419837571261
0.7115073466613516
0.1679950166947654
0.17043318020204057
0.7158984519139227
0.7028355245601811
0.7205073592092976
1.5804103630456956
0.6945272092634895
0.6992800538094895
0.6937651517265601
0.6871905625948396
1.2905870738347414
0.6464936497932136
0.7210158425656562
0.6246734970700694
0.6973056426827439
0.527347890302563
640/1024
0.5196460082066573
0.9518472750408307
0.5652227598411594
1.0240954958214903
0.9584648615720106
1.247508609125541
0.9550672061019236
0.43463242475894015
0.31114394559398395
0.9774826603563133
1.0631487352086642
0.8109546800719729
0.17768140739791044
0.7950185116464066
0.9981991788945672
0.6305929290274436
0.5049243271835233
1.347856043395619
0.9771727007262934
1.383960738667397
0.6437597224400953
0.6976567883752185
0.7017282975418028
0.864423372771394
0.9893872629581801
0.7179933313802316
0.3960251030722013
0.7568499370676386
0.43293405339769225
0.5088453271822229
0.549420129088983
1.1943006052020633
0.46482442190861395
1.14729069183939
0.41532701579909
0.23074368873495998
0.9484167406790246
1.2566946208160683
1.0988088794403104
1.19393911037543
0.9350031222191699
0.8370021575869969
1.413642357196312
-0.0742773297514373
0.5039406636839334
0.9056632344857667
0.4894598603866974
0.9524609439621101
1.238210571693777
0.5909102612285626
1.0376526003589377
1.0524052794953318
0.42269026049149033
1.2501066054818366
0.3557987925996614
1.1536793670535093
0.9845693422624573
1.2024883843670904
1.1591612191827267
0.9069058309238371
1.2053172465329682
0.3753543622776121
0.4109182909828418
0.8334217736656298
0.38222016602643777
0.5040153520273798
0.37542820377556924
0.908748637309786
0.3842149124081597
0.6230758602548214
1.2465115013252448
0.9127184247860141
1.0194846016570138
0.2529748535488222
-0.20112221126231977
0.18156261631640164
1.116721234526489
0.9120315478318262
1.0127038765681349
0.6374465258650379
1.331097649482399
1.2731771833896581
1.382462930628812
1.0581706375703717
0.262447323234583
0.5010606922095722
0.40263479522081835
0.9963667046049992
0.8277317605001515
0.9221121688288467
0.8370202260287004
0.7990042656933708
0.40766462390007807
1.1161282606418803
0.6083275254919818
0.9923968071550195
0.7732285725906491
0.8555306661234711
1.322931990674634
0.9013307408953792
0.7469451742300328
1.1249000585361988
-0.004733459251309746
0.23970957735202741
1.159329600195088
0.7910174151382621
1.0946509736178596
0.6328839011643204
0.7214498104140492
0.5997006982226759
0.9272759652064206
1.3598479155848735
0.9240772362667878
0.40431537495543657
1.114984103353104
0.5628265056558374
0.7838267580980185
0.7458357903373787
0.23481723071051697
1.173122119195292
0.8947061649621233
1.1926571262455186
0.9670433301905841
1.2435316141561683
1.3328321306608149
0.9988065468729037
1.1282709456878393
0.32320838554276254
768/1024
0.3999225358601802
0.983388764050582
0.9758597585965588
1.2481177169124826
0.5798805803913175
0.8813957468019282
1.5811293062565046
0.6074386686389556
1.7051401374933466
1.66002288752863
1.082840620105246
1.6175144030899444
0.2952296181199143
1.5069209070055416
1.5966691660529673
1.4140581364557963
1.3515365428503967
0.3959209372151844
1.0096002349927407
1.3435740089345334
1.0916294991543793
0.6054318851683747
1.110803813418591
1.3032740333050636
0.6787229130609922
0.6633139835643533
1.5617490652788109
0.20077036859048178
1.0876722127458047
1.4169187936250223
0.7018582959969417
0.34104732120282844
0.7851588962979952
0.7463453131389282
1.5869987650230457
0.28953617535355197
0.8165391992472575
1.3170848448450625
1.4894160137291488
1.50357546496177
1.1081287045476769
0.4170065807271658
1.286422123093776
1.3467561437079618
0.34498204219787215
1.6120338517084352
0.904691417188507
0.7920583958264694
1.1211551780207367
1.1897142834782932
1.633563130850541
1.471582738532289
1.607450329635473
1.2925194077253603
1.392038122950309
1.6021025208998076
0.7227519649501616
1.4414604469185868
1.6765061291921644
1.2755226209593478
0.8821802223550972
1.3824995859727471
1.236267390967874
1.4957854253679346
1.1824011316911254
1.2567408815950853
1.306566176824523
1.40232380790187
1.5393315226054813
1.856980861984919
1.7905275120533486
1.311290125395384
1.6904550526029256
0.41986406000621646
0.25698365643018034
0.3865733077922518
0.7829717708511417
1.145409076937793
0.7303415468778752
0.682139773067138
0.9779474941459197
0.6603022246502398
1.7479108045897784
0.19459544866376566
0.8136768287941443
0.6831946966421569
0.3974740085022496
1.3151004417607428
1.3825712728873005
0.926841053439771
1.7063854944471144
1.3233609381754659
1.1105401536169384
1.5247815014669845
1.5621410279543015
1.5564607284425012
1.0108999715787728
0.5191403933849371
1.483185250473824
1.597256336173163
1.0538440730239276
0.6245415872590607
1.6904988092694686
0.5715015099615596
0.03424115924205537
1.8064518815766177
1.0202961153138639
1.1163465666032786
1.4296753483466202
1.7610986312206502
1.0343055419308915
0.5803972617609636
1.2311873933437347
1.1032247330239304
0.24832770632568132
1.4242086990883804
0.47399917774286254
1.0296028190050908
1.3027471148833434
0.4304900872730552
1.3614190489349691
0.833403395394876
1.4705893010414615
0.9760782424938127
1.686029675507227
0.869645421673832
1.3653567679824898
1.3367351997982877
896/1024
1.0527408230434323
1.264668736331459
0.4072325291958195
0.8258532885629146
0.4690790744339238
0.9862124855391159
1.0041682858147447
0.3742770324896594
0.5006115098120609
0.37547413720097145
0.38211473022394377
0.7627681658155008
0.5694391031875312
0.7466752675709074
0.5898634674594545
0.44014512945490525
1.2810947318804
0.6872741540987353
0.5803079110554974
0.6398713677119672
0.794868622039999
0.6807493320542194
0.5664085061187437
0.9124223943870067
0.5181638364988241
0.5570486414649239
0.5060813539305489
0.9961239775480155
0.47792773137246225
0.5571691040428274
0.7226042074772498
0.3869314405843369
0.7192245007191451
0.4982450871899428
0.36718664505229837
0.8720299305806243
0.9557107920593446
0.5015584449485739
1.0072609271592703
0.6393990763784521
0.8021086285068473
0.6185378257948354
0.7785179244798088
0.9074727894045458
0.6854968353442557
0.5923261946152139
1.2327312023908956
0.923560241237493
0.41656332696480547
0.9764577081697664
0.9810429865496675
0.796487892246172
0.4778756882886483
0.8646901538837501
0.5949759268807178
0.6215409015982952
0.3957151214211265
0.4698202825120683
1.2286239631329674
0.44884735864753095
0.8096263950262906
0.9054459942869049
0.6630862494912919
1.1352286684397166
0.4717377058430878
0.7651160829757949
0.8263448299981
0.3810959359719867
0.8876387739424869
0.9046506760195676
0.4326728406827258
0.43029606343264226
1.0997518663660797
1.4053313615812135
0.9950036271178182
0.5125514238363884
0.5903714511216489
0.7256936609744219
0.7761588429829479
1.1126262015958588
0.5746356092010418
0.5475196801323834
0.768412034700006
0.9029148719369307
0.5730924876414465
0.415771946399255
0.5353755280220363
0.9319723270324881
0.5073474760534038
0.9441979861238952
0.662221463327135
0.5863869889951607
0.7641037867980323
0.6916213129789679
0.5590421787684017
0.39664337055083676
0.5196315473468611
0.6789912005112051
0.46954595133607074
0.8563265333576274
0.4980890592255836
0.4174310752750056
0.993663707199107
0.3918922517070476
0.7146733578637631
0.5539142993137333
0.5362697421450419
0.48703327739542523
0.7825086043989149
0.8648048951596283
0.5313049493533547
0.6232898557826414
0.9721134075154123
0.6343209705368869
0.6736742389415471
0.6661708654108613
1.1128738257593178
0.5132339332890867
0.8574986560033386
1.194520844701837
0.5793619529463627
1.2197821973316725
1.148867881598953
0.4574283198194874
0.542013377507657
0.4858957799649387
0.4633059688214403
0.7432393386624706
1024/1024
1.0345722007942322
106.623521 seconds (80.46 M allocations: 13.057 GiB, 2.54% gc time, 6.67% compilation time)
λₖ = 0.2
Warming up
128/512
256/512
384/512
512/512
Measuring
0.706295389137624
0.6493057051805885
0.6834220231839514
0.7890528947773483
0.6310149182394736
0.609124870259852
0.6657699517855321
0.6564520751448614
0.665733988036655
0.650426370102503
0.5222989226616319
0.7119436787202958
0.6748327392187043
0.6449459016737218
0.6306236896596207
0.74955499696275
0.6971050684897511
0.8117612755110644
0.6268165850855049
0.8428555208541242
0.6627599935447991
0.6849009506265725
0.6133051934463887
0.6821963385846712
0.5996076776059126
0.72617456932851
0.6899103944944754
0.7009170164290934
0.6429762382583226
0.5969160493741865
0.7556287997644682
0.6394680959141826
0.7397636695213723
0.6439593787225425
0.9191841025388728
1.1118872342743011
0.6376145326425895
0.7535033732321933
0.6173437693607327
0.8649310693422896
0.704533515100122
0.7269343006924743
0.6332485293535868
0.6990757098751494
0.5921305000546043
0.795754860095969
0.7069804357519558
0.8233493779435495
1.008189364543082
0.6456114407571626
0.6257289770931195
0.683320459035768
0.6501772032315785
0.7341454942107559
0.803312311418336
0.7065983179530738
0.619080580844154
1.2541803629735795
0.7373570711461932
0.7932847675066652
0.7751685842353764
0.6377853560652325
0.6653118146735897
0.7347014824426065
0.6311770896802011
0.6625497848586637
0.7210300680231471
0.6966251500029992
0.9135710962658464
0.9756911483166871
0.6429786697108526
0.7329478260324269
0.646185931907235
0.8441732425479069
0.6512535846944746
0.7270541794269141
0.6398607221959063
0.7486160882644454
0.7020063575095975
0.6332891648309175
0.6281792570961029
0.8491939467847611
0.7670466037211083
0.967938157964817
0.7015000127467916
0.5823193504988033
0.7363036268532814
0.7552487235047538
0.770240590218929
0.6761182776825452
0.6983382248440476
0.7643197436496139
0.7101253602851902
0.7000805178491463
0.6917595436191117
0.4766507895817924
0.6407406779898986
0.6122196356308709
0.7162416668629921
0.5906025822155263
0.6543873228915882
0.8536536868055318
0.9807808321993452
0.7450333563907319
0.5756049109050333
0.6854996200322269
0.951594096724846
0.7128020092797034
0.6235314047979943
1.2208286126621326
0.7991536585181629
0.6335360004026271
0.5754752017128993
0.7302075066208233
0.6719023043615491
0.6720904541306948
0.7149594043122955
0.5274521157118781
0.9865730517981091
0.8010920750757077
0.7203259716956393
0.8195025355720792
0.6875413471568574
0.6200884067843424
0.7087479490555196
0.6411622389030492
0.7550943507094834
128/1024
0.8009015875295169
0.8329923575342755
0.4461936630851565
0.788153753010793
0.7159785611538412
0.762126879966719
0.7933305810805383
0.6590481048284482
0.7255076376180734
0.7619308984380102
0.525253412964566
0.7711514237596792
0.5688636822484432
1.4293428601107325
0.6836501886354005
0.5400509399502054
1.3314922605758341
0.9808882656247471
0.9212022320223896
0.8848517441399796
0.8046655737468111
0.6855841860626833
0.7476544578933159
0.8629293608316289
1.0030923849197628
0.817963860058418
0.7884476378965901
0.8751118423283072
0.7011232045289855
0.7996811554478808
0.6980531705385022
0.6102599393429542
0.813555261394517
0.7915882380769829
0.8429136115534885
0.7200707626982047
0.7289120981366842
0.8088935705318782
0.8046176271214915
0.6592424813850413
0.8079155041538958
0.615284805534975
0.26384731297043224
0.6393075750496497
0.5952014458000839
0.5855048333632983
0.7113999851897038
0.5937826171954914
0.8149261532480678
0.557905827664508
1.3827694120946752
1.2162935567708741
0.6329922067084148
0.7290885443991366
0.4982688083522957
0.7136166063492418
0.7981329151997391
0.8500971667497139
1.2495823129290862
0.7257432596813393
0.551708253794412
0.7769310059286254
0.6532397338857496
0.5595558331701522
0.8080207649217871
0.8102654198926936
0.7474030885085343
0.8120960614832212
0.8563763622880318
0.9373062475715783
0.5092899241801505
0.8158850033033087
0.7762713232816294
0.48886842447464196
0.7322253681092157
0.6643244481643777
0.7648566851593164
0.8348097972109856
0.8133278008150061
0.11717609669367945
1.2798508027325735
0.8146071587525081
0.6984291354828541
0.519090815580055
0.2879138758645982
0.6377450233458785
0.5899459688453462
0.8338477028628695
0.8041301434321324
0.6988976346073734
0.6640776155268935
0.5918997385903542
0.7884432461379495
1.1644086117730132
0.7996768208235406
0.687371563235664
0.6050675297531809
0.7280578314118474
0.9035513746386235
0.8210584614846117
1.079550344616856
0.8840457687957077
0.9834126972607723
0.8630542744547598
0.6011926202372476
0.6320194047925881
0.8782710086051904
0.8225121537556066
0.8466468677896419
0.5752022699575542
0.8288441665223578
0.7898708809511885
0.7287440685695216
0.9650359720751187
0.5942521403772161
0.8981916320827446
0.8521702488352157
0.7573123406772293
0.5557602325615744
0.6007022582376524
0.7470310294514819
0.7117850301570366
0.5646015116302923
0.590338899763919
0.846180580265949
0.9408664135743383
0.8534057245911513
0.7129450522458921
256/1024
0.8881202346781056
0.8075353128294468
0.21579902273721607
0.7047421000968243
0.649416357408961
0.7396517240691993
0.8120883347493233
0.6199412621620959
1.0440585119292225
0.7225295755521814
0.7044021780660548
0.8342158848147792
1.0891718241924513
0.7583583261381044
0.7240089087792047
0.7522203404543202
0.6484659808895661
0.6786570031426576
0.78654465411302
0.7441623239132703
0.5226650122642106
0.7738514893615739
0.7377673028392595
0.6817429042308649
0.7012211192033057
0.7012666136600745
0.7036705773018199
0.8053993716328727
0.6997236908246037
0.7803753228756023
0.7048523230519583
0.9234331196700725
0.6729950553076784
0.7644609068032135
0.7174925042149083
0.6490945231240973
0.690416669741911
0.8943211151482293
0.7017886072477073
0.6612112272083026
0.6586564304339363
0.7470631033436645
0.7298634492681347
0.6209185517879338
1.1026929827001721
0.7498990385722266
0.9668260637714317
0.7022071785694118
0.7873356389524353
0.7119418149611546
0.7355844978472573
0.653547383966806
0.7759032748084018
0.6563276495613087
0.6966247953166432
0.6995867751281014
0.991422236808855
0.6013640998197627
0.8717676813761557
0.6694218547319197
0.7248612559215617
0.7349644292903428
0.82742638263113
0.7293130970442375
0.6999399634425554
0.7393545409051595
0.670549750183122
0.6876394847548112
0.6948827357327565
0.7397723017993263
0.7054240816796756
0.6941551195326903
0.697522085564176
0.7029402405084725
0.6568310806966837
0.780176170467831
0.7963555566373859
0.7170245646835665
1.0876507831779632
1.2363619306344664
0.7108536835487383
0.7169481609343047
0.719909169406884
0.5693224849607506
0.6981717827277967
0.8383145945431395
0.7338302165532595
0.6813932403953308
0.7272512662207555
0.7150915716526657
0.7167324691192587
0.6972835447043116
1.0986709407603197
0.7035419938306975
0.7247166370280673
0.7008918223920331
0.6176102911467198
0.7025390946350463
0.7013898971461299
0.6514781237374325
0.742785799700642
0.8449150856740769
0.7166501244351713
0.6203734288390567
0.6446627023727259
0.8333413830541101
0.6266135203298324
0.6802709008932193
0.7153774726018733
0.6871909035717474
0.7300151551437108
0.6849469926576193
1.429745885250578
0.8078863267619916
0.7089544170955011
0.72559201825623
0.7223943211513251
0.7973002449772286
0.7303176016859476
0.8271674889852503
0.6946810411343327
0.8363364347591794
0.7348391872007728
0.7193928494150377
0.9536126295927386
0.7134607976631673
0.6163725088888579
0.7502537601018608
384/1024
0.567189722714053
0.26923374475666934
0.6634974207393759
0.9832087884125678
1.166620760697007
0.22740681400154095
0.7029100508874111
1.2828245928220694
0.5226098422247223
0.5903617877052244
1.0429541033753846
1.0461877101236574
1.3286926058008743
0.7665400802906986
0.8057376712208577
0.5378513541581968
1.1620476742289085
0.7426595237341778
1.242650095605041
0.6943724390582411
0.5402152971711305
0.738122884705493
0.04128130555072368
0.43144694554642116
0.8056135562185396
0.48440608862994805
0.27995043112036366
0.21621219015644877
0.4203900069911263
1.0186075008720215
0.9164879321937511
0.6945427899843172
0.15802435225219513
0.9889557016578319
1.35947729919521
1.3421674724028234
1.354060130995342
0.27979362461614044
1.1570926590378043
0.8049025299720867
0.82469134346951
1.0970582466676893
0.9609458523489693
1.1788830915770976
0.4050794149020357
0.5519126016726907
0.4226602417304771
0.4769575184987241
0.7031965769195461
0.9417805556111052
1.3484635075643592
0.6235312699699401
0.9492948548376023
1.205322063779341
0.9645536799858399
1.3248061558570738
0.8759559644629706
1.3249034776393076
0.8130160862583617
0.533950206809472
1.1267381012304765
0.2545458714541622
0.6046458569061877
0.9396128278809258
1.0253092092777796
1.1051005449679216
1.1093678210786542
0.2581244579587615
0.09458033323828208
0.4440556339876679
1.2076601307772519
1.177641266511425
0.941028298417206
1.295594040743215
1.4737143793282654
1.026216240176143
1.274673695245558
1.365574686849832
0.8162160637518814
1.1778008977686705
0.04526252027666955
1.1288481040061724
1.0869492685317956
0.6016651843864103
0.5081753584330158
0.35504581605388763
0.2870903745031093
0.8101428828160447
1.1734135340054297
1.1510006118429312
0.42375646878159223
0.5047264284443436
0.19976927462320185
0.6473314134932172
0.8770856313079199
0.30519647553092827
1.2121394416653186
0.6741852641905406
1.2510091410360071
0.07716390889792302
0.02426709188638776
0.8570015134976504
0.2870778170194125
0.1657908445102084
0.8173510068258074
1.1413844776827506
0.4309057203689486
0.45366609165050864
0.6797049722503774
0.8889872996714042
1.339158836763182
1.092903150008767
0.8446953252177714
1.0693135264861968
1.231037355243894
0.07971963844481544
0.3412415884255121
1.463056304158981
0.38534637337900135
0.4610719531090156
0.6449304565834737
1.387628025022762
1.1787148526759867
1.1303319445615507
0.6786103970567594
0.4406057850250707
0.37880240606155857
1.37535262982874
512/1024
0.8274922450268045
0.6496942130927185
0.6806726831554968
0.583143419075518
0.6176231962295238
0.6188849358375292
0.015611654574373524
0.6499318789818224
0.28977278374410625
0.6492867255221759
0.6725359377306844
0.684741579404367
0.6565946366393114
0.611628999427043
0.6782567549588592
0.7189370505753055
0.5026283462231735
0.9096918961008661
0.66047945824236
0.6929286137244779
0.6995209275010754
0.6715318541293797
0.9031488582468167
0.701747834168105
0.34820061013201614
0.5908524534078847
0.711500903010033
0.8695163291285255
0.6512186950608079
0.513488294377161
0.6864888700957237
0.2667950879057218
0.6255971243468001
0.6556567602443222
0.5532910708974899
0.7032945932802701
0.6843466647046266
0.5597405852183616
0.7082668067357129
0.6700780143679466
0.6566407034718603
0.6340266305174771
0.7100065295076772
0.7927645743394827
0.43360404524246904
0.6273904810603128
0.7000418057679936
0.801136097932291
0.8184383719409537
0.2162120074628694
0.4565142274159134
0.7045070865922425
0.5881916907010241
0.6777816390330245
0.4499572869368643
0.6329770307552223
0.3981866337114889
0.6014913270608043
0.6975347406515087
0.21426445006485922
0.5648029098399749
0.5556783706231097
0.5943106420569852
0.6790454218819001
0.6736235063708673
0.7117094758632644
0.45015263515898196
0.4033974553115763
0.6473675294637533
0.7109558650599471
0.7237582880358335
0.5077642059211588
0.6758221677920833
0.801289111957626
0.3359107984760591
0.675978601983706
0.6570986887938861
0.5504454771838412
0.7975202072437699
0.7749585749522392
0.7417169719175416
0.7177345819155831
0.6537354207377375
0.5572222659355026
0.5918328791710008
0.44210714315167005
0.47030362077097543
0.6551130677844617
0.6319650823330345
0.5387689617187132
0.6674786273333218
0.6028802389679763
0.7224432112353553
0.63381662719909
0.6972250587779699
0.6414096230237055
0.39951830815917
0.46601304157586526
0.6395214763224748
0.6615742698265419
0.6925553842992446
0.6886142400848889
0.7025104626282281
0.6954033237849788
0.9379887664248778
0.4850101775831781
0.6584149983468134
0.6768106981454525
0.4339558296610792
0.6820044133969962
0.3657316717272449
0.5639322358121499
0.3187031226708966
0.6566338684502413
0.6746541008171065
0.5137491923776905
0.7220693421780817
0.504469109019151
0.6840274095346563
0.7318751890990391
0.6657521270973906
0.391755560194938
0.906856837743273
0.679318656854335
0.5211870619757096
0.7866740471969315
0.45547956562391423
0.6176057353875364
640/1024
0.7496127968647461
0.7372905359593467
0.7086963368329168
0.9167575694827776
0.4988742917380513
0.8257993399327151
0.7714150197564899
0.563239056670273
0.6765278182838379
0.9608937386073162
0.6708842352572019
1.0679806023542637
1.2035975290425052
0.39404064554814777
0.8096316951158858
0.7480454003256607
0.6505583622959378
0.7071973334198589
1.100515077477231
0.8342139848507801
0.5229479931905047
0.9368062684999167
0.9877157281412889
0.7255578951100549
0.6347305705756985
0.9246510682877243
0.9298991280111253
0.43653777219499046
0.7870900947756492
0.808557258072619
0.881722621455517
0.7096542486987103
0.5000254288446426
1.0083942794185163
0.9152113538751068
0.7490629293302177
0.8914071524454102
0.9261624996259213
0.9696695023703598
0.7535690347437674
0.8693742620980759
0.9490391644490206
0.6170775061098259
0.39316290399783516
0.8785276894297452
0.930782439077741
0.5558698347912474
0.15211371113691124
0.7132948624032245
0.9791408635746366
1.1756073653756234
0.9039430827313973
0.5729014239117365
0.6189640668800798
0.5354925105044163
1.0649274027384217
0.9786392081860754
0.30682784153532494
0.900995124886923
0.7246417304082095
1.1419659812267313
0.7151079168410821
0.6678222794639155
0.9394713032226816
0.9739232433970345
1.1411789093260811
0.5429932301757306
0.5408274125574262
0.7339264294182066
0.23925365483428035
0.506885588909804
1.011102400844554
0.9504928863459716
0.2803538506887433
0.8760955460748381
0.5599885295441793
0.35260371759258524
0.5468967162213723
0.9426128706651854
0.6375817359568162
0.9606856127886795
0.4984763117714556
1.0851403528423844
0.9710183380715928
0.700181119754256
1.0622073167190953
1.1440761386105736
0.994572100541282
1.086047474475532
0.7177687260287451
0.7696676608327289
1.0450218131740217
0.9206168525288692
0.6953815022945734
0.6984471431591763
0.475506032658368
0.9492497779698633
0.8702152445747767
0.6444260850511965
1.0061616583288708
0.9633760725392051
0.7987514207636838
0.8177506449512439
0.9765900281157004
1.0091261944528378
0.5164028353414782
0.47669910145073446
0.9638387685957795
0.7006848989618176
0.8226690989667849
0.8807024045916367
0.9589854794513074
0.3541686581158665
0.9910791372607063
0.6187857623885575
0.8796990628821981
1.142968562477341
0.8723682503885104
0.9445682055610857
1.077766247371646
0.3161071500321658
0.5258484588661609
0.661710397439223
0.7788958520934771
0.9679974062090211
0.9150402261816479
0.4937146876412808
0.5214744063237143
768/1024
0.5398601791516708
0.8199438112598627
0.8868486414876035
0.5003051113157512
1.2827054269212836
1.2310929332022313
0.7667232985383834
0.9918477497613372
0.996290505310752
0.6936360928722863
0.9937589936774167
0.9289196153433882
0.0939614593875302
0.7873263662245906
0.5719366943617126
0.6037826579063894
0.9346031390584877
1.0985418080090592
0.7879099590181036
1.0891523411344266
0.856600353214656
0.474692492759689
0.6172098743187298
0.522615550162887
0.5455676264290186
0.8387810315888489
0.9915052254022938
1.0256171084646277
1.0584475920646965
0.9479541984875356
0.5290958572132355
0.865655254742589
0.9209176950877033
0.9134384092625422
0.44294322728087077
0.5641723623528861
0.6812093296114561
0.9234818861059179
0.713217163708085
0.9465172113374176
0.931626703999462
0.9879888480335841
0.7055681292428099
0.7006203955119001
0.8611308034928534
0.992314266312374
1.0474470980971065
0.3876227580846297
0.9907430259076955
0.5015126050067166
0.8933297173977386
0.608927047844234
1.0604833168816101
0.6220347627646692
0.6297597054015206
1.0261469022996854
0.8882018933860799
0.6618305305812641
0.8054998410338696
0.9227015396283886
0.7461006103059695
0.8806342163967439
1.1572015799274542
0.6680228370741773
0.4951162312533591
0.9310466990361012
0.6138252058863944
0.449740834380152
0.5729533768332896
0.7031500546122293
0.6232453477749079
1.134023247770335
0.7486178532137089
0.7884601432375341
0.6933277383200773
0.7789831262679925
0.8182025918638626
0.9245536215954613
0.5568002092547961
0.9611704306627444
0.39661623337590135
0.9969909364572673
0.8426353756692805
1.1251124991942607
0.9993388753768377
0.579014692561111
0.8617667562372572
0.7701976555566972
0.5503276871089803
0.6135971890097363
0.7347287281250305
0.25707120589948196
0.5856124617604449
0.905641462166726
0.8729413920333178
0.7369380366651324
0.7013914186254563
0.7367227858875485
0.7506003360109378
0.8243103569462398
0.7729661433496663
1.328997528944925
0.8570125800955155
0.9980039212925391
0.8379701086827607
0.9117954466118607
0.9643459833711447
0.5328322304273369
0.6666021759560848
1.2988147104776329
0.7646812880682621
0.7067013236490625
0.48443236892817526
0.6343519427249646
0.7877394914078437
0.8227403452543762
0.8755173660772788
0.8783272500591327
0.6146753555000269
0.9334009802995509
0.4970924478031241
0.7052368545738386
0.961141357925989
0.7542327645057165
0.867328455996801
0.6088889727441004
0.8424508806061244
0.5571476839532135
896/1024
0.79223340943691
0.7634066691698119
0.5874222121850601
0.44672600321673733
0.6691669730741248
0.6464652783025142
0.6527285742445783
0.9885380192986646
0.6282294370046093
0.92525105298867
0.7082626182394098
0.4608470306281014
0.5879547976826092
0.5546418276525343
0.8116746424698307
0.5955375020021176
0.7568844702599284
0.7520107816511303
0.7661088714126871
0.6983221819306515
0.577325394218014
0.5325519454936418
0.6707461796221702
0.4210222347062436
0.9125952292310887
0.67403159516114
0.6433671082057919
0.6465787303770152
0.7783779387233849
0.4416923806446981
0.6280123323284398
0.6518463520494592
0.621582816687986
0.651664485528161
0.17788949665346676
0.8951377049505878
0.6971525772253147
0.7126719422491535
0.652164210782908
0.8090931742781029
0.6535369245288402
0.45985419727997784
0.840554171233124
0.6838136896242776
0.6231591321504362
0.6408247764117251
0.7652183105875011
0.655471274112303
0.6710261205612069
0.7693184898774714
0.9768756574546686
0.6737964401560079
0.6678755034040113
0.6581073985436797
0.6418317248930323
0.7993541722603505
0.6845942955694239
0.5592599018532262
0.6268463838417506
0.6552510849598459
0.6444797139497476
0.72750791090145
0.6677051308671575
0.698445185961126
0.7550435259687991
0.6183968707454675
0.5312915163446621
0.6545556887010526
0.7195922392068296
0.877797528030011
0.29355842761969575
0.8126607350379605
0.3961128141789264
0.6455636557864142
0.6089912501736281
0.7274362372256886
0.6128611207035005
0.7269657482786966
0.793681453845445
0.680694279894041
0.8052630104734125
0.4136268793181685
0.4667823300166939
0.6351709684052104
0.7331548784489242
0.7293175950227831
0.6684495923488498
0.6474364884169084
0.8006866161834933
0.653953993976313
0.698971230645522
0.8470020384668422
0.846450751731173
0.717758482568698
0.6387122819518318
0.5816673586035552
0.7793804983413247
0.910045244477085
0.9355696920858061
0.6577573722167694
0.724802879894755
0.29238993991460827
0.6582257424196789
0.5254020913079327
0.5910930037244975
0.6588357275201004
0.6912239620229179
0.6133587277204862
0.5707391497376912
0.6400333700360534
0.7388814170199016
0.6694508115507695
0.7687570526943066
0.6735070079414633
0.6378900614970702
0.47473484695423024
0.650296327591751
0.9482590923339355
0.6371110654859351
0.7161397603407005
0.6825200145683415
0.4529718377650717
0.6708378716793462
0.549866168357904
0.6211321206939302
0.533165148256131
0.5280263151705105
0.6406830120544506
1024/1024
0.7792046336983767
102.178965 seconds (76.83 M allocations: 12.896 GiB, 2.65% gc time)
λₖ = 0.4
Warming up
128/512
256/512
384/512
512/512
Measuring
0.6126372855044402
0.7767967928691133
0.6168415653849091
0.7308766344333322
0.9554002861728129
0.6585512797582695
0.6634070110517232
0.6471128436642134
0.7870203070423045
0.5721042337178204
0.6289774218761777
0.6151885972770373
0.6186808000766848
0.6518643684994048
0.8399193562065841
0.6553969321602389
0.6440275059173993
0.7007227624684326
0.6729292765337191
0.6362905043645665
0.8805172475612746
0.6438738423604216
0.5265538190960309
0.6377723535114319
0.7082894463020301
0.7342956561319979
0.734699631330985
0.6428613930222341
0.6569738482181355
0.6219941550793512
0.7653957337110835
0.763950939368104
0.7915586590229231
0.7372350636236368
1.039716387000062
0.7188137505391831
0.7498991736169165
0.6025675364188303
0.7530388551311724
0.6200781342698017
0.6489884993336524
0.885329924417724
0.5869416161865506
0.658051918246495
0.7128875345714961
0.7190252779760575
0.6188423521001319
0.7385654424868224
0.605018025532843
0.5525616220172821
1.1275007788347304
0.6372825366282183
0.6189937410574009
0.6679616968941056
0.6737977401922007
0.7245933181851809
0.6287889099706617
0.7998697370843666
0.6996949538160017
0.9391885007993667
0.6057399275444946
0.6624035891859956
0.9363563477523328
0.6202517175421227
0.6213148679108788
0.669410131874649
1.0027308665698276
0.9498036290247465
0.5301891726252991
0.6625623013884339
0.7061337506050042
0.6486933108937022
0.7149779390977713
0.6403733237203042
0.6378753911048944
0.7132641133522215
0.7108391820454751
0.8647026636108516
0.6961563423727659
0.635818703170642
0.518999668314571
0.6267217175232775
0.6141535819513936
0.6197925841543173
1.2653676502940088
0.688016139196232
0.7090014905187738
0.8579354266738843
0.6513269189246848
0.7276095220492671
0.6283680918684711
0.9082392905905539
0.6313369168833539
0.6686349024256336
0.5675513557647602
0.8636775522563365
0.6171174567948281
0.6337767262640667
0.7624803910407392
0.7247393463474654
0.6561384033115846
0.6904416046043089
0.746058600372019
0.649747296769761
0.41136574924012764
0.649341148892164
0.8577206669784031
0.6493498758803953
0.6988023343058959
0.7839008846772929
0.6252673986627395
0.785029731790543
0.670675699244135
0.7408415663830978
0.6640313844487695
0.9305845386792148
0.6686983169455002
0.5988720042389569
0.6828774455556808
0.6775292648570516
0.5795676411509099
0.593195876581579
0.753167810443365
0.7550976439829873
0.6697974053919822
0.8615523546553829
0.8559377449729278
128/1024
0.7804951986445362
1.6522986641591781
1.756071356006955
0.4025581775636578
0.3418158718334714
0.6926413712982955
1.4447938304722943
0.5682595017104423
0.7788860388450242
1.5421593309668185
0.9298448745038304
0.75403720085696
0.693946145526393
0.608470671072568
0.38011210976078247
0.10310980857292201
0.7129142049615953
0.2553082454765576
0.25362570392372474
0.22770535846798923
1.1620411764887213
1.016185404091203
1.7102457569433291
0.8284764520067885
0.6041662749184263
0.49752038912734997
0.2585534227837609
1.1690076645098362
0.04210600469401382
0.6666838486951041
0.20615697764520785
0.16175446442509012
0.3747043817419878
0.838053402841656
1.038533741233979
0.16932454477730802
0.6764861577357444
1.153216281297445
0.48754472181034986
0.0963313508885813
0.554602118877308
1.3114788842464469
0.7267803889343019
1.2159951723536624
0.9693742195907191
0.06285820972613981
1.3915851090556806
0.4868574101398949
0.4592897055890173
1.62851780562934
0.6684955061195575
0.24829000043017357
0.5764647051464873
1.7530360755470982
0.598627427924428
0.4270965455045049
1.112841600923276
0.5879408863553164
0.5695822511203076
0.0442011270871413
0.24792363565118447
0.3422485886040333
0.32496164430426444
0.7748184504261413
1.3717542464455563
0.2603631878455512
0.8123422401637025
0.47406829073761936
0.9881927356772668
0.5465556560529521
0.25189255614369804
1.160644530566147
1.8270525673449232
0.35899115529044384
1.845384537823497
1.8263233132335026
0.2352274044541806
0.7063084270966364
0.13416180257647792
0.5288418014812343
0.7555591836270967
1.2138592128174985
0.3710446728449629
0.590831557461573
1.299209032314085
1.0165094023703034
2.161058035315096
1.1578428503335019
0.8686527951214091
0.3750868119406186
0.7182888843399033
1.0579818355309958
1.5149856694788617
0.3040841391110703
0.880884994426122
0.6508298126218112
0.9918429036404162
0.841734636509864
0.674305641851538
0.9015620898918877
0.46530346903716957
0.1524439040284122
0.02258003134150177
0.3894967041181573
0.6091861095921889
0.5215113669180567
0.11875789176772833
0.13555355083208315
0.3053252999105023
1.031145837671285
0.10300053629357264
0.03960248832062746
0.8707419252022466
1.017027629147587
1.1211971432409984
0.3251405063422345
1.0510134318061004
0.35202862621040865
0.7049453625464808
0.670194424146476
0.8558188678914858
0.1948100266236099
0.7632816300237855
0.3155595138092817
0.030597595850686554
0.28460465203024743
1.711005732321912
1.3295477296295766
256/1024
0.7773918445264536
0.7069167123634098
0.6982168262521444
0.5704757997740852
0.8694118020870936
0.5910165520948356
0.5769117187465522
0.5622739248395598
0.7702364917480363
0.5938656971003815
0.6000246544364515
0.8350306842714169
0.7985444746295328
0.8068233040595092
0.7202253960159058
0.652570760395405
0.6831582702432014
0.6576741263917608
0.5836287455230817
0.5987611321459874
1.1481060680648834
0.67930827819942
0.6471748619792711
0.5654750493573513
0.740605038188934
0.9434143969331573
0.859879798697326
0.8902769656318609
0.5903518897493869
0.7919381666525886
0.6457817282496485
0.6819576382441679
0.3359717678685872
0.6712967457703127
0.6123904455035298
0.7188063371212727
0.7275827942107027
0.8545342570203781
0.7145210685255077
0.689221237285309
0.6417177973473454
0.857681938698837
0.8564390579000416
0.9644484265132318
0.35046204630034994
0.5475735816583926
0.5380124441905674
0.8005412772308478
0.7257396070054034
0.8412953983722287
0.6562978773377792
0.8627031047706117
0.4142753434098957
0.709166605159834
0.6225372078367828
0.6111093071581379
0.6350654691889748
0.7605827605020438
1.3665574688357371
0.7057952259287427
0.5870781038156232
0.7868310789463842
0.7471129570429693
0.4816220776545614
0.7438314028267876
0.7430506421541312
0.47299572947184
0.9869427744614261
0.6094796420973398
0.9453610163030286
0.6316599131615825
0.6322979096006941
0.8134879874541838
0.6157109326113277
0.6184110308938824
0.6465410852842473
0.875826035084081
0.8999415160255179
0.7453231640992419
0.5830094057812204
0.6062359541345376
1.2719440217109488
0.6176924930747995
0.8748693733461612
0.7485874931781918
0.5834116121283487
0.7373348131445934
0.6413978295260692
0.8712216719280972
0.6940963603313006
0.9709200162291183
0.6430689353091253
0.5226907330007533
0.8799811079218867
0.7187394892708339
0.7250389370976618
0.6082160865446679
0.7637250574792267
0.6720113420468521
0.4271909609737543
0.6016813562989958
0.6555055883983036
0.6163365738885584
0.6719427893307257
0.7169921816203151
0.6036230376087837
0.6772121085574154
0.5969741158535302
0.7115866571851603
0.3597304602505017
0.5572187997432234
0.5099729302832391
0.6262021285446636
0.6801507588479787
0.660857697580129
0.611734813808023
0.6733112624835169
0.7787759774483737
0.4708861853714842
0.675494147855678
0.6544825540646244
0.6235255845332581
0.6498433336829766
0.4781230262395695
0.5884686621880196
0.6150312394952875
0.5651774030060384
0.6446271257639469
384/1024
0.8653878243190795
0.4526532491286016
0.8082122902951482
1.2140162152344716
0.7097889473746666
1.0708223542369062
0.8723992264037055
0.11883001755228201
1.9424197199518916
0.4747138995011492
0.9529007298566221
0.07253168601890489
0.8958476913413947
0.18049612779802854
0.6470115371460936
0.19194287815380295
0.89282471337634
0.35589338642106844
-0.029608952888712237
0.6849564212393469
0.87017218467046
0.5563609005268974
1.2704263829611522
0.1548860048194161
0.8718120138911779
1.2986989307117875
0.7684985199234624
1.1264148330067758
1.8374350181329975
1.701711663010282
0.9346164798846155
1.0507531477556689
0.9961369741063053
0.18825763790015487
0.5477710066021366
0.42461686170155144
0.3974827801154988
0.7698296202497108
0.7148112285064955
0.7711488306659701
1.2401769939971492
0.21010427364793816
1.1903822304872704
0.3659495101638044
0.7921895920004655
1.024003399356561
0.18714098141498117
0.9686309543317779
0.5800580247646071
1.1888862866264027
0.7726890748181845
0.33971644096238834
0.9003159567679672
0.4022448830581494
-0.06709722734186324
1.3715659535558669
-0.010134283542427625
0.9963310452696366
0.2653833073492803
0.000697631958341216
0.8982044984140489
1.0428129479440047
1.1612189660702512
1.0447099754662772
0.7302023426807669
1.1253503525580233
0.6122992189804093
0.533545527108699
0.038480446389849515
2.5509998562966603
0.10016909542403304
0.6169912158361851
0.9336587859698722
0.3910982070438241
2.0109348286671214
1.1798842902301316
0.08420249174443684
1.1305298660076377
2.373678718032338
1.2595004078181558
1.5656380029449661
0.8456913891065783
-0.1672159924172244
1.3712019593602307
1.1365962686424744
0.676650076710082
0.8916681035901615
0.46604035528804943
1.7309304391022073
1.0512914832085887
1.627513320292664
0.945258013512416
0.43927093405475465
1.5082222182887783
0.9327758604894436
1.000604107908953
0.3465592577622877
0.539138881025919
0.4020796658539848
0.05040296895842955
0.23849652479616273
1.1108939133910618
0.77610218447017
0.022528020862345954
1.103618906545387
0.13761725666650443
0.4880555801099062
2.459953939950148
1.0197705005155462
0.2922801423764574
0.1261092949177631
0.6572401646960885
0.7128547871732493
0.14138128936385302
1.4163001218814946
0.2874981746843645
1.0742586644842163
0.2449574114761717
0.08369505718694042
0.002573332296955333
0.8438348502478896
1.2179797934147718
0.6888659981861106
0.6332426955666083
1.352075515417057
0.14312424457615874
0.836119027843125
0.21207915444785908
512/1024
1.4206871521761348
0.2409990199705745
0.651044549563508
0.5456256976036171
1.3317973553749936
1.012268430949097
0.5938423006671497
1.2504252470976782
0.6894554406387557
0.7182950506593406
0.34660655640571286
0.9912099116794876
0.6545741575613564
0.4755701965341781
0.9184672284407853
1.0346863928459444
1.040810101462277
1.8275504026847809
0.3235517953141243
0.40017966464091503
0.5113111884974929
0.8399733264972566
0.5909938734896407
0.8105651481089526
0.2720630555809161
0.4119247053583137
0.2502610671999259
0.3514285495176502
0.5246088446313021
0.7168838041031498
0.9799896644216457
0.34071623198409895
0.5126057621787679
1.454265380217406
0.7558987345396658
1.2326907050709963
0.5499588864303793
0.41003604662799675
0.2969837558633921
0.9670501082199199
0.7753435576295544
0.4859316162434668
0.272650750548924
0.8956386834828702
0.34805474096703937
0.2608333587963515
0.709961864396136
0.5124335044253387
1.6542256410615248
1.10062449558869
0.8264170936779636
1.089264645447184
0.3007043693169246
0.44251723579278945
0.46471212671382306
0.44885009843738505
0.4779415370518042
0.2785768893998198
0.7156452322773763
0.8468575948097694
0.3016538177933409
0.3650090450160372
0.6252454972920222
0.7656818499556783
0.4436592139154337
0.2944795431922947
1.0586097412495172
1.3700107821576335
0.9639883700937099
0.2663708035028325
1.0323204213375778
0.32564443369074475
1.3907132769479689
0.60491173515048
1.038740104883632
1.1701946994966417
0.5043779377836132
1.040156340079953
0.9219672310418637
0.8949587682680769
0.26426811797962185
0.5676530399612284
0.2724001312384067
0.32749825973703717
0.26855664680967184
0.30876421689458444
1.5095827790716458
0.3771944490577759
0.5010485888936292
1.1394182478568649
0.8673636361262687
1.118185787568623
0.5834292946186775
0.2442144712282348
0.47047770185892224
0.563758529780799
0.7131109808082371
0.29503479315602155
1.5642154092677132
0.4526754229766333
0.586299784315291
0.5005914752417013
0.5424189044563159
0.6214222462150056
0.667421122713394
0.6560293369542418
0.5197954275980575
0.833481197174436
1.0349441956365362
0.4301983508262099
0.2490679785924554
0.5195655936802566
0.6806619307997939
0.35909754722507387
0.9275291598907609
0.7229621564896572
0.5164032232489462
0.5265041027105061
0.5197825669561262
0.4502277450883486
0.36913883733953656
1.512241264926141
1.2632284470154866
0.8632437037024311
0.35386605495227885
0.5231640505541298
1.0800006356751668
1.0503218327656132
640/1024
1.2279708665930056
0.4962485802779645
0.4160293662327997
1.2020686967382013
1.581387371031749
1.5172346871006435
0.8502608439645669
0.3811981941118594
1.5700401605797338
0.3228123062738103
0.9707073955192648
1.3309608774407828
1.621889436674345
0.7268025972707596
1.0165189875024887
0.43912884544422087
1.0803967912822623
1.0036518676562929
0.341008381260829
0.8353351672199182
0.3747857247711571
1.1212357396763721
0.8141800081184324
0.885509179930416
1.4885906793706107
0.7366698600093361
0.3792036043671239
1.0073393985774912
1.240303696183725
0.8161216211993284
1.10179412752517
0.3228756251448581
1.0562643839610852
1.180246433734733
1.106693988157758
0.7749400249831784
1.5450123965369447
1.3758462800055355
1.5051995453623086
0.22895165465670184
1.4087234409545655
1.5598370935706007
1.2069143736070433
0.4795889321317121
1.2060372092432334
0.4571388249604519
0.6083350863837571
1.3137665248160644
1.4995162641316333
0.5099886529702944
0.6895821833550426
0.51268043956573
0.8260399303610304
1.5518420469074001
1.2846801429874206
0.3568906199391576
0.3599275126862576
1.4913307988201427
0.6913003680844517
1.4623079736028688
1.2574474295825566
0.8621805572319392
0.8569062916793078
1.597181373375831
0.52102598529878
0.41512832261181903
1.4360702986151668
1.5046302159018865
0.6859660442610863
0.5699143794133376
1.1452044601292783
0.2880188812461787
1.1338811231552721
1.5496298233258665
1.2129386056269367
1.3695686957318822
0.7668272566466525
1.263070740994372
0.9659263023000653
1.4906679259676783
0.5222073913445098
0.3814886906693489
1.248656537926985
0.4946152297217715
1.0279895222732252
1.7431734522954332
1.3321514524753688
1.2424967860913232
0.9960492407342523
0.6965020933825627
0.3174475676439108
0.9313727718474981
1.3632926460043746
1.4050725871778607
0.4361837923922138
1.144278938777647
1.2523940904792925
0.7145614231173323
1.1938243515860532
0.8280927033684489
0.7911587131263956
0.4343754408674743
1.3918498257095098
0.2791347900091986
0.4065537806947833
0.9160714867614466
1.3623489544410767
1.2338952420146638
0.4434921787124073
0.9304301300801058
0.4951377533826611
0.47095264305121415
1.2880282418692657
1.2590919979358144
1.402544966692278
1.0082757299841376
1.5308306925637978
0.9343809800075549
0.8794519205710197
0.7211468644074432
1.3032649921949742
1.32117787425576
0.9084870833254406
0.7716597304642199
1.4979164747568767
1.4523666772224701
0.8119054512431748
0.8103215230310841
768/1024
0.9858087011030099
0.5550801662812963
0.5969844361032326
0.6892157511799981
0.6237204064537657
0.6203430411963822
0.6504212478320683
0.708396237446
1.112283528703552
0.8666457890594222
0.6398075116218576
0.6546407484373826
0.5789521783380529
0.9345033478189989
0.5854229985907837
0.6608342550867415
0.8142154865614826
0.5714963449350783
0.6588052847810002
0.5916320363946499
0.6833802803723739
0.6699696879211428
0.9610057720280141
0.6515149935803217
0.5949673241399194
0.6963714023410139
0.613372235528007
0.8983961239306031
0.6362999622852545
0.6360164068125411
0.6229245975606014
0.6323416834186979
0.877595503697434
0.850836577506161
0.6221056973724016
0.8787067355035584
0.7289111895339433
0.5710074661221075
0.646546011546556
0.7641567727543535
0.5970671017235383
0.692569236045511
0.5730457599028932
1.193700664689208
0.594143324730725
0.5600949751703863
0.6563188742870679
0.8841111778292818
0.6890608629434131
0.6212342999700239
0.8465159663512047
0.5599784955635674
0.6743417011340747
0.8230937064950976
0.6507149454688628
0.7598308208617458
0.8431683726498025
0.7063296398298324
0.99649394568529
0.9462579966022112
0.6656387468421331
0.5758056922680989
0.1676743881861451
0.5932983019123297
0.7817043692214386
0.7156243155992208
0.6541719289928783
0.6458442163078613
0.5846284086833793
0.6335675422469713
0.7840029345430284
0.5805871548438151
0.5876263179196214
0.7985115797035054
0.973432875207349
0.5883646113323792
0.8965144524806776
0.6280475140931681
0.6478108208738026
0.6864873641306253
0.7468183699514241
0.6500589297702198
0.7459535326286164
1.0557741058145418
0.6636457655338912
0.41972851722329185
0.9812810606241205
0.5723579539681544
0.5677467894707473
0.5680257625058971
0.5673859044652939
0.5723501382095483
0.6163837098540628
0.5573182747288442
0.5716282731851153
1.0841847957324509
0.8913175812514279
0.7133197188202349
0.7730236119321515
0.6764598051947822
0.578799030333603
0.9115027407839649
0.613189500693736
0.6317278177586287
0.6170512411148892
0.9520511548702075
0.7259668845249352
0.6208982268607
0.5763637037983267
0.6990739779313278
0.6571328634063514
0.9904007784361741
0.595916323653745
0.728272337937408
0.7834704096404583
0.6123129718095315
0.6031896019012322
0.8372586014917787
0.8227730422596723
0.5765643060928407
0.6540867280660206
0.5694554883283524
0.7084640872216201
0.5897139647628715
0.8103163175631735
0.8024247359869567
0.6956726656876159
0.6385851778999052
896/1024
0.4487814037965727
0.6072574581896196
0.47638251517573593
0.7081094919505576
0.5232157023201699
0.6320570021608851
0.585755633968361
-0.4186218163100416
0.7838474901257325
0.25884311999363957
-0.18012263786288102
0.1097434411943445
0.6614034825971241
0.7519926811254615
0.12004592628359356
1.0970255811340852
-0.3586139112463961
-0.28351872421374946
0.3194378570679556
-0.0832562133467204
0.9884057804352173
0.08554208549019154
0.60178616710409
0.7754310379204081
-0.6919254750384248
0.7165828739674078
-0.4529354650743228
0.9596074157018615
-0.3508392157680612
0.6524005327108974
0.7821298260933027
-0.3753396435160278
0.4586448097477785
0.969537885682175
0.18151962902511254
0.4115450360366351
0.36922492235973836
-0.06958265039012132
-0.2695278238799016
0.3819318350233581
0.7609617217938234
-0.19974501665744854
1.2435088782160142
0.6642265288987323
0.8029569982594502
0.4297624472018601
0.31706842925399725
0.6019265988364034
-0.41083618678706507
0.07287911345790721
1.2023570523812046
-0.15032296456457495
0.027741832944118472
1.224809170482486
0.903876705655467
0.6136391659248451
0.5033669517128253
0.9320425006586934
0.7005207900510335
0.6308818658630068
0.6611645157087174
0.5696836314151681
0.6472435021380578
0.3553030724440006
0.4155740266855918
0.18731857839365332
-0.05073728439261094
0.5248598197602661
-0.1833253930381359
-0.29675355253114544
0.8979087436769916
0.6851717251122295
1.2055276929166927
0.5041823044398241
0.08889791182802714
-0.14968035914994052
0.7315864431156598
1.1991808871183816
0.03722386620322565
0.6347721573387494
0.646336971077518
0.9252415837196829
0.2861013727189891
0.10314268594752624
0.24221487948230758
1.1754685425788534
0.6076837297050655
1.0462623224215766
0.5974433566432231
0.29413438990082125
1.1588544607419369
0.4327636493802351
0.19881255651089957
0.4269930406011955
0.28947931855869286
0.484304307889478
-0.4475775097147918
0.5172852831877551
0.35326816419276164
1.0615025195775438
1.1122031729146142
0.9093609951351292
-0.24029970777679033
1.0543840486095748
1.2508358389519947
0.4282621757608629
1.284134888888511
1.1507675809377902
0.10790823037824866
0.45764877886505073
1.0766349307522165
0.7728082393352887
1.132962046395133
0.460309156950433
0.44576247532037516
0.5143678675287844
0.711238325815575
0.25203931810713154
0.8891898172934679
0.12361975029922206
1.0354938292258216
1.1318476668711244
0.2046006186550166
1.2345621023551874
0.42428333875523405
0.63142640379252
0.9278477766574615
0.4639806874364545
1024/1024
0.5047728235803282
106.888768 seconds (76.83 M allocations: 12.896 GiB, 2.48% gc time)
λₖ = 0.6
Warming up
128/512
256/512
384/512
512/512
Measuring
0.805326154715502
1.1769875314187852
1.3234928820991072
0.78404630946105
0.9311321108631428
0.5142034708546993
0.6610703258574486
0.7666744479031034
0.9751057208941633
0.006098252703527596
0.9327517841520472
0.5889351274080621
1.0875712849541368
0.9135496189326647
0.46779821572031766
0.44748154045270777
0.4995489350143216
0.542066885951892
1.0597549721427288
0.319314301595131
1.5685484977902222
1.148887263806909
0.7200105377092584
0.38403290711713156
0.8699584472957136
1.2988462827435496
0.24828021700466976
1.226186507471598
0.029446533747467807
1.4788465327702867
1.4243965474191977
1.3117718669793508
0.15372774292119165
0.5180750028558476
1.3821105861585097
1.4259040036674628
0.48311427682083075
0.5455751912443665
0.6115420212793352
0.6204006694786957
0.4289647011562512
1.339300354719643
0.6628625600458655
0.37209943131109136
0.3824818001392527
1.2845620135309732
0.302787564445478
0.6156897100216973
-0.19390254261913864
0.9714723911650991
0.08067537894998439
0.25660938575692016
1.6456752206610017
0.7058102132975876
0.4622347952627385
1.0736505432412373
1.226280685175563
0.9148169361350027
0.33624297072457004
0.15886026189559405
0.7578733675416542
0.8268414654615517
1.0393677093205524
0.316318018491656
0.5957955107621393
0.3207953831679561
0.6240386758821268
0.42587684181358143
1.6010817543073692
0.18606415093523448
0.29307422159900476
0.4656585866856444
0.3413208285785857
0.4618219474369314
1.177791302989376
1.0802722356578485
0.40056179566009703
0.17032849647296366
0.5169184163926185
0.6007242070756406
0.41524058354523
0.34489565504924613
0.32121803018344447
1.7103178416913034
1.3709393080011847
0.3248560497782329
0.44260271747451807
1.8150906153677409
0.7688967361641607
1.0689044977003619
0.8636986183618015
0.13262634948927804
1.0106535761220456
0.19601043301799626
0.29440029027465586
1.4211145757856516
0.2813548960705572
0.5178447113467185
1.0868261398014816
1.250178578292934
0.6087422080562488
0.9818114477988152
1.2459038146241896
0.08242410806140194
0.6069238684986539
0.5839141585832557
0.23402897059537722
1.463846123556409
0.19697554694649527
0.2964557485953551
0.7830524293253084
0.6464110390231426
0.5327933521537993
1.230881539829559
1.631050373650936
1.4603759995603398
0.2343902022512105
0.5717505160500658
0.25294434754500006
1.6329858209977193
0.25178771650910725
0.121989046652072
0.09549753736487199
0.5561658451880312
0.9802090076518439
1.4801529629796633
0.9910970216823787
128/1024
1.7526831274205839
0.2844248892041878
0.2716414676735554
1.08109582017011
0.20915221410259532
0.5307959001873281
0.17261245761495325
0.5499002395596949
0.49594022488367084
0.17021966205287864
0.19152667377712712
0.7690996627753898
0.24487641144215755
0.21802181785364239
0.43868591465994133
1.5183396630381591
0.9532452152559233
0.7238619554603356
0.2553945218365637
0.1785320669254595
0.49242390257187635
0.9601724865926375
0.264414858839799
0.2741481720391147
0.5013082292274617
1.131010954513853
0.8547514723023977
0.6655728071552474
1.0406309520437178
0.36409571248197886
0.7867765011354977
0.1302643390935483
0.5357207324132999
0.10593647025278272
0.5214113444752135
0.44413644407109404
0.9305366551358388
0.17368370613292555
0.20698234085672657
0.2229807225375871
0.12087121718201338
0.42691171682004697
0.2672743109955551
0.4114812563580293
0.773387929258861
0.8521387207164778
0.6542113612745724
0.4684919000369797
0.33647483549932755
0.7799114935413679
0.5145216339219731
0.6044312775318029
0.612397981029344
0.7394732774593424
1.5650339386665886
0.7681310868809159
0.6003724886287858
1.4785252180291293
0.7939306236431743
1.0100189305743277
0.627679432326456
0.5373546860836218
0.6310327637380648
0.5364136200287495
0.4471159892671053
0.3265144591639561
0.4706720480338985
0.2604291986384747
0.7969720293431171
0.1583369727696736
0.5425713695815995
0.2723262254447555
0.2749357706640203
0.5303434732572592
0.2097878794137903
1.0658387639107982
0.8337705356776863
0.2514487111731313
1.2163286357022853
0.23683785706467889
0.4628963989596363
0.3197025780412112
1.3525758286042948
1.0298147234390382
0.10231379919302175
0.8222457341795456
0.430869639413144
0.8589269721290793
0.3816669320733099
0.18473326526431366
1.118425553161755
0.2963721903870637
0.6750052537059683
0.3994779512879974
0.6994422509257636
0.3481190855134534
0.2924106148464519
1.167814028745621
0.5407617557386033
0.29495340306397816
0.6967883418740812
0.7055625144753259
0.1676613404397547
0.8978678348253692
0.8737618537689027
0.4154337614914049
0.5525791565683771
0.10877120527385231
0.3141053643652647
1.1335536742623058
0.2364540505787862
0.2974010824183841
0.2581166838250648
0.5396718738920443
0.7423512603134585
0.13658509709770694
1.8323165484986956
0.5158553210160518
0.1281094829911702
0.21573407503055225
0.20711747448378803
0.15150776019729764
1.1477248536436053
0.19923840784324798
1.178458113391337
0.6423416584164419
1.590983669855587
0.18555422146120829
256/1024
0.4306919779727412
0.7800610807563568
0.8979689970818489
-0.1065870471175906
0.4979754298578433
0.48300590462514736
0.48543662139580934
0.4856891646772805
0.5244067233332945
0.9823687130698724
0.45403271743460905
1.0047142515537555
0.774622304521852
0.4453199067059753
0.8302491997290877
0.7226967137557333
0.4744639700108298
0.4843077674616738
0.839131252452052
0.5065675417885411
0.4612082774303612
0.6474580710733175
0.827637280593313
0.600514604806426
0.47472346163987467
0.42605895285707557
0.6282403496685384
0.4311351214420693
0.6323959934011643
0.8875742615043634
0.8760675228278748
0.5779193069722581
0.41907594003559967
0.19844798248333223
1.126277752734423
0.5005671298329817
0.49288372914394807
0.5940580516883857
0.4509354096406954
0.48352055292924356
0.704742798652491
0.44587043981642943
1.5322237035563644
0.5924714417531629
0.45012697260821044
0.5894491588930687
0.662230532790401
0.743822326293531
0.6455708011397907
0.6087555557179466
0.6552993566276658
0.7467385449750166
0.5368999000041088
0.4543288506921475
0.6301026183748997
0.6033099615321564
0.7976840932339826
0.924267441305022
0.418109679510837
0.6134532475526179
0.44576334345048674
0.836508008617483
0.6471425977016483
0.46800463819545013
0.9515663737200085
0.6401484059503735
0.48290006484953907
0.7026515561466748
0.6252431247509627
0.6795569468745867
0.6465219690011967
0.6349667620149968
0.6772365779135656
0.5004926028462121
0.7118282702301781
0.41722762566976856
0.7929735431560135
1.3188246364799214
0.5890939265986972
0.4572206738054505
0.6740695345804272
1.1804728263103057
0.5311112613391626
0.6239790513738392
0.577352338573734
0.7716906003208637
0.6158353178614262
0.5056128877892557
0.6886553025311195
0.7632250240697607
0.6655475352284521
0.6053140806985404
0.7307484822222392
0.4718792073055229
0.8047967760934714
0.5080899946534086
0.46588995539147177
0.4452933436682344
0.5117039367090335
0.4955789151803329
0.5587179458721212
0.46675429189198175
0.4400322250593897
0.36678367185798644
0.7773251513684243
0.4980207796420526
0.9436606740034652
0.6626221945838646
0.5572484449271193
0.6377277990387119
0.8381153403945635
0.6140177718986458
0.5221267218395326
0.5096063506148081
0.40031175085591253
0.4300297948422005
0.4679595956807023
0.7376294074491897
0.4604774008872174
0.39884895332545345
0.5491402062226965
0.5181346500654888
0.5207017138073686
0.5216769866534742
0.6233378501694542
1.0059842398281598
0.4331833114527569
0.7368997749941344
384/1024
0.431709365855548
0.6167338396691188
0.2919807951883312
0.6698177612384479
0.8875397741479558
0.7392722246229964
0.42392175202880233
0.7727516874995679
0.35522432095635964
0.3160143976461127
0.5413433846249166
1.1055999098228675
0.1482159608863809
0.2565617145305907
0.20583468533363253
0.26020036333184116
0.35064880986310076
0.2867862451787608
0.5974841720985361
0.2515436366769396
0.15269876472767124
0.718185923262749
0.25797342147161795
1.4399751279055495
0.37762805105585107
0.6972637614820905
0.2126535922958548
1.0319328429909833
0.3281408761982797
0.2253201072792007
0.1503856359025032
1.9664521198184064
0.48941834969476283
1.6456347553597541
1.1021866254725787
1.877978420301213
1.2789790748857048
0.7676084457884915
0.8281744287665884
0.42950987890954984
0.5756835842569588
0.36871575356777686
0.22218201677323937
0.7466296705399951
1.0416917672838792
1.38755953864739
0.6343387521853207
0.6980458976850922
0.6666839921316742
0.4462794180776125
1.1746140462863397
1.5525094073003003
0.804569033186189
1.090479668817811
0.14062977573390245
0.4608413919448178
1.1775434323325091
0.9197104224462804
0.5355077337092422
0.2596572452042536
0.30923918528222605
0.8690453136516203
0.3624260998442964
0.9890017399310542
1.8508344594053288
0.1840995596831716
1.274985799445148
0.4310560571414301
0.7106416558554616
0.5012020435148326
0.36431205118309795
0.31372727954504587
0.3310131253454558
0.45158722956737263
0.7358018348022923
0.9817618760988047
0.24080883256954072
0.7287746334132597
1.1520874981393856
0.5223704866751038
0.31100394494135036
0.3129147452754554
0.6167338315527152
0.8371533387685398
0.24405710159891647
0.29852641732850027
0.21212868186844225
0.7373672830851816
0.8335584474854723
1.155819739711963
0.2920903908467991
0.5550518394530027
0.6235484262557087
1.0278268011098652
0.7450930561415454
0.48384185892125586
0.6052500151491421
0.9143244490875329
0.21691063286474513
0.9916865620679467
0.9357089917690935
0.16574474220052154
1.8993964521810294
1.5164279506311091
1.4873831142331775
0.20693594601129583
0.18021409296781393
0.3306396048873479
1.234713322035181
0.7808072890929041
0.6324934082546873
0.24043016430226136
1.1818097216560077
1.6558744305696291
0.761889371852871
0.7229069529601964
0.39862852941479815
0.2470368828721104
1.6417953568360837
2.0217107490994763
0.4236764323922557
1.5338223957792247
1.5340389312710307
0.39504618105754497
0.38266270035569205
0.3966480438211039
0.22509987879181073
0.538568928555083
512/1024
0.4761234094508866
0.4651576058239698
1.001423700050702
0.9150078247293268
0.7209684537857216
0.6501182599059427
0.48008369725612987
0.7464374572651146
1.0107774770143676
0.5956550441793744
0.5947197672902782
-0.1957669765135105
0.8685776437117992
0.8778318228443512
0.23342872450985525
0.4759767079699595
0.5311347718198313
0.5777765325393819
1.1632665159118416
0.4220337315406511
0.46356508154054776
0.5739245487111451
0.8175495837986987
0.4943234420573169
0.6344791614842663
0.7757851684180455
0.8142239368337181
0.7230869032560449
0.7658944506931404
0.5581522694250632
0.5875457485787254
0.9563953439086537
0.7795956375600888
0.4633694690725777
0.4735863954224526
0.6878186460246526
0.4580435537408315
0.637477101805346
0.830432224352069
0.5023582893916041
0.5068158186724481
0.262602738063775
0.48347106821543034
0.6551113129361481
0.6764723803019823
0.5336668849529046
0.462148495723335
0.5998611253699504
0.6188585307299694
0.8359767056282414
0.6847528424678253
0.5072448900952475
0.7448694402129173
0.6559435033568497
0.5253285148656137
0.6321032419785441
0.7434516584883877
0.7120615101711906
0.7087949392616595
0.4885552548880917
0.5977378349033997
0.47282187347298277
0.48654116957347626
1.1525895305743274
0.4528206472553266
0.42421539876696146
0.5609535465237194
0.34875867063802307
0.4595765647697129
0.5747661624241978
0.8162672493371916
1.063157215243007
0.6693122647569794
0.5748444378053134
0.49743791460357345
0.46403056975095175
0.5039972351879957
0.495026105555481
0.42575930579857374
0.5824194993576937
0.6959162658274749
0.46820581412484485
0.4857453891808742
0.4768410944370719
0.5043568876218917
0.4770072707139411
0.6580940473335646
0.5015565433993442
0.3713977025121703
0.7578456688531252
0.5193323189839071
0.4954070749366748
0.3606706150987613
0.9607929860159572
0.7343763327398675
0.8462267370470852
0.8996275847671173
0.48667301749007563
0.9756478252706748
0.6354067502038377
0.7903165576129233
0.5855292096976867
0.5386935619772172
0.4559555347572921
0.5559940303289888
0.41761637959823084
0.7462578276884129
0.5310978383341171
0.5627182104252498
0.5644773417346345
0.4884116660416685
0.6993673254434438
0.637233734786532
0.8811532633373178
0.6622528886185234
0.6006113108523912
0.5774707760540232
0.8268247659635833
0.809617379931458
0.4746780084891173
0.46721291960111505
0.8030647673954213
0.5057096158714677
0.7515399214424228
1.0721205711679227
0.6112889869964767
0.5053276640246824
0.6151008479707308
640/1024
0.35785938612109197
0.37355943933716046
0.5571951416541503
0.5948108825369668
0.5448523661457264
0.5903844085790962
0.31493398369517195
0.5820963581600349
0.5598601784262733
0.5149343015176162
-0.4862879278358445
0.5608737707909688
-0.13884326909007738
0.6405660651937812
0.22228077896710813
0.5326033796997194
0.3840526621055915
0.4381783422944116
0.6065169259349334
0.6675023715405648
0.6199825661274379
0.48943660362725955
0.7207675795897878
0.37483720999207226
0.8258436609553466
0.3804422182822892
0.3085372743913268
0.5676673438399942
0.2132436609777804
0.6034391264786307
0.8888343191502253
0.5483086549898741
0.2335542703300017
0.5046839683117356
0.46474564250863704
0.2006412332375937
0.6307727602519312
0.3631788978160799
0.3447183891252532
0.5425801897552971
0.47731293072268466
0.11483978873798917
-0.1945206349969386
0.6184149297094117
0.34472531255899025
0.5704562983664765
0.19349667390143244
0.6170287834281455
0.8738262446724205
0.6840582103028654
0.5936063671967041
0.3188490291659646
-0.11526597007453765
0.1518838766011658
0.5363730443223486
0.37199036422839427
-0.29715236745580265
0.30530294714605133
0.6755990912694739
0.6390406397379166
0.38710859196843195
-0.38692299294786303
0.6438073403588214
-0.1453122216326499
0.6672916779216735
0.5436769895039285
0.6426172110513481
0.76780276757434
0.5291324594844895
0.6750271609391214
0.40936058680404175
0.6182300749283733
-0.1802722651166213
0.4390781337316419
0.5527626371637409
0.6705845941928751
-0.6383497705890064
0.5074947033346697
0.7473849464186456
0.7210568333385627
0.4757874921364078
0.6363673141755516
0.6857125937024455
0.060930518786602494
0.5594251024451651
0.5661621848445699
0.5246680089595259
0.6473736287374788
0.4568976799434886
0.45686913975329024
0.5139982692262591
0.5744261182467668
0.4582529603220222
0.749800258705518
0.10272946962207896
0.6017938001749471
0.5963885708653096
0.6074565375014559
0.48234306564200435
0.389816713322717
0.22532942691299918
0.4557823579980941
0.15096730253698104
0.4723246123941917
0.3483081428840892
0.09033884256095337
0.4081461767331731
0.5958999934322761
0.5854908700379595
0.5818099668207787
0.6180017512179672
0.5995335744977397
0.635076795718039
0.623220053294057
0.5056460395818672
0.45539879251898174
0.612560577107024
0.6311695309717241
0.6288601242761814
0.4753985752731099
0.6430746399565689
0.6496423416425268
0.4816877547280711
0.2143943360199268
0.09033106120539147
0.6600000716439478
0.6302111120676244
0.7309208975946452
768/1024
-0.022060052418640952
0.09176554708073109
0.8337208205951853
0.8447464486971661
0.7703161966164503
0.6450384879123152
0.7484069426624524
1.0680375015999048
0.22260752659868532
0.9568162374740613
0.8294610432954224
0.23484178014102702
0.6530486836953415
0.8993310625084945
0.4234141431843548
0.26942358231892977
0.7364242857660404
0.5846750919617473
0.1720928494336202
-0.10061843103547563
0.5903031953001162
0.47884420374824793
-0.034661419208205424
0.6664577159760762
0.05946899630323188
0.7394652073309231
1.114273958071745
0.8886536442698618
0.3197969007797262
0.5777264384585492
0.6168390896847448
1.1044854320532316
0.37840757670291
0.2338265710691137
-0.22934387607104045
0.6841432199938771
1.0586797957772542
-0.2458171661969788
0.9542303900574639
0.44704498339851106
-0.06015467538662578
-0.16186684456383438
0.7886386350046658
0.7617271171855112
0.8532033248909163
0.4292233250262292
0.7243800664974632
-0.013420675714854169
0.6005591980914938
0.6986062740443468
0.3391573357267898
0.17836738279777747
0.8223021904449194
0.8572959418862709
0.43035793089766783
0.23852424323391397
0.4258702485162614
0.5628711179652242
0.6184983348615254
0.21431619664091955
1.028744590199544
0.7029450882694913
-0.32965054863998033
0.5802993135401212
1.0156962784090933
-0.23053230457587914
0.25434927366567556
0.5909298255908285
0.03921325417919597
0.5091029034656109
-0.008447470654835754
0.5408292780878383
1.134837662608649
0.7937472697400453
0.5071715867769975
0.687811697414195
0.2098636285238066
0.7191670882303874
0.6986323230365434
0.16541031434851533
1.0374753935865555
0.39022754914576213
0.5260748965672868
0.6433856108681747
0.5485506243482641
0.23252213872898977
0.79292322281927
0.8148104225678271
0.5623045295788253
0.6447680505547304
0.0699448063859594
0.8509060973182564
-0.03304572490490587
0.5028449263158107
0.09275931775664331
0.38091241345428106
0.8645567228575317
0.2787111892817408
0.4540665954950161
0.7039202988625168
0.6590038920256787
0.4878325102296516
1.01758532109847
0.31832337317533443
-0.8096668718685148
0.747183507425834
0.5033664708840379
1.0853719864811437
-0.504770210388679
0.754655224131716
0.6138203253679326
0.38209226129657436
-0.6135920137218663
0.8405799703994662
-0.21591024304742867
0.6445904126289412
0.7260775892033831
1.0377193665695161
0.4592706939420854
0.4671228139121073
0.7244084099979724
0.08326174658344443
0.4346908633936197
0.4818353338663288
0.40056762584534256
-0.0504045602432609
0.5681935797847002
0.5333011178747169
896/1024
0.6817527185457382
0.7088221126535134
0.5154313409763965
-0.0785803999003084
0.6713262792990129
0.7383592979335996
0.646940314726081
1.1016801487551668
0.645061914310769
0.9086636619433084
0.7605115320702408
0.3910705112394588
0.6853494486611229
1.0572458199174124
0.7526603926003934
0.6496831379370819
0.6811068900048524
0.7130767054931723
0.7054482008569567
0.6467199564592074
0.6185248298134363
0.759697678902833
0.5762492952553686
0.6286292445410938
0.2607951141072649
0.6264845299027404
0.7403828394908082
0.6844283000444082
0.6120387793503208
0.6325457001180519
1.0496415749048256
0.8220753768611131
0.6043660774259924
0.6335437634733507
0.7510388411058773
0.7106337507433855
0.6515570897240086
0.779299877831636
0.4874896776377876
0.6286844912376456
0.6878490199417632
0.648560003303092
0.6863205170150092
0.6293670463941343
0.8004405948604734
0.7338319217324967
0.5571835109911192
0.8557050223007646
0.6498521127583141
0.7043375505077883
0.7018401398615688
0.7123192185043132
1.2379597589911975
0.7249230324684323
0.6850635351143379
0.7147509709685208
0.7266913147353748
0.62545599464206
0.9370179714373056
0.6793752449026428
0.6420833399304627
0.5691629066883013
0.7324265891769228
0.6632543496998131
0.6331307425022764
0.9286309686775565
0.5611217929697581
0.6264847509743567
0.830026899141911
0.764708634374075
0.645440972507833
0.7758148655769934
0.5856318824319635
0.6755891715733866
0.6860751914422432
0.7048557008126141
0.719104327079442
0.8321922944647379
0.6064148985991518
0.8942211432317866
0.6475527312925236
0.7010022412641828
0.9353599935441108
0.6565467148316871
0.8425156651772687
0.71574938278179
0.9503148046771912
0.7203176832594418
0.6614820922017102
0.6803836842738953
0.8107760288691668
0.8985178448952136
1.0719342885554046
0.8290043277941754
0.8110075549408203
0.6704553480582884
0.6331707391430021
0.664741282955164
0.6526697904278381
0.6774400521389923
0.6669624314899147
0.6665389093306232
0.7602931946369136
0.6013832965670636
0.6093117301695801
0.6278927117595087
0.6166507065501959
0.728966342393929
0.7094343829894163
0.6712999992833748
0.8350581362347554
0.3253604832163902
0.6916687705735711
0.6598063506567649
0.8358335230008507
0.7003898897061983
0.6401982426498382
0.9074454698005057
0.7367025524319512
0.6481945681440343
0.42479791853125554
0.6908417651965506
0.646042628128043
0.7399137139490555
0.6466059837398563
0.7551729257615309
0.6849976547022089
0.6724583992313224
1024/1024
0.6871550975208516
101.110535 seconds (76.83 M allocations: 12.896 GiB, 2.61% gc time)
λₖ = 0.8
Warming up
128/512
256/512
384/512
512/512
Measuring
0.19305167768689446
0.22737566447618623
0.4956159579194651
-0.8671665254646006
0.604806033655277
0.06674698994556649
-0.5092471915795852
0.2403366134264387
-0.751122095818214
-1.0353336386750187
-0.3028586550051189
-1.0773170716597265
-1.2799846217091173
0.864367552046504
-1.631695180079169
-0.5364084714025066
-0.5341570573251235
0.05950579731604533
0.8893946230427845
-0.7428356735974896
-0.1702251952976016
0.5130265775704773
-1.0449363082424838
0.14621252507153448
0.15752615024323635
0.8459104271237251
-0.20385094122159764
0.09354945040932772
0.7827276766045639
1.0850769836579834
-1.5979349780044332
-0.7683517162839335
0.4248285555486307
-1.8089560228855608
0.4261138707392946
-1.0562300662954152
-1.1743982068876537
-0.5496931313609759
-0.38030441738520193
-0.4927446173554595
1.188471158278674
0.3753000855392272
1.0670887185773874
-0.17368088997699893
-1.23417050339448
-0.7993954591950428
0.4756440841716111
0.3802041991603076
0.43562738847933946
-1.526523655163984
-0.5272574910358215
-0.36671704344563527
-0.9688727513711661
-0.6426088345276153
0.3911159641226931
-0.7090708710706832
0.8293946717006722
-0.21871367380499407
1.1667772963725587
-0.5545923540498746
-0.596304898311784
1.164571687892846
-0.09330432372783914
0.7226088394015868
-0.5837825445264675
1.6096333719118832
-1.2445396228263734
1.1318347553364594
-1.0548384928215455
0.38789403058582683
0.7047510511709715
0.26369930396436153
-0.005714051810991161
-0.544213598011692
-0.6835222689170669
1.4984180689291446
-0.14705593939825767
-0.06006825139068073
-0.938922987452579
0.040815399045478595
-1.197027807754426
-0.8577397598415236
-0.9498699719186159
-0.2170217233512619
0.2703139317058667
-0.5693448429774076
-0.22823733274166746
-1.0432100776372166
0.8403641860672771
1.0111205157294973
0.17911370753705647
0.5611153941515477
0.5891467690041068
0.26425206833724
-1.121554062065833
0.34557490979835137
0.20837659946274492
-0.085153394139734
0.5930586110847071
0.06782445553490968
-0.678618556695308
-0.21432604125093302
-0.44974466285336534
0.2953122232511556
0.2757404972926284
-0.7428227477595932
0.33214849184005546
0.36339323235634274
-0.468546980478601
-0.3952786494717486
0.507650596551926
-1.209069584898522
0.5829920927212812
-1.727534319509147
0.368883096451621
-0.4672943619045218
-1.0110767652041426
-1.3818011164902135
0.3838939231008685
1.2242632020093642
0.0690922987390441
0.5353370205189267
0.20619694872947247
0.23824783396281446
-1.3754529993408777
0.2622747733831584
-1.4339420573666015
128/1024
-0.2772156362798337
0.6865760578777257
0.6189546413339095
0.38933048187604913
0.6317952705672931
0.39245065202126905
0.7955406854474271
0.623644278030367
0.5459368858602018
0.5751887108472735
0.609606072371572
0.524315449950962
0.6402051976488785
0.6434008944415379
0.8128126942822554
0.803288356127687
0.7129177281082281
0.6872578387389395
0.6028016250457935
0.6819095428105837
0.5678749126778002
0.662013701684717
0.4318245670156466
0.5354875348470381
0.640415815492287
0.6316124580358853
0.6161401411913516
0.6040516045111594
0.3904702967720918
0.6710979444906329
0.621081415207285
1.0481977798647697
0.6171370707084729
0.7494046279523463
0.7591681704177821
0.5927121551037839
0.6027885767747763
0.6209928385762213
0.6783148860170074
0.6530239079286754
0.5628161963035929
0.6201163648292431
0.6878136946734644
0.510610021855259
0.7186249275042211
0.6439258588483363
0.6744018238380212
0.6153351405202219
-0.1371664295200986
0.34854306981243466
0.7262905130546319
0.6094929594624923
0.7722866451807494
0.638280707956014
0.6083903921081841
0.6744183238110515
0.8194087983209204
0.07547038324038657
0.5061316711418439
0.6671187590548948
0.552832846659041
0.6506643367644123
0.5608190339736505
0.4882242265506748
0.5629417679111253
0.6504034807525101
0.4538896804367837
0.8279536947387949
0.1674470949296037
0.5560061574752125
0.655651856270234
0.6779582331419256
0.5653810117320164
0.7456658356139937
0.4288241249380319
0.7504682368767792
0.7147056766936302
0.720092152942839
0.7369887170544281
0.6156887064544184
0.5438977622173737
0.8794336800468625
0.5871745053803084
0.6057595289322748
0.6996664544385205
0.5697986272642778
1.2237445974638053
0.7913011563861709
0.5494090606800757
0.5706432586901619
0.7058292665965155
0.5026969144164335
0.6358504447532867
0.5247834914027875
0.48767369058615395
0.4754475625973744
0.2972939185347507
0.4696685145750492
0.614759426640909
0.5693435971062198
0.7219542276981903
0.6250968384041687
-0.4438487070451934
0.611358891873524
-0.006883390033363024
-0.21874270910806914
0.6887473058815122
0.4953612847902156
0.6006209049670594
0.6418423342372223
0.5472259021599621
-0.06687203356285176
0.762388437097866
0.725799332647107
0.7541677703430594
0.4639255063427616
0.5788114140638915
0.6499615309536737
0.7075697160846266
0.4385082480119112
0.5354458735603833
0.7157956679029843
0.3314564677263465
0.7047889642391619
0.5907236544247323
0.6083190147865822
0.6196058686094039
0.6709857762264752
256/1024
0.5974032028644174
0.643790315163211
1.357498602813909
0.7452545536898805
0.5998971120488832
0.26003329742750614
0.813306419837279
0.3482073977712643
0.37283303350679964
0.7922388208678881
0.20253111540294272
0.428968552281875
0.545552173155024
0.21917272467801835
0.34730319189831904
0.21196647982176559
0.5973453052903148
0.16395005221285786
0.5563500626063136
0.23549387717819575
0.7778075702204268
0.43178006657527923
0.2720990785567644
0.34908387658901413
0.6102688313803368
1.7461978248934606
1.2359093635157807
0.5104069995067273
1.5794763556011655
0.21709051786969816
0.9981653188817892
0.8313245153399953
0.2988104474085591
0.4930956267299686
1.0957673812621587
0.9720367565857996
0.4392810484616878
0.8771372533156072
0.4480688268747787
0.5704029309455791
0.295493256708125
0.3320994789985608
0.20212959771004163
1.6413483457813602
0.47459790718135486
0.1677602762948787
0.22739578925553589
0.8814249215645853
0.421039619189044
0.6557570255091637
0.26373986702925634
0.2013545445619735
0.5425372318176743
0.35149984576690485
1.1581506006904774
0.5757623624028206
0.77010044398093
0.8910559367545455
0.5060320974562029
0.8380908054548306
0.6067745011042851
0.28489586447866017
0.9555543979539984
0.3924188667329064
1.2419550132370276
0.20895856347857064
0.8430421268514237
0.9340069553363213
0.525075704774058
0.6716748034334934
0.4754566665811568
1.422179668238852
0.5365579894815472
0.4100132471663417
0.5153649953979962
0.2397860878108195
0.3593752391880646
0.9945839238209294
0.8636775576813555
0.4236927267664028
0.37954191960068584
0.4450289448421005
0.24384278462527142
0.49556524874149516
1.1926462359334065
0.3785211690537184
1.3717706987642289
0.2226515371831449
0.453851912714727
0.42028401135439697
0.21291696165654342
0.30568960471842793
0.35773493074827634
0.6505811423989594
0.264524716449184
0.31165701039517896
2.2953676523857105
0.6047009726814162
0.8182211891893022
0.5580119188361855
0.3442997477613551
0.5075836185741216
0.4871255003127997
1.7626767015675144
0.34869055305791474
0.3431055930021273
0.9769866857922171
0.6847440748507025
0.55959984399567
1.4665281126509253
0.24799525469198863
0.29662311417876297
0.33910108623252155
0.6078439027030493
0.4422241676414504
0.2576357041667464
0.6416907742186111
1.3053828514469885
1.0359883365269589
0.6899340831287802
0.4932768757272399
1.1050180386799293
0.8394687456716671
0.560658046675963
1.0411054044966983
0.27720589079526753
0.8439558719209717
0.18902567882962037
384/1024
0.8147201978162875
0.7138093529907448
0.7646798066053431
0.6131947916067444
1.0311562900398643
0.49055749307207086
0.6251384538343657
0.6437821072443761
0.6054293492713493
0.8302192442666212
0.7915228487132049
0.6612616429926906
0.6473695939889851
0.7016492331798155
0.6015446288807942
0.8456744895588648
0.6235015782532087
0.809029951594828
0.6938827695391568
0.6173737412066669
0.6459613642700077
0.7493126587298599
0.7173973318144752
0.684265119650105
0.6045696413360488
1.168161378725812
0.7664803149798953
0.7651828962222381
0.7979304145463654
0.7503004883144269
0.9678816996007882
1.0091466711236812
0.8744450838700537
0.6498104476156794
0.6632407344254618
0.5441557118907687
0.6276118569866582
0.6463572732235726
0.8036280836655356
0.6441220698110391
0.8296000852365912
0.6878160013297031
0.7669625457994561
0.5246381302936579
0.6383389448072472
0.7800543629257761
0.8367591371630496
0.9021289160419943
0.8019396527075733
0.7276622635835077
0.7812903878637492
0.5022704979416643
0.8325486672251412
1.0608574596576492
0.6113231416078385
0.6725184796521295
0.7580547248934173
0.6917126945732609
0.509291514540321
0.7550739468573562
0.618082225639912
0.6397912158479814
0.6764884499018362
0.7122061767525175
0.8460114879180763
0.7011066375242944
0.7208091010439689
0.7869627345749962
0.7568357404307925
0.6863264522334228
0.5407390447839662
0.7107213621392857
0.8330697928704942
0.7866133447823691
0.614626899690988
0.7607473482556668
0.797624187589784
0.7720800287799436
0.7107275741815018
0.8082699927837725
0.70659307196666
0.8831060629174773
0.8043461200389193
0.7969180325010972
0.7034462670894649
0.8420784756327823
1.0399999108435576
0.938347812123494
0.6543973314301932
0.5959161448143349
0.7515363140874136
1.0560346282037572
0.8160297335334367
0.9299209456664959
0.5985223372479554
0.5638904714905787
0.6149712134289722
0.6863356607519708
0.7471955779903398
0.6298220669880793
0.6613972999815173
0.4868424675965825
0.630445718339559
0.6569829788207885
0.8583949688848824
0.6310289650417391
0.6072937394897748
0.6219129093605167
0.552958354154932
0.7338262973081162
0.7796300176023396
0.6714243723363854
0.5240322645184056
0.7848992645421465
0.8474096848309189
0.6590520210484782
0.6846104282669507
0.4787641280672612
0.7952612930480555
0.645045513567448
0.7575181444096025
0.9121711026194671
0.5817015271875863
0.7900490721129394
0.7165360953157344
0.5474146156786489
1.1028315481307305
0.7105038080073605
512/1024
0.8325425168560862
0.3769274061990985
0.7245506751984773
0.4130371387106629
0.7638310626355944
0.1791168201791598
0.5575492036449733
0.12228945462024099
0.6175861442283603
0.5286493571304214
0.3560914547536835
0.7243543305426415
0.7213761529017011
0.6833204138716077
-0.47612237094859955
0.3967163542821397
0.5735068164740273
0.6085762639219247
0.5723771553428061
0.6381839152479708
0.6430467729981836
0.6706974725193862
0.39284424661707973
0.22921752781269483
0.7134855481074542
0.6410819203468722
0.8140150259334309
-0.05373852081712793
0.7242679603284666
0.4516602309351074
0.6419079077833033
0.701997149246206
0.7758978852255802
-0.056323961752751006
0.7446604779261571
0.566188330370208
0.6071076967516584
0.7595858617503336
0.7958223830487039
0.6532239843213619
0.3785177453741607
0.3141590665590407
0.7645911447609516
0.7156124989606328
0.4811397509368679
0.7500826080904508
0.529763817030113
0.5937689344583814
0.6435044661460475
0.38257558682369047
0.7944820254857365
0.8535752923642042
0.255282754481244
0.6819404173758911
0.025535793470868373
0.8213258535993455
0.6434227133271551
0.719911874412406
0.604536889203043
0.3037471416958091
0.5954966329644692
0.7714001724934121
0.3733523119523933
0.6863143699279379
0.6574792040007809
0.2697413857035925
0.7413055415556369
0.9382470993410414
0.5828400353232055
0.7698693462466235
0.39172116007173013
0.8015442013697605
0.744780133549292
0.8001049441549037
0.3159120633243051
0.46162486346809195
0.2435903129233825
0.7468207179534412
0.27693791699903963
0.6357752672456232
0.5976360743011842
0.6335876631099396
0.0933428680080372
0.5609533352816225
-0.5839605021056623
0.8812435407949574
0.7887593181769076
-0.5190261042827617
0.7440690644021252
0.31099609499060243
0.25636342306895626
0.10637810646271517
0.2639479219736903
-0.38541313998406834
0.6879159745551111
-0.5505163391452675
0.7680150169929479
0.7102722840960909
0.7342468774502364
0.7619516904126518
0.5065712813345741
0.10398348309838651
-0.03511962720207251
-0.18938895649933218
0.8035205249508397
0.8110782085110539
0.3676330151863684
0.6378886148231122
0.5256425033491976
0.7491309648491358
0.5981456233071105
0.35285218610928715
0.25092176702784985
0.42763865635656
0.6890471956724493
0.5325058122205971
0.720358448048888
0.7031851964548572
0.8246972295760533
-0.10302146707537468
0.8291850794783059
0.7001712645623932
0.8176702024907382
0.735483531765618
0.7728177035570363
-0.7659392022544674
0.7208194028454227
0.012121613024017042
640/1024
0.2197912522117955
-0.14348997754548165
0.11532205250761779
1.0302880467093338
1.339817939127573
0.7093020262252491
0.86178489246805
0.6000712235404045
-0.22479801138102457
0.2315308550520513
0.46300609433726814
0.2205568309889647
0.7081410483283872
0.02485415750494585
1.027704669739117
0.736452108582812
0.3284503926538137
0.8074979055816724
0.8173070733561325
1.467268742393845
1.3627641717453207
1.3520808741326469
-0.04690993804360424
0.7267905360220203
0.567524074983413
0.3935164973146288
-0.11654856893825882
1.4541801561484844
0.4742233935920009
0.0591021802007104
0.26032273370306536
0.6448132905163944
0.398046450940581
0.6808648310043212
0.5043508180065661
0.36516445476126663
-0.06376093441255648
0.45757986421863134
0.4705683677016774
0.7093721230961516
1.1319227224873698
0.5400188905508188
0.9249535585617582
0.2737577834368344
1.2038058518908363
-0.10788138553697338
0.7316751211947576
1.6442456956196023
1.0907663668022531
0.41489319667167784
0.8385837032464556
1.0865836139473366
0.6118710779399962
0.43841525671216064
0.3539900629603715
0.270100644818316
0.31445022693311164
1.134629238163595
0.8172873077871092
1.3532291853106286
0.2872526532215468
0.1255766241374662
0.45668851622023193
0.7032117737654889
0.4826623678616818
-0.05084397189590517
1.1934631317097897
1.001529981114031
0.8349522792098907
0.9048726480097629
1.02161957777701
0.7753000258503157
1.1464207458056765
0.23726897652655712
0.5378524867150483
0.4059592401578042
1.3240128954588406
0.4291259032756344
0.3497522921469156
0.987885969876314
0.34804961630221154
0.9697447041919851
1.3212934931813631
0.8689286159944685
1.6344471025882934
0.012959062899354779
0.43156426023551153
0.615504789637994
0.4698774982935203
0.18589324625240924
0.6731075980045508
-0.7258037094267435
1.4334052986365955
0.47125155607984714
0.9602760649970397
0.8428598364503618
0.8945084001613426
0.19760875350259666
0.6580189032997299
0.7477302115189903
1.0496804568884526
0.7636003204408365
0.9134719424066844
0.38551202625553815
0.558464065295008
0.49441190226817666
0.7933101452749877
0.8324047855953153
1.6381574468731446
0.3879622820555989
0.5630381680298093
0.4632529415941979
0.8839869389794162
0.21049927762507883
1.2186998688498312
-0.08644067933070457
1.1013548793310022
-0.26680339052761026
0.9199949510039074
1.0156922351584226
0.018414736604795867
0.7529633418682591
0.5734266964446073
1.2835824900023636
0.3242492717451371
-0.12769151095864723
0.47009043941038126
0.49019992728796563
768/1024
0.7938944297192974
0.5983821731021186
0.715736896244111
0.569766634646297
0.37872685908280207
0.5648821821314547
0.6824988118501353
0.7326167612124694
0.7992930017422784
0.6796013249268944
0.656038138247532
0.7261143293682437
0.5451154951162173
0.5996783162876286
0.6091506991757204
0.6208517099796335
0.9144540813674406
0.5363217280416509
0.8643374941851669
0.714947755155721
0.8513947360185463
0.5629153086218942
0.5759615971198915
0.6364502317304567
0.7565506845845839
0.5985311742157728
0.631471470223358
0.7862805844872671
0.5528699697128597
0.6823673955619747
0.3501419009724918
0.582652709036435
0.5899496350811413
0.6127632064957833
0.49531730440920163
0.6360978477348506
0.573854236569573
0.6401135532862229
0.7767089338469638
0.5430558414742449
0.5535374147940971
0.5842630087268832
0.6007470440167426
0.8578821999963103
0.7125118617308022
0.5264286400574774
0.673763251022512
0.7146142217779559
0.6269524063732836
0.6374635087246228
0.5945632786804439
0.6710869932674516
0.6781019907599315
0.40402724178292254
0.7960442448653341
0.5718679061790365
0.5293700067817428
0.7616092142514659
0.9958235641724578
0.5995669217266135
0.8662183169608983
0.7108695651524904
0.5592740028098987
0.7244643514990498
0.7305556530458713
0.758076592087738
0.5805773009824934
0.8917234615819598
1.0313174970659194
0.5618911942721404
0.6334865256727888
0.657720754055068
0.5472096417170836
0.9451592317533505
0.71304262775616
0.5703030339622962
0.5385867057068944
0.6049816849613241
0.60980521151375
0.5901684784204903
1.2804351743339546
0.74354156791851
0.8110474700209698
0.6275109124479819
0.7385273816407147
0.5724989581301771
0.5962710331995125
0.6702503853147775
0.5767360413864245
0.7775375128222151
0.7220670411304148
0.6615250218119452
0.7236396871193456
0.6109259151381864
0.19785311235156833
0.7792423056158144
0.597808484760585
0.811629471546959
0.8323047125943064
0.7121229727483785
0.7048261831984023
0.693067689218737
0.6670454542296552
0.39284419461275566
0.5719324408209085
0.6855198227712475
0.7134077764927871
0.6155451003515447
0.6280411097785964
0.628522542813687
0.6958920530980153
0.752271906272348
0.3236968617878171
0.7104063591214045
0.6006703264573355
0.672400298155655
0.655908279831302
0.5547370985952059
0.7269411378637977
0.6145329128529092
0.5843982045838826
0.5582400261620164
0.5556896442519098
0.614836771609545
0.5569640103211432
0.5809006589603021
0.5761222160085265
0.775081381768804
896/1024
0.7944691087623261
0.7170598359831951
0.6975182671654021
0.5765707872227874
0.6664314795041296
0.6394803908874402
0.553364404517824
0.6130288301201812
0.769276450738422
0.6795174430392177
0.9938949227000938
0.5842014154884434
0.603727877624268
0.7576229269239171
0.6586089351617168
0.5683765139593239
0.6687497668861793
0.8138692942477113
0.5768007779059935
0.6872293738139149
1.0476838948428866
0.5370454831957089
0.6686282615250052
0.9276244248536583
0.7297500947592188
0.6791891693897703
0.583825077787642
0.6633849054804319
0.6890195802547379
0.7289700125430566
0.6647320791496747
0.6890890038914035
0.8025226491888177
0.9830772897451328
1.0812113393414675
0.6842597948335627
1.1622759205942987
1.1195965387050761
0.8067833773081123
0.6869054643652878
0.6425544347263736
0.6647274496195048
0.6380946414887211
0.6613151671770422
0.7926590168966221
0.7003388359353641
1.0227528680674285
0.5581950265745501
0.7150245641560676
0.7980239948199831
0.7008079439538926
0.7425691777070562
0.3521262035993428
0.7106116307198327
0.8220360298292275
0.6978893078682921
0.6883225661906804
0.6739402440283562
0.7101370093904635
0.6782871690485779
1.0090541516273628
0.7084071936975628
0.6748707920580835
0.645636852519299
0.6851724905233805
0.7106534781978515
0.6890538477321652
0.8834203519004533
0.7445687754566069
0.89079131856397
0.6791136567208156
0.6866122567583461
0.9371361789089223
0.6519308216101013
0.6502567541095798
0.7064942141822568
0.6621358073858199
0.6694862488231816
0.5855212226623404
0.7111533887195544
0.6666353246518705
0.8905786711416158
0.668167534620812
0.6569258639400881
0.6731502890772283
0.700029051087345
0.7850067119638738
0.6857411751281912
0.7089823895110168
0.6202759033508116
0.614417961167317
0.6853641346576288
0.9573645143887766
0.7464075607449014
0.6576391146677678
0.9239323572403433
0.9687064708640263
0.6497909516684105
0.6451439172380159
0.7025406125088014
0.6486860677474366
0.7522883837890716
0.9025784099713452
0.8118848898112495
0.6583121130033849
0.6472731134643606
0.6101615540527513
0.6653145774211914
0.667393999614517
0.8584406537916768
0.7296262141954619
0.6760655440281607
0.836417577567421
0.6460411857477526
0.6640031871737708
0.7417382776045968
1.022823077409455
0.6648948218391556
0.6837982468660374
0.7081943598119164
0.6970505325360621
0.659428754754905
1.07626137768686
0.6667620443054891
0.6533242575953145
0.7018607354922546
0.6971621822543066
0.7080642371666719
1024/1024
0.6587206746694254
101.153116 seconds (76.83 M allocations: 12.896 GiB, 2.70% gc time)
