ERROR: LoadError: HDF5.API.H5Error: Error creating file ./rep_data/3x3/etgent_with_sgn/EtgEnt_LA2_Nup1_Ndn2_U2.0_lambda0.0_beta50.0_seed1234.jld
libhdf5 Stacktrace:
 [1] H5FD__sec2_open: File accessibility/Unable to open file
     unable to open file: name = './rep_data/3x3/etgent_with_sgn/EtgEnt_LA2_Nup1_Ndn2_U2.0_lambda0.0_beta50.0_seed1234.jld', errno = 2, error message = 'No such file or directory', flags = 13, o_flags = 242
  ⋮
Stacktrace:
  [1] macro expansion
    @ ~/.julia/packages/HDF5/Z859u/src/api/error.jl:18 [inlined]
  [2] h5f_create(pathname::String, flags::UInt16, fcpl_id::HDF5.FileCreateProperties, fapl_id::HDF5.FileAccessProperties)
    @ HDF5.API ~/.julia/packages/HDF5/Z859u/src/api/functions.jl:1088
  [3] jldopen(filename::String, rd::Bool, wr::Bool, cr::Bool, tr::Bool, ff::Bool; mmaparrays::Bool, compatible::Bool, compress::Bool)
    @ JLD ~/.julia/packages/JLD/Vxkax/src/JLD.jl:182
  [4] jldopen
    @ ~/.julia/packages/JLD/Vxkax/src/JLD.jl:162 [inlined]
  [5] #jldopen#13
    @ ~/.julia/packages/JLD/Vxkax/src/JLD.jl:250 [inlined]
  [6] jldopen(fname::String, mode::String)
    @ JLD ~/.julia/packages/JLD/Vxkax/src/JLD.jl:249
  [7] jldopen(::var"#1#2"{Vector{Float64}, Vector{Float64}}, ::String, ::Vararg{String}; kws::@Kwargs{})
    @ JLD ~/.julia/packages/JLD/Vxkax/src/JLD.jl:260
  [8] jldopen
    @ ~/.julia/packages/JLD/Vxkax/src/JLD.jl:259 [inlined]
  [9] run_incremental_sampling_gs(extsys::ExtendedSystem{GenericHubbard{ComplexF64, Matrix{Float64}}}, qmc::QMC, φ₀::Vector{Matrix{Float64}}, λₖ::Float64, Nₖ::Int64, path::String, filename::String, swap_period::Int64)
    @ Main /oscar/home/trazzaz/AFQMC/qmc_etgent.jl:71
 [10] macro expansion
    @ ./timing.jl:581 [inlined]
 [11] top-level scope
    @ /oscar/home/trazzaz/AFQMC/job_etgent.jl:315
in expression starting at /oscar/home/trazzaz/AFQMC/job_etgent.jl:62

real	12m40.752s
user	12m37.751s
sys	0m0.674s
