## SLURM PROLOG ###############################################################
##    Job ID : 8833955
##  Job Name : sbatch_etgent.sh
##  Nodelist : node1734
##      CPUs : 8
##  Mem/Node : 4096 MB
## Directory : /oscar/home/trazzaz/AFQMC
##   Job Started : Fri Feb 28 02:54:17 AM EST 2025
###############################################################################
seed = 1509
U = 2.0
β = 6.0
Warming up
128/1024
256/1024
384/1024
512/1024
640/1024
768/1024
896/1024
1024/1024
Measuring
128/16384
mean(sgnprob[1:i - 1]) = 0.3700787401574803
256/16384
mean(sgnprob[1:i - 1]) = 0.0196078431372549
384/16384
mean(sgnprob[1:i - 1]) = -0.1279373368146214
512/16384
mean(sgnprob[1:i - 1]) = 0.009784735812133072
640/16384
mean(sgnprob[1:i - 1]) = 0.051643192488262914
768/16384
mean(sgnprob[1:i - 1]) = 0.10821382007822686
896/16384
mean(sgnprob[1:i - 1]) = 0.04357541899441341
1024/16384
mean(sgnprob[1:i - 1]) = 0.08895405669599218
1152/16384
mean(sgnprob[1:i - 1]) = 0.03214596003475239
1280/16384
mean(sgnprob[1:i - 1]) = 0.03674745895230649
1408/16384
mean(sgnprob[1:i - 1]) = -0.00923951670220327
1536/16384
mean(sgnprob[1:i - 1]) = 0.02280130293159609
1664/16384
mean(sgnprob[1:i - 1]) = 0.0487071557426338
1792/16384
mean(sgnprob[1:i - 1]) = 0.07202680067001675
1920/16384
mean(sgnprob[1:i - 1]) = 0.08702449192287649
2048/16384
mean(sgnprob[1:i - 1]) = 0.11284807034684904
2176/16384
mean(sgnprob[1:i - 1]) = 0.12275862068965518
2304/16384
mean(sgnprob[1:i - 1]) = 0.09943551888840643
2432/16384
mean(sgnprob[1:i - 1]) = 0.11065405183052242
2560/16384
mean(sgnprob[1:i - 1]) = 0.12075029308323564
2688/16384
mean(sgnprob[1:i - 1]) = 0.12914030517305544
2816/16384
mean(sgnprob[1:i - 1]) = 0.108348134991119
2944/16384
mean(sgnprob[1:i - 1]) = 0.11858647638464152
3072/16384
mean(sgnprob[1:i - 1]) = 0.1253663301856073
3200/16384
mean(sgnprob[1:i - 1]) = 0.13472960300093778
3328/16384
mean(sgnprob[1:i - 1]) = 0.14337240757439135
3456/16384
mean(sgnprob[1:i - 1]) = 0.1507959479015919
3584/16384
mean(sgnprob[1:i - 1]) = 0.13982696064750208
3712/16384
mean(sgnprob[1:i - 1]) = 0.12153058474804634
3840/16384
mean(sgnprob[1:i - 1]) = 0.13154467309195103
3968/16384
mean(sgnprob[1:i - 1]) = 0.13435845727249812
4096/16384
mean(sgnprob[1:i - 1]) = 0.13894993894993896
4224/16384
mean(sgnprob[1:i - 1]) = 0.14373668008524745
4352/16384
mean(sgnprob[1:i - 1]) = 0.1514594346127327
4480/16384
mean(sgnprob[1:i - 1]) = 0.1569546773833445
4608/16384
mean(sgnprob[1:i - 1]) = 0.16648578250488388
4736/16384
mean(sgnprob[1:i - 1]) = 0.17381203801478354
4864/16384
mean(sgnprob[1:i - 1]) = 0.1589553773390911
4992/16384
mean(sgnprob[1:i - 1]) = 0.16249248647565617
5120/16384
mean(sgnprob[1:i - 1]) = 0.15217815979683533
5248/16384
mean(sgnprob[1:i - 1]) = 0.14160472651038689
5376/16384
mean(sgnprob[1:i - 1]) = 0.13116279069767442
5504/16384
mean(sgnprob[1:i - 1]) = 0.13574413956023987
5632/16384
mean(sgnprob[1:i - 1]) = 0.14224826851358552
5760/16384
mean(sgnprob[1:i - 1]) = 0.1484632748741101
5888/16384
mean(sgnprob[1:i - 1]) = 0.15338882282996433
6016/16384
mean(sgnprob[1:i - 1]) = 0.15610972568578554
6144/16384
mean(sgnprob[1:i - 1]) = 0.16164740354875468
6272/16384
mean(sgnprob[1:i - 1]) = 0.16664008929995217
6400/16384
mean(sgnprob[1:i - 1]) = 0.16862009689013907
6528/16384
mean(sgnprob[1:i - 1]) = 0.17144170369235484
6656/16384
mean(sgnprob[1:i - 1]) = 0.15912847483095416
6784/16384
mean(sgnprob[1:i - 1]) = 0.158484446410143
6912/16384
mean(sgnprob[1:i - 1]) = 0.16278396758790334
7040/16384
mean(sgnprob[1:i - 1]) = 0.16522233271771558
7168/16384
mean(sgnprob[1:i - 1]) = 0.15780661364587695
7296/16384
mean(sgnprob[1:i - 1]) = 0.1501028101439342
7424/16384
mean(sgnprob[1:i - 1]) = 0.14104809376262967
7552/16384
mean(sgnprob[1:i - 1]) = 0.1447490398622699
7680/16384
mean(sgnprob[1:i - 1]) = 0.14858705560619873
7808/16384
mean(sgnprob[1:i - 1]) = 0.1489688740873575
7936/16384
mean(sgnprob[1:i - 1]) = 0.14076874606175174
8064/16384
mean(sgnprob[1:i - 1]) = 0.13481334490884286
8192/16384
mean(sgnprob[1:i - 1]) = 0.13954340129410328
8320/16384
mean(sgnprob[1:i - 1]) = 0.143166245943022
8448/16384
mean(sgnprob[1:i - 1]) = 0.1450219012667219
8576/16384
mean(sgnprob[1:i - 1]) = 0.1377259475218659
8704/16384
mean(sgnprob[1:i - 1]) = 0.14144547857060782
8832/16384
mean(sgnprob[1:i - 1]) = 0.1323745895142113
8960/16384
mean(sgnprob[1:i - 1]) = 0.12735796405848868
9088/16384
mean(sgnprob[1:i - 1]) = 0.1304060746120832
9216/16384
mean(sgnprob[1:i - 1]) = 0.12338578404774823
9344/16384
mean(sgnprob[1:i - 1]) = 0.12619073102857756
9472/16384
mean(sgnprob[1:i - 1]) = 0.12976454439869073
9600/16384
mean(sgnprob[1:i - 1]) = 0.13303469111365768
9728/16384
mean(sgnprob[1:i - 1]) = 0.13683561221342655
9856/16384
mean(sgnprob[1:i - 1]) = 0.14013191273465245
9984/16384
mean(sgnprob[1:i - 1]) = 0.13492937994590803
10112/16384
mean(sgnprob[1:i - 1]) = 0.13025417861734745
10240/16384
mean(sgnprob[1:i - 1]) = 0.13448578962789334
10368/16384
mean(sgnprob[1:i - 1]) = 0.13706954760297096
10496/16384
mean(sgnprob[1:i - 1]) = 0.13959028108623153
10624/16384
mean(sgnprob[1:i - 1]) = 0.1422385390191095
10752/16384
mean(sgnprob[1:i - 1]) = 0.14556785415310203
10880/16384
mean(sgnprob[1:i - 1]) = 0.1387076018016362
11008/16384
mean(sgnprob[1:i - 1]) = 0.1405469246842918
11136/16384
mean(sgnprob[1:i - 1]) = 0.14252357431522228
11264/16384
mean(sgnprob[1:i - 1]) = 0.1442777235194886
11392/16384
mean(sgnprob[1:i - 1]) = 0.14651918181020104
11520/16384
mean(sgnprob[1:i - 1]) = 0.14818994704401423
11648/16384
mean(sgnprob[1:i - 1]) = 0.14175324117798574
11776/16384
mean(sgnprob[1:i - 1]) = 0.13528662420382165
11904/16384
mean(sgnprob[1:i - 1]) = 0.13736032932874065
12032/16384
mean(sgnprob[1:i - 1]) = 0.13240794613914056
12160/16384
mean(sgnprob[1:i - 1]) = 0.12788880664528332
12288/16384
mean(sgnprob[1:i - 1]) = 0.12932367542931553
12416/16384
mean(sgnprob[1:i - 1]) = 0.13137333870318163
12544/16384
mean(sgnprob[1:i - 1]) = 0.13401897472693933
12672/16384
mean(sgnprob[1:i - 1]) = 0.13787388524978297
12800/16384
mean(sgnprob[1:i - 1]) = 0.1325884834752715
12928/16384
mean(sgnprob[1:i - 1]) = 0.1289549005956525
13056/16384
mean(sgnprob[1:i - 1]) = 0.13060130218307162
13184/16384
mean(sgnprob[1:i - 1]) = 0.1262990214670409
13312/16384
mean(sgnprob[1:i - 1]) = 0.12748854331004433
13440/16384
mean(sgnprob[1:i - 1]) = 0.12895304710171887
13568/16384
mean(sgnprob[1:i - 1]) = 0.1321589150143731
13696/16384
mean(sgnprob[1:i - 1]) = 0.1353048557867835
13824/16384
mean(sgnprob[1:i - 1]) = 0.13217101931563335
13952/16384
mean(sgnprob[1:i - 1]) = 0.1275177406637517
14080/16384
mean(sgnprob[1:i - 1]) = 0.1238014063498828
14208/16384
mean(sgnprob[1:i - 1]) = 0.1269092700781305
14336/16384
mean(sgnprob[1:i - 1]) = 0.12270666201604465
14464/16384
mean(sgnprob[1:i - 1]) = 0.11885500933416304
14592/16384
mean(sgnprob[1:i - 1]) = 0.11986841203481598
14720/16384
mean(sgnprob[1:i - 1]) = 0.11502140091038793
14848/16384
mean(sgnprob[1:i - 1]) = 0.1163197952448306
14976/16384
mean(sgnprob[1:i - 1]) = 0.11826377295492488
15104/16384
mean(sgnprob[1:i - 1]) = 0.11342117460107264
15232/16384
mean(sgnprob[1:i - 1]) = 0.11548814916945703
15360/16384
mean(sgnprob[1:i - 1]) = 0.11127026499121037
15488/16384
mean(sgnprob[1:i - 1]) = 0.10725124297798154
15616/16384
mean(sgnprob[1:i - 1]) = 0.10918988152417547
15744/16384
mean(sgnprob[1:i - 1]) = 0.1126214825636791
15872/16384
mean(sgnprob[1:i - 1]) = 0.10843677146997668
16000/16384
mean(sgnprob[1:i - 1]) = 0.11006937933620851
16128/16384
mean(sgnprob[1:i - 1]) = 0.11105599305512495
16256/16384
mean(sgnprob[1:i - 1]) = 0.10673638880344509
16384/16384
mean(sgnprob[1:i - 1]) = 0.10968687053653177
724.766012 seconds (167.11 M allocations: 70.745 GiB, 1.28% gc time, 1.23% compilation time)
