## SLURM PROLOG ###############################################################
##    Job ID : 7671069
##  Job Name : sbatch_etgent.sh
##  Nodelist : node1754
##      CPUs : 8
##  Mem/Node : 4096 MB
## Directory : /oscar/home/trazzaz/AFQMC
##   Job Started : Sun Jan 19 01:48:13 AM EST 2025
###############################################################################
seed = 1236
U = 2.0
β = 6.0
Warming up
128/1024
256/1024
384/1024
512/1024
640/1024
768/1024
896/1024
1024/1024
Measuring
128/16384
mean(sgnprob[1:i - 1]) = 0.1968503937007874
256/16384
mean(sgnprob[1:i - 1]) = 0.20784313725490197
384/16384
mean(sgnprob[1:i - 1]) = 0.206266318537859
512/16384
mean(sgnprob[1:i - 1]) = 0.23679060665362034
640/16384
mean(sgnprob[1:i - 1]) = 0.23317683881064163
768/16384
mean(sgnprob[1:i - 1]) = 0.2255541069100391
896/16384
mean(sgnprob[1:i - 1]) = 0.23798882681564246
1024/16384
mean(sgnprob[1:i - 1]) = 0.24926686217008798
1152/16384
mean(sgnprob[1:i - 1]) = 0.2528236316246742
1280/16384
mean(sgnprob[1:i - 1]) = 0.26035965598123534
1408/16384
mean(sgnprob[1:i - 1]) = 0.26794598436389483
1536/16384
mean(sgnprob[1:i - 1]) = 0.2586319218241042
1664/16384
mean(sgnprob[1:i - 1]) = 0.25195429945880937
1792/16384
mean(sgnprob[1:i - 1]) = 0.24399776661083195
1920/16384
mean(sgnprob[1:i - 1]) = 0.24544033350703492
2048/16384
mean(sgnprob[1:i - 1]) = 0.23888617489008304
2176/16384
mean(sgnprob[1:i - 1]) = 0.24229885057471265
2304/16384
mean(sgnprob[1:i - 1]) = 0.23751628310898829
2432/16384
mean(sgnprob[1:i - 1]) = 0.24146441793500617
2560/16384
mean(sgnprob[1:i - 1]) = 0.23563892145369286
2688/16384
mean(sgnprob[1:i - 1]) = 0.24302195757350203
2816/16384
mean(sgnprob[1:i - 1]) = 0.2447602131438721
2944/16384
mean(sgnprob[1:i - 1]) = 0.2402310567448182
3072/16384
mean(sgnprob[1:i - 1]) = 0.23738196027352654
3200/16384
mean(sgnprob[1:i - 1]) = 0.2366364488902782
3328/16384
mean(sgnprob[1:i - 1]) = 0.24195972347460173
3456/16384
mean(sgnprob[1:i - 1]) = 0.23704775687409552
3584/16384
mean(sgnprob[1:i - 1]) = 0.23751046608986884
3712/16384
mean(sgnprob[1:i - 1]) = 0.23848019401778497
3840/16384
mean(sgnprob[1:i - 1]) = 0.24042719458192238
3968/16384
mean(sgnprob[1:i - 1]) = 0.23871943534156795
4096/16384
mean(sgnprob[1:i - 1]) = 0.2341880341880342
4224/16384
mean(sgnprob[1:i - 1]) = 0.23419370116031257
4352/16384
mean(sgnprob[1:i - 1]) = 0.23373937025971042
4480/16384
mean(sgnprob[1:i - 1]) = 0.23375753516409914
4608/16384
mean(sgnprob[1:i - 1]) = 0.23420881267636207
4736/16384
mean(sgnprob[1:i - 1]) = 0.23632523759239704
4864/16384
mean(sgnprob[1:i - 1]) = 0.23668517376105286
4992/16384
mean(sgnprob[1:i - 1]) = 0.23382087757964337
5120/16384
mean(sgnprob[1:i - 1]) = 0.23344403203750733
5248/16384
mean(sgnprob[1:i - 1]) = 0.23270440251572327
5376/16384
mean(sgnprob[1:i - 1]) = 0.232
5504/16384
mean(sgnprob[1:i - 1]) = 0.23350899509358533
5632/16384
mean(sgnprob[1:i - 1]) = 0.2349493873201918
5760/16384
mean(sgnprob[1:i - 1]) = 0.2338947733981594
5888/16384
mean(sgnprob[1:i - 1]) = 0.2369627993884831
6016/16384
mean(sgnprob[1:i - 1]) = 0.23325020781379885
6144/16384
mean(sgnprob[1:i - 1]) = 0.2329480709750936
6272/16384
mean(sgnprob[1:i - 1]) = 0.2345718386222293
6400/16384
mean(sgnprob[1:i - 1]) = 0.23394280356305672
6528/16384
mean(sgnprob[1:i - 1]) = 0.23272560134824574
6656/16384
mean(sgnprob[1:i - 1]) = 0.23035311795642374
6784/16384
mean(sgnprob[1:i - 1]) = 0.23308270676691728
6912/16384
mean(sgnprob[1:i - 1]) = 0.23542179134712776
7040/16384
mean(sgnprob[1:i - 1]) = 0.23568688734195198
7168/16384
mean(sgnprob[1:i - 1]) = 0.23594251430166038
7296/16384
mean(sgnprob[1:i - 1]) = 0.23481836874571624
7424/16384
mean(sgnprob[1:i - 1]) = 0.2361578876465041
7552/16384
mean(sgnprob[1:i - 1]) = 0.2377168586942127
7680/16384
mean(sgnprob[1:i - 1]) = 0.23792160437556972
7808/16384
mean(sgnprob[1:i - 1]) = 0.2345331113103625
7936/16384
mean(sgnprob[1:i - 1]) = 0.2350346565847511
8064/16384
mean(sgnprob[1:i - 1]) = 0.23477613791392782
8192/16384
mean(sgnprob[1:i - 1]) = 0.23721157367842755
8320/16384
mean(sgnprob[1:i - 1]) = 0.23788916937131868
8448/16384
mean(sgnprob[1:i - 1]) = 0.2368888362732331
8576/16384
mean(sgnprob[1:i - 1]) = 0.23801749271137027
8704/16384
mean(sgnprob[1:i - 1]) = 0.23842353211536252
8832/16384
mean(sgnprob[1:i - 1]) = 0.23836485109274147
8960/16384
mean(sgnprob[1:i - 1]) = 0.2362986940506753
9088/16384
mean(sgnprob[1:i - 1]) = 0.23429074502035876
9216/16384
mean(sgnprob[1:i - 1]) = 0.2332067281606077
9344/16384
mean(sgnprob[1:i - 1]) = 0.23151022155624532
9472/16384
mean(sgnprob[1:i - 1]) = 0.23218245169464682
9600/16384
mean(sgnprob[1:i - 1]) = 0.2328367538285238
9728/16384
mean(sgnprob[1:i - 1]) = 0.23162331654158527
9856/16384
mean(sgnprob[1:i - 1]) = 0.2336884830035515
9984/16384
mean(sgnprob[1:i - 1]) = 0.2334969448061705
10112/16384
mean(sgnprob[1:i - 1]) = 0.23251903867075463
10240/16384
mean(sgnprob[1:i - 1]) = 0.23156558257642348
10368/16384
mean(sgnprob[1:i - 1]) = 0.23121443040416706
10496/16384
mean(sgnprob[1:i - 1]) = 0.23030014292520248
10624/16384
mean(sgnprob[1:i - 1]) = 0.2303492422102984
10752/16384
mean(sgnprob[1:i - 1]) = 0.2309552599758162
10880/16384
mean(sgnprob[1:i - 1]) = 0.2295247724974722
11008/16384
mean(sgnprob[1:i - 1]) = 0.22867266285091306
11136/16384
mean(sgnprob[1:i - 1]) = 0.23035473731477324
11264/16384
mean(sgnprob[1:i - 1]) = 0.23093314392257835
11392/16384
mean(sgnprob[1:i - 1]) = 0.23097181985778245
11520/16384
mean(sgnprob[1:i - 1]) = 0.22927337442486326
11648/16384
mean(sgnprob[1:i - 1]) = 0.22898600497982313
11776/16384
mean(sgnprob[1:i - 1]) = 0.23040339702760085
11904/16384
mean(sgnprob[1:i - 1]) = 0.23011005628833067
12032/16384
mean(sgnprob[1:i - 1]) = 0.23098661790374864
12160/16384
mean(sgnprob[1:i - 1]) = 0.23151574965046468
12288/16384
mean(sgnprob[1:i - 1]) = 0.2310572149426223
12416/16384
mean(sgnprob[1:i - 1]) = 0.23189689891260573
12544/16384
mean(sgnprob[1:i - 1]) = 0.23271944510882564
12672/16384
mean(sgnprob[1:i - 1]) = 0.23352537289874517
12800/16384
mean(sgnprob[1:i - 1]) = 0.23337760762559576
12928/16384
mean(sgnprob[1:i - 1]) = 0.23369691343699234
13056/16384
mean(sgnprob[1:i - 1]) = 0.2338567598621218
13184/16384
mean(sgnprob[1:i - 1]) = 0.23446863384662064
13312/16384
mean(sgnprob[1:i - 1]) = 0.23476823679663436
13440/16384
mean(sgnprob[1:i - 1]) = 0.23491331200238114
13568/16384
mean(sgnprob[1:i - 1]) = 0.23549789931451315
13696/16384
mean(sgnprob[1:i - 1]) = 0.2362175976633808
13824/16384
mean(sgnprob[1:i - 1]) = 0.2360558489474065
13952/16384
mean(sgnprob[1:i - 1]) = 0.23704393950254463
14080/16384
mean(sgnprob[1:i - 1]) = 0.23716173023652248
14208/16384
mean(sgnprob[1:i - 1]) = 0.23657352009572746
14336/16384
mean(sgnprob[1:i - 1]) = 0.23641437042204394
14464/16384
mean(sgnprob[1:i - 1]) = 0.23556661826730277
14592/16384
mean(sgnprob[1:i - 1]) = 0.2343225275854979
14720/16384
mean(sgnprob[1:i - 1]) = 0.2337794687139072
14848/16384
mean(sgnprob[1:i - 1]) = 0.23270694416380414
14976/16384
mean(sgnprob[1:i - 1]) = 0.2323205342237062
15104/16384
mean(sgnprob[1:i - 1]) = 0.23233794610342315
15232/16384
mean(sgnprob[1:i - 1]) = 0.23235506532729303
15360/16384
mean(sgnprob[1:i - 1]) = 0.2318510319682271
15488/16384
mean(sgnprob[1:i - 1]) = 0.23122618970749662
15616/16384
mean(sgnprob[1:i - 1]) = 0.2313800832532821
15744/16384
mean(sgnprob[1:i - 1]) = 0.23102331194816744
15872/16384
mean(sgnprob[1:i - 1]) = 0.2301682313653834
16000/16384
mean(sgnprob[1:i - 1]) = 0.2297018563660229
16128/16384
mean(sgnprob[1:i - 1]) = 0.2293669002294289
16256/16384
mean(sgnprob[1:i - 1]) = 0.2291602583820363
16384/16384
mean(sgnprob[1:i - 1]) = 0.22907892327412563
741.265681 seconds (167.10 M allocations: 70.745 GiB, 1.99% gc time, 1.27% compilation time)
