## SLURM PROLOG ###############################################################
##    Job ID : 8834054
##  Job Name : sbatch_etgent.sh
##  Nodelist : node1733
##      CPUs : 8
##  Mem/Node : 4096 MB
## Directory : /oscar/home/trazzaz/AFQMC
##   Job Started : Fri Feb 28 05:38:28 AM EST 2025
###############################################################################
seed = 1608
U = 2.0
β = 6.0
Warming up
128/1024
256/1024
384/1024
512/1024
640/1024
768/1024
896/1024
1024/1024
Measuring
128/16384
mean(sgnprob[1:i - 1]) = 0.4330708661417323
256/16384
mean(sgnprob[1:i - 1]) = 0.3176470588235294
384/16384
mean(sgnprob[1:i - 1]) = 0.31070496083550914
512/16384
mean(sgnprob[1:i - 1]) = 0.33072407045009783
640/16384
mean(sgnprob[1:i - 1]) = 0.20187793427230047
768/16384
mean(sgnprob[1:i - 1]) = 0.16558018252933507
896/16384
mean(sgnprob[1:i - 1]) = 0.1888268156424581
1024/16384
mean(sgnprob[1:i - 1]) = 0.21603128054740958
1152/16384
mean(sgnprob[1:i - 1]) = 0.22502172024326672
1280/16384
mean(sgnprob[1:i - 1]) = 0.24472243940578578
1408/16384
mean(sgnprob[1:i - 1]) = 0.2537313432835821
1536/16384
mean(sgnprob[1:i - 1]) = 0.2521172638436482
1664/16384
mean(sgnprob[1:i - 1]) = 0.2242934455802766
1792/16384
mean(sgnprob[1:i - 1]) = 0.23059743160245672
1920/16384
mean(sgnprob[1:i - 1]) = 0.19332985930171964
2048/16384
mean(sgnprob[1:i - 1]) = 0.16463116756228627
2176/16384
mean(sgnprob[1:i - 1]) = 0.13655172413793104
2304/16384
mean(sgnprob[1:i - 1]) = 0.13243595310464612
2432/16384
mean(sgnprob[1:i - 1]) = 0.13944878650761003
2560/16384
mean(sgnprob[1:i - 1]) = 0.1488862837045721
2688/16384
mean(sgnprob[1:i - 1]) = 0.13286192780052103
2816/16384
mean(sgnprob[1:i - 1]) = 0.12682060390763766
2944/16384
mean(sgnprob[1:i - 1]) = 0.11450900441726129
3072/16384
mean(sgnprob[1:i - 1]) = 0.1162487788993813
3200/16384
mean(sgnprob[1:i - 1]) = 0.11472335104720226
3328/16384
mean(sgnprob[1:i - 1]) = 0.11812443642921551
3456/16384
mean(sgnprob[1:i - 1]) = 0.10564399421128799
3584/16384
mean(sgnprob[1:i - 1]) = 0.09461345241417807
3712/16384
mean(sgnprob[1:i - 1]) = 0.09781729991915926
3840/16384
mean(sgnprob[1:i - 1]) = 0.09872362594425632
3968/16384
mean(sgnprob[1:i - 1]) = 0.10209226115452483
4096/16384
mean(sgnprob[1:i - 1]) = 0.10964590964590964
4224/16384
mean(sgnprob[1:i - 1]) = 0.11247928013260715
4352/16384
mean(sgnprob[1:i - 1]) = 0.12020225235578028
4480/16384
mean(sgnprob[1:i - 1]) = 0.12257200267916946
4608/16384
mean(sgnprob[1:i - 1]) = 0.10440633818102887
4736/16384
mean(sgnprob[1:i - 1]) = 0.11003167898627243
4864/16384
mean(sgnprob[1:i - 1]) = 0.0964425251902118
4992/16384
mean(sgnprob[1:i - 1]) = 0.08715688238829894
5120/16384
mean(sgnprob[1:i - 1]) = 0.09279156085172885
5248/16384
mean(sgnprob[1:i - 1]) = 0.08137983609681723
5376/16384
mean(sgnprob[1:i - 1]) = 0.072
5504/16384
mean(sgnprob[1:i - 1]) = 0.07323278211884426
5632/16384
mean(sgnprob[1:i - 1]) = 0.07725093233883858
5760/16384
mean(sgnprob[1:i - 1]) = 0.08247959715228338
5888/16384
mean(sgnprob[1:i - 1]) = 0.08612196364871752
6016/16384
mean(sgnprob[1:i - 1]) = 0.08694929343308395
6144/16384
mean(sgnprob[1:i - 1]) = 0.08904444082695752
6272/16384
mean(sgnprob[1:i - 1]) = 0.09201084356561952
6400/16384
mean(sgnprob[1:i - 1]) = 0.09579621815908736
6528/16384
mean(sgnprob[1:i - 1]) = 0.08717634441550483
6656/16384
mean(sgnprob[1:i - 1]) = 0.08730277986476334
6784/16384
mean(sgnprob[1:i - 1]) = 0.08889871738168952
6912/16384
mean(sgnprob[1:i - 1]) = 0.09159311242946028
7040/16384
mean(sgnprob[1:i - 1]) = 0.09333712175024861
7168/16384
mean(sgnprob[1:i - 1]) = 0.09585600669736291
7296/16384
mean(sgnprob[1:i - 1]) = 0.09198080877313228
7424/16384
mean(sgnprob[1:i - 1]) = 0.09281961471103327
7552/16384
mean(sgnprob[1:i - 1]) = 0.08753807442722818
7680/16384
mean(sgnprob[1:i - 1]) = 0.08086990493553849
7808/16384
mean(sgnprob[1:i - 1]) = 0.07313949020110158
7936/16384
mean(sgnprob[1:i - 1]) = 0.0661625708884688
8064/16384
mean(sgnprob[1:i - 1]) = 0.05841498201661913
8192/16384
mean(sgnprob[1:i - 1]) = 0.051642046148211454
8320/16384
mean(sgnprob[1:i - 1]) = 0.05517490082942662
8448/16384
mean(sgnprob[1:i - 1]) = 0.05718006392802178
8576/16384
mean(sgnprob[1:i - 1]) = 0.05889212827988338
8704/16384
mean(sgnprob[1:i - 1]) = 0.06308169596690796
8832/16384
mean(sgnprob[1:i - 1]) = 0.05741139168837051
8960/16384
mean(sgnprob[1:i - 1]) = 0.05234959258845853
9088/16384
mean(sgnprob[1:i - 1]) = 0.05469351821283152
9216/16384
mean(sgnprob[1:i - 1]) = 0.05718936516549105
9344/16384
mean(sgnprob[1:i - 1]) = 0.06004495344107888
9472/16384
mean(sgnprob[1:i - 1]) = 0.062401013620525816
9600/16384
mean(sgnprob[1:i - 1]) = 0.0665694343160746
9728/16384
mean(sgnprob[1:i - 1]) = 0.061992392310064766
9856/16384
mean(sgnprob[1:i - 1]) = 0.06443429731100964
9984/16384
mean(sgnprob[1:i - 1]) = 0.06060302514274266
10112/16384
mean(sgnprob[1:i - 1]) = 0.06339630105825339
10240/16384
mean(sgnprob[1:i - 1]) = 0.06690106455708565
10368/16384
mean(sgnprob[1:i - 1]) = 0.06858300376193692
10496/16384
mean(sgnprob[1:i - 1]) = 0.06488804192472605
10624/16384
mean(sgnprob[1:i - 1]) = 0.06824814082650851
10752/16384
mean(sgnprob[1:i - 1]) = 0.06427309087526742
10880/16384
mean(sgnprob[1:i - 1]) = 0.06664215460979869
11008/16384
mean(sgnprob[1:i - 1]) = 0.06931952393931134
11136/16384
mean(sgnprob[1:i - 1]) = 0.0652896273013022
11264/16384
mean(sgnprob[1:i - 1]) = 0.06561306934209359
11392/16384
mean(sgnprob[1:i - 1]) = 0.06083750329207269
11520/16384
mean(sgnprob[1:i - 1]) = 0.06224498654397083
11648/16384
mean(sgnprob[1:i - 1]) = 0.0634498154031081
11776/16384
mean(sgnprob[1:i - 1]) = 0.058174097664543525
11904/16384
mean(sgnprob[1:i - 1]) = 0.06124506426951189
12032/16384
mean(sgnprob[1:i - 1]) = 0.06425068572853462
12160/16384
mean(sgnprob[1:i - 1]) = 0.06735751295336788
12288/16384
mean(sgnprob[1:i - 1]) = 0.07105070399609344
12416/16384
mean(sgnprob[1:i - 1]) = 0.06967378171566653
12544/16384
mean(sgnprob[1:i - 1]) = 0.07199234632862951
12672/16384
mean(sgnprob[1:i - 1]) = 0.07394838607844685
12800/16384
mean(sgnprob[1:i - 1]) = 0.07539651535276193
12928/16384
mean(sgnprob[1:i - 1]) = 0.07697068151930068
13056/16384
mean(sgnprob[1:i - 1]) = 0.0794331673688242
13184/16384
mean(sgnprob[1:i - 1]) = 0.08093757111431389
13312/16384
mean(sgnprob[1:i - 1]) = 0.08256329351664038
13440/16384
mean(sgnprob[1:i - 1]) = 0.08460450926408215
13568/16384
mean(sgnprob[1:i - 1]) = 0.08675462519348419
13696/16384
mean(sgnprob[1:i - 1]) = 0.08930266520627966
13824/16384
mean(sgnprob[1:i - 1]) = 0.09021196556463865
13952/16384
mean(sgnprob[1:i - 1]) = 0.09153465701383413
14080/16384
mean(sgnprob[1:i - 1]) = 0.0931174089068826
14208/16384
mean(sgnprob[1:i - 1]) = 0.09410853804462589
14336/16384
mean(sgnprob[1:i - 1]) = 0.08964073944890129
14464/16384
mean(sgnprob[1:i - 1]) = 0.09036852658507917
14592/16384
mean(sgnprob[1:i - 1]) = 0.09135768624494552
14720/16384
mean(sgnprob[1:i - 1]) = 0.09436782390108024
14848/16384
mean(sgnprob[1:i - 1]) = 0.09584427830538156
14976/16384
mean(sgnprob[1:i - 1]) = 0.09702838063439065
15104/16384
mean(sgnprob[1:i - 1]) = 0.0972654439515328
15232/16384
mean(sgnprob[1:i - 1]) = 0.09881163416715909
15360/16384
mean(sgnprob[1:i - 1]) = 0.09981118562406406
15488/16384
mean(sgnprob[1:i - 1]) = 0.09808226254277781
15616/16384
mean(sgnprob[1:i - 1]) = 0.0952289465257765
15744/16384
mean(sgnprob[1:i - 1]) = 0.09648732770120054
15872/16384
mean(sgnprob[1:i - 1]) = 0.09470102703043287
16000/16384
mean(sgnprob[1:i - 1]) = 0.09569348084255266
16128/16384
mean(sgnprob[1:i - 1]) = 0.09803435232839337
16256/16384
mean(sgnprob[1:i - 1]) = 0.09996924023377422
16384/16384
mean(sgnprob[1:i - 1]) = 0.10272843801501556
746.444156 seconds (167.11 M allocations: 70.745 GiB, 1.73% gc time, 1.24% compilation time)
