## SLURM PROLOG ###############################################################
##    Job ID : 8833906
##  Job Name : sbatch_etgent.sh
##  Nodelist : node1327
##      CPUs : 8
##  Mem/Node : 4096 MB
## Directory : /oscar/home/trazzaz/AFQMC
##   Job Started : Fri Feb 28 01:32:48 AM EST 2025
###############################################################################
seed = 1460
U = 2.0
β = 6.0
Warming up
128/1024
256/1024
384/1024
512/1024
640/1024
768/1024
896/1024
1024/1024
Measuring
128/16384
mean(sgnprob[1:i - 1]) = 0.7165354330708661
256/16384
mean(sgnprob[1:i - 1]) = 0.592156862745098
384/16384
mean(sgnprob[1:i - 1]) = 0.608355091383812
512/16384
mean(sgnprob[1:i - 1]) = 0.5772994129158513
640/16384
mean(sgnprob[1:i - 1]) = 0.3458528951486698
768/16384
mean(sgnprob[1:i - 1]) = 0.37157757496740546
896/16384
mean(sgnprob[1:i - 1]) = 0.39888268156424583
1024/16384
mean(sgnprob[1:i - 1]) = 0.3978494623655914
1152/16384
mean(sgnprob[1:i - 1]) = 0.3987836663770634
1280/16384
mean(sgnprob[1:i - 1]) = 0.40578577013291633
1408/16384
mean(sgnprob[1:i - 1]) = 0.40014214641080315
1536/16384
mean(sgnprob[1:i - 1]) = 0.4058631921824104
1664/16384
mean(sgnprob[1:i - 1]) = 0.3301262778111846
1792/16384
mean(sgnprob[1:i - 1]) = 0.33668341708542715
1920/16384
mean(sgnprob[1:i - 1]) = 0.27670661803022406
2048/16384
mean(sgnprob[1:i - 1]) = 0.22911577918905715
2176/16384
mean(sgnprob[1:i - 1]) = 0.2514942528735632
2304/16384
mean(sgnprob[1:i - 1]) = 0.2713851498046027
2432/16384
mean(sgnprob[1:i - 1]) = 0.29082682023858497
2560/16384
mean(sgnprob[1:i - 1]) = 0.3051973427119969
2688/16384
mean(sgnprob[1:i - 1]) = 0.3122441384443617
2816/16384
mean(sgnprob[1:i - 1]) = 0.32007104795737124
2944/16384
mean(sgnprob[1:i - 1]) = 0.32993544002718317
3072/16384
mean(sgnprob[1:i - 1]) = 0.29469228264408986
3200/16384
mean(sgnprob[1:i - 1]) = 0.2647702407002188
3328/16384
mean(sgnprob[1:i - 1]) = 0.27201683198076343
3456/16384
mean(sgnprob[1:i - 1]) = 0.24283646888567295
3584/16384
mean(sgnprob[1:i - 1]) = 0.2497906782026235
3712/16384
mean(sgnprob[1:i - 1]) = 0.26596604688763137
3840/16384
mean(sgnprob[1:i - 1]) = 0.2737692107319614
3968/16384
mean(sgnprob[1:i - 1]) = 0.24628182505671792
4096/16384
mean(sgnprob[1:i - 1]) = 0.2532356532356532
4224/16384
mean(sgnprob[1:i - 1]) = 0.2592943405162207
4352/16384
mean(sgnprob[1:i - 1]) = 0.26545621696161803
4480/16384
mean(sgnprob[1:i - 1]) = 0.2726054922973878
4608/16384
mean(sgnprob[1:i - 1]) = 0.2784892554807901
4736/16384
mean(sgnprob[1:i - 1]) = 0.28489968321013726
4864/16384
mean(sgnprob[1:i - 1]) = 0.29261772568373434
4992/16384
mean(sgnprob[1:i - 1]) = 0.27148867962332196
5120/16384
mean(sgnprob[1:i - 1]) = 0.2752490720843915
5248/16384
mean(sgnprob[1:i - 1]) = 0.2807318467695826
5376/16384
mean(sgnprob[1:i - 1]) = 0.2848372093023256
5504/16384
mean(sgnprob[1:i - 1]) = 0.2920225331637289
5632/16384
mean(sgnprob[1:i - 1]) = 0.2974604865920796
5760/16384
mean(sgnprob[1:i - 1]) = 0.2797360652891127
5888/16384
mean(sgnprob[1:i - 1]) = 0.28418549346016647
6016/16384
mean(sgnprob[1:i - 1]) = 0.28744804655029094
6144/16384
mean(sgnprob[1:i - 1]) = 0.2716913560149764
6272/16384
mean(sgnprob[1:i - 1]) = 0.2553021846595439
6400/16384
mean(sgnprob[1:i - 1]) = 0.2580090639162369
6528/16384
mean(sgnprob[1:i - 1]) = 0.26060977478167613
6656/16384
mean(sgnprob[1:i - 1]) = 0.26611570247933886
6784/16384
mean(sgnprob[1:i - 1]) = 0.2722983930414271
6912/16384
mean(sgnprob[1:i - 1]) = 0.277094487049631
7040/16384
mean(sgnprob[1:i - 1]) = 0.28114789032533033
7168/16384
mean(sgnprob[1:i - 1]) = 0.26552253383563557
7296/16384
mean(sgnprob[1:i - 1]) = 0.26881425633995887
7424/16384
mean(sgnprob[1:i - 1]) = 0.27414791863128113
7552/16384
mean(sgnprob[1:i - 1]) = 0.27612236789829164
7680/16384
mean(sgnprob[1:i - 1]) = 0.26396666232582366
7808/16384
mean(sgnprob[1:i - 1]) = 0.2688612783399513
7936/16384
mean(sgnprob[1:i - 1]) = 0.27233774417139256
8064/16384
mean(sgnprob[1:i - 1]) = 0.2739675058911075
8192/16384
mean(sgnprob[1:i - 1]) = 0.2774996947869613
8320/16384
mean(sgnprob[1:i - 1]) = 0.2821252554393557
8448/16384
mean(sgnprob[1:i - 1]) = 0.2707470107730555
8576/16384
mean(sgnprob[1:i - 1]) = 0.2737026239067055
8704/16384
mean(sgnprob[1:i - 1]) = 0.2623233367804205
8832/16384
mean(sgnprob[1:i - 1]) = 0.2680330653380138
8960/16384
mean(sgnprob[1:i - 1]) = 0.2720169661792611
9088/16384
mean(sgnprob[1:i - 1]) = 0.26290304831077366
9216/16384
mean(sgnprob[1:i - 1]) = 0.26684753119913185
9344/16384
mean(sgnprob[1:i - 1]) = 0.25484319811623674
9472/16384
mean(sgnprob[1:i - 1]) = 0.2450638792102207
9600/16384
mean(sgnprob[1:i - 1]) = 0.2480466715282842
9728/16384
mean(sgnprob[1:i - 1]) = 0.25197902744936773
9856/16384
mean(sgnprob[1:i - 1]) = 0.25459157787924913
9984/16384
mean(sgnprob[1:i - 1]) = 0.25773815486326757
10112/16384
mean(sgnprob[1:i - 1]) = 0.26199189002076945
10240/16384
mean(sgnprob[1:i - 1]) = 0.26359996093368493
10368/16384
mean(sgnprob[1:i - 1]) = 0.2667116812964213
10496/16384
mean(sgnprob[1:i - 1]) = 0.26688899475940925
10624/16384
mean(sgnprob[1:i - 1]) = 0.2687564718064577
10752/16384
mean(sgnprob[1:i - 1]) = 0.2601618454097293
10880/16384
mean(sgnprob[1:i - 1]) = 0.25121794282562737
11008/16384
mean(sgnprob[1:i - 1]) = 0.24139184155537385
11136/16384
mean(sgnprob[1:i - 1]) = 0.24418500224517287
11264/16384
mean(sgnprob[1:i - 1]) = 0.246204386042795
11392/16384
mean(sgnprob[1:i - 1]) = 0.2494074269159863
11520/16384
mean(sgnprob[1:i - 1]) = 0.25236565674103656
11648/16384
mean(sgnprob[1:i - 1]) = 0.2562891731776423
11776/16384
mean(sgnprob[1:i - 1]) = 0.25825902335456474
11904/16384
mean(sgnprob[1:i - 1]) = 0.26102663194152737
12032/16384
mean(sgnprob[1:i - 1]) = 0.2627379270218602
12160/16384
mean(sgnprob[1:i - 1]) = 0.2632617813964964
12288/16384
mean(sgnprob[1:i - 1]) = 0.254984943436152
12416/16384
mean(sgnprob[1:i - 1]) = 0.24671768022553364
12544/16384
mean(sgnprob[1:i - 1]) = 0.2489834967711074
12672/16384
mean(sgnprob[1:i - 1]) = 0.25199273932602007
12800/16384
mean(sgnprob[1:i - 1]) = 0.25494179232752556
12928/16384
mean(sgnprob[1:i - 1]) = 0.25814187359789587
13056/16384
mean(sgnprob[1:i - 1]) = 0.25055534278054387
13184/16384
mean(sgnprob[1:i - 1]) = 0.2538875824926041
13312/16384
mean(sgnprob[1:i - 1]) = 0.24784013222147097
13440/16384
mean(sgnprob[1:i - 1]) = 0.24041967408289308
13568/16384
mean(sgnprob[1:i - 1]) = 0.2430161421095305
13696/16384
mean(sgnprob[1:i - 1]) = 0.24556407447973713
13824/16384
mean(sgnprob[1:i - 1]) = 0.24806481950372566
13952/16384
mean(sgnprob[1:i - 1]) = 0.2503763171098846
14080/16384
mean(sgnprob[1:i - 1]) = 0.2527878400454578
14208/16384
mean(sgnprob[1:i - 1]) = 0.2540297036672063
14336/16384
mean(sgnprob[1:i - 1]) = 0.2551098709452389
14464/16384
mean(sgnprob[1:i - 1]) = 0.2477356011892415
14592/16384
mean(sgnprob[1:i - 1]) = 0.2398053594681653
14720/16384
mean(sgnprob[1:i - 1]) = 0.2426115904613085
14848/16384
mean(sgnprob[1:i - 1]) = 0.24402236141981545
14976/16384
mean(sgnprob[1:i - 1]) = 0.24607679465776294
15104/16384
mean(sgnprob[1:i - 1]) = 0.23935641925445275
15232/16384
mean(sgnprob[1:i - 1]) = 0.24089028954106756
15360/16384
mean(sgnprob[1:i - 1]) = 0.24422162901230549
15488/16384
mean(sgnprob[1:i - 1]) = 0.24607735520113644
15616/16384
mean(sgnprob[1:i - 1]) = 0.24726224783861672
15744/16384
mean(sgnprob[1:i - 1]) = 0.24957123801054437
15872/16384
mean(sgnprob[1:i - 1]) = 0.25234704807510555
16000/16384
mean(sgnprob[1:i - 1]) = 0.2543283955247203
16128/16384
mean(sgnprob[1:i - 1]) = 0.25677435356854966
16256/16384
mean(sgnprob[1:i - 1]) = 0.25770532143955704
16384/16384
mean(sgnprob[1:i - 1]) = 0.25862174204968563
791.405873 seconds (167.11 M allocations: 70.745 GiB, 1.69% gc time, 1.21% compilation time)
