## SLURM PROLOG ###############################################################
##    Job ID : 8833853
##  Job Name : sbatch_etgent.sh
##  Nodelist : node1733
##      CPUs : 8
##  Mem/Node : 4096 MB
## Directory : /oscar/home/trazzaz/AFQMC
##   Job Started : Fri Feb 28 12:08:54 AM EST 2025
###############################################################################
seed = 1407
U = 2.0
β = 6.0
Warming up
128/1024
256/1024
384/1024
512/1024
640/1024
768/1024
896/1024
1024/1024
Measuring
128/16384
mean(sgnprob[1:i - 1]) = 0.6850393700787402
256/16384
mean(sgnprob[1:i - 1]) = 0.6078431372549019
384/16384
mean(sgnprob[1:i - 1]) = 0.5822454308093995
512/16384
mean(sgnprob[1:i - 1]) = 0.589041095890411
640/16384
mean(sgnprob[1:i - 1]) = 0.5618153364632238
768/16384
mean(sgnprob[1:i - 1]) = 0.5697522816166884
896/16384
mean(sgnprob[1:i - 1]) = 0.40558659217877097
1024/16384
mean(sgnprob[1:i - 1]) = 0.4291300097751711
1152/16384
mean(sgnprob[1:i - 1]) = 0.4439617723718506
1280/16384
mean(sgnprob[1:i - 1]) = 0.4698983580922596
1408/16384
mean(sgnprob[1:i - 1]) = 0.47547974413646055
1536/16384
mean(sgnprob[1:i - 1]) = 0.4905537459283388
1664/16384
mean(sgnprob[1:i - 1]) = 0.5045099218280217
1792/16384
mean(sgnprob[1:i - 1]) = 0.5086543830262423
1920/16384
mean(sgnprob[1:i - 1]) = 0.5132881709223553
2048/16384
mean(sgnprob[1:i - 1]) = 0.5144113336590131
2176/16384
mean(sgnprob[1:i - 1]) = 0.519080459770115
2304/16384
mean(sgnprob[1:i - 1]) = 0.5093356491532783
2432/16384
mean(sgnprob[1:i - 1]) = 0.5104895104895105
2560/16384
mean(sgnprob[1:i - 1]) = 0.5076201641266119
2688/16384
mean(sgnprob[1:i - 1]) = 0.5124674358020097
2816/16384
mean(sgnprob[1:i - 1]) = 0.46145648312611015
2944/16384
mean(sgnprob[1:i - 1]) = 0.45905538566089027
3072/16384
mean(sgnprob[1:i - 1]) = 0.465971996092478
3200/16384
mean(sgnprob[1:i - 1]) = 0.47233510472022505
3328/16384
mean(sgnprob[1:i - 1]) = 0.4776074541629095
3456/16384
mean(sgnprob[1:i - 1]) = 0.47901591895803186
3584/16384
mean(sgnprob[1:i - 1]) = 0.4814401339659503
3712/16384
mean(sgnprob[1:i - 1]) = 0.48208030180544326
3840/16384
mean(sgnprob[1:i - 1]) = 0.48580359468611617
3968/16384
mean(sgnprob[1:i - 1]) = 0.48626165868414417
4096/16384
mean(sgnprob[1:i - 1]) = 0.48424908424908425
4224/16384
mean(sgnprob[1:i - 1]) = 0.4880416765332702
4352/16384
mean(sgnprob[1:i - 1]) = 0.4865548149850609
4480/16384
mean(sgnprob[1:i - 1]) = 0.45523554364813573
4608/16384
mean(sgnprob[1:i - 1]) = 0.45474278272194485
4736/16384
mean(sgnprob[1:i - 1]) = 0.457233368532207
4864/16384
mean(sgnprob[1:i - 1]) = 0.45877030639522925
4992/16384
mean(sgnprob[1:i - 1]) = 0.46343418152674815
5120/16384
mean(sgnprob[1:i - 1]) = 0.46395780425864425
5248/16384
mean(sgnprob[1:i - 1]) = 0.4419668381932533
5376/16384
mean(sgnprob[1:i - 1]) = 0.41953488372093023
5504/16384
mean(sgnprob[1:i - 1]) = 0.39705615119025983
5632/16384
mean(sgnprob[1:i - 1]) = 0.400461729710531
5760/16384
mean(sgnprob[1:i - 1]) = 0.4033686403889564
5888/16384
mean(sgnprob[1:i - 1]) = 0.40750806862578565
6016/16384
mean(sgnprob[1:i - 1]) = 0.38753117206982546
6144/16384
mean(sgnprob[1:i - 1]) = 0.3902002279016767
6272/16384
mean(sgnprob[1:i - 1]) = 0.3924413969063945
6400/16384
mean(sgnprob[1:i - 1]) = 0.37365213314580403
6528/16384
mean(sgnprob[1:i - 1]) = 0.35897043051938105
6656/16384
mean(sgnprob[1:i - 1]) = 0.3613824192336589
6784/16384
mean(sgnprob[1:i - 1]) = 0.36547250479139026
6912/16384
mean(sgnprob[1:i - 1]) = 0.3702792649399508
7040/16384
mean(sgnprob[1:i - 1]) = 0.3715016337547947
7168/16384
mean(sgnprob[1:i - 1]) = 0.37268034044928144
7296/16384
mean(sgnprob[1:i - 1]) = 0.3762851267991775
7424/16384
mean(sgnprob[1:i - 1]) = 0.38111275764515695
7552/16384
mean(sgnprob[1:i - 1]) = 0.3841875248311482
7680/16384
mean(sgnprob[1:i - 1]) = 0.38742023701002737
7808/16384
mean(sgnprob[1:i - 1]) = 0.3905469450493147
7936/16384
mean(sgnprob[1:i - 1]) = 0.3943289224952741
8064/16384
mean(sgnprob[1:i - 1]) = 0.3962544958452189
8192/16384
mean(sgnprob[1:i - 1]) = 0.39714320595775854
8320/16384
mean(sgnprob[1:i - 1]) = 0.4008895299915855
8448/16384
mean(sgnprob[1:i - 1]) = 0.403101692908725
8576/16384
mean(sgnprob[1:i - 1]) = 0.4071137026239067
8704/16384
mean(sgnprob[1:i - 1]) = 0.40870964035390095
8832/16384
mean(sgnprob[1:i - 1]) = 0.41229758804212435
8960/16384
mean(sgnprob[1:i - 1]) = 0.4139970978903896
9088/16384
mean(sgnprob[1:i - 1]) = 0.4154286343127545
9216/16384
mean(sgnprob[1:i - 1]) = 0.41899077590884426
9344/16384
mean(sgnprob[1:i - 1]) = 0.4209568661029648
9472/16384
mean(sgnprob[1:i - 1]) = 0.4091437018266287
9600/16384
mean(sgnprob[1:i - 1]) = 0.40931347015314096
9728/16384
mean(sgnprob[1:i - 1]) = 0.4103012233987869
9856/16384
mean(sgnprob[1:i - 1]) = 0.40963977676306446
9984/16384
mean(sgnprob[1:i - 1]) = 0.41360312531303217
10112/16384
mean(sgnprob[1:i - 1]) = 0.4148946691721887
10240/16384
mean(sgnprob[1:i - 1]) = 0.4024807110069343
10368/16384
mean(sgnprob[1:i - 1]) = 0.4048422880293238
10496/16384
mean(sgnprob[1:i - 1]) = 0.4071462601238685
10624/16384
mean(sgnprob[1:i - 1]) = 0.40995952179233736
10752/16384
mean(sgnprob[1:i - 1]) = 0.4119616779834434
10880/16384
mean(sgnprob[1:i - 1]) = 0.41262983730122255
11008/16384
mean(sgnprob[1:i - 1]) = 0.4147360770418824
11136/16384
mean(sgnprob[1:i - 1]) = 0.41787157611136055
11264/16384
mean(sgnprob[1:i - 1]) = 0.41862736393500843
11392/16384
mean(sgnprob[1:i - 1]) = 0.4081292248266175
11520/16384
mean(sgnprob[1:i - 1]) = 0.4081083427380849
11648/16384
mean(sgnprob[1:i - 1]) = 0.4104919721816777
11776/16384
mean(sgnprob[1:i - 1]) = 0.41265392781316346
11904/16384
mean(sgnprob[1:i - 1]) = 0.40166344619003613
12032/16384
mean(sgnprob[1:i - 1]) = 0.40270966669437286
12160/16384
mean(sgnprob[1:i - 1]) = 0.40373385969240894
12288/16384
mean(sgnprob[1:i - 1]) = 0.40555058191584603
12416/16384
mean(sgnprob[1:i - 1]) = 0.40781312927909785
12544/16384
mean(sgnprob[1:i - 1]) = 0.4084349836562226
12672/16384
mean(sgnprob[1:i - 1]) = 0.39941598926682975
12800/16384
mean(sgnprob[1:i - 1]) = 0.4001093835455895
12928/16384
mean(sgnprob[1:i - 1]) = 0.40047961630695444
13056/16384
mean(sgnprob[1:i - 1]) = 0.402834163155879
13184/16384
mean(sgnprob[1:i - 1]) = 0.3933095653493135
13312/16384
mean(sgnprob[1:i - 1]) = 0.39478626699722036
13440/16384
mean(sgnprob[1:i - 1]) = 0.3960860183049334
13568/16384
mean(sgnprob[1:i - 1]) = 0.3966241615685118
13696/16384
mean(sgnprob[1:i - 1]) = 0.3878057685286601
13824/16384
mean(sgnprob[1:i - 1]) = 0.38812124719670116
13952/16384
mean(sgnprob[1:i - 1]) = 0.3785391728191527
14080/16384
mean(sgnprob[1:i - 1]) = 0.3789331628666809
14208/16384
mean(sgnprob[1:i - 1]) = 0.38044625888646444
14336/16384
mean(sgnprob[1:i - 1]) = 0.3732821764911057
14464/16384
mean(sgnprob[1:i - 1]) = 0.37398879900435594
14592/16384
mean(sgnprob[1:i - 1]) = 0.3763278733465835
14720/16384
mean(sgnprob[1:i - 1]) = 0.3776751137984917
14848/16384
mean(sgnprob[1:i - 1]) = 0.37738263622280593
14976/16384
mean(sgnprob[1:i - 1]) = 0.37949916527545907
15104/16384
mean(sgnprob[1:i - 1]) = 0.380785274448785
15232/16384
mean(sgnprob[1:i - 1]) = 0.38244370034797454
15360/16384
mean(sgnprob[1:i - 1]) = 0.38329318314994465
15488/16384
mean(sgnprob[1:i - 1]) = 0.38529088913282106
15616/16384
mean(sgnprob[1:i - 1]) = 0.3776496958053154
15744/16384
mean(sgnprob[1:i - 1]) = 0.3791526392682462
15872/16384
mean(sgnprob[1:i - 1]) = 0.3797492281519753
16000/16384
mean(sgnprob[1:i - 1]) = 0.3809613100818801
16128/16384
mean(sgnprob[1:i - 1]) = 0.38190612017114156
16256/16384
mean(sgnprob[1:i - 1]) = 0.38345124577053213
16384/16384
mean(sgnprob[1:i - 1]) = 0.3842397607275835
736.104263 seconds (167.11 M allocations: 70.745 GiB, 1.42% gc time, 1.22% compilation time)
