## SLURM PROLOG ###############################################################
##    Job ID : 8833964
##  Job Name : sbatch_etgent.sh
##  Nodelist : node1736
##      CPUs : 8
##  Mem/Node : 4096 MB
## Directory : /oscar/home/trazzaz/AFQMC
##   Job Started : Fri Feb 28 03:06:59 AM EST 2025
###############################################################################
seed = 1518
U = 2.0
β = 6.0
Warming up
128/1024
256/1024
384/1024
512/1024
640/1024
768/1024
896/1024
1024/1024
Measuring
128/16384
mean(sgnprob[1:i - 1]) = 0.25984251968503935
256/16384
mean(sgnprob[1:i - 1]) = -0.03529411764705882
384/16384
mean(sgnprob[1:i - 1]) = -0.14360313315926893
512/16384
mean(sgnprob[1:i - 1]) = -0.17025440313111545
640/16384
mean(sgnprob[1:i - 1]) = -0.19248826291079812
768/16384
mean(sgnprob[1:i - 1]) = -0.11603650586701435
896/16384
mean(sgnprob[1:i - 1]) = -0.05251396648044693
1024/16384
mean(sgnprob[1:i - 1]) = -0.01857282502443793
1152/16384
mean(sgnprob[1:i - 1]) = 0.03388357949609035
1280/16384
mean(sgnprob[1:i - 1]) = 0.06489444878811572
1408/16384
mean(sgnprob[1:i - 1]) = 0.07604832977967306
1536/16384
mean(sgnprob[1:i - 1]) = 0.09446254071661238
1664/16384
mean(sgnprob[1:i - 1]) = 0.052315093205051115
1792/16384
mean(sgnprob[1:i - 1]) = 0.07537688442211055
1920/16384
mean(sgnprob[1:i - 1]) = 0.09327774882751433
2048/16384
mean(sgnprob[1:i - 1]) = 0.10698583292623351
2176/16384
mean(sgnprob[1:i - 1]) = 0.12183908045977011
2304/16384
mean(sgnprob[1:i - 1]) = 0.12375162831089882
2432/16384
mean(sgnprob[1:i - 1]) = 0.13286713286713286
2560/16384
mean(sgnprob[1:i - 1]) = 0.1395076201641266
2688/16384
mean(sgnprob[1:i - 1]) = 0.11723111276516561
2816/16384
mean(sgnprob[1:i - 1]) = 0.12468916518650089
2944/16384
mean(sgnprob[1:i - 1]) = 0.1308188922867822
3072/16384
mean(sgnprob[1:i - 1]) = 0.13904265711494626
3200/16384
mean(sgnprob[1:i - 1]) = 0.11784932791497343
3328/16384
mean(sgnprob[1:i - 1]) = 0.12593928464081755
3456/16384
mean(sgnprob[1:i - 1]) = 0.11085383502170768
3584/16384
mean(sgnprob[1:i - 1]) = 0.12029025955902875
3712/16384
mean(sgnprob[1:i - 1]) = 0.12530315278900567
3840/16384
mean(sgnprob[1:i - 1]) = 0.11018494399583224
3968/16384
mean(sgnprob[1:i - 1]) = 0.11520040332745148
4096/16384
mean(sgnprob[1:i - 1]) = 0.11746031746031746
4224/16384
mean(sgnprob[1:i - 1]) = 0.1281079801089273
4352/16384
mean(sgnprob[1:i - 1]) = 0.13491151459434614
4480/16384
mean(sgnprob[1:i - 1]) = 0.11855324849296718
4608/16384
mean(sgnprob[1:i - 1]) = 0.1265465595832429
4736/16384
mean(sgnprob[1:i - 1]) = 0.13199577613516367
4864/16384
mean(sgnprob[1:i - 1]) = 0.13345671396257455
4992/16384
mean(sgnprob[1:i - 1]) = 0.1388499298737728
5120/16384
mean(sgnprob[1:i - 1]) = 0.13928501660480563
5248/16384
mean(sgnprob[1:i - 1]) = 0.12826376977320372
5376/16384
mean(sgnprob[1:i - 1]) = 0.13413953488372093
5504/16384
mean(sgnprob[1:i - 1]) = 0.1401053970561512
5632/16384
mean(sgnprob[1:i - 1]) = 0.13265849760255727
5760/16384
mean(sgnprob[1:i - 1]) = 0.1206806737280778
5888/16384
mean(sgnprob[1:i - 1]) = 0.1258705622558179
6016/16384
mean(sgnprob[1:i - 1]) = 0.1172069825436409
6144/16384
mean(sgnprob[1:i - 1]) = 0.10857887025883119
6272/16384
mean(sgnprob[1:i - 1]) = 0.10891404879604528
6400/16384
mean(sgnprob[1:i - 1]) = 0.11173620878262229
6528/16384
mean(sgnprob[1:i - 1]) = 0.11444767887237628
6656/16384
mean(sgnprob[1:i - 1]) = 0.1197595792637115
6784/16384
mean(sgnprob[1:i - 1]) = 0.12457614624797288
6912/16384
mean(sgnprob[1:i - 1]) = 0.11792794096368109
7040/16384
mean(sgnprob[1:i - 1]) = 0.10924847279443102
7168/16384
mean(sgnprob[1:i - 1]) = 0.11399469792102693
7296/16384
mean(sgnprob[1:i - 1]) = 0.11446196024674435
7424/16384
mean(sgnprob[1:i - 1]) = 0.11895460056580898
7552/16384
mean(sgnprob[1:i - 1]) = 0.12144086875910476
7680/16384
mean(sgnprob[1:i - 1]) = 0.1233233493944524
7808/16384
mean(sgnprob[1:i - 1]) = 0.1261688228512873
7936/16384
mean(sgnprob[1:i - 1]) = 0.12614996849401386
8064/16384
mean(sgnprob[1:i - 1]) = 0.11670594071685476
8192/16384
mean(sgnprob[1:i - 1]) = 0.11121963130264925
8320/16384
mean(sgnprob[1:i - 1]) = 0.11575910566173819
8448/16384
mean(sgnprob[1:i - 1]) = 0.10903279270747011
8576/16384
mean(sgnprob[1:i - 1]) = 0.11113702623906706
8704/16384
mean(sgnprob[1:i - 1]) = 0.11570722739285304
8832/16384
mean(sgnprob[1:i - 1]) = 0.1178801947684294
8960/16384
mean(sgnprob[1:i - 1]) = 0.12066078803437884
9088/16384
mean(sgnprob[1:i - 1]) = 0.11235831407505227
9216/16384
mean(sgnprob[1:i - 1]) = 0.11318502441671188
9344/16384
mean(sgnprob[1:i - 1]) = 0.11655785079738842
9472/16384
mean(sgnprob[1:i - 1]) = 0.11983951008341252
9600/16384
mean(sgnprob[1:i - 1]) = 0.11136576726742368
9728/16384
mean(sgnprob[1:i - 1]) = 0.1133957026832528
9856/16384
mean(sgnprob[1:i - 1]) = 0.1143581938102486
9984/16384
mean(sgnprob[1:i - 1]) = 0.11449464088951217
10112/16384
mean(sgnprob[1:i - 1]) = 0.11640787261398478
10240/16384
mean(sgnprob[1:i - 1]) = 0.10967867955855064
10368/16384
mean(sgnprob[1:i - 1]) = 0.11314748721906048
10496/16384
mean(sgnprob[1:i - 1]) = 0.10852787041448309
10624/16384
mean(sgnprob[1:i - 1]) = 0.10477266308952274
10752/16384
mean(sgnprob[1:i - 1]) = 0.10668774997674635
10880/16384
mean(sgnprob[1:i - 1]) = 0.10230719735269786
11008/16384
mean(sgnprob[1:i - 1]) = 0.10275279367675116
11136/16384
mean(sgnprob[1:i - 1]) = 0.10552312528064661
11264/16384
mean(sgnprob[1:i - 1]) = 0.10023972298677085
11392/16384
mean(sgnprob[1:i - 1]) = 0.09595294530769906
11520/16384
mean(sgnprob[1:i - 1]) = 0.09888011112075701
11648/16384
mean(sgnprob[1:i - 1]) = 0.10105606593972696
11776/16384
mean(sgnprob[1:i - 1]) = 0.10199575371549893
11904/16384
mean(sgnprob[1:i - 1]) = 0.10409140552801814
12032/16384
mean(sgnprob[1:i - 1]) = 0.10763860028260328
12160/16384
mean(sgnprob[1:i - 1]) = 0.10963072621103709
12288/16384
mean(sgnprob[1:i - 1]) = 0.10555872059900707
12416/16384
mean(sgnprob[1:i - 1]) = 0.10221506242448651
12544/16384
mean(sgnprob[1:i - 1]) = 0.09846129315155863
12672/16384
mean(sgnprob[1:i - 1]) = 0.09999210796306526
12800/16384
mean(sgnprob[1:i - 1]) = 0.10274240175013673
12928/16384
mean(sgnprob[1:i - 1]) = 0.09940434748975013
13056/16384
mean(sgnprob[1:i - 1]) = 0.102106472615856
13184/16384
mean(sgnprob[1:i - 1]) = 0.104149283167716
13312/16384
mean(sgnprob[1:i - 1]) = 0.10089399744572158
13440/16384
mean(sgnprob[1:i - 1]) = 0.10246298087655331
13568/16384
mean(sgnprob[1:i - 1]) = 0.10429719171519128
13696/16384
mean(sgnprob[1:i - 1]) = 0.10741146403797006
13824/16384
mean(sgnprob[1:i - 1]) = 0.10916588294870867
13952/16384
mean(sgnprob[1:i - 1]) = 0.11060139058132033
14080/16384
mean(sgnprob[1:i - 1]) = 0.10675474110377157
14208/16384
mean(sgnprob[1:i - 1]) = 0.10903075948476103
14336/16384
mean(sgnprob[1:i - 1]) = 0.11112661318451343
14464/16384
mean(sgnprob[1:i - 1]) = 0.10765401369010578
14592/16384
mean(sgnprob[1:i - 1]) = 0.10300870399561374
14720/16384
mean(sgnprob[1:i - 1]) = 0.10428697601739248
14848/16384
mean(sgnprob[1:i - 1]) = 0.10028962079881458
14976/16384
mean(sgnprob[1:i - 1]) = 0.10196994991652755
15104/16384
mean(sgnprob[1:i - 1]) = 0.10322452492882209
15232/16384
mean(sgnprob[1:i - 1]) = 0.09973081215941172
15360/16384
mean(sgnprob[1:i - 1]) = 0.10306660589882154
15488/16384
mean(sgnprob[1:i - 1]) = 0.09872796539032737
15616/16384
mean(sgnprob[1:i - 1]) = 0.10022414345180916
15744/16384
mean(sgnprob[1:i - 1]) = 0.10131487010099727
15872/16384
mean(sgnprob[1:i - 1]) = 0.09835549114737571
16000/16384
mean(sgnprob[1:i - 1]) = 0.09969373085817863
16128/16384
mean(sgnprob[1:i - 1]) = 0.10076269609970856
16256/16384
mean(sgnprob[1:i - 1]) = 0.0977545370655183
16384/16384
mean(sgnprob[1:i - 1]) = 0.099920649453702
734.868490 seconds (167.11 M allocations: 70.745 GiB, 1.42% gc time, 1.25% compilation time)
