## SLURM PROLOG ###############################################################
##    Job ID : 8833806
##  Job Name : sbatch_etgent.sh
##  Nodelist : node1736
##      CPUs : 8
##  Mem/Node : 4096 MB
## Directory : /oscar/home/trazzaz/AFQMC
##   Job Started : Thu Feb 27 10:52:40 PM EST 2025
###############################################################################
seed = 1360
U = 2.0
β = 6.0
Warming up
128/1024
256/1024
384/1024
512/1024
640/1024
768/1024
896/1024
1024/1024
Measuring
128/16384
mean(sgnprob[1:i - 1]) = 0.2283464566929134
256/16384
mean(sgnprob[1:i - 1]) = -0.027450980392156862
384/16384
mean(sgnprob[1:i - 1]) = 0.05483028720626632
512/16384
mean(sgnprob[1:i - 1]) = -0.0410958904109589
640/16384
mean(sgnprob[1:i - 1]) = 0.00782472613458529
768/16384
mean(sgnprob[1:i - 1]) = 0.04041720990873533
896/16384
mean(sgnprob[1:i - 1]) = -0.0033519553072625698
1024/16384
mean(sgnprob[1:i - 1]) = 0.01857282502443793
1152/16384
mean(sgnprob[1:i - 1]) = -0.007819287576020852
1280/16384
mean(sgnprob[1:i - 1]) = 0.02111024237685692
1408/16384
mean(sgnprob[1:i - 1]) = 0.03909026297085998
1536/16384
mean(sgnprob[1:i - 1]) = 0.05928338762214984
1664/16384
mean(sgnprob[1:i - 1]) = 0.034275405892964524
1792/16384
mean(sgnprob[1:i - 1]) = 0.030709101060859854
1920/16384
mean(sgnprob[1:i - 1]) = 0.04325169359041167
2048/16384
mean(sgnprob[1:i - 1]) = 0.06497313141182218
2176/16384
mean(sgnprob[1:i - 1]) = 0.06574712643678161
2304/16384
mean(sgnprob[1:i - 1]) = 0.07859313938341293
2432/16384
mean(sgnprob[1:i - 1]) = 0.09831345125462773
2560/16384
mean(sgnprob[1:i - 1]) = 0.07073075420085971
2688/16384
mean(sgnprob[1:i - 1]) = 0.08448083364346855
2816/16384
mean(sgnprob[1:i - 1]) = 0.09342806394316164
2944/16384
mean(sgnprob[1:i - 1]) = 0.08053007135575943
3072/16384
mean(sgnprob[1:i - 1]) = 0.0882448713774015
3200/16384
mean(sgnprob[1:i - 1]) = 0.09659268521412942
3328/16384
mean(sgnprob[1:i - 1]) = 0.10009017132551848
3456/16384
mean(sgnprob[1:i - 1]) = 0.09985528219971057
3584/16384
mean(sgnprob[1:i - 1]) = 0.10577728160759141
3712/16384
mean(sgnprob[1:i - 1]) = 0.10751818916734034
3840/16384
mean(sgnprob[1:i - 1]) = 0.09559781193019015
3968/16384
mean(sgnprob[1:i - 1]) = 0.09705066801109151
4096/16384
mean(sgnprob[1:i - 1]) = 0.10231990231990232
4224/16384
mean(sgnprob[1:i - 1]) = 0.10632251953587497
4352/16384
mean(sgnprob[1:i - 1]) = 0.111928292346587
4480/16384
mean(sgnprob[1:i - 1]) = 0.10024559053360126
4608/16384
mean(sgnprob[1:i - 1]) = 0.10484046016930758
4736/16384
mean(sgnprob[1:i - 1]) = 0.10834213305174234
4864/16384
mean(sgnprob[1:i - 1]) = 0.11330454451984372
4992/16384
mean(sgnprob[1:i - 1]) = 0.1027850130234422
5120/16384
mean(sgnprob[1:i - 1]) = 0.10607540535260793
5248/16384
mean(sgnprob[1:i - 1]) = 0.11149228130360206
5376/16384
mean(sgnprob[1:i - 1]) = 0.10362790697674419
5504/16384
mean(sgnprob[1:i - 1]) = 0.0961293839723787
5632/16384
mean(sgnprob[1:i - 1]) = 0.08897176345231753
5760/16384
mean(sgnprob[1:i - 1]) = 0.09081437749609307
5888/16384
mean(sgnprob[1:i - 1]) = 0.09597418039748598
6016/16384
mean(sgnprob[1:i - 1]) = 0.10058187863674148
6144/16384
mean(sgnprob[1:i - 1]) = 0.09262575288946769
6272/16384
mean(sgnprob[1:i - 1]) = 0.09392441396906394
6400/16384
mean(sgnprob[1:i - 1]) = 0.09892170651664323
6528/16384
mean(sgnprob[1:i - 1]) = 0.10157806036463919
6656/16384
mean(sgnprob[1:i - 1]) = 0.1053343350864012
6784/16384
mean(sgnprob[1:i - 1]) = 0.10953855226301047
6912/16384
mean(sgnprob[1:i - 1]) = 0.11185067284039936
7040/16384
mean(sgnprob[1:i - 1]) = 0.10640716010796988
7168/16384
mean(sgnprob[1:i - 1]) = 0.09976280173015209
7296/16384
mean(sgnprob[1:i - 1]) = 0.1023989033584647
7424/16384
mean(sgnprob[1:i - 1]) = 0.09686110736898829
7552/16384
mean(sgnprob[1:i - 1]) = 0.09574890742947954
7680/16384
mean(sgnprob[1:i - 1]) = 0.09936189608021878
7808/16384
mean(sgnprob[1:i - 1]) = 0.10311259126425003
7936/16384
mean(sgnprob[1:i - 1]) = 0.10775047258979206
8064/16384
mean(sgnprob[1:i - 1]) = 0.10182314275083716
8192/16384
mean(sgnprob[1:i - 1]) = 0.1053595409595898
8320/16384
mean(sgnprob[1:i - 1]) = 0.10085346796489962
8448/16384
mean(sgnprob[1:i - 1]) = 0.10263999052918196
8576/16384
mean(sgnprob[1:i - 1]) = 0.10577259475218659
8704/16384
mean(sgnprob[1:i - 1]) = 0.10720441227163047
8832/16384
mean(sgnprob[1:i - 1]) = 0.11018004755973276
8960/16384
mean(sgnprob[1:i - 1]) = 0.1128474160062507
9088/16384
mean(sgnprob[1:i - 1]) = 0.10795642126114229
9216/16384
mean(sgnprob[1:i - 1]) = 0.11188279978296256
9344/16384
mean(sgnprob[1:i - 1]) = 0.11334689072032537
9472/16384
mean(sgnprob[1:i - 1]) = 0.11477140745433428
9600/16384
mean(sgnprob[1:i - 1]) = 0.11553286800708407
9728/16384
mean(sgnprob[1:i - 1]) = 0.11051711730235428
9856/16384
mean(sgnprob[1:i - 1]) = 0.11192288178589549
9984/16384
mean(sgnprob[1:i - 1]) = 0.10768306120404687
10112/16384
mean(sgnprob[1:i - 1]) = 0.10236376223914548
10240/16384
mean(sgnprob[1:i - 1]) = 0.09834944818829963
10368/16384
mean(sgnprob[1:i - 1]) = 0.09925725860904794
10496/16384
mean(sgnprob[1:i - 1]) = 0.09995235826584088
10624/16384
mean(sgnprob[1:i - 1]) = 0.10194860208980513
10752/16384
mean(sgnprob[1:i - 1]) = 0.10352525346479398
10880/16384
mean(sgnprob[1:i - 1]) = 0.10102031436712933
11008/16384
mean(sgnprob[1:i - 1]) = 0.09893704006541292
11136/16384
mean(sgnprob[1:i - 1]) = 0.10067355186349349
11264/16384
mean(sgnprob[1:i - 1]) = 0.09704341649649294
11392/16384
mean(sgnprob[1:i - 1]) = 0.09946448950926169
11520/16384
mean(sgnprob[1:i - 1]) = 0.09592846601267471
11648/16384
mean(sgnprob[1:i - 1]) = 0.09865201339400705
11776/16384
mean(sgnprob[1:i - 1]) = 0.0962208067940552
11904/16384
mean(sgnprob[1:i - 1]) = 0.09703436108544064
12032/16384
mean(sgnprob[1:i - 1]) = 0.09899426481589228
12160/16384
mean(sgnprob[1:i - 1]) = 0.09959700633275763
12288/16384
mean(sgnprob[1:i - 1]) = 0.10051273703914707
12416/16384
mean(sgnprob[1:i - 1]) = 0.10124848973016512
12544/16384
mean(sgnprob[1:i - 1]) = 0.10212867734991629
12672/16384
mean(sgnprob[1:i - 1]) = 0.0984137005761187
12800/16384
mean(sgnprob[1:i - 1]) = 0.09992968200640676
12928/16384
mean(sgnprob[1:i - 1]) = 0.10157035661793146
13056/16384
mean(sgnprob[1:i - 1]) = 0.10394484871696667
13184/16384
mean(sgnprob[1:i - 1]) = 0.1002048092240006
13312/16384
mean(sgnprob[1:i - 1]) = 0.09713770565697544
13440/16384
mean(sgnprob[1:i - 1]) = 0.09904010715082967
13568/16384
mean(sgnprob[1:i - 1]) = 0.095009950615464
13696/16384
mean(sgnprob[1:i - 1]) = 0.09616648411829135
13824/16384
mean(sgnprob[1:i - 1]) = 0.09701222600014468
13952/16384
mean(sgnprob[1:i - 1]) = 0.09941939645903519
14080/16384
mean(sgnprob[1:i - 1]) = 0.10107251935506784
14208/16384
mean(sgnprob[1:i - 1]) = 0.0977687055676779
14336/16384
mean(sgnprob[1:i - 1]) = 0.0985699337286362
14464/16384
mean(sgnprob[1:i - 1]) = 0.09977183157021365
14592/16384
mean(sgnprob[1:i - 1]) = 0.10163799602494689
14720/16384
mean(sgnprob[1:i - 1]) = 0.10374346083293702
14848/16384
mean(sgnprob[1:i - 1]) = 0.10042432814710042
14976/16384
mean(sgnprob[1:i - 1]) = 0.09756260434056761
15104/16384
mean(sgnprob[1:i - 1]) = 0.10004634840760114
15232/16384
mean(sgnprob[1:i - 1]) = 0.09723590046615456
15360/16384
mean(sgnprob[1:i - 1]) = 0.09330034507454912
15488/16384
mean(sgnprob[1:i - 1]) = 0.09175437463679215
15616/16384
mean(sgnprob[1:i - 1]) = 0.09279538904899136
15744/16384
mean(sgnprob[1:i - 1]) = 0.08886489233310042
15872/16384
mean(sgnprob[1:i - 1]) = 0.09079453090542498
16000/16384
mean(sgnprob[1:i - 1]) = 0.09106819176198512
16128/16384
mean(sgnprob[1:i - 1]) = 0.09381782104545172
16256/16384
mean(sgnprob[1:i - 1]) = 0.09074131036604122
16384/16384
mean(sgnprob[1:i - 1]) = 0.09186351706036745
736.671531 seconds (167.11 M allocations: 70.745 GiB, 1.89% gc time, 1.27% compilation time)
