## SLURM PROLOG ###############################################################
##    Job ID : 8822261
##  Job Name : sbatch_etgent.sh
##  Nodelist : node1648
##      CPUs : 8
##  Mem/Node : 4096 MB
## Directory : /oscar/home/trazzaz/AFQMC
##   Job Started : Thu Feb 27 05:59:42 PM EST 2025
###############################################################################
seed = 1256
U = 2.0
β = 6.0
Warming up
128/1024
256/1024
384/1024
512/1024
640/1024
768/1024
896/1024
1024/1024
Measuring
128/16384
mean(sgnprob[1:i - 1]) = -0.29133858267716534
256/16384
mean(sgnprob[1:i - 1]) = -0.0196078431372549
384/16384
mean(sgnprob[1:i - 1]) = 0.10704960835509138
512/16384
mean(sgnprob[1:i - 1]) = 0.1350293542074364
640/16384
mean(sgnprob[1:i - 1]) = 0.15805946791862285
768/16384
mean(sgnprob[1:i - 1]) = 0.16558018252933507
896/16384
mean(sgnprob[1:i - 1]) = 0.1888268156424581
1024/16384
mean(sgnprob[1:i - 1]) = 0.198435972629521
1152/16384
mean(sgnprob[1:i - 1]) = 0.1989574283231972
1280/16384
mean(sgnprob[1:i - 1]) = 0.15559030492572323
1408/16384
mean(sgnprob[1:i - 1]) = 0.1712864250177683
1536/16384
mean(sgnprob[1:i - 1]) = 0.16742671009771987
1664/16384
mean(sgnprob[1:i - 1]) = 0.18340348767288034
1792/16384
mean(sgnprob[1:i - 1]) = 0.1836962590731435
1920/16384
mean(sgnprob[1:i - 1]) = 0.18603439291297552
2048/16384
mean(sgnprob[1:i - 1]) = 0.14997557401074743
2176/16384
mean(sgnprob[1:i - 1]) = 0.15126436781609195
2304/16384
mean(sgnprob[1:i - 1]) = 0.16022579244463742
2432/16384
mean(sgnprob[1:i - 1]) = 0.16659810777457837
2560/16384
mean(sgnprob[1:i - 1]) = 0.17076983196561157
2688/16384
mean(sgnprob[1:i - 1]) = 0.17379977670264235
2816/16384
mean(sgnprob[1:i - 1]) = 0.169449378330373
2944/16384
mean(sgnprob[1:i - 1]) = 0.17227319062181448
3072/16384
mean(sgnprob[1:i - 1]) = 0.15597525236079454
3200/16384
mean(sgnprob[1:i - 1]) = 0.15723663644889027
3328/16384
mean(sgnprob[1:i - 1]) = 0.1463781184250075
3456/16384
mean(sgnprob[1:i - 1]) = 0.13285094066570188
3584/16384
mean(sgnprob[1:i - 1]) = 0.13480323751046608
3712/16384
mean(sgnprob[1:i - 1]) = 0.1371597952034492
3840/16384
mean(sgnprob[1:i - 1]) = 0.14196405313883823
3968/16384
mean(sgnprob[1:i - 1]) = 0.1479707587597681
4096/16384
mean(sgnprob[1:i - 1]) = 0.15067155067155066
4224/16384
mean(sgnprob[1:i - 1]) = 0.13757991948851528
4352/16384
mean(sgnprob[1:i - 1]) = 0.1298552056998391
4480/16384
mean(sgnprob[1:i - 1]) = 0.13373520875195355
4608/16384
mean(sgnprob[1:i - 1]) = 0.11916648578250488
4736/16384
mean(sgnprob[1:i - 1]) = 0.11341077085533263
4864/16384
mean(sgnprob[1:i - 1]) = 0.11700596339708
4992/16384
mean(sgnprob[1:i - 1]) = 0.12201963534361851
5120/16384
mean(sgnprob[1:i - 1]) = 0.11584293807384255
5248/16384
mean(sgnprob[1:i - 1]) = 0.11949685534591195
5376/16384
mean(sgnprob[1:i - 1]) = 0.10920930232558139
5504/16384
mean(sgnprob[1:i - 1]) = 0.1117572233327276
5632/16384
mean(sgnprob[1:i - 1]) = 0.10069259456579649
5760/16384
mean(sgnprob[1:i - 1]) = 0.10470567806910921
5888/16384
mean(sgnprob[1:i - 1]) = 0.10718532359436045
6016/16384
mean(sgnprob[1:i - 1]) = 0.1115544472152951
6144/16384
mean(sgnprob[1:i - 1]) = 0.11639264203158066
6272/16384
mean(sgnprob[1:i - 1]) = 0.11816297241269336
6400/16384
mean(sgnprob[1:i - 1]) = 0.11267385528988905
6528/16384
mean(sgnprob[1:i - 1]) = 0.11322200091925846
6656/16384
mean(sgnprob[1:i - 1]) = 0.11675432006010518
6784/16384
mean(sgnprob[1:i - 1]) = 0.11012826183104821
6912/16384
mean(sgnprob[1:i - 1]) = 0.10461582983649255
7040/16384
mean(sgnprob[1:i - 1]) = 0.10811194771984657
7168/16384
mean(sgnprob[1:i - 1]) = 0.10199525603460304
7296/16384
mean(sgnprob[1:i - 1]) = 0.10568882796435915
7424/16384
mean(sgnprob[1:i - 1]) = 0.1089855853428533
7552/16384
mean(sgnprob[1:i - 1]) = 0.10925705204608661
7680/16384
mean(sgnprob[1:i - 1]) = 0.11290532621435083
7808/16384
mean(sgnprob[1:i - 1]) = 0.11515306775970283
7936/16384
mean(sgnprob[1:i - 1]) = 0.11808443604284814
8064/16384
mean(sgnprob[1:i - 1]) = 0.12017859357559221
8192/16384
mean(sgnprob[1:i - 1]) = 0.11439384690513979
8320/16384
mean(sgnprob[1:i - 1]) = 0.11672075970669551
8448/16384
mean(sgnprob[1:i - 1]) = 0.10903279270747011
8576/16384
mean(sgnprob[1:i - 1]) = 0.11206997084548105
8704/16384
mean(sgnprob[1:i - 1]) = 0.11547742157876595
8832/16384
mean(sgnprob[1:i - 1]) = 0.1147095459177896
8960/16384
mean(sgnprob[1:i - 1]) = 0.11039178479741042
9088/16384
mean(sgnprob[1:i - 1]) = 0.10905689446461979
9216/16384
mean(sgnprob[1:i - 1]) = 0.11188279978296256
9344/16384
mean(sgnprob[1:i - 1]) = 0.11270469870491277
9472/16384
mean(sgnprob[1:i - 1]) = 0.11413789462569951
9600/16384
mean(sgnprob[1:i - 1]) = 0.11636628815501615
9728/16384
mean(sgnprob[1:i - 1]) = 0.11668551454713684
9856/16384
mean(sgnprob[1:i - 1]) = 0.11314053779807204
9984/16384
mean(sgnprob[1:i - 1]) = 0.1142943003105279
10112/16384
mean(sgnprob[1:i - 1]) = 0.11601226387103154
10240/16384
mean(sgnprob[1:i - 1]) = 0.11612462154507276
10368/16384
mean(sgnprob[1:i - 1]) = 0.11874216263142665
10496/16384
mean(sgnprob[1:i - 1]) = 0.11443544545021439
10624/16384
mean(sgnprob[1:i - 1]) = 0.11023251435564342
10752/16384
mean(sgnprob[1:i - 1]) = 0.11282671379406567
10880/16384
mean(sgnprob[1:i - 1]) = 0.11609522934093207
11008/16384
mean(sgnprob[1:i - 1]) = 0.11747070046334152
11136/16384
mean(sgnprob[1:i - 1]) = 0.11414458913336327
11264/16384
mean(sgnprob[1:i - 1]) = 0.11480067477581461
11392/16384
mean(sgnprob[1:i - 1]) = 0.11526643841629357
11520/16384
mean(sgnprob[1:i - 1]) = 0.10947130827328762
11648/16384
mean(sgnprob[1:i - 1]) = 0.1065510431870868
11776/16384
mean(sgnprob[1:i - 1]) = 0.10777070063694268
11904/16384
mean(sgnprob[1:i - 1]) = 0.10409140552801814
12032/16384
mean(sgnprob[1:i - 1]) = 0.10614246529798022
12160/16384
mean(sgnprob[1:i - 1]) = 0.10831482852208241
12288/16384
mean(sgnprob[1:i - 1]) = 0.10458207861967933
12416/16384
mean(sgnprob[1:i - 1]) = 0.10559806685461136
12544/16384
mean(sgnprob[1:i - 1]) = 0.10691222195646974
12672/16384
mean(sgnprob[1:i - 1]) = 0.10330676347565307
12800/16384
mean(sgnprob[1:i - 1]) = 0.09977341979842175
12928/16384
mean(sgnprob[1:i - 1]) = 0.09739305329929605
13056/16384
mean(sgnprob[1:i - 1]) = 0.09873611643048641
13184/16384
mean(sgnprob[1:i - 1]) = 0.0948949404536145
13312/16384
mean(sgnprob[1:i - 1]) = 0.09683720231387574
13440/16384
mean(sgnprob[1:i - 1]) = 0.09680779819927078
13568/16384
mean(sgnprob[1:i - 1]) = 0.09707378197095895
13696/16384
mean(sgnprob[1:i - 1]) = 0.09850310332238044
13824/16384
mean(sgnprob[1:i - 1]) = 0.1001953266295305
13952/16384
mean(sgnprob[1:i - 1]) = 0.10228657443910831
14080/16384
mean(sgnprob[1:i - 1]) = 0.10334540805454932
14208/16384
mean(sgnprob[1:i - 1]) = 0.10508904061378194
14336/16384
mean(sgnprob[1:i - 1]) = 0.10554586675967911
14464/16384
mean(sgnprob[1:i - 1]) = 0.10710087810274493
14592/16384
mean(sgnprob[1:i - 1]) = 0.10821739428414776
14720/16384
mean(sgnprob[1:i - 1]) = 0.10523812759018955
14848/16384
mean(sgnprob[1:i - 1]) = 0.10715969556139288
14976/16384
mean(sgnprob[1:i - 1]) = 0.10464106844741235
15104/16384
mean(sgnprob[1:i - 1]) = 0.10613785340660796
15232/16384
mean(sgnprob[1:i - 1]) = 0.10721554723918325
15360/16384
mean(sgnprob[1:i - 1]) = 0.10436877400872453
15488/16384
mean(sgnprob[1:i - 1]) = 0.10660554013043197
15616/16384
mean(sgnprob[1:i - 1]) = 0.10906179955171309
15744/16384
mean(sgnprob[1:i - 1]) = 0.10982658959537572
15872/16384
mean(sgnprob[1:i - 1]) = 0.11083107554659442
16000/16384
mean(sgnprob[1:i - 1]) = 0.10756922307644227
16128/16384
mean(sgnprob[1:i - 1]) = 0.10894772741365412
16256/16384
mean(sgnprob[1:i - 1]) = 0.10907413103660413
16384/16384
mean(sgnprob[1:i - 1]) = 0.10675700421168284
733.182392 seconds (167.11 M allocations: 70.745 GiB, 1.60% gc time, 1.26% compilation time)
