## SLURM PROLOG ###############################################################
##    Job ID : 8822309
##  Job Name : sbatch_etgent.sh
##  Nodelist : node1322
##      CPUs : 8
##  Mem/Node : 4096 MB
## Directory : /oscar/home/trazzaz/AFQMC
##   Job Started : Thu Feb 27 07:19:17 PM EST 2025
###############################################################################
seed = 1304
U = 2.0
β = 6.0
Warming up
128/1024
256/1024
384/1024
512/1024
640/1024
768/1024
896/1024
1024/1024
Measuring
128/16384
mean(sgnprob[1:i - 1]) = 0.3858267716535433
256/16384
mean(sgnprob[1:i - 1]) = 0.4745098039215686
384/16384
mean(sgnprob[1:i - 1]) = 0.42036553524804177
512/16384
mean(sgnprob[1:i - 1]) = 0.44031311154598823
640/16384
mean(sgnprob[1:i - 1]) = 0.4522691705790297
768/16384
mean(sgnprob[1:i - 1]) = 0.46284224250325945
896/16384
mean(sgnprob[1:i - 1]) = 0.47039106145251397
1024/16384
mean(sgnprob[1:i - 1]) = 0.4662756598240469
1152/16384
mean(sgnprob[1:i - 1]) = 0.37098175499565594
1280/16384
mean(sgnprob[1:i - 1]) = 0.3557466770914777
1408/16384
mean(sgnprob[1:i - 1]) = 0.28216062544420756
1536/16384
mean(sgnprob[1:i - 1]) = 0.28469055374592833
1664/16384
mean(sgnprob[1:i - 1]) = 0.22669873722188816
1792/16384
mean(sgnprob[1:i - 1]) = 0.24399776661083195
1920/16384
mean(sgnprob[1:i - 1]) = 0.2652423137050547
2048/16384
mean(sgnprob[1:i - 1]) = 0.27699071812408405
2176/16384
mean(sgnprob[1:i - 1]) = 0.29011494252873565
2304/16384
mean(sgnprob[1:i - 1]) = 0.3017802865827182
2432/16384
mean(sgnprob[1:i - 1]) = 0.2620320855614973
2560/16384
mean(sgnprob[1:i - 1]) = 0.27549824150058616
2688/16384
mean(sgnprob[1:i - 1]) = 0.28470413100111647
2816/16384
mean(sgnprob[1:i - 1]) = 0.29236234458259325
2944/16384
mean(sgnprob[1:i - 1]) = 0.30139313625552155
3072/16384
mean(sgnprob[1:i - 1]) = 0.3070661022468251
3200/16384
mean(sgnprob[1:i - 1]) = 0.2747733666770866
3328/16384
mean(sgnprob[1:i - 1]) = 0.27923053802224224
3456/16384
mean(sgnprob[1:i - 1]) = 0.2856729377713459
3584/16384
mean(sgnprob[1:i - 1]) = 0.28942227183924085
3712/16384
mean(sgnprob[1:i - 1]) = 0.2907572082996497
3840/16384
mean(sgnprob[1:i - 1]) = 0.2972128158374577
3968/16384
mean(sgnprob[1:i - 1]) = 0.3057726241492312
4096/16384
mean(sgnprob[1:i - 1]) = 0.28498168498168497
4224/16384
mean(sgnprob[1:i - 1]) = 0.2886573525929434
4352/16384
mean(sgnprob[1:i - 1]) = 0.29579407032866006
4480/16384
mean(sgnprob[1:i - 1]) = 0.27573118999776736
4608/16384
mean(sgnprob[1:i - 1]) = 0.28239635337529845
4736/16384
mean(sgnprob[1:i - 1]) = 0.28785638859556495
4864/16384
mean(sgnprob[1:i - 1]) = 0.2839810816368497
4992/16384
mean(sgnprob[1:i - 1]) = 0.26387497495491885
5120/16384
mean(sgnprob[1:i - 1]) = 0.2670443445985544
5248/16384
mean(sgnprob[1:i - 1]) = 0.27196493234229085
5376/16384
mean(sgnprob[1:i - 1]) = 0.2766511627906977
5504/16384
mean(sgnprob[1:i - 1]) = 0.28039251317463204
5632/16384
mean(sgnprob[1:i - 1]) = 0.28147753507369916
5760/16384
mean(sgnprob[1:i - 1]) = 0.28459802048966837
5888/16384
mean(sgnprob[1:i - 1]) = 0.28860200441651096
6016/16384
mean(sgnprob[1:i - 1]) = 0.2924355777223608
6144/16384
mean(sgnprob[1:i - 1]) = 0.2961093928048185
6272/16384
mean(sgnprob[1:i - 1]) = 0.2986764471376176
6400/16384
mean(sgnprob[1:i - 1]) = 0.2848882637912174
6528/16384
mean(sgnprob[1:i - 1]) = 0.27102803738317754
6656/16384
mean(sgnprob[1:i - 1]) = 0.27513148009015775
6784/16384
mean(sgnprob[1:i - 1]) = 0.27849034350582336
6912/16384
mean(sgnprob[1:i - 1]) = 0.28027781797135004
7040/16384
mean(sgnprob[1:i - 1]) = 0.2822844153999148
7168/16384
mean(sgnprob[1:i - 1]) = 0.2867308497279196
7296/16384
mean(sgnprob[1:i - 1]) = 0.2874571624400274
7424/16384
mean(sgnprob[1:i - 1]) = 0.28627239660514614
7552/16384
mean(sgnprob[1:i - 1]) = 0.288041319030592
7680/16384
mean(sgnprob[1:i - 1]) = 0.29157442375309284
7808/16384
mean(sgnprob[1:i - 1]) = 0.2960163955424619
7936/16384
mean(sgnprob[1:i - 1]) = 0.29577819785759296
8064/16384
mean(sgnprob[1:i - 1]) = 0.30001240233163834
8192/16384
mean(sgnprob[1:i - 1]) = 0.3009400561591991
8320/16384
mean(sgnprob[1:i - 1]) = 0.3011179228272629
8448/16384
mean(sgnprob[1:i - 1]) = 0.2885047946016337
8576/16384
mean(sgnprob[1:i - 1]) = 0.29119533527696795
8704/16384
mean(sgnprob[1:i - 1]) = 0.28001838446512695
8832/16384
mean(sgnprob[1:i - 1]) = 0.28433925942701843
8960/16384
mean(sgnprob[1:i - 1]) = 0.2867507534323027
9088/16384
mean(sgnprob[1:i - 1]) = 0.2871134587872785
9216/16384
mean(sgnprob[1:i - 1]) = 0.2766142159522518
9344/16384
mean(sgnprob[1:i - 1]) = 0.26661671839880124
9472/16384
mean(sgnprob[1:i - 1]) = 0.26955970858409883
9600/16384
mean(sgnprob[1:i - 1]) = 0.27242421085529744
9728/16384
mean(sgnprob[1:i - 1]) = 0.26225968952400536
9856/16384
mean(sgnprob[1:i - 1]) = 0.2541856925418569
9984/16384
mean(sgnprob[1:i - 1]) = 0.24671942301913252
10112/16384
mean(sgnprob[1:i - 1]) = 0.24913460587478983
10240/16384
mean(sgnprob[1:i - 1]) = 0.24094149819318292
10368/16384
mean(sgnprob[1:i - 1]) = 0.2431754605961223
10496/16384
mean(sgnprob[1:i - 1]) = 0.23239637922820391
10624/16384
mean(sgnprob[1:i - 1]) = 0.2237597665442907
10752/16384
mean(sgnprob[1:i - 1]) = 0.22593247139800948
10880/16384
mean(sgnprob[1:i - 1]) = 0.22787020865888408
11008/16384
mean(sgnprob[1:i - 1]) = 0.22885436540383391
11136/16384
mean(sgnprob[1:i - 1]) = 0.22137404580152673
11264/16384
mean(sgnprob[1:i - 1]) = 0.2144188937228092
11392/16384
mean(sgnprob[1:i - 1]) = 0.2076200509173909
11520/16384
mean(sgnprob[1:i - 1]) = 0.21277888705616807
11648/16384
mean(sgnprob[1:i - 1]) = 0.21507684382244355
11776/16384
mean(sgnprob[1:i - 1]) = 0.21579617834394904
11904/16384
mean(sgnprob[1:i - 1]) = 0.21650004200621692
12032/16384
mean(sgnprob[1:i - 1]) = 0.21951624968830522
12160/16384
mean(sgnprob[1:i - 1]) = 0.2214820297721852
12288/16384
mean(sgnprob[1:i - 1]) = 0.22324407910800032
12416/16384
mean(sgnprob[1:i - 1]) = 0.22593636729762384
12544/16384
mean(sgnprob[1:i - 1]) = 0.22777644901538707
12672/16384
mean(sgnprob[1:i - 1]) = 0.22800094704443216
12800/16384
mean(sgnprob[1:i - 1]) = 0.23087741229783576
12928/16384
mean(sgnprob[1:i - 1]) = 0.22333101260926744
13056/16384
mean(sgnprob[1:i - 1]) = 0.2255840674071237
13184/16384
mean(sgnprob[1:i - 1]) = 0.22764165971326708
13312/16384
mean(sgnprob[1:i - 1]) = 0.2296596799639396
13440/16384
mean(sgnprob[1:i - 1]) = 0.22419822903489842
13568/16384
mean(sgnprob[1:i - 1]) = 0.21810274931819856
13696/16384
mean(sgnprob[1:i - 1]) = 0.22073749543629062
13824/16384
mean(sgnprob[1:i - 1]) = 0.21377414454170585
13952/16384
mean(sgnprob[1:i - 1]) = 0.21554010465199627
14080/16384
mean(sgnprob[1:i - 1]) = 0.20903473258043895
14208/16384
mean(sgnprob[1:i - 1]) = 0.20349123671429578
14336/16384
mean(sgnprob[1:i - 1]) = 0.20613882106731776
14464/16384
mean(sgnprob[1:i - 1]) = 0.2007190762635691
14592/16384
mean(sgnprob[1:i - 1]) = 0.19388664245082585
14720/16384
mean(sgnprob[1:i - 1]) = 0.1977715877437326
14848/16384
mean(sgnprob[1:i - 1]) = 0.19970364383377112
14976/16384
mean(sgnprob[1:i - 1]) = 0.1943906510851419
15104/16384
mean(sgnprob[1:i - 1]) = 0.18837317089320002
15232/16384
mean(sgnprob[1:i - 1]) = 0.18994156654192107
15360/16384
mean(sgnprob[1:i - 1]) = 0.19161403737222477
15488/16384
mean(sgnprob[1:i - 1]) = 0.19274229999354298
15616/16384
mean(sgnprob[1:i - 1]) = 0.1873198847262248
15744/16384
mean(sgnprob[1:i - 1]) = 0.1896080797814902
15872/16384
mean(sgnprob[1:i - 1]) = 0.18593661394997166
16000/16384
mean(sgnprob[1:i - 1]) = 0.1819488718044878
16128/16384
mean(sgnprob[1:i - 1]) = 0.18348111862094624
16256/16384
mean(sgnprob[1:i - 1]) = 0.18609658566594894
16384/16384
mean(sgnprob[1:i - 1]) = 0.18757248367209914
834.655601 seconds (167.11 M allocations: 70.745 GiB, 2.17% gc time, 1.28% compilation time)
