## SLURM PROLOG ###############################################################
##    Job ID : 5955253
##  Job Name : etgent_N(1,2)_seed1252
##  Nodelist : node1739
##      CPUs : 8
##  Mem/Node : 2048 MB
## Directory : /oscar/home/trazzaz/AFQMC
##   Job Started : Mon Nov 11 09:44:53 PM EST 2024
###############################################################################
U = 2.0
seed = 1252
λₖ = 0.0
Warming up
128/512
256/512
384/512
512/512
Measuring
128/1024
256/1024
384/1024
512/1024
640/1024
768/1024
896/1024
1024/1024
129.857513 seconds (80.56 M allocations: 16.970 GiB, 3.58% gc time, 10.62% compilation time)
λₖ = 0.2
Warming up
128/512
256/512
384/512
512/512
Measuring
128/1024
256/1024
384/1024
512/1024
640/1024
768/1024
896/1024
1024/1024
112.882827 seconds (76.83 M allocations: 16.806 GiB, 3.67% gc time, 0.11% compilation time)
λₖ = 0.4
Warming up
128/512
256/512
384/512
512/512
Measuring
128/1024
256/1024
384/1024
512/1024
640/1024
768/1024
896/1024
1024/1024
108.551406 seconds (76.82 M allocations: 16.805 GiB, 3.45% gc time)
λₖ = 0.6
Warming up
128/512
256/512
384/512
512/512
Measuring
128/1024
256/1024
384/1024
512/1024
640/1024
768/1024
896/1024
1024/1024
110.819566 seconds (76.82 M allocations: 16.805 GiB, 3.25% gc time)
λₖ = 0.8
Warming up
128/512
256/512
384/512
512/512
Measuring
128/1024
256/1024
384/1024
512/1024
640/1024
768/1024
896/1024
1024/1024
126.547991 seconds (76.82 M allocations: 16.805 GiB, 2.71% gc time)
