## SLURM PROLOG ###############################################################
##    Job ID : 8822314
##  Job Name : sbatch_etgent.sh
##  Nodelist : node1327
##      CPUs : 8
##  Mem/Node : 4096 MB
## Directory : /oscar/home/trazzaz/AFQMC
##   Job Started : Thu Feb 27 07:31:17 PM EST 2025
###############################################################################
seed = 1309
U = 2.0
β = 6.0
Warming up
128/1024
256/1024
384/1024
512/1024
640/1024
768/1024
896/1024
1024/1024
Measuring
128/16384
mean(sgnprob[1:i - 1]) = -0.6377952755905512
256/16384
mean(sgnprob[1:i - 1]) = -0.07450980392156863
384/16384
mean(sgnprob[1:i - 1]) = -0.24281984334203655
512/16384
mean(sgnprob[1:i - 1]) = -0.025440313111545987
640/16384
mean(sgnprob[1:i - 1]) = 0.09859154929577464
768/16384
mean(sgnprob[1:i - 1]) = -0.01694915254237288
896/16384
mean(sgnprob[1:i - 1]) = 0.05921787709497207
1024/16384
mean(sgnprob[1:i - 1]) = 0.11827956989247312
1152/16384
mean(sgnprob[1:i - 1]) = 0.15551694178974804
1280/16384
mean(sgnprob[1:i - 1]) = 0.21032056293979673
1408/16384
mean(sgnprob[1:i - 1]) = 0.24093816631130063
1536/16384
mean(sgnprob[1:i - 1]) = 0.2742671009771987
1664/16384
mean(sgnprob[1:i - 1]) = 0.29404690318701143
1792/16384
mean(sgnprob[1:i - 1]) = 0.3176996091568956
1920/16384
mean(sgnprob[1:i - 1]) = 0.3381969775924961
2048/16384
mean(sgnprob[1:i - 1]) = 0.3463605276013679
2176/16384
mean(sgnprob[1:i - 1]) = 0.2845977011494253
2304/16384
mean(sgnprob[1:i - 1]) = 0.29135909683022143
2432/16384
mean(sgnprob[1:i - 1]) = 0.3130399012751954
2560/16384
mean(sgnprob[1:i - 1]) = 0.32395466979288784
2688/16384
mean(sgnprob[1:i - 1]) = 0.28470413100111647
2816/16384
mean(sgnprob[1:i - 1]) = 0.2497335701598579
2944/16384
mean(sgnprob[1:i - 1]) = 0.26265715256540945
3072/16384
mean(sgnprob[1:i - 1]) = 0.27124715076522304
3200/16384
mean(sgnprob[1:i - 1]) = 0.27914973429196627
3328/16384
mean(sgnprob[1:i - 1]) = 0.2467688608355876
3456/16384
mean(sgnprob[1:i - 1]) = 0.258465991316932
3584/16384
mean(sgnprob[1:i - 1]) = 0.2665364219927435
3712/16384
mean(sgnprob[1:i - 1]) = 0.27620587442737804
3840/16384
mean(sgnprob[1:i - 1]) = 0.2826256837718156
3968/16384
mean(sgnprob[1:i - 1]) = 0.2876228888328712
4096/16384
mean(sgnprob[1:i - 1]) = 0.29474969474969476
4224/16384
mean(sgnprob[1:i - 1]) = 0.30239166469334594
4352/16384
mean(sgnprob[1:i - 1]) = 0.3109629970121811
4480/16384
mean(sgnprob[1:i - 1]) = 0.31591873185979014
4608/16384
mean(sgnprob[1:i - 1]) = 0.3184284784024311
4736/16384
mean(sgnprob[1:i - 1]) = 0.324181626187962
4864/16384
mean(sgnprob[1:i - 1]) = 0.332922064569196
4992/16384
mean(sgnprob[1:i - 1]) = 0.33560408735724306
5120/16384
mean(sgnprob[1:i - 1]) = 0.34010548935338936
5248/16384
mean(sgnprob[1:i - 1]) = 0.3443872689155708
5376/16384
mean(sgnprob[1:i - 1]) = 0.32390697674418606
5504/16384
mean(sgnprob[1:i - 1]) = 0.3305469743776122
5632/16384
mean(sgnprob[1:i - 1]) = 0.3347540401349671
5760/16384
mean(sgnprob[1:i - 1]) = 0.3366903976384789
5888/16384
mean(sgnprob[1:i - 1]) = 0.31985731272294887
6016/16384
mean(sgnprob[1:i - 1]) = 0.3226932668329177
6144/16384
mean(sgnprob[1:i - 1]) = 0.3257366107764936
6272/16384
mean(sgnprob[1:i - 1]) = 0.3066496571519694
6400/16384
mean(sgnprob[1:i - 1]) = 0.3139553055164869
6528/16384
mean(sgnprob[1:i - 1]) = 0.3176037996016547
6656/16384
mean(sgnprob[1:i - 1]) = 0.3196093163035312
6784/16384
mean(sgnprob[1:i - 1]) = 0.30414270971546514
6912/16384
mean(sgnprob[1:i - 1]) = 0.3100853711474461
7040/16384
mean(sgnprob[1:i - 1]) = 0.315243642562864
7168/16384
mean(sgnprob[1:i - 1]) = 0.31770615320217666
7296/16384
mean(sgnprob[1:i - 1]) = 0.3217272104180946
7424/16384
mean(sgnprob[1:i - 1]) = 0.32372356190219587
7552/16384
mean(sgnprob[1:i - 1]) = 0.32750629055754205
7680/16384
mean(sgnprob[1:i - 1]) = 0.3316838129964839
7808/16384
mean(sgnprob[1:i - 1]) = 0.31804790572563085
7936/16384
mean(sgnprob[1:i - 1]) = 0.3197227473219912
8064/16384
mean(sgnprob[1:i - 1]) = 0.32233659928066477
8192/16384
mean(sgnprob[1:i - 1]) = 0.3082651690880234
8320/16384
mean(sgnprob[1:i - 1]) = 0.29606923909123695
8448/16384
mean(sgnprob[1:i - 1]) = 0.28353261512963185
8576/16384
mean(sgnprob[1:i - 1]) = 0.28723032069970844
8704/16384
mean(sgnprob[1:i - 1]) = 0.2899000344708721
8832/16384
mean(sgnprob[1:i - 1]) = 0.2943041558147435
8960/16384
mean(sgnprob[1:i - 1]) = 0.2983591918740931
9088/16384
mean(sgnprob[1:i - 1]) = 0.30185979971387694
9216/16384
mean(sgnprob[1:i - 1]) = 0.30417797069994573
9344/16384
mean(sgnprob[1:i - 1]) = 0.3062185593492454
9472/16384
mean(sgnprob[1:i - 1]) = 0.29490022172949004
9600/16384
mean(sgnprob[1:i - 1]) = 0.28325867277841443
9728/16384
mean(sgnprob[1:i - 1]) = 0.2840546931222371
9856/16384
mean(sgnprob[1:i - 1]) = 0.2732623033992897
9984/16384
mean(sgnprob[1:i - 1]) = 0.2739657417609937
10112/16384
mean(sgnprob[1:i - 1]) = 0.26317871624962913
10240/16384
mean(sgnprob[1:i - 1]) = 0.26750659244066805
10368/16384
mean(sgnprob[1:i - 1]) = 0.2723063567087875
10496/16384
mean(sgnprob[1:i - 1]) = 0.27546450690805147
10624/16384
mean(sgnprob[1:i - 1]) = 0.26819165960651414
10752/16384
mean(sgnprob[1:i - 1]) = 0.2592316993768022
10880/16384
mean(sgnprob[1:i - 1]) = 0.26224836841621474
11008/16384
mean(sgnprob[1:i - 1]) = 0.2653765785409285
11136/16384
mean(sgnprob[1:i - 1]) = 0.26717557251908397
11264/16384
mean(sgnprob[1:i - 1]) = 0.2692888218059132
11392/16384
mean(sgnprob[1:i - 1]) = 0.27275919585637787
11520/16384
mean(sgnprob[1:i - 1]) = 0.26278322771073875
11648/16384
mean(sgnprob[1:i - 1]) = 0.26435992100970207
11776/16384
mean(sgnprob[1:i - 1]) = 0.25554140127388536
11904/16384
mean(sgnprob[1:i - 1]) = 0.25682601024951696
12032/16384
mean(sgnprob[1:i - 1]) = 0.26007813149364145
12160/16384
mean(sgnprob[1:i - 1]) = 0.2632617813964964
12288/16384
mean(sgnprob[1:i - 1]) = 0.25465939610970945
12416/16384
mean(sgnprob[1:i - 1]) = 0.24720096657269433
12544/16384
mean(sgnprob[1:i - 1]) = 0.24946185123176273
12672/16384
mean(sgnprob[1:i - 1]) = 0.25199273932602007
12800/16384
mean(sgnprob[1:i - 1]) = 0.24415969997656067
12928/16384
mean(sgnprob[1:i - 1]) = 0.23694592712926432
13056/16384
mean(sgnprob[1:i - 1]) = 0.22956721562619686
13184/16384
mean(sgnprob[1:i - 1]) = 0.23158613365698247
13312/16384
mean(sgnprob[1:i - 1]) = 0.23296521673803622
13440/16384
mean(sgnprob[1:i - 1]) = 0.2273234615670809
13568/16384
mean(sgnprob[1:i - 1]) = 0.2213459128768335
13696/16384
mean(sgnprob[1:i - 1]) = 0.22424242424242424
13824/16384
mean(sgnprob[1:i - 1]) = 0.22722997902047312
13952/16384
mean(sgnprob[1:i - 1]) = 0.23044943014837646
14080/16384
mean(sgnprob[1:i - 1]) = 0.23332623055614746
14208/16384
mean(sgnprob[1:i - 1]) = 0.23685507144365453
14336/16384
mean(sgnprob[1:i - 1]) = 0.23934426229508196
14464/16384
mean(sgnprob[1:i - 1]) = 0.24082140634723087
14592/16384
mean(sgnprob[1:i - 1]) = 0.24405455417723254
14720/16384
mean(sgnprob[1:i - 1]) = 0.23853522657789253
14848/16384
mean(sgnprob[1:i - 1]) = 0.24051997036438338
14976/16384
mean(sgnprob[1:i - 1]) = 0.24273789649415692
15104/16384
mean(sgnprob[1:i - 1]) = 0.24571277229689464
15232/16384
mean(sgnprob[1:i - 1]) = 0.24863764690433984
15360/16384
mean(sgnprob[1:i - 1]) = 0.2427892440914122
15488/16384
mean(sgnprob[1:i - 1]) = 0.24478594950603733
15616/16384
mean(sgnprob[1:i - 1]) = 0.24687800192122958
15744/16384
mean(sgnprob[1:i - 1]) = 0.24118655910563425
15872/16384
mean(sgnprob[1:i - 1]) = 0.2436519437968622
16000/16384
mean(sgnprob[1:i - 1]) = 0.2457028564285268
16128/16384
mean(sgnprob[1:i - 1]) = 0.2479692441247597
16256/16384
mean(sgnprob[1:i - 1]) = 0.2419563211319594
16384/16384
mean(sgnprob[1:i - 1]) = 0.24458279924311788
800.248418 seconds (167.11 M allocations: 70.745 GiB, 1.80% gc time, 1.27% compilation time)
