ERROR: LoadError: ArgumentError: matrix contains Infs or NaNs
Stacktrace:
  [1] chkfinite
    @ /oscar/rt/9.2/software/external/julia/1.11.1/share/julia/stdlib/v1.11/LinearAlgebra/src/lapack.jl:105 [inlined]
  [2] geevx!(balanc::Char, jobvl::Char, jobvr::Char, sense::Char, A::Matrix{ComplexF64})
    @ LinearAlgebra.LAPACK /oscar/rt/9.2/software/external/julia/1.11.1/share/julia/stdlib/v1.11/LinearAlgebra/src/lapack.jl:2354
  [3] eigvals!(A::Matrix{ComplexF64}; permute::Bool, scale::Bool, sortby::typeof(LinearAlgebra.eigsortby))
    @ LinearAlgebra /oscar/rt/9.2/software/external/julia/1.11.1/share/julia/stdlib/v1.11/LinearAlgebra/src/eigen.jl:315
  [4] eigvals!
    @ /oscar/rt/9.2/software/external/julia/1.11.1/share/julia/stdlib/v1.11/LinearAlgebra/src/eigen.jl:313 [inlined]
  [5] eigvals(A::Matrix{ComplexF64}; kws::@Kwargs{})
    @ LinearAlgebra /oscar/rt/9.2/software/external/julia/1.11.1/share/julia/stdlib/v1.11/LinearAlgebra/src/eigen.jl:343
  [6] eigvals
    @ /oscar/rt/9.2/software/external/julia/1.11.1/share/julia/stdlib/v1.11/LinearAlgebra/src/eigen.jl:343 [inlined]
  [7] Pn2_estimator(replica::Replica{HubbardWalker{ComplexF64, Matrix{Float64}, LDR{ComplexF64, Float64}, Float64, Matrix{ComplexF64}}, ComplexF64, Float64}; spin::Int64, L::Int64, tmpPn::Matrix{ComplexF64})
    @ Main.SwapQMC /oscar/home/trazzaz/AFQMC/src/measurements.jl:182
  [8] Pn2_estimator
    @ /oscar/home/trazzaz/AFQMC/src/measurements.jl:162 [inlined]
  [9] measure_Pn2!(sampler::EtgSampler{ComplexF64, Float64}, replica::Replica{HubbardWalker{ComplexF64, Matrix{Float64}, LDR{ComplexF64, Float64}, Float64, Matrix{ComplexF64}}, ComplexF64, Float64}; Np::Int64, forwardMeasurement::Bool, forceSymmetry::Bool)
    @ Main.SwapQMC /oscar/home/trazzaz/AFQMC/src/measurements.jl:55
 [10] run_regular_sampling_gs(extsys::ExtendedSystem{GenericHubbard{ComplexF64, Matrix{Float64}}}, qmc::QMC, φ₀::Vector{Matrix{Float64}}, path::String, filename_pq::String, filename_sgn::String, swap_period::Int64)
    @ Main /oscar/home/trazzaz/AFQMC/qmc_pq2.jl:68
 [11] macro expansion
    @ ./timing.jl:581 [inlined]
 [12] top-level scope
    @ /oscar/home/trazzaz/AFQMC/job_pq2.jl:315
in expression starting at /oscar/home/trazzaz/AFQMC/job_pq2.jl:56

real	0m31.413s
user	0m30.775s
sys	0m0.657s
