## SLURM PROLOG ###############################################################
##    Job ID : 5341845
##  Job Name : pq2_N2_U6
##  Nodelist : node1712
##      CPUs : 8
##  Mem/Node : 2048 MB
## Directory : /oscar/home/trazzaz/AFQMC
##   Job Started : Wed Oct 23 11:32:41 AM EDT 2024
###############################################################################
U = 6.0
seed = 1234
Warming up
128/512
256/512
384/512
512/512
Measuring
128/1024
256/1024
384/1024
512/1024
640/1024
768/1024
896/1024
1024/1024
 21.108794 seconds (14.31 M allocations: 13.197 GiB, 5.60% gc time, 49.50% compilation time)
