## SLURM PROLOG ###############################################################
##    Job ID : 5341833
##  Job Name : pq2_N2_U-6
##  Nodelist : node1755
##      CPUs : 8
##  Mem/Node : 2048 MB
## Directory : /oscar/home/trazzaz/AFQMC
##   Job Started : Wed Oct 23 11:30:36 AM EDT 2024
###############################################################################
U = -6.0
seed = 1234
Warming up
128/512
256/512
384/512
512/512
Measuring
128/1024
256/1024
384/1024
512/1024
640/1024
768/1024
896/1024
1024/1024
 21.473200 seconds (14.30 M allocations: 13.197 GiB, 5.09% gc time, 49.78% compilation time)
