ERROR: LoadError: ArgumentError: Package Reexport not found in current path.
- Run `import Pkg; Pkg.add("Reexport")` to install the Reexport package.
Stacktrace:
  [1] macro expansion
    @ ./loading.jl:2223 [inlined]
  [2] macro expansion
    @ ./lock.jl:273 [inlined]
  [3] __require(into::Module, mod::Symbol)
    @ Base ./loading.jl:2198
  [4] #invoke_in_world#3
    @ ./essentials.jl:1089 [inlined]
  [5] invoke_in_world
    @ ./essentials.jl:1086 [inlined]
  [6] require(into::Module, mod::Symbol)
    @ Base ./loading.jl:2191
  [7] include(fname::String)
    @ Main ./sysimg.jl:38
  [8] top-level scope
    @ /oscar/home/trazzaz/AFQMC/qmc_pq2.jl:2
  [9] include(fname::String)
    @ Main ./sysimg.jl:38
 [10] top-level scope
    @ /oscar/home/trazzaz/AFQMC/job_pq2.jl:1
in expression starting at /oscar/home/trazzaz/AFQMC/src/SwapQMC.jl:1
in expression starting at /oscar/home/trazzaz/AFQMC/qmc_pq2.jl:2
in expression starting at /oscar/home/trazzaz/AFQMC/job_pq2.jl:1

real	0m9.782s
user	0m3.757s
sys	0m0.341s
