## SLURM PROLOG ###############################################################
##    Job ID : 5341838
##  Job Name : pq2_N2_U-1
##  Nodelist : node1712
##      CPUs : 8
##  Mem/Node : 2048 MB
## Directory : /oscar/home/trazzaz/AFQMC
##   Job Started : Wed Oct 23 11:31:44 AM EDT 2024
###############################################################################
U = -1.0
seed = 1234
Warming up
128/512
256/512
384/512
512/512
Measuring
128/1024
256/1024
384/1024
512/1024
640/1024
768/1024
896/1024
1024/1024
 22.645163 seconds (14.30 M allocations: 13.197 GiB, 4.99% gc time, 49.09% compilation time)
