## SLURM PROLOG ###############################################################
##    Job ID : 5341846
##  Job Name : pq2_N2_U7
##  Nodelist : node1716
##      CPUs : 8
##  Mem/Node : 2048 MB
## Directory : /oscar/home/trazzaz/AFQMC
##   Job Started : Wed Oct 23 11:32:41 AM EDT 2024
###############################################################################
U = 7.0
seed = 1234
Warming up
128/512
256/512
384/512
512/512
Measuring
128/1024
256/1024
384/1024
512/1024
640/1024
768/1024
896/1024
1024/1024
 22.736745 seconds (14.31 M allocations: 13.197 GiB, 5.83% gc time, 52.03% compilation time)
