## SLURM PROLOG ###############################################################
##    Job ID : 5341831
##  Job Name : pq2_N2_U-8
##  Nodelist : node1704
##      CPUs : 8
##  Mem/Node : 2048 MB
## Directory : /oscar/home/trazzaz/AFQMC
##   Job Started : Wed Oct 23 11:30:23 AM EDT 2024
###############################################################################
U = -8.0
seed = 1234
Warming up
128/512
256/512
384/512
512/512
Measuring
128/1024
256/1024
384/1024
512/1024
640/1024
768/1024
896/1024
1024/1024
 21.132108 seconds (14.30 M allocations: 13.197 GiB, 4.26% gc time, 48.73% compilation time)
